19:30:43.120 [main                     ] DEBUG Logger               - Configured Logger
19:30:43.151 [main                     ] DEBUG GameApplication      - Logging settings
Title: Untitled
Version: 0.0
Width: 1280
Height: 720
Fullscreen: false
Intro: false
Profiling: false
Single step:false
App Mode: DEVELOPER
Menu Key: ESCAPE
Stage Style: DECORATED
Scene Factory: class com.almasb.fxgl.app.scene.SceneFactory

19:30:43.562 [JavaFX Application Thread] DEBUG FXGLApplication      - Initializing FXGL
19:30:43.568 [JavaFX Application Thread] INFO  Engine               - FXGL-17.2 (20.08.2022 16.50) on WINDOWS (J:21.0.4 FX:17.0.12)
19:30:43.568 [JavaFX Application Thread] DEBUG Engine               - JRE Vendor Name: Eclipse Adoptium
19:30:43.569 [JavaFX Application Thread] DEBUG Engine               - Running on OS: Windows 11 version 10.0
19:30:43.569 [JavaFX Application Thread] DEBUG Engine               - Architecture: amd64
19:30:43.569 [JavaFX Application Thread] INFO  Engine               - Source code and latest versions at: https://github.com/AlmasB/FXGL
19:30:43.570 [JavaFX Application Thread] INFO  Engine               -       Ask questions and discuss at: https://github.com/AlmasB/FXGL/discussions
19:30:43.570 [JavaFX Application Thread] INFO  Engine               -              Join the FXGL chat at: https://gitter.im/AlmasB/FXGL
19:30:43.677 [JavaFX Application Thread] DEBUG PrimaryStageWindow   - Creating a JavaFX scene
19:30:43.728 [JavaFX Application Thread] DEBUG PrimaryStageWindow   - Target settings size: 1280.0 x 720.0
19:30:43.729 [JavaFX Application Thread] DEBUG PrimaryStageWindow   - Scaled scene size:    1280.0 x 720.0
19:30:43.729 [JavaFX Application Thread] DEBUG PrimaryStageWindow   - Scaled ratio: (1.0, 1.0)
19:30:43.730 [JavaFX Application Thread] DEBUG PrimaryStageWindow   - Set initial scene to FXGLStartupScene
19:30:43.739 [JavaFX Application Thread] DEBUG PrimaryStageWindow   - Opening main window
19:30:43.830 [JavaFX Application Thread] DEBUG PrimaryStageWindow   - Window border size: (16.0, 39.0)
19:30:43.831 [JavaFX Application Thread] DEBUG PrimaryStageWindow   - Scaled size: 1280.0 x 720.0
19:30:43.831 [JavaFX Application Thread] DEBUG PrimaryStageWindow   - Scaled ratio: (1.0, 1.0)
19:30:43.832 [JavaFX Application Thread] DEBUG PrimaryStageWindow   - Scene size: 1280.0 x 720.0
19:30:43.832 [JavaFX Application Thread] DEBUG PrimaryStageWindow   - Stage size: 1296.0 x 759.0
19:30:43.842 [FXGL Background Thread 1 ] DEBUG Engine               - Initializing environment variables
19:30:43.914 [FXGL Background Thread 1 ] DEBUG FXGLAssetLoaderServi - User app class for loading assets: class com.sunsofgod.PlatformerApp
19:30:43.914 [FXGL Background Thread 1 ] DEBUG GameApplicationServi - Applying CSS: fxgl_dark.css
19:30:43.915 [FXGL Background Thread 1 ] DEBUG FXGLAssetLoaderServi - Loading from file system: jar:file:///C:/Users/gclm4/.m2/repository/com/github/almasb/fxgl/17.2/fxgl-17.2.jar!/fxglassets/ui/css/fxgl_dark.css
19:30:43.988 [FXGL Background Thread 1 ] DEBUG GameApplicationServi - Initializing application scenes
19:30:44.034 [FXGL Background Thread 1 ] DEBUG GameWorld            - Game world initialized
19:30:44.119 [FXGL Background Thread 1 ] DEBUG PhysicsWorld         - Physics world initialized: appHeight=720, physics.ppm=50.0
19:30:44.119 [FXGL Background Thread 1 ] DEBUG PhysicsWorld         - Using strategy: BRUTE_FORCE
19:30:44.124 [FXGL Background Thread 1 ] DEBUG GameScene            - Game scene initialized: 1280x720
19:30:44.138 [FXGL Background Thread 1 ] DEBUG FXGL.DefaultMenu     - createMenuBodyMainMenu()
19:30:44.152 [FXGL Background Thread 1 ] DEBUG FXGL.DefaultMenu     - createOptionsMenu()
19:30:44.163 [FXGL Background Thread 1 ] DEBUG FXGLAssetLoaderServi - Loading from file system: jar:file:///C:/Users/gclm4/.m2/repository/com/github/almasb/fxgl/17.2/fxgl-17.2.jar!/fxglassets/textures/particles/smoke.png
19:30:44.283 [FXGL Background Thread 1 ] DEBUG FXGLAssetLoaderServi - Loading from file system: jar:file:///C:/Users/gclm4/.m2/repository/com/github/almasb/fxgl/17.2/fxgl-17.2.jar!/fxglassets/textures/particles/trace_horizontal.png
19:30:44.321 [FXGL Background Thread 1 ] DEBUG FXGL.DefaultMenu     - createMenuBodyGameMenu()
19:30:44.322 [FXGL Background Thread 1 ] DEBUG FXGL.DefaultMenu     - createOptionsMenu()
19:30:44.339 [FXGL Background Thread 1 ] DEBUG GameApplicationServi - Application scenes initialized
19:30:44.356 [FXGL Background Thread 1 ] DEBUG SystemBundleService  - Loading FXGL system data
19:30:44.361 [FXGL Background Thread 1 ] DEBUG FileSystemAccess     - Reading from: C:\Users\gclm4\OneDrive\Desktop\JavaFXGame\system\fxgl.bundle
19:30:44.375 [FXGL Background Thread 1 ] DEBUG SystemBundleService  - Bundle FXGL: {}
19:30:44.375 [FXGL Background Thread 1 ] DEBUG UpdaterService       - Checking for updates
19:30:44.380 [FXGL Background Thread 4 ] DEBUG FXGLApplication      - Loading fonts
19:30:44.381 [FXGL Background Thread 1 ] DEBUG FXGLApplication      - Loading default localization
19:30:44.381 [FXGL Background Thread 4 ] DEBUG FXGLAssetLoaderServi - Loading from file system: jar:file:///C:/Users/gclm4/.m2/repository/com/github/almasb/fxgl/17.2/fxgl-17.2.jar!/fxglassets/ui/fonts/VarelaRound-Regular.ttf
19:30:44.382 [FXGL Background Thread 1 ] DEBUG FXGLAssetLoaderServi - Loading from file system: jar:file:///C:/Users/gclm4/.m2/repository/com/github/almasb/fxgl/17.2/fxgl-17.2.jar!/fxglassets/languages/english.lang
19:30:44.409 [FXGL Background Thread 1 ] INFO  FXGLApplication      - FXGL initialization took: 0.566 sec
19:30:44.412 [JavaFX Application Thread] DEBUG FXGLAssetLoaderServi - Loading from file system: jar:file:///C:/Users/gclm4/.m2/repository/com/github/almasb/fxgl/17.2/fxgl-17.2.jar!/fxglassets/textures/fxgl_icon.png
19:30:44.436 [FXGL Background Thread 4 ] DEBUG FXGLAssetLoaderServi - Loading from file system: jar:file:///C:/Users/gclm4/.m2/repository/com/github/almasb/fxgl/17.2/fxgl-17.2.jar!/fxglassets/ui/fonts/Abel-Regular.ttf
19:30:44.443 [FXGL Background Thread 4 ] DEBUG FXGLAssetLoaderServi - Loading from file system: jar:file:///C:/Users/gclm4/.m2/repository/com/github/almasb/fxgl/17.2/fxgl-17.2.jar!/fxglassets/ui/fonts/TerminalLandMono-Regular.otf
19:30:44.450 [FXGL Background Thread 4 ] DEBUG FXGLAssetLoaderServi - Loading from file system: jar:file:///C:/Users/gclm4/.m2/repository/com/github/almasb/fxgl/17.2/fxgl-17.2.jar!/fxglassets/ui/fonts/Courier-Prime.ttf
19:30:44.451 [JavaFX Application Thread] DEBUG FXGLAssetLoaderServi - Loading from file system: jar:file:///C:/Users/gclm4/.m2/repository/com/github/almasb/fxgl/17.2/fxgl-17.2.jar!/fxglassets/textures/fxgl_default_cursor.png
19:30:44.470 [JavaFX Application Thread] DEBUG Input                - Registered new binding: Screenshot - CTRL+8
19:30:44.470 [JavaFX Application Thread] DEBUG Input                - Registered new binding: System info dump - CTRL+9
19:30:44.471 [JavaFX Application Thread] DEBUG Input                - Registered new binding: Restart - CTRL+R
19:30:44.471 [JavaFX Application Thread] DEBUG Input                - Registered new binding: Toggle Debug Camera - CTRL+7
19:30:44.475 [JavaFX Application Thread] DEBUG LoopRunner           - Starting loop
19:30:44.475 [JavaFX Application Thread] DEBUG LoopRunner           - Initializing JavaFX AnimationTimerLoop
19:30:44.481 [JavaFX Application Thread] DEBUG Input                - Clearing active input actions
19:30:44.491 [JavaFX Application Thread] DEBUG GameApplicationServi - Removing overlay from FXGLStartupScene and adding to FXGLMainMenuDummyScene
19:30:44.492 [JavaFX Application Thread] DEBUG PrimaryStageWindow   - FXGLStartupScene -> FXGLMainMenuDummyScene
19:30:44.492 [JavaFX Application Thread] DEBUG PrimaryStageWindow   - Push state: FXGLDefaultMenu
19:30:44.498 [JavaFX Application Thread] DEBUG Input                - Clearing active input actions
19:30:44.509 [JavaFX Application Thread] DEBUG GameApplicationServi - Removing overlay from FXGLMainMenuDummyScene and adding to FXGLDefaultMenu
19:30:44.510 [JavaFX Application Thread] DEBUG PrimaryStageWindow   - FXGLMainMenuDummyScene -> FXGLDefaultMenu
19:30:44.518 [JavaFX Application Thread] DEBUG FXGLApplication      - Registering font factories with UI factory
19:30:45.672 [FXGL Background Thread 2 ] INFO  UpdaterService       - Your current version:  17.2
19:30:45.673 [FXGL Background Thread 2 ] INFO  UpdaterService       - Latest stable version: 21.1
19:30:45.909 [JavaFX Application Thread] DEBUG Menu                 - fireNewGame()
19:30:45.909 [JavaFX Application Thread] DEBUG GameApplicationServi - Starting new game
19:30:45.912 [JavaFX Application Thread] DEBUG PrimaryStageWindow   - Pop state: FXGLDefaultMenu
19:30:45.912 [JavaFX Application Thread] DEBUG Input                - Clearing active input actions
19:30:45.913 [JavaFX Application Thread] DEBUG GameApplicationServi - Removing overlay from FXGLDefaultMenu and adding to FXGLMainMenuDummyScene
19:30:45.914 [JavaFX Application Thread] DEBUG PrimaryStageWindow   - FXGLMainMenuDummyScene <- FXGLDefaultMenu
19:30:45.914 [JavaFX Application Thread] DEBUG Input                - Clearing active input actions
19:30:45.930 [JavaFX Application Thread] DEBUG GameApplicationServi - Removing overlay from FXGLMainMenuDummyScene and adding to FXGLLoadingScene
19:30:45.931 [JavaFX Application Thread] DEBUG PrimaryStageWindow   - FXGLMainMenuDummyScene -> FXGLLoadingScene
19:30:45.931 [JavaFX Application Thread] DEBUG GameApplicationServi - Clearing previous game
19:30:45.931 [JavaFX Application Thread] DEBUG GameScene            - Clearing game scene
19:30:45.931 [JavaFX Application Thread] DEBUG GameWorld            - Clearing game world
19:30:45.931 [JavaFX Application Thread] DEBUG PhysicsWorld         - Clearing physics world
19:30:45.934 [FXGL Background Thread 2 ] DEBUG FXGLApplication      - Initializing game
19:30:45.988 [FXGL Background Thread 2 ] WARN  TMXLevelLoader       - TiledMap generated from 1.11.0. Supported version: 1.9.0. Some features may not be parsed fully.
19:30:46.000 [FXGL Background Thread 2 ] DEBUG TMXLevelLoader       - Parsed TiledMap: file:/C:/Users/gclm4/OneDrive/Desktop/JavaFXGame/target/classes/assets/levels/tmx/level1.tmx
19:30:46.002 [FXGL Background Thread 2 ] DEBUG TMXLevelLoader       - Creating tile layer entities
19:30:46.005 [FXGL Background Thread 2 ] DEBUG TilesetLoader        - Loading view for layer Tile Layer 1
19:30:46.007 [FXGL Background Thread 2 ] DEBUG TilesetLoader        - Created buffer with size 1050.0x700.0
19:30:46.038 [FXGL Background Thread 2 ] DEBUG TMXLevelLoader       - Creating object layer entities
19:30:46.071 [FXGL Background Thread 2 ] DEBUG GameWorld            - Clearing removable entities
19:30:46.071 [FXGL Background Thread 2 ] DEBUG GameWorld            - Setting level: com.almasb.fxgl.entity.level.Level@570dc47b
19:30:46.081 [FXGL Background Thread 2 ] DEBUG FXGLAssetLoaderServi - Loading from file system: file:/C:/Users/gclm4/OneDrive/Desktop/JavaFXGame/target/classes/assets/textures/player.png
19:30:46.114 [FXGL Background Thread 2 ] DEBUG Input                - Registered new binding: Jump0 - W
19:30:46.115 [FXGL Background Thread 2 ] DEBUG Input                - Registered new binding: Left0 - A
19:30:46.115 [FXGL Background Thread 2 ] DEBUG Input                - Registered new binding: Right0 - D
19:30:46.115 [FXGL Background Thread 2 ] DEBUG Input                - Registered new binding: Use0 - E
19:30:46.115 [FXGL Background Thread 2 ] DEBUG Input                - Registered new binding: Jump1 - Up
19:30:46.115 [FXGL Background Thread 2 ] DEBUG Input                - Registered new binding: Left1 - Left
19:30:46.115 [FXGL Background Thread 2 ] DEBUG Input                - Registered new binding: Right1 - Right
19:30:46.115 [FXGL Background Thread 2 ] DEBUG Input                - Registered new binding: Use1 - Slash
19:30:46.117 [FXGL Background Thread 2 ] DEBUG FXGLAssetLoaderServi - Loading from file system: file:/C:/Users/gclm4/OneDrive/Desktop/JavaFXGame/target/classes/assets/textures/background/manila.png
19:30:46.135 [FXGL Background Thread 2 ] INFO  FXGLApplication      - Game initialization took: 0.201 sec
19:30:46.136 [JavaFX Application Thread] DEBUG Input                - Clearing active input actions
19:30:46.149 [JavaFX Application Thread] DEBUG GameApplicationServi - Removing overlay from FXGLLoadingScene and adding to GameScene
19:30:46.149 [JavaFX Application Thread] DEBUG PrimaryStageWindow   - FXGLLoadingScene -> GameScene
19:30:47.380 [FXGL Background Thread 3 ] DEBUG Engine               - Logging environment variables
19:30:47.381 [FXGL Background Thread 3 ] DEBUG Engine               - achievements: []
19:30:47.382 [FXGL Background Thread 3 ] DEBUG Engine               - actualHeight: 720.0
19:30:47.382 [FXGL Background Thread 3 ] DEBUG Engine               - actualHeightProperty: ReadOnlyDoubleProperty [value: 720.0]
19:30:47.382 [FXGL Background Thread 3 ] DEBUG Engine               - actualWidth: 1280.0
19:30:47.382 [FXGL Background Thread 3 ] DEBUG Engine               - actualWidthProperty: ReadOnlyDoubleProperty [value: 1280.0]
19:30:47.383 [FXGL Background Thread 3 ] DEBUG Engine               - appIcon: fxgl_icon.png
19:30:47.383 [FXGL Background Thread 3 ] DEBUG Engine               - applicationMode: DEVELOPER
19:30:47.383 [FXGL Background Thread 3 ] DEBUG Engine               - cSSList: [fxgl_dark.css]
19:30:47.383 [FXGL Background Thread 3 ] DEBUG Engine               - collisionDetectionStrategy: BRUTE_FORCE
19:30:47.383 [FXGL Background Thread 3 ] DEBUG Engine               - configClass: Optional.empty
19:30:47.384 [FXGL Background Thread 3 ] DEBUG Engine               - credits: []
19:30:47.384 [FXGL Background Thread 3 ] DEBUG Engine               - defaultCursor: CursorInfo(imageName=fxgl_default_cursor.png, hotspotX=7.0, hotspotY=6.0)
19:30:47.385 [FXGL Background Thread 3 ] DEBUG Engine               - devBBoxColorProperty: ObjectProperty [value: 0xff0000ff]
19:30:47.385 [FXGL Background Thread 3 ] DEBUG Engine               - devEnableDebugCameraProperty: BooleanProperty [value: false]
19:30:47.385 [FXGL Background Thread 3 ] DEBUG Engine               - devSensorColorProperty: ObjectProperty [value: 0xffff00ff]
19:30:47.385 [FXGL Background Thread 3 ] DEBUG Engine               - devShowBBoxProperty: BooleanProperty [value: false]
19:30:47.386 [FXGL Background Thread 3 ] DEBUG Engine               - devShowPositionProperty: BooleanProperty [value: false]
19:30:47.386 [FXGL Background Thread 3 ] DEBUG Engine               - enabledMenuItems: []
19:30:47.386 [FXGL Background Thread 3 ] DEBUG Engine               - engineServices: [class com.almasb.fxgl.app.services.FXGLAssetLoaderService, class com.almasb.fxgl.app.FXGLApplication$GameApplicationService, class com.almasb.fxgl.app.services.FXGLDialogService, class com.almasb.fxgl.app.services.IOTaskExecutorService, class com.almasb.fxgl.io.FileSystemService, class com.almasb.fxgl.localization.LocalizationService, class com.almasb.fxgl.app.services.SystemBundleService, class com.almasb.fxgl.profile.SaveLoadService, class com.almasb.fxgl.ui.FXGLUIFactoryServiceProvider, class com.almasb.fxgl.ui.FXGLDialogFactoryServiceProvider, class com.almasb.fxgl.audio.AudioPlayer, class com.almasb.fxgl.notification.impl.NotificationServiceProvider, class com.almasb.fxgl.achievement.AchievementService, class com.almasb.fxgl.cutscene.CutsceneService, class com.almasb.fxgl.minigames.MiniGameService, class com.almasb.fxgl.net.NetService, class com.almasb.fxgl.app.services.UpdaterService, class com.almasb.fxgl.dev.DevService]
19:30:47.386 [FXGL Background Thread 3 ] DEBUG Engine               - fontGame: Abel-Regular.ttf
19:30:47.387 [FXGL Background Thread 3 ] DEBUG Engine               - fontMono: TerminalLandMono-Regular.otf
19:30:47.387 [FXGL Background Thread 3 ] DEBUG Engine               - fontText: Courier-Prime.ttf
19:30:47.387 [FXGL Background Thread 3 ] DEBUG Engine               - fontUI: VarelaRound-Regular.ttf
19:30:47.387 [FXGL Background Thread 3 ] DEBUG Engine               - fullScreen: BooleanProperty [value: false]
19:30:47.388 [FXGL Background Thread 3 ] DEBUG Engine               - gameDifficulty: MEDIUM
19:30:47.388 [FXGL Background Thread 3 ] DEBUG Engine               - gameDifficultyProperty: ObjectProperty [value: MEDIUM]
19:30:47.388 [FXGL Background Thread 3 ] DEBUG Engine               - globalMusicVolume: 0.5
19:30:47.389 [FXGL Background Thread 3 ] DEBUG Engine               - globalMusicVolumeProperty: DoubleProperty [value: 0.25]
19:30:47.389 [FXGL Background Thread 3 ] DEBUG Engine               - globalSoundVolume: 0.5
19:30:47.389 [FXGL Background Thread 3 ] DEBUG Engine               - globalSoundVolumeProperty: DoubleProperty [value: 0.5]
19:30:47.389 [FXGL Background Thread 3 ] DEBUG Engine               - height: 720
19:30:47.390 [FXGL Background Thread 3 ] DEBUG Engine               - is3D: false
19:30:47.390 [FXGL Background Thread 3 ] DEBUG Engine               - isAndroid: false
19:30:47.390 [FXGL Background Thread 3 ] DEBUG Engine               - isBrowser: false
19:30:47.390 [FXGL Background Thread 3 ] DEBUG Engine               - isClickFeedbackEnabled: false
19:30:47.391 [FXGL Background Thread 3 ] DEBUG Engine               - isCloseConfirmation: false
19:30:47.391 [FXGL Background Thread 3 ] DEBUG Engine               - isDesktop: true
19:30:47.391 [FXGL Background Thread 3 ] DEBUG Engine               - isDeveloperMenuEnabled: false
19:30:47.392 [FXGL Background Thread 3 ] DEBUG Engine               - isEmbedded: false
19:30:47.392 [FXGL Background Thread 3 ] DEBUG Engine               - isEntityPreloadEnabled: true
19:30:47.392 [FXGL Background Thread 3 ] DEBUG Engine               - isExperimentalTiledLargeMap: false
19:30:47.392 [FXGL Background Thread 3 ] DEBUG Engine               - isFileSystemWriteAllowed: true
19:30:47.392 [FXGL Background Thread 3 ] DEBUG Engine               - isFullScreenAllowed: false
19:30:47.393 [FXGL Background Thread 3 ] DEBUG Engine               - isFullScreenFromStart: false
19:30:47.393 [FXGL Background Thread 3 ] DEBUG Engine               - isGameMenuEnabled: true
19:30:47.393 [FXGL Background Thread 3 ] DEBUG Engine               - isIOS: false
19:30:47.393 [FXGL Background Thread 3 ] DEBUG Engine               - isIntroEnabled: false
19:30:47.394 [FXGL Background Thread 3 ] DEBUG Engine               - isLinux: false
19:30:47.394 [FXGL Background Thread 3 ] DEBUG Engine               - isMac: false
19:30:47.394 [FXGL Background Thread 3 ] DEBUG Engine               - isMainMenuEnabled: true
19:30:47.394 [FXGL Background Thread 3 ] DEBUG Engine               - isManualResizeEnabled: false
19:30:47.395 [FXGL Background Thread 3 ] DEBUG Engine               - isMobile: false
19:30:47.395 [FXGL Background Thread 3 ] DEBUG Engine               - isNative: false
19:30:47.395 [FXGL Background Thread 3 ] DEBUG Engine               - isPauseMusicWhenMinimized: true
19:30:47.395 [FXGL Background Thread 3 ] DEBUG Engine               - isPreserveResizeRatio: false
19:30:47.395 [FXGL Background Thread 3 ] DEBUG Engine               - isProfilingEnabled: false
19:30:47.396 [FXGL Background Thread 3 ] DEBUG Engine               - isScaleAffectedOnResize: true
19:30:47.396 [FXGL Background Thread 3 ] DEBUG Engine               - isSingleStep: false
19:30:47.396 [FXGL Background Thread 3 ] DEBUG Engine               - isUserProfileEnabled: false
19:30:47.396 [FXGL Background Thread 3 ] DEBUG Engine               - isWindows: true
19:30:47.396 [FXGL Background Thread 3 ] DEBUG Engine               - language: ObjectProperty [value: ENGLISH]
19:30:47.396 [FXGL Background Thread 3 ] DEBUG Engine               - menuKey: ESCAPE
19:30:47.397 [FXGL Background Thread 3 ] DEBUG Engine               - mouseSensitivity: 0.2
19:30:47.397 [FXGL Background Thread 3 ] DEBUG Engine               - notificationViewClass: class com.almasb.fxgl.notification.view.XboxNotificationView
19:30:47.397 [FXGL Background Thread 3 ] DEBUG Engine               - pixelsPerMeter: 50.0
19:30:47.397 [FXGL Background Thread 3 ] DEBUG Engine               - platform: WINDOWS
19:30:47.398 [FXGL Background Thread 3 ] DEBUG Engine               - prefHeightProperty: ReadOnlyDoubleProperty [value: 720.0]
19:30:47.398 [FXGL Background Thread 3 ] DEBUG Engine               - prefWidthProperty: ReadOnlyDoubleProperty [value: 1280.0]
19:30:47.398 [FXGL Background Thread 3 ] DEBUG Engine               - profileDir: profiles/
19:30:47.398 [FXGL Background Thread 3 ] DEBUG Engine               - profileName: StringProperty [value: DEFAULT]
19:30:47.398 [FXGL Background Thread 3 ] DEBUG Engine               - randomSeed: -1
19:30:47.399 [FXGL Background Thread 3 ] DEBUG Engine               - runtimeInfo: RuntimeInfo(platform=WINDOWS, version=17.2, build=20.08.2022 16.50)
19:30:47.399 [FXGL Background Thread 3 ] DEBUG Engine               - saveFileExt: sav
19:30:47.399 [FXGL Background Thread 3 ] DEBUG Engine               - scaledHeightProp$fxgl: DoubleProperty [bound, value: 720.0]
19:30:47.399 [FXGL Background Thread 3 ] DEBUG Engine               - scaledWidthProp$fxgl: DoubleProperty [bound, value: 1280.0]
19:30:47.400 [FXGL Background Thread 3 ] DEBUG Engine               - sceneFactory: com.almasb.fxgl.app.scene.SceneFactory@ecf4fda
19:30:47.400 [FXGL Background Thread 3 ] DEBUG Engine               - secondsIn24h: 60
19:30:47.400 [FXGL Background Thread 3 ] DEBUG Engine               - soundMenuBack: menu/back.wav
19:30:47.400 [FXGL Background Thread 3 ] DEBUG Engine               - soundMenuPress: menu/press.wav
19:30:47.400 [FXGL Background Thread 3 ] DEBUG Engine               - soundMenuSelect: menu/select.wav
19:30:47.400 [FXGL Background Thread 3 ] DEBUG Engine               - soundNotification: core/notification.wav
19:30:47.400 [FXGL Background Thread 3 ] DEBUG Engine               - stageStyle: DECORATED
19:30:47.400 [FXGL Background Thread 3 ] DEBUG Engine               - supportedLanguages: [ENGLISH, FRENCH, GERMAN, HUNGARIAN, RUSSIAN]
19:30:47.400 [FXGL Background Thread 3 ] DEBUG Engine               - ticksPerSecond: -1
19:30:47.400 [FXGL Background Thread 3 ] DEBUG Engine               - title: Untitled
19:30:47.401 [FXGL Background Thread 3 ] DEBUG Engine               - urlGithub: https://github.com/AlmasB/FXGL
19:30:47.401 [FXGL Background Thread 3 ] DEBUG Engine               - urlLeaderboard: http://fxgl-top.herokuapp.com/
19:30:47.401 [FXGL Background Thread 3 ] DEBUG Engine               - urlPOM: https://raw.githubusercontent.com/AlmasB/FXGL/release/README.md
19:30:47.401 [FXGL Background Thread 3 ] DEBUG Engine               - userAppClass: class com.sunsofgod.PlatformerApp
19:30:47.401 [FXGL Background Thread 3 ] DEBUG Engine               - version: 0.0
19:30:47.401 [FXGL Background Thread 3 ] DEBUG Engine               - versionCheckDays: 7
19:30:47.401 [FXGL Background Thread 3 ] DEBUG Engine               - width: 1280
19:30:47.401 [FXGL Background Thread 3 ] DEBUG Engine               - Logging services
19:30:47.401 [FXGL Background Thread 3 ] DEBUG Engine               - class com.almasb.fxgl.app.services.FXGLAssetLoaderService
19:30:47.401 [FXGL Background Thread 3 ] DEBUG Engine               - class com.almasb.fxgl.app.FXGLApplication$GameApplicationService
19:30:47.401 [FXGL Background Thread 3 ] DEBUG Engine               - class com.almasb.fxgl.app.services.FXGLDialogService
19:30:47.402 [FXGL Background Thread 3 ] DEBUG Engine               - class com.almasb.fxgl.app.services.IOTaskExecutorService
19:30:47.402 [FXGL Background Thread 3 ] DEBUG Engine               - class com.almasb.fxgl.io.FileSystemService
19:30:47.402 [FXGL Background Thread 3 ] DEBUG Engine               - class com.almasb.fxgl.localization.LocalizationService
19:30:47.402 [FXGL Background Thread 3 ] DEBUG Engine               - class com.almasb.fxgl.app.services.SystemBundleService
19:30:47.402 [FXGL Background Thread 3 ] DEBUG Engine               - class com.almasb.fxgl.profile.SaveLoadService
19:30:47.402 [FXGL Background Thread 3 ] DEBUG Engine               - class com.almasb.fxgl.ui.FXGLUIFactoryServiceProvider
19:30:47.402 [FXGL Background Thread 3 ] DEBUG Engine               - class com.almasb.fxgl.ui.FXGLDialogFactoryServiceProvider
19:30:47.402 [FXGL Background Thread 3 ] DEBUG Engine               - class com.almasb.fxgl.audio.AudioPlayer
19:30:47.402 [FXGL Background Thread 3 ] DEBUG Engine               - class com.almasb.fxgl.notification.impl.NotificationServiceProvider
19:30:47.403 [FXGL Background Thread 3 ] DEBUG Engine               - class com.almasb.fxgl.achievement.AchievementService
19:30:47.403 [FXGL Background Thread 3 ] DEBUG Engine               - class com.almasb.fxgl.cutscene.CutsceneService
19:30:47.403 [FXGL Background Thread 3 ] DEBUG Engine               - class com.almasb.fxgl.minigames.MiniGameService
19:30:47.403 [FXGL Background Thread 3 ] DEBUG Engine               - class com.almasb.fxgl.net.NetService
19:30:47.403 [FXGL Background Thread 3 ] DEBUG Engine               - class com.almasb.fxgl.app.services.UpdaterService
19:30:47.403 [FXGL Background Thread 3 ] DEBUG Engine               - class com.almasb.fxgl.dev.DevService
19:31:03.077 [JavaFX Application Thread] DEBUG FXGLApplication      - Exiting FXGL
19:31:03.077 [JavaFX Application Thread] DEBUG LoopRunner           - Stopping loop
19:31:03.077 [JavaFX Application Thread] DEBUG SystemBundleService  - Saving FXGL system data
19:31:03.079 [JavaFX Application Thread] DEBUG FileSystemAccess     - Writing to: C:\Users\gclm4\OneDrive\Desktop\JavaFXGame\system\fxgl.bundle
19:31:03.082 [JavaFX Application Thread] DEBUG Async                - Shutting down background threads
19:31:03.082 [JavaFX Application Thread] DEBUG PrimaryStageWindow   - Closing main window
19:31:03.103 [JavaFX Application Thread] DEBUG Logger               - Closing Logger
