12:56:59.017 [main                     ] DEBUG Logger               - Configured Logger
12:56:59.036 [main                     ] DEBUG GameApplication      - Logging settings
Title: Untitled
Version: 0.0
Width: 1280
Height: 720
Fullscreen: false
Intro: false
Profiling: false
Single step:false
App Mode: DEVELOPER
Menu Key: ESCAPE
Stage Style: DECORATED
Scene Factory: class com.sunsofgod.PlatformerApp$1

12:56:59.300 [JavaFX Application Thread] DEBUG FXGLApplication      - Initializing FXGL
12:56:59.303 [JavaFX Application Thread] INFO  Engine               - FXGL-17.2 (20.08.2022 16.50) on WINDOWS (J:21.0.4 FX:17.0.12)
12:56:59.303 [JavaFX Application Thread] DEBUG Engine               - JRE Vendor Name: Eclipse Adoptium
12:56:59.303 [JavaFX Application Thread] DEBUG Engine               - Running on OS: Windows 11 version 10.0
12:56:59.303 [JavaFX Application Thread] DEBUG Engine               - Architecture: amd64
12:56:59.303 [JavaFX Application Thread] INFO  Engine               - Source code and latest versions at: https://github.com/AlmasB/FXGL
12:56:59.303 [JavaFX Application Thread] INFO  Engine               -       Ask questions and discuss at: https://github.com/AlmasB/FXGL/discussions
12:56:59.304 [JavaFX Application Thread] INFO  Engine               -              Join the FXGL chat at: https://gitter.im/AlmasB/FXGL
12:56:59.362 [JavaFX Application Thread] DEBUG PrimaryStageWindow   - Creating a JavaFX scene
12:56:59.390 [JavaFX Application Thread] DEBUG PrimaryStageWindow   - Target settings size: 1280.0 x 720.0
12:56:59.390 [JavaFX Application Thread] DEBUG PrimaryStageWindow   - Scaled scene size:    1280.0 x 720.0
12:56:59.390 [JavaFX Application Thread] DEBUG PrimaryStageWindow   - Scaled ratio: (1.0, 1.0)
12:56:59.391 [JavaFX Application Thread] DEBUG PrimaryStageWindow   - Set initial scene to FXGLStartupScene
12:56:59.395 [JavaFX Application Thread] DEBUG PrimaryStageWindow   - Opening main window
12:56:59.450 [JavaFX Application Thread] DEBUG PrimaryStageWindow   - Window border size: (16.0, 39.0)
12:56:59.451 [JavaFX Application Thread] DEBUG PrimaryStageWindow   - Scaled size: 1280.0 x 720.0
12:56:59.451 [JavaFX Application Thread] DEBUG PrimaryStageWindow   - Scaled ratio: (1.0, 1.0)
12:56:59.451 [JavaFX Application Thread] DEBUG PrimaryStageWindow   - Scene size: 1280.0 x 720.0
12:56:59.451 [JavaFX Application Thread] DEBUG PrimaryStageWindow   - Stage size: 1296.0 x 759.0
12:56:59.456 [FXGL Background Thread 1 ] DEBUG Engine               - Initializing environment variables
12:56:59.486 [FXGL Background Thread 1 ] DEBUG FXGLAssetLoaderServi - User app class for loading assets: class com.sunsofgod.PlatformerApp
12:56:59.487 [FXGL Background Thread 1 ] DEBUG GameApplicationServi - Applying CSS: fxgl_dark.css
12:56:59.487 [FXGL Background Thread 1 ] DEBUG FXGLAssetLoaderServi - Loading from file system: jar:file:///C:/Users/Balong/.m2/repository/com/github/almasb/fxgl/17.2/fxgl-17.2.jar!/fxglassets/ui/css/fxgl_dark.css
12:56:59.520 [FXGL Background Thread 1 ] DEBUG GameApplicationServi - Initializing application scenes
12:56:59.550 [FXGL Background Thread 1 ] DEBUG FXGLAssetLoaderServi - Loading from file system: file:/C:/Users/Balong/Desktop/JavaFXGame-1/target/classes/assets/textures/player.png
12:56:59.566 [FXGL Background Thread 1 ] DEBUG GameWorld            - Game world initialized
12:56:59.602 [FXGL Background Thread 1 ] DEBUG PhysicsWorld         - Physics world initialized: appHeight=720, physics.ppm=50.0
12:56:59.602 [FXGL Background Thread 1 ] DEBUG PhysicsWorld         - Using strategy: BRUTE_FORCE
12:56:59.605 [FXGL Background Thread 1 ] DEBUG GameScene            - Game scene initialized: 1280x720
12:56:59.800 [FXGL Background Thread 1 ] DEBUG FXGL.DefaultMenu     - createMenuBodyGameMenu()
12:56:59.807 [FXGL Background Thread 1 ] DEBUG FXGL.DefaultMenu     - createOptionsMenu()
12:56:59.811 [FXGL Background Thread 1 ] DEBUG FXGLAssetLoaderServi - Loading from file system: jar:file:///C:/Users/Balong/.m2/repository/com/github/almasb/fxgl/17.2/fxgl-17.2.jar!/fxglassets/textures/particles/smoke.png
12:56:59.858 [FXGL Background Thread 1 ] DEBUG FXGLAssetLoaderServi - Loading from file system: jar:file:///C:/Users/Balong/.m2/repository/com/github/almasb/fxgl/17.2/fxgl-17.2.jar!/fxglassets/textures/particles/trace_horizontal.png
12:56:59.867 [FXGL Background Thread 1 ] DEBUG GameApplicationServi - Application scenes initialized
12:56:59.876 [FXGL Background Thread 1 ] DEBUG SystemBundleService  - Loading FXGL system data
12:56:59.879 [FXGL Background Thread 1 ] DEBUG FileSystemAccess     - Reading from: C:\Users\Balong\Desktop\JavaFXGame-1\system\fxgl.bundle
12:56:59.886 [FXGL Background Thread 1 ] DEBUG SystemBundleService  - Bundle FXGL: {}
12:56:59.887 [FXGL Background Thread 1 ] DEBUG UpdaterService       - Checking for updates
12:56:59.901 [FXGL Background Thread 4 ] DEBUG FXGLApplication      - Loading fonts
12:56:59.901 [FXGL Background Thread 1 ] DEBUG FXGLApplication      - Loading default localization
12:56:59.901 [FXGL Background Thread 4 ] DEBUG FXGLAssetLoaderServi - Loading from file system: jar:file:///C:/Users/Balong/.m2/repository/com/github/almasb/fxgl/17.2/fxgl-17.2.jar!/fxglassets/ui/fonts/VarelaRound-Regular.ttf
12:56:59.901 [FXGL Background Thread 1 ] DEBUG FXGLAssetLoaderServi - Loading from file system: jar:file:///C:/Users/Balong/.m2/repository/com/github/almasb/fxgl/17.2/fxgl-17.2.jar!/fxglassets/languages/english.lang
12:56:59.913 [FXGL Background Thread 1 ] INFO  FXGLApplication      - FXGL initialization took: 0.457 sec
12:56:59.914 [JavaFX Application Thread] DEBUG FXGLAssetLoaderServi - Loading from file system: jar:file:///C:/Users/Balong/.m2/repository/com/github/almasb/fxgl/17.2/fxgl-17.2.jar!/fxglassets/textures/fxgl_icon.png
12:56:59.921 [JavaFX Application Thread] DEBUG FXGLAssetLoaderServi - Loading from file system: jar:file:///C:/Users/Balong/.m2/repository/com/github/almasb/fxgl/17.2/fxgl-17.2.jar!/fxglassets/textures/fxgl_default_cursor.png
12:56:59.929 [JavaFX Application Thread] DEBUG Input                - Registered new binding: Screenshot - CTRL+8
12:56:59.930 [JavaFX Application Thread] DEBUG Input                - Registered new binding: Dev Options - 1
12:56:59.930 [JavaFX Application Thread] DEBUG Input                - Registered new binding: Dev Console - 2
12:56:59.930 [JavaFX Application Thread] DEBUG Input                - Registered new binding: System info dump - CTRL+9
12:56:59.930 [FXGL Background Thread 4 ] DEBUG FXGLAssetLoaderServi - Loading from file system: jar:file:///C:/Users/Balong/.m2/repository/com/github/almasb/fxgl/17.2/fxgl-17.2.jar!/fxglassets/ui/fonts/Abel-Regular.ttf
12:56:59.930 [JavaFX Application Thread] DEBUG Input                - Registered new binding: Restart - CTRL+R
12:56:59.931 [JavaFX Application Thread] DEBUG Input                - Registered new binding: Toggle Debug Camera - CTRL+7
12:56:59.933 [JavaFX Application Thread] DEBUG LoopRunner           - Starting loop
12:56:59.938 [FXGL Background Thread 4 ] DEBUG FXGLAssetLoaderServi - Loading from file system: jar:file:///C:/Users/Balong/.m2/repository/com/github/almasb/fxgl/17.2/fxgl-17.2.jar!/fxglassets/ui/fonts/TerminalLandMono-Regular.otf
12:56:59.942 [JavaFX Application Thread] DEBUG LoopRunner           - Initializing JavaFX AnimationTimerLoop
12:56:59.943 [JavaFX Application Thread] DEBUG Input                - Clearing active input actions
12:56:59.949 [FXGL Background Thread 4 ] DEBUG FXGLAssetLoaderServi - Loading from file system: jar:file:///C:/Users/Balong/.m2/repository/com/github/almasb/fxgl/17.2/fxgl-17.2.jar!/fxglassets/ui/fonts/Courier-Prime.ttf
12:56:59.953 [JavaFX Application Thread] DEBUG GameApplicationServi - Removing overlay from FXGLStartupScene and adding to FXGLMainMenuDummyScene
12:56:59.955 [JavaFX Application Thread] DEBUG PrimaryStageWindow   - FXGLStartupScene -> FXGLMainMenuDummyScene
12:56:59.956 [JavaFX Application Thread] DEBUG PrimaryStageWindow   - Push state: RiderMainMenuScene
12:56:59.956 [JavaFX Application Thread] DEBUG Input                - Clearing active input actions
12:56:59.960 [JavaFX Application Thread] DEBUG GameApplicationServi - Removing overlay from FXGLMainMenuDummyScene and adding to RiderMainMenuScene
12:56:59.961 [JavaFX Application Thread] DEBUG PrimaryStageWindow   - FXGLMainMenuDummyScene -> RiderMainMenuScene
12:57:00.094 [JavaFX Application Thread] DEBUG FXGLApplication      - Registering font factories with UI factory
12:57:00.394 [FXGL Background Thread 2 ] INFO  UpdaterService       - Your current version:  17.2
12:57:00.395 [FXGL Background Thread 2 ] INFO  UpdaterService       - Latest stable version: 21.1
12:57:01.524 [JavaFX Application Thread] DEBUG PrimaryStageWindow   - Push state: PlayerSelectScene
12:57:01.524 [JavaFX Application Thread] DEBUG Input                - Clearing active input actions
12:57:01.525 [JavaFX Application Thread] DEBUG GameApplicationServi - Removing overlay from RiderMainMenuScene and adding to PlayerSelectScene
12:57:01.526 [JavaFX Application Thread] DEBUG PrimaryStageWindow   - RiderMainMenuScene -> PlayerSelectScene
12:57:02.900 [FXGL Background Thread 3 ] DEBUG Engine               - Logging environment variables
12:57:02.900 [FXGL Background Thread 3 ] DEBUG Engine               - achievements: []
12:57:02.900 [FXGL Background Thread 3 ] DEBUG Engine               - actualHeight: 720.0
12:57:02.900 [FXGL Background Thread 3 ] DEBUG Engine               - actualHeightProperty: ReadOnlyDoubleProperty [value: 720.0]
12:57:02.900 [FXGL Background Thread 3 ] DEBUG Engine               - actualWidth: 1280.0
12:57:02.900 [FXGL Background Thread 3 ] DEBUG Engine               - actualWidthProperty: ReadOnlyDoubleProperty [value: 1280.0]
12:57:02.900 [FXGL Background Thread 3 ] DEBUG Engine               - appIcon: fxgl_icon.png
12:57:02.900 [FXGL Background Thread 3 ] DEBUG Engine               - applicationMode: DEVELOPER
12:57:02.900 [FXGL Background Thread 3 ] DEBUG Engine               - cSSList: [fxgl_dark.css]
12:57:02.901 [FXGL Background Thread 3 ] DEBUG Engine               - collisionDetectionStrategy: BRUTE_FORCE
12:57:02.901 [FXGL Background Thread 3 ] DEBUG Engine               - configClass: Optional.empty
12:57:02.901 [FXGL Background Thread 3 ] DEBUG Engine               - credits: []
12:57:02.901 [FXGL Background Thread 3 ] DEBUG Engine               - defaultCursor: CursorInfo(imageName=fxgl_default_cursor.png, hotspotX=7.0, hotspotY=6.0)
12:57:02.901 [FXGL Background Thread 3 ] DEBUG Engine               - devBBoxColorProperty: ObjectProperty [value: 0xff0000ff]
12:57:02.901 [FXGL Background Thread 3 ] DEBUG Engine               - devEnableDebugCameraProperty: BooleanProperty [value: false]
12:57:02.901 [FXGL Background Thread 3 ] DEBUG Engine               - devSensorColorProperty: ObjectProperty [value: 0xffff00ff]
12:57:02.901 [FXGL Background Thread 3 ] DEBUG Engine               - devShowBBoxProperty: BooleanProperty [value: false]
12:57:02.901 [FXGL Background Thread 3 ] DEBUG Engine               - devShowPositionProperty: BooleanProperty [value: false]
12:57:02.901 [FXGL Background Thread 3 ] DEBUG Engine               - enabledMenuItems: []
12:57:02.901 [FXGL Background Thread 3 ] DEBUG Engine               - engineServices: [class com.almasb.fxgl.app.services.FXGLAssetLoaderService, class com.almasb.fxgl.app.FXGLApplication$GameApplicationService, class com.almasb.fxgl.app.services.FXGLDialogService, class com.almasb.fxgl.app.services.IOTaskExecutorService, class com.almasb.fxgl.io.FileSystemService, class com.almasb.fxgl.localization.LocalizationService, class com.almasb.fxgl.app.services.SystemBundleService, class com.almasb.fxgl.profile.SaveLoadService, class com.almasb.fxgl.ui.FXGLUIFactoryServiceProvider, class com.almasb.fxgl.ui.FXGLDialogFactoryServiceProvider, class com.almasb.fxgl.audio.AudioPlayer, class com.almasb.fxgl.notification.impl.NotificationServiceProvider, class com.almasb.fxgl.achievement.AchievementService, class com.almasb.fxgl.cutscene.CutsceneService, class com.almasb.fxgl.minigames.MiniGameService, class com.almasb.fxgl.net.NetService, class com.almasb.fxgl.app.services.UpdaterService, class com.almasb.fxgl.dev.DevService]
12:57:02.901 [FXGL Background Thread 3 ] DEBUG Engine               - fontGame: Abel-Regular.ttf
12:57:02.901 [FXGL Background Thread 3 ] DEBUG Engine               - fontMono: TerminalLandMono-Regular.otf
12:57:02.901 [FXGL Background Thread 3 ] DEBUG Engine               - fontText: Courier-Prime.ttf
12:57:02.901 [FXGL Background Thread 3 ] DEBUG Engine               - fontUI: VarelaRound-Regular.ttf
12:57:02.901 [FXGL Background Thread 3 ] DEBUG Engine               - fullScreen: BooleanProperty [value: false]
12:57:02.901 [FXGL Background Thread 3 ] DEBUG Engine               - gameDifficulty: MEDIUM
12:57:02.901 [FXGL Background Thread 3 ] DEBUG Engine               - gameDifficultyProperty: ObjectProperty [value: MEDIUM]
12:57:02.902 [FXGL Background Thread 3 ] DEBUG Engine               - globalMusicVolume: 0.5
12:57:02.902 [FXGL Background Thread 3 ] DEBUG Engine               - globalMusicVolumeProperty: DoubleProperty [value: 0.25]
12:57:02.902 [FXGL Background Thread 3 ] DEBUG Engine               - globalSoundVolume: 0.5
12:57:02.902 [FXGL Background Thread 3 ] DEBUG Engine               - globalSoundVolumeProperty: DoubleProperty [value: 0.5]
12:57:02.902 [FXGL Background Thread 3 ] DEBUG Engine               - height: 720
12:57:02.902 [FXGL Background Thread 3 ] DEBUG Engine               - is3D: false
12:57:02.902 [FXGL Background Thread 3 ] DEBUG Engine               - isAndroid: false
12:57:02.902 [FXGL Background Thread 3 ] DEBUG Engine               - isBrowser: false
12:57:02.902 [FXGL Background Thread 3 ] DEBUG Engine               - isClickFeedbackEnabled: false
12:57:02.902 [FXGL Background Thread 3 ] DEBUG Engine               - isCloseConfirmation: false
12:57:02.902 [FXGL Background Thread 3 ] DEBUG Engine               - isDesktop: true
12:57:02.903 [FXGL Background Thread 3 ] DEBUG Engine               - isDeveloperMenuEnabled: true
12:57:02.903 [FXGL Background Thread 3 ] DEBUG Engine               - isEmbedded: false
12:57:02.903 [FXGL Background Thread 3 ] DEBUG Engine               - isEntityPreloadEnabled: true
12:57:02.903 [FXGL Background Thread 3 ] DEBUG Engine               - isExperimentalTiledLargeMap: false
12:57:02.903 [FXGL Background Thread 3 ] DEBUG Engine               - isFileSystemWriteAllowed: true
12:57:02.903 [FXGL Background Thread 3 ] DEBUG Engine               - isFullScreenAllowed: false
12:57:02.903 [FXGL Background Thread 3 ] DEBUG Engine               - isFullScreenFromStart: false
12:57:02.903 [FXGL Background Thread 3 ] DEBUG Engine               - isGameMenuEnabled: true
12:57:02.903 [FXGL Background Thread 3 ] DEBUG Engine               - isIOS: false
12:57:02.903 [FXGL Background Thread 3 ] DEBUG Engine               - isIntroEnabled: false
12:57:02.903 [FXGL Background Thread 3 ] DEBUG Engine               - isLinux: false
12:57:02.903 [FXGL Background Thread 3 ] DEBUG Engine               - isMac: false
12:57:02.903 [FXGL Background Thread 3 ] DEBUG Engine               - isMainMenuEnabled: true
12:57:02.903 [FXGL Background Thread 3 ] DEBUG Engine               - isManualResizeEnabled: false
12:57:02.903 [FXGL Background Thread 3 ] DEBUG Engine               - isMobile: false
12:57:02.903 [FXGL Background Thread 3 ] DEBUG Engine               - isNative: false
12:57:02.903 [FXGL Background Thread 3 ] DEBUG Engine               - isPauseMusicWhenMinimized: true
12:57:02.903 [FXGL Background Thread 3 ] DEBUG Engine               - isPreserveResizeRatio: false
12:57:02.903 [FXGL Background Thread 3 ] DEBUG Engine               - isProfilingEnabled: false
12:57:02.903 [FXGL Background Thread 3 ] DEBUG Engine               - isScaleAffectedOnResize: true
12:57:02.903 [FXGL Background Thread 3 ] DEBUG Engine               - isSingleStep: false
12:57:02.903 [FXGL Background Thread 3 ] DEBUG Engine               - isUserProfileEnabled: false
12:57:02.903 [FXGL Background Thread 3 ] DEBUG Engine               - isWindows: true
12:57:02.903 [FXGL Background Thread 3 ] DEBUG Engine               - language: ObjectProperty [value: ENGLISH]
12:57:02.903 [FXGL Background Thread 3 ] DEBUG Engine               - menuKey: ESCAPE
12:57:02.904 [FXGL Background Thread 3 ] DEBUG Engine               - mouseSensitivity: 0.2
12:57:02.904 [FXGL Background Thread 3 ] DEBUG Engine               - notificationViewClass: class com.almasb.fxgl.notification.view.XboxNotificationView
12:57:02.904 [FXGL Background Thread 3 ] DEBUG Engine               - pixelsPerMeter: 50.0
12:57:02.904 [FXGL Background Thread 3 ] DEBUG Engine               - platform: WINDOWS
12:57:02.904 [FXGL Background Thread 3 ] DEBUG Engine               - prefHeightProperty: ReadOnlyDoubleProperty [value: 720.0]
12:57:02.904 [FXGL Background Thread 3 ] DEBUG Engine               - prefWidthProperty: ReadOnlyDoubleProperty [value: 1280.0]
12:57:02.904 [FXGL Background Thread 3 ] DEBUG Engine               - profileDir: profiles/
12:57:02.904 [FXGL Background Thread 3 ] DEBUG Engine               - profileName: StringProperty [value: DEFAULT]
12:57:02.904 [FXGL Background Thread 3 ] DEBUG Engine               - randomSeed: -1
12:57:02.904 [FXGL Background Thread 3 ] DEBUG Engine               - runtimeInfo: RuntimeInfo(platform=WINDOWS, version=17.2, build=20.08.2022 16.50)
12:57:02.904 [FXGL Background Thread 3 ] DEBUG Engine               - saveFileExt: sav
12:57:02.904 [FXGL Background Thread 3 ] DEBUG Engine               - scaledHeightProp$fxgl: DoubleProperty [bound, value: 720.0]
12:57:02.904 [FXGL Background Thread 3 ] DEBUG Engine               - scaledWidthProp$fxgl: DoubleProperty [bound, value: 1280.0]
12:57:02.904 [FXGL Background Thread 3 ] DEBUG Engine               - sceneFactory: com.sunsofgod.PlatformerApp$1@43c3c60
12:57:02.904 [FXGL Background Thread 3 ] DEBUG Engine               - secondsIn24h: 60
12:57:02.904 [FXGL Background Thread 3 ] DEBUG Engine               - soundMenuBack: menu/back.wav
12:57:02.904 [FXGL Background Thread 3 ] DEBUG Engine               - soundMenuPress: menu/press.wav
12:57:02.904 [FXGL Background Thread 3 ] DEBUG Engine               - soundMenuSelect: menu/select.wav
12:57:02.904 [FXGL Background Thread 3 ] DEBUG Engine               - soundNotification: core/notification.wav
12:57:02.904 [FXGL Background Thread 3 ] DEBUG Engine               - stageStyle: DECORATED
12:57:02.904 [FXGL Background Thread 3 ] DEBUG Engine               - supportedLanguages: [ENGLISH, FRENCH, GERMAN, HUNGARIAN, RUSSIAN]
12:57:02.904 [FXGL Background Thread 3 ] DEBUG Engine               - ticksPerSecond: -1
12:57:02.904 [FXGL Background Thread 3 ] DEBUG Engine               - title: Untitled
12:57:02.904 [FXGL Background Thread 3 ] DEBUG Engine               - urlGithub: https://github.com/AlmasB/FXGL
12:57:02.905 [FXGL Background Thread 3 ] DEBUG Engine               - urlLeaderboard: http://fxgl-top.herokuapp.com/
12:57:02.905 [FXGL Background Thread 3 ] DEBUG Engine               - urlPOM: https://raw.githubusercontent.com/AlmasB/FXGL/release/README.md
12:57:02.905 [FXGL Background Thread 3 ] DEBUG Engine               - userAppClass: class com.sunsofgod.PlatformerApp
12:57:02.905 [FXGL Background Thread 3 ] DEBUG Engine               - version: 0.0
12:57:02.905 [FXGL Background Thread 3 ] DEBUG Engine               - versionCheckDays: 7
12:57:02.905 [FXGL Background Thread 3 ] DEBUG Engine               - width: 1280
12:57:02.905 [FXGL Background Thread 3 ] DEBUG Engine               - Logging services
12:57:02.905 [FXGL Background Thread 3 ] DEBUG Engine               - class com.almasb.fxgl.app.services.FXGLAssetLoaderService
12:57:02.905 [FXGL Background Thread 3 ] DEBUG Engine               - class com.almasb.fxgl.app.FXGLApplication$GameApplicationService
12:57:02.905 [FXGL Background Thread 3 ] DEBUG Engine               - class com.almasb.fxgl.app.services.FXGLDialogService
12:57:02.905 [FXGL Background Thread 3 ] DEBUG Engine               - class com.almasb.fxgl.app.services.IOTaskExecutorService
12:57:02.905 [FXGL Background Thread 3 ] DEBUG Engine               - class com.almasb.fxgl.io.FileSystemService
12:57:02.905 [FXGL Background Thread 3 ] DEBUG Engine               - class com.almasb.fxgl.localization.LocalizationService
12:57:02.905 [FXGL Background Thread 3 ] DEBUG Engine               - class com.almasb.fxgl.app.services.SystemBundleService
12:57:02.905 [FXGL Background Thread 3 ] DEBUG Engine               - class com.almasb.fxgl.profile.SaveLoadService
12:57:02.905 [FXGL Background Thread 3 ] DEBUG Engine               - class com.almasb.fxgl.ui.FXGLUIFactoryServiceProvider
12:57:02.905 [FXGL Background Thread 3 ] DEBUG Engine               - class com.almasb.fxgl.ui.FXGLDialogFactoryServiceProvider
12:57:02.905 [FXGL Background Thread 3 ] DEBUG Engine               - class com.almasb.fxgl.audio.AudioPlayer
12:57:02.905 [FXGL Background Thread 3 ] DEBUG Engine               - class com.almasb.fxgl.notification.impl.NotificationServiceProvider
12:57:02.905 [FXGL Background Thread 3 ] DEBUG Engine               - class com.almasb.fxgl.achievement.AchievementService
12:57:02.905 [FXGL Background Thread 3 ] DEBUG Engine               - class com.almasb.fxgl.cutscene.CutsceneService
12:57:02.905 [FXGL Background Thread 3 ] DEBUG Engine               - class com.almasb.fxgl.minigames.MiniGameService
12:57:02.905 [FXGL Background Thread 3 ] DEBUG Engine               - class com.almasb.fxgl.net.NetService
12:57:02.905 [FXGL Background Thread 3 ] DEBUG Engine               - class com.almasb.fxgl.app.services.UpdaterService
12:57:02.905 [FXGL Background Thread 3 ] DEBUG Engine               - class com.almasb.fxgl.dev.DevService
12:57:03.005 [JavaFX Application Thread] DEBUG FXGLApplication      - Exiting FXGL
12:57:03.005 [JavaFX Application Thread] DEBUG LoopRunner           - Stopping loop
12:57:03.005 [JavaFX Application Thread] DEBUG SystemBundleService  - Saving FXGL system data
12:57:03.006 [JavaFX Application Thread] DEBUG FileSystemAccess     - Writing to: C:\Users\Balong\Desktop\JavaFXGame-1\system\fxgl.bundle
12:57:03.008 [JavaFX Application Thread] DEBUG Async                - Shutting down background threads
12:57:03.008 [JavaFX Application Thread] DEBUG PrimaryStageWindow   - Closing main window
12:57:03.018 [JavaFX Application Thread] DEBUG Logger               - Closing Logger
