01:22:26.032 [main                     ] DEBUG Logger               - Configured Logger
01:22:26.052 [main                     ] DEBUG GameApplication      - Logging settings
Title: Untitled
Version: 0.0
Width: 1280
Height: 720
Fullscreen: false
Intro: false
Profiling: false
Single step:false
App Mode: DEVELOPER
Menu Key: ESCAPE
Stage Style: DECORATED
Scene Factory: class com.sunsofgod.PlatformerApp$1

01:22:26.366 [JavaFX Application Thread] DEBUG FXGLApplication      - Initializing FXGL
01:22:26.370 [JavaFX Application Thread] INFO  Engine               - FXGL-17.2 (20.08.2022 16.50) on WINDOWS (J:21.0.4 FX:17.0.12)
01:22:26.370 [JavaFX Application Thread] DEBUG Engine               - JRE Vendor Name: Eclipse Adoptium
01:22:26.370 [JavaFX Application Thread] DEBUG Engine               - Running on OS: Windows 11 version 10.0
01:22:26.370 [JavaFX Application Thread] DEBUG Engine               - Architecture: amd64
01:22:26.370 [JavaFX Application Thread] INFO  Engine               - Source code and latest versions at: https://github.com/AlmasB/FXGL
01:22:26.371 [JavaFX Application Thread] INFO  Engine               -       Ask questions and discuss at: https://github.com/AlmasB/FXGL/discussions
01:22:26.371 [JavaFX Application Thread] INFO  Engine               -              Join the FXGL chat at: https://gitter.im/AlmasB/FXGL
01:22:26.441 [JavaFX Application Thread] DEBUG PrimaryStageWindow   - Creating a JavaFX scene
01:22:26.481 [JavaFX Application Thread] DEBUG PrimaryStageWindow   - Target settings size: 1280.0 x 720.0
01:22:26.481 [JavaFX Application Thread] DEBUG PrimaryStageWindow   - Scaled scene size:    1280.0 x 720.0
01:22:26.481 [JavaFX Application Thread] DEBUG PrimaryStageWindow   - Scaled ratio: (1.0, 1.0)
01:22:26.482 [JavaFX Application Thread] DEBUG PrimaryStageWindow   - Set initial scene to FXGLStartupScene
01:22:26.488 [JavaFX Application Thread] DEBUG PrimaryStageWindow   - Opening main window
01:22:26.564 [JavaFX Application Thread] DEBUG PrimaryStageWindow   - Window border size: (14.4000244140625, 37.5999755859375)
01:22:26.565 [JavaFX Application Thread] DEBUG PrimaryStageWindow   - Scaled size: 1280.0 x 720.0
01:22:26.565 [JavaFX Application Thread] DEBUG PrimaryStageWindow   - Scaled ratio: (1.0, 1.0)
01:22:26.565 [JavaFX Application Thread] DEBUG PrimaryStageWindow   - Scene size: 1280.0 x 720.0
01:22:26.565 [JavaFX Application Thread] DEBUG PrimaryStageWindow   - Stage size: 1294.4000244140625 x 757.5999755859375
01:22:26.573 [FXGL Background Thread 1 ] DEBUG Engine               - Initializing environment variables
01:22:26.626 [FXGL Background Thread 1 ] DEBUG FXGLAssetLoaderServi - User app class for loading assets: class com.sunsofgod.PlatformerApp
01:22:26.626 [FXGL Background Thread 1 ] DEBUG GameApplicationServi - Applying CSS: fxgl_dark.css
01:22:26.628 [FXGL Background Thread 1 ] DEBUG FXGLAssetLoaderServi - Loading from file system: jar:file:///C:/Users/jamie/.m2/repository/com/github/almasb/fxgl/17.2/fxgl-17.2.jar!/fxglassets/ui/css/fxgl_dark.css
01:22:26.676 [FXGL Background Thread 1 ] DEBUG GameApplicationServi - Initializing application scenes
01:22:26.725 [FXGL Background Thread 1 ] DEBUG FXGLAssetLoaderServi - Loading from file system: file:/C:/Users/jamie/OneDrive/Documents/JavaFXGame-3/target/classes/assets/textures/player.png
01:22:26.748 [FXGL Background Thread 1 ] DEBUG GameWorld            - Game world initialized
01:22:26.795 [FXGL Background Thread 1 ] DEBUG PhysicsWorld         - Physics world initialized: appHeight=720, physics.ppm=50.0
01:22:26.796 [FXGL Background Thread 1 ] DEBUG PhysicsWorld         - Using strategy: BRUTE_FORCE
01:22:26.798 [FXGL Background Thread 1 ] DEBUG GameScene            - Game scene initialized: 1280x720
01:22:36.066 [FXGL Background Thread 1 ] DEBUG FXGL.DefaultMenu     - createMenuBodyGameMenu()
01:22:36.087 [FXGL Background Thread 1 ] DEBUG FXGL.DefaultMenu     - createOptionsMenu()
01:22:36.096 [FXGL Background Thread 1 ] DEBUG FXGLAssetLoaderServi - Loading from file system: jar:file:///C:/Users/jamie/.m2/repository/com/github/almasb/fxgl/17.2/fxgl-17.2.jar!/fxglassets/textures/particles/smoke.png
01:22:36.155 [FXGL Background Thread 1 ] DEBUG FXGLAssetLoaderServi - Loading from file system: jar:file:///C:/Users/jamie/.m2/repository/com/github/almasb/fxgl/17.2/fxgl-17.2.jar!/fxglassets/textures/particles/trace_horizontal.png
01:22:36.171 [FXGL Background Thread 1 ] DEBUG GameApplicationServi - Application scenes initialized
01:22:36.185 [FXGL Background Thread 1 ] DEBUG SystemBundleService  - Loading FXGL system data
01:22:36.194 [FXGL Background Thread 1 ] DEBUG FileSystemAccess     - Reading from: C:\Users\jamie\OneDrive\Documents\JavaFXGame-3\system\fxgl.bundle
01:22:36.212 [FXGL Background Thread 1 ] DEBUG SystemBundleService  - Bundle FXGL: {}
01:22:36.216 [FXGL Background Thread 1 ] DEBUG UpdaterService       - Checking for updates
01:22:36.250 [FXGL Background Thread 4 ] DEBUG FXGLApplication      - Loading fonts
01:22:36.251 [FXGL Background Thread 4 ] DEBUG FXGLAssetLoaderServi - Loading from file system: jar:file:///C:/Users/jamie/.m2/repository/com/github/almasb/fxgl/17.2/fxgl-17.2.jar!/fxglassets/ui/fonts/VarelaRound-Regular.ttf
01:22:36.252 [FXGL Background Thread 1 ] DEBUG FXGLApplication      - Loading default localization
01:22:36.252 [FXGL Background Thread 1 ] DEBUG FXGLAssetLoaderServi - Loading from file system: jar:file:///C:/Users/jamie/.m2/repository/com/github/almasb/fxgl/17.2/fxgl-17.2.jar!/fxglassets/languages/english.lang
01:22:36.270 [FXGL Background Thread 1 ] INFO  FXGLApplication      - FXGL initialization took: 9.698 sec
01:22:36.272 [JavaFX Application Thread] DEBUG FXGLAssetLoaderServi - Loading from file system: jar:file:///C:/Users/jamie/.m2/repository/com/github/almasb/fxgl/17.2/fxgl-17.2.jar!/fxglassets/textures/fxgl_icon.png
01:22:36.288 [JavaFX Application Thread] DEBUG FXGLAssetLoaderServi - Loading from file system: jar:file:///C:/Users/jamie/.m2/repository/com/github/almasb/fxgl/17.2/fxgl-17.2.jar!/fxglassets/textures/fxgl_default_cursor.png
01:22:36.289 [FXGL Background Thread 4 ] DEBUG FXGLAssetLoaderServi - Loading from file system: jar:file:///C:/Users/jamie/.m2/repository/com/github/almasb/fxgl/17.2/fxgl-17.2.jar!/fxglassets/ui/fonts/Abel-Regular.ttf
01:22:36.294 [FXGL Background Thread 4 ] DEBUG FXGLAssetLoaderServi - Loading from file system: jar:file:///C:/Users/jamie/.m2/repository/com/github/almasb/fxgl/17.2/fxgl-17.2.jar!/fxglassets/ui/fonts/TerminalLandMono-Regular.otf
01:22:36.299 [FXGL Background Thread 4 ] DEBUG FXGLAssetLoaderServi - Loading from file system: jar:file:///C:/Users/jamie/.m2/repository/com/github/almasb/fxgl/17.2/fxgl-17.2.jar!/fxglassets/ui/fonts/Courier-Prime.ttf
01:22:36.299 [JavaFX Application Thread] DEBUG Input                - Registered new binding: Screenshot - CTRL+8
01:22:36.300 [JavaFX Application Thread] DEBUG Input                - Registered new binding: Dev Options - 1
01:22:36.300 [JavaFX Application Thread] DEBUG Input                - Registered new binding: Dev Console - 2
01:22:36.301 [JavaFX Application Thread] DEBUG Input                - Registered new binding: System info dump - CTRL+9
01:22:36.301 [JavaFX Application Thread] DEBUG Input                - Registered new binding: Restart - CTRL+R
01:22:36.301 [JavaFX Application Thread] DEBUG Input                - Registered new binding: Toggle Debug Camera - CTRL+7
01:22:36.305 [JavaFX Application Thread] DEBUG LoopRunner           - Starting loop
01:22:36.320 [JavaFX Application Thread] DEBUG LoopRunner           - Initializing JavaFX AnimationTimerLoop
01:22:36.327 [JavaFX Application Thread] DEBUG Input                - Clearing active input actions
01:22:36.340 [JavaFX Application Thread] DEBUG GameApplicationServi - Removing overlay from FXGLStartupScene and adding to FXGLMainMenuDummyScene
01:22:36.344 [JavaFX Application Thread] DEBUG PrimaryStageWindow   - FXGLStartupScene -> FXGLMainMenuDummyScene
01:22:36.344 [JavaFX Application Thread] DEBUG PrimaryStageWindow   - Push state: RiderMainMenuScene
01:22:36.344 [JavaFX Application Thread] DEBUG Input                - Clearing active input actions
01:22:36.351 [JavaFX Application Thread] DEBUG GameApplicationServi - Removing overlay from FXGLMainMenuDummyScene and adding to RiderMainMenuScene
01:22:36.351 [JavaFX Application Thread] DEBUG PrimaryStageWindow   - FXGLMainMenuDummyScene -> RiderMainMenuScene
01:22:36.556 [JavaFX Application Thread] DEBUG FXGLApplication      - Registering font factories with UI factory
01:22:37.052 [FXGL Background Thread 2 ] INFO  UpdaterService       - Your current version:  17.2
01:22:37.052 [FXGL Background Thread 2 ] INFO  UpdaterService       - Latest stable version: 21.1
01:22:39.249 [FXGL Background Thread 3 ] DEBUG Engine               - Logging environment variables
01:22:39.249 [FXGL Background Thread 3 ] DEBUG Engine               - achievements: []
01:22:39.249 [FXGL Background Thread 3 ] DEBUG Engine               - actualHeight: 720.0
01:22:39.250 [FXGL Background Thread 3 ] DEBUG Engine               - actualHeightProperty: ReadOnlyDoubleProperty [value: 720.0]
01:22:39.250 [FXGL Background Thread 3 ] DEBUG Engine               - actualWidth: 1280.0
01:22:39.250 [FXGL Background Thread 3 ] DEBUG Engine               - actualWidthProperty: ReadOnlyDoubleProperty [value: 1280.0]
01:22:39.250 [FXGL Background Thread 3 ] DEBUG Engine               - appIcon: fxgl_icon.png
01:22:39.250 [FXGL Background Thread 3 ] DEBUG Engine               - applicationMode: DEVELOPER
01:22:39.250 [FXGL Background Thread 3 ] DEBUG Engine               - cSSList: [fxgl_dark.css]
01:22:39.250 [FXGL Background Thread 3 ] DEBUG Engine               - collisionDetectionStrategy: BRUTE_FORCE
01:22:39.250 [FXGL Background Thread 3 ] DEBUG Engine               - configClass: Optional.empty
01:22:39.250 [FXGL Background Thread 3 ] DEBUG Engine               - credits: []
01:22:39.251 [FXGL Background Thread 3 ] DEBUG Engine               - defaultCursor: CursorInfo(imageName=fxgl_default_cursor.png, hotspotX=7.0, hotspotY=6.0)
01:22:39.251 [FXGL Background Thread 3 ] DEBUG Engine               - devBBoxColorProperty: ObjectProperty [value: 0xff0000ff]
01:22:39.251 [FXGL Background Thread 3 ] DEBUG Engine               - devEnableDebugCameraProperty: BooleanProperty [value: false]
01:22:39.251 [FXGL Background Thread 3 ] DEBUG Engine               - devSensorColorProperty: ObjectProperty [value: 0xffff00ff]
01:22:39.251 [FXGL Background Thread 3 ] DEBUG Engine               - devShowBBoxProperty: BooleanProperty [value: false]
01:22:39.251 [FXGL Background Thread 3 ] DEBUG Engine               - devShowPositionProperty: BooleanProperty [value: false]
01:22:39.251 [FXGL Background Thread 3 ] DEBUG Engine               - enabledMenuItems: []
01:22:39.252 [FXGL Background Thread 3 ] DEBUG Engine               - engineServices: [class com.almasb.fxgl.app.services.FXGLAssetLoaderService, class com.almasb.fxgl.app.FXGLApplication$GameApplicationService, class com.almasb.fxgl.app.services.FXGLDialogService, class com.almasb.fxgl.app.services.IOTaskExecutorService, class com.almasb.fxgl.io.FileSystemService, class com.almasb.fxgl.localization.LocalizationService, class com.almasb.fxgl.app.services.SystemBundleService, class com.almasb.fxgl.profile.SaveLoadService, class com.almasb.fxgl.ui.FXGLUIFactoryServiceProvider, class com.almasb.fxgl.ui.FXGLDialogFactoryServiceProvider, class com.almasb.fxgl.audio.AudioPlayer, class com.almasb.fxgl.notification.impl.NotificationServiceProvider, class com.almasb.fxgl.achievement.AchievementService, class com.almasb.fxgl.cutscene.CutsceneService, class com.almasb.fxgl.minigames.MiniGameService, class com.almasb.fxgl.net.NetService, class com.almasb.fxgl.app.services.UpdaterService, class com.almasb.fxgl.dev.DevService]
01:22:39.252 [FXGL Background Thread 3 ] DEBUG Engine               - fontGame: Abel-Regular.ttf
01:22:39.252 [FXGL Background Thread 3 ] DEBUG Engine               - fontMono: TerminalLandMono-Regular.otf
01:22:39.252 [FXGL Background Thread 3 ] DEBUG Engine               - fontText: Courier-Prime.ttf
01:22:39.252 [FXGL Background Thread 3 ] DEBUG Engine               - fontUI: VarelaRound-Regular.ttf
01:22:39.252 [FXGL Background Thread 3 ] DEBUG Engine               - fullScreen: BooleanProperty [value: false]
01:22:39.252 [FXGL Background Thread 3 ] DEBUG Engine               - gameDifficulty: MEDIUM
01:22:39.252 [FXGL Background Thread 3 ] DEBUG Engine               - gameDifficultyProperty: ObjectProperty [value: MEDIUM]
01:22:39.252 [FXGL Background Thread 3 ] DEBUG Engine               - globalMusicVolume: 0.5
01:22:39.252 [FXGL Background Thread 3 ] DEBUG Engine               - globalMusicVolumeProperty: DoubleProperty [value: 0.25]
01:22:39.252 [FXGL Background Thread 3 ] DEBUG Engine               - globalSoundVolume: 0.5
01:22:39.252 [FXGL Background Thread 3 ] DEBUG Engine               - globalSoundVolumeProperty: DoubleProperty [value: 0.5]
01:22:39.252 [FXGL Background Thread 3 ] DEBUG Engine               - height: 720
01:22:39.252 [FXGL Background Thread 3 ] DEBUG Engine               - is3D: false
01:22:39.252 [FXGL Background Thread 3 ] DEBUG Engine               - isAndroid: false
01:22:39.252 [FXGL Background Thread 3 ] DEBUG Engine               - isBrowser: false
01:22:39.252 [FXGL Background Thread 3 ] DEBUG Engine               - isClickFeedbackEnabled: false
01:22:39.252 [FXGL Background Thread 3 ] DEBUG Engine               - isCloseConfirmation: false
01:22:39.252 [FXGL Background Thread 3 ] DEBUG Engine               - isDesktop: true
01:22:39.253 [FXGL Background Thread 3 ] DEBUG Engine               - isDeveloperMenuEnabled: true
01:22:39.253 [FXGL Background Thread 3 ] DEBUG Engine               - isEmbedded: false
01:22:39.253 [FXGL Background Thread 3 ] DEBUG Engine               - isEntityPreloadEnabled: true
01:22:39.253 [FXGL Background Thread 3 ] DEBUG Engine               - isExperimentalTiledLargeMap: false
01:22:39.253 [FXGL Background Thread 3 ] DEBUG Engine               - isFileSystemWriteAllowed: true
01:22:39.253 [FXGL Background Thread 3 ] DEBUG Engine               - isFullScreenAllowed: false
01:22:39.253 [FXGL Background Thread 3 ] DEBUG Engine               - isFullScreenFromStart: false
01:22:39.253 [FXGL Background Thread 3 ] DEBUG Engine               - isGameMenuEnabled: true
01:22:39.253 [FXGL Background Thread 3 ] DEBUG Engine               - isIOS: false
01:22:39.253 [FXGL Background Thread 3 ] DEBUG Engine               - isIntroEnabled: false
01:22:39.253 [FXGL Background Thread 3 ] DEBUG Engine               - isLinux: false
01:22:39.253 [FXGL Background Thread 3 ] DEBUG Engine               - isMac: false
01:22:39.253 [FXGL Background Thread 3 ] DEBUG Engine               - isMainMenuEnabled: true
01:22:39.253 [FXGL Background Thread 3 ] DEBUG Engine               - isManualResizeEnabled: false
01:22:39.253 [FXGL Background Thread 3 ] DEBUG Engine               - isMobile: false
01:22:39.253 [FXGL Background Thread 3 ] DEBUG Engine               - isNative: false
01:22:39.253 [FXGL Background Thread 3 ] DEBUG Engine               - isPauseMusicWhenMinimized: true
01:22:39.253 [FXGL Background Thread 3 ] DEBUG Engine               - isPreserveResizeRatio: false
01:22:39.253 [FXGL Background Thread 3 ] DEBUG Engine               - isProfilingEnabled: false
01:22:39.253 [FXGL Background Thread 3 ] DEBUG Engine               - isScaleAffectedOnResize: true
01:22:39.253 [FXGL Background Thread 3 ] DEBUG Engine               - isSingleStep: false
01:22:39.253 [FXGL Background Thread 3 ] DEBUG Engine               - isUserProfileEnabled: false
01:22:39.253 [FXGL Background Thread 3 ] DEBUG Engine               - isWindows: true
01:22:39.253 [FXGL Background Thread 3 ] DEBUG Engine               - language: ObjectProperty [value: ENGLISH]
01:22:39.253 [FXGL Background Thread 3 ] DEBUG Engine               - menuKey: ESCAPE
01:22:39.255 [FXGL Background Thread 3 ] DEBUG Engine               - mouseSensitivity: 0.2
01:22:39.255 [FXGL Background Thread 3 ] DEBUG Engine               - notificationViewClass: class com.almasb.fxgl.notification.view.XboxNotificationView
01:22:39.255 [FXGL Background Thread 3 ] DEBUG Engine               - pixelsPerMeter: 50.0
01:22:39.255 [FXGL Background Thread 3 ] DEBUG Engine               - platform: WINDOWS
01:22:39.255 [FXGL Background Thread 3 ] DEBUG Engine               - prefHeightProperty: ReadOnlyDoubleProperty [value: 720.0]
01:22:39.255 [FXGL Background Thread 3 ] DEBUG Engine               - prefWidthProperty: ReadOnlyDoubleProperty [value: 1280.0]
01:22:39.255 [FXGL Background Thread 3 ] DEBUG Engine               - profileDir: profiles/
01:22:39.255 [FXGL Background Thread 3 ] DEBUG Engine               - profileName: StringProperty [value: DEFAULT]
01:22:39.255 [FXGL Background Thread 3 ] DEBUG Engine               - randomSeed: -1
01:22:39.256 [FXGL Background Thread 3 ] DEBUG Engine               - runtimeInfo: RuntimeInfo(platform=WINDOWS, version=17.2, build=20.08.2022 16.50)
01:22:39.256 [FXGL Background Thread 3 ] DEBUG Engine               - saveFileExt: sav
01:22:39.256 [FXGL Background Thread 3 ] DEBUG Engine               - scaledHeightProp$fxgl: DoubleProperty [bound, value: 720.0]
01:22:39.256 [FXGL Background Thread 3 ] DEBUG Engine               - scaledWidthProp$fxgl: DoubleProperty [bound, value: 1280.0]
01:22:39.256 [FXGL Background Thread 3 ] DEBUG Engine               - sceneFactory: com.sunsofgod.PlatformerApp$1@73438b40
01:22:39.256 [FXGL Background Thread 3 ] DEBUG Engine               - secondsIn24h: 60
01:22:39.256 [FXGL Background Thread 3 ] DEBUG Engine               - soundMenuBack: menu/back.wav
01:22:39.256 [FXGL Background Thread 3 ] DEBUG Engine               - soundMenuPress: menu/press.wav
01:22:39.256 [FXGL Background Thread 3 ] DEBUG Engine               - soundMenuSelect: menu/select.wav
01:22:39.256 [FXGL Background Thread 3 ] DEBUG Engine               - soundNotification: core/notification.wav
01:22:39.256 [FXGL Background Thread 3 ] DEBUG Engine               - stageStyle: DECORATED
01:22:39.256 [FXGL Background Thread 3 ] DEBUG Engine               - supportedLanguages: [ENGLISH, FRENCH, GERMAN, HUNGARIAN, RUSSIAN]
01:22:39.256 [FXGL Background Thread 3 ] DEBUG Engine               - ticksPerSecond: -1
01:22:39.256 [FXGL Background Thread 3 ] DEBUG Engine               - title: Untitled
01:22:39.256 [FXGL Background Thread 3 ] DEBUG Engine               - urlGithub: https://github.com/AlmasB/FXGL
01:22:39.256 [FXGL Background Thread 3 ] DEBUG Engine               - urlLeaderboard: http://fxgl-top.herokuapp.com/
01:22:39.256 [FXGL Background Thread 3 ] DEBUG Engine               - urlPOM: https://raw.githubusercontent.com/AlmasB/FXGL/release/README.md
01:22:39.256 [FXGL Background Thread 3 ] DEBUG Engine               - userAppClass: class com.sunsofgod.PlatformerApp
01:22:39.257 [FXGL Background Thread 3 ] DEBUG Engine               - version: 0.0
01:22:39.257 [FXGL Background Thread 3 ] DEBUG Engine               - versionCheckDays: 7
01:22:39.257 [FXGL Background Thread 3 ] DEBUG Engine               - width: 1280
01:22:39.257 [FXGL Background Thread 3 ] DEBUG Engine               - Logging services
01:22:39.257 [FXGL Background Thread 3 ] DEBUG Engine               - class com.almasb.fxgl.app.services.FXGLAssetLoaderService
01:22:39.257 [FXGL Background Thread 3 ] DEBUG Engine               - class com.almasb.fxgl.app.FXGLApplication$GameApplicationService
01:22:39.257 [FXGL Background Thread 3 ] DEBUG Engine               - class com.almasb.fxgl.app.services.FXGLDialogService
01:22:39.257 [FXGL Background Thread 3 ] DEBUG Engine               - class com.almasb.fxgl.app.services.IOTaskExecutorService
01:22:39.257 [FXGL Background Thread 3 ] DEBUG Engine               - class com.almasb.fxgl.io.FileSystemService
01:22:39.257 [FXGL Background Thread 3 ] DEBUG Engine               - class com.almasb.fxgl.localization.LocalizationService
01:22:39.257 [FXGL Background Thread 3 ] DEBUG Engine               - class com.almasb.fxgl.app.services.SystemBundleService
01:22:39.257 [FXGL Background Thread 3 ] DEBUG Engine               - class com.almasb.fxgl.profile.SaveLoadService
01:22:39.257 [FXGL Background Thread 3 ] DEBUG Engine               - class com.almasb.fxgl.ui.FXGLUIFactoryServiceProvider
01:22:39.257 [FXGL Background Thread 3 ] DEBUG Engine               - class com.almasb.fxgl.ui.FXGLDialogFactoryServiceProvider
01:22:39.257 [FXGL Background Thread 3 ] DEBUG Engine               - class com.almasb.fxgl.audio.AudioPlayer
01:22:39.257 [FXGL Background Thread 3 ] DEBUG Engine               - class com.almasb.fxgl.notification.impl.NotificationServiceProvider
01:22:39.257 [FXGL Background Thread 3 ] DEBUG Engine               - class com.almasb.fxgl.achievement.AchievementService
01:22:39.257 [FXGL Background Thread 3 ] DEBUG Engine               - class com.almasb.fxgl.cutscene.CutsceneService
01:22:39.257 [FXGL Background Thread 3 ] DEBUG Engine               - class com.almasb.fxgl.minigames.MiniGameService
01:22:39.257 [FXGL Background Thread 3 ] DEBUG Engine               - class com.almasb.fxgl.net.NetService
01:22:39.257 [FXGL Background Thread 3 ] DEBUG Engine               - class com.almasb.fxgl.app.services.UpdaterService
01:22:39.257 [FXGL Background Thread 3 ] DEBUG Engine               - class com.almasb.fxgl.dev.DevService
01:23:35.753 [JavaFX Application Thread] DEBUG PrimaryStageWindow   - Push state: PlayerSelectScene
01:23:35.753 [JavaFX Application Thread] DEBUG Input                - Clearing active input actions
01:23:35.754 [JavaFX Application Thread] DEBUG GameApplicationServi - Removing overlay from RiderMainMenuScene and adding to PlayerSelectScene
01:23:35.755 [JavaFX Application Thread] DEBUG PrimaryStageWindow   - RiderMainMenuScene -> PlayerSelectScene
01:23:53.549 [JavaFX Application Thread] DEBUG PrimaryStageWindow   - Pop state: PlayerSelectScene
01:23:53.550 [JavaFX Application Thread] DEBUG Input                - Clearing active input actions
01:23:53.551 [JavaFX Application Thread] DEBUG GameApplicationServi - Removing overlay from PlayerSelectScene and adding to RiderMainMenuScene
01:23:53.553 [JavaFX Application Thread] DEBUG PrimaryStageWindow   - RiderMainMenuScene <- PlayerSelectScene
01:23:55.457 [JavaFX Application Thread] DEBUG PrimaryStageWindow   - Push state: PlayerSelectScene
01:23:55.457 [JavaFX Application Thread] DEBUG Input                - Clearing active input actions
01:23:55.458 [JavaFX Application Thread] DEBUG GameApplicationServi - Removing overlay from RiderMainMenuScene and adding to PlayerSelectScene
01:23:55.458 [JavaFX Application Thread] DEBUG PrimaryStageWindow   - RiderMainMenuScene -> PlayerSelectScene
01:26:33.947 [JavaFX Application Thread] DEBUG FXGLApplication      - Exiting FXGL
01:26:33.947 [JavaFX Application Thread] DEBUG LoopRunner           - Stopping loop
01:26:33.947 [JavaFX Application Thread] DEBUG SystemBundleService  - Saving FXGL system data
01:26:33.952 [JavaFX Application Thread] DEBUG FileSystemAccess     - Writing to: C:\Users\jamie\OneDrive\Documents\JavaFXGame-3\system\fxgl.bundle
01:26:33.957 [JavaFX Application Thread] DEBUG Async                - Shutting down background threads
01:26:33.958 [JavaFX Application Thread] DEBUG PrimaryStageWindow   - Closing main window
01:26:33.972 [JavaFX Application Thread] DEBUG Logger               - Closing Logger
