13:02:04.600 [main                     ] DEBUG Logger               - Configured Logger
13:02:04.617 [main                     ] DEBUG GameApplication      - Logging settings
Title: Untitled
Version: 0.0
Width: 1280
Height: 720
Fullscreen: false
Intro: false
Profiling: false
Single step:false
App Mode: DEVELOPER
Menu Key: ESCAPE
Stage Style: DECORATED
Scene Factory: class com.almasb.fxgl.app.scene.SceneFactory

13:02:04.908 [JavaFX Application Thread] DEBUG FXGLApplication      - Initializing FXGL
13:02:04.910 [JavaFX Application Thread] INFO  Engine               - FXGL-17.2 (20.08.2022 16.50) on MAC (J:17.0.2 FX:17.0.12)
13:02:04.911 [JavaFX Application Thread] DEBUG Engine               - JRE Vendor Name: Oracle Corporation
13:02:04.911 [JavaFX Application Thread] DEBUG Engine               - Running on OS: Mac OS X version 15.0.1
13:02:04.911 [JavaFX Application Thread] DEBUG Engine               - Architecture: aarch64
13:02:04.911 [JavaFX Application Thread] INFO  Engine               - Source code and latest versions at: https://github.com/AlmasB/FXGL
13:02:04.911 [JavaFX Application Thread] INFO  Engine               -       Ask questions and discuss at: https://github.com/AlmasB/FXGL/discussions
13:02:04.911 [JavaFX Application Thread] INFO  Engine               -              Join the FXGL chat at: https://gitter.im/AlmasB/FXGL
13:02:04.969 [JavaFX Application Thread] DEBUG PrimaryStageWindow   - Creating a JavaFX scene
13:02:04.991 [JavaFX Application Thread] DEBUG PrimaryStageWindow   - Target settings size: 1280.0 x 720.0
13:02:04.991 [JavaFX Application Thread] DEBUG PrimaryStageWindow   - Scaled scene size:    1280.0 x 720.0
13:02:04.991 [JavaFX Application Thread] DEBUG PrimaryStageWindow   - Scaled ratio: (1.0, 1.0)
13:02:04.991 [JavaFX Application Thread] DEBUG PrimaryStageWindow   - Set initial scene to FXGLStartupScene
13:02:04.994 [JavaFX Application Thread] DEBUG PrimaryStageWindow   - Opening main window
13:02:05.077 [JavaFX Application Thread] DEBUG PrimaryStageWindow   - Window border size: (0.0, 28.0)
13:02:05.077 [JavaFX Application Thread] DEBUG PrimaryStageWindow   - Scaled size: 1280.0 x 720.0
13:02:05.077 [JavaFX Application Thread] DEBUG PrimaryStageWindow   - Scaled ratio: (1.0, 1.0)
13:02:05.077 [JavaFX Application Thread] DEBUG PrimaryStageWindow   - Scene size: 1280.0 x 720.0
13:02:05.077 [JavaFX Application Thread] DEBUG PrimaryStageWindow   - Stage size: 1280.0 x 748.0
13:02:05.082 [FXGL Background Thread 1 ] DEBUG Engine               - Initializing environment variables
13:02:05.105 [FXGL Background Thread 1 ] DEBUG FXGLAssetLoaderServi - User app class for loading assets: class com.sunsofgod.PlatformerApp
13:02:05.106 [FXGL Background Thread 1 ] DEBUG GameApplicationServi - Applying CSS: fxgl_dark.css
13:02:05.106 [FXGL Background Thread 1 ] DEBUG FXGLAssetLoaderServi - Loading from file system: jar:file:///Users/aaron/.m2/repository/com/github/almasb/fxgl/17.2/fxgl-17.2.jar!/fxglassets/ui/css/fxgl_dark.css
13:02:05.151 [FXGL Background Thread 1 ] DEBUG GameApplicationServi - Initializing application scenes
13:02:05.584 [FXGL Background Thread 1 ] DEBUG GameWorld            - Game world initialized
13:02:05.742 [FXGL Background Thread 1 ] DEBUG PhysicsWorld         - Physics world initialized: appHeight=720, physics.ppm=50.0
13:02:05.743 [FXGL Background Thread 1 ] DEBUG PhysicsWorld         - Using strategy: BRUTE_FORCE
13:02:05.748 [FXGL Background Thread 1 ] DEBUG GameScene            - Game scene initialized: 1280x720
13:02:05.770 [FXGL Background Thread 1 ] DEBUG FXGL.DefaultMenu     - createMenuBodyMainMenu()
13:02:05.781 [FXGL Background Thread 1 ] DEBUG FXGL.DefaultMenu     - createOptionsMenu()
13:02:05.786 [FXGL Background Thread 1 ] DEBUG FXGLAssetLoaderServi - Loading from file system: jar:file:///Users/aaron/.m2/repository/com/github/almasb/fxgl/17.2/fxgl-17.2.jar!/fxglassets/textures/particles/smoke.png
13:02:05.875 [FXGL Background Thread 1 ] DEBUG FXGLAssetLoaderServi - Loading from file system: jar:file:///Users/aaron/.m2/repository/com/github/almasb/fxgl/17.2/fxgl-17.2.jar!/fxglassets/textures/particles/trace_horizontal.png
13:02:05.890 [FXGL Background Thread 1 ] DEBUG FXGL.DefaultMenu     - createMenuBodyGameMenu()
13:02:05.891 [FXGL Background Thread 1 ] DEBUG FXGL.DefaultMenu     - createOptionsMenu()
13:02:05.907 [FXGL Background Thread 1 ] DEBUG GameApplicationServi - Application scenes initialized
13:02:05.913 [FXGL Background Thread 1 ] DEBUG SystemBundleService  - Loading FXGL system data
13:02:05.916 [FXGL Background Thread 1 ] DEBUG FileSystemAccess     - Reading from: /Users/aaron/Downloads/JavaFXGame/system/fxgl.bundle
13:02:05.920 [FXGL Background Thread 1 ] DEBUG SystemBundleService  - Bundle FXGL: {}
13:02:05.920 [FXGL Background Thread 1 ] DEBUG UpdaterService       - Checking for updates
13:02:05.932 [FXGL Background Thread 4 ] DEBUG FXGLApplication      - Loading fonts
13:02:05.932 [FXGL Background Thread 1 ] DEBUG FXGLApplication      - Loading default localization
13:02:05.932 [FXGL Background Thread 4 ] DEBUG FXGLAssetLoaderServi - Loading from file system: jar:file:///Users/aaron/.m2/repository/com/github/almasb/fxgl/17.2/fxgl-17.2.jar!/fxglassets/ui/fonts/VarelaRound-Regular.ttf
13:02:05.932 [FXGL Background Thread 1 ] DEBUG FXGLAssetLoaderServi - Loading from file system: jar:file:///Users/aaron/.m2/repository/com/github/almasb/fxgl/17.2/fxgl-17.2.jar!/fxglassets/languages/english.lang
13:02:05.940 [FXGL Background Thread 4 ] DEBUG FXGLAssetLoaderServi - Loading from file system: jar:file:///Users/aaron/.m2/repository/com/github/almasb/fxgl/17.2/fxgl-17.2.jar!/fxglassets/ui/fonts/Abel-Regular.ttf
13:02:05.942 [FXGL Background Thread 4 ] DEBUG FXGLAssetLoaderServi - Loading from file system: jar:file:///Users/aaron/.m2/repository/com/github/almasb/fxgl/17.2/fxgl-17.2.jar!/fxglassets/ui/fonts/TerminalLandMono-Regular.otf
13:02:05.943 [FXGL Background Thread 1 ] INFO  FXGLApplication      - FXGL initialization took: 0.860 sec
13:02:05.943 [JavaFX Application Thread] DEBUG FXGLAssetLoaderServi - Loading from file system: jar:file:///Users/aaron/.m2/repository/com/github/almasb/fxgl/17.2/fxgl-17.2.jar!/fxglassets/textures/fxgl_icon.png
13:02:05.945 [FXGL Background Thread 4 ] DEBUG FXGLAssetLoaderServi - Loading from file system: jar:file:///Users/aaron/.m2/repository/com/github/almasb/fxgl/17.2/fxgl-17.2.jar!/fxglassets/ui/fonts/Courier-Prime.ttf
13:02:05.962 [JavaFX Application Thread] DEBUG FXGLAssetLoaderServi - Loading from file system: jar:file:///Users/aaron/.m2/repository/com/github/almasb/fxgl/17.2/fxgl-17.2.jar!/fxglassets/textures/fxgl_default_cursor.png
13:02:05.967 [JavaFX Application Thread] DEBUG Input                - Registered new binding: Screenshot - CTRL+8
13:02:05.967 [JavaFX Application Thread] DEBUG Input                - Registered new binding: Dev Options - 1
13:02:05.967 [JavaFX Application Thread] DEBUG Input                - Registered new binding: Dev Console - 2
13:02:05.967 [JavaFX Application Thread] DEBUG Input                - Registered new binding: System info dump - CTRL+9
13:02:05.967 [JavaFX Application Thread] DEBUG Input                - Registered new binding: Restart - CTRL+R
13:02:05.968 [JavaFX Application Thread] DEBUG Input                - Registered new binding: Toggle Debug Camera - CTRL+7
13:02:05.969 [JavaFX Application Thread] DEBUG LoopRunner           - Starting loop
13:02:05.974 [JavaFX Application Thread] DEBUG LoopRunner           - Initializing JavaFX AnimationTimerLoop
13:02:05.975 [JavaFX Application Thread] DEBUG Input                - Clearing active input actions
13:02:05.979 [JavaFX Application Thread] DEBUG GameApplicationServi - Removing overlay from FXGLStartupScene and adding to FXGLMainMenuDummyScene
13:02:05.980 [JavaFX Application Thread] DEBUG PrimaryStageWindow   - FXGLStartupScene -> FXGLMainMenuDummyScene
13:02:05.980 [JavaFX Application Thread] DEBUG PrimaryStageWindow   - Push state: FXGLDefaultMenu
13:02:05.982 [JavaFX Application Thread] DEBUG Input                - Clearing active input actions
13:02:05.985 [JavaFX Application Thread] DEBUG GameApplicationServi - Removing overlay from FXGLMainMenuDummyScene and adding to FXGLDefaultMenu
13:02:05.985 [JavaFX Application Thread] DEBUG PrimaryStageWindow   - FXGLMainMenuDummyScene -> FXGLDefaultMenu
13:02:05.988 [JavaFX Application Thread] DEBUG FXGLApplication      - Registering font factories with UI factory
13:02:06.272 [FXGL Background Thread 2 ] INFO  UpdaterService       - Your current version:  17.2
13:02:06.272 [FXGL Background Thread 2 ] INFO  UpdaterService       - Latest stable version: 21.1
13:02:08.859 [JavaFX Application Thread] DEBUG Menu                 - fireNewGame()
13:02:08.860 [JavaFX Application Thread] DEBUG GameApplicationServi - Starting new game
13:02:08.861 [JavaFX Application Thread] DEBUG PrimaryStageWindow   - Pop state: FXGLDefaultMenu
13:02:08.861 [JavaFX Application Thread] DEBUG Input                - Clearing active input actions
13:02:08.862 [JavaFX Application Thread] DEBUG GameApplicationServi - Removing overlay from FXGLDefaultMenu and adding to FXGLMainMenuDummyScene
13:02:08.863 [JavaFX Application Thread] DEBUG PrimaryStageWindow   - FXGLMainMenuDummyScene <- FXGLDefaultMenu
13:02:08.863 [JavaFX Application Thread] DEBUG Input                - Clearing active input actions
13:02:08.867 [JavaFX Application Thread] DEBUG GameApplicationServi - Removing overlay from FXGLMainMenuDummyScene and adding to FXGLLoadingScene
13:02:08.867 [JavaFX Application Thread] DEBUG PrimaryStageWindow   - FXGLMainMenuDummyScene -> FXGLLoadingScene
13:02:08.867 [JavaFX Application Thread] DEBUG GameApplicationServi - Clearing previous game
13:02:08.867 [JavaFX Application Thread] DEBUG GameScene            - Clearing game scene
13:02:08.867 [JavaFX Application Thread] DEBUG GameWorld            - Clearing game world
13:02:08.867 [JavaFX Application Thread] DEBUG PhysicsWorld         - Clearing physics world
13:02:08.870 [FXGL Background Thread 2 ] DEBUG FXGLApplication      - Initializing game
13:02:08.937 [FXGL Background Thread 3 ] DEBUG Engine               - Logging environment variables
13:02:08.938 [FXGL Background Thread 3 ] DEBUG Engine               - achievements: []
13:02:08.938 [FXGL Background Thread 3 ] DEBUG Engine               - actualHeight: 720.0
13:02:08.938 [FXGL Background Thread 3 ] DEBUG Engine               - actualHeightProperty: ReadOnlyDoubleProperty [value: 720.0]
13:02:08.938 [FXGL Background Thread 3 ] DEBUG Engine               - actualWidth: 1280.0
13:02:08.938 [FXGL Background Thread 3 ] DEBUG Engine               - actualWidthProperty: ReadOnlyDoubleProperty [value: 1280.0]
13:02:08.938 [FXGL Background Thread 3 ] DEBUG Engine               - appIcon: fxgl_icon.png
13:02:08.938 [FXGL Background Thread 3 ] DEBUG Engine               - applicationMode: DEVELOPER
13:02:08.938 [FXGL Background Thread 3 ] DEBUG Engine               - cSSList: [fxgl_dark.css]
13:02:08.939 [FXGL Background Thread 3 ] DEBUG Engine               - collisionDetectionStrategy: BRUTE_FORCE
13:02:08.939 [FXGL Background Thread 3 ] DEBUG Engine               - configClass: Optional.empty
13:02:08.939 [FXGL Background Thread 3 ] DEBUG Engine               - credits: []
13:02:08.939 [FXGL Background Thread 3 ] DEBUG Engine               - defaultCursor: CursorInfo(imageName=fxgl_default_cursor.png, hotspotX=7.0, hotspotY=6.0)
13:02:08.939 [FXGL Background Thread 3 ] DEBUG Engine               - devBBoxColorProperty: ObjectProperty [value: 0xff0000ff]
13:02:08.939 [FXGL Background Thread 3 ] DEBUG Engine               - devEnableDebugCameraProperty: BooleanProperty [value: false]
13:02:08.939 [FXGL Background Thread 3 ] DEBUG Engine               - devSensorColorProperty: ObjectProperty [value: 0xffff00ff]
13:02:08.939 [FXGL Background Thread 3 ] DEBUG Engine               - devShowBBoxProperty: BooleanProperty [value: false]
13:02:08.939 [FXGL Background Thread 3 ] DEBUG Engine               - devShowPositionProperty: BooleanProperty [value: false]
13:02:08.940 [FXGL Background Thread 3 ] DEBUG Engine               - enabledMenuItems: []
13:02:08.940 [FXGL Background Thread 3 ] DEBUG Engine               - engineServices: [class com.almasb.fxgl.app.services.FXGLAssetLoaderService, class com.almasb.fxgl.app.FXGLApplication$GameApplicationService, class com.almasb.fxgl.app.services.FXGLDialogService, class com.almasb.fxgl.app.services.IOTaskExecutorService, class com.almasb.fxgl.io.FileSystemService, class com.almasb.fxgl.localization.LocalizationService, class com.almasb.fxgl.app.services.SystemBundleService, class com.almasb.fxgl.profile.SaveLoadService, class com.almasb.fxgl.ui.FXGLUIFactoryServiceProvider, class com.almasb.fxgl.ui.FXGLDialogFactoryServiceProvider, class com.almasb.fxgl.audio.AudioPlayer, class com.almasb.fxgl.notification.impl.NotificationServiceProvider, class com.almasb.fxgl.achievement.AchievementService, class com.almasb.fxgl.cutscene.CutsceneService, class com.almasb.fxgl.minigames.MiniGameService, class com.almasb.fxgl.net.NetService, class com.almasb.fxgl.app.services.UpdaterService, class com.almasb.fxgl.dev.DevService]
13:02:08.940 [FXGL Background Thread 3 ] DEBUG Engine               - fontGame: Abel-Regular.ttf
13:02:08.940 [FXGL Background Thread 3 ] DEBUG Engine               - fontMono: TerminalLandMono-Regular.otf
13:02:08.940 [FXGL Background Thread 3 ] DEBUG Engine               - fontText: Courier-Prime.ttf
13:02:08.940 [FXGL Background Thread 3 ] DEBUG Engine               - fontUI: VarelaRound-Regular.ttf
13:02:08.940 [FXGL Background Thread 3 ] DEBUG Engine               - fullScreen: BooleanProperty [value: false]
13:02:08.940 [FXGL Background Thread 3 ] DEBUG Engine               - gameDifficulty: MEDIUM
13:02:08.940 [FXGL Background Thread 3 ] DEBUG Engine               - gameDifficultyProperty: ObjectProperty [value: MEDIUM]
13:02:08.941 [FXGL Background Thread 3 ] DEBUG Engine               - globalMusicVolume: 0.5
13:02:08.941 [FXGL Background Thread 3 ] DEBUG Engine               - globalMusicVolumeProperty: DoubleProperty [value: 0.25]
13:02:08.941 [FXGL Background Thread 3 ] DEBUG Engine               - globalSoundVolume: 0.5
13:02:08.941 [FXGL Background Thread 3 ] DEBUG Engine               - globalSoundVolumeProperty: DoubleProperty [value: 0.5]
13:02:08.941 [FXGL Background Thread 3 ] DEBUG Engine               - height: 720
13:02:08.942 [FXGL Background Thread 3 ] DEBUG Engine               - is3D: false
13:02:08.942 [FXGL Background Thread 3 ] DEBUG Engine               - isAndroid: false
13:02:08.942 [FXGL Background Thread 3 ] DEBUG Engine               - isBrowser: false
13:02:08.942 [FXGL Background Thread 3 ] DEBUG Engine               - isClickFeedbackEnabled: false
13:02:08.942 [FXGL Background Thread 3 ] DEBUG Engine               - isCloseConfirmation: false
13:02:08.943 [FXGL Background Thread 3 ] DEBUG Engine               - isDesktop: true
13:02:08.943 [FXGL Background Thread 3 ] DEBUG Engine               - isDeveloperMenuEnabled: true
13:02:08.943 [FXGL Background Thread 3 ] DEBUG Engine               - isEmbedded: false
13:02:08.943 [FXGL Background Thread 3 ] DEBUG Engine               - isEntityPreloadEnabled: true
13:02:08.943 [FXGL Background Thread 3 ] DEBUG Engine               - isExperimentalTiledLargeMap: false
13:02:08.943 [FXGL Background Thread 3 ] DEBUG Engine               - isFileSystemWriteAllowed: true
13:02:08.943 [FXGL Background Thread 3 ] DEBUG Engine               - isFullScreenAllowed: false
13:02:08.943 [FXGL Background Thread 3 ] DEBUG Engine               - isFullScreenFromStart: false
13:02:08.943 [FXGL Background Thread 3 ] DEBUG Engine               - isGameMenuEnabled: true
13:02:08.943 [FXGL Background Thread 3 ] DEBUG Engine               - isIOS: false
13:02:08.943 [FXGL Background Thread 3 ] DEBUG Engine               - isIntroEnabled: false
13:02:08.943 [FXGL Background Thread 3 ] DEBUG Engine               - isLinux: false
13:02:08.944 [FXGL Background Thread 3 ] DEBUG Engine               - isMac: true
13:02:08.944 [FXGL Background Thread 3 ] DEBUG Engine               - isMainMenuEnabled: true
13:02:08.944 [FXGL Background Thread 3 ] DEBUG Engine               - isManualResizeEnabled: false
13:02:08.944 [FXGL Background Thread 3 ] DEBUG Engine               - isMobile: false
13:02:08.944 [FXGL Background Thread 3 ] DEBUG Engine               - isNative: false
13:02:08.944 [FXGL Background Thread 3 ] DEBUG Engine               - isPauseMusicWhenMinimized: true
13:02:08.945 [FXGL Background Thread 3 ] DEBUG Engine               - isPreserveResizeRatio: false
13:02:08.945 [FXGL Background Thread 3 ] DEBUG Engine               - isProfilingEnabled: false
13:02:08.945 [FXGL Background Thread 3 ] DEBUG Engine               - isScaleAffectedOnResize: true
13:02:08.945 [FXGL Background Thread 3 ] DEBUG Engine               - isSingleStep: false
13:02:08.946 [FXGL Background Thread 3 ] DEBUG Engine               - isUserProfileEnabled: false
13:02:08.946 [FXGL Background Thread 3 ] DEBUG Engine               - isWindows: false
13:02:08.946 [FXGL Background Thread 3 ] DEBUG Engine               - language: ObjectProperty [value: ENGLISH]
13:02:08.946 [FXGL Background Thread 3 ] DEBUG Engine               - menuKey: ESCAPE
13:02:08.946 [FXGL Background Thread 3 ] DEBUG Engine               - mouseSensitivity: 0.2
13:02:08.946 [FXGL Background Thread 3 ] DEBUG Engine               - notificationViewClass: class com.almasb.fxgl.notification.view.XboxNotificationView
13:02:08.947 [FXGL Background Thread 3 ] DEBUG Engine               - pixelsPerMeter: 50.0
13:02:08.947 [FXGL Background Thread 3 ] DEBUG Engine               - platform: MAC
13:02:08.947 [FXGL Background Thread 3 ] DEBUG Engine               - prefHeightProperty: ReadOnlyDoubleProperty [value: 720.0]
13:02:08.947 [FXGL Background Thread 3 ] DEBUG Engine               - prefWidthProperty: ReadOnlyDoubleProperty [value: 1280.0]
13:02:08.948 [FXGL Background Thread 3 ] DEBUG Engine               - profileDir: profiles/
13:02:08.948 [FXGL Background Thread 3 ] DEBUG Engine               - profileName: StringProperty [value: DEFAULT]
13:02:08.948 [FXGL Background Thread 3 ] DEBUG Engine               - randomSeed: -1
13:02:08.948 [FXGL Background Thread 3 ] DEBUG Engine               - runtimeInfo: RuntimeInfo(platform=MAC, version=17.2, build=20.08.2022 16.50)
13:02:08.950 [FXGL Background Thread 3 ] DEBUG Engine               - saveFileExt: sav
13:02:08.997 [FXGL Background Thread 3 ] DEBUG Engine               - scaledHeightProp$fxgl: DoubleProperty [bound, value: 720.0]
13:02:08.999 [FXGL Background Thread 3 ] DEBUG Engine               - scaledWidthProp$fxgl: DoubleProperty [bound, value: 1280.0]
13:02:08.999 [FXGL Background Thread 3 ] DEBUG Engine               - sceneFactory: com.almasb.fxgl.app.scene.SceneFactory@7140932f
13:02:08.999 [FXGL Background Thread 3 ] DEBUG Engine               - secondsIn24h: 60
13:02:08.999 [FXGL Background Thread 3 ] DEBUG Engine               - soundMenuBack: menu/back.wav
13:02:09.000 [FXGL Background Thread 3 ] DEBUG Engine               - soundMenuPress: menu/press.wav
13:02:09.000 [FXGL Background Thread 3 ] DEBUG Engine               - soundMenuSelect: menu/select.wav
13:02:09.000 [FXGL Background Thread 3 ] DEBUG Engine               - soundNotification: core/notification.wav
13:02:09.000 [FXGL Background Thread 3 ] DEBUG Engine               - stageStyle: DECORATED
13:02:09.000 [FXGL Background Thread 3 ] DEBUG Engine               - supportedLanguages: [ENGLISH, FRENCH, GERMAN, HUNGARIAN, RUSSIAN]
13:02:09.000 [FXGL Background Thread 3 ] DEBUG Engine               - ticksPerSecond: -1
13:02:09.000 [FXGL Background Thread 3 ] DEBUG Engine               - title: Untitled
13:02:09.000 [FXGL Background Thread 3 ] DEBUG Engine               - urlGithub: https://github.com/AlmasB/FXGL
13:02:09.001 [FXGL Background Thread 3 ] DEBUG Engine               - urlLeaderboard: http://fxgl-top.herokuapp.com/
13:02:09.001 [FXGL Background Thread 3 ] DEBUG Engine               - urlPOM: https://raw.githubusercontent.com/AlmasB/FXGL/release/README.md
13:02:09.001 [FXGL Background Thread 3 ] DEBUG Engine               - userAppClass: class com.sunsofgod.PlatformerApp
13:02:09.001 [FXGL Background Thread 3 ] DEBUG Engine               - version: 0.0
13:02:09.001 [FXGL Background Thread 3 ] DEBUG Engine               - versionCheckDays: 7
13:02:09.001 [FXGL Background Thread 3 ] DEBUG Engine               - width: 1280
13:02:09.001 [FXGL Background Thread 3 ] DEBUG Engine               - Logging services
13:02:09.002 [FXGL Background Thread 3 ] DEBUG Engine               - class com.almasb.fxgl.app.services.FXGLAssetLoaderService
13:02:09.002 [FXGL Background Thread 3 ] DEBUG Engine               - class com.almasb.fxgl.app.FXGLApplication$GameApplicationService
13:02:09.002 [FXGL Background Thread 3 ] DEBUG Engine               - class com.almasb.fxgl.app.services.FXGLDialogService
13:02:09.002 [FXGL Background Thread 3 ] DEBUG Engine               - class com.almasb.fxgl.app.services.IOTaskExecutorService
13:02:09.002 [FXGL Background Thread 3 ] DEBUG Engine               - class com.almasb.fxgl.io.FileSystemService
13:02:09.003 [FXGL Background Thread 3 ] DEBUG Engine               - class com.almasb.fxgl.localization.LocalizationService
13:02:09.003 [FXGL Background Thread 3 ] DEBUG Engine               - class com.almasb.fxgl.app.services.SystemBundleService
13:02:09.003 [FXGL Background Thread 3 ] DEBUG Engine               - class com.almasb.fxgl.profile.SaveLoadService
13:02:09.004 [FXGL Background Thread 3 ] DEBUG Engine               - class com.almasb.fxgl.ui.FXGLUIFactoryServiceProvider
13:02:09.004 [FXGL Background Thread 3 ] DEBUG Engine               - class com.almasb.fxgl.ui.FXGLDialogFactoryServiceProvider
13:02:09.004 [FXGL Background Thread 3 ] DEBUG Engine               - class com.almasb.fxgl.audio.AudioPlayer
13:02:09.004 [FXGL Background Thread 3 ] DEBUG Engine               - class com.almasb.fxgl.notification.impl.NotificationServiceProvider
13:02:09.004 [FXGL Background Thread 3 ] DEBUG Engine               - class com.almasb.fxgl.achievement.AchievementService
13:02:09.004 [FXGL Background Thread 3 ] DEBUG Engine               - class com.almasb.fxgl.cutscene.CutsceneService
13:02:09.005 [FXGL Background Thread 3 ] DEBUG Engine               - class com.almasb.fxgl.minigames.MiniGameService
13:02:09.005 [FXGL Background Thread 3 ] DEBUG Engine               - class com.almasb.fxgl.net.NetService
13:02:09.005 [FXGL Background Thread 3 ] DEBUG Engine               - class com.almasb.fxgl.app.services.UpdaterService
13:02:09.005 [FXGL Background Thread 3 ] DEBUG Engine               - class com.almasb.fxgl.dev.DevService
13:02:09.024 [FXGL Background Thread 2 ] WARN  TMXLevelLoader       - TiledMap generated from 1.11.0. Supported version: 1.9.0. Some features may not be parsed fully.
13:02:09.039 [FXGL Background Thread 2 ] DEBUG TMXLevelLoader       - Parsed TiledMap: file:/Users/aaron/Downloads/JavaFXGame/target/classes/assets/levels/tmx/level1.tmx
13:02:09.040 [FXGL Background Thread 2 ] DEBUG TMXLevelLoader       - Creating tile layer entities
13:02:09.041 [FXGL Background Thread 2 ] DEBUG TilesetLoader        - Loading view for layer Tile Layer 1
13:02:09.042 [FXGL Background Thread 2 ] DEBUG TilesetLoader        - Created buffer with size 1050.0x700.0
13:02:09.062 [FXGL Background Thread 2 ] DEBUG TMXLevelLoader       - Creating object layer entities
13:02:09.072 [FXGL Background Thread 2 ] DEBUG GameWorld            - Clearing removable entities
13:02:09.073 [FXGL Background Thread 2 ] DEBUG GameWorld            - Setting level: com.almasb.fxgl.entity.level.Level@576a40a6
13:02:09.076 [FXGL Background Thread 2 ] DEBUG FXGLAssetLoaderServi - Loading from file system: file:/Users/aaron/Downloads/JavaFXGame/target/classes/assets/textures/player.png
13:02:09.082 [FXGL Background Thread 2 ] DEBUG Input                - Registered new binding: Jump0 - W
13:02:09.082 [FXGL Background Thread 2 ] DEBUG Input                - Registered new binding: Left0 - A
13:02:09.082 [FXGL Background Thread 2 ] DEBUG Input                - Registered new binding: Right0 - D
13:02:09.083 [FXGL Background Thread 2 ] DEBUG Input                - Registered new binding: Use0 - E
13:02:09.083 [FXGL Background Thread 2 ] DEBUG Input                - Registered new binding: Jump1 - Up
13:02:09.083 [FXGL Background Thread 2 ] DEBUG Input                - Registered new binding: Left1 - Left
13:02:09.083 [FXGL Background Thread 2 ] DEBUG Input                - Registered new binding: Right1 - Right
13:02:09.083 [FXGL Background Thread 2 ] DEBUG Input                - Registered new binding: Use1 - Slash
13:02:09.084 [FXGL Background Thread 2 ] DEBUG FXGLAssetLoaderServi - Loading from file system: file:/Users/aaron/Downloads/JavaFXGame/target/classes/assets/textures/background/manila.png
13:02:09.092 [FXGL Background Thread 2 ] INFO  FXGLApplication      - Game initialization took: 0.223 sec
13:02:09.093 [JavaFX Application Thread] DEBUG Input                - Clearing active input actions
13:02:09.095 [JavaFX Application Thread] DEBUG GameApplicationServi - Removing overlay from FXGLLoadingScene and adding to GameScene
13:02:09.097 [JavaFX Application Thread] DEBUG PrimaryStageWindow   - FXGLLoadingScene -> GameScene
13:26:15.408 [JavaFX Application Thread] DEBUG FXGLAssetLoaderServi - Loading from file system: file:/Users/aaron/Downloads/JavaFXGame/target/classes/assets/textures/exit_sign.png
13:36:16.206 [JavaFX Application Thread] DEBUG FXGLApplication      - Exiting FXGL
13:36:16.211 [JavaFX Application Thread] DEBUG LoopRunner           - Stopping loop
13:36:16.211 [JavaFX Application Thread] DEBUG SystemBundleService  - Saving FXGL system data
13:36:16.230 [JavaFX Application Thread] DEBUG FileSystemAccess     - Writing to: /Users/aaron/Downloads/JavaFXGame/system/fxgl.bundle
13:36:16.236 [JavaFX Application Thread] DEBUG Async                - Shutting down background threads
13:36:16.237 [JavaFX Application Thread] DEBUG PrimaryStageWindow   - Closing main window
13:36:16.253 [JavaFX Application Thread] DEBUG Logger               - Closing Logger
