00:28:37.179 [main                     ] DEBUG Logger               - Configured Logger
00:28:37.197 [main                     ] DEBUG GameApplication      - Logging settings
Title: Untitled
Version: 0.0
Width: 1280
Height: 720
Fullscreen: false
Intro: false
Profiling: false
Single step:false
App Mode: DEVELOPER
Menu Key: ESCAPE
Stage Style: DECORATED
Scene Factory: class com.sunsofgod.PlatformerApp$1

00:28:37.453 [JavaFX Application Thread] DEBUG FXGLApplication      - Initializing FXGL
00:28:37.456 [JavaFX Application Thread] INFO  Engine               - FXGL-17.2 (20.08.2022 16.50) on WINDOWS (J:21.0.4 FX:17.0.12)
00:28:37.456 [JavaFX Application Thread] DEBUG Engine               - JRE Vendor Name: Eclipse Adoptium
00:28:37.456 [JavaFX Application Thread] DEBUG Engine               - Running on OS: Windows 11 version 10.0
00:28:37.457 [JavaFX Application Thread] DEBUG Engine               - Architecture: amd64
00:28:37.457 [JavaFX Application Thread] INFO  Engine               - Source code and latest versions at: https://github.com/AlmasB/FXGL
00:28:37.457 [JavaFX Application Thread] INFO  Engine               -       Ask questions and discuss at: https://github.com/AlmasB/FXGL/discussions
00:28:37.457 [JavaFX Application Thread] INFO  Engine               -              Join the FXGL chat at: https://gitter.im/AlmasB/FXGL
00:28:37.522 [JavaFX Application Thread] DEBUG PrimaryStageWindow   - Creating a JavaFX scene
00:28:37.555 [JavaFX Application Thread] DEBUG PrimaryStageWindow   - Target settings size: 1280.0 x 720.0
00:28:37.555 [JavaFX Application Thread] DEBUG PrimaryStageWindow   - Scaled scene size:    1280.0 x 720.0
00:28:37.555 [JavaFX Application Thread] DEBUG PrimaryStageWindow   - Scaled ratio: (1.0, 1.0)
00:28:37.555 [JavaFX Application Thread] DEBUG PrimaryStageWindow   - Set initial scene to FXGLStartupScene
00:28:37.561 [JavaFX Application Thread] DEBUG PrimaryStageWindow   - Opening main window
00:28:37.626 [JavaFX Application Thread] DEBUG PrimaryStageWindow   - Window border size: (14.4000244140625, 37.5999755859375)
00:28:37.626 [JavaFX Application Thread] DEBUG PrimaryStageWindow   - Scaled size: 1280.0 x 720.0
00:28:37.626 [JavaFX Application Thread] DEBUG PrimaryStageWindow   - Scaled ratio: (1.0, 1.0)
00:28:37.627 [JavaFX Application Thread] DEBUG PrimaryStageWindow   - Scene size: 1280.0 x 720.0
00:28:37.627 [JavaFX Application Thread] DEBUG PrimaryStageWindow   - Stage size: 1294.4000244140625 x 757.5999755859375
00:28:37.632 [FXGL Background Thread 1 ] DEBUG Engine               - Initializing environment variables
00:28:37.675 [FXGL Background Thread 1 ] DEBUG FXGLAssetLoaderServi - User app class for loading assets: class com.sunsofgod.PlatformerApp
00:28:37.675 [FXGL Background Thread 1 ] DEBUG GameApplicationServi - Applying CSS: fxgl_dark.css
00:28:37.676 [FXGL Background Thread 1 ] DEBUG FXGLAssetLoaderServi - Loading from file system: jar:file:///C:/Users/jamie/.m2/repository/com/github/almasb/fxgl/17.2/fxgl-17.2.jar!/fxglassets/ui/css/fxgl_dark.css
00:28:37.719 [FXGL Background Thread 1 ] DEBUG GameApplicationServi - Initializing application scenes
00:28:37.759 [FXGL Background Thread 1 ] DEBUG FXGLAssetLoaderServi - Loading from file system: file:/C:/Users/jamie/OneDrive/Documents/JavaFXGame-3/target/classes/assets/textures/player.png
00:28:37.779 [FXGL Background Thread 1 ] DEBUG GameWorld            - Game world initialized
00:28:37.827 [FXGL Background Thread 1 ] DEBUG PhysicsWorld         - Physics world initialized: appHeight=720, physics.ppm=50.0
00:28:37.827 [FXGL Background Thread 1 ] DEBUG PhysicsWorld         - Using strategy: BRUTE_FORCE
00:28:37.831 [FXGL Background Thread 1 ] DEBUG GameScene            - Game scene initialized: 1280x720
00:28:38.033 [FXGL Background Thread 1 ] DEBUG FXGL.DefaultMenu     - createMenuBodyGameMenu()
00:28:38.039 [FXGL Background Thread 1 ] DEBUG FXGL.DefaultMenu     - createOptionsMenu()
00:28:38.045 [FXGL Background Thread 1 ] DEBUG FXGLAssetLoaderServi - Loading from file system: jar:file:///C:/Users/jamie/.m2/repository/com/github/almasb/fxgl/17.2/fxgl-17.2.jar!/fxglassets/textures/particles/smoke.png
00:28:38.088 [FXGL Background Thread 1 ] DEBUG FXGLAssetLoaderServi - Loading from file system: jar:file:///C:/Users/jamie/.m2/repository/com/github/almasb/fxgl/17.2/fxgl-17.2.jar!/fxglassets/textures/particles/trace_horizontal.png
00:28:38.100 [FXGL Background Thread 1 ] DEBUG GameApplicationServi - Application scenes initialized
00:28:38.112 [FXGL Background Thread 1 ] DEBUG SystemBundleService  - Loading FXGL system data
00:28:38.117 [FXGL Background Thread 1 ] DEBUG FileSystemAccess     - Reading from: C:\Users\jamie\OneDrive\Documents\JavaFXGame-3\system\fxgl.bundle
00:28:38.126 [FXGL Background Thread 1 ] DEBUG SystemBundleService  - Bundle FXGL: {}
00:28:38.126 [FXGL Background Thread 1 ] DEBUG UpdaterService       - Checking for updates
00:28:38.146 [FXGL Background Thread 4 ] DEBUG FXGLApplication      - Loading fonts
00:28:38.147 [FXGL Background Thread 1 ] DEBUG FXGLApplication      - Loading default localization
00:28:38.147 [FXGL Background Thread 4 ] DEBUG FXGLAssetLoaderServi - Loading from file system: jar:file:///C:/Users/jamie/.m2/repository/com/github/almasb/fxgl/17.2/fxgl-17.2.jar!/fxglassets/ui/fonts/VarelaRound-Regular.ttf
00:28:38.147 [FXGL Background Thread 1 ] DEBUG FXGLAssetLoaderServi - Loading from file system: jar:file:///C:/Users/jamie/.m2/repository/com/github/almasb/fxgl/17.2/fxgl-17.2.jar!/fxglassets/languages/english.lang
00:28:38.165 [FXGL Background Thread 1 ] INFO  FXGLApplication      - FXGL initialization took: 0.533 sec
00:28:38.167 [JavaFX Application Thread] DEBUG FXGLAssetLoaderServi - Loading from file system: jar:file:///C:/Users/jamie/.m2/repository/com/github/almasb/fxgl/17.2/fxgl-17.2.jar!/fxglassets/textures/fxgl_icon.png
00:28:38.178 [JavaFX Application Thread] DEBUG FXGLAssetLoaderServi - Loading from file system: jar:file:///C:/Users/jamie/.m2/repository/com/github/almasb/fxgl/17.2/fxgl-17.2.jar!/fxglassets/textures/fxgl_default_cursor.png
00:28:38.189 [JavaFX Application Thread] DEBUG Input                - Registered new binding: Screenshot - CTRL+8
00:28:38.190 [FXGL Background Thread 4 ] DEBUG FXGLAssetLoaderServi - Loading from file system: jar:file:///C:/Users/jamie/.m2/repository/com/github/almasb/fxgl/17.2/fxgl-17.2.jar!/fxglassets/ui/fonts/Abel-Regular.ttf
00:28:38.190 [JavaFX Application Thread] DEBUG Input                - Registered new binding: Dev Options - 1
00:28:38.190 [JavaFX Application Thread] DEBUG Input                - Registered new binding: Dev Console - 2
00:28:38.191 [JavaFX Application Thread] DEBUG Input                - Registered new binding: System info dump - CTRL+9
00:28:38.191 [JavaFX Application Thread] DEBUG Input                - Registered new binding: Restart - CTRL+R
00:28:38.192 [JavaFX Application Thread] DEBUG Input                - Registered new binding: Toggle Debug Camera - CTRL+7
00:28:38.194 [FXGL Background Thread 4 ] DEBUG FXGLAssetLoaderServi - Loading from file system: jar:file:///C:/Users/jamie/.m2/repository/com/github/almasb/fxgl/17.2/fxgl-17.2.jar!/fxglassets/ui/fonts/TerminalLandMono-Regular.otf
00:28:38.196 [JavaFX Application Thread] DEBUG LoopRunner           - Starting loop
00:28:38.199 [FXGL Background Thread 4 ] DEBUG FXGLAssetLoaderServi - Loading from file system: jar:file:///C:/Users/jamie/.m2/repository/com/github/almasb/fxgl/17.2/fxgl-17.2.jar!/fxglassets/ui/fonts/Courier-Prime.ttf
00:28:38.209 [JavaFX Application Thread] DEBUG LoopRunner           - Initializing JavaFX AnimationTimerLoop
00:28:38.213 [JavaFX Application Thread] DEBUG Input                - Clearing active input actions
00:28:38.233 [JavaFX Application Thread] DEBUG GameApplicationServi - Removing overlay from FXGLStartupScene and adding to FXGLMainMenuDummyScene
00:28:38.239 [JavaFX Application Thread] DEBUG PrimaryStageWindow   - FXGLStartupScene -> FXGLMainMenuDummyScene
00:28:38.239 [JavaFX Application Thread] DEBUG PrimaryStageWindow   - Push state: RiderMainMenuScene
00:28:38.239 [JavaFX Application Thread] DEBUG Input                - Clearing active input actions
00:28:38.247 [JavaFX Application Thread] DEBUG GameApplicationServi - Removing overlay from FXGLMainMenuDummyScene and adding to RiderMainMenuScene
00:28:38.247 [JavaFX Application Thread] DEBUG PrimaryStageWindow   - FXGLMainMenuDummyScene -> RiderMainMenuScene
00:28:38.408 [JavaFX Application Thread] DEBUG FXGLApplication      - Registering font factories with UI factory
00:28:38.548 [FXGL Background Thread 2 ] INFO  UpdaterService       - Your current version:  17.2
00:28:38.548 [FXGL Background Thread 2 ] INFO  UpdaterService       - Latest stable version: 21.1
00:28:41.147 [FXGL Background Thread 3 ] DEBUG Engine               - Logging environment variables
00:28:41.147 [FXGL Background Thread 3 ] DEBUG Engine               - achievements: []
00:28:41.147 [FXGL Background Thread 3 ] DEBUG Engine               - actualHeight: 720.0
00:28:41.147 [FXGL Background Thread 3 ] DEBUG Engine               - actualHeightProperty: ReadOnlyDoubleProperty [value: 720.0]
00:28:41.147 [FXGL Background Thread 3 ] DEBUG Engine               - actualWidth: 1280.0
00:28:41.147 [FXGL Background Thread 3 ] DEBUG Engine               - actualWidthProperty: ReadOnlyDoubleProperty [value: 1280.0]
00:28:41.148 [FXGL Background Thread 3 ] DEBUG Engine               - appIcon: fxgl_icon.png
00:28:41.148 [FXGL Background Thread 3 ] DEBUG Engine               - applicationMode: DEVELOPER
00:28:41.148 [FXGL Background Thread 3 ] DEBUG Engine               - cSSList: [fxgl_dark.css]
00:28:41.148 [FXGL Background Thread 3 ] DEBUG Engine               - collisionDetectionStrategy: BRUTE_FORCE
00:28:41.148 [FXGL Background Thread 3 ] DEBUG Engine               - configClass: Optional.empty
00:28:41.148 [FXGL Background Thread 3 ] DEBUG Engine               - credits: []
00:28:41.148 [FXGL Background Thread 3 ] DEBUG Engine               - defaultCursor: CursorInfo(imageName=fxgl_default_cursor.png, hotspotX=7.0, hotspotY=6.0)
00:28:41.148 [FXGL Background Thread 3 ] DEBUG Engine               - devBBoxColorProperty: ObjectProperty [value: 0xff0000ff]
00:28:41.148 [FXGL Background Thread 3 ] DEBUG Engine               - devEnableDebugCameraProperty: BooleanProperty [value: false]
00:28:41.148 [FXGL Background Thread 3 ] DEBUG Engine               - devSensorColorProperty: ObjectProperty [value: 0xffff00ff]
00:28:41.148 [FXGL Background Thread 3 ] DEBUG Engine               - devShowBBoxProperty: BooleanProperty [value: false]
00:28:41.148 [FXGL Background Thread 3 ] DEBUG Engine               - devShowPositionProperty: BooleanProperty [value: false]
00:28:41.148 [FXGL Background Thread 3 ] DEBUG Engine               - enabledMenuItems: []
00:28:41.148 [FXGL Background Thread 3 ] DEBUG Engine               - engineServices: [class com.almasb.fxgl.app.services.FXGLAssetLoaderService, class com.almasb.fxgl.app.FXGLApplication$GameApplicationService, class com.almasb.fxgl.app.services.FXGLDialogService, class com.almasb.fxgl.app.services.IOTaskExecutorService, class com.almasb.fxgl.io.FileSystemService, class com.almasb.fxgl.localization.LocalizationService, class com.almasb.fxgl.app.services.SystemBundleService, class com.almasb.fxgl.profile.SaveLoadService, class com.almasb.fxgl.ui.FXGLUIFactoryServiceProvider, class com.almasb.fxgl.ui.FXGLDialogFactoryServiceProvider, class com.almasb.fxgl.audio.AudioPlayer, class com.almasb.fxgl.notification.impl.NotificationServiceProvider, class com.almasb.fxgl.achievement.AchievementService, class com.almasb.fxgl.cutscene.CutsceneService, class com.almasb.fxgl.minigames.MiniGameService, class com.almasb.fxgl.net.NetService, class com.almasb.fxgl.app.services.UpdaterService, class com.almasb.fxgl.dev.DevService]
00:28:41.148 [FXGL Background Thread 3 ] DEBUG Engine               - fontGame: Abel-Regular.ttf
00:28:41.148 [FXGL Background Thread 3 ] DEBUG Engine               - fontMono: TerminalLandMono-Regular.otf
00:28:41.148 [FXGL Background Thread 3 ] DEBUG Engine               - fontText: Courier-Prime.ttf
00:28:41.148 [FXGL Background Thread 3 ] DEBUG Engine               - fontUI: VarelaRound-Regular.ttf
00:28:41.148 [FXGL Background Thread 3 ] DEBUG Engine               - fullScreen: BooleanProperty [value: false]
00:28:41.149 [FXGL Background Thread 3 ] DEBUG Engine               - gameDifficulty: MEDIUM
00:28:41.149 [FXGL Background Thread 3 ] DEBUG Engine               - gameDifficultyProperty: ObjectProperty [value: MEDIUM]
00:28:41.149 [FXGL Background Thread 3 ] DEBUG Engine               - globalMusicVolume: 0.5
00:28:41.149 [FXGL Background Thread 3 ] DEBUG Engine               - globalMusicVolumeProperty: DoubleProperty [value: 0.25]
00:28:41.149 [FXGL Background Thread 3 ] DEBUG Engine               - globalSoundVolume: 0.5
00:28:41.149 [FXGL Background Thread 3 ] DEBUG Engine               - globalSoundVolumeProperty: DoubleProperty [value: 0.5]
00:28:41.149 [FXGL Background Thread 3 ] DEBUG Engine               - height: 720
00:28:41.149 [FXGL Background Thread 3 ] DEBUG Engine               - is3D: false
00:28:41.149 [FXGL Background Thread 3 ] DEBUG Engine               - isAndroid: false
00:28:41.149 [FXGL Background Thread 3 ] DEBUG Engine               - isBrowser: false
00:28:41.149 [FXGL Background Thread 3 ] DEBUG Engine               - isClickFeedbackEnabled: false
00:28:41.149 [FXGL Background Thread 3 ] DEBUG Engine               - isCloseConfirmation: false
00:28:41.149 [FXGL Background Thread 3 ] DEBUG Engine               - isDesktop: true
00:28:41.149 [FXGL Background Thread 3 ] DEBUG Engine               - isDeveloperMenuEnabled: true
00:28:41.149 [FXGL Background Thread 3 ] DEBUG Engine               - isEmbedded: false
00:28:41.149 [FXGL Background Thread 3 ] DEBUG Engine               - isEntityPreloadEnabled: true
00:28:41.149 [FXGL Background Thread 3 ] DEBUG Engine               - isExperimentalTiledLargeMap: false
00:28:41.149 [FXGL Background Thread 3 ] DEBUG Engine               - isFileSystemWriteAllowed: true
00:28:41.149 [FXGL Background Thread 3 ] DEBUG Engine               - isFullScreenAllowed: false
00:28:41.149 [FXGL Background Thread 3 ] DEBUG Engine               - isFullScreenFromStart: false
00:28:41.149 [FXGL Background Thread 3 ] DEBUG Engine               - isGameMenuEnabled: true
00:28:41.149 [FXGL Background Thread 3 ] DEBUG Engine               - isIOS: false
00:28:41.149 [FXGL Background Thread 3 ] DEBUG Engine               - isIntroEnabled: false
00:28:41.149 [FXGL Background Thread 3 ] DEBUG Engine               - isLinux: false
00:28:41.149 [FXGL Background Thread 3 ] DEBUG Engine               - isMac: false
00:28:41.149 [FXGL Background Thread 3 ] DEBUG Engine               - isMainMenuEnabled: true
00:28:41.149 [FXGL Background Thread 3 ] DEBUG Engine               - isManualResizeEnabled: false
00:28:41.150 [FXGL Background Thread 3 ] DEBUG Engine               - isMobile: false
00:28:41.150 [FXGL Background Thread 3 ] DEBUG Engine               - isNative: false
00:28:41.150 [FXGL Background Thread 3 ] DEBUG Engine               - isPauseMusicWhenMinimized: true
00:28:41.150 [FXGL Background Thread 3 ] DEBUG Engine               - isPreserveResizeRatio: false
00:28:41.150 [FXGL Background Thread 3 ] DEBUG Engine               - isProfilingEnabled: false
00:28:41.150 [FXGL Background Thread 3 ] DEBUG Engine               - isScaleAffectedOnResize: true
00:28:41.150 [FXGL Background Thread 3 ] DEBUG Engine               - isSingleStep: false
00:28:41.150 [FXGL Background Thread 3 ] DEBUG Engine               - isUserProfileEnabled: false
00:28:41.150 [FXGL Background Thread 3 ] DEBUG Engine               - isWindows: true
00:28:41.150 [FXGL Background Thread 3 ] DEBUG Engine               - language: ObjectProperty [value: ENGLISH]
00:28:41.150 [FXGL Background Thread 3 ] DEBUG Engine               - menuKey: ESCAPE
00:28:41.150 [FXGL Background Thread 3 ] DEBUG Engine               - mouseSensitivity: 0.2
00:28:41.150 [FXGL Background Thread 3 ] DEBUG Engine               - notificationViewClass: class com.almasb.fxgl.notification.view.XboxNotificationView
00:28:41.150 [FXGL Background Thread 3 ] DEBUG Engine               - pixelsPerMeter: 50.0
00:28:41.151 [FXGL Background Thread 3 ] DEBUG Engine               - platform: WINDOWS
00:28:41.151 [FXGL Background Thread 3 ] DEBUG Engine               - prefHeightProperty: ReadOnlyDoubleProperty [value: 720.0]
00:28:41.151 [FXGL Background Thread 3 ] DEBUG Engine               - prefWidthProperty: ReadOnlyDoubleProperty [value: 1280.0]
00:28:41.151 [FXGL Background Thread 3 ] DEBUG Engine               - profileDir: profiles/
00:28:41.151 [FXGL Background Thread 3 ] DEBUG Engine               - profileName: StringProperty [value: DEFAULT]
00:28:41.151 [FXGL Background Thread 3 ] DEBUG Engine               - randomSeed: -1
00:28:41.151 [FXGL Background Thread 3 ] DEBUG Engine               - runtimeInfo: RuntimeInfo(platform=WINDOWS, version=17.2, build=20.08.2022 16.50)
00:28:41.151 [FXGL Background Thread 3 ] DEBUG Engine               - saveFileExt: sav
00:28:41.151 [FXGL Background Thread 3 ] DEBUG Engine               - scaledHeightProp$fxgl: DoubleProperty [bound, value: 720.0]
00:28:41.151 [FXGL Background Thread 3 ] DEBUG Engine               - scaledWidthProp$fxgl: DoubleProperty [bound, value: 1280.0]
00:28:41.151 [FXGL Background Thread 3 ] DEBUG Engine               - sceneFactory: com.sunsofgod.PlatformerApp$1@1fe10317
00:28:41.151 [FXGL Background Thread 3 ] DEBUG Engine               - secondsIn24h: 60
00:28:41.151 [FXGL Background Thread 3 ] DEBUG Engine               - soundMenuBack: menu/back.wav
00:28:41.151 [FXGL Background Thread 3 ] DEBUG Engine               - soundMenuPress: menu/press.wav
00:28:41.151 [FXGL Background Thread 3 ] DEBUG Engine               - soundMenuSelect: menu/select.wav
00:28:41.151 [FXGL Background Thread 3 ] DEBUG Engine               - soundNotification: core/notification.wav
00:28:41.151 [FXGL Background Thread 3 ] DEBUG Engine               - stageStyle: DECORATED
00:28:41.152 [FXGL Background Thread 3 ] DEBUG Engine               - supportedLanguages: [ENGLISH, FRENCH, GERMAN, HUNGARIAN, RUSSIAN]
00:28:41.152 [FXGL Background Thread 3 ] DEBUG Engine               - ticksPerSecond: -1
00:28:41.152 [FXGL Background Thread 3 ] DEBUG Engine               - title: Untitled
00:28:41.152 [FXGL Background Thread 3 ] DEBUG Engine               - urlGithub: https://github.com/AlmasB/FXGL
00:28:41.152 [FXGL Background Thread 3 ] DEBUG Engine               - urlLeaderboard: http://fxgl-top.herokuapp.com/
00:28:41.152 [FXGL Background Thread 3 ] DEBUG Engine               - urlPOM: https://raw.githubusercontent.com/AlmasB/FXGL/release/README.md
00:28:41.152 [FXGL Background Thread 3 ] DEBUG Engine               - userAppClass: class com.sunsofgod.PlatformerApp
00:28:41.152 [FXGL Background Thread 3 ] DEBUG Engine               - version: 0.0
00:28:41.152 [FXGL Background Thread 3 ] DEBUG Engine               - versionCheckDays: 7
00:28:41.152 [FXGL Background Thread 3 ] DEBUG Engine               - width: 1280
00:28:41.152 [FXGL Background Thread 3 ] DEBUG Engine               - Logging services
00:28:41.152 [FXGL Background Thread 3 ] DEBUG Engine               - class com.almasb.fxgl.app.services.FXGLAssetLoaderService
00:28:41.152 [FXGL Background Thread 3 ] DEBUG Engine               - class com.almasb.fxgl.app.FXGLApplication$GameApplicationService
00:28:41.152 [FXGL Background Thread 3 ] DEBUG Engine               - class com.almasb.fxgl.app.services.FXGLDialogService
00:28:41.152 [FXGL Background Thread 3 ] DEBUG Engine               - class com.almasb.fxgl.app.services.IOTaskExecutorService
00:28:41.152 [FXGL Background Thread 3 ] DEBUG Engine               - class com.almasb.fxgl.io.FileSystemService
00:28:41.152 [FXGL Background Thread 3 ] DEBUG Engine               - class com.almasb.fxgl.localization.LocalizationService
00:28:41.152 [FXGL Background Thread 3 ] DEBUG Engine               - class com.almasb.fxgl.app.services.SystemBundleService
00:28:41.152 [FXGL Background Thread 3 ] DEBUG Engine               - class com.almasb.fxgl.profile.SaveLoadService
00:28:41.152 [FXGL Background Thread 3 ] DEBUG Engine               - class com.almasb.fxgl.ui.FXGLUIFactoryServiceProvider
00:28:41.152 [FXGL Background Thread 3 ] DEBUG Engine               - class com.almasb.fxgl.ui.FXGLDialogFactoryServiceProvider
00:28:41.152 [FXGL Background Thread 3 ] DEBUG Engine               - class com.almasb.fxgl.audio.AudioPlayer
00:28:41.152 [FXGL Background Thread 3 ] DEBUG Engine               - class com.almasb.fxgl.notification.impl.NotificationServiceProvider
00:28:41.152 [FXGL Background Thread 3 ] DEBUG Engine               - class com.almasb.fxgl.achievement.AchievementService
00:28:41.152 [FXGL Background Thread 3 ] DEBUG Engine               - class com.almasb.fxgl.cutscene.CutsceneService
00:28:41.152 [FXGL Background Thread 3 ] DEBUG Engine               - class com.almasb.fxgl.minigames.MiniGameService
00:28:41.152 [FXGL Background Thread 3 ] DEBUG Engine               - class com.almasb.fxgl.net.NetService
00:28:41.152 [FXGL Background Thread 3 ] DEBUG Engine               - class com.almasb.fxgl.app.services.UpdaterService
00:28:41.152 [FXGL Background Thread 3 ] DEBUG Engine               - class com.almasb.fxgl.dev.DevService
00:28:45.702 [JavaFX Application Thread] DEBUG PrimaryStageWindow   - Push state: PlayerSelectScene
00:28:45.702 [JavaFX Application Thread] DEBUG Input                - Clearing active input actions
00:28:45.703 [JavaFX Application Thread] DEBUG GameApplicationServi - Removing overlay from RiderMainMenuScene and adding to PlayerSelectScene
00:28:45.704 [JavaFX Application Thread] DEBUG PrimaryStageWindow   - RiderMainMenuScene -> PlayerSelectScene
01:26:36.065 [JavaFX Application Thread] DEBUG FXGLApplication      - Exiting FXGL
01:26:36.079 [JavaFX Application Thread] DEBUG LoopRunner           - Stopping loop
01:26:36.081 [JavaFX Application Thread] DEBUG SystemBundleService  - Saving FXGL system data
01:26:36.135 [JavaFX Application Thread] DEBUG FileSystemAccess     - Writing to: C:\Users\jamie\OneDrive\Documents\JavaFXGame-3\system\fxgl.bundle
01:26:36.155 [JavaFX Application Thread] DEBUG Async                - Shutting down background threads
01:26:36.158 [JavaFX Application Thread] DEBUG PrimaryStageWindow   - Closing main window
01:26:36.177 [JavaFX Application Thread] DEBUG Logger               - Closing Logger
