19:06:07.000 [main                     ] DEBUG Logger               - Configured Logger
19:06:07.018 [main                     ] DEBUG GameApplication      - Logging settings
Title: Untitled
Version: 0.0
Width: 1280
Height: 720
Fullscreen: false
Intro: false
Profiling: false
Single step:false
App Mode: DEVELOPER
Menu Key: ESCAPE
Stage Style: DECORATED
Scene Factory: class com.sunsofgod.PlatformerApp$1

19:06:07.284 [JavaFX Application Thread] DEBUG FXGLApplication      - Initializing FXGL
19:06:07.287 [JavaFX Application Thread] INFO  Engine               - FXGL-17.2 (20.08.2022 16.50) on WINDOWS (J:21.0.4 FX:17.0.12)
19:06:07.287 [JavaFX Application Thread] DEBUG Engine               - JRE Vendor Name: Eclipse Adoptium
19:06:07.288 [JavaFX Application Thread] DEBUG Engine               - Running on OS: Windows 11 version 10.0
19:06:07.288 [JavaFX Application Thread] DEBUG Engine               - Architecture: amd64
19:06:07.288 [JavaFX Application Thread] INFO  Engine               - Source code and latest versions at: https://github.com/AlmasB/FXGL
19:06:07.288 [JavaFX Application Thread] INFO  Engine               -       Ask questions and discuss at: https://github.com/AlmasB/FXGL/discussions
19:06:07.288 [JavaFX Application Thread] INFO  Engine               -              Join the FXGL chat at: https://gitter.im/AlmasB/FXGL
19:06:07.344 [JavaFX Application Thread] DEBUG PrimaryStageWindow   - Creating a JavaFX scene
19:06:07.373 [JavaFX Application Thread] DEBUG PrimaryStageWindow   - Target settings size: 1280.0 x 720.0
19:06:07.373 [JavaFX Application Thread] DEBUG PrimaryStageWindow   - Scaled scene size:    1280.0 x 720.0
19:06:07.373 [JavaFX Application Thread] DEBUG PrimaryStageWindow   - Scaled ratio: (1.0, 1.0)
19:06:07.374 [JavaFX Application Thread] DEBUG PrimaryStageWindow   - Set initial scene to FXGLStartupScene
19:06:07.378 [JavaFX Application Thread] DEBUG PrimaryStageWindow   - Opening main window
19:06:07.433 [JavaFX Application Thread] DEBUG PrimaryStageWindow   - Window border size: (16.0, 39.0)
19:06:07.433 [JavaFX Application Thread] DEBUG PrimaryStageWindow   - Scaled size: 1280.0 x 720.0
19:06:07.433 [JavaFX Application Thread] DEBUG PrimaryStageWindow   - Scaled ratio: (1.0, 1.0)
19:06:07.434 [JavaFX Application Thread] DEBUG PrimaryStageWindow   - Scene size: 1280.0 x 720.0
19:06:07.434 [JavaFX Application Thread] DEBUG PrimaryStageWindow   - Stage size: 1296.0 x 759.0
19:06:07.438 [FXGL Background Thread 1 ] DEBUG Engine               - Initializing environment variables
19:06:07.470 [FXGL Background Thread 1 ] DEBUG FXGLAssetLoaderServi - User app class for loading assets: class com.sunsofgod.PlatformerApp
19:06:07.471 [FXGL Background Thread 1 ] DEBUG GameApplicationServi - Applying CSS: fxgl_dark.css
19:06:07.471 [FXGL Background Thread 1 ] DEBUG FXGLAssetLoaderServi - Loading from file system: jar:file:///C:/Users/Balong/.m2/repository/com/github/almasb/fxgl/17.2/fxgl-17.2.jar!/fxglassets/ui/css/fxgl_dark.css
19:06:07.505 [FXGL Background Thread 1 ] DEBUG GameApplicationServi - Initializing application scenes
19:06:07.536 [FXGL Background Thread 1 ] DEBUG FXGLAssetLoaderServi - Loading from file system: file:/C:/Users/Balong/Desktop/JavaFXGame-1/target/classes/assets/textures/player.png
19:06:07.552 [FXGL Background Thread 1 ] DEBUG GameWorld            - Game world initialized
19:06:07.590 [FXGL Background Thread 1 ] DEBUG PhysicsWorld         - Physics world initialized: appHeight=720, physics.ppm=50.0
19:06:07.590 [FXGL Background Thread 1 ] DEBUG PhysicsWorld         - Using strategy: BRUTE_FORCE
19:06:07.592 [FXGL Background Thread 1 ] DEBUG GameScene            - Game scene initialized: 1280x720
19:06:07.776 [FXGL Background Thread 1 ] DEBUG FXGL.DefaultMenu     - createMenuBodyGameMenu()
19:06:07.782 [FXGL Background Thread 1 ] DEBUG FXGL.DefaultMenu     - createOptionsMenu()
19:06:07.788 [FXGL Background Thread 1 ] DEBUG FXGLAssetLoaderServi - Loading from file system: jar:file:///C:/Users/Balong/.m2/repository/com/github/almasb/fxgl/17.2/fxgl-17.2.jar!/fxglassets/textures/particles/smoke.png
19:06:07.831 [FXGL Background Thread 1 ] DEBUG FXGLAssetLoaderServi - Loading from file system: jar:file:///C:/Users/Balong/.m2/repository/com/github/almasb/fxgl/17.2/fxgl-17.2.jar!/fxglassets/textures/particles/trace_horizontal.png
19:06:07.840 [FXGL Background Thread 1 ] DEBUG GameApplicationServi - Application scenes initialized
19:06:07.848 [FXGL Background Thread 1 ] DEBUG SystemBundleService  - Loading FXGL system data
19:06:07.852 [FXGL Background Thread 1 ] DEBUG FileSystemAccess     - Reading from: C:\Users\Balong\Desktop\JavaFXGame-1\system\fxgl.bundle
19:06:07.859 [FXGL Background Thread 1 ] DEBUG SystemBundleService  - Bundle FXGL: {}
19:06:07.859 [FXGL Background Thread 1 ] DEBUG UpdaterService       - Checking for updates
19:06:07.875 [FXGL Background Thread 4 ] DEBUG FXGLApplication      - Loading fonts
19:06:07.875 [FXGL Background Thread 1 ] DEBUG FXGLApplication      - Loading default localization
19:06:07.876 [FXGL Background Thread 4 ] DEBUG FXGLAssetLoaderServi - Loading from file system: jar:file:///C:/Users/Balong/.m2/repository/com/github/almasb/fxgl/17.2/fxgl-17.2.jar!/fxglassets/ui/fonts/VarelaRound-Regular.ttf
19:06:07.876 [FXGL Background Thread 1 ] DEBUG FXGLAssetLoaderServi - Loading from file system: jar:file:///C:/Users/Balong/.m2/repository/com/github/almasb/fxgl/17.2/fxgl-17.2.jar!/fxglassets/languages/english.lang
19:06:07.889 [FXGL Background Thread 1 ] INFO  FXGLApplication      - FXGL initialization took: 0.451 sec
19:06:07.890 [JavaFX Application Thread] DEBUG FXGLAssetLoaderServi - Loading from file system: jar:file:///C:/Users/Balong/.m2/repository/com/github/almasb/fxgl/17.2/fxgl-17.2.jar!/fxglassets/textures/fxgl_icon.png
19:06:07.898 [JavaFX Application Thread] DEBUG FXGLAssetLoaderServi - Loading from file system: jar:file:///C:/Users/Balong/.m2/repository/com/github/almasb/fxgl/17.2/fxgl-17.2.jar!/fxglassets/textures/fxgl_default_cursor.png
19:06:07.905 [JavaFX Application Thread] DEBUG Input                - Registered new binding: Screenshot - CTRL+8
19:06:07.905 [JavaFX Application Thread] DEBUG Input                - Registered new binding: Dev Options - 1
19:06:07.905 [FXGL Background Thread 4 ] DEBUG FXGLAssetLoaderServi - Loading from file system: jar:file:///C:/Users/Balong/.m2/repository/com/github/almasb/fxgl/17.2/fxgl-17.2.jar!/fxglassets/ui/fonts/Abel-Regular.ttf
19:06:07.905 [JavaFX Application Thread] DEBUG Input                - Registered new binding: Dev Console - 2
19:06:07.906 [JavaFX Application Thread] DEBUG Input                - Registered new binding: System info dump - CTRL+9
19:06:07.906 [JavaFX Application Thread] DEBUG Input                - Registered new binding: Restart - CTRL+R
19:06:07.906 [JavaFX Application Thread] DEBUG Input                - Registered new binding: Toggle Debug Camera - CTRL+7
19:06:07.908 [JavaFX Application Thread] DEBUG LoopRunner           - Starting loop
19:06:07.914 [FXGL Background Thread 4 ] DEBUG FXGLAssetLoaderServi - Loading from file system: jar:file:///C:/Users/Balong/.m2/repository/com/github/almasb/fxgl/17.2/fxgl-17.2.jar!/fxglassets/ui/fonts/TerminalLandMono-Regular.otf
19:06:07.916 [JavaFX Application Thread] DEBUG LoopRunner           - Initializing JavaFX AnimationTimerLoop
19:06:07.918 [JavaFX Application Thread] DEBUG Input                - Clearing active input actions
19:06:07.924 [FXGL Background Thread 4 ] DEBUG FXGLAssetLoaderServi - Loading from file system: jar:file:///C:/Users/Balong/.m2/repository/com/github/almasb/fxgl/17.2/fxgl-17.2.jar!/fxglassets/ui/fonts/Courier-Prime.ttf
19:06:07.926 [JavaFX Application Thread] DEBUG GameApplicationServi - Removing overlay from FXGLStartupScene and adding to FXGLMainMenuDummyScene
19:06:07.928 [JavaFX Application Thread] DEBUG PrimaryStageWindow   - FXGLStartupScene -> FXGLMainMenuDummyScene
19:06:07.928 [JavaFX Application Thread] DEBUG PrimaryStageWindow   - Push state: RiderMainMenuScene
19:06:07.928 [JavaFX Application Thread] DEBUG Input                - Clearing active input actions
19:06:07.941 [JavaFX Application Thread] DEBUG GameApplicationServi - Removing overlay from FXGLMainMenuDummyScene and adding to RiderMainMenuScene
19:06:07.942 [JavaFX Application Thread] DEBUG PrimaryStageWindow   - FXGLMainMenuDummyScene -> RiderMainMenuScene
19:06:08.061 [JavaFX Application Thread] DEBUG FXGLApplication      - Registering font factories with UI factory
19:06:08.205 [FXGL Background Thread 2 ] INFO  UpdaterService       - Your current version:  17.2
19:06:08.206 [FXGL Background Thread 2 ] INFO  UpdaterService       - Latest stable version: 21.1
19:06:08.767 [JavaFX Application Thread] DEBUG PrimaryStageWindow   - Push state: PlayerSelectScene
19:06:08.767 [JavaFX Application Thread] DEBUG Input                - Clearing active input actions
19:06:08.768 [JavaFX Application Thread] DEBUG GameApplicationServi - Removing overlay from RiderMainMenuScene and adding to PlayerSelectScene
19:06:08.769 [JavaFX Application Thread] DEBUG PrimaryStageWindow   - RiderMainMenuScene -> PlayerSelectScene
19:06:09.480 [JavaFX Application Thread] DEBUG PrimaryStageWindow   - Pop state: PlayerSelectScene
19:06:09.480 [JavaFX Application Thread] DEBUG Input                - Clearing active input actions
19:06:09.481 [JavaFX Application Thread] DEBUG GameApplicationServi - Removing overlay from PlayerSelectScene and adding to RiderMainMenuScene
19:06:09.483 [JavaFX Application Thread] DEBUG PrimaryStageWindow   - RiderMainMenuScene <- PlayerSelectScene
19:06:09.619 [JavaFX Application Thread] DEBUG PrimaryStageWindow   - Push state: WorldSelectScene
19:06:09.620 [JavaFX Application Thread] DEBUG Input                - Clearing active input actions
19:06:09.620 [JavaFX Application Thread] DEBUG GameApplicationServi - Removing overlay from RiderMainMenuScene and adding to WorldSelectScene
19:06:09.620 [JavaFX Application Thread] DEBUG PrimaryStageWindow   - RiderMainMenuScene -> WorldSelectScene
19:06:10.293 [JavaFX Application Thread] DEBUG PrimaryStageWindow   - Pop state: WorldSelectScene
19:06:10.293 [JavaFX Application Thread] DEBUG Input                - Clearing active input actions
19:06:10.293 [JavaFX Application Thread] DEBUG GameApplicationServi - Removing overlay from WorldSelectScene and adding to RiderMainMenuScene
19:06:10.294 [JavaFX Application Thread] DEBUG PrimaryStageWindow   - RiderMainMenuScene <- WorldSelectScene
19:06:10.423 [JavaFX Application Thread] DEBUG PrimaryStageWindow   - Push state: LevelSelectScene
19:06:10.423 [JavaFX Application Thread] DEBUG Input                - Clearing active input actions
19:06:10.423 [JavaFX Application Thread] DEBUG GameApplicationServi - Removing overlay from RiderMainMenuScene and adding to LevelSelectScene
19:06:10.424 [JavaFX Application Thread] DEBUG PrimaryStageWindow   - RiderMainMenuScene -> LevelSelectScene
19:06:10.875 [FXGL Background Thread 3 ] DEBUG Engine               - Logging environment variables
19:06:10.875 [FXGL Background Thread 3 ] DEBUG Engine               - achievements: []
19:06:10.875 [FXGL Background Thread 3 ] DEBUG Engine               - actualHeight: 720.0
19:06:10.875 [FXGL Background Thread 3 ] DEBUG Engine               - actualHeightProperty: ReadOnlyDoubleProperty [value: 720.0]
19:06:10.875 [FXGL Background Thread 3 ] DEBUG Engine               - actualWidth: 1280.0
19:06:10.875 [FXGL Background Thread 3 ] DEBUG Engine               - actualWidthProperty: ReadOnlyDoubleProperty [value: 1280.0]
19:06:10.875 [FXGL Background Thread 3 ] DEBUG Engine               - appIcon: fxgl_icon.png
19:06:10.875 [FXGL Background Thread 3 ] DEBUG Engine               - applicationMode: DEVELOPER
19:06:10.876 [FXGL Background Thread 3 ] DEBUG Engine               - cSSList: [fxgl_dark.css]
19:06:10.876 [FXGL Background Thread 3 ] DEBUG Engine               - collisionDetectionStrategy: BRUTE_FORCE
19:06:10.876 [FXGL Background Thread 3 ] DEBUG Engine               - configClass: Optional.empty
19:06:10.876 [FXGL Background Thread 3 ] DEBUG Engine               - credits: []
19:06:10.876 [FXGL Background Thread 3 ] DEBUG Engine               - defaultCursor: CursorInfo(imageName=fxgl_default_cursor.png, hotspotX=7.0, hotspotY=6.0)
19:06:10.876 [FXGL Background Thread 3 ] DEBUG Engine               - devBBoxColorProperty: ObjectProperty [value: 0xff0000ff]
19:06:10.876 [FXGL Background Thread 3 ] DEBUG Engine               - devEnableDebugCameraProperty: BooleanProperty [value: false]
19:06:10.876 [FXGL Background Thread 3 ] DEBUG Engine               - devSensorColorProperty: ObjectProperty [value: 0xffff00ff]
19:06:10.876 [FXGL Background Thread 3 ] DEBUG Engine               - devShowBBoxProperty: BooleanProperty [value: false]
19:06:10.876 [FXGL Background Thread 3 ] DEBUG Engine               - devShowPositionProperty: BooleanProperty [value: false]
19:06:10.876 [FXGL Background Thread 3 ] DEBUG Engine               - enabledMenuItems: []
19:06:10.876 [FXGL Background Thread 3 ] DEBUG Engine               - engineServices: [class com.almasb.fxgl.app.services.FXGLAssetLoaderService, class com.almasb.fxgl.app.FXGLApplication$GameApplicationService, class com.almasb.fxgl.app.services.FXGLDialogService, class com.almasb.fxgl.app.services.IOTaskExecutorService, class com.almasb.fxgl.io.FileSystemService, class com.almasb.fxgl.localization.LocalizationService, class com.almasb.fxgl.app.services.SystemBundleService, class com.almasb.fxgl.profile.SaveLoadService, class com.almasb.fxgl.ui.FXGLUIFactoryServiceProvider, class com.almasb.fxgl.ui.FXGLDialogFactoryServiceProvider, class com.almasb.fxgl.audio.AudioPlayer, class com.almasb.fxgl.notification.impl.NotificationServiceProvider, class com.almasb.fxgl.achievement.AchievementService, class com.almasb.fxgl.cutscene.CutsceneService, class com.almasb.fxgl.minigames.MiniGameService, class com.almasb.fxgl.net.NetService, class com.almasb.fxgl.app.services.UpdaterService, class com.almasb.fxgl.dev.DevService]
19:06:10.876 [FXGL Background Thread 3 ] DEBUG Engine               - fontGame: Abel-Regular.ttf
19:06:10.876 [FXGL Background Thread 3 ] DEBUG Engine               - fontMono: TerminalLandMono-Regular.otf
19:06:10.876 [FXGL Background Thread 3 ] DEBUG Engine               - fontText: Courier-Prime.ttf
19:06:10.876 [FXGL Background Thread 3 ] DEBUG Engine               - fontUI: VarelaRound-Regular.ttf
19:06:10.876 [FXGL Background Thread 3 ] DEBUG Engine               - fullScreen: BooleanProperty [value: false]
19:06:10.876 [FXGL Background Thread 3 ] DEBUG Engine               - gameDifficulty: MEDIUM
19:06:10.876 [FXGL Background Thread 3 ] DEBUG Engine               - gameDifficultyProperty: ObjectProperty [value: MEDIUM]
19:06:10.877 [FXGL Background Thread 3 ] DEBUG Engine               - globalMusicVolume: 0.5
19:06:10.877 [FXGL Background Thread 3 ] DEBUG Engine               - globalMusicVolumeProperty: DoubleProperty [value: 0.25]
19:06:10.877 [FXGL Background Thread 3 ] DEBUG Engine               - globalSoundVolume: 0.5
19:06:10.877 [FXGL Background Thread 3 ] DEBUG Engine               - globalSoundVolumeProperty: DoubleProperty [value: 0.5]
19:06:10.877 [FXGL Background Thread 3 ] DEBUG Engine               - height: 720
19:06:10.877 [FXGL Background Thread 3 ] DEBUG Engine               - is3D: false
19:06:10.877 [FXGL Background Thread 3 ] DEBUG Engine               - isAndroid: false
19:06:10.877 [FXGL Background Thread 3 ] DEBUG Engine               - isBrowser: false
19:06:10.877 [FXGL Background Thread 3 ] DEBUG Engine               - isClickFeedbackEnabled: false
19:06:10.877 [FXGL Background Thread 3 ] DEBUG Engine               - isCloseConfirmation: false
19:06:10.877 [FXGL Background Thread 3 ] DEBUG Engine               - isDesktop: true
19:06:10.877 [FXGL Background Thread 3 ] DEBUG Engine               - isDeveloperMenuEnabled: true
19:06:10.877 [FXGL Background Thread 3 ] DEBUG Engine               - isEmbedded: false
19:06:10.877 [FXGL Background Thread 3 ] DEBUG Engine               - isEntityPreloadEnabled: true
19:06:10.877 [FXGL Background Thread 3 ] DEBUG Engine               - isExperimentalTiledLargeMap: false
19:06:10.877 [FXGL Background Thread 3 ] DEBUG Engine               - isFileSystemWriteAllowed: true
19:06:10.877 [FXGL Background Thread 3 ] DEBUG Engine               - isFullScreenAllowed: false
19:06:10.877 [FXGL Background Thread 3 ] DEBUG Engine               - isFullScreenFromStart: false
19:06:10.877 [FXGL Background Thread 3 ] DEBUG Engine               - isGameMenuEnabled: true
19:06:10.877 [FXGL Background Thread 3 ] DEBUG Engine               - isIOS: false
19:06:10.877 [FXGL Background Thread 3 ] DEBUG Engine               - isIntroEnabled: false
19:06:10.877 [FXGL Background Thread 3 ] DEBUG Engine               - isLinux: false
19:06:10.877 [FXGL Background Thread 3 ] DEBUG Engine               - isMac: false
19:06:10.877 [FXGL Background Thread 3 ] DEBUG Engine               - isMainMenuEnabled: true
19:06:10.877 [FXGL Background Thread 3 ] DEBUG Engine               - isManualResizeEnabled: false
19:06:10.877 [FXGL Background Thread 3 ] DEBUG Engine               - isMobile: false
19:06:10.877 [FXGL Background Thread 3 ] DEBUG Engine               - isNative: false
19:06:10.878 [FXGL Background Thread 3 ] DEBUG Engine               - isPauseMusicWhenMinimized: true
19:06:10.878 [FXGL Background Thread 3 ] DEBUG Engine               - isPreserveResizeRatio: false
19:06:10.878 [FXGL Background Thread 3 ] DEBUG Engine               - isProfilingEnabled: false
19:06:10.878 [FXGL Background Thread 3 ] DEBUG Engine               - isScaleAffectedOnResize: true
19:06:10.878 [FXGL Background Thread 3 ] DEBUG Engine               - isSingleStep: false
19:06:10.878 [FXGL Background Thread 3 ] DEBUG Engine               - isUserProfileEnabled: false
19:06:10.878 [FXGL Background Thread 3 ] DEBUG Engine               - isWindows: true
19:06:10.878 [FXGL Background Thread 3 ] DEBUG Engine               - language: ObjectProperty [value: ENGLISH]
19:06:10.878 [FXGL Background Thread 3 ] DEBUG Engine               - menuKey: ESCAPE
19:06:10.878 [FXGL Background Thread 3 ] DEBUG Engine               - mouseSensitivity: 0.2
19:06:10.878 [FXGL Background Thread 3 ] DEBUG Engine               - notificationViewClass: class com.almasb.fxgl.notification.view.XboxNotificationView
19:06:10.878 [FXGL Background Thread 3 ] DEBUG Engine               - pixelsPerMeter: 50.0
19:06:10.878 [FXGL Background Thread 3 ] DEBUG Engine               - platform: WINDOWS
19:06:10.878 [FXGL Background Thread 3 ] DEBUG Engine               - prefHeightProperty: ReadOnlyDoubleProperty [value: 720.0]
19:06:10.878 [FXGL Background Thread 3 ] DEBUG Engine               - prefWidthProperty: ReadOnlyDoubleProperty [value: 1280.0]
19:06:10.878 [FXGL Background Thread 3 ] DEBUG Engine               - profileDir: profiles/
19:06:10.878 [FXGL Background Thread 3 ] DEBUG Engine               - profileName: StringProperty [value: DEFAULT]
19:06:10.878 [FXGL Background Thread 3 ] DEBUG Engine               - randomSeed: -1
19:06:10.878 [FXGL Background Thread 3 ] DEBUG Engine               - runtimeInfo: RuntimeInfo(platform=WINDOWS, version=17.2, build=20.08.2022 16.50)
19:06:10.878 [FXGL Background Thread 3 ] DEBUG Engine               - saveFileExt: sav
19:06:10.879 [FXGL Background Thread 3 ] DEBUG Engine               - scaledHeightProp$fxgl: DoubleProperty [bound, value: 720.0]
19:06:10.879 [FXGL Background Thread 3 ] DEBUG Engine               - scaledWidthProp$fxgl: DoubleProperty [bound, value: 1280.0]
19:06:10.879 [FXGL Background Thread 3 ] DEBUG Engine               - sceneFactory: com.sunsofgod.PlatformerApp$1@4a356a35
19:06:10.879 [FXGL Background Thread 3 ] DEBUG Engine               - secondsIn24h: 60
19:06:10.879 [FXGL Background Thread 3 ] DEBUG Engine               - soundMenuBack: menu/back.wav
19:06:10.879 [FXGL Background Thread 3 ] DEBUG Engine               - soundMenuPress: menu/press.wav
19:06:10.879 [FXGL Background Thread 3 ] DEBUG Engine               - soundMenuSelect: menu/select.wav
19:06:10.879 [FXGL Background Thread 3 ] DEBUG Engine               - soundNotification: core/notification.wav
19:06:10.879 [FXGL Background Thread 3 ] DEBUG Engine               - stageStyle: DECORATED
19:06:10.879 [FXGL Background Thread 3 ] DEBUG Engine               - supportedLanguages: [ENGLISH, FRENCH, GERMAN, HUNGARIAN, RUSSIAN]
19:06:10.879 [FXGL Background Thread 3 ] DEBUG Engine               - ticksPerSecond: -1
19:06:10.879 [FXGL Background Thread 3 ] DEBUG Engine               - title: Untitled
19:06:10.879 [FXGL Background Thread 3 ] DEBUG Engine               - urlGithub: https://github.com/AlmasB/FXGL
19:06:10.879 [FXGL Background Thread 3 ] DEBUG Engine               - urlLeaderboard: http://fxgl-top.herokuapp.com/
19:06:10.879 [FXGL Background Thread 3 ] DEBUG Engine               - urlPOM: https://raw.githubusercontent.com/AlmasB/FXGL/release/README.md
19:06:10.879 [FXGL Background Thread 3 ] DEBUG Engine               - userAppClass: class com.sunsofgod.PlatformerApp
19:06:10.879 [FXGL Background Thread 3 ] DEBUG Engine               - version: 0.0
19:06:10.879 [FXGL Background Thread 3 ] DEBUG Engine               - versionCheckDays: 7
19:06:10.879 [FXGL Background Thread 3 ] DEBUG Engine               - width: 1280
19:06:10.879 [FXGL Background Thread 3 ] DEBUG Engine               - Logging services
19:06:10.879 [FXGL Background Thread 3 ] DEBUG Engine               - class com.almasb.fxgl.app.services.FXGLAssetLoaderService
19:06:10.879 [FXGL Background Thread 3 ] DEBUG Engine               - class com.almasb.fxgl.app.FXGLApplication$GameApplicationService
19:06:10.879 [FXGL Background Thread 3 ] DEBUG Engine               - class com.almasb.fxgl.app.services.FXGLDialogService
19:06:10.879 [FXGL Background Thread 3 ] DEBUG Engine               - class com.almasb.fxgl.app.services.IOTaskExecutorService
19:06:10.879 [FXGL Background Thread 3 ] DEBUG Engine               - class com.almasb.fxgl.io.FileSystemService
19:06:10.879 [FXGL Background Thread 3 ] DEBUG Engine               - class com.almasb.fxgl.localization.LocalizationService
19:06:10.880 [FXGL Background Thread 3 ] DEBUG Engine               - class com.almasb.fxgl.app.services.SystemBundleService
19:06:10.880 [FXGL Background Thread 3 ] DEBUG Engine               - class com.almasb.fxgl.profile.SaveLoadService
19:06:10.880 [FXGL Background Thread 3 ] DEBUG Engine               - class com.almasb.fxgl.ui.FXGLUIFactoryServiceProvider
19:06:10.880 [FXGL Background Thread 3 ] DEBUG Engine               - class com.almasb.fxgl.ui.FXGLDialogFactoryServiceProvider
19:06:10.880 [FXGL Background Thread 3 ] DEBUG Engine               - class com.almasb.fxgl.audio.AudioPlayer
19:06:10.880 [FXGL Background Thread 3 ] DEBUG Engine               - class com.almasb.fxgl.notification.impl.NotificationServiceProvider
19:06:10.880 [FXGL Background Thread 3 ] DEBUG Engine               - class com.almasb.fxgl.achievement.AchievementService
19:06:10.880 [FXGL Background Thread 3 ] DEBUG Engine               - class com.almasb.fxgl.cutscene.CutsceneService
19:06:10.880 [FXGL Background Thread 3 ] DEBUG Engine               - class com.almasb.fxgl.minigames.MiniGameService
19:06:10.880 [FXGL Background Thread 3 ] DEBUG Engine               - class com.almasb.fxgl.net.NetService
19:06:10.880 [FXGL Background Thread 3 ] DEBUG Engine               - class com.almasb.fxgl.app.services.UpdaterService
19:06:10.880 [FXGL Background Thread 3 ] DEBUG Engine               - class com.almasb.fxgl.dev.DevService
19:06:28.870 [JavaFX Application Thread] DEBUG FXGLApplication      - Exiting FXGL
19:06:28.871 [JavaFX Application Thread] DEBUG LoopRunner           - Stopping loop
19:06:28.871 [JavaFX Application Thread] DEBUG SystemBundleService  - Saving FXGL system data
19:06:28.873 [JavaFX Application Thread] DEBUG FileSystemAccess     - Writing to: C:\Users\Balong\Desktop\JavaFXGame-1\system\fxgl.bundle
19:06:28.874 [JavaFX Application Thread] DEBUG Async                - Shutting down background threads
19:06:28.874 [JavaFX Application Thread] DEBUG PrimaryStageWindow   - Closing main window
19:06:28.887 [JavaFX Application Thread] DEBUG Logger               - Closing Logger
