15:50:19.774 [main                     ] DEBUG Logger               - Configured Logger
15:50:19.802 [main                     ] DEBUG GameApplication      - Logging settings
Title: Untitled
Version: 0.0
Width: 1280
Height: 720
Fullscreen: false
Intro: false
Profiling: false
Single step:false
App Mode: DEVELOPER
Menu Key: ESCAPE
Stage Style: DECORATED
Scene Factory: class com.sunsofgod.PlatformerApp$2

15:50:20.177 [JavaFX Application Thread] DEBUG FXGLApplication      - Initializing FXGL
15:50:20.182 [JavaFX Application Thread] INFO  Engine               - FXGL-17.2 (20.08.2022 16.50) on WINDOWS (J:21.0.4 FX:17.0.12)
15:50:20.183 [JavaFX Application Thread] DEBUG Engine               - JRE Vendor Name: Eclipse Adoptium
15:50:20.183 [JavaFX Application Thread] DEBUG Engine               - Running on OS: Windows 11 version 10.0
15:50:20.183 [JavaFX Application Thread] DEBUG Engine               - Architecture: amd64
15:50:20.183 [JavaFX Application Thread] INFO  Engine               - Source code and latest versions at: https://github.com/AlmasB/FXGL
15:50:20.183 [JavaFX Application Thread] INFO  Engine               -       Ask questions and discuss at: https://github.com/AlmasB/FXGL/discussions
15:50:20.185 [JavaFX Application Thread] INFO  Engine               -              Join the FXGL chat at: https://gitter.im/AlmasB/FXGL
15:50:20.281 [JavaFX Application Thread] DEBUG PrimaryStageWindow   - Creating a JavaFX scene
15:50:20.331 [JavaFX Application Thread] DEBUG PrimaryStageWindow   - Target settings size: 1280.0 x 720.0
15:50:20.332 [JavaFX Application Thread] DEBUG PrimaryStageWindow   - Scaled scene size:    1280.0 x 720.0
15:50:20.332 [JavaFX Application Thread] DEBUG PrimaryStageWindow   - Scaled ratio: (1.0, 1.0)
15:50:20.333 [JavaFX Application Thread] DEBUG PrimaryStageWindow   - Set initial scene to FXGLStartupScene
15:50:20.341 [JavaFX Application Thread] DEBUG PrimaryStageWindow   - Opening main window
15:50:20.427 [JavaFX Application Thread] DEBUG PrimaryStageWindow   - Window border size: (16.0, 39.0)
15:50:20.428 [JavaFX Application Thread] DEBUG PrimaryStageWindow   - Scaled size: 1280.0 x 720.0
15:50:20.428 [JavaFX Application Thread] DEBUG PrimaryStageWindow   - Scaled ratio: (1.0, 1.0)
15:50:20.429 [JavaFX Application Thread] DEBUG PrimaryStageWindow   - Scene size: 1280.0 x 720.0
15:50:20.429 [JavaFX Application Thread] DEBUG PrimaryStageWindow   - Stage size: 1296.0 x 759.0
15:50:20.439 [FXGL Background Thread 1 ] DEBUG Engine               - Initializing environment variables
15:50:20.502 [FXGL Background Thread 1 ] DEBUG FXGLAssetLoaderServi - User app class for loading assets: class com.sunsofgod.PlatformerApp
15:50:20.503 [FXGL Background Thread 1 ] DEBUG GameApplicationServi - Applying CSS: fxgl_dark.css
15:50:20.503 [FXGL Background Thread 1 ] DEBUG FXGLAssetLoaderServi - Loading from file system: jar:file:///C:/Users/gclm4/.m2/repository/com/github/almasb/fxgl/17.2/fxgl-17.2.jar!/fxglassets/ui/css/fxgl_dark.css
15:50:20.567 [FXGL Background Thread 1 ] DEBUG GameApplicationServi - Initializing application scenes
15:50:20.632 [FXGL Background Thread 1 ] WARN  FXGLAssetLoaderServi - Asset "/assets/textures/player.png" was not found!
15:50:20.633 [FXGL Background Thread 1 ] WARN  FXGLAssetLoaderServi - Failed to load IMAGE
15:50:20.675 [FXGL Background Thread 1 ] DEBUG GameWorld            - Game world initialized
15:50:20.739 [FXGL Background Thread 1 ] DEBUG PhysicsWorld         - Physics world initialized: appHeight=720, physics.ppm=50.0
15:50:20.740 [FXGL Background Thread 1 ] DEBUG PhysicsWorld         - Using strategy: BRUTE_FORCE
15:50:20.744 [FXGL Background Thread 1 ] DEBUG GameScene            - Game scene initialized: 1280x720
15:50:21.381 [FXGL Background Thread 1 ] DEBUG FXGL.DefaultMenu     - createMenuBodyGameMenu()
15:50:21.393 [FXGL Background Thread 1 ] DEBUG FXGL.DefaultMenu     - createOptionsMenu()
15:50:21.402 [FXGL Background Thread 1 ] DEBUG FXGLAssetLoaderServi - Loading from file system: jar:file:///C:/Users/gclm4/.m2/repository/com/github/almasb/fxgl/17.2/fxgl-17.2.jar!/fxglassets/textures/particles/smoke.png
15:50:21.488 [FXGL Background Thread 1 ] DEBUG FXGLAssetLoaderServi - Loading from file system: jar:file:///C:/Users/gclm4/.m2/repository/com/github/almasb/fxgl/17.2/fxgl-17.2.jar!/fxglassets/textures/particles/trace_horizontal.png
15:50:21.515 [FXGL Background Thread 1 ] DEBUG GameApplicationServi - Application scenes initialized
15:50:21.536 [FXGL Background Thread 1 ] DEBUG SystemBundleService  - Loading FXGL system data
15:50:21.543 [FXGL Background Thread 1 ] DEBUG FileSystemAccess     - Reading from: C:\Users\gclm4\OneDrive\Desktop\JavaFXGame\system\fxgl.bundle
15:50:21.560 [FXGL Background Thread 1 ] DEBUG SystemBundleService  - Bundle FXGL: {}
15:50:21.561 [FXGL Background Thread 1 ] DEBUG UpdaterService       - Checking for updates
15:50:21.621 [FXGL Background Thread 4 ] DEBUG FXGLApplication      - Loading fonts
15:50:21.622 [FXGL Background Thread 1 ] DEBUG FXGLApplication      - Loading default localization
15:50:21.622 [FXGL Background Thread 4 ] DEBUG FXGLAssetLoaderServi - Loading from file system: jar:file:///C:/Users/gclm4/.m2/repository/com/github/almasb/fxgl/17.2/fxgl-17.2.jar!/fxglassets/ui/fonts/VarelaRound-Regular.ttf
15:50:21.623 [FXGL Background Thread 1 ] DEBUG FXGLAssetLoaderServi - Loading from file system: jar:file:///C:/Users/gclm4/.m2/repository/com/github/almasb/fxgl/17.2/fxgl-17.2.jar!/fxglassets/languages/english.lang
15:50:21.656 [FXGL Background Thread 1 ] INFO  FXGLApplication      - FXGL initialization took: 1.216 sec
15:50:21.658 [JavaFX Application Thread] DEBUG FXGLAssetLoaderServi - Loading from file system: jar:file:///C:/Users/gclm4/.m2/repository/com/github/almasb/fxgl/17.2/fxgl-17.2.jar!/fxglassets/textures/fxgl_icon.png
15:50:21.669 [JavaFX Application Thread] DEBUG FXGLAssetLoaderServi - Loading from file system: jar:file:///C:/Users/gclm4/.m2/repository/com/github/almasb/fxgl/17.2/fxgl-17.2.jar!/fxglassets/textures/fxgl_default_cursor.png
15:50:21.687 [FXGL Background Thread 4 ] DEBUG FXGLAssetLoaderServi - Loading from file system: jar:file:///C:/Users/gclm4/.m2/repository/com/github/almasb/fxgl/17.2/fxgl-17.2.jar!/fxglassets/ui/fonts/Abel-Regular.ttf
15:50:21.690 [JavaFX Application Thread] DEBUG Input                - Registered new binding: Screenshot - CTRL+8
15:50:21.691 [JavaFX Application Thread] DEBUG Input                - Registered new binding: Dev Options - 1
15:50:21.692 [JavaFX Application Thread] DEBUG Input                - Registered new binding: Dev Console - 2
15:50:21.693 [JavaFX Application Thread] DEBUG Input                - Registered new binding: System info dump - CTRL+9
15:50:21.693 [JavaFX Application Thread] DEBUG Input                - Registered new binding: Restart - CTRL+R
15:50:21.694 [FXGL Background Thread 4 ] DEBUG FXGLAssetLoaderServi - Loading from file system: jar:file:///C:/Users/gclm4/.m2/repository/com/github/almasb/fxgl/17.2/fxgl-17.2.jar!/fxglassets/ui/fonts/TerminalLandMono-Regular.otf
15:50:21.695 [JavaFX Application Thread] DEBUG Input                - Registered new binding: Toggle Debug Camera - CTRL+7
15:50:21.700 [JavaFX Application Thread] DEBUG LoopRunner           - Starting loop
15:50:21.702 [FXGL Background Thread 4 ] DEBUG FXGLAssetLoaderServi - Loading from file system: jar:file:///C:/Users/gclm4/.m2/repository/com/github/almasb/fxgl/17.2/fxgl-17.2.jar!/fxglassets/ui/fonts/Courier-Prime.ttf
15:50:21.723 [JavaFX Application Thread] DEBUG LoopRunner           - Initializing JavaFX AnimationTimerLoop
15:50:21.729 [JavaFX Application Thread] DEBUG Input                - Clearing active input actions
15:50:21.751 [JavaFX Application Thread] DEBUG GameApplicationServi - Removing overlay from FXGLStartupScene and adding to FXGLMainMenuDummyScene
15:50:21.758 [JavaFX Application Thread] DEBUG PrimaryStageWindow   - FXGLStartupScene -> FXGLMainMenuDummyScene
15:50:21.759 [JavaFX Application Thread] DEBUG PrimaryStageWindow   - Push state: RiderMainMenuScene
15:50:21.759 [JavaFX Application Thread] DEBUG Input                - Clearing active input actions
15:50:21.769 [JavaFX Application Thread] DEBUG GameApplicationServi - Removing overlay from FXGLMainMenuDummyScene and adding to RiderMainMenuScene
15:50:21.770 [JavaFX Application Thread] DEBUG PrimaryStageWindow   - FXGLMainMenuDummyScene -> RiderMainMenuScene
15:50:22.028 [JavaFX Application Thread] DEBUG FXGLApplication      - Registering font factories with UI factory
15:50:22.493 [FXGL Background Thread 2 ] INFO  UpdaterService       - Your current version:  17.2
15:50:22.493 [FXGL Background Thread 2 ] INFO  UpdaterService       - Latest stable version: 21.1
15:50:23.274 [JavaFX Application Thread] DEBUG PrimaryStageWindow   - Push state: PlayerSelectScene
15:50:23.275 [JavaFX Application Thread] DEBUG Input                - Clearing active input actions
15:50:23.276 [JavaFX Application Thread] DEBUG GameApplicationServi - Removing overlay from RiderMainMenuScene and adding to PlayerSelectScene
15:50:23.279 [JavaFX Application Thread] DEBUG PrimaryStageWindow   - RiderMainMenuScene -> PlayerSelectScene
15:50:24.620 [FXGL Background Thread 3 ] DEBUG Engine               - Logging environment variables
15:50:24.620 [FXGL Background Thread 3 ] DEBUG Engine               - achievements: []
15:50:24.620 [FXGL Background Thread 3 ] DEBUG Engine               - actualHeight: 720.0
15:50:24.621 [FXGL Background Thread 3 ] DEBUG Engine               - actualHeightProperty: ReadOnlyDoubleProperty [value: 720.0]
15:50:24.621 [FXGL Background Thread 3 ] DEBUG Engine               - actualWidth: 1280.0
15:50:24.621 [FXGL Background Thread 3 ] DEBUG Engine               - actualWidthProperty: ReadOnlyDoubleProperty [value: 1280.0]
15:50:24.621 [FXGL Background Thread 3 ] DEBUG Engine               - appIcon: fxgl_icon.png
15:50:24.621 [FXGL Background Thread 3 ] DEBUG Engine               - applicationMode: DEVELOPER
15:50:24.621 [FXGL Background Thread 3 ] DEBUG Engine               - cSSList: [fxgl_dark.css]
15:50:24.621 [FXGL Background Thread 3 ] DEBUG Engine               - collisionDetectionStrategy: BRUTE_FORCE
15:50:24.621 [FXGL Background Thread 3 ] DEBUG Engine               - configClass: Optional.empty
15:50:24.621 [FXGL Background Thread 3 ] DEBUG Engine               - credits: []
15:50:24.622 [FXGL Background Thread 3 ] DEBUG Engine               - defaultCursor: CursorInfo(imageName=fxgl_default_cursor.png, hotspotX=7.0, hotspotY=6.0)
15:50:24.622 [FXGL Background Thread 3 ] DEBUG Engine               - devBBoxColorProperty: ObjectProperty [value: 0xff0000ff]
15:50:24.622 [FXGL Background Thread 3 ] DEBUG Engine               - devEnableDebugCameraProperty: BooleanProperty [value: false]
15:50:24.622 [FXGL Background Thread 3 ] DEBUG Engine               - devSensorColorProperty: ObjectProperty [value: 0xffff00ff]
15:50:24.622 [FXGL Background Thread 3 ] DEBUG Engine               - devShowBBoxProperty: BooleanProperty [value: false]
15:50:24.622 [FXGL Background Thread 3 ] DEBUG Engine               - devShowPositionProperty: BooleanProperty [value: false]
15:50:24.622 [FXGL Background Thread 3 ] DEBUG Engine               - enabledMenuItems: []
15:50:24.622 [FXGL Background Thread 3 ] DEBUG Engine               - engineServices: [class com.almasb.fxgl.app.services.FXGLAssetLoaderService, class com.almasb.fxgl.app.FXGLApplication$GameApplicationService, class com.almasb.fxgl.app.services.FXGLDialogService, class com.almasb.fxgl.app.services.IOTaskExecutorService, class com.almasb.fxgl.io.FileSystemService, class com.almasb.fxgl.localization.LocalizationService, class com.almasb.fxgl.app.services.SystemBundleService, class com.almasb.fxgl.profile.SaveLoadService, class com.almasb.fxgl.ui.FXGLUIFactoryServiceProvider, class com.almasb.fxgl.ui.FXGLDialogFactoryServiceProvider, class com.almasb.fxgl.audio.AudioPlayer, class com.almasb.fxgl.notification.impl.NotificationServiceProvider, class com.almasb.fxgl.achievement.AchievementService, class com.almasb.fxgl.cutscene.CutsceneService, class com.almasb.fxgl.minigames.MiniGameService, class com.almasb.fxgl.net.NetService, class com.almasb.fxgl.app.services.UpdaterService, class com.almasb.fxgl.dev.DevService]
15:50:24.622 [FXGL Background Thread 3 ] DEBUG Engine               - fontGame: Abel-Regular.ttf
15:50:24.623 [FXGL Background Thread 3 ] DEBUG Engine               - fontMono: TerminalLandMono-Regular.otf
15:50:24.623 [FXGL Background Thread 3 ] DEBUG Engine               - fontText: Courier-Prime.ttf
15:50:24.623 [FXGL Background Thread 3 ] DEBUG Engine               - fontUI: VarelaRound-Regular.ttf
15:50:24.623 [FXGL Background Thread 3 ] DEBUG Engine               - fullScreen: BooleanProperty [value: false]
15:50:24.623 [FXGL Background Thread 3 ] DEBUG Engine               - gameDifficulty: MEDIUM
15:50:24.623 [FXGL Background Thread 3 ] DEBUG Engine               - gameDifficultyProperty: ObjectProperty [value: MEDIUM]
15:50:24.623 [FXGL Background Thread 3 ] DEBUG Engine               - globalMusicVolume: 0.5
15:50:24.623 [FXGL Background Thread 3 ] DEBUG Engine               - globalMusicVolumeProperty: DoubleProperty [value: 0.25]
15:50:24.623 [FXGL Background Thread 3 ] DEBUG Engine               - globalSoundVolume: 0.5
15:50:24.623 [FXGL Background Thread 3 ] DEBUG Engine               - globalSoundVolumeProperty: DoubleProperty [value: 0.5]
15:50:24.623 [FXGL Background Thread 3 ] DEBUG Engine               - height: 720
15:50:24.623 [FXGL Background Thread 3 ] DEBUG Engine               - is3D: false
15:50:24.623 [FXGL Background Thread 3 ] DEBUG Engine               - isAndroid: false
15:50:24.623 [FXGL Background Thread 3 ] DEBUG Engine               - isBrowser: false
15:50:24.623 [FXGL Background Thread 3 ] DEBUG Engine               - isClickFeedbackEnabled: false
15:50:24.623 [FXGL Background Thread 3 ] DEBUG Engine               - isCloseConfirmation: false
15:50:24.623 [FXGL Background Thread 3 ] DEBUG Engine               - isDesktop: true
15:50:24.625 [FXGL Background Thread 3 ] DEBUG Engine               - isDeveloperMenuEnabled: true
15:50:24.625 [FXGL Background Thread 3 ] DEBUG Engine               - isEmbedded: false
15:50:24.625 [FXGL Background Thread 3 ] DEBUG Engine               - isEntityPreloadEnabled: true
15:50:24.625 [FXGL Background Thread 3 ] DEBUG Engine               - isExperimentalTiledLargeMap: false
15:50:24.625 [FXGL Background Thread 3 ] DEBUG Engine               - isFileSystemWriteAllowed: true
15:50:24.625 [FXGL Background Thread 3 ] DEBUG Engine               - isFullScreenAllowed: false
15:50:24.625 [FXGL Background Thread 3 ] DEBUG Engine               - isFullScreenFromStart: false
15:50:24.625 [FXGL Background Thread 3 ] DEBUG Engine               - isGameMenuEnabled: true
15:50:24.625 [FXGL Background Thread 3 ] DEBUG Engine               - isIOS: false
15:50:24.625 [FXGL Background Thread 3 ] DEBUG Engine               - isIntroEnabled: false
15:50:24.625 [FXGL Background Thread 3 ] DEBUG Engine               - isLinux: false
15:50:24.625 [FXGL Background Thread 3 ] DEBUG Engine               - isMac: false
15:50:24.625 [FXGL Background Thread 3 ] DEBUG Engine               - isMainMenuEnabled: true
15:50:24.626 [FXGL Background Thread 3 ] DEBUG Engine               - isManualResizeEnabled: false
15:50:24.626 [FXGL Background Thread 3 ] DEBUG Engine               - isMobile: false
15:50:24.626 [FXGL Background Thread 3 ] DEBUG Engine               - isNative: false
15:50:24.626 [FXGL Background Thread 3 ] DEBUG Engine               - isPauseMusicWhenMinimized: true
15:50:24.626 [FXGL Background Thread 3 ] DEBUG Engine               - isPreserveResizeRatio: false
15:50:24.626 [FXGL Background Thread 3 ] DEBUG Engine               - isProfilingEnabled: false
15:50:24.626 [FXGL Background Thread 3 ] DEBUG Engine               - isScaleAffectedOnResize: true
15:50:24.626 [FXGL Background Thread 3 ] DEBUG Engine               - isSingleStep: false
15:50:24.626 [FXGL Background Thread 3 ] DEBUG Engine               - isUserProfileEnabled: false
15:50:24.626 [FXGL Background Thread 3 ] DEBUG Engine               - isWindows: true
15:50:24.626 [FXGL Background Thread 3 ] DEBUG Engine               - language: ObjectProperty [value: ENGLISH]
15:50:24.626 [FXGL Background Thread 3 ] DEBUG Engine               - menuKey: ESCAPE
15:50:24.626 [FXGL Background Thread 3 ] DEBUG Engine               - mouseSensitivity: 0.2
15:50:24.626 [FXGL Background Thread 3 ] DEBUG Engine               - notificationViewClass: class com.almasb.fxgl.notification.view.XboxNotificationView
15:50:24.626 [FXGL Background Thread 3 ] DEBUG Engine               - pixelsPerMeter: 50.0
15:50:24.626 [FXGL Background Thread 3 ] DEBUG Engine               - platform: WINDOWS
15:50:24.626 [FXGL Background Thread 3 ] DEBUG Engine               - prefHeightProperty: ReadOnlyDoubleProperty [value: 720.0]
15:50:24.626 [FXGL Background Thread 3 ] DEBUG Engine               - prefWidthProperty: ReadOnlyDoubleProperty [value: 1280.0]
15:50:24.626 [FXGL Background Thread 3 ] DEBUG Engine               - profileDir: profiles/
15:50:24.626 [FXGL Background Thread 3 ] DEBUG Engine               - profileName: StringProperty [value: DEFAULT]
15:50:24.627 [FXGL Background Thread 3 ] DEBUG Engine               - randomSeed: -1
15:50:24.627 [FXGL Background Thread 3 ] DEBUG Engine               - runtimeInfo: RuntimeInfo(platform=WINDOWS, version=17.2, build=20.08.2022 16.50)
15:50:24.627 [FXGL Background Thread 3 ] DEBUG Engine               - saveFileExt: sav
15:50:24.627 [FXGL Background Thread 3 ] DEBUG Engine               - scaledHeightProp$fxgl: DoubleProperty [bound, value: 720.0]
15:50:24.627 [FXGL Background Thread 3 ] DEBUG Engine               - scaledWidthProp$fxgl: DoubleProperty [bound, value: 1280.0]
15:50:24.627 [FXGL Background Thread 3 ] DEBUG Engine               - sceneFactory: com.sunsofgod.PlatformerApp$2@1113c498
15:50:24.627 [FXGL Background Thread 3 ] DEBUG Engine               - secondsIn24h: 60
15:50:24.627 [FXGL Background Thread 3 ] DEBUG Engine               - soundMenuBack: menu/back.wav
15:50:24.627 [FXGL Background Thread 3 ] DEBUG Engine               - soundMenuPress: menu/press.wav
15:50:24.627 [FXGL Background Thread 3 ] DEBUG Engine               - soundMenuSelect: menu/select.wav
15:50:24.628 [FXGL Background Thread 3 ] DEBUG Engine               - soundNotification: core/notification.wav
15:50:24.628 [FXGL Background Thread 3 ] DEBUG Engine               - stageStyle: DECORATED
15:50:24.628 [FXGL Background Thread 3 ] DEBUG Engine               - supportedLanguages: [ENGLISH, FRENCH, GERMAN, HUNGARIAN, RUSSIAN]
15:50:24.628 [FXGL Background Thread 3 ] DEBUG Engine               - ticksPerSecond: -1
15:50:24.628 [FXGL Background Thread 3 ] DEBUG Engine               - title: Untitled
15:50:24.628 [FXGL Background Thread 3 ] DEBUG Engine               - urlGithub: https://github.com/AlmasB/FXGL
15:50:24.628 [FXGL Background Thread 3 ] DEBUG Engine               - urlLeaderboard: http://fxgl-top.herokuapp.com/
15:50:24.628 [FXGL Background Thread 3 ] DEBUG Engine               - urlPOM: https://raw.githubusercontent.com/AlmasB/FXGL/release/README.md
15:50:24.628 [FXGL Background Thread 3 ] DEBUG Engine               - userAppClass: class com.sunsofgod.PlatformerApp
15:50:24.628 [FXGL Background Thread 3 ] DEBUG Engine               - version: 0.0
15:50:24.629 [FXGL Background Thread 3 ] DEBUG Engine               - versionCheckDays: 7
15:50:24.629 [FXGL Background Thread 3 ] DEBUG Engine               - width: 1280
15:50:24.629 [FXGL Background Thread 3 ] DEBUG Engine               - Logging services
15:50:24.629 [FXGL Background Thread 3 ] DEBUG Engine               - class com.almasb.fxgl.app.services.FXGLAssetLoaderService
15:50:24.629 [FXGL Background Thread 3 ] DEBUG Engine               - class com.almasb.fxgl.app.FXGLApplication$GameApplicationService
15:50:24.629 [FXGL Background Thread 3 ] DEBUG Engine               - class com.almasb.fxgl.app.services.FXGLDialogService
15:50:24.629 [FXGL Background Thread 3 ] DEBUG Engine               - class com.almasb.fxgl.app.services.IOTaskExecutorService
15:50:24.629 [FXGL Background Thread 3 ] DEBUG Engine               - class com.almasb.fxgl.io.FileSystemService
15:50:24.629 [FXGL Background Thread 3 ] DEBUG Engine               - class com.almasb.fxgl.localization.LocalizationService
15:50:24.629 [FXGL Background Thread 3 ] DEBUG Engine               - class com.almasb.fxgl.app.services.SystemBundleService
15:50:24.629 [FXGL Background Thread 3 ] DEBUG Engine               - class com.almasb.fxgl.profile.SaveLoadService
15:50:24.629 [FXGL Background Thread 3 ] DEBUG Engine               - class com.almasb.fxgl.ui.FXGLUIFactoryServiceProvider
15:50:24.630 [FXGL Background Thread 3 ] DEBUG Engine               - class com.almasb.fxgl.ui.FXGLDialogFactoryServiceProvider
15:50:24.630 [FXGL Background Thread 3 ] DEBUG Engine               - class com.almasb.fxgl.audio.AudioPlayer
15:50:24.630 [FXGL Background Thread 3 ] DEBUG Engine               - class com.almasb.fxgl.notification.impl.NotificationServiceProvider
15:50:24.630 [FXGL Background Thread 3 ] DEBUG Engine               - class com.almasb.fxgl.achievement.AchievementService
15:50:24.630 [FXGL Background Thread 3 ] DEBUG Engine               - class com.almasb.fxgl.cutscene.CutsceneService
15:50:24.630 [FXGL Background Thread 3 ] DEBUG Engine               - class com.almasb.fxgl.minigames.MiniGameService
15:50:24.630 [FXGL Background Thread 3 ] DEBUG Engine               - class com.almasb.fxgl.net.NetService
15:50:24.630 [FXGL Background Thread 3 ] DEBUG Engine               - class com.almasb.fxgl.app.services.UpdaterService
15:50:24.630 [FXGL Background Thread 3 ] DEBUG Engine               - class com.almasb.fxgl.dev.DevService
15:50:24.909 [JavaFX Application Thread] DEBUG PrimaryStageWindow   - Pop state: PlayerSelectScene
15:50:24.910 [JavaFX Application Thread] DEBUG Input                - Clearing active input actions
15:50:24.911 [JavaFX Application Thread] DEBUG GameApplicationServi - Removing overlay from PlayerSelectScene and adding to RiderMainMenuScene
15:50:24.913 [JavaFX Application Thread] DEBUG PrimaryStageWindow   - RiderMainMenuScene <- PlayerSelectScene
15:50:25.203 [JavaFX Application Thread] DEBUG PrimaryStageWindow   - Push state: WorldSelectScene
15:50:25.203 [JavaFX Application Thread] DEBUG Input                - Clearing active input actions
15:50:25.204 [JavaFX Application Thread] DEBUG GameApplicationServi - Removing overlay from RiderMainMenuScene and adding to WorldSelectScene
15:50:25.204 [JavaFX Application Thread] DEBUG PrimaryStageWindow   - RiderMainMenuScene -> WorldSelectScene
15:50:26.294 [JavaFX Application Thread] DEBUG PrimaryStageWindow   - Pop state: WorldSelectScene
15:50:26.294 [JavaFX Application Thread] DEBUG Input                - Clearing active input actions
15:50:26.295 [JavaFX Application Thread] DEBUG GameApplicationServi - Removing overlay from WorldSelectScene and adding to RiderMainMenuScene
15:50:26.296 [JavaFX Application Thread] DEBUG PrimaryStageWindow   - RiderMainMenuScene <- WorldSelectScene
15:50:26.790 [JavaFX Application Thread] DEBUG PrimaryStageWindow   - Push state: LevelSelectScene
15:50:26.791 [JavaFX Application Thread] DEBUG Input                - Clearing active input actions
15:50:26.791 [JavaFX Application Thread] DEBUG GameApplicationServi - Removing overlay from RiderMainMenuScene and adding to LevelSelectScene
15:50:26.792 [JavaFX Application Thread] DEBUG PrimaryStageWindow   - RiderMainMenuScene -> LevelSelectScene
15:50:27.861 [JavaFX Application Thread] DEBUG Menu                 - fireNewGame()
15:50:27.861 [JavaFX Application Thread] DEBUG GameApplicationServi - Starting new game
15:50:27.861 [JavaFX Application Thread] DEBUG PrimaryStageWindow   - Pop state: LevelSelectScene
15:50:27.861 [JavaFX Application Thread] DEBUG Input                - Clearing active input actions
15:50:27.862 [JavaFX Application Thread] DEBUG GameApplicationServi - Removing overlay from LevelSelectScene and adding to RiderMainMenuScene
15:50:27.863 [JavaFX Application Thread] DEBUG PrimaryStageWindow   - RiderMainMenuScene <- LevelSelectScene
15:50:27.863 [JavaFX Application Thread] DEBUG PrimaryStageWindow   - Pop state: RiderMainMenuScene
15:50:27.863 [JavaFX Application Thread] DEBUG Input                - Clearing active input actions
15:50:27.863 [JavaFX Application Thread] DEBUG GameApplicationServi - Removing overlay from RiderMainMenuScene and adding to FXGLMainMenuDummyScene
15:50:27.863 [JavaFX Application Thread] DEBUG PrimaryStageWindow   - FXGLMainMenuDummyScene <- RiderMainMenuScene
15:50:27.863 [JavaFX Application Thread] DEBUG Input                - Clearing active input actions
15:50:27.875 [JavaFX Application Thread] DEBUG GameApplicationServi - Removing overlay from FXGLMainMenuDummyScene and adding to MainLoadingScene
15:50:27.880 [JavaFX Application Thread] DEBUG PrimaryStageWindow   - FXGLMainMenuDummyScene -> MainLoadingScene
15:50:27.880 [JavaFX Application Thread] DEBUG GameApplicationServi - Clearing previous game
15:50:27.880 [JavaFX Application Thread] DEBUG GameScene            - Clearing game scene
15:50:27.881 [JavaFX Application Thread] DEBUG GameWorld            - Clearing game world
15:50:27.881 [JavaFX Application Thread] DEBUG PhysicsWorld         - Clearing physics world
15:50:27.883 [FXGL Background Thread 2 ] DEBUG FXGLApplication      - Initializing game
15:50:27.940 [FXGL Background Thread 2 ] WARN  TMXLevelLoader       - TiledMap generated from 1.11.0. Supported version: 1.9.0. Some features may not be parsed fully.
15:50:27.950 [FXGL Background Thread 2 ] DEBUG TMXLevelLoader       - Parsed TiledMap: file:/C:/Users/gclm4/OneDrive/Desktop/JavaFXGame/target/classes/assets/levels/tmx/level2.tmx
15:50:27.952 [FXGL Background Thread 2 ] DEBUG TMXLevelLoader       - Creating tile layer entities
15:50:27.954 [FXGL Background Thread 2 ] DEBUG TilesetLoader        - Loading view for layer Tile Layer 1
15:50:27.954 [FXGL Background Thread 2 ] DEBUG TilesetLoader        - Created buffer with size 1050.0x700.0
15:50:27.972 [FXGL Background Thread 2 ] DEBUG TMXLevelLoader       - Creating object layer entities
15:50:27.999 [FXGL Background Thread 2 ] DEBUG GameWorld            - Clearing removable entities
15:50:27.999 [FXGL Background Thread 2 ] DEBUG GameWorld            - Setting level: com.almasb.fxgl.entity.level.Level@59f2f545
15:50:28.007 [FXGL Background Thread 2 ] DEBUG FXGLAssetLoaderServi - Loading from file system: file:/C:/Users/gclm4/OneDrive/Desktop/JavaFXGame/target/classes/assets/textures/player2.png
15:50:28.029 [FXGL Background Thread 2 ] DEBUG Input                - Registered new binding: Jump1 - Up
15:50:28.030 [FXGL Background Thread 2 ] DEBUG Input                - Registered new binding: Left1 - Left
15:50:28.030 [FXGL Background Thread 2 ] DEBUG Input                - Registered new binding: Right1 - Right
15:50:28.031 [FXGL Background Thread 2 ] DEBUG Input                - Registered new binding: Use1 - Slash
15:50:28.033 [FXGL Background Thread 2 ] DEBUG FXGLAssetLoaderServi - Loading from file system: file:/C:/Users/gclm4/OneDrive/Desktop/JavaFXGame/target/classes/assets/textures/background/manila.png
15:50:28.058 [FXGL Background Thread 2 ] INFO  FXGLApplication      - Game initialization took: 0.175 sec
15:50:28.060 [JavaFX Application Thread] DEBUG Input                - Clearing active input actions
15:50:28.072 [JavaFX Application Thread] DEBUG GameApplicationServi - Removing overlay from MainLoadingScene and adding to GameScene
15:50:28.077 [JavaFX Application Thread] DEBUG PrimaryStageWindow   - MainLoadingScene -> GameScene
15:50:44.761 [JavaFX Application Thread] WARN  TMXLevelLoader       - TiledMap generated from 1.11.0. Supported version: 1.9.0. Some features may not be parsed fully.
15:50:44.763 [JavaFX Application Thread] DEBUG TMXLevelLoader       - Parsed TiledMap: file:/C:/Users/gclm4/OneDrive/Desktop/JavaFXGame/target/classes/assets/levels/tmx/level2.tmx
15:50:44.763 [JavaFX Application Thread] DEBUG TMXLevelLoader       - Creating tile layer entities
15:50:44.763 [JavaFX Application Thread] DEBUG TilesetLoader        - Loading view for layer Tile Layer 1
15:50:44.765 [JavaFX Application Thread] DEBUG TilesetLoader        - Created buffer with size 1050.0x700.0
15:50:44.776 [JavaFX Application Thread] DEBUG TMXLevelLoader       - Creating object layer entities
15:50:44.779 [JavaFX Application Thread] DEBUG GameWorld            - Clearing removable entities
15:50:44.781 [JavaFX Application Thread] DEBUG GameWorld            - Setting level: com.almasb.fxgl.entity.level.Level@11e159d7
15:50:47.053 [JavaFX Application Thread] DEBUG FXGLApplication      - Exiting FXGL
15:50:47.055 [JavaFX Application Thread] DEBUG LoopRunner           - Stopping loop
15:50:47.055 [JavaFX Application Thread] DEBUG SystemBundleService  - Saving FXGL system data
15:50:47.057 [JavaFX Application Thread] DEBUG FileSystemAccess     - Writing to: C:\Users\gclm4\OneDrive\Desktop\JavaFXGame\system\fxgl.bundle
15:50:47.059 [JavaFX Application Thread] DEBUG Async                - Shutting down background threads
15:50:47.060 [JavaFX Application Thread] DEBUG PrimaryStageWindow   - Closing main window
15:50:47.071 [JavaFX Application Thread] DEBUG Logger               - Closing Logger
