23:32:49.476 [main                     ] DEBUG Logger               - Configured Logger
23:32:49.489 [main                     ] DEBUG GameApplication      - Logging settings
Title: Untitled
Version: 0.0
Width: 1280
Height: 720
Fullscreen: false
Intro: false
Profiling: false
Single step:false
App Mode: DEVELOPER
Menu Key: ESCAPE
Stage Style: DECORATED
Scene Factory: class com.sunsofgod.PlatformerApp$1

23:32:49.773 [JavaFX Application Thread] DEBUG FXGLApplication      - Initializing FXGL
23:32:49.775 [JavaFX Application Thread] INFO  Engine               - FXGL-17.2 (20.08.2022 16.50) on MAC (J:17.0.2 FX:17.0.12)
23:32:49.776 [JavaFX Application Thread] DEBUG Engine               - JRE Vendor Name: Oracle Corporation
23:32:49.776 [JavaFX Application Thread] DEBUG Engine               - Running on OS: Mac OS X version 15.1
23:32:49.776 [JavaFX Application Thread] DEBUG Engine               - Architecture: aarch64
23:32:49.776 [JavaFX Application Thread] INFO  Engine               - Source code and latest versions at: https://github.com/AlmasB/FXGL
23:32:49.776 [JavaFX Application Thread] INFO  Engine               -       Ask questions and discuss at: https://github.com/AlmasB/FXGL/discussions
23:32:49.776 [JavaFX Application Thread] INFO  Engine               -              Join the FXGL chat at: https://gitter.im/AlmasB/FXGL
23:32:49.822 [JavaFX Application Thread] DEBUG PrimaryStageWindow   - Creating a JavaFX scene
23:32:49.841 [JavaFX Application Thread] DEBUG PrimaryStageWindow   - Target settings size: 1280.0 x 720.0
23:32:49.841 [JavaFX Application Thread] DEBUG PrimaryStageWindow   - Scaled scene size:    1280.0 x 720.0
23:32:49.841 [JavaFX Application Thread] DEBUG PrimaryStageWindow   - Scaled ratio: (1.0, 1.0)
23:32:49.841 [JavaFX Application Thread] DEBUG PrimaryStageWindow   - Set initial scene to FXGLStartupScene
23:32:49.844 [JavaFX Application Thread] DEBUG PrimaryStageWindow   - Opening main window
23:32:49.915 [JavaFX Application Thread] DEBUG PrimaryStageWindow   - Window border size: (0.0, 28.0)
23:32:49.916 [JavaFX Application Thread] DEBUG PrimaryStageWindow   - Scaled size: 1280.0 x 720.0
23:32:49.916 [JavaFX Application Thread] DEBUG PrimaryStageWindow   - Scaled ratio: (1.0, 1.0)
23:32:49.916 [JavaFX Application Thread] DEBUG PrimaryStageWindow   - Scene size: 1280.0 x 720.0
23:32:49.916 [JavaFX Application Thread] DEBUG PrimaryStageWindow   - Stage size: 1280.0 x 748.0
23:32:49.920 [FXGL Background Thread 1 ] DEBUG Engine               - Initializing environment variables
23:32:49.939 [FXGL Background Thread 1 ] DEBUG FXGLAssetLoaderServi - User app class for loading assets: class com.sunsofgod.PlatformerApp
23:32:49.939 [FXGL Background Thread 1 ] DEBUG GameApplicationServi - Applying CSS: fxgl_dark.css
23:32:49.939 [FXGL Background Thread 1 ] DEBUG FXGLAssetLoaderServi - Loading from file system: jar:file:///Users/aaron/.m2/repository/com/github/almasb/fxgl/17.2/fxgl-17.2.jar!/fxglassets/ui/css/fxgl_dark.css
23:32:49.969 [FXGL Background Thread 1 ] DEBUG GameApplicationServi - Initializing application scenes
23:32:50.123 [FXGL Background Thread 1 ] DEBUG FXGLAssetLoaderServi - Loading from file system: file:/Users/aaron/JavaFXGame/target/classes/assets/textures/player.png
23:32:50.138 [FXGL Background Thread 1 ] DEBUG GameWorld            - Game world initialized
23:32:50.165 [FXGL Background Thread 1 ] DEBUG PhysicsWorld         - Physics world initialized: appHeight=720, physics.ppm=50.0
23:32:50.165 [FXGL Background Thread 1 ] DEBUG PhysicsWorld         - Using strategy: BRUTE_FORCE
23:32:50.167 [FXGL Background Thread 1 ] DEBUG GameScene            - Game scene initialized: 1280x720
23:32:50.426 [FXGL Background Thread 1 ] DEBUG FXGL.DefaultMenu     - createMenuBodyGameMenu()
23:32:50.430 [FXGL Background Thread 1 ] DEBUG FXGL.DefaultMenu     - createOptionsMenu()
23:32:50.433 [FXGL Background Thread 1 ] DEBUG FXGLAssetLoaderServi - Loading from file system: jar:file:///Users/aaron/.m2/repository/com/github/almasb/fxgl/17.2/fxgl-17.2.jar!/fxglassets/textures/particles/smoke.png
23:32:50.469 [FXGL Background Thread 1 ] DEBUG FXGLAssetLoaderServi - Loading from file system: jar:file:///Users/aaron/.m2/repository/com/github/almasb/fxgl/17.2/fxgl-17.2.jar!/fxglassets/textures/particles/trace_horizontal.png
23:32:50.476 [FXGL Background Thread 1 ] DEBUG GameApplicationServi - Application scenes initialized
23:32:50.480 [FXGL Background Thread 1 ] DEBUG SystemBundleService  - Loading FXGL system data
23:32:50.483 [FXGL Background Thread 1 ] DEBUG FileSystemAccess     - Reading from: /Users/aaron/JavaFXGame/system/fxgl.bundle
23:32:50.486 [FXGL Background Thread 1 ] DEBUG SystemBundleService  - Bundle FXGL: {}
23:32:50.486 [FXGL Background Thread 1 ] DEBUG UpdaterService       - Checking for updates
23:32:50.496 [FXGL Background Thread 4 ] DEBUG FXGLApplication      - Loading fonts
23:32:50.496 [FXGL Background Thread 1 ] DEBUG FXGLApplication      - Loading default localization
23:32:50.496 [FXGL Background Thread 4 ] DEBUG FXGLAssetLoaderServi - Loading from file system: jar:file:///Users/aaron/.m2/repository/com/github/almasb/fxgl/17.2/fxgl-17.2.jar!/fxglassets/ui/fonts/VarelaRound-Regular.ttf
23:32:50.496 [FXGL Background Thread 1 ] DEBUG FXGLAssetLoaderServi - Loading from file system: jar:file:///Users/aaron/.m2/repository/com/github/almasb/fxgl/17.2/fxgl-17.2.jar!/fxglassets/languages/english.lang
23:32:50.503 [FXGL Background Thread 4 ] DEBUG FXGLAssetLoaderServi - Loading from file system: jar:file:///Users/aaron/.m2/repository/com/github/almasb/fxgl/17.2/fxgl-17.2.jar!/fxglassets/ui/fonts/Abel-Regular.ttf
23:32:50.504 [FXGL Background Thread 1 ] INFO  FXGLApplication      - FXGL initialization took: 0.584 sec
23:32:50.504 [FXGL Background Thread 4 ] DEBUG FXGLAssetLoaderServi - Loading from file system: jar:file:///Users/aaron/.m2/repository/com/github/almasb/fxgl/17.2/fxgl-17.2.jar!/fxglassets/ui/fonts/TerminalLandMono-Regular.otf
23:32:50.504 [JavaFX Application Thread] DEBUG FXGLAssetLoaderServi - Loading from file system: jar:file:///Users/aaron/.m2/repository/com/github/almasb/fxgl/17.2/fxgl-17.2.jar!/fxglassets/textures/fxgl_icon.png
23:32:50.506 [FXGL Background Thread 4 ] DEBUG FXGLAssetLoaderServi - Loading from file system: jar:file:///Users/aaron/.m2/repository/com/github/almasb/fxgl/17.2/fxgl-17.2.jar!/fxglassets/ui/fonts/Courier-Prime.ttf
23:32:50.514 [JavaFX Application Thread] DEBUG FXGLAssetLoaderServi - Loading from file system: jar:file:///Users/aaron/.m2/repository/com/github/almasb/fxgl/17.2/fxgl-17.2.jar!/fxglassets/textures/fxgl_default_cursor.png
23:32:50.518 [JavaFX Application Thread] DEBUG Input                - Registered new binding: Screenshot - CTRL+8
23:32:50.518 [JavaFX Application Thread] DEBUG Input                - Registered new binding: Dev Options - 1
23:32:50.518 [JavaFX Application Thread] DEBUG Input                - Registered new binding: Dev Console - 2
23:32:50.519 [JavaFX Application Thread] DEBUG Input                - Registered new binding: System info dump - CTRL+9
23:32:50.519 [JavaFX Application Thread] DEBUG Input                - Registered new binding: Restart - CTRL+R
23:32:50.519 [JavaFX Application Thread] DEBUG Input                - Registered new binding: Toggle Debug Camera - CTRL+7
23:32:50.521 [JavaFX Application Thread] DEBUG LoopRunner           - Starting loop
23:32:50.527 [JavaFX Application Thread] DEBUG LoopRunner           - Initializing JavaFX AnimationTimerLoop
23:32:50.528 [JavaFX Application Thread] DEBUG Input                - Clearing active input actions
23:32:50.532 [JavaFX Application Thread] DEBUG GameApplicationServi - Removing overlay from FXGLStartupScene and adding to FXGLMainMenuDummyScene
23:32:50.533 [JavaFX Application Thread] DEBUG PrimaryStageWindow   - FXGLStartupScene -> FXGLMainMenuDummyScene
23:32:50.533 [JavaFX Application Thread] DEBUG PrimaryStageWindow   - Push state: RiderMainMenuScene
23:32:50.533 [JavaFX Application Thread] DEBUG Input                - Clearing active input actions
23:32:50.536 [JavaFX Application Thread] DEBUG GameApplicationServi - Removing overlay from FXGLMainMenuDummyScene and adding to RiderMainMenuScene
23:32:50.536 [JavaFX Application Thread] DEBUG PrimaryStageWindow   - FXGLMainMenuDummyScene -> RiderMainMenuScene
23:32:50.539 [JavaFX Application Thread] DEBUG FXGLApplication      - Registering font factories with UI factory
23:32:50.790 [FXGL Background Thread 2 ] INFO  UpdaterService       - Your current version:  17.2
23:32:50.790 [FXGL Background Thread 2 ] INFO  UpdaterService       - Latest stable version: 21.1
23:32:51.175 [JavaFX Application Thread] DEBUG PrimaryStageWindow   - Push state: PlayerSelectScene
23:32:51.176 [JavaFX Application Thread] DEBUG Input                - Clearing active input actions
23:32:51.176 [JavaFX Application Thread] DEBUG GameApplicationServi - Removing overlay from RiderMainMenuScene and adding to PlayerSelectScene
23:32:51.177 [JavaFX Application Thread] DEBUG PrimaryStageWindow   - RiderMainMenuScene -> PlayerSelectScene
23:32:52.396 [JavaFX Application Thread] DEBUG PrimaryStageWindow   - Pop state: PlayerSelectScene
23:32:52.396 [JavaFX Application Thread] DEBUG Input                - Clearing active input actions
23:32:52.397 [JavaFX Application Thread] DEBUG GameApplicationServi - Removing overlay from PlayerSelectScene and adding to RiderMainMenuScene
23:32:52.398 [JavaFX Application Thread] DEBUG PrimaryStageWindow   - RiderMainMenuScene <- PlayerSelectScene
23:32:52.498 [JavaFX Application Thread] DEBUG PrimaryStageWindow   - Push state: WorldSelectScene
23:32:52.498 [JavaFX Application Thread] DEBUG Input                - Clearing active input actions
23:32:52.498 [JavaFX Application Thread] DEBUG GameApplicationServi - Removing overlay from RiderMainMenuScene and adding to WorldSelectScene
23:32:52.498 [JavaFX Application Thread] DEBUG PrimaryStageWindow   - RiderMainMenuScene -> WorldSelectScene
23:32:53.092 [JavaFX Application Thread] DEBUG PrimaryStageWindow   - Pop state: WorldSelectScene
23:32:53.093 [JavaFX Application Thread] DEBUG Input                - Clearing active input actions
23:32:53.093 [JavaFX Application Thread] DEBUG GameApplicationServi - Removing overlay from WorldSelectScene and adding to RiderMainMenuScene
23:32:53.094 [JavaFX Application Thread] DEBUG PrimaryStageWindow   - RiderMainMenuScene <- WorldSelectScene
23:32:53.174 [JavaFX Application Thread] DEBUG PrimaryStageWindow   - Push state: LevelSelectScene
23:32:53.174 [JavaFX Application Thread] DEBUG Input                - Clearing active input actions
23:32:53.174 [JavaFX Application Thread] DEBUG GameApplicationServi - Removing overlay from RiderMainMenuScene and adding to LevelSelectScene
23:32:53.174 [JavaFX Application Thread] DEBUG PrimaryStageWindow   - RiderMainMenuScene -> LevelSelectScene
23:32:53.500 [FXGL Background Thread 3 ] DEBUG Engine               - Logging environment variables
23:32:53.501 [FXGL Background Thread 3 ] DEBUG Engine               - achievements: []
23:32:53.501 [FXGL Background Thread 3 ] DEBUG Engine               - actualHeight: 720.0
23:32:53.501 [FXGL Background Thread 3 ] DEBUG Engine               - actualHeightProperty: ReadOnlyDoubleProperty [value: 720.0]
23:32:53.502 [FXGL Background Thread 3 ] DEBUG Engine               - actualWidth: 1280.0
23:32:53.502 [FXGL Background Thread 3 ] DEBUG Engine               - actualWidthProperty: ReadOnlyDoubleProperty [value: 1280.0]
23:32:53.502 [FXGL Background Thread 3 ] DEBUG Engine               - appIcon: fxgl_icon.png
23:32:53.502 [FXGL Background Thread 3 ] DEBUG Engine               - applicationMode: DEVELOPER
23:32:53.502 [FXGL Background Thread 3 ] DEBUG Engine               - cSSList: [fxgl_dark.css]
23:32:53.502 [FXGL Background Thread 3 ] DEBUG Engine               - collisionDetectionStrategy: BRUTE_FORCE
23:32:53.502 [FXGL Background Thread 3 ] DEBUG Engine               - configClass: Optional.empty
23:32:53.502 [FXGL Background Thread 3 ] DEBUG Engine               - credits: []
23:32:53.503 [FXGL Background Thread 3 ] DEBUG Engine               - defaultCursor: CursorInfo(imageName=fxgl_default_cursor.png, hotspotX=7.0, hotspotY=6.0)
23:32:53.503 [FXGL Background Thread 3 ] DEBUG Engine               - devBBoxColorProperty: ObjectProperty [value: 0xff0000ff]
23:32:53.503 [FXGL Background Thread 3 ] DEBUG Engine               - devEnableDebugCameraProperty: BooleanProperty [value: false]
23:32:53.503 [FXGL Background Thread 3 ] DEBUG Engine               - devSensorColorProperty: ObjectProperty [value: 0xffff00ff]
23:32:53.503 [FXGL Background Thread 3 ] DEBUG Engine               - devShowBBoxProperty: BooleanProperty [value: false]
23:32:53.503 [FXGL Background Thread 3 ] DEBUG Engine               - devShowPositionProperty: BooleanProperty [value: false]
23:32:53.504 [FXGL Background Thread 3 ] DEBUG Engine               - enabledMenuItems: []
23:32:53.504 [FXGL Background Thread 3 ] DEBUG Engine               - engineServices: [class com.almasb.fxgl.app.services.FXGLAssetLoaderService, class com.almasb.fxgl.app.FXGLApplication$GameApplicationService, class com.almasb.fxgl.app.services.FXGLDialogService, class com.almasb.fxgl.app.services.IOTaskExecutorService, class com.almasb.fxgl.io.FileSystemService, class com.almasb.fxgl.localization.LocalizationService, class com.almasb.fxgl.app.services.SystemBundleService, class com.almasb.fxgl.profile.SaveLoadService, class com.almasb.fxgl.ui.FXGLUIFactoryServiceProvider, class com.almasb.fxgl.ui.FXGLDialogFactoryServiceProvider, class com.almasb.fxgl.audio.AudioPlayer, class com.almasb.fxgl.notification.impl.NotificationServiceProvider, class com.almasb.fxgl.achievement.AchievementService, class com.almasb.fxgl.cutscene.CutsceneService, class com.almasb.fxgl.minigames.MiniGameService, class com.almasb.fxgl.net.NetService, class com.almasb.fxgl.app.services.UpdaterService, class com.almasb.fxgl.dev.DevService]
23:32:53.504 [FXGL Background Thread 3 ] DEBUG Engine               - fontGame: Abel-Regular.ttf
23:32:53.504 [FXGL Background Thread 3 ] DEBUG Engine               - fontMono: TerminalLandMono-Regular.otf
23:32:53.504 [FXGL Background Thread 3 ] DEBUG Engine               - fontText: Courier-Prime.ttf
23:32:53.504 [FXGL Background Thread 3 ] DEBUG Engine               - fontUI: VarelaRound-Regular.ttf
23:32:53.504 [FXGL Background Thread 3 ] DEBUG Engine               - fullScreen: BooleanProperty [value: false]
23:32:53.504 [FXGL Background Thread 3 ] DEBUG Engine               - gameDifficulty: MEDIUM
23:32:53.504 [FXGL Background Thread 3 ] DEBUG Engine               - gameDifficultyProperty: ObjectProperty [value: MEDIUM]
23:32:53.504 [FXGL Background Thread 3 ] DEBUG Engine               - globalMusicVolume: 0.5
23:32:53.504 [FXGL Background Thread 3 ] DEBUG Engine               - globalMusicVolumeProperty: DoubleProperty [value: 0.25]
23:32:53.504 [FXGL Background Thread 3 ] DEBUG Engine               - globalSoundVolume: 0.5
23:32:53.504 [FXGL Background Thread 3 ] DEBUG Engine               - globalSoundVolumeProperty: DoubleProperty [value: 0.5]
23:32:53.505 [FXGL Background Thread 3 ] DEBUG Engine               - height: 720
23:32:53.505 [FXGL Background Thread 3 ] DEBUG Engine               - is3D: false
23:32:53.505 [FXGL Background Thread 3 ] DEBUG Engine               - isAndroid: false
23:32:53.505 [FXGL Background Thread 3 ] DEBUG Engine               - isBrowser: false
23:32:53.505 [FXGL Background Thread 3 ] DEBUG Engine               - isClickFeedbackEnabled: false
23:32:53.505 [FXGL Background Thread 3 ] DEBUG Engine               - isCloseConfirmation: false
23:32:53.505 [FXGL Background Thread 3 ] DEBUG Engine               - isDesktop: true
23:32:53.505 [FXGL Background Thread 3 ] DEBUG Engine               - isDeveloperMenuEnabled: true
23:32:53.505 [FXGL Background Thread 3 ] DEBUG Engine               - isEmbedded: false
23:32:53.505 [FXGL Background Thread 3 ] DEBUG Engine               - isEntityPreloadEnabled: true
23:32:53.505 [FXGL Background Thread 3 ] DEBUG Engine               - isExperimentalTiledLargeMap: false
23:32:53.505 [FXGL Background Thread 3 ] DEBUG Engine               - isFileSystemWriteAllowed: true
23:32:53.505 [FXGL Background Thread 3 ] DEBUG Engine               - isFullScreenAllowed: false
23:32:53.505 [FXGL Background Thread 3 ] DEBUG Engine               - isFullScreenFromStart: false
23:32:53.506 [FXGL Background Thread 3 ] DEBUG Engine               - isGameMenuEnabled: true
23:32:53.506 [FXGL Background Thread 3 ] DEBUG Engine               - isIOS: false
23:32:53.506 [FXGL Background Thread 3 ] DEBUG Engine               - isIntroEnabled: false
23:32:53.506 [FXGL Background Thread 3 ] DEBUG Engine               - isLinux: false
23:32:53.506 [FXGL Background Thread 3 ] DEBUG Engine               - isMac: true
23:32:53.506 [FXGL Background Thread 3 ] DEBUG Engine               - isMainMenuEnabled: true
23:32:53.506 [FXGL Background Thread 3 ] DEBUG Engine               - isManualResizeEnabled: false
23:32:53.506 [FXGL Background Thread 3 ] DEBUG Engine               - isMobile: false
23:32:53.506 [FXGL Background Thread 3 ] DEBUG Engine               - isNative: false
23:32:53.506 [FXGL Background Thread 3 ] DEBUG Engine               - isPauseMusicWhenMinimized: true
23:32:53.506 [FXGL Background Thread 3 ] DEBUG Engine               - isPreserveResizeRatio: false
23:32:53.506 [FXGL Background Thread 3 ] DEBUG Engine               - isProfilingEnabled: false
23:32:53.506 [FXGL Background Thread 3 ] DEBUG Engine               - isScaleAffectedOnResize: true
23:32:53.507 [FXGL Background Thread 3 ] DEBUG Engine               - isSingleStep: false
23:32:53.507 [FXGL Background Thread 3 ] DEBUG Engine               - isUserProfileEnabled: false
23:32:53.507 [FXGL Background Thread 3 ] DEBUG Engine               - isWindows: false
23:32:53.507 [FXGL Background Thread 3 ] DEBUG Engine               - language: ObjectProperty [value: ENGLISH]
23:32:53.507 [FXGL Background Thread 3 ] DEBUG Engine               - menuKey: ESCAPE
23:32:53.507 [FXGL Background Thread 3 ] DEBUG Engine               - mouseSensitivity: 0.2
23:32:53.507 [FXGL Background Thread 3 ] DEBUG Engine               - notificationViewClass: class com.almasb.fxgl.notification.view.XboxNotificationView
23:32:53.507 [FXGL Background Thread 3 ] DEBUG Engine               - pixelsPerMeter: 50.0
23:32:53.507 [FXGL Background Thread 3 ] DEBUG Engine               - platform: MAC
23:32:53.507 [FXGL Background Thread 3 ] DEBUG Engine               - prefHeightProperty: ReadOnlyDoubleProperty [value: 720.0]
23:32:53.507 [FXGL Background Thread 3 ] DEBUG Engine               - prefWidthProperty: ReadOnlyDoubleProperty [value: 1280.0]
23:32:53.508 [FXGL Background Thread 3 ] DEBUG Engine               - profileDir: profiles/
23:32:53.508 [FXGL Background Thread 3 ] DEBUG Engine               - profileName: StringProperty [value: DEFAULT]
23:32:53.508 [FXGL Background Thread 3 ] DEBUG Engine               - randomSeed: -1
23:32:53.508 [FXGL Background Thread 3 ] DEBUG Engine               - runtimeInfo: RuntimeInfo(platform=MAC, version=17.2, build=20.08.2022 16.50)
23:32:53.508 [FXGL Background Thread 3 ] DEBUG Engine               - saveFileExt: sav
23:32:53.508 [FXGL Background Thread 3 ] DEBUG Engine               - scaledHeightProp$fxgl: DoubleProperty [bound, value: 720.0]
23:32:53.509 [FXGL Background Thread 3 ] DEBUG Engine               - scaledWidthProp$fxgl: DoubleProperty [bound, value: 1280.0]
23:32:53.509 [FXGL Background Thread 3 ] DEBUG Engine               - sceneFactory: com.sunsofgod.PlatformerApp$1@7d3c87a
23:32:53.509 [FXGL Background Thread 3 ] DEBUG Engine               - secondsIn24h: 60
23:32:53.509 [FXGL Background Thread 3 ] DEBUG Engine               - soundMenuBack: menu/back.wav
23:32:53.509 [FXGL Background Thread 3 ] DEBUG Engine               - soundMenuPress: menu/press.wav
23:32:53.509 [FXGL Background Thread 3 ] DEBUG Engine               - soundMenuSelect: menu/select.wav
23:32:53.509 [FXGL Background Thread 3 ] DEBUG Engine               - soundNotification: core/notification.wav
23:32:53.509 [FXGL Background Thread 3 ] DEBUG Engine               - stageStyle: DECORATED
23:32:53.509 [FXGL Background Thread 3 ] DEBUG Engine               - supportedLanguages: [ENGLISH, FRENCH, GERMAN, HUNGARIAN, RUSSIAN]
23:32:53.509 [FXGL Background Thread 3 ] DEBUG Engine               - ticksPerSecond: -1
23:32:53.509 [FXGL Background Thread 3 ] DEBUG Engine               - title: Untitled
23:32:53.509 [FXGL Background Thread 3 ] DEBUG Engine               - urlGithub: https://github.com/AlmasB/FXGL
23:32:53.509 [FXGL Background Thread 3 ] DEBUG Engine               - urlLeaderboard: http://fxgl-top.herokuapp.com/
23:32:53.509 [FXGL Background Thread 3 ] DEBUG Engine               - urlPOM: https://raw.githubusercontent.com/AlmasB/FXGL/release/README.md
23:32:53.509 [FXGL Background Thread 3 ] DEBUG Engine               - userAppClass: class com.sunsofgod.PlatformerApp
23:32:53.510 [FXGL Background Thread 3 ] DEBUG Engine               - version: 0.0
23:32:53.510 [FXGL Background Thread 3 ] DEBUG Engine               - versionCheckDays: 7
23:32:53.510 [FXGL Background Thread 3 ] DEBUG Engine               - width: 1280
23:32:53.510 [FXGL Background Thread 3 ] DEBUG Engine               - Logging services
23:32:53.510 [FXGL Background Thread 3 ] DEBUG Engine               - class com.almasb.fxgl.app.services.FXGLAssetLoaderService
23:32:53.510 [FXGL Background Thread 3 ] DEBUG Engine               - class com.almasb.fxgl.app.FXGLApplication$GameApplicationService
23:32:53.510 [FXGL Background Thread 3 ] DEBUG Engine               - class com.almasb.fxgl.app.services.FXGLDialogService
23:32:53.510 [FXGL Background Thread 3 ] DEBUG Engine               - class com.almasb.fxgl.app.services.IOTaskExecutorService
23:32:53.510 [FXGL Background Thread 3 ] DEBUG Engine               - class com.almasb.fxgl.io.FileSystemService
23:32:53.510 [FXGL Background Thread 3 ] DEBUG Engine               - class com.almasb.fxgl.localization.LocalizationService
23:32:53.510 [FXGL Background Thread 3 ] DEBUG Engine               - class com.almasb.fxgl.app.services.SystemBundleService
23:32:53.510 [FXGL Background Thread 3 ] DEBUG Engine               - class com.almasb.fxgl.profile.SaveLoadService
23:32:53.511 [FXGL Background Thread 3 ] DEBUG Engine               - class com.almasb.fxgl.ui.FXGLUIFactoryServiceProvider
23:32:53.511 [FXGL Background Thread 3 ] DEBUG Engine               - class com.almasb.fxgl.ui.FXGLDialogFactoryServiceProvider
23:32:53.511 [FXGL Background Thread 3 ] DEBUG Engine               - class com.almasb.fxgl.audio.AudioPlayer
23:32:53.511 [FXGL Background Thread 3 ] DEBUG Engine               - class com.almasb.fxgl.notification.impl.NotificationServiceProvider
23:32:53.511 [FXGL Background Thread 3 ] DEBUG Engine               - class com.almasb.fxgl.achievement.AchievementService
23:32:53.511 [FXGL Background Thread 3 ] DEBUG Engine               - class com.almasb.fxgl.cutscene.CutsceneService
23:32:53.511 [FXGL Background Thread 3 ] DEBUG Engine               - class com.almasb.fxgl.minigames.MiniGameService
23:32:53.511 [FXGL Background Thread 3 ] DEBUG Engine               - class com.almasb.fxgl.net.NetService
23:32:53.511 [FXGL Background Thread 3 ] DEBUG Engine               - class com.almasb.fxgl.app.services.UpdaterService
23:32:53.511 [FXGL Background Thread 3 ] DEBUG Engine               - class com.almasb.fxgl.dev.DevService
23:32:53.965 [JavaFX Application Thread] DEBUG Menu                 - fireNewGame()
23:32:53.965 [JavaFX Application Thread] DEBUG GameApplicationServi - Starting new game
23:32:53.965 [JavaFX Application Thread] DEBUG PrimaryStageWindow   - Pop state: LevelSelectScene
23:32:53.965 [JavaFX Application Thread] DEBUG Input                - Clearing active input actions
23:32:53.966 [JavaFX Application Thread] DEBUG GameApplicationServi - Removing overlay from LevelSelectScene and adding to RiderMainMenuScene
23:32:53.967 [JavaFX Application Thread] DEBUG PrimaryStageWindow   - RiderMainMenuScene <- LevelSelectScene
23:32:53.967 [JavaFX Application Thread] DEBUG PrimaryStageWindow   - Pop state: RiderMainMenuScene
23:32:53.967 [JavaFX Application Thread] DEBUG Input                - Clearing active input actions
23:32:53.967 [JavaFX Application Thread] DEBUG GameApplicationServi - Removing overlay from RiderMainMenuScene and adding to FXGLMainMenuDummyScene
23:32:53.967 [JavaFX Application Thread] DEBUG PrimaryStageWindow   - FXGLMainMenuDummyScene <- RiderMainMenuScene
23:32:53.967 [JavaFX Application Thread] DEBUG Input                - Clearing active input actions
23:32:53.972 [JavaFX Application Thread] DEBUG GameApplicationServi - Removing overlay from FXGLMainMenuDummyScene and adding to MainLoadingScene
23:32:53.975 [JavaFX Application Thread] DEBUG PrimaryStageWindow   - FXGLMainMenuDummyScene -> MainLoadingScene
23:32:53.975 [JavaFX Application Thread] DEBUG GameApplicationServi - Clearing previous game
23:32:53.976 [JavaFX Application Thread] DEBUG GameScene            - Clearing game scene
23:32:53.976 [JavaFX Application Thread] DEBUG GameWorld            - Clearing game world
23:32:53.976 [JavaFX Application Thread] DEBUG PhysicsWorld         - Clearing physics world
23:32:53.977 [FXGL Background Thread 2 ] DEBUG FXGLApplication      - Initializing game
23:32:54.005 [FXGL Background Thread 2 ] WARN  TMXLevelLoader       - TiledMap generated from 1.11.0. Supported version: 1.9.0. Some features may not be parsed fully.
23:32:54.010 [FXGL Background Thread 2 ] DEBUG TMXLevelLoader       - Parsed TiledMap: file:/Users/aaron/JavaFXGame/target/classes/assets/levels/tmx/level1.tmx
23:32:54.011 [FXGL Background Thread 2 ] DEBUG TMXLevelLoader       - Creating tile layer entities
23:32:54.012 [FXGL Background Thread 2 ] DEBUG TilesetLoader        - Loading view for layer Tile Layer 1
23:32:54.014 [FXGL Background Thread 2 ] DEBUG TilesetLoader        - Created buffer with size 1050.0x700.0
23:32:54.020 [FXGL Background Thread 2 ] DEBUG TMXLevelLoader       - Creating object layer entities
23:32:54.029 [FXGL Background Thread 2 ] DEBUG GameWorld            - Clearing removable entities
23:32:54.029 [FXGL Background Thread 2 ] DEBUG GameWorld            - Setting level: com.almasb.fxgl.entity.level.Level@14c3952b
23:32:54.037 [FXGL Background Thread 2 ] DEBUG Input                - Registered new binding: Jump0 - W
23:32:54.037 [FXGL Background Thread 2 ] DEBUG Input                - Registered new binding: Left0 - A
23:32:54.037 [FXGL Background Thread 2 ] DEBUG Input                - Registered new binding: Right0 - D
23:32:54.037 [FXGL Background Thread 2 ] DEBUG Input                - Registered new binding: Use0 - E
23:32:54.037 [FXGL Background Thread 2 ] DEBUG Input                - Registered new binding: Jump1 - Up
23:32:54.037 [FXGL Background Thread 2 ] DEBUG Input                - Registered new binding: Left1 - Left
23:32:54.037 [FXGL Background Thread 2 ] DEBUG Input                - Registered new binding: Right1 - Right
23:32:54.037 [FXGL Background Thread 2 ] DEBUG Input                - Registered new binding: Use1 - Slash
23:32:54.038 [FXGL Background Thread 2 ] DEBUG FXGLAssetLoaderServi - Loading from file system: file:/Users/aaron/JavaFXGame/target/classes/assets/textures/background/manila.png
23:32:54.045 [FXGL Background Thread 2 ] INFO  FXGLApplication      - Game initialization took: 0.068 sec
23:32:54.046 [JavaFX Application Thread] DEBUG Input                - Clearing active input actions
23:32:54.050 [JavaFX Application Thread] DEBUG GameApplicationServi - Removing overlay from MainLoadingScene and adding to GameScene
23:32:54.051 [JavaFX Application Thread] DEBUG PrimaryStageWindow   - MainLoadingScene -> GameScene
23:33:15.085 [JavaFX Application Thread] WARN  TMXLevelLoader       - TiledMap generated from 1.11.0. Supported version: 1.9.0. Some features may not be parsed fully.
23:33:15.088 [JavaFX Application Thread] DEBUG TMXLevelLoader       - Parsed TiledMap: file:/Users/aaron/JavaFXGame/target/classes/assets/levels/tmx/level1.tmx
23:33:15.089 [JavaFX Application Thread] DEBUG TMXLevelLoader       - Creating tile layer entities
23:33:15.089 [JavaFX Application Thread] DEBUG TilesetLoader        - Loading view for layer Tile Layer 1
23:33:15.095 [JavaFX Application Thread] DEBUG TilesetLoader        - Created buffer with size 1050.0x700.0
23:33:15.110 [JavaFX Application Thread] DEBUG TMXLevelLoader       - Creating object layer entities
23:33:15.112 [JavaFX Application Thread] DEBUG GameWorld            - Clearing removable entities
23:33:15.112 [JavaFX Application Thread] DEBUG GameWorld            - Setting level: com.almasb.fxgl.entity.level.Level@767ac3b5
23:33:34.887 [JavaFX Application Thread] WARN  TMXLevelLoader       - TiledMap generated from 1.11.0. Supported version: 1.9.0. Some features may not be parsed fully.
23:33:34.890 [JavaFX Application Thread] DEBUG TMXLevelLoader       - Parsed TiledMap: file:/Users/aaron/JavaFXGame/target/classes/assets/levels/tmx/level1.tmx
23:33:34.890 [JavaFX Application Thread] DEBUG TMXLevelLoader       - Creating tile layer entities
23:33:34.891 [JavaFX Application Thread] DEBUG TilesetLoader        - Loading view for layer Tile Layer 1
23:33:34.900 [JavaFX Application Thread] DEBUG TilesetLoader        - Created buffer with size 1050.0x700.0
23:33:34.917 [JavaFX Application Thread] DEBUG TMXLevelLoader       - Creating object layer entities
23:33:34.919 [JavaFX Application Thread] DEBUG GameWorld            - Clearing removable entities
23:33:34.923 [JavaFX Application Thread] DEBUG GameWorld            - Setting level: com.almasb.fxgl.entity.level.Level@47964f4c
23:33:53.601 [JavaFX Application Thread] WARN  TMXLevelLoader       - TiledMap generated from 1.11.0. Supported version: 1.9.0. Some features may not be parsed fully.
23:33:53.603 [JavaFX Application Thread] DEBUG TMXLevelLoader       - Parsed TiledMap: file:/Users/aaron/JavaFXGame/target/classes/assets/levels/tmx/level2.tmx
23:33:53.603 [JavaFX Application Thread] DEBUG TMXLevelLoader       - Creating tile layer entities
23:33:53.603 [JavaFX Application Thread] DEBUG TilesetLoader        - Loading view for layer Tile Layer 1
23:33:53.604 [JavaFX Application Thread] DEBUG TilesetLoader        - Created buffer with size 1050.0x700.0
23:33:53.616 [JavaFX Application Thread] DEBUG TMXLevelLoader       - Creating object layer entities
23:33:53.618 [JavaFX Application Thread] DEBUG GameWorld            - Clearing removable entities
23:33:53.619 [JavaFX Application Thread] DEBUG GameWorld            - Setting level: com.almasb.fxgl.entity.level.Level@4182305b
23:36:34.262 [JavaFX Application Thread] DEBUG FXGLApplication      - Exiting FXGL
23:36:34.263 [JavaFX Application Thread] DEBUG LoopRunner           - Stopping loop
23:36:34.263 [JavaFX Application Thread] DEBUG SystemBundleService  - Saving FXGL system data
23:36:34.277 [JavaFX Application Thread] DEBUG FileSystemAccess     - Writing to: /Users/aaron/JavaFXGame/system/fxgl.bundle
23:36:34.280 [JavaFX Application Thread] DEBUG Async                - Shutting down background threads
23:36:34.280 [JavaFX Application Thread] DEBUG PrimaryStageWindow   - Closing main window
23:36:34.292 [JavaFX Application Thread] DEBUG Logger               - Closing Logger
