22:28:09.937 [main                     ] DEBUG Logger               - Configured Logger
22:28:09.954 [main                     ] DEBUG GameApplication      - Logging settings
Title: Untitled
Version: 0.0
Width: 1280
Height: 720
Fullscreen: false
Intro: false
Profiling: false
Single step:false
App Mode: DEVELOPER
Menu Key: ESCAPE
Stage Style: DECORATED
Scene Factory: class com.sunsofgod.PlatformerApp$1

22:28:10.232 [JavaFX Application Thread] DEBUG FXGLApplication      - Initializing FXGL
22:28:10.235 [JavaFX Application Thread] INFO  Engine               - FXGL-17.2 (20.08.2022 16.50) on WINDOWS (J:21.0.4 FX:17.0.12)
22:28:10.235 [JavaFX Application Thread] DEBUG Engine               - JRE Vendor Name: Eclipse Adoptium
22:28:10.236 [JavaFX Application Thread] DEBUG Engine               - Running on OS: Windows 11 version 10.0
22:28:10.236 [JavaFX Application Thread] DEBUG Engine               - Architecture: amd64
22:28:10.236 [JavaFX Application Thread] INFO  Engine               - Source code and latest versions at: https://github.com/AlmasB/FXGL
22:28:10.236 [JavaFX Application Thread] INFO  Engine               -       Ask questions and discuss at: https://github.com/AlmasB/FXGL/discussions
22:28:10.236 [JavaFX Application Thread] INFO  Engine               -              Join the FXGL chat at: https://gitter.im/AlmasB/FXGL
22:28:10.300 [JavaFX Application Thread] DEBUG PrimaryStageWindow   - Creating a JavaFX scene
22:28:10.333 [JavaFX Application Thread] DEBUG PrimaryStageWindow   - Target settings size: 1280.0 x 720.0
22:28:10.334 [JavaFX Application Thread] DEBUG PrimaryStageWindow   - Scaled scene size:    1280.0 x 720.0
22:28:10.334 [JavaFX Application Thread] DEBUG PrimaryStageWindow   - Scaled ratio: (1.0, 1.0)
22:28:10.335 [JavaFX Application Thread] DEBUG PrimaryStageWindow   - Set initial scene to FXGLStartupScene
22:28:10.340 [JavaFX Application Thread] DEBUG PrimaryStageWindow   - Opening main window
22:28:10.401 [JavaFX Application Thread] DEBUG PrimaryStageWindow   - Window border size: (16.0, 39.0)
22:28:10.401 [JavaFX Application Thread] DEBUG PrimaryStageWindow   - Scaled size: 1280.0 x 720.0
22:28:10.401 [JavaFX Application Thread] DEBUG PrimaryStageWindow   - Scaled ratio: (1.0, 1.0)
22:28:10.401 [JavaFX Application Thread] DEBUG PrimaryStageWindow   - Scene size: 1280.0 x 720.0
22:28:10.401 [JavaFX Application Thread] DEBUG PrimaryStageWindow   - Stage size: 1296.0 x 759.0
22:28:10.406 [FXGL Background Thread 1 ] DEBUG Engine               - Initializing environment variables
22:28:10.440 [FXGL Background Thread 1 ] DEBUG FXGLAssetLoaderServi - User app class for loading assets: class com.sunsofgod.PlatformerApp
22:28:10.440 [FXGL Background Thread 1 ] DEBUG GameApplicationServi - Applying CSS: fxgl_dark.css
22:28:10.440 [FXGL Background Thread 1 ] DEBUG FXGLAssetLoaderServi - Loading from file system: jar:file:///C:/Users/user/.m2/repository/com/github/almasb/fxgl/17.2/fxgl-17.2.jar!/fxglassets/ui/css/fxgl_dark.css
22:28:10.474 [FXGL Background Thread 1 ] DEBUG GameApplicationServi - Initializing application scenes
22:28:10.505 [FXGL Background Thread 1 ] WARN  FXGLAssetLoaderServi - Asset "/assets/textures/player.png" was not found!
22:28:10.506 [FXGL Background Thread 1 ] WARN  FXGLAssetLoaderServi - Failed to load IMAGE
22:28:10.523 [FXGL Background Thread 1 ] DEBUG GameWorld            - Game world initialized
22:28:10.562 [FXGL Background Thread 1 ] DEBUG PhysicsWorld         - Physics world initialized: appHeight=720, physics.ppm=50.0
22:28:10.563 [FXGL Background Thread 1 ] DEBUG PhysicsWorld         - Using strategy: BRUTE_FORCE
22:28:10.565 [FXGL Background Thread 1 ] DEBUG GameScene            - Game scene initialized: 1280x720
22:28:10.829 [FXGL Background Thread 1 ] DEBUG FXGL.DefaultMenu     - createMenuBodyGameMenu()
22:28:10.837 [FXGL Background Thread 1 ] DEBUG FXGL.DefaultMenu     - createOptionsMenu()
22:28:10.842 [FXGL Background Thread 1 ] DEBUG FXGLAssetLoaderServi - Loading from file system: jar:file:///C:/Users/user/.m2/repository/com/github/almasb/fxgl/17.2/fxgl-17.2.jar!/fxglassets/textures/particles/smoke.png
22:28:10.882 [FXGL Background Thread 1 ] DEBUG FXGLAssetLoaderServi - Loading from file system: jar:file:///C:/Users/user/.m2/repository/com/github/almasb/fxgl/17.2/fxgl-17.2.jar!/fxglassets/textures/particles/trace_horizontal.png
22:28:10.891 [FXGL Background Thread 1 ] DEBUG GameApplicationServi - Application scenes initialized
22:28:10.900 [FXGL Background Thread 1 ] DEBUG SystemBundleService  - Loading FXGL system data
22:28:10.904 [FXGL Background Thread 1 ] DEBUG FileSystemAccess     - Reading from: C:\Users\user\Desktop\JavaFXGame\system\fxgl.bundle
22:28:10.911 [FXGL Background Thread 1 ] DEBUG SystemBundleService  - Bundle FXGL: {}
22:28:10.911 [FXGL Background Thread 1 ] DEBUG UpdaterService       - Checking for updates
22:28:10.936 [FXGL Background Thread 4 ] DEBUG FXGLApplication      - Loading fonts
22:28:10.936 [FXGL Background Thread 1 ] DEBUG FXGLApplication      - Loading default localization
22:28:10.936 [FXGL Background Thread 4 ] DEBUG FXGLAssetLoaderServi - Loading from file system: jar:file:///C:/Users/user/.m2/repository/com/github/almasb/fxgl/17.2/fxgl-17.2.jar!/fxglassets/ui/fonts/VarelaRound-Regular.ttf
22:28:10.936 [FXGL Background Thread 1 ] DEBUG FXGLAssetLoaderServi - Loading from file system: jar:file:///C:/Users/user/.m2/repository/com/github/almasb/fxgl/17.2/fxgl-17.2.jar!/fxglassets/languages/english.lang
22:28:10.949 [FXGL Background Thread 1 ] INFO  FXGLApplication      - FXGL initialization took: 0.543 sec
22:28:10.950 [JavaFX Application Thread] DEBUG FXGLAssetLoaderServi - Loading from file system: jar:file:///C:/Users/user/.m2/repository/com/github/almasb/fxgl/17.2/fxgl-17.2.jar!/fxglassets/textures/fxgl_icon.png
22:28:10.958 [JavaFX Application Thread] DEBUG FXGLAssetLoaderServi - Loading from file system: jar:file:///C:/Users/user/.m2/repository/com/github/almasb/fxgl/17.2/fxgl-17.2.jar!/fxglassets/textures/fxgl_default_cursor.png
22:28:10.961 [FXGL Background Thread 4 ] DEBUG FXGLAssetLoaderServi - Loading from file system: jar:file:///C:/Users/user/.m2/repository/com/github/almasb/fxgl/17.2/fxgl-17.2.jar!/fxglassets/ui/fonts/Abel-Regular.ttf
22:28:10.964 [FXGL Background Thread 4 ] DEBUG FXGLAssetLoaderServi - Loading from file system: jar:file:///C:/Users/user/.m2/repository/com/github/almasb/fxgl/17.2/fxgl-17.2.jar!/fxglassets/ui/fonts/TerminalLandMono-Regular.otf
22:28:10.966 [JavaFX Application Thread] DEBUG Input                - Registered new binding: Screenshot - CTRL+8
22:28:10.966 [JavaFX Application Thread] DEBUG Input                - Registered new binding: Dev Options - 1
22:28:10.967 [JavaFX Application Thread] DEBUG Input                - Registered new binding: Dev Console - 2
22:28:10.967 [JavaFX Application Thread] DEBUG Input                - Registered new binding: System info dump - CTRL+9
22:28:10.967 [FXGL Background Thread 4 ] DEBUG FXGLAssetLoaderServi - Loading from file system: jar:file:///C:/Users/user/.m2/repository/com/github/almasb/fxgl/17.2/fxgl-17.2.jar!/fxglassets/ui/fonts/Courier-Prime.ttf
22:28:10.967 [JavaFX Application Thread] DEBUG Input                - Registered new binding: Restart - CTRL+R
22:28:10.968 [JavaFX Application Thread] DEBUG Input                - Registered new binding: Toggle Debug Camera - CTRL+7
22:28:10.970 [JavaFX Application Thread] DEBUG LoopRunner           - Starting loop
22:28:10.979 [JavaFX Application Thread] DEBUG LoopRunner           - Initializing JavaFX AnimationTimerLoop
22:28:10.981 [JavaFX Application Thread] DEBUG Input                - Clearing active input actions
22:28:10.989 [JavaFX Application Thread] DEBUG GameApplicationServi - Removing overlay from FXGLStartupScene and adding to FXGLMainMenuDummyScene
22:28:10.991 [JavaFX Application Thread] DEBUG PrimaryStageWindow   - FXGLStartupScene -> FXGLMainMenuDummyScene
22:28:10.991 [JavaFX Application Thread] DEBUG PrimaryStageWindow   - Push state: RiderMainMenuScene
22:28:10.991 [JavaFX Application Thread] DEBUG Input                - Clearing active input actions
22:28:10.997 [JavaFX Application Thread] DEBUG GameApplicationServi - Removing overlay from FXGLMainMenuDummyScene and adding to RiderMainMenuScene
22:28:10.997 [JavaFX Application Thread] DEBUG PrimaryStageWindow   - FXGLMainMenuDummyScene -> RiderMainMenuScene
22:28:11.117 [JavaFX Application Thread] DEBUG FXGLApplication      - Registering font factories with UI factory
22:28:11.557 [FXGL Background Thread 2 ] INFO  UpdaterService       - Your current version:  17.2
22:28:11.557 [FXGL Background Thread 2 ] INFO  UpdaterService       - Latest stable version: 21.1
22:28:12.947 [JavaFX Application Thread] DEBUG PrimaryStageWindow   - Push state: PlayerSelectScene
22:28:12.947 [JavaFX Application Thread] DEBUG Input                - Clearing active input actions
22:28:12.947 [JavaFX Application Thread] DEBUG GameApplicationServi - Removing overlay from RiderMainMenuScene and adding to PlayerSelectScene
22:28:12.949 [JavaFX Application Thread] DEBUG PrimaryStageWindow   - RiderMainMenuScene -> PlayerSelectScene
22:28:13.936 [FXGL Background Thread 3 ] DEBUG Engine               - Logging environment variables
22:28:13.936 [FXGL Background Thread 3 ] DEBUG Engine               - achievements: []
22:28:13.936 [FXGL Background Thread 3 ] DEBUG Engine               - actualHeight: 720.0
22:28:13.936 [FXGL Background Thread 3 ] DEBUG Engine               - actualHeightProperty: ReadOnlyDoubleProperty [value: 720.0]
22:28:13.936 [FXGL Background Thread 3 ] DEBUG Engine               - actualWidth: 1280.0
22:28:13.936 [FXGL Background Thread 3 ] DEBUG Engine               - actualWidthProperty: ReadOnlyDoubleProperty [value: 1280.0]
22:28:13.936 [FXGL Background Thread 3 ] DEBUG Engine               - appIcon: fxgl_icon.png
22:28:13.936 [FXGL Background Thread 3 ] DEBUG Engine               - applicationMode: DEVELOPER
22:28:13.936 [FXGL Background Thread 3 ] DEBUG Engine               - cSSList: [fxgl_dark.css]
22:28:13.936 [FXGL Background Thread 3 ] DEBUG Engine               - collisionDetectionStrategy: BRUTE_FORCE
22:28:13.937 [FXGL Background Thread 3 ] DEBUG Engine               - configClass: Optional.empty
22:28:13.937 [FXGL Background Thread 3 ] DEBUG Engine               - credits: []
22:28:13.937 [FXGL Background Thread 3 ] DEBUG Engine               - defaultCursor: CursorInfo(imageName=fxgl_default_cursor.png, hotspotX=7.0, hotspotY=6.0)
22:28:13.937 [FXGL Background Thread 3 ] DEBUG Engine               - devBBoxColorProperty: ObjectProperty [value: 0xff0000ff]
22:28:13.937 [FXGL Background Thread 3 ] DEBUG Engine               - devEnableDebugCameraProperty: BooleanProperty [value: false]
22:28:13.937 [FXGL Background Thread 3 ] DEBUG Engine               - devSensorColorProperty: ObjectProperty [value: 0xffff00ff]
22:28:13.937 [FXGL Background Thread 3 ] DEBUG Engine               - devShowBBoxProperty: BooleanProperty [value: false]
22:28:13.937 [FXGL Background Thread 3 ] DEBUG Engine               - devShowPositionProperty: BooleanProperty [value: false]
22:28:13.937 [FXGL Background Thread 3 ] DEBUG Engine               - enabledMenuItems: []
22:28:13.937 [FXGL Background Thread 3 ] DEBUG Engine               - engineServices: [class com.almasb.fxgl.app.services.FXGLAssetLoaderService, class com.almasb.fxgl.app.FXGLApplication$GameApplicationService, class com.almasb.fxgl.app.services.FXGLDialogService, class com.almasb.fxgl.app.services.IOTaskExecutorService, class com.almasb.fxgl.io.FileSystemService, class com.almasb.fxgl.localization.LocalizationService, class com.almasb.fxgl.app.services.SystemBundleService, class com.almasb.fxgl.profile.SaveLoadService, class com.almasb.fxgl.ui.FXGLUIFactoryServiceProvider, class com.almasb.fxgl.ui.FXGLDialogFactoryServiceProvider, class com.almasb.fxgl.audio.AudioPlayer, class com.almasb.fxgl.notification.impl.NotificationServiceProvider, class com.almasb.fxgl.achievement.AchievementService, class com.almasb.fxgl.cutscene.CutsceneService, class com.almasb.fxgl.minigames.MiniGameService, class com.almasb.fxgl.net.NetService, class com.almasb.fxgl.app.services.UpdaterService, class com.almasb.fxgl.dev.DevService]
22:28:13.937 [FXGL Background Thread 3 ] DEBUG Engine               - fontGame: Abel-Regular.ttf
22:28:13.937 [FXGL Background Thread 3 ] DEBUG Engine               - fontMono: TerminalLandMono-Regular.otf
22:28:13.937 [FXGL Background Thread 3 ] DEBUG Engine               - fontText: Courier-Prime.ttf
22:28:13.937 [FXGL Background Thread 3 ] DEBUG Engine               - fontUI: VarelaRound-Regular.ttf
22:28:13.937 [FXGL Background Thread 3 ] DEBUG Engine               - fullScreen: BooleanProperty [value: false]
22:28:13.938 [FXGL Background Thread 3 ] DEBUG Engine               - gameDifficulty: MEDIUM
22:28:13.938 [FXGL Background Thread 3 ] DEBUG Engine               - gameDifficultyProperty: ObjectProperty [value: MEDIUM]
22:28:13.938 [FXGL Background Thread 3 ] DEBUG Engine               - globalMusicVolume: 0.5
22:28:13.938 [FXGL Background Thread 3 ] DEBUG Engine               - globalMusicVolumeProperty: DoubleProperty [value: 0.25]
22:28:13.938 [FXGL Background Thread 3 ] DEBUG Engine               - globalSoundVolume: 0.5
22:28:13.938 [FXGL Background Thread 3 ] DEBUG Engine               - globalSoundVolumeProperty: DoubleProperty [value: 0.5]
22:28:13.938 [FXGL Background Thread 3 ] DEBUG Engine               - height: 720
22:28:13.938 [FXGL Background Thread 3 ] DEBUG Engine               - is3D: false
22:28:13.938 [FXGL Background Thread 3 ] DEBUG Engine               - isAndroid: false
22:28:13.938 [FXGL Background Thread 3 ] DEBUG Engine               - isBrowser: false
22:28:13.938 [FXGL Background Thread 3 ] DEBUG Engine               - isClickFeedbackEnabled: false
22:28:13.938 [FXGL Background Thread 3 ] DEBUG Engine               - isCloseConfirmation: false
22:28:13.938 [FXGL Background Thread 3 ] DEBUG Engine               - isDesktop: true
22:28:13.938 [FXGL Background Thread 3 ] DEBUG Engine               - isDeveloperMenuEnabled: true
22:28:13.938 [FXGL Background Thread 3 ] DEBUG Engine               - isEmbedded: false
22:28:13.938 [FXGL Background Thread 3 ] DEBUG Engine               - isEntityPreloadEnabled: true
22:28:13.938 [FXGL Background Thread 3 ] DEBUG Engine               - isExperimentalTiledLargeMap: false
22:28:13.938 [FXGL Background Thread 3 ] DEBUG Engine               - isFileSystemWriteAllowed: true
22:28:13.938 [FXGL Background Thread 3 ] DEBUG Engine               - isFullScreenAllowed: false
22:28:13.938 [FXGL Background Thread 3 ] DEBUG Engine               - isFullScreenFromStart: false
22:28:13.938 [FXGL Background Thread 3 ] DEBUG Engine               - isGameMenuEnabled: true
22:28:13.938 [FXGL Background Thread 3 ] DEBUG Engine               - isIOS: false
22:28:13.939 [FXGL Background Thread 3 ] DEBUG Engine               - isIntroEnabled: false
22:28:13.939 [FXGL Background Thread 3 ] DEBUG Engine               - isLinux: false
22:28:13.939 [FXGL Background Thread 3 ] DEBUG Engine               - isMac: false
22:28:13.939 [FXGL Background Thread 3 ] DEBUG Engine               - isMainMenuEnabled: true
22:28:13.939 [FXGL Background Thread 3 ] DEBUG Engine               - isManualResizeEnabled: false
22:28:13.939 [FXGL Background Thread 3 ] DEBUG Engine               - isMobile: false
22:28:13.939 [FXGL Background Thread 3 ] DEBUG Engine               - isNative: false
22:28:13.939 [FXGL Background Thread 3 ] DEBUG Engine               - isPauseMusicWhenMinimized: true
22:28:13.939 [FXGL Background Thread 3 ] DEBUG Engine               - isPreserveResizeRatio: false
22:28:13.939 [FXGL Background Thread 3 ] DEBUG Engine               - isProfilingEnabled: false
22:28:13.939 [FXGL Background Thread 3 ] DEBUG Engine               - isScaleAffectedOnResize: true
22:28:13.939 [FXGL Background Thread 3 ] DEBUG Engine               - isSingleStep: false
22:28:13.939 [FXGL Background Thread 3 ] DEBUG Engine               - isUserProfileEnabled: false
22:28:13.939 [FXGL Background Thread 3 ] DEBUG Engine               - isWindows: true
22:28:13.939 [FXGL Background Thread 3 ] DEBUG Engine               - language: ObjectProperty [value: ENGLISH]
22:28:13.939 [FXGL Background Thread 3 ] DEBUG Engine               - menuKey: ESCAPE
22:28:13.939 [FXGL Background Thread 3 ] DEBUG Engine               - mouseSensitivity: 0.2
22:28:13.939 [FXGL Background Thread 3 ] DEBUG Engine               - notificationViewClass: class com.almasb.fxgl.notification.view.XboxNotificationView
22:28:13.939 [FXGL Background Thread 3 ] DEBUG Engine               - pixelsPerMeter: 50.0
22:28:13.939 [FXGL Background Thread 3 ] DEBUG Engine               - platform: WINDOWS
22:28:13.939 [FXGL Background Thread 3 ] DEBUG Engine               - prefHeightProperty: ReadOnlyDoubleProperty [value: 720.0]
22:28:13.939 [FXGL Background Thread 3 ] DEBUG Engine               - prefWidthProperty: ReadOnlyDoubleProperty [value: 1280.0]
22:28:13.939 [FXGL Background Thread 3 ] DEBUG Engine               - profileDir: profiles/
22:28:13.939 [FXGL Background Thread 3 ] DEBUG Engine               - profileName: StringProperty [value: DEFAULT]
22:28:13.940 [FXGL Background Thread 3 ] DEBUG Engine               - randomSeed: -1
22:28:13.940 [FXGL Background Thread 3 ] DEBUG Engine               - runtimeInfo: RuntimeInfo(platform=WINDOWS, version=17.2, build=20.08.2022 16.50)
22:28:13.940 [FXGL Background Thread 3 ] DEBUG Engine               - saveFileExt: sav
22:28:13.940 [FXGL Background Thread 3 ] DEBUG Engine               - scaledHeightProp$fxgl: DoubleProperty [bound, value: 720.0]
22:28:13.940 [FXGL Background Thread 3 ] DEBUG Engine               - scaledWidthProp$fxgl: DoubleProperty [bound, value: 1280.0]
22:28:13.940 [FXGL Background Thread 3 ] DEBUG Engine               - sceneFactory: com.sunsofgod.PlatformerApp$1@66bd8580
22:28:13.940 [FXGL Background Thread 3 ] DEBUG Engine               - secondsIn24h: 60
22:28:13.940 [FXGL Background Thread 3 ] DEBUG Engine               - soundMenuBack: menu/back.wav
22:28:13.940 [FXGL Background Thread 3 ] DEBUG Engine               - soundMenuPress: menu/press.wav
22:28:13.940 [FXGL Background Thread 3 ] DEBUG Engine               - soundMenuSelect: menu/select.wav
22:28:13.940 [FXGL Background Thread 3 ] DEBUG Engine               - soundNotification: core/notification.wav
22:28:13.940 [FXGL Background Thread 3 ] DEBUG Engine               - stageStyle: DECORATED
22:28:13.940 [FXGL Background Thread 3 ] DEBUG Engine               - supportedLanguages: [ENGLISH, FRENCH, GERMAN, HUNGARIAN, RUSSIAN]
22:28:13.940 [FXGL Background Thread 3 ] DEBUG Engine               - ticksPerSecond: -1
22:28:13.940 [FXGL Background Thread 3 ] DEBUG Engine               - title: Untitled
22:28:13.940 [FXGL Background Thread 3 ] DEBUG Engine               - urlGithub: https://github.com/AlmasB/FXGL
22:28:13.940 [FXGL Background Thread 3 ] DEBUG Engine               - urlLeaderboard: http://fxgl-top.herokuapp.com/
22:28:13.940 [FXGL Background Thread 3 ] DEBUG Engine               - urlPOM: https://raw.githubusercontent.com/AlmasB/FXGL/release/README.md
22:28:13.941 [FXGL Background Thread 3 ] DEBUG Engine               - userAppClass: class com.sunsofgod.PlatformerApp
22:28:13.941 [FXGL Background Thread 3 ] DEBUG Engine               - version: 0.0
22:28:13.941 [FXGL Background Thread 3 ] DEBUG Engine               - versionCheckDays: 7
22:28:13.941 [FXGL Background Thread 3 ] DEBUG Engine               - width: 1280
22:28:13.941 [FXGL Background Thread 3 ] DEBUG Engine               - Logging services
22:28:13.941 [FXGL Background Thread 3 ] DEBUG Engine               - class com.almasb.fxgl.app.services.FXGLAssetLoaderService
22:28:13.941 [FXGL Background Thread 3 ] DEBUG Engine               - class com.almasb.fxgl.app.FXGLApplication$GameApplicationService
22:28:13.941 [FXGL Background Thread 3 ] DEBUG Engine               - class com.almasb.fxgl.app.services.FXGLDialogService
22:28:13.941 [FXGL Background Thread 3 ] DEBUG Engine               - class com.almasb.fxgl.app.services.IOTaskExecutorService
22:28:13.941 [FXGL Background Thread 3 ] DEBUG Engine               - class com.almasb.fxgl.io.FileSystemService
22:28:13.941 [FXGL Background Thread 3 ] DEBUG Engine               - class com.almasb.fxgl.localization.LocalizationService
22:28:13.941 [FXGL Background Thread 3 ] DEBUG Engine               - class com.almasb.fxgl.app.services.SystemBundleService
22:28:13.941 [FXGL Background Thread 3 ] DEBUG Engine               - class com.almasb.fxgl.profile.SaveLoadService
22:28:13.941 [FXGL Background Thread 3 ] DEBUG Engine               - class com.almasb.fxgl.ui.FXGLUIFactoryServiceProvider
22:28:13.941 [FXGL Background Thread 3 ] DEBUG Engine               - class com.almasb.fxgl.ui.FXGLDialogFactoryServiceProvider
22:28:13.941 [FXGL Background Thread 3 ] DEBUG Engine               - class com.almasb.fxgl.audio.AudioPlayer
22:28:13.941 [FXGL Background Thread 3 ] DEBUG Engine               - class com.almasb.fxgl.notification.impl.NotificationServiceProvider
22:28:13.941 [FXGL Background Thread 3 ] DEBUG Engine               - class com.almasb.fxgl.achievement.AchievementService
22:28:13.941 [FXGL Background Thread 3 ] DEBUG Engine               - class com.almasb.fxgl.cutscene.CutsceneService
22:28:13.941 [FXGL Background Thread 3 ] DEBUG Engine               - class com.almasb.fxgl.minigames.MiniGameService
22:28:13.941 [FXGL Background Thread 3 ] DEBUG Engine               - class com.almasb.fxgl.net.NetService
22:28:13.941 [FXGL Background Thread 3 ] DEBUG Engine               - class com.almasb.fxgl.app.services.UpdaterService
22:28:13.941 [FXGL Background Thread 3 ] DEBUG Engine               - class com.almasb.fxgl.dev.DevService
22:28:15.036 [JavaFX Application Thread] DEBUG PrimaryStageWindow   - Pop state: PlayerSelectScene
22:28:15.036 [JavaFX Application Thread] DEBUG Input                - Clearing active input actions
22:28:15.037 [JavaFX Application Thread] DEBUG GameApplicationServi - Removing overlay from PlayerSelectScene and adding to RiderMainMenuScene
22:28:15.038 [JavaFX Application Thread] DEBUG PrimaryStageWindow   - RiderMainMenuScene <- PlayerSelectScene
22:28:15.354 [JavaFX Application Thread] DEBUG PrimaryStageWindow   - Push state: LevelSelectScene
22:28:15.354 [JavaFX Application Thread] DEBUG Input                - Clearing active input actions
22:28:15.355 [JavaFX Application Thread] DEBUG GameApplicationServi - Removing overlay from RiderMainMenuScene and adding to LevelSelectScene
22:28:15.355 [JavaFX Application Thread] DEBUG PrimaryStageWindow   - RiderMainMenuScene -> LevelSelectScene
22:28:18.539 [JavaFX Application Thread] DEBUG Menu                 - fireNewGame()
22:28:18.540 [JavaFX Application Thread] DEBUG GameApplicationServi - Starting new game
22:28:18.540 [JavaFX Application Thread] DEBUG PrimaryStageWindow   - Pop state: LevelSelectScene
22:28:18.540 [JavaFX Application Thread] DEBUG Input                - Clearing active input actions
22:28:18.540 [JavaFX Application Thread] DEBUG GameApplicationServi - Removing overlay from LevelSelectScene and adding to RiderMainMenuScene
22:28:18.541 [JavaFX Application Thread] DEBUG PrimaryStageWindow   - RiderMainMenuScene <- LevelSelectScene
22:28:18.541 [JavaFX Application Thread] DEBUG PrimaryStageWindow   - Pop state: RiderMainMenuScene
22:28:18.542 [JavaFX Application Thread] DEBUG Input                - Clearing active input actions
22:28:18.542 [JavaFX Application Thread] DEBUG GameApplicationServi - Removing overlay from RiderMainMenuScene and adding to FXGLMainMenuDummyScene
22:28:18.542 [JavaFX Application Thread] DEBUG PrimaryStageWindow   - FXGLMainMenuDummyScene <- RiderMainMenuScene
22:28:18.542 [JavaFX Application Thread] DEBUG Input                - Clearing active input actions
22:28:18.546 [JavaFX Application Thread] DEBUG GameApplicationServi - Removing overlay from FXGLMainMenuDummyScene and adding to MainLoadingScene
22:28:18.551 [JavaFX Application Thread] DEBUG PrimaryStageWindow   - FXGLMainMenuDummyScene -> MainLoadingScene
22:28:18.551 [JavaFX Application Thread] DEBUG GameApplicationServi - Clearing previous game
22:28:18.552 [JavaFX Application Thread] DEBUG GameScene            - Clearing game scene
22:28:18.552 [JavaFX Application Thread] DEBUG GameWorld            - Clearing game world
22:28:18.552 [JavaFX Application Thread] DEBUG PhysicsWorld         - Clearing physics world
22:28:18.552 [FXGL Background Thread 2 ] DEBUG FXGLApplication      - Initializing game
22:28:18.579 [FXGL Background Thread 2 ] WARN  TMXLevelLoader       - TiledMap generated from 1.11.0. Supported version: 1.9.0. Some features may not be parsed fully.
22:28:18.584 [FXGL Background Thread 2 ] DEBUG TMXLevelLoader       - Parsed TiledMap: file:/C:/Users/user/Desktop/JavaFXGame/target/classes/assets/levels/tmx/level1.tmx
22:28:18.585 [FXGL Background Thread 2 ] DEBUG TMXLevelLoader       - Creating tile layer entities
22:28:18.586 [FXGL Background Thread 2 ] DEBUG TilesetLoader        - Loading view for layer Tile Layer 1
22:28:18.589 [FXGL Background Thread 2 ] DEBUG TilesetLoader        - Created buffer with size 1050.0x700.0
22:28:18.600 [FXGL Background Thread 2 ] DEBUG TMXLevelLoader       - Creating object layer entities
22:28:18.615 [FXGL Background Thread 2 ] DEBUG FXGLAssetLoaderServi - Loading from file system: file:/C:/Users/user/Desktop/JavaFXGame/target/classes/assets/textures/button.png
22:28:18.620 [FXGL Background Thread 2 ] DEBUG GameWorld            - Clearing removable entities
22:28:18.620 [FXGL Background Thread 2 ] DEBUG GameWorld            - Setting level: com.almasb.fxgl.entity.level.Level@5cf3e462
22:28:18.626 [FXGL Background Thread 2 ] DEBUG FXGLAssetLoaderServi - Loading from file system: file:/C:/Users/user/Desktop/JavaFXGame/target/classes/assets/textures/player1.png
22:28:18.631 [FXGL Background Thread 2 ] DEBUG FXGLAssetLoaderServi - Loading from file system: file:/C:/Users/user/Desktop/JavaFXGame/target/classes/assets/textures/player3.png
22:28:18.638 [FXGL Background Thread 2 ] DEBUG Input                - Registered new binding: Jump0 - W
22:28:18.639 [FXGL Background Thread 2 ] DEBUG Input                - Registered new binding: Left0 - A
22:28:18.639 [FXGL Background Thread 2 ] DEBUG Input                - Registered new binding: Right0 - D
22:28:18.639 [FXGL Background Thread 2 ] DEBUG Input                - Registered new binding: Use0 - E
22:28:18.640 [FXGL Background Thread 2 ] DEBUG Input                - Registered new binding: Jump1 - Up
22:28:18.640 [FXGL Background Thread 2 ] DEBUG Input                - Registered new binding: Left1 - Left
22:28:18.640 [FXGL Background Thread 2 ] DEBUG Input                - Registered new binding: Right1 - Right
22:28:18.640 [FXGL Background Thread 2 ] DEBUG Input                - Registered new binding: Use1 - Slash
22:28:18.641 [FXGL Background Thread 2 ] DEBUG FXGLAssetLoaderServi - Loading from file system: file:/C:/Users/user/Desktop/JavaFXGame/target/classes/assets/textures/background/manila.png
22:28:18.652 [FXGL Background Thread 2 ] INFO  FXGLApplication      - Game initialization took: 0.100 sec
22:28:18.653 [JavaFX Application Thread] DEBUG Input                - Clearing active input actions
22:28:18.657 [JavaFX Application Thread] DEBUG GameApplicationServi - Removing overlay from MainLoadingScene and adding to GameScene
22:28:18.658 [JavaFX Application Thread] DEBUG PrimaryStageWindow   - MainLoadingScene -> GameScene
22:28:26.628 [JavaFX Application Thread] WARN  TMXLevelLoader       - TiledMap generated from 1.11.0. Supported version: 1.9.0. Some features may not be parsed fully.
22:28:26.630 [JavaFX Application Thread] DEBUG TMXLevelLoader       - Parsed TiledMap: file:/C:/Users/user/Desktop/JavaFXGame/target/classes/assets/levels/tmx/level1.tmx
22:28:26.630 [JavaFX Application Thread] DEBUG TMXLevelLoader       - Creating tile layer entities
22:28:26.630 [JavaFX Application Thread] DEBUG TilesetLoader        - Loading view for layer Tile Layer 1
22:28:26.630 [JavaFX Application Thread] DEBUG TilesetLoader        - Created buffer with size 1050.0x700.0
22:28:26.636 [JavaFX Application Thread] DEBUG TMXLevelLoader       - Creating object layer entities
22:28:26.638 [JavaFX Application Thread] DEBUG GameWorld            - Clearing removable entities
22:28:26.640 [JavaFX Application Thread] DEBUG GameWorld            - Setting level: com.almasb.fxgl.entity.level.Level@de7c917
22:28:30.379 [JavaFX Application Thread] DEBUG FXGLApplication      - Exiting FXGL
22:28:30.379 [JavaFX Application Thread] DEBUG LoopRunner           - Stopping loop
22:28:30.379 [JavaFX Application Thread] DEBUG SystemBundleService  - Saving FXGL system data
22:28:30.380 [JavaFX Application Thread] DEBUG FileSystemAccess     - Writing to: C:\Users\user\Desktop\JavaFXGame\system\fxgl.bundle
22:28:30.382 [JavaFX Application Thread] DEBUG Async                - Shutting down background threads
22:28:30.382 [JavaFX Application Thread] DEBUG PrimaryStageWindow   - Closing main window
22:28:30.390 [JavaFX Application Thread] DEBUG Logger               - Closing Logger
