22:09:03.726 [main                     ] DEBUG Logger               - Configured Logger
22:09:03.740 [main                     ] DEBUG GameApplication      - Logging settings
Title: Untitled
Version: 0.0
Width: 1280
Height: 720
Fullscreen: false
Intro: false
Profiling: false
Single step:false
App Mode: DEVELOPER
Menu Key: ESCAPE
Stage Style: DECORATED
Scene Factory: class com.almasb.fxgl.app.scene.SceneFactory

22:09:04.034 [JavaFX Application Thread] DEBUG FXGLApplication      - Initializing FXGL
22:09:04.036 [JavaFX Application Thread] INFO  Engine               - FXGL-17.2 (20.08.2022 16.50) on MAC (J:17.0.2 FX:17.0.12)
22:09:04.037 [JavaFX Application Thread] DEBUG Engine               - JRE Vendor Name: Oracle Corporation
22:09:04.037 [JavaFX Application Thread] DEBUG Engine               - Running on OS: Mac OS X version 15.0.1
22:09:04.037 [JavaFX Application Thread] DEBUG Engine               - Architecture: aarch64
22:09:04.037 [JavaFX Application Thread] INFO  Engine               - Source code and latest versions at: https://github.com/AlmasB/FXGL
22:09:04.037 [JavaFX Application Thread] INFO  Engine               -       Ask questions and discuss at: https://github.com/AlmasB/FXGL/discussions
22:09:04.037 [JavaFX Application Thread] INFO  Engine               -              Join the FXGL chat at: https://gitter.im/AlmasB/FXGL
22:09:04.084 [JavaFX Application Thread] DEBUG PrimaryStageWindow   - Creating a JavaFX scene
22:09:04.106 [JavaFX Application Thread] DEBUG PrimaryStageWindow   - Target settings size: 1280.0 x 720.0
22:09:04.107 [JavaFX Application Thread] DEBUG PrimaryStageWindow   - Scaled scene size:    1280.0 x 720.0
22:09:04.107 [JavaFX Application Thread] DEBUG PrimaryStageWindow   - Scaled ratio: (1.0, 1.0)
22:09:04.107 [JavaFX Application Thread] DEBUG PrimaryStageWindow   - Set initial scene to FXGLStartupScene
22:09:04.110 [JavaFX Application Thread] DEBUG PrimaryStageWindow   - Opening main window
22:09:04.242 [JavaFX Application Thread] DEBUG PrimaryStageWindow   - Window border size: (0.0, 28.0)
22:09:04.242 [JavaFX Application Thread] DEBUG PrimaryStageWindow   - Scaled size: 1280.0 x 720.0
22:09:04.242 [JavaFX Application Thread] DEBUG PrimaryStageWindow   - Scaled ratio: (1.0, 1.0)
22:09:04.242 [JavaFX Application Thread] DEBUG PrimaryStageWindow   - Scene size: 1280.0 x 720.0
22:09:04.242 [JavaFX Application Thread] DEBUG PrimaryStageWindow   - Stage size: 1280.0 x 748.0
22:09:04.251 [FXGL Background Thread 1 ] DEBUG Engine               - Initializing environment variables
22:09:04.284 [FXGL Background Thread 1 ] DEBUG FXGLAssetLoaderServi - User app class for loading assets: class com.sunsofgod.PlatformerApp
22:09:04.285 [FXGL Background Thread 1 ] DEBUG GameApplicationServi - Applying CSS: fxgl_dark.css
22:09:04.285 [FXGL Background Thread 1 ] DEBUG FXGLAssetLoaderServi - Loading from file system: jar:file:///Users/aaron/.m2/repository/com/github/almasb/fxgl/17.2/fxgl-17.2.jar!/fxglassets/ui/css/fxgl_dark.css
22:09:04.334 [FXGL Background Thread 1 ] DEBUG GameApplicationServi - Initializing application scenes
22:09:04.505 [FXGL Background Thread 1 ] DEBUG GameWorld            - Game world initialized
22:09:04.535 [FXGL Background Thread 1 ] DEBUG PhysicsWorld         - Physics world initialized: appHeight=720, physics.ppm=50.0
22:09:04.535 [FXGL Background Thread 1 ] DEBUG PhysicsWorld         - Using strategy: BRUTE_FORCE
22:09:04.537 [FXGL Background Thread 1 ] DEBUG GameScene            - Game scene initialized: 1280x720
22:09:04.543 [FXGL Background Thread 1 ] DEBUG FXGL.DefaultMenu     - createMenuBodyMainMenu()
22:09:04.552 [FXGL Background Thread 1 ] DEBUG FXGL.DefaultMenu     - createOptionsMenu()
22:09:04.556 [FXGL Background Thread 1 ] DEBUG FXGLAssetLoaderServi - Loading from file system: jar:file:///Users/aaron/.m2/repository/com/github/almasb/fxgl/17.2/fxgl-17.2.jar!/fxglassets/textures/particles/smoke.png
22:09:04.617 [FXGL Background Thread 1 ] DEBUG FXGLAssetLoaderServi - Loading from file system: jar:file:///Users/aaron/.m2/repository/com/github/almasb/fxgl/17.2/fxgl-17.2.jar!/fxglassets/textures/particles/trace_horizontal.png
22:09:04.630 [FXGL Background Thread 1 ] DEBUG FXGL.DefaultMenu     - createMenuBodyGameMenu()
22:09:04.631 [FXGL Background Thread 1 ] DEBUG FXGL.DefaultMenu     - createOptionsMenu()
22:09:04.650 [FXGL Background Thread 1 ] DEBUG GameApplicationServi - Application scenes initialized
22:09:04.655 [FXGL Background Thread 1 ] DEBUG SystemBundleService  - Loading FXGL system data
22:09:04.658 [FXGL Background Thread 1 ] DEBUG FileSystemAccess     - Reading from: /Users/aaron/Downloads/JavaFXGame/system/fxgl.bundle
22:09:04.661 [FXGL Background Thread 1 ] DEBUG SystemBundleService  - Bundle FXGL: {}
22:09:04.661 [FXGL Background Thread 1 ] DEBUG UpdaterService       - Checking for updates
22:09:04.672 [FXGL Background Thread 4 ] DEBUG FXGLApplication      - Loading fonts
22:09:04.672 [FXGL Background Thread 1 ] DEBUG FXGLApplication      - Loading default localization
22:09:04.672 [FXGL Background Thread 4 ] DEBUG FXGLAssetLoaderServi - Loading from file system: jar:file:///Users/aaron/.m2/repository/com/github/almasb/fxgl/17.2/fxgl-17.2.jar!/fxglassets/ui/fonts/VarelaRound-Regular.ttf
22:09:04.672 [FXGL Background Thread 1 ] DEBUG FXGLAssetLoaderServi - Loading from file system: jar:file:///Users/aaron/.m2/repository/com/github/almasb/fxgl/17.2/fxgl-17.2.jar!/fxglassets/languages/english.lang
22:09:04.681 [FXGL Background Thread 4 ] DEBUG FXGLAssetLoaderServi - Loading from file system: jar:file:///Users/aaron/.m2/repository/com/github/almasb/fxgl/17.2/fxgl-17.2.jar!/fxglassets/ui/fonts/Abel-Regular.ttf
22:09:04.683 [FXGL Background Thread 4 ] DEBUG FXGLAssetLoaderServi - Loading from file system: jar:file:///Users/aaron/.m2/repository/com/github/almasb/fxgl/17.2/fxgl-17.2.jar!/fxglassets/ui/fonts/TerminalLandMono-Regular.otf
22:09:04.684 [FXGL Background Thread 1 ] INFO  FXGLApplication      - FXGL initialization took: 0.432 sec
22:09:04.684 [JavaFX Application Thread] DEBUG FXGLAssetLoaderServi - Loading from file system: jar:file:///Users/aaron/.m2/repository/com/github/almasb/fxgl/17.2/fxgl-17.2.jar!/fxglassets/textures/fxgl_icon.png
22:09:04.687 [FXGL Background Thread 4 ] DEBUG FXGLAssetLoaderServi - Loading from file system: jar:file:///Users/aaron/.m2/repository/com/github/almasb/fxgl/17.2/fxgl-17.2.jar!/fxglassets/ui/fonts/Courier-Prime.ttf
22:09:04.701 [JavaFX Application Thread] DEBUG FXGLAssetLoaderServi - Loading from file system: jar:file:///Users/aaron/.m2/repository/com/github/almasb/fxgl/17.2/fxgl-17.2.jar!/fxglassets/textures/fxgl_default_cursor.png
22:09:04.705 [JavaFX Application Thread] DEBUG Input                - Registered new binding: Screenshot - CTRL+8
22:09:04.705 [JavaFX Application Thread] DEBUG Input                - Registered new binding: Dev Options - 1
22:09:04.705 [JavaFX Application Thread] DEBUG Input                - Registered new binding: Dev Console - 2
22:09:04.705 [JavaFX Application Thread] DEBUG Input                - Registered new binding: System info dump - CTRL+9
22:09:04.705 [JavaFX Application Thread] DEBUG Input                - Registered new binding: Restart - CTRL+R
22:09:04.706 [JavaFX Application Thread] DEBUG Input                - Registered new binding: Toggle Debug Camera - CTRL+7
22:09:04.706 [JavaFX Application Thread] DEBUG LoopRunner           - Starting loop
22:09:04.712 [JavaFX Application Thread] DEBUG LoopRunner           - Initializing JavaFX AnimationTimerLoop
22:09:04.712 [JavaFX Application Thread] DEBUG Input                - Clearing active input actions
22:09:04.715 [JavaFX Application Thread] DEBUG GameApplicationServi - Removing overlay from FXGLStartupScene and adding to FXGLMainMenuDummyScene
22:09:04.716 [JavaFX Application Thread] DEBUG PrimaryStageWindow   - FXGLStartupScene -> FXGLMainMenuDummyScene
22:09:04.717 [JavaFX Application Thread] DEBUG PrimaryStageWindow   - Push state: FXGLDefaultMenu
22:09:04.718 [JavaFX Application Thread] DEBUG Input                - Clearing active input actions
22:09:04.720 [JavaFX Application Thread] DEBUG GameApplicationServi - Removing overlay from FXGLMainMenuDummyScene and adding to FXGLDefaultMenu
22:09:04.721 [JavaFX Application Thread] DEBUG PrimaryStageWindow   - FXGLMainMenuDummyScene -> FXGLDefaultMenu
22:09:04.726 [JavaFX Application Thread] DEBUG FXGLApplication      - Registering font factories with UI factory
22:09:04.949 [FXGL Background Thread 2 ] INFO  UpdaterService       - Your current version:  17.2
22:09:04.949 [FXGL Background Thread 2 ] INFO  UpdaterService       - Latest stable version: 21.1
22:09:07.678 [FXGL Background Thread 3 ] DEBUG Engine               - Logging environment variables
22:09:07.679 [FXGL Background Thread 3 ] DEBUG Engine               - achievements: []
22:09:07.679 [FXGL Background Thread 3 ] DEBUG Engine               - actualHeight: 720.0
22:09:07.680 [FXGL Background Thread 3 ] DEBUG Engine               - actualHeightProperty: ReadOnlyDoubleProperty [value: 720.0]
22:09:07.680 [FXGL Background Thread 3 ] DEBUG Engine               - actualWidth: 1280.0
22:09:07.680 [FXGL Background Thread 3 ] DEBUG Engine               - actualWidthProperty: ReadOnlyDoubleProperty [value: 1280.0]
22:09:07.680 [FXGL Background Thread 3 ] DEBUG Engine               - appIcon: fxgl_icon.png
22:09:07.680 [FXGL Background Thread 3 ] DEBUG Engine               - applicationMode: DEVELOPER
22:09:07.680 [FXGL Background Thread 3 ] DEBUG Engine               - cSSList: [fxgl_dark.css]
22:09:07.680 [FXGL Background Thread 3 ] DEBUG Engine               - collisionDetectionStrategy: BRUTE_FORCE
22:09:07.680 [FXGL Background Thread 3 ] DEBUG Engine               - configClass: Optional.empty
22:09:07.680 [FXGL Background Thread 3 ] DEBUG Engine               - credits: []
22:09:07.680 [FXGL Background Thread 3 ] DEBUG Engine               - defaultCursor: CursorInfo(imageName=fxgl_default_cursor.png, hotspotX=7.0, hotspotY=6.0)
22:09:07.681 [FXGL Background Thread 3 ] DEBUG Engine               - devBBoxColorProperty: ObjectProperty [value: 0xff0000ff]
22:09:07.681 [FXGL Background Thread 3 ] DEBUG Engine               - devEnableDebugCameraProperty: BooleanProperty [value: false]
22:09:07.681 [FXGL Background Thread 3 ] DEBUG Engine               - devSensorColorProperty: ObjectProperty [value: 0xffff00ff]
22:09:07.681 [FXGL Background Thread 3 ] DEBUG Engine               - devShowBBoxProperty: BooleanProperty [value: false]
22:09:07.681 [FXGL Background Thread 3 ] DEBUG Engine               - devShowPositionProperty: BooleanProperty [value: false]
22:09:07.681 [FXGL Background Thread 3 ] DEBUG Engine               - enabledMenuItems: []
22:09:07.681 [FXGL Background Thread 3 ] DEBUG Engine               - engineServices: [class com.almasb.fxgl.app.services.FXGLAssetLoaderService, class com.almasb.fxgl.app.FXGLApplication$GameApplicationService, class com.almasb.fxgl.app.services.FXGLDialogService, class com.almasb.fxgl.app.services.IOTaskExecutorService, class com.almasb.fxgl.io.FileSystemService, class com.almasb.fxgl.localization.LocalizationService, class com.almasb.fxgl.app.services.SystemBundleService, class com.almasb.fxgl.profile.SaveLoadService, class com.almasb.fxgl.ui.FXGLUIFactoryServiceProvider, class com.almasb.fxgl.ui.FXGLDialogFactoryServiceProvider, class com.almasb.fxgl.audio.AudioPlayer, class com.almasb.fxgl.notification.impl.NotificationServiceProvider, class com.almasb.fxgl.achievement.AchievementService, class com.almasb.fxgl.cutscene.CutsceneService, class com.almasb.fxgl.minigames.MiniGameService, class com.almasb.fxgl.net.NetService, class com.almasb.fxgl.app.services.UpdaterService, class com.almasb.fxgl.dev.DevService]
22:09:07.681 [FXGL Background Thread 3 ] DEBUG Engine               - fontGame: Abel-Regular.ttf
22:09:07.682 [FXGL Background Thread 3 ] DEBUG Engine               - fontMono: TerminalLandMono-Regular.otf
22:09:07.682 [FXGL Background Thread 3 ] DEBUG Engine               - fontText: Courier-Prime.ttf
22:09:07.682 [FXGL Background Thread 3 ] DEBUG Engine               - fontUI: VarelaRound-Regular.ttf
22:09:07.682 [FXGL Background Thread 3 ] DEBUG Engine               - fullScreen: BooleanProperty [value: false]
22:09:07.682 [FXGL Background Thread 3 ] DEBUG Engine               - gameDifficulty: MEDIUM
22:09:07.682 [FXGL Background Thread 3 ] DEBUG Engine               - gameDifficultyProperty: ObjectProperty [value: MEDIUM]
22:09:07.682 [FXGL Background Thread 3 ] DEBUG Engine               - globalMusicVolume: 0.5
22:09:07.682 [FXGL Background Thread 3 ] DEBUG Engine               - globalMusicVolumeProperty: DoubleProperty [value: 0.25]
22:09:07.682 [FXGL Background Thread 3 ] DEBUG Engine               - globalSoundVolume: 0.5
22:09:07.682 [FXGL Background Thread 3 ] DEBUG Engine               - globalSoundVolumeProperty: DoubleProperty [value: 0.5]
22:09:07.683 [FXGL Background Thread 3 ] DEBUG Engine               - height: 720
22:09:07.683 [FXGL Background Thread 3 ] DEBUG Engine               - is3D: false
22:09:07.683 [FXGL Background Thread 3 ] DEBUG Engine               - isAndroid: false
22:09:07.683 [FXGL Background Thread 3 ] DEBUG Engine               - isBrowser: false
22:09:07.683 [FXGL Background Thread 3 ] DEBUG Engine               - isClickFeedbackEnabled: false
22:09:07.683 [FXGL Background Thread 3 ] DEBUG Engine               - isCloseConfirmation: false
22:09:07.683 [FXGL Background Thread 3 ] DEBUG Engine               - isDesktop: true
22:09:07.683 [FXGL Background Thread 3 ] DEBUG Engine               - isDeveloperMenuEnabled: true
22:09:07.683 [FXGL Background Thread 3 ] DEBUG Engine               - isEmbedded: false
22:09:07.683 [FXGL Background Thread 3 ] DEBUG Engine               - isEntityPreloadEnabled: true
22:09:07.683 [FXGL Background Thread 3 ] DEBUG Engine               - isExperimentalTiledLargeMap: false
22:09:07.683 [FXGL Background Thread 3 ] DEBUG Engine               - isFileSystemWriteAllowed: true
22:09:07.683 [FXGL Background Thread 3 ] DEBUG Engine               - isFullScreenAllowed: false
22:09:07.683 [FXGL Background Thread 3 ] DEBUG Engine               - isFullScreenFromStart: false
22:09:07.683 [FXGL Background Thread 3 ] DEBUG Engine               - isGameMenuEnabled: true
22:09:07.683 [FXGL Background Thread 3 ] DEBUG Engine               - isIOS: false
22:09:07.684 [FXGL Background Thread 3 ] DEBUG Engine               - isIntroEnabled: false
22:09:07.684 [FXGL Background Thread 3 ] DEBUG Engine               - isLinux: false
22:09:07.684 [FXGL Background Thread 3 ] DEBUG Engine               - isMac: true
22:09:07.684 [FXGL Background Thread 3 ] DEBUG Engine               - isMainMenuEnabled: true
22:09:07.684 [FXGL Background Thread 3 ] DEBUG Engine               - isManualResizeEnabled: false
22:09:07.684 [FXGL Background Thread 3 ] DEBUG Engine               - isMobile: false
22:09:07.684 [FXGL Background Thread 3 ] DEBUG Engine               - isNative: false
22:09:07.684 [FXGL Background Thread 3 ] DEBUG Engine               - isPauseMusicWhenMinimized: true
22:09:07.684 [FXGL Background Thread 3 ] DEBUG Engine               - isPreserveResizeRatio: false
22:09:07.684 [FXGL Background Thread 3 ] DEBUG Engine               - isProfilingEnabled: false
22:09:07.684 [FXGL Background Thread 3 ] DEBUG Engine               - isScaleAffectedOnResize: true
22:09:07.684 [FXGL Background Thread 3 ] DEBUG Engine               - isSingleStep: false
22:09:07.684 [FXGL Background Thread 3 ] DEBUG Engine               - isUserProfileEnabled: false
22:09:07.685 [FXGL Background Thread 3 ] DEBUG Engine               - isWindows: false
22:09:07.685 [FXGL Background Thread 3 ] DEBUG Engine               - language: ObjectProperty [value: ENGLISH]
22:09:07.685 [FXGL Background Thread 3 ] DEBUG Engine               - menuKey: ESCAPE
22:09:07.685 [FXGL Background Thread 3 ] DEBUG Engine               - mouseSensitivity: 0.2
22:09:07.685 [FXGL Background Thread 3 ] DEBUG Engine               - notificationViewClass: class com.almasb.fxgl.notification.view.XboxNotificationView
22:09:07.685 [FXGL Background Thread 3 ] DEBUG Engine               - pixelsPerMeter: 50.0
22:09:07.685 [FXGL Background Thread 3 ] DEBUG Engine               - platform: MAC
22:09:07.685 [FXGL Background Thread 3 ] DEBUG Engine               - prefHeightProperty: ReadOnlyDoubleProperty [value: 720.0]
22:09:07.686 [FXGL Background Thread 3 ] DEBUG Engine               - prefWidthProperty: ReadOnlyDoubleProperty [value: 1280.0]
22:09:07.686 [FXGL Background Thread 3 ] DEBUG Engine               - profileDir: profiles/
22:09:07.686 [FXGL Background Thread 3 ] DEBUG Engine               - profileName: StringProperty [value: DEFAULT]
22:09:07.686 [FXGL Background Thread 3 ] DEBUG Engine               - randomSeed: -1
22:09:07.686 [FXGL Background Thread 3 ] DEBUG Engine               - runtimeInfo: RuntimeInfo(platform=MAC, version=17.2, build=20.08.2022 16.50)
22:09:07.686 [FXGL Background Thread 3 ] DEBUG Engine               - saveFileExt: sav
22:09:07.686 [FXGL Background Thread 3 ] DEBUG Engine               - scaledHeightProp$fxgl: DoubleProperty [bound, value: 720.0]
22:09:07.687 [FXGL Background Thread 3 ] DEBUG Engine               - scaledWidthProp$fxgl: DoubleProperty [bound, value: 1280.0]
22:09:07.687 [FXGL Background Thread 3 ] DEBUG Engine               - sceneFactory: com.almasb.fxgl.app.scene.SceneFactory@f423f72
22:09:07.687 [FXGL Background Thread 3 ] DEBUG Engine               - secondsIn24h: 60
22:09:07.687 [FXGL Background Thread 3 ] DEBUG Engine               - soundMenuBack: menu/back.wav
22:09:07.687 [FXGL Background Thread 3 ] DEBUG Engine               - soundMenuPress: menu/press.wav
22:09:07.687 [FXGL Background Thread 3 ] DEBUG Engine               - soundMenuSelect: menu/select.wav
22:09:07.687 [FXGL Background Thread 3 ] DEBUG Engine               - soundNotification: core/notification.wav
22:09:07.687 [FXGL Background Thread 3 ] DEBUG Engine               - stageStyle: DECORATED
22:09:07.687 [FXGL Background Thread 3 ] DEBUG Engine               - supportedLanguages: [ENGLISH, FRENCH, GERMAN, HUNGARIAN, RUSSIAN]
22:09:07.687 [FXGL Background Thread 3 ] DEBUG Engine               - ticksPerSecond: -1
22:09:07.687 [FXGL Background Thread 3 ] DEBUG Engine               - title: Untitled
22:09:07.687 [FXGL Background Thread 3 ] DEBUG Engine               - urlGithub: https://github.com/AlmasB/FXGL
22:09:07.687 [FXGL Background Thread 3 ] DEBUG Engine               - urlLeaderboard: http://fxgl-top.herokuapp.com/
22:09:07.687 [FXGL Background Thread 3 ] DEBUG Engine               - urlPOM: https://raw.githubusercontent.com/AlmasB/FXGL/release/README.md
22:09:07.687 [FXGL Background Thread 3 ] DEBUG Engine               - userAppClass: class com.sunsofgod.PlatformerApp
22:09:07.687 [FXGL Background Thread 3 ] DEBUG Engine               - version: 0.0
22:09:07.687 [FXGL Background Thread 3 ] DEBUG Engine               - versionCheckDays: 7
22:09:07.687 [FXGL Background Thread 3 ] DEBUG Engine               - width: 1280
22:09:07.688 [FXGL Background Thread 3 ] DEBUG Engine               - Logging services
22:09:07.688 [FXGL Background Thread 3 ] DEBUG Engine               - class com.almasb.fxgl.app.services.FXGLAssetLoaderService
22:09:07.688 [FXGL Background Thread 3 ] DEBUG Engine               - class com.almasb.fxgl.app.FXGLApplication$GameApplicationService
22:09:07.688 [FXGL Background Thread 3 ] DEBUG Engine               - class com.almasb.fxgl.app.services.FXGLDialogService
22:09:07.688 [FXGL Background Thread 3 ] DEBUG Engine               - class com.almasb.fxgl.app.services.IOTaskExecutorService
22:09:07.688 [FXGL Background Thread 3 ] DEBUG Engine               - class com.almasb.fxgl.io.FileSystemService
22:09:07.688 [FXGL Background Thread 3 ] DEBUG Engine               - class com.almasb.fxgl.localization.LocalizationService
22:09:07.688 [FXGL Background Thread 3 ] DEBUG Engine               - class com.almasb.fxgl.app.services.SystemBundleService
22:09:07.688 [FXGL Background Thread 3 ] DEBUG Engine               - class com.almasb.fxgl.profile.SaveLoadService
22:09:07.688 [FXGL Background Thread 3 ] DEBUG Engine               - class com.almasb.fxgl.ui.FXGLUIFactoryServiceProvider
22:09:07.688 [FXGL Background Thread 3 ] DEBUG Engine               - class com.almasb.fxgl.ui.FXGLDialogFactoryServiceProvider
22:09:07.688 [FXGL Background Thread 3 ] DEBUG Engine               - class com.almasb.fxgl.audio.AudioPlayer
22:09:07.688 [FXGL Background Thread 3 ] DEBUG Engine               - class com.almasb.fxgl.notification.impl.NotificationServiceProvider
22:09:07.688 [FXGL Background Thread 3 ] DEBUG Engine               - class com.almasb.fxgl.achievement.AchievementService
22:09:07.688 [FXGL Background Thread 3 ] DEBUG Engine               - class com.almasb.fxgl.cutscene.CutsceneService
22:09:07.688 [FXGL Background Thread 3 ] DEBUG Engine               - class com.almasb.fxgl.minigames.MiniGameService
22:09:07.688 [FXGL Background Thread 3 ] DEBUG Engine               - class com.almasb.fxgl.net.NetService
22:09:07.688 [FXGL Background Thread 3 ] DEBUG Engine               - class com.almasb.fxgl.app.services.UpdaterService
22:09:07.688 [FXGL Background Thread 3 ] DEBUG Engine               - class com.almasb.fxgl.dev.DevService
22:09:09.404 [JavaFX Application Thread] DEBUG Menu                 - fireNewGame()
22:09:09.404 [JavaFX Application Thread] DEBUG GameApplicationServi - Starting new game
22:09:09.405 [JavaFX Application Thread] DEBUG PrimaryStageWindow   - Pop state: FXGLDefaultMenu
22:09:09.405 [JavaFX Application Thread] DEBUG Input                - Clearing active input actions
22:09:09.406 [JavaFX Application Thread] DEBUG GameApplicationServi - Removing overlay from FXGLDefaultMenu and adding to FXGLMainMenuDummyScene
22:09:09.407 [JavaFX Application Thread] DEBUG PrimaryStageWindow   - FXGLMainMenuDummyScene <- FXGLDefaultMenu
22:09:09.408 [JavaFX Application Thread] DEBUG Input                - Clearing active input actions
22:09:09.414 [JavaFX Application Thread] DEBUG GameApplicationServi - Removing overlay from FXGLMainMenuDummyScene and adding to FXGLLoadingScene
22:09:09.414 [JavaFX Application Thread] DEBUG PrimaryStageWindow   - FXGLMainMenuDummyScene -> FXGLLoadingScene
22:09:09.414 [JavaFX Application Thread] DEBUG GameApplicationServi - Clearing previous game
22:09:09.414 [JavaFX Application Thread] DEBUG GameScene            - Clearing game scene
22:09:09.415 [JavaFX Application Thread] DEBUG GameWorld            - Clearing game world
22:09:09.415 [JavaFX Application Thread] DEBUG PhysicsWorld         - Clearing physics world
22:09:09.416 [FXGL Background Thread 2 ] DEBUG FXGLApplication      - Initializing game
22:09:09.471 [FXGL Background Thread 2 ] WARN  TMXLevelLoader       - TiledMap generated from 1.11.0. Supported version: 1.9.0. Some features may not be parsed fully.
22:09:09.477 [FXGL Background Thread 2 ] DEBUG TMXLevelLoader       - Parsed TiledMap: file:/Users/aaron/Downloads/JavaFXGame/target/classes/assets/levels/tmx/level1.tmx
22:09:09.479 [FXGL Background Thread 2 ] DEBUG TMXLevelLoader       - Creating tile layer entities
22:09:09.480 [FXGL Background Thread 2 ] DEBUG TilesetLoader        - Loading view for layer Tile Layer 1
22:09:09.484 [FXGL Background Thread 2 ] DEBUG TilesetLoader        - Created buffer with size 1050.0x700.0
22:09:09.508 [FXGL Background Thread 2 ] DEBUG TMXLevelLoader       - Creating object layer entities
22:09:09.528 [FXGL Background Thread 2 ] DEBUG GameWorld            - Clearing removable entities
22:09:09.529 [FXGL Background Thread 2 ] DEBUG GameWorld            - Setting level: com.almasb.fxgl.entity.level.Level@a6bbfd6
22:09:09.535 [FXGL Background Thread 2 ] DEBUG FXGLAssetLoaderServi - Loading from file system: file:/Users/aaron/Downloads/JavaFXGame/target/classes/assets/textures/player.png
22:09:09.544 [FXGL Background Thread 2 ] DEBUG Input                - Registered new binding: Jump0 - W
22:09:09.545 [FXGL Background Thread 2 ] DEBUG Input                - Registered new binding: Left0 - A
22:09:09.546 [FXGL Background Thread 2 ] DEBUG Input                - Registered new binding: Right0 - D
22:09:09.546 [FXGL Background Thread 2 ] DEBUG Input                - Registered new binding: Use0 - E
22:09:09.546 [FXGL Background Thread 2 ] DEBUG Input                - Registered new binding: Jump1 - Up
22:09:09.546 [FXGL Background Thread 2 ] DEBUG Input                - Registered new binding: Left1 - Left
22:09:09.546 [FXGL Background Thread 2 ] DEBUG Input                - Registered new binding: Right1 - Right
22:09:09.546 [FXGL Background Thread 2 ] DEBUG Input                - Registered new binding: Use1 - Slash
22:09:09.547 [FXGL Background Thread 2 ] DEBUG FXGLAssetLoaderServi - Loading from file system: file:/Users/aaron/Downloads/JavaFXGame/target/classes/assets/textures/background/manila.png
22:09:09.561 [FXGL Background Thread 2 ] INFO  FXGLApplication      - Game initialization took: 0.145 sec
22:09:09.562 [JavaFX Application Thread] DEBUG Input                - Clearing active input actions
22:09:09.565 [JavaFX Application Thread] DEBUG GameApplicationServi - Removing overlay from FXGLLoadingScene and adding to GameScene
22:09:09.566 [JavaFX Application Thread] DEBUG PrimaryStageWindow   - FXGLLoadingScene -> GameScene
22:09:17.665 [JavaFX Application Thread] DEBUG FXGLAssetLoaderServi - Loading from file system: file:/Users/aaron/Downloads/JavaFXGame/target/classes/assets/textures/exit_sign.png
22:09:25.905 [JavaFX Application Thread] WARN  TMXLevelLoader       - TiledMap generated from 1.11.0. Supported version: 1.9.0. Some features may not be parsed fully.
22:09:25.908 [JavaFX Application Thread] DEBUG TMXLevelLoader       - Parsed TiledMap: file:/Users/aaron/Downloads/JavaFXGame/target/classes/assets/levels/tmx/level2.tmx
22:09:25.908 [JavaFX Application Thread] DEBUG TMXLevelLoader       - Creating tile layer entities
22:09:25.909 [JavaFX Application Thread] DEBUG TilesetLoader        - Loading view for layer Tile Layer 1
22:09:25.913 [JavaFX Application Thread] DEBUG TilesetLoader        - Created buffer with size 1050.0x700.0
22:09:25.924 [JavaFX Application Thread] DEBUG TMXLevelLoader       - Creating object layer entities
22:09:25.926 [JavaFX Application Thread] DEBUG GameWorld            - Clearing removable entities
22:09:25.927 [JavaFX Application Thread] DEBUG GameWorld            - Setting level: com.almasb.fxgl.entity.level.Level@77b1b331
22:09:37.654 [JavaFX Application Thread] WARN  TMXLevelLoader       - TiledMap generated from 1.2.3. Supported version: 1.9.0. Some features may not be parsed fully.
22:09:37.656 [JavaFX Application Thread] DEBUG TMXLevelLoader       - Parsed TiledMap: file:/Users/aaron/Downloads/JavaFXGame/target/classes/assets/levels/tmx/level3.tmx
22:09:37.656 [JavaFX Application Thread] DEBUG TMXLevelLoader       - Creating tile layer entities
22:09:37.657 [JavaFX Application Thread] DEBUG TilesetLoader        - Loading view for layer Tile Layer 1
22:09:37.659 [JavaFX Application Thread] DEBUG TilesetLoader        - Created buffer with size 1050.0x700.0
22:09:37.672 [JavaFX Application Thread] DEBUG TMXLevelLoader       - Creating object layer entities
22:09:37.674 [JavaFX Application Thread] DEBUG GameWorld            - Clearing removable entities
22:09:37.675 [JavaFX Application Thread] DEBUG GameWorld            - Setting level: com.almasb.fxgl.entity.level.Level@643ac4fa
22:10:41.735 [JavaFX Application Thread] DEBUG FXGLApplication      - Exiting FXGL
22:10:41.735 [JavaFX Application Thread] DEBUG LoopRunner           - Stopping loop
22:10:41.735 [JavaFX Application Thread] DEBUG SystemBundleService  - Saving FXGL system data
22:10:41.738 [JavaFX Application Thread] DEBUG FileSystemAccess     - Writing to: /Users/aaron/Downloads/JavaFXGame/system/fxgl.bundle
22:10:41.740 [JavaFX Application Thread] DEBUG Async                - Shutting down background threads
22:10:41.740 [JavaFX Application Thread] DEBUG PrimaryStageWindow   - Closing main window
22:10:41.753 [JavaFX Application Thread] DEBUG Logger               - Closing Logger
