12:27:08.967 [main                     ] DEBUG Logger               - Configured Logger
12:27:08.982 [main                     ] DEBUG GameApplication      - Logging settings
Title: Untitled
Version: 0.0
Width: 1280
Height: 720
Fullscreen: false
Intro: false
Profiling: false
Single step:false
App Mode: DEVELOPER
Menu Key: ESCAPE
Stage Style: DECORATED
Scene Factory: class com.sunsofgod.PlatformerApp$1

12:27:09.250 [JavaFX Application Thread] DEBUG FXGLApplication      - Initializing FXGL
12:27:09.253 [JavaFX Application Thread] INFO  Engine               - FXGL-17.2 (20.08.2022 16.50) on WINDOWS (J:21.0.4 FX:17.0.12)
12:27:09.253 [JavaFX Application Thread] DEBUG Engine               - JRE Vendor Name: Eclipse Adoptium
12:27:09.253 [JavaFX Application Thread] DEBUG Engine               - Running on OS: Windows 11 version 10.0
12:27:09.253 [JavaFX Application Thread] DEBUG Engine               - Architecture: amd64
12:27:09.254 [JavaFX Application Thread] INFO  Engine               - Source code and latest versions at: https://github.com/AlmasB/FXGL
12:27:09.254 [JavaFX Application Thread] INFO  Engine               -       Ask questions and discuss at: https://github.com/AlmasB/FXGL/discussions
12:27:09.254 [JavaFX Application Thread] INFO  Engine               -              Join the FXGL chat at: https://gitter.im/AlmasB/FXGL
12:27:09.309 [JavaFX Application Thread] DEBUG PrimaryStageWindow   - Creating a JavaFX scene
12:27:09.335 [JavaFX Application Thread] DEBUG PrimaryStageWindow   - Target settings size: 1280.0 x 720.0
12:27:09.335 [JavaFX Application Thread] DEBUG PrimaryStageWindow   - Scaled scene size:    1280.0 x 720.0
12:27:09.335 [JavaFX Application Thread] DEBUG PrimaryStageWindow   - Scaled ratio: (1.0, 1.0)
12:27:09.336 [JavaFX Application Thread] DEBUG PrimaryStageWindow   - Set initial scene to FXGLStartupScene
12:27:09.340 [JavaFX Application Thread] DEBUG PrimaryStageWindow   - Opening main window
12:27:09.387 [JavaFX Application Thread] DEBUG PrimaryStageWindow   - Window border size: (16.0, 39.0)
12:27:09.387 [JavaFX Application Thread] DEBUG PrimaryStageWindow   - Scaled size: 1280.0 x 720.0
12:27:09.387 [JavaFX Application Thread] DEBUG PrimaryStageWindow   - Scaled ratio: (1.0, 1.0)
12:27:09.387 [JavaFX Application Thread] DEBUG PrimaryStageWindow   - Scene size: 1280.0 x 720.0
12:27:09.387 [JavaFX Application Thread] DEBUG PrimaryStageWindow   - Stage size: 1296.0 x 759.0
12:27:09.391 [FXGL Background Thread 1 ] DEBUG Engine               - Initializing environment variables
12:27:09.419 [FXGL Background Thread 1 ] DEBUG FXGLAssetLoaderServi - User app class for loading assets: class com.sunsofgod.PlatformerApp
12:27:09.419 [FXGL Background Thread 1 ] DEBUG GameApplicationServi - Applying CSS: fxgl_dark.css
12:27:09.420 [FXGL Background Thread 1 ] DEBUG FXGLAssetLoaderServi - Loading from file system: jar:file:///C:/Users/Balong/.m2/repository/com/github/almasb/fxgl/17.2/fxgl-17.2.jar!/fxglassets/ui/css/fxgl_dark.css
12:27:09.445 [FXGL Background Thread 1 ] DEBUG GameApplicationServi - Initializing application scenes
12:27:09.472 [FXGL Background Thread 1 ] DEBUG FXGLAssetLoaderServi - Loading from file system: file:/C:/Users/Balong/Desktop/JavaFXGame-1/target/classes/assets/textures/player.png
12:27:09.487 [FXGL Background Thread 1 ] DEBUG GameWorld            - Game world initialized
12:27:09.516 [FXGL Background Thread 1 ] DEBUG PhysicsWorld         - Physics world initialized: appHeight=720, physics.ppm=50.0
12:27:09.516 [FXGL Background Thread 1 ] DEBUG PhysicsWorld         - Using strategy: BRUTE_FORCE
12:27:09.518 [FXGL Background Thread 1 ] DEBUG GameScene            - Game scene initialized: 1280x720
12:27:09.671 [FXGL Background Thread 1 ] DEBUG FXGL.DefaultMenu     - createMenuBodyGameMenu()
12:27:09.678 [FXGL Background Thread 1 ] DEBUG FXGL.DefaultMenu     - createOptionsMenu()
12:27:09.682 [FXGL Background Thread 1 ] DEBUG FXGLAssetLoaderServi - Loading from file system: jar:file:///C:/Users/Balong/.m2/repository/com/github/almasb/fxgl/17.2/fxgl-17.2.jar!/fxglassets/textures/particles/smoke.png
12:27:09.720 [FXGL Background Thread 1 ] DEBUG FXGLAssetLoaderServi - Loading from file system: jar:file:///C:/Users/Balong/.m2/repository/com/github/almasb/fxgl/17.2/fxgl-17.2.jar!/fxglassets/textures/particles/trace_horizontal.png
12:27:09.728 [FXGL Background Thread 1 ] DEBUG GameApplicationServi - Application scenes initialized
12:27:09.736 [FXGL Background Thread 1 ] DEBUG SystemBundleService  - Loading FXGL system data
12:27:09.740 [FXGL Background Thread 1 ] DEBUG FileSystemAccess     - Reading from: C:\Users\Balong\Desktop\JavaFXGame-1\system\fxgl.bundle
12:27:09.747 [FXGL Background Thread 1 ] DEBUG SystemBundleService  - Bundle FXGL: {}
12:27:09.747 [FXGL Background Thread 1 ] DEBUG UpdaterService       - Checking for updates
12:27:09.761 [FXGL Background Thread 4 ] DEBUG FXGLApplication      - Loading fonts
12:27:09.766 [FXGL Background Thread 1 ] DEBUG FXGLApplication      - Loading default localization
12:27:09.766 [FXGL Background Thread 4 ] DEBUG FXGLAssetLoaderServi - Loading from file system: jar:file:///C:/Users/Balong/.m2/repository/com/github/almasb/fxgl/17.2/fxgl-17.2.jar!/fxglassets/ui/fonts/VarelaRound-Regular.ttf
12:27:09.767 [FXGL Background Thread 1 ] DEBUG FXGLAssetLoaderServi - Loading from file system: jar:file:///C:/Users/Balong/.m2/repository/com/github/almasb/fxgl/17.2/fxgl-17.2.jar!/fxglassets/languages/english.lang
12:27:09.783 [FXGL Background Thread 1 ] INFO  FXGLApplication      - FXGL initialization took: 0.392 sec
12:27:09.784 [JavaFX Application Thread] DEBUG FXGLAssetLoaderServi - Loading from file system: jar:file:///C:/Users/Balong/.m2/repository/com/github/almasb/fxgl/17.2/fxgl-17.2.jar!/fxglassets/textures/fxgl_icon.png
12:27:09.791 [JavaFX Application Thread] DEBUG FXGLAssetLoaderServi - Loading from file system: jar:file:///C:/Users/Balong/.m2/repository/com/github/almasb/fxgl/17.2/fxgl-17.2.jar!/fxglassets/textures/fxgl_default_cursor.png
12:27:09.798 [FXGL Background Thread 4 ] DEBUG FXGLAssetLoaderServi - Loading from file system: jar:file:///C:/Users/Balong/.m2/repository/com/github/almasb/fxgl/17.2/fxgl-17.2.jar!/fxglassets/ui/fonts/Abel-Regular.ttf
12:27:09.799 [JavaFX Application Thread] DEBUG Input                - Registered new binding: Screenshot - CTRL+8
12:27:09.800 [JavaFX Application Thread] DEBUG Input                - Registered new binding: Dev Options - 1
12:27:09.800 [JavaFX Application Thread] DEBUG Input                - Registered new binding: Dev Console - 2
12:27:09.800 [JavaFX Application Thread] DEBUG Input                - Registered new binding: System info dump - CTRL+9
12:27:09.800 [JavaFX Application Thread] DEBUG Input                - Registered new binding: Restart - CTRL+R
12:27:09.801 [JavaFX Application Thread] DEBUG Input                - Registered new binding: Toggle Debug Camera - CTRL+7
12:27:09.802 [JavaFX Application Thread] DEBUG LoopRunner           - Starting loop
12:27:09.804 [FXGL Background Thread 4 ] DEBUG FXGLAssetLoaderServi - Loading from file system: jar:file:///C:/Users/Balong/.m2/repository/com/github/almasb/fxgl/17.2/fxgl-17.2.jar!/fxglassets/ui/fonts/TerminalLandMono-Regular.otf
12:27:09.811 [JavaFX Application Thread] DEBUG LoopRunner           - Initializing JavaFX AnimationTimerLoop
12:27:09.813 [JavaFX Application Thread] DEBUG Input                - Clearing active input actions
12:27:09.818 [FXGL Background Thread 4 ] DEBUG FXGLAssetLoaderServi - Loading from file system: jar:file:///C:/Users/Balong/.m2/repository/com/github/almasb/fxgl/17.2/fxgl-17.2.jar!/fxglassets/ui/fonts/Courier-Prime.ttf
12:27:09.821 [JavaFX Application Thread] DEBUG GameApplicationServi - Removing overlay from FXGLStartupScene and adding to FXGLMainMenuDummyScene
12:27:09.823 [JavaFX Application Thread] DEBUG PrimaryStageWindow   - FXGLStartupScene -> FXGLMainMenuDummyScene
12:27:09.823 [JavaFX Application Thread] DEBUG PrimaryStageWindow   - Push state: RiderMainMenuScene
12:27:09.824 [JavaFX Application Thread] DEBUG Input                - Clearing active input actions
12:27:09.827 [JavaFX Application Thread] DEBUG GameApplicationServi - Removing overlay from FXGLMainMenuDummyScene and adding to RiderMainMenuScene
12:27:09.828 [JavaFX Application Thread] DEBUG PrimaryStageWindow   - FXGLMainMenuDummyScene -> RiderMainMenuScene
12:27:09.942 [JavaFX Application Thread] DEBUG FXGLApplication      - Registering font factories with UI factory
12:27:10.064 [FXGL Background Thread 2 ] INFO  UpdaterService       - Your current version:  17.2
12:27:10.065 [FXGL Background Thread 2 ] INFO  UpdaterService       - Latest stable version: 21.1
12:27:10.784 [JavaFX Application Thread] DEBUG PrimaryStageWindow   - Push state: PlayerSelectScene
12:27:10.784 [JavaFX Application Thread] DEBUG Input                - Clearing active input actions
12:27:10.785 [JavaFX Application Thread] DEBUG GameApplicationServi - Removing overlay from RiderMainMenuScene and adding to PlayerSelectScene
12:27:10.786 [JavaFX Application Thread] DEBUG PrimaryStageWindow   - RiderMainMenuScene -> PlayerSelectScene
12:27:12.761 [FXGL Background Thread 3 ] DEBUG Engine               - Logging environment variables
12:27:12.761 [FXGL Background Thread 3 ] DEBUG Engine               - achievements: []
12:27:12.761 [FXGL Background Thread 3 ] DEBUG Engine               - actualHeight: 720.0
12:27:12.761 [FXGL Background Thread 3 ] DEBUG Engine               - actualHeightProperty: ReadOnlyDoubleProperty [value: 720.0]
12:27:12.761 [FXGL Background Thread 3 ] DEBUG Engine               - actualWidth: 1280.0
12:27:12.761 [FXGL Background Thread 3 ] DEBUG Engine               - actualWidthProperty: ReadOnlyDoubleProperty [value: 1280.0]
12:27:12.761 [FXGL Background Thread 3 ] DEBUG Engine               - appIcon: fxgl_icon.png
12:27:12.761 [FXGL Background Thread 3 ] DEBUG Engine               - applicationMode: DEVELOPER
12:27:12.761 [FXGL Background Thread 3 ] DEBUG Engine               - cSSList: [fxgl_dark.css]
12:27:12.761 [FXGL Background Thread 3 ] DEBUG Engine               - collisionDetectionStrategy: BRUTE_FORCE
12:27:12.762 [FXGL Background Thread 3 ] DEBUG Engine               - configClass: Optional.empty
12:27:12.762 [FXGL Background Thread 3 ] DEBUG Engine               - credits: []
12:27:12.762 [FXGL Background Thread 3 ] DEBUG Engine               - defaultCursor: CursorInfo(imageName=fxgl_default_cursor.png, hotspotX=7.0, hotspotY=6.0)
12:27:12.762 [FXGL Background Thread 3 ] DEBUG Engine               - devBBoxColorProperty: ObjectProperty [value: 0xff0000ff]
12:27:12.762 [FXGL Background Thread 3 ] DEBUG Engine               - devEnableDebugCameraProperty: BooleanProperty [value: false]
12:27:12.762 [FXGL Background Thread 3 ] DEBUG Engine               - devSensorColorProperty: ObjectProperty [value: 0xffff00ff]
12:27:12.762 [FXGL Background Thread 3 ] DEBUG Engine               - devShowBBoxProperty: BooleanProperty [value: false]
12:27:12.762 [FXGL Background Thread 3 ] DEBUG Engine               - devShowPositionProperty: BooleanProperty [value: false]
12:27:12.762 [FXGL Background Thread 3 ] DEBUG Engine               - enabledMenuItems: []
12:27:12.762 [FXGL Background Thread 3 ] DEBUG Engine               - engineServices: [class com.almasb.fxgl.app.services.FXGLAssetLoaderService, class com.almasb.fxgl.app.FXGLApplication$GameApplicationService, class com.almasb.fxgl.app.services.FXGLDialogService, class com.almasb.fxgl.app.services.IOTaskExecutorService, class com.almasb.fxgl.io.FileSystemService, class com.almasb.fxgl.localization.LocalizationService, class com.almasb.fxgl.app.services.SystemBundleService, class com.almasb.fxgl.profile.SaveLoadService, class com.almasb.fxgl.ui.FXGLUIFactoryServiceProvider, class com.almasb.fxgl.ui.FXGLDialogFactoryServiceProvider, class com.almasb.fxgl.audio.AudioPlayer, class com.almasb.fxgl.notification.impl.NotificationServiceProvider, class com.almasb.fxgl.achievement.AchievementService, class com.almasb.fxgl.cutscene.CutsceneService, class com.almasb.fxgl.minigames.MiniGameService, class com.almasb.fxgl.net.NetService, class com.almasb.fxgl.app.services.UpdaterService, class com.almasb.fxgl.dev.DevService]
12:27:12.762 [FXGL Background Thread 3 ] DEBUG Engine               - fontGame: Abel-Regular.ttf
12:27:12.762 [FXGL Background Thread 3 ] DEBUG Engine               - fontMono: TerminalLandMono-Regular.otf
12:27:12.763 [FXGL Background Thread 3 ] DEBUG Engine               - fontText: Courier-Prime.ttf
12:27:12.763 [FXGL Background Thread 3 ] DEBUG Engine               - fontUI: VarelaRound-Regular.ttf
12:27:12.763 [FXGL Background Thread 3 ] DEBUG Engine               - fullScreen: BooleanProperty [value: false]
12:27:12.763 [FXGL Background Thread 3 ] DEBUG Engine               - gameDifficulty: MEDIUM
12:27:12.763 [FXGL Background Thread 3 ] DEBUG Engine               - gameDifficultyProperty: ObjectProperty [value: MEDIUM]
12:27:12.763 [FXGL Background Thread 3 ] DEBUG Engine               - globalMusicVolume: 0.5
12:27:12.763 [FXGL Background Thread 3 ] DEBUG Engine               - globalMusicVolumeProperty: DoubleProperty [value: 0.25]
12:27:12.763 [FXGL Background Thread 3 ] DEBUG Engine               - globalSoundVolume: 0.5
12:27:12.763 [FXGL Background Thread 3 ] DEBUG Engine               - globalSoundVolumeProperty: DoubleProperty [value: 0.5]
12:27:12.763 [FXGL Background Thread 3 ] DEBUG Engine               - height: 720
12:27:12.763 [FXGL Background Thread 3 ] DEBUG Engine               - is3D: false
12:27:12.763 [FXGL Background Thread 3 ] DEBUG Engine               - isAndroid: false
12:27:12.763 [FXGL Background Thread 3 ] DEBUG Engine               - isBrowser: false
12:27:12.763 [FXGL Background Thread 3 ] DEBUG Engine               - isClickFeedbackEnabled: false
12:27:12.763 [FXGL Background Thread 3 ] DEBUG Engine               - isCloseConfirmation: false
12:27:12.763 [FXGL Background Thread 3 ] DEBUG Engine               - isDesktop: true
12:27:12.763 [FXGL Background Thread 3 ] DEBUG Engine               - isDeveloperMenuEnabled: true
12:27:12.763 [FXGL Background Thread 3 ] DEBUG Engine               - isEmbedded: false
12:27:12.763 [FXGL Background Thread 3 ] DEBUG Engine               - isEntityPreloadEnabled: true
12:27:12.763 [FXGL Background Thread 3 ] DEBUG Engine               - isExperimentalTiledLargeMap: false
12:27:12.763 [FXGL Background Thread 3 ] DEBUG Engine               - isFileSystemWriteAllowed: true
12:27:12.763 [FXGL Background Thread 3 ] DEBUG Engine               - isFullScreenAllowed: false
12:27:12.763 [FXGL Background Thread 3 ] DEBUG Engine               - isFullScreenFromStart: false
12:27:12.764 [FXGL Background Thread 3 ] DEBUG Engine               - isGameMenuEnabled: true
12:27:12.764 [FXGL Background Thread 3 ] DEBUG Engine               - isIOS: false
12:27:12.764 [FXGL Background Thread 3 ] DEBUG Engine               - isIntroEnabled: false
12:27:12.764 [FXGL Background Thread 3 ] DEBUG Engine               - isLinux: false
12:27:12.764 [FXGL Background Thread 3 ] DEBUG Engine               - isMac: false
12:27:12.764 [FXGL Background Thread 3 ] DEBUG Engine               - isMainMenuEnabled: true
12:27:12.764 [FXGL Background Thread 3 ] DEBUG Engine               - isManualResizeEnabled: false
12:27:12.764 [FXGL Background Thread 3 ] DEBUG Engine               - isMobile: false
12:27:12.764 [FXGL Background Thread 3 ] DEBUG Engine               - isNative: false
12:27:12.764 [FXGL Background Thread 3 ] DEBUG Engine               - isPauseMusicWhenMinimized: true
12:27:12.764 [FXGL Background Thread 3 ] DEBUG Engine               - isPreserveResizeRatio: false
12:27:12.764 [FXGL Background Thread 3 ] DEBUG Engine               - isProfilingEnabled: false
12:27:12.764 [FXGL Background Thread 3 ] DEBUG Engine               - isScaleAffectedOnResize: true
12:27:12.764 [FXGL Background Thread 3 ] DEBUG Engine               - isSingleStep: false
12:27:12.764 [FXGL Background Thread 3 ] DEBUG Engine               - isUserProfileEnabled: false
12:27:12.764 [FXGL Background Thread 3 ] DEBUG Engine               - isWindows: true
12:27:12.764 [FXGL Background Thread 3 ] DEBUG Engine               - language: ObjectProperty [value: ENGLISH]
12:27:12.764 [FXGL Background Thread 3 ] DEBUG Engine               - menuKey: ESCAPE
12:27:12.764 [FXGL Background Thread 3 ] DEBUG Engine               - mouseSensitivity: 0.2
12:27:12.764 [FXGL Background Thread 3 ] DEBUG Engine               - notificationViewClass: class com.almasb.fxgl.notification.view.XboxNotificationView
12:27:12.764 [FXGL Background Thread 3 ] DEBUG Engine               - pixelsPerMeter: 50.0
12:27:12.764 [FXGL Background Thread 3 ] DEBUG Engine               - platform: WINDOWS
12:27:12.764 [FXGL Background Thread 3 ] DEBUG Engine               - prefHeightProperty: ReadOnlyDoubleProperty [value: 720.0]
12:27:12.764 [FXGL Background Thread 3 ] DEBUG Engine               - prefWidthProperty: ReadOnlyDoubleProperty [value: 1280.0]
12:27:12.765 [FXGL Background Thread 3 ] DEBUG Engine               - profileDir: profiles/
12:27:12.765 [FXGL Background Thread 3 ] DEBUG Engine               - profileName: StringProperty [value: DEFAULT]
12:27:12.765 [FXGL Background Thread 3 ] DEBUG Engine               - randomSeed: -1
12:27:12.765 [FXGL Background Thread 3 ] DEBUG Engine               - runtimeInfo: RuntimeInfo(platform=WINDOWS, version=17.2, build=20.08.2022 16.50)
12:27:12.765 [FXGL Background Thread 3 ] DEBUG Engine               - saveFileExt: sav
12:27:12.765 [FXGL Background Thread 3 ] DEBUG Engine               - scaledHeightProp$fxgl: DoubleProperty [bound, value: 720.0]
12:27:12.765 [FXGL Background Thread 3 ] DEBUG Engine               - scaledWidthProp$fxgl: DoubleProperty [bound, value: 1280.0]
12:27:12.765 [FXGL Background Thread 3 ] DEBUG Engine               - sceneFactory: com.sunsofgod.PlatformerApp$1@34218c96
12:27:12.765 [FXGL Background Thread 3 ] DEBUG Engine               - secondsIn24h: 60
12:27:12.765 [FXGL Background Thread 3 ] DEBUG Engine               - soundMenuBack: menu/back.wav
12:27:12.765 [FXGL Background Thread 3 ] DEBUG Engine               - soundMenuPress: menu/press.wav
12:27:12.765 [FXGL Background Thread 3 ] DEBUG Engine               - soundMenuSelect: menu/select.wav
12:27:12.765 [FXGL Background Thread 3 ] DEBUG Engine               - soundNotification: core/notification.wav
12:27:12.765 [FXGL Background Thread 3 ] DEBUG Engine               - stageStyle: DECORATED
12:27:12.765 [FXGL Background Thread 3 ] DEBUG Engine               - supportedLanguages: [ENGLISH, FRENCH, GERMAN, HUNGARIAN, RUSSIAN]
12:27:12.765 [FXGL Background Thread 3 ] DEBUG Engine               - ticksPerSecond: -1
12:27:12.765 [FXGL Background Thread 3 ] DEBUG Engine               - title: Untitled
12:27:12.765 [FXGL Background Thread 3 ] DEBUG Engine               - urlGithub: https://github.com/AlmasB/FXGL
12:27:12.765 [FXGL Background Thread 3 ] DEBUG Engine               - urlLeaderboard: http://fxgl-top.herokuapp.com/
12:27:12.765 [FXGL Background Thread 3 ] DEBUG Engine               - urlPOM: https://raw.githubusercontent.com/AlmasB/FXGL/release/README.md
12:27:12.765 [FXGL Background Thread 3 ] DEBUG Engine               - userAppClass: class com.sunsofgod.PlatformerApp
12:27:12.766 [FXGL Background Thread 3 ] DEBUG Engine               - version: 0.0
12:27:12.766 [FXGL Background Thread 3 ] DEBUG Engine               - versionCheckDays: 7
12:27:12.766 [FXGL Background Thread 3 ] DEBUG Engine               - width: 1280
12:27:12.766 [FXGL Background Thread 3 ] DEBUG Engine               - Logging services
12:27:12.766 [FXGL Background Thread 3 ] DEBUG Engine               - class com.almasb.fxgl.app.services.FXGLAssetLoaderService
12:27:12.766 [FXGL Background Thread 3 ] DEBUG Engine               - class com.almasb.fxgl.app.FXGLApplication$GameApplicationService
12:27:12.766 [FXGL Background Thread 3 ] DEBUG Engine               - class com.almasb.fxgl.app.services.FXGLDialogService
12:27:12.766 [FXGL Background Thread 3 ] DEBUG Engine               - class com.almasb.fxgl.app.services.IOTaskExecutorService
12:27:12.766 [FXGL Background Thread 3 ] DEBUG Engine               - class com.almasb.fxgl.io.FileSystemService
12:27:12.766 [FXGL Background Thread 3 ] DEBUG Engine               - class com.almasb.fxgl.localization.LocalizationService
12:27:12.766 [FXGL Background Thread 3 ] DEBUG Engine               - class com.almasb.fxgl.app.services.SystemBundleService
12:27:12.766 [FXGL Background Thread 3 ] DEBUG Engine               - class com.almasb.fxgl.profile.SaveLoadService
12:27:12.766 [FXGL Background Thread 3 ] DEBUG Engine               - class com.almasb.fxgl.ui.FXGLUIFactoryServiceProvider
12:27:12.766 [FXGL Background Thread 3 ] DEBUG Engine               - class com.almasb.fxgl.ui.FXGLDialogFactoryServiceProvider
12:27:12.766 [FXGL Background Thread 3 ] DEBUG Engine               - class com.almasb.fxgl.audio.AudioPlayer
12:27:12.766 [FXGL Background Thread 3 ] DEBUG Engine               - class com.almasb.fxgl.notification.impl.NotificationServiceProvider
12:27:12.766 [FXGL Background Thread 3 ] DEBUG Engine               - class com.almasb.fxgl.achievement.AchievementService
12:27:12.766 [FXGL Background Thread 3 ] DEBUG Engine               - class com.almasb.fxgl.cutscene.CutsceneService
12:27:12.766 [FXGL Background Thread 3 ] DEBUG Engine               - class com.almasb.fxgl.minigames.MiniGameService
12:27:12.766 [FXGL Background Thread 3 ] DEBUG Engine               - class com.almasb.fxgl.net.NetService
12:27:12.766 [FXGL Background Thread 3 ] DEBUG Engine               - class com.almasb.fxgl.app.services.UpdaterService
12:27:12.766 [FXGL Background Thread 3 ] DEBUG Engine               - class com.almasb.fxgl.dev.DevService
12:27:24.474 [JavaFX Application Thread] DEBUG PrimaryStageWindow   - Pop state: PlayerSelectScene
12:27:24.474 [JavaFX Application Thread] DEBUG Input                - Clearing active input actions
12:27:24.475 [JavaFX Application Thread] DEBUG GameApplicationServi - Removing overlay from PlayerSelectScene and adding to RiderMainMenuScene
12:27:24.477 [JavaFX Application Thread] DEBUG PrimaryStageWindow   - RiderMainMenuScene <- PlayerSelectScene
12:27:32.967 [JavaFX Application Thread] DEBUG PrimaryStageWindow   - Push state: PlayerSelectScene
12:27:32.967 [JavaFX Application Thread] DEBUG Input                - Clearing active input actions
12:27:32.968 [JavaFX Application Thread] DEBUG GameApplicationServi - Removing overlay from RiderMainMenuScene and adding to PlayerSelectScene
12:27:32.968 [JavaFX Application Thread] DEBUG PrimaryStageWindow   - RiderMainMenuScene -> PlayerSelectScene
12:28:05.465 [JavaFX Application Thread] DEBUG FXGLApplication      - Exiting FXGL
12:28:05.465 [JavaFX Application Thread] DEBUG LoopRunner           - Stopping loop
12:28:05.465 [JavaFX Application Thread] DEBUG SystemBundleService  - Saving FXGL system data
12:28:05.467 [JavaFX Application Thread] DEBUG FileSystemAccess     - Writing to: C:\Users\Balong\Desktop\JavaFXGame-1\system\fxgl.bundle
12:28:05.468 [JavaFX Application Thread] DEBUG Async                - Shutting down background threads
12:28:05.469 [JavaFX Application Thread] DEBUG PrimaryStageWindow   - Closing main window
12:28:05.475 [JavaFX Application Thread] DEBUG Logger               - Closing Logger
