14:53:51.499 [main                     ] DEBUG Logger               - Configured Logger
14:53:51.514 [main                     ] DEBUG GameApplication      - Logging settings
Title: Untitled
Version: 0.0
Width: 1280
Height: 720
Fullscreen: false
Intro: false
Profiling: false
Single step:false
App Mode: DEVELOPER
Menu Key: ESCAPE
Stage Style: DECORATED
Scene Factory: class com.sunsofgod.PlatformerApp$1

14:53:51.826 [JavaFX Application Thread] DEBUG FXGLApplication      - Initializing FXGL
14:53:51.829 [JavaFX Application Thread] INFO  Engine               - FXGL-17.2 (20.08.2022 16.50) on MAC (J:17.0.2 FX:17.0.12)
14:53:51.829 [JavaFX Application Thread] DEBUG Engine               - JRE Vendor Name: Oracle Corporation
14:53:51.829 [JavaFX Application Thread] DEBUG Engine               - Running on OS: Mac OS X version 15.1
14:53:51.829 [JavaFX Application Thread] DEBUG Engine               - Architecture: aarch64
14:53:51.829 [JavaFX Application Thread] INFO  Engine               - Source code and latest versions at: https://github.com/AlmasB/FXGL
14:53:51.829 [JavaFX Application Thread] INFO  Engine               -       Ask questions and discuss at: https://github.com/AlmasB/FXGL/discussions
14:53:51.829 [JavaFX Application Thread] INFO  Engine               -              Join the FXGL chat at: https://gitter.im/AlmasB/FXGL
14:53:51.876 [JavaFX Application Thread] DEBUG PrimaryStageWindow   - Creating a JavaFX scene
14:53:51.897 [JavaFX Application Thread] DEBUG PrimaryStageWindow   - Target settings size: 1280.0 x 720.0
14:53:51.897 [JavaFX Application Thread] DEBUG PrimaryStageWindow   - Scaled scene size:    1280.0 x 720.0
14:53:51.897 [JavaFX Application Thread] DEBUG PrimaryStageWindow   - Scaled ratio: (1.0, 1.0)
14:53:51.897 [JavaFX Application Thread] DEBUG PrimaryStageWindow   - Set initial scene to FXGLStartupScene
14:53:51.900 [JavaFX Application Thread] DEBUG PrimaryStageWindow   - Opening main window
14:53:51.998 [JavaFX Application Thread] DEBUG PrimaryStageWindow   - Window border size: (0.0, 28.0)
14:53:51.998 [JavaFX Application Thread] DEBUG PrimaryStageWindow   - Scaled size: 1280.0 x 720.0
14:53:51.998 [JavaFX Application Thread] DEBUG PrimaryStageWindow   - Scaled ratio: (1.0, 1.0)
14:53:51.998 [JavaFX Application Thread] DEBUG PrimaryStageWindow   - Scene size: 1280.0 x 720.0
14:53:51.998 [JavaFX Application Thread] DEBUG PrimaryStageWindow   - Stage size: 1280.0 x 748.0
14:53:52.002 [FXGL Background Thread 1 ] DEBUG Engine               - Initializing environment variables
14:53:52.015 [FXGL Background Thread 1 ] DEBUG FXGLAssetLoaderServi - User app class for loading assets: class com.sunsofgod.PlatformerApp
14:53:52.015 [FXGL Background Thread 1 ] DEBUG GameApplicationServi - Applying CSS: fxgl_dark.css
14:53:52.015 [FXGL Background Thread 1 ] DEBUG FXGLAssetLoaderServi - Loading from file system: jar:file:///Users/aaron/.m2/repository/com/github/almasb/fxgl/17.2/fxgl-17.2.jar!/fxglassets/ui/css/fxgl_dark.css
14:53:52.036 [FXGL Background Thread 1 ] DEBUG GameApplicationServi - Initializing application scenes
14:53:52.133 [FXGL Background Thread 1 ] WARN  FXGLAssetLoaderServi - Asset "/assets/textures/player.png" was not found!
14:53:52.133 [FXGL Background Thread 1 ] WARN  FXGLAssetLoaderServi - Failed to load IMAGE
14:53:52.150 [FXGL Background Thread 1 ] DEBUG GameWorld            - Game world initialized
14:53:52.178 [FXGL Background Thread 1 ] DEBUG PhysicsWorld         - Physics world initialized: appHeight=720, physics.ppm=50.0
14:53:52.178 [FXGL Background Thread 1 ] DEBUG PhysicsWorld         - Using strategy: BRUTE_FORCE
14:53:52.180 [FXGL Background Thread 1 ] DEBUG GameScene            - Game scene initialized: 1280x720
14:53:52.488 [FXGL Background Thread 1 ] DEBUG GameApplicationServi - Application scenes initialized
14:53:52.496 [FXGL Background Thread 1 ] DEBUG SystemBundleService  - Loading FXGL system data
14:53:52.499 [FXGL Background Thread 1 ] DEBUG FileSystemAccess     - Reading from: /Users/aaron/JavaFXGame/system/fxgl.bundle
14:53:52.504 [FXGL Background Thread 1 ] DEBUG SystemBundleService  - Bundle FXGL: {}
14:53:52.504 [FXGL Background Thread 1 ] DEBUG UpdaterService       - Checking for updates
14:53:52.516 [FXGL Background Thread 4 ] DEBUG FXGLApplication      - Loading fonts
14:53:52.516 [FXGL Background Thread 1 ] DEBUG FXGLApplication      - Loading default localization
14:53:52.516 [FXGL Background Thread 4 ] DEBUG FXGLAssetLoaderServi - Loading from file system: jar:file:///Users/aaron/.m2/repository/com/github/almasb/fxgl/17.2/fxgl-17.2.jar!/fxglassets/ui/fonts/VarelaRound-Regular.ttf
14:53:52.516 [FXGL Background Thread 1 ] DEBUG FXGLAssetLoaderServi - Loading from file system: jar:file:///Users/aaron/.m2/repository/com/github/almasb/fxgl/17.2/fxgl-17.2.jar!/fxglassets/languages/english.lang
14:53:52.525 [FXGL Background Thread 1 ] INFO  FXGLApplication      - FXGL initialization took: 0.523 sec
14:53:52.526 [JavaFX Application Thread] DEBUG FXGLAssetLoaderServi - Loading from file system: jar:file:///Users/aaron/.m2/repository/com/github/almasb/fxgl/17.2/fxgl-17.2.jar!/fxglassets/textures/fxgl_icon.png
14:53:52.526 [FXGL Background Thread 4 ] DEBUG FXGLAssetLoaderServi - Loading from file system: jar:file:///Users/aaron/.m2/repository/com/github/almasb/fxgl/17.2/fxgl-17.2.jar!/fxglassets/ui/fonts/Abel-Regular.ttf
14:53:52.529 [FXGL Background Thread 4 ] DEBUG FXGLAssetLoaderServi - Loading from file system: jar:file:///Users/aaron/.m2/repository/com/github/almasb/fxgl/17.2/fxgl-17.2.jar!/fxglassets/ui/fonts/TerminalLandMono-Regular.otf
14:53:52.538 [FXGL Background Thread 4 ] DEBUG FXGLAssetLoaderServi - Loading from file system: jar:file:///Users/aaron/.m2/repository/com/github/almasb/fxgl/17.2/fxgl-17.2.jar!/fxglassets/ui/fonts/Courier-Prime.ttf
14:53:52.549 [JavaFX Application Thread] DEBUG FXGLAssetLoaderServi - Loading from file system: jar:file:///Users/aaron/.m2/repository/com/github/almasb/fxgl/17.2/fxgl-17.2.jar!/fxglassets/textures/fxgl_default_cursor.png
14:53:52.553 [JavaFX Application Thread] DEBUG Input                - Registered new binding: Screenshot - CTRL+8
14:53:52.553 [JavaFX Application Thread] DEBUG Input                - Registered new binding: Dev Options - 1
14:53:52.553 [JavaFX Application Thread] DEBUG Input                - Registered new binding: Dev Console - 2
14:53:52.554 [JavaFX Application Thread] DEBUG Input                - Registered new binding: System info dump - CTRL+9
14:53:52.554 [JavaFX Application Thread] DEBUG Input                - Registered new binding: Restart - CTRL+R
14:53:52.554 [JavaFX Application Thread] DEBUG Input                - Registered new binding: Toggle Debug Camera - CTRL+7
14:53:52.555 [JavaFX Application Thread] DEBUG LoopRunner           - Starting loop
14:53:52.560 [JavaFX Application Thread] DEBUG LoopRunner           - Initializing JavaFX AnimationTimerLoop
14:53:52.561 [JavaFX Application Thread] DEBUG Input                - Clearing active input actions
14:53:52.564 [JavaFX Application Thread] DEBUG GameApplicationServi - Removing overlay from FXGLStartupScene and adding to FXGLMainMenuDummyScene
14:53:52.565 [JavaFX Application Thread] DEBUG PrimaryStageWindow   - FXGLStartupScene -> FXGLMainMenuDummyScene
14:53:52.565 [JavaFX Application Thread] DEBUG PrimaryStageWindow   - Push state: RiderMainMenuScene
14:53:52.565 [JavaFX Application Thread] DEBUG Input                - Clearing active input actions
14:53:52.567 [JavaFX Application Thread] DEBUG GameApplicationServi - Removing overlay from FXGLMainMenuDummyScene and adding to RiderMainMenuScene
14:53:52.568 [JavaFX Application Thread] DEBUG PrimaryStageWindow   - FXGLMainMenuDummyScene -> RiderMainMenuScene
14:53:52.644 [JavaFX Application Thread] DEBUG FXGLApplication      - Registering font factories with UI factory
14:53:52.816 [FXGL Background Thread 2 ] INFO  UpdaterService       - Your current version:  17.2
14:53:52.817 [FXGL Background Thread 2 ] INFO  UpdaterService       - Latest stable version: 21.1
14:53:54.995 [JavaFX Application Thread] DEBUG PrimaryStageWindow   - Push state: PlayerSelectScene
14:53:54.995 [JavaFX Application Thread] DEBUG Input                - Clearing active input actions
14:53:54.996 [JavaFX Application Thread] DEBUG GameApplicationServi - Removing overlay from RiderMainMenuScene and adding to PlayerSelectScene
14:53:54.997 [JavaFX Application Thread] DEBUG PrimaryStageWindow   - RiderMainMenuScene -> PlayerSelectScene
14:53:55.519 [FXGL Background Thread 3 ] DEBUG Engine               - Logging environment variables
14:53:55.520 [FXGL Background Thread 3 ] DEBUG Engine               - achievements: []
14:53:55.520 [FXGL Background Thread 3 ] DEBUG Engine               - actualHeight: 720.0
14:53:55.520 [FXGL Background Thread 3 ] DEBUG Engine               - actualHeightProperty: ReadOnlyDoubleProperty [value: 720.0]
14:53:55.520 [FXGL Background Thread 3 ] DEBUG Engine               - actualWidth: 1280.0
14:53:55.520 [FXGL Background Thread 3 ] DEBUG Engine               - actualWidthProperty: ReadOnlyDoubleProperty [value: 1280.0]
14:53:55.520 [FXGL Background Thread 3 ] DEBUG Engine               - appIcon: fxgl_icon.png
14:53:55.520 [FXGL Background Thread 3 ] DEBUG Engine               - applicationMode: DEVELOPER
14:53:55.520 [FXGL Background Thread 3 ] DEBUG Engine               - cSSList: [fxgl_dark.css]
14:53:55.520 [FXGL Background Thread 3 ] DEBUG Engine               - collisionDetectionStrategy: BRUTE_FORCE
14:53:55.521 [FXGL Background Thread 3 ] DEBUG Engine               - configClass: Optional.empty
14:53:55.521 [FXGL Background Thread 3 ] DEBUG Engine               - credits: []
14:53:55.522 [FXGL Background Thread 3 ] DEBUG Engine               - defaultCursor: CursorInfo(imageName=fxgl_default_cursor.png, hotspotX=7.0, hotspotY=6.0)
14:53:55.522 [FXGL Background Thread 3 ] DEBUG Engine               - devBBoxColorProperty: ObjectProperty [value: 0xff0000ff]
14:53:55.522 [FXGL Background Thread 3 ] DEBUG Engine               - devEnableDebugCameraProperty: BooleanProperty [value: false]
14:53:55.522 [FXGL Background Thread 3 ] DEBUG Engine               - devSensorColorProperty: ObjectProperty [value: 0xffff00ff]
14:53:55.522 [FXGL Background Thread 3 ] DEBUG Engine               - devShowBBoxProperty: BooleanProperty [value: false]
14:53:55.522 [FXGL Background Thread 3 ] DEBUG Engine               - devShowPositionProperty: BooleanProperty [value: false]
14:53:55.522 [FXGL Background Thread 3 ] DEBUG Engine               - enabledMenuItems: []
14:53:55.522 [FXGL Background Thread 3 ] DEBUG Engine               - engineServices: [class com.almasb.fxgl.app.services.FXGLAssetLoaderService, class com.almasb.fxgl.app.FXGLApplication$GameApplicationService, class com.almasb.fxgl.app.services.FXGLDialogService, class com.almasb.fxgl.app.services.IOTaskExecutorService, class com.almasb.fxgl.io.FileSystemService, class com.almasb.fxgl.localization.LocalizationService, class com.almasb.fxgl.app.services.SystemBundleService, class com.almasb.fxgl.profile.SaveLoadService, class com.almasb.fxgl.ui.FXGLUIFactoryServiceProvider, class com.almasb.fxgl.ui.FXGLDialogFactoryServiceProvider, class com.almasb.fxgl.audio.AudioPlayer, class com.almasb.fxgl.notification.impl.NotificationServiceProvider, class com.almasb.fxgl.achievement.AchievementService, class com.almasb.fxgl.cutscene.CutsceneService, class com.almasb.fxgl.minigames.MiniGameService, class com.almasb.fxgl.net.NetService, class com.almasb.fxgl.app.services.UpdaterService, class com.almasb.fxgl.dev.DevService]
14:53:55.522 [FXGL Background Thread 3 ] DEBUG Engine               - fontGame: Abel-Regular.ttf
14:53:55.523 [FXGL Background Thread 3 ] DEBUG Engine               - fontMono: TerminalLandMono-Regular.otf
14:53:55.523 [FXGL Background Thread 3 ] DEBUG Engine               - fontText: Courier-Prime.ttf
14:53:55.523 [FXGL Background Thread 3 ] DEBUG Engine               - fontUI: VarelaRound-Regular.ttf
14:53:55.523 [FXGL Background Thread 3 ] DEBUG Engine               - fullScreen: BooleanProperty [value: false]
14:53:55.523 [FXGL Background Thread 3 ] DEBUG Engine               - gameDifficulty: MEDIUM
14:53:55.523 [FXGL Background Thread 3 ] DEBUG Engine               - gameDifficultyProperty: ObjectProperty [value: MEDIUM]
14:53:55.523 [FXGL Background Thread 3 ] DEBUG Engine               - globalMusicVolume: 0.5
14:53:55.523 [FXGL Background Thread 3 ] DEBUG Engine               - globalMusicVolumeProperty: DoubleProperty [value: 0.25]
14:53:55.523 [FXGL Background Thread 3 ] DEBUG Engine               - globalSoundVolume: 0.5
14:53:55.523 [FXGL Background Thread 3 ] DEBUG Engine               - globalSoundVolumeProperty: DoubleProperty [value: 0.5]
14:53:55.523 [FXGL Background Thread 3 ] DEBUG Engine               - height: 720
14:53:55.524 [FXGL Background Thread 3 ] DEBUG Engine               - is3D: false
14:53:55.524 [FXGL Background Thread 3 ] DEBUG Engine               - isAndroid: false
14:53:55.524 [FXGL Background Thread 3 ] DEBUG Engine               - isBrowser: false
14:53:55.524 [FXGL Background Thread 3 ] DEBUG Engine               - isClickFeedbackEnabled: false
14:53:55.524 [FXGL Background Thread 3 ] DEBUG Engine               - isCloseConfirmation: false
14:53:55.524 [FXGL Background Thread 3 ] DEBUG Engine               - isDesktop: true
14:53:55.524 [FXGL Background Thread 3 ] DEBUG Engine               - isDeveloperMenuEnabled: true
14:53:55.524 [FXGL Background Thread 3 ] DEBUG Engine               - isEmbedded: false
14:53:55.524 [FXGL Background Thread 3 ] DEBUG Engine               - isEntityPreloadEnabled: true
14:53:55.524 [FXGL Background Thread 3 ] DEBUG Engine               - isExperimentalTiledLargeMap: false
14:53:55.524 [FXGL Background Thread 3 ] DEBUG Engine               - isFileSystemWriteAllowed: true
14:53:55.524 [FXGL Background Thread 3 ] DEBUG Engine               - isFullScreenAllowed: false
14:53:55.524 [FXGL Background Thread 3 ] DEBUG Engine               - isFullScreenFromStart: false
14:53:55.524 [FXGL Background Thread 3 ] DEBUG Engine               - isGameMenuEnabled: true
14:53:55.524 [FXGL Background Thread 3 ] DEBUG Engine               - isIOS: false
14:53:55.525 [FXGL Background Thread 3 ] DEBUG Engine               - isIntroEnabled: false
14:53:55.525 [FXGL Background Thread 3 ] DEBUG Engine               - isLinux: false
14:53:55.525 [FXGL Background Thread 3 ] DEBUG Engine               - isMac: true
14:53:55.525 [FXGL Background Thread 3 ] DEBUG Engine               - isMainMenuEnabled: true
14:53:55.525 [FXGL Background Thread 3 ] DEBUG Engine               - isManualResizeEnabled: false
14:53:55.525 [FXGL Background Thread 3 ] DEBUG Engine               - isMobile: false
14:53:55.525 [FXGL Background Thread 3 ] DEBUG Engine               - isNative: false
14:53:55.525 [FXGL Background Thread 3 ] DEBUG Engine               - isPauseMusicWhenMinimized: true
14:53:55.525 [FXGL Background Thread 3 ] DEBUG Engine               - isPreserveResizeRatio: false
14:53:55.525 [FXGL Background Thread 3 ] DEBUG Engine               - isProfilingEnabled: false
14:53:55.525 [FXGL Background Thread 3 ] DEBUG Engine               - isScaleAffectedOnResize: true
14:53:55.525 [FXGL Background Thread 3 ] DEBUG Engine               - isSingleStep: false
14:53:55.525 [FXGL Background Thread 3 ] DEBUG Engine               - isUserProfileEnabled: false
14:53:55.525 [FXGL Background Thread 3 ] DEBUG Engine               - isWindows: false
14:53:55.525 [FXGL Background Thread 3 ] DEBUG Engine               - language: ObjectProperty [value: ENGLISH]
14:53:55.525 [FXGL Background Thread 3 ] DEBUG Engine               - menuKey: ESCAPE
14:53:55.525 [FXGL Background Thread 3 ] DEBUG Engine               - mouseSensitivity: 0.2
14:53:55.526 [FXGL Background Thread 3 ] DEBUG Engine               - notificationViewClass: class com.almasb.fxgl.notification.view.XboxNotificationView
14:53:55.526 [FXGL Background Thread 3 ] DEBUG Engine               - pixelsPerMeter: 50.0
14:53:55.526 [FXGL Background Thread 3 ] DEBUG Engine               - platform: MAC
14:53:55.526 [FXGL Background Thread 3 ] DEBUG Engine               - prefHeightProperty: ReadOnlyDoubleProperty [value: 720.0]
14:53:55.526 [FXGL Background Thread 3 ] DEBUG Engine               - prefWidthProperty: ReadOnlyDoubleProperty [value: 1280.0]
14:53:55.526 [FXGL Background Thread 3 ] DEBUG Engine               - profileDir: profiles/
14:53:55.526 [FXGL Background Thread 3 ] DEBUG Engine               - profileName: StringProperty [value: DEFAULT]
14:53:55.526 [FXGL Background Thread 3 ] DEBUG Engine               - randomSeed: -1
14:53:55.526 [FXGL Background Thread 3 ] DEBUG Engine               - runtimeInfo: RuntimeInfo(platform=MAC, version=17.2, build=20.08.2022 16.50)
14:53:55.527 [FXGL Background Thread 3 ] DEBUG Engine               - saveFileExt: sav
14:53:55.527 [FXGL Background Thread 3 ] DEBUG Engine               - scaledHeightProp$fxgl: DoubleProperty [bound, value: 720.0]
14:53:55.527 [FXGL Background Thread 3 ] DEBUG Engine               - scaledWidthProp$fxgl: DoubleProperty [bound, value: 1280.0]
14:53:55.527 [FXGL Background Thread 3 ] DEBUG Engine               - sceneFactory: com.sunsofgod.PlatformerApp$1@111fe673
14:53:55.527 [FXGL Background Thread 3 ] DEBUG Engine               - secondsIn24h: 60
14:53:55.527 [FXGL Background Thread 3 ] DEBUG Engine               - soundMenuBack: menu/back.wav
14:53:55.527 [FXGL Background Thread 3 ] DEBUG Engine               - soundMenuPress: menu/press.wav
14:53:55.527 [FXGL Background Thread 3 ] DEBUG Engine               - soundMenuSelect: menu/select.wav
14:53:55.527 [FXGL Background Thread 3 ] DEBUG Engine               - soundNotification: core/notification.wav
14:53:55.527 [FXGL Background Thread 3 ] DEBUG Engine               - stageStyle: DECORATED
14:53:55.527 [FXGL Background Thread 3 ] DEBUG Engine               - supportedLanguages: [ENGLISH, FRENCH, GERMAN, HUNGARIAN, RUSSIAN]
14:53:55.527 [FXGL Background Thread 3 ] DEBUG Engine               - ticksPerSecond: -1
14:53:55.527 [FXGL Background Thread 3 ] DEBUG Engine               - title: Untitled
14:53:55.527 [FXGL Background Thread 3 ] DEBUG Engine               - urlGithub: https://github.com/AlmasB/FXGL
14:53:55.528 [FXGL Background Thread 3 ] DEBUG Engine               - urlLeaderboard: http://fxgl-top.herokuapp.com/
14:53:55.528 [FXGL Background Thread 3 ] DEBUG Engine               - urlPOM: https://raw.githubusercontent.com/AlmasB/FXGL/release/README.md
14:53:55.528 [FXGL Background Thread 3 ] DEBUG Engine               - userAppClass: class com.sunsofgod.PlatformerApp
14:53:55.528 [FXGL Background Thread 3 ] DEBUG Engine               - version: 0.0
14:53:55.528 [FXGL Background Thread 3 ] DEBUG Engine               - versionCheckDays: 7
14:53:55.528 [FXGL Background Thread 3 ] DEBUG Engine               - width: 1280
14:53:55.528 [FXGL Background Thread 3 ] DEBUG Engine               - Logging services
14:53:55.528 [FXGL Background Thread 3 ] DEBUG Engine               - class com.almasb.fxgl.app.services.FXGLAssetLoaderService
14:53:55.528 [FXGL Background Thread 3 ] DEBUG Engine               - class com.almasb.fxgl.app.FXGLApplication$GameApplicationService
14:53:55.528 [FXGL Background Thread 3 ] DEBUG Engine               - class com.almasb.fxgl.app.services.FXGLDialogService
14:53:55.528 [FXGL Background Thread 3 ] DEBUG Engine               - class com.almasb.fxgl.app.services.IOTaskExecutorService
14:53:55.528 [FXGL Background Thread 3 ] DEBUG Engine               - class com.almasb.fxgl.io.FileSystemService
14:53:55.528 [FXGL Background Thread 3 ] DEBUG Engine               - class com.almasb.fxgl.localization.LocalizationService
14:53:55.528 [FXGL Background Thread 3 ] DEBUG Engine               - class com.almasb.fxgl.app.services.SystemBundleService
14:53:55.528 [FXGL Background Thread 3 ] DEBUG Engine               - class com.almasb.fxgl.profile.SaveLoadService
14:53:55.528 [FXGL Background Thread 3 ] DEBUG Engine               - class com.almasb.fxgl.ui.FXGLUIFactoryServiceProvider
14:53:55.528 [FXGL Background Thread 3 ] DEBUG Engine               - class com.almasb.fxgl.ui.FXGLDialogFactoryServiceProvider
14:53:55.528 [FXGL Background Thread 3 ] DEBUG Engine               - class com.almasb.fxgl.audio.AudioPlayer
14:53:55.529 [FXGL Background Thread 3 ] DEBUG Engine               - class com.almasb.fxgl.notification.impl.NotificationServiceProvider
14:53:55.529 [FXGL Background Thread 3 ] DEBUG Engine               - class com.almasb.fxgl.achievement.AchievementService
14:53:55.529 [FXGL Background Thread 3 ] DEBUG Engine               - class com.almasb.fxgl.cutscene.CutsceneService
14:53:55.529 [FXGL Background Thread 3 ] DEBUG Engine               - class com.almasb.fxgl.minigames.MiniGameService
14:53:55.529 [FXGL Background Thread 3 ] DEBUG Engine               - class com.almasb.fxgl.net.NetService
14:53:55.529 [FXGL Background Thread 3 ] DEBUG Engine               - class com.almasb.fxgl.app.services.UpdaterService
14:53:55.529 [FXGL Background Thread 3 ] DEBUG Engine               - class com.almasb.fxgl.dev.DevService
14:53:56.053 [JavaFX Application Thread] DEBUG PrimaryStageWindow   - Push state: LevelSelectScene
14:53:56.053 [JavaFX Application Thread] DEBUG Input                - Clearing active input actions
14:53:56.055 [JavaFX Application Thread] DEBUG GameApplicationServi - Removing overlay from PlayerSelectScene and adding to LevelSelectScene
14:53:56.056 [JavaFX Application Thread] DEBUG PrimaryStageWindow   - PlayerSelectScene -> LevelSelectScene
14:53:58.213 [JavaFX Application Thread] DEBUG Menu                 - fireNewGame()
14:53:58.213 [JavaFX Application Thread] DEBUG GameApplicationServi - Starting new game
14:53:58.213 [JavaFX Application Thread] DEBUG PrimaryStageWindow   - Pop state: LevelSelectScene
14:53:58.213 [JavaFX Application Thread] DEBUG Input                - Clearing active input actions
14:53:58.214 [JavaFX Application Thread] DEBUG GameApplicationServi - Removing overlay from LevelSelectScene and adding to PlayerSelectScene
14:53:58.215 [JavaFX Application Thread] DEBUG PrimaryStageWindow   - PlayerSelectScene <- LevelSelectScene
14:53:58.215 [JavaFX Application Thread] DEBUG PrimaryStageWindow   - Pop state: PlayerSelectScene
14:53:58.215 [JavaFX Application Thread] DEBUG Input                - Clearing active input actions
14:53:58.215 [JavaFX Application Thread] DEBUG GameApplicationServi - Removing overlay from PlayerSelectScene and adding to RiderMainMenuScene
14:53:58.215 [JavaFX Application Thread] DEBUG PrimaryStageWindow   - RiderMainMenuScene <- PlayerSelectScene
14:53:58.215 [JavaFX Application Thread] DEBUG PrimaryStageWindow   - Pop state: RiderMainMenuScene
14:53:58.215 [JavaFX Application Thread] DEBUG Input                - Clearing active input actions
14:53:58.215 [JavaFX Application Thread] DEBUG GameApplicationServi - Removing overlay from RiderMainMenuScene and adding to FXGLMainMenuDummyScene
14:53:58.216 [JavaFX Application Thread] DEBUG PrimaryStageWindow   - FXGLMainMenuDummyScene <- RiderMainMenuScene
14:53:58.217 [JavaFX Application Thread] DEBUG Input                - Clearing active input actions
14:53:58.220 [JavaFX Application Thread] DEBUG GameApplicationServi - Removing overlay from FXGLMainMenuDummyScene and adding to MainLoadingScene
14:53:58.220 [JavaFX Application Thread] DEBUG PrimaryStageWindow   - FXGLMainMenuDummyScene -> MainLoadingScene
14:53:58.220 [JavaFX Application Thread] DEBUG GameApplicationServi - Clearing previous game
14:53:58.221 [JavaFX Application Thread] DEBUG GameScene            - Clearing game scene
14:53:58.221 [JavaFX Application Thread] DEBUG GameWorld            - Clearing game world
14:53:58.221 [JavaFX Application Thread] DEBUG PhysicsWorld         - Clearing physics world
14:53:58.222 [FXGL Background Thread 2 ] DEBUG FXGLApplication      - Initializing game
14:53:58.259 [FXGL Background Thread 2 ] WARN  TMXLevelLoader       - TiledMap generated from 1.11.0. Supported version: 1.9.0. Some features may not be parsed fully.
14:53:58.268 [FXGL Background Thread 2 ] DEBUG TMXLevelLoader       - Parsed TiledMap: file:/Users/aaron/JavaFXGame/target/classes/assets/levels/tmx/level3.tmx
14:53:58.271 [FXGL Background Thread 2 ] DEBUG TMXLevelLoader       - Creating tile layer entities
14:53:58.272 [FXGL Background Thread 2 ] DEBUG TilesetLoader        - Loading view for layer BG
14:53:58.280 [FXGL Background Thread 2 ] DEBUG TilesetLoader        - Created buffer with size 4200.0x700.0
14:53:58.300 [FXGL Background Thread 2 ] DEBUG TilesetLoader        - Loading view for layer Physical
14:53:58.302 [FXGL Background Thread 2 ] DEBUG TilesetLoader        - Created buffer with size 4200.0x700.0
14:53:58.307 [FXGL Background Thread 2 ] DEBUG TMXLevelLoader       - Creating object layer entities
14:53:58.323 [FXGL Background Thread 2 ] DEBUG FXGLAssetLoaderServi - Loading from file system: file:/Users/aaron/JavaFXGame/target/classes/assets/textures/button.png
14:53:58.343 [FXGL Background Thread 2 ] DEBUG GameWorld            - Clearing removable entities
14:53:58.344 [FXGL Background Thread 2 ] DEBUG GameWorld            - Setting level: com.almasb.fxgl.entity.level.Level@59d00a0c
14:53:58.350 [FXGL Background Thread 2 ] DEBUG FXGLAssetLoaderServi - Loading from file system: file:/Users/aaron/JavaFXGame/target/classes/assets/textures/player1.png
14:53:58.357 [FXGL Background Thread 2 ] DEBUG Input                - Clearing active input actions
14:53:58.357 [FXGL Background Thread 2 ] DEBUG Input                - Registered new binding: Jump0 - W
14:53:58.358 [FXGL Background Thread 2 ] DEBUG Input                - Registered new binding: Left0 - A
14:53:58.358 [FXGL Background Thread 2 ] DEBUG Input                - Registered new binding: Right0 - D
14:53:58.359 [FXGL Background Thread 2 ] DEBUG Input                - Registered new binding: Use0 - E
14:53:58.360 [FXGL Background Thread 2 ] DEBUG FXGLAssetLoaderServi - Loading from file system: file:/Users/aaron/JavaFXGame/target/classes/assets/textures/background/manila.png
14:53:58.378 [FXGL Background Thread 2 ] INFO  FXGLApplication      - Game initialization took: 0.156 sec
14:53:58.379 [JavaFX Application Thread] DEBUG Input                - Clearing active input actions
14:53:58.382 [JavaFX Application Thread] DEBUG GameApplicationServi - Removing overlay from MainLoadingScene and adding to GameScene
14:53:58.382 [JavaFX Application Thread] DEBUG PrimaryStageWindow   - MainLoadingScene -> GameScene
14:53:58.848 [JavaFX Application Thread] DEBUG FXGLAssetLoaderServi - Loading from file system: file:/Users/aaron/JavaFXGame/target/classes/assets/sounds/jump.wav
14:55:11.546 [JavaFX Application Thread] DEBUG FXGLApplication      - Exiting FXGL
14:55:11.547 [JavaFX Application Thread] DEBUG LoopRunner           - Stopping loop
14:55:11.547 [JavaFX Application Thread] DEBUG SystemBundleService  - Saving FXGL system data
14:55:11.550 [JavaFX Application Thread] DEBUG FileSystemAccess     - Writing to: /Users/aaron/JavaFXGame/system/fxgl.bundle
14:55:11.551 [JavaFX Application Thread] DEBUG Async                - Shutting down background threads
14:55:11.551 [JavaFX Application Thread] DEBUG PrimaryStageWindow   - Closing main window
14:55:11.581 [JavaFX Application Thread] DEBUG Logger               - Closing Logger
