16:32:08.093 [main                     ] DEBUG Logger               - Configured Logger
16:32:08.107 [main                     ] DEBUG GameApplication      - Logging settings
Title: Untitled
Version: 0.0
Width: 1280
Height: 720
Fullscreen: false
Intro: false
Profiling: false
Single step:false
App Mode: DEVELOPER
Menu Key: ESCAPE
Stage Style: DECORATED
Scene Factory: class com.sunsofgod.PlatformerApp$1

16:32:08.397 [JavaFX Application Thread] DEBUG FXGLApplication      - Initializing FXGL
16:32:08.399 [JavaFX Application Thread] INFO  Engine               - FXGL-17.2 (20.08.2022 16.50) on WINDOWS (J:21.0.4 FX:17.0.12)
16:32:08.400 [JavaFX Application Thread] DEBUG Engine               - JRE Vendor Name: Eclipse Adoptium
16:32:08.400 [JavaFX Application Thread] DEBUG Engine               - Running on OS: Windows 11 version 10.0
16:32:08.400 [JavaFX Application Thread] DEBUG Engine               - Architecture: amd64
16:32:08.400 [JavaFX Application Thread] INFO  Engine               - Source code and latest versions at: https://github.com/AlmasB/FXGL
16:32:08.400 [JavaFX Application Thread] INFO  Engine               -       Ask questions and discuss at: https://github.com/AlmasB/FXGL/discussions
16:32:08.401 [JavaFX Application Thread] INFO  Engine               -              Join the FXGL chat at: https://gitter.im/AlmasB/FXGL
16:32:08.458 [JavaFX Application Thread] DEBUG PrimaryStageWindow   - Creating a JavaFX scene
16:32:08.487 [JavaFX Application Thread] DEBUG PrimaryStageWindow   - Target settings size: 1280.0 x 720.0
16:32:08.487 [JavaFX Application Thread] DEBUG PrimaryStageWindow   - Scaled scene size:    1280.0 x 720.0
16:32:08.487 [JavaFX Application Thread] DEBUG PrimaryStageWindow   - Scaled ratio: (1.0, 1.0)
16:32:08.488 [JavaFX Application Thread] DEBUG PrimaryStageWindow   - Set initial scene to FXGLStartupScene
16:32:08.492 [JavaFX Application Thread] DEBUG PrimaryStageWindow   - Opening main window
16:32:08.544 [JavaFX Application Thread] DEBUG PrimaryStageWindow   - Window border size: (16.0, 39.0)
16:32:08.544 [JavaFX Application Thread] DEBUG PrimaryStageWindow   - Scaled size: 1280.0 x 720.0
16:32:08.544 [JavaFX Application Thread] DEBUG PrimaryStageWindow   - Scaled ratio: (1.0, 1.0)
16:32:08.545 [JavaFX Application Thread] DEBUG PrimaryStageWindow   - Scene size: 1280.0 x 720.0
16:32:08.545 [JavaFX Application Thread] DEBUG PrimaryStageWindow   - Stage size: 1296.0 x 759.0
16:32:08.550 [FXGL Background Thread 1 ] DEBUG Engine               - Initializing environment variables
16:32:08.580 [FXGL Background Thread 1 ] DEBUG FXGLAssetLoaderServi - User app class for loading assets: class com.sunsofgod.PlatformerApp
16:32:08.580 [FXGL Background Thread 1 ] DEBUG GameApplicationServi - Applying CSS: fxgl_dark.css
16:32:08.580 [FXGL Background Thread 1 ] DEBUG FXGLAssetLoaderServi - Loading from file system: jar:file:///C:/Users/Balong/.m2/repository/com/github/almasb/fxgl/17.2/fxgl-17.2.jar!/fxglassets/ui/css/fxgl_dark.css
16:32:08.607 [FXGL Background Thread 1 ] DEBUG GameApplicationServi - Initializing application scenes
16:32:08.637 [FXGL Background Thread 1 ] WARN  FXGLAssetLoaderServi - Asset "/assets/textures/player.png" was not found!
16:32:08.637 [FXGL Background Thread 1 ] WARN  FXGLAssetLoaderServi - Failed to load IMAGE
16:32:08.653 [FXGL Background Thread 1 ] DEBUG GameWorld            - Game world initialized
16:32:08.684 [FXGL Background Thread 1 ] DEBUG PhysicsWorld         - Physics world initialized: appHeight=720, physics.ppm=50.0
16:32:08.684 [FXGL Background Thread 1 ] DEBUG PhysicsWorld         - Using strategy: BRUTE_FORCE
16:32:08.686 [FXGL Background Thread 1 ] DEBUG GameScene            - Game scene initialized: 1280x720
16:32:08.872 [FXGL Background Thread 1 ] DEBUG GameApplicationServi - Application scenes initialized
16:32:08.882 [FXGL Background Thread 1 ] DEBUG SystemBundleService  - Loading FXGL system data
16:32:08.885 [FXGL Background Thread 1 ] DEBUG FileSystemAccess     - Reading from: C:\Users\Balong\Desktop\JavaFXGame-3\system\fxgl.bundle
16:32:08.892 [FXGL Background Thread 1 ] DEBUG SystemBundleService  - Bundle FXGL: {}
16:32:08.892 [FXGL Background Thread 1 ] DEBUG UpdaterService       - Checking for updates
16:32:08.907 [FXGL Background Thread 4 ] DEBUG FXGLApplication      - Loading fonts
16:32:08.907 [FXGL Background Thread 1 ] DEBUG FXGLApplication      - Loading default localization
16:32:08.907 [FXGL Background Thread 4 ] DEBUG FXGLAssetLoaderServi - Loading from file system: jar:file:///C:/Users/Balong/.m2/repository/com/github/almasb/fxgl/17.2/fxgl-17.2.jar!/fxglassets/ui/fonts/VarelaRound-Regular.ttf
16:32:08.908 [FXGL Background Thread 1 ] DEBUG FXGLAssetLoaderServi - Loading from file system: jar:file:///C:/Users/Balong/.m2/repository/com/github/almasb/fxgl/17.2/fxgl-17.2.jar!/fxglassets/languages/english.lang
16:32:08.927 [FXGL Background Thread 1 ] INFO  FXGLApplication      - FXGL initialization took: 0.377 sec
16:32:08.928 [JavaFX Application Thread] DEBUG FXGLAssetLoaderServi - Loading from file system: jar:file:///C:/Users/Balong/.m2/repository/com/github/almasb/fxgl/17.2/fxgl-17.2.jar!/fxglassets/textures/fxgl_icon.png
16:32:08.942 [JavaFX Application Thread] DEBUG FXGLAssetLoaderServi - Loading from file system: jar:file:///C:/Users/Balong/.m2/repository/com/github/almasb/fxgl/17.2/fxgl-17.2.jar!/fxglassets/textures/fxgl_default_cursor.png
16:32:08.943 [FXGL Background Thread 4 ] DEBUG FXGLAssetLoaderServi - Loading from file system: jar:file:///C:/Users/Balong/.m2/repository/com/github/almasb/fxgl/17.2/fxgl-17.2.jar!/fxglassets/ui/fonts/Abel-Regular.ttf
16:32:08.950 [JavaFX Application Thread] DEBUG Input                - Registered new binding: Screenshot - CTRL+8
16:32:08.951 [JavaFX Application Thread] DEBUG Input                - Registered new binding: Dev Options - 1
16:32:08.951 [JavaFX Application Thread] DEBUG Input                - Registered new binding: Dev Console - 2
16:32:08.951 [JavaFX Application Thread] DEBUG Input                - Registered new binding: System info dump - CTRL+9
16:32:08.951 [JavaFX Application Thread] DEBUG Input                - Registered new binding: Restart - CTRL+R
16:32:08.952 [FXGL Background Thread 4 ] DEBUG FXGLAssetLoaderServi - Loading from file system: jar:file:///C:/Users/Balong/.m2/repository/com/github/almasb/fxgl/17.2/fxgl-17.2.jar!/fxglassets/ui/fonts/TerminalLandMono-Regular.otf
16:32:08.952 [JavaFX Application Thread] DEBUG Input                - Registered new binding: Toggle Debug Camera - CTRL+7
16:32:08.953 [JavaFX Application Thread] DEBUG LoopRunner           - Starting loop
16:32:08.960 [FXGL Background Thread 4 ] DEBUG FXGLAssetLoaderServi - Loading from file system: jar:file:///C:/Users/Balong/.m2/repository/com/github/almasb/fxgl/17.2/fxgl-17.2.jar!/fxglassets/ui/fonts/Courier-Prime.ttf
16:32:08.964 [JavaFX Application Thread] DEBUG LoopRunner           - Initializing JavaFX AnimationTimerLoop
16:32:08.965 [JavaFX Application Thread] DEBUG Input                - Clearing active input actions
16:32:08.971 [JavaFX Application Thread] DEBUG GameApplicationServi - Removing overlay from FXGLStartupScene and adding to FXGLMainMenuDummyScene
16:32:08.974 [JavaFX Application Thread] DEBUG PrimaryStageWindow   - FXGLStartupScene -> FXGLMainMenuDummyScene
16:32:08.974 [JavaFX Application Thread] DEBUG PrimaryStageWindow   - Push state: RiderMainMenuScene
16:32:08.974 [JavaFX Application Thread] DEBUG Input                - Clearing active input actions
16:32:08.978 [JavaFX Application Thread] DEBUG GameApplicationServi - Removing overlay from FXGLMainMenuDummyScene and adding to RiderMainMenuScene
16:32:08.978 [JavaFX Application Thread] DEBUG PrimaryStageWindow   - FXGLMainMenuDummyScene -> RiderMainMenuScene
16:32:09.097 [JavaFX Application Thread] DEBUG FXGLApplication      - Registering font factories with UI factory
16:32:09.215 [FXGL Background Thread 2 ] INFO  UpdaterService       - Your current version:  17.2
16:32:09.216 [FXGL Background Thread 2 ] INFO  UpdaterService       - Latest stable version: 21.1
16:32:09.428 [JavaFX Application Thread] DEBUG PrimaryStageWindow   - Push state: PlayerSelectScene
16:32:09.428 [JavaFX Application Thread] DEBUG Input                - Clearing active input actions
16:32:09.429 [JavaFX Application Thread] DEBUG GameApplicationServi - Removing overlay from RiderMainMenuScene and adding to PlayerSelectScene
16:32:09.430 [JavaFX Application Thread] DEBUG PrimaryStageWindow   - RiderMainMenuScene -> PlayerSelectScene
16:32:11.315 [JavaFX Application Thread] DEBUG PrimaryStageWindow   - Push state: LevelSelectScene
16:32:11.315 [JavaFX Application Thread] DEBUG Input                - Clearing active input actions
16:32:11.316 [JavaFX Application Thread] DEBUG GameApplicationServi - Removing overlay from PlayerSelectScene and adding to LevelSelectScene
16:32:11.317 [JavaFX Application Thread] DEBUG PrimaryStageWindow   - PlayerSelectScene -> LevelSelectScene
16:32:11.907 [FXGL Background Thread 3 ] DEBUG Engine               - Logging environment variables
16:32:11.907 [FXGL Background Thread 3 ] DEBUG Engine               - achievements: []
16:32:11.907 [FXGL Background Thread 3 ] DEBUG Engine               - actualHeight: 720.0
16:32:11.907 [FXGL Background Thread 3 ] DEBUG Engine               - actualHeightProperty: ReadOnlyDoubleProperty [value: 720.0]
16:32:11.907 [FXGL Background Thread 3 ] DEBUG Engine               - actualWidth: 1280.0
16:32:11.907 [FXGL Background Thread 3 ] DEBUG Engine               - actualWidthProperty: ReadOnlyDoubleProperty [value: 1280.0]
16:32:11.907 [FXGL Background Thread 3 ] DEBUG Engine               - appIcon: fxgl_icon.png
16:32:11.907 [FXGL Background Thread 3 ] DEBUG Engine               - applicationMode: DEVELOPER
16:32:11.907 [FXGL Background Thread 3 ] DEBUG Engine               - cSSList: [fxgl_dark.css]
16:32:11.907 [FXGL Background Thread 3 ] DEBUG Engine               - collisionDetectionStrategy: BRUTE_FORCE
16:32:11.907 [FXGL Background Thread 3 ] DEBUG Engine               - configClass: Optional.empty
16:32:11.907 [FXGL Background Thread 3 ] DEBUG Engine               - credits: []
16:32:11.909 [FXGL Background Thread 3 ] DEBUG Engine               - defaultCursor: CursorInfo(imageName=fxgl_default_cursor.png, hotspotX=7.0, hotspotY=6.0)
16:32:11.909 [FXGL Background Thread 3 ] DEBUG Engine               - devBBoxColorProperty: ObjectProperty [value: 0xff0000ff]
16:32:11.909 [FXGL Background Thread 3 ] DEBUG Engine               - devEnableDebugCameraProperty: BooleanProperty [value: false]
16:32:11.909 [FXGL Background Thread 3 ] DEBUG Engine               - devSensorColorProperty: ObjectProperty [value: 0xffff00ff]
16:32:11.909 [FXGL Background Thread 3 ] DEBUG Engine               - devShowBBoxProperty: BooleanProperty [value: false]
16:32:11.909 [FXGL Background Thread 3 ] DEBUG Engine               - devShowPositionProperty: BooleanProperty [value: false]
16:32:11.909 [FXGL Background Thread 3 ] DEBUG Engine               - enabledMenuItems: []
16:32:11.909 [FXGL Background Thread 3 ] DEBUG Engine               - engineServices: [class com.almasb.fxgl.app.services.FXGLAssetLoaderService, class com.almasb.fxgl.app.FXGLApplication$GameApplicationService, class com.almasb.fxgl.app.services.FXGLDialogService, class com.almasb.fxgl.app.services.IOTaskExecutorService, class com.almasb.fxgl.io.FileSystemService, class com.almasb.fxgl.localization.LocalizationService, class com.almasb.fxgl.app.services.SystemBundleService, class com.almasb.fxgl.profile.SaveLoadService, class com.almasb.fxgl.ui.FXGLUIFactoryServiceProvider, class com.almasb.fxgl.ui.FXGLDialogFactoryServiceProvider, class com.almasb.fxgl.audio.AudioPlayer, class com.almasb.fxgl.notification.impl.NotificationServiceProvider, class com.almasb.fxgl.achievement.AchievementService, class com.almasb.fxgl.cutscene.CutsceneService, class com.almasb.fxgl.minigames.MiniGameService, class com.almasb.fxgl.net.NetService, class com.almasb.fxgl.app.services.UpdaterService, class com.almasb.fxgl.dev.DevService]
16:32:11.909 [FXGL Background Thread 3 ] DEBUG Engine               - fontGame: Abel-Regular.ttf
16:32:11.909 [FXGL Background Thread 3 ] DEBUG Engine               - fontMono: TerminalLandMono-Regular.otf
16:32:11.909 [FXGL Background Thread 3 ] DEBUG Engine               - fontText: Courier-Prime.ttf
16:32:11.909 [FXGL Background Thread 3 ] DEBUG Engine               - fontUI: VarelaRound-Regular.ttf
16:32:11.909 [FXGL Background Thread 3 ] DEBUG Engine               - fullScreen: BooleanProperty [value: false]
16:32:11.909 [FXGL Background Thread 3 ] DEBUG Engine               - gameDifficulty: MEDIUM
16:32:11.910 [FXGL Background Thread 3 ] DEBUG Engine               - gameDifficultyProperty: ObjectProperty [value: MEDIUM]
16:32:11.910 [FXGL Background Thread 3 ] DEBUG Engine               - globalMusicVolume: 0.5
16:32:11.910 [FXGL Background Thread 3 ] DEBUG Engine               - globalMusicVolumeProperty: DoubleProperty [value: 0.25]
16:32:11.910 [FXGL Background Thread 3 ] DEBUG Engine               - globalSoundVolume: 0.5
16:32:11.910 [FXGL Background Thread 3 ] DEBUG Engine               - globalSoundVolumeProperty: DoubleProperty [value: 0.5]
16:32:11.910 [FXGL Background Thread 3 ] DEBUG Engine               - height: 720
16:32:11.910 [FXGL Background Thread 3 ] DEBUG Engine               - is3D: false
16:32:11.910 [FXGL Background Thread 3 ] DEBUG Engine               - isAndroid: false
16:32:11.910 [FXGL Background Thread 3 ] DEBUG Engine               - isBrowser: false
16:32:11.910 [FXGL Background Thread 3 ] DEBUG Engine               - isClickFeedbackEnabled: false
16:32:11.910 [FXGL Background Thread 3 ] DEBUG Engine               - isCloseConfirmation: false
16:32:11.910 [FXGL Background Thread 3 ] DEBUG Engine               - isDesktop: true
16:32:11.910 [FXGL Background Thread 3 ] DEBUG Engine               - isDeveloperMenuEnabled: true
16:32:11.910 [FXGL Background Thread 3 ] DEBUG Engine               - isEmbedded: false
16:32:11.910 [FXGL Background Thread 3 ] DEBUG Engine               - isEntityPreloadEnabled: true
16:32:11.910 [FXGL Background Thread 3 ] DEBUG Engine               - isExperimentalTiledLargeMap: false
16:32:11.911 [FXGL Background Thread 3 ] DEBUG Engine               - isFileSystemWriteAllowed: true
16:32:11.911 [FXGL Background Thread 3 ] DEBUG Engine               - isFullScreenAllowed: false
16:32:11.911 [FXGL Background Thread 3 ] DEBUG Engine               - isFullScreenFromStart: false
16:32:11.911 [FXGL Background Thread 3 ] DEBUG Engine               - isGameMenuEnabled: true
16:32:11.911 [FXGL Background Thread 3 ] DEBUG Engine               - isIOS: false
16:32:11.911 [FXGL Background Thread 3 ] DEBUG Engine               - isIntroEnabled: false
16:32:11.911 [FXGL Background Thread 3 ] DEBUG Engine               - isLinux: false
16:32:11.911 [FXGL Background Thread 3 ] DEBUG Engine               - isMac: false
16:32:11.911 [FXGL Background Thread 3 ] DEBUG Engine               - isMainMenuEnabled: true
16:32:11.911 [FXGL Background Thread 3 ] DEBUG Engine               - isManualResizeEnabled: false
16:32:11.911 [FXGL Background Thread 3 ] DEBUG Engine               - isMobile: false
16:32:11.911 [FXGL Background Thread 3 ] DEBUG Engine               - isNative: false
16:32:11.911 [FXGL Background Thread 3 ] DEBUG Engine               - isPauseMusicWhenMinimized: true
16:32:11.911 [FXGL Background Thread 3 ] DEBUG Engine               - isPreserveResizeRatio: false
16:32:11.911 [FXGL Background Thread 3 ] DEBUG Engine               - isProfilingEnabled: false
16:32:11.911 [FXGL Background Thread 3 ] DEBUG Engine               - isScaleAffectedOnResize: true
16:32:11.911 [FXGL Background Thread 3 ] DEBUG Engine               - isSingleStep: false
16:32:11.911 [FXGL Background Thread 3 ] DEBUG Engine               - isUserProfileEnabled: false
16:32:11.911 [FXGL Background Thread 3 ] DEBUG Engine               - isWindows: true
16:32:11.911 [FXGL Background Thread 3 ] DEBUG Engine               - language: ObjectProperty [value: ENGLISH]
16:32:11.911 [FXGL Background Thread 3 ] DEBUG Engine               - menuKey: ESCAPE
16:32:11.911 [FXGL Background Thread 3 ] DEBUG Engine               - mouseSensitivity: 0.2
16:32:11.911 [FXGL Background Thread 3 ] DEBUG Engine               - notificationViewClass: class com.almasb.fxgl.notification.view.XboxNotificationView
16:32:11.911 [FXGL Background Thread 3 ] DEBUG Engine               - pixelsPerMeter: 50.0
16:32:11.911 [FXGL Background Thread 3 ] DEBUG Engine               - platform: WINDOWS
16:32:11.912 [FXGL Background Thread 3 ] DEBUG Engine               - prefHeightProperty: ReadOnlyDoubleProperty [value: 720.0]
16:32:11.912 [FXGL Background Thread 3 ] DEBUG Engine               - prefWidthProperty: ReadOnlyDoubleProperty [value: 1280.0]
16:32:11.912 [FXGL Background Thread 3 ] DEBUG Engine               - profileDir: profiles/
16:32:11.912 [FXGL Background Thread 3 ] DEBUG Engine               - profileName: StringProperty [value: DEFAULT]
16:32:11.912 [FXGL Background Thread 3 ] DEBUG Engine               - randomSeed: -1
16:32:11.912 [FXGL Background Thread 3 ] DEBUG Engine               - runtimeInfo: RuntimeInfo(platform=WINDOWS, version=17.2, build=20.08.2022 16.50)
16:32:11.912 [FXGL Background Thread 3 ] DEBUG Engine               - saveFileExt: sav
16:32:11.912 [FXGL Background Thread 3 ] DEBUG Engine               - scaledHeightProp$fxgl: DoubleProperty [bound, value: 720.0]
16:32:11.912 [FXGL Background Thread 3 ] DEBUG Engine               - scaledWidthProp$fxgl: DoubleProperty [bound, value: 1280.0]
16:32:11.912 [FXGL Background Thread 3 ] DEBUG Engine               - sceneFactory: com.sunsofgod.PlatformerApp$1@5a255617
16:32:11.912 [FXGL Background Thread 3 ] DEBUG Engine               - secondsIn24h: 60
16:32:11.912 [FXGL Background Thread 3 ] DEBUG Engine               - soundMenuBack: menu/back.wav
16:32:11.912 [FXGL Background Thread 3 ] DEBUG Engine               - soundMenuPress: menu/press.wav
16:32:11.912 [FXGL Background Thread 3 ] DEBUG Engine               - soundMenuSelect: menu/select.wav
16:32:11.912 [FXGL Background Thread 3 ] DEBUG Engine               - soundNotification: core/notification.wav
16:32:11.912 [FXGL Background Thread 3 ] DEBUG Engine               - stageStyle: DECORATED
16:32:11.912 [FXGL Background Thread 3 ] DEBUG Engine               - supportedLanguages: [ENGLISH, FRENCH, GERMAN, HUNGARIAN, RUSSIAN]
16:32:11.913 [FXGL Background Thread 3 ] DEBUG Engine               - ticksPerSecond: -1
16:32:11.913 [FXGL Background Thread 3 ] DEBUG Engine               - title: Untitled
16:32:11.913 [FXGL Background Thread 3 ] DEBUG Engine               - urlGithub: https://github.com/AlmasB/FXGL
16:32:11.913 [FXGL Background Thread 3 ] DEBUG Engine               - urlLeaderboard: http://fxgl-top.herokuapp.com/
16:32:11.913 [FXGL Background Thread 3 ] DEBUG Engine               - urlPOM: https://raw.githubusercontent.com/AlmasB/FXGL/release/README.md
16:32:11.913 [FXGL Background Thread 3 ] DEBUG Engine               - userAppClass: class com.sunsofgod.PlatformerApp
16:32:11.913 [FXGL Background Thread 3 ] DEBUG Engine               - version: 0.0
16:32:11.913 [FXGL Background Thread 3 ] DEBUG Engine               - versionCheckDays: 7
16:32:11.913 [FXGL Background Thread 3 ] DEBUG Engine               - width: 1280
16:32:11.913 [FXGL Background Thread 3 ] DEBUG Engine               - Logging services
16:32:11.913 [FXGL Background Thread 3 ] DEBUG Engine               - class com.almasb.fxgl.app.services.FXGLAssetLoaderService
16:32:11.913 [FXGL Background Thread 3 ] DEBUG Engine               - class com.almasb.fxgl.app.FXGLApplication$GameApplicationService
16:32:11.913 [FXGL Background Thread 3 ] DEBUG Engine               - class com.almasb.fxgl.app.services.FXGLDialogService
16:32:11.913 [FXGL Background Thread 3 ] DEBUG Engine               - class com.almasb.fxgl.app.services.IOTaskExecutorService
16:32:11.913 [FXGL Background Thread 3 ] DEBUG Engine               - class com.almasb.fxgl.io.FileSystemService
16:32:11.913 [FXGL Background Thread 3 ] DEBUG Engine               - class com.almasb.fxgl.localization.LocalizationService
16:32:11.913 [FXGL Background Thread 3 ] DEBUG Engine               - class com.almasb.fxgl.app.services.SystemBundleService
16:32:11.913 [FXGL Background Thread 3 ] DEBUG Engine               - class com.almasb.fxgl.profile.SaveLoadService
16:32:11.913 [FXGL Background Thread 3 ] DEBUG Engine               - class com.almasb.fxgl.ui.FXGLUIFactoryServiceProvider
16:32:11.913 [FXGL Background Thread 3 ] DEBUG Engine               - class com.almasb.fxgl.ui.FXGLDialogFactoryServiceProvider
16:32:11.913 [FXGL Background Thread 3 ] DEBUG Engine               - class com.almasb.fxgl.audio.AudioPlayer
16:32:11.913 [FXGL Background Thread 3 ] DEBUG Engine               - class com.almasb.fxgl.notification.impl.NotificationServiceProvider
16:32:11.914 [FXGL Background Thread 3 ] DEBUG Engine               - class com.almasb.fxgl.achievement.AchievementService
16:32:11.914 [FXGL Background Thread 3 ] DEBUG Engine               - class com.almasb.fxgl.cutscene.CutsceneService
16:32:11.914 [FXGL Background Thread 3 ] DEBUG Engine               - class com.almasb.fxgl.minigames.MiniGameService
16:32:11.914 [FXGL Background Thread 3 ] DEBUG Engine               - class com.almasb.fxgl.net.NetService
16:32:11.914 [FXGL Background Thread 3 ] DEBUG Engine               - class com.almasb.fxgl.app.services.UpdaterService
16:32:11.914 [FXGL Background Thread 3 ] DEBUG Engine               - class com.almasb.fxgl.dev.DevService
16:32:13.109 [JavaFX Application Thread] DEBUG Menu                 - fireNewGame()
16:32:13.110 [JavaFX Application Thread] DEBUG GameApplicationServi - Starting new game
16:32:13.110 [JavaFX Application Thread] DEBUG PrimaryStageWindow   - Pop state: LevelSelectScene
16:32:13.110 [JavaFX Application Thread] DEBUG Input                - Clearing active input actions
16:32:13.111 [JavaFX Application Thread] DEBUG GameApplicationServi - Removing overlay from LevelSelectScene and adding to PlayerSelectScene
16:32:13.112 [JavaFX Application Thread] DEBUG PrimaryStageWindow   - PlayerSelectScene <- LevelSelectScene
16:32:13.112 [JavaFX Application Thread] DEBUG PrimaryStageWindow   - Pop state: PlayerSelectScene
16:32:13.112 [JavaFX Application Thread] DEBUG Input                - Clearing active input actions
16:32:13.112 [JavaFX Application Thread] DEBUG GameApplicationServi - Removing overlay from PlayerSelectScene and adding to RiderMainMenuScene
16:32:13.112 [JavaFX Application Thread] DEBUG PrimaryStageWindow   - RiderMainMenuScene <- PlayerSelectScene
16:32:13.112 [JavaFX Application Thread] DEBUG PrimaryStageWindow   - Pop state: RiderMainMenuScene
16:32:13.112 [JavaFX Application Thread] DEBUG Input                - Clearing active input actions
16:32:13.112 [JavaFX Application Thread] DEBUG GameApplicationServi - Removing overlay from RiderMainMenuScene and adding to FXGLMainMenuDummyScene
16:32:13.113 [JavaFX Application Thread] DEBUG PrimaryStageWindow   - FXGLMainMenuDummyScene <- RiderMainMenuScene
16:32:13.113 [JavaFX Application Thread] DEBUG Input                - Clearing active input actions
16:32:13.118 [JavaFX Application Thread] DEBUG GameApplicationServi - Removing overlay from FXGLMainMenuDummyScene and adding to MainLoadingScene
16:32:13.118 [JavaFX Application Thread] DEBUG PrimaryStageWindow   - FXGLMainMenuDummyScene -> MainLoadingScene
16:32:13.118 [JavaFX Application Thread] DEBUG GameApplicationServi - Clearing previous game
16:32:13.118 [JavaFX Application Thread] DEBUG GameScene            - Clearing game scene
16:32:13.118 [JavaFX Application Thread] DEBUG GameWorld            - Clearing game world
16:32:13.118 [JavaFX Application Thread] DEBUG PhysicsWorld         - Clearing physics world
16:32:13.119 [FXGL Background Thread 2 ] DEBUG FXGLApplication      - Initializing game
16:32:13.141 [FXGL Background Thread 2 ] WARN  TMXLevelLoader       - TiledMap generated from 1.11.0. Supported version: 1.9.0. Some features may not be parsed fully.
16:32:13.145 [FXGL Background Thread 2 ] DEBUG TMXLevelLoader       - Parsed TiledMap: file:/C:/Users/Balong/Desktop/JavaFXGame-3/target/classes/assets/levels/tmx/level9.tmx
16:32:13.147 [FXGL Background Thread 2 ] DEBUG TMXLevelLoader       - Creating tile layer entities
16:32:13.147 [FXGL Background Thread 2 ] DEBUG TilesetLoader        - Loading view for layer Tile Layer 1
16:32:13.150 [FXGL Background Thread 2 ] DEBUG TilesetLoader        - Created buffer with size 1050.0x700.0
16:32:13.157 [FXGL Background Thread 2 ] DEBUG TMXLevelLoader       - Creating object layer entities
16:32:13.171 [FXGL Background Thread 2 ] DEBUG FXGLAssetLoaderServi - Loading from file system: file:/C:/Users/Balong/Desktop/JavaFXGame-3/target/classes/assets/textures/button.png
16:32:13.175 [FXGL Background Thread 2 ] DEBUG GameWorld            - Clearing removable entities
16:32:13.175 [FXGL Background Thread 2 ] DEBUG GameWorld            - Setting level: com.almasb.fxgl.entity.level.Level@1e9e2d47
16:32:13.179 [FXGL Background Thread 2 ] DEBUG FXGLAssetLoaderServi - Loading from file system: file:/C:/Users/Balong/Desktop/JavaFXGame-3/target/classes/assets/textures/player1.png
16:32:13.185 [FXGL Background Thread 2 ] DEBUG FXGLAssetLoaderServi - Loading from file system: file:/C:/Users/Balong/Desktop/JavaFXGame-3/target/classes/assets/textures/player3.png
16:32:13.187 [FXGL Background Thread 2 ] DEBUG FXGLAssetLoaderServi - Loading from file system: file:/C:/Users/Balong/Desktop/JavaFXGame-3/target/classes/assets/textures/player4.png
16:32:13.191 [FXGL Background Thread 2 ] DEBUG Input                - Registered new binding: Jump0 - W
16:32:13.192 [FXGL Background Thread 2 ] DEBUG Input                - Registered new binding: Left0 - A
16:32:13.192 [FXGL Background Thread 2 ] DEBUG Input                - Registered new binding: Right0 - D
16:32:13.192 [FXGL Background Thread 2 ] DEBUG Input                - Registered new binding: Use0 - E
16:32:13.192 [FXGL Background Thread 2 ] DEBUG Input                - Registered new binding: Jump1 - Up
16:32:13.192 [FXGL Background Thread 2 ] DEBUG Input                - Registered new binding: Left1 - Left
16:32:13.192 [FXGL Background Thread 2 ] DEBUG Input                - Registered new binding: Right1 - Right
16:32:13.192 [FXGL Background Thread 2 ] DEBUG Input                - Registered new binding: Use1 - Slash
16:32:13.194 [FXGL Background Thread 2 ] DEBUG Input                - Registered new binding: Jump2 - I
16:32:13.194 [FXGL Background Thread 2 ] DEBUG Input                - Registered new binding: Left2 - J
16:32:13.194 [FXGL Background Thread 2 ] DEBUG Input                - Registered new binding: Right2 - L
16:32:13.194 [FXGL Background Thread 2 ] DEBUG Input                - Registered new binding: Use2 - O
16:32:13.194 [FXGL Background Thread 2 ] DEBUG FXGLAssetLoaderServi - Loading from file system: file:/C:/Users/Balong/Desktop/JavaFXGame-3/target/classes/assets/textures/background/manila.png
16:32:13.204 [FXGL Background Thread 2 ] INFO  FXGLApplication      - Game initialization took: 0.084 sec
16:32:13.204 [JavaFX Application Thread] DEBUG Input                - Clearing active input actions
16:32:13.207 [JavaFX Application Thread] DEBUG GameApplicationServi - Removing overlay from MainLoadingScene and adding to GameScene
16:32:13.208 [JavaFX Application Thread] DEBUG PrimaryStageWindow   - MainLoadingScene -> GameScene
16:32:27.013 [JavaFX Application Thread] DEBUG FXGLAssetLoaderServi - Loading from file system: file:/C:/Users/Balong/Desktop/JavaFXGame-3/target/classes/assets/textures/exit_sign.png
16:32:27.527 [JavaFX Application Thread] WARN  TMXLevelLoader       - TiledMap generated from 1.11.0. Supported version: 1.9.0. Some features may not be parsed fully.
16:32:27.529 [JavaFX Application Thread] DEBUG TMXLevelLoader       - Parsed TiledMap: file:/C:/Users/Balong/Desktop/JavaFXGame-3/target/classes/assets/levels/tmx/level1.tmx
16:32:27.529 [JavaFX Application Thread] DEBUG TMXLevelLoader       - Creating tile layer entities
16:32:27.529 [JavaFX Application Thread] DEBUG TilesetLoader        - Loading view for layer Tile Layer 1
16:32:27.532 [JavaFX Application Thread] DEBUG TilesetLoader        - Created buffer with size 1050.0x700.0
16:32:27.543 [JavaFX Application Thread] DEBUG TMXLevelLoader       - Creating object layer entities
16:32:27.547 [JavaFX Application Thread] DEBUG GameWorld            - Clearing removable entities
16:32:27.548 [JavaFX Application Thread] DEBUG GameWorld            - Setting level: com.almasb.fxgl.entity.level.Level@5cbc3a19
16:32:28.790 [JavaFX Application Thread] WARN  GameWorld            - Attempted to remove entity which is not active
16:32:41.832 [JavaFX Application Thread] WARN  TMXLevelLoader       - TiledMap generated from 1.11.0. Supported version: 1.9.0. Some features may not be parsed fully.
16:32:41.834 [JavaFX Application Thread] DEBUG TMXLevelLoader       - Parsed TiledMap: file:/C:/Users/Balong/Desktop/JavaFXGame-3/target/classes/assets/levels/tmx/level1.tmx
16:32:41.834 [JavaFX Application Thread] DEBUG TMXLevelLoader       - Creating tile layer entities
16:32:41.834 [JavaFX Application Thread] DEBUG TilesetLoader        - Loading view for layer Tile Layer 1
16:32:41.835 [JavaFX Application Thread] DEBUG TilesetLoader        - Created buffer with size 1050.0x700.0
16:32:41.841 [JavaFX Application Thread] DEBUG TMXLevelLoader       - Creating object layer entities
16:32:41.843 [JavaFX Application Thread] DEBUG GameWorld            - Clearing removable entities
16:32:41.844 [JavaFX Application Thread] DEBUG GameWorld            - Setting level: com.almasb.fxgl.entity.level.Level@6e39f823
16:32:56.166 [JavaFX Application Thread] WARN  TMXLevelLoader       - TiledMap generated from 1.11.0. Supported version: 1.9.0. Some features may not be parsed fully.
16:32:56.167 [JavaFX Application Thread] DEBUG TMXLevelLoader       - Parsed TiledMap: file:/C:/Users/Balong/Desktop/JavaFXGame-3/target/classes/assets/levels/tmx/level1.tmx
16:32:56.167 [JavaFX Application Thread] DEBUG TMXLevelLoader       - Creating tile layer entities
16:32:56.167 [JavaFX Application Thread] DEBUG TilesetLoader        - Loading view for layer Tile Layer 1
16:32:56.168 [JavaFX Application Thread] DEBUG TilesetLoader        - Created buffer with size 1050.0x700.0
16:32:56.175 [JavaFX Application Thread] DEBUG TMXLevelLoader       - Creating object layer entities
16:32:56.177 [JavaFX Application Thread] DEBUG GameWorld            - Clearing removable entities
16:32:56.178 [JavaFX Application Thread] DEBUG GameWorld            - Setting level: com.almasb.fxgl.entity.level.Level@4d9b98fb
16:33:10.473 [JavaFX Application Thread] WARN  TMXLevelLoader       - TiledMap generated from 1.11.0. Supported version: 1.9.0. Some features may not be parsed fully.
16:33:10.474 [JavaFX Application Thread] DEBUG TMXLevelLoader       - Parsed TiledMap: file:/C:/Users/Balong/Desktop/JavaFXGame-3/target/classes/assets/levels/tmx/level1.tmx
16:33:10.474 [JavaFX Application Thread] DEBUG TMXLevelLoader       - Creating tile layer entities
16:33:10.474 [JavaFX Application Thread] DEBUG TilesetLoader        - Loading view for layer Tile Layer 1
16:33:10.475 [JavaFX Application Thread] DEBUG TilesetLoader        - Created buffer with size 1050.0x700.0
16:33:10.480 [JavaFX Application Thread] DEBUG TMXLevelLoader       - Creating object layer entities
16:33:10.482 [JavaFX Application Thread] DEBUG GameWorld            - Clearing removable entities
16:33:10.483 [JavaFX Application Thread] DEBUG GameWorld            - Setting level: com.almasb.fxgl.entity.level.Level@1bddda86
16:33:24.808 [JavaFX Application Thread] WARN  TMXLevelLoader       - TiledMap generated from 1.11.0. Supported version: 1.9.0. Some features may not be parsed fully.
16:33:24.810 [JavaFX Application Thread] DEBUG TMXLevelLoader       - Parsed TiledMap: file:/C:/Users/Balong/Desktop/JavaFXGame-3/target/classes/assets/levels/tmx/level1.tmx
16:33:24.810 [JavaFX Application Thread] DEBUG TMXLevelLoader       - Creating tile layer entities
16:33:24.810 [JavaFX Application Thread] DEBUG TilesetLoader        - Loading view for layer Tile Layer 1
16:33:24.810 [JavaFX Application Thread] DEBUG TilesetLoader        - Created buffer with size 1050.0x700.0
16:33:24.816 [JavaFX Application Thread] DEBUG TMXLevelLoader       - Creating object layer entities
16:33:24.818 [JavaFX Application Thread] DEBUG GameWorld            - Clearing removable entities
16:33:24.818 [JavaFX Application Thread] DEBUG GameWorld            - Setting level: com.almasb.fxgl.entity.level.Level@3f44a19
16:33:39.144 [JavaFX Application Thread] WARN  TMXLevelLoader       - TiledMap generated from 1.11.0. Supported version: 1.9.0. Some features may not be parsed fully.
16:33:39.145 [JavaFX Application Thread] DEBUG TMXLevelLoader       - Parsed TiledMap: file:/C:/Users/Balong/Desktop/JavaFXGame-3/target/classes/assets/levels/tmx/level1.tmx
16:33:39.145 [JavaFX Application Thread] DEBUG TMXLevelLoader       - Creating tile layer entities
16:33:39.146 [JavaFX Application Thread] DEBUG TilesetLoader        - Loading view for layer Tile Layer 1
16:33:39.146 [JavaFX Application Thread] DEBUG TilesetLoader        - Created buffer with size 1050.0x700.0
16:33:39.151 [JavaFX Application Thread] DEBUG TMXLevelLoader       - Creating object layer entities
16:33:39.153 [JavaFX Application Thread] DEBUG GameWorld            - Clearing removable entities
16:33:39.154 [JavaFX Application Thread] DEBUG GameWorld            - Setting level: com.almasb.fxgl.entity.level.Level@5c66984e
16:33:53.494 [JavaFX Application Thread] WARN  TMXLevelLoader       - TiledMap generated from 1.11.0. Supported version: 1.9.0. Some features may not be parsed fully.
16:33:53.495 [JavaFX Application Thread] DEBUG TMXLevelLoader       - Parsed TiledMap: file:/C:/Users/Balong/Desktop/JavaFXGame-3/target/classes/assets/levels/tmx/level1.tmx
16:33:53.495 [JavaFX Application Thread] DEBUG TMXLevelLoader       - Creating tile layer entities
16:33:53.496 [JavaFX Application Thread] DEBUG TilesetLoader        - Loading view for layer Tile Layer 1
16:33:53.497 [JavaFX Application Thread] DEBUG TilesetLoader        - Created buffer with size 1050.0x700.0
16:33:53.507 [JavaFX Application Thread] DEBUG TMXLevelLoader       - Creating object layer entities
16:33:53.511 [JavaFX Application Thread] DEBUG GameWorld            - Clearing removable entities
16:33:53.513 [JavaFX Application Thread] DEBUG GameWorld            - Setting level: com.almasb.fxgl.entity.level.Level@2440c419
16:33:59.415 [JavaFX Application Thread] WARN  TMXLevelLoader       - TiledMap generated from 1.11.0. Supported version: 1.9.0. Some features may not be parsed fully.
16:33:59.416 [JavaFX Application Thread] DEBUG TMXLevelLoader       - Parsed TiledMap: file:/C:/Users/Balong/Desktop/JavaFXGame-3/target/classes/assets/levels/tmx/level10.tmx
16:33:59.416 [JavaFX Application Thread] DEBUG TMXLevelLoader       - Creating tile layer entities
16:33:59.417 [JavaFX Application Thread] DEBUG TilesetLoader        - Loading view for layer Tile Layer 1
16:33:59.417 [JavaFX Application Thread] DEBUG TilesetLoader        - Created buffer with size 1050.0x700.0
16:33:59.423 [JavaFX Application Thread] DEBUG TMXLevelLoader       - Creating object layer entities
16:33:59.425 [JavaFX Application Thread] DEBUG GameWorld            - Clearing removable entities
16:33:59.425 [JavaFX Application Thread] DEBUG GameWorld            - Setting level: com.almasb.fxgl.entity.level.Level@672131b9
16:34:01.110 [JavaFX Application Thread] WARN  GameWorld            - Attempted to remove entity which is not active
16:34:03.260 [JavaFX Application Thread] WARN  TMXLevelLoader       - TiledMap generated from 1.11.0. Supported version: 1.9.0. Some features may not be parsed fully.
16:34:03.261 [JavaFX Application Thread] DEBUG TMXLevelLoader       - Parsed TiledMap: file:/C:/Users/Balong/Desktop/JavaFXGame-3/target/classes/assets/levels/tmx/level11.tmx
16:34:03.261 [JavaFX Application Thread] DEBUG TMXLevelLoader       - Creating tile layer entities
16:34:03.261 [JavaFX Application Thread] DEBUG TilesetLoader        - Loading view for layer Tile Layer 1
16:34:03.261 [JavaFX Application Thread] DEBUG TilesetLoader        - Created buffer with size 1050.0x700.0
16:34:03.267 [JavaFX Application Thread] DEBUG TMXLevelLoader       - Creating object layer entities
16:34:03.269 [JavaFX Application Thread] DEBUG GameWorld            - Clearing removable entities
16:34:03.269 [JavaFX Application Thread] DEBUG GameWorld            - Setting level: com.almasb.fxgl.entity.level.Level@55f8459a
16:34:04.407 [JavaFX Application Thread] WARN  GameWorld            - Attempted to remove entity which is not active
16:34:17.591 [JavaFX Application Thread] WARN  TMXLevelLoader       - TiledMap generated from 1.11.0. Supported version: 1.9.0. Some features may not be parsed fully.
16:34:17.593 [JavaFX Application Thread] DEBUG TMXLevelLoader       - Parsed TiledMap: file:/C:/Users/Balong/Desktop/JavaFXGame-3/target/classes/assets/levels/tmx/level1.tmx
16:34:17.593 [JavaFX Application Thread] DEBUG TMXLevelLoader       - Creating tile layer entities
16:34:17.593 [JavaFX Application Thread] DEBUG TilesetLoader        - Loading view for layer Tile Layer 1
16:34:17.593 [JavaFX Application Thread] DEBUG TilesetLoader        - Created buffer with size 1050.0x700.0
16:34:17.601 [JavaFX Application Thread] DEBUG TMXLevelLoader       - Creating object layer entities
16:34:17.603 [JavaFX Application Thread] DEBUG GameWorld            - Clearing removable entities
16:34:17.603 [JavaFX Application Thread] DEBUG GameWorld            - Setting level: com.almasb.fxgl.entity.level.Level@2f25b0fd
16:34:31.927 [JavaFX Application Thread] WARN  TMXLevelLoader       - TiledMap generated from 1.11.0. Supported version: 1.9.0. Some features may not be parsed fully.
16:34:31.928 [JavaFX Application Thread] DEBUG TMXLevelLoader       - Parsed TiledMap: file:/C:/Users/Balong/Desktop/JavaFXGame-3/target/classes/assets/levels/tmx/level1.tmx
16:34:31.928 [JavaFX Application Thread] DEBUG TMXLevelLoader       - Creating tile layer entities
16:34:31.928 [JavaFX Application Thread] DEBUG TilesetLoader        - Loading view for layer Tile Layer 1
16:34:31.928 [JavaFX Application Thread] DEBUG TilesetLoader        - Created buffer with size 1050.0x700.0
16:34:31.934 [JavaFX Application Thread] DEBUG TMXLevelLoader       - Creating object layer entities
16:34:31.935 [JavaFX Application Thread] DEBUG GameWorld            - Clearing removable entities
16:34:31.936 [JavaFX Application Thread] DEBUG GameWorld            - Setting level: com.almasb.fxgl.entity.level.Level@418f1a
16:34:34.263 [JavaFX Application Thread] WARN  GameWorld            - Attempted to remove entity which is not active
16:34:46.262 [JavaFX Application Thread] WARN  TMXLevelLoader       - TiledMap generated from 1.11.0. Supported version: 1.9.0. Some features may not be parsed fully.
16:34:46.262 [JavaFX Application Thread] DEBUG TMXLevelLoader       - Parsed TiledMap: file:/C:/Users/Balong/Desktop/JavaFXGame-3/target/classes/assets/levels/tmx/level1.tmx
16:34:46.263 [JavaFX Application Thread] DEBUG TMXLevelLoader       - Creating tile layer entities
16:34:46.263 [JavaFX Application Thread] DEBUG TilesetLoader        - Loading view for layer Tile Layer 1
16:34:46.263 [JavaFX Application Thread] DEBUG TilesetLoader        - Created buffer with size 1050.0x700.0
16:34:46.269 [JavaFX Application Thread] DEBUG TMXLevelLoader       - Creating object layer entities
16:34:46.270 [JavaFX Application Thread] DEBUG GameWorld            - Clearing removable entities
16:34:46.271 [JavaFX Application Thread] DEBUG GameWorld            - Setting level: com.almasb.fxgl.entity.level.Level@558313a8
16:34:48.885 [JavaFX Application Thread] DEBUG PrimaryStageWindow   - Push state: PauseMenuScene
16:34:48.885 [JavaFX Application Thread] DEBUG Input                - Clearing active input actions
16:34:48.885 [JavaFX Application Thread] DEBUG GameApplicationServi - Removing overlay from GameScene and adding to PauseMenuScene
16:34:48.885 [JavaFX Application Thread] DEBUG PrimaryStageWindow   - GameScene -> PauseMenuScene
16:34:51.230 [JavaFX Application Thread] DEBUG FXGLApplication      - Exiting FXGL
16:34:51.230 [JavaFX Application Thread] DEBUG LoopRunner           - Stopping loop
16:34:51.230 [JavaFX Application Thread] DEBUG SystemBundleService  - Saving FXGL system data
16:34:51.231 [JavaFX Application Thread] DEBUG FileSystemAccess     - Writing to: C:\Users\Balong\Desktop\JavaFXGame-3\system\fxgl.bundle
16:34:51.233 [JavaFX Application Thread] DEBUG Async                - Shutting down background threads
16:34:51.233 [JavaFX Application Thread] DEBUG PrimaryStageWindow   - Closing main window
16:34:51.239 [JavaFX Application Thread] DEBUG Logger               - Closing Logger
