00:03:07.686 [main                     ] DEBUG Logger               - Configured Logger
00:03:07.704 [main                     ] DEBUG GameApplication      - Logging settings
Title: Untitled
Version: 0.0
Width: 1280
Height: 720
Fullscreen: false
Intro: false
Profiling: false
Single step:false
App Mode: DEVELOPER
Menu Key: ESCAPE
Stage Style: DECORATED
Scene Factory: class com.sunsofgod.PlatformerApp$1

00:03:07.991 [JavaFX Application Thread] DEBUG FXGLApplication      - Initializing FXGL
00:03:07.994 [JavaFX Application Thread] INFO  Engine               - FXGL-17.2 (20.08.2022 16.50) on WINDOWS (J:21.0.4 FX:17.0.12)
00:03:07.994 [JavaFX Application Thread] DEBUG Engine               - JRE Vendor Name: Eclipse Adoptium
00:03:07.995 [JavaFX Application Thread] DEBUG Engine               - Running on OS: Windows 11 version 10.0
00:03:07.995 [JavaFX Application Thread] DEBUG Engine               - Architecture: amd64
00:03:07.995 [JavaFX Application Thread] INFO  Engine               - Source code and latest versions at: https://github.com/AlmasB/FXGL
00:03:07.995 [JavaFX Application Thread] INFO  Engine               -       Ask questions and discuss at: https://github.com/AlmasB/FXGL/discussions
00:03:07.995 [JavaFX Application Thread] INFO  Engine               -              Join the FXGL chat at: https://gitter.im/AlmasB/FXGL
00:03:08.055 [JavaFX Application Thread] DEBUG PrimaryStageWindow   - Creating a JavaFX scene
00:03:08.085 [JavaFX Application Thread] DEBUG PrimaryStageWindow   - Target settings size: 1280.0 x 720.0
00:03:08.085 [JavaFX Application Thread] DEBUG PrimaryStageWindow   - Scaled scene size:    1280.0 x 720.0
00:03:08.086 [JavaFX Application Thread] DEBUG PrimaryStageWindow   - Scaled ratio: (1.0, 1.0)
00:03:08.086 [JavaFX Application Thread] DEBUG PrimaryStageWindow   - Set initial scene to FXGLStartupScene
00:03:08.091 [JavaFX Application Thread] DEBUG PrimaryStageWindow   - Opening main window
00:03:08.147 [JavaFX Application Thread] DEBUG PrimaryStageWindow   - Window border size: (16.0, 39.0)
00:03:08.147 [JavaFX Application Thread] DEBUG PrimaryStageWindow   - Scaled size: 1280.0 x 720.0
00:03:08.148 [JavaFX Application Thread] DEBUG PrimaryStageWindow   - Scaled ratio: (1.0, 1.0)
00:03:08.148 [JavaFX Application Thread] DEBUG PrimaryStageWindow   - Scene size: 1280.0 x 720.0
00:03:08.148 [JavaFX Application Thread] DEBUG PrimaryStageWindow   - Stage size: 1296.0 x 759.0
00:03:08.153 [FXGL Background Thread 1 ] DEBUG Engine               - Initializing environment variables
00:03:08.184 [FXGL Background Thread 1 ] DEBUG FXGLAssetLoaderServi - User app class for loading assets: class com.sunsofgod.PlatformerApp
00:03:08.184 [FXGL Background Thread 1 ] DEBUG GameApplicationServi - Applying CSS: fxgl_dark.css
00:03:08.185 [FXGL Background Thread 1 ] DEBUG FXGLAssetLoaderServi - Loading from file system: jar:file:///C:/Users/Balong/.m2/repository/com/github/almasb/fxgl/17.2/fxgl-17.2.jar!/fxglassets/ui/css/fxgl_dark.css
00:03:08.217 [FXGL Background Thread 1 ] DEBUG GameApplicationServi - Initializing application scenes
00:03:08.248 [FXGL Background Thread 1 ] WARN  FXGLAssetLoaderServi - Asset "/assets/textures/player.png" was not found!
00:03:08.249 [FXGL Background Thread 1 ] WARN  FXGLAssetLoaderServi - Failed to load IMAGE
00:03:08.267 [FXGL Background Thread 1 ] DEBUG GameWorld            - Game world initialized
00:03:08.306 [FXGL Background Thread 1 ] DEBUG PhysicsWorld         - Physics world initialized: appHeight=720, physics.ppm=50.0
00:03:08.306 [FXGL Background Thread 1 ] DEBUG PhysicsWorld         - Using strategy: BRUTE_FORCE
00:03:08.309 [FXGL Background Thread 1 ] DEBUG GameScene            - Game scene initialized: 1280x720
00:03:08.558 [FXGL Background Thread 1 ] DEBUG FXGL.DefaultMenu     - createMenuBodyGameMenu()
00:03:08.564 [FXGL Background Thread 1 ] DEBUG FXGL.DefaultMenu     - createOptionsMenu()
00:03:08.571 [FXGL Background Thread 1 ] DEBUG FXGLAssetLoaderServi - Loading from file system: jar:file:///C:/Users/Balong/.m2/repository/com/github/almasb/fxgl/17.2/fxgl-17.2.jar!/fxglassets/textures/particles/smoke.png
00:03:08.618 [FXGL Background Thread 1 ] DEBUG FXGLAssetLoaderServi - Loading from file system: jar:file:///C:/Users/Balong/.m2/repository/com/github/almasb/fxgl/17.2/fxgl-17.2.jar!/fxglassets/textures/particles/trace_horizontal.png
00:03:08.627 [FXGL Background Thread 1 ] DEBUG GameApplicationServi - Application scenes initialized
00:03:08.636 [FXGL Background Thread 1 ] DEBUG SystemBundleService  - Loading FXGL system data
00:03:08.640 [FXGL Background Thread 1 ] DEBUG FileSystemAccess     - Reading from: C:\Users\Balong\Desktop\JavaFXGame-2\system\fxgl.bundle
00:03:08.656 [FXGL Background Thread 1 ] DEBUG SystemBundleService  - Bundle FXGL: {}
00:03:08.656 [FXGL Background Thread 1 ] DEBUG UpdaterService       - Checking for updates
00:03:08.673 [FXGL Background Thread 4 ] DEBUG FXGLApplication      - Loading fonts
00:03:08.673 [FXGL Background Thread 1 ] DEBUG FXGLApplication      - Loading default localization
00:03:08.673 [FXGL Background Thread 4 ] DEBUG FXGLAssetLoaderServi - Loading from file system: jar:file:///C:/Users/Balong/.m2/repository/com/github/almasb/fxgl/17.2/fxgl-17.2.jar!/fxglassets/ui/fonts/VarelaRound-Regular.ttf
00:03:08.673 [FXGL Background Thread 1 ] DEBUG FXGLAssetLoaderServi - Loading from file system: jar:file:///C:/Users/Balong/.m2/repository/com/github/almasb/fxgl/17.2/fxgl-17.2.jar!/fxglassets/languages/english.lang
00:03:08.688 [FXGL Background Thread 1 ] INFO  FXGLApplication      - FXGL initialization took: 0.535 sec
00:03:08.689 [JavaFX Application Thread] DEBUG FXGLAssetLoaderServi - Loading from file system: jar:file:///C:/Users/Balong/.m2/repository/com/github/almasb/fxgl/17.2/fxgl-17.2.jar!/fxglassets/textures/fxgl_icon.png
00:03:08.696 [JavaFX Application Thread] DEBUG FXGLAssetLoaderServi - Loading from file system: jar:file:///C:/Users/Balong/.m2/repository/com/github/almasb/fxgl/17.2/fxgl-17.2.jar!/fxglassets/textures/fxgl_default_cursor.png
00:03:08.703 [FXGL Background Thread 4 ] DEBUG FXGLAssetLoaderServi - Loading from file system: jar:file:///C:/Users/Balong/.m2/repository/com/github/almasb/fxgl/17.2/fxgl-17.2.jar!/fxglassets/ui/fonts/Abel-Regular.ttf
00:03:08.705 [JavaFX Application Thread] DEBUG Input                - Registered new binding: Screenshot - CTRL+8
00:03:08.705 [JavaFX Application Thread] DEBUG Input                - Registered new binding: Dev Options - 1
00:03:08.705 [JavaFX Application Thread] DEBUG Input                - Registered new binding: Dev Console - 2
00:03:08.705 [JavaFX Application Thread] DEBUG Input                - Registered new binding: System info dump - CTRL+9
00:03:08.705 [JavaFX Application Thread] DEBUG Input                - Registered new binding: Restart - CTRL+R
00:03:08.706 [JavaFX Application Thread] DEBUG Input                - Registered new binding: Toggle Debug Camera - CTRL+7
00:03:08.708 [JavaFX Application Thread] DEBUG LoopRunner           - Starting loop
00:03:08.712 [FXGL Background Thread 4 ] DEBUG FXGLAssetLoaderServi - Loading from file system: jar:file:///C:/Users/Balong/.m2/repository/com/github/almasb/fxgl/17.2/fxgl-17.2.jar!/fxglassets/ui/fonts/TerminalLandMono-Regular.otf
00:03:08.718 [JavaFX Application Thread] DEBUG LoopRunner           - Initializing JavaFX AnimationTimerLoop
00:03:08.720 [JavaFX Application Thread] DEBUG Input                - Clearing active input actions
00:03:08.729 [FXGL Background Thread 4 ] DEBUG FXGLAssetLoaderServi - Loading from file system: jar:file:///C:/Users/Balong/.m2/repository/com/github/almasb/fxgl/17.2/fxgl-17.2.jar!/fxglassets/ui/fonts/Courier-Prime.ttf
00:03:08.730 [JavaFX Application Thread] DEBUG GameApplicationServi - Removing overlay from FXGLStartupScene and adding to FXGLMainMenuDummyScene
00:03:08.732 [JavaFX Application Thread] DEBUG PrimaryStageWindow   - FXGLStartupScene -> FXGLMainMenuDummyScene
00:03:08.732 [JavaFX Application Thread] DEBUG PrimaryStageWindow   - Push state: RiderMainMenuScene
00:03:08.732 [JavaFX Application Thread] DEBUG Input                - Clearing active input actions
00:03:08.736 [JavaFX Application Thread] DEBUG GameApplicationServi - Removing overlay from FXGLMainMenuDummyScene and adding to RiderMainMenuScene
00:03:08.737 [JavaFX Application Thread] DEBUG PrimaryStageWindow   - FXGLMainMenuDummyScene -> RiderMainMenuScene
00:03:08.855 [JavaFX Application Thread] DEBUG FXGLApplication      - Registering font factories with UI factory
00:03:08.994 [FXGL Background Thread 2 ] INFO  UpdaterService       - Your current version:  17.2
00:03:08.994 [FXGL Background Thread 2 ] INFO  UpdaterService       - Latest stable version: 21.1
00:03:09.391 [JavaFX Application Thread] DEBUG PrimaryStageWindow   - Push state: PlayerSelectScene
00:03:09.392 [JavaFX Application Thread] DEBUG Input                - Clearing active input actions
00:03:09.392 [JavaFX Application Thread] DEBUG GameApplicationServi - Removing overlay from RiderMainMenuScene and adding to PlayerSelectScene
00:03:09.394 [JavaFX Application Thread] DEBUG PrimaryStageWindow   - RiderMainMenuScene -> PlayerSelectScene
00:03:11.673 [FXGL Background Thread 3 ] DEBUG Engine               - Logging environment variables
00:03:11.673 [FXGL Background Thread 3 ] DEBUG Engine               - achievements: []
00:03:11.673 [FXGL Background Thread 3 ] DEBUG Engine               - actualHeight: 720.0
00:03:11.673 [FXGL Background Thread 3 ] DEBUG Engine               - actualHeightProperty: ReadOnlyDoubleProperty [value: 720.0]
00:03:11.673 [FXGL Background Thread 3 ] DEBUG Engine               - actualWidth: 1280.0
00:03:11.673 [FXGL Background Thread 3 ] DEBUG Engine               - actualWidthProperty: ReadOnlyDoubleProperty [value: 1280.0]
00:03:11.673 [FXGL Background Thread 3 ] DEBUG Engine               - appIcon: fxgl_icon.png
00:03:11.674 [FXGL Background Thread 3 ] DEBUG Engine               - applicationMode: DEVELOPER
00:03:11.674 [FXGL Background Thread 3 ] DEBUG Engine               - cSSList: [fxgl_dark.css]
00:03:11.674 [FXGL Background Thread 3 ] DEBUG Engine               - collisionDetectionStrategy: BRUTE_FORCE
00:03:11.674 [FXGL Background Thread 3 ] DEBUG Engine               - configClass: Optional.empty
00:03:11.674 [FXGL Background Thread 3 ] DEBUG Engine               - credits: []
00:03:11.674 [FXGL Background Thread 3 ] DEBUG Engine               - defaultCursor: CursorInfo(imageName=fxgl_default_cursor.png, hotspotX=7.0, hotspotY=6.0)
00:03:11.674 [FXGL Background Thread 3 ] DEBUG Engine               - devBBoxColorProperty: ObjectProperty [value: 0xff0000ff]
00:03:11.674 [FXGL Background Thread 3 ] DEBUG Engine               - devEnableDebugCameraProperty: BooleanProperty [value: false]
00:03:11.674 [FXGL Background Thread 3 ] DEBUG Engine               - devSensorColorProperty: ObjectProperty [value: 0xffff00ff]
00:03:11.674 [FXGL Background Thread 3 ] DEBUG Engine               - devShowBBoxProperty: BooleanProperty [value: false]
00:03:11.674 [FXGL Background Thread 3 ] DEBUG Engine               - devShowPositionProperty: BooleanProperty [value: false]
00:03:11.674 [FXGL Background Thread 3 ] DEBUG Engine               - enabledMenuItems: []
00:03:11.674 [FXGL Background Thread 3 ] DEBUG Engine               - engineServices: [class com.almasb.fxgl.app.services.FXGLAssetLoaderService, class com.almasb.fxgl.app.FXGLApplication$GameApplicationService, class com.almasb.fxgl.app.services.FXGLDialogService, class com.almasb.fxgl.app.services.IOTaskExecutorService, class com.almasb.fxgl.io.FileSystemService, class com.almasb.fxgl.localization.LocalizationService, class com.almasb.fxgl.app.services.SystemBundleService, class com.almasb.fxgl.profile.SaveLoadService, class com.almasb.fxgl.ui.FXGLUIFactoryServiceProvider, class com.almasb.fxgl.ui.FXGLDialogFactoryServiceProvider, class com.almasb.fxgl.audio.AudioPlayer, class com.almasb.fxgl.notification.impl.NotificationServiceProvider, class com.almasb.fxgl.achievement.AchievementService, class com.almasb.fxgl.cutscene.CutsceneService, class com.almasb.fxgl.minigames.MiniGameService, class com.almasb.fxgl.net.NetService, class com.almasb.fxgl.app.services.UpdaterService, class com.almasb.fxgl.dev.DevService]
00:03:11.674 [FXGL Background Thread 3 ] DEBUG Engine               - fontGame: Abel-Regular.ttf
00:03:11.674 [FXGL Background Thread 3 ] DEBUG Engine               - fontMono: TerminalLandMono-Regular.otf
00:03:11.675 [FXGL Background Thread 3 ] DEBUG Engine               - fontText: Courier-Prime.ttf
00:03:11.675 [FXGL Background Thread 3 ] DEBUG Engine               - fontUI: VarelaRound-Regular.ttf
00:03:11.675 [FXGL Background Thread 3 ] DEBUG Engine               - fullScreen: BooleanProperty [value: false]
00:03:11.675 [FXGL Background Thread 3 ] DEBUG Engine               - gameDifficulty: MEDIUM
00:03:11.675 [FXGL Background Thread 3 ] DEBUG Engine               - gameDifficultyProperty: ObjectProperty [value: MEDIUM]
00:03:11.675 [FXGL Background Thread 3 ] DEBUG Engine               - globalMusicVolume: 0.5
00:03:11.675 [FXGL Background Thread 3 ] DEBUG Engine               - globalMusicVolumeProperty: DoubleProperty [value: 0.25]
00:03:11.675 [FXGL Background Thread 3 ] DEBUG Engine               - globalSoundVolume: 0.5
00:03:11.675 [FXGL Background Thread 3 ] DEBUG Engine               - globalSoundVolumeProperty: DoubleProperty [value: 0.5]
00:03:11.675 [FXGL Background Thread 3 ] DEBUG Engine               - height: 720
00:03:11.675 [FXGL Background Thread 3 ] DEBUG Engine               - is3D: false
00:03:11.675 [FXGL Background Thread 3 ] DEBUG Engine               - isAndroid: false
00:03:11.675 [FXGL Background Thread 3 ] DEBUG Engine               - isBrowser: false
00:03:11.675 [FXGL Background Thread 3 ] DEBUG Engine               - isClickFeedbackEnabled: false
00:03:11.675 [FXGL Background Thread 3 ] DEBUG Engine               - isCloseConfirmation: false
00:03:11.675 [FXGL Background Thread 3 ] DEBUG Engine               - isDesktop: true
00:03:11.675 [FXGL Background Thread 3 ] DEBUG Engine               - isDeveloperMenuEnabled: true
00:03:11.675 [FXGL Background Thread 3 ] DEBUG Engine               - isEmbedded: false
00:03:11.675 [FXGL Background Thread 3 ] DEBUG Engine               - isEntityPreloadEnabled: true
00:03:11.675 [FXGL Background Thread 3 ] DEBUG Engine               - isExperimentalTiledLargeMap: false
00:03:11.675 [FXGL Background Thread 3 ] DEBUG Engine               - isFileSystemWriteAllowed: true
00:03:11.675 [FXGL Background Thread 3 ] DEBUG Engine               - isFullScreenAllowed: false
00:03:11.675 [FXGL Background Thread 3 ] DEBUG Engine               - isFullScreenFromStart: false
00:03:11.676 [FXGL Background Thread 3 ] DEBUG Engine               - isGameMenuEnabled: true
00:03:11.676 [FXGL Background Thread 3 ] DEBUG Engine               - isIOS: false
00:03:11.676 [FXGL Background Thread 3 ] DEBUG Engine               - isIntroEnabled: false
00:03:11.676 [FXGL Background Thread 3 ] DEBUG Engine               - isLinux: false
00:03:11.676 [FXGL Background Thread 3 ] DEBUG Engine               - isMac: false
00:03:11.676 [FXGL Background Thread 3 ] DEBUG Engine               - isMainMenuEnabled: true
00:03:11.676 [FXGL Background Thread 3 ] DEBUG Engine               - isManualResizeEnabled: false
00:03:11.676 [FXGL Background Thread 3 ] DEBUG Engine               - isMobile: false
00:03:11.676 [FXGL Background Thread 3 ] DEBUG Engine               - isNative: false
00:03:11.676 [FXGL Background Thread 3 ] DEBUG Engine               - isPauseMusicWhenMinimized: true
00:03:11.676 [FXGL Background Thread 3 ] DEBUG Engine               - isPreserveResizeRatio: false
00:03:11.676 [FXGL Background Thread 3 ] DEBUG Engine               - isProfilingEnabled: false
00:03:11.676 [FXGL Background Thread 3 ] DEBUG Engine               - isScaleAffectedOnResize: true
00:03:11.676 [FXGL Background Thread 3 ] DEBUG Engine               - isSingleStep: false
00:03:11.676 [FXGL Background Thread 3 ] DEBUG Engine               - isUserProfileEnabled: false
00:03:11.676 [FXGL Background Thread 3 ] DEBUG Engine               - isWindows: true
00:03:11.676 [FXGL Background Thread 3 ] DEBUG Engine               - language: ObjectProperty [value: ENGLISH]
00:03:11.676 [FXGL Background Thread 3 ] DEBUG Engine               - menuKey: ESCAPE
00:03:11.676 [FXGL Background Thread 3 ] DEBUG Engine               - mouseSensitivity: 0.2
00:03:11.676 [FXGL Background Thread 3 ] DEBUG Engine               - notificationViewClass: class com.almasb.fxgl.notification.view.XboxNotificationView
00:03:11.676 [FXGL Background Thread 3 ] DEBUG Engine               - pixelsPerMeter: 50.0
00:03:11.676 [FXGL Background Thread 3 ] DEBUG Engine               - platform: WINDOWS
00:03:11.676 [FXGL Background Thread 3 ] DEBUG Engine               - prefHeightProperty: ReadOnlyDoubleProperty [value: 720.0]
00:03:11.676 [FXGL Background Thread 3 ] DEBUG Engine               - prefWidthProperty: ReadOnlyDoubleProperty [value: 1280.0]
00:03:11.676 [FXGL Background Thread 3 ] DEBUG Engine               - profileDir: profiles/
00:03:11.677 [FXGL Background Thread 3 ] DEBUG Engine               - profileName: StringProperty [value: DEFAULT]
00:03:11.677 [FXGL Background Thread 3 ] DEBUG Engine               - randomSeed: -1
00:03:11.677 [FXGL Background Thread 3 ] DEBUG Engine               - runtimeInfo: RuntimeInfo(platform=WINDOWS, version=17.2, build=20.08.2022 16.50)
00:03:11.677 [FXGL Background Thread 3 ] DEBUG Engine               - saveFileExt: sav
00:03:11.677 [FXGL Background Thread 3 ] DEBUG Engine               - scaledHeightProp$fxgl: DoubleProperty [bound, value: 720.0]
00:03:11.677 [FXGL Background Thread 3 ] DEBUG Engine               - scaledWidthProp$fxgl: DoubleProperty [bound, value: 1280.0]
00:03:11.677 [FXGL Background Thread 3 ] DEBUG Engine               - sceneFactory: com.sunsofgod.PlatformerApp$1@17268e45
00:03:11.677 [FXGL Background Thread 3 ] DEBUG Engine               - secondsIn24h: 60
00:03:11.677 [FXGL Background Thread 3 ] DEBUG Engine               - soundMenuBack: menu/back.wav
00:03:11.677 [FXGL Background Thread 3 ] DEBUG Engine               - soundMenuPress: menu/press.wav
00:03:11.677 [FXGL Background Thread 3 ] DEBUG Engine               - soundMenuSelect: menu/select.wav
00:03:11.677 [FXGL Background Thread 3 ] DEBUG Engine               - soundNotification: core/notification.wav
00:03:11.677 [FXGL Background Thread 3 ] DEBUG Engine               - stageStyle: DECORATED
00:03:11.677 [FXGL Background Thread 3 ] DEBUG Engine               - supportedLanguages: [ENGLISH, FRENCH, GERMAN, HUNGARIAN, RUSSIAN]
00:03:11.677 [FXGL Background Thread 3 ] DEBUG Engine               - ticksPerSecond: -1
00:03:11.677 [FXGL Background Thread 3 ] DEBUG Engine               - title: Untitled
00:03:11.677 [FXGL Background Thread 3 ] DEBUG Engine               - urlGithub: https://github.com/AlmasB/FXGL
00:03:11.677 [FXGL Background Thread 3 ] DEBUG Engine               - urlLeaderboard: http://fxgl-top.herokuapp.com/
00:03:11.677 [FXGL Background Thread 3 ] DEBUG Engine               - urlPOM: https://raw.githubusercontent.com/AlmasB/FXGL/release/README.md
00:03:11.677 [FXGL Background Thread 3 ] DEBUG Engine               - userAppClass: class com.sunsofgod.PlatformerApp
00:03:11.677 [FXGL Background Thread 3 ] DEBUG Engine               - version: 0.0
00:03:11.678 [FXGL Background Thread 3 ] DEBUG Engine               - versionCheckDays: 7
00:03:11.678 [FXGL Background Thread 3 ] DEBUG Engine               - width: 1280
00:03:11.678 [FXGL Background Thread 3 ] DEBUG Engine               - Logging services
00:03:11.678 [FXGL Background Thread 3 ] DEBUG Engine               - class com.almasb.fxgl.app.services.FXGLAssetLoaderService
00:03:11.678 [FXGL Background Thread 3 ] DEBUG Engine               - class com.almasb.fxgl.app.FXGLApplication$GameApplicationService
00:03:11.678 [FXGL Background Thread 3 ] DEBUG Engine               - class com.almasb.fxgl.app.services.FXGLDialogService
00:03:11.678 [FXGL Background Thread 3 ] DEBUG Engine               - class com.almasb.fxgl.app.services.IOTaskExecutorService
00:03:11.678 [FXGL Background Thread 3 ] DEBUG Engine               - class com.almasb.fxgl.io.FileSystemService
00:03:11.678 [FXGL Background Thread 3 ] DEBUG Engine               - class com.almasb.fxgl.localization.LocalizationService
00:03:11.678 [FXGL Background Thread 3 ] DEBUG Engine               - class com.almasb.fxgl.app.services.SystemBundleService
00:03:11.678 [FXGL Background Thread 3 ] DEBUG Engine               - class com.almasb.fxgl.profile.SaveLoadService
00:03:11.678 [FXGL Background Thread 3 ] DEBUG Engine               - class com.almasb.fxgl.ui.FXGLUIFactoryServiceProvider
00:03:11.678 [FXGL Background Thread 3 ] DEBUG Engine               - class com.almasb.fxgl.ui.FXGLDialogFactoryServiceProvider
00:03:11.678 [FXGL Background Thread 3 ] DEBUG Engine               - class com.almasb.fxgl.audio.AudioPlayer
00:03:11.678 [FXGL Background Thread 3 ] DEBUG Engine               - class com.almasb.fxgl.notification.impl.NotificationServiceProvider
00:03:11.678 [FXGL Background Thread 3 ] DEBUG Engine               - class com.almasb.fxgl.achievement.AchievementService
00:03:11.678 [FXGL Background Thread 3 ] DEBUG Engine               - class com.almasb.fxgl.cutscene.CutsceneService
00:03:11.678 [FXGL Background Thread 3 ] DEBUG Engine               - class com.almasb.fxgl.minigames.MiniGameService
00:03:11.678 [FXGL Background Thread 3 ] DEBUG Engine               - class com.almasb.fxgl.net.NetService
00:03:11.678 [FXGL Background Thread 3 ] DEBUG Engine               - class com.almasb.fxgl.app.services.UpdaterService
00:03:11.678 [FXGL Background Thread 3 ] DEBUG Engine               - class com.almasb.fxgl.dev.DevService
00:03:30.775 [JavaFX Application Thread] DEBUG FXGLApplication      - Exiting FXGL
00:03:30.775 [JavaFX Application Thread] DEBUG LoopRunner           - Stopping loop
00:03:30.775 [JavaFX Application Thread] DEBUG SystemBundleService  - Saving FXGL system data
00:03:30.777 [JavaFX Application Thread] DEBUG FileSystemAccess     - Writing to: C:\Users\Balong\Desktop\JavaFXGame-2\system\fxgl.bundle
00:03:30.779 [JavaFX Application Thread] DEBUG Async                - Shutting down background threads
00:03:30.779 [JavaFX Application Thread] DEBUG PrimaryStageWindow   - Closing main window
00:03:30.786 [JavaFX Application Thread] DEBUG Logger               - Closing Logger
