00:57:54.145 [main                     ] DEBUG Logger               - Configured Logger
00:57:54.159 [main                     ] DEBUG GameApplication      - Logging settings
Title: Untitled
Version: 0.0
Width: 1280
Height: 720
Fullscreen: false
Intro: false
Profiling: false
Single step:false
App Mode: DEVELOPER
Menu Key: ESCAPE
Stage Style: DECORATED
Scene Factory: class com.sunsofgod.PlatformerApp$1

00:57:54.445 [JavaFX Application Thread] DEBUG FXGLApplication      - Initializing FXGL
00:57:54.448 [JavaFX Application Thread] INFO  Engine               - FXGL-17.2 (20.08.2022 16.50) on MAC (J:17.0.2 FX:17.0.12)
00:57:54.448 [JavaFX Application Thread] DEBUG Engine               - JRE Vendor Name: Oracle Corporation
00:57:54.448 [JavaFX Application Thread] DEBUG Engine               - Running on OS: Mac OS X version 15.1
00:57:54.448 [JavaFX Application Thread] DEBUG Engine               - Architecture: aarch64
00:57:54.448 [JavaFX Application Thread] INFO  Engine               - Source code and latest versions at: https://github.com/AlmasB/FXGL
00:57:54.448 [JavaFX Application Thread] INFO  Engine               -       Ask questions and discuss at: https://github.com/AlmasB/FXGL/discussions
00:57:54.448 [JavaFX Application Thread] INFO  Engine               -              Join the FXGL chat at: https://gitter.im/AlmasB/FXGL
00:57:54.513 [JavaFX Application Thread] DEBUG PrimaryStageWindow   - Creating a JavaFX scene
00:57:54.533 [JavaFX Application Thread] DEBUG PrimaryStageWindow   - Target settings size: 1280.0 x 720.0
00:57:54.534 [JavaFX Application Thread] DEBUG PrimaryStageWindow   - Scaled scene size:    1280.0 x 720.0
00:57:54.534 [JavaFX Application Thread] DEBUG PrimaryStageWindow   - Scaled ratio: (1.0, 1.0)
00:57:54.534 [JavaFX Application Thread] DEBUG PrimaryStageWindow   - Set initial scene to FXGLStartupScene
00:57:54.537 [JavaFX Application Thread] DEBUG PrimaryStageWindow   - Opening main window
00:57:54.662 [JavaFX Application Thread] DEBUG PrimaryStageWindow   - Window border size: (0.0, 28.0)
00:57:54.662 [JavaFX Application Thread] DEBUG PrimaryStageWindow   - Scaled size: 1280.0 x 720.0
00:57:54.662 [JavaFX Application Thread] DEBUG PrimaryStageWindow   - Scaled ratio: (1.0, 1.0)
00:57:54.663 [JavaFX Application Thread] DEBUG PrimaryStageWindow   - Scene size: 1280.0 x 720.0
00:57:54.663 [JavaFX Application Thread] DEBUG PrimaryStageWindow   - Stage size: 1280.0 x 748.0
00:57:54.672 [FXGL Background Thread 1 ] DEBUG Engine               - Initializing environment variables
00:57:54.709 [FXGL Background Thread 1 ] DEBUG FXGLAssetLoaderServi - User app class for loading assets: class com.sunsofgod.PlatformerApp
00:57:54.709 [FXGL Background Thread 1 ] DEBUG GameApplicationServi - Applying CSS: fxgl_dark.css
00:57:54.711 [FXGL Background Thread 1 ] DEBUG FXGLAssetLoaderServi - Loading from file system: jar:file:///Users/aaron/.m2/repository/com/github/almasb/fxgl/17.2/fxgl-17.2.jar!/fxglassets/ui/css/fxgl_dark.css
00:57:54.772 [FXGL Background Thread 1 ] DEBUG GameApplicationServi - Initializing application scenes
00:57:54.888 [FXGL Background Thread 1 ] DEBUG FXGLAssetLoaderServi - Loading from file system: file:/Users/aaron/JavaFXGame/target/classes/assets/textures/player.png
00:57:54.901 [FXGL Background Thread 1 ] DEBUG GameWorld            - Game world initialized
00:57:54.927 [FXGL Background Thread 1 ] DEBUG PhysicsWorld         - Physics world initialized: appHeight=720, physics.ppm=50.0
00:57:54.927 [FXGL Background Thread 1 ] DEBUG PhysicsWorld         - Using strategy: BRUTE_FORCE
00:57:54.928 [FXGL Background Thread 1 ] DEBUG GameScene            - Game scene initialized: 1280x720
00:57:55.280 [FXGL Background Thread 1 ] DEBUG FXGL.DefaultMenu     - createMenuBodyGameMenu()
00:57:55.284 [FXGL Background Thread 1 ] DEBUG FXGL.DefaultMenu     - createOptionsMenu()
00:57:55.287 [FXGL Background Thread 1 ] DEBUG FXGLAssetLoaderServi - Loading from file system: jar:file:///Users/aaron/.m2/repository/com/github/almasb/fxgl/17.2/fxgl-17.2.jar!/fxglassets/textures/particles/smoke.png
00:57:55.323 [FXGL Background Thread 1 ] DEBUG FXGLAssetLoaderServi - Loading from file system: jar:file:///Users/aaron/.m2/repository/com/github/almasb/fxgl/17.2/fxgl-17.2.jar!/fxglassets/textures/particles/trace_horizontal.png
00:57:55.329 [FXGL Background Thread 1 ] DEBUG GameApplicationServi - Application scenes initialized
00:57:55.334 [FXGL Background Thread 1 ] DEBUG SystemBundleService  - Loading FXGL system data
00:57:55.337 [FXGL Background Thread 1 ] DEBUG FileSystemAccess     - Reading from: /Users/aaron/JavaFXGame/system/fxgl.bundle
00:57:55.340 [FXGL Background Thread 1 ] DEBUG SystemBundleService  - Bundle FXGL: {}
00:57:55.341 [FXGL Background Thread 1 ] DEBUG UpdaterService       - Checking for updates
00:57:55.353 [FXGL Background Thread 4 ] DEBUG FXGLApplication      - Loading fonts
00:57:55.353 [FXGL Background Thread 1 ] DEBUG FXGLApplication      - Loading default localization
00:57:55.353 [FXGL Background Thread 4 ] DEBUG FXGLAssetLoaderServi - Loading from file system: jar:file:///Users/aaron/.m2/repository/com/github/almasb/fxgl/17.2/fxgl-17.2.jar!/fxglassets/ui/fonts/VarelaRound-Regular.ttf
00:57:55.354 [FXGL Background Thread 1 ] DEBUG FXGLAssetLoaderServi - Loading from file system: jar:file:///Users/aaron/.m2/repository/com/github/almasb/fxgl/17.2/fxgl-17.2.jar!/fxglassets/languages/english.lang
00:57:55.365 [FXGL Background Thread 4 ] DEBUG FXGLAssetLoaderServi - Loading from file system: jar:file:///Users/aaron/.m2/repository/com/github/almasb/fxgl/17.2/fxgl-17.2.jar!/fxglassets/ui/fonts/Abel-Regular.ttf
00:57:55.366 [FXGL Background Thread 1 ] INFO  FXGLApplication      - FXGL initialization took: 0.694 sec
00:57:55.366 [JavaFX Application Thread] DEBUG FXGLAssetLoaderServi - Loading from file system: jar:file:///Users/aaron/.m2/repository/com/github/almasb/fxgl/17.2/fxgl-17.2.jar!/fxglassets/textures/fxgl_icon.png
00:57:55.369 [FXGL Background Thread 4 ] DEBUG FXGLAssetLoaderServi - Loading from file system: jar:file:///Users/aaron/.m2/repository/com/github/almasb/fxgl/17.2/fxgl-17.2.jar!/fxglassets/ui/fonts/TerminalLandMono-Regular.otf
00:57:55.372 [FXGL Background Thread 4 ] DEBUG FXGLAssetLoaderServi - Loading from file system: jar:file:///Users/aaron/.m2/repository/com/github/almasb/fxgl/17.2/fxgl-17.2.jar!/fxglassets/ui/fonts/Courier-Prime.ttf
00:57:55.379 [JavaFX Application Thread] DEBUG FXGLAssetLoaderServi - Loading from file system: jar:file:///Users/aaron/.m2/repository/com/github/almasb/fxgl/17.2/fxgl-17.2.jar!/fxglassets/textures/fxgl_default_cursor.png
00:57:55.384 [JavaFX Application Thread] DEBUG Input                - Registered new binding: Screenshot - CTRL+8
00:57:55.384 [JavaFX Application Thread] DEBUG Input                - Registered new binding: Dev Options - 1
00:57:55.385 [JavaFX Application Thread] DEBUG Input                - Registered new binding: Dev Console - 2
00:57:55.385 [JavaFX Application Thread] DEBUG Input                - Registered new binding: System info dump - CTRL+9
00:57:55.385 [JavaFX Application Thread] DEBUG Input                - Registered new binding: Restart - CTRL+R
00:57:55.386 [JavaFX Application Thread] DEBUG Input                - Registered new binding: Toggle Debug Camera - CTRL+7
00:57:55.387 [JavaFX Application Thread] DEBUG LoopRunner           - Starting loop
00:57:55.395 [JavaFX Application Thread] DEBUG LoopRunner           - Initializing JavaFX AnimationTimerLoop
00:57:55.398 [JavaFX Application Thread] DEBUG Input                - Clearing active input actions
00:57:55.401 [JavaFX Application Thread] DEBUG GameApplicationServi - Removing overlay from FXGLStartupScene and adding to FXGLMainMenuDummyScene
00:57:55.403 [JavaFX Application Thread] DEBUG PrimaryStageWindow   - FXGLStartupScene -> FXGLMainMenuDummyScene
00:57:55.403 [JavaFX Application Thread] DEBUG PrimaryStageWindow   - Push state: RiderMainMenuScene
00:57:55.403 [JavaFX Application Thread] DEBUG Input                - Clearing active input actions
00:57:55.405 [JavaFX Application Thread] DEBUG GameApplicationServi - Removing overlay from FXGLMainMenuDummyScene and adding to RiderMainMenuScene
00:57:55.406 [JavaFX Application Thread] DEBUG PrimaryStageWindow   - FXGLMainMenuDummyScene -> RiderMainMenuScene
00:57:55.412 [JavaFX Application Thread] DEBUG FXGLApplication      - Registering font factories with UI factory
00:57:55.662 [FXGL Background Thread 2 ] INFO  UpdaterService       - Your current version:  17.2
00:57:55.662 [FXGL Background Thread 2 ] INFO  UpdaterService       - Latest stable version: 21.1
00:57:56.174 [JavaFX Application Thread] DEBUG PrimaryStageWindow   - Push state: PlayerSelectScene
00:57:56.174 [JavaFX Application Thread] DEBUG Input                - Clearing active input actions
00:57:56.174 [JavaFX Application Thread] DEBUG GameApplicationServi - Removing overlay from RiderMainMenuScene and adding to PlayerSelectScene
00:57:56.175 [JavaFX Application Thread] DEBUG PrimaryStageWindow   - RiderMainMenuScene -> PlayerSelectScene
00:57:57.979 [JavaFX Application Thread] DEBUG PrimaryStageWindow   - Pop state: PlayerSelectScene
00:57:57.979 [JavaFX Application Thread] DEBUG Input                - Clearing active input actions
00:57:57.980 [JavaFX Application Thread] DEBUG GameApplicationServi - Removing overlay from PlayerSelectScene and adding to RiderMainMenuScene
00:57:57.981 [JavaFX Application Thread] DEBUG PrimaryStageWindow   - RiderMainMenuScene <- PlayerSelectScene
00:57:58.076 [JavaFX Application Thread] DEBUG PrimaryStageWindow   - Push state: WorldSelectScene
00:57:58.076 [JavaFX Application Thread] DEBUG Input                - Clearing active input actions
00:57:58.077 [JavaFX Application Thread] DEBUG GameApplicationServi - Removing overlay from RiderMainMenuScene and adding to WorldSelectScene
00:57:58.077 [JavaFX Application Thread] DEBUG PrimaryStageWindow   - RiderMainMenuScene -> WorldSelectScene
00:57:58.355 [FXGL Background Thread 3 ] DEBUG Engine               - Logging environment variables
00:57:58.356 [FXGL Background Thread 3 ] DEBUG Engine               - achievements: []
00:57:58.356 [FXGL Background Thread 3 ] DEBUG Engine               - actualHeight: 720.0
00:57:58.356 [FXGL Background Thread 3 ] DEBUG Engine               - actualHeightProperty: ReadOnlyDoubleProperty [value: 720.0]
00:57:58.356 [FXGL Background Thread 3 ] DEBUG Engine               - actualWidth: 1280.0
00:57:58.356 [FXGL Background Thread 3 ] DEBUG Engine               - actualWidthProperty: ReadOnlyDoubleProperty [value: 1280.0]
00:57:58.357 [FXGL Background Thread 3 ] DEBUG Engine               - appIcon: fxgl_icon.png
00:57:58.357 [FXGL Background Thread 3 ] DEBUG Engine               - applicationMode: DEVELOPER
00:57:58.357 [FXGL Background Thread 3 ] DEBUG Engine               - cSSList: [fxgl_dark.css]
00:57:58.357 [FXGL Background Thread 3 ] DEBUG Engine               - collisionDetectionStrategy: BRUTE_FORCE
00:57:58.357 [FXGL Background Thread 3 ] DEBUG Engine               - configClass: Optional.empty
00:57:58.358 [FXGL Background Thread 3 ] DEBUG Engine               - credits: []
00:57:58.359 [FXGL Background Thread 3 ] DEBUG Engine               - defaultCursor: CursorInfo(imageName=fxgl_default_cursor.png, hotspotX=7.0, hotspotY=6.0)
00:57:58.359 [FXGL Background Thread 3 ] DEBUG Engine               - devBBoxColorProperty: ObjectProperty [value: 0xff0000ff]
00:57:58.359 [FXGL Background Thread 3 ] DEBUG Engine               - devEnableDebugCameraProperty: BooleanProperty [value: false]
00:57:58.359 [FXGL Background Thread 3 ] DEBUG Engine               - devSensorColorProperty: ObjectProperty [value: 0xffff00ff]
00:57:58.359 [FXGL Background Thread 3 ] DEBUG Engine               - devShowBBoxProperty: BooleanProperty [value: false]
00:57:58.359 [FXGL Background Thread 3 ] DEBUG Engine               - devShowPositionProperty: BooleanProperty [value: false]
00:57:58.360 [FXGL Background Thread 3 ] DEBUG Engine               - enabledMenuItems: []
00:57:58.360 [FXGL Background Thread 3 ] DEBUG Engine               - engineServices: [class com.almasb.fxgl.app.services.FXGLAssetLoaderService, class com.almasb.fxgl.app.FXGLApplication$GameApplicationService, class com.almasb.fxgl.app.services.FXGLDialogService, class com.almasb.fxgl.app.services.IOTaskExecutorService, class com.almasb.fxgl.io.FileSystemService, class com.almasb.fxgl.localization.LocalizationService, class com.almasb.fxgl.app.services.SystemBundleService, class com.almasb.fxgl.profile.SaveLoadService, class com.almasb.fxgl.ui.FXGLUIFactoryServiceProvider, class com.almasb.fxgl.ui.FXGLDialogFactoryServiceProvider, class com.almasb.fxgl.audio.AudioPlayer, class com.almasb.fxgl.notification.impl.NotificationServiceProvider, class com.almasb.fxgl.achievement.AchievementService, class com.almasb.fxgl.cutscene.CutsceneService, class com.almasb.fxgl.minigames.MiniGameService, class com.almasb.fxgl.net.NetService, class com.almasb.fxgl.app.services.UpdaterService, class com.almasb.fxgl.dev.DevService]
00:57:58.360 [FXGL Background Thread 3 ] DEBUG Engine               - fontGame: Abel-Regular.ttf
00:57:58.360 [FXGL Background Thread 3 ] DEBUG Engine               - fontMono: TerminalLandMono-Regular.otf
00:57:58.360 [FXGL Background Thread 3 ] DEBUG Engine               - fontText: Courier-Prime.ttf
00:57:58.360 [FXGL Background Thread 3 ] DEBUG Engine               - fontUI: VarelaRound-Regular.ttf
00:57:58.360 [FXGL Background Thread 3 ] DEBUG Engine               - fullScreen: BooleanProperty [value: false]
00:57:58.360 [FXGL Background Thread 3 ] DEBUG Engine               - gameDifficulty: MEDIUM
00:57:58.360 [FXGL Background Thread 3 ] DEBUG Engine               - gameDifficultyProperty: ObjectProperty [value: MEDIUM]
00:57:58.361 [FXGL Background Thread 3 ] DEBUG Engine               - globalMusicVolume: 0.5
00:57:58.361 [FXGL Background Thread 3 ] DEBUG Engine               - globalMusicVolumeProperty: DoubleProperty [value: 0.25]
00:57:58.361 [FXGL Background Thread 3 ] DEBUG Engine               - globalSoundVolume: 0.5
00:57:58.361 [FXGL Background Thread 3 ] DEBUG Engine               - globalSoundVolumeProperty: DoubleProperty [value: 0.5]
00:57:58.361 [FXGL Background Thread 3 ] DEBUG Engine               - height: 720
00:57:58.361 [FXGL Background Thread 3 ] DEBUG Engine               - is3D: false
00:57:58.361 [FXGL Background Thread 3 ] DEBUG Engine               - isAndroid: false
00:57:58.361 [FXGL Background Thread 3 ] DEBUG Engine               - isBrowser: false
00:57:58.362 [FXGL Background Thread 3 ] DEBUG Engine               - isClickFeedbackEnabled: false
00:57:58.362 [FXGL Background Thread 3 ] DEBUG Engine               - isCloseConfirmation: false
00:57:58.362 [FXGL Background Thread 3 ] DEBUG Engine               - isDesktop: true
00:57:58.362 [FXGL Background Thread 3 ] DEBUG Engine               - isDeveloperMenuEnabled: true
00:57:58.362 [FXGL Background Thread 3 ] DEBUG Engine               - isEmbedded: false
00:57:58.362 [FXGL Background Thread 3 ] DEBUG Engine               - isEntityPreloadEnabled: true
00:57:58.362 [FXGL Background Thread 3 ] DEBUG Engine               - isExperimentalTiledLargeMap: false
00:57:58.362 [FXGL Background Thread 3 ] DEBUG Engine               - isFileSystemWriteAllowed: true
00:57:58.362 [FXGL Background Thread 3 ] DEBUG Engine               - isFullScreenAllowed: false
00:57:58.362 [FXGL Background Thread 3 ] DEBUG Engine               - isFullScreenFromStart: false
00:57:58.362 [FXGL Background Thread 3 ] DEBUG Engine               - isGameMenuEnabled: true
00:57:58.362 [FXGL Background Thread 3 ] DEBUG Engine               - isIOS: false
00:57:58.362 [FXGL Background Thread 3 ] DEBUG Engine               - isIntroEnabled: false
00:57:58.363 [FXGL Background Thread 3 ] DEBUG Engine               - isLinux: false
00:57:58.363 [FXGL Background Thread 3 ] DEBUG Engine               - isMac: true
00:57:58.363 [FXGL Background Thread 3 ] DEBUG Engine               - isMainMenuEnabled: true
00:57:58.363 [FXGL Background Thread 3 ] DEBUG Engine               - isManualResizeEnabled: false
00:57:58.363 [FXGL Background Thread 3 ] DEBUG Engine               - isMobile: false
00:57:58.363 [FXGL Background Thread 3 ] DEBUG Engine               - isNative: false
00:57:58.363 [FXGL Background Thread 3 ] DEBUG Engine               - isPauseMusicWhenMinimized: true
00:57:58.363 [FXGL Background Thread 3 ] DEBUG Engine               - isPreserveResizeRatio: false
00:57:58.363 [FXGL Background Thread 3 ] DEBUG Engine               - isProfilingEnabled: false
00:57:58.363 [FXGL Background Thread 3 ] DEBUG Engine               - isScaleAffectedOnResize: true
00:57:58.363 [FXGL Background Thread 3 ] DEBUG Engine               - isSingleStep: false
00:57:58.363 [FXGL Background Thread 3 ] DEBUG Engine               - isUserProfileEnabled: false
00:57:58.364 [FXGL Background Thread 3 ] DEBUG Engine               - isWindows: false
00:57:58.364 [FXGL Background Thread 3 ] DEBUG Engine               - language: ObjectProperty [value: ENGLISH]
00:57:58.364 [FXGL Background Thread 3 ] DEBUG Engine               - menuKey: ESCAPE
00:57:58.364 [FXGL Background Thread 3 ] DEBUG Engine               - mouseSensitivity: 0.2
00:57:58.364 [FXGL Background Thread 3 ] DEBUG Engine               - notificationViewClass: class com.almasb.fxgl.notification.view.XboxNotificationView
00:57:58.364 [FXGL Background Thread 3 ] DEBUG Engine               - pixelsPerMeter: 50.0
00:57:58.364 [FXGL Background Thread 3 ] DEBUG Engine               - platform: MAC
00:57:58.364 [FXGL Background Thread 3 ] DEBUG Engine               - prefHeightProperty: ReadOnlyDoubleProperty [value: 720.0]
00:57:58.364 [FXGL Background Thread 3 ] DEBUG Engine               - prefWidthProperty: ReadOnlyDoubleProperty [value: 1280.0]
00:57:58.364 [FXGL Background Thread 3 ] DEBUG Engine               - profileDir: profiles/
00:57:58.364 [FXGL Background Thread 3 ] DEBUG Engine               - profileName: StringProperty [value: DEFAULT]
00:57:58.364 [FXGL Background Thread 3 ] DEBUG Engine               - randomSeed: -1
00:57:58.365 [FXGL Background Thread 3 ] DEBUG Engine               - runtimeInfo: RuntimeInfo(platform=MAC, version=17.2, build=20.08.2022 16.50)
00:57:58.365 [FXGL Background Thread 3 ] DEBUG Engine               - saveFileExt: sav
00:57:58.365 [FXGL Background Thread 3 ] DEBUG Engine               - scaledHeightProp$fxgl: DoubleProperty [bound, value: 720.0]
00:57:58.365 [FXGL Background Thread 3 ] DEBUG Engine               - scaledWidthProp$fxgl: DoubleProperty [bound, value: 1280.0]
00:57:58.365 [FXGL Background Thread 3 ] DEBUG Engine               - sceneFactory: com.sunsofgod.PlatformerApp$1@1d108213
00:57:58.365 [FXGL Background Thread 3 ] DEBUG Engine               - secondsIn24h: 60
00:57:58.365 [FXGL Background Thread 3 ] DEBUG Engine               - soundMenuBack: menu/back.wav
00:57:58.365 [FXGL Background Thread 3 ] DEBUG Engine               - soundMenuPress: menu/press.wav
00:57:58.365 [FXGL Background Thread 3 ] DEBUG Engine               - soundMenuSelect: menu/select.wav
00:57:58.365 [FXGL Background Thread 3 ] DEBUG Engine               - soundNotification: core/notification.wav
00:57:58.365 [FXGL Background Thread 3 ] DEBUG Engine               - stageStyle: DECORATED
00:57:58.365 [FXGL Background Thread 3 ] DEBUG Engine               - supportedLanguages: [ENGLISH, FRENCH, GERMAN, HUNGARIAN, RUSSIAN]
00:57:58.365 [FXGL Background Thread 3 ] DEBUG Engine               - ticksPerSecond: -1
00:57:58.366 [FXGL Background Thread 3 ] DEBUG Engine               - title: Untitled
00:57:58.366 [FXGL Background Thread 3 ] DEBUG Engine               - urlGithub: https://github.com/AlmasB/FXGL
00:57:58.366 [FXGL Background Thread 3 ] DEBUG Engine               - urlLeaderboard: http://fxgl-top.herokuapp.com/
00:57:58.366 [FXGL Background Thread 3 ] DEBUG Engine               - urlPOM: https://raw.githubusercontent.com/AlmasB/FXGL/release/README.md
00:57:58.366 [FXGL Background Thread 3 ] DEBUG Engine               - userAppClass: class com.sunsofgod.PlatformerApp
00:57:58.366 [FXGL Background Thread 3 ] DEBUG Engine               - version: 0.0
00:57:58.366 [FXGL Background Thread 3 ] DEBUG Engine               - versionCheckDays: 7
00:57:58.366 [FXGL Background Thread 3 ] DEBUG Engine               - width: 1280
00:57:58.366 [FXGL Background Thread 3 ] DEBUG Engine               - Logging services
00:57:58.366 [FXGL Background Thread 3 ] DEBUG Engine               - class com.almasb.fxgl.app.services.FXGLAssetLoaderService
00:57:58.366 [FXGL Background Thread 3 ] DEBUG Engine               - class com.almasb.fxgl.app.FXGLApplication$GameApplicationService
00:57:58.366 [FXGL Background Thread 3 ] DEBUG Engine               - class com.almasb.fxgl.app.services.FXGLDialogService
00:57:58.366 [FXGL Background Thread 3 ] DEBUG Engine               - class com.almasb.fxgl.app.services.IOTaskExecutorService
00:57:58.367 [FXGL Background Thread 3 ] DEBUG Engine               - class com.almasb.fxgl.io.FileSystemService
00:57:58.367 [FXGL Background Thread 3 ] DEBUG Engine               - class com.almasb.fxgl.localization.LocalizationService
00:57:58.367 [FXGL Background Thread 3 ] DEBUG Engine               - class com.almasb.fxgl.app.services.SystemBundleService
00:57:58.367 [FXGL Background Thread 3 ] DEBUG Engine               - class com.almasb.fxgl.profile.SaveLoadService
00:57:58.367 [FXGL Background Thread 3 ] DEBUG Engine               - class com.almasb.fxgl.ui.FXGLUIFactoryServiceProvider
00:57:58.367 [FXGL Background Thread 3 ] DEBUG Engine               - class com.almasb.fxgl.ui.FXGLDialogFactoryServiceProvider
00:57:58.367 [FXGL Background Thread 3 ] DEBUG Engine               - class com.almasb.fxgl.audio.AudioPlayer
00:57:58.367 [FXGL Background Thread 3 ] DEBUG Engine               - class com.almasb.fxgl.notification.impl.NotificationServiceProvider
00:57:58.367 [FXGL Background Thread 3 ] DEBUG Engine               - class com.almasb.fxgl.achievement.AchievementService
00:57:58.367 [FXGL Background Thread 3 ] DEBUG Engine               - class com.almasb.fxgl.cutscene.CutsceneService
00:57:58.367 [FXGL Background Thread 3 ] DEBUG Engine               - class com.almasb.fxgl.minigames.MiniGameService
00:57:58.367 [FXGL Background Thread 3 ] DEBUG Engine               - class com.almasb.fxgl.net.NetService
00:57:58.367 [FXGL Background Thread 3 ] DEBUG Engine               - class com.almasb.fxgl.app.services.UpdaterService
00:57:58.367 [FXGL Background Thread 3 ] DEBUG Engine               - class com.almasb.fxgl.dev.DevService
00:57:59.351 [JavaFX Application Thread] DEBUG PrimaryStageWindow   - Pop state: WorldSelectScene
00:57:59.351 [JavaFX Application Thread] DEBUG Input                - Clearing active input actions
00:57:59.352 [JavaFX Application Thread] DEBUG GameApplicationServi - Removing overlay from WorldSelectScene and adding to RiderMainMenuScene
00:57:59.352 [JavaFX Application Thread] DEBUG PrimaryStageWindow   - RiderMainMenuScene <- WorldSelectScene
00:57:59.435 [JavaFX Application Thread] DEBUG PrimaryStageWindow   - Push state: LevelSelectScene
00:57:59.435 [JavaFX Application Thread] DEBUG Input                - Clearing active input actions
00:57:59.436 [JavaFX Application Thread] DEBUG GameApplicationServi - Removing overlay from RiderMainMenuScene and adding to LevelSelectScene
00:57:59.436 [JavaFX Application Thread] DEBUG PrimaryStageWindow   - RiderMainMenuScene -> LevelSelectScene
00:57:59.922 [JavaFX Application Thread] DEBUG Menu                 - fireNewGame()
00:57:59.922 [JavaFX Application Thread] DEBUG GameApplicationServi - Starting new game
00:57:59.922 [JavaFX Application Thread] DEBUG PrimaryStageWindow   - Pop state: LevelSelectScene
00:57:59.922 [JavaFX Application Thread] DEBUG Input                - Clearing active input actions
00:57:59.923 [JavaFX Application Thread] DEBUG GameApplicationServi - Removing overlay from LevelSelectScene and adding to RiderMainMenuScene
00:57:59.924 [JavaFX Application Thread] DEBUG PrimaryStageWindow   - RiderMainMenuScene <- LevelSelectScene
00:57:59.924 [JavaFX Application Thread] DEBUG PrimaryStageWindow   - Pop state: RiderMainMenuScene
00:57:59.924 [JavaFX Application Thread] DEBUG Input                - Clearing active input actions
00:57:59.925 [JavaFX Application Thread] DEBUG GameApplicationServi - Removing overlay from RiderMainMenuScene and adding to FXGLMainMenuDummyScene
00:57:59.925 [JavaFX Application Thread] DEBUG PrimaryStageWindow   - FXGLMainMenuDummyScene <- RiderMainMenuScene
00:57:59.925 [JavaFX Application Thread] DEBUG Input                - Clearing active input actions
00:57:59.928 [JavaFX Application Thread] DEBUG GameApplicationServi - Removing overlay from FXGLMainMenuDummyScene and adding to MainLoadingScene
00:57:59.933 [JavaFX Application Thread] DEBUG PrimaryStageWindow   - FXGLMainMenuDummyScene -> MainLoadingScene
00:57:59.933 [JavaFX Application Thread] DEBUG GameApplicationServi - Clearing previous game
00:57:59.934 [JavaFX Application Thread] DEBUG GameScene            - Clearing game scene
00:57:59.934 [JavaFX Application Thread] DEBUG GameWorld            - Clearing game world
00:57:59.934 [JavaFX Application Thread] DEBUG PhysicsWorld         - Clearing physics world
00:57:59.937 [FXGL Background Thread 2 ] DEBUG FXGLApplication      - Initializing game
00:57:59.963 [FXGL Background Thread 2 ] WARN  TMXLevelLoader       - TiledMap generated from 1.2.3. Supported version: 1.9.0. Some features may not be parsed fully.
00:57:59.967 [FXGL Background Thread 2 ] DEBUG TMXLevelLoader       - Parsed TiledMap: file:/Users/aaron/JavaFXGame/target/classes/assets/levels/tmx/level4.tmx
00:57:59.968 [FXGL Background Thread 2 ] DEBUG TMXLevelLoader       - Creating tile layer entities
00:57:59.970 [FXGL Background Thread 2 ] DEBUG TilesetLoader        - Loading view for layer Tile Layer 1
00:57:59.972 [FXGL Background Thread 2 ] DEBUG TilesetLoader        - Created buffer with size 1050.0x700.0
00:57:59.983 [FXGL Background Thread 2 ] DEBUG TMXLevelLoader       - Creating object layer entities
00:57:59.997 [FXGL Background Thread 2 ] DEBUG FXGLAssetLoaderServi - Loading from file system: file:/Users/aaron/JavaFXGame/target/classes/assets/textures/button.png
00:58:00.006 [FXGL Background Thread 2 ] DEBUG GameWorld            - Clearing removable entities
00:58:00.007 [FXGL Background Thread 2 ] DEBUG GameWorld            - Setting level: com.almasb.fxgl.entity.level.Level@72b1432a
00:58:00.022 [FXGL Background Thread 2 ] DEBUG Input                - Registered new binding: Jump0 - W
00:58:00.023 [FXGL Background Thread 2 ] DEBUG Input                - Registered new binding: Left0 - A
00:58:00.023 [FXGL Background Thread 2 ] DEBUG Input                - Registered new binding: Right0 - D
00:58:00.023 [FXGL Background Thread 2 ] DEBUG Input                - Registered new binding: Use0 - E
00:58:00.023 [FXGL Background Thread 2 ] DEBUG FXGLAssetLoaderServi - Loading from file system: file:/Users/aaron/JavaFXGame/target/classes/assets/textures/background/manila.png
00:58:00.036 [FXGL Background Thread 2 ] INFO  FXGLApplication      - Game initialization took: 0.099 sec
00:58:00.037 [JavaFX Application Thread] DEBUG Input                - Clearing active input actions
00:58:00.039 [JavaFX Application Thread] DEBUG GameApplicationServi - Removing overlay from MainLoadingScene and adding to GameScene
00:58:00.040 [JavaFX Application Thread] DEBUG PrimaryStageWindow   - MainLoadingScene -> GameScene
00:58:05.345 [JavaFX Application Thread] DEBUG FXGLApplication      - Exiting FXGL
00:58:05.345 [JavaFX Application Thread] DEBUG LoopRunner           - Stopping loop
00:58:05.345 [JavaFX Application Thread] DEBUG SystemBundleService  - Saving FXGL system data
00:58:05.348 [JavaFX Application Thread] DEBUG FileSystemAccess     - Writing to: /Users/aaron/JavaFXGame/system/fxgl.bundle
00:58:05.350 [JavaFX Application Thread] DEBUG Async                - Shutting down background threads
00:58:05.350 [JavaFX Application Thread] DEBUG PrimaryStageWindow   - Closing main window
00:58:05.374 [JavaFX Application Thread] DEBUG Logger               - Closing Logger
