01:17:21.092 [main                     ] DEBUG Logger               - Configured Logger
01:17:21.106 [main                     ] DEBUG GameApplication      - Logging settings
Title: Untitled
Version: 0.0
Width: 1280
Height: 720
Fullscreen: false
Intro: false
Profiling: false
Single step:false
App Mode: DEVELOPER
Menu Key: ESCAPE
Stage Style: DECORATED
Scene Factory: class com.sunsofgod.PlatformerApp$1

01:17:21.308 [JavaFX Application Thread] DEBUG FXGLApplication      - Initializing FXGL
01:17:21.311 [JavaFX Application Thread] INFO  Engine               - FXGL-17.2 (20.08.2022 16.50) on MAC (J:17.0.2 FX:17.0.12)
01:17:21.312 [JavaFX Application Thread] DEBUG Engine               - JRE Vendor Name: Oracle Corporation
01:17:21.312 [JavaFX Application Thread] DEBUG Engine               - Running on OS: Mac OS X version 15.1
01:17:21.312 [JavaFX Application Thread] DEBUG Engine               - Architecture: aarch64
01:17:21.312 [JavaFX Application Thread] INFO  Engine               - Source code and latest versions at: https://github.com/AlmasB/FXGL
01:17:21.312 [JavaFX Application Thread] INFO  Engine               -       Ask questions and discuss at: https://github.com/AlmasB/FXGL/discussions
01:17:21.312 [JavaFX Application Thread] INFO  Engine               -              Join the FXGL chat at: https://gitter.im/AlmasB/FXGL
01:17:21.352 [JavaFX Application Thread] DEBUG PrimaryStageWindow   - Creating a JavaFX scene
01:17:21.369 [JavaFX Application Thread] DEBUG PrimaryStageWindow   - Target settings size: 1280.0 x 720.0
01:17:21.369 [JavaFX Application Thread] DEBUG PrimaryStageWindow   - Scaled scene size:    1280.0 x 720.0
01:17:21.369 [JavaFX Application Thread] DEBUG PrimaryStageWindow   - Scaled ratio: (1.0, 1.0)
01:17:21.369 [JavaFX Application Thread] DEBUG PrimaryStageWindow   - Set initial scene to FXGLStartupScene
01:17:21.372 [JavaFX Application Thread] DEBUG PrimaryStageWindow   - Opening main window
01:17:21.425 [JavaFX Application Thread] DEBUG PrimaryStageWindow   - Window border size: (0.0, 28.0)
01:17:21.426 [JavaFX Application Thread] DEBUG PrimaryStageWindow   - Scaled size: 1280.0 x 720.0
01:17:21.426 [JavaFX Application Thread] DEBUG PrimaryStageWindow   - Scaled ratio: (1.0, 1.0)
01:17:21.426 [JavaFX Application Thread] DEBUG PrimaryStageWindow   - Scene size: 1280.0 x 720.0
01:17:21.426 [JavaFX Application Thread] DEBUG PrimaryStageWindow   - Stage size: 1280.0 x 748.0
01:17:21.431 [FXGL Background Thread 1 ] DEBUG Engine               - Initializing environment variables
01:17:21.453 [FXGL Background Thread 1 ] DEBUG FXGLAssetLoaderServi - User app class for loading assets: class com.sunsofgod.PlatformerApp
01:17:21.453 [FXGL Background Thread 1 ] DEBUG GameApplicationServi - Applying CSS: fxgl_dark.css
01:17:21.454 [FXGL Background Thread 1 ] DEBUG FXGLAssetLoaderServi - Loading from file system: jar:file:///Users/aaron/.m2/repository/com/github/almasb/fxgl/17.2/fxgl-17.2.jar!/fxglassets/ui/css/fxgl_dark.css
01:17:21.494 [FXGL Background Thread 1 ] DEBUG GameApplicationServi - Initializing application scenes
01:17:21.590 [FXGL Background Thread 1 ] WARN  FXGLAssetLoaderServi - Asset "/assets/textures/player.png" was not found!
01:17:21.590 [FXGL Background Thread 1 ] WARN  FXGLAssetLoaderServi - Failed to load IMAGE
01:17:21.606 [FXGL Background Thread 1 ] DEBUG GameWorld            - Game world initialized
01:17:21.636 [FXGL Background Thread 1 ] DEBUG PhysicsWorld         - Physics world initialized: appHeight=720, physics.ppm=50.0
01:17:21.636 [FXGL Background Thread 1 ] DEBUG PhysicsWorld         - Using strategy: BRUTE_FORCE
01:17:21.638 [FXGL Background Thread 1 ] DEBUG GameScene            - Game scene initialized: 1280x720
01:17:21.961 [FXGL Background Thread 1 ] DEBUG FXGL.DefaultMenu     - createMenuBodyGameMenu()
01:17:21.966 [FXGL Background Thread 1 ] DEBUG FXGL.DefaultMenu     - createOptionsMenu()
01:17:21.971 [FXGL Background Thread 1 ] DEBUG FXGLAssetLoaderServi - Loading from file system: jar:file:///Users/aaron/.m2/repository/com/github/almasb/fxgl/17.2/fxgl-17.2.jar!/fxglassets/textures/particles/smoke.png
01:17:22.006 [FXGL Background Thread 1 ] DEBUG FXGLAssetLoaderServi - Loading from file system: jar:file:///Users/aaron/.m2/repository/com/github/almasb/fxgl/17.2/fxgl-17.2.jar!/fxglassets/textures/particles/trace_horizontal.png
01:17:22.013 [FXGL Background Thread 1 ] DEBUG GameApplicationServi - Application scenes initialized
01:17:22.021 [FXGL Background Thread 1 ] DEBUG SystemBundleService  - Loading FXGL system data
01:17:22.023 [FXGL Background Thread 1 ] DEBUG FileSystemAccess     - Reading from: /Users/aaron/JavaFXGame/system/fxgl.bundle
01:17:22.029 [FXGL Background Thread 1 ] DEBUG SystemBundleService  - Bundle FXGL: {}
01:17:22.029 [FXGL Background Thread 1 ] DEBUG UpdaterService       - Checking for updates
01:17:22.046 [FXGL Background Thread 4 ] DEBUG FXGLApplication      - Loading fonts
01:17:22.046 [FXGL Background Thread 1 ] DEBUG FXGLApplication      - Loading default localization
01:17:22.046 [FXGL Background Thread 1 ] DEBUG FXGLAssetLoaderServi - Loading from file system: jar:file:///Users/aaron/.m2/repository/com/github/almasb/fxgl/17.2/fxgl-17.2.jar!/fxglassets/languages/english.lang
01:17:22.046 [FXGL Background Thread 4 ] DEBUG FXGLAssetLoaderServi - Loading from file system: jar:file:///Users/aaron/.m2/repository/com/github/almasb/fxgl/17.2/fxgl-17.2.jar!/fxglassets/ui/fonts/VarelaRound-Regular.ttf
01:17:22.056 [FXGL Background Thread 4 ] DEBUG FXGLAssetLoaderServi - Loading from file system: jar:file:///Users/aaron/.m2/repository/com/github/almasb/fxgl/17.2/fxgl-17.2.jar!/fxglassets/ui/fonts/Abel-Regular.ttf
01:17:22.059 [FXGL Background Thread 4 ] DEBUG FXGLAssetLoaderServi - Loading from file system: jar:file:///Users/aaron/.m2/repository/com/github/almasb/fxgl/17.2/fxgl-17.2.jar!/fxglassets/ui/fonts/TerminalLandMono-Regular.otf
01:17:22.062 [FXGL Background Thread 4 ] DEBUG FXGLAssetLoaderServi - Loading from file system: jar:file:///Users/aaron/.m2/repository/com/github/almasb/fxgl/17.2/fxgl-17.2.jar!/fxglassets/ui/fonts/Courier-Prime.ttf
01:17:22.066 [JavaFX Application Thread] DEBUG FXGLApplication      - Registering font factories with UI factory
01:17:22.066 [FXGL Background Thread 1 ] INFO  FXGLApplication      - FXGL initialization took: 0.635 sec
01:17:22.067 [JavaFX Application Thread] DEBUG FXGLAssetLoaderServi - Loading from file system: jar:file:///Users/aaron/.m2/repository/com/github/almasb/fxgl/17.2/fxgl-17.2.jar!/fxglassets/textures/fxgl_icon.png
01:17:22.077 [JavaFX Application Thread] DEBUG FXGLAssetLoaderServi - Loading from file system: jar:file:///Users/aaron/.m2/repository/com/github/almasb/fxgl/17.2/fxgl-17.2.jar!/fxglassets/textures/fxgl_default_cursor.png
01:17:22.081 [JavaFX Application Thread] DEBUG Input                - Registered new binding: Screenshot - CTRL+8
01:17:22.081 [JavaFX Application Thread] DEBUG Input                - Registered new binding: Dev Options - 1
01:17:22.081 [JavaFX Application Thread] DEBUG Input                - Registered new binding: Dev Console - 2
01:17:22.082 [JavaFX Application Thread] DEBUG Input                - Registered new binding: System info dump - CTRL+9
01:17:22.082 [JavaFX Application Thread] DEBUG Input                - Registered new binding: Restart - CTRL+R
01:17:22.082 [JavaFX Application Thread] DEBUG Input                - Registered new binding: Toggle Debug Camera - CTRL+7
01:17:22.083 [JavaFX Application Thread] DEBUG LoopRunner           - Starting loop
01:17:22.089 [JavaFX Application Thread] DEBUG LoopRunner           - Initializing JavaFX AnimationTimerLoop
01:17:22.090 [JavaFX Application Thread] DEBUG Input                - Clearing active input actions
01:17:22.093 [JavaFX Application Thread] DEBUG GameApplicationServi - Removing overlay from FXGLStartupScene and adding to FXGLMainMenuDummyScene
01:17:22.094 [JavaFX Application Thread] DEBUG PrimaryStageWindow   - FXGLStartupScene -> FXGLMainMenuDummyScene
01:17:22.094 [JavaFX Application Thread] DEBUG PrimaryStageWindow   - Push state: RiderMainMenuScene
01:17:22.094 [JavaFX Application Thread] DEBUG Input                - Clearing active input actions
01:17:22.097 [JavaFX Application Thread] DEBUG GameApplicationServi - Removing overlay from FXGLMainMenuDummyScene and adding to RiderMainMenuScene
01:17:22.097 [JavaFX Application Thread] DEBUG PrimaryStageWindow   - FXGLMainMenuDummyScene -> RiderMainMenuScene
01:17:22.331 [FXGL Background Thread 2 ] INFO  UpdaterService       - Your current version:  17.2
01:17:22.331 [FXGL Background Thread 2 ] INFO  UpdaterService       - Latest stable version: 21.1
01:17:25.050 [FXGL Background Thread 3 ] DEBUG Engine               - Logging environment variables
01:17:25.051 [FXGL Background Thread 3 ] DEBUG Engine               - achievements: []
01:17:25.052 [FXGL Background Thread 3 ] DEBUG Engine               - actualHeight: 720.0
01:17:25.052 [FXGL Background Thread 3 ] DEBUG Engine               - actualHeightProperty: ReadOnlyDoubleProperty [value: 720.0]
01:17:25.052 [FXGL Background Thread 3 ] DEBUG Engine               - actualWidth: 1280.0
01:17:25.052 [FXGL Background Thread 3 ] DEBUG Engine               - actualWidthProperty: ReadOnlyDoubleProperty [value: 1280.0]
01:17:25.053 [FXGL Background Thread 3 ] DEBUG Engine               - appIcon: fxgl_icon.png
01:17:25.053 [FXGL Background Thread 3 ] DEBUG Engine               - applicationMode: DEVELOPER
01:17:25.053 [FXGL Background Thread 3 ] DEBUG Engine               - cSSList: [fxgl_dark.css]
01:17:25.053 [FXGL Background Thread 3 ] DEBUG Engine               - collisionDetectionStrategy: BRUTE_FORCE
01:17:25.053 [FXGL Background Thread 3 ] DEBUG Engine               - configClass: Optional.empty
01:17:25.053 [FXGL Background Thread 3 ] DEBUG Engine               - credits: []
01:17:25.053 [FXGL Background Thread 3 ] DEBUG Engine               - defaultCursor: CursorInfo(imageName=fxgl_default_cursor.png, hotspotX=7.0, hotspotY=6.0)
01:17:25.057 [FXGL Background Thread 3 ] DEBUG Engine               - devBBoxColorProperty: ObjectProperty [value: 0xff0000ff]
01:17:25.058 [FXGL Background Thread 3 ] DEBUG Engine               - devEnableDebugCameraProperty: BooleanProperty [value: false]
01:17:25.058 [FXGL Background Thread 3 ] DEBUG Engine               - devSensorColorProperty: ObjectProperty [value: 0xffff00ff]
01:17:25.058 [FXGL Background Thread 3 ] DEBUG Engine               - devShowBBoxProperty: BooleanProperty [value: false]
01:17:25.058 [FXGL Background Thread 3 ] DEBUG Engine               - devShowPositionProperty: BooleanProperty [value: false]
01:17:25.058 [FXGL Background Thread 3 ] DEBUG Engine               - enabledMenuItems: []
01:17:25.059 [FXGL Background Thread 3 ] DEBUG Engine               - engineServices: [class com.almasb.fxgl.app.services.FXGLAssetLoaderService, class com.almasb.fxgl.app.FXGLApplication$GameApplicationService, class com.almasb.fxgl.app.services.FXGLDialogService, class com.almasb.fxgl.app.services.IOTaskExecutorService, class com.almasb.fxgl.io.FileSystemService, class com.almasb.fxgl.localization.LocalizationService, class com.almasb.fxgl.app.services.SystemBundleService, class com.almasb.fxgl.profile.SaveLoadService, class com.almasb.fxgl.ui.FXGLUIFactoryServiceProvider, class com.almasb.fxgl.ui.FXGLDialogFactoryServiceProvider, class com.almasb.fxgl.audio.AudioPlayer, class com.almasb.fxgl.notification.impl.NotificationServiceProvider, class com.almasb.fxgl.achievement.AchievementService, class com.almasb.fxgl.cutscene.CutsceneService, class com.almasb.fxgl.minigames.MiniGameService, class com.almasb.fxgl.net.NetService, class com.almasb.fxgl.app.services.UpdaterService, class com.almasb.fxgl.dev.DevService]
01:17:25.060 [FXGL Background Thread 3 ] DEBUG Engine               - fontGame: Abel-Regular.ttf
01:17:25.061 [FXGL Background Thread 3 ] DEBUG Engine               - fontMono: TerminalLandMono-Regular.otf
01:17:25.061 [FXGL Background Thread 3 ] DEBUG Engine               - fontText: Courier-Prime.ttf
01:17:25.061 [FXGL Background Thread 3 ] DEBUG Engine               - fontUI: VarelaRound-Regular.ttf
01:17:25.062 [FXGL Background Thread 3 ] DEBUG Engine               - fullScreen: BooleanProperty [value: false]
01:17:25.062 [FXGL Background Thread 3 ] DEBUG Engine               - gameDifficulty: MEDIUM
01:17:25.062 [FXGL Background Thread 3 ] DEBUG Engine               - gameDifficultyProperty: ObjectProperty [value: MEDIUM]
01:17:25.062 [FXGL Background Thread 3 ] DEBUG Engine               - globalMusicVolume: 0.5
01:17:25.062 [FXGL Background Thread 3 ] DEBUG Engine               - globalMusicVolumeProperty: DoubleProperty [value: 0.25]
01:17:25.063 [FXGL Background Thread 3 ] DEBUG Engine               - globalSoundVolume: 0.5
01:17:25.063 [FXGL Background Thread 3 ] DEBUG Engine               - globalSoundVolumeProperty: DoubleProperty [value: 0.5]
01:17:25.063 [FXGL Background Thread 3 ] DEBUG Engine               - height: 720
01:17:25.063 [FXGL Background Thread 3 ] DEBUG Engine               - is3D: false
01:17:25.063 [FXGL Background Thread 3 ] DEBUG Engine               - isAndroid: false
01:17:25.063 [FXGL Background Thread 3 ] DEBUG Engine               - isBrowser: false
01:17:25.063 [FXGL Background Thread 3 ] DEBUG Engine               - isClickFeedbackEnabled: false
01:17:25.063 [FXGL Background Thread 3 ] DEBUG Engine               - isCloseConfirmation: false
01:17:25.063 [FXGL Background Thread 3 ] DEBUG Engine               - isDesktop: true
01:17:25.063 [FXGL Background Thread 3 ] DEBUG Engine               - isDeveloperMenuEnabled: true
01:17:25.063 [FXGL Background Thread 3 ] DEBUG Engine               - isEmbedded: false
01:17:25.063 [FXGL Background Thread 3 ] DEBUG Engine               - isEntityPreloadEnabled: true
01:17:25.064 [FXGL Background Thread 3 ] DEBUG Engine               - isExperimentalTiledLargeMap: false
01:17:25.064 [FXGL Background Thread 3 ] DEBUG Engine               - isFileSystemWriteAllowed: true
01:17:25.064 [FXGL Background Thread 3 ] DEBUG Engine               - isFullScreenAllowed: false
01:17:25.064 [FXGL Background Thread 3 ] DEBUG Engine               - isFullScreenFromStart: false
01:17:25.064 [FXGL Background Thread 3 ] DEBUG Engine               - isGameMenuEnabled: true
01:17:25.064 [FXGL Background Thread 3 ] DEBUG Engine               - isIOS: false
01:17:25.064 [FXGL Background Thread 3 ] DEBUG Engine               - isIntroEnabled: false
01:17:25.064 [FXGL Background Thread 3 ] DEBUG Engine               - isLinux: false
01:17:25.064 [FXGL Background Thread 3 ] DEBUG Engine               - isMac: true
01:17:25.064 [FXGL Background Thread 3 ] DEBUG Engine               - isMainMenuEnabled: true
01:17:25.064 [FXGL Background Thread 3 ] DEBUG Engine               - isManualResizeEnabled: false
01:17:25.064 [FXGL Background Thread 3 ] DEBUG Engine               - isMobile: false
01:17:25.065 [FXGL Background Thread 3 ] DEBUG Engine               - isNative: false
01:17:25.065 [FXGL Background Thread 3 ] DEBUG Engine               - isPauseMusicWhenMinimized: true
01:17:25.065 [FXGL Background Thread 3 ] DEBUG Engine               - isPreserveResizeRatio: false
01:17:25.065 [FXGL Background Thread 3 ] DEBUG Engine               - isProfilingEnabled: false
01:17:25.065 [FXGL Background Thread 3 ] DEBUG Engine               - isScaleAffectedOnResize: true
01:17:25.065 [FXGL Background Thread 3 ] DEBUG Engine               - isSingleStep: false
01:17:25.065 [FXGL Background Thread 3 ] DEBUG Engine               - isUserProfileEnabled: false
01:17:25.065 [FXGL Background Thread 3 ] DEBUG Engine               - isWindows: false
01:17:25.065 [FXGL Background Thread 3 ] DEBUG Engine               - language: ObjectProperty [value: ENGLISH]
01:17:25.065 [FXGL Background Thread 3 ] DEBUG Engine               - menuKey: ESCAPE
01:17:25.065 [FXGL Background Thread 3 ] DEBUG Engine               - mouseSensitivity: 0.2
01:17:25.065 [FXGL Background Thread 3 ] DEBUG Engine               - notificationViewClass: class com.almasb.fxgl.notification.view.XboxNotificationView
01:17:25.065 [FXGL Background Thread 3 ] DEBUG Engine               - pixelsPerMeter: 50.0
01:17:25.065 [FXGL Background Thread 3 ] DEBUG Engine               - platform: MAC
01:17:25.065 [FXGL Background Thread 3 ] DEBUG Engine               - prefHeightProperty: ReadOnlyDoubleProperty [value: 720.0]
01:17:25.065 [FXGL Background Thread 3 ] DEBUG Engine               - prefWidthProperty: ReadOnlyDoubleProperty [value: 1280.0]
01:17:25.066 [FXGL Background Thread 3 ] DEBUG Engine               - profileDir: profiles/
01:17:25.066 [FXGL Background Thread 3 ] DEBUG Engine               - profileName: StringProperty [value: DEFAULT]
01:17:25.066 [FXGL Background Thread 3 ] DEBUG Engine               - randomSeed: -1
01:17:25.066 [FXGL Background Thread 3 ] DEBUG Engine               - runtimeInfo: RuntimeInfo(platform=MAC, version=17.2, build=20.08.2022 16.50)
01:17:25.066 [FXGL Background Thread 3 ] DEBUG Engine               - saveFileExt: sav
01:17:25.066 [FXGL Background Thread 3 ] DEBUG Engine               - scaledHeightProp$fxgl: DoubleProperty [bound, value: 720.0]
01:17:25.066 [FXGL Background Thread 3 ] DEBUG Engine               - scaledWidthProp$fxgl: DoubleProperty [bound, value: 1280.0]
01:17:25.066 [FXGL Background Thread 3 ] DEBUG Engine               - sceneFactory: com.sunsofgod.PlatformerApp$1@4a3f9771
01:17:25.066 [FXGL Background Thread 3 ] DEBUG Engine               - secondsIn24h: 60
01:17:25.066 [FXGL Background Thread 3 ] DEBUG Engine               - soundMenuBack: menu/back.wav
01:17:25.067 [FXGL Background Thread 3 ] DEBUG Engine               - soundMenuPress: menu/press.wav
01:17:25.067 [FXGL Background Thread 3 ] DEBUG Engine               - soundMenuSelect: menu/select.wav
01:17:25.067 [FXGL Background Thread 3 ] DEBUG Engine               - soundNotification: core/notification.wav
01:17:25.067 [FXGL Background Thread 3 ] DEBUG Engine               - stageStyle: DECORATED
01:17:25.067 [FXGL Background Thread 3 ] DEBUG Engine               - supportedLanguages: [ENGLISH, FRENCH, GERMAN, HUNGARIAN, RUSSIAN]
01:17:25.067 [FXGL Background Thread 3 ] DEBUG Engine               - ticksPerSecond: -1
01:17:25.067 [FXGL Background Thread 3 ] DEBUG Engine               - title: Untitled
01:17:25.067 [FXGL Background Thread 3 ] DEBUG Engine               - urlGithub: https://github.com/AlmasB/FXGL
01:17:25.067 [FXGL Background Thread 3 ] DEBUG Engine               - urlLeaderboard: http://fxgl-top.herokuapp.com/
01:17:25.067 [FXGL Background Thread 3 ] DEBUG Engine               - urlPOM: https://raw.githubusercontent.com/AlmasB/FXGL/release/README.md
01:17:25.067 [FXGL Background Thread 3 ] DEBUG Engine               - userAppClass: class com.sunsofgod.PlatformerApp
01:17:25.068 [FXGL Background Thread 3 ] DEBUG Engine               - version: 0.0
01:17:25.068 [FXGL Background Thread 3 ] DEBUG Engine               - versionCheckDays: 7
01:17:25.068 [FXGL Background Thread 3 ] DEBUG Engine               - width: 1280
01:17:25.068 [FXGL Background Thread 3 ] DEBUG Engine               - Logging services
01:17:25.068 [FXGL Background Thread 3 ] DEBUG Engine               - class com.almasb.fxgl.app.services.FXGLAssetLoaderService
01:17:25.069 [FXGL Background Thread 3 ] DEBUG Engine               - class com.almasb.fxgl.app.FXGLApplication$GameApplicationService
01:17:25.069 [FXGL Background Thread 3 ] DEBUG Engine               - class com.almasb.fxgl.app.services.FXGLDialogService
01:17:25.069 [FXGL Background Thread 3 ] DEBUG Engine               - class com.almasb.fxgl.app.services.IOTaskExecutorService
01:17:25.069 [FXGL Background Thread 3 ] DEBUG Engine               - class com.almasb.fxgl.io.FileSystemService
01:17:25.069 [FXGL Background Thread 3 ] DEBUG Engine               - class com.almasb.fxgl.localization.LocalizationService
01:17:25.070 [FXGL Background Thread 3 ] DEBUG Engine               - class com.almasb.fxgl.app.services.SystemBundleService
01:17:25.070 [FXGL Background Thread 3 ] DEBUG Engine               - class com.almasb.fxgl.profile.SaveLoadService
01:17:25.070 [FXGL Background Thread 3 ] DEBUG Engine               - class com.almasb.fxgl.ui.FXGLUIFactoryServiceProvider
01:17:25.071 [FXGL Background Thread 3 ] DEBUG Engine               - class com.almasb.fxgl.ui.FXGLDialogFactoryServiceProvider
01:17:25.071 [FXGL Background Thread 3 ] DEBUG Engine               - class com.almasb.fxgl.audio.AudioPlayer
01:17:25.072 [FXGL Background Thread 3 ] DEBUG Engine               - class com.almasb.fxgl.notification.impl.NotificationServiceProvider
01:17:25.072 [FXGL Background Thread 3 ] DEBUG Engine               - class com.almasb.fxgl.achievement.AchievementService
01:17:25.072 [FXGL Background Thread 3 ] DEBUG Engine               - class com.almasb.fxgl.cutscene.CutsceneService
01:17:25.072 [FXGL Background Thread 3 ] DEBUG Engine               - class com.almasb.fxgl.minigames.MiniGameService
01:17:25.072 [FXGL Background Thread 3 ] DEBUG Engine               - class com.almasb.fxgl.net.NetService
01:17:25.073 [FXGL Background Thread 3 ] DEBUG Engine               - class com.almasb.fxgl.app.services.UpdaterService
01:17:25.073 [FXGL Background Thread 3 ] DEBUG Engine               - class com.almasb.fxgl.dev.DevService
01:17:30.386 [JavaFX Application Thread] DEBUG PrimaryStageWindow   - Push state: PlayerSelectScene
01:17:30.386 [JavaFX Application Thread] DEBUG Input                - Clearing active input actions
01:17:30.387 [JavaFX Application Thread] DEBUG GameApplicationServi - Removing overlay from RiderMainMenuScene and adding to PlayerSelectScene
01:17:30.388 [JavaFX Application Thread] DEBUG PrimaryStageWindow   - RiderMainMenuScene -> PlayerSelectScene
01:17:32.093 [JavaFX Application Thread] DEBUG PrimaryStageWindow   - Push state: LevelSelectScene
01:17:32.093 [JavaFX Application Thread] DEBUG Input                - Clearing active input actions
01:17:32.093 [JavaFX Application Thread] DEBUG GameApplicationServi - Removing overlay from PlayerSelectScene and adding to LevelSelectScene
01:17:32.094 [JavaFX Application Thread] DEBUG PrimaryStageWindow   - PlayerSelectScene -> LevelSelectScene
01:17:33.823 [JavaFX Application Thread] DEBUG Menu                 - fireNewGame()
01:17:33.823 [JavaFX Application Thread] DEBUG GameApplicationServi - Starting new game
01:17:33.824 [JavaFX Application Thread] DEBUG PrimaryStageWindow   - Pop state: LevelSelectScene
01:17:33.824 [JavaFX Application Thread] DEBUG Input                - Clearing active input actions
01:17:33.824 [JavaFX Application Thread] DEBUG GameApplicationServi - Removing overlay from LevelSelectScene and adding to PlayerSelectScene
01:17:33.825 [JavaFX Application Thread] DEBUG PrimaryStageWindow   - PlayerSelectScene <- LevelSelectScene
01:17:33.825 [JavaFX Application Thread] DEBUG PrimaryStageWindow   - Pop state: PlayerSelectScene
01:17:33.826 [JavaFX Application Thread] DEBUG Input                - Clearing active input actions
01:17:33.826 [JavaFX Application Thread] DEBUG GameApplicationServi - Removing overlay from PlayerSelectScene and adding to RiderMainMenuScene
01:17:33.826 [JavaFX Application Thread] DEBUG PrimaryStageWindow   - RiderMainMenuScene <- PlayerSelectScene
01:17:33.826 [JavaFX Application Thread] DEBUG PrimaryStageWindow   - Pop state: RiderMainMenuScene
01:17:33.826 [JavaFX Application Thread] DEBUG Input                - Clearing active input actions
01:17:33.826 [JavaFX Application Thread] DEBUG GameApplicationServi - Removing overlay from RiderMainMenuScene and adding to FXGLMainMenuDummyScene
01:17:33.828 [JavaFX Application Thread] DEBUG PrimaryStageWindow   - FXGLMainMenuDummyScene <- RiderMainMenuScene
01:17:33.828 [JavaFX Application Thread] DEBUG Input                - Clearing active input actions
01:17:33.831 [JavaFX Application Thread] DEBUG GameApplicationServi - Removing overlay from FXGLMainMenuDummyScene and adding to MainLoadingScene
01:17:33.831 [JavaFX Application Thread] DEBUG PrimaryStageWindow   - FXGLMainMenuDummyScene -> MainLoadingScene
01:17:33.831 [JavaFX Application Thread] DEBUG GameApplicationServi - Clearing previous game
01:17:33.831 [JavaFX Application Thread] DEBUG GameScene            - Clearing game scene
01:17:33.832 [JavaFX Application Thread] DEBUG GameWorld            - Clearing game world
01:17:33.832 [JavaFX Application Thread] DEBUG PhysicsWorld         - Clearing physics world
01:17:33.833 [FXGL Background Thread 2 ] DEBUG FXGLApplication      - Initializing game
01:17:33.850 [FXGL Background Thread 2 ] WARN  TMXLevelLoader       - TiledMap generated from 1.11.0. Supported version: 1.9.0. Some features may not be parsed fully.
01:17:33.855 [FXGL Background Thread 2 ] DEBUG TMXLevelLoader       - Parsed TiledMap: file:/Users/aaron/JavaFXGame/target/classes/assets/levels/tmx/level1.tmx
01:17:33.856 [FXGL Background Thread 2 ] DEBUG TMXLevelLoader       - Creating tile layer entities
01:17:33.856 [FXGL Background Thread 2 ] DEBUG TilesetLoader        - Loading view for layer Tile Layer 1
01:17:33.862 [FXGL Background Thread 2 ] DEBUG TilesetLoader        - Created buffer with size 1050.0x700.0
01:17:33.872 [FXGL Background Thread 2 ] DEBUG TMXLevelLoader       - Creating object layer entities
01:17:33.888 [FXGL Background Thread 2 ] DEBUG FXGLAssetLoaderServi - Loading from file system: file:/Users/aaron/JavaFXGame/target/classes/assets/textures/button.png
01:17:33.892 [FXGL Background Thread 2 ] DEBUG GameWorld            - Clearing removable entities
01:17:33.892 [FXGL Background Thread 2 ] DEBUG GameWorld            - Setting level: com.almasb.fxgl.entity.level.Level@644ac7a5
01:17:33.896 [FXGL Background Thread 2 ] DEBUG FXGLAssetLoaderServi - Loading from file system: file:/Users/aaron/JavaFXGame/target/classes/assets/textures/player1.png
01:17:33.905 [FXGL Background Thread 2 ] DEBUG Input                - Registered new binding: Jump0 - W
01:17:33.905 [FXGL Background Thread 2 ] DEBUG Input                - Registered new binding: Left0 - A
01:17:33.906 [FXGL Background Thread 2 ] DEBUG Input                - Registered new binding: Right0 - D
01:17:33.906 [FXGL Background Thread 2 ] DEBUG Input                - Registered new binding: Use0 - E
01:17:33.906 [FXGL Background Thread 2 ] DEBUG FXGLAssetLoaderServi - Loading from file system: file:/Users/aaron/JavaFXGame/target/classes/assets/textures/background/manila.png
01:17:33.921 [FXGL Background Thread 2 ] INFO  FXGLApplication      - Game initialization took: 0.088 sec
01:17:33.922 [JavaFX Application Thread] DEBUG Input                - Clearing active input actions
01:17:33.924 [JavaFX Application Thread] DEBUG GameApplicationServi - Removing overlay from MainLoadingScene and adding to GameScene
01:17:33.925 [JavaFX Application Thread] DEBUG PrimaryStageWindow   - MainLoadingScene -> GameScene
01:17:36.102 [JavaFX Application Thread] DEBUG FXGLAssetLoaderServi - Loading from file system: file:/Users/aaron/JavaFXGame/target/classes/assets/textures/exit_sign.png
01:17:50.371 [JavaFX Application Thread] DEBUG Input                - Clearing active input actions
01:17:52.667 [JavaFX Application Thread] WARN  TMXLevelLoader       - TiledMap generated from 1.11.0. Supported version: 1.9.0. Some features may not be parsed fully.
01:17:52.668 [JavaFX Application Thread] DEBUG TMXLevelLoader       - Parsed TiledMap: file:/Users/aaron/JavaFXGame/target/classes/assets/levels/tmx/level2.tmx
01:17:52.668 [JavaFX Application Thread] DEBUG TMXLevelLoader       - Creating tile layer entities
01:17:52.669 [JavaFX Application Thread] DEBUG TilesetLoader        - Loading view for layer Tile Layer 1
01:17:52.673 [JavaFX Application Thread] DEBUG TilesetLoader        - Created buffer with size 1050.0x700.0
01:17:52.682 [JavaFX Application Thread] DEBUG TMXLevelLoader       - Creating object layer entities
01:17:52.684 [JavaFX Application Thread] DEBUG GameWorld            - Clearing removable entities
01:17:52.685 [JavaFX Application Thread] DEBUG GameWorld            - Setting level: com.almasb.fxgl.entity.level.Level@d68d7bd
01:17:52.918 [JavaFX Application Thread] WARN  GameWorld            - Attempted to remove entity which is not active
01:18:05.271 [JavaFX Application Thread] WARN  TMXLevelLoader       - TiledMap generated from 1.11.0. Supported version: 1.9.0. Some features may not be parsed fully.
01:18:05.272 [JavaFX Application Thread] DEBUG TMXLevelLoader       - Parsed TiledMap: file:/Users/aaron/JavaFXGame/target/classes/assets/levels/tmx/level2.tmx
01:18:05.272 [JavaFX Application Thread] DEBUG TMXLevelLoader       - Creating tile layer entities
01:18:05.273 [JavaFX Application Thread] DEBUG TilesetLoader        - Loading view for layer Tile Layer 1
01:18:05.279 [JavaFX Application Thread] DEBUG TilesetLoader        - Created buffer with size 1050.0x700.0
01:18:05.289 [JavaFX Application Thread] DEBUG TMXLevelLoader       - Creating object layer entities
01:18:05.292 [JavaFX Application Thread] DEBUG GameWorld            - Clearing removable entities
01:18:05.292 [JavaFX Application Thread] DEBUG GameWorld            - Setting level: com.almasb.fxgl.entity.level.Level@3c592ebc
01:18:06.318 [JavaFX Application Thread] WARN  TMXLevelLoader       - TiledMap generated from 1.11.0. Supported version: 1.9.0. Some features may not be parsed fully.
01:18:06.319 [JavaFX Application Thread] DEBUG TMXLevelLoader       - Parsed TiledMap: file:/Users/aaron/JavaFXGame/target/classes/assets/levels/tmx/level2.tmx
01:18:06.319 [JavaFX Application Thread] DEBUG TMXLevelLoader       - Creating tile layer entities
01:18:06.319 [JavaFX Application Thread] DEBUG TilesetLoader        - Loading view for layer Tile Layer 1
01:18:06.331 [JavaFX Application Thread] DEBUG TilesetLoader        - Created buffer with size 1050.0x700.0
01:18:06.342 [JavaFX Application Thread] DEBUG TMXLevelLoader       - Creating object layer entities
01:18:06.344 [JavaFX Application Thread] DEBUG GameWorld            - Clearing removable entities
01:18:06.345 [JavaFX Application Thread] DEBUG GameWorld            - Setting level: com.almasb.fxgl.entity.level.Level@59f45ba5
01:18:07.260 [JavaFX Application Thread] DEBUG FXGLApplication      - Exiting FXGL
01:18:07.260 [JavaFX Application Thread] DEBUG LoopRunner           - Stopping loop
01:18:07.260 [JavaFX Application Thread] DEBUG SystemBundleService  - Saving FXGL system data
01:18:07.263 [JavaFX Application Thread] DEBUG FileSystemAccess     - Writing to: /Users/aaron/JavaFXGame/system/fxgl.bundle
01:18:07.264 [JavaFX Application Thread] DEBUG Async                - Shutting down background threads
01:18:07.264 [JavaFX Application Thread] DEBUG PrimaryStageWindow   - Closing main window
01:18:07.270 [JavaFX Application Thread] DEBUG Logger               - Closing Logger
