18:24:40.285 [main                     ] DEBUG Logger               - Configured Logger
18:24:40.295 [main                     ] DEBUG GameApplication      - Logging settings
Title: Untitled
Version: 0.0
Width: 1280
Height: 720
Fullscreen: false
Intro: false
Profiling: false
Single step:false
App Mode: DEVELOPER
Menu Key: ESCAPE
Stage Style: DECORATED
Scene Factory: class com.sunsofgod.PlatformerApp$1

18:24:40.529 [JavaFX Application Thread] DEBUG FXGLApplication      - Initializing FXGL
18:24:40.533 [JavaFX Application Thread] INFO  Engine               - FXGL-17.2 (20.08.2022 16.50) on WINDOWS (J:21.0.4 FX:17.0.12)
18:24:40.534 [JavaFX Application Thread] DEBUG Engine               - JRE Vendor Name: Eclipse Adoptium
18:24:40.534 [JavaFX Application Thread] DEBUG Engine               - Running on OS: Windows 11 version 10.0
18:24:40.534 [JavaFX Application Thread] DEBUG Engine               - Architecture: amd64
18:24:40.534 [JavaFX Application Thread] INFO  Engine               - Source code and latest versions at: https://github.com/AlmasB/FXGL
18:24:40.534 [JavaFX Application Thread] INFO  Engine               -       Ask questions and discuss at: https://github.com/AlmasB/FXGL/discussions
18:24:40.535 [JavaFX Application Thread] INFO  Engine               -              Join the FXGL chat at: https://gitter.im/AlmasB/FXGL
18:24:40.596 [JavaFX Application Thread] DEBUG PrimaryStageWindow   - Creating a JavaFX scene
18:24:40.626 [JavaFX Application Thread] DEBUG PrimaryStageWindow   - Target settings size: 1280.0 x 720.0
18:24:40.626 [JavaFX Application Thread] DEBUG PrimaryStageWindow   - Scaled scene size:    1280.0 x 720.0
18:24:40.626 [JavaFX Application Thread] DEBUG PrimaryStageWindow   - Scaled ratio: (1.0, 1.0)
18:24:40.627 [JavaFX Application Thread] DEBUG PrimaryStageWindow   - Set initial scene to FXGLStartupScene
18:24:40.631 [JavaFX Application Thread] DEBUG PrimaryStageWindow   - Opening main window
18:24:40.698 [JavaFX Application Thread] DEBUG PrimaryStageWindow   - Window border size: (14.4000244140625, 37.5999755859375)
18:24:40.698 [JavaFX Application Thread] DEBUG PrimaryStageWindow   - Scaled size: 1280.0 x 720.0
18:24:40.698 [JavaFX Application Thread] DEBUG PrimaryStageWindow   - Scaled ratio: (1.0, 1.0)
18:24:40.698 [JavaFX Application Thread] DEBUG PrimaryStageWindow   - Scene size: 1280.0 x 720.0
18:24:40.698 [JavaFX Application Thread] DEBUG PrimaryStageWindow   - Stage size: 1294.4000244140625 x 757.5999755859375
18:24:40.705 [FXGL Background Thread 1 ] DEBUG Engine               - Initializing environment variables
18:24:40.735 [FXGL Background Thread 1 ] DEBUG FXGLAssetLoaderServi - User app class for loading assets: class com.sunsofgod.PlatformerApp
18:24:40.735 [FXGL Background Thread 1 ] DEBUG GameApplicationServi - Applying CSS: fxgl_dark.css
18:24:40.736 [FXGL Background Thread 1 ] DEBUG FXGLAssetLoaderServi - Loading from file system: jar:file:///C:/Users/jamie/.m2/repository/com/github/almasb/fxgl/17.2/fxgl-17.2.jar!/fxglassets/ui/css/fxgl_dark.css
18:24:40.769 [FXGL Background Thread 1 ] DEBUG GameApplicationServi - Initializing application scenes
18:24:40.799 [FXGL Background Thread 1 ] WARN  FXGLAssetLoaderServi - Asset "/assets/textures/player.png" was not found!
18:24:40.799 [FXGL Background Thread 1 ] WARN  FXGLAssetLoaderServi - Failed to load IMAGE
18:24:40.829 [FXGL Background Thread 1 ] DEBUG GameWorld            - Game world initialized
18:24:40.861 [FXGL Background Thread 1 ] DEBUG PhysicsWorld         - Physics world initialized: appHeight=720, physics.ppm=50.0
18:24:40.861 [FXGL Background Thread 1 ] DEBUG PhysicsWorld         - Using strategy: BRUTE_FORCE
18:24:40.864 [FXGL Background Thread 1 ] DEBUG GameScene            - Game scene initialized: 1280x720
18:24:41.538 [FXGL Background Thread 1 ] DEBUG GameApplicationServi - Application scenes initialized
18:24:41.546 [FXGL Background Thread 1 ] DEBUG SystemBundleService  - Loading FXGL system data
18:24:41.550 [FXGL Background Thread 1 ] DEBUG FileSystemAccess     - Reading from: C:\Users\jamie\OneDrive\Pictures\JavaFXGame\system\fxgl.bundle
18:24:41.556 [FXGL Background Thread 1 ] DEBUG SystemBundleService  - Bundle FXGL: {}
18:24:41.557 [FXGL Background Thread 1 ] DEBUG UpdaterService       - Checking for updates
18:24:41.572 [FXGL Background Thread 4 ] DEBUG FXGLApplication      - Loading fonts
18:24:41.573 [FXGL Background Thread 1 ] DEBUG FXGLApplication      - Loading default localization
18:24:41.573 [FXGL Background Thread 4 ] DEBUG FXGLAssetLoaderServi - Loading from file system: jar:file:///C:/Users/jamie/.m2/repository/com/github/almasb/fxgl/17.2/fxgl-17.2.jar!/fxglassets/ui/fonts/VarelaRound-Regular.ttf
18:24:41.573 [FXGL Background Thread 1 ] DEBUG FXGLAssetLoaderServi - Loading from file system: jar:file:///C:/Users/jamie/.m2/repository/com/github/almasb/fxgl/17.2/fxgl-17.2.jar!/fxglassets/languages/english.lang
18:24:41.584 [FXGL Background Thread 1 ] INFO  FXGLApplication      - FXGL initialization took: 0.879 sec
18:24:41.586 [JavaFX Application Thread] DEBUG FXGLAssetLoaderServi - Loading from file system: jar:file:///C:/Users/jamie/.m2/repository/com/github/almasb/fxgl/17.2/fxgl-17.2.jar!/fxglassets/textures/fxgl_icon.png
18:24:41.595 [JavaFX Application Thread] DEBUG FXGLAssetLoaderServi - Loading from file system: jar:file:///C:/Users/jamie/.m2/repository/com/github/almasb/fxgl/17.2/fxgl-17.2.jar!/fxglassets/textures/fxgl_default_cursor.png
18:24:41.596 [FXGL Background Thread 4 ] DEBUG FXGLAssetLoaderServi - Loading from file system: jar:file:///C:/Users/jamie/.m2/repository/com/github/almasb/fxgl/17.2/fxgl-17.2.jar!/fxglassets/ui/fonts/Abel-Regular.ttf
18:24:41.598 [FXGL Background Thread 4 ] DEBUG FXGLAssetLoaderServi - Loading from file system: jar:file:///C:/Users/jamie/.m2/repository/com/github/almasb/fxgl/17.2/fxgl-17.2.jar!/fxglassets/ui/fonts/TerminalLandMono-Regular.otf
18:24:41.601 [FXGL Background Thread 4 ] DEBUG FXGLAssetLoaderServi - Loading from file system: jar:file:///C:/Users/jamie/.m2/repository/com/github/almasb/fxgl/17.2/fxgl-17.2.jar!/fxglassets/ui/fonts/Courier-Prime.ttf
18:24:41.602 [JavaFX Application Thread] DEBUG Input                - Registered new binding: Screenshot - CTRL+8
18:24:41.602 [JavaFX Application Thread] DEBUG Input                - Registered new binding: Dev Options - 1
18:24:41.602 [JavaFX Application Thread] DEBUG Input                - Registered new binding: Dev Console - 2
18:24:41.602 [JavaFX Application Thread] DEBUG Input                - Registered new binding: System info dump - CTRL+9
18:24:41.602 [JavaFX Application Thread] DEBUG Input                - Registered new binding: Restart - CTRL+R
18:24:41.603 [JavaFX Application Thread] DEBUG Input                - Registered new binding: Toggle Debug Camera - CTRL+7
18:24:41.606 [JavaFX Application Thread] DEBUG LoopRunner           - Starting loop
18:24:41.615 [JavaFX Application Thread] DEBUG LoopRunner           - Initializing JavaFX AnimationTimerLoop
18:24:41.617 [JavaFX Application Thread] DEBUG Input                - Clearing active input actions
18:24:41.624 [JavaFX Application Thread] DEBUG GameApplicationServi - Removing overlay from FXGLStartupScene and adding to FXGLMainMenuDummyScene
18:24:41.626 [JavaFX Application Thread] DEBUG PrimaryStageWindow   - FXGLStartupScene -> FXGLMainMenuDummyScene
18:24:41.626 [JavaFX Application Thread] DEBUG PrimaryStageWindow   - Push state: RiderMainMenuScene
18:24:41.626 [JavaFX Application Thread] DEBUG Input                - Clearing active input actions
18:24:41.631 [JavaFX Application Thread] DEBUG GameApplicationServi - Removing overlay from FXGLMainMenuDummyScene and adding to RiderMainMenuScene
18:24:41.631 [JavaFX Application Thread] DEBUG PrimaryStageWindow   - FXGLMainMenuDummyScene -> RiderMainMenuScene
18:24:41.748 [JavaFX Application Thread] DEBUG FXGLApplication      - Registering font factories with UI factory
18:24:42.019 [FXGL Background Thread 2 ] INFO  UpdaterService       - Your current version:  17.2
18:24:42.020 [FXGL Background Thread 2 ] INFO  UpdaterService       - Latest stable version: 21.1
18:24:43.092 [JavaFX Application Thread] DEBUG PrimaryStageWindow   - Push state: PlayerSelectScene
18:24:43.093 [JavaFX Application Thread] DEBUG Input                - Clearing active input actions
18:24:43.093 [JavaFX Application Thread] DEBUG GameApplicationServi - Removing overlay from RiderMainMenuScene and adding to PlayerSelectScene
18:24:43.094 [JavaFX Application Thread] DEBUG PrimaryStageWindow   - RiderMainMenuScene -> PlayerSelectScene
18:24:44.573 [FXGL Background Thread 3 ] DEBUG Engine               - Logging environment variables
18:24:44.573 [FXGL Background Thread 3 ] DEBUG Engine               - achievements: []
18:24:44.573 [FXGL Background Thread 3 ] DEBUG Engine               - actualHeight: 720.0
18:24:44.574 [FXGL Background Thread 3 ] DEBUG Engine               - actualHeightProperty: ReadOnlyDoubleProperty [value: 720.0]
18:24:44.574 [FXGL Background Thread 3 ] DEBUG Engine               - actualWidth: 1280.0
18:24:44.574 [FXGL Background Thread 3 ] DEBUG Engine               - actualWidthProperty: ReadOnlyDoubleProperty [value: 1280.0]
18:24:44.574 [FXGL Background Thread 3 ] DEBUG Engine               - appIcon: fxgl_icon.png
18:24:44.574 [FXGL Background Thread 3 ] DEBUG Engine               - applicationMode: DEVELOPER
18:24:44.574 [FXGL Background Thread 3 ] DEBUG Engine               - cSSList: [fxgl_dark.css]
18:24:44.574 [FXGL Background Thread 3 ] DEBUG Engine               - collisionDetectionStrategy: BRUTE_FORCE
18:24:44.574 [FXGL Background Thread 3 ] DEBUG Engine               - configClass: Optional.empty
18:24:44.574 [FXGL Background Thread 3 ] DEBUG Engine               - credits: []
18:24:44.575 [FXGL Background Thread 3 ] DEBUG Engine               - defaultCursor: CursorInfo(imageName=fxgl_default_cursor.png, hotspotX=7.0, hotspotY=6.0)
18:24:44.575 [FXGL Background Thread 3 ] DEBUG Engine               - devBBoxColorProperty: ObjectProperty [value: 0xff0000ff]
18:24:44.575 [FXGL Background Thread 3 ] DEBUG Engine               - devEnableDebugCameraProperty: BooleanProperty [value: false]
18:24:44.575 [FXGL Background Thread 3 ] DEBUG Engine               - devSensorColorProperty: ObjectProperty [value: 0xffff00ff]
18:24:44.575 [FXGL Background Thread 3 ] DEBUG Engine               - devShowBBoxProperty: BooleanProperty [value: false]
18:24:44.575 [FXGL Background Thread 3 ] DEBUG Engine               - devShowPositionProperty: BooleanProperty [value: false]
18:24:44.575 [FXGL Background Thread 3 ] DEBUG Engine               - enabledMenuItems: []
18:24:44.575 [FXGL Background Thread 3 ] DEBUG Engine               - engineServices: [class com.almasb.fxgl.app.services.FXGLAssetLoaderService, class com.almasb.fxgl.app.FXGLApplication$GameApplicationService, class com.almasb.fxgl.app.services.FXGLDialogService, class com.almasb.fxgl.app.services.IOTaskExecutorService, class com.almasb.fxgl.io.FileSystemService, class com.almasb.fxgl.localization.LocalizationService, class com.almasb.fxgl.app.services.SystemBundleService, class com.almasb.fxgl.profile.SaveLoadService, class com.almasb.fxgl.ui.FXGLUIFactoryServiceProvider, class com.almasb.fxgl.ui.FXGLDialogFactoryServiceProvider, class com.almasb.fxgl.audio.AudioPlayer, class com.almasb.fxgl.notification.impl.NotificationServiceProvider, class com.almasb.fxgl.achievement.AchievementService, class com.almasb.fxgl.cutscene.CutsceneService, class com.almasb.fxgl.minigames.MiniGameService, class com.almasb.fxgl.net.NetService, class com.almasb.fxgl.app.services.UpdaterService, class com.almasb.fxgl.dev.DevService]
18:24:44.575 [FXGL Background Thread 3 ] DEBUG Engine               - fontGame: Abel-Regular.ttf
18:24:44.576 [FXGL Background Thread 3 ] DEBUG Engine               - fontMono: TerminalLandMono-Regular.otf
18:24:44.576 [FXGL Background Thread 3 ] DEBUG Engine               - fontText: Courier-Prime.ttf
18:24:44.576 [FXGL Background Thread 3 ] DEBUG Engine               - fontUI: VarelaRound-Regular.ttf
18:24:44.576 [FXGL Background Thread 3 ] DEBUG Engine               - fullScreen: BooleanProperty [value: false]
18:24:44.576 [FXGL Background Thread 3 ] DEBUG Engine               - gameDifficulty: MEDIUM
18:24:44.576 [FXGL Background Thread 3 ] DEBUG Engine               - gameDifficultyProperty: ObjectProperty [value: MEDIUM]
18:24:44.576 [FXGL Background Thread 3 ] DEBUG Engine               - globalMusicVolume: 0.5
18:24:44.576 [FXGL Background Thread 3 ] DEBUG Engine               - globalMusicVolumeProperty: DoubleProperty [value: 0.25]
18:24:44.576 [FXGL Background Thread 3 ] DEBUG Engine               - globalSoundVolume: 0.5
18:24:44.576 [FXGL Background Thread 3 ] DEBUG Engine               - globalSoundVolumeProperty: DoubleProperty [value: 0.5]
18:24:44.576 [FXGL Background Thread 3 ] DEBUG Engine               - height: 720
18:24:44.576 [FXGL Background Thread 3 ] DEBUG Engine               - is3D: false
18:24:44.576 [FXGL Background Thread 3 ] DEBUG Engine               - isAndroid: false
18:24:44.576 [FXGL Background Thread 3 ] DEBUG Engine               - isBrowser: false
18:24:44.576 [FXGL Background Thread 3 ] DEBUG Engine               - isClickFeedbackEnabled: false
18:24:44.576 [FXGL Background Thread 3 ] DEBUG Engine               - isCloseConfirmation: false
18:24:44.576 [FXGL Background Thread 3 ] DEBUG Engine               - isDesktop: true
18:24:44.576 [FXGL Background Thread 3 ] DEBUG Engine               - isDeveloperMenuEnabled: true
18:24:44.576 [FXGL Background Thread 3 ] DEBUG Engine               - isEmbedded: false
18:24:44.576 [FXGL Background Thread 3 ] DEBUG Engine               - isEntityPreloadEnabled: true
18:24:44.576 [FXGL Background Thread 3 ] DEBUG Engine               - isExperimentalTiledLargeMap: false
18:24:44.576 [FXGL Background Thread 3 ] DEBUG Engine               - isFileSystemWriteAllowed: true
18:24:44.576 [FXGL Background Thread 3 ] DEBUG Engine               - isFullScreenAllowed: false
18:24:44.576 [FXGL Background Thread 3 ] DEBUG Engine               - isFullScreenFromStart: false
18:24:44.576 [FXGL Background Thread 3 ] DEBUG Engine               - isGameMenuEnabled: true
18:24:44.576 [FXGL Background Thread 3 ] DEBUG Engine               - isIOS: false
18:24:44.576 [FXGL Background Thread 3 ] DEBUG Engine               - isIntroEnabled: false
18:24:44.577 [FXGL Background Thread 3 ] DEBUG Engine               - isLinux: false
18:24:44.577 [FXGL Background Thread 3 ] DEBUG Engine               - isMac: false
18:24:44.577 [FXGL Background Thread 3 ] DEBUG Engine               - isMainMenuEnabled: true
18:24:44.577 [FXGL Background Thread 3 ] DEBUG Engine               - isManualResizeEnabled: false
18:24:44.577 [FXGL Background Thread 3 ] DEBUG Engine               - isMobile: false
18:24:44.577 [FXGL Background Thread 3 ] DEBUG Engine               - isNative: false
18:24:44.577 [FXGL Background Thread 3 ] DEBUG Engine               - isPauseMusicWhenMinimized: true
18:24:44.577 [FXGL Background Thread 3 ] DEBUG Engine               - isPreserveResizeRatio: false
18:24:44.577 [FXGL Background Thread 3 ] DEBUG Engine               - isProfilingEnabled: false
18:24:44.577 [FXGL Background Thread 3 ] DEBUG Engine               - isScaleAffectedOnResize: true
18:24:44.577 [FXGL Background Thread 3 ] DEBUG Engine               - isSingleStep: false
18:24:44.577 [FXGL Background Thread 3 ] DEBUG Engine               - isUserProfileEnabled: false
18:24:44.577 [FXGL Background Thread 3 ] DEBUG Engine               - isWindows: true
18:24:44.577 [FXGL Background Thread 3 ] DEBUG Engine               - language: ObjectProperty [value: ENGLISH]
18:24:44.577 [FXGL Background Thread 3 ] DEBUG Engine               - menuKey: ESCAPE
18:24:44.577 [FXGL Background Thread 3 ] DEBUG Engine               - mouseSensitivity: 0.2
18:24:44.577 [FXGL Background Thread 3 ] DEBUG Engine               - notificationViewClass: class com.almasb.fxgl.notification.view.XboxNotificationView
18:24:44.577 [FXGL Background Thread 3 ] DEBUG Engine               - pixelsPerMeter: 50.0
18:24:44.577 [FXGL Background Thread 3 ] DEBUG Engine               - platform: WINDOWS
18:24:44.577 [FXGL Background Thread 3 ] DEBUG Engine               - prefHeightProperty: ReadOnlyDoubleProperty [value: 720.0]
18:24:44.577 [FXGL Background Thread 3 ] DEBUG Engine               - prefWidthProperty: ReadOnlyDoubleProperty [value: 1280.0]
18:24:44.577 [FXGL Background Thread 3 ] DEBUG Engine               - profileDir: profiles/
18:24:44.577 [FXGL Background Thread 3 ] DEBUG Engine               - profileName: StringProperty [value: DEFAULT]
18:24:44.577 [FXGL Background Thread 3 ] DEBUG Engine               - randomSeed: -1
18:24:44.578 [FXGL Background Thread 3 ] DEBUG Engine               - runtimeInfo: RuntimeInfo(platform=WINDOWS, version=17.2, build=20.08.2022 16.50)
18:24:44.578 [FXGL Background Thread 3 ] DEBUG Engine               - saveFileExt: sav
18:24:44.578 [FXGL Background Thread 3 ] DEBUG Engine               - scaledHeightProp$fxgl: DoubleProperty [bound, value: 720.0]
18:24:44.578 [FXGL Background Thread 3 ] DEBUG Engine               - scaledWidthProp$fxgl: DoubleProperty [bound, value: 1280.0]
18:24:44.578 [FXGL Background Thread 3 ] DEBUG Engine               - sceneFactory: com.sunsofgod.PlatformerApp$1@6008d32b
18:24:44.578 [FXGL Background Thread 3 ] DEBUG Engine               - secondsIn24h: 60
18:24:44.578 [FXGL Background Thread 3 ] DEBUG Engine               - soundMenuBack: menu/back.wav
18:24:44.578 [FXGL Background Thread 3 ] DEBUG Engine               - soundMenuPress: menu/press.wav
18:24:44.578 [FXGL Background Thread 3 ] DEBUG Engine               - soundMenuSelect: menu/select.wav
18:24:44.578 [FXGL Background Thread 3 ] DEBUG Engine               - soundNotification: core/notification.wav
18:24:44.578 [FXGL Background Thread 3 ] DEBUG Engine               - stageStyle: DECORATED
18:24:44.578 [FXGL Background Thread 3 ] DEBUG Engine               - supportedLanguages: [ENGLISH, FRENCH, GERMAN, HUNGARIAN, RUSSIAN]
18:24:44.578 [FXGL Background Thread 3 ] DEBUG Engine               - ticksPerSecond: -1
18:24:44.578 [FXGL Background Thread 3 ] DEBUG Engine               - title: Untitled
18:24:44.578 [FXGL Background Thread 3 ] DEBUG Engine               - urlGithub: https://github.com/AlmasB/FXGL
18:24:44.578 [FXGL Background Thread 3 ] DEBUG Engine               - urlLeaderboard: http://fxgl-top.herokuapp.com/
18:24:44.578 [FXGL Background Thread 3 ] DEBUG Engine               - urlPOM: https://raw.githubusercontent.com/AlmasB/FXGL/release/README.md
18:24:44.578 [FXGL Background Thread 3 ] DEBUG Engine               - userAppClass: class com.sunsofgod.PlatformerApp
18:24:44.578 [FXGL Background Thread 3 ] DEBUG Engine               - version: 0.0
18:24:44.578 [FXGL Background Thread 3 ] DEBUG Engine               - versionCheckDays: 7
18:24:44.578 [FXGL Background Thread 3 ] DEBUG Engine               - width: 1280
18:24:44.578 [FXGL Background Thread 3 ] DEBUG Engine               - Logging services
18:24:44.578 [FXGL Background Thread 3 ] DEBUG Engine               - class com.almasb.fxgl.app.services.FXGLAssetLoaderService
18:24:44.578 [FXGL Background Thread 3 ] DEBUG Engine               - class com.almasb.fxgl.app.FXGLApplication$GameApplicationService
18:24:44.578 [FXGL Background Thread 3 ] DEBUG Engine               - class com.almasb.fxgl.app.services.FXGLDialogService
18:24:44.578 [FXGL Background Thread 3 ] DEBUG Engine               - class com.almasb.fxgl.app.services.IOTaskExecutorService
18:24:44.578 [FXGL Background Thread 3 ] DEBUG Engine               - class com.almasb.fxgl.io.FileSystemService
18:24:44.578 [FXGL Background Thread 3 ] DEBUG Engine               - class com.almasb.fxgl.localization.LocalizationService
18:24:44.578 [FXGL Background Thread 3 ] DEBUG Engine               - class com.almasb.fxgl.app.services.SystemBundleService
18:24:44.578 [FXGL Background Thread 3 ] DEBUG Engine               - class com.almasb.fxgl.profile.SaveLoadService
18:24:44.578 [FXGL Background Thread 3 ] DEBUG Engine               - class com.almasb.fxgl.ui.FXGLUIFactoryServiceProvider
18:24:44.579 [FXGL Background Thread 3 ] DEBUG Engine               - class com.almasb.fxgl.ui.FXGLDialogFactoryServiceProvider
18:24:44.579 [FXGL Background Thread 3 ] DEBUG Engine               - class com.almasb.fxgl.audio.AudioPlayer
18:24:44.579 [FXGL Background Thread 3 ] DEBUG Engine               - class com.almasb.fxgl.notification.impl.NotificationServiceProvider
18:24:44.579 [FXGL Background Thread 3 ] DEBUG Engine               - class com.almasb.fxgl.achievement.AchievementService
18:24:44.579 [FXGL Background Thread 3 ] DEBUG Engine               - class com.almasb.fxgl.cutscene.CutsceneService
18:24:44.579 [FXGL Background Thread 3 ] DEBUG Engine               - class com.almasb.fxgl.minigames.MiniGameService
18:24:44.579 [FXGL Background Thread 3 ] DEBUG Engine               - class com.almasb.fxgl.net.NetService
18:24:44.579 [FXGL Background Thread 3 ] DEBUG Engine               - class com.almasb.fxgl.app.services.UpdaterService
18:24:44.579 [FXGL Background Thread 3 ] DEBUG Engine               - class com.almasb.fxgl.dev.DevService
18:24:45.501 [JavaFX Application Thread] DEBUG PrimaryStageWindow   - Push state: LevelSelectScene
18:24:45.503 [JavaFX Application Thread] DEBUG Input                - Clearing active input actions
18:24:45.504 [JavaFX Application Thread] DEBUG GameApplicationServi - Removing overlay from PlayerSelectScene and adding to LevelSelectScene
18:24:45.505 [JavaFX Application Thread] DEBUG PrimaryStageWindow   - PlayerSelectScene -> LevelSelectScene
18:24:46.852 [JavaFX Application Thread] DEBUG Menu                 - fireNewGame()
18:24:46.852 [JavaFX Application Thread] DEBUG GameApplicationServi - Starting new game
18:24:46.853 [JavaFX Application Thread] DEBUG PrimaryStageWindow   - Pop state: LevelSelectScene
18:24:46.853 [JavaFX Application Thread] DEBUG Input                - Clearing active input actions
18:24:46.854 [JavaFX Application Thread] DEBUG GameApplicationServi - Removing overlay from LevelSelectScene and adding to PlayerSelectScene
18:24:46.855 [JavaFX Application Thread] DEBUG PrimaryStageWindow   - PlayerSelectScene <- LevelSelectScene
18:24:46.855 [JavaFX Application Thread] DEBUG PrimaryStageWindow   - Pop state: PlayerSelectScene
18:24:46.855 [JavaFX Application Thread] DEBUG Input                - Clearing active input actions
18:24:46.855 [JavaFX Application Thread] DEBUG GameApplicationServi - Removing overlay from PlayerSelectScene and adding to RiderMainMenuScene
18:24:46.855 [JavaFX Application Thread] DEBUG PrimaryStageWindow   - RiderMainMenuScene <- PlayerSelectScene
18:24:46.855 [JavaFX Application Thread] DEBUG PrimaryStageWindow   - Pop state: RiderMainMenuScene
18:24:46.855 [JavaFX Application Thread] DEBUG Input                - Clearing active input actions
18:24:46.856 [JavaFX Application Thread] DEBUG GameApplicationServi - Removing overlay from RiderMainMenuScene and adding to FXGLMainMenuDummyScene
18:24:46.856 [JavaFX Application Thread] DEBUG PrimaryStageWindow   - FXGLMainMenuDummyScene <- RiderMainMenuScene
18:24:46.856 [JavaFX Application Thread] DEBUG Input                - Clearing active input actions
18:24:46.860 [JavaFX Application Thread] DEBUG GameApplicationServi - Removing overlay from FXGLMainMenuDummyScene and adding to MainLoadingScene
18:24:46.860 [JavaFX Application Thread] DEBUG PrimaryStageWindow   - FXGLMainMenuDummyScene -> MainLoadingScene
18:24:46.860 [JavaFX Application Thread] DEBUG GameApplicationServi - Clearing previous game
18:24:46.860 [JavaFX Application Thread] DEBUG GameScene            - Clearing game scene
18:24:46.860 [JavaFX Application Thread] DEBUG GameWorld            - Clearing game world
18:24:46.860 [JavaFX Application Thread] DEBUG PhysicsWorld         - Clearing physics world
18:24:46.862 [FXGL Background Thread 2 ] DEBUG FXGLApplication      - Initializing game
18:24:46.887 [FXGL Background Thread 2 ] WARN  TMXLevelLoader       - TiledMap generated from 1.11.0. Supported version: 1.9.0. Some features may not be parsed fully.
18:24:46.899 [FXGL Background Thread 2 ] DEBUG TMXLevelLoader       - Parsed TiledMap: file:/C:/Users/jamie/OneDrive/Pictures/JavaFXGame/target/classes/assets/levels/tmx/level2.tmx
18:24:46.900 [FXGL Background Thread 2 ] DEBUG TMXLevelLoader       - Creating tile layer entities
18:24:46.902 [FXGL Background Thread 2 ] DEBUG TilesetLoader        - Loading view for layer BG
18:24:46.906 [FXGL Background Thread 2 ] DEBUG TilesetLoader        - Created buffer with size 4200.0x700.0
18:24:46.919 [FXGL Background Thread 2 ] DEBUG TilesetLoader        - Loading view for layer Tile Layer 1
18:24:46.924 [FXGL Background Thread 2 ] DEBUG TilesetLoader        - Created buffer with size 4200.0x700.0
18:24:46.927 [FXGL Background Thread 2 ] DEBUG TMXLevelLoader       - Creating object layer entities
18:24:46.945 [FXGL Background Thread 2 ] DEBUG FXGLAssetLoaderServi - Loading from file system: file:/C:/Users/jamie/OneDrive/Pictures/JavaFXGame/target/classes/assets/textures/button.png
18:24:46.993 [FXGL Background Thread 2 ] DEBUG GameWorld            - Clearing removable entities
18:24:46.994 [FXGL Background Thread 2 ] DEBUG GameWorld            - Setting level: com.almasb.fxgl.entity.level.Level@a2b5702
18:24:47.001 [FXGL Background Thread 2 ] DEBUG FXGLAssetLoaderServi - Loading from file system: file:/C:/Users/jamie/OneDrive/Pictures/JavaFXGame/target/classes/assets/textures/player2.png
18:24:47.005 [FXGL Background Thread 2 ] DEBUG Input                - Clearing active input actions
18:24:47.006 [FXGL Background Thread 2 ] DEBUG Input                - Registered new binding: Jump0 - W
18:24:47.006 [FXGL Background Thread 2 ] DEBUG Input                - Registered new binding: Left0 - A
18:24:47.006 [FXGL Background Thread 2 ] DEBUG Input                - Registered new binding: Right0 - D
18:24:47.006 [FXGL Background Thread 2 ] DEBUG Input                - Registered new binding: Use0 - E
18:24:47.008 [FXGL Background Thread 2 ] WARN  FXGLAssetLoaderServi - Asset "/assets/textures/background/building.png" was not found!
18:24:47.009 [FXGL Background Thread 2 ] WARN  FXGLAssetLoaderServi - Failed to load IMAGE
18:24:47.015 [FXGL Background Thread 2 ] INFO  FXGLApplication      - Game initialization took: 0.154 sec
18:24:47.016 [JavaFX Application Thread] DEBUG Input                - Clearing active input actions
18:24:47.020 [JavaFX Application Thread] DEBUG GameApplicationServi - Removing overlay from MainLoadingScene and adding to GameScene
18:24:47.021 [JavaFX Application Thread] DEBUG PrimaryStageWindow   - MainLoadingScene -> GameScene
18:25:02.902 [JavaFX Application Thread] DEBUG FXGLAssetLoaderServi - Loading from file system: file:/C:/Users/jamie/OneDrive/Pictures/JavaFXGame/target/classes/assets/sounds/jump.wav
18:25:05.534 [JavaFX Application Thread] DEBUG FXGLApplication      - Exiting FXGL
18:25:05.534 [JavaFX Application Thread] DEBUG LoopRunner           - Stopping loop
18:25:05.534 [JavaFX Application Thread] DEBUG SystemBundleService  - Saving FXGL system data
18:25:05.536 [JavaFX Application Thread] DEBUG FileSystemAccess     - Writing to: C:\Users\jamie\OneDrive\Pictures\JavaFXGame\system\fxgl.bundle
18:25:05.538 [JavaFX Application Thread] DEBUG Async                - Shutting down background threads
18:25:05.538 [JavaFX Application Thread] DEBUG PrimaryStageWindow   - Closing main window
18:25:05.556 [JavaFX Application Thread] DEBUG Logger               - Closing Logger
