12:26:36.397 [main                     ] DEBUG Logger               - Configured Logger
12:26:36.412 [main                     ] DEBUG GameApplication      - Logging settings
Title: Untitled
Version: 0.0
Width: 1280
Height: 720
Fullscreen: false
Intro: false
Profiling: false
Single step:false
App Mode: DEVELOPER
Menu Key: ESCAPE
Stage Style: DECORATED
Scene Factory: class com.sunsofgod.PlatformerApp$1

12:26:36.682 [JavaFX Application Thread] DEBUG FXGLApplication      - Initializing FXGL
12:26:36.685 [JavaFX Application Thread] INFO  Engine               - FXGL-17.2 (20.08.2022 16.50) on WINDOWS (J:21.0.4 FX:17.0.12)
12:26:36.686 [JavaFX Application Thread] DEBUG Engine               - JRE Vendor Name: Eclipse Adoptium
12:26:36.686 [JavaFX Application Thread] DEBUG Engine               - Running on OS: Windows 11 version 10.0
12:26:36.686 [JavaFX Application Thread] DEBUG Engine               - Architecture: amd64
12:26:36.686 [JavaFX Application Thread] INFO  Engine               - Source code and latest versions at: https://github.com/AlmasB/FXGL
12:26:36.686 [JavaFX Application Thread] INFO  Engine               -       Ask questions and discuss at: https://github.com/AlmasB/FXGL/discussions
12:26:36.686 [JavaFX Application Thread] INFO  Engine               -              Join the FXGL chat at: https://gitter.im/AlmasB/FXGL
12:26:36.743 [JavaFX Application Thread] DEBUG PrimaryStageWindow   - Creating a JavaFX scene
12:26:36.769 [JavaFX Application Thread] DEBUG PrimaryStageWindow   - Target settings size: 1280.0 x 720.0
12:26:36.769 [JavaFX Application Thread] DEBUG PrimaryStageWindow   - Scaled scene size:    1280.0 x 720.0
12:26:36.770 [JavaFX Application Thread] DEBUG PrimaryStageWindow   - Scaled ratio: (1.0, 1.0)
12:26:36.770 [JavaFX Application Thread] DEBUG PrimaryStageWindow   - Set initial scene to FXGLStartupScene
12:26:36.774 [JavaFX Application Thread] DEBUG PrimaryStageWindow   - Opening main window
12:26:36.821 [JavaFX Application Thread] DEBUG PrimaryStageWindow   - Window border size: (16.0, 39.0)
12:26:36.821 [JavaFX Application Thread] DEBUG PrimaryStageWindow   - Scaled size: 1280.0 x 720.0
12:26:36.821 [JavaFX Application Thread] DEBUG PrimaryStageWindow   - Scaled ratio: (1.0, 1.0)
12:26:36.822 [JavaFX Application Thread] DEBUG PrimaryStageWindow   - Scene size: 1280.0 x 720.0
12:26:36.822 [JavaFX Application Thread] DEBUG PrimaryStageWindow   - Stage size: 1296.0 x 759.0
12:26:36.826 [FXGL Background Thread 1 ] DEBUG Engine               - Initializing environment variables
12:26:36.852 [FXGL Background Thread 1 ] DEBUG FXGLAssetLoaderServi - User app class for loading assets: class com.sunsofgod.PlatformerApp
12:26:36.852 [FXGL Background Thread 1 ] DEBUG GameApplicationServi - Applying CSS: fxgl_dark.css
12:26:36.853 [FXGL Background Thread 1 ] DEBUG FXGLAssetLoaderServi - Loading from file system: jar:file:///C:/Users/Balong/.m2/repository/com/github/almasb/fxgl/17.2/fxgl-17.2.jar!/fxglassets/ui/css/fxgl_dark.css
12:26:36.878 [FXGL Background Thread 1 ] DEBUG GameApplicationServi - Initializing application scenes
12:26:36.905 [FXGL Background Thread 1 ] DEBUG FXGLAssetLoaderServi - Loading from file system: file:/C:/Users/Balong/Desktop/JavaFXGame-1/target/classes/assets/textures/player.png
12:26:36.919 [FXGL Background Thread 1 ] DEBUG GameWorld            - Game world initialized
12:26:36.949 [FXGL Background Thread 1 ] DEBUG PhysicsWorld         - Physics world initialized: appHeight=720, physics.ppm=50.0
12:26:36.950 [FXGL Background Thread 1 ] DEBUG PhysicsWorld         - Using strategy: BRUTE_FORCE
12:26:36.952 [FXGL Background Thread 1 ] DEBUG GameScene            - Game scene initialized: 1280x720
12:26:37.111 [FXGL Background Thread 1 ] DEBUG FXGL.DefaultMenu     - createMenuBodyGameMenu()
12:26:37.118 [FXGL Background Thread 1 ] DEBUG FXGL.DefaultMenu     - createOptionsMenu()
12:26:37.123 [FXGL Background Thread 1 ] DEBUG FXGLAssetLoaderServi - Loading from file system: jar:file:///C:/Users/Balong/.m2/repository/com/github/almasb/fxgl/17.2/fxgl-17.2.jar!/fxglassets/textures/particles/smoke.png
12:26:37.163 [FXGL Background Thread 1 ] DEBUG FXGLAssetLoaderServi - Loading from file system: jar:file:///C:/Users/Balong/.m2/repository/com/github/almasb/fxgl/17.2/fxgl-17.2.jar!/fxglassets/textures/particles/trace_horizontal.png
12:26:37.172 [FXGL Background Thread 1 ] DEBUG GameApplicationServi - Application scenes initialized
12:26:37.181 [FXGL Background Thread 1 ] DEBUG SystemBundleService  - Loading FXGL system data
12:26:37.184 [FXGL Background Thread 1 ] DEBUG FileSystemAccess     - Reading from: C:\Users\Balong\Desktop\JavaFXGame-1\system\fxgl.bundle
12:26:37.191 [FXGL Background Thread 1 ] DEBUG SystemBundleService  - Bundle FXGL: {}
12:26:37.191 [FXGL Background Thread 1 ] DEBUG UpdaterService       - Checking for updates
12:26:37.212 [FXGL Background Thread 4 ] DEBUG FXGLApplication      - Loading fonts
12:26:37.213 [FXGL Background Thread 1 ] DEBUG FXGLApplication      - Loading default localization
12:26:37.213 [FXGL Background Thread 4 ] DEBUG FXGLAssetLoaderServi - Loading from file system: jar:file:///C:/Users/Balong/.m2/repository/com/github/almasb/fxgl/17.2/fxgl-17.2.jar!/fxglassets/ui/fonts/VarelaRound-Regular.ttf
12:26:37.213 [FXGL Background Thread 1 ] DEBUG FXGLAssetLoaderServi - Loading from file system: jar:file:///C:/Users/Balong/.m2/repository/com/github/almasb/fxgl/17.2/fxgl-17.2.jar!/fxglassets/languages/english.lang
12:26:37.226 [FXGL Background Thread 1 ] INFO  FXGLApplication      - FXGL initialization took: 0.400 sec
12:26:37.227 [JavaFX Application Thread] DEBUG FXGLAssetLoaderServi - Loading from file system: jar:file:///C:/Users/Balong/.m2/repository/com/github/almasb/fxgl/17.2/fxgl-17.2.jar!/fxglassets/textures/fxgl_icon.png
12:26:37.236 [JavaFX Application Thread] DEBUG FXGLAssetLoaderServi - Loading from file system: jar:file:///C:/Users/Balong/.m2/repository/com/github/almasb/fxgl/17.2/fxgl-17.2.jar!/fxglassets/textures/fxgl_default_cursor.png
12:26:37.239 [FXGL Background Thread 4 ] DEBUG FXGLAssetLoaderServi - Loading from file system: jar:file:///C:/Users/Balong/.m2/repository/com/github/almasb/fxgl/17.2/fxgl-17.2.jar!/fxglassets/ui/fonts/Abel-Regular.ttf
12:26:37.242 [JavaFX Application Thread] DEBUG Input                - Registered new binding: Screenshot - CTRL+8
12:26:37.242 [JavaFX Application Thread] DEBUG Input                - Registered new binding: Dev Options - 1
12:26:37.242 [JavaFX Application Thread] DEBUG Input                - Registered new binding: Dev Console - 2
12:26:37.243 [JavaFX Application Thread] DEBUG Input                - Registered new binding: System info dump - CTRL+9
12:26:37.243 [JavaFX Application Thread] DEBUG Input                - Registered new binding: Restart - CTRL+R
12:26:37.243 [JavaFX Application Thread] DEBUG Input                - Registered new binding: Toggle Debug Camera - CTRL+7
12:26:37.245 [JavaFX Application Thread] DEBUG LoopRunner           - Starting loop
12:26:37.246 [FXGL Background Thread 4 ] DEBUG FXGLAssetLoaderServi - Loading from file system: jar:file:///C:/Users/Balong/.m2/repository/com/github/almasb/fxgl/17.2/fxgl-17.2.jar!/fxglassets/ui/fonts/TerminalLandMono-Regular.otf
12:26:37.254 [JavaFX Application Thread] DEBUG LoopRunner           - Initializing JavaFX AnimationTimerLoop
12:26:37.256 [JavaFX Application Thread] DEBUG Input                - Clearing active input actions
12:26:37.263 [FXGL Background Thread 4 ] DEBUG FXGLAssetLoaderServi - Loading from file system: jar:file:///C:/Users/Balong/.m2/repository/com/github/almasb/fxgl/17.2/fxgl-17.2.jar!/fxglassets/ui/fonts/Courier-Prime.ttf
12:26:37.264 [JavaFX Application Thread] DEBUG GameApplicationServi - Removing overlay from FXGLStartupScene and adding to FXGLMainMenuDummyScene
12:26:37.267 [JavaFX Application Thread] DEBUG PrimaryStageWindow   - FXGLStartupScene -> FXGLMainMenuDummyScene
12:26:37.267 [JavaFX Application Thread] DEBUG PrimaryStageWindow   - Push state: RiderMainMenuScene
12:26:37.267 [JavaFX Application Thread] DEBUG Input                - Clearing active input actions
12:26:37.271 [JavaFX Application Thread] DEBUG GameApplicationServi - Removing overlay from FXGLMainMenuDummyScene and adding to RiderMainMenuScene
12:26:37.271 [JavaFX Application Thread] DEBUG PrimaryStageWindow   - FXGLMainMenuDummyScene -> RiderMainMenuScene
12:26:37.382 [JavaFX Application Thread] DEBUG FXGLApplication      - Registering font factories with UI factory
12:26:37.495 [FXGL Background Thread 2 ] INFO  UpdaterService       - Your current version:  17.2
12:26:37.495 [FXGL Background Thread 2 ] INFO  UpdaterService       - Latest stable version: 21.1
12:26:38.033 [JavaFX Application Thread] DEBUG PrimaryStageWindow   - Push state: PlayerSelectScene
12:26:38.033 [JavaFX Application Thread] DEBUG Input                - Clearing active input actions
12:26:38.035 [JavaFX Application Thread] DEBUG GameApplicationServi - Removing overlay from RiderMainMenuScene and adding to PlayerSelectScene
12:26:38.036 [JavaFX Application Thread] DEBUG PrimaryStageWindow   - RiderMainMenuScene -> PlayerSelectScene
12:26:39.016 [JavaFX Application Thread] DEBUG PrimaryStageWindow   - Pop state: PlayerSelectScene
12:26:39.016 [JavaFX Application Thread] DEBUG Input                - Clearing active input actions
12:26:39.016 [JavaFX Application Thread] DEBUG GameApplicationServi - Removing overlay from PlayerSelectScene and adding to RiderMainMenuScene
12:26:39.018 [JavaFX Application Thread] DEBUG PrimaryStageWindow   - RiderMainMenuScene <- PlayerSelectScene
12:26:39.164 [JavaFX Application Thread] DEBUG PrimaryStageWindow   - Push state: WorldSelectScene
12:26:39.164 [JavaFX Application Thread] DEBUG Input                - Clearing active input actions
12:26:39.165 [JavaFX Application Thread] DEBUG GameApplicationServi - Removing overlay from RiderMainMenuScene and adding to WorldSelectScene
12:26:39.165 [JavaFX Application Thread] DEBUG PrimaryStageWindow   - RiderMainMenuScene -> WorldSelectScene
12:26:40.211 [FXGL Background Thread 3 ] DEBUG Engine               - Logging environment variables
12:26:40.211 [FXGL Background Thread 3 ] DEBUG Engine               - achievements: []
12:26:40.211 [FXGL Background Thread 3 ] DEBUG Engine               - actualHeight: 720.0
12:26:40.211 [FXGL Background Thread 3 ] DEBUG Engine               - actualHeightProperty: ReadOnlyDoubleProperty [value: 720.0]
12:26:40.211 [FXGL Background Thread 3 ] DEBUG Engine               - actualWidth: 1280.0
12:26:40.211 [FXGL Background Thread 3 ] DEBUG Engine               - actualWidthProperty: ReadOnlyDoubleProperty [value: 1280.0]
12:26:40.211 [FXGL Background Thread 3 ] DEBUG Engine               - appIcon: fxgl_icon.png
12:26:40.211 [FXGL Background Thread 3 ] DEBUG Engine               - applicationMode: DEVELOPER
12:26:40.211 [FXGL Background Thread 3 ] DEBUG Engine               - cSSList: [fxgl_dark.css]
12:26:40.211 [FXGL Background Thread 3 ] DEBUG Engine               - collisionDetectionStrategy: BRUTE_FORCE
12:26:40.211 [FXGL Background Thread 3 ] DEBUG Engine               - configClass: Optional.empty
12:26:40.211 [FXGL Background Thread 3 ] DEBUG Engine               - credits: []
12:26:40.212 [FXGL Background Thread 3 ] DEBUG Engine               - defaultCursor: CursorInfo(imageName=fxgl_default_cursor.png, hotspotX=7.0, hotspotY=6.0)
12:26:40.212 [FXGL Background Thread 3 ] DEBUG Engine               - devBBoxColorProperty: ObjectProperty [value: 0xff0000ff]
12:26:40.212 [FXGL Background Thread 3 ] DEBUG Engine               - devEnableDebugCameraProperty: BooleanProperty [value: false]
12:26:40.212 [FXGL Background Thread 3 ] DEBUG Engine               - devSensorColorProperty: ObjectProperty [value: 0xffff00ff]
12:26:40.212 [FXGL Background Thread 3 ] DEBUG Engine               - devShowBBoxProperty: BooleanProperty [value: false]
12:26:40.212 [FXGL Background Thread 3 ] DEBUG Engine               - devShowPositionProperty: BooleanProperty [value: false]
12:26:40.212 [FXGL Background Thread 3 ] DEBUG Engine               - enabledMenuItems: []
12:26:40.212 [FXGL Background Thread 3 ] DEBUG Engine               - engineServices: [class com.almasb.fxgl.app.services.FXGLAssetLoaderService, class com.almasb.fxgl.app.FXGLApplication$GameApplicationService, class com.almasb.fxgl.app.services.FXGLDialogService, class com.almasb.fxgl.app.services.IOTaskExecutorService, class com.almasb.fxgl.io.FileSystemService, class com.almasb.fxgl.localization.LocalizationService, class com.almasb.fxgl.app.services.SystemBundleService, class com.almasb.fxgl.profile.SaveLoadService, class com.almasb.fxgl.ui.FXGLUIFactoryServiceProvider, class com.almasb.fxgl.ui.FXGLDialogFactoryServiceProvider, class com.almasb.fxgl.audio.AudioPlayer, class com.almasb.fxgl.notification.impl.NotificationServiceProvider, class com.almasb.fxgl.achievement.AchievementService, class com.almasb.fxgl.cutscene.CutsceneService, class com.almasb.fxgl.minigames.MiniGameService, class com.almasb.fxgl.net.NetService, class com.almasb.fxgl.app.services.UpdaterService, class com.almasb.fxgl.dev.DevService]
12:26:40.212 [FXGL Background Thread 3 ] DEBUG Engine               - fontGame: Abel-Regular.ttf
12:26:40.212 [FXGL Background Thread 3 ] DEBUG Engine               - fontMono: TerminalLandMono-Regular.otf
12:26:40.212 [FXGL Background Thread 3 ] DEBUG Engine               - fontText: Courier-Prime.ttf
12:26:40.212 [FXGL Background Thread 3 ] DEBUG Engine               - fontUI: VarelaRound-Regular.ttf
12:26:40.212 [FXGL Background Thread 3 ] DEBUG Engine               - fullScreen: BooleanProperty [value: false]
12:26:40.212 [FXGL Background Thread 3 ] DEBUG Engine               - gameDifficulty: MEDIUM
12:26:40.212 [FXGL Background Thread 3 ] DEBUG Engine               - gameDifficultyProperty: ObjectProperty [value: MEDIUM]
12:26:40.212 [FXGL Background Thread 3 ] DEBUG Engine               - globalMusicVolume: 0.5
12:26:40.213 [FXGL Background Thread 3 ] DEBUG Engine               - globalMusicVolumeProperty: DoubleProperty [value: 0.25]
12:26:40.213 [FXGL Background Thread 3 ] DEBUG Engine               - globalSoundVolume: 0.5
12:26:40.213 [FXGL Background Thread 3 ] DEBUG Engine               - globalSoundVolumeProperty: DoubleProperty [value: 0.5]
12:26:40.213 [FXGL Background Thread 3 ] DEBUG Engine               - height: 720
12:26:40.213 [FXGL Background Thread 3 ] DEBUG Engine               - is3D: false
12:26:40.213 [FXGL Background Thread 3 ] DEBUG Engine               - isAndroid: false
12:26:40.213 [FXGL Background Thread 3 ] DEBUG Engine               - isBrowser: false
12:26:40.213 [FXGL Background Thread 3 ] DEBUG Engine               - isClickFeedbackEnabled: false
12:26:40.213 [FXGL Background Thread 3 ] DEBUG Engine               - isCloseConfirmation: false
12:26:40.213 [FXGL Background Thread 3 ] DEBUG Engine               - isDesktop: true
12:26:40.213 [FXGL Background Thread 3 ] DEBUG Engine               - isDeveloperMenuEnabled: true
12:26:40.213 [FXGL Background Thread 3 ] DEBUG Engine               - isEmbedded: false
12:26:40.213 [FXGL Background Thread 3 ] DEBUG Engine               - isEntityPreloadEnabled: true
12:26:40.213 [FXGL Background Thread 3 ] DEBUG Engine               - isExperimentalTiledLargeMap: false
12:26:40.213 [FXGL Background Thread 3 ] DEBUG Engine               - isFileSystemWriteAllowed: true
12:26:40.213 [FXGL Background Thread 3 ] DEBUG Engine               - isFullScreenAllowed: false
12:26:40.213 [FXGL Background Thread 3 ] DEBUG Engine               - isFullScreenFromStart: false
12:26:40.213 [FXGL Background Thread 3 ] DEBUG Engine               - isGameMenuEnabled: true
12:26:40.213 [FXGL Background Thread 3 ] DEBUG Engine               - isIOS: false
12:26:40.213 [FXGL Background Thread 3 ] DEBUG Engine               - isIntroEnabled: false
12:26:40.213 [FXGL Background Thread 3 ] DEBUG Engine               - isLinux: false
12:26:40.213 [FXGL Background Thread 3 ] DEBUG Engine               - isMac: false
12:26:40.213 [FXGL Background Thread 3 ] DEBUG Engine               - isMainMenuEnabled: true
12:26:40.213 [FXGL Background Thread 3 ] DEBUG Engine               - isManualResizeEnabled: false
12:26:40.213 [FXGL Background Thread 3 ] DEBUG Engine               - isMobile: false
12:26:40.213 [FXGL Background Thread 3 ] DEBUG Engine               - isNative: false
12:26:40.213 [FXGL Background Thread 3 ] DEBUG Engine               - isPauseMusicWhenMinimized: true
12:26:40.214 [FXGL Background Thread 3 ] DEBUG Engine               - isPreserveResizeRatio: false
12:26:40.214 [FXGL Background Thread 3 ] DEBUG Engine               - isProfilingEnabled: false
12:26:40.214 [FXGL Background Thread 3 ] DEBUG Engine               - isScaleAffectedOnResize: true
12:26:40.214 [FXGL Background Thread 3 ] DEBUG Engine               - isSingleStep: false
12:26:40.214 [FXGL Background Thread 3 ] DEBUG Engine               - isUserProfileEnabled: false
12:26:40.214 [FXGL Background Thread 3 ] DEBUG Engine               - isWindows: true
12:26:40.214 [FXGL Background Thread 3 ] DEBUG Engine               - language: ObjectProperty [value: ENGLISH]
12:26:40.214 [FXGL Background Thread 3 ] DEBUG Engine               - menuKey: ESCAPE
12:26:40.214 [FXGL Background Thread 3 ] DEBUG Engine               - mouseSensitivity: 0.2
12:26:40.214 [FXGL Background Thread 3 ] DEBUG Engine               - notificationViewClass: class com.almasb.fxgl.notification.view.XboxNotificationView
12:26:40.214 [FXGL Background Thread 3 ] DEBUG Engine               - pixelsPerMeter: 50.0
12:26:40.214 [FXGL Background Thread 3 ] DEBUG Engine               - platform: WINDOWS
12:26:40.214 [FXGL Background Thread 3 ] DEBUG Engine               - prefHeightProperty: ReadOnlyDoubleProperty [value: 720.0]
12:26:40.214 [FXGL Background Thread 3 ] DEBUG Engine               - prefWidthProperty: ReadOnlyDoubleProperty [value: 1280.0]
12:26:40.214 [FXGL Background Thread 3 ] DEBUG Engine               - profileDir: profiles/
12:26:40.214 [FXGL Background Thread 3 ] DEBUG Engine               - profileName: StringProperty [value: DEFAULT]
12:26:40.214 [FXGL Background Thread 3 ] DEBUG Engine               - randomSeed: -1
12:26:40.214 [FXGL Background Thread 3 ] DEBUG Engine               - runtimeInfo: RuntimeInfo(platform=WINDOWS, version=17.2, build=20.08.2022 16.50)
12:26:40.214 [FXGL Background Thread 3 ] DEBUG Engine               - saveFileExt: sav
12:26:40.214 [FXGL Background Thread 3 ] DEBUG Engine               - scaledHeightProp$fxgl: DoubleProperty [bound, value: 720.0]
12:26:40.214 [FXGL Background Thread 3 ] DEBUG Engine               - scaledWidthProp$fxgl: DoubleProperty [bound, value: 1280.0]
12:26:40.214 [FXGL Background Thread 3 ] DEBUG Engine               - sceneFactory: com.sunsofgod.PlatformerApp$1@487dd554
12:26:40.214 [FXGL Background Thread 3 ] DEBUG Engine               - secondsIn24h: 60
12:26:40.214 [FXGL Background Thread 3 ] DEBUG Engine               - soundMenuBack: menu/back.wav
12:26:40.214 [FXGL Background Thread 3 ] DEBUG Engine               - soundMenuPress: menu/press.wav
12:26:40.215 [FXGL Background Thread 3 ] DEBUG Engine               - soundMenuSelect: menu/select.wav
12:26:40.215 [FXGL Background Thread 3 ] DEBUG Engine               - soundNotification: core/notification.wav
12:26:40.215 [FXGL Background Thread 3 ] DEBUG Engine               - stageStyle: DECORATED
12:26:40.215 [FXGL Background Thread 3 ] DEBUG Engine               - supportedLanguages: [ENGLISH, FRENCH, GERMAN, HUNGARIAN, RUSSIAN]
12:26:40.215 [FXGL Background Thread 3 ] DEBUG Engine               - ticksPerSecond: -1
12:26:40.215 [FXGL Background Thread 3 ] DEBUG Engine               - title: Untitled
12:26:40.215 [FXGL Background Thread 3 ] DEBUG Engine               - urlGithub: https://github.com/AlmasB/FXGL
12:26:40.215 [FXGL Background Thread 3 ] DEBUG Engine               - urlLeaderboard: http://fxgl-top.herokuapp.com/
12:26:40.215 [FXGL Background Thread 3 ] DEBUG Engine               - urlPOM: https://raw.githubusercontent.com/AlmasB/FXGL/release/README.md
12:26:40.215 [FXGL Background Thread 3 ] DEBUG Engine               - userAppClass: class com.sunsofgod.PlatformerApp
12:26:40.215 [FXGL Background Thread 3 ] DEBUG Engine               - version: 0.0
12:26:40.215 [FXGL Background Thread 3 ] DEBUG Engine               - versionCheckDays: 7
12:26:40.215 [FXGL Background Thread 3 ] DEBUG Engine               - width: 1280
12:26:40.215 [FXGL Background Thread 3 ] DEBUG Engine               - Logging services
12:26:40.215 [FXGL Background Thread 3 ] DEBUG Engine               - class com.almasb.fxgl.app.services.FXGLAssetLoaderService
12:26:40.215 [FXGL Background Thread 3 ] DEBUG Engine               - class com.almasb.fxgl.app.FXGLApplication$GameApplicationService
12:26:40.215 [FXGL Background Thread 3 ] DEBUG Engine               - class com.almasb.fxgl.app.services.FXGLDialogService
12:26:40.215 [FXGL Background Thread 3 ] DEBUG Engine               - class com.almasb.fxgl.app.services.IOTaskExecutorService
12:26:40.215 [FXGL Background Thread 3 ] DEBUG Engine               - class com.almasb.fxgl.io.FileSystemService
12:26:40.215 [FXGL Background Thread 3 ] DEBUG Engine               - class com.almasb.fxgl.localization.LocalizationService
12:26:40.215 [FXGL Background Thread 3 ] DEBUG Engine               - class com.almasb.fxgl.app.services.SystemBundleService
12:26:40.215 [FXGL Background Thread 3 ] DEBUG Engine               - class com.almasb.fxgl.profile.SaveLoadService
12:26:40.215 [FXGL Background Thread 3 ] DEBUG Engine               - class com.almasb.fxgl.ui.FXGLUIFactoryServiceProvider
12:26:40.215 [FXGL Background Thread 3 ] DEBUG Engine               - class com.almasb.fxgl.ui.FXGLDialogFactoryServiceProvider
12:26:40.215 [FXGL Background Thread 3 ] DEBUG Engine               - class com.almasb.fxgl.audio.AudioPlayer
12:26:40.215 [FXGL Background Thread 3 ] DEBUG Engine               - class com.almasb.fxgl.notification.impl.NotificationServiceProvider
12:26:40.215 [FXGL Background Thread 3 ] DEBUG Engine               - class com.almasb.fxgl.achievement.AchievementService
12:26:40.215 [FXGL Background Thread 3 ] DEBUG Engine               - class com.almasb.fxgl.cutscene.CutsceneService
12:26:40.215 [FXGL Background Thread 3 ] DEBUG Engine               - class com.almasb.fxgl.minigames.MiniGameService
12:26:40.216 [FXGL Background Thread 3 ] DEBUG Engine               - class com.almasb.fxgl.net.NetService
12:26:40.216 [FXGL Background Thread 3 ] DEBUG Engine               - class com.almasb.fxgl.app.services.UpdaterService
12:26:40.216 [FXGL Background Thread 3 ] DEBUG Engine               - class com.almasb.fxgl.dev.DevService
12:26:40.625 [JavaFX Application Thread] DEBUG PrimaryStageWindow   - Pop state: WorldSelectScene
12:26:40.625 [JavaFX Application Thread] DEBUG Input                - Clearing active input actions
12:26:40.625 [JavaFX Application Thread] DEBUG GameApplicationServi - Removing overlay from WorldSelectScene and adding to RiderMainMenuScene
12:26:40.626 [JavaFX Application Thread] DEBUG PrimaryStageWindow   - RiderMainMenuScene <- WorldSelectScene
12:26:40.718 [JavaFX Application Thread] DEBUG PrimaryStageWindow   - Push state: LevelSelectScene
12:26:40.718 [JavaFX Application Thread] DEBUG Input                - Clearing active input actions
12:26:40.719 [JavaFX Application Thread] DEBUG GameApplicationServi - Removing overlay from RiderMainMenuScene and adding to LevelSelectScene
12:26:40.719 [JavaFX Application Thread] DEBUG PrimaryStageWindow   - RiderMainMenuScene -> LevelSelectScene
12:26:41.337 [JavaFX Application Thread] DEBUG Menu                 - fireNewGame()
12:26:41.337 [JavaFX Application Thread] DEBUG GameApplicationServi - Starting new game
12:26:41.337 [JavaFX Application Thread] DEBUG PrimaryStageWindow   - Pop state: LevelSelectScene
12:26:41.337 [JavaFX Application Thread] DEBUG Input                - Clearing active input actions
12:26:41.337 [JavaFX Application Thread] DEBUG GameApplicationServi - Removing overlay from LevelSelectScene and adding to RiderMainMenuScene
12:26:41.338 [JavaFX Application Thread] DEBUG PrimaryStageWindow   - RiderMainMenuScene <- LevelSelectScene
12:26:41.338 [JavaFX Application Thread] DEBUG PrimaryStageWindow   - Pop state: RiderMainMenuScene
12:26:41.338 [JavaFX Application Thread] DEBUG Input                - Clearing active input actions
12:26:41.338 [JavaFX Application Thread] DEBUG GameApplicationServi - Removing overlay from RiderMainMenuScene and adding to FXGLMainMenuDummyScene
12:26:41.338 [JavaFX Application Thread] DEBUG PrimaryStageWindow   - FXGLMainMenuDummyScene <- RiderMainMenuScene
12:26:41.338 [JavaFX Application Thread] DEBUG Input                - Clearing active input actions
12:26:41.344 [JavaFX Application Thread] DEBUG GameApplicationServi - Removing overlay from FXGLMainMenuDummyScene and adding to MainLoadingScene
12:26:41.347 [JavaFX Application Thread] DEBUG PrimaryStageWindow   - FXGLMainMenuDummyScene -> MainLoadingScene
12:26:41.347 [JavaFX Application Thread] DEBUG GameApplicationServi - Clearing previous game
12:26:41.347 [JavaFX Application Thread] DEBUG GameScene            - Clearing game scene
12:26:41.347 [JavaFX Application Thread] DEBUG GameWorld            - Clearing game world
12:26:41.348 [JavaFX Application Thread] DEBUG PhysicsWorld         - Clearing physics world
12:26:41.348 [FXGL Background Thread 2 ] DEBUG FXGLApplication      - Initializing game
12:26:41.371 [FXGL Background Thread 2 ] WARN  TMXLevelLoader       - TiledMap generated from 1.11.0. Supported version: 1.9.0. Some features may not be parsed fully.
12:26:41.376 [FXGL Background Thread 2 ] DEBUG TMXLevelLoader       - Parsed TiledMap: file:/C:/Users/Balong/Desktop/JavaFXGame-1/target/classes/assets/levels/tmx/level1.tmx
12:26:41.377 [FXGL Background Thread 2 ] DEBUG TMXLevelLoader       - Creating tile layer entities
12:26:41.378 [FXGL Background Thread 2 ] DEBUG TilesetLoader        - Loading view for layer Tile Layer 1
12:26:41.379 [FXGL Background Thread 2 ] DEBUG TilesetLoader        - Created buffer with size 1050.0x700.0
12:26:41.386 [FXGL Background Thread 2 ] DEBUG TMXLevelLoader       - Creating object layer entities
12:26:41.397 [FXGL Background Thread 2 ] DEBUG GameWorld            - Clearing removable entities
12:26:41.397 [FXGL Background Thread 2 ] DEBUG GameWorld            - Setting level: com.almasb.fxgl.entity.level.Level@6ee035d1
12:26:41.416 [FXGL Background Thread 2 ] DEBUG Input                - Registered new binding: Jump0 - W
12:26:41.417 [FXGL Background Thread 2 ] DEBUG Input                - Registered new binding: Left0 - A
12:26:41.417 [FXGL Background Thread 2 ] DEBUG Input                - Registered new binding: Right0 - D
12:26:41.417 [FXGL Background Thread 2 ] DEBUG Input                - Registered new binding: Use0 - E
12:26:41.417 [FXGL Background Thread 2 ] DEBUG Input                - Registered new binding: Jump1 - Up
12:26:41.417 [FXGL Background Thread 2 ] DEBUG Input                - Registered new binding: Left1 - Left
12:26:41.417 [FXGL Background Thread 2 ] DEBUG Input                - Registered new binding: Right1 - Right
12:26:41.417 [FXGL Background Thread 2 ] DEBUG Input                - Registered new binding: Use1 - Slash
12:26:41.418 [FXGL Background Thread 2 ] DEBUG FXGLAssetLoaderServi - Loading from file system: file:/C:/Users/Balong/Desktop/JavaFXGame-1/target/classes/assets/textures/background/manila.png
12:26:41.428 [FXGL Background Thread 2 ] INFO  FXGLApplication      - Game initialization took: 0.079 sec
12:26:41.440 [JavaFX Application Thread] DEBUG Input                - Clearing active input actions
12:26:41.444 [JavaFX Application Thread] DEBUG GameApplicationServi - Removing overlay from MainLoadingScene and adding to GameScene
12:26:41.445 [JavaFX Application Thread] DEBUG PrimaryStageWindow   - MainLoadingScene -> GameScene
12:26:46.277 [JavaFX Application Thread] DEBUG FXGLApplication      - Exiting FXGL
12:26:46.277 [JavaFX Application Thread] DEBUG LoopRunner           - Stopping loop
12:26:46.277 [JavaFX Application Thread] DEBUG SystemBundleService  - Saving FXGL system data
12:26:46.279 [JavaFX Application Thread] DEBUG FileSystemAccess     - Writing to: C:\Users\Balong\Desktop\JavaFXGame-1\system\fxgl.bundle
12:26:46.280 [JavaFX Application Thread] DEBUG Async                - Shutting down background threads
12:26:46.281 [JavaFX Application Thread] DEBUG PrimaryStageWindow   - Closing main window
12:26:46.288 [JavaFX Application Thread] DEBUG Logger               - Closing Logger
