12:06:02.123 [main                     ] DEBUG Logger               - Configured Logger
12:06:02.139 [main                     ] DEBUG GameApplication      - Logging settings
Title: Untitled
Version: 0.0
Width: 1280
Height: 720
Fullscreen: false
Intro: false
Profiling: false
Single step:false
App Mode: DEVELOPER
Menu Key: ESCAPE
Stage Style: DECORATED
Scene Factory: class com.sunsofgod.PlatformerApp$1

12:06:02.417 [JavaFX Application Thread] DEBUG FXGLApplication      - Initializing FXGL
12:06:02.420 [JavaFX Application Thread] INFO  Engine               - FXGL-17.2 (20.08.2022 16.50) on WINDOWS (J:21.0.4 FX:17.0.12)
12:06:02.421 [JavaFX Application Thread] DEBUG Engine               - JRE Vendor Name: Eclipse Adoptium
12:06:02.421 [JavaFX Application Thread] DEBUG Engine               - Running on OS: Windows 11 version 10.0
12:06:02.421 [JavaFX Application Thread] DEBUG Engine               - Architecture: amd64
12:06:02.421 [JavaFX Application Thread] INFO  Engine               - Source code and latest versions at: https://github.com/AlmasB/FXGL
12:06:02.421 [JavaFX Application Thread] INFO  Engine               -       Ask questions and discuss at: https://github.com/AlmasB/FXGL/discussions
12:06:02.421 [JavaFX Application Thread] INFO  Engine               -              Join the FXGL chat at: https://gitter.im/AlmasB/FXGL
12:06:02.482 [JavaFX Application Thread] DEBUG PrimaryStageWindow   - Creating a JavaFX scene
12:06:02.509 [JavaFX Application Thread] DEBUG PrimaryStageWindow   - Target settings size: 1280.0 x 720.0
12:06:02.510 [JavaFX Application Thread] DEBUG PrimaryStageWindow   - Scaled scene size:    1280.0 x 720.0
12:06:02.510 [JavaFX Application Thread] DEBUG PrimaryStageWindow   - Scaled ratio: (1.0, 1.0)
12:06:02.510 [JavaFX Application Thread] DEBUG PrimaryStageWindow   - Set initial scene to FXGLStartupScene
12:06:02.514 [JavaFX Application Thread] DEBUG PrimaryStageWindow   - Opening main window
12:06:02.571 [JavaFX Application Thread] DEBUG PrimaryStageWindow   - Window border size: (16.0, 39.0)
12:06:02.571 [JavaFX Application Thread] DEBUG PrimaryStageWindow   - Scaled size: 1280.0 x 720.0
12:06:02.572 [JavaFX Application Thread] DEBUG PrimaryStageWindow   - Scaled ratio: (1.0, 1.0)
12:06:02.572 [JavaFX Application Thread] DEBUG PrimaryStageWindow   - Scene size: 1280.0 x 720.0
12:06:02.572 [JavaFX Application Thread] DEBUG PrimaryStageWindow   - Stage size: 1296.0 x 759.0
12:06:02.577 [FXGL Background Thread 1 ] DEBUG Engine               - Initializing environment variables
12:06:02.610 [FXGL Background Thread 1 ] DEBUG FXGLAssetLoaderServi - User app class for loading assets: class com.sunsofgod.PlatformerApp
12:06:02.610 [FXGL Background Thread 1 ] DEBUG GameApplicationServi - Applying CSS: fxgl_dark.css
12:06:02.610 [FXGL Background Thread 1 ] DEBUG FXGLAssetLoaderServi - Loading from file system: jar:file:///C:/Users/Balong/.m2/repository/com/github/almasb/fxgl/17.2/fxgl-17.2.jar!/fxglassets/ui/css/fxgl_dark.css
12:06:02.639 [FXGL Background Thread 1 ] DEBUG GameApplicationServi - Initializing application scenes
12:06:02.671 [FXGL Background Thread 1 ] WARN  FXGLAssetLoaderServi - Asset "/assets/textures/player.png" was not found!
12:06:02.671 [FXGL Background Thread 1 ] WARN  FXGLAssetLoaderServi - Failed to load IMAGE
12:06:02.688 [FXGL Background Thread 1 ] DEBUG GameWorld            - Game world initialized
12:06:02.721 [FXGL Background Thread 1 ] DEBUG PhysicsWorld         - Physics world initialized: appHeight=720, physics.ppm=50.0
12:06:02.721 [FXGL Background Thread 1 ] DEBUG PhysicsWorld         - Using strategy: BRUTE_FORCE
12:06:02.723 [FXGL Background Thread 1 ] DEBUG GameScene            - Game scene initialized: 1280x720
12:06:02.915 [FXGL Background Thread 1 ] DEBUG GameApplicationServi - Application scenes initialized
12:06:02.926 [FXGL Background Thread 1 ] DEBUG SystemBundleService  - Loading FXGL system data
12:06:02.929 [FXGL Background Thread 1 ] DEBUG FileSystemAccess     - Reading from: C:\Users\Balong\Desktop\JavaFXGame-4\system\fxgl.bundle
12:06:02.934 [FXGL Background Thread 1 ] DEBUG SystemBundleService  - Bundle FXGL: {}
12:06:02.934 [FXGL Background Thread 1 ] DEBUG UpdaterService       - Checking for updates
12:06:02.950 [FXGL Background Thread 4 ] DEBUG FXGLApplication      - Loading fonts
12:06:02.950 [FXGL Background Thread 1 ] DEBUG FXGLApplication      - Loading default localization
12:06:02.950 [FXGL Background Thread 4 ] DEBUG FXGLAssetLoaderServi - Loading from file system: jar:file:///C:/Users/Balong/.m2/repository/com/github/almasb/fxgl/17.2/fxgl-17.2.jar!/fxglassets/ui/fonts/VarelaRound-Regular.ttf
12:06:02.951 [FXGL Background Thread 1 ] DEBUG FXGLAssetLoaderServi - Loading from file system: jar:file:///C:/Users/Balong/.m2/repository/com/github/almasb/fxgl/17.2/fxgl-17.2.jar!/fxglassets/languages/english.lang
12:06:02.971 [FXGL Background Thread 1 ] INFO  FXGLApplication      - FXGL initialization took: 0.393 sec
12:06:02.972 [JavaFX Application Thread] DEBUG FXGLAssetLoaderServi - Loading from file system: jar:file:///C:/Users/Balong/.m2/repository/com/github/almasb/fxgl/17.2/fxgl-17.2.jar!/fxglassets/textures/fxgl_icon.png
12:06:02.984 [JavaFX Application Thread] DEBUG FXGLAssetLoaderServi - Loading from file system: jar:file:///C:/Users/Balong/.m2/repository/com/github/almasb/fxgl/17.2/fxgl-17.2.jar!/fxglassets/textures/fxgl_default_cursor.png
12:06:02.986 [FXGL Background Thread 4 ] DEBUG FXGLAssetLoaderServi - Loading from file system: jar:file:///C:/Users/Balong/.m2/repository/com/github/almasb/fxgl/17.2/fxgl-17.2.jar!/fxglassets/ui/fonts/Abel-Regular.ttf
12:06:02.993 [JavaFX Application Thread] DEBUG Input                - Registered new binding: Screenshot - CTRL+8
12:06:02.994 [JavaFX Application Thread] DEBUG Input                - Registered new binding: Dev Options - 1
12:06:02.994 [JavaFX Application Thread] DEBUG Input                - Registered new binding: Dev Console - 2
12:06:02.994 [JavaFX Application Thread] DEBUG Input                - Registered new binding: System info dump - CTRL+9
12:06:02.994 [JavaFX Application Thread] DEBUG Input                - Registered new binding: Restart - CTRL+R
12:06:02.994 [JavaFX Application Thread] DEBUG Input                - Registered new binding: Toggle Debug Camera - CTRL+7
12:06:02.996 [JavaFX Application Thread] DEBUG LoopRunner           - Starting loop
12:06:02.996 [FXGL Background Thread 4 ] DEBUG FXGLAssetLoaderServi - Loading from file system: jar:file:///C:/Users/Balong/.m2/repository/com/github/almasb/fxgl/17.2/fxgl-17.2.jar!/fxglassets/ui/fonts/TerminalLandMono-Regular.otf
12:06:03.006 [JavaFX Application Thread] DEBUG LoopRunner           - Initializing JavaFX AnimationTimerLoop
12:06:03.008 [JavaFX Application Thread] DEBUG Input                - Clearing active input actions
12:06:03.015 [FXGL Background Thread 4 ] DEBUG FXGLAssetLoaderServi - Loading from file system: jar:file:///C:/Users/Balong/.m2/repository/com/github/almasb/fxgl/17.2/fxgl-17.2.jar!/fxglassets/ui/fonts/Courier-Prime.ttf
12:06:03.016 [JavaFX Application Thread] DEBUG GameApplicationServi - Removing overlay from FXGLStartupScene and adding to FXGLMainMenuDummyScene
12:06:03.019 [JavaFX Application Thread] DEBUG PrimaryStageWindow   - FXGLStartupScene -> FXGLMainMenuDummyScene
12:06:03.019 [JavaFX Application Thread] DEBUG PrimaryStageWindow   - Push state: RiderMainMenuScene
12:06:03.020 [JavaFX Application Thread] DEBUG Input                - Clearing active input actions
12:06:03.024 [JavaFX Application Thread] DEBUG GameApplicationServi - Removing overlay from FXGLMainMenuDummyScene and adding to RiderMainMenuScene
12:06:03.024 [JavaFX Application Thread] DEBUG PrimaryStageWindow   - FXGLMainMenuDummyScene -> RiderMainMenuScene
12:06:03.146 [JavaFX Application Thread] DEBUG FXGLApplication      - Registering font factories with UI factory
12:06:03.259 [FXGL Background Thread 2 ] INFO  UpdaterService       - Your current version:  17.2
12:06:03.259 [FXGL Background Thread 2 ] INFO  UpdaterService       - Latest stable version: 21.1
12:06:03.900 [JavaFX Application Thread] DEBUG PrimaryStageWindow   - Push state: PlayerSelectScene
12:06:03.900 [JavaFX Application Thread] DEBUG Input                - Clearing active input actions
12:06:03.901 [JavaFX Application Thread] DEBUG GameApplicationServi - Removing overlay from RiderMainMenuScene and adding to PlayerSelectScene
12:06:03.902 [JavaFX Application Thread] DEBUG PrimaryStageWindow   - RiderMainMenuScene -> PlayerSelectScene
12:06:05.949 [FXGL Background Thread 3 ] DEBUG Engine               - Logging environment variables
12:06:05.949 [FXGL Background Thread 3 ] DEBUG Engine               - achievements: []
12:06:05.949 [FXGL Background Thread 3 ] DEBUG Engine               - actualHeight: 720.0
12:06:05.949 [FXGL Background Thread 3 ] DEBUG Engine               - actualHeightProperty: ReadOnlyDoubleProperty [value: 720.0]
12:06:05.949 [FXGL Background Thread 3 ] DEBUG Engine               - actualWidth: 1280.0
12:06:05.949 [FXGL Background Thread 3 ] DEBUG Engine               - actualWidthProperty: ReadOnlyDoubleProperty [value: 1280.0]
12:06:05.949 [FXGL Background Thread 3 ] DEBUG Engine               - appIcon: fxgl_icon.png
12:06:05.949 [FXGL Background Thread 3 ] DEBUG Engine               - applicationMode: DEVELOPER
12:06:05.950 [FXGL Background Thread 3 ] DEBUG Engine               - cSSList: [fxgl_dark.css]
12:06:05.950 [FXGL Background Thread 3 ] DEBUG Engine               - collisionDetectionStrategy: BRUTE_FORCE
12:06:05.950 [FXGL Background Thread 3 ] DEBUG Engine               - configClass: Optional.empty
12:06:05.950 [FXGL Background Thread 3 ] DEBUG Engine               - credits: []
12:06:05.951 [FXGL Background Thread 3 ] DEBUG Engine               - defaultCursor: CursorInfo(imageName=fxgl_default_cursor.png, hotspotX=7.0, hotspotY=6.0)
12:06:05.951 [FXGL Background Thread 3 ] DEBUG Engine               - devBBoxColorProperty: ObjectProperty [value: 0xff0000ff]
12:06:05.951 [FXGL Background Thread 3 ] DEBUG Engine               - devEnableDebugCameraProperty: BooleanProperty [value: false]
12:06:05.951 [FXGL Background Thread 3 ] DEBUG Engine               - devSensorColorProperty: ObjectProperty [value: 0xffff00ff]
12:06:05.951 [FXGL Background Thread 3 ] DEBUG Engine               - devShowBBoxProperty: BooleanProperty [value: false]
12:06:05.951 [FXGL Background Thread 3 ] DEBUG Engine               - devShowPositionProperty: BooleanProperty [value: false]
12:06:05.951 [FXGL Background Thread 3 ] DEBUG Engine               - enabledMenuItems: []
12:06:05.951 [FXGL Background Thread 3 ] DEBUG Engine               - engineServices: [class com.almasb.fxgl.app.services.FXGLAssetLoaderService, class com.almasb.fxgl.app.FXGLApplication$GameApplicationService, class com.almasb.fxgl.app.services.FXGLDialogService, class com.almasb.fxgl.app.services.IOTaskExecutorService, class com.almasb.fxgl.io.FileSystemService, class com.almasb.fxgl.localization.LocalizationService, class com.almasb.fxgl.app.services.SystemBundleService, class com.almasb.fxgl.profile.SaveLoadService, class com.almasb.fxgl.ui.FXGLUIFactoryServiceProvider, class com.almasb.fxgl.ui.FXGLDialogFactoryServiceProvider, class com.almasb.fxgl.audio.AudioPlayer, class com.almasb.fxgl.notification.impl.NotificationServiceProvider, class com.almasb.fxgl.achievement.AchievementService, class com.almasb.fxgl.cutscene.CutsceneService, class com.almasb.fxgl.minigames.MiniGameService, class com.almasb.fxgl.net.NetService, class com.almasb.fxgl.app.services.UpdaterService, class com.almasb.fxgl.dev.DevService]
12:06:05.951 [FXGL Background Thread 3 ] DEBUG Engine               - fontGame: Abel-Regular.ttf
12:06:05.951 [FXGL Background Thread 3 ] DEBUG Engine               - fontMono: TerminalLandMono-Regular.otf
12:06:05.951 [FXGL Background Thread 3 ] DEBUG Engine               - fontText: Courier-Prime.ttf
12:06:05.951 [FXGL Background Thread 3 ] DEBUG Engine               - fontUI: VarelaRound-Regular.ttf
12:06:05.951 [FXGL Background Thread 3 ] DEBUG Engine               - fullScreen: BooleanProperty [value: false]
12:06:05.951 [FXGL Background Thread 3 ] DEBUG Engine               - gameDifficulty: MEDIUM
12:06:05.952 [FXGL Background Thread 3 ] DEBUG Engine               - gameDifficultyProperty: ObjectProperty [value: MEDIUM]
12:06:05.952 [FXGL Background Thread 3 ] DEBUG Engine               - globalMusicVolume: 0.5
12:06:05.952 [FXGL Background Thread 3 ] DEBUG Engine               - globalMusicVolumeProperty: DoubleProperty [value: 0.25]
12:06:05.952 [FXGL Background Thread 3 ] DEBUG Engine               - globalSoundVolume: 0.5
12:06:05.952 [FXGL Background Thread 3 ] DEBUG Engine               - globalSoundVolumeProperty: DoubleProperty [value: 0.5]
12:06:05.952 [FXGL Background Thread 3 ] DEBUG Engine               - height: 720
12:06:05.952 [FXGL Background Thread 3 ] DEBUG Engine               - is3D: false
12:06:05.952 [FXGL Background Thread 3 ] DEBUG Engine               - isAndroid: false
12:06:05.952 [FXGL Background Thread 3 ] DEBUG Engine               - isBrowser: false
12:06:05.952 [FXGL Background Thread 3 ] DEBUG Engine               - isClickFeedbackEnabled: false
12:06:05.953 [FXGL Background Thread 3 ] DEBUG Engine               - isCloseConfirmation: false
12:06:05.953 [FXGL Background Thread 3 ] DEBUG Engine               - isDesktop: true
12:06:05.953 [FXGL Background Thread 3 ] DEBUG Engine               - isDeveloperMenuEnabled: true
12:06:05.953 [FXGL Background Thread 3 ] DEBUG Engine               - isEmbedded: false
12:06:05.953 [FXGL Background Thread 3 ] DEBUG Engine               - isEntityPreloadEnabled: true
12:06:05.953 [FXGL Background Thread 3 ] DEBUG Engine               - isExperimentalTiledLargeMap: false
12:06:05.953 [FXGL Background Thread 3 ] DEBUG Engine               - isFileSystemWriteAllowed: true
12:06:05.953 [FXGL Background Thread 3 ] DEBUG Engine               - isFullScreenAllowed: false
12:06:05.953 [FXGL Background Thread 3 ] DEBUG Engine               - isFullScreenFromStart: false
12:06:05.953 [FXGL Background Thread 3 ] DEBUG Engine               - isGameMenuEnabled: true
12:06:05.953 [FXGL Background Thread 3 ] DEBUG Engine               - isIOS: false
12:06:05.953 [FXGL Background Thread 3 ] DEBUG Engine               - isIntroEnabled: false
12:06:05.953 [FXGL Background Thread 3 ] DEBUG Engine               - isLinux: false
12:06:05.953 [FXGL Background Thread 3 ] DEBUG Engine               - isMac: false
12:06:05.953 [FXGL Background Thread 3 ] DEBUG Engine               - isMainMenuEnabled: true
12:06:05.953 [FXGL Background Thread 3 ] DEBUG Engine               - isManualResizeEnabled: false
12:06:05.953 [FXGL Background Thread 3 ] DEBUG Engine               - isMobile: false
12:06:05.953 [FXGL Background Thread 3 ] DEBUG Engine               - isNative: false
12:06:05.953 [FXGL Background Thread 3 ] DEBUG Engine               - isPauseMusicWhenMinimized: true
12:06:05.953 [FXGL Background Thread 3 ] DEBUG Engine               - isPreserveResizeRatio: false
12:06:05.953 [FXGL Background Thread 3 ] DEBUG Engine               - isProfilingEnabled: false
12:06:05.953 [FXGL Background Thread 3 ] DEBUG Engine               - isScaleAffectedOnResize: true
12:06:05.953 [FXGL Background Thread 3 ] DEBUG Engine               - isSingleStep: false
12:06:05.953 [FXGL Background Thread 3 ] DEBUG Engine               - isUserProfileEnabled: false
12:06:05.953 [FXGL Background Thread 3 ] DEBUG Engine               - isWindows: true
12:06:05.954 [FXGL Background Thread 3 ] DEBUG Engine               - language: ObjectProperty [value: ENGLISH]
12:06:05.954 [FXGL Background Thread 3 ] DEBUG Engine               - menuKey: ESCAPE
12:06:05.954 [FXGL Background Thread 3 ] DEBUG Engine               - mouseSensitivity: 0.2
12:06:05.954 [FXGL Background Thread 3 ] DEBUG Engine               - notificationViewClass: class com.almasb.fxgl.notification.view.XboxNotificationView
12:06:05.954 [FXGL Background Thread 3 ] DEBUG Engine               - pixelsPerMeter: 50.0
12:06:05.954 [FXGL Background Thread 3 ] DEBUG Engine               - platform: WINDOWS
12:06:05.954 [FXGL Background Thread 3 ] DEBUG Engine               - prefHeightProperty: ReadOnlyDoubleProperty [value: 720.0]
12:06:05.954 [FXGL Background Thread 3 ] DEBUG Engine               - prefWidthProperty: ReadOnlyDoubleProperty [value: 1280.0]
12:06:05.954 [FXGL Background Thread 3 ] DEBUG Engine               - profileDir: profiles/
12:06:05.954 [FXGL Background Thread 3 ] DEBUG Engine               - profileName: StringProperty [value: DEFAULT]
12:06:05.954 [FXGL Background Thread 3 ] DEBUG Engine               - randomSeed: -1
12:06:05.954 [FXGL Background Thread 3 ] DEBUG Engine               - runtimeInfo: RuntimeInfo(platform=WINDOWS, version=17.2, build=20.08.2022 16.50)
12:06:05.954 [FXGL Background Thread 3 ] DEBUG Engine               - saveFileExt: sav
12:06:05.954 [FXGL Background Thread 3 ] DEBUG Engine               - scaledHeightProp$fxgl: DoubleProperty [bound, value: 720.0]
12:06:05.954 [FXGL Background Thread 3 ] DEBUG Engine               - scaledWidthProp$fxgl: DoubleProperty [bound, value: 1280.0]
12:06:05.954 [FXGL Background Thread 3 ] DEBUG Engine               - sceneFactory: com.sunsofgod.PlatformerApp$1@459f9110
12:06:05.954 [FXGL Background Thread 3 ] DEBUG Engine               - secondsIn24h: 60
12:06:05.954 [FXGL Background Thread 3 ] DEBUG Engine               - soundMenuBack: menu/back.wav
12:06:05.954 [FXGL Background Thread 3 ] DEBUG Engine               - soundMenuPress: menu/press.wav
12:06:05.954 [FXGL Background Thread 3 ] DEBUG Engine               - soundMenuSelect: menu/select.wav
12:06:05.955 [FXGL Background Thread 3 ] DEBUG Engine               - soundNotification: core/notification.wav
12:06:05.955 [FXGL Background Thread 3 ] DEBUG Engine               - stageStyle: DECORATED
12:06:05.955 [FXGL Background Thread 3 ] DEBUG Engine               - supportedLanguages: [ENGLISH, FRENCH, GERMAN, HUNGARIAN, RUSSIAN]
12:06:05.955 [FXGL Background Thread 3 ] DEBUG Engine               - ticksPerSecond: -1
12:06:05.955 [FXGL Background Thread 3 ] DEBUG Engine               - title: Untitled
12:06:05.955 [FXGL Background Thread 3 ] DEBUG Engine               - urlGithub: https://github.com/AlmasB/FXGL
12:06:05.955 [FXGL Background Thread 3 ] DEBUG Engine               - urlLeaderboard: http://fxgl-top.herokuapp.com/
12:06:05.955 [FXGL Background Thread 3 ] DEBUG Engine               - urlPOM: https://raw.githubusercontent.com/AlmasB/FXGL/release/README.md
12:06:05.955 [FXGL Background Thread 3 ] DEBUG Engine               - userAppClass: class com.sunsofgod.PlatformerApp
12:06:05.955 [FXGL Background Thread 3 ] DEBUG Engine               - version: 0.0
12:06:05.955 [FXGL Background Thread 3 ] DEBUG Engine               - versionCheckDays: 7
12:06:05.955 [FXGL Background Thread 3 ] DEBUG Engine               - width: 1280
12:06:05.955 [FXGL Background Thread 3 ] DEBUG Engine               - Logging services
12:06:05.955 [FXGL Background Thread 3 ] DEBUG Engine               - class com.almasb.fxgl.app.services.FXGLAssetLoaderService
12:06:05.955 [FXGL Background Thread 3 ] DEBUG Engine               - class com.almasb.fxgl.app.FXGLApplication$GameApplicationService
12:06:05.955 [FXGL Background Thread 3 ] DEBUG Engine               - class com.almasb.fxgl.app.services.FXGLDialogService
12:06:05.955 [FXGL Background Thread 3 ] DEBUG Engine               - class com.almasb.fxgl.app.services.IOTaskExecutorService
12:06:05.955 [FXGL Background Thread 3 ] DEBUG Engine               - class com.almasb.fxgl.io.FileSystemService
12:06:05.955 [FXGL Background Thread 3 ] DEBUG Engine               - class com.almasb.fxgl.localization.LocalizationService
12:06:05.955 [FXGL Background Thread 3 ] DEBUG Engine               - class com.almasb.fxgl.app.services.SystemBundleService
12:06:05.955 [FXGL Background Thread 3 ] DEBUG Engine               - class com.almasb.fxgl.profile.SaveLoadService
12:06:05.955 [FXGL Background Thread 3 ] DEBUG Engine               - class com.almasb.fxgl.ui.FXGLUIFactoryServiceProvider
12:06:05.955 [FXGL Background Thread 3 ] DEBUG Engine               - class com.almasb.fxgl.ui.FXGLDialogFactoryServiceProvider
12:06:05.955 [FXGL Background Thread 3 ] DEBUG Engine               - class com.almasb.fxgl.audio.AudioPlayer
12:06:05.955 [FXGL Background Thread 3 ] DEBUG Engine               - class com.almasb.fxgl.notification.impl.NotificationServiceProvider
12:06:05.955 [FXGL Background Thread 3 ] DEBUG Engine               - class com.almasb.fxgl.achievement.AchievementService
12:06:05.955 [FXGL Background Thread 3 ] DEBUG Engine               - class com.almasb.fxgl.cutscene.CutsceneService
12:06:05.955 [FXGL Background Thread 3 ] DEBUG Engine               - class com.almasb.fxgl.minigames.MiniGameService
12:06:05.955 [FXGL Background Thread 3 ] DEBUG Engine               - class com.almasb.fxgl.net.NetService
12:06:05.955 [FXGL Background Thread 3 ] DEBUG Engine               - class com.almasb.fxgl.app.services.UpdaterService
12:06:05.955 [FXGL Background Thread 3 ] DEBUG Engine               - class com.almasb.fxgl.dev.DevService
12:06:07.414 [JavaFX Application Thread] DEBUG PrimaryStageWindow   - Push state: LevelSelectScene
12:06:07.415 [JavaFX Application Thread] DEBUG Input                - Clearing active input actions
12:06:07.415 [JavaFX Application Thread] DEBUG GameApplicationServi - Removing overlay from PlayerSelectScene and adding to LevelSelectScene
12:06:07.416 [JavaFX Application Thread] DEBUG PrimaryStageWindow   - PlayerSelectScene -> LevelSelectScene
12:06:08.856 [JavaFX Application Thread] DEBUG PrimaryStageWindow   - Pop state: LevelSelectScene
12:06:08.856 [JavaFX Application Thread] DEBUG Input                - Clearing active input actions
12:06:08.857 [JavaFX Application Thread] DEBUG GameApplicationServi - Removing overlay from LevelSelectScene and adding to PlayerSelectScene
12:06:08.859 [JavaFX Application Thread] DEBUG PrimaryStageWindow   - PlayerSelectScene <- LevelSelectScene
12:06:13.202 [JavaFX Application Thread] DEBUG PrimaryStageWindow   - Push state: LevelSelectScene
12:06:13.202 [JavaFX Application Thread] DEBUG Input                - Clearing active input actions
12:06:13.202 [JavaFX Application Thread] DEBUG GameApplicationServi - Removing overlay from PlayerSelectScene and adding to LevelSelectScene
12:06:13.203 [JavaFX Application Thread] DEBUG PrimaryStageWindow   - PlayerSelectScene -> LevelSelectScene
12:06:14.036 [JavaFX Application Thread] DEBUG Menu                 - fireNewGame()
12:06:14.036 [JavaFX Application Thread] DEBUG GameApplicationServi - Starting new game
12:06:14.036 [JavaFX Application Thread] DEBUG PrimaryStageWindow   - Pop state: LevelSelectScene
12:06:14.036 [JavaFX Application Thread] DEBUG Input                - Clearing active input actions
12:06:14.037 [JavaFX Application Thread] DEBUG GameApplicationServi - Removing overlay from LevelSelectScene and adding to PlayerSelectScene
12:06:14.037 [JavaFX Application Thread] DEBUG PrimaryStageWindow   - PlayerSelectScene <- LevelSelectScene
12:06:14.037 [JavaFX Application Thread] DEBUG PrimaryStageWindow   - Pop state: PlayerSelectScene
12:06:14.037 [JavaFX Application Thread] DEBUG Input                - Clearing active input actions
12:06:14.037 [JavaFX Application Thread] DEBUG GameApplicationServi - Removing overlay from PlayerSelectScene and adding to RiderMainMenuScene
12:06:14.038 [JavaFX Application Thread] DEBUG PrimaryStageWindow   - RiderMainMenuScene <- PlayerSelectScene
12:06:14.038 [JavaFX Application Thread] DEBUG PrimaryStageWindow   - Pop state: RiderMainMenuScene
12:06:14.038 [JavaFX Application Thread] DEBUG Input                - Clearing active input actions
12:06:14.038 [JavaFX Application Thread] DEBUG GameApplicationServi - Removing overlay from RiderMainMenuScene and adding to FXGLMainMenuDummyScene
12:06:14.038 [JavaFX Application Thread] DEBUG PrimaryStageWindow   - FXGLMainMenuDummyScene <- RiderMainMenuScene
12:06:14.039 [JavaFX Application Thread] DEBUG Input                - Clearing active input actions
12:06:14.042 [JavaFX Application Thread] DEBUG GameApplicationServi - Removing overlay from FXGLMainMenuDummyScene and adding to MainLoadingScene
12:06:14.042 [JavaFX Application Thread] DEBUG PrimaryStageWindow   - FXGLMainMenuDummyScene -> MainLoadingScene
12:06:14.042 [JavaFX Application Thread] DEBUG GameApplicationServi - Clearing previous game
12:06:14.042 [JavaFX Application Thread] DEBUG GameScene            - Clearing game scene
12:06:14.043 [JavaFX Application Thread] DEBUG GameWorld            - Clearing game world
12:06:14.043 [JavaFX Application Thread] DEBUG PhysicsWorld         - Clearing physics world
12:06:14.044 [FXGL Background Thread 2 ] DEBUG FXGLApplication      - Initializing game
12:06:14.068 [FXGL Background Thread 2 ] WARN  TMXLevelLoader       - TiledMap generated from 1.11.0. Supported version: 1.9.0. Some features may not be parsed fully.
12:06:14.072 [FXGL Background Thread 2 ] DEBUG TMXLevelLoader       - Parsed TiledMap: file:/C:/Users/Balong/Desktop/JavaFXGame-4/target/classes/assets/levels/tmx/level14.tmx
12:06:14.073 [FXGL Background Thread 2 ] DEBUG TMXLevelLoader       - Creating tile layer entities
12:06:14.074 [FXGL Background Thread 2 ] DEBUG TilesetLoader        - Loading view for layer Tile Layer 1
12:06:14.075 [FXGL Background Thread 2 ] DEBUG TilesetLoader        - Created buffer with size 1050.0x700.0
12:06:14.083 [FXGL Background Thread 2 ] DEBUG TMXLevelLoader       - Creating object layer entities
12:06:14.096 [FXGL Background Thread 2 ] DEBUG FXGLAssetLoaderServi - Loading from file system: file:/C:/Users/Balong/Desktop/JavaFXGame-4/target/classes/assets/textures/button.png
12:06:14.100 [FXGL Background Thread 2 ] DEBUG GameWorld            - Clearing removable entities
12:06:14.100 [FXGL Background Thread 2 ] DEBUG GameWorld            - Setting level: com.almasb.fxgl.entity.level.Level@2870e52d
12:06:14.107 [FXGL Background Thread 2 ] DEBUG FXGLAssetLoaderServi - Loading from file system: file:/C:/Users/Balong/Desktop/JavaFXGame-4/target/classes/assets/textures/player1.png
12:06:14.112 [FXGL Background Thread 2 ] DEBUG FXGLAssetLoaderServi - Loading from file system: file:/C:/Users/Balong/Desktop/JavaFXGame-4/target/classes/assets/textures/player2.png
12:06:14.114 [FXGL Background Thread 2 ] DEBUG FXGLAssetLoaderServi - Loading from file system: file:/C:/Users/Balong/Desktop/JavaFXGame-4/target/classes/assets/textures/player3.png
12:06:14.115 [FXGL Background Thread 2 ] DEBUG FXGLAssetLoaderServi - Loading from file system: file:/C:/Users/Balong/Desktop/JavaFXGame-4/target/classes/assets/textures/player4.png
12:06:14.117 [FXGL Background Thread 2 ] DEBUG Input                - Clearing active input actions
12:06:14.120 [FXGL Background Thread 2 ] DEBUG Input                - Registered new binding: Jump0 - W
12:06:14.121 [FXGL Background Thread 2 ] DEBUG Input                - Registered new binding: Left0 - A
12:06:14.121 [FXGL Background Thread 2 ] DEBUG Input                - Registered new binding: Right0 - D
12:06:14.121 [FXGL Background Thread 2 ] DEBUG Input                - Registered new binding: Use0 - E
12:06:14.121 [FXGL Background Thread 2 ] DEBUG Input                - Registered new binding: Jump1 - Up
12:06:14.121 [FXGL Background Thread 2 ] DEBUG Input                - Registered new binding: Left1 - Left
12:06:14.121 [FXGL Background Thread 2 ] DEBUG Input                - Registered new binding: Right1 - Right
12:06:14.121 [FXGL Background Thread 2 ] DEBUG Input                - Registered new binding: Use1 - Slash
12:06:14.122 [FXGL Background Thread 2 ] DEBUG Input                - Registered new binding: Jump2 - I
12:06:14.122 [FXGL Background Thread 2 ] DEBUG Input                - Registered new binding: Left2 - J
12:06:14.122 [FXGL Background Thread 2 ] DEBUG Input                - Registered new binding: Right2 - L
12:06:14.122 [FXGL Background Thread 2 ] DEBUG Input                - Registered new binding: Use2 - O
12:06:14.122 [FXGL Background Thread 2 ] DEBUG Input                - Registered new binding: Jump3 - G
12:06:14.122 [FXGL Background Thread 2 ] DEBUG Input                - Registered new binding: Left3 - V
12:06:14.122 [FXGL Background Thread 2 ] DEBUG Input                - Registered new binding: Right3 - N
12:06:14.122 [FXGL Background Thread 2 ] DEBUG Input                - Registered new binding: Use3 - H
12:06:14.155 [FXGL Background Thread 2 ] DEBUG FXGLAssetLoaderServi - Loading from file system: file:/C:/Users/Balong/Desktop/JavaFXGame-4/target/classes/assets/textures/background/manila.png
12:06:14.167 [FXGL Background Thread 2 ] INFO  FXGLApplication      - Game initialization took: 0.124 sec
12:06:14.168 [JavaFX Application Thread] DEBUG Input                - Clearing active input actions
12:06:14.172 [JavaFX Application Thread] DEBUG GameApplicationServi - Removing overlay from MainLoadingScene and adding to GameScene
12:06:14.173 [JavaFX Application Thread] DEBUG PrimaryStageWindow   - MainLoadingScene -> GameScene
12:06:14.184 [JavaFX Application Thread] DEBUG FXGLAssetLoaderServi - Loading from file system: file:/C:/Users/Balong/Desktop/JavaFXGame-4/target/classes/assets/sounds/dead.wav
12:06:15.150 [JavaFX Application Thread] WARN  TMXLevelLoader       - TiledMap generated from 1.11.0. Supported version: 1.9.0. Some features may not be parsed fully.
12:06:15.155 [JavaFX Application Thread] DEBUG TMXLevelLoader       - Parsed TiledMap: file:/C:/Users/Balong/Desktop/JavaFXGame-4/target/classes/assets/levels/tmx/level2.tmx
12:06:15.156 [JavaFX Application Thread] DEBUG TMXLevelLoader       - Creating tile layer entities
12:06:15.156 [JavaFX Application Thread] DEBUG TilesetLoader        - Loading view for layer BG
12:06:15.157 [JavaFX Application Thread] DEBUG TilesetLoader        - Created buffer with size 4200.0x700.0
12:06:15.164 [JavaFX Application Thread] DEBUG TilesetLoader        - Loading view for layer Tile Layer 1
12:06:15.169 [JavaFX Application Thread] DEBUG TilesetLoader        - Created buffer with size 4200.0x700.0
12:06:15.170 [JavaFX Application Thread] DEBUG TMXLevelLoader       - Creating object layer entities
12:06:15.177 [JavaFX Application Thread] DEBUG GameWorld            - Clearing removable entities
12:06:15.179 [JavaFX Application Thread] DEBUG GameWorld            - Setting level: com.almasb.fxgl.entity.level.Level@6cfcacaf
12:06:23.845 [JavaFX Application Thread] DEBUG FXGLAssetLoaderServi - Loading from file system: file:/C:/Users/Balong/Desktop/JavaFXGame-4/target/classes/assets/sounds/jump.wav
12:07:08.738 [JavaFX Application Thread] DEBUG PrimaryStageWindow   - Push state: PauseMenuScene
12:07:08.739 [JavaFX Application Thread] DEBUG Input                - Clearing active input actions
12:07:08.739 [JavaFX Application Thread] DEBUG GameApplicationServi - Removing overlay from GameScene and adding to PauseMenuScene
12:07:08.740 [JavaFX Application Thread] DEBUG PrimaryStageWindow   - GameScene -> PauseMenuScene
12:07:10.116 [JavaFX Application Thread] DEBUG Input                - Clearing active input actions
12:07:10.116 [JavaFX Application Thread] DEBUG PrimaryStageWindow   - Pop state: PauseMenuScene
12:07:10.116 [JavaFX Application Thread] DEBUG Input                - Clearing active input actions
12:07:10.117 [JavaFX Application Thread] DEBUG GameApplicationServi - Removing overlay from PauseMenuScene and adding to GameScene
12:07:10.118 [JavaFX Application Thread] DEBUG PrimaryStageWindow   - GameScene <- PauseMenuScene
12:07:10.144 [JavaFX Application Thread] DEBUG PrimaryStageWindow   - Push state: RiderMainMenuScene
12:07:10.144 [JavaFX Application Thread] DEBUG Input                - Clearing active input actions
12:07:10.144 [JavaFX Application Thread] DEBUG GameApplicationServi - Removing overlay from GameScene and adding to RiderMainMenuScene
12:07:10.145 [JavaFX Application Thread] DEBUG PrimaryStageWindow   - GameScene -> RiderMainMenuScene
12:10:21.647 [JavaFX Application Thread] DEBUG FXGLApplication      - Exiting FXGL
12:10:21.647 [JavaFX Application Thread] DEBUG LoopRunner           - Stopping loop
12:10:21.647 [JavaFX Application Thread] DEBUG SystemBundleService  - Saving FXGL system data
12:10:21.649 [JavaFX Application Thread] DEBUG FileSystemAccess     - Writing to: C:\Users\Balong\Desktop\JavaFXGame-4\system\fxgl.bundle
12:10:21.650 [JavaFX Application Thread] DEBUG Async                - Shutting down background threads
12:10:21.650 [JavaFX Application Thread] DEBUG PrimaryStageWindow   - Closing main window
12:10:21.659 [JavaFX Application Thread] DEBUG Logger               - Closing Logger
