15:39:50.516 [main                     ] DEBUG Logger               - Configured Logger
15:39:50.529 [main                     ] DEBUG GameApplication      - Logging settings
Title: Untitled
Version: 0.0
Width: 1280
Height: 720
Fullscreen: false
Intro: false
Profiling: false
Single step:false
App Mode: DEVELOPER
Menu Key: ESCAPE
Stage Style: DECORATED
Scene Factory: class com.sunsofgod.PlatformerApp$1

15:39:50.873 [JavaFX Application Thread] DEBUG FXGLApplication      - Initializing FXGL
15:39:50.875 [JavaFX Application Thread] INFO  Engine               - FXGL-17.2 (20.08.2022 16.50) on MAC (J:17.0.2 FX:17.0.12)
15:39:50.876 [JavaFX Application Thread] DEBUG Engine               - JRE Vendor Name: Oracle Corporation
15:39:50.876 [JavaFX Application Thread] DEBUG Engine               - Running on OS: Mac OS X version 15.1
15:39:50.876 [JavaFX Application Thread] DEBUG Engine               - Architecture: aarch64
15:39:50.876 [JavaFX Application Thread] INFO  Engine               - Source code and latest versions at: https://github.com/AlmasB/FXGL
15:39:50.876 [JavaFX Application Thread] INFO  Engine               -       Ask questions and discuss at: https://github.com/AlmasB/FXGL/discussions
15:39:50.876 [JavaFX Application Thread] INFO  Engine               -              Join the FXGL chat at: https://gitter.im/AlmasB/FXGL
15:39:50.928 [JavaFX Application Thread] DEBUG PrimaryStageWindow   - Creating a JavaFX scene
15:39:50.951 [JavaFX Application Thread] DEBUG PrimaryStageWindow   - Target settings size: 1280.0 x 720.0
15:39:50.951 [JavaFX Application Thread] DEBUG PrimaryStageWindow   - Scaled scene size:    1280.0 x 720.0
15:39:50.951 [JavaFX Application Thread] DEBUG PrimaryStageWindow   - Scaled ratio: (1.0, 1.0)
15:39:50.952 [JavaFX Application Thread] DEBUG PrimaryStageWindow   - Set initial scene to FXGLStartupScene
15:39:50.954 [JavaFX Application Thread] DEBUG PrimaryStageWindow   - Opening main window
15:39:51.107 [JavaFX Application Thread] DEBUG PrimaryStageWindow   - Window border size: (0.0, 28.0)
15:39:51.107 [JavaFX Application Thread] DEBUG PrimaryStageWindow   - Scaled size: 1280.0 x 720.0
15:39:51.107 [JavaFX Application Thread] DEBUG PrimaryStageWindow   - Scaled ratio: (1.0, 1.0)
15:39:51.107 [JavaFX Application Thread] DEBUG PrimaryStageWindow   - Scene size: 1280.0 x 720.0
15:39:51.107 [JavaFX Application Thread] DEBUG PrimaryStageWindow   - Stage size: 1280.0 x 748.0
15:39:51.113 [FXGL Background Thread 1 ] DEBUG Engine               - Initializing environment variables
15:39:51.180 [FXGL Background Thread 1 ] DEBUG FXGLAssetLoaderServi - User app class for loading assets: class com.sunsofgod.PlatformerApp
15:39:51.181 [FXGL Background Thread 1 ] DEBUG GameApplicationServi - Applying CSS: fxgl_dark.css
15:39:51.181 [FXGL Background Thread 1 ] DEBUG FXGLAssetLoaderServi - Loading from file system: jar:file:///Users/aaron/.m2/repository/com/github/almasb/fxgl/17.2/fxgl-17.2.jar!/fxglassets/ui/css/fxgl_dark.css
15:39:51.218 [FXGL Background Thread 1 ] DEBUG GameApplicationServi - Initializing application scenes
15:39:51.425 [FXGL Background Thread 1 ] WARN  FXGLAssetLoaderServi - Asset "/assets/textures/player.png" was not found!
15:39:51.426 [FXGL Background Thread 1 ] WARN  FXGLAssetLoaderServi - Failed to load IMAGE
15:39:51.443 [FXGL Background Thread 1 ] DEBUG GameWorld            - Game world initialized
15:39:51.472 [FXGL Background Thread 1 ] DEBUG PhysicsWorld         - Physics world initialized: appHeight=720, physics.ppm=50.0
15:39:51.472 [FXGL Background Thread 1 ] DEBUG PhysicsWorld         - Using strategy: BRUTE_FORCE
15:39:51.474 [FXGL Background Thread 1 ] DEBUG GameScene            - Game scene initialized: 1280x720
15:39:51.817 [FXGL Background Thread 1 ] DEBUG GameApplicationServi - Application scenes initialized
15:39:51.824 [FXGL Background Thread 1 ] DEBUG SystemBundleService  - Loading FXGL system data
15:39:51.827 [FXGL Background Thread 1 ] DEBUG FileSystemAccess     - Reading from: /Users/aaron/JavaFXGame/system/fxgl.bundle
15:39:51.831 [FXGL Background Thread 1 ] DEBUG SystemBundleService  - Bundle FXGL: {}
15:39:51.831 [FXGL Background Thread 1 ] DEBUG UpdaterService       - Checking for updates
15:39:51.844 [FXGL Background Thread 4 ] DEBUG FXGLApplication      - Loading fonts
15:39:51.844 [FXGL Background Thread 1 ] DEBUG FXGLApplication      - Loading default localization
15:39:51.844 [FXGL Background Thread 4 ] DEBUG FXGLAssetLoaderServi - Loading from file system: jar:file:///Users/aaron/.m2/repository/com/github/almasb/fxgl/17.2/fxgl-17.2.jar!/fxglassets/ui/fonts/VarelaRound-Regular.ttf
15:39:51.844 [FXGL Background Thread 1 ] DEBUG FXGLAssetLoaderServi - Loading from file system: jar:file:///Users/aaron/.m2/repository/com/github/almasb/fxgl/17.2/fxgl-17.2.jar!/fxglassets/languages/english.lang
15:39:51.852 [FXGL Background Thread 1 ] INFO  FXGLApplication      - FXGL initialization took: 0.739 sec
15:39:51.853 [JavaFX Application Thread] DEBUG FXGLAssetLoaderServi - Loading from file system: jar:file:///Users/aaron/.m2/repository/com/github/almasb/fxgl/17.2/fxgl-17.2.jar!/fxglassets/textures/fxgl_icon.png
15:39:51.857 [FXGL Background Thread 4 ] DEBUG FXGLAssetLoaderServi - Loading from file system: jar:file:///Users/aaron/.m2/repository/com/github/almasb/fxgl/17.2/fxgl-17.2.jar!/fxglassets/ui/fonts/Abel-Regular.ttf
15:39:51.863 [FXGL Background Thread 4 ] DEBUG FXGLAssetLoaderServi - Loading from file system: jar:file:///Users/aaron/.m2/repository/com/github/almasb/fxgl/17.2/fxgl-17.2.jar!/fxglassets/ui/fonts/TerminalLandMono-Regular.otf
15:39:51.869 [FXGL Background Thread 4 ] DEBUG FXGLAssetLoaderServi - Loading from file system: jar:file:///Users/aaron/.m2/repository/com/github/almasb/fxgl/17.2/fxgl-17.2.jar!/fxglassets/ui/fonts/Courier-Prime.ttf
15:39:51.877 [JavaFX Application Thread] DEBUG FXGLAssetLoaderServi - Loading from file system: jar:file:///Users/aaron/.m2/repository/com/github/almasb/fxgl/17.2/fxgl-17.2.jar!/fxglassets/textures/fxgl_default_cursor.png
15:39:51.881 [JavaFX Application Thread] DEBUG Input                - Registered new binding: Screenshot - CTRL+8
15:39:51.881 [JavaFX Application Thread] DEBUG Input                - Registered new binding: Dev Options - 1
15:39:51.882 [JavaFX Application Thread] DEBUG Input                - Registered new binding: Dev Console - 2
15:39:51.882 [JavaFX Application Thread] DEBUG Input                - Registered new binding: System info dump - CTRL+9
15:39:51.882 [JavaFX Application Thread] DEBUG Input                - Registered new binding: Restart - CTRL+R
15:39:51.882 [JavaFX Application Thread] DEBUG Input                - Registered new binding: Toggle Debug Camera - CTRL+7
15:39:51.883 [JavaFX Application Thread] DEBUG LoopRunner           - Starting loop
15:39:51.889 [JavaFX Application Thread] DEBUG LoopRunner           - Initializing JavaFX AnimationTimerLoop
15:39:51.890 [JavaFX Application Thread] DEBUG Input                - Clearing active input actions
15:39:51.893 [JavaFX Application Thread] DEBUG GameApplicationServi - Removing overlay from FXGLStartupScene and adding to FXGLMainMenuDummyScene
15:39:51.894 [JavaFX Application Thread] DEBUG PrimaryStageWindow   - FXGLStartupScene -> FXGLMainMenuDummyScene
15:39:51.894 [JavaFX Application Thread] DEBUG PrimaryStageWindow   - Push state: RiderMainMenuScene
15:39:51.894 [JavaFX Application Thread] DEBUG Input                - Clearing active input actions
15:39:51.896 [JavaFX Application Thread] DEBUG GameApplicationServi - Removing overlay from FXGLMainMenuDummyScene and adding to RiderMainMenuScene
15:39:51.896 [JavaFX Application Thread] DEBUG PrimaryStageWindow   - FXGLMainMenuDummyScene -> RiderMainMenuScene
15:39:51.980 [JavaFX Application Thread] DEBUG FXGLApplication      - Registering font factories with UI factory
15:39:52.138 [FXGL Background Thread 2 ] INFO  UpdaterService       - Your current version:  17.2
15:39:52.138 [FXGL Background Thread 2 ] INFO  UpdaterService       - Latest stable version: 21.1
15:39:52.912 [JavaFX Application Thread] DEBUG PrimaryStageWindow   - Push state: PlayerSelectScene
15:39:52.912 [JavaFX Application Thread] DEBUG Input                - Clearing active input actions
15:39:52.913 [JavaFX Application Thread] DEBUG GameApplicationServi - Removing overlay from RiderMainMenuScene and adding to PlayerSelectScene
15:39:52.914 [JavaFX Application Thread] DEBUG PrimaryStageWindow   - RiderMainMenuScene -> PlayerSelectScene
15:39:54.274 [JavaFX Application Thread] DEBUG PrimaryStageWindow   - Push state: LevelSelectScene
15:39:54.274 [JavaFX Application Thread] DEBUG Input                - Clearing active input actions
15:39:54.275 [JavaFX Application Thread] DEBUG GameApplicationServi - Removing overlay from PlayerSelectScene and adding to LevelSelectScene
15:39:54.276 [JavaFX Application Thread] DEBUG PrimaryStageWindow   - PlayerSelectScene -> LevelSelectScene
15:39:54.848 [FXGL Background Thread 3 ] DEBUG Engine               - Logging environment variables
15:39:54.848 [FXGL Background Thread 3 ] DEBUG Engine               - achievements: []
15:39:54.848 [FXGL Background Thread 3 ] DEBUG Engine               - actualHeight: 720.0
15:39:54.849 [FXGL Background Thread 3 ] DEBUG Engine               - actualHeightProperty: ReadOnlyDoubleProperty [value: 720.0]
15:39:54.849 [FXGL Background Thread 3 ] DEBUG Engine               - actualWidth: 1280.0
15:39:54.849 [FXGL Background Thread 3 ] DEBUG Engine               - actualWidthProperty: ReadOnlyDoubleProperty [value: 1280.0]
15:39:54.849 [FXGL Background Thread 3 ] DEBUG Engine               - appIcon: fxgl_icon.png
15:39:54.849 [FXGL Background Thread 3 ] DEBUG Engine               - applicationMode: DEVELOPER
15:39:54.849 [FXGL Background Thread 3 ] DEBUG Engine               - cSSList: [fxgl_dark.css]
15:39:54.849 [FXGL Background Thread 3 ] DEBUG Engine               - collisionDetectionStrategy: BRUTE_FORCE
15:39:54.849 [FXGL Background Thread 3 ] DEBUG Engine               - configClass: Optional.empty
15:39:54.850 [FXGL Background Thread 3 ] DEBUG Engine               - credits: []
15:39:54.850 [FXGL Background Thread 3 ] DEBUG Engine               - defaultCursor: CursorInfo(imageName=fxgl_default_cursor.png, hotspotX=7.0, hotspotY=6.0)
15:39:54.851 [FXGL Background Thread 3 ] DEBUG Engine               - devBBoxColorProperty: ObjectProperty [value: 0xff0000ff]
15:39:54.851 [FXGL Background Thread 3 ] DEBUG Engine               - devEnableDebugCameraProperty: BooleanProperty [value: false]
15:39:54.851 [FXGL Background Thread 3 ] DEBUG Engine               - devSensorColorProperty: ObjectProperty [value: 0xffff00ff]
15:39:54.851 [FXGL Background Thread 3 ] DEBUG Engine               - devShowBBoxProperty: BooleanProperty [value: false]
15:39:54.851 [FXGL Background Thread 3 ] DEBUG Engine               - devShowPositionProperty: BooleanProperty [value: false]
15:39:54.851 [FXGL Background Thread 3 ] DEBUG Engine               - enabledMenuItems: []
15:39:54.851 [FXGL Background Thread 3 ] DEBUG Engine               - engineServices: [class com.almasb.fxgl.app.services.FXGLAssetLoaderService, class com.almasb.fxgl.app.FXGLApplication$GameApplicationService, class com.almasb.fxgl.app.services.FXGLDialogService, class com.almasb.fxgl.app.services.IOTaskExecutorService, class com.almasb.fxgl.io.FileSystemService, class com.almasb.fxgl.localization.LocalizationService, class com.almasb.fxgl.app.services.SystemBundleService, class com.almasb.fxgl.profile.SaveLoadService, class com.almasb.fxgl.ui.FXGLUIFactoryServiceProvider, class com.almasb.fxgl.ui.FXGLDialogFactoryServiceProvider, class com.almasb.fxgl.audio.AudioPlayer, class com.almasb.fxgl.notification.impl.NotificationServiceProvider, class com.almasb.fxgl.achievement.AchievementService, class com.almasb.fxgl.cutscene.CutsceneService, class com.almasb.fxgl.minigames.MiniGameService, class com.almasb.fxgl.net.NetService, class com.almasb.fxgl.app.services.UpdaterService, class com.almasb.fxgl.dev.DevService]
15:39:54.851 [FXGL Background Thread 3 ] DEBUG Engine               - fontGame: Abel-Regular.ttf
15:39:54.851 [FXGL Background Thread 3 ] DEBUG Engine               - fontMono: TerminalLandMono-Regular.otf
15:39:54.851 [FXGL Background Thread 3 ] DEBUG Engine               - fontText: Courier-Prime.ttf
15:39:54.851 [FXGL Background Thread 3 ] DEBUG Engine               - fontUI: VarelaRound-Regular.ttf
15:39:54.851 [FXGL Background Thread 3 ] DEBUG Engine               - fullScreen: BooleanProperty [value: false]
15:39:54.852 [FXGL Background Thread 3 ] DEBUG Engine               - gameDifficulty: MEDIUM
15:39:54.852 [FXGL Background Thread 3 ] DEBUG Engine               - gameDifficultyProperty: ObjectProperty [value: MEDIUM]
15:39:54.852 [FXGL Background Thread 3 ] DEBUG Engine               - globalMusicVolume: 0.5
15:39:54.852 [FXGL Background Thread 3 ] DEBUG Engine               - globalMusicVolumeProperty: DoubleProperty [value: 0.25]
15:39:54.852 [FXGL Background Thread 3 ] DEBUG Engine               - globalSoundVolume: 0.5
15:39:54.852 [FXGL Background Thread 3 ] DEBUG Engine               - globalSoundVolumeProperty: DoubleProperty [value: 0.5]
15:39:54.852 [FXGL Background Thread 3 ] DEBUG Engine               - height: 720
15:39:54.852 [FXGL Background Thread 3 ] DEBUG Engine               - is3D: false
15:39:54.852 [FXGL Background Thread 3 ] DEBUG Engine               - isAndroid: false
15:39:54.852 [FXGL Background Thread 3 ] DEBUG Engine               - isBrowser: false
15:39:54.852 [FXGL Background Thread 3 ] DEBUG Engine               - isClickFeedbackEnabled: false
15:39:54.852 [FXGL Background Thread 3 ] DEBUG Engine               - isCloseConfirmation: false
15:39:54.852 [FXGL Background Thread 3 ] DEBUG Engine               - isDesktop: true
15:39:54.852 [FXGL Background Thread 3 ] DEBUG Engine               - isDeveloperMenuEnabled: true
15:39:54.852 [FXGL Background Thread 3 ] DEBUG Engine               - isEmbedded: false
15:39:54.852 [FXGL Background Thread 3 ] DEBUG Engine               - isEntityPreloadEnabled: true
15:39:54.853 [FXGL Background Thread 3 ] DEBUG Engine               - isExperimentalTiledLargeMap: false
15:39:54.853 [FXGL Background Thread 3 ] DEBUG Engine               - isFileSystemWriteAllowed: true
15:39:54.853 [FXGL Background Thread 3 ] DEBUG Engine               - isFullScreenAllowed: false
15:39:54.853 [FXGL Background Thread 3 ] DEBUG Engine               - isFullScreenFromStart: false
15:39:54.853 [FXGL Background Thread 3 ] DEBUG Engine               - isGameMenuEnabled: true
15:39:54.853 [FXGL Background Thread 3 ] DEBUG Engine               - isIOS: false
15:39:54.853 [FXGL Background Thread 3 ] DEBUG Engine               - isIntroEnabled: false
15:39:54.853 [FXGL Background Thread 3 ] DEBUG Engine               - isLinux: false
15:39:54.853 [FXGL Background Thread 3 ] DEBUG Engine               - isMac: true
15:39:54.854 [FXGL Background Thread 3 ] DEBUG Engine               - isMainMenuEnabled: true
15:39:54.854 [FXGL Background Thread 3 ] DEBUG Engine               - isManualResizeEnabled: false
15:39:54.854 [FXGL Background Thread 3 ] DEBUG Engine               - isMobile: false
15:39:54.854 [FXGL Background Thread 3 ] DEBUG Engine               - isNative: false
15:39:54.854 [FXGL Background Thread 3 ] DEBUG Engine               - isPauseMusicWhenMinimized: true
15:39:54.854 [FXGL Background Thread 3 ] DEBUG Engine               - isPreserveResizeRatio: false
15:39:54.854 [FXGL Background Thread 3 ] DEBUG Engine               - isProfilingEnabled: false
15:39:54.854 [FXGL Background Thread 3 ] DEBUG Engine               - isScaleAffectedOnResize: true
15:39:54.854 [FXGL Background Thread 3 ] DEBUG Engine               - isSingleStep: false
15:39:54.854 [FXGL Background Thread 3 ] DEBUG Engine               - isUserProfileEnabled: false
15:39:54.854 [FXGL Background Thread 3 ] DEBUG Engine               - isWindows: false
15:39:54.854 [FXGL Background Thread 3 ] DEBUG Engine               - language: ObjectProperty [value: ENGLISH]
15:39:54.854 [FXGL Background Thread 3 ] DEBUG Engine               - menuKey: ESCAPE
15:39:54.855 [FXGL Background Thread 3 ] DEBUG Engine               - mouseSensitivity: 0.2
15:39:54.855 [FXGL Background Thread 3 ] DEBUG Engine               - notificationViewClass: class com.almasb.fxgl.notification.view.XboxNotificationView
15:39:54.855 [FXGL Background Thread 3 ] DEBUG Engine               - pixelsPerMeter: 50.0
15:39:54.855 [FXGL Background Thread 3 ] DEBUG Engine               - platform: MAC
15:39:54.855 [FXGL Background Thread 3 ] DEBUG Engine               - prefHeightProperty: ReadOnlyDoubleProperty [value: 720.0]
15:39:54.855 [FXGL Background Thread 3 ] DEBUG Engine               - prefWidthProperty: ReadOnlyDoubleProperty [value: 1280.0]
15:39:54.855 [FXGL Background Thread 3 ] DEBUG Engine               - profileDir: profiles/
15:39:54.855 [FXGL Background Thread 3 ] DEBUG Engine               - profileName: StringProperty [value: DEFAULT]
15:39:54.856 [FXGL Background Thread 3 ] DEBUG Engine               - randomSeed: -1
15:39:54.856 [FXGL Background Thread 3 ] DEBUG Engine               - runtimeInfo: RuntimeInfo(platform=MAC, version=17.2, build=20.08.2022 16.50)
15:39:54.856 [FXGL Background Thread 3 ] DEBUG Engine               - saveFileExt: sav
15:39:54.856 [FXGL Background Thread 3 ] DEBUG Engine               - scaledHeightProp$fxgl: DoubleProperty [bound, value: 720.0]
15:39:54.856 [FXGL Background Thread 3 ] DEBUG Engine               - scaledWidthProp$fxgl: DoubleProperty [bound, value: 1280.0]
15:39:54.856 [FXGL Background Thread 3 ] DEBUG Engine               - sceneFactory: com.sunsofgod.PlatformerApp$1@4a5c2771
15:39:54.857 [FXGL Background Thread 3 ] DEBUG Engine               - secondsIn24h: 60
15:39:54.857 [FXGL Background Thread 3 ] DEBUG Engine               - soundMenuBack: menu/back.wav
15:39:54.857 [FXGL Background Thread 3 ] DEBUG Engine               - soundMenuPress: menu/press.wav
15:39:54.857 [FXGL Background Thread 3 ] DEBUG Engine               - soundMenuSelect: menu/select.wav
15:39:54.857 [FXGL Background Thread 3 ] DEBUG Engine               - soundNotification: core/notification.wav
15:39:54.857 [FXGL Background Thread 3 ] DEBUG Engine               - stageStyle: DECORATED
15:39:54.858 [FXGL Background Thread 3 ] DEBUG Engine               - supportedLanguages: [ENGLISH, FRENCH, GERMAN, HUNGARIAN, RUSSIAN]
15:39:54.858 [FXGL Background Thread 3 ] DEBUG Engine               - ticksPerSecond: -1
15:39:54.858 [FXGL Background Thread 3 ] DEBUG Engine               - title: Untitled
15:39:54.858 [FXGL Background Thread 3 ] DEBUG Engine               - urlGithub: https://github.com/AlmasB/FXGL
15:39:54.858 [FXGL Background Thread 3 ] DEBUG Engine               - urlLeaderboard: http://fxgl-top.herokuapp.com/
15:39:54.858 [FXGL Background Thread 3 ] DEBUG Engine               - urlPOM: https://raw.githubusercontent.com/AlmasB/FXGL/release/README.md
15:39:54.858 [FXGL Background Thread 3 ] DEBUG Engine               - userAppClass: class com.sunsofgod.PlatformerApp
15:39:54.858 [FXGL Background Thread 3 ] DEBUG Engine               - version: 0.0
15:39:54.858 [FXGL Background Thread 3 ] DEBUG Engine               - versionCheckDays: 7
15:39:54.858 [FXGL Background Thread 3 ] DEBUG Engine               - width: 1280
15:39:54.858 [FXGL Background Thread 3 ] DEBUG Engine               - Logging services
15:39:54.858 [FXGL Background Thread 3 ] DEBUG Engine               - class com.almasb.fxgl.app.services.FXGLAssetLoaderService
15:39:54.859 [FXGL Background Thread 3 ] DEBUG Engine               - class com.almasb.fxgl.app.FXGLApplication$GameApplicationService
15:39:54.859 [FXGL Background Thread 3 ] DEBUG Engine               - class com.almasb.fxgl.app.services.FXGLDialogService
15:39:54.859 [FXGL Background Thread 3 ] DEBUG Engine               - class com.almasb.fxgl.app.services.IOTaskExecutorService
15:39:54.859 [FXGL Background Thread 3 ] DEBUG Engine               - class com.almasb.fxgl.io.FileSystemService
15:39:54.859 [FXGL Background Thread 3 ] DEBUG Engine               - class com.almasb.fxgl.localization.LocalizationService
15:39:54.859 [FXGL Background Thread 3 ] DEBUG Engine               - class com.almasb.fxgl.app.services.SystemBundleService
15:39:54.859 [FXGL Background Thread 3 ] DEBUG Engine               - class com.almasb.fxgl.profile.SaveLoadService
15:39:54.859 [FXGL Background Thread 3 ] DEBUG Engine               - class com.almasb.fxgl.ui.FXGLUIFactoryServiceProvider
15:39:54.859 [FXGL Background Thread 3 ] DEBUG Engine               - class com.almasb.fxgl.ui.FXGLDialogFactoryServiceProvider
15:39:54.859 [FXGL Background Thread 3 ] DEBUG Engine               - class com.almasb.fxgl.audio.AudioPlayer
15:39:54.859 [FXGL Background Thread 3 ] DEBUG Engine               - class com.almasb.fxgl.notification.impl.NotificationServiceProvider
15:39:54.859 [FXGL Background Thread 3 ] DEBUG Engine               - class com.almasb.fxgl.achievement.AchievementService
15:39:54.860 [FXGL Background Thread 3 ] DEBUG Engine               - class com.almasb.fxgl.cutscene.CutsceneService
15:39:54.860 [FXGL Background Thread 3 ] DEBUG Engine               - class com.almasb.fxgl.minigames.MiniGameService
15:39:54.860 [FXGL Background Thread 3 ] DEBUG Engine               - class com.almasb.fxgl.net.NetService
15:39:54.860 [FXGL Background Thread 3 ] DEBUG Engine               - class com.almasb.fxgl.app.services.UpdaterService
15:39:54.860 [FXGL Background Thread 3 ] DEBUG Engine               - class com.almasb.fxgl.dev.DevService
15:39:55.427 [JavaFX Application Thread] DEBUG Menu                 - fireNewGame()
15:39:55.427 [JavaFX Application Thread] DEBUG GameApplicationServi - Starting new game
15:39:55.427 [JavaFX Application Thread] DEBUG PrimaryStageWindow   - Pop state: LevelSelectScene
15:39:55.427 [JavaFX Application Thread] DEBUG Input                - Clearing active input actions
15:39:55.428 [JavaFX Application Thread] DEBUG GameApplicationServi - Removing overlay from LevelSelectScene and adding to PlayerSelectScene
15:39:55.429 [JavaFX Application Thread] DEBUG PrimaryStageWindow   - PlayerSelectScene <- LevelSelectScene
15:39:55.429 [JavaFX Application Thread] DEBUG PrimaryStageWindow   - Pop state: PlayerSelectScene
15:39:55.429 [JavaFX Application Thread] DEBUG Input                - Clearing active input actions
15:39:55.429 [JavaFX Application Thread] DEBUG GameApplicationServi - Removing overlay from PlayerSelectScene and adding to RiderMainMenuScene
15:39:55.429 [JavaFX Application Thread] DEBUG PrimaryStageWindow   - RiderMainMenuScene <- PlayerSelectScene
15:39:55.429 [JavaFX Application Thread] DEBUG PrimaryStageWindow   - Pop state: RiderMainMenuScene
15:39:55.429 [JavaFX Application Thread] DEBUG Input                - Clearing active input actions
15:39:55.429 [JavaFX Application Thread] DEBUG GameApplicationServi - Removing overlay from RiderMainMenuScene and adding to FXGLMainMenuDummyScene
15:39:55.430 [JavaFX Application Thread] DEBUG PrimaryStageWindow   - FXGLMainMenuDummyScene <- RiderMainMenuScene
15:39:55.431 [JavaFX Application Thread] DEBUG Input                - Clearing active input actions
15:39:55.433 [JavaFX Application Thread] DEBUG GameApplicationServi - Removing overlay from FXGLMainMenuDummyScene and adding to MainLoadingScene
15:39:55.433 [JavaFX Application Thread] DEBUG PrimaryStageWindow   - FXGLMainMenuDummyScene -> MainLoadingScene
15:39:55.433 [JavaFX Application Thread] DEBUG GameApplicationServi - Clearing previous game
15:39:55.433 [JavaFX Application Thread] DEBUG GameScene            - Clearing game scene
15:39:55.433 [JavaFX Application Thread] DEBUG GameWorld            - Clearing game world
15:39:55.433 [JavaFX Application Thread] DEBUG PhysicsWorld         - Clearing physics world
15:39:55.434 [FXGL Background Thread 2 ] DEBUG FXGLApplication      - Initializing game
15:39:55.462 [FXGL Background Thread 2 ] WARN  TMXLevelLoader       - TiledMap generated from 1.11.0. Supported version: 1.9.0. Some features may not be parsed fully.
15:39:55.474 [FXGL Background Thread 2 ] DEBUG TMXLevelLoader       - Parsed TiledMap: file:/Users/aaron/JavaFXGame/target/classes/assets/levels/tmx/level1.tmx
15:39:55.476 [FXGL Background Thread 2 ] DEBUG TMXLevelLoader       - Creating tile layer entities
15:39:55.478 [FXGL Background Thread 2 ] DEBUG TilesetLoader        - Loading view for layer Tile Layer 1
15:39:55.481 [FXGL Background Thread 2 ] DEBUG TilesetLoader        - Created buffer with size 2450.0x700.0
15:39:55.494 [FXGL Background Thread 2 ] DEBUG TMXLevelLoader       - Creating object layer entities
15:39:55.515 [FXGL Background Thread 2 ] DEBUG FXGLAssetLoaderServi - Loading from file system: file:/Users/aaron/JavaFXGame/target/classes/assets/textures/button.png
15:39:55.535 [FXGL Background Thread 2 ] DEBUG GameWorld            - Clearing removable entities
15:39:55.536 [FXGL Background Thread 2 ] DEBUG GameWorld            - Setting level: com.almasb.fxgl.entity.level.Level@26f536eb
15:39:55.540 [FXGL Background Thread 2 ] DEBUG FXGLAssetLoaderServi - Loading from file system: file:/Users/aaron/JavaFXGame/target/classes/assets/textures/player1.png
15:39:55.544 [FXGL Background Thread 2 ] DEBUG Input                - Clearing active input actions
15:39:55.545 [FXGL Background Thread 2 ] DEBUG Input                - Registered new binding: Jump0 - W
15:39:55.545 [FXGL Background Thread 2 ] DEBUG Input                - Registered new binding: Left0 - A
15:39:55.545 [FXGL Background Thread 2 ] DEBUG Input                - Registered new binding: Right0 - D
15:39:55.545 [FXGL Background Thread 2 ] DEBUG Input                - Registered new binding: Use0 - E
15:39:55.545 [FXGL Background Thread 2 ] DEBUG FXGLAssetLoaderServi - Loading from file system: file:/Users/aaron/JavaFXGame/target/classes/assets/textures/background/manila.png
15:39:55.561 [FXGL Background Thread 2 ] INFO  FXGLApplication      - Game initialization took: 0.126 sec
15:39:55.561 [JavaFX Application Thread] DEBUG Input                - Clearing active input actions
15:39:55.564 [JavaFX Application Thread] DEBUG GameApplicationServi - Removing overlay from MainLoadingScene and adding to GameScene
15:39:55.565 [JavaFX Application Thread] DEBUG PrimaryStageWindow   - MainLoadingScene -> GameScene
15:39:57.335 [JavaFX Application Thread] DEBUG PrimaryStageWindow   - Push state: LevelCompletionScene
15:39:57.335 [JavaFX Application Thread] DEBUG Input                - Clearing active input actions
15:39:57.336 [JavaFX Application Thread] DEBUG GameApplicationServi - Removing overlay from GameScene and adding to LevelCompletionScene
15:39:57.336 [JavaFX Application Thread] DEBUG PrimaryStageWindow   - GameScene -> LevelCompletionScene
15:39:57.342 [JavaFX Application Thread] WARN  TMXLevelLoader       - TiledMap generated from 1.11.0. Supported version: 1.9.0. Some features may not be parsed fully.
15:39:57.347 [JavaFX Application Thread] DEBUG TMXLevelLoader       - Parsed TiledMap: file:/Users/aaron/JavaFXGame/target/classes/assets/levels/tmx/level2.tmx
15:39:57.347 [JavaFX Application Thread] DEBUG TMXLevelLoader       - Creating tile layer entities
15:39:57.347 [JavaFX Application Thread] DEBUG TilesetLoader        - Loading view for layer BG
15:39:57.348 [JavaFX Application Thread] DEBUG TilesetLoader        - Created buffer with size 4200.0x700.0
15:39:57.354 [JavaFX Application Thread] DEBUG TilesetLoader        - Loading view for layer Tile Layer 1
15:39:57.358 [JavaFX Application Thread] DEBUG TilesetLoader        - Created buffer with size 4200.0x700.0
15:39:57.360 [JavaFX Application Thread] DEBUG TMXLevelLoader       - Creating object layer entities
15:39:57.365 [JavaFX Application Thread] DEBUG GameWorld            - Clearing removable entities
15:39:57.369 [JavaFX Application Thread] DEBUG GameWorld            - Setting level: com.almasb.fxgl.entity.level.Level@336c08b7
15:39:57.993 [JavaFX Application Thread] DEBUG PrimaryStageWindow   - Pop state: LevelCompletionScene
15:39:57.994 [JavaFX Application Thread] DEBUG Input                - Clearing active input actions
15:39:57.994 [JavaFX Application Thread] DEBUG GameApplicationServi - Removing overlay from LevelCompletionScene and adding to GameScene
15:39:57.995 [JavaFX Application Thread] DEBUG PrimaryStageWindow   - GameScene <- LevelCompletionScene
15:39:59.306 [JavaFX Application Thread] DEBUG FXGLAssetLoaderServi - Loading from file system: file:/Users/aaron/JavaFXGame/target/classes/assets/sounds/jump.wav
15:40:01.105 [JavaFX Application Thread] DEBUG PrimaryStageWindow   - Push state: LevelCompletionScene
15:40:01.105 [JavaFX Application Thread] DEBUG Input                - Clearing active input actions
15:40:01.105 [JavaFX Application Thread] DEBUG GameApplicationServi - Removing overlay from GameScene and adding to LevelCompletionScene
15:40:01.106 [JavaFX Application Thread] DEBUG PrimaryStageWindow   - GameScene -> LevelCompletionScene
15:40:01.107 [JavaFX Application Thread] WARN  TMXLevelLoader       - TiledMap generated from 1.11.0. Supported version: 1.9.0. Some features may not be parsed fully.
15:40:01.110 [JavaFX Application Thread] DEBUG TMXLevelLoader       - Parsed TiledMap: file:/Users/aaron/JavaFXGame/target/classes/assets/levels/tmx/level3.tmx
15:40:01.110 [JavaFX Application Thread] DEBUG TMXLevelLoader       - Creating tile layer entities
15:40:01.110 [JavaFX Application Thread] DEBUG TilesetLoader        - Loading view for layer BG
15:40:01.111 [JavaFX Application Thread] DEBUG TilesetLoader        - Created buffer with size 4200.0x700.0
15:40:01.121 [JavaFX Application Thread] DEBUG TilesetLoader        - Loading view for layer Physical
15:40:01.124 [JavaFX Application Thread] DEBUG TilesetLoader        - Created buffer with size 4200.0x700.0
15:40:01.129 [JavaFX Application Thread] DEBUG TMXLevelLoader       - Creating object layer entities
15:40:01.139 [JavaFX Application Thread] DEBUG GameWorld            - Clearing removable entities
15:40:01.141 [JavaFX Application Thread] DEBUG GameWorld            - Setting level: com.almasb.fxgl.entity.level.Level@22ea0e0
15:40:01.676 [JavaFX Application Thread] DEBUG PrimaryStageWindow   - Pop state: LevelCompletionScene
15:40:01.677 [JavaFX Application Thread] DEBUG Input                - Clearing active input actions
15:40:01.677 [JavaFX Application Thread] DEBUG GameApplicationServi - Removing overlay from LevelCompletionScene and adding to GameScene
15:40:01.678 [JavaFX Application Thread] DEBUG PrimaryStageWindow   - GameScene <- LevelCompletionScene
15:40:04.234 [JavaFX Application Thread] DEBUG PrimaryStageWindow   - Push state: LevelCompletionScene
15:40:04.234 [JavaFX Application Thread] DEBUG Input                - Clearing active input actions
15:40:04.235 [JavaFX Application Thread] DEBUG GameApplicationServi - Removing overlay from GameScene and adding to LevelCompletionScene
15:40:04.235 [JavaFX Application Thread] DEBUG PrimaryStageWindow   - GameScene -> LevelCompletionScene
15:40:04.237 [JavaFX Application Thread] WARN  TMXLevelLoader       - TiledMap generated from 1.11.0. Supported version: 1.9.0. Some features may not be parsed fully.
15:40:04.240 [JavaFX Application Thread] DEBUG TMXLevelLoader       - Parsed TiledMap: file:/Users/aaron/JavaFXGame/target/classes/assets/levels/tmx/level4.tmx
15:40:04.241 [JavaFX Application Thread] DEBUG TMXLevelLoader       - Creating tile layer entities
15:40:04.241 [JavaFX Application Thread] DEBUG TilesetLoader        - Loading view for layer BG
15:40:04.246 [JavaFX Application Thread] DEBUG TilesetLoader        - Created buffer with size 3500.0x700.0
15:40:04.254 [JavaFX Application Thread] DEBUG TilesetLoader        - Loading view for layer Physical
15:40:04.257 [JavaFX Application Thread] DEBUG TilesetLoader        - Created buffer with size 3500.0x700.0
15:40:04.259 [JavaFX Application Thread] DEBUG TMXLevelLoader       - Creating object layer entities
15:40:04.267 [JavaFX Application Thread] DEBUG GameWorld            - Clearing removable entities
15:40:04.268 [JavaFX Application Thread] DEBUG GameWorld            - Setting level: com.almasb.fxgl.entity.level.Level@2bcc37fd
15:40:04.845 [JavaFX Application Thread] DEBUG PrimaryStageWindow   - Pop state: LevelCompletionScene
15:40:04.846 [JavaFX Application Thread] DEBUG Input                - Clearing active input actions
15:40:04.846 [JavaFX Application Thread] DEBUG GameApplicationServi - Removing overlay from LevelCompletionScene and adding to GameScene
15:40:04.847 [JavaFX Application Thread] DEBUG PrimaryStageWindow   - GameScene <- LevelCompletionScene
15:40:21.628 [JavaFX Application Thread] DEBUG FXGLAssetLoaderServi - Loading from file system: file:/Users/aaron/JavaFXGame/target/classes/assets/textures/exit_sign.png
15:40:24.559 [JavaFX Application Thread] DEBUG FXGLApplication      - Exiting FXGL
15:40:24.559 [JavaFX Application Thread] DEBUG LoopRunner           - Stopping loop
15:40:24.559 [JavaFX Application Thread] DEBUG SystemBundleService  - Saving FXGL system data
15:40:24.561 [JavaFX Application Thread] DEBUG FileSystemAccess     - Writing to: /Users/aaron/JavaFXGame/system/fxgl.bundle
15:40:24.562 [JavaFX Application Thread] DEBUG Async                - Shutting down background threads
15:40:24.562 [JavaFX Application Thread] DEBUG PrimaryStageWindow   - Closing main window
15:40:24.591 [JavaFX Application Thread] DEBUG Logger               - Closing Logger
