15:20:29.832 [main                     ] DEBUG Logger               - Configured Logger
15:20:29.847 [main                     ] DEBUG GameApplication      - Logging settings
Title: Untitled
Version: 0.0
Width: 1280
Height: 720
Fullscreen: false
Intro: false
Profiling: false
Single step:false
App Mode: DEVELOPER
Menu Key: ESCAPE
Stage Style: DECORATED
Scene Factory: class com.sunsofgod.PlatformerApp$1

15:20:30.131 [JavaFX Application Thread] DEBUG FXGLApplication      - Initializing FXGL
15:20:30.135 [JavaFX Application Thread] INFO  Engine               - FXGL-17.2 (20.08.2022 16.50) on WINDOWS (J:21.0.4 FX:17.0.12)
15:20:30.135 [JavaFX Application Thread] DEBUG Engine               - JRE Vendor Name: Eclipse Adoptium
15:20:30.135 [JavaFX Application Thread] DEBUG Engine               - Running on OS: Windows 11 version 10.0
15:20:30.135 [JavaFX Application Thread] DEBUG Engine               - Architecture: amd64
15:20:30.136 [JavaFX Application Thread] INFO  Engine               - Source code and latest versions at: https://github.com/AlmasB/FXGL
15:20:30.136 [JavaFX Application Thread] INFO  Engine               -       Ask questions and discuss at: https://github.com/AlmasB/FXGL/discussions
15:20:30.136 [JavaFX Application Thread] INFO  Engine               -              Join the FXGL chat at: https://gitter.im/AlmasB/FXGL
15:20:30.201 [JavaFX Application Thread] DEBUG PrimaryStageWindow   - Creating a JavaFX scene
15:20:30.233 [JavaFX Application Thread] DEBUG PrimaryStageWindow   - Target settings size: 1280.0 x 720.0
15:20:30.233 [JavaFX Application Thread] DEBUG PrimaryStageWindow   - Scaled scene size:    1280.0 x 720.0
15:20:30.233 [JavaFX Application Thread] DEBUG PrimaryStageWindow   - Scaled ratio: (1.0, 1.0)
15:20:30.234 [JavaFX Application Thread] DEBUG PrimaryStageWindow   - Set initial scene to FXGLStartupScene
15:20:30.238 [JavaFX Application Thread] DEBUG PrimaryStageWindow   - Opening main window
15:20:30.303 [JavaFX Application Thread] DEBUG PrimaryStageWindow   - Window border size: (16.0, 39.0)
15:20:30.303 [JavaFX Application Thread] DEBUG PrimaryStageWindow   - Scaled size: 1280.0 x 720.0
15:20:30.303 [JavaFX Application Thread] DEBUG PrimaryStageWindow   - Scaled ratio: (1.0, 1.0)
15:20:30.303 [JavaFX Application Thread] DEBUG PrimaryStageWindow   - Scene size: 1280.0 x 720.0
15:20:30.303 [JavaFX Application Thread] DEBUG PrimaryStageWindow   - Stage size: 1296.0 x 759.0
15:20:30.310 [FXGL Background Thread 1 ] DEBUG Engine               - Initializing environment variables
15:20:30.343 [FXGL Background Thread 1 ] DEBUG FXGLAssetLoaderServi - User app class for loading assets: class com.sunsofgod.PlatformerApp
15:20:30.343 [FXGL Background Thread 1 ] DEBUG GameApplicationServi - Applying CSS: fxgl_dark.css
15:20:30.344 [FXGL Background Thread 1 ] DEBUG FXGLAssetLoaderServi - Loading from file system: jar:file:///C:/Users/user/.m2/repository/com/github/almasb/fxgl/17.2/fxgl-17.2.jar!/fxglassets/ui/css/fxgl_dark.css
15:20:30.374 [FXGL Background Thread 1 ] DEBUG GameApplicationServi - Initializing application scenes
15:20:30.407 [FXGL Background Thread 1 ] WARN  FXGLAssetLoaderServi - Asset "/assets/textures/player.png" was not found!
15:20:30.407 [FXGL Background Thread 1 ] WARN  FXGLAssetLoaderServi - Failed to load IMAGE
15:20:30.427 [FXGL Background Thread 1 ] DEBUG GameWorld            - Game world initialized
15:20:30.460 [FXGL Background Thread 1 ] DEBUG PhysicsWorld         - Physics world initialized: appHeight=720, physics.ppm=50.0
15:20:30.460 [FXGL Background Thread 1 ] DEBUG PhysicsWorld         - Using strategy: BRUTE_FORCE
15:20:30.462 [FXGL Background Thread 1 ] DEBUG GameScene            - Game scene initialized: 1280x720
15:20:30.675 [FXGL Background Thread 1 ] DEBUG GameApplicationServi - Application scenes initialized
15:20:30.685 [FXGL Background Thread 1 ] DEBUG SystemBundleService  - Loading FXGL system data
15:20:30.689 [FXGL Background Thread 1 ] DEBUG FileSystemAccess     - Reading from: C:\Users\user\Desktop\JavaFXGame\system\fxgl.bundle
15:20:30.696 [FXGL Background Thread 1 ] DEBUG SystemBundleService  - Bundle FXGL: {}
15:20:30.696 [FXGL Background Thread 1 ] DEBUG UpdaterService       - Checking for updates
15:20:30.715 [FXGL Background Thread 4 ] DEBUG FXGLApplication      - Loading fonts
15:20:30.715 [FXGL Background Thread 1 ] DEBUG FXGLApplication      - Loading default localization
15:20:30.715 [FXGL Background Thread 4 ] DEBUG FXGLAssetLoaderServi - Loading from file system: jar:file:///C:/Users/user/.m2/repository/com/github/almasb/fxgl/17.2/fxgl-17.2.jar!/fxglassets/ui/fonts/VarelaRound-Regular.ttf
15:20:30.715 [FXGL Background Thread 1 ] DEBUG FXGLAssetLoaderServi - Loading from file system: jar:file:///C:/Users/user/.m2/repository/com/github/almasb/fxgl/17.2/fxgl-17.2.jar!/fxglassets/languages/english.lang
15:20:30.736 [FXGL Background Thread 1 ] INFO  FXGLApplication      - FXGL initialization took: 0.427 sec
15:20:30.737 [JavaFX Application Thread] DEBUG FXGLAssetLoaderServi - Loading from file system: jar:file:///C:/Users/user/.m2/repository/com/github/almasb/fxgl/17.2/fxgl-17.2.jar!/fxglassets/textures/fxgl_icon.png
15:20:30.751 [JavaFX Application Thread] DEBUG FXGLAssetLoaderServi - Loading from file system: jar:file:///C:/Users/user/.m2/repository/com/github/almasb/fxgl/17.2/fxgl-17.2.jar!/fxglassets/textures/fxgl_default_cursor.png
15:20:30.755 [FXGL Background Thread 4 ] DEBUG FXGLAssetLoaderServi - Loading from file system: jar:file:///C:/Users/user/.m2/repository/com/github/almasb/fxgl/17.2/fxgl-17.2.jar!/fxglassets/ui/fonts/Abel-Regular.ttf
15:20:30.760 [FXGL Background Thread 4 ] DEBUG FXGLAssetLoaderServi - Loading from file system: jar:file:///C:/Users/user/.m2/repository/com/github/almasb/fxgl/17.2/fxgl-17.2.jar!/fxglassets/ui/fonts/TerminalLandMono-Regular.otf
15:20:30.761 [JavaFX Application Thread] DEBUG Input                - Registered new binding: Screenshot - CTRL+8
15:20:30.762 [JavaFX Application Thread] DEBUG Input                - Registered new binding: Dev Options - 1
15:20:30.762 [JavaFX Application Thread] DEBUG Input                - Registered new binding: Dev Console - 2
15:20:30.762 [JavaFX Application Thread] DEBUG Input                - Registered new binding: System info dump - CTRL+9
15:20:30.763 [JavaFX Application Thread] DEBUG Input                - Registered new binding: Restart - CTRL+R
15:20:30.763 [JavaFX Application Thread] DEBUG Input                - Registered new binding: Toggle Debug Camera - CTRL+7
15:20:30.763 [FXGL Background Thread 4 ] DEBUG FXGLAssetLoaderServi - Loading from file system: jar:file:///C:/Users/user/.m2/repository/com/github/almasb/fxgl/17.2/fxgl-17.2.jar!/fxglassets/ui/fonts/Courier-Prime.ttf
15:20:30.765 [JavaFX Application Thread] DEBUG LoopRunner           - Starting loop
15:20:30.775 [JavaFX Application Thread] DEBUG LoopRunner           - Initializing JavaFX AnimationTimerLoop
15:20:30.778 [JavaFX Application Thread] DEBUG Input                - Clearing active input actions
15:20:30.786 [JavaFX Application Thread] DEBUG GameApplicationServi - Removing overlay from FXGLStartupScene and adding to FXGLMainMenuDummyScene
15:20:30.790 [JavaFX Application Thread] DEBUG PrimaryStageWindow   - FXGLStartupScene -> FXGLMainMenuDummyScene
15:20:30.790 [JavaFX Application Thread] DEBUG PrimaryStageWindow   - Push state: RiderMainMenuScene
15:20:30.790 [JavaFX Application Thread] DEBUG Input                - Clearing active input actions
15:20:30.795 [JavaFX Application Thread] DEBUG GameApplicationServi - Removing overlay from FXGLMainMenuDummyScene and adding to RiderMainMenuScene
15:20:30.795 [JavaFX Application Thread] DEBUG PrimaryStageWindow   - FXGLMainMenuDummyScene -> RiderMainMenuScene
15:20:30.938 [JavaFX Application Thread] DEBUG FXGLApplication      - Registering font factories with UI factory
15:20:31.085 [FXGL Background Thread 2 ] INFO  UpdaterService       - Your current version:  17.2
15:20:31.085 [FXGL Background Thread 2 ] INFO  UpdaterService       - Latest stable version: 21.1
15:20:31.825 [JavaFX Application Thread] DEBUG PrimaryStageWindow   - Push state: PlayerSelectScene
15:20:31.825 [JavaFX Application Thread] DEBUG Input                - Clearing active input actions
15:20:31.826 [JavaFX Application Thread] DEBUG GameApplicationServi - Removing overlay from RiderMainMenuScene and adding to PlayerSelectScene
15:20:31.827 [JavaFX Application Thread] DEBUG PrimaryStageWindow   - RiderMainMenuScene -> PlayerSelectScene
15:20:32.867 [JavaFX Application Thread] DEBUG PrimaryStageWindow   - Push state: LevelSelectScene
15:20:32.867 [JavaFX Application Thread] DEBUG Input                - Clearing active input actions
15:20:32.868 [JavaFX Application Thread] DEBUG GameApplicationServi - Removing overlay from PlayerSelectScene and adding to LevelSelectScene
15:20:32.869 [JavaFX Application Thread] DEBUG PrimaryStageWindow   - PlayerSelectScene -> LevelSelectScene
15:20:33.563 [JavaFX Application Thread] DEBUG Menu                 - fireNewGame()
15:20:33.563 [JavaFX Application Thread] DEBUG GameApplicationServi - Starting new game
15:20:33.563 [JavaFX Application Thread] DEBUG PrimaryStageWindow   - Pop state: LevelSelectScene
15:20:33.564 [JavaFX Application Thread] DEBUG Input                - Clearing active input actions
15:20:33.564 [JavaFX Application Thread] DEBUG GameApplicationServi - Removing overlay from LevelSelectScene and adding to PlayerSelectScene
15:20:33.565 [JavaFX Application Thread] DEBUG PrimaryStageWindow   - PlayerSelectScene <- LevelSelectScene
15:20:33.565 [JavaFX Application Thread] DEBUG PrimaryStageWindow   - Pop state: PlayerSelectScene
15:20:33.565 [JavaFX Application Thread] DEBUG Input                - Clearing active input actions
15:20:33.566 [JavaFX Application Thread] DEBUG GameApplicationServi - Removing overlay from PlayerSelectScene and adding to RiderMainMenuScene
15:20:33.566 [JavaFX Application Thread] DEBUG PrimaryStageWindow   - RiderMainMenuScene <- PlayerSelectScene
15:20:33.566 [JavaFX Application Thread] DEBUG PrimaryStageWindow   - Pop state: RiderMainMenuScene
15:20:33.566 [JavaFX Application Thread] DEBUG Input                - Clearing active input actions
15:20:33.566 [JavaFX Application Thread] DEBUG GameApplicationServi - Removing overlay from RiderMainMenuScene and adding to FXGLMainMenuDummyScene
15:20:33.568 [JavaFX Application Thread] DEBUG PrimaryStageWindow   - FXGLMainMenuDummyScene <- RiderMainMenuScene
15:20:33.568 [JavaFX Application Thread] DEBUG Input                - Clearing active input actions
15:20:33.572 [JavaFX Application Thread] DEBUG GameApplicationServi - Removing overlay from FXGLMainMenuDummyScene and adding to MainLoadingScene
15:20:33.573 [JavaFX Application Thread] DEBUG PrimaryStageWindow   - FXGLMainMenuDummyScene -> MainLoadingScene
15:20:33.573 [JavaFX Application Thread] DEBUG GameApplicationServi - Clearing previous game
15:20:33.573 [JavaFX Application Thread] DEBUG GameScene            - Clearing game scene
15:20:33.573 [JavaFX Application Thread] DEBUG GameWorld            - Clearing game world
15:20:33.573 [JavaFX Application Thread] DEBUG PhysicsWorld         - Clearing physics world
15:20:33.574 [FXGL Background Thread 2 ] DEBUG FXGLApplication      - Initializing game
15:20:33.601 [FXGL Background Thread 2 ] WARN  TMXLevelLoader       - TiledMap generated from 1.11.0. Supported version: 1.9.0. Some features may not be parsed fully.
15:20:33.607 [FXGL Background Thread 2 ] DEBUG TMXLevelLoader       - Parsed TiledMap: file:/C:/Users/user/Desktop/JavaFXGame/target/classes/assets/levels/tmx/level5.tmx
15:20:33.608 [FXGL Background Thread 2 ] DEBUG TMXLevelLoader       - Creating tile layer entities
15:20:33.609 [FXGL Background Thread 2 ] DEBUG TilesetLoader        - Loading view for layer Tile Layer 1
15:20:33.613 [FXGL Background Thread 2 ] DEBUG TilesetLoader        - Created buffer with size 2450.0x700.0
15:20:33.621 [FXGL Background Thread 2 ] DEBUG TMXLevelLoader       - Creating object layer entities
15:20:33.640 [FXGL Background Thread 2 ] DEBUG FXGLAssetLoaderServi - Loading from file system: file:/C:/Users/user/Desktop/JavaFXGame/target/classes/assets/textures/button.png
15:20:33.647 [FXGL Background Thread 2 ] DEBUG GameWorld            - Clearing removable entities
15:20:33.647 [FXGL Background Thread 2 ] DEBUG GameWorld            - Setting level: com.almasb.fxgl.entity.level.Level@27f9cf98
15:20:33.654 [FXGL Background Thread 2 ] DEBUG FXGLAssetLoaderServi - Loading from file system: file:/C:/Users/user/Desktop/JavaFXGame/target/classes/assets/textures/player1.png
15:20:33.662 [FXGL Background Thread 2 ] DEBUG FXGLAssetLoaderServi - Loading from file system: file:/C:/Users/user/Desktop/JavaFXGame/target/classes/assets/textures/player2.png
15:20:33.664 [FXGL Background Thread 2 ] DEBUG Input                - Clearing active input actions
15:20:33.664 [FXGL Background Thread 2 ] DEBUG Input                - Registered new binding: Jump0 - W
15:20:33.665 [FXGL Background Thread 2 ] DEBUG Input                - Registered new binding: Left0 - A
15:20:33.665 [FXGL Background Thread 2 ] DEBUG Input                - Registered new binding: Right0 - D
15:20:33.665 [FXGL Background Thread 2 ] DEBUG Input                - Registered new binding: Use0 - E
15:20:33.665 [FXGL Background Thread 2 ] DEBUG Input                - Registered new binding: Jump1 - Up
15:20:33.665 [FXGL Background Thread 2 ] DEBUG Input                - Registered new binding: Left1 - Left
15:20:33.665 [FXGL Background Thread 2 ] DEBUG Input                - Registered new binding: Right1 - Right
15:20:33.665 [FXGL Background Thread 2 ] DEBUG Input                - Registered new binding: Use1 - Slash
15:20:33.666 [FXGL Background Thread 2 ] DEBUG FXGLAssetLoaderServi - Loading from file system: file:/C:/Users/user/Desktop/JavaFXGame/target/classes/assets/textures/background/manila.png
15:20:33.681 [FXGL Background Thread 2 ] INFO  FXGLApplication      - Game initialization took: 0.106 sec
15:20:33.682 [JavaFX Application Thread] DEBUG Input                - Clearing active input actions
15:20:33.685 [JavaFX Application Thread] DEBUG GameApplicationServi - Removing overlay from MainLoadingScene and adding to GameScene
15:20:33.686 [JavaFX Application Thread] DEBUG PrimaryStageWindow   - MainLoadingScene -> GameScene
15:20:33.715 [FXGL Background Thread 3 ] DEBUG Engine               - Logging environment variables
15:20:33.715 [FXGL Background Thread 3 ] DEBUG Engine               - achievements: []
15:20:33.715 [FXGL Background Thread 3 ] DEBUG Engine               - actualHeight: 720.0
15:20:33.715 [FXGL Background Thread 3 ] DEBUG Engine               - actualHeightProperty: ReadOnlyDoubleProperty [value: 720.0]
15:20:33.715 [FXGL Background Thread 3 ] DEBUG Engine               - actualWidth: 1280.0
15:20:33.715 [FXGL Background Thread 3 ] DEBUG Engine               - actualWidthProperty: ReadOnlyDoubleProperty [value: 1280.0]
15:20:33.715 [FXGL Background Thread 3 ] DEBUG Engine               - appIcon: fxgl_icon.png
15:20:33.715 [FXGL Background Thread 3 ] DEBUG Engine               - applicationMode: DEVELOPER
15:20:33.715 [FXGL Background Thread 3 ] DEBUG Engine               - cSSList: [fxgl_dark.css]
15:20:33.715 [FXGL Background Thread 3 ] DEBUG Engine               - collisionDetectionStrategy: BRUTE_FORCE
15:20:33.715 [FXGL Background Thread 3 ] DEBUG Engine               - configClass: Optional.empty
15:20:33.715 [FXGL Background Thread 3 ] DEBUG Engine               - credits: []
15:20:33.716 [FXGL Background Thread 3 ] DEBUG Engine               - defaultCursor: CursorInfo(imageName=fxgl_default_cursor.png, hotspotX=7.0, hotspotY=6.0)
15:20:33.716 [FXGL Background Thread 3 ] DEBUG Engine               - devBBoxColorProperty: ObjectProperty [value: 0xff0000ff]
15:20:33.716 [FXGL Background Thread 3 ] DEBUG Engine               - devEnableDebugCameraProperty: BooleanProperty [value: false]
15:20:33.716 [FXGL Background Thread 3 ] DEBUG Engine               - devSensorColorProperty: ObjectProperty [value: 0xffff00ff]
15:20:33.716 [FXGL Background Thread 3 ] DEBUG Engine               - devShowBBoxProperty: BooleanProperty [value: false]
15:20:33.716 [FXGL Background Thread 3 ] DEBUG Engine               - devShowPositionProperty: BooleanProperty [value: false]
15:20:33.716 [FXGL Background Thread 3 ] DEBUG Engine               - enabledMenuItems: []
15:20:33.716 [FXGL Background Thread 3 ] DEBUG Engine               - engineServices: [class com.almasb.fxgl.app.services.FXGLAssetLoaderService, class com.almasb.fxgl.app.FXGLApplication$GameApplicationService, class com.almasb.fxgl.app.services.FXGLDialogService, class com.almasb.fxgl.app.services.IOTaskExecutorService, class com.almasb.fxgl.io.FileSystemService, class com.almasb.fxgl.localization.LocalizationService, class com.almasb.fxgl.app.services.SystemBundleService, class com.almasb.fxgl.profile.SaveLoadService, class com.almasb.fxgl.ui.FXGLUIFactoryServiceProvider, class com.almasb.fxgl.ui.FXGLDialogFactoryServiceProvider, class com.almasb.fxgl.audio.AudioPlayer, class com.almasb.fxgl.notification.impl.NotificationServiceProvider, class com.almasb.fxgl.achievement.AchievementService, class com.almasb.fxgl.cutscene.CutsceneService, class com.almasb.fxgl.minigames.MiniGameService, class com.almasb.fxgl.net.NetService, class com.almasb.fxgl.app.services.UpdaterService, class com.almasb.fxgl.dev.DevService]
15:20:33.716 [FXGL Background Thread 3 ] DEBUG Engine               - fontGame: Abel-Regular.ttf
15:20:33.716 [FXGL Background Thread 3 ] DEBUG Engine               - fontMono: TerminalLandMono-Regular.otf
15:20:33.716 [FXGL Background Thread 3 ] DEBUG Engine               - fontText: Courier-Prime.ttf
15:20:33.716 [FXGL Background Thread 3 ] DEBUG Engine               - fontUI: VarelaRound-Regular.ttf
15:20:33.716 [FXGL Background Thread 3 ] DEBUG Engine               - fullScreen: BooleanProperty [value: false]
15:20:33.716 [FXGL Background Thread 3 ] DEBUG Engine               - gameDifficulty: MEDIUM
15:20:33.716 [FXGL Background Thread 3 ] DEBUG Engine               - gameDifficultyProperty: ObjectProperty [value: MEDIUM]
15:20:33.716 [FXGL Background Thread 3 ] DEBUG Engine               - globalMusicVolume: 0.5
15:20:33.717 [FXGL Background Thread 3 ] DEBUG Engine               - globalMusicVolumeProperty: DoubleProperty [value: 0.25]
15:20:33.717 [FXGL Background Thread 3 ] DEBUG Engine               - globalSoundVolume: 0.5
15:20:33.717 [FXGL Background Thread 3 ] DEBUG Engine               - globalSoundVolumeProperty: DoubleProperty [value: 0.5]
15:20:33.717 [FXGL Background Thread 3 ] DEBUG Engine               - height: 720
15:20:33.717 [FXGL Background Thread 3 ] DEBUG Engine               - is3D: false
15:20:33.717 [FXGL Background Thread 3 ] DEBUG Engine               - isAndroid: false
15:20:33.717 [FXGL Background Thread 3 ] DEBUG Engine               - isBrowser: false
15:20:33.717 [FXGL Background Thread 3 ] DEBUG Engine               - isClickFeedbackEnabled: false
15:20:33.717 [FXGL Background Thread 3 ] DEBUG Engine               - isCloseConfirmation: false
15:20:33.717 [FXGL Background Thread 3 ] DEBUG Engine               - isDesktop: true
15:20:33.717 [FXGL Background Thread 3 ] DEBUG Engine               - isDeveloperMenuEnabled: true
15:20:33.717 [FXGL Background Thread 3 ] DEBUG Engine               - isEmbedded: false
15:20:33.717 [FXGL Background Thread 3 ] DEBUG Engine               - isEntityPreloadEnabled: true
15:20:33.717 [FXGL Background Thread 3 ] DEBUG Engine               - isExperimentalTiledLargeMap: false
15:20:33.718 [FXGL Background Thread 3 ] DEBUG Engine               - isFileSystemWriteAllowed: true
15:20:33.718 [FXGL Background Thread 3 ] DEBUG Engine               - isFullScreenAllowed: false
15:20:33.718 [FXGL Background Thread 3 ] DEBUG Engine               - isFullScreenFromStart: false
15:20:33.718 [FXGL Background Thread 3 ] DEBUG Engine               - isGameMenuEnabled: true
15:20:33.718 [FXGL Background Thread 3 ] DEBUG Engine               - isIOS: false
15:20:33.718 [FXGL Background Thread 3 ] DEBUG Engine               - isIntroEnabled: false
15:20:33.718 [FXGL Background Thread 3 ] DEBUG Engine               - isLinux: false
15:20:33.718 [FXGL Background Thread 3 ] DEBUG Engine               - isMac: false
15:20:33.718 [FXGL Background Thread 3 ] DEBUG Engine               - isMainMenuEnabled: true
15:20:33.718 [FXGL Background Thread 3 ] DEBUG Engine               - isManualResizeEnabled: false
15:20:33.718 [FXGL Background Thread 3 ] DEBUG Engine               - isMobile: false
15:20:33.718 [FXGL Background Thread 3 ] DEBUG Engine               - isNative: false
15:20:33.718 [FXGL Background Thread 3 ] DEBUG Engine               - isPauseMusicWhenMinimized: true
15:20:33.718 [FXGL Background Thread 3 ] DEBUG Engine               - isPreserveResizeRatio: false
15:20:33.718 [FXGL Background Thread 3 ] DEBUG Engine               - isProfilingEnabled: false
15:20:33.718 [FXGL Background Thread 3 ] DEBUG Engine               - isScaleAffectedOnResize: true
15:20:33.718 [FXGL Background Thread 3 ] DEBUG Engine               - isSingleStep: false
15:20:33.718 [FXGL Background Thread 3 ] DEBUG Engine               - isUserProfileEnabled: false
15:20:33.718 [FXGL Background Thread 3 ] DEBUG Engine               - isWindows: true
15:20:33.718 [FXGL Background Thread 3 ] DEBUG Engine               - language: ObjectProperty [value: ENGLISH]
15:20:33.718 [FXGL Background Thread 3 ] DEBUG Engine               - menuKey: ESCAPE
15:20:33.718 [FXGL Background Thread 3 ] DEBUG Engine               - mouseSensitivity: 0.2
15:20:33.718 [FXGL Background Thread 3 ] DEBUG Engine               - notificationViewClass: class com.almasb.fxgl.notification.view.XboxNotificationView
15:20:33.718 [FXGL Background Thread 3 ] DEBUG Engine               - pixelsPerMeter: 50.0
15:20:33.718 [FXGL Background Thread 3 ] DEBUG Engine               - platform: WINDOWS
15:20:33.718 [FXGL Background Thread 3 ] DEBUG Engine               - prefHeightProperty: ReadOnlyDoubleProperty [value: 720.0]
15:20:33.718 [FXGL Background Thread 3 ] DEBUG Engine               - prefWidthProperty: ReadOnlyDoubleProperty [value: 1280.0]
15:20:33.718 [FXGL Background Thread 3 ] DEBUG Engine               - profileDir: profiles/
15:20:33.718 [FXGL Background Thread 3 ] DEBUG Engine               - profileName: StringProperty [value: DEFAULT]
15:20:33.718 [FXGL Background Thread 3 ] DEBUG Engine               - randomSeed: -1
15:20:33.719 [FXGL Background Thread 3 ] DEBUG Engine               - runtimeInfo: RuntimeInfo(platform=WINDOWS, version=17.2, build=20.08.2022 16.50)
15:20:33.719 [FXGL Background Thread 3 ] DEBUG Engine               - saveFileExt: sav
15:20:33.719 [FXGL Background Thread 3 ] DEBUG Engine               - scaledHeightProp$fxgl: DoubleProperty [bound, value: 720.0]
15:20:33.719 [FXGL Background Thread 3 ] DEBUG Engine               - scaledWidthProp$fxgl: DoubleProperty [bound, value: 1280.0]
15:20:33.719 [FXGL Background Thread 3 ] DEBUG Engine               - sceneFactory: com.sunsofgod.PlatformerApp$1@6f0012a6
15:20:33.719 [FXGL Background Thread 3 ] DEBUG Engine               - secondsIn24h: 60
15:20:33.719 [FXGL Background Thread 3 ] DEBUG Engine               - soundMenuBack: menu/back.wav
15:20:33.719 [FXGL Background Thread 3 ] DEBUG Engine               - soundMenuPress: menu/press.wav
15:20:33.719 [FXGL Background Thread 3 ] DEBUG Engine               - soundMenuSelect: menu/select.wav
15:20:33.719 [FXGL Background Thread 3 ] DEBUG Engine               - soundNotification: core/notification.wav
15:20:33.719 [FXGL Background Thread 3 ] DEBUG Engine               - stageStyle: DECORATED
15:20:33.719 [FXGL Background Thread 3 ] DEBUG Engine               - supportedLanguages: [ENGLISH, FRENCH, GERMAN, HUNGARIAN, RUSSIAN]
15:20:33.719 [FXGL Background Thread 3 ] DEBUG Engine               - ticksPerSecond: -1
15:20:33.719 [FXGL Background Thread 3 ] DEBUG Engine               - title: Untitled
15:20:33.719 [FXGL Background Thread 3 ] DEBUG Engine               - urlGithub: https://github.com/AlmasB/FXGL
15:20:33.719 [FXGL Background Thread 3 ] DEBUG Engine               - urlLeaderboard: http://fxgl-top.herokuapp.com/
15:20:33.719 [FXGL Background Thread 3 ] DEBUG Engine               - urlPOM: https://raw.githubusercontent.com/AlmasB/FXGL/release/README.md
15:20:33.719 [FXGL Background Thread 3 ] DEBUG Engine               - userAppClass: class com.sunsofgod.PlatformerApp
15:20:33.719 [FXGL Background Thread 3 ] DEBUG Engine               - version: 0.0
15:20:33.719 [FXGL Background Thread 3 ] DEBUG Engine               - versionCheckDays: 7
15:20:33.719 [FXGL Background Thread 3 ] DEBUG Engine               - width: 1280
15:20:33.719 [FXGL Background Thread 3 ] DEBUG Engine               - Logging services
15:20:33.719 [FXGL Background Thread 3 ] DEBUG Engine               - class com.almasb.fxgl.app.services.FXGLAssetLoaderService
15:20:33.719 [FXGL Background Thread 3 ] DEBUG Engine               - class com.almasb.fxgl.app.FXGLApplication$GameApplicationService
15:20:33.719 [FXGL Background Thread 3 ] DEBUG Engine               - class com.almasb.fxgl.app.services.FXGLDialogService
15:20:33.719 [FXGL Background Thread 3 ] DEBUG Engine               - class com.almasb.fxgl.app.services.IOTaskExecutorService
15:20:33.719 [FXGL Background Thread 3 ] DEBUG Engine               - class com.almasb.fxgl.io.FileSystemService
15:20:33.719 [FXGL Background Thread 3 ] DEBUG Engine               - class com.almasb.fxgl.localization.LocalizationService
15:20:33.719 [FXGL Background Thread 3 ] DEBUG Engine               - class com.almasb.fxgl.app.services.SystemBundleService
15:20:33.719 [FXGL Background Thread 3 ] DEBUG Engine               - class com.almasb.fxgl.profile.SaveLoadService
15:20:33.719 [FXGL Background Thread 3 ] DEBUG Engine               - class com.almasb.fxgl.ui.FXGLUIFactoryServiceProvider
15:20:33.719 [FXGL Background Thread 3 ] DEBUG Engine               - class com.almasb.fxgl.ui.FXGLDialogFactoryServiceProvider
15:20:33.719 [FXGL Background Thread 3 ] DEBUG Engine               - class com.almasb.fxgl.audio.AudioPlayer
15:20:33.719 [FXGL Background Thread 3 ] DEBUG Engine               - class com.almasb.fxgl.notification.impl.NotificationServiceProvider
15:20:33.719 [FXGL Background Thread 3 ] DEBUG Engine               - class com.almasb.fxgl.achievement.AchievementService
15:20:33.719 [FXGL Background Thread 3 ] DEBUG Engine               - class com.almasb.fxgl.cutscene.CutsceneService
15:20:33.719 [FXGL Background Thread 3 ] DEBUG Engine               - class com.almasb.fxgl.minigames.MiniGameService
15:20:33.719 [FXGL Background Thread 3 ] DEBUG Engine               - class com.almasb.fxgl.net.NetService
15:20:33.720 [FXGL Background Thread 3 ] DEBUG Engine               - class com.almasb.fxgl.app.services.UpdaterService
15:20:33.720 [FXGL Background Thread 3 ] DEBUG Engine               - class com.almasb.fxgl.dev.DevService
15:20:35.940 [JavaFX Application Thread] DEBUG FXGLAssetLoaderServi - Loading from file system: file:/C:/Users/user/Desktop/JavaFXGame/target/classes/assets/sounds/jump.wav
15:20:37.453 [JavaFX Application Thread] DEBUG PrimaryStageWindow   - Push state: LevelCompletionScene
15:20:37.453 [JavaFX Application Thread] DEBUG Input                - Clearing active input actions
15:20:37.453 [JavaFX Application Thread] DEBUG GameApplicationServi - Removing overlay from GameScene and adding to LevelCompletionScene
15:20:37.454 [JavaFX Application Thread] DEBUG PrimaryStageWindow   - GameScene -> LevelCompletionScene
15:20:37.456 [JavaFX Application Thread] WARN  TMXLevelLoader       - TiledMap generated from 1.11.0. Supported version: 1.9.0. Some features may not be parsed fully.
15:20:37.463 [JavaFX Application Thread] DEBUG TMXLevelLoader       - Parsed TiledMap: file:/C:/Users/user/Desktop/JavaFXGame/target/classes/assets/levels/tmx/level6.tmx
15:20:37.463 [JavaFX Application Thread] DEBUG TMXLevelLoader       - Creating tile layer entities
15:20:37.464 [JavaFX Application Thread] DEBUG TilesetLoader        - Loading view for layer BG
15:20:37.467 [JavaFX Application Thread] DEBUG TilesetLoader        - Created buffer with size 4200.0x700.0
15:20:37.475 [JavaFX Application Thread] DEBUG TilesetLoader        - Loading view for layer Tile Layer 1
15:20:37.479 [JavaFX Application Thread] DEBUG TilesetLoader        - Created buffer with size 4200.0x700.0
15:20:37.481 [JavaFX Application Thread] DEBUG TMXLevelLoader       - Creating object layer entities
15:20:37.487 [JavaFX Application Thread] DEBUG GameWorld            - Clearing removable entities
15:20:37.490 [JavaFX Application Thread] DEBUG GameWorld            - Setting level: com.almasb.fxgl.entity.level.Level@2722d11d
15:20:38.715 [JavaFX Application Thread] DEBUG PrimaryStageWindow   - Pop state: LevelCompletionScene
15:20:38.715 [JavaFX Application Thread] DEBUG Input                - Clearing active input actions
15:20:38.716 [JavaFX Application Thread] DEBUG GameApplicationServi - Removing overlay from LevelCompletionScene and adding to GameScene
15:20:38.716 [JavaFX Application Thread] DEBUG PrimaryStageWindow   - GameScene <- LevelCompletionScene
15:20:48.023 [JavaFX Application Thread] DEBUG PrimaryStageWindow   - Push state: LevelCompletionScene
15:20:48.023 [JavaFX Application Thread] DEBUG Input                - Clearing active input actions
15:20:48.024 [JavaFX Application Thread] DEBUG GameApplicationServi - Removing overlay from GameScene and adding to LevelCompletionScene
15:20:48.024 [JavaFX Application Thread] DEBUG PrimaryStageWindow   - GameScene -> LevelCompletionScene
15:20:48.025 [JavaFX Application Thread] WARN  TMXLevelLoader       - TiledMap generated from 1.11.0. Supported version: 1.9.0. Some features may not be parsed fully.
15:20:48.030 [JavaFX Application Thread] DEBUG TMXLevelLoader       - Parsed TiledMap: file:/C:/Users/user/Desktop/JavaFXGame/target/classes/assets/levels/tmx/level7.tmx
15:20:48.030 [JavaFX Application Thread] DEBUG TMXLevelLoader       - Creating tile layer entities
15:20:48.031 [JavaFX Application Thread] DEBUG TilesetLoader        - Loading view for layer BG
15:20:48.035 [JavaFX Application Thread] DEBUG TilesetLoader        - Created buffer with size 4200.0x700.0
15:20:48.043 [JavaFX Application Thread] DEBUG TilesetLoader        - Loading view for layer Physical
15:20:48.047 [JavaFX Application Thread] DEBUG TilesetLoader        - Created buffer with size 4200.0x700.0
15:20:48.050 [JavaFX Application Thread] DEBUG TMXLevelLoader       - Creating object layer entities
15:20:48.055 [JavaFX Application Thread] DEBUG GameWorld            - Clearing removable entities
15:20:48.058 [JavaFX Application Thread] DEBUG GameWorld            - Setting level: com.almasb.fxgl.entity.level.Level@7a7f4e50
15:20:49.051 [JavaFX Application Thread] DEBUG PrimaryStageWindow   - Pop state: LevelCompletionScene
15:20:49.051 [JavaFX Application Thread] DEBUG Input                - Clearing active input actions
15:20:49.052 [JavaFX Application Thread] DEBUG GameApplicationServi - Removing overlay from LevelCompletionScene and adding to GameScene
15:20:49.052 [JavaFX Application Thread] DEBUG PrimaryStageWindow   - GameScene <- LevelCompletionScene
15:20:51.904 [JavaFX Application Thread] DEBUG PrimaryStageWindow   - Push state: LevelCompletionScene
15:20:51.904 [JavaFX Application Thread] DEBUG Input                - Clearing active input actions
15:20:51.904 [JavaFX Application Thread] DEBUG GameApplicationServi - Removing overlay from GameScene and adding to LevelCompletionScene
15:20:51.905 [JavaFX Application Thread] DEBUG PrimaryStageWindow   - GameScene -> LevelCompletionScene
15:20:51.906 [JavaFX Application Thread] WARN  TMXLevelLoader       - TiledMap generated from 1.11.0. Supported version: 1.9.0. Some features may not be parsed fully.
15:20:51.907 [JavaFX Application Thread] DEBUG TMXLevelLoader       - Parsed TiledMap: file:/C:/Users/user/Desktop/JavaFXGame/target/classes/assets/levels/tmx/level8.tmx
15:20:51.907 [JavaFX Application Thread] DEBUG TMXLevelLoader       - Creating tile layer entities
15:20:51.907 [JavaFX Application Thread] DEBUG TilesetLoader        - Loading view for layer Tile Layer 1
15:20:51.907 [JavaFX Application Thread] DEBUG TilesetLoader        - Created buffer with size 1050.0x700.0
15:20:51.914 [JavaFX Application Thread] DEBUG TMXLevelLoader       - Creating object layer entities
15:20:51.916 [JavaFX Application Thread] DEBUG GameWorld            - Clearing removable entities
15:20:51.917 [JavaFX Application Thread] DEBUG GameWorld            - Setting level: com.almasb.fxgl.entity.level.Level@648d4fb9
15:20:52.427 [JavaFX Application Thread] DEBUG PrimaryStageWindow   - Pop state: LevelCompletionScene
15:20:52.427 [JavaFX Application Thread] DEBUG Input                - Clearing active input actions
15:20:52.427 [JavaFX Application Thread] DEBUG GameApplicationServi - Removing overlay from LevelCompletionScene and adding to GameScene
15:20:52.428 [JavaFX Application Thread] DEBUG PrimaryStageWindow   - GameScene <- LevelCompletionScene
15:20:54.919 [JavaFX Application Thread] DEBUG PrimaryStageWindow   - Push state: LevelEndScene
15:20:54.919 [JavaFX Application Thread] DEBUG Input                - Clearing active input actions
15:20:54.919 [JavaFX Application Thread] DEBUG GameApplicationServi - Removing overlay from GameScene and adding to LevelEndScene
15:20:54.920 [JavaFX Application Thread] DEBUG PrimaryStageWindow   - GameScene -> LevelEndScene
15:21:01.547 [JavaFX Application Thread] DEBUG FXGLApplication      - Exiting FXGL
15:21:01.547 [JavaFX Application Thread] DEBUG LoopRunner           - Stopping loop
15:21:01.547 [JavaFX Application Thread] DEBUG SystemBundleService  - Saving FXGL system data
15:21:01.549 [JavaFX Application Thread] DEBUG FileSystemAccess     - Writing to: C:\Users\user\Desktop\JavaFXGame\system\fxgl.bundle
15:21:01.551 [JavaFX Application Thread] DEBUG Async                - Shutting down background threads
15:21:01.551 [JavaFX Application Thread] DEBUG PrimaryStageWindow   - Closing main window
15:21:01.560 [JavaFX Application Thread] DEBUG Logger               - Closing Logger
