19:18:56.022 [main                     ] DEBUG Logger               - Configured Logger
19:18:56.046 [main                     ] DEBUG GameApplication      - Logging settings
Title: Untitled
Version: 0.0
Width: 1280
Height: 720
Fullscreen: false
Intro: false
Profiling: false
Single step:false
App Mode: DEVELOPER
Menu Key: ESCAPE
Stage Style: DECORATED
Scene Factory: class com.almasb.fxgl.app.scene.SceneFactory

19:18:56.464 [JavaFX Application Thread] DEBUG FXGLApplication      - Initializing FXGL
19:18:56.468 [JavaFX Application Thread] INFO  Engine               - FXGL-17.2 (20.08.2022 16.50) on MAC (J:17.0.2 FX:17.0.12)
19:18:56.469 [JavaFX Application Thread] DEBUG Engine               - JRE Vendor Name: Oracle Corporation
19:18:56.469 [JavaFX Application Thread] DEBUG Engine               - Running on OS: Mac OS X version 14.6.1
19:18:56.469 [JavaFX Application Thread] DEBUG Engine               - Architecture: aarch64
19:18:56.469 [JavaFX Application Thread] INFO  Engine               - Source code and latest versions at: https://github.com/AlmasB/FXGL
19:18:56.470 [JavaFX Application Thread] INFO  Engine               -       Ask questions and discuss at: https://github.com/AlmasB/FXGL/discussions
19:18:56.470 [JavaFX Application Thread] INFO  Engine               -              Join the FXGL chat at: https://gitter.im/AlmasB/FXGL
19:18:56.546 [JavaFX Application Thread] DEBUG PrimaryStageWindow   - Creating a JavaFX scene
19:18:56.580 [JavaFX Application Thread] DEBUG PrimaryStageWindow   - Target settings size: 1280.0 x 720.0
19:18:56.580 [JavaFX Application Thread] DEBUG PrimaryStageWindow   - Scaled scene size:    1280.0 x 720.0
19:18:56.580 [JavaFX Application Thread] DEBUG PrimaryStageWindow   - Scaled ratio: (1.0, 1.0)
19:18:56.580 [JavaFX Application Thread] DEBUG PrimaryStageWindow   - Set initial scene to FXGLStartupScene
19:18:56.583 [JavaFX Application Thread] DEBUG PrimaryStageWindow   - Opening main window
19:18:56.720 [JavaFX Application Thread] DEBUG PrimaryStageWindow   - Window border size: (0.0, 28.0)
19:18:56.720 [JavaFX Application Thread] DEBUG PrimaryStageWindow   - Scaled size: 1280.0 x 720.0
19:18:56.720 [JavaFX Application Thread] DEBUG PrimaryStageWindow   - Scaled ratio: (1.0, 1.0)
19:18:56.721 [JavaFX Application Thread] DEBUG PrimaryStageWindow   - Scene size: 1280.0 x 720.0
19:18:56.721 [JavaFX Application Thread] DEBUG PrimaryStageWindow   - Stage size: 1280.0 x 748.0
19:18:56.825 [FXGL Background Thread 1 ] DEBUG Engine               - Initializing environment variables
19:18:56.865 [FXGL Background Thread 1 ] DEBUG FXGLAssetLoaderServi - User app class for loading assets: class com.sunsofgod.PlatformerApp
19:18:56.867 [FXGL Background Thread 1 ] DEBUG GameApplicationServi - Applying CSS: fxgl_dark.css
19:18:56.869 [FXGL Background Thread 1 ] DEBUG FXGLAssetLoaderServi - Loading from file system: jar:file:///Users/aaron/.m2/repository/com/github/almasb/fxgl/17.2/fxgl-17.2.jar!/fxglassets/ui/css/fxgl_dark.css
19:18:56.906 [FXGL Background Thread 1 ] DEBUG GameApplicationServi - Initializing application scenes
19:18:57.240 [FXGL Background Thread 1 ] DEBUG GameWorld            - Game world initialized
19:18:57.285 [FXGL Background Thread 1 ] DEBUG PhysicsWorld         - Physics world initialized: appHeight=720, physics.ppm=50.0
19:18:57.286 [FXGL Background Thread 1 ] DEBUG PhysicsWorld         - Using strategy: BRUTE_FORCE
19:18:57.291 [FXGL Background Thread 1 ] DEBUG GameScene            - Game scene initialized: 1280x720
19:18:57.301 [FXGL Background Thread 1 ] DEBUG FXGL.DefaultMenu     - createMenuBodyMainMenu()
19:18:57.312 [FXGL Background Thread 1 ] DEBUG FXGL.DefaultMenu     - createOptionsMenu()
19:18:57.318 [FXGL Background Thread 1 ] DEBUG FXGLAssetLoaderServi - Loading from file system: jar:file:///Users/aaron/.m2/repository/com/github/almasb/fxgl/17.2/fxgl-17.2.jar!/fxglassets/textures/particles/smoke.png
19:18:57.428 [FXGL Background Thread 1 ] DEBUG FXGLAssetLoaderServi - Loading from file system: jar:file:///Users/aaron/.m2/repository/com/github/almasb/fxgl/17.2/fxgl-17.2.jar!/fxglassets/textures/particles/trace_horizontal.png
19:18:57.450 [FXGL Background Thread 1 ] DEBUG FXGL.DefaultMenu     - createMenuBodyGameMenu()
19:18:57.452 [FXGL Background Thread 1 ] DEBUG FXGL.DefaultMenu     - createOptionsMenu()
19:18:57.484 [FXGL Background Thread 1 ] DEBUG GameApplicationServi - Application scenes initialized
19:18:57.493 [FXGL Background Thread 1 ] DEBUG SystemBundleService  - Loading FXGL system data
19:18:57.497 [FXGL Background Thread 1 ] DEBUG FileSystemAccess     - Reading from: /Users/aaron/Downloads/SunsOfGodApp/system/fxgl.bundle
19:18:57.507 [FXGL Background Thread 1 ] DEBUG SystemBundleService  - Bundle FXGL: {}
19:18:57.508 [FXGL Background Thread 1 ] DEBUG UpdaterService       - Checking for updates
19:18:57.511 [FXGL Background Thread 4 ] DEBUG FXGLApplication      - Loading fonts
19:18:57.512 [FXGL Background Thread 4 ] DEBUG FXGLAssetLoaderServi - Loading from file system: jar:file:///Users/aaron/.m2/repository/com/github/almasb/fxgl/17.2/fxgl-17.2.jar!/fxglassets/ui/fonts/VarelaRound-Regular.ttf
19:18:57.512 [FXGL Background Thread 1 ] DEBUG FXGLApplication      - Loading default localization
19:18:57.513 [FXGL Background Thread 1 ] DEBUG FXGLAssetLoaderServi - Loading from file system: jar:file:///Users/aaron/.m2/repository/com/github/almasb/fxgl/17.2/fxgl-17.2.jar!/fxglassets/languages/english.lang
19:18:57.527 [FXGL Background Thread 4 ] DEBUG FXGLAssetLoaderServi - Loading from file system: jar:file:///Users/aaron/.m2/repository/com/github/almasb/fxgl/17.2/fxgl-17.2.jar!/fxglassets/ui/fonts/Abel-Regular.ttf
19:18:57.531 [FXGL Background Thread 4 ] DEBUG FXGLAssetLoaderServi - Loading from file system: jar:file:///Users/aaron/.m2/repository/com/github/almasb/fxgl/17.2/fxgl-17.2.jar!/fxglassets/ui/fonts/TerminalLandMono-Regular.otf
19:18:57.533 [FXGL Background Thread 1 ] INFO  FXGLApplication      - FXGL initialization took: 0.708 sec
19:18:57.536 [FXGL Background Thread 4 ] DEBUG FXGLAssetLoaderServi - Loading from file system: jar:file:///Users/aaron/.m2/repository/com/github/almasb/fxgl/17.2/fxgl-17.2.jar!/fxglassets/ui/fonts/Courier-Prime.ttf
19:18:57.538 [JavaFX Application Thread] DEBUG Input                - Registered new binding: Left - A
19:18:57.538 [JavaFX Application Thread] DEBUG Input                - Registered new binding: Right - D
19:18:57.538 [JavaFX Application Thread] DEBUG Input                - Registered new binding: Jump - W
19:18:57.538 [JavaFX Application Thread] DEBUG Input                - Registered new binding: Use - E
19:18:57.538 [JavaFX Application Thread] DEBUG FXGLAssetLoaderServi - Loading from file system: jar:file:///Users/aaron/.m2/repository/com/github/almasb/fxgl/17.2/fxgl-17.2.jar!/fxglassets/textures/fxgl_icon.png
19:18:57.563 [JavaFX Application Thread] DEBUG FXGLAssetLoaderServi - Loading from file system: jar:file:///Users/aaron/.m2/repository/com/github/almasb/fxgl/17.2/fxgl-17.2.jar!/fxglassets/textures/fxgl_default_cursor.png
19:18:57.567 [JavaFX Application Thread] DEBUG Input                - Registered new binding: Screenshot - CTRL+8
19:18:57.567 [JavaFX Application Thread] DEBUG Input                - Registered new binding: System info dump - CTRL+9
19:18:57.567 [JavaFX Application Thread] DEBUG Input                - Registered new binding: Restart - CTRL+R
19:18:57.567 [JavaFX Application Thread] DEBUG Input                - Registered new binding: Toggle Debug Camera - CTRL+7
19:18:57.569 [JavaFX Application Thread] DEBUG LoopRunner           - Starting loop
19:18:57.569 [JavaFX Application Thread] DEBUG LoopRunner           - Initializing JavaFX AnimationTimerLoop
19:18:57.570 [JavaFX Application Thread] DEBUG Input                - Clearing active input actions
19:18:57.575 [JavaFX Application Thread] DEBUG GameApplicationServi - Removing overlay from FXGLStartupScene and adding to FXGLMainMenuDummyScene
19:18:57.575 [JavaFX Application Thread] DEBUG PrimaryStageWindow   - FXGLStartupScene -> FXGLMainMenuDummyScene
19:18:57.575 [JavaFX Application Thread] DEBUG PrimaryStageWindow   - Push state: FXGLDefaultMenu
19:18:57.578 [JavaFX Application Thread] DEBUG Input                - Clearing active input actions
19:18:57.603 [JavaFX Application Thread] DEBUG GameApplicationServi - Removing overlay from FXGLMainMenuDummyScene and adding to FXGLDefaultMenu
19:18:57.604 [JavaFX Application Thread] DEBUG PrimaryStageWindow   - FXGLMainMenuDummyScene -> FXGLDefaultMenu
19:18:57.718 [JavaFX Application Thread] DEBUG FXGLApplication      - Registering font factories with UI factory
19:18:58.469 [FXGL Background Thread 2 ] INFO  UpdaterService       - Your current version:  17.2
19:18:58.469 [FXGL Background Thread 2 ] INFO  UpdaterService       - Latest stable version: 21.1
19:18:59.076 [JavaFX Application Thread] DEBUG Menu                 - fireNewGame()
19:18:59.077 [JavaFX Application Thread] DEBUG GameApplicationServi - Starting new game
19:18:59.078 [JavaFX Application Thread] DEBUG PrimaryStageWindow   - Pop state: FXGLDefaultMenu
19:18:59.078 [JavaFX Application Thread] DEBUG Input                - Clearing active input actions
19:18:59.078 [JavaFX Application Thread] DEBUG GameApplicationServi - Removing overlay from FXGLDefaultMenu and adding to FXGLMainMenuDummyScene
19:18:59.079 [JavaFX Application Thread] DEBUG PrimaryStageWindow   - FXGLMainMenuDummyScene <- FXGLDefaultMenu
19:18:59.079 [JavaFX Application Thread] DEBUG Input                - Clearing active input actions
19:18:59.085 [JavaFX Application Thread] DEBUG GameApplicationServi - Removing overlay from FXGLMainMenuDummyScene and adding to FXGLLoadingScene
19:18:59.085 [JavaFX Application Thread] DEBUG PrimaryStageWindow   - FXGLMainMenuDummyScene -> FXGLLoadingScene
19:18:59.085 [JavaFX Application Thread] DEBUG GameApplicationServi - Clearing previous game
19:18:59.085 [JavaFX Application Thread] DEBUG GameScene            - Clearing game scene
19:18:59.086 [JavaFX Application Thread] DEBUG GameWorld            - Clearing game world
19:18:59.086 [JavaFX Application Thread] DEBUG PhysicsWorld         - Clearing physics world
19:18:59.087 [FXGL Background Thread 2 ] DEBUG FXGLApplication      - Initializing game
19:18:59.132 [FXGL Background Thread 2 ] WARN  TMXLevelLoader       - TiledMap generated from 1.2.3. Supported version: 1.9.0. Some features may not be parsed fully.
19:18:59.140 [FXGL Background Thread 2 ] DEBUG TMXLevelLoader       - Parsed TiledMap: file:/Users/aaron/Downloads/SunsOfGodApp/target/classes/assets/levels/tmx/level4.tmx
19:18:59.141 [FXGL Background Thread 2 ] DEBUG TMXLevelLoader       - Creating tile layer entities
19:18:59.142 [FXGL Background Thread 2 ] DEBUG TilesetLoader        - Loading view for layer Tile Layer 1
19:18:59.143 [FXGL Background Thread 2 ] DEBUG TilesetLoader        - Created buffer with size 1050.0x700.0
19:18:59.161 [FXGL Background Thread 2 ] DEBUG TMXLevelLoader       - Creating object layer entities
19:18:59.176 [FXGL Background Thread 2 ] DEBUG FXGLAssetLoaderServi - Loading from file system: file:/Users/aaron/Downloads/SunsOfGodApp/target/classes/assets/textures/button.png
19:18:59.184 [FXGL Background Thread 2 ] DEBUG GameWorld            - Clearing removable entities
19:18:59.184 [FXGL Background Thread 2 ] DEBUG GameWorld            - Setting level: com.almasb.fxgl.entity.level.Level@2d3b1d28
19:18:59.191 [FXGL Background Thread 2 ] DEBUG FXGLAssetLoaderServi - Loading from file system: file:/Users/aaron/Downloads/SunsOfGodApp/target/classes/assets/textures/player.png
19:18:59.200 [FXGL Background Thread 2 ] DEBUG FXGLAssetLoaderServi - Loading from file system: file:/Users/aaron/Downloads/SunsOfGodApp/target/classes/assets/textures/background/ph.png
19:18:59.232 [FXGL Background Thread 2 ] INFO  FXGLApplication      - Game initialization took: 0.145 sec
19:18:59.233 [JavaFX Application Thread] DEBUG Input                - Clearing active input actions
19:18:59.236 [JavaFX Application Thread] DEBUG GameApplicationServi - Removing overlay from FXGLLoadingScene and adding to GameScene
19:18:59.237 [JavaFX Application Thread] DEBUG PrimaryStageWindow   - FXGLLoadingScene -> GameScene
19:19:00.514 [FXGL Background Thread 3 ] DEBUG Engine               - Logging environment variables
19:19:00.516 [FXGL Background Thread 3 ] DEBUG Engine               - achievements: []
19:19:00.517 [FXGL Background Thread 3 ] DEBUG Engine               - actualHeight: 720.0
19:19:00.517 [FXGL Background Thread 3 ] DEBUG Engine               - actualHeightProperty: ReadOnlyDoubleProperty [value: 720.0]
19:19:00.517 [FXGL Background Thread 3 ] DEBUG Engine               - actualWidth: 1280.0
19:19:00.517 [FXGL Background Thread 3 ] DEBUG Engine               - actualWidthProperty: ReadOnlyDoubleProperty [value: 1280.0]
19:19:00.517 [FXGL Background Thread 3 ] DEBUG Engine               - appIcon: fxgl_icon.png
19:19:00.517 [FXGL Background Thread 3 ] DEBUG Engine               - applicationMode: DEVELOPER
19:19:00.517 [FXGL Background Thread 3 ] DEBUG Engine               - cSSList: [fxgl_dark.css]
19:19:00.517 [FXGL Background Thread 3 ] DEBUG Engine               - collisionDetectionStrategy: BRUTE_FORCE
19:19:00.517 [FXGL Background Thread 3 ] DEBUG Engine               - configClass: Optional.empty
19:19:00.518 [FXGL Background Thread 3 ] DEBUG Engine               - credits: []
19:19:00.518 [FXGL Background Thread 3 ] DEBUG Engine               - defaultCursor: CursorInfo(imageName=fxgl_default_cursor.png, hotspotX=7.0, hotspotY=6.0)
19:19:00.519 [FXGL Background Thread 3 ] DEBUG Engine               - devBBoxColorProperty: ObjectProperty [value: 0xff0000ff]
19:19:00.519 [FXGL Background Thread 3 ] DEBUG Engine               - devEnableDebugCameraProperty: BooleanProperty [value: false]
19:19:00.520 [FXGL Background Thread 3 ] DEBUG Engine               - devSensorColorProperty: ObjectProperty [value: 0xffff00ff]
19:19:00.520 [FXGL Background Thread 3 ] DEBUG Engine               - devShowBBoxProperty: BooleanProperty [value: false]
19:19:00.520 [FXGL Background Thread 3 ] DEBUG Engine               - devShowPositionProperty: BooleanProperty [value: false]
19:19:00.520 [FXGL Background Thread 3 ] DEBUG Engine               - enabledMenuItems: []
19:19:00.520 [FXGL Background Thread 3 ] DEBUG Engine               - engineServices: [class com.almasb.fxgl.app.services.FXGLAssetLoaderService, class com.almasb.fxgl.app.FXGLApplication$GameApplicationService, class com.almasb.fxgl.app.services.FXGLDialogService, class com.almasb.fxgl.app.services.IOTaskExecutorService, class com.almasb.fxgl.io.FileSystemService, class com.almasb.fxgl.localization.LocalizationService, class com.almasb.fxgl.app.services.SystemBundleService, class com.almasb.fxgl.profile.SaveLoadService, class com.almasb.fxgl.ui.FXGLUIFactoryServiceProvider, class com.almasb.fxgl.ui.FXGLDialogFactoryServiceProvider, class com.almasb.fxgl.audio.AudioPlayer, class com.almasb.fxgl.notification.impl.NotificationServiceProvider, class com.almasb.fxgl.achievement.AchievementService, class com.almasb.fxgl.cutscene.CutsceneService, class com.almasb.fxgl.minigames.MiniGameService, class com.almasb.fxgl.net.NetService, class com.almasb.fxgl.app.services.UpdaterService, class com.almasb.fxgl.dev.DevService]
19:19:00.520 [FXGL Background Thread 3 ] DEBUG Engine               - fontGame: Abel-Regular.ttf
19:19:00.521 [FXGL Background Thread 3 ] DEBUG Engine               - fontMono: TerminalLandMono-Regular.otf
19:19:00.521 [FXGL Background Thread 3 ] DEBUG Engine               - fontText: Courier-Prime.ttf
19:19:00.521 [FXGL Background Thread 3 ] DEBUG Engine               - fontUI: VarelaRound-Regular.ttf
19:19:00.521 [FXGL Background Thread 3 ] DEBUG Engine               - fullScreen: BooleanProperty [value: false]
19:19:00.521 [FXGL Background Thread 3 ] DEBUG Engine               - gameDifficulty: MEDIUM
19:19:00.521 [FXGL Background Thread 3 ] DEBUG Engine               - gameDifficultyProperty: ObjectProperty [value: MEDIUM]
19:19:00.521 [FXGL Background Thread 3 ] DEBUG Engine               - globalMusicVolume: 0.5
19:19:00.521 [FXGL Background Thread 3 ] DEBUG Engine               - globalMusicVolumeProperty: DoubleProperty [value: 0.25]
19:19:00.521 [FXGL Background Thread 3 ] DEBUG Engine               - globalSoundVolume: 0.5
19:19:00.521 [FXGL Background Thread 3 ] DEBUG Engine               - globalSoundVolumeProperty: DoubleProperty [value: 0.5]
19:19:00.521 [FXGL Background Thread 3 ] DEBUG Engine               - height: 720
19:19:00.521 [FXGL Background Thread 3 ] DEBUG Engine               - is3D: false
19:19:00.521 [FXGL Background Thread 3 ] DEBUG Engine               - isAndroid: false
19:19:00.522 [FXGL Background Thread 3 ] DEBUG Engine               - isBrowser: false
19:19:00.522 [FXGL Background Thread 3 ] DEBUG Engine               - isClickFeedbackEnabled: false
19:19:00.522 [FXGL Background Thread 3 ] DEBUG Engine               - isCloseConfirmation: false
19:19:00.522 [FXGL Background Thread 3 ] DEBUG Engine               - isDesktop: true
19:19:00.522 [FXGL Background Thread 3 ] DEBUG Engine               - isDeveloperMenuEnabled: false
19:19:00.523 [FXGL Background Thread 3 ] DEBUG Engine               - isEmbedded: false
19:19:00.523 [FXGL Background Thread 3 ] DEBUG Engine               - isEntityPreloadEnabled: true
19:19:00.523 [FXGL Background Thread 3 ] DEBUG Engine               - isExperimentalTiledLargeMap: false
19:19:00.523 [FXGL Background Thread 3 ] DEBUG Engine               - isFileSystemWriteAllowed: true
19:19:00.523 [FXGL Background Thread 3 ] DEBUG Engine               - isFullScreenAllowed: false
19:19:00.523 [FXGL Background Thread 3 ] DEBUG Engine               - isFullScreenFromStart: false
19:19:00.523 [FXGL Background Thread 3 ] DEBUG Engine               - isGameMenuEnabled: true
19:19:00.523 [FXGL Background Thread 3 ] DEBUG Engine               - isIOS: false
19:19:00.523 [FXGL Background Thread 3 ] DEBUG Engine               - isIntroEnabled: false
19:19:00.523 [FXGL Background Thread 3 ] DEBUG Engine               - isLinux: false
19:19:00.524 [FXGL Background Thread 3 ] DEBUG Engine               - isMac: true
19:19:00.524 [FXGL Background Thread 3 ] DEBUG Engine               - isMainMenuEnabled: true
19:19:00.524 [FXGL Background Thread 3 ] DEBUG Engine               - isManualResizeEnabled: false
19:19:00.524 [FXGL Background Thread 3 ] DEBUG Engine               - isMobile: false
19:19:00.524 [FXGL Background Thread 3 ] DEBUG Engine               - isNative: false
19:19:00.524 [FXGL Background Thread 3 ] DEBUG Engine               - isPauseMusicWhenMinimized: true
19:19:00.524 [FXGL Background Thread 3 ] DEBUG Engine               - isPreserveResizeRatio: false
19:19:00.524 [FXGL Background Thread 3 ] DEBUG Engine               - isProfilingEnabled: false
19:19:00.524 [FXGL Background Thread 3 ] DEBUG Engine               - isScaleAffectedOnResize: true
19:19:00.524 [FXGL Background Thread 3 ] DEBUG Engine               - isSingleStep: false
19:19:00.524 [FXGL Background Thread 3 ] DEBUG Engine               - isUserProfileEnabled: false
19:19:00.525 [FXGL Background Thread 3 ] DEBUG Engine               - isWindows: false
19:19:00.525 [FXGL Background Thread 3 ] DEBUG Engine               - language: ObjectProperty [value: ENGLISH]
19:19:00.525 [FXGL Background Thread 3 ] DEBUG Engine               - menuKey: ESCAPE
19:19:00.525 [FXGL Background Thread 3 ] DEBUG Engine               - mouseSensitivity: 0.2
19:19:00.525 [FXGL Background Thread 3 ] DEBUG Engine               - notificationViewClass: class com.almasb.fxgl.notification.view.XboxNotificationView
19:19:00.525 [FXGL Background Thread 3 ] DEBUG Engine               - pixelsPerMeter: 50.0
19:19:00.525 [FXGL Background Thread 3 ] DEBUG Engine               - platform: MAC
19:19:00.525 [FXGL Background Thread 3 ] DEBUG Engine               - prefHeightProperty: ReadOnlyDoubleProperty [value: 720.0]
19:19:00.525 [FXGL Background Thread 3 ] DEBUG Engine               - prefWidthProperty: ReadOnlyDoubleProperty [value: 1280.0]
19:19:00.525 [FXGL Background Thread 3 ] DEBUG Engine               - profileDir: profiles/
19:19:00.525 [FXGL Background Thread 3 ] DEBUG Engine               - profileName: StringProperty [value: DEFAULT]
19:19:00.525 [FXGL Background Thread 3 ] DEBUG Engine               - randomSeed: -1
19:19:00.526 [FXGL Background Thread 3 ] DEBUG Engine               - runtimeInfo: RuntimeInfo(platform=MAC, version=17.2, build=20.08.2022 16.50)
19:19:00.526 [FXGL Background Thread 3 ] DEBUG Engine               - saveFileExt: sav
19:19:00.526 [FXGL Background Thread 3 ] DEBUG Engine               - scaledHeightProp$fxgl: DoubleProperty [bound, value: 720.0]
19:19:00.526 [FXGL Background Thread 3 ] DEBUG Engine               - scaledWidthProp$fxgl: DoubleProperty [bound, value: 1280.0]
19:19:00.527 [FXGL Background Thread 3 ] DEBUG Engine               - sceneFactory: com.almasb.fxgl.app.scene.SceneFactory@5a1f407c
19:19:00.527 [FXGL Background Thread 3 ] DEBUG Engine               - secondsIn24h: 60
19:19:00.527 [FXGL Background Thread 3 ] DEBUG Engine               - soundMenuBack: menu/back.wav
19:19:00.527 [FXGL Background Thread 3 ] DEBUG Engine               - soundMenuPress: menu/press.wav
19:19:00.527 [FXGL Background Thread 3 ] DEBUG Engine               - soundMenuSelect: menu/select.wav
19:19:00.527 [FXGL Background Thread 3 ] DEBUG Engine               - soundNotification: core/notification.wav
19:19:00.527 [FXGL Background Thread 3 ] DEBUG Engine               - stageStyle: DECORATED
19:19:00.527 [FXGL Background Thread 3 ] DEBUG Engine               - supportedLanguages: [ENGLISH, FRENCH, GERMAN, HUNGARIAN, RUSSIAN]
19:19:00.527 [FXGL Background Thread 3 ] DEBUG Engine               - ticksPerSecond: -1
19:19:00.527 [FXGL Background Thread 3 ] DEBUG Engine               - title: Untitled
19:19:00.527 [FXGL Background Thread 3 ] DEBUG Engine               - urlGithub: https://github.com/AlmasB/FXGL
19:19:00.527 [FXGL Background Thread 3 ] DEBUG Engine               - urlLeaderboard: http://fxgl-top.herokuapp.com/
19:19:00.527 [FXGL Background Thread 3 ] DEBUG Engine               - urlPOM: https://raw.githubusercontent.com/AlmasB/FXGL/release/README.md
19:19:00.527 [FXGL Background Thread 3 ] DEBUG Engine               - userAppClass: class com.sunsofgod.PlatformerApp
19:19:00.528 [FXGL Background Thread 3 ] DEBUG Engine               - version: 0.0
19:19:00.528 [FXGL Background Thread 3 ] DEBUG Engine               - versionCheckDays: 7
19:19:00.528 [FXGL Background Thread 3 ] DEBUG Engine               - width: 1280
19:19:00.528 [FXGL Background Thread 3 ] DEBUG Engine               - Logging services
19:19:00.528 [FXGL Background Thread 3 ] DEBUG Engine               - class com.almasb.fxgl.app.services.FXGLAssetLoaderService
19:19:00.528 [FXGL Background Thread 3 ] DEBUG Engine               - class com.almasb.fxgl.app.FXGLApplication$GameApplicationService
19:19:00.528 [FXGL Background Thread 3 ] DEBUG Engine               - class com.almasb.fxgl.app.services.FXGLDialogService
19:19:00.528 [FXGL Background Thread 3 ] DEBUG Engine               - class com.almasb.fxgl.app.services.IOTaskExecutorService
19:19:00.528 [FXGL Background Thread 3 ] DEBUG Engine               - class com.almasb.fxgl.io.FileSystemService
19:19:00.529 [FXGL Background Thread 3 ] DEBUG Engine               - class com.almasb.fxgl.localization.LocalizationService
19:19:00.529 [FXGL Background Thread 3 ] DEBUG Engine               - class com.almasb.fxgl.app.services.SystemBundleService
19:19:00.529 [FXGL Background Thread 3 ] DEBUG Engine               - class com.almasb.fxgl.profile.SaveLoadService
19:19:00.529 [FXGL Background Thread 3 ] DEBUG Engine               - class com.almasb.fxgl.ui.FXGLUIFactoryServiceProvider
19:19:00.529 [FXGL Background Thread 3 ] DEBUG Engine               - class com.almasb.fxgl.ui.FXGLDialogFactoryServiceProvider
19:19:00.529 [FXGL Background Thread 3 ] DEBUG Engine               - class com.almasb.fxgl.audio.AudioPlayer
19:19:00.529 [FXGL Background Thread 3 ] DEBUG Engine               - class com.almasb.fxgl.notification.impl.NotificationServiceProvider
19:19:00.529 [FXGL Background Thread 3 ] DEBUG Engine               - class com.almasb.fxgl.achievement.AchievementService
19:19:00.529 [FXGL Background Thread 3 ] DEBUG Engine               - class com.almasb.fxgl.cutscene.CutsceneService
19:19:00.529 [FXGL Background Thread 3 ] DEBUG Engine               - class com.almasb.fxgl.minigames.MiniGameService
19:19:00.529 [FXGL Background Thread 3 ] DEBUG Engine               - class com.almasb.fxgl.net.NetService
19:19:00.529 [FXGL Background Thread 3 ] DEBUG Engine               - class com.almasb.fxgl.app.services.UpdaterService
19:19:00.529 [FXGL Background Thread 3 ] DEBUG Engine               - class com.almasb.fxgl.dev.DevService
19:19:04.698 [JavaFX Application Thread] DEBUG FXGLAssetLoaderServi - Loading from file system: file:/Users/aaron/Downloads/SunsOfGodApp/target/classes/assets/textures/exit_sign.png
19:19:06.100 [JavaFX Application Thread] WARN  TMXLevelLoader       - TiledMap generated from 1.2.3. Supported version: 1.9.0. Some features may not be parsed fully.
19:19:06.102 [JavaFX Application Thread] DEBUG TMXLevelLoader       - Parsed TiledMap: file:/Users/aaron/Downloads/SunsOfGodApp/target/classes/assets/levels/tmx/level5.tmx
19:19:06.102 [JavaFX Application Thread] DEBUG TMXLevelLoader       - Creating tile layer entities
19:19:06.102 [JavaFX Application Thread] DEBUG TilesetLoader        - Loading view for layer Tile Layer 1
19:19:06.105 [JavaFX Application Thread] DEBUG TilesetLoader        - Created buffer with size 2100.0x700.0
19:19:06.112 [JavaFX Application Thread] DEBUG TMXLevelLoader       - Creating object layer entities
19:19:06.117 [JavaFX Application Thread] DEBUG GameWorld            - Clearing removable entities
19:19:06.119 [JavaFX Application Thread] DEBUG GameWorld            - Setting level: com.almasb.fxgl.entity.level.Level@25dd567b
19:19:13.632 [JavaFX Application Thread] WARN  TMXLevelLoader       - TiledMap generated from 1.2.3. Supported version: 1.9.0. Some features may not be parsed fully.
19:19:13.635 [JavaFX Application Thread] DEBUG TMXLevelLoader       - Parsed TiledMap: file:/Users/aaron/Downloads/SunsOfGodApp/target/classes/assets/levels/tmx/level5.tmx
19:19:13.635 [JavaFX Application Thread] DEBUG TMXLevelLoader       - Creating tile layer entities
19:19:13.636 [JavaFX Application Thread] DEBUG TilesetLoader        - Loading view for layer Tile Layer 1
19:19:13.639 [JavaFX Application Thread] DEBUG TilesetLoader        - Created buffer with size 2100.0x700.0
19:19:13.644 [JavaFX Application Thread] DEBUG TMXLevelLoader       - Creating object layer entities
19:19:13.646 [JavaFX Application Thread] DEBUG GameWorld            - Clearing removable entities
19:19:13.647 [JavaFX Application Thread] DEBUG GameWorld            - Setting level: com.almasb.fxgl.entity.level.Level@46030d7
19:19:14.274 [JavaFX Application Thread] DEBUG FXGLApplication      - Exiting FXGL
19:19:14.275 [JavaFX Application Thread] DEBUG LoopRunner           - Stopping loop
19:19:14.275 [JavaFX Application Thread] DEBUG SystemBundleService  - Saving FXGL system data
19:19:14.277 [JavaFX Application Thread] DEBUG FileSystemAccess     - Writing to: /Users/aaron/Downloads/SunsOfGodApp/system/fxgl.bundle
19:19:14.277 [JavaFX Application Thread] DEBUG Async                - Shutting down background threads
19:19:14.278 [JavaFX Application Thread] DEBUG PrimaryStageWindow   - Closing main window
19:19:14.289 [JavaFX Application Thread] DEBUG Logger               - Closing Logger
