16:16:19.738 [main                     ] DEBUG Logger               - Configured Logger
16:16:19.756 [main                     ] DEBUG GameApplication      - Logging settings
Title: Untitled
Version: 0.0
Width: 1280
Height: 720
Fullscreen: false
Intro: false
Profiling: false
Single step:false
App Mode: DEVELOPER
Menu Key: ESCAPE
Stage Style: DECORATED
Scene Factory: class com.sunsofgod.PlatformerApp$1

16:16:25.129 [JavaFX Application Thread] DEBUG FXGLApplication      - Initializing FXGL
16:16:25.134 [JavaFX Application Thread] INFO  Engine               - FXGL-17.2 (20.08.2022 16.50) on MAC (J:17.0.2 FX:18)
16:16:25.135 [JavaFX Application Thread] DEBUG Engine               - JRE Vendor Name: Oracle Corporation
16:16:25.135 [JavaFX Application Thread] DEBUG Engine               - Running on OS: Mac OS X version 14.6.1
16:16:25.135 [JavaFX Application Thread] DEBUG Engine               - Architecture: aarch64
16:16:25.135 [JavaFX Application Thread] INFO  Engine               - Source code and latest versions at: https://github.com/AlmasB/FXGL
16:16:25.135 [JavaFX Application Thread] INFO  Engine               -       Ask questions and discuss at: https://github.com/AlmasB/FXGL/discussions
16:16:25.135 [JavaFX Application Thread] INFO  Engine               -              Join the FXGL chat at: https://gitter.im/AlmasB/FXGL
16:16:25.212 [JavaFX Application Thread] DEBUG PrimaryStageWindow   - Creating a JavaFX scene
16:16:25.230 [JavaFX Application Thread] DEBUG PrimaryStageWindow   - Target settings size: 1280.0 x 720.0
16:16:25.230 [JavaFX Application Thread] DEBUG PrimaryStageWindow   - Scaled scene size:    1280.0 x 720.0
16:16:25.230 [JavaFX Application Thread] DEBUG PrimaryStageWindow   - Scaled ratio: (1.0, 1.0)
16:16:25.231 [JavaFX Application Thread] DEBUG PrimaryStageWindow   - Set initial scene to FXGLStartupScene
16:16:25.234 [JavaFX Application Thread] DEBUG PrimaryStageWindow   - Opening main window
16:16:25.341 [JavaFX Application Thread] DEBUG PrimaryStageWindow   - Window border size: (0.0, 28.0)
16:16:25.341 [JavaFX Application Thread] DEBUG PrimaryStageWindow   - Scaled size: 1280.0 x 720.0
16:16:25.341 [JavaFX Application Thread] DEBUG PrimaryStageWindow   - Scaled ratio: (1.0, 1.0)
16:16:25.342 [JavaFX Application Thread] DEBUG PrimaryStageWindow   - Scene size: 1280.0 x 720.0
16:16:25.342 [JavaFX Application Thread] DEBUG PrimaryStageWindow   - Stage size: 1280.0 x 748.0
16:16:25.345 [FXGL Background Thread 1 ] DEBUG Engine               - Initializing environment variables
16:16:25.363 [FXGL Background Thread 1 ] DEBUG FXGLAssetLoaderServi - User app class for loading assets: class com.sunsofgod.PlatformerApp
16:16:25.363 [FXGL Background Thread 1 ] DEBUG GameApplicationServi - Applying CSS: fxgl_dark.css
16:16:25.364 [FXGL Background Thread 1 ] DEBUG FXGLAssetLoaderServi - Loading from file system: jar:file:///Users/aaron/.m2/repository/com/github/almasb/fxgl/17.2/fxgl-17.2.jar!/fxglassets/ui/css/fxgl_dark.css
16:16:25.398 [FXGL Background Thread 1 ] DEBUG GameApplicationServi - Initializing application scenes
16:16:25.499 [FXGL Background Thread 1 ] DEBUG FXGLAssetLoaderServi - Loading from file system: file:/Users/aaron/Downloads/SunsOfGodApp/target/classes/assets/textures/player.png
16:16:25.511 [FXGL Background Thread 1 ] DEBUG GameWorld            - Game world initialized
16:16:25.536 [FXGL Background Thread 1 ] DEBUG PhysicsWorld         - Physics world initialized: appHeight=720, physics.ppm=50.0
16:16:25.536 [FXGL Background Thread 1 ] DEBUG PhysicsWorld         - Using strategy: BRUTE_FORCE
16:16:25.538 [FXGL Background Thread 1 ] DEBUG GameScene            - Game scene initialized: 1280x720
16:16:25.543 [FXGL Background Thread 1 ] DEBUG FXGL.DefaultMenu     - createMenuBodyGameMenu()
16:16:25.559 [FXGL Background Thread 1 ] DEBUG FXGL.DefaultMenu     - createOptionsMenu()
16:16:25.564 [FXGL Background Thread 1 ] DEBUG FXGLAssetLoaderServi - Loading from file system: jar:file:///Users/aaron/.m2/repository/com/github/almasb/fxgl/17.2/fxgl-17.2.jar!/fxglassets/textures/particles/smoke.png
16:16:25.617 [FXGL Background Thread 1 ] DEBUG FXGLAssetLoaderServi - Loading from file system: jar:file:///Users/aaron/.m2/repository/com/github/almasb/fxgl/17.2/fxgl-17.2.jar!/fxglassets/textures/particles/trace_horizontal.png
16:16:25.631 [FXGL Background Thread 1 ] DEBUG GameApplicationServi - Application scenes initialized
16:16:25.639 [FXGL Background Thread 1 ] DEBUG SystemBundleService  - Loading FXGL system data
16:16:25.642 [FXGL Background Thread 1 ] DEBUG FileSystemAccess     - Reading from: /Users/aaron/Downloads/SunsOfGodApp/system/fxgl.bundle
16:16:25.647 [FXGL Background Thread 1 ] DEBUG SystemBundleService  - Bundle FXGL: {}
16:16:25.647 [FXGL Background Thread 1 ] DEBUG UpdaterService       - Checking for updates
16:16:25.651 [FXGL Background Thread 4 ] DEBUG FXGLApplication      - Loading fonts
16:16:25.651 [FXGL Background Thread 1 ] DEBUG FXGLApplication      - Loading default localization
16:16:25.651 [FXGL Background Thread 1 ] DEBUG FXGLAssetLoaderServi - Loading from file system: jar:file:///Users/aaron/.m2/repository/com/github/almasb/fxgl/17.2/fxgl-17.2.jar!/fxglassets/languages/english.lang
16:16:25.651 [FXGL Background Thread 4 ] DEBUG FXGLAssetLoaderServi - Loading from file system: jar:file:///Users/aaron/.m2/repository/com/github/almasb/fxgl/17.2/fxgl-17.2.jar!/fxglassets/ui/fonts/VarelaRound-Regular.ttf
16:16:25.666 [FXGL Background Thread 1 ] INFO  FXGLApplication      - FXGL initialization took: 0.320 sec
16:16:25.666 [FXGL Background Thread 4 ] DEBUG FXGLAssetLoaderServi - Loading from file system: jar:file:///Users/aaron/.m2/repository/com/github/almasb/fxgl/17.2/fxgl-17.2.jar!/fxglassets/ui/fonts/Abel-Regular.ttf
16:16:25.669 [FXGL Background Thread 4 ] DEBUG FXGLAssetLoaderServi - Loading from file system: jar:file:///Users/aaron/.m2/repository/com/github/almasb/fxgl/17.2/fxgl-17.2.jar!/fxglassets/ui/fonts/TerminalLandMono-Regular.otf
16:16:25.672 [JavaFX Application Thread] DEBUG Input                - Registered new binding: Left - A
16:16:25.672 [JavaFX Application Thread] DEBUG Input                - Registered new binding: Right - D
16:16:25.672 [JavaFX Application Thread] DEBUG Input                - Registered new binding: Jump - W
16:16:25.672 [JavaFX Application Thread] DEBUG Input                - Registered new binding: Use - E
16:16:25.672 [JavaFX Application Thread] DEBUG FXGLAssetLoaderServi - Loading from file system: file:/Users/aaron/Downloads/SunsOfGodApp/target/classes/assets/music/BGM_dash_runner.wav
16:16:25.674 [FXGL Background Thread 4 ] DEBUG FXGLAssetLoaderServi - Loading from file system: jar:file:///Users/aaron/.m2/repository/com/github/almasb/fxgl/17.2/fxgl-17.2.jar!/fxglassets/ui/fonts/Courier-Prime.ttf
16:16:25.991 [JavaFX Application Thread] DEBUG AudioPlayer          - Playing music com.almasb.fxgl.audio.Music@1824900d
16:16:25.992 [JavaFX Application Thread] DEBUG FXGLAssetLoaderServi - Loading from file system: jar:file:///Users/aaron/.m2/repository/com/github/almasb/fxgl/17.2/fxgl-17.2.jar!/fxglassets/textures/fxgl_icon.png
16:16:26.019 [JavaFX Application Thread] DEBUG FXGLAssetLoaderServi - Loading from file system: jar:file:///Users/aaron/.m2/repository/com/github/almasb/fxgl/17.2/fxgl-17.2.jar!/fxglassets/textures/fxgl_default_cursor.png
16:16:26.020 [JavaFX Application Thread] DEBUG Input                - Registered new binding: Screenshot - CTRL+8
16:16:26.020 [JavaFX Application Thread] DEBUG Input                - Registered new binding: System info dump - CTRL+9
16:16:26.020 [JavaFX Application Thread] DEBUG Input                - Registered new binding: Restart - CTRL+R
16:16:26.021 [JavaFX Application Thread] DEBUG Input                - Registered new binding: Toggle Debug Camera - CTRL+7
16:16:26.021 [JavaFX Application Thread] DEBUG LoopRunner           - Starting loop
16:16:26.021 [JavaFX Application Thread] DEBUG LoopRunner           - Initializing JavaFX AnimationTimerLoop
16:16:26.022 [JavaFX Application Thread] DEBUG GameApplicationServi - Starting new game
16:16:26.022 [JavaFX Application Thread] DEBUG Input                - Clearing active input actions
16:16:26.027 [JavaFX Application Thread] DEBUG GameApplicationServi - Removing overlay from FXGLStartupScene and adding to MainLoadingScene
16:16:26.027 [JavaFX Application Thread] DEBUG PrimaryStageWindow   - FXGLStartupScene -> MainLoadingScene
16:16:26.027 [JavaFX Application Thread] DEBUG GameApplicationServi - Clearing previous game
16:16:26.027 [JavaFX Application Thread] DEBUG GameScene            - Clearing game scene
16:16:26.027 [JavaFX Application Thread] DEBUG GameWorld            - Clearing game world
16:16:26.027 [JavaFX Application Thread] DEBUG PhysicsWorld         - Clearing physics world
16:16:26.028 [FXGL Background Thread 4 ] DEBUG FXGLApplication      - Initializing game
16:16:26.047 [FXGL Background Thread 4 ] WARN  TMXLevelLoader       - TiledMap generated from 1.2.3. Supported version: 1.9.0. Some features may not be parsed fully.
16:16:26.052 [FXGL Background Thread 4 ] DEBUG TMXLevelLoader       - Parsed TiledMap: file:/Users/aaron/Downloads/SunsOfGodApp/target/classes/assets/levels/tmx/level1.tmx
16:16:26.053 [FXGL Background Thread 4 ] DEBUG TMXLevelLoader       - Creating tile layer entities
16:16:26.056 [FXGL Background Thread 4 ] DEBUG TilesetLoader        - Loading view for layer Tile Layer 1
16:16:26.056 [FXGL Background Thread 4 ] DEBUG TilesetLoader        - Created buffer with size 1050.0x700.0
16:16:26.075 [FXGL Background Thread 4 ] DEBUG TMXLevelLoader       - Creating object layer entities
16:16:26.079 [JavaFX Application Thread] DEBUG FXGLApplication      - Registering font factories with UI factory
16:16:26.087 [FXGL Background Thread 4 ] DEBUG GameWorld            - Clearing removable entities
16:16:26.087 [FXGL Background Thread 4 ] DEBUG GameWorld            - Setting level: com.almasb.fxgl.entity.level.Level@572d3f24
16:16:26.114 [FXGL Background Thread 4 ] DEBUG FXGLAssetLoaderServi - Loading from file system: file:/Users/aaron/Downloads/SunsOfGodApp/target/classes/assets/textures/background/forest.png
16:16:26.127 [FXGL Background Thread 4 ] INFO  FXGLApplication      - Game initialization took: 0.099 sec
16:16:26.170 [JavaFX Application Thread] DEBUG Input                - Clearing active input actions
16:16:26.173 [JavaFX Application Thread] DEBUG GameApplicationServi - Removing overlay from MainLoadingScene and adding to GameScene
16:16:26.173 [JavaFX Application Thread] DEBUG PrimaryStageWindow   - MainLoadingScene -> GameScene
16:16:26.175 [FXGL Background Thread 2 ] INFO  UpdaterService       - Your current version:  17.2
16:16:26.176 [FXGL Background Thread 2 ] INFO  UpdaterService       - Latest stable version: 21.1
16:16:28.655 [FXGL Background Thread 3 ] DEBUG Engine               - Logging environment variables
16:16:28.656 [FXGL Background Thread 3 ] DEBUG Engine               - achievements: []
16:16:28.656 [FXGL Background Thread 3 ] DEBUG Engine               - actualHeight: 720.0
16:16:28.656 [FXGL Background Thread 3 ] DEBUG Engine               - actualHeightProperty: ReadOnlyDoubleProperty [value: 720.0]
16:16:28.656 [FXGL Background Thread 3 ] DEBUG Engine               - actualWidth: 1280.0
16:16:28.657 [FXGL Background Thread 3 ] DEBUG Engine               - actualWidthProperty: ReadOnlyDoubleProperty [value: 1280.0]
16:16:28.657 [FXGL Background Thread 3 ] DEBUG Engine               - appIcon: fxgl_icon.png
16:16:28.657 [FXGL Background Thread 3 ] DEBUG Engine               - applicationMode: DEVELOPER
16:16:28.657 [FXGL Background Thread 3 ] DEBUG Engine               - cSSList: [fxgl_dark.css]
16:16:28.657 [FXGL Background Thread 3 ] DEBUG Engine               - collisionDetectionStrategy: BRUTE_FORCE
16:16:28.657 [FXGL Background Thread 3 ] DEBUG Engine               - configClass: Optional.empty
16:16:28.657 [FXGL Background Thread 3 ] DEBUG Engine               - credits: []
16:16:28.657 [FXGL Background Thread 3 ] DEBUG Engine               - defaultCursor: CursorInfo(imageName=fxgl_default_cursor.png, hotspotX=7.0, hotspotY=6.0)
16:16:28.657 [FXGL Background Thread 3 ] DEBUG Engine               - devBBoxColorProperty: ObjectProperty [value: 0xff0000ff]
16:16:28.657 [FXGL Background Thread 3 ] DEBUG Engine               - devEnableDebugCameraProperty: BooleanProperty [value: false]
16:16:28.658 [FXGL Background Thread 3 ] DEBUG Engine               - devSensorColorProperty: ObjectProperty [value: 0xffff00ff]
16:16:28.658 [FXGL Background Thread 3 ] DEBUG Engine               - devShowBBoxProperty: BooleanProperty [value: false]
16:16:28.658 [FXGL Background Thread 3 ] DEBUG Engine               - devShowPositionProperty: BooleanProperty [value: false]
16:16:28.658 [FXGL Background Thread 3 ] DEBUG Engine               - enabledMenuItems: []
16:16:28.658 [FXGL Background Thread 3 ] DEBUG Engine               - engineServices: [class com.almasb.fxgl.app.services.FXGLAssetLoaderService, class com.almasb.fxgl.app.FXGLApplication$GameApplicationService, class com.almasb.fxgl.app.services.FXGLDialogService, class com.almasb.fxgl.app.services.IOTaskExecutorService, class com.almasb.fxgl.io.FileSystemService, class com.almasb.fxgl.localization.LocalizationService, class com.almasb.fxgl.app.services.SystemBundleService, class com.almasb.fxgl.profile.SaveLoadService, class com.almasb.fxgl.ui.FXGLUIFactoryServiceProvider, class com.almasb.fxgl.ui.FXGLDialogFactoryServiceProvider, class com.almasb.fxgl.audio.AudioPlayer, class com.almasb.fxgl.notification.impl.NotificationServiceProvider, class com.almasb.fxgl.achievement.AchievementService, class com.almasb.fxgl.cutscene.CutsceneService, class com.almasb.fxgl.minigames.MiniGameService, class com.almasb.fxgl.net.NetService, class com.almasb.fxgl.app.services.UpdaterService, class com.almasb.fxgl.dev.DevService]
16:16:28.658 [FXGL Background Thread 3 ] DEBUG Engine               - fontGame: Abel-Regular.ttf
16:16:28.658 [FXGL Background Thread 3 ] DEBUG Engine               - fontMono: TerminalLandMono-Regular.otf
16:16:28.658 [FXGL Background Thread 3 ] DEBUG Engine               - fontText: Courier-Prime.ttf
16:16:28.658 [FXGL Background Thread 3 ] DEBUG Engine               - fontUI: VarelaRound-Regular.ttf
16:16:28.658 [FXGL Background Thread 3 ] DEBUG Engine               - fullScreen: BooleanProperty [value: false]
16:16:28.658 [FXGL Background Thread 3 ] DEBUG Engine               - gameDifficulty: MEDIUM
16:16:28.658 [FXGL Background Thread 3 ] DEBUG Engine               - gameDifficultyProperty: ObjectProperty [value: MEDIUM]
16:16:28.658 [FXGL Background Thread 3 ] DEBUG Engine               - globalMusicVolume: 0.5
16:16:28.658 [FXGL Background Thread 3 ] DEBUG Engine               - globalMusicVolumeProperty: DoubleProperty [value: 0.25]
16:16:28.658 [FXGL Background Thread 3 ] DEBUG Engine               - globalSoundVolume: 0.5
16:16:28.658 [FXGL Background Thread 3 ] DEBUG Engine               - globalSoundVolumeProperty: DoubleProperty [value: 0.5]
16:16:28.658 [FXGL Background Thread 3 ] DEBUG Engine               - height: 720
16:16:28.658 [FXGL Background Thread 3 ] DEBUG Engine               - is3D: false
16:16:28.659 [FXGL Background Thread 3 ] DEBUG Engine               - isAndroid: false
16:16:28.659 [FXGL Background Thread 3 ] DEBUG Engine               - isBrowser: false
16:16:28.659 [FXGL Background Thread 3 ] DEBUG Engine               - isClickFeedbackEnabled: false
16:16:28.659 [FXGL Background Thread 3 ] DEBUG Engine               - isCloseConfirmation: false
16:16:28.659 [FXGL Background Thread 3 ] DEBUG Engine               - isDesktop: true
16:16:28.659 [FXGL Background Thread 3 ] DEBUG Engine               - isDeveloperMenuEnabled: false
16:16:28.659 [FXGL Background Thread 3 ] DEBUG Engine               - isEmbedded: false
16:16:28.659 [FXGL Background Thread 3 ] DEBUG Engine               - isEntityPreloadEnabled: true
16:16:28.659 [FXGL Background Thread 3 ] DEBUG Engine               - isExperimentalTiledLargeMap: false
16:16:28.659 [FXGL Background Thread 3 ] DEBUG Engine               - isFileSystemWriteAllowed: true
16:16:28.659 [FXGL Background Thread 3 ] DEBUG Engine               - isFullScreenAllowed: false
16:16:28.659 [FXGL Background Thread 3 ] DEBUG Engine               - isFullScreenFromStart: false
16:16:28.659 [FXGL Background Thread 3 ] DEBUG Engine               - isGameMenuEnabled: true
16:16:28.659 [FXGL Background Thread 3 ] DEBUG Engine               - isIOS: false
16:16:28.659 [FXGL Background Thread 3 ] DEBUG Engine               - isIntroEnabled: false
16:16:28.660 [FXGL Background Thread 3 ] DEBUG Engine               - isLinux: false
16:16:28.660 [FXGL Background Thread 3 ] DEBUG Engine               - isMac: true
16:16:28.660 [FXGL Background Thread 3 ] DEBUG Engine               - isMainMenuEnabled: false
16:16:28.660 [FXGL Background Thread 3 ] DEBUG Engine               - isManualResizeEnabled: false
16:16:28.660 [FXGL Background Thread 3 ] DEBUG Engine               - isMobile: false
16:16:28.660 [FXGL Background Thread 3 ] DEBUG Engine               - isNative: false
16:16:28.660 [FXGL Background Thread 3 ] DEBUG Engine               - isPauseMusicWhenMinimized: true
16:16:28.660 [FXGL Background Thread 3 ] DEBUG Engine               - isPreserveResizeRatio: false
16:16:28.660 [FXGL Background Thread 3 ] DEBUG Engine               - isProfilingEnabled: false
16:16:28.660 [FXGL Background Thread 3 ] DEBUG Engine               - isScaleAffectedOnResize: true
16:16:28.660 [FXGL Background Thread 3 ] DEBUG Engine               - isSingleStep: false
16:16:28.660 [FXGL Background Thread 3 ] DEBUG Engine               - isUserProfileEnabled: false
16:16:28.660 [FXGL Background Thread 3 ] DEBUG Engine               - isWindows: false
16:16:28.660 [FXGL Background Thread 3 ] DEBUG Engine               - language: ObjectProperty [value: ENGLISH]
16:16:28.660 [FXGL Background Thread 3 ] DEBUG Engine               - menuKey: ESCAPE
16:16:28.660 [FXGL Background Thread 3 ] DEBUG Engine               - mouseSensitivity: 0.2
16:16:28.660 [FXGL Background Thread 3 ] DEBUG Engine               - notificationViewClass: class com.almasb.fxgl.notification.view.XboxNotificationView
16:16:28.660 [FXGL Background Thread 3 ] DEBUG Engine               - pixelsPerMeter: 50.0
16:16:28.660 [FXGL Background Thread 3 ] DEBUG Engine               - platform: MAC
16:16:28.661 [FXGL Background Thread 3 ] DEBUG Engine               - prefHeightProperty: ReadOnlyDoubleProperty [value: 720.0]
16:16:28.661 [FXGL Background Thread 3 ] DEBUG Engine               - prefWidthProperty: ReadOnlyDoubleProperty [value: 1280.0]
16:16:28.661 [FXGL Background Thread 3 ] DEBUG Engine               - profileDir: profiles/
16:16:28.661 [FXGL Background Thread 3 ] DEBUG Engine               - profileName: StringProperty [value: DEFAULT]
16:16:28.661 [FXGL Background Thread 3 ] DEBUG Engine               - randomSeed: -1
16:16:28.661 [FXGL Background Thread 3 ] DEBUG Engine               - runtimeInfo: RuntimeInfo(platform=MAC, version=17.2, build=20.08.2022 16.50)
16:16:28.661 [FXGL Background Thread 3 ] DEBUG Engine               - saveFileExt: sav
16:16:28.661 [FXGL Background Thread 3 ] DEBUG Engine               - scaledHeightProp$fxgl: DoubleProperty [bound, value: 720.0]
16:16:28.661 [FXGL Background Thread 3 ] DEBUG Engine               - scaledWidthProp$fxgl: DoubleProperty [bound, value: 1280.0]
16:16:28.661 [FXGL Background Thread 3 ] DEBUG Engine               - sceneFactory: com.sunsofgod.PlatformerApp$1@68329002
16:16:28.661 [FXGL Background Thread 3 ] DEBUG Engine               - secondsIn24h: 60
16:16:28.661 [FXGL Background Thread 3 ] DEBUG Engine               - soundMenuBack: menu/back.wav
16:16:28.661 [FXGL Background Thread 3 ] DEBUG Engine               - soundMenuPress: menu/press.wav
16:16:28.661 [FXGL Background Thread 3 ] DEBUG Engine               - soundMenuSelect: menu/select.wav
16:16:28.662 [FXGL Background Thread 3 ] DEBUG Engine               - soundNotification: core/notification.wav
16:16:28.662 [FXGL Background Thread 3 ] DEBUG Engine               - stageStyle: DECORATED
16:16:28.662 [FXGL Background Thread 3 ] DEBUG Engine               - supportedLanguages: [ENGLISH, FRENCH, GERMAN, HUNGARIAN, RUSSIAN]
16:16:28.662 [FXGL Background Thread 3 ] DEBUG Engine               - ticksPerSecond: -1
16:16:28.662 [FXGL Background Thread 3 ] DEBUG Engine               - title: Untitled
16:16:28.662 [FXGL Background Thread 3 ] DEBUG Engine               - urlGithub: https://github.com/AlmasB/FXGL
16:16:28.662 [FXGL Background Thread 3 ] DEBUG Engine               - urlLeaderboard: http://fxgl-top.herokuapp.com/
16:16:28.662 [FXGL Background Thread 3 ] DEBUG Engine               - urlPOM: https://raw.githubusercontent.com/AlmasB/FXGL/release/README.md
16:16:28.662 [FXGL Background Thread 3 ] DEBUG Engine               - userAppClass: class com.sunsofgod.PlatformerApp
16:16:28.662 [FXGL Background Thread 3 ] DEBUG Engine               - version: 0.0
16:16:28.662 [FXGL Background Thread 3 ] DEBUG Engine               - versionCheckDays: 7
16:16:28.662 [FXGL Background Thread 3 ] DEBUG Engine               - width: 1280
16:16:28.662 [FXGL Background Thread 3 ] DEBUG Engine               - Logging services
16:16:28.662 [FXGL Background Thread 3 ] DEBUG Engine               - class com.almasb.fxgl.app.services.FXGLAssetLoaderService
16:16:28.662 [FXGL Background Thread 3 ] DEBUG Engine               - class com.almasb.fxgl.app.FXGLApplication$GameApplicationService
16:16:28.662 [FXGL Background Thread 3 ] DEBUG Engine               - class com.almasb.fxgl.app.services.FXGLDialogService
16:16:28.662 [FXGL Background Thread 3 ] DEBUG Engine               - class com.almasb.fxgl.app.services.IOTaskExecutorService
16:16:28.662 [FXGL Background Thread 3 ] DEBUG Engine               - class com.almasb.fxgl.io.FileSystemService
16:16:28.663 [FXGL Background Thread 3 ] DEBUG Engine               - class com.almasb.fxgl.localization.LocalizationService
16:16:28.663 [FXGL Background Thread 3 ] DEBUG Engine               - class com.almasb.fxgl.app.services.SystemBundleService
16:16:28.663 [FXGL Background Thread 3 ] DEBUG Engine               - class com.almasb.fxgl.profile.SaveLoadService
16:16:28.663 [FXGL Background Thread 3 ] DEBUG Engine               - class com.almasb.fxgl.ui.FXGLUIFactoryServiceProvider
16:16:28.663 [FXGL Background Thread 3 ] DEBUG Engine               - class com.almasb.fxgl.ui.FXGLDialogFactoryServiceProvider
16:16:28.663 [FXGL Background Thread 3 ] DEBUG Engine               - class com.almasb.fxgl.audio.AudioPlayer
16:16:28.663 [FXGL Background Thread 3 ] DEBUG Engine               - class com.almasb.fxgl.notification.impl.NotificationServiceProvider
16:16:28.663 [FXGL Background Thread 3 ] DEBUG Engine               - class com.almasb.fxgl.achievement.AchievementService
16:16:28.663 [FXGL Background Thread 3 ] DEBUG Engine               - class com.almasb.fxgl.cutscene.CutsceneService
16:16:28.663 [FXGL Background Thread 3 ] DEBUG Engine               - class com.almasb.fxgl.minigames.MiniGameService
16:16:28.663 [FXGL Background Thread 3 ] DEBUG Engine               - class com.almasb.fxgl.net.NetService
16:16:28.663 [FXGL Background Thread 3 ] DEBUG Engine               - class com.almasb.fxgl.app.services.UpdaterService
16:16:28.663 [FXGL Background Thread 3 ] DEBUG Engine               - class com.almasb.fxgl.dev.DevService
16:16:35.387 [JavaFX Application Thread] WARN  TMXLevelLoader       - TiledMap generated from 1.2.3. Supported version: 1.9.0. Some features may not be parsed fully.
16:16:35.391 [JavaFX Application Thread] DEBUG TMXLevelLoader       - Parsed TiledMap: file:/Users/aaron/Downloads/SunsOfGodApp/target/classes/assets/levels/tmx/level1.tmx
16:16:35.391 [JavaFX Application Thread] DEBUG TMXLevelLoader       - Creating tile layer entities
16:16:35.391 [JavaFX Application Thread] DEBUG TilesetLoader        - Loading view for layer Tile Layer 1
16:16:35.392 [JavaFX Application Thread] DEBUG TilesetLoader        - Created buffer with size 1050.0x700.0
16:16:35.399 [JavaFX Application Thread] DEBUG TMXLevelLoader       - Creating object layer entities
16:16:35.400 [JavaFX Application Thread] DEBUG GameWorld            - Clearing removable entities
16:16:35.401 [JavaFX Application Thread] DEBUG GameWorld            - Setting level: com.almasb.fxgl.entity.level.Level@274d9a34
16:16:39.019 [JavaFX Application Thread] WARN  TMXLevelLoader       - TiledMap generated from 1.2.3. Supported version: 1.9.0. Some features may not be parsed fully.
16:16:39.020 [JavaFX Application Thread] DEBUG TMXLevelLoader       - Parsed TiledMap: file:/Users/aaron/Downloads/SunsOfGodApp/target/classes/assets/levels/tmx/level1.tmx
16:16:39.020 [JavaFX Application Thread] DEBUG TMXLevelLoader       - Creating tile layer entities
16:16:39.021 [JavaFX Application Thread] DEBUG TilesetLoader        - Loading view for layer Tile Layer 1
16:16:39.021 [JavaFX Application Thread] DEBUG TilesetLoader        - Created buffer with size 1050.0x700.0
16:16:39.027 [JavaFX Application Thread] DEBUG TMXLevelLoader       - Creating object layer entities
16:16:39.030 [JavaFX Application Thread] DEBUG GameWorld            - Clearing removable entities
16:16:39.031 [JavaFX Application Thread] DEBUG GameWorld            - Setting level: com.almasb.fxgl.entity.level.Level@1a12d7c4
16:16:39.485 [JavaFX Application Thread] WARN  GameWorld            - Attempted to remove entity which is not active
16:16:40.445 [JavaFX Application Thread] DEBUG FXGLApplication      - Exiting FXGL
16:16:40.446 [JavaFX Application Thread] DEBUG LoopRunner           - Stopping loop
16:16:40.446 [JavaFX Application Thread] DEBUG SystemBundleService  - Saving FXGL system data
16:16:40.448 [JavaFX Application Thread] DEBUG FileSystemAccess     - Writing to: /Users/aaron/Downloads/SunsOfGodApp/system/fxgl.bundle
16:16:40.450 [JavaFX Application Thread] DEBUG Async                - Shutting down background threads
16:16:40.450 [JavaFX Application Thread] DEBUG PrimaryStageWindow   - Closing main window
16:16:40.458 [JavaFX Application Thread] DEBUG Logger               - Closing Logger
