10:17:53.618 [main                     ] DEBUG Logger               - Configured Logger
10:17:53.633 [main                     ] DEBUG GameApplication      - Logging settings
Title: Untitled
Version: 0.0
Width: 1280
Height: 720
Fullscreen: false
Intro: false
Profiling: false
Single step:false
App Mode: DEVELOPER
Menu Key: ESCAPE
Stage Style: DECORATED
Scene Factory: class com.sunsofgod.PlatformerApp$1

10:17:53.996 [JavaFX Application Thread] DEBUG FXGLApplication      - Initializing FXGL
10:17:53.999 [JavaFX Application Thread] INFO  Engine               - FXGL-17.2 (20.08.2022 16.50) on WINDOWS (J:21.0.4 FX:17.0.12)
10:17:53.999 [JavaFX Application Thread] DEBUG Engine               - JRE Vendor Name: Eclipse Adoptium
10:17:53.999 [JavaFX Application Thread] DEBUG Engine               - Running on OS: Windows 11 version 10.0
10:17:53.999 [JavaFX Application Thread] DEBUG Engine               - Architecture: amd64
10:17:53.999 [JavaFX Application Thread] INFO  Engine               - Source code and latest versions at: https://github.com/AlmasB/FXGL
10:17:53.999 [JavaFX Application Thread] INFO  Engine               -       Ask questions and discuss at: https://github.com/AlmasB/FXGL/discussions
10:17:53.999 [JavaFX Application Thread] INFO  Engine               -              Join the FXGL chat at: https://gitter.im/AlmasB/FXGL
10:17:54.062 [JavaFX Application Thread] DEBUG PrimaryStageWindow   - Creating a JavaFX scene
10:17:54.123 [JavaFX Application Thread] DEBUG PrimaryStageWindow   - Target settings size: 1280.0 x 720.0
10:17:54.123 [JavaFX Application Thread] DEBUG PrimaryStageWindow   - Scaled scene size:    1280.0 x 720.0
10:17:54.123 [JavaFX Application Thread] DEBUG PrimaryStageWindow   - Scaled ratio: (1.0, 1.0)
10:17:54.124 [JavaFX Application Thread] DEBUG PrimaryStageWindow   - Set initial scene to FXGLStartupScene
10:17:54.129 [JavaFX Application Thread] DEBUG PrimaryStageWindow   - Opening main window
10:17:54.227 [JavaFX Application Thread] DEBUG PrimaryStageWindow   - Window border size: (16.0, 39.0)
10:17:54.227 [JavaFX Application Thread] DEBUG PrimaryStageWindow   - Scaled size: 1280.0 x 720.0
10:17:54.227 [JavaFX Application Thread] DEBUG PrimaryStageWindow   - Scaled ratio: (1.0, 1.0)
10:17:54.227 [JavaFX Application Thread] DEBUG PrimaryStageWindow   - Scene size: 1280.0 x 720.0
10:17:54.227 [JavaFX Application Thread] DEBUG PrimaryStageWindow   - Stage size: 1296.0 x 759.0
10:17:54.233 [FXGL Background Thread 1 ] DEBUG Engine               - Initializing environment variables
10:17:54.261 [FXGL Background Thread 1 ] DEBUG FXGLAssetLoaderServi - User app class for loading assets: class com.sunsofgod.PlatformerApp
10:17:54.261 [FXGL Background Thread 1 ] DEBUG GameApplicationServi - Applying CSS: fxgl_dark.css
10:17:54.261 [FXGL Background Thread 1 ] DEBUG FXGLAssetLoaderServi - Loading from file system: jar:file:///C:/Users/Balong/.m2/repository/com/github/almasb/fxgl/17.2/fxgl-17.2.jar!/fxglassets/ui/css/fxgl_dark.css
10:17:54.290 [FXGL Background Thread 1 ] DEBUG GameApplicationServi - Initializing application scenes
10:17:54.320 [FXGL Background Thread 1 ] WARN  FXGLAssetLoaderServi - Asset "/assets/textures/player.png" was not found!
10:17:54.320 [FXGL Background Thread 1 ] WARN  FXGLAssetLoaderServi - Failed to load IMAGE
10:17:54.336 [FXGL Background Thread 1 ] DEBUG GameWorld            - Game world initialized
10:17:54.368 [FXGL Background Thread 1 ] DEBUG PhysicsWorld         - Physics world initialized: appHeight=720, physics.ppm=50.0
10:17:54.368 [FXGL Background Thread 1 ] DEBUG PhysicsWorld         - Using strategy: BRUTE_FORCE
10:17:54.370 [FXGL Background Thread 1 ] DEBUG GameScene            - Game scene initialized: 1280x720
10:17:54.651 [FXGL Background Thread 1 ] DEBUG GameApplicationServi - Application scenes initialized
10:17:54.661 [FXGL Background Thread 1 ] DEBUG SystemBundleService  - Loading FXGL system data
10:17:54.664 [FXGL Background Thread 1 ] DEBUG FileSystemAccess     - Reading from: C:\Users\Balong\Desktop\JavaFXGame-4\system\fxgl.bundle
10:17:54.670 [FXGL Background Thread 1 ] DEBUG SystemBundleService  - Bundle FXGL: {}
10:17:54.670 [FXGL Background Thread 1 ] DEBUG UpdaterService       - Checking for updates
10:17:54.685 [FXGL Background Thread 1 ] DEBUG FXGLApplication      - Loading default localization
10:17:54.686 [FXGL Background Thread 1 ] DEBUG FXGLAssetLoaderServi - Loading from file system: jar:file:///C:/Users/Balong/.m2/repository/com/github/almasb/fxgl/17.2/fxgl-17.2.jar!/fxglassets/languages/english.lang
10:17:54.698 [FXGL Background Thread 1 ] INFO  FXGLApplication      - FXGL initialization took: 0.465 sec
10:17:54.699 [JavaFX Application Thread] DEBUG FXGLAssetLoaderServi - Loading from file system: jar:file:///C:/Users/Balong/.m2/repository/com/github/almasb/fxgl/17.2/fxgl-17.2.jar!/fxglassets/textures/fxgl_icon.png
10:17:54.699 [FXGL Background Thread 4 ] DEBUG FXGLApplication      - Loading fonts
10:17:54.699 [FXGL Background Thread 4 ] DEBUG FXGLAssetLoaderServi - Loading from file system: jar:file:///C:/Users/Balong/.m2/repository/com/github/almasb/fxgl/17.2/fxgl-17.2.jar!/fxglassets/ui/fonts/VarelaRound-Regular.ttf
10:17:54.719 [JavaFX Application Thread] DEBUG FXGLAssetLoaderServi - Loading from file system: jar:file:///C:/Users/Balong/.m2/repository/com/github/almasb/fxgl/17.2/fxgl-17.2.jar!/fxglassets/textures/fxgl_default_cursor.png
10:17:54.728 [JavaFX Application Thread] DEBUG Input                - Registered new binding: Screenshot - CTRL+8
10:17:54.729 [JavaFX Application Thread] DEBUG Input                - Registered new binding: Dev Options - 1
10:17:54.729 [JavaFX Application Thread] DEBUG Input                - Registered new binding: Dev Console - 2
10:17:54.729 [JavaFX Application Thread] DEBUG Input                - Registered new binding: System info dump - CTRL+9
10:17:54.730 [JavaFX Application Thread] DEBUG Input                - Registered new binding: Restart - CTRL+R
10:17:54.730 [JavaFX Application Thread] DEBUG Input                - Registered new binding: Toggle Debug Camera - CTRL+7
10:17:54.732 [JavaFX Application Thread] DEBUG LoopRunner           - Starting loop
10:17:54.743 [FXGL Background Thread 4 ] DEBUG FXGLAssetLoaderServi - Loading from file system: jar:file:///C:/Users/Balong/.m2/repository/com/github/almasb/fxgl/17.2/fxgl-17.2.jar!/fxglassets/ui/fonts/Abel-Regular.ttf
10:17:54.746 [JavaFX Application Thread] DEBUG LoopRunner           - Initializing JavaFX AnimationTimerLoop
10:17:54.748 [JavaFX Application Thread] DEBUG Input                - Clearing active input actions
10:17:54.756 [FXGL Background Thread 4 ] DEBUG FXGLAssetLoaderServi - Loading from file system: jar:file:///C:/Users/Balong/.m2/repository/com/github/almasb/fxgl/17.2/fxgl-17.2.jar!/fxglassets/ui/fonts/TerminalLandMono-Regular.otf
10:17:54.757 [JavaFX Application Thread] DEBUG GameApplicationServi - Removing overlay from FXGLStartupScene and adding to FXGLMainMenuDummyScene
10:17:54.759 [JavaFX Application Thread] DEBUG PrimaryStageWindow   - FXGLStartupScene -> FXGLMainMenuDummyScene
10:17:54.760 [JavaFX Application Thread] DEBUG PrimaryStageWindow   - Push state: RiderMainMenuScene
10:17:54.760 [JavaFX Application Thread] DEBUG Input                - Clearing active input actions
10:17:54.764 [JavaFX Application Thread] DEBUG GameApplicationServi - Removing overlay from FXGLMainMenuDummyScene and adding to RiderMainMenuScene
10:17:54.764 [JavaFX Application Thread] DEBUG PrimaryStageWindow   - FXGLMainMenuDummyScene -> RiderMainMenuScene
10:17:54.766 [FXGL Background Thread 4 ] DEBUG FXGLAssetLoaderServi - Loading from file system: jar:file:///C:/Users/Balong/.m2/repository/com/github/almasb/fxgl/17.2/fxgl-17.2.jar!/fxglassets/ui/fonts/Courier-Prime.ttf
10:17:54.898 [JavaFX Application Thread] DEBUG FXGLApplication      - Registering font factories with UI factory
10:17:55.087 [FXGL Background Thread 2 ] INFO  UpdaterService       - Your current version:  17.2
10:17:55.088 [FXGL Background Thread 2 ] INFO  UpdaterService       - Latest stable version: 21.1
10:17:55.547 [JavaFX Application Thread] DEBUG PrimaryStageWindow   - Push state: PlayerSelectScene
10:17:55.547 [JavaFX Application Thread] DEBUG Input                - Clearing active input actions
10:17:55.548 [JavaFX Application Thread] DEBUG GameApplicationServi - Removing overlay from RiderMainMenuScene and adding to PlayerSelectScene
10:17:55.550 [JavaFX Application Thread] DEBUG PrimaryStageWindow   - RiderMainMenuScene -> PlayerSelectScene
10:17:56.703 [JavaFX Application Thread] DEBUG PrimaryStageWindow   - Push state: LevelSelectScene
10:17:56.703 [JavaFX Application Thread] DEBUG Input                - Clearing active input actions
10:17:56.704 [JavaFX Application Thread] DEBUG GameApplicationServi - Removing overlay from PlayerSelectScene and adding to LevelSelectScene
10:17:56.705 [JavaFX Application Thread] DEBUG PrimaryStageWindow   - PlayerSelectScene -> LevelSelectScene
10:17:57.686 [FXGL Background Thread 3 ] DEBUG Engine               - Logging environment variables
10:17:57.686 [FXGL Background Thread 3 ] DEBUG Engine               - achievements: []
10:17:57.687 [FXGL Background Thread 3 ] DEBUG Engine               - actualHeight: 720.0
10:17:57.687 [FXGL Background Thread 3 ] DEBUG Engine               - actualHeightProperty: ReadOnlyDoubleProperty [value: 720.0]
10:17:57.687 [FXGL Background Thread 3 ] DEBUG Engine               - actualWidth: 1280.0
10:17:57.687 [FXGL Background Thread 3 ] DEBUG Engine               - actualWidthProperty: ReadOnlyDoubleProperty [value: 1280.0]
10:17:57.687 [FXGL Background Thread 3 ] DEBUG Engine               - appIcon: fxgl_icon.png
10:17:57.687 [FXGL Background Thread 3 ] DEBUG Engine               - applicationMode: DEVELOPER
10:17:57.687 [FXGL Background Thread 3 ] DEBUG Engine               - cSSList: [fxgl_dark.css]
10:17:57.687 [FXGL Background Thread 3 ] DEBUG Engine               - collisionDetectionStrategy: BRUTE_FORCE
10:17:57.687 [FXGL Background Thread 3 ] DEBUG Engine               - configClass: Optional.empty
10:17:57.687 [FXGL Background Thread 3 ] DEBUG Engine               - credits: []
10:17:57.688 [FXGL Background Thread 3 ] DEBUG Engine               - defaultCursor: CursorInfo(imageName=fxgl_default_cursor.png, hotspotX=7.0, hotspotY=6.0)
10:17:57.688 [FXGL Background Thread 3 ] DEBUG Engine               - devBBoxColorProperty: ObjectProperty [value: 0xff0000ff]
10:17:57.689 [FXGL Background Thread 3 ] DEBUG Engine               - devEnableDebugCameraProperty: BooleanProperty [value: false]
10:17:57.689 [FXGL Background Thread 3 ] DEBUG Engine               - devSensorColorProperty: ObjectProperty [value: 0xffff00ff]
10:17:57.689 [FXGL Background Thread 3 ] DEBUG Engine               - devShowBBoxProperty: BooleanProperty [value: false]
10:17:57.689 [FXGL Background Thread 3 ] DEBUG Engine               - devShowPositionProperty: BooleanProperty [value: false]
10:17:57.689 [FXGL Background Thread 3 ] DEBUG Engine               - enabledMenuItems: []
10:17:57.689 [FXGL Background Thread 3 ] DEBUG Engine               - engineServices: [class com.almasb.fxgl.app.services.FXGLAssetLoaderService, class com.almasb.fxgl.app.FXGLApplication$GameApplicationService, class com.almasb.fxgl.app.services.FXGLDialogService, class com.almasb.fxgl.app.services.IOTaskExecutorService, class com.almasb.fxgl.io.FileSystemService, class com.almasb.fxgl.localization.LocalizationService, class com.almasb.fxgl.app.services.SystemBundleService, class com.almasb.fxgl.profile.SaveLoadService, class com.almasb.fxgl.ui.FXGLUIFactoryServiceProvider, class com.almasb.fxgl.ui.FXGLDialogFactoryServiceProvider, class com.almasb.fxgl.audio.AudioPlayer, class com.almasb.fxgl.notification.impl.NotificationServiceProvider, class com.almasb.fxgl.achievement.AchievementService, class com.almasb.fxgl.cutscene.CutsceneService, class com.almasb.fxgl.minigames.MiniGameService, class com.almasb.fxgl.net.NetService, class com.almasb.fxgl.app.services.UpdaterService, class com.almasb.fxgl.dev.DevService]
10:17:57.689 [FXGL Background Thread 3 ] DEBUG Engine               - fontGame: Abel-Regular.ttf
10:17:57.689 [FXGL Background Thread 3 ] DEBUG Engine               - fontMono: TerminalLandMono-Regular.otf
10:17:57.689 [FXGL Background Thread 3 ] DEBUG Engine               - fontText: Courier-Prime.ttf
10:17:57.689 [FXGL Background Thread 3 ] DEBUG Engine               - fontUI: VarelaRound-Regular.ttf
10:17:57.689 [FXGL Background Thread 3 ] DEBUG Engine               - fullScreen: BooleanProperty [value: false]
10:17:57.689 [FXGL Background Thread 3 ] DEBUG Engine               - gameDifficulty: MEDIUM
10:17:57.689 [FXGL Background Thread 3 ] DEBUG Engine               - gameDifficultyProperty: ObjectProperty [value: MEDIUM]
10:17:57.689 [FXGL Background Thread 3 ] DEBUG Engine               - globalMusicVolume: 0.5
10:17:57.689 [FXGL Background Thread 3 ] DEBUG Engine               - globalMusicVolumeProperty: DoubleProperty [value: 0.25]
10:17:57.690 [FXGL Background Thread 3 ] DEBUG Engine               - globalSoundVolume: 0.5
10:17:57.690 [FXGL Background Thread 3 ] DEBUG Engine               - globalSoundVolumeProperty: DoubleProperty [value: 0.5]
10:17:57.690 [FXGL Background Thread 3 ] DEBUG Engine               - height: 720
10:17:57.690 [FXGL Background Thread 3 ] DEBUG Engine               - is3D: false
10:17:57.690 [FXGL Background Thread 3 ] DEBUG Engine               - isAndroid: false
10:17:57.690 [FXGL Background Thread 3 ] DEBUG Engine               - isBrowser: false
10:17:57.690 [FXGL Background Thread 3 ] DEBUG Engine               - isClickFeedbackEnabled: false
10:17:57.690 [FXGL Background Thread 3 ] DEBUG Engine               - isCloseConfirmation: false
10:17:57.690 [FXGL Background Thread 3 ] DEBUG Engine               - isDesktop: true
10:17:57.690 [FXGL Background Thread 3 ] DEBUG Engine               - isDeveloperMenuEnabled: true
10:17:57.690 [FXGL Background Thread 3 ] DEBUG Engine               - isEmbedded: false
10:17:57.690 [FXGL Background Thread 3 ] DEBUG Engine               - isEntityPreloadEnabled: true
10:17:57.690 [FXGL Background Thread 3 ] DEBUG Engine               - isExperimentalTiledLargeMap: false
10:17:57.690 [FXGL Background Thread 3 ] DEBUG Engine               - isFileSystemWriteAllowed: true
10:17:57.690 [FXGL Background Thread 3 ] DEBUG Engine               - isFullScreenAllowed: false
10:17:57.690 [FXGL Background Thread 3 ] DEBUG Engine               - isFullScreenFromStart: false
10:17:57.690 [FXGL Background Thread 3 ] DEBUG Engine               - isGameMenuEnabled: true
10:17:57.690 [FXGL Background Thread 3 ] DEBUG Engine               - isIOS: false
10:17:57.690 [FXGL Background Thread 3 ] DEBUG Engine               - isIntroEnabled: false
10:17:57.690 [FXGL Background Thread 3 ] DEBUG Engine               - isLinux: false
10:17:57.690 [FXGL Background Thread 3 ] DEBUG Engine               - isMac: false
10:17:57.690 [FXGL Background Thread 3 ] DEBUG Engine               - isMainMenuEnabled: true
10:17:57.690 [FXGL Background Thread 3 ] DEBUG Engine               - isManualResizeEnabled: false
10:17:57.690 [FXGL Background Thread 3 ] DEBUG Engine               - isMobile: false
10:17:57.690 [FXGL Background Thread 3 ] DEBUG Engine               - isNative: false
10:17:57.691 [FXGL Background Thread 3 ] DEBUG Engine               - isPauseMusicWhenMinimized: true
10:17:57.691 [FXGL Background Thread 3 ] DEBUG Engine               - isPreserveResizeRatio: false
10:17:57.691 [FXGL Background Thread 3 ] DEBUG Engine               - isProfilingEnabled: false
10:17:57.691 [FXGL Background Thread 3 ] DEBUG Engine               - isScaleAffectedOnResize: true
10:17:57.691 [FXGL Background Thread 3 ] DEBUG Engine               - isSingleStep: false
10:17:57.691 [FXGL Background Thread 3 ] DEBUG Engine               - isUserProfileEnabled: false
10:17:57.691 [FXGL Background Thread 3 ] DEBUG Engine               - isWindows: true
10:17:57.691 [FXGL Background Thread 3 ] DEBUG Engine               - language: ObjectProperty [value: ENGLISH]
10:17:57.691 [FXGL Background Thread 3 ] DEBUG Engine               - menuKey: ESCAPE
10:17:57.691 [FXGL Background Thread 3 ] DEBUG Engine               - mouseSensitivity: 0.2
10:17:57.691 [FXGL Background Thread 3 ] DEBUG Engine               - notificationViewClass: class com.almasb.fxgl.notification.view.XboxNotificationView
10:17:57.691 [FXGL Background Thread 3 ] DEBUG Engine               - pixelsPerMeter: 50.0
10:17:57.691 [FXGL Background Thread 3 ] DEBUG Engine               - platform: WINDOWS
10:17:57.691 [FXGL Background Thread 3 ] DEBUG Engine               - prefHeightProperty: ReadOnlyDoubleProperty [value: 720.0]
10:17:57.691 [FXGL Background Thread 3 ] DEBUG Engine               - prefWidthProperty: ReadOnlyDoubleProperty [value: 1280.0]
10:17:57.691 [FXGL Background Thread 3 ] DEBUG Engine               - profileDir: profiles/
10:17:57.691 [FXGL Background Thread 3 ] DEBUG Engine               - profileName: StringProperty [value: DEFAULT]
10:17:57.691 [FXGL Background Thread 3 ] DEBUG Engine               - randomSeed: -1
10:17:57.692 [FXGL Background Thread 3 ] DEBUG Engine               - runtimeInfo: RuntimeInfo(platform=WINDOWS, version=17.2, build=20.08.2022 16.50)
10:17:57.692 [FXGL Background Thread 3 ] DEBUG Engine               - saveFileExt: sav
10:17:57.692 [FXGL Background Thread 3 ] DEBUG Engine               - scaledHeightProp$fxgl: DoubleProperty [bound, value: 720.0]
10:17:57.692 [FXGL Background Thread 3 ] DEBUG Engine               - scaledWidthProp$fxgl: DoubleProperty [bound, value: 1280.0]
10:17:57.692 [FXGL Background Thread 3 ] DEBUG Engine               - sceneFactory: com.sunsofgod.PlatformerApp$1@23559d94
10:17:57.692 [FXGL Background Thread 3 ] DEBUG Engine               - secondsIn24h: 60
10:17:57.692 [FXGL Background Thread 3 ] DEBUG Engine               - soundMenuBack: menu/back.wav
10:17:57.692 [FXGL Background Thread 3 ] DEBUG Engine               - soundMenuPress: menu/press.wav
10:17:57.692 [FXGL Background Thread 3 ] DEBUG Engine               - soundMenuSelect: menu/select.wav
10:17:57.692 [FXGL Background Thread 3 ] DEBUG Engine               - soundNotification: core/notification.wav
10:17:57.692 [FXGL Background Thread 3 ] DEBUG Engine               - stageStyle: DECORATED
10:17:57.692 [FXGL Background Thread 3 ] DEBUG Engine               - supportedLanguages: [ENGLISH, FRENCH, GERMAN, HUNGARIAN, RUSSIAN]
10:17:57.692 [FXGL Background Thread 3 ] DEBUG Engine               - ticksPerSecond: -1
10:17:57.692 [FXGL Background Thread 3 ] DEBUG Engine               - title: Untitled
10:17:57.692 [FXGL Background Thread 3 ] DEBUG Engine               - urlGithub: https://github.com/AlmasB/FXGL
10:17:57.692 [FXGL Background Thread 3 ] DEBUG Engine               - urlLeaderboard: http://fxgl-top.herokuapp.com/
10:17:57.692 [FXGL Background Thread 3 ] DEBUG Engine               - urlPOM: https://raw.githubusercontent.com/AlmasB/FXGL/release/README.md
10:17:57.692 [FXGL Background Thread 3 ] DEBUG Engine               - userAppClass: class com.sunsofgod.PlatformerApp
10:17:57.692 [FXGL Background Thread 3 ] DEBUG Engine               - version: 0.0
10:17:57.692 [FXGL Background Thread 3 ] DEBUG Engine               - versionCheckDays: 7
10:17:57.692 [FXGL Background Thread 3 ] DEBUG Engine               - width: 1280
10:17:57.692 [FXGL Background Thread 3 ] DEBUG Engine               - Logging services
10:17:57.693 [FXGL Background Thread 3 ] DEBUG Engine               - class com.almasb.fxgl.app.services.FXGLAssetLoaderService
10:17:57.693 [FXGL Background Thread 3 ] DEBUG Engine               - class com.almasb.fxgl.app.FXGLApplication$GameApplicationService
10:17:57.693 [FXGL Background Thread 3 ] DEBUG Engine               - class com.almasb.fxgl.app.services.FXGLDialogService
10:17:57.693 [FXGL Background Thread 3 ] DEBUG Engine               - class com.almasb.fxgl.app.services.IOTaskExecutorService
10:17:57.693 [FXGL Background Thread 3 ] DEBUG Engine               - class com.almasb.fxgl.io.FileSystemService
10:17:57.693 [FXGL Background Thread 3 ] DEBUG Engine               - class com.almasb.fxgl.localization.LocalizationService
10:17:57.693 [FXGL Background Thread 3 ] DEBUG Engine               - class com.almasb.fxgl.app.services.SystemBundleService
10:17:57.693 [FXGL Background Thread 3 ] DEBUG Engine               - class com.almasb.fxgl.profile.SaveLoadService
10:17:57.693 [FXGL Background Thread 3 ] DEBUG Engine               - class com.almasb.fxgl.ui.FXGLUIFactoryServiceProvider
10:17:57.693 [FXGL Background Thread 3 ] DEBUG Engine               - class com.almasb.fxgl.ui.FXGLDialogFactoryServiceProvider
10:17:57.693 [FXGL Background Thread 3 ] DEBUG Engine               - class com.almasb.fxgl.audio.AudioPlayer
10:17:57.693 [FXGL Background Thread 3 ] DEBUG Engine               - class com.almasb.fxgl.notification.impl.NotificationServiceProvider
10:17:57.693 [FXGL Background Thread 3 ] DEBUG Engine               - class com.almasb.fxgl.achievement.AchievementService
10:17:57.693 [FXGL Background Thread 3 ] DEBUG Engine               - class com.almasb.fxgl.cutscene.CutsceneService
10:17:57.693 [FXGL Background Thread 3 ] DEBUG Engine               - class com.almasb.fxgl.minigames.MiniGameService
10:17:57.693 [FXGL Background Thread 3 ] DEBUG Engine               - class com.almasb.fxgl.net.NetService
10:17:57.693 [FXGL Background Thread 3 ] DEBUG Engine               - class com.almasb.fxgl.app.services.UpdaterService
10:17:57.693 [FXGL Background Thread 3 ] DEBUG Engine               - class com.almasb.fxgl.dev.DevService
10:17:58.457 [JavaFX Application Thread] DEBUG Menu                 - fireNewGame()
10:17:58.457 [JavaFX Application Thread] DEBUG GameApplicationServi - Starting new game
10:17:58.458 [JavaFX Application Thread] DEBUG PrimaryStageWindow   - Pop state: LevelSelectScene
10:17:58.458 [JavaFX Application Thread] DEBUG Input                - Clearing active input actions
10:17:58.458 [JavaFX Application Thread] DEBUG GameApplicationServi - Removing overlay from LevelSelectScene and adding to PlayerSelectScene
10:17:58.460 [JavaFX Application Thread] DEBUG PrimaryStageWindow   - PlayerSelectScene <- LevelSelectScene
10:17:58.460 [JavaFX Application Thread] DEBUG PrimaryStageWindow   - Pop state: PlayerSelectScene
10:17:58.460 [JavaFX Application Thread] DEBUG Input                - Clearing active input actions
10:17:58.460 [JavaFX Application Thread] DEBUG GameApplicationServi - Removing overlay from PlayerSelectScene and adding to RiderMainMenuScene
10:17:58.460 [JavaFX Application Thread] DEBUG PrimaryStageWindow   - RiderMainMenuScene <- PlayerSelectScene
10:17:58.460 [JavaFX Application Thread] DEBUG PrimaryStageWindow   - Pop state: RiderMainMenuScene
10:17:58.460 [JavaFX Application Thread] DEBUG Input                - Clearing active input actions
10:17:58.461 [JavaFX Application Thread] DEBUG GameApplicationServi - Removing overlay from RiderMainMenuScene and adding to FXGLMainMenuDummyScene
10:17:58.461 [JavaFX Application Thread] DEBUG PrimaryStageWindow   - FXGLMainMenuDummyScene <- RiderMainMenuScene
10:17:58.462 [JavaFX Application Thread] DEBUG Input                - Clearing active input actions
10:17:58.465 [JavaFX Application Thread] DEBUG GameApplicationServi - Removing overlay from FXGLMainMenuDummyScene and adding to MainLoadingScene
10:17:58.465 [JavaFX Application Thread] DEBUG PrimaryStageWindow   - FXGLMainMenuDummyScene -> MainLoadingScene
10:17:58.465 [JavaFX Application Thread] DEBUG GameApplicationServi - Clearing previous game
10:17:58.465 [JavaFX Application Thread] DEBUG GameScene            - Clearing game scene
10:17:58.466 [JavaFX Application Thread] DEBUG GameWorld            - Clearing game world
10:17:58.466 [JavaFX Application Thread] DEBUG PhysicsWorld         - Clearing physics world
10:17:58.467 [FXGL Background Thread 2 ] DEBUG FXGLApplication      - Initializing game
10:17:58.504 [FXGL Background Thread 2 ] WARN  TMXLevelLoader       - TiledMap generated from 1.11.0. Supported version: 1.9.0. Some features may not be parsed fully.
10:17:58.515 [FXGL Background Thread 2 ] DEBUG TMXLevelLoader       - Parsed TiledMap: file:/C:/Users/Balong/Desktop/JavaFXGame-4/target/classes/assets/levels/tmx/level2.tmx
10:17:58.516 [FXGL Background Thread 2 ] DEBUG TMXLevelLoader       - Creating tile layer entities
10:17:58.517 [FXGL Background Thread 2 ] DEBUG TilesetLoader        - Loading view for layer BG
10:17:58.521 [FXGL Background Thread 2 ] DEBUG TilesetLoader        - Created buffer with size 4200.0x700.0
10:17:58.530 [FXGL Background Thread 2 ] DEBUG TilesetLoader        - Loading view for layer Tile Layer 1
10:17:58.533 [FXGL Background Thread 2 ] DEBUG TilesetLoader        - Created buffer with size 4200.0x700.0
10:17:58.536 [FXGL Background Thread 2 ] DEBUG TMXLevelLoader       - Creating object layer entities
10:17:58.554 [FXGL Background Thread 2 ] DEBUG FXGLAssetLoaderServi - Loading from file system: file:/C:/Users/Balong/Desktop/JavaFXGame-4/target/classes/assets/textures/button.png
10:17:58.561 [FXGL Background Thread 2 ] DEBUG GameWorld            - Clearing removable entities
10:17:58.561 [FXGL Background Thread 2 ] DEBUG GameWorld            - Setting level: com.almasb.fxgl.entity.level.Level@4ac43e24
10:17:58.570 [FXGL Background Thread 2 ] DEBUG FXGLAssetLoaderServi - Loading from file system: file:/C:/Users/Balong/Desktop/JavaFXGame-4/target/classes/assets/textures/player1.png
10:17:58.575 [FXGL Background Thread 2 ] DEBUG Input                - Clearing active input actions
10:17:58.579 [FXGL Background Thread 2 ] DEBUG Input                - Registered new binding: Jump0 - W
10:17:58.579 [FXGL Background Thread 2 ] DEBUG Input                - Registered new binding: Left0 - A
10:17:58.580 [FXGL Background Thread 2 ] DEBUG Input                - Registered new binding: Right0 - D
10:17:58.580 [FXGL Background Thread 2 ] DEBUG Input                - Registered new binding: Use0 - E
10:17:58.581 [FXGL Background Thread 2 ] DEBUG FXGLAssetLoaderServi - Loading from file system: file:/C:/Users/Balong/Desktop/JavaFXGame-4/target/classes/assets/textures/background/manila.png
10:17:58.594 [FXGL Background Thread 2 ] INFO  FXGLApplication      - Game initialization took: 0.128 sec
10:17:58.595 [JavaFX Application Thread] DEBUG Input                - Clearing active input actions
10:17:58.599 [JavaFX Application Thread] DEBUG GameApplicationServi - Removing overlay from MainLoadingScene and adding to GameScene
10:17:58.600 [JavaFX Application Thread] DEBUG PrimaryStageWindow   - MainLoadingScene -> GameScene
10:17:58.609 [JavaFX Application Thread] DEBUG FXGLAssetLoaderServi - Loading from file system: file:/C:/Users/Balong/Desktop/JavaFXGame-4/target/classes/assets/sounds/dead.wav
10:17:59.384 [JavaFX Application Thread] WARN  TMXLevelLoader       - TiledMap generated from 1.11.0. Supported version: 1.9.0. Some features may not be parsed fully.
10:17:59.388 [JavaFX Application Thread] DEBUG TMXLevelLoader       - Parsed TiledMap: file:/C:/Users/Balong/Desktop/JavaFXGame-4/target/classes/assets/levels/tmx/level2.tmx
10:17:59.389 [JavaFX Application Thread] DEBUG TMXLevelLoader       - Creating tile layer entities
10:17:59.389 [JavaFX Application Thread] DEBUG TilesetLoader        - Loading view for layer BG
10:17:59.390 [JavaFX Application Thread] DEBUG TilesetLoader        - Created buffer with size 4200.0x700.0
10:17:59.398 [JavaFX Application Thread] DEBUG TilesetLoader        - Loading view for layer Tile Layer 1
10:17:59.399 [JavaFX Application Thread] DEBUG TilesetLoader        - Created buffer with size 4200.0x700.0
10:17:59.400 [JavaFX Application Thread] DEBUG TMXLevelLoader       - Creating object layer entities
10:17:59.408 [JavaFX Application Thread] DEBUG GameWorld            - Clearing removable entities
10:17:59.411 [JavaFX Application Thread] DEBUG GameWorld            - Setting level: com.almasb.fxgl.entity.level.Level@4cc96ace
10:18:00.766 [JavaFX Application Thread] DEBUG FXGLAssetLoaderServi - Loading from file system: file:/C:/Users/Balong/Desktop/JavaFXGame-4/target/classes/assets/sounds/jump.wav
10:18:05.266 [JavaFX Application Thread] DEBUG PrimaryStageWindow   - Push state: PauseMenuScene
10:18:05.266 [JavaFX Application Thread] DEBUG Input                - Clearing active input actions
10:18:05.266 [JavaFX Application Thread] DEBUG GameApplicationServi - Removing overlay from GameScene and adding to PauseMenuScene
10:18:05.267 [JavaFX Application Thread] DEBUG PrimaryStageWindow   - GameScene -> PauseMenuScene
10:18:05.913 [JavaFX Application Thread] DEBUG Input                - Clearing active input actions
10:18:05.913 [JavaFX Application Thread] DEBUG PrimaryStageWindow   - Pop state: PauseMenuScene
10:18:05.913 [JavaFX Application Thread] DEBUG Input                - Clearing active input actions
10:18:05.913 [JavaFX Application Thread] DEBUG GameApplicationServi - Removing overlay from PauseMenuScene and adding to GameScene
10:18:05.914 [JavaFX Application Thread] DEBUG PrimaryStageWindow   - GameScene <- PauseMenuScene
10:18:05.942 [JavaFX Application Thread] DEBUG PrimaryStageWindow   - Push state: RiderMainMenuScene
10:18:05.942 [JavaFX Application Thread] DEBUG Input                - Clearing active input actions
10:18:05.942 [JavaFX Application Thread] DEBUG GameApplicationServi - Removing overlay from GameScene and adding to RiderMainMenuScene
10:18:05.942 [JavaFX Application Thread] DEBUG PrimaryStageWindow   - GameScene -> RiderMainMenuScene
10:18:07.023 [JavaFX Application Thread] DEBUG PrimaryStageWindow   - Push state: PlayerSelectScene
10:18:07.024 [JavaFX Application Thread] DEBUG Input                - Clearing active input actions
10:18:07.024 [JavaFX Application Thread] DEBUG GameApplicationServi - Removing overlay from RiderMainMenuScene and adding to PlayerSelectScene
10:18:07.025 [JavaFX Application Thread] DEBUG PrimaryStageWindow   - RiderMainMenuScene -> PlayerSelectScene
10:18:08.462 [JavaFX Application Thread] DEBUG PrimaryStageWindow   - Push state: LevelSelectScene
10:18:08.463 [JavaFX Application Thread] DEBUG Input                - Clearing active input actions
10:18:08.463 [JavaFX Application Thread] DEBUG GameApplicationServi - Removing overlay from PlayerSelectScene and adding to LevelSelectScene
10:18:08.463 [JavaFX Application Thread] DEBUG PrimaryStageWindow   - PlayerSelectScene -> LevelSelectScene
10:18:09.193 [JavaFX Application Thread] DEBUG Menu                 - fireNewGame()
10:18:09.193 [JavaFX Application Thread] DEBUG GameApplicationServi - Starting new game
10:18:09.194 [JavaFX Application Thread] DEBUG PrimaryStageWindow   - Pop state: LevelSelectScene
10:18:09.194 [JavaFX Application Thread] DEBUG Input                - Clearing active input actions
10:18:09.194 [JavaFX Application Thread] DEBUG GameApplicationServi - Removing overlay from LevelSelectScene and adding to PlayerSelectScene
10:18:09.194 [JavaFX Application Thread] DEBUG PrimaryStageWindow   - PlayerSelectScene <- LevelSelectScene
10:18:09.194 [JavaFX Application Thread] DEBUG PrimaryStageWindow   - Pop state: PlayerSelectScene
10:18:09.194 [JavaFX Application Thread] DEBUG Input                - Clearing active input actions
10:18:09.194 [JavaFX Application Thread] DEBUG GameApplicationServi - Removing overlay from PlayerSelectScene and adding to RiderMainMenuScene
10:18:09.194 [JavaFX Application Thread] DEBUG PrimaryStageWindow   - RiderMainMenuScene <- PlayerSelectScene
10:18:09.194 [JavaFX Application Thread] DEBUG PrimaryStageWindow   - Pop state: RiderMainMenuScene
10:18:09.195 [JavaFX Application Thread] DEBUG Input                - Clearing active input actions
10:18:09.195 [JavaFX Application Thread] DEBUG GameApplicationServi - Removing overlay from RiderMainMenuScene and adding to GameScene
10:18:09.195 [JavaFX Application Thread] DEBUG PrimaryStageWindow   - GameScene <- RiderMainMenuScene
10:18:09.195 [JavaFX Application Thread] DEBUG Input                - Clearing active input actions
10:18:09.200 [JavaFX Application Thread] DEBUG GameApplicationServi - Removing overlay from GameScene and adding to MainLoadingScene
10:18:09.200 [JavaFX Application Thread] DEBUG PrimaryStageWindow   - GameScene -> MainLoadingScene
10:18:09.200 [JavaFX Application Thread] DEBUG GameApplicationServi - Clearing previous game
10:18:09.200 [JavaFX Application Thread] DEBUG GameScene            - Clearing game scene
10:18:09.200 [JavaFX Application Thread] DEBUG GameWorld            - Clearing game world
10:18:09.202 [JavaFX Application Thread] DEBUG PhysicsWorld         - Clearing physics world
10:18:09.202 [FXGL Background Thread 2 ] DEBUG FXGLApplication      - Initializing game
10:18:09.204 [FXGL Background Thread 2 ] WARN  TMXLevelLoader       - TiledMap generated from 1.11.0. Supported version: 1.9.0. Some features may not be parsed fully.
10:18:09.206 [FXGL Background Thread 2 ] DEBUG TMXLevelLoader       - Parsed TiledMap: file:/C:/Users/Balong/Desktop/JavaFXGame-4/target/classes/assets/levels/tmx/level1.tmx
10:18:09.206 [FXGL Background Thread 2 ] DEBUG TMXLevelLoader       - Creating tile layer entities
10:18:09.207 [FXGL Background Thread 2 ] DEBUG TilesetLoader        - Loading view for layer Tile Layer 1
10:18:09.207 [FXGL Background Thread 2 ] DEBUG TilesetLoader        - Created buffer with size 2450.0x700.0
10:18:09.215 [FXGL Background Thread 2 ] DEBUG TMXLevelLoader       - Creating object layer entities
10:18:09.219 [FXGL Background Thread 2 ] DEBUG GameWorld            - Clearing removable entities
10:18:09.219 [FXGL Background Thread 2 ] DEBUG GameWorld            - Setting level: com.almasb.fxgl.entity.level.Level@52fe1bf1
10:18:09.222 [FXGL Background Thread 2 ] DEBUG Input                - Clearing active input actions
10:18:09.223 [JavaFX Application Thread] DEBUG LoopRunner           - Stopping loop
10:18:09.224 [JavaFX Application Thread] FATAL FXGLApplication      - Uncaught Exception:
java.lang.RuntimeException: Initialization failed
	at com.almasb.fxgl.all@17.2/com.almasb.fxgl.app.FXGLApplication$InitAppTask.failed(FXGLApplication.kt:343)
	at javafx.graphics/javafx.concurrent.Task.setState(Task.java:710)
	at javafx.graphics/javafx.concurrent.Task$TaskCallable.lambda$call$2(Task.java:1456)
	at javafx.graphics/com.sun.javafx.application.PlatformImpl.lambda$runLater$10(PlatformImpl.java:457)
	at java.base/java.security.AccessController.doPrivileged(AccessController.java:400)
	at javafx.graphics/com.sun.javafx.application.PlatformImpl.lambda$runLater$11(PlatformImpl.java:456)
	at javafx.graphics/com.sun.glass.ui.InvokeLaterDispatcher$Future.run(InvokeLaterDispatcher.java:96)
	at javafx.graphics/com.sun.glass.ui.win.WinApplication._runLoop(Native Method)
	at javafx.graphics/com.sun.glass.ui.win.WinApplication.lambda$runLoop$3(WinApplication.java:184)
	at java.base/java.lang.Thread.run(Thread.java:1583)
Caused by: java.lang.IllegalArgumentException: Action already exists: Jump0
	at com.almasb.fxgl.core@17.2/com.almasb.fxgl.input.Input.addBinding(Input.kt:511)
	at com.almasb.fxgl.core@17.2/com.almasb.fxgl.input.Input.addAction(Input.kt:507)
	at com.almasb.fxgl.core@17.2/com.almasb.fxgl.input.Input.addAction$default(Input.kt:504)
	at com.almasb.fxgl.core@17.2/com.almasb.fxgl.input.Input.addAction(Input.kt)
	at com.sunsofgod/com.sunsofgod.PlatformerApp.bindKeys(PlatformerApp.java:161)
	at com.sunsofgod/com.sunsofgod.PlatformerApp.initGame(PlatformerApp.java:438)
	at com.almasb.fxgl.all@17.2/com.almasb.fxgl.app.FXGLApplication$InitAppTask.initGame(FXGLApplication.kt:339)
	at com.almasb.fxgl.all@17.2/com.almasb.fxgl.app.FXGLApplication$InitAppTask.call(FXGLApplication.kt:319)
	at com.almasb.fxgl.all@17.2/com.almasb.fxgl.app.FXGLApplication$InitAppTask.call(FXGLApplication.kt:311)
	at javafx.graphics/javafx.concurrent.Task$TaskCallable.call(Task.java:1426)
	at java.base/java.util.concurrent.FutureTask.run(FutureTask.java:317)
	at java.base/java.util.concurrent.Executors$RunnableAdapter.call(Executors.java:572)
	at java.base/java.util.concurrent.FutureTask.run(FutureTask.java:317)
	at java.base/java.util.concurrent.ThreadPoolExecutor.runWorker(ThreadPoolExecutor.java:1144)
	at java.base/java.util.concurrent.ThreadPoolExecutor$Worker.run(ThreadPoolExecutor.java:642)
	... 1 more

10:18:09.226 [JavaFX Application Thread] FATAL FXGLApplication      - Application will now exit
10:18:09.230 [JavaFX Application Thread] DEBUG PrimaryStageWindow   - Push state: ErrorSubScene
10:18:09.230 [JavaFX Application Thread] DEBUG Input                - Clearing active input actions
10:18:09.230 [JavaFX Application Thread] DEBUG GameApplicationServi - Removing overlay from MainLoadingScene and adding to ErrorSubScene
10:18:09.231 [JavaFX Application Thread] DEBUG PrimaryStageWindow   - MainLoadingScene -> ErrorSubScene
10:18:11.380 [JavaFX Application Thread] DEBUG FXGLApplication      - Exiting FXGL
10:18:11.380 [JavaFX Application Thread] DEBUG Async                - Shutting down background threads
10:18:11.381 [JavaFX Application Thread] DEBUG PrimaryStageWindow   - Closing main window
10:18:11.390 [JavaFX Application Thread] DEBUG Logger               - Closing Logger
