15:05:35.747 [main                     ] DEBUG Logger               - Configured Logger
15:05:35.761 [main                     ] DEBUG GameApplication      - Logging settings
Title: Untitled
Version: 0.0
Width: 1280
Height: 720
Fullscreen: false
Intro: false
Profiling: false
Single step:false
App Mode: DEVELOPER
Menu Key: ESCAPE
Stage Style: DECORATED
Scene Factory: class com.sunsofgod.PlatformerApp$1

15:05:35.950 [JavaFX Application Thread] DEBUG FXGLApplication      - Initializing FXGL
15:05:35.953 [JavaFX Application Thread] INFO  Engine               - FXGL-17.2 (20.08.2022 16.50) on MAC (J:17.0.2 FX:17.0.12)
15:05:35.953 [JavaFX Application Thread] DEBUG Engine               - JRE Vendor Name: Oracle Corporation
15:05:35.953 [JavaFX Application Thread] DEBUG Engine               - Running on OS: Mac OS X version 15.1
15:05:35.953 [JavaFX Application Thread] DEBUG Engine               - Architecture: aarch64
15:05:35.954 [JavaFX Application Thread] INFO  Engine               - Source code and latest versions at: https://github.com/AlmasB/FXGL
15:05:35.954 [JavaFX Application Thread] INFO  Engine               -       Ask questions and discuss at: https://github.com/AlmasB/FXGL/discussions
15:05:35.954 [JavaFX Application Thread] INFO  Engine               -              Join the FXGL chat at: https://gitter.im/AlmasB/FXGL
15:05:35.992 [JavaFX Application Thread] DEBUG PrimaryStageWindow   - Creating a JavaFX scene
15:05:36.011 [JavaFX Application Thread] DEBUG PrimaryStageWindow   - Target settings size: 1280.0 x 720.0
15:05:36.011 [JavaFX Application Thread] DEBUG PrimaryStageWindow   - Scaled scene size:    1280.0 x 720.0
15:05:36.011 [JavaFX Application Thread] DEBUG PrimaryStageWindow   - Scaled ratio: (1.0, 1.0)
15:05:36.012 [JavaFX Application Thread] DEBUG PrimaryStageWindow   - Set initial scene to FXGLStartupScene
15:05:36.014 [JavaFX Application Thread] DEBUG PrimaryStageWindow   - Opening main window
15:05:36.073 [JavaFX Application Thread] DEBUG PrimaryStageWindow   - Window border size: (0.0, 28.0)
15:05:36.073 [JavaFX Application Thread] DEBUG PrimaryStageWindow   - Scaled size: 1280.0 x 720.0
15:05:36.074 [JavaFX Application Thread] DEBUG PrimaryStageWindow   - Scaled ratio: (1.0, 1.0)
15:05:36.074 [JavaFX Application Thread] DEBUG PrimaryStageWindow   - Scene size: 1280.0 x 720.0
15:05:36.074 [JavaFX Application Thread] DEBUG PrimaryStageWindow   - Stage size: 1280.0 x 748.0
15:05:36.079 [FXGL Background Thread 1 ] DEBUG Engine               - Initializing environment variables
15:05:36.103 [FXGL Background Thread 1 ] DEBUG FXGLAssetLoaderServi - User app class for loading assets: class com.sunsofgod.PlatformerApp
15:05:36.103 [FXGL Background Thread 1 ] DEBUG GameApplicationServi - Applying CSS: fxgl_dark.css
15:05:36.103 [FXGL Background Thread 1 ] DEBUG FXGLAssetLoaderServi - Loading from file system: jar:file:///Users/aaron/.m2/repository/com/github/almasb/fxgl/17.2/fxgl-17.2.jar!/fxglassets/ui/css/fxgl_dark.css
15:05:36.171 [FXGL Background Thread 1 ] DEBUG GameApplicationServi - Initializing application scenes
15:05:36.267 [FXGL Background Thread 1 ] WARN  FXGLAssetLoaderServi - Asset "/assets/textures/player.png" was not found!
15:05:36.267 [FXGL Background Thread 1 ] WARN  FXGLAssetLoaderServi - Failed to load IMAGE
15:05:36.281 [FXGL Background Thread 1 ] DEBUG GameWorld            - Game world initialized
15:05:36.313 [FXGL Background Thread 1 ] DEBUG PhysicsWorld         - Physics world initialized: appHeight=720, physics.ppm=50.0
15:05:36.314 [FXGL Background Thread 1 ] DEBUG PhysicsWorld         - Using strategy: BRUTE_FORCE
15:05:36.316 [FXGL Background Thread 1 ] DEBUG GameScene            - Game scene initialized: 1280x720
15:05:36.564 [FXGL Background Thread 1 ] DEBUG GameApplicationServi - Application scenes initialized
15:05:36.572 [FXGL Background Thread 1 ] DEBUG SystemBundleService  - Loading FXGL system data
15:05:36.574 [FXGL Background Thread 1 ] DEBUG FileSystemAccess     - Reading from: /Users/aaron/JavaFXGame/system/fxgl.bundle
15:05:36.577 [FXGL Background Thread 1 ] DEBUG SystemBundleService  - Bundle FXGL: {}
15:05:36.577 [FXGL Background Thread 1 ] DEBUG UpdaterService       - Checking for updates
15:05:36.588 [FXGL Background Thread 4 ] DEBUG FXGLApplication      - Loading fonts
15:05:36.588 [FXGL Background Thread 1 ] DEBUG FXGLApplication      - Loading default localization
15:05:36.588 [FXGL Background Thread 4 ] DEBUG FXGLAssetLoaderServi - Loading from file system: jar:file:///Users/aaron/.m2/repository/com/github/almasb/fxgl/17.2/fxgl-17.2.jar!/fxglassets/ui/fonts/VarelaRound-Regular.ttf
15:05:36.588 [FXGL Background Thread 1 ] DEBUG FXGLAssetLoaderServi - Loading from file system: jar:file:///Users/aaron/.m2/repository/com/github/almasb/fxgl/17.2/fxgl-17.2.jar!/fxglassets/languages/english.lang
15:05:36.600 [FXGL Background Thread 4 ] DEBUG FXGLAssetLoaderServi - Loading from file system: jar:file:///Users/aaron/.m2/repository/com/github/almasb/fxgl/17.2/fxgl-17.2.jar!/fxglassets/ui/fonts/Abel-Regular.ttf
15:05:36.602 [FXGL Background Thread 1 ] INFO  FXGLApplication      - FXGL initialization took: 0.523 sec
15:05:36.604 [FXGL Background Thread 4 ] DEBUG FXGLAssetLoaderServi - Loading from file system: jar:file:///Users/aaron/.m2/repository/com/github/almasb/fxgl/17.2/fxgl-17.2.jar!/fxglassets/ui/fonts/TerminalLandMono-Regular.otf
15:05:36.605 [JavaFX Application Thread] DEBUG FXGLAssetLoaderServi - Loading from file system: jar:file:///Users/aaron/.m2/repository/com/github/almasb/fxgl/17.2/fxgl-17.2.jar!/fxglassets/textures/fxgl_icon.png
15:05:36.608 [FXGL Background Thread 4 ] DEBUG FXGLAssetLoaderServi - Loading from file system: jar:file:///Users/aaron/.m2/repository/com/github/almasb/fxgl/17.2/fxgl-17.2.jar!/fxglassets/ui/fonts/Courier-Prime.ttf
15:05:36.620 [JavaFX Application Thread] DEBUG FXGLAssetLoaderServi - Loading from file system: jar:file:///Users/aaron/.m2/repository/com/github/almasb/fxgl/17.2/fxgl-17.2.jar!/fxglassets/textures/fxgl_default_cursor.png
15:05:36.625 [JavaFX Application Thread] DEBUG Input                - Registered new binding: Screenshot - CTRL+8
15:05:36.625 [JavaFX Application Thread] DEBUG Input                - Registered new binding: Dev Options - 1
15:05:36.625 [JavaFX Application Thread] DEBUG Input                - Registered new binding: Dev Console - 2
15:05:36.625 [JavaFX Application Thread] DEBUG Input                - Registered new binding: System info dump - CTRL+9
15:05:36.625 [JavaFX Application Thread] DEBUG Input                - Registered new binding: Restart - CTRL+R
15:05:36.625 [JavaFX Application Thread] DEBUG Input                - Registered new binding: Toggle Debug Camera - CTRL+7
15:05:36.626 [JavaFX Application Thread] DEBUG LoopRunner           - Starting loop
15:05:36.632 [JavaFX Application Thread] DEBUG LoopRunner           - Initializing JavaFX AnimationTimerLoop
15:05:36.633 [JavaFX Application Thread] DEBUG Input                - Clearing active input actions
15:05:36.636 [JavaFX Application Thread] DEBUG GameApplicationServi - Removing overlay from FXGLStartupScene and adding to FXGLMainMenuDummyScene
15:05:36.638 [JavaFX Application Thread] DEBUG PrimaryStageWindow   - FXGLStartupScene -> FXGLMainMenuDummyScene
15:05:36.638 [JavaFX Application Thread] DEBUG PrimaryStageWindow   - Push state: RiderMainMenuScene
15:05:36.638 [JavaFX Application Thread] DEBUG Input                - Clearing active input actions
15:05:36.640 [JavaFX Application Thread] DEBUG GameApplicationServi - Removing overlay from FXGLMainMenuDummyScene and adding to RiderMainMenuScene
15:05:36.640 [JavaFX Application Thread] DEBUG PrimaryStageWindow   - FXGLMainMenuDummyScene -> RiderMainMenuScene
15:05:36.709 [JavaFX Application Thread] DEBUG FXGLApplication      - Registering font factories with UI factory
15:05:36.818 [FXGL Background Thread 2 ] INFO  UpdaterService       - Your current version:  17.2
15:05:36.818 [FXGL Background Thread 2 ] INFO  UpdaterService       - Latest stable version: 21.1
15:05:37.741 [JavaFX Application Thread] DEBUG PrimaryStageWindow   - Push state: PlayerSelectScene
15:05:37.741 [JavaFX Application Thread] DEBUG Input                - Clearing active input actions
15:05:37.742 [JavaFX Application Thread] DEBUG GameApplicationServi - Removing overlay from RiderMainMenuScene and adding to PlayerSelectScene
15:05:37.743 [JavaFX Application Thread] DEBUG PrimaryStageWindow   - RiderMainMenuScene -> PlayerSelectScene
15:05:38.787 [JavaFX Application Thread] DEBUG PrimaryStageWindow   - Push state: LevelSelectScene
15:05:38.787 [JavaFX Application Thread] DEBUG Input                - Clearing active input actions
15:05:38.788 [JavaFX Application Thread] DEBUG GameApplicationServi - Removing overlay from PlayerSelectScene and adding to LevelSelectScene
15:05:38.788 [JavaFX Application Thread] DEBUG PrimaryStageWindow   - PlayerSelectScene -> LevelSelectScene
15:05:39.592 [FXGL Background Thread 3 ] DEBUG Engine               - Logging environment variables
15:05:39.592 [FXGL Background Thread 3 ] DEBUG Engine               - achievements: []
15:05:39.593 [FXGL Background Thread 3 ] DEBUG Engine               - actualHeight: 720.0
15:05:39.593 [FXGL Background Thread 3 ] DEBUG Engine               - actualHeightProperty: ReadOnlyDoubleProperty [value: 720.0]
15:05:39.593 [FXGL Background Thread 3 ] DEBUG Engine               - actualWidth: 1280.0
15:05:39.593 [FXGL Background Thread 3 ] DEBUG Engine               - actualWidthProperty: ReadOnlyDoubleProperty [value: 1280.0]
15:05:39.593 [FXGL Background Thread 3 ] DEBUG Engine               - appIcon: fxgl_icon.png
15:05:39.593 [FXGL Background Thread 3 ] DEBUG Engine               - applicationMode: DEVELOPER
15:05:39.593 [FXGL Background Thread 3 ] DEBUG Engine               - cSSList: [fxgl_dark.css]
15:05:39.593 [FXGL Background Thread 3 ] DEBUG Engine               - collisionDetectionStrategy: BRUTE_FORCE
15:05:39.593 [FXGL Background Thread 3 ] DEBUG Engine               - configClass: Optional.empty
15:05:39.593 [FXGL Background Thread 3 ] DEBUG Engine               - credits: []
15:05:39.594 [FXGL Background Thread 3 ] DEBUG Engine               - defaultCursor: CursorInfo(imageName=fxgl_default_cursor.png, hotspotX=7.0, hotspotY=6.0)
15:05:39.595 [FXGL Background Thread 3 ] DEBUG Engine               - devBBoxColorProperty: ObjectProperty [value: 0xff0000ff]
15:05:39.595 [FXGL Background Thread 3 ] DEBUG Engine               - devEnableDebugCameraProperty: BooleanProperty [value: false]
15:05:39.595 [FXGL Background Thread 3 ] DEBUG Engine               - devSensorColorProperty: ObjectProperty [value: 0xffff00ff]
15:05:39.595 [FXGL Background Thread 3 ] DEBUG Engine               - devShowBBoxProperty: BooleanProperty [value: false]
15:05:39.595 [FXGL Background Thread 3 ] DEBUG Engine               - devShowPositionProperty: BooleanProperty [value: false]
15:05:39.595 [FXGL Background Thread 3 ] DEBUG Engine               - enabledMenuItems: []
15:05:39.595 [FXGL Background Thread 3 ] DEBUG Engine               - engineServices: [class com.almasb.fxgl.app.services.FXGLAssetLoaderService, class com.almasb.fxgl.app.FXGLApplication$GameApplicationService, class com.almasb.fxgl.app.services.FXGLDialogService, class com.almasb.fxgl.app.services.IOTaskExecutorService, class com.almasb.fxgl.io.FileSystemService, class com.almasb.fxgl.localization.LocalizationService, class com.almasb.fxgl.app.services.SystemBundleService, class com.almasb.fxgl.profile.SaveLoadService, class com.almasb.fxgl.ui.FXGLUIFactoryServiceProvider, class com.almasb.fxgl.ui.FXGLDialogFactoryServiceProvider, class com.almasb.fxgl.audio.AudioPlayer, class com.almasb.fxgl.notification.impl.NotificationServiceProvider, class com.almasb.fxgl.achievement.AchievementService, class com.almasb.fxgl.cutscene.CutsceneService, class com.almasb.fxgl.minigames.MiniGameService, class com.almasb.fxgl.net.NetService, class com.almasb.fxgl.app.services.UpdaterService, class com.almasb.fxgl.dev.DevService]
15:05:39.595 [FXGL Background Thread 3 ] DEBUG Engine               - fontGame: Abel-Regular.ttf
15:05:39.595 [FXGL Background Thread 3 ] DEBUG Engine               - fontMono: TerminalLandMono-Regular.otf
15:05:39.595 [FXGL Background Thread 3 ] DEBUG Engine               - fontText: Courier-Prime.ttf
15:05:39.596 [FXGL Background Thread 3 ] DEBUG Engine               - fontUI: VarelaRound-Regular.ttf
15:05:39.596 [FXGL Background Thread 3 ] DEBUG Engine               - fullScreen: BooleanProperty [value: false]
15:05:39.596 [FXGL Background Thread 3 ] DEBUG Engine               - gameDifficulty: MEDIUM
15:05:39.596 [FXGL Background Thread 3 ] DEBUG Engine               - gameDifficultyProperty: ObjectProperty [value: MEDIUM]
15:05:39.596 [FXGL Background Thread 3 ] DEBUG Engine               - globalMusicVolume: 0.5
15:05:39.596 [FXGL Background Thread 3 ] DEBUG Engine               - globalMusicVolumeProperty: DoubleProperty [value: 0.25]
15:05:39.597 [FXGL Background Thread 3 ] DEBUG Engine               - globalSoundVolume: 0.5
15:05:39.597 [FXGL Background Thread 3 ] DEBUG Engine               - globalSoundVolumeProperty: DoubleProperty [value: 0.5]
15:05:39.597 [FXGL Background Thread 3 ] DEBUG Engine               - height: 720
15:05:39.597 [FXGL Background Thread 3 ] DEBUG Engine               - is3D: false
15:05:39.597 [FXGL Background Thread 3 ] DEBUG Engine               - isAndroid: false
15:05:39.597 [FXGL Background Thread 3 ] DEBUG Engine               - isBrowser: false
15:05:39.597 [FXGL Background Thread 3 ] DEBUG Engine               - isClickFeedbackEnabled: false
15:05:39.598 [FXGL Background Thread 3 ] DEBUG Engine               - isCloseConfirmation: false
15:05:39.598 [FXGL Background Thread 3 ] DEBUG Engine               - isDesktop: true
15:05:39.598 [FXGL Background Thread 3 ] DEBUG Engine               - isDeveloperMenuEnabled: true
15:05:39.598 [FXGL Background Thread 3 ] DEBUG Engine               - isEmbedded: false
15:05:39.598 [FXGL Background Thread 3 ] DEBUG Engine               - isEntityPreloadEnabled: true
15:05:39.598 [FXGL Background Thread 3 ] DEBUG Engine               - isExperimentalTiledLargeMap: false
15:05:39.598 [FXGL Background Thread 3 ] DEBUG Engine               - isFileSystemWriteAllowed: true
15:05:39.598 [FXGL Background Thread 3 ] DEBUG Engine               - isFullScreenAllowed: false
15:05:39.598 [FXGL Background Thread 3 ] DEBUG Engine               - isFullScreenFromStart: false
15:05:39.598 [FXGL Background Thread 3 ] DEBUG Engine               - isGameMenuEnabled: true
15:05:39.599 [FXGL Background Thread 3 ] DEBUG Engine               - isIOS: false
15:05:39.599 [FXGL Background Thread 3 ] DEBUG Engine               - isIntroEnabled: false
15:05:39.599 [FXGL Background Thread 3 ] DEBUG Engine               - isLinux: false
15:05:39.599 [FXGL Background Thread 3 ] DEBUG Engine               - isMac: true
15:05:39.599 [FXGL Background Thread 3 ] DEBUG Engine               - isMainMenuEnabled: true
15:05:39.599 [FXGL Background Thread 3 ] DEBUG Engine               - isManualResizeEnabled: false
15:05:39.599 [FXGL Background Thread 3 ] DEBUG Engine               - isMobile: false
15:05:39.599 [FXGL Background Thread 3 ] DEBUG Engine               - isNative: false
15:05:39.599 [FXGL Background Thread 3 ] DEBUG Engine               - isPauseMusicWhenMinimized: true
15:05:39.599 [FXGL Background Thread 3 ] DEBUG Engine               - isPreserveResizeRatio: false
15:05:39.599 [FXGL Background Thread 3 ] DEBUG Engine               - isProfilingEnabled: false
15:05:39.599 [FXGL Background Thread 3 ] DEBUG Engine               - isScaleAffectedOnResize: true
15:05:39.599 [FXGL Background Thread 3 ] DEBUG Engine               - isSingleStep: false
15:05:39.600 [FXGL Background Thread 3 ] DEBUG Engine               - isUserProfileEnabled: false
15:05:39.600 [FXGL Background Thread 3 ] DEBUG Engine               - isWindows: false
15:05:39.600 [FXGL Background Thread 3 ] DEBUG Engine               - language: ObjectProperty [value: ENGLISH]
15:05:39.600 [FXGL Background Thread 3 ] DEBUG Engine               - menuKey: ESCAPE
15:05:39.600 [FXGL Background Thread 3 ] DEBUG Engine               - mouseSensitivity: 0.2
15:05:39.600 [FXGL Background Thread 3 ] DEBUG Engine               - notificationViewClass: class com.almasb.fxgl.notification.view.XboxNotificationView
15:05:39.600 [FXGL Background Thread 3 ] DEBUG Engine               - pixelsPerMeter: 50.0
15:05:39.600 [FXGL Background Thread 3 ] DEBUG Engine               - platform: MAC
15:05:39.600 [FXGL Background Thread 3 ] DEBUG Engine               - prefHeightProperty: ReadOnlyDoubleProperty [value: 720.0]
15:05:39.600 [FXGL Background Thread 3 ] DEBUG Engine               - prefWidthProperty: ReadOnlyDoubleProperty [value: 1280.0]
15:05:39.600 [FXGL Background Thread 3 ] DEBUG Engine               - profileDir: profiles/
15:05:39.601 [FXGL Background Thread 3 ] DEBUG Engine               - profileName: StringProperty [value: DEFAULT]
15:05:39.601 [FXGL Background Thread 3 ] DEBUG Engine               - randomSeed: -1
15:05:39.601 [FXGL Background Thread 3 ] DEBUG Engine               - runtimeInfo: RuntimeInfo(platform=MAC, version=17.2, build=20.08.2022 16.50)
15:05:39.601 [FXGL Background Thread 3 ] DEBUG Engine               - saveFileExt: sav
15:05:39.601 [FXGL Background Thread 3 ] DEBUG Engine               - scaledHeightProp$fxgl: DoubleProperty [bound, value: 720.0]
15:05:39.601 [FXGL Background Thread 3 ] DEBUG Engine               - scaledWidthProp$fxgl: DoubleProperty [bound, value: 1280.0]
15:05:39.601 [FXGL Background Thread 3 ] DEBUG Engine               - sceneFactory: com.sunsofgod.PlatformerApp$1@33bebb6c
15:05:39.601 [FXGL Background Thread 3 ] DEBUG Engine               - secondsIn24h: 60
15:05:39.601 [FXGL Background Thread 3 ] DEBUG Engine               - soundMenuBack: menu/back.wav
15:05:39.602 [FXGL Background Thread 3 ] DEBUG Engine               - soundMenuPress: menu/press.wav
15:05:39.602 [FXGL Background Thread 3 ] DEBUG Engine               - soundMenuSelect: menu/select.wav
15:05:39.602 [FXGL Background Thread 3 ] DEBUG Engine               - soundNotification: core/notification.wav
15:05:39.602 [FXGL Background Thread 3 ] DEBUG Engine               - stageStyle: DECORATED
15:05:39.602 [FXGL Background Thread 3 ] DEBUG Engine               - supportedLanguages: [ENGLISH, FRENCH, GERMAN, HUNGARIAN, RUSSIAN]
15:05:39.602 [FXGL Background Thread 3 ] DEBUG Engine               - ticksPerSecond: -1
15:05:39.603 [FXGL Background Thread 3 ] DEBUG Engine               - title: Untitled
15:05:39.603 [FXGL Background Thread 3 ] DEBUG Engine               - urlGithub: https://github.com/AlmasB/FXGL
15:05:39.604 [FXGL Background Thread 3 ] DEBUG Engine               - urlLeaderboard: http://fxgl-top.herokuapp.com/
15:05:39.604 [FXGL Background Thread 3 ] DEBUG Engine               - urlPOM: https://raw.githubusercontent.com/AlmasB/FXGL/release/README.md
15:05:39.604 [FXGL Background Thread 3 ] DEBUG Engine               - userAppClass: class com.sunsofgod.PlatformerApp
15:05:39.604 [FXGL Background Thread 3 ] DEBUG Engine               - version: 0.0
15:05:39.604 [FXGL Background Thread 3 ] DEBUG Engine               - versionCheckDays: 7
15:05:39.604 [FXGL Background Thread 3 ] DEBUG Engine               - width: 1280
15:05:39.604 [FXGL Background Thread 3 ] DEBUG Engine               - Logging services
15:05:39.604 [FXGL Background Thread 3 ] DEBUG Engine               - class com.almasb.fxgl.app.services.FXGLAssetLoaderService
15:05:39.604 [FXGL Background Thread 3 ] DEBUG Engine               - class com.almasb.fxgl.app.FXGLApplication$GameApplicationService
15:05:39.604 [FXGL Background Thread 3 ] DEBUG Engine               - class com.almasb.fxgl.app.services.FXGLDialogService
15:05:39.604 [FXGL Background Thread 3 ] DEBUG Engine               - class com.almasb.fxgl.app.services.IOTaskExecutorService
15:05:39.605 [FXGL Background Thread 3 ] DEBUG Engine               - class com.almasb.fxgl.io.FileSystemService
15:05:39.605 [FXGL Background Thread 3 ] DEBUG Engine               - class com.almasb.fxgl.localization.LocalizationService
15:05:39.605 [FXGL Background Thread 3 ] DEBUG Engine               - class com.almasb.fxgl.app.services.SystemBundleService
15:05:39.605 [FXGL Background Thread 3 ] DEBUG Engine               - class com.almasb.fxgl.profile.SaveLoadService
15:05:39.605 [FXGL Background Thread 3 ] DEBUG Engine               - class com.almasb.fxgl.ui.FXGLUIFactoryServiceProvider
15:05:39.605 [FXGL Background Thread 3 ] DEBUG Engine               - class com.almasb.fxgl.ui.FXGLDialogFactoryServiceProvider
15:05:39.605 [FXGL Background Thread 3 ] DEBUG Engine               - class com.almasb.fxgl.audio.AudioPlayer
15:05:39.605 [FXGL Background Thread 3 ] DEBUG Engine               - class com.almasb.fxgl.notification.impl.NotificationServiceProvider
15:05:39.605 [FXGL Background Thread 3 ] DEBUG Engine               - class com.almasb.fxgl.achievement.AchievementService
15:05:39.605 [FXGL Background Thread 3 ] DEBUG Engine               - class com.almasb.fxgl.cutscene.CutsceneService
15:05:39.605 [FXGL Background Thread 3 ] DEBUG Engine               - class com.almasb.fxgl.minigames.MiniGameService
15:05:39.605 [FXGL Background Thread 3 ] DEBUG Engine               - class com.almasb.fxgl.net.NetService
15:05:39.605 [FXGL Background Thread 3 ] DEBUG Engine               - class com.almasb.fxgl.app.services.UpdaterService
15:05:39.606 [FXGL Background Thread 3 ] DEBUG Engine               - class com.almasb.fxgl.dev.DevService
15:05:39.673 [JavaFX Application Thread] DEBUG Menu                 - fireNewGame()
15:05:39.674 [JavaFX Application Thread] DEBUG GameApplicationServi - Starting new game
15:05:39.674 [JavaFX Application Thread] DEBUG PrimaryStageWindow   - Pop state: LevelSelectScene
15:05:39.674 [JavaFX Application Thread] DEBUG Input                - Clearing active input actions
15:05:39.675 [JavaFX Application Thread] DEBUG GameApplicationServi - Removing overlay from LevelSelectScene and adding to PlayerSelectScene
15:05:39.676 [JavaFX Application Thread] DEBUG PrimaryStageWindow   - PlayerSelectScene <- LevelSelectScene
15:05:39.676 [JavaFX Application Thread] DEBUG PrimaryStageWindow   - Pop state: PlayerSelectScene
15:05:39.676 [JavaFX Application Thread] DEBUG Input                - Clearing active input actions
15:05:39.676 [JavaFX Application Thread] DEBUG GameApplicationServi - Removing overlay from PlayerSelectScene and adding to RiderMainMenuScene
15:05:39.676 [JavaFX Application Thread] DEBUG PrimaryStageWindow   - RiderMainMenuScene <- PlayerSelectScene
15:05:39.676 [JavaFX Application Thread] DEBUG PrimaryStageWindow   - Pop state: RiderMainMenuScene
15:05:39.676 [JavaFX Application Thread] DEBUG Input                - Clearing active input actions
15:05:39.676 [JavaFX Application Thread] DEBUG GameApplicationServi - Removing overlay from RiderMainMenuScene and adding to FXGLMainMenuDummyScene
15:05:39.677 [JavaFX Application Thread] DEBUG PrimaryStageWindow   - FXGLMainMenuDummyScene <- RiderMainMenuScene
15:05:39.677 [JavaFX Application Thread] DEBUG Input                - Clearing active input actions
15:05:39.680 [JavaFX Application Thread] DEBUG GameApplicationServi - Removing overlay from FXGLMainMenuDummyScene and adding to MainLoadingScene
15:05:39.680 [JavaFX Application Thread] DEBUG PrimaryStageWindow   - FXGLMainMenuDummyScene -> MainLoadingScene
15:05:39.680 [JavaFX Application Thread] DEBUG GameApplicationServi - Clearing previous game
15:05:39.680 [JavaFX Application Thread] DEBUG GameScene            - Clearing game scene
15:05:39.680 [JavaFX Application Thread] DEBUG GameWorld            - Clearing game world
15:05:39.680 [JavaFX Application Thread] DEBUG PhysicsWorld         - Clearing physics world
15:05:39.681 [FXGL Background Thread 2 ] DEBUG FXGLApplication      - Initializing game
15:05:39.704 [FXGL Background Thread 2 ] WARN  TMXLevelLoader       - TiledMap generated from 1.11.0. Supported version: 1.9.0. Some features may not be parsed fully.
15:05:39.710 [FXGL Background Thread 2 ] DEBUG TMXLevelLoader       - Parsed TiledMap: file:/Users/aaron/JavaFXGame/target/classes/assets/levels/tmx/level1.tmx
15:05:39.711 [FXGL Background Thread 2 ] DEBUG TMXLevelLoader       - Creating tile layer entities
15:05:39.713 [FXGL Background Thread 2 ] DEBUG TilesetLoader        - Loading view for layer Tile Layer 1
15:05:39.716 [FXGL Background Thread 2 ] DEBUG TilesetLoader        - Created buffer with size 2450.0x700.0
15:05:39.724 [FXGL Background Thread 2 ] DEBUG TMXLevelLoader       - Creating object layer entities
15:05:39.740 [FXGL Background Thread 2 ] DEBUG FXGLAssetLoaderServi - Loading from file system: file:/Users/aaron/JavaFXGame/target/classes/assets/textures/button.png
15:05:39.754 [FXGL Background Thread 2 ] DEBUG GameWorld            - Clearing removable entities
15:05:39.755 [FXGL Background Thread 2 ] DEBUG GameWorld            - Setting level: com.almasb.fxgl.entity.level.Level@4fd1040d
15:05:39.760 [FXGL Background Thread 2 ] DEBUG FXGLAssetLoaderServi - Loading from file system: file:/Users/aaron/JavaFXGame/target/classes/assets/textures/player1.png
15:05:39.765 [FXGL Background Thread 2 ] DEBUG Input                - Clearing active input actions
15:05:39.765 [FXGL Background Thread 2 ] DEBUG Input                - Registered new binding: Jump0 - W
15:05:39.766 [FXGL Background Thread 2 ] DEBUG Input                - Registered new binding: Left0 - A
15:05:39.766 [FXGL Background Thread 2 ] DEBUG Input                - Registered new binding: Right0 - D
15:05:39.766 [FXGL Background Thread 2 ] DEBUG Input                - Registered new binding: Use0 - E
15:05:39.767 [FXGL Background Thread 2 ] DEBUG FXGLAssetLoaderServi - Loading from file system: file:/Users/aaron/JavaFXGame/target/classes/assets/textures/background/manila.png
15:05:39.781 [FXGL Background Thread 2 ] INFO  FXGLApplication      - Game initialization took: 0.100 sec
15:05:39.782 [JavaFX Application Thread] DEBUG Input                - Clearing active input actions
15:05:39.785 [JavaFX Application Thread] DEBUG GameApplicationServi - Removing overlay from MainLoadingScene and adding to GameScene
15:05:39.786 [JavaFX Application Thread] DEBUG PrimaryStageWindow   - MainLoadingScene -> GameScene
15:05:40.249 [JavaFX Application Thread] DEBUG FXGLAssetLoaderServi - Loading from file system: file:/Users/aaron/JavaFXGame/target/classes/assets/sounds/jump.wav
15:05:41.293 [JavaFX Application Thread] DEBUG PrimaryStageWindow   - Push state: LevelCompletionScene
15:05:41.293 [JavaFX Application Thread] DEBUG Input                - Clearing active input actions
15:05:41.294 [JavaFX Application Thread] DEBUG GameApplicationServi - Removing overlay from GameScene and adding to LevelCompletionScene
15:05:41.294 [JavaFX Application Thread] DEBUG PrimaryStageWindow   - GameScene -> LevelCompletionScene
15:05:41.296 [JavaFX Application Thread] WARN  TMXLevelLoader       - TiledMap generated from 1.11.0. Supported version: 1.9.0. Some features may not be parsed fully.
15:05:41.306 [JavaFX Application Thread] DEBUG TMXLevelLoader       - Parsed TiledMap: file:/Users/aaron/JavaFXGame/target/classes/assets/levels/tmx/level2.tmx
15:05:41.306 [JavaFX Application Thread] DEBUG TMXLevelLoader       - Creating tile layer entities
15:05:41.306 [JavaFX Application Thread] DEBUG TilesetLoader        - Loading view for layer BG
15:05:41.308 [JavaFX Application Thread] DEBUG TilesetLoader        - Created buffer with size 4200.0x700.0
15:05:41.318 [JavaFX Application Thread] DEBUG TilesetLoader        - Loading view for layer Tile Layer 1
15:05:41.322 [JavaFX Application Thread] DEBUG TilesetLoader        - Created buffer with size 4200.0x700.0
15:05:41.324 [JavaFX Application Thread] DEBUG TMXLevelLoader       - Creating object layer entities
15:05:41.334 [JavaFX Application Thread] DEBUG GameWorld            - Clearing removable entities
15:05:41.336 [JavaFX Application Thread] DEBUG GameWorld            - Setting level: com.almasb.fxgl.entity.level.Level@2118a3ef
15:06:14.509 [JavaFX Application Thread] DEBUG FXGLApplication      - Exiting FXGL
15:06:14.510 [JavaFX Application Thread] DEBUG LoopRunner           - Stopping loop
15:06:14.510 [JavaFX Application Thread] DEBUG SystemBundleService  - Saving FXGL system data
15:06:14.521 [JavaFX Application Thread] DEBUG FileSystemAccess     - Writing to: /Users/aaron/JavaFXGame/system/fxgl.bundle
15:06:14.523 [JavaFX Application Thread] DEBUG Async                - Shutting down background threads
15:06:14.523 [JavaFX Application Thread] DEBUG PrimaryStageWindow   - Closing main window
15:06:14.532 [JavaFX Application Thread] DEBUG Logger               - Closing Logger
