18:26:34.701 [main                     ] DEBUG Logger               - Configured Logger
18:26:34.713 [main                     ] DEBUG GameApplication      - Logging settings
Title: Untitled
Version: 0.0
Width: 1280
Height: 720
Fullscreen: false
Intro: false
Profiling: false
Single step:false
App Mode: DEVELOPER
Menu Key: ESCAPE
Stage Style: DECORATED
Scene Factory: class com.sunsofgod.PlatformerApp$1

18:26:34.916 [JavaFX Application Thread] DEBUG FXGLApplication      - Initializing FXGL
18:26:34.919 [JavaFX Application Thread] INFO  Engine               - FXGL-17.2 (20.08.2022 16.50) on WINDOWS (J:21.0.4 FX:17.0.12)
18:26:34.919 [JavaFX Application Thread] DEBUG Engine               - JRE Vendor Name: Eclipse Adoptium
18:26:34.920 [JavaFX Application Thread] DEBUG Engine               - Running on OS: Windows 11 version 10.0
18:26:34.920 [JavaFX Application Thread] DEBUG Engine               - Architecture: amd64
18:26:34.920 [JavaFX Application Thread] INFO  Engine               - Source code and latest versions at: https://github.com/AlmasB/FXGL
18:26:34.920 [JavaFX Application Thread] INFO  Engine               -       Ask questions and discuss at: https://github.com/AlmasB/FXGL/discussions
18:26:34.920 [JavaFX Application Thread] INFO  Engine               -              Join the FXGL chat at: https://gitter.im/AlmasB/FXGL
18:26:34.983 [JavaFX Application Thread] DEBUG PrimaryStageWindow   - Creating a JavaFX scene
18:26:35.014 [JavaFX Application Thread] DEBUG PrimaryStageWindow   - Target settings size: 1280.0 x 720.0
18:26:35.014 [JavaFX Application Thread] DEBUG PrimaryStageWindow   - Scaled scene size:    1280.0 x 720.0
18:26:35.015 [JavaFX Application Thread] DEBUG PrimaryStageWindow   - Scaled ratio: (1.0, 1.0)
18:26:35.015 [JavaFX Application Thread] DEBUG PrimaryStageWindow   - Set initial scene to FXGLStartupScene
18:26:35.019 [JavaFX Application Thread] DEBUG PrimaryStageWindow   - Opening main window
18:26:35.087 [JavaFX Application Thread] DEBUG PrimaryStageWindow   - Window border size: (14.4000244140625, 37.5999755859375)
18:26:35.087 [JavaFX Application Thread] DEBUG PrimaryStageWindow   - Scaled size: 1280.0 x 720.0
18:26:35.087 [JavaFX Application Thread] DEBUG PrimaryStageWindow   - Scaled ratio: (1.0, 1.0)
18:26:35.087 [JavaFX Application Thread] DEBUG PrimaryStageWindow   - Scene size: 1280.0 x 720.0
18:26:35.088 [JavaFX Application Thread] DEBUG PrimaryStageWindow   - Stage size: 1294.4000244140625 x 757.5999755859375
18:26:35.093 [FXGL Background Thread 1 ] DEBUG Engine               - Initializing environment variables
18:26:35.125 [FXGL Background Thread 1 ] DEBUG FXGLAssetLoaderServi - User app class for loading assets: class com.sunsofgod.PlatformerApp
18:26:35.125 [FXGL Background Thread 1 ] DEBUG GameApplicationServi - Applying CSS: fxgl_dark.css
18:26:35.126 [FXGL Background Thread 1 ] DEBUG FXGLAssetLoaderServi - Loading from file system: jar:file:///C:/Users/jamie/.m2/repository/com/github/almasb/fxgl/17.2/fxgl-17.2.jar!/fxglassets/ui/css/fxgl_dark.css
18:26:35.158 [FXGL Background Thread 1 ] DEBUG GameApplicationServi - Initializing application scenes
18:26:35.191 [FXGL Background Thread 1 ] WARN  FXGLAssetLoaderServi - Asset "/assets/textures/player.png" was not found!
18:26:35.191 [FXGL Background Thread 1 ] WARN  FXGLAssetLoaderServi - Failed to load IMAGE
18:26:35.221 [FXGL Background Thread 1 ] DEBUG GameWorld            - Game world initialized
18:26:35.253 [FXGL Background Thread 1 ] DEBUG PhysicsWorld         - Physics world initialized: appHeight=720, physics.ppm=50.0
18:26:35.253 [FXGL Background Thread 1 ] DEBUG PhysicsWorld         - Using strategy: BRUTE_FORCE
18:26:35.256 [FXGL Background Thread 1 ] DEBUG GameScene            - Game scene initialized: 1280x720
18:26:35.938 [FXGL Background Thread 1 ] DEBUG GameApplicationServi - Application scenes initialized
18:26:35.949 [FXGL Background Thread 1 ] DEBUG SystemBundleService  - Loading FXGL system data
18:26:35.952 [FXGL Background Thread 1 ] DEBUG FileSystemAccess     - Reading from: C:\Users\jamie\OneDrive\Pictures\JavaFXGame\system\fxgl.bundle
18:26:35.959 [FXGL Background Thread 1 ] DEBUG SystemBundleService  - Bundle FXGL: {}
18:26:35.959 [FXGL Background Thread 1 ] DEBUG UpdaterService       - Checking for updates
18:26:35.975 [FXGL Background Thread 4 ] DEBUG FXGLApplication      - Loading fonts
18:26:35.976 [FXGL Background Thread 4 ] DEBUG FXGLAssetLoaderServi - Loading from file system: jar:file:///C:/Users/jamie/.m2/repository/com/github/almasb/fxgl/17.2/fxgl-17.2.jar!/fxglassets/ui/fonts/VarelaRound-Regular.ttf
18:26:35.976 [FXGL Background Thread 1 ] DEBUG FXGLApplication      - Loading default localization
18:26:35.976 [FXGL Background Thread 1 ] DEBUG FXGLAssetLoaderServi - Loading from file system: jar:file:///C:/Users/jamie/.m2/repository/com/github/almasb/fxgl/17.2/fxgl-17.2.jar!/fxglassets/languages/english.lang
18:26:35.987 [FXGL Background Thread 1 ] INFO  FXGLApplication      - FXGL initialization took: 0.894 sec
18:26:35.988 [JavaFX Application Thread] DEBUG FXGLAssetLoaderServi - Loading from file system: jar:file:///C:/Users/jamie/.m2/repository/com/github/almasb/fxgl/17.2/fxgl-17.2.jar!/fxglassets/textures/fxgl_icon.png
18:26:35.998 [JavaFX Application Thread] DEBUG FXGLAssetLoaderServi - Loading from file system: jar:file:///C:/Users/jamie/.m2/repository/com/github/almasb/fxgl/17.2/fxgl-17.2.jar!/fxglassets/textures/fxgl_default_cursor.png
18:26:35.999 [FXGL Background Thread 4 ] DEBUG FXGLAssetLoaderServi - Loading from file system: jar:file:///C:/Users/jamie/.m2/repository/com/github/almasb/fxgl/17.2/fxgl-17.2.jar!/fxglassets/ui/fonts/Abel-Regular.ttf
18:26:36.003 [FXGL Background Thread 4 ] DEBUG FXGLAssetLoaderServi - Loading from file system: jar:file:///C:/Users/jamie/.m2/repository/com/github/almasb/fxgl/17.2/fxgl-17.2.jar!/fxglassets/ui/fonts/TerminalLandMono-Regular.otf
18:26:36.006 [JavaFX Application Thread] DEBUG Input                - Registered new binding: Screenshot - CTRL+8
18:26:36.006 [FXGL Background Thread 4 ] DEBUG FXGLAssetLoaderServi - Loading from file system: jar:file:///C:/Users/jamie/.m2/repository/com/github/almasb/fxgl/17.2/fxgl-17.2.jar!/fxglassets/ui/fonts/Courier-Prime.ttf
18:26:36.006 [JavaFX Application Thread] DEBUG Input                - Registered new binding: Dev Options - 1
18:26:36.006 [JavaFX Application Thread] DEBUG Input                - Registered new binding: Dev Console - 2
18:26:36.006 [JavaFX Application Thread] DEBUG Input                - Registered new binding: System info dump - CTRL+9
18:26:36.006 [JavaFX Application Thread] DEBUG Input                - Registered new binding: Restart - CTRL+R
18:26:36.007 [JavaFX Application Thread] DEBUG Input                - Registered new binding: Toggle Debug Camera - CTRL+7
18:26:36.009 [JavaFX Application Thread] DEBUG LoopRunner           - Starting loop
18:26:36.019 [JavaFX Application Thread] DEBUG LoopRunner           - Initializing JavaFX AnimationTimerLoop
18:26:36.021 [JavaFX Application Thread] DEBUG Input                - Clearing active input actions
18:26:36.026 [JavaFX Application Thread] DEBUG GameApplicationServi - Removing overlay from FXGLStartupScene and adding to FXGLMainMenuDummyScene
18:26:36.029 [JavaFX Application Thread] DEBUG PrimaryStageWindow   - FXGLStartupScene -> FXGLMainMenuDummyScene
18:26:36.029 [JavaFX Application Thread] DEBUG PrimaryStageWindow   - Push state: RiderMainMenuScene
18:26:36.030 [JavaFX Application Thread] DEBUG Input                - Clearing active input actions
18:26:36.034 [JavaFX Application Thread] DEBUG GameApplicationServi - Removing overlay from FXGLMainMenuDummyScene and adding to RiderMainMenuScene
18:26:36.034 [JavaFX Application Thread] DEBUG PrimaryStageWindow   - FXGLMainMenuDummyScene -> RiderMainMenuScene
18:26:36.151 [JavaFX Application Thread] DEBUG FXGLApplication      - Registering font factories with UI factory
18:26:36.416 [FXGL Background Thread 2 ] INFO  UpdaterService       - Your current version:  17.2
18:26:36.416 [FXGL Background Thread 2 ] INFO  UpdaterService       - Latest stable version: 21.1
18:26:37.269 [JavaFX Application Thread] DEBUG PrimaryStageWindow   - Push state: PlayerSelectScene
18:26:37.269 [JavaFX Application Thread] DEBUG Input                - Clearing active input actions
18:26:37.269 [JavaFX Application Thread] DEBUG GameApplicationServi - Removing overlay from RiderMainMenuScene and adding to PlayerSelectScene
18:26:37.271 [JavaFX Application Thread] DEBUG PrimaryStageWindow   - RiderMainMenuScene -> PlayerSelectScene
18:26:38.549 [JavaFX Application Thread] DEBUG PrimaryStageWindow   - Push state: LevelSelectScene
18:26:38.549 [JavaFX Application Thread] DEBUG Input                - Clearing active input actions
18:26:38.551 [JavaFX Application Thread] DEBUG GameApplicationServi - Removing overlay from PlayerSelectScene and adding to LevelSelectScene
18:26:38.552 [JavaFX Application Thread] DEBUG PrimaryStageWindow   - PlayerSelectScene -> LevelSelectScene
18:26:38.975 [FXGL Background Thread 3 ] DEBUG Engine               - Logging environment variables
18:26:38.975 [FXGL Background Thread 3 ] DEBUG Engine               - achievements: []
18:26:38.976 [FXGL Background Thread 3 ] DEBUG Engine               - actualHeight: 720.0
18:26:38.976 [FXGL Background Thread 3 ] DEBUG Engine               - actualHeightProperty: ReadOnlyDoubleProperty [value: 720.0]
18:26:38.976 [FXGL Background Thread 3 ] DEBUG Engine               - actualWidth: 1280.0
18:26:38.976 [FXGL Background Thread 3 ] DEBUG Engine               - actualWidthProperty: ReadOnlyDoubleProperty [value: 1280.0]
18:26:38.976 [FXGL Background Thread 3 ] DEBUG Engine               - appIcon: fxgl_icon.png
18:26:38.976 [FXGL Background Thread 3 ] DEBUG Engine               - applicationMode: DEVELOPER
18:26:38.976 [FXGL Background Thread 3 ] DEBUG Engine               - cSSList: [fxgl_dark.css]
18:26:38.976 [FXGL Background Thread 3 ] DEBUG Engine               - collisionDetectionStrategy: BRUTE_FORCE
18:26:38.976 [FXGL Background Thread 3 ] DEBUG Engine               - configClass: Optional.empty
18:26:38.976 [FXGL Background Thread 3 ] DEBUG Engine               - credits: []
18:26:38.977 [FXGL Background Thread 3 ] DEBUG Engine               - defaultCursor: CursorInfo(imageName=fxgl_default_cursor.png, hotspotX=7.0, hotspotY=6.0)
18:26:38.978 [FXGL Background Thread 3 ] DEBUG Engine               - devBBoxColorProperty: ObjectProperty [value: 0xff0000ff]
18:26:38.978 [FXGL Background Thread 3 ] DEBUG Engine               - devEnableDebugCameraProperty: BooleanProperty [value: false]
18:26:38.978 [FXGL Background Thread 3 ] DEBUG Engine               - devSensorColorProperty: ObjectProperty [value: 0xffff00ff]
18:26:38.978 [FXGL Background Thread 3 ] DEBUG Engine               - devShowBBoxProperty: BooleanProperty [value: false]
18:26:38.978 [FXGL Background Thread 3 ] DEBUG Engine               - devShowPositionProperty: BooleanProperty [value: false]
18:26:38.978 [FXGL Background Thread 3 ] DEBUG Engine               - enabledMenuItems: []
18:26:38.978 [FXGL Background Thread 3 ] DEBUG Engine               - engineServices: [class com.almasb.fxgl.app.services.FXGLAssetLoaderService, class com.almasb.fxgl.app.FXGLApplication$GameApplicationService, class com.almasb.fxgl.app.services.FXGLDialogService, class com.almasb.fxgl.app.services.IOTaskExecutorService, class com.almasb.fxgl.io.FileSystemService, class com.almasb.fxgl.localization.LocalizationService, class com.almasb.fxgl.app.services.SystemBundleService, class com.almasb.fxgl.profile.SaveLoadService, class com.almasb.fxgl.ui.FXGLUIFactoryServiceProvider, class com.almasb.fxgl.ui.FXGLDialogFactoryServiceProvider, class com.almasb.fxgl.audio.AudioPlayer, class com.almasb.fxgl.notification.impl.NotificationServiceProvider, class com.almasb.fxgl.achievement.AchievementService, class com.almasb.fxgl.cutscene.CutsceneService, class com.almasb.fxgl.minigames.MiniGameService, class com.almasb.fxgl.net.NetService, class com.almasb.fxgl.app.services.UpdaterService, class com.almasb.fxgl.dev.DevService]
18:26:38.978 [FXGL Background Thread 3 ] DEBUG Engine               - fontGame: Abel-Regular.ttf
18:26:38.978 [FXGL Background Thread 3 ] DEBUG Engine               - fontMono: TerminalLandMono-Regular.otf
18:26:38.978 [FXGL Background Thread 3 ] DEBUG Engine               - fontText: Courier-Prime.ttf
18:26:38.978 [FXGL Background Thread 3 ] DEBUG Engine               - fontUI: VarelaRound-Regular.ttf
18:26:38.978 [FXGL Background Thread 3 ] DEBUG Engine               - fullScreen: BooleanProperty [value: false]
18:26:38.978 [FXGL Background Thread 3 ] DEBUG Engine               - gameDifficulty: MEDIUM
18:26:38.978 [FXGL Background Thread 3 ] DEBUG Engine               - gameDifficultyProperty: ObjectProperty [value: MEDIUM]
18:26:38.978 [FXGL Background Thread 3 ] DEBUG Engine               - globalMusicVolume: 0.5
18:26:38.979 [FXGL Background Thread 3 ] DEBUG Engine               - globalMusicVolumeProperty: DoubleProperty [value: 0.25]
18:26:38.979 [FXGL Background Thread 3 ] DEBUG Engine               - globalSoundVolume: 0.5
18:26:38.979 [FXGL Background Thread 3 ] DEBUG Engine               - globalSoundVolumeProperty: DoubleProperty [value: 0.5]
18:26:38.979 [FXGL Background Thread 3 ] DEBUG Engine               - height: 720
18:26:38.979 [FXGL Background Thread 3 ] DEBUG Engine               - is3D: false
18:26:38.979 [FXGL Background Thread 3 ] DEBUG Engine               - isAndroid: false
18:26:38.979 [FXGL Background Thread 3 ] DEBUG Engine               - isBrowser: false
18:26:38.979 [FXGL Background Thread 3 ] DEBUG Engine               - isClickFeedbackEnabled: false
18:26:38.979 [FXGL Background Thread 3 ] DEBUG Engine               - isCloseConfirmation: false
18:26:38.979 [FXGL Background Thread 3 ] DEBUG Engine               - isDesktop: true
18:26:38.979 [FXGL Background Thread 3 ] DEBUG Engine               - isDeveloperMenuEnabled: true
18:26:38.979 [FXGL Background Thread 3 ] DEBUG Engine               - isEmbedded: false
18:26:38.979 [FXGL Background Thread 3 ] DEBUG Engine               - isEntityPreloadEnabled: true
18:26:38.979 [FXGL Background Thread 3 ] DEBUG Engine               - isExperimentalTiledLargeMap: false
18:26:38.979 [FXGL Background Thread 3 ] DEBUG Engine               - isFileSystemWriteAllowed: true
18:26:38.979 [FXGL Background Thread 3 ] DEBUG Engine               - isFullScreenAllowed: false
18:26:38.979 [FXGL Background Thread 3 ] DEBUG Engine               - isFullScreenFromStart: false
18:26:38.979 [FXGL Background Thread 3 ] DEBUG Engine               - isGameMenuEnabled: true
18:26:38.979 [FXGL Background Thread 3 ] DEBUG Engine               - isIOS: false
18:26:38.979 [FXGL Background Thread 3 ] DEBUG Engine               - isIntroEnabled: false
18:26:38.979 [FXGL Background Thread 3 ] DEBUG Engine               - isLinux: false
18:26:38.979 [FXGL Background Thread 3 ] DEBUG Engine               - isMac: false
18:26:38.979 [FXGL Background Thread 3 ] DEBUG Engine               - isMainMenuEnabled: true
18:26:38.979 [FXGL Background Thread 3 ] DEBUG Engine               - isManualResizeEnabled: false
18:26:38.979 [FXGL Background Thread 3 ] DEBUG Engine               - isMobile: false
18:26:38.980 [FXGL Background Thread 3 ] DEBUG Engine               - isNative: false
18:26:38.980 [FXGL Background Thread 3 ] DEBUG Engine               - isPauseMusicWhenMinimized: true
18:26:38.980 [FXGL Background Thread 3 ] DEBUG Engine               - isPreserveResizeRatio: false
18:26:38.980 [FXGL Background Thread 3 ] DEBUG Engine               - isProfilingEnabled: false
18:26:38.980 [FXGL Background Thread 3 ] DEBUG Engine               - isScaleAffectedOnResize: true
18:26:38.980 [FXGL Background Thread 3 ] DEBUG Engine               - isSingleStep: false
18:26:38.980 [FXGL Background Thread 3 ] DEBUG Engine               - isUserProfileEnabled: false
18:26:38.980 [FXGL Background Thread 3 ] DEBUG Engine               - isWindows: true
18:26:38.980 [FXGL Background Thread 3 ] DEBUG Engine               - language: ObjectProperty [value: ENGLISH]
18:26:38.980 [FXGL Background Thread 3 ] DEBUG Engine               - menuKey: ESCAPE
18:26:38.980 [FXGL Background Thread 3 ] DEBUG Engine               - mouseSensitivity: 0.2
18:26:38.980 [FXGL Background Thread 3 ] DEBUG Engine               - notificationViewClass: class com.almasb.fxgl.notification.view.XboxNotificationView
18:26:38.980 [FXGL Background Thread 3 ] DEBUG Engine               - pixelsPerMeter: 50.0
18:26:38.980 [FXGL Background Thread 3 ] DEBUG Engine               - platform: WINDOWS
18:26:38.980 [FXGL Background Thread 3 ] DEBUG Engine               - prefHeightProperty: ReadOnlyDoubleProperty [value: 720.0]
18:26:38.980 [FXGL Background Thread 3 ] DEBUG Engine               - prefWidthProperty: ReadOnlyDoubleProperty [value: 1280.0]
18:26:38.980 [FXGL Background Thread 3 ] DEBUG Engine               - profileDir: profiles/
18:26:38.980 [FXGL Background Thread 3 ] DEBUG Engine               - profileName: StringProperty [value: DEFAULT]
18:26:38.980 [FXGL Background Thread 3 ] DEBUG Engine               - randomSeed: -1
18:26:38.982 [FXGL Background Thread 3 ] DEBUG Engine               - runtimeInfo: RuntimeInfo(platform=WINDOWS, version=17.2, build=20.08.2022 16.50)
18:26:38.982 [FXGL Background Thread 3 ] DEBUG Engine               - saveFileExt: sav
18:26:38.982 [FXGL Background Thread 3 ] DEBUG Engine               - scaledHeightProp$fxgl: DoubleProperty [bound, value: 720.0]
18:26:38.982 [FXGL Background Thread 3 ] DEBUG Engine               - scaledWidthProp$fxgl: DoubleProperty [bound, value: 1280.0]
18:26:38.982 [FXGL Background Thread 3 ] DEBUG Engine               - sceneFactory: com.sunsofgod.PlatformerApp$1@3b0adb39
18:26:38.982 [FXGL Background Thread 3 ] DEBUG Engine               - secondsIn24h: 60
18:26:38.982 [FXGL Background Thread 3 ] DEBUG Engine               - soundMenuBack: menu/back.wav
18:26:38.982 [FXGL Background Thread 3 ] DEBUG Engine               - soundMenuPress: menu/press.wav
18:26:38.982 [FXGL Background Thread 3 ] DEBUG Engine               - soundMenuSelect: menu/select.wav
18:26:38.982 [FXGL Background Thread 3 ] DEBUG Engine               - soundNotification: core/notification.wav
18:26:38.982 [FXGL Background Thread 3 ] DEBUG Engine               - stageStyle: DECORATED
18:26:38.982 [FXGL Background Thread 3 ] DEBUG Engine               - supportedLanguages: [ENGLISH, FRENCH, GERMAN, HUNGARIAN, RUSSIAN]
18:26:38.982 [FXGL Background Thread 3 ] DEBUG Engine               - ticksPerSecond: -1
18:26:38.982 [FXGL Background Thread 3 ] DEBUG Engine               - title: Untitled
18:26:38.982 [FXGL Background Thread 3 ] DEBUG Engine               - urlGithub: https://github.com/AlmasB/FXGL
18:26:38.982 [FXGL Background Thread 3 ] DEBUG Engine               - urlLeaderboard: http://fxgl-top.herokuapp.com/
18:26:38.982 [FXGL Background Thread 3 ] DEBUG Engine               - urlPOM: https://raw.githubusercontent.com/AlmasB/FXGL/release/README.md
18:26:38.982 [FXGL Background Thread 3 ] DEBUG Engine               - userAppClass: class com.sunsofgod.PlatformerApp
18:26:38.982 [FXGL Background Thread 3 ] DEBUG Engine               - version: 0.0
18:26:38.982 [FXGL Background Thread 3 ] DEBUG Engine               - versionCheckDays: 7
18:26:38.982 [FXGL Background Thread 3 ] DEBUG Engine               - width: 1280
18:26:38.982 [FXGL Background Thread 3 ] DEBUG Engine               - Logging services
18:26:38.982 [FXGL Background Thread 3 ] DEBUG Engine               - class com.almasb.fxgl.app.services.FXGLAssetLoaderService
18:26:38.982 [FXGL Background Thread 3 ] DEBUG Engine               - class com.almasb.fxgl.app.FXGLApplication$GameApplicationService
18:26:38.982 [FXGL Background Thread 3 ] DEBUG Engine               - class com.almasb.fxgl.app.services.FXGLDialogService
18:26:38.982 [FXGL Background Thread 3 ] DEBUG Engine               - class com.almasb.fxgl.app.services.IOTaskExecutorService
18:26:38.982 [FXGL Background Thread 3 ] DEBUG Engine               - class com.almasb.fxgl.io.FileSystemService
18:26:38.982 [FXGL Background Thread 3 ] DEBUG Engine               - class com.almasb.fxgl.localization.LocalizationService
18:26:38.982 [FXGL Background Thread 3 ] DEBUG Engine               - class com.almasb.fxgl.app.services.SystemBundleService
18:26:38.982 [FXGL Background Thread 3 ] DEBUG Engine               - class com.almasb.fxgl.profile.SaveLoadService
18:26:38.982 [FXGL Background Thread 3 ] DEBUG Engine               - class com.almasb.fxgl.ui.FXGLUIFactoryServiceProvider
18:26:38.982 [FXGL Background Thread 3 ] DEBUG Engine               - class com.almasb.fxgl.ui.FXGLDialogFactoryServiceProvider
18:26:38.982 [FXGL Background Thread 3 ] DEBUG Engine               - class com.almasb.fxgl.audio.AudioPlayer
18:26:38.983 [FXGL Background Thread 3 ] DEBUG Engine               - class com.almasb.fxgl.notification.impl.NotificationServiceProvider
18:26:38.983 [FXGL Background Thread 3 ] DEBUG Engine               - class com.almasb.fxgl.achievement.AchievementService
18:26:38.983 [FXGL Background Thread 3 ] DEBUG Engine               - class com.almasb.fxgl.cutscene.CutsceneService
18:26:38.983 [FXGL Background Thread 3 ] DEBUG Engine               - class com.almasb.fxgl.minigames.MiniGameService
18:26:38.983 [FXGL Background Thread 3 ] DEBUG Engine               - class com.almasb.fxgl.net.NetService
18:26:38.983 [FXGL Background Thread 3 ] DEBUG Engine               - class com.almasb.fxgl.app.services.UpdaterService
18:26:38.983 [FXGL Background Thread 3 ] DEBUG Engine               - class com.almasb.fxgl.dev.DevService
18:26:39.479 [JavaFX Application Thread] DEBUG Menu                 - fireNewGame()
18:26:39.480 [JavaFX Application Thread] DEBUG GameApplicationServi - Starting new game
18:26:39.480 [JavaFX Application Thread] DEBUG PrimaryStageWindow   - Pop state: LevelSelectScene
18:26:39.480 [JavaFX Application Thread] DEBUG Input                - Clearing active input actions
18:26:39.480 [JavaFX Application Thread] DEBUG GameApplicationServi - Removing overlay from LevelSelectScene and adding to PlayerSelectScene
18:26:39.481 [JavaFX Application Thread] DEBUG PrimaryStageWindow   - PlayerSelectScene <- LevelSelectScene
18:26:39.481 [JavaFX Application Thread] DEBUG PrimaryStageWindow   - Pop state: PlayerSelectScene
18:26:39.481 [JavaFX Application Thread] DEBUG Input                - Clearing active input actions
18:26:39.481 [JavaFX Application Thread] DEBUG GameApplicationServi - Removing overlay from PlayerSelectScene and adding to RiderMainMenuScene
18:26:39.481 [JavaFX Application Thread] DEBUG PrimaryStageWindow   - RiderMainMenuScene <- PlayerSelectScene
18:26:39.481 [JavaFX Application Thread] DEBUG PrimaryStageWindow   - Pop state: RiderMainMenuScene
18:26:39.481 [JavaFX Application Thread] DEBUG Input                - Clearing active input actions
18:26:39.482 [JavaFX Application Thread] DEBUG GameApplicationServi - Removing overlay from RiderMainMenuScene and adding to FXGLMainMenuDummyScene
18:26:39.482 [JavaFX Application Thread] DEBUG PrimaryStageWindow   - FXGLMainMenuDummyScene <- RiderMainMenuScene
18:26:39.482 [JavaFX Application Thread] DEBUG Input                - Clearing active input actions
18:26:39.486 [JavaFX Application Thread] DEBUG GameApplicationServi - Removing overlay from FXGLMainMenuDummyScene and adding to MainLoadingScene
18:26:39.486 [JavaFX Application Thread] DEBUG PrimaryStageWindow   - FXGLMainMenuDummyScene -> MainLoadingScene
18:26:39.486 [JavaFX Application Thread] DEBUG GameApplicationServi - Clearing previous game
18:26:39.486 [JavaFX Application Thread] DEBUG GameScene            - Clearing game scene
18:26:39.486 [JavaFX Application Thread] DEBUG GameWorld            - Clearing game world
18:26:39.487 [JavaFX Application Thread] DEBUG PhysicsWorld         - Clearing physics world
18:26:39.487 [FXGL Background Thread 2 ] DEBUG FXGLApplication      - Initializing game
18:26:39.516 [FXGL Background Thread 2 ] WARN  TMXLevelLoader       - TiledMap generated from 1.11.0. Supported version: 1.9.0. Some features may not be parsed fully.
18:26:39.527 [FXGL Background Thread 2 ] DEBUG TMXLevelLoader       - Parsed TiledMap: file:/C:/Users/jamie/OneDrive/Pictures/JavaFXGame/target/classes/assets/levels/tmx/level2.tmx
18:26:39.528 [FXGL Background Thread 2 ] DEBUG TMXLevelLoader       - Creating tile layer entities
18:26:39.529 [FXGL Background Thread 2 ] DEBUG TilesetLoader        - Loading view for layer BG
18:26:39.534 [FXGL Background Thread 2 ] DEBUG TilesetLoader        - Created buffer with size 4200.0x700.0
18:26:39.547 [FXGL Background Thread 2 ] DEBUG TilesetLoader        - Loading view for layer Tile Layer 1
18:26:39.550 [FXGL Background Thread 2 ] DEBUG TilesetLoader        - Created buffer with size 4200.0x700.0
18:26:39.553 [FXGL Background Thread 2 ] DEBUG TMXLevelLoader       - Creating object layer entities
18:26:39.572 [FXGL Background Thread 2 ] DEBUG FXGLAssetLoaderServi - Loading from file system: file:/C:/Users/jamie/OneDrive/Pictures/JavaFXGame/target/classes/assets/textures/button.png
18:26:39.619 [FXGL Background Thread 2 ] DEBUG GameWorld            - Clearing removable entities
18:26:39.619 [FXGL Background Thread 2 ] DEBUG GameWorld            - Setting level: com.almasb.fxgl.entity.level.Level@22a0032c
18:26:39.626 [FXGL Background Thread 2 ] DEBUG FXGLAssetLoaderServi - Loading from file system: file:/C:/Users/jamie/OneDrive/Pictures/JavaFXGame/target/classes/assets/textures/player2.png
18:26:39.633 [FXGL Background Thread 2 ] DEBUG Input                - Clearing active input actions
18:26:39.633 [FXGL Background Thread 2 ] DEBUG Input                - Registered new binding: Jump0 - W
18:26:39.634 [FXGL Background Thread 2 ] DEBUG Input                - Registered new binding: Left0 - A
18:26:39.634 [FXGL Background Thread 2 ] DEBUG Input                - Registered new binding: Right0 - D
18:26:39.634 [FXGL Background Thread 2 ] DEBUG Input                - Registered new binding: Use0 - E
18:26:39.635 [FXGL Background Thread 2 ] DEBUG FXGLAssetLoaderServi - Loading from file system: file:/C:/Users/jamie/OneDrive/Pictures/JavaFXGame/target/classes/assets/textures/background/building.png
18:26:39.658 [FXGL Background Thread 2 ] INFO  FXGLApplication      - Game initialization took: 0.171 sec
18:26:39.661 [JavaFX Application Thread] DEBUG Input                - Clearing active input actions
18:26:39.664 [JavaFX Application Thread] DEBUG GameApplicationServi - Removing overlay from MainLoadingScene and adding to GameScene
18:26:39.665 [JavaFX Application Thread] DEBUG PrimaryStageWindow   - MainLoadingScene -> GameScene
18:26:41.388 [JavaFX Application Thread] DEBUG FXGLAssetLoaderServi - Loading from file system: file:/C:/Users/jamie/OneDrive/Pictures/JavaFXGame/target/classes/assets/sounds/jump.wav
18:26:42.159 [JavaFX Application Thread] DEBUG FXGLApplication      - Exiting FXGL
18:26:42.159 [JavaFX Application Thread] DEBUG LoopRunner           - Stopping loop
18:26:42.159 [JavaFX Application Thread] DEBUG SystemBundleService  - Saving FXGL system data
18:26:42.160 [JavaFX Application Thread] DEBUG FileSystemAccess     - Writing to: C:\Users\jamie\OneDrive\Pictures\JavaFXGame\system\fxgl.bundle
18:26:42.162 [JavaFX Application Thread] DEBUG Async                - Shutting down background threads
18:26:42.162 [JavaFX Application Thread] DEBUG PrimaryStageWindow   - Closing main window
18:26:42.173 [JavaFX Application Thread] DEBUG Logger               - Closing Logger
