18:54:17.925 [main                     ] DEBUG Logger               - Configured Logger
18:54:17.943 [main                     ] DEBUG GameApplication      - Logging settings
Title: Untitled
Version: 0.0
Width: 1280
Height: 720
Fullscreen: false
Intro: false
Profiling: false
Single step:false
App Mode: DEVELOPER
Menu Key: ESCAPE
Stage Style: DECORATED
Scene Factory: class com.sunsofgod.PlatformerApp$1

18:54:18.207 [JavaFX Application Thread] DEBUG FXGLApplication      - Initializing FXGL
18:54:18.209 [JavaFX Application Thread] INFO  Engine               - FXGL-17.2 (20.08.2022 16.50) on WINDOWS (J:21.0.4 FX:17.0.12)
18:54:18.210 [JavaFX Application Thread] DEBUG Engine               - JRE Vendor Name: Eclipse Adoptium
18:54:18.210 [JavaFX Application Thread] DEBUG Engine               - Running on OS: Windows 11 version 10.0
18:54:18.210 [JavaFX Application Thread] DEBUG Engine               - Architecture: amd64
18:54:18.210 [JavaFX Application Thread] INFO  Engine               - Source code and latest versions at: https://github.com/AlmasB/FXGL
18:54:18.210 [JavaFX Application Thread] INFO  Engine               -       Ask questions and discuss at: https://github.com/AlmasB/FXGL/discussions
18:54:18.210 [JavaFX Application Thread] INFO  Engine               -              Join the FXGL chat at: https://gitter.im/AlmasB/FXGL
18:54:18.263 [JavaFX Application Thread] DEBUG PrimaryStageWindow   - Creating a JavaFX scene
18:54:18.292 [JavaFX Application Thread] DEBUG PrimaryStageWindow   - Target settings size: 1280.0 x 720.0
18:54:18.292 [JavaFX Application Thread] DEBUG PrimaryStageWindow   - Scaled scene size:    1280.0 x 720.0
18:54:18.292 [JavaFX Application Thread] DEBUG PrimaryStageWindow   - Scaled ratio: (1.0, 1.0)
18:54:18.292 [JavaFX Application Thread] DEBUG PrimaryStageWindow   - Set initial scene to FXGLStartupScene
18:54:18.296 [JavaFX Application Thread] DEBUG PrimaryStageWindow   - Opening main window
18:54:18.350 [JavaFX Application Thread] DEBUG PrimaryStageWindow   - Window border size: (16.0, 39.0)
18:54:18.350 [JavaFX Application Thread] DEBUG PrimaryStageWindow   - Scaled size: 1280.0 x 720.0
18:54:18.350 [JavaFX Application Thread] DEBUG PrimaryStageWindow   - Scaled ratio: (1.0, 1.0)
18:54:18.351 [JavaFX Application Thread] DEBUG PrimaryStageWindow   - Scene size: 1280.0 x 720.0
18:54:18.351 [JavaFX Application Thread] DEBUG PrimaryStageWindow   - Stage size: 1296.0 x 759.0
18:54:18.355 [FXGL Background Thread 1 ] DEBUG Engine               - Initializing environment variables
18:54:18.385 [FXGL Background Thread 1 ] DEBUG FXGLAssetLoaderServi - User app class for loading assets: class com.sunsofgod.PlatformerApp
18:54:18.385 [FXGL Background Thread 1 ] DEBUG GameApplicationServi - Applying CSS: fxgl_dark.css
18:54:18.385 [FXGL Background Thread 1 ] DEBUG FXGLAssetLoaderServi - Loading from file system: jar:file:///C:/Users/Balong/.m2/repository/com/github/almasb/fxgl/17.2/fxgl-17.2.jar!/fxglassets/ui/css/fxgl_dark.css
18:54:18.416 [FXGL Background Thread 1 ] DEBUG GameApplicationServi - Initializing application scenes
18:54:18.445 [FXGL Background Thread 1 ] DEBUG FXGLAssetLoaderServi - Loading from file system: file:/C:/Users/Balong/Desktop/JavaFXGame-1/target/classes/assets/textures/player.png
18:54:18.460 [FXGL Background Thread 1 ] DEBUG GameWorld            - Game world initialized
18:54:18.494 [FXGL Background Thread 1 ] DEBUG PhysicsWorld         - Physics world initialized: appHeight=720, physics.ppm=50.0
18:54:18.495 [FXGL Background Thread 1 ] DEBUG PhysicsWorld         - Using strategy: BRUTE_FORCE
18:54:18.497 [FXGL Background Thread 1 ] DEBUG GameScene            - Game scene initialized: 1280x720
18:54:18.680 [FXGL Background Thread 1 ] DEBUG FXGL.DefaultMenu     - createMenuBodyGameMenu()
18:54:18.687 [FXGL Background Thread 1 ] DEBUG FXGL.DefaultMenu     - createOptionsMenu()
18:54:18.692 [FXGL Background Thread 1 ] DEBUG FXGLAssetLoaderServi - Loading from file system: jar:file:///C:/Users/Balong/.m2/repository/com/github/almasb/fxgl/17.2/fxgl-17.2.jar!/fxglassets/textures/particles/smoke.png
18:54:18.732 [FXGL Background Thread 1 ] DEBUG FXGLAssetLoaderServi - Loading from file system: jar:file:///C:/Users/Balong/.m2/repository/com/github/almasb/fxgl/17.2/fxgl-17.2.jar!/fxglassets/textures/particles/trace_horizontal.png
18:54:18.741 [FXGL Background Thread 1 ] DEBUG GameApplicationServi - Application scenes initialized
18:54:18.750 [FXGL Background Thread 1 ] DEBUG SystemBundleService  - Loading FXGL system data
18:54:18.752 [FXGL Background Thread 1 ] DEBUG FileSystemAccess     - Reading from: C:\Users\Balong\Desktop\JavaFXGame-1\system\fxgl.bundle
18:54:18.758 [FXGL Background Thread 1 ] DEBUG SystemBundleService  - Bundle FXGL: {}
18:54:18.758 [FXGL Background Thread 1 ] DEBUG UpdaterService       - Checking for updates
18:54:18.772 [FXGL Background Thread 4 ] DEBUG FXGLApplication      - Loading fonts
18:54:18.772 [FXGL Background Thread 1 ] DEBUG FXGLApplication      - Loading default localization
18:54:18.773 [FXGL Background Thread 4 ] DEBUG FXGLAssetLoaderServi - Loading from file system: jar:file:///C:/Users/Balong/.m2/repository/com/github/almasb/fxgl/17.2/fxgl-17.2.jar!/fxglassets/ui/fonts/VarelaRound-Regular.ttf
18:54:18.773 [FXGL Background Thread 1 ] DEBUG FXGLAssetLoaderServi - Loading from file system: jar:file:///C:/Users/Balong/.m2/repository/com/github/almasb/fxgl/17.2/fxgl-17.2.jar!/fxglassets/languages/english.lang
18:54:18.786 [FXGL Background Thread 1 ] INFO  FXGLApplication      - FXGL initialization took: 0.431 sec
18:54:18.787 [JavaFX Application Thread] DEBUG FXGLAssetLoaderServi - Loading from file system: jar:file:///C:/Users/Balong/.m2/repository/com/github/almasb/fxgl/17.2/fxgl-17.2.jar!/fxglassets/textures/fxgl_icon.png
18:54:18.792 [JavaFX Application Thread] DEBUG FXGLAssetLoaderServi - Loading from file system: jar:file:///C:/Users/Balong/.m2/repository/com/github/almasb/fxgl/17.2/fxgl-17.2.jar!/fxglassets/textures/fxgl_default_cursor.png
18:54:18.799 [JavaFX Application Thread] DEBUG Input                - Registered new binding: Screenshot - CTRL+8
18:54:18.799 [FXGL Background Thread 4 ] DEBUG FXGLAssetLoaderServi - Loading from file system: jar:file:///C:/Users/Balong/.m2/repository/com/github/almasb/fxgl/17.2/fxgl-17.2.jar!/fxglassets/ui/fonts/Abel-Regular.ttf
18:54:18.799 [JavaFX Application Thread] DEBUG Input                - Registered new binding: Dev Options - 1
18:54:18.799 [JavaFX Application Thread] DEBUG Input                - Registered new binding: Dev Console - 2
18:54:18.800 [JavaFX Application Thread] DEBUG Input                - Registered new binding: System info dump - CTRL+9
18:54:18.800 [JavaFX Application Thread] DEBUG Input                - Registered new binding: Restart - CTRL+R
18:54:18.800 [JavaFX Application Thread] DEBUG Input                - Registered new binding: Toggle Debug Camera - CTRL+7
18:54:18.802 [JavaFX Application Thread] DEBUG LoopRunner           - Starting loop
18:54:18.806 [FXGL Background Thread 4 ] DEBUG FXGLAssetLoaderServi - Loading from file system: jar:file:///C:/Users/Balong/.m2/repository/com/github/almasb/fxgl/17.2/fxgl-17.2.jar!/fxglassets/ui/fonts/TerminalLandMono-Regular.otf
18:54:18.810 [JavaFX Application Thread] DEBUG LoopRunner           - Initializing JavaFX AnimationTimerLoop
18:54:18.813 [JavaFX Application Thread] DEBUG Input                - Clearing active input actions
18:54:18.819 [FXGL Background Thread 4 ] DEBUG FXGLAssetLoaderServi - Loading from file system: jar:file:///C:/Users/Balong/.m2/repository/com/github/almasb/fxgl/17.2/fxgl-17.2.jar!/fxglassets/ui/fonts/Courier-Prime.ttf
18:54:18.822 [JavaFX Application Thread] DEBUG GameApplicationServi - Removing overlay from FXGLStartupScene and adding to FXGLMainMenuDummyScene
18:54:18.824 [JavaFX Application Thread] DEBUG PrimaryStageWindow   - FXGLStartupScene -> FXGLMainMenuDummyScene
18:54:18.824 [JavaFX Application Thread] DEBUG PrimaryStageWindow   - Push state: RiderMainMenuScene
18:54:18.824 [JavaFX Application Thread] DEBUG Input                - Clearing active input actions
18:54:18.829 [JavaFX Application Thread] DEBUG GameApplicationServi - Removing overlay from FXGLMainMenuDummyScene and adding to RiderMainMenuScene
18:54:18.829 [JavaFX Application Thread] DEBUG PrimaryStageWindow   - FXGLMainMenuDummyScene -> RiderMainMenuScene
18:54:18.947 [JavaFX Application Thread] DEBUG FXGLApplication      - Registering font factories with UI factory
18:54:19.062 [FXGL Background Thread 2 ] INFO  UpdaterService       - Your current version:  17.2
18:54:19.062 [FXGL Background Thread 2 ] INFO  UpdaterService       - Latest stable version: 21.1
18:54:19.725 [JavaFX Application Thread] DEBUG FXGLApplication      - Exiting FXGL
18:54:19.726 [JavaFX Application Thread] DEBUG LoopRunner           - Stopping loop
18:54:19.726 [JavaFX Application Thread] DEBUG SystemBundleService  - Saving FXGL system data
18:54:19.727 [JavaFX Application Thread] DEBUG FileSystemAccess     - Writing to: C:\Users\Balong\Desktop\JavaFXGame-1\system\fxgl.bundle
18:54:19.730 [JavaFX Application Thread] DEBUG Async                - Shutting down background threads
18:54:19.730 [JavaFX Application Thread] DEBUG PrimaryStageWindow   - Closing main window
18:54:19.739 [JavaFX Application Thread] DEBUG Logger               - Closing Logger
