18:29:06.271 [main                     ] DEBUG Logger               - Configured Logger
18:29:06.289 [main                     ] DEBUG GameApplication      - Logging settings
Title: Untitled
Version: 0.0
Width: 1280
Height: 720
Fullscreen: false
Intro: false
Profiling: false
Single step:false
App Mode: DEVELOPER
Menu Key: ESCAPE
Stage Style: DECORATED
Scene Factory: class com.sunsofgod.PlatformerApp$1

18:29:06.569 [JavaFX Application Thread] DEBUG FXGLApplication      - Initializing FXGL
18:29:06.572 [JavaFX Application Thread] INFO  Engine               - FXGL-17.2 (20.08.2022 16.50) on WINDOWS (J:21.0.4 FX:17.0.12)
18:29:06.573 [JavaFX Application Thread] DEBUG Engine               - JRE Vendor Name: Eclipse Adoptium
18:29:06.573 [JavaFX Application Thread] DEBUG Engine               - Running on OS: Windows 11 version 10.0
18:29:06.573 [JavaFX Application Thread] DEBUG Engine               - Architecture: amd64
18:29:06.573 [JavaFX Application Thread] INFO  Engine               - Source code and latest versions at: https://github.com/AlmasB/FXGL
18:29:06.573 [JavaFX Application Thread] INFO  Engine               -       Ask questions and discuss at: https://github.com/AlmasB/FXGL/discussions
18:29:06.573 [JavaFX Application Thread] INFO  Engine               -              Join the FXGL chat at: https://gitter.im/AlmasB/FXGL
18:29:06.647 [JavaFX Application Thread] DEBUG PrimaryStageWindow   - Creating a JavaFX scene
18:29:06.685 [JavaFX Application Thread] DEBUG PrimaryStageWindow   - Target settings size: 1280.0 x 720.0
18:29:06.685 [JavaFX Application Thread] DEBUG PrimaryStageWindow   - Scaled scene size:    1280.0 x 720.0
18:29:06.685 [JavaFX Application Thread] DEBUG PrimaryStageWindow   - Scaled ratio: (1.0, 1.0)
18:29:06.686 [JavaFX Application Thread] DEBUG PrimaryStageWindow   - Set initial scene to FXGLStartupScene
18:29:06.691 [JavaFX Application Thread] DEBUG PrimaryStageWindow   - Opening main window
18:29:06.766 [JavaFX Application Thread] DEBUG PrimaryStageWindow   - Window border size: (14.4000244140625, 37.5999755859375)
18:29:06.766 [JavaFX Application Thread] DEBUG PrimaryStageWindow   - Scaled size: 1280.0 x 720.0
18:29:06.766 [JavaFX Application Thread] DEBUG PrimaryStageWindow   - Scaled ratio: (1.0, 1.0)
18:29:06.767 [JavaFX Application Thread] DEBUG PrimaryStageWindow   - Scene size: 1280.0 x 720.0
18:29:06.767 [JavaFX Application Thread] DEBUG PrimaryStageWindow   - Stage size: 1294.4000244140625 x 757.5999755859375
18:29:06.772 [FXGL Background Thread 1 ] DEBUG Engine               - Initializing environment variables
18:29:06.813 [FXGL Background Thread 1 ] DEBUG FXGLAssetLoaderServi - User app class for loading assets: class com.sunsofgod.PlatformerApp
18:29:06.813 [FXGL Background Thread 1 ] DEBUG GameApplicationServi - Applying CSS: fxgl_dark.css
18:29:06.815 [FXGL Background Thread 1 ] DEBUG FXGLAssetLoaderServi - Loading from file system: jar:file:///C:/Users/jamie/.m2/repository/com/github/almasb/fxgl/17.2/fxgl-17.2.jar!/fxglassets/ui/css/fxgl_dark.css
18:29:06.852 [FXGL Background Thread 1 ] DEBUG GameApplicationServi - Initializing application scenes
18:29:06.895 [FXGL Background Thread 1 ] WARN  FXGLAssetLoaderServi - Asset "/assets/textures/player.png" was not found!
18:29:06.896 [FXGL Background Thread 1 ] WARN  FXGLAssetLoaderServi - Failed to load IMAGE
18:29:06.920 [FXGL Background Thread 1 ] DEBUG GameWorld            - Game world initialized
18:29:06.955 [FXGL Background Thread 1 ] DEBUG PhysicsWorld         - Physics world initialized: appHeight=720, physics.ppm=50.0
18:29:06.956 [FXGL Background Thread 1 ] DEBUG PhysicsWorld         - Using strategy: BRUTE_FORCE
18:29:06.959 [FXGL Background Thread 1 ] DEBUG GameScene            - Game scene initialized: 1280x720
18:29:07.418 [FXGL Background Thread 1 ] DEBUG GameApplicationServi - Application scenes initialized
18:29:07.430 [FXGL Background Thread 1 ] DEBUG SystemBundleService  - Loading FXGL system data
18:29:07.434 [FXGL Background Thread 1 ] DEBUG FileSystemAccess     - Reading from: C:\Users\jamie\OneDrive\Pictures\JavaFXGame\system\fxgl.bundle
18:29:07.443 [FXGL Background Thread 1 ] DEBUG SystemBundleService  - Bundle FXGL: {}
18:29:07.443 [FXGL Background Thread 1 ] DEBUG UpdaterService       - Checking for updates
18:29:07.474 [FXGL Background Thread 1 ] DEBUG FXGLApplication      - Loading default localization
18:29:07.478 [FXGL Background Thread 4 ] DEBUG FXGLApplication      - Loading fonts
18:29:07.478 [FXGL Background Thread 1 ] DEBUG FXGLAssetLoaderServi - Loading from file system: jar:file:///C:/Users/jamie/.m2/repository/com/github/almasb/fxgl/17.2/fxgl-17.2.jar!/fxglassets/languages/english.lang
18:29:07.478 [FXGL Background Thread 4 ] DEBUG FXGLAssetLoaderServi - Loading from file system: jar:file:///C:/Users/jamie/.m2/repository/com/github/almasb/fxgl/17.2/fxgl-17.2.jar!/fxglassets/ui/fonts/VarelaRound-Regular.ttf
18:29:07.496 [FXGL Background Thread 1 ] INFO  FXGLApplication      - FXGL initialization took: 0.724 sec
18:29:07.498 [JavaFX Application Thread] DEBUG FXGLAssetLoaderServi - Loading from file system: jar:file:///C:/Users/jamie/.m2/repository/com/github/almasb/fxgl/17.2/fxgl-17.2.jar!/fxglassets/textures/fxgl_icon.png
18:29:07.507 [FXGL Background Thread 4 ] DEBUG FXGLAssetLoaderServi - Loading from file system: jar:file:///C:/Users/jamie/.m2/repository/com/github/almasb/fxgl/17.2/fxgl-17.2.jar!/fxglassets/ui/fonts/Abel-Regular.ttf
18:29:07.511 [FXGL Background Thread 4 ] DEBUG FXGLAssetLoaderServi - Loading from file system: jar:file:///C:/Users/jamie/.m2/repository/com/github/almasb/fxgl/17.2/fxgl-17.2.jar!/fxglassets/ui/fonts/TerminalLandMono-Regular.otf
18:29:07.512 [JavaFX Application Thread] DEBUG FXGLAssetLoaderServi - Loading from file system: jar:file:///C:/Users/jamie/.m2/repository/com/github/almasb/fxgl/17.2/fxgl-17.2.jar!/fxglassets/textures/fxgl_default_cursor.png
18:29:07.514 [FXGL Background Thread 4 ] DEBUG FXGLAssetLoaderServi - Loading from file system: jar:file:///C:/Users/jamie/.m2/repository/com/github/almasb/fxgl/17.2/fxgl-17.2.jar!/fxglassets/ui/fonts/Courier-Prime.ttf
18:29:07.521 [JavaFX Application Thread] DEBUG Input                - Registered new binding: Screenshot - CTRL+8
18:29:07.522 [JavaFX Application Thread] DEBUG Input                - Registered new binding: Dev Options - 1
18:29:07.522 [JavaFX Application Thread] DEBUG Input                - Registered new binding: Dev Console - 2
18:29:07.522 [JavaFX Application Thread] DEBUG Input                - Registered new binding: System info dump - CTRL+9
18:29:07.523 [JavaFX Application Thread] DEBUG Input                - Registered new binding: Restart - CTRL+R
18:29:07.523 [JavaFX Application Thread] DEBUG Input                - Registered new binding: Toggle Debug Camera - CTRL+7
18:29:07.528 [JavaFX Application Thread] DEBUG LoopRunner           - Starting loop
18:29:07.539 [JavaFX Application Thread] DEBUG LoopRunner           - Initializing JavaFX AnimationTimerLoop
18:29:07.542 [JavaFX Application Thread] DEBUG Input                - Clearing active input actions
18:29:07.551 [JavaFX Application Thread] DEBUG GameApplicationServi - Removing overlay from FXGLStartupScene and adding to FXGLMainMenuDummyScene
18:29:07.555 [JavaFX Application Thread] DEBUG PrimaryStageWindow   - FXGLStartupScene -> FXGLMainMenuDummyScene
18:29:07.555 [JavaFX Application Thread] DEBUG PrimaryStageWindow   - Push state: RiderMainMenuScene
18:29:07.556 [JavaFX Application Thread] DEBUG Input                - Clearing active input actions
18:29:07.562 [JavaFX Application Thread] DEBUG GameApplicationServi - Removing overlay from FXGLMainMenuDummyScene and adding to RiderMainMenuScene
18:29:07.564 [JavaFX Application Thread] DEBUG PrimaryStageWindow   - FXGLMainMenuDummyScene -> RiderMainMenuScene
18:29:07.709 [JavaFX Application Thread] DEBUG FXGLApplication      - Registering font factories with UI factory
18:29:08.530 [FXGL Background Thread 2 ] INFO  UpdaterService       - Your current version:  17.2
18:29:08.530 [FXGL Background Thread 2 ] INFO  UpdaterService       - Latest stable version: 21.1
18:29:08.948 [JavaFX Application Thread] DEBUG PrimaryStageWindow   - Push state: PlayerSelectScene
18:29:08.948 [JavaFX Application Thread] DEBUG Input                - Clearing active input actions
18:29:08.950 [JavaFX Application Thread] DEBUG GameApplicationServi - Removing overlay from RiderMainMenuScene and adding to PlayerSelectScene
18:29:08.951 [JavaFX Application Thread] DEBUG PrimaryStageWindow   - RiderMainMenuScene -> PlayerSelectScene
18:29:10.471 [FXGL Background Thread 3 ] DEBUG Engine               - Logging environment variables
18:29:10.472 [FXGL Background Thread 3 ] DEBUG Engine               - achievements: []
18:29:10.472 [FXGL Background Thread 3 ] DEBUG Engine               - actualHeight: 720.0
18:29:10.472 [FXGL Background Thread 3 ] DEBUG Engine               - actualHeightProperty: ReadOnlyDoubleProperty [value: 720.0]
18:29:10.472 [FXGL Background Thread 3 ] DEBUG Engine               - actualWidth: 1280.0
18:29:10.472 [FXGL Background Thread 3 ] DEBUG Engine               - actualWidthProperty: ReadOnlyDoubleProperty [value: 1280.0]
18:29:10.472 [FXGL Background Thread 3 ] DEBUG Engine               - appIcon: fxgl_icon.png
18:29:10.473 [FXGL Background Thread 3 ] DEBUG Engine               - applicationMode: DEVELOPER
18:29:10.473 [FXGL Background Thread 3 ] DEBUG Engine               - cSSList: [fxgl_dark.css]
18:29:10.473 [FXGL Background Thread 3 ] DEBUG Engine               - collisionDetectionStrategy: BRUTE_FORCE
18:29:10.473 [FXGL Background Thread 3 ] DEBUG Engine               - configClass: Optional.empty
18:29:10.473 [FXGL Background Thread 3 ] DEBUG Engine               - credits: []
18:29:10.474 [FXGL Background Thread 3 ] DEBUG Engine               - defaultCursor: CursorInfo(imageName=fxgl_default_cursor.png, hotspotX=7.0, hotspotY=6.0)
18:29:10.474 [FXGL Background Thread 3 ] DEBUG Engine               - devBBoxColorProperty: ObjectProperty [value: 0xff0000ff]
18:29:10.474 [FXGL Background Thread 3 ] DEBUG Engine               - devEnableDebugCameraProperty: BooleanProperty [value: false]
18:29:10.474 [FXGL Background Thread 3 ] DEBUG Engine               - devSensorColorProperty: ObjectProperty [value: 0xffff00ff]
18:29:10.474 [FXGL Background Thread 3 ] DEBUG Engine               - devShowBBoxProperty: BooleanProperty [value: false]
18:29:10.474 [FXGL Background Thread 3 ] DEBUG Engine               - devShowPositionProperty: BooleanProperty [value: false]
18:29:10.474 [FXGL Background Thread 3 ] DEBUG Engine               - enabledMenuItems: []
18:29:10.474 [FXGL Background Thread 3 ] DEBUG Engine               - engineServices: [class com.almasb.fxgl.app.services.FXGLAssetLoaderService, class com.almasb.fxgl.app.FXGLApplication$GameApplicationService, class com.almasb.fxgl.app.services.FXGLDialogService, class com.almasb.fxgl.app.services.IOTaskExecutorService, class com.almasb.fxgl.io.FileSystemService, class com.almasb.fxgl.localization.LocalizationService, class com.almasb.fxgl.app.services.SystemBundleService, class com.almasb.fxgl.profile.SaveLoadService, class com.almasb.fxgl.ui.FXGLUIFactoryServiceProvider, class com.almasb.fxgl.ui.FXGLDialogFactoryServiceProvider, class com.almasb.fxgl.audio.AudioPlayer, class com.almasb.fxgl.notification.impl.NotificationServiceProvider, class com.almasb.fxgl.achievement.AchievementService, class com.almasb.fxgl.cutscene.CutsceneService, class com.almasb.fxgl.minigames.MiniGameService, class com.almasb.fxgl.net.NetService, class com.almasb.fxgl.app.services.UpdaterService, class com.almasb.fxgl.dev.DevService]
18:29:10.474 [FXGL Background Thread 3 ] DEBUG Engine               - fontGame: Abel-Regular.ttf
18:29:10.474 [FXGL Background Thread 3 ] DEBUG Engine               - fontMono: TerminalLandMono-Regular.otf
18:29:10.474 [FXGL Background Thread 3 ] DEBUG Engine               - fontText: Courier-Prime.ttf
18:29:10.474 [FXGL Background Thread 3 ] DEBUG Engine               - fontUI: VarelaRound-Regular.ttf
18:29:10.475 [FXGL Background Thread 3 ] DEBUG Engine               - fullScreen: BooleanProperty [value: false]
18:29:10.475 [FXGL Background Thread 3 ] DEBUG Engine               - gameDifficulty: MEDIUM
18:29:10.475 [FXGL Background Thread 3 ] DEBUG Engine               - gameDifficultyProperty: ObjectProperty [value: MEDIUM]
18:29:10.475 [FXGL Background Thread 3 ] DEBUG Engine               - globalMusicVolume: 0.5
18:29:10.475 [FXGL Background Thread 3 ] DEBUG Engine               - globalMusicVolumeProperty: DoubleProperty [value: 0.25]
18:29:10.475 [FXGL Background Thread 3 ] DEBUG Engine               - globalSoundVolume: 0.5
18:29:10.475 [FXGL Background Thread 3 ] DEBUG Engine               - globalSoundVolumeProperty: DoubleProperty [value: 0.5]
18:29:10.475 [FXGL Background Thread 3 ] DEBUG Engine               - height: 720
18:29:10.475 [FXGL Background Thread 3 ] DEBUG Engine               - is3D: false
18:29:10.475 [FXGL Background Thread 3 ] DEBUG Engine               - isAndroid: false
18:29:10.475 [FXGL Background Thread 3 ] DEBUG Engine               - isBrowser: false
18:29:10.475 [FXGL Background Thread 3 ] DEBUG Engine               - isClickFeedbackEnabled: false
18:29:10.475 [FXGL Background Thread 3 ] DEBUG Engine               - isCloseConfirmation: false
18:29:10.475 [FXGL Background Thread 3 ] DEBUG Engine               - isDesktop: true
18:29:10.475 [FXGL Background Thread 3 ] DEBUG Engine               - isDeveloperMenuEnabled: true
18:29:10.475 [FXGL Background Thread 3 ] DEBUG Engine               - isEmbedded: false
18:29:10.475 [FXGL Background Thread 3 ] DEBUG Engine               - isEntityPreloadEnabled: true
18:29:10.475 [FXGL Background Thread 3 ] DEBUG Engine               - isExperimentalTiledLargeMap: false
18:29:10.475 [FXGL Background Thread 3 ] DEBUG Engine               - isFileSystemWriteAllowed: true
18:29:10.475 [FXGL Background Thread 3 ] DEBUG Engine               - isFullScreenAllowed: false
18:29:10.475 [FXGL Background Thread 3 ] DEBUG Engine               - isFullScreenFromStart: false
18:29:10.475 [FXGL Background Thread 3 ] DEBUG Engine               - isGameMenuEnabled: true
18:29:10.475 [FXGL Background Thread 3 ] DEBUG Engine               - isIOS: false
18:29:10.475 [FXGL Background Thread 3 ] DEBUG Engine               - isIntroEnabled: false
18:29:10.475 [FXGL Background Thread 3 ] DEBUG Engine               - isLinux: false
18:29:10.475 [FXGL Background Thread 3 ] DEBUG Engine               - isMac: false
18:29:10.476 [FXGL Background Thread 3 ] DEBUG Engine               - isMainMenuEnabled: true
18:29:10.476 [FXGL Background Thread 3 ] DEBUG Engine               - isManualResizeEnabled: false
18:29:10.476 [FXGL Background Thread 3 ] DEBUG Engine               - isMobile: false
18:29:10.476 [FXGL Background Thread 3 ] DEBUG Engine               - isNative: false
18:29:10.476 [FXGL Background Thread 3 ] DEBUG Engine               - isPauseMusicWhenMinimized: true
18:29:10.476 [FXGL Background Thread 3 ] DEBUG Engine               - isPreserveResizeRatio: false
18:29:10.476 [FXGL Background Thread 3 ] DEBUG Engine               - isProfilingEnabled: false
18:29:10.476 [FXGL Background Thread 3 ] DEBUG Engine               - isScaleAffectedOnResize: true
18:29:10.476 [FXGL Background Thread 3 ] DEBUG Engine               - isSingleStep: false
18:29:10.476 [FXGL Background Thread 3 ] DEBUG Engine               - isUserProfileEnabled: false
18:29:10.476 [FXGL Background Thread 3 ] DEBUG Engine               - isWindows: true
18:29:10.476 [FXGL Background Thread 3 ] DEBUG Engine               - language: ObjectProperty [value: ENGLISH]
18:29:10.476 [FXGL Background Thread 3 ] DEBUG Engine               - menuKey: ESCAPE
18:29:10.476 [FXGL Background Thread 3 ] DEBUG Engine               - mouseSensitivity: 0.2
18:29:10.476 [FXGL Background Thread 3 ] DEBUG Engine               - notificationViewClass: class com.almasb.fxgl.notification.view.XboxNotificationView
18:29:10.476 [FXGL Background Thread 3 ] DEBUG Engine               - pixelsPerMeter: 50.0
18:29:10.476 [FXGL Background Thread 3 ] DEBUG Engine               - platform: WINDOWS
18:29:10.476 [FXGL Background Thread 3 ] DEBUG Engine               - prefHeightProperty: ReadOnlyDoubleProperty [value: 720.0]
18:29:10.476 [FXGL Background Thread 3 ] DEBUG Engine               - prefWidthProperty: ReadOnlyDoubleProperty [value: 1280.0]
18:29:10.476 [FXGL Background Thread 3 ] DEBUG Engine               - profileDir: profiles/
18:29:10.476 [FXGL Background Thread 3 ] DEBUG Engine               - profileName: StringProperty [value: DEFAULT]
18:29:10.477 [FXGL Background Thread 3 ] DEBUG Engine               - randomSeed: -1
18:29:10.477 [FXGL Background Thread 3 ] DEBUG Engine               - runtimeInfo: RuntimeInfo(platform=WINDOWS, version=17.2, build=20.08.2022 16.50)
18:29:10.477 [FXGL Background Thread 3 ] DEBUG Engine               - saveFileExt: sav
18:29:10.477 [FXGL Background Thread 3 ] DEBUG Engine               - scaledHeightProp$fxgl: DoubleProperty [bound, value: 720.0]
18:29:10.477 [FXGL Background Thread 3 ] DEBUG Engine               - scaledWidthProp$fxgl: DoubleProperty [bound, value: 1280.0]
18:29:10.477 [FXGL Background Thread 3 ] DEBUG Engine               - sceneFactory: com.sunsofgod.PlatformerApp$1@267dcd20
18:29:10.477 [FXGL Background Thread 3 ] DEBUG Engine               - secondsIn24h: 60
18:29:10.477 [FXGL Background Thread 3 ] DEBUG Engine               - soundMenuBack: menu/back.wav
18:29:10.477 [FXGL Background Thread 3 ] DEBUG Engine               - soundMenuPress: menu/press.wav
18:29:10.477 [FXGL Background Thread 3 ] DEBUG Engine               - soundMenuSelect: menu/select.wav
18:29:10.477 [FXGL Background Thread 3 ] DEBUG Engine               - soundNotification: core/notification.wav
18:29:10.477 [FXGL Background Thread 3 ] DEBUG Engine               - stageStyle: DECORATED
18:29:10.477 [FXGL Background Thread 3 ] DEBUG Engine               - supportedLanguages: [ENGLISH, FRENCH, GERMAN, HUNGARIAN, RUSSIAN]
18:29:10.477 [FXGL Background Thread 3 ] DEBUG Engine               - ticksPerSecond: -1
18:29:10.477 [FXGL Background Thread 3 ] DEBUG Engine               - title: Untitled
18:29:10.477 [FXGL Background Thread 3 ] DEBUG Engine               - urlGithub: https://github.com/AlmasB/FXGL
18:29:10.478 [FXGL Background Thread 3 ] DEBUG Engine               - urlLeaderboard: http://fxgl-top.herokuapp.com/
18:29:10.478 [FXGL Background Thread 3 ] DEBUG Engine               - urlPOM: https://raw.githubusercontent.com/AlmasB/FXGL/release/README.md
18:29:10.478 [FXGL Background Thread 3 ] DEBUG Engine               - userAppClass: class com.sunsofgod.PlatformerApp
18:29:10.478 [FXGL Background Thread 3 ] DEBUG Engine               - version: 0.0
18:29:10.478 [FXGL Background Thread 3 ] DEBUG Engine               - versionCheckDays: 7
18:29:10.478 [FXGL Background Thread 3 ] DEBUG Engine               - width: 1280
18:29:10.478 [FXGL Background Thread 3 ] DEBUG Engine               - Logging services
18:29:10.478 [FXGL Background Thread 3 ] DEBUG Engine               - class com.almasb.fxgl.app.services.FXGLAssetLoaderService
18:29:10.478 [FXGL Background Thread 3 ] DEBUG Engine               - class com.almasb.fxgl.app.FXGLApplication$GameApplicationService
18:29:10.478 [FXGL Background Thread 3 ] DEBUG Engine               - class com.almasb.fxgl.app.services.FXGLDialogService
18:29:10.478 [FXGL Background Thread 3 ] DEBUG Engine               - class com.almasb.fxgl.app.services.IOTaskExecutorService
18:29:10.478 [FXGL Background Thread 3 ] DEBUG Engine               - class com.almasb.fxgl.io.FileSystemService
18:29:10.478 [FXGL Background Thread 3 ] DEBUG Engine               - class com.almasb.fxgl.localization.LocalizationService
18:29:10.478 [FXGL Background Thread 3 ] DEBUG Engine               - class com.almasb.fxgl.app.services.SystemBundleService
18:29:10.478 [FXGL Background Thread 3 ] DEBUG Engine               - class com.almasb.fxgl.profile.SaveLoadService
18:29:10.478 [FXGL Background Thread 3 ] DEBUG Engine               - class com.almasb.fxgl.ui.FXGLUIFactoryServiceProvider
18:29:10.478 [FXGL Background Thread 3 ] DEBUG Engine               - class com.almasb.fxgl.ui.FXGLDialogFactoryServiceProvider
18:29:10.478 [FXGL Background Thread 3 ] DEBUG Engine               - class com.almasb.fxgl.audio.AudioPlayer
18:29:10.478 [FXGL Background Thread 3 ] DEBUG Engine               - class com.almasb.fxgl.notification.impl.NotificationServiceProvider
18:29:10.478 [FXGL Background Thread 3 ] DEBUG Engine               - class com.almasb.fxgl.achievement.AchievementService
18:29:10.478 [FXGL Background Thread 3 ] DEBUG Engine               - class com.almasb.fxgl.cutscene.CutsceneService
18:29:10.478 [FXGL Background Thread 3 ] DEBUG Engine               - class com.almasb.fxgl.minigames.MiniGameService
18:29:10.478 [FXGL Background Thread 3 ] DEBUG Engine               - class com.almasb.fxgl.net.NetService
18:29:10.478 [FXGL Background Thread 3 ] DEBUG Engine               - class com.almasb.fxgl.app.services.UpdaterService
18:29:10.478 [FXGL Background Thread 3 ] DEBUG Engine               - class com.almasb.fxgl.dev.DevService
18:29:11.001 [JavaFX Application Thread] DEBUG PrimaryStageWindow   - Push state: LevelSelectScene
18:29:11.001 [JavaFX Application Thread] DEBUG Input                - Clearing active input actions
18:29:11.002 [JavaFX Application Thread] DEBUG GameApplicationServi - Removing overlay from PlayerSelectScene and adding to LevelSelectScene
18:29:11.003 [JavaFX Application Thread] DEBUG PrimaryStageWindow   - PlayerSelectScene -> LevelSelectScene
18:29:23.849 [JavaFX Application Thread] DEBUG PrimaryStageWindow   - Pop state: LevelSelectScene
18:29:23.849 [JavaFX Application Thread] DEBUG Input                - Clearing active input actions
18:29:23.850 [JavaFX Application Thread] DEBUG GameApplicationServi - Removing overlay from LevelSelectScene and adding to PlayerSelectScene
18:29:23.851 [JavaFX Application Thread] DEBUG PrimaryStageWindow   - PlayerSelectScene <- LevelSelectScene
18:29:26.414 [JavaFX Application Thread] DEBUG PrimaryStageWindow   - Push state: LevelSelectScene
18:29:26.415 [JavaFX Application Thread] DEBUG Input                - Clearing active input actions
18:29:26.415 [JavaFX Application Thread] DEBUG GameApplicationServi - Removing overlay from PlayerSelectScene and adding to LevelSelectScene
18:29:26.416 [JavaFX Application Thread] DEBUG PrimaryStageWindow   - PlayerSelectScene -> LevelSelectScene
18:29:38.830 [JavaFX Application Thread] DEBUG PrimaryStageWindow   - Pop state: LevelSelectScene
18:29:38.830 [JavaFX Application Thread] DEBUG Input                - Clearing active input actions
18:29:38.830 [JavaFX Application Thread] DEBUG GameApplicationServi - Removing overlay from LevelSelectScene and adding to PlayerSelectScene
18:29:38.831 [JavaFX Application Thread] DEBUG PrimaryStageWindow   - PlayerSelectScene <- LevelSelectScene
18:29:42.426 [JavaFX Application Thread] DEBUG PrimaryStageWindow   - Push state: LevelSelectScene
18:29:42.426 [JavaFX Application Thread] DEBUG Input                - Clearing active input actions
18:29:42.427 [JavaFX Application Thread] DEBUG GameApplicationServi - Removing overlay from PlayerSelectScene and adding to LevelSelectScene
18:29:42.428 [JavaFX Application Thread] DEBUG PrimaryStageWindow   - PlayerSelectScene -> LevelSelectScene
18:29:51.976 [JavaFX Application Thread] DEBUG PrimaryStageWindow   - Pop state: LevelSelectScene
18:29:51.976 [JavaFX Application Thread] DEBUG Input                - Clearing active input actions
18:29:51.977 [JavaFX Application Thread] DEBUG GameApplicationServi - Removing overlay from LevelSelectScene and adding to PlayerSelectScene
18:29:51.977 [JavaFX Application Thread] DEBUG PrimaryStageWindow   - PlayerSelectScene <- LevelSelectScene
18:29:56.605 [JavaFX Application Thread] DEBUG PrimaryStageWindow   - Push state: LevelSelectScene
18:29:56.605 [JavaFX Application Thread] DEBUG Input                - Clearing active input actions
18:29:56.605 [JavaFX Application Thread] DEBUG GameApplicationServi - Removing overlay from PlayerSelectScene and adding to LevelSelectScene
18:29:56.606 [JavaFX Application Thread] DEBUG PrimaryStageWindow   - PlayerSelectScene -> LevelSelectScene
18:32:02.384 [JavaFX Application Thread] DEBUG PrimaryStageWindow   - Pop state: LevelSelectScene
18:32:02.384 [JavaFX Application Thread] DEBUG Input                - Clearing active input actions
18:32:02.385 [JavaFX Application Thread] DEBUG GameApplicationServi - Removing overlay from LevelSelectScene and adding to PlayerSelectScene
18:32:02.385 [JavaFX Application Thread] DEBUG PrimaryStageWindow   - PlayerSelectScene <- LevelSelectScene
20:47:42.922 [JavaFX Application Thread] DEBUG PrimaryStageWindow   - Push state: LevelSelectScene
20:47:42.922 [JavaFX Application Thread] DEBUG Input                - Clearing active input actions
20:47:42.923 [JavaFX Application Thread] DEBUG GameApplicationServi - Removing overlay from PlayerSelectScene and adding to LevelSelectScene
20:47:42.924 [JavaFX Application Thread] DEBUG PrimaryStageWindow   - PlayerSelectScene -> LevelSelectScene
20:47:49.165 [JavaFX Application Thread] DEBUG FXGLApplication      - Exiting FXGL
20:47:49.165 [JavaFX Application Thread] DEBUG LoopRunner           - Stopping loop
20:47:49.165 [JavaFX Application Thread] DEBUG SystemBundleService  - Saving FXGL system data
20:47:49.167 [JavaFX Application Thread] DEBUG FileSystemAccess     - Writing to: C:\Users\jamie\OneDrive\Pictures\JavaFXGame\system\fxgl.bundle
20:47:49.169 [JavaFX Application Thread] DEBUG Async                - Shutting down background threads
20:47:49.169 [JavaFX Application Thread] DEBUG PrimaryStageWindow   - Closing main window
20:47:49.176 [JavaFX Application Thread] DEBUG Logger               - Closing Logger
