23:47:46.688 [main                     ] DEBUG Logger               - Configured Logger
23:47:46.703 [main                     ] DEBUG GameApplication      - Logging settings
Title: Untitled
Version: 0.0
Width: 1280
Height: 720
Fullscreen: false
Intro: false
Profiling: false
Single step:false
App Mode: DEVELOPER
Menu Key: ESCAPE
Stage Style: DECORATED
Scene Factory: class com.sunsofgod.PlatformerApp$1

23:47:47.064 [JavaFX Application Thread] DEBUG FXGLApplication      - Initializing FXGL
23:47:47.067 [JavaFX Application Thread] INFO  Engine               - FXGL-17.2 (20.08.2022 16.50) on MAC (J:17.0.2 FX:17.0.12)
23:47:47.067 [JavaFX Application Thread] DEBUG Engine               - JRE Vendor Name: Oracle Corporation
23:47:47.067 [JavaFX Application Thread] DEBUG Engine               - Running on OS: Mac OS X version 15.1
23:47:47.068 [JavaFX Application Thread] DEBUG Engine               - Architecture: aarch64
23:47:47.068 [JavaFX Application Thread] INFO  Engine               - Source code and latest versions at: https://github.com/AlmasB/FXGL
23:47:47.068 [JavaFX Application Thread] INFO  Engine               -       Ask questions and discuss at: https://github.com/AlmasB/FXGL/discussions
23:47:47.068 [JavaFX Application Thread] INFO  Engine               -              Join the FXGL chat at: https://gitter.im/AlmasB/FXGL
23:47:47.115 [JavaFX Application Thread] DEBUG PrimaryStageWindow   - Creating a JavaFX scene
23:47:47.136 [JavaFX Application Thread] DEBUG PrimaryStageWindow   - Target settings size: 1280.0 x 720.0
23:47:47.137 [JavaFX Application Thread] DEBUG PrimaryStageWindow   - Scaled scene size:    1280.0 x 720.0
23:47:47.137 [JavaFX Application Thread] DEBUG PrimaryStageWindow   - Scaled ratio: (1.0, 1.0)
23:47:47.137 [JavaFX Application Thread] DEBUG PrimaryStageWindow   - Set initial scene to FXGLStartupScene
23:47:47.140 [JavaFX Application Thread] DEBUG PrimaryStageWindow   - Opening main window
23:47:47.260 [JavaFX Application Thread] DEBUG PrimaryStageWindow   - Window border size: (0.0, 28.0)
23:47:47.260 [JavaFX Application Thread] DEBUG PrimaryStageWindow   - Scaled size: 1280.0 x 720.0
23:47:47.260 [JavaFX Application Thread] DEBUG PrimaryStageWindow   - Scaled ratio: (1.0, 1.0)
23:47:47.260 [JavaFX Application Thread] DEBUG PrimaryStageWindow   - Scene size: 1280.0 x 720.0
23:47:47.261 [JavaFX Application Thread] DEBUG PrimaryStageWindow   - Stage size: 1280.0 x 748.0
23:47:47.268 [FXGL Background Thread 1 ] DEBUG Engine               - Initializing environment variables
23:47:47.302 [FXGL Background Thread 1 ] DEBUG FXGLAssetLoaderServi - User app class for loading assets: class com.sunsofgod.PlatformerApp
23:47:47.303 [FXGL Background Thread 1 ] DEBUG GameApplicationServi - Applying CSS: fxgl_dark.css
23:47:47.304 [FXGL Background Thread 1 ] DEBUG FXGLAssetLoaderServi - Loading from file system: jar:file:///Users/aaron/.m2/repository/com/github/almasb/fxgl/17.2/fxgl-17.2.jar!/fxglassets/ui/css/fxgl_dark.css
23:47:47.359 [FXGL Background Thread 1 ] DEBUG GameApplicationServi - Initializing application scenes
23:47:47.498 [FXGL Background Thread 1 ] WARN  FXGLAssetLoaderServi - Asset "/assets/textures/player.png" was not found!
23:47:47.498 [FXGL Background Thread 1 ] WARN  FXGLAssetLoaderServi - Failed to load IMAGE
23:47:47.532 [FXGL Background Thread 1 ] DEBUG GameWorld            - Game world initialized
23:47:47.566 [FXGL Background Thread 1 ] DEBUG PhysicsWorld         - Physics world initialized: appHeight=720, physics.ppm=50.0
23:47:47.567 [FXGL Background Thread 1 ] DEBUG PhysicsWorld         - Using strategy: BRUTE_FORCE
23:47:47.568 [FXGL Background Thread 1 ] DEBUG GameScene            - Game scene initialized: 1280x720
23:47:47.961 [FXGL Background Thread 1 ] DEBUG FXGL.DefaultMenu     - createMenuBodyGameMenu()
23:47:47.967 [FXGL Background Thread 1 ] DEBUG FXGL.DefaultMenu     - createOptionsMenu()
23:47:47.970 [FXGL Background Thread 1 ] DEBUG FXGLAssetLoaderServi - Loading from file system: jar:file:///Users/aaron/.m2/repository/com/github/almasb/fxgl/17.2/fxgl-17.2.jar!/fxglassets/textures/particles/smoke.png
23:47:48.004 [FXGL Background Thread 1 ] DEBUG FXGLAssetLoaderServi - Loading from file system: jar:file:///Users/aaron/.m2/repository/com/github/almasb/fxgl/17.2/fxgl-17.2.jar!/fxglassets/textures/particles/trace_horizontal.png
23:47:48.012 [FXGL Background Thread 1 ] DEBUG GameApplicationServi - Application scenes initialized
23:47:48.018 [FXGL Background Thread 1 ] DEBUG SystemBundleService  - Loading FXGL system data
23:47:48.021 [FXGL Background Thread 1 ] DEBUG FileSystemAccess     - Reading from: /Users/aaron/JavaFXGame/system/fxgl.bundle
23:47:48.024 [FXGL Background Thread 1 ] DEBUG SystemBundleService  - Bundle FXGL: {}
23:47:48.024 [FXGL Background Thread 1 ] DEBUG UpdaterService       - Checking for updates
23:47:48.037 [FXGL Background Thread 4 ] DEBUG FXGLApplication      - Loading fonts
23:47:48.037 [FXGL Background Thread 1 ] DEBUG FXGLApplication      - Loading default localization
23:47:48.037 [FXGL Background Thread 4 ] DEBUG FXGLAssetLoaderServi - Loading from file system: jar:file:///Users/aaron/.m2/repository/com/github/almasb/fxgl/17.2/fxgl-17.2.jar!/fxglassets/ui/fonts/VarelaRound-Regular.ttf
23:47:48.037 [FXGL Background Thread 1 ] DEBUG FXGLAssetLoaderServi - Loading from file system: jar:file:///Users/aaron/.m2/repository/com/github/almasb/fxgl/17.2/fxgl-17.2.jar!/fxglassets/languages/english.lang
23:47:48.051 [FXGL Background Thread 4 ] DEBUG FXGLAssetLoaderServi - Loading from file system: jar:file:///Users/aaron/.m2/repository/com/github/almasb/fxgl/17.2/fxgl-17.2.jar!/fxglassets/ui/fonts/Abel-Regular.ttf
23:47:48.053 [FXGL Background Thread 4 ] DEBUG FXGLAssetLoaderServi - Loading from file system: jar:file:///Users/aaron/.m2/repository/com/github/almasb/fxgl/17.2/fxgl-17.2.jar!/fxglassets/ui/fonts/TerminalLandMono-Regular.otf
23:47:48.054 [FXGL Background Thread 1 ] INFO  FXGLApplication      - FXGL initialization took: 0.786 sec
23:47:48.056 [JavaFX Application Thread] DEBUG FXGLAssetLoaderServi - Loading from file system: jar:file:///Users/aaron/.m2/repository/com/github/almasb/fxgl/17.2/fxgl-17.2.jar!/fxglassets/textures/fxgl_icon.png
23:47:48.060 [FXGL Background Thread 4 ] DEBUG FXGLAssetLoaderServi - Loading from file system: jar:file:///Users/aaron/.m2/repository/com/github/almasb/fxgl/17.2/fxgl-17.2.jar!/fxglassets/ui/fonts/Courier-Prime.ttf
23:47:48.071 [JavaFX Application Thread] DEBUG FXGLAssetLoaderServi - Loading from file system: jar:file:///Users/aaron/.m2/repository/com/github/almasb/fxgl/17.2/fxgl-17.2.jar!/fxglassets/textures/fxgl_default_cursor.png
23:47:48.076 [JavaFX Application Thread] DEBUG Input                - Registered new binding: Screenshot - CTRL+8
23:47:48.076 [JavaFX Application Thread] DEBUG Input                - Registered new binding: Dev Options - 1
23:47:48.076 [JavaFX Application Thread] DEBUG Input                - Registered new binding: Dev Console - 2
23:47:48.077 [JavaFX Application Thread] DEBUG Input                - Registered new binding: System info dump - CTRL+9
23:47:48.077 [JavaFX Application Thread] DEBUG Input                - Registered new binding: Restart - CTRL+R
23:47:48.077 [JavaFX Application Thread] DEBUG Input                - Registered new binding: Toggle Debug Camera - CTRL+7
23:47:48.078 [JavaFX Application Thread] DEBUG LoopRunner           - Starting loop
23:47:48.084 [JavaFX Application Thread] DEBUG LoopRunner           - Initializing JavaFX AnimationTimerLoop
23:47:48.085 [JavaFX Application Thread] DEBUG Input                - Clearing active input actions
23:47:48.088 [JavaFX Application Thread] DEBUG GameApplicationServi - Removing overlay from FXGLStartupScene and adding to FXGLMainMenuDummyScene
23:47:48.089 [JavaFX Application Thread] DEBUG PrimaryStageWindow   - FXGLStartupScene -> FXGLMainMenuDummyScene
23:47:48.089 [JavaFX Application Thread] DEBUG PrimaryStageWindow   - Push state: RiderMainMenuScene
23:47:48.090 [JavaFX Application Thread] DEBUG Input                - Clearing active input actions
23:47:48.092 [JavaFX Application Thread] DEBUG GameApplicationServi - Removing overlay from FXGLMainMenuDummyScene and adding to RiderMainMenuScene
23:47:48.092 [JavaFX Application Thread] DEBUG PrimaryStageWindow   - FXGLMainMenuDummyScene -> RiderMainMenuScene
23:47:48.188 [JavaFX Application Thread] DEBUG FXGLApplication      - Registering font factories with UI factory
23:47:48.426 [FXGL Background Thread 2 ] INFO  UpdaterService       - Your current version:  17.2
23:47:48.426 [FXGL Background Thread 2 ] INFO  UpdaterService       - Latest stable version: 21.1
23:47:49.275 [JavaFX Application Thread] DEBUG PrimaryStageWindow   - Push state: PlayerSelectScene
23:47:49.275 [JavaFX Application Thread] DEBUG Input                - Clearing active input actions
23:47:49.276 [JavaFX Application Thread] DEBUG GameApplicationServi - Removing overlay from RiderMainMenuScene and adding to PlayerSelectScene
23:47:49.277 [JavaFX Application Thread] DEBUG PrimaryStageWindow   - RiderMainMenuScene -> PlayerSelectScene
23:47:51.041 [FXGL Background Thread 3 ] DEBUG Engine               - Logging environment variables
23:47:51.041 [FXGL Background Thread 3 ] DEBUG Engine               - achievements: []
23:47:51.042 [FXGL Background Thread 3 ] DEBUG Engine               - actualHeight: 720.0
23:47:51.042 [FXGL Background Thread 3 ] DEBUG Engine               - actualHeightProperty: ReadOnlyDoubleProperty [value: 720.0]
23:47:51.042 [FXGL Background Thread 3 ] DEBUG Engine               - actualWidth: 1280.0
23:47:51.042 [FXGL Background Thread 3 ] DEBUG Engine               - actualWidthProperty: ReadOnlyDoubleProperty [value: 1280.0]
23:47:51.042 [FXGL Background Thread 3 ] DEBUG Engine               - appIcon: fxgl_icon.png
23:47:51.042 [FXGL Background Thread 3 ] DEBUG Engine               - applicationMode: DEVELOPER
23:47:51.042 [FXGL Background Thread 3 ] DEBUG Engine               - cSSList: [fxgl_dark.css]
23:47:51.042 [FXGL Background Thread 3 ] DEBUG Engine               - collisionDetectionStrategy: BRUTE_FORCE
23:47:51.042 [FXGL Background Thread 3 ] DEBUG Engine               - configClass: Optional.empty
23:47:51.042 [FXGL Background Thread 3 ] DEBUG Engine               - credits: []
23:47:51.042 [FXGL Background Thread 3 ] DEBUG Engine               - defaultCursor: CursorInfo(imageName=fxgl_default_cursor.png, hotspotX=7.0, hotspotY=6.0)
23:47:51.043 [FXGL Background Thread 3 ] DEBUG Engine               - devBBoxColorProperty: ObjectProperty [value: 0xff0000ff]
23:47:51.043 [FXGL Background Thread 3 ] DEBUG Engine               - devEnableDebugCameraProperty: BooleanProperty [value: false]
23:47:51.043 [FXGL Background Thread 3 ] DEBUG Engine               - devSensorColorProperty: ObjectProperty [value: 0xffff00ff]
23:47:51.043 [FXGL Background Thread 3 ] DEBUG Engine               - devShowBBoxProperty: BooleanProperty [value: false]
23:47:51.043 [FXGL Background Thread 3 ] DEBUG Engine               - devShowPositionProperty: BooleanProperty [value: false]
23:47:51.043 [FXGL Background Thread 3 ] DEBUG Engine               - enabledMenuItems: []
23:47:51.043 [FXGL Background Thread 3 ] DEBUG Engine               - engineServices: [class com.almasb.fxgl.app.services.FXGLAssetLoaderService, class com.almasb.fxgl.app.FXGLApplication$GameApplicationService, class com.almasb.fxgl.app.services.FXGLDialogService, class com.almasb.fxgl.app.services.IOTaskExecutorService, class com.almasb.fxgl.io.FileSystemService, class com.almasb.fxgl.localization.LocalizationService, class com.almasb.fxgl.app.services.SystemBundleService, class com.almasb.fxgl.profile.SaveLoadService, class com.almasb.fxgl.ui.FXGLUIFactoryServiceProvider, class com.almasb.fxgl.ui.FXGLDialogFactoryServiceProvider, class com.almasb.fxgl.audio.AudioPlayer, class com.almasb.fxgl.notification.impl.NotificationServiceProvider, class com.almasb.fxgl.achievement.AchievementService, class com.almasb.fxgl.cutscene.CutsceneService, class com.almasb.fxgl.minigames.MiniGameService, class com.almasb.fxgl.net.NetService, class com.almasb.fxgl.app.services.UpdaterService, class com.almasb.fxgl.dev.DevService]
23:47:51.043 [FXGL Background Thread 3 ] DEBUG Engine               - fontGame: Abel-Regular.ttf
23:47:51.043 [FXGL Background Thread 3 ] DEBUG Engine               - fontMono: TerminalLandMono-Regular.otf
23:47:51.043 [FXGL Background Thread 3 ] DEBUG Engine               - fontText: Courier-Prime.ttf
23:47:51.043 [FXGL Background Thread 3 ] DEBUG Engine               - fontUI: VarelaRound-Regular.ttf
23:47:51.043 [FXGL Background Thread 3 ] DEBUG Engine               - fullScreen: BooleanProperty [value: false]
23:47:51.043 [FXGL Background Thread 3 ] DEBUG Engine               - gameDifficulty: MEDIUM
23:47:51.043 [FXGL Background Thread 3 ] DEBUG Engine               - gameDifficultyProperty: ObjectProperty [value: MEDIUM]
23:47:51.043 [FXGL Background Thread 3 ] DEBUG Engine               - globalMusicVolume: 0.5
23:47:51.043 [FXGL Background Thread 3 ] DEBUG Engine               - globalMusicVolumeProperty: DoubleProperty [value: 0.25]
23:47:51.044 [FXGL Background Thread 3 ] DEBUG Engine               - globalSoundVolume: 0.5
23:47:51.044 [FXGL Background Thread 3 ] DEBUG Engine               - globalSoundVolumeProperty: DoubleProperty [value: 0.5]
23:47:51.044 [FXGL Background Thread 3 ] DEBUG Engine               - height: 720
23:47:51.044 [FXGL Background Thread 3 ] DEBUG Engine               - is3D: false
23:47:51.044 [FXGL Background Thread 3 ] DEBUG Engine               - isAndroid: false
23:47:51.044 [FXGL Background Thread 3 ] DEBUG Engine               - isBrowser: false
23:47:51.044 [FXGL Background Thread 3 ] DEBUG Engine               - isClickFeedbackEnabled: false
23:47:51.044 [FXGL Background Thread 3 ] DEBUG Engine               - isCloseConfirmation: false
23:47:51.044 [FXGL Background Thread 3 ] DEBUG Engine               - isDesktop: true
23:47:51.044 [FXGL Background Thread 3 ] DEBUG Engine               - isDeveloperMenuEnabled: true
23:47:51.044 [FXGL Background Thread 3 ] DEBUG Engine               - isEmbedded: false
23:47:51.044 [FXGL Background Thread 3 ] DEBUG Engine               - isEntityPreloadEnabled: true
23:47:51.044 [FXGL Background Thread 3 ] DEBUG Engine               - isExperimentalTiledLargeMap: false
23:47:51.044 [FXGL Background Thread 3 ] DEBUG Engine               - isFileSystemWriteAllowed: true
23:47:51.044 [FXGL Background Thread 3 ] DEBUG Engine               - isFullScreenAllowed: false
23:47:51.044 [FXGL Background Thread 3 ] DEBUG Engine               - isFullScreenFromStart: false
23:47:51.044 [FXGL Background Thread 3 ] DEBUG Engine               - isGameMenuEnabled: true
23:47:51.044 [FXGL Background Thread 3 ] DEBUG Engine               - isIOS: false
23:47:51.044 [FXGL Background Thread 3 ] DEBUG Engine               - isIntroEnabled: false
23:47:51.044 [FXGL Background Thread 3 ] DEBUG Engine               - isLinux: false
23:47:51.045 [FXGL Background Thread 3 ] DEBUG Engine               - isMac: true
23:47:51.045 [FXGL Background Thread 3 ] DEBUG Engine               - isMainMenuEnabled: true
23:47:51.045 [FXGL Background Thread 3 ] DEBUG Engine               - isManualResizeEnabled: false
23:47:51.045 [FXGL Background Thread 3 ] DEBUG Engine               - isMobile: false
23:47:51.045 [FXGL Background Thread 3 ] DEBUG Engine               - isNative: false
23:47:51.045 [FXGL Background Thread 3 ] DEBUG Engine               - isPauseMusicWhenMinimized: true
23:47:51.045 [FXGL Background Thread 3 ] DEBUG Engine               - isPreserveResizeRatio: false
23:47:51.045 [FXGL Background Thread 3 ] DEBUG Engine               - isProfilingEnabled: false
23:47:51.045 [FXGL Background Thread 3 ] DEBUG Engine               - isScaleAffectedOnResize: true
23:47:51.045 [FXGL Background Thread 3 ] DEBUG Engine               - isSingleStep: false
23:47:51.045 [FXGL Background Thread 3 ] DEBUG Engine               - isUserProfileEnabled: false
23:47:51.045 [FXGL Background Thread 3 ] DEBUG Engine               - isWindows: false
23:47:51.045 [FXGL Background Thread 3 ] DEBUG Engine               - language: ObjectProperty [value: ENGLISH]
23:47:51.045 [FXGL Background Thread 3 ] DEBUG Engine               - menuKey: ESCAPE
23:47:51.045 [FXGL Background Thread 3 ] DEBUG Engine               - mouseSensitivity: 0.2
23:47:51.045 [FXGL Background Thread 3 ] DEBUG Engine               - notificationViewClass: class com.almasb.fxgl.notification.view.XboxNotificationView
23:47:51.045 [FXGL Background Thread 3 ] DEBUG Engine               - pixelsPerMeter: 50.0
23:47:51.045 [FXGL Background Thread 3 ] DEBUG Engine               - platform: MAC
23:47:51.045 [FXGL Background Thread 3 ] DEBUG Engine               - prefHeightProperty: ReadOnlyDoubleProperty [value: 720.0]
23:47:51.046 [FXGL Background Thread 3 ] DEBUG Engine               - prefWidthProperty: ReadOnlyDoubleProperty [value: 1280.0]
23:47:51.046 [FXGL Background Thread 3 ] DEBUG Engine               - profileDir: profiles/
23:47:51.046 [FXGL Background Thread 3 ] DEBUG Engine               - profileName: StringProperty [value: DEFAULT]
23:47:51.046 [FXGL Background Thread 3 ] DEBUG Engine               - randomSeed: -1
23:47:51.046 [FXGL Background Thread 3 ] DEBUG Engine               - runtimeInfo: RuntimeInfo(platform=MAC, version=17.2, build=20.08.2022 16.50)
23:47:51.046 [FXGL Background Thread 3 ] DEBUG Engine               - saveFileExt: sav
23:47:51.046 [FXGL Background Thread 3 ] DEBUG Engine               - scaledHeightProp$fxgl: DoubleProperty [bound, value: 720.0]
23:47:51.046 [FXGL Background Thread 3 ] DEBUG Engine               - scaledWidthProp$fxgl: DoubleProperty [bound, value: 1280.0]
23:47:51.046 [FXGL Background Thread 3 ] DEBUG Engine               - sceneFactory: com.sunsofgod.PlatformerApp$1@8ca6606
23:47:51.046 [FXGL Background Thread 3 ] DEBUG Engine               - secondsIn24h: 60
23:47:51.046 [FXGL Background Thread 3 ] DEBUG Engine               - soundMenuBack: menu/back.wav
23:47:51.046 [FXGL Background Thread 3 ] DEBUG Engine               - soundMenuPress: menu/press.wav
23:47:51.046 [FXGL Background Thread 3 ] DEBUG Engine               - soundMenuSelect: menu/select.wav
23:47:51.047 [FXGL Background Thread 3 ] DEBUG Engine               - soundNotification: core/notification.wav
23:47:51.047 [FXGL Background Thread 3 ] DEBUG Engine               - stageStyle: DECORATED
23:47:51.047 [FXGL Background Thread 3 ] DEBUG Engine               - supportedLanguages: [ENGLISH, FRENCH, GERMAN, HUNGARIAN, RUSSIAN]
23:47:51.047 [FXGL Background Thread 3 ] DEBUG Engine               - ticksPerSecond: -1
23:47:51.047 [FXGL Background Thread 3 ] DEBUG Engine               - title: Untitled
23:47:51.047 [FXGL Background Thread 3 ] DEBUG Engine               - urlGithub: https://github.com/AlmasB/FXGL
23:47:51.047 [FXGL Background Thread 3 ] DEBUG Engine               - urlLeaderboard: http://fxgl-top.herokuapp.com/
23:47:51.047 [FXGL Background Thread 3 ] DEBUG Engine               - urlPOM: https://raw.githubusercontent.com/AlmasB/FXGL/release/README.md
23:47:51.047 [FXGL Background Thread 3 ] DEBUG Engine               - userAppClass: class com.sunsofgod.PlatformerApp
23:47:51.047 [FXGL Background Thread 3 ] DEBUG Engine               - version: 0.0
23:47:51.047 [FXGL Background Thread 3 ] DEBUG Engine               - versionCheckDays: 7
23:47:51.047 [FXGL Background Thread 3 ] DEBUG Engine               - width: 1280
23:47:51.047 [FXGL Background Thread 3 ] DEBUG Engine               - Logging services
23:47:51.047 [FXGL Background Thread 3 ] DEBUG Engine               - class com.almasb.fxgl.app.services.FXGLAssetLoaderService
23:47:51.047 [FXGL Background Thread 3 ] DEBUG Engine               - class com.almasb.fxgl.app.FXGLApplication$GameApplicationService
23:47:51.047 [FXGL Background Thread 3 ] DEBUG Engine               - class com.almasb.fxgl.app.services.FXGLDialogService
23:47:51.047 [FXGL Background Thread 3 ] DEBUG Engine               - class com.almasb.fxgl.app.services.IOTaskExecutorService
23:47:51.047 [FXGL Background Thread 3 ] DEBUG Engine               - class com.almasb.fxgl.io.FileSystemService
23:47:51.047 [FXGL Background Thread 3 ] DEBUG Engine               - class com.almasb.fxgl.localization.LocalizationService
23:47:51.047 [FXGL Background Thread 3 ] DEBUG Engine               - class com.almasb.fxgl.app.services.SystemBundleService
23:47:51.047 [FXGL Background Thread 3 ] DEBUG Engine               - class com.almasb.fxgl.profile.SaveLoadService
23:47:51.047 [FXGL Background Thread 3 ] DEBUG Engine               - class com.almasb.fxgl.ui.FXGLUIFactoryServiceProvider
23:47:51.047 [FXGL Background Thread 3 ] DEBUG Engine               - class com.almasb.fxgl.ui.FXGLDialogFactoryServiceProvider
23:47:51.047 [FXGL Background Thread 3 ] DEBUG Engine               - class com.almasb.fxgl.audio.AudioPlayer
23:47:51.048 [FXGL Background Thread 3 ] DEBUG Engine               - class com.almasb.fxgl.notification.impl.NotificationServiceProvider
23:47:51.048 [FXGL Background Thread 3 ] DEBUG Engine               - class com.almasb.fxgl.achievement.AchievementService
23:47:51.048 [FXGL Background Thread 3 ] DEBUG Engine               - class com.almasb.fxgl.cutscene.CutsceneService
23:47:51.048 [FXGL Background Thread 3 ] DEBUG Engine               - class com.almasb.fxgl.minigames.MiniGameService
23:47:51.048 [FXGL Background Thread 3 ] DEBUG Engine               - class com.almasb.fxgl.net.NetService
23:47:51.048 [FXGL Background Thread 3 ] DEBUG Engine               - class com.almasb.fxgl.app.services.UpdaterService
23:47:51.048 [FXGL Background Thread 3 ] DEBUG Engine               - class com.almasb.fxgl.dev.DevService
23:47:54.859 [JavaFX Application Thread] DEBUG PrimaryStageWindow   - Pop state: PlayerSelectScene
23:47:54.859 [JavaFX Application Thread] DEBUG Input                - Clearing active input actions
23:47:54.860 [JavaFX Application Thread] DEBUG GameApplicationServi - Removing overlay from PlayerSelectScene and adding to RiderMainMenuScene
23:47:54.861 [JavaFX Application Thread] DEBUG PrimaryStageWindow   - RiderMainMenuScene <- PlayerSelectScene
23:47:55.082 [JavaFX Application Thread] DEBUG PrimaryStageWindow   - Push state: LevelSelectScene
23:47:55.082 [JavaFX Application Thread] DEBUG Input                - Clearing active input actions
23:47:55.083 [JavaFX Application Thread] DEBUG GameApplicationServi - Removing overlay from RiderMainMenuScene and adding to LevelSelectScene
23:47:55.083 [JavaFX Application Thread] DEBUG PrimaryStageWindow   - RiderMainMenuScene -> LevelSelectScene
23:47:56.542 [JavaFX Application Thread] DEBUG Menu                 - fireNewGame()
23:47:56.543 [JavaFX Application Thread] DEBUG GameApplicationServi - Starting new game
23:47:56.543 [JavaFX Application Thread] DEBUG PrimaryStageWindow   - Pop state: LevelSelectScene
23:47:56.543 [JavaFX Application Thread] DEBUG Input                - Clearing active input actions
23:47:56.543 [JavaFX Application Thread] DEBUG GameApplicationServi - Removing overlay from LevelSelectScene and adding to RiderMainMenuScene
23:47:56.544 [JavaFX Application Thread] DEBUG PrimaryStageWindow   - RiderMainMenuScene <- LevelSelectScene
23:47:56.544 [JavaFX Application Thread] DEBUG PrimaryStageWindow   - Pop state: RiderMainMenuScene
23:47:56.544 [JavaFX Application Thread] DEBUG Input                - Clearing active input actions
23:47:56.544 [JavaFX Application Thread] DEBUG GameApplicationServi - Removing overlay from RiderMainMenuScene and adding to FXGLMainMenuDummyScene
23:47:56.544 [JavaFX Application Thread] DEBUG PrimaryStageWindow   - FXGLMainMenuDummyScene <- RiderMainMenuScene
23:47:56.545 [JavaFX Application Thread] DEBUG Input                - Clearing active input actions
23:47:56.548 [JavaFX Application Thread] DEBUG GameApplicationServi - Removing overlay from FXGLMainMenuDummyScene and adding to MainLoadingScene
23:47:56.552 [JavaFX Application Thread] DEBUG PrimaryStageWindow   - FXGLMainMenuDummyScene -> MainLoadingScene
23:47:56.552 [JavaFX Application Thread] DEBUG GameApplicationServi - Clearing previous game
23:47:56.552 [JavaFX Application Thread] DEBUG GameScene            - Clearing game scene
23:47:56.552 [JavaFX Application Thread] DEBUG GameWorld            - Clearing game world
23:47:56.552 [JavaFX Application Thread] DEBUG PhysicsWorld         - Clearing physics world
23:47:56.554 [FXGL Background Thread 2 ] DEBUG FXGLApplication      - Initializing game
23:47:56.577 [FXGL Background Thread 2 ] WARN  TMXLevelLoader       - TiledMap generated from 1.11.0. Supported version: 1.9.0. Some features may not be parsed fully.
23:47:56.581 [FXGL Background Thread 2 ] DEBUG TMXLevelLoader       - Parsed TiledMap: file:/Users/aaron/JavaFXGame/target/classes/assets/levels/tmx/level1.tmx
23:47:56.582 [FXGL Background Thread 2 ] DEBUG TMXLevelLoader       - Creating tile layer entities
23:47:56.583 [FXGL Background Thread 2 ] DEBUG TilesetLoader        - Loading view for layer Tile Layer 1
23:47:56.585 [FXGL Background Thread 2 ] DEBUG TilesetLoader        - Created buffer with size 1050.0x700.0
23:47:56.593 [FXGL Background Thread 2 ] DEBUG TMXLevelLoader       - Creating object layer entities
23:47:56.605 [FXGL Background Thread 2 ] DEBUG FXGLAssetLoaderServi - Loading from file system: file:/Users/aaron/JavaFXGame/target/classes/assets/textures/button.png
23:47:56.608 [FXGL Background Thread 2 ] DEBUG GameWorld            - Clearing removable entities
23:47:56.608 [FXGL Background Thread 2 ] DEBUG GameWorld            - Setting level: com.almasb.fxgl.entity.level.Level@908ef2b
23:47:56.611 [FXGL Background Thread 2 ] DEBUG FXGLAssetLoaderServi - Loading from file system: file:/Users/aaron/JavaFXGame/target/classes/assets/textures/player1.png
23:47:56.614 [JavaFX Application Thread] DEBUG LoopRunner           - Stopping loop
23:47:56.616 [JavaFX Application Thread] FATAL FXGLApplication      - Uncaught Exception:
java.lang.RuntimeException: Initialization failed
	at com.almasb.fxgl.all@17.2/com.almasb.fxgl.app.FXGLApplication$InitAppTask.failed(FXGLApplication.kt:343)
	at javafx.graphics/javafx.concurrent.Task.setState(Task.java:710)
	at javafx.graphics/javafx.concurrent.Task$TaskCallable.lambda$call$2(Task.java:1456)
	at javafx.graphics/com.sun.javafx.application.PlatformImpl.lambda$runLater$10(PlatformImpl.java:457)
	at java.base/java.security.AccessController.doPrivileged(AccessController.java:399)
	at javafx.graphics/com.sun.javafx.application.PlatformImpl.lambda$runLater$11(PlatformImpl.java:456)
	at javafx.graphics/com.sun.glass.ui.InvokeLaterDispatcher$Future.run(InvokeLaterDispatcher.java:96)
Caused by: java.lang.IndexOutOfBoundsException: Index 1 out of bounds for length 1
	at java.base/jdk.internal.util.Preconditions.outOfBounds(Preconditions.java:64)
	at java.base/jdk.internal.util.Preconditions.outOfBoundsCheckIndex(Preconditions.java:70)
	at java.base/jdk.internal.util.Preconditions.checkIndex(Preconditions.java:266)
	at java.base/java.util.Objects.checkIndex(Objects.java:359)
	at java.base/java.util.ArrayList.get(ArrayList.java:427)
	at com.sunsofgod/com.sunsofgod.PlatformerApp.spawnPlayers(PlatformerApp.java:268)
	at com.sunsofgod/com.sunsofgod.PlatformerApp.initGame(PlatformerApp.java:291)
	at com.almasb.fxgl.all@17.2/com.almasb.fxgl.app.FXGLApplication$InitAppTask.initGame(FXGLApplication.kt:339)
	at com.almasb.fxgl.all@17.2/com.almasb.fxgl.app.FXGLApplication$InitAppTask.call(FXGLApplication.kt:319)
	at com.almasb.fxgl.all@17.2/com.almasb.fxgl.app.FXGLApplication$InitAppTask.call(FXGLApplication.kt:311)
	at javafx.graphics/javafx.concurrent.Task$TaskCallable.call(Task.java:1426)
	at java.base/java.util.concurrent.FutureTask.run(FutureTask.java:264)
	at java.base/java.util.concurrent.Executors$RunnableAdapter.call(Executors.java:539)
	at java.base/java.util.concurrent.FutureTask.run(FutureTask.java:264)
	at java.base/java.util.concurrent.ThreadPoolExecutor.runWorker(ThreadPoolExecutor.java:1136)
	at java.base/java.util.concurrent.ThreadPoolExecutor$Worker.run(ThreadPoolExecutor.java:635)
	at java.base/java.lang.Thread.run(Thread.java:833)

23:47:56.616 [JavaFX Application Thread] FATAL FXGLApplication      - Application will now exit
23:47:56.619 [JavaFX Application Thread] DEBUG PrimaryStageWindow   - Push state: ErrorSubScene
23:47:56.619 [JavaFX Application Thread] DEBUG Input                - Clearing active input actions
23:47:56.619 [JavaFX Application Thread] DEBUG GameApplicationServi - Removing overlay from MainLoadingScene and adding to ErrorSubScene
23:47:56.620 [JavaFX Application Thread] DEBUG PrimaryStageWindow   - MainLoadingScene -> ErrorSubScene
23:48:36.626 [JavaFX Application Thread] DEBUG FXGLApplication      - Exiting FXGL
23:48:36.627 [JavaFX Application Thread] DEBUG Async                - Shutting down background threads
23:48:36.627 [JavaFX Application Thread] DEBUG PrimaryStageWindow   - Closing main window
23:48:36.637 [JavaFX Application Thread] DEBUG Logger               - Closing Logger
