19:41:23.143 [main                     ] DEBUG Logger               - Configured Logger
19:41:23.183 [main                     ] DEBUG GameApplication      - Logging settings
Title: Untitled
Version: 0.0
Width: 1280
Height: 720
Fullscreen: false
Intro: false
Profiling: false
Single step:false
App Mode: DEVELOPER
Menu Key: ESCAPE
Stage Style: DECORATED
Scene Factory: class com.almasb.fxgl.app.scene.SceneFactory

19:41:23.593 [JavaFX Application Thread] DEBUG FXGLApplication      - Initializing FXGL
19:41:23.601 [JavaFX Application Thread] INFO  Engine               - FXGL-17.2 (20.08.2022 16.50) on WINDOWS (J:21.0.4 FX:17.0.12)
19:41:23.601 [JavaFX Application Thread] DEBUG Engine               - JRE Vendor Name: Eclipse Adoptium
19:41:23.602 [JavaFX Application Thread] DEBUG Engine               - Running on OS: Windows 11 version 10.0
19:41:23.602 [JavaFX Application Thread] DEBUG Engine               - Architecture: amd64
19:41:23.602 [JavaFX Application Thread] INFO  Engine               - Source code and latest versions at: https://github.com/AlmasB/FXGL
19:41:23.602 [JavaFX Application Thread] INFO  Engine               -       Ask questions and discuss at: https://github.com/AlmasB/FXGL/discussions
19:41:23.603 [JavaFX Application Thread] INFO  Engine               -              Join the FXGL chat at: https://gitter.im/AlmasB/FXGL
19:41:23.720 [JavaFX Application Thread] DEBUG PrimaryStageWindow   - Creating a JavaFX scene
19:41:23.773 [JavaFX Application Thread] DEBUG PrimaryStageWindow   - Target settings size: 1280.0 x 720.0
19:41:23.773 [JavaFX Application Thread] DEBUG PrimaryStageWindow   - Scaled scene size:    1280.0 x 720.0
19:41:23.774 [JavaFX Application Thread] DEBUG PrimaryStageWindow   - Scaled ratio: (1.0, 1.0)
19:41:23.775 [JavaFX Application Thread] DEBUG PrimaryStageWindow   - Set initial scene to FXGLStartupScene
19:41:23.783 [JavaFX Application Thread] DEBUG PrimaryStageWindow   - Opening main window
19:41:23.879 [JavaFX Application Thread] DEBUG PrimaryStageWindow   - Window border size: (16.0, 39.0)
19:41:23.879 [JavaFX Application Thread] DEBUG PrimaryStageWindow   - Scaled size: 1280.0 x 720.0
19:41:23.880 [JavaFX Application Thread] DEBUG PrimaryStageWindow   - Scaled ratio: (1.0, 1.0)
19:41:23.880 [JavaFX Application Thread] DEBUG PrimaryStageWindow   - Scene size: 1280.0 x 720.0
19:41:23.880 [JavaFX Application Thread] DEBUG PrimaryStageWindow   - Stage size: 1296.0 x 759.0
19:41:23.896 [FXGL Background Thread 1 ] DEBUG Engine               - Initializing environment variables
19:41:23.978 [FXGL Background Thread 1 ] DEBUG FXGLAssetLoaderServi - User app class for loading assets: class com.sunsofgod.PlatformerApp
19:41:23.978 [FXGL Background Thread 1 ] DEBUG GameApplicationServi - Applying CSS: fxgl_dark.css
19:41:23.979 [FXGL Background Thread 1 ] DEBUG FXGLAssetLoaderServi - Loading from file system: jar:file:///C:/Users/gclm4/.m2/repository/com/github/almasb/fxgl/17.2/fxgl-17.2.jar!/fxglassets/ui/css/fxgl_dark.css
19:41:24.045 [FXGL Background Thread 1 ] DEBUG GameApplicationServi - Initializing application scenes
19:41:24.096 [FXGL Background Thread 1 ] DEBUG GameWorld            - Game world initialized
19:41:24.197 [FXGL Background Thread 1 ] DEBUG PhysicsWorld         - Physics world initialized: appHeight=720, physics.ppm=50.0
19:41:24.197 [FXGL Background Thread 1 ] DEBUG PhysicsWorld         - Using strategy: BRUTE_FORCE
19:41:24.203 [FXGL Background Thread 1 ] DEBUG GameScene            - Game scene initialized: 1280x720
19:41:24.219 [FXGL Background Thread 1 ] DEBUG FXGL.DefaultMenu     - createMenuBodyMainMenu()
19:41:24.236 [FXGL Background Thread 1 ] DEBUG FXGL.DefaultMenu     - createOptionsMenu()
19:41:24.246 [FXGL Background Thread 1 ] DEBUG FXGLAssetLoaderServi - Loading from file system: jar:file:///C:/Users/gclm4/.m2/repository/com/github/almasb/fxgl/17.2/fxgl-17.2.jar!/fxglassets/textures/particles/smoke.png
19:41:24.356 [FXGL Background Thread 1 ] DEBUG FXGLAssetLoaderServi - Loading from file system: jar:file:///C:/Users/gclm4/.m2/repository/com/github/almasb/fxgl/17.2/fxgl-17.2.jar!/fxglassets/textures/particles/trace_horizontal.png
19:41:24.400 [FXGL Background Thread 1 ] DEBUG FXGL.DefaultMenu     - createMenuBodyGameMenu()
19:41:24.402 [FXGL Background Thread 1 ] DEBUG FXGL.DefaultMenu     - createOptionsMenu()
19:41:24.420 [FXGL Background Thread 1 ] DEBUG GameApplicationServi - Application scenes initialized
19:41:24.433 [FXGL Background Thread 1 ] DEBUG SystemBundleService  - Loading FXGL system data
19:41:24.438 [FXGL Background Thread 1 ] DEBUG FileSystemAccess     - Reading from: C:\Users\gclm4\OneDrive\Desktop\JavaFXGame\system\fxgl.bundle
19:41:24.449 [FXGL Background Thread 1 ] DEBUG SystemBundleService  - Bundle FXGL: {}
19:41:24.450 [FXGL Background Thread 1 ] DEBUG UpdaterService       - Checking for updates
19:41:24.455 [FXGL Background Thread 4 ] DEBUG FXGLApplication      - Loading fonts
19:41:24.455 [FXGL Background Thread 1 ] DEBUG FXGLApplication      - Loading default localization
19:41:24.455 [FXGL Background Thread 4 ] DEBUG FXGLAssetLoaderServi - Loading from file system: jar:file:///C:/Users/gclm4/.m2/repository/com/github/almasb/fxgl/17.2/fxgl-17.2.jar!/fxglassets/ui/fonts/VarelaRound-Regular.ttf
19:41:24.456 [FXGL Background Thread 1 ] DEBUG FXGLAssetLoaderServi - Loading from file system: jar:file:///C:/Users/gclm4/.m2/repository/com/github/almasb/fxgl/17.2/fxgl-17.2.jar!/fxglassets/languages/english.lang
19:41:24.476 [FXGL Background Thread 1 ] INFO  FXGLApplication      - FXGL initialization took: 0.580 sec
19:41:24.478 [JavaFX Application Thread] DEBUG FXGLAssetLoaderServi - Loading from file system: jar:file:///C:/Users/gclm4/.m2/repository/com/github/almasb/fxgl/17.2/fxgl-17.2.jar!/fxglassets/textures/fxgl_icon.png
19:41:24.497 [FXGL Background Thread 4 ] DEBUG FXGLAssetLoaderServi - Loading from file system: jar:file:///C:/Users/gclm4/.m2/repository/com/github/almasb/fxgl/17.2/fxgl-17.2.jar!/fxglassets/ui/fonts/Abel-Regular.ttf
19:41:24.504 [FXGL Background Thread 4 ] DEBUG FXGLAssetLoaderServi - Loading from file system: jar:file:///C:/Users/gclm4/.m2/repository/com/github/almasb/fxgl/17.2/fxgl-17.2.jar!/fxglassets/ui/fonts/TerminalLandMono-Regular.otf
19:41:24.511 [FXGL Background Thread 4 ] DEBUG FXGLAssetLoaderServi - Loading from file system: jar:file:///C:/Users/gclm4/.m2/repository/com/github/almasb/fxgl/17.2/fxgl-17.2.jar!/fxglassets/ui/fonts/Courier-Prime.ttf
19:41:24.512 [JavaFX Application Thread] DEBUG FXGLAssetLoaderServi - Loading from file system: jar:file:///C:/Users/gclm4/.m2/repository/com/github/almasb/fxgl/17.2/fxgl-17.2.jar!/fxglassets/textures/fxgl_default_cursor.png
19:41:24.532 [JavaFX Application Thread] DEBUG Input                - Registered new binding: Screenshot - CTRL+8
19:41:24.533 [JavaFX Application Thread] DEBUG Input                - Registered new binding: System info dump - CTRL+9
19:41:24.533 [JavaFX Application Thread] DEBUG Input                - Registered new binding: Restart - CTRL+R
19:41:24.534 [JavaFX Application Thread] DEBUG Input                - Registered new binding: Toggle Debug Camera - CTRL+7
19:41:24.537 [JavaFX Application Thread] DEBUG LoopRunner           - Starting loop
19:41:24.537 [JavaFX Application Thread] DEBUG LoopRunner           - Initializing JavaFX AnimationTimerLoop
19:41:24.540 [JavaFX Application Thread] DEBUG Input                - Clearing active input actions
19:41:24.548 [JavaFX Application Thread] DEBUG GameApplicationServi - Removing overlay from FXGLStartupScene and adding to FXGLMainMenuDummyScene
19:41:24.549 [JavaFX Application Thread] DEBUG PrimaryStageWindow   - FXGLStartupScene -> FXGLMainMenuDummyScene
19:41:24.550 [JavaFX Application Thread] DEBUG PrimaryStageWindow   - Push state: FXGLDefaultMenu
19:41:24.561 [JavaFX Application Thread] DEBUG Input                - Clearing active input actions
19:41:24.570 [JavaFX Application Thread] DEBUG GameApplicationServi - Removing overlay from FXGLMainMenuDummyScene and adding to FXGLDefaultMenu
19:41:24.571 [JavaFX Application Thread] DEBUG PrimaryStageWindow   - FXGLMainMenuDummyScene -> FXGLDefaultMenu
19:41:24.578 [JavaFX Application Thread] DEBUG FXGLApplication      - Registering font factories with UI factory
19:41:25.181 [FXGL Background Thread 2 ] INFO  UpdaterService       - Your current version:  17.2
19:41:25.182 [FXGL Background Thread 2 ] INFO  UpdaterService       - Latest stable version: 21.1
19:41:25.625 [JavaFX Application Thread] DEBUG Menu                 - fireNewGame()
19:41:25.625 [JavaFX Application Thread] DEBUG GameApplicationServi - Starting new game
19:41:25.627 [JavaFX Application Thread] DEBUG PrimaryStageWindow   - Pop state: FXGLDefaultMenu
19:41:25.627 [JavaFX Application Thread] DEBUG Input                - Clearing active input actions
19:41:25.628 [JavaFX Application Thread] DEBUG GameApplicationServi - Removing overlay from FXGLDefaultMenu and adding to FXGLMainMenuDummyScene
19:41:25.629 [JavaFX Application Thread] DEBUG PrimaryStageWindow   - FXGLMainMenuDummyScene <- FXGLDefaultMenu
19:41:25.629 [JavaFX Application Thread] DEBUG Input                - Clearing active input actions
19:41:25.645 [JavaFX Application Thread] DEBUG GameApplicationServi - Removing overlay from FXGLMainMenuDummyScene and adding to FXGLLoadingScene
19:41:25.645 [JavaFX Application Thread] DEBUG PrimaryStageWindow   - FXGLMainMenuDummyScene -> FXGLLoadingScene
19:41:25.645 [JavaFX Application Thread] DEBUG GameApplicationServi - Clearing previous game
19:41:25.645 [JavaFX Application Thread] DEBUG GameScene            - Clearing game scene
19:41:25.645 [JavaFX Application Thread] DEBUG GameWorld            - Clearing game world
19:41:25.646 [JavaFX Application Thread] DEBUG PhysicsWorld         - Clearing physics world
19:41:25.648 [FXGL Background Thread 2 ] DEBUG FXGLApplication      - Initializing game
19:41:25.704 [FXGL Background Thread 2 ] WARN  TMXLevelLoader       - TiledMap generated from 1.11.0. Supported version: 1.9.0. Some features may not be parsed fully.
19:41:25.716 [FXGL Background Thread 2 ] DEBUG TMXLevelLoader       - Parsed TiledMap: file:/C:/Users/gclm4/OneDrive/Desktop/JavaFXGame/target/classes/assets/levels/tmx/level1.tmx
19:41:25.717 [FXGL Background Thread 2 ] DEBUG TMXLevelLoader       - Creating tile layer entities
19:41:25.720 [FXGL Background Thread 2 ] DEBUG TilesetLoader        - Loading view for layer Tile Layer 1
19:41:25.723 [FXGL Background Thread 2 ] DEBUG TilesetLoader        - Created buffer with size 1050.0x700.0
19:41:25.757 [FXGL Background Thread 2 ] DEBUG TMXLevelLoader       - Creating object layer entities
19:41:25.785 [FXGL Background Thread 2 ] DEBUG GameWorld            - Clearing removable entities
19:41:25.786 [FXGL Background Thread 2 ] DEBUG GameWorld            - Setting level: com.almasb.fxgl.entity.level.Level@3564fca4
19:41:25.796 [FXGL Background Thread 2 ] DEBUG FXGLAssetLoaderServi - Loading from file system: file:/C:/Users/gclm4/OneDrive/Desktop/JavaFXGame/target/classes/assets/textures/player.png
19:41:25.830 [FXGL Background Thread 2 ] DEBUG Input                - Registered new binding: Jump0 - W
19:41:25.830 [FXGL Background Thread 2 ] DEBUG Input                - Registered new binding: Left0 - A
19:41:25.830 [FXGL Background Thread 2 ] DEBUG Input                - Registered new binding: Right0 - D
19:41:25.831 [FXGL Background Thread 2 ] DEBUG Input                - Registered new binding: Use0 - E
19:41:25.831 [FXGL Background Thread 2 ] DEBUG Input                - Registered new binding: Jump1 - Up
19:41:25.831 [FXGL Background Thread 2 ] DEBUG Input                - Registered new binding: Left1 - Left
19:41:25.831 [FXGL Background Thread 2 ] DEBUG Input                - Registered new binding: Right1 - Right
19:41:25.831 [FXGL Background Thread 2 ] DEBUG Input                - Registered new binding: Use1 - Slash
19:41:25.832 [FXGL Background Thread 2 ] DEBUG FXGLAssetLoaderServi - Loading from file system: file:/C:/Users/gclm4/OneDrive/Desktop/JavaFXGame/target/classes/assets/textures/background/manila.png
19:41:25.852 [FXGL Background Thread 2 ] INFO  FXGLApplication      - Game initialization took: 0.204 sec
19:41:25.853 [JavaFX Application Thread] DEBUG Input                - Clearing active input actions
19:41:25.860 [JavaFX Application Thread] DEBUG GameApplicationServi - Removing overlay from FXGLLoadingScene and adding to GameScene
19:41:25.861 [JavaFX Application Thread] DEBUG PrimaryStageWindow   - FXGLLoadingScene -> GameScene
19:41:27.454 [FXGL Background Thread 3 ] DEBUG Engine               - Logging environment variables
19:41:27.456 [FXGL Background Thread 3 ] DEBUG Engine               - achievements: []
19:41:27.456 [FXGL Background Thread 3 ] DEBUG Engine               - actualHeight: 720.0
19:41:27.456 [FXGL Background Thread 3 ] DEBUG Engine               - actualHeightProperty: ReadOnlyDoubleProperty [value: 720.0]
19:41:27.457 [FXGL Background Thread 3 ] DEBUG Engine               - actualWidth: 1280.0
19:41:27.457 [FXGL Background Thread 3 ] DEBUG Engine               - actualWidthProperty: ReadOnlyDoubleProperty [value: 1280.0]
19:41:27.457 [FXGL Background Thread 3 ] DEBUG Engine               - appIcon: fxgl_icon.png
19:41:27.457 [FXGL Background Thread 3 ] DEBUG Engine               - applicationMode: DEVELOPER
19:41:27.457 [FXGL Background Thread 3 ] DEBUG Engine               - cSSList: [fxgl_dark.css]
19:41:27.458 [FXGL Background Thread 3 ] DEBUG Engine               - collisionDetectionStrategy: BRUTE_FORCE
19:41:27.458 [FXGL Background Thread 3 ] DEBUG Engine               - configClass: Optional.empty
19:41:27.458 [FXGL Background Thread 3 ] DEBUG Engine               - credits: []
19:41:27.459 [FXGL Background Thread 3 ] DEBUG Engine               - defaultCursor: CursorInfo(imageName=fxgl_default_cursor.png, hotspotX=7.0, hotspotY=6.0)
19:41:27.459 [FXGL Background Thread 3 ] DEBUG Engine               - devBBoxColorProperty: ObjectProperty [value: 0xff0000ff]
19:41:27.459 [FXGL Background Thread 3 ] DEBUG Engine               - devEnableDebugCameraProperty: BooleanProperty [value: false]
19:41:27.460 [FXGL Background Thread 3 ] DEBUG Engine               - devSensorColorProperty: ObjectProperty [value: 0xffff00ff]
19:41:27.460 [FXGL Background Thread 3 ] DEBUG Engine               - devShowBBoxProperty: BooleanProperty [value: false]
19:41:27.460 [FXGL Background Thread 3 ] DEBUG Engine               - devShowPositionProperty: BooleanProperty [value: false]
19:41:27.460 [FXGL Background Thread 3 ] DEBUG Engine               - enabledMenuItems: []
19:41:27.460 [FXGL Background Thread 3 ] DEBUG Engine               - engineServices: [class com.almasb.fxgl.app.services.FXGLAssetLoaderService, class com.almasb.fxgl.app.FXGLApplication$GameApplicationService, class com.almasb.fxgl.app.services.FXGLDialogService, class com.almasb.fxgl.app.services.IOTaskExecutorService, class com.almasb.fxgl.io.FileSystemService, class com.almasb.fxgl.localization.LocalizationService, class com.almasb.fxgl.app.services.SystemBundleService, class com.almasb.fxgl.profile.SaveLoadService, class com.almasb.fxgl.ui.FXGLUIFactoryServiceProvider, class com.almasb.fxgl.ui.FXGLDialogFactoryServiceProvider, class com.almasb.fxgl.audio.AudioPlayer, class com.almasb.fxgl.notification.impl.NotificationServiceProvider, class com.almasb.fxgl.achievement.AchievementService, class com.almasb.fxgl.cutscene.CutsceneService, class com.almasb.fxgl.minigames.MiniGameService, class com.almasb.fxgl.net.NetService, class com.almasb.fxgl.app.services.UpdaterService, class com.almasb.fxgl.dev.DevService]
19:41:27.460 [FXGL Background Thread 3 ] DEBUG Engine               - fontGame: Abel-Regular.ttf
19:41:27.461 [FXGL Background Thread 3 ] DEBUG Engine               - fontMono: TerminalLandMono-Regular.otf
19:41:27.461 [FXGL Background Thread 3 ] DEBUG Engine               - fontText: Courier-Prime.ttf
19:41:27.461 [FXGL Background Thread 3 ] DEBUG Engine               - fontUI: VarelaRound-Regular.ttf
19:41:27.461 [FXGL Background Thread 3 ] DEBUG Engine               - fullScreen: BooleanProperty [value: false]
19:41:27.461 [FXGL Background Thread 3 ] DEBUG Engine               - gameDifficulty: MEDIUM
19:41:27.462 [FXGL Background Thread 3 ] DEBUG Engine               - gameDifficultyProperty: ObjectProperty [value: MEDIUM]
19:41:27.462 [FXGL Background Thread 3 ] DEBUG Engine               - globalMusicVolume: 0.5
19:41:27.462 [FXGL Background Thread 3 ] DEBUG Engine               - globalMusicVolumeProperty: DoubleProperty [value: 0.25]
19:41:27.462 [FXGL Background Thread 3 ] DEBUG Engine               - globalSoundVolume: 0.5
19:41:27.462 [FXGL Background Thread 3 ] DEBUG Engine               - globalSoundVolumeProperty: DoubleProperty [value: 0.5]
19:41:27.463 [FXGL Background Thread 3 ] DEBUG Engine               - height: 720
19:41:27.463 [FXGL Background Thread 3 ] DEBUG Engine               - is3D: false
19:41:27.463 [FXGL Background Thread 3 ] DEBUG Engine               - isAndroid: false
19:41:27.463 [FXGL Background Thread 3 ] DEBUG Engine               - isBrowser: false
19:41:27.463 [FXGL Background Thread 3 ] DEBUG Engine               - isClickFeedbackEnabled: false
19:41:27.463 [FXGL Background Thread 3 ] DEBUG Engine               - isCloseConfirmation: false
19:41:27.464 [FXGL Background Thread 3 ] DEBUG Engine               - isDesktop: true
19:41:27.464 [FXGL Background Thread 3 ] DEBUG Engine               - isDeveloperMenuEnabled: false
19:41:27.464 [FXGL Background Thread 3 ] DEBUG Engine               - isEmbedded: false
19:41:27.464 [FXGL Background Thread 3 ] DEBUG Engine               - isEntityPreloadEnabled: true
19:41:27.464 [FXGL Background Thread 3 ] DEBUG Engine               - isExperimentalTiledLargeMap: false
19:41:27.465 [FXGL Background Thread 3 ] DEBUG Engine               - isFileSystemWriteAllowed: true
19:41:27.465 [FXGL Background Thread 3 ] DEBUG Engine               - isFullScreenAllowed: false
19:41:27.465 [FXGL Background Thread 3 ] DEBUG Engine               - isFullScreenFromStart: false
19:41:27.465 [FXGL Background Thread 3 ] DEBUG Engine               - isGameMenuEnabled: true
19:41:27.466 [FXGL Background Thread 3 ] DEBUG Engine               - isIOS: false
19:41:27.466 [FXGL Background Thread 3 ] DEBUG Engine               - isIntroEnabled: false
19:41:27.466 [FXGL Background Thread 3 ] DEBUG Engine               - isLinux: false
19:41:27.466 [FXGL Background Thread 3 ] DEBUG Engine               - isMac: false
19:41:27.466 [FXGL Background Thread 3 ] DEBUG Engine               - isMainMenuEnabled: true
19:41:27.467 [FXGL Background Thread 3 ] DEBUG Engine               - isManualResizeEnabled: false
19:41:27.467 [FXGL Background Thread 3 ] DEBUG Engine               - isMobile: false
19:41:27.468 [FXGL Background Thread 3 ] DEBUG Engine               - isNative: false
19:41:27.468 [FXGL Background Thread 3 ] DEBUG Engine               - isPauseMusicWhenMinimized: true
19:41:27.468 [FXGL Background Thread 3 ] DEBUG Engine               - isPreserveResizeRatio: false
19:41:27.469 [FXGL Background Thread 3 ] DEBUG Engine               - isProfilingEnabled: false
19:41:27.470 [FXGL Background Thread 3 ] DEBUG Engine               - isScaleAffectedOnResize: true
19:41:27.470 [FXGL Background Thread 3 ] DEBUG Engine               - isSingleStep: false
19:41:27.471 [FXGL Background Thread 3 ] DEBUG Engine               - isUserProfileEnabled: false
19:41:27.471 [FXGL Background Thread 3 ] DEBUG Engine               - isWindows: true
19:41:27.471 [FXGL Background Thread 3 ] DEBUG Engine               - language: ObjectProperty [value: ENGLISH]
19:41:27.471 [FXGL Background Thread 3 ] DEBUG Engine               - menuKey: ESCAPE
19:41:27.471 [FXGL Background Thread 3 ] DEBUG Engine               - mouseSensitivity: 0.2
19:41:27.472 [FXGL Background Thread 3 ] DEBUG Engine               - notificationViewClass: class com.almasb.fxgl.notification.view.XboxNotificationView
19:41:27.472 [FXGL Background Thread 3 ] DEBUG Engine               - pixelsPerMeter: 50.0
19:41:27.472 [FXGL Background Thread 3 ] DEBUG Engine               - platform: WINDOWS
19:41:27.473 [FXGL Background Thread 3 ] DEBUG Engine               - prefHeightProperty: ReadOnlyDoubleProperty [value: 720.0]
19:41:27.473 [FXGL Background Thread 3 ] DEBUG Engine               - prefWidthProperty: ReadOnlyDoubleProperty [value: 1280.0]
19:41:27.473 [FXGL Background Thread 3 ] DEBUG Engine               - profileDir: profiles/
19:41:27.474 [FXGL Background Thread 3 ] DEBUG Engine               - profileName: StringProperty [value: DEFAULT]
19:41:27.474 [FXGL Background Thread 3 ] DEBUG Engine               - randomSeed: -1
19:41:27.475 [FXGL Background Thread 3 ] DEBUG Engine               - runtimeInfo: RuntimeInfo(platform=WINDOWS, version=17.2, build=20.08.2022 16.50)
19:41:27.475 [FXGL Background Thread 3 ] DEBUG Engine               - saveFileExt: sav
19:41:27.476 [FXGL Background Thread 3 ] DEBUG Engine               - scaledHeightProp$fxgl: DoubleProperty [bound, value: 720.0]
19:41:27.476 [FXGL Background Thread 3 ] DEBUG Engine               - scaledWidthProp$fxgl: DoubleProperty [bound, value: 1280.0]
19:41:27.476 [FXGL Background Thread 3 ] DEBUG Engine               - sceneFactory: com.almasb.fxgl.app.scene.SceneFactory@66f415ab
19:41:27.476 [FXGL Background Thread 3 ] DEBUG Engine               - secondsIn24h: 60
19:41:27.476 [FXGL Background Thread 3 ] DEBUG Engine               - soundMenuBack: menu/back.wav
19:41:27.477 [FXGL Background Thread 3 ] DEBUG Engine               - soundMenuPress: menu/press.wav
19:41:27.477 [FXGL Background Thread 3 ] DEBUG Engine               - soundMenuSelect: menu/select.wav
19:41:27.477 [FXGL Background Thread 3 ] DEBUG Engine               - soundNotification: core/notification.wav
19:41:27.477 [FXGL Background Thread 3 ] DEBUG Engine               - stageStyle: DECORATED
19:41:27.477 [FXGL Background Thread 3 ] DEBUG Engine               - supportedLanguages: [ENGLISH, FRENCH, GERMAN, HUNGARIAN, RUSSIAN]
19:41:27.477 [FXGL Background Thread 3 ] DEBUG Engine               - ticksPerSecond: -1
19:41:27.477 [FXGL Background Thread 3 ] DEBUG Engine               - title: Untitled
19:41:27.477 [FXGL Background Thread 3 ] DEBUG Engine               - urlGithub: https://github.com/AlmasB/FXGL
19:41:27.477 [FXGL Background Thread 3 ] DEBUG Engine               - urlLeaderboard: http://fxgl-top.herokuapp.com/
19:41:27.478 [FXGL Background Thread 3 ] DEBUG Engine               - urlPOM: https://raw.githubusercontent.com/AlmasB/FXGL/release/README.md
19:41:27.478 [FXGL Background Thread 3 ] DEBUG Engine               - userAppClass: class com.sunsofgod.PlatformerApp
19:41:27.478 [FXGL Background Thread 3 ] DEBUG Engine               - version: 0.0
19:41:27.478 [FXGL Background Thread 3 ] DEBUG Engine               - versionCheckDays: 7
19:41:27.478 [FXGL Background Thread 3 ] DEBUG Engine               - width: 1280
19:41:27.478 [FXGL Background Thread 3 ] DEBUG Engine               - Logging services
19:41:27.478 [FXGL Background Thread 3 ] DEBUG Engine               - class com.almasb.fxgl.app.services.FXGLAssetLoaderService
19:41:27.478 [FXGL Background Thread 3 ] DEBUG Engine               - class com.almasb.fxgl.app.FXGLApplication$GameApplicationService
19:41:27.479 [FXGL Background Thread 3 ] DEBUG Engine               - class com.almasb.fxgl.app.services.FXGLDialogService
19:41:27.479 [FXGL Background Thread 3 ] DEBUG Engine               - class com.almasb.fxgl.app.services.IOTaskExecutorService
19:41:27.479 [FXGL Background Thread 3 ] DEBUG Engine               - class com.almasb.fxgl.io.FileSystemService
19:41:27.479 [FXGL Background Thread 3 ] DEBUG Engine               - class com.almasb.fxgl.localization.LocalizationService
19:41:27.479 [FXGL Background Thread 3 ] DEBUG Engine               - class com.almasb.fxgl.app.services.SystemBundleService
19:41:27.479 [FXGL Background Thread 3 ] DEBUG Engine               - class com.almasb.fxgl.profile.SaveLoadService
19:41:27.479 [FXGL Background Thread 3 ] DEBUG Engine               - class com.almasb.fxgl.ui.FXGLUIFactoryServiceProvider
19:41:27.479 [FXGL Background Thread 3 ] DEBUG Engine               - class com.almasb.fxgl.ui.FXGLDialogFactoryServiceProvider
19:41:27.480 [FXGL Background Thread 3 ] DEBUG Engine               - class com.almasb.fxgl.audio.AudioPlayer
19:41:27.480 [FXGL Background Thread 3 ] DEBUG Engine               - class com.almasb.fxgl.notification.impl.NotificationServiceProvider
19:41:27.480 [FXGL Background Thread 3 ] DEBUG Engine               - class com.almasb.fxgl.achievement.AchievementService
19:41:27.480 [FXGL Background Thread 3 ] DEBUG Engine               - class com.almasb.fxgl.cutscene.CutsceneService
19:41:27.480 [FXGL Background Thread 3 ] DEBUG Engine               - class com.almasb.fxgl.minigames.MiniGameService
19:41:27.480 [FXGL Background Thread 3 ] DEBUG Engine               - class com.almasb.fxgl.net.NetService
19:41:27.480 [FXGL Background Thread 3 ] DEBUG Engine               - class com.almasb.fxgl.app.services.UpdaterService
19:41:27.480 [FXGL Background Thread 3 ] DEBUG Engine               - class com.almasb.fxgl.dev.DevService
19:41:33.793 [JavaFX Application Thread] DEBUG FXGLApplication      - Exiting FXGL
19:41:33.793 [JavaFX Application Thread] DEBUG LoopRunner           - Stopping loop
19:41:33.794 [JavaFX Application Thread] DEBUG SystemBundleService  - Saving FXGL system data
19:41:33.797 [JavaFX Application Thread] DEBUG FileSystemAccess     - Writing to: C:\Users\gclm4\OneDrive\Desktop\JavaFXGame\system\fxgl.bundle
19:41:33.800 [JavaFX Application Thread] DEBUG Async                - Shutting down background threads
19:41:33.800 [JavaFX Application Thread] DEBUG PrimaryStageWindow   - Closing main window
19:41:33.820 [JavaFX Application Thread] DEBUG Logger               - Closing Logger
