12:18:47.409 [main                     ] DEBUG Logger               - Configured Logger
12:18:47.424 [main                     ] DEBUG GameApplication      - Logging settings
Title: Untitled
Version: 0.0
Width: 1280
Height: 720
Fullscreen: false
Intro: false
Profiling: false
Single step:false
App Mode: DEVELOPER
Menu Key: ESCAPE
Stage Style: DECORATED
Scene Factory: class com.sunsofgod.PlatformerApp$1

12:18:47.692 [JavaFX Application Thread] DEBUG FXGLApplication      - Initializing FXGL
12:18:47.695 [JavaFX Application Thread] INFO  Engine               - FXGL-17.2 (20.08.2022 16.50) on WINDOWS (J:21.0.4 FX:17.0.12)
12:18:47.696 [JavaFX Application Thread] DEBUG Engine               - JRE Vendor Name: Eclipse Adoptium
12:18:47.696 [JavaFX Application Thread] DEBUG Engine               - Running on OS: Windows 11 version 10.0
12:18:47.696 [JavaFX Application Thread] DEBUG Engine               - Architecture: amd64
12:18:47.696 [JavaFX Application Thread] INFO  Engine               - Source code and latest versions at: https://github.com/AlmasB/FXGL
12:18:47.696 [JavaFX Application Thread] INFO  Engine               -       Ask questions and discuss at: https://github.com/AlmasB/FXGL/discussions
12:18:47.696 [JavaFX Application Thread] INFO  Engine               -              Join the FXGL chat at: https://gitter.im/AlmasB/FXGL
12:18:47.767 [JavaFX Application Thread] DEBUG PrimaryStageWindow   - Creating a JavaFX scene
12:18:47.798 [JavaFX Application Thread] DEBUG PrimaryStageWindow   - Target settings size: 1280.0 x 720.0
12:18:47.799 [JavaFX Application Thread] DEBUG PrimaryStageWindow   - Scaled scene size:    1280.0 x 720.0
12:18:47.799 [JavaFX Application Thread] DEBUG PrimaryStageWindow   - Scaled ratio: (1.0, 1.0)
12:18:47.799 [JavaFX Application Thread] DEBUG PrimaryStageWindow   - Set initial scene to FXGLStartupScene
12:18:47.804 [JavaFX Application Thread] DEBUG PrimaryStageWindow   - Opening main window
12:18:47.864 [JavaFX Application Thread] DEBUG PrimaryStageWindow   - Window border size: (16.0, 39.0)
12:18:47.864 [JavaFX Application Thread] DEBUG PrimaryStageWindow   - Scaled size: 1280.0 x 720.0
12:18:47.864 [JavaFX Application Thread] DEBUG PrimaryStageWindow   - Scaled ratio: (1.0, 1.0)
12:18:47.864 [JavaFX Application Thread] DEBUG PrimaryStageWindow   - Scene size: 1280.0 x 720.0
12:18:47.864 [JavaFX Application Thread] DEBUG PrimaryStageWindow   - Stage size: 1296.0 x 759.0
12:18:47.870 [FXGL Background Thread 1 ] DEBUG Engine               - Initializing environment variables
12:18:47.901 [FXGL Background Thread 1 ] DEBUG FXGLAssetLoaderServi - User app class for loading assets: class com.sunsofgod.PlatformerApp
12:18:47.901 [FXGL Background Thread 1 ] DEBUG GameApplicationServi - Applying CSS: fxgl_dark.css
12:18:47.902 [FXGL Background Thread 1 ] DEBUG FXGLAssetLoaderServi - Loading from file system: jar:file:///C:/Users/user/.m2/repository/com/github/almasb/fxgl/17.2/fxgl-17.2.jar!/fxglassets/ui/css/fxgl_dark.css
12:18:47.930 [FXGL Background Thread 1 ] DEBUG GameApplicationServi - Initializing application scenes
12:18:47.961 [FXGL Background Thread 1 ] DEBUG FXGLAssetLoaderServi - Loading from file system: file:/C:/Users/user/Desktop/JavaFXGame/target/classes/assets/textures/player.png
12:18:47.977 [FXGL Background Thread 1 ] DEBUG GameWorld            - Game world initialized
12:18:48.009 [FXGL Background Thread 1 ] DEBUG PhysicsWorld         - Physics world initialized: appHeight=720, physics.ppm=50.0
12:18:48.010 [FXGL Background Thread 1 ] DEBUG PhysicsWorld         - Using strategy: BRUTE_FORCE
12:18:48.012 [FXGL Background Thread 1 ] DEBUG GameScene            - Game scene initialized: 1280x720
12:18:48.195 [FXGL Background Thread 1 ] DEBUG FXGL.DefaultMenu     - createMenuBodyGameMenu()
12:18:48.202 [FXGL Background Thread 1 ] DEBUG FXGL.DefaultMenu     - createOptionsMenu()
12:18:48.207 [FXGL Background Thread 1 ] DEBUG FXGLAssetLoaderServi - Loading from file system: jar:file:///C:/Users/user/.m2/repository/com/github/almasb/fxgl/17.2/fxgl-17.2.jar!/fxglassets/textures/particles/smoke.png
12:18:48.250 [FXGL Background Thread 1 ] DEBUG FXGLAssetLoaderServi - Loading from file system: jar:file:///C:/Users/user/.m2/repository/com/github/almasb/fxgl/17.2/fxgl-17.2.jar!/fxglassets/textures/particles/trace_horizontal.png
12:18:48.262 [FXGL Background Thread 1 ] DEBUG GameApplicationServi - Application scenes initialized
12:18:48.273 [FXGL Background Thread 1 ] DEBUG SystemBundleService  - Loading FXGL system data
12:18:48.276 [FXGL Background Thread 1 ] DEBUG FileSystemAccess     - Reading from: C:\Users\user\Desktop\JavaFXGame\system\fxgl.bundle
12:18:48.283 [FXGL Background Thread 1 ] DEBUG SystemBundleService  - Bundle FXGL: {}
12:18:48.284 [FXGL Background Thread 1 ] DEBUG UpdaterService       - Checking for updates
12:18:48.309 [FXGL Background Thread 4 ] DEBUG FXGLApplication      - Loading fonts
12:18:48.309 [FXGL Background Thread 1 ] DEBUG FXGLApplication      - Loading default localization
12:18:48.309 [FXGL Background Thread 4 ] DEBUG FXGLAssetLoaderServi - Loading from file system: jar:file:///C:/Users/user/.m2/repository/com/github/almasb/fxgl/17.2/fxgl-17.2.jar!/fxglassets/ui/fonts/VarelaRound-Regular.ttf
12:18:48.309 [FXGL Background Thread 1 ] DEBUG FXGLAssetLoaderServi - Loading from file system: jar:file:///C:/Users/user/.m2/repository/com/github/almasb/fxgl/17.2/fxgl-17.2.jar!/fxglassets/languages/english.lang
12:18:48.325 [FXGL Background Thread 1 ] INFO  FXGLApplication      - FXGL initialization took: 0.454 sec
12:18:48.326 [JavaFX Application Thread] DEBUG FXGLAssetLoaderServi - Loading from file system: jar:file:///C:/Users/user/.m2/repository/com/github/almasb/fxgl/17.2/fxgl-17.2.jar!/fxglassets/textures/fxgl_icon.png
12:18:48.332 [JavaFX Application Thread] DEBUG FXGLAssetLoaderServi - Loading from file system: jar:file:///C:/Users/user/.m2/repository/com/github/almasb/fxgl/17.2/fxgl-17.2.jar!/fxglassets/textures/fxgl_default_cursor.png
12:18:48.337 [FXGL Background Thread 4 ] DEBUG FXGLAssetLoaderServi - Loading from file system: jar:file:///C:/Users/user/.m2/repository/com/github/almasb/fxgl/17.2/fxgl-17.2.jar!/fxglassets/ui/fonts/Abel-Regular.ttf
12:18:48.341 [JavaFX Application Thread] DEBUG Input                - Registered new binding: Screenshot - CTRL+8
12:18:48.341 [FXGL Background Thread 4 ] DEBUG FXGLAssetLoaderServi - Loading from file system: jar:file:///C:/Users/user/.m2/repository/com/github/almasb/fxgl/17.2/fxgl-17.2.jar!/fxglassets/ui/fonts/TerminalLandMono-Regular.otf
12:18:48.341 [JavaFX Application Thread] DEBUG Input                - Registered new binding: Dev Options - 1
12:18:48.341 [JavaFX Application Thread] DEBUG Input                - Registered new binding: Dev Console - 2
12:18:48.342 [JavaFX Application Thread] DEBUG Input                - Registered new binding: System info dump - CTRL+9
12:18:48.342 [JavaFX Application Thread] DEBUG Input                - Registered new binding: Restart - CTRL+R
12:18:48.342 [JavaFX Application Thread] DEBUG Input                - Registered new binding: Toggle Debug Camera - CTRL+7
12:18:48.344 [FXGL Background Thread 4 ] DEBUG FXGLAssetLoaderServi - Loading from file system: jar:file:///C:/Users/user/.m2/repository/com/github/almasb/fxgl/17.2/fxgl-17.2.jar!/fxglassets/ui/fonts/Courier-Prime.ttf
12:18:48.344 [JavaFX Application Thread] DEBUG LoopRunner           - Starting loop
12:18:48.353 [JavaFX Application Thread] DEBUG LoopRunner           - Initializing JavaFX AnimationTimerLoop
12:18:48.355 [JavaFX Application Thread] DEBUG Input                - Clearing active input actions
12:18:48.364 [JavaFX Application Thread] DEBUG GameApplicationServi - Removing overlay from FXGLStartupScene and adding to FXGLMainMenuDummyScene
12:18:48.367 [JavaFX Application Thread] DEBUG PrimaryStageWindow   - FXGLStartupScene -> FXGLMainMenuDummyScene
12:18:48.368 [JavaFX Application Thread] DEBUG PrimaryStageWindow   - Push state: RiderMainMenuScene
12:18:48.368 [JavaFX Application Thread] DEBUG Input                - Clearing active input actions
12:18:48.372 [JavaFX Application Thread] DEBUG GameApplicationServi - Removing overlay from FXGLMainMenuDummyScene and adding to RiderMainMenuScene
12:18:48.372 [JavaFX Application Thread] DEBUG PrimaryStageWindow   - FXGLMainMenuDummyScene -> RiderMainMenuScene
12:18:48.503 [JavaFX Application Thread] DEBUG FXGLApplication      - Registering font factories with UI factory
12:18:48.933 [FXGL Background Thread 2 ] INFO  UpdaterService       - Your current version:  17.2
12:18:48.933 [FXGL Background Thread 2 ] INFO  UpdaterService       - Latest stable version: 21.1
12:18:49.060 [JavaFX Application Thread] DEBUG PrimaryStageWindow   - Push state: PlayerSelectScene
12:18:49.060 [JavaFX Application Thread] DEBUG Input                - Clearing active input actions
12:18:49.061 [JavaFX Application Thread] DEBUG GameApplicationServi - Removing overlay from RiderMainMenuScene and adding to PlayerSelectScene
12:18:49.062 [JavaFX Application Thread] DEBUG PrimaryStageWindow   - RiderMainMenuScene -> PlayerSelectScene
12:18:50.187 [JavaFX Application Thread] DEBUG PrimaryStageWindow   - Pop state: PlayerSelectScene
12:18:50.188 [JavaFX Application Thread] DEBUG Input                - Clearing active input actions
12:18:50.188 [JavaFX Application Thread] DEBUG GameApplicationServi - Removing overlay from PlayerSelectScene and adding to RiderMainMenuScene
12:18:50.190 [JavaFX Application Thread] DEBUG PrimaryStageWindow   - RiderMainMenuScene <- PlayerSelectScene
12:18:50.320 [JavaFX Application Thread] DEBUG PrimaryStageWindow   - Push state: WorldSelectScene
12:18:50.320 [JavaFX Application Thread] DEBUG Input                - Clearing active input actions
12:18:50.321 [JavaFX Application Thread] DEBUG GameApplicationServi - Removing overlay from RiderMainMenuScene and adding to WorldSelectScene
12:18:50.321 [JavaFX Application Thread] DEBUG PrimaryStageWindow   - RiderMainMenuScene -> WorldSelectScene
12:18:51.305 [JavaFX Application Thread] DEBUG PrimaryStageWindow   - Pop state: WorldSelectScene
12:18:51.305 [JavaFX Application Thread] DEBUG Input                - Clearing active input actions
12:18:51.305 [JavaFX Application Thread] DEBUG GameApplicationServi - Removing overlay from WorldSelectScene and adding to RiderMainMenuScene
12:18:51.306 [JavaFX Application Thread] DEBUG PrimaryStageWindow   - RiderMainMenuScene <- WorldSelectScene
12:18:51.308 [FXGL Background Thread 3 ] DEBUG Engine               - Logging environment variables
12:18:51.308 [FXGL Background Thread 3 ] DEBUG Engine               - achievements: []
12:18:51.308 [FXGL Background Thread 3 ] DEBUG Engine               - actualHeight: 720.0
12:18:51.308 [FXGL Background Thread 3 ] DEBUG Engine               - actualHeightProperty: ReadOnlyDoubleProperty [value: 720.0]
12:18:51.308 [FXGL Background Thread 3 ] DEBUG Engine               - actualWidth: 1280.0
12:18:51.308 [FXGL Background Thread 3 ] DEBUG Engine               - actualWidthProperty: ReadOnlyDoubleProperty [value: 1280.0]
12:18:51.308 [FXGL Background Thread 3 ] DEBUG Engine               - appIcon: fxgl_icon.png
12:18:51.308 [FXGL Background Thread 3 ] DEBUG Engine               - applicationMode: DEVELOPER
12:18:51.308 [FXGL Background Thread 3 ] DEBUG Engine               - cSSList: [fxgl_dark.css]
12:18:51.308 [FXGL Background Thread 3 ] DEBUG Engine               - collisionDetectionStrategy: BRUTE_FORCE
12:18:51.308 [FXGL Background Thread 3 ] DEBUG Engine               - configClass: Optional.empty
12:18:51.308 [FXGL Background Thread 3 ] DEBUG Engine               - credits: []
12:18:51.309 [FXGL Background Thread 3 ] DEBUG Engine               - defaultCursor: CursorInfo(imageName=fxgl_default_cursor.png, hotspotX=7.0, hotspotY=6.0)
12:18:51.309 [FXGL Background Thread 3 ] DEBUG Engine               - devBBoxColorProperty: ObjectProperty [value: 0xff0000ff]
12:18:51.309 [FXGL Background Thread 3 ] DEBUG Engine               - devEnableDebugCameraProperty: BooleanProperty [value: false]
12:18:51.309 [FXGL Background Thread 3 ] DEBUG Engine               - devSensorColorProperty: ObjectProperty [value: 0xffff00ff]
12:18:51.309 [FXGL Background Thread 3 ] DEBUG Engine               - devShowBBoxProperty: BooleanProperty [value: false]
12:18:51.309 [FXGL Background Thread 3 ] DEBUG Engine               - devShowPositionProperty: BooleanProperty [value: false]
12:18:51.309 [FXGL Background Thread 3 ] DEBUG Engine               - enabledMenuItems: []
12:18:51.309 [FXGL Background Thread 3 ] DEBUG Engine               - engineServices: [class com.almasb.fxgl.app.services.FXGLAssetLoaderService, class com.almasb.fxgl.app.FXGLApplication$GameApplicationService, class com.almasb.fxgl.app.services.FXGLDialogService, class com.almasb.fxgl.app.services.IOTaskExecutorService, class com.almasb.fxgl.io.FileSystemService, class com.almasb.fxgl.localization.LocalizationService, class com.almasb.fxgl.app.services.SystemBundleService, class com.almasb.fxgl.profile.SaveLoadService, class com.almasb.fxgl.ui.FXGLUIFactoryServiceProvider, class com.almasb.fxgl.ui.FXGLDialogFactoryServiceProvider, class com.almasb.fxgl.audio.AudioPlayer, class com.almasb.fxgl.notification.impl.NotificationServiceProvider, class com.almasb.fxgl.achievement.AchievementService, class com.almasb.fxgl.cutscene.CutsceneService, class com.almasb.fxgl.minigames.MiniGameService, class com.almasb.fxgl.net.NetService, class com.almasb.fxgl.app.services.UpdaterService, class com.almasb.fxgl.dev.DevService]
12:18:51.309 [FXGL Background Thread 3 ] DEBUG Engine               - fontGame: Abel-Regular.ttf
12:18:51.309 [FXGL Background Thread 3 ] DEBUG Engine               - fontMono: TerminalLandMono-Regular.otf
12:18:51.309 [FXGL Background Thread 3 ] DEBUG Engine               - fontText: Courier-Prime.ttf
12:18:51.309 [FXGL Background Thread 3 ] DEBUG Engine               - fontUI: VarelaRound-Regular.ttf
12:18:51.309 [FXGL Background Thread 3 ] DEBUG Engine               - fullScreen: BooleanProperty [value: false]
12:18:51.309 [FXGL Background Thread 3 ] DEBUG Engine               - gameDifficulty: MEDIUM
12:18:51.309 [FXGL Background Thread 3 ] DEBUG Engine               - gameDifficultyProperty: ObjectProperty [value: MEDIUM]
12:18:51.309 [FXGL Background Thread 3 ] DEBUG Engine               - globalMusicVolume: 0.5
12:18:51.309 [FXGL Background Thread 3 ] DEBUG Engine               - globalMusicVolumeProperty: DoubleProperty [value: 0.25]
12:18:51.309 [FXGL Background Thread 3 ] DEBUG Engine               - globalSoundVolume: 0.5
12:18:51.310 [FXGL Background Thread 3 ] DEBUG Engine               - globalSoundVolumeProperty: DoubleProperty [value: 0.5]
12:18:51.310 [FXGL Background Thread 3 ] DEBUG Engine               - height: 720
12:18:51.310 [FXGL Background Thread 3 ] DEBUG Engine               - is3D: false
12:18:51.310 [FXGL Background Thread 3 ] DEBUG Engine               - isAndroid: false
12:18:51.310 [FXGL Background Thread 3 ] DEBUG Engine               - isBrowser: false
12:18:51.310 [FXGL Background Thread 3 ] DEBUG Engine               - isClickFeedbackEnabled: false
12:18:51.310 [FXGL Background Thread 3 ] DEBUG Engine               - isCloseConfirmation: false
12:18:51.310 [FXGL Background Thread 3 ] DEBUG Engine               - isDesktop: true
12:18:51.310 [FXGL Background Thread 3 ] DEBUG Engine               - isDeveloperMenuEnabled: true
12:18:51.310 [FXGL Background Thread 3 ] DEBUG Engine               - isEmbedded: false
12:18:51.310 [FXGL Background Thread 3 ] DEBUG Engine               - isEntityPreloadEnabled: true
12:18:51.310 [FXGL Background Thread 3 ] DEBUG Engine               - isExperimentalTiledLargeMap: false
12:18:51.310 [FXGL Background Thread 3 ] DEBUG Engine               - isFileSystemWriteAllowed: true
12:18:51.310 [FXGL Background Thread 3 ] DEBUG Engine               - isFullScreenAllowed: false
12:18:51.310 [FXGL Background Thread 3 ] DEBUG Engine               - isFullScreenFromStart: false
12:18:51.310 [FXGL Background Thread 3 ] DEBUG Engine               - isGameMenuEnabled: true
12:18:51.310 [FXGL Background Thread 3 ] DEBUG Engine               - isIOS: false
12:18:51.310 [FXGL Background Thread 3 ] DEBUG Engine               - isIntroEnabled: false
12:18:51.310 [FXGL Background Thread 3 ] DEBUG Engine               - isLinux: false
12:18:51.310 [FXGL Background Thread 3 ] DEBUG Engine               - isMac: false
12:18:51.310 [FXGL Background Thread 3 ] DEBUG Engine               - isMainMenuEnabled: true
12:18:51.310 [FXGL Background Thread 3 ] DEBUG Engine               - isManualResizeEnabled: false
12:18:51.310 [FXGL Background Thread 3 ] DEBUG Engine               - isMobile: false
12:18:51.311 [FXGL Background Thread 3 ] DEBUG Engine               - isNative: false
12:18:51.311 [FXGL Background Thread 3 ] DEBUG Engine               - isPauseMusicWhenMinimized: true
12:18:51.311 [FXGL Background Thread 3 ] DEBUG Engine               - isPreserveResizeRatio: false
12:18:51.311 [FXGL Background Thread 3 ] DEBUG Engine               - isProfilingEnabled: false
12:18:51.311 [FXGL Background Thread 3 ] DEBUG Engine               - isScaleAffectedOnResize: true
12:18:51.311 [FXGL Background Thread 3 ] DEBUG Engine               - isSingleStep: false
12:18:51.311 [FXGL Background Thread 3 ] DEBUG Engine               - isUserProfileEnabled: false
12:18:51.311 [FXGL Background Thread 3 ] DEBUG Engine               - isWindows: true
12:18:51.311 [FXGL Background Thread 3 ] DEBUG Engine               - language: ObjectProperty [value: ENGLISH]
12:18:51.311 [FXGL Background Thread 3 ] DEBUG Engine               - menuKey: ESCAPE
12:18:51.311 [FXGL Background Thread 3 ] DEBUG Engine               - mouseSensitivity: 0.2
12:18:51.311 [FXGL Background Thread 3 ] DEBUG Engine               - notificationViewClass: class com.almasb.fxgl.notification.view.XboxNotificationView
12:18:51.311 [FXGL Background Thread 3 ] DEBUG Engine               - pixelsPerMeter: 50.0
12:18:51.311 [FXGL Background Thread 3 ] DEBUG Engine               - platform: WINDOWS
12:18:51.311 [FXGL Background Thread 3 ] DEBUG Engine               - prefHeightProperty: ReadOnlyDoubleProperty [value: 720.0]
12:18:51.311 [FXGL Background Thread 3 ] DEBUG Engine               - prefWidthProperty: ReadOnlyDoubleProperty [value: 1280.0]
12:18:51.311 [FXGL Background Thread 3 ] DEBUG Engine               - profileDir: profiles/
12:18:51.311 [FXGL Background Thread 3 ] DEBUG Engine               - profileName: StringProperty [value: DEFAULT]
12:18:51.311 [FXGL Background Thread 3 ] DEBUG Engine               - randomSeed: -1
12:18:51.312 [FXGL Background Thread 3 ] DEBUG Engine               - runtimeInfo: RuntimeInfo(platform=WINDOWS, version=17.2, build=20.08.2022 16.50)
12:18:51.312 [FXGL Background Thread 3 ] DEBUG Engine               - saveFileExt: sav
12:18:51.312 [FXGL Background Thread 3 ] DEBUG Engine               - scaledHeightProp$fxgl: DoubleProperty [bound, value: 720.0]
12:18:51.312 [FXGL Background Thread 3 ] DEBUG Engine               - scaledWidthProp$fxgl: DoubleProperty [bound, value: 1280.0]
12:18:51.312 [FXGL Background Thread 3 ] DEBUG Engine               - sceneFactory: com.sunsofgod.PlatformerApp$1@50415242
12:18:51.312 [FXGL Background Thread 3 ] DEBUG Engine               - secondsIn24h: 60
12:18:51.312 [FXGL Background Thread 3 ] DEBUG Engine               - soundMenuBack: menu/back.wav
12:18:51.312 [FXGL Background Thread 3 ] DEBUG Engine               - soundMenuPress: menu/press.wav
12:18:51.312 [FXGL Background Thread 3 ] DEBUG Engine               - soundMenuSelect: menu/select.wav
12:18:51.312 [FXGL Background Thread 3 ] DEBUG Engine               - soundNotification: core/notification.wav
12:18:51.312 [FXGL Background Thread 3 ] DEBUG Engine               - stageStyle: DECORATED
12:18:51.312 [FXGL Background Thread 3 ] DEBUG Engine               - supportedLanguages: [ENGLISH, FRENCH, GERMAN, HUNGARIAN, RUSSIAN]
12:18:51.312 [FXGL Background Thread 3 ] DEBUG Engine               - ticksPerSecond: -1
12:18:51.312 [FXGL Background Thread 3 ] DEBUG Engine               - title: Untitled
12:18:51.312 [FXGL Background Thread 3 ] DEBUG Engine               - urlGithub: https://github.com/AlmasB/FXGL
12:18:51.312 [FXGL Background Thread 3 ] DEBUG Engine               - urlLeaderboard: http://fxgl-top.herokuapp.com/
12:18:51.312 [FXGL Background Thread 3 ] DEBUG Engine               - urlPOM: https://raw.githubusercontent.com/AlmasB/FXGL/release/README.md
12:18:51.313 [FXGL Background Thread 3 ] DEBUG Engine               - userAppClass: class com.sunsofgod.PlatformerApp
12:18:51.313 [FXGL Background Thread 3 ] DEBUG Engine               - version: 0.0
12:18:51.313 [FXGL Background Thread 3 ] DEBUG Engine               - versionCheckDays: 7
12:18:51.313 [FXGL Background Thread 3 ] DEBUG Engine               - width: 1280
12:18:51.313 [FXGL Background Thread 3 ] DEBUG Engine               - Logging services
12:18:51.313 [FXGL Background Thread 3 ] DEBUG Engine               - class com.almasb.fxgl.app.services.FXGLAssetLoaderService
12:18:51.313 [FXGL Background Thread 3 ] DEBUG Engine               - class com.almasb.fxgl.app.FXGLApplication$GameApplicationService
12:18:51.313 [FXGL Background Thread 3 ] DEBUG Engine               - class com.almasb.fxgl.app.services.FXGLDialogService
12:18:51.313 [FXGL Background Thread 3 ] DEBUG Engine               - class com.almasb.fxgl.app.services.IOTaskExecutorService
12:18:51.313 [FXGL Background Thread 3 ] DEBUG Engine               - class com.almasb.fxgl.io.FileSystemService
12:18:51.313 [FXGL Background Thread 3 ] DEBUG Engine               - class com.almasb.fxgl.localization.LocalizationService
12:18:51.313 [FXGL Background Thread 3 ] DEBUG Engine               - class com.almasb.fxgl.app.services.SystemBundleService
12:18:51.313 [FXGL Background Thread 3 ] DEBUG Engine               - class com.almasb.fxgl.profile.SaveLoadService
12:18:51.313 [FXGL Background Thread 3 ] DEBUG Engine               - class com.almasb.fxgl.ui.FXGLUIFactoryServiceProvider
12:18:51.313 [FXGL Background Thread 3 ] DEBUG Engine               - class com.almasb.fxgl.ui.FXGLDialogFactoryServiceProvider
12:18:51.313 [FXGL Background Thread 3 ] DEBUG Engine               - class com.almasb.fxgl.audio.AudioPlayer
12:18:51.313 [FXGL Background Thread 3 ] DEBUG Engine               - class com.almasb.fxgl.notification.impl.NotificationServiceProvider
12:18:51.313 [FXGL Background Thread 3 ] DEBUG Engine               - class com.almasb.fxgl.achievement.AchievementService
12:18:51.313 [FXGL Background Thread 3 ] DEBUG Engine               - class com.almasb.fxgl.cutscene.CutsceneService
12:18:51.313 [FXGL Background Thread 3 ] DEBUG Engine               - class com.almasb.fxgl.minigames.MiniGameService
12:18:51.313 [FXGL Background Thread 3 ] DEBUG Engine               - class com.almasb.fxgl.net.NetService
12:18:51.313 [FXGL Background Thread 3 ] DEBUG Engine               - class com.almasb.fxgl.app.services.UpdaterService
12:18:51.313 [FXGL Background Thread 3 ] DEBUG Engine               - class com.almasb.fxgl.dev.DevService
12:18:51.389 [JavaFX Application Thread] DEBUG PrimaryStageWindow   - Push state: LevelSelectScene
12:18:51.390 [JavaFX Application Thread] DEBUG Input                - Clearing active input actions
12:18:51.390 [JavaFX Application Thread] DEBUG GameApplicationServi - Removing overlay from RiderMainMenuScene and adding to LevelSelectScene
12:18:51.390 [JavaFX Application Thread] DEBUG PrimaryStageWindow   - RiderMainMenuScene -> LevelSelectScene
12:18:52.400 [JavaFX Application Thread] DEBUG Menu                 - fireNewGame()
12:18:52.400 [JavaFX Application Thread] DEBUG GameApplicationServi - Starting new game
12:18:52.401 [JavaFX Application Thread] DEBUG PrimaryStageWindow   - Pop state: LevelSelectScene
12:18:52.401 [JavaFX Application Thread] DEBUG Input                - Clearing active input actions
12:18:52.401 [JavaFX Application Thread] DEBUG GameApplicationServi - Removing overlay from LevelSelectScene and adding to RiderMainMenuScene
12:18:52.402 [JavaFX Application Thread] DEBUG PrimaryStageWindow   - RiderMainMenuScene <- LevelSelectScene
12:18:52.402 [JavaFX Application Thread] DEBUG PrimaryStageWindow   - Pop state: RiderMainMenuScene
12:18:52.402 [JavaFX Application Thread] DEBUG Input                - Clearing active input actions
12:18:52.402 [JavaFX Application Thread] DEBUG GameApplicationServi - Removing overlay from RiderMainMenuScene and adding to FXGLMainMenuDummyScene
12:18:52.403 [JavaFX Application Thread] DEBUG PrimaryStageWindow   - FXGLMainMenuDummyScene <- RiderMainMenuScene
12:18:52.403 [JavaFX Application Thread] DEBUG Input                - Clearing active input actions
12:18:52.409 [JavaFX Application Thread] DEBUG GameApplicationServi - Removing overlay from FXGLMainMenuDummyScene and adding to MainLoadingScene
12:18:52.412 [JavaFX Application Thread] DEBUG PrimaryStageWindow   - FXGLMainMenuDummyScene -> MainLoadingScene
12:18:52.412 [JavaFX Application Thread] DEBUG GameApplicationServi - Clearing previous game
12:18:52.412 [JavaFX Application Thread] DEBUG GameScene            - Clearing game scene
12:18:52.413 [JavaFX Application Thread] DEBUG GameWorld            - Clearing game world
12:18:52.413 [JavaFX Application Thread] DEBUG PhysicsWorld         - Clearing physics world
12:18:52.414 [FXGL Background Thread 2 ] DEBUG FXGLApplication      - Initializing game
12:18:52.437 [FXGL Background Thread 2 ] WARN  TMXLevelLoader       - TiledMap generated from 1.11.0. Supported version: 1.9.0. Some features may not be parsed fully.
12:18:52.445 [FXGL Background Thread 2 ] DEBUG TMXLevelLoader       - Parsed TiledMap: file:/C:/Users/user/Desktop/JavaFXGame/target/classes/assets/levels/tmx/level1.tmx
12:18:52.446 [FXGL Background Thread 2 ] DEBUG TMXLevelLoader       - Creating tile layer entities
12:18:52.447 [FXGL Background Thread 2 ] DEBUG TilesetLoader        - Loading view for layer Tile Layer 1
12:18:52.448 [FXGL Background Thread 2 ] DEBUG TilesetLoader        - Created buffer with size 1050.0x700.0
12:18:52.455 [FXGL Background Thread 2 ] DEBUG TMXLevelLoader       - Creating object layer entities
12:18:52.469 [FXGL Background Thread 2 ] DEBUG GameWorld            - Clearing removable entities
12:18:52.469 [FXGL Background Thread 2 ] DEBUG GameWorld            - Setting level: com.almasb.fxgl.entity.level.Level@6c77421f
12:18:52.480 [FXGL Background Thread 2 ] DEBUG Input                - Registered new binding: Jump0 - W
12:18:52.481 [FXGL Background Thread 2 ] DEBUG Input                - Registered new binding: Left0 - A
12:18:52.481 [FXGL Background Thread 2 ] DEBUG Input                - Registered new binding: Right0 - D
12:18:52.481 [FXGL Background Thread 2 ] DEBUG Input                - Registered new binding: Use0 - E
12:18:52.481 [FXGL Background Thread 2 ] DEBUG Input                - Registered new binding: Jump1 - Up
12:18:52.481 [FXGL Background Thread 2 ] DEBUG Input                - Registered new binding: Left1 - Left
12:18:52.481 [FXGL Background Thread 2 ] DEBUG Input                - Registered new binding: Right1 - Right
12:18:52.481 [FXGL Background Thread 2 ] DEBUG Input                - Registered new binding: Use1 - Slash
12:18:52.482 [FXGL Background Thread 2 ] DEBUG FXGLAssetLoaderServi - Loading from file system: file:/C:/Users/user/Desktop/JavaFXGame/target/classes/assets/textures/background/manila.png
12:18:52.492 [FXGL Background Thread 2 ] INFO  FXGLApplication      - Game initialization took: 0.079 sec
12:18:52.493 [JavaFX Application Thread] DEBUG Input                - Clearing active input actions
12:18:52.497 [JavaFX Application Thread] DEBUG GameApplicationServi - Removing overlay from MainLoadingScene and adding to GameScene
12:18:52.498 [JavaFX Application Thread] DEBUG PrimaryStageWindow   - MainLoadingScene -> GameScene
12:19:03.168 [JavaFX Application Thread] WARN  TMXLevelLoader       - TiledMap generated from 1.11.0. Supported version: 1.9.0. Some features may not be parsed fully.
12:19:03.170 [JavaFX Application Thread] DEBUG TMXLevelLoader       - Parsed TiledMap: file:/C:/Users/user/Desktop/JavaFXGame/target/classes/assets/levels/tmx/level1.tmx
12:19:03.170 [JavaFX Application Thread] DEBUG TMXLevelLoader       - Creating tile layer entities
12:19:03.170 [JavaFX Application Thread] DEBUG TilesetLoader        - Loading view for layer Tile Layer 1
12:19:03.170 [JavaFX Application Thread] DEBUG TilesetLoader        - Created buffer with size 1050.0x700.0
12:19:03.178 [JavaFX Application Thread] DEBUG TMXLevelLoader       - Creating object layer entities
12:19:03.179 [JavaFX Application Thread] DEBUG GameWorld            - Clearing removable entities
12:19:03.180 [JavaFX Application Thread] DEBUG GameWorld            - Setting level: com.almasb.fxgl.entity.level.Level@bce9d73
12:19:04.240 [JavaFX Application Thread] DEBUG FXGLApplication      - Exiting FXGL
12:19:04.240 [JavaFX Application Thread] DEBUG LoopRunner           - Stopping loop
12:19:04.240 [JavaFX Application Thread] DEBUG SystemBundleService  - Saving FXGL system data
12:19:04.242 [JavaFX Application Thread] DEBUG FileSystemAccess     - Writing to: C:\Users\user\Desktop\JavaFXGame\system\fxgl.bundle
12:19:04.243 [JavaFX Application Thread] DEBUG Async                - Shutting down background threads
12:19:04.243 [JavaFX Application Thread] DEBUG PrimaryStageWindow   - Closing main window
12:19:04.254 [JavaFX Application Thread] DEBUG Logger               - Closing Logger
