01:58:53.972 [main                     ] DEBUG Logger               - Configured Logger
01:58:53.989 [main                     ] DEBUG GameApplication      - Logging settings
Title: Untitled
Version: 0.0
Width: 1280
Height: 720
Fullscreen: false
Intro: false
Profiling: false
Single step:false
App Mode: DEVELOPER
Menu Key: ESCAPE
Stage Style: DECORATED
Scene Factory: class com.sunsofgod.PlatformerApp$1

01:58:54.269 [JavaFX Application Thread] DEBUG FXGLApplication      - Initializing FXGL
01:58:54.273 [JavaFX Application Thread] INFO  Engine               - FXGL-17.2 (20.08.2022 16.50) on WINDOWS (J:21.0.4 FX:17.0.12)
01:58:54.273 [JavaFX Application Thread] DEBUG Engine               - JRE Vendor Name: Eclipse Adoptium
01:58:54.273 [JavaFX Application Thread] DEBUG Engine               - Running on OS: Windows 11 version 10.0
01:58:54.274 [JavaFX Application Thread] DEBUG Engine               - Architecture: amd64
01:58:54.274 [JavaFX Application Thread] INFO  Engine               - Source code and latest versions at: https://github.com/AlmasB/FXGL
01:58:54.274 [JavaFX Application Thread] INFO  Engine               -       Ask questions and discuss at: https://github.com/AlmasB/FXGL/discussions
01:58:54.274 [JavaFX Application Thread] INFO  Engine               -              Join the FXGL chat at: https://gitter.im/AlmasB/FXGL
01:58:54.336 [JavaFX Application Thread] DEBUG PrimaryStageWindow   - Creating a JavaFX scene
01:58:54.367 [JavaFX Application Thread] DEBUG PrimaryStageWindow   - Target settings size: 1280.0 x 720.0
01:58:54.367 [JavaFX Application Thread] DEBUG PrimaryStageWindow   - Scaled scene size:    1280.0 x 720.0
01:58:54.368 [JavaFX Application Thread] DEBUG PrimaryStageWindow   - Scaled ratio: (1.0, 1.0)
01:58:54.368 [JavaFX Application Thread] DEBUG PrimaryStageWindow   - Set initial scene to FXGLStartupScene
01:58:54.372 [JavaFX Application Thread] DEBUG PrimaryStageWindow   - Opening main window
01:58:54.440 [JavaFX Application Thread] DEBUG PrimaryStageWindow   - Window border size: (16.0, 39.0)
01:58:54.440 [JavaFX Application Thread] DEBUG PrimaryStageWindow   - Scaled size: 1280.0 x 720.0
01:58:54.440 [JavaFX Application Thread] DEBUG PrimaryStageWindow   - Scaled ratio: (1.0, 1.0)
01:58:54.441 [JavaFX Application Thread] DEBUG PrimaryStageWindow   - Scene size: 1280.0 x 720.0
01:58:54.441 [JavaFX Application Thread] DEBUG PrimaryStageWindow   - Stage size: 1296.0 x 759.0
01:58:54.448 [FXGL Background Thread 1 ] DEBUG Engine               - Initializing environment variables
01:58:54.484 [FXGL Background Thread 1 ] DEBUG FXGLAssetLoaderServi - User app class for loading assets: class com.sunsofgod.PlatformerApp
01:58:54.484 [FXGL Background Thread 1 ] DEBUG GameApplicationServi - Applying CSS: fxgl_dark.css
01:58:54.485 [FXGL Background Thread 1 ] DEBUG FXGLAssetLoaderServi - Loading from file system: jar:file:///C:/Users/user/.m2/repository/com/github/almasb/fxgl/17.2/fxgl-17.2.jar!/fxglassets/ui/css/fxgl_dark.css
01:58:54.521 [FXGL Background Thread 1 ] DEBUG GameApplicationServi - Initializing application scenes
01:58:54.555 [FXGL Background Thread 1 ] DEBUG FXGLAssetLoaderServi - Loading from file system: file:/C:/Users/user/Desktop/JavaFXGame/target/classes/assets/textures/player.png
01:58:54.572 [FXGL Background Thread 1 ] DEBUG GameWorld            - Game world initialized
01:58:54.613 [FXGL Background Thread 1 ] DEBUG PhysicsWorld         - Physics world initialized: appHeight=720, physics.ppm=50.0
01:58:54.614 [FXGL Background Thread 1 ] DEBUG PhysicsWorld         - Using strategy: BRUTE_FORCE
01:58:54.616 [FXGL Background Thread 1 ] DEBUG GameScene            - Game scene initialized: 1280x720
01:58:59.751 [FXGL Background Thread 1 ] DEBUG FXGL.DefaultMenu     - createMenuBodyGameMenu()
01:58:59.758 [FXGL Background Thread 1 ] DEBUG FXGL.DefaultMenu     - createOptionsMenu()
01:58:59.765 [FXGL Background Thread 1 ] DEBUG FXGLAssetLoaderServi - Loading from file system: jar:file:///C:/Users/user/.m2/repository/com/github/almasb/fxgl/17.2/fxgl-17.2.jar!/fxglassets/textures/particles/smoke.png
01:58:59.807 [FXGL Background Thread 1 ] DEBUG FXGLAssetLoaderServi - Loading from file system: jar:file:///C:/Users/user/.m2/repository/com/github/almasb/fxgl/17.2/fxgl-17.2.jar!/fxglassets/textures/particles/trace_horizontal.png
01:58:59.815 [FXGL Background Thread 1 ] DEBUG GameApplicationServi - Application scenes initialized
01:58:59.825 [FXGL Background Thread 1 ] DEBUG SystemBundleService  - Loading FXGL system data
01:58:59.828 [FXGL Background Thread 1 ] DEBUG FileSystemAccess     - Reading from: C:\Users\user\Desktop\JavaFXGame\system\fxgl.bundle
01:58:59.837 [FXGL Background Thread 1 ] DEBUG SystemBundleService  - Bundle FXGL: {}
01:58:59.837 [FXGL Background Thread 1 ] DEBUG UpdaterService       - Checking for updates
01:58:59.854 [FXGL Background Thread 4 ] DEBUG FXGLApplication      - Loading fonts
01:58:59.855 [FXGL Background Thread 1 ] DEBUG FXGLApplication      - Loading default localization
01:58:59.855 [FXGL Background Thread 4 ] DEBUG FXGLAssetLoaderServi - Loading from file system: jar:file:///C:/Users/user/.m2/repository/com/github/almasb/fxgl/17.2/fxgl-17.2.jar!/fxglassets/ui/fonts/VarelaRound-Regular.ttf
01:58:59.855 [FXGL Background Thread 1 ] DEBUG FXGLAssetLoaderServi - Loading from file system: jar:file:///C:/Users/user/.m2/repository/com/github/almasb/fxgl/17.2/fxgl-17.2.jar!/fxglassets/languages/english.lang
01:58:59.868 [FXGL Background Thread 1 ] INFO  FXGLApplication      - FXGL initialization took: 5.421 sec
01:58:59.869 [JavaFX Application Thread] DEBUG FXGLAssetLoaderServi - Loading from file system: jar:file:///C:/Users/user/.m2/repository/com/github/almasb/fxgl/17.2/fxgl-17.2.jar!/fxglassets/textures/fxgl_icon.png
01:58:59.875 [JavaFX Application Thread] DEBUG FXGLAssetLoaderServi - Loading from file system: jar:file:///C:/Users/user/.m2/repository/com/github/almasb/fxgl/17.2/fxgl-17.2.jar!/fxglassets/textures/fxgl_default_cursor.png
01:58:59.883 [FXGL Background Thread 4 ] DEBUG FXGLAssetLoaderServi - Loading from file system: jar:file:///C:/Users/user/.m2/repository/com/github/almasb/fxgl/17.2/fxgl-17.2.jar!/fxglassets/ui/fonts/Abel-Regular.ttf
01:58:59.884 [JavaFX Application Thread] DEBUG Input                - Registered new binding: Screenshot - CTRL+8
01:58:59.884 [JavaFX Application Thread] DEBUG Input                - Registered new binding: Dev Options - 1
01:58:59.884 [JavaFX Application Thread] DEBUG Input                - Registered new binding: Dev Console - 2
01:58:59.885 [JavaFX Application Thread] DEBUG Input                - Registered new binding: System info dump - CTRL+9
01:58:59.885 [JavaFX Application Thread] DEBUG Input                - Registered new binding: Restart - CTRL+R
01:58:59.885 [JavaFX Application Thread] DEBUG Input                - Registered new binding: Toggle Debug Camera - CTRL+7
01:58:59.887 [FXGL Background Thread 4 ] DEBUG FXGLAssetLoaderServi - Loading from file system: jar:file:///C:/Users/user/.m2/repository/com/github/almasb/fxgl/17.2/fxgl-17.2.jar!/fxglassets/ui/fonts/TerminalLandMono-Regular.otf
01:58:59.887 [JavaFX Application Thread] DEBUG LoopRunner           - Starting loop
01:58:59.890 [FXGL Background Thread 4 ] DEBUG FXGLAssetLoaderServi - Loading from file system: jar:file:///C:/Users/user/.m2/repository/com/github/almasb/fxgl/17.2/fxgl-17.2.jar!/fxglassets/ui/fonts/Courier-Prime.ttf
01:58:59.897 [JavaFX Application Thread] DEBUG LoopRunner           - Initializing JavaFX AnimationTimerLoop
01:58:59.900 [JavaFX Application Thread] DEBUG Input                - Clearing active input actions
01:58:59.908 [JavaFX Application Thread] DEBUG GameApplicationServi - Removing overlay from FXGLStartupScene and adding to FXGLMainMenuDummyScene
01:58:59.910 [JavaFX Application Thread] DEBUG PrimaryStageWindow   - FXGLStartupScene -> FXGLMainMenuDummyScene
01:58:59.911 [JavaFX Application Thread] DEBUG PrimaryStageWindow   - Push state: RiderMainMenuScene
01:58:59.911 [JavaFX Application Thread] DEBUG Input                - Clearing active input actions
01:58:59.916 [JavaFX Application Thread] DEBUG GameApplicationServi - Removing overlay from FXGLMainMenuDummyScene and adding to RiderMainMenuScene
01:58:59.917 [JavaFX Application Thread] DEBUG PrimaryStageWindow   - FXGLMainMenuDummyScene -> RiderMainMenuScene
01:59:00.057 [JavaFX Application Thread] DEBUG FXGLApplication      - Registering font factories with UI factory
01:59:00.221 [FXGL Background Thread 2 ] INFO  UpdaterService       - Your current version:  17.2
01:59:00.221 [FXGL Background Thread 2 ] INFO  UpdaterService       - Latest stable version: 21.1
01:59:00.398 [JavaFX Application Thread] DEBUG PrimaryStageWindow   - Push state: PlayerSelectScene
01:59:00.398 [JavaFX Application Thread] DEBUG Input                - Clearing active input actions
01:59:00.399 [JavaFX Application Thread] DEBUG GameApplicationServi - Removing overlay from RiderMainMenuScene and adding to PlayerSelectScene
01:59:00.400 [JavaFX Application Thread] DEBUG PrimaryStageWindow   - RiderMainMenuScene -> PlayerSelectScene
01:59:01.951 [JavaFX Application Thread] DEBUG PrimaryStageWindow   - Push state: WorldSelectScene
01:59:01.951 [JavaFX Application Thread] DEBUG Input                - Clearing active input actions
01:59:01.952 [JavaFX Application Thread] DEBUG GameApplicationServi - Removing overlay from PlayerSelectScene and adding to WorldSelectScene
01:59:01.953 [JavaFX Application Thread] DEBUG PrimaryStageWindow   - PlayerSelectScene -> WorldSelectScene
01:59:02.854 [FXGL Background Thread 3 ] DEBUG Engine               - Logging environment variables
01:59:02.854 [FXGL Background Thread 3 ] DEBUG Engine               - achievements: []
01:59:02.854 [FXGL Background Thread 3 ] DEBUG Engine               - actualHeight: 720.0
01:59:02.854 [FXGL Background Thread 3 ] DEBUG Engine               - actualHeightProperty: ReadOnlyDoubleProperty [value: 720.0]
01:59:02.854 [FXGL Background Thread 3 ] DEBUG Engine               - actualWidth: 1280.0
01:59:02.854 [FXGL Background Thread 3 ] DEBUG Engine               - actualWidthProperty: ReadOnlyDoubleProperty [value: 1280.0]
01:59:02.854 [FXGL Background Thread 3 ] DEBUG Engine               - appIcon: fxgl_icon.png
01:59:02.855 [FXGL Background Thread 3 ] DEBUG Engine               - applicationMode: DEVELOPER
01:59:02.855 [FXGL Background Thread 3 ] DEBUG Engine               - cSSList: [fxgl_dark.css]
01:59:02.855 [FXGL Background Thread 3 ] DEBUG Engine               - collisionDetectionStrategy: BRUTE_FORCE
01:59:02.855 [FXGL Background Thread 3 ] DEBUG Engine               - configClass: Optional.empty
01:59:02.855 [FXGL Background Thread 3 ] DEBUG Engine               - credits: []
01:59:02.855 [FXGL Background Thread 3 ] DEBUG Engine               - defaultCursor: CursorInfo(imageName=fxgl_default_cursor.png, hotspotX=7.0, hotspotY=6.0)
01:59:02.855 [FXGL Background Thread 3 ] DEBUG Engine               - devBBoxColorProperty: ObjectProperty [value: 0xff0000ff]
01:59:02.855 [FXGL Background Thread 3 ] DEBUG Engine               - devEnableDebugCameraProperty: BooleanProperty [value: false]
01:59:02.855 [FXGL Background Thread 3 ] DEBUG Engine               - devSensorColorProperty: ObjectProperty [value: 0xffff00ff]
01:59:02.855 [FXGL Background Thread 3 ] DEBUG Engine               - devShowBBoxProperty: BooleanProperty [value: false]
01:59:02.855 [FXGL Background Thread 3 ] DEBUG Engine               - devShowPositionProperty: BooleanProperty [value: false]
01:59:02.855 [FXGL Background Thread 3 ] DEBUG Engine               - enabledMenuItems: []
01:59:02.855 [FXGL Background Thread 3 ] DEBUG Engine               - engineServices: [class com.almasb.fxgl.app.services.FXGLAssetLoaderService, class com.almasb.fxgl.app.FXGLApplication$GameApplicationService, class com.almasb.fxgl.app.services.FXGLDialogService, class com.almasb.fxgl.app.services.IOTaskExecutorService, class com.almasb.fxgl.io.FileSystemService, class com.almasb.fxgl.localization.LocalizationService, class com.almasb.fxgl.app.services.SystemBundleService, class com.almasb.fxgl.profile.SaveLoadService, class com.almasb.fxgl.ui.FXGLUIFactoryServiceProvider, class com.almasb.fxgl.ui.FXGLDialogFactoryServiceProvider, class com.almasb.fxgl.audio.AudioPlayer, class com.almasb.fxgl.notification.impl.NotificationServiceProvider, class com.almasb.fxgl.achievement.AchievementService, class com.almasb.fxgl.cutscene.CutsceneService, class com.almasb.fxgl.minigames.MiniGameService, class com.almasb.fxgl.net.NetService, class com.almasb.fxgl.app.services.UpdaterService, class com.almasb.fxgl.dev.DevService]
01:59:02.855 [FXGL Background Thread 3 ] DEBUG Engine               - fontGame: Abel-Regular.ttf
01:59:02.855 [FXGL Background Thread 3 ] DEBUG Engine               - fontMono: TerminalLandMono-Regular.otf
01:59:02.855 [FXGL Background Thread 3 ] DEBUG Engine               - fontText: Courier-Prime.ttf
01:59:02.855 [FXGL Background Thread 3 ] DEBUG Engine               - fontUI: VarelaRound-Regular.ttf
01:59:02.855 [FXGL Background Thread 3 ] DEBUG Engine               - fullScreen: BooleanProperty [value: false]
01:59:02.855 [FXGL Background Thread 3 ] DEBUG Engine               - gameDifficulty: MEDIUM
01:59:02.855 [FXGL Background Thread 3 ] DEBUG Engine               - gameDifficultyProperty: ObjectProperty [value: MEDIUM]
01:59:02.855 [FXGL Background Thread 3 ] DEBUG Engine               - globalMusicVolume: 0.5
01:59:02.855 [FXGL Background Thread 3 ] DEBUG Engine               - globalMusicVolumeProperty: DoubleProperty [value: 0.25]
01:59:02.855 [FXGL Background Thread 3 ] DEBUG Engine               - globalSoundVolume: 0.5
01:59:02.855 [FXGL Background Thread 3 ] DEBUG Engine               - globalSoundVolumeProperty: DoubleProperty [value: 0.5]
01:59:02.855 [FXGL Background Thread 3 ] DEBUG Engine               - height: 720
01:59:02.857 [FXGL Background Thread 3 ] DEBUG Engine               - is3D: false
01:59:02.857 [FXGL Background Thread 3 ] DEBUG Engine               - isAndroid: false
01:59:02.857 [FXGL Background Thread 3 ] DEBUG Engine               - isBrowser: false
01:59:02.857 [FXGL Background Thread 3 ] DEBUG Engine               - isClickFeedbackEnabled: false
01:59:02.857 [FXGL Background Thread 3 ] DEBUG Engine               - isCloseConfirmation: false
01:59:02.857 [FXGL Background Thread 3 ] DEBUG Engine               - isDesktop: true
01:59:02.857 [FXGL Background Thread 3 ] DEBUG Engine               - isDeveloperMenuEnabled: true
01:59:02.857 [FXGL Background Thread 3 ] DEBUG Engine               - isEmbedded: false
01:59:02.857 [FXGL Background Thread 3 ] DEBUG Engine               - isEntityPreloadEnabled: true
01:59:02.857 [FXGL Background Thread 3 ] DEBUG Engine               - isExperimentalTiledLargeMap: false
01:59:02.857 [FXGL Background Thread 3 ] DEBUG Engine               - isFileSystemWriteAllowed: true
01:59:02.857 [FXGL Background Thread 3 ] DEBUG Engine               - isFullScreenAllowed: false
01:59:02.857 [FXGL Background Thread 3 ] DEBUG Engine               - isFullScreenFromStart: false
01:59:02.857 [FXGL Background Thread 3 ] DEBUG Engine               - isGameMenuEnabled: true
01:59:02.857 [FXGL Background Thread 3 ] DEBUG Engine               - isIOS: false
01:59:02.857 [FXGL Background Thread 3 ] DEBUG Engine               - isIntroEnabled: false
01:59:02.857 [FXGL Background Thread 3 ] DEBUG Engine               - isLinux: false
01:59:02.857 [FXGL Background Thread 3 ] DEBUG Engine               - isMac: false
01:59:02.857 [FXGL Background Thread 3 ] DEBUG Engine               - isMainMenuEnabled: true
01:59:02.857 [FXGL Background Thread 3 ] DEBUG Engine               - isManualResizeEnabled: false
01:59:02.858 [FXGL Background Thread 3 ] DEBUG Engine               - isMobile: false
01:59:02.858 [FXGL Background Thread 3 ] DEBUG Engine               - isNative: false
01:59:02.858 [FXGL Background Thread 3 ] DEBUG Engine               - isPauseMusicWhenMinimized: true
01:59:02.858 [FXGL Background Thread 3 ] DEBUG Engine               - isPreserveResizeRatio: false
01:59:02.858 [FXGL Background Thread 3 ] DEBUG Engine               - isProfilingEnabled: false
01:59:02.858 [FXGL Background Thread 3 ] DEBUG Engine               - isScaleAffectedOnResize: true
01:59:02.858 [FXGL Background Thread 3 ] DEBUG Engine               - isSingleStep: false
01:59:02.858 [FXGL Background Thread 3 ] DEBUG Engine               - isUserProfileEnabled: false
01:59:02.858 [FXGL Background Thread 3 ] DEBUG Engine               - isWindows: true
01:59:02.858 [FXGL Background Thread 3 ] DEBUG Engine               - language: ObjectProperty [value: ENGLISH]
01:59:02.858 [FXGL Background Thread 3 ] DEBUG Engine               - menuKey: ESCAPE
01:59:02.858 [FXGL Background Thread 3 ] DEBUG Engine               - mouseSensitivity: 0.2
01:59:02.858 [FXGL Background Thread 3 ] DEBUG Engine               - notificationViewClass: class com.almasb.fxgl.notification.view.XboxNotificationView
01:59:02.858 [FXGL Background Thread 3 ] DEBUG Engine               - pixelsPerMeter: 50.0
01:59:02.858 [FXGL Background Thread 3 ] DEBUG Engine               - platform: WINDOWS
01:59:02.858 [FXGL Background Thread 3 ] DEBUG Engine               - prefHeightProperty: ReadOnlyDoubleProperty [value: 720.0]
01:59:02.858 [FXGL Background Thread 3 ] DEBUG Engine               - prefWidthProperty: ReadOnlyDoubleProperty [value: 1280.0]
01:59:02.859 [FXGL Background Thread 3 ] DEBUG Engine               - profileDir: profiles/
01:59:02.859 [FXGL Background Thread 3 ] DEBUG Engine               - profileName: StringProperty [value: DEFAULT]
01:59:02.859 [FXGL Background Thread 3 ] DEBUG Engine               - randomSeed: -1
01:59:02.859 [FXGL Background Thread 3 ] DEBUG Engine               - runtimeInfo: RuntimeInfo(platform=WINDOWS, version=17.2, build=20.08.2022 16.50)
01:59:02.859 [FXGL Background Thread 3 ] DEBUG Engine               - saveFileExt: sav
01:59:02.859 [FXGL Background Thread 3 ] DEBUG Engine               - scaledHeightProp$fxgl: DoubleProperty [bound, value: 720.0]
01:59:02.859 [FXGL Background Thread 3 ] DEBUG Engine               - scaledWidthProp$fxgl: DoubleProperty [bound, value: 1280.0]
01:59:02.859 [FXGL Background Thread 3 ] DEBUG Engine               - sceneFactory: com.sunsofgod.PlatformerApp$1@61ed3d11
01:59:02.859 [FXGL Background Thread 3 ] DEBUG Engine               - secondsIn24h: 60
01:59:02.859 [FXGL Background Thread 3 ] DEBUG Engine               - soundMenuBack: menu/back.wav
01:59:02.859 [FXGL Background Thread 3 ] DEBUG Engine               - soundMenuPress: menu/press.wav
01:59:02.859 [FXGL Background Thread 3 ] DEBUG Engine               - soundMenuSelect: menu/select.wav
01:59:02.859 [FXGL Background Thread 3 ] DEBUG Engine               - soundNotification: core/notification.wav
01:59:02.859 [FXGL Background Thread 3 ] DEBUG Engine               - stageStyle: DECORATED
01:59:02.859 [FXGL Background Thread 3 ] DEBUG Engine               - supportedLanguages: [ENGLISH, FRENCH, GERMAN, HUNGARIAN, RUSSIAN]
01:59:02.859 [FXGL Background Thread 3 ] DEBUG Engine               - ticksPerSecond: -1
01:59:02.860 [FXGL Background Thread 3 ] DEBUG Engine               - title: Untitled
01:59:02.860 [FXGL Background Thread 3 ] DEBUG Engine               - urlGithub: https://github.com/AlmasB/FXGL
01:59:02.860 [FXGL Background Thread 3 ] DEBUG Engine               - urlLeaderboard: http://fxgl-top.herokuapp.com/
01:59:02.860 [FXGL Background Thread 3 ] DEBUG Engine               - urlPOM: https://raw.githubusercontent.com/AlmasB/FXGL/release/README.md
01:59:02.860 [FXGL Background Thread 3 ] DEBUG Engine               - userAppClass: class com.sunsofgod.PlatformerApp
01:59:02.860 [FXGL Background Thread 3 ] DEBUG Engine               - version: 0.0
01:59:02.860 [FXGL Background Thread 3 ] DEBUG Engine               - versionCheckDays: 7
01:59:02.860 [FXGL Background Thread 3 ] DEBUG Engine               - width: 1280
01:59:02.860 [FXGL Background Thread 3 ] DEBUG Engine               - Logging services
01:59:02.860 [FXGL Background Thread 3 ] DEBUG Engine               - class com.almasb.fxgl.app.services.FXGLAssetLoaderService
01:59:02.860 [FXGL Background Thread 3 ] DEBUG Engine               - class com.almasb.fxgl.app.FXGLApplication$GameApplicationService
01:59:02.860 [FXGL Background Thread 3 ] DEBUG Engine               - class com.almasb.fxgl.app.services.FXGLDialogService
01:59:02.860 [FXGL Background Thread 3 ] DEBUG Engine               - class com.almasb.fxgl.app.services.IOTaskExecutorService
01:59:02.860 [FXGL Background Thread 3 ] DEBUG Engine               - class com.almasb.fxgl.io.FileSystemService
01:59:02.860 [FXGL Background Thread 3 ] DEBUG Engine               - class com.almasb.fxgl.localization.LocalizationService
01:59:02.860 [FXGL Background Thread 3 ] DEBUG Engine               - class com.almasb.fxgl.app.services.SystemBundleService
01:59:02.860 [FXGL Background Thread 3 ] DEBUG Engine               - class com.almasb.fxgl.profile.SaveLoadService
01:59:02.860 [FXGL Background Thread 3 ] DEBUG Engine               - class com.almasb.fxgl.ui.FXGLUIFactoryServiceProvider
01:59:02.860 [FXGL Background Thread 3 ] DEBUG Engine               - class com.almasb.fxgl.ui.FXGLDialogFactoryServiceProvider
01:59:02.860 [FXGL Background Thread 3 ] DEBUG Engine               - class com.almasb.fxgl.audio.AudioPlayer
01:59:02.860 [FXGL Background Thread 3 ] DEBUG Engine               - class com.almasb.fxgl.notification.impl.NotificationServiceProvider
01:59:02.860 [FXGL Background Thread 3 ] DEBUG Engine               - class com.almasb.fxgl.achievement.AchievementService
01:59:02.860 [FXGL Background Thread 3 ] DEBUG Engine               - class com.almasb.fxgl.cutscene.CutsceneService
01:59:02.860 [FXGL Background Thread 3 ] DEBUG Engine               - class com.almasb.fxgl.minigames.MiniGameService
01:59:02.860 [FXGL Background Thread 3 ] DEBUG Engine               - class com.almasb.fxgl.net.NetService
01:59:02.860 [FXGL Background Thread 3 ] DEBUG Engine               - class com.almasb.fxgl.app.services.UpdaterService
01:59:02.860 [FXGL Background Thread 3 ] DEBUG Engine               - class com.almasb.fxgl.dev.DevService
01:59:10.719 [JavaFX Application Thread] DEBUG PrimaryStageWindow   - Push state: WorldSelectScene
01:59:10.719 [JavaFX Application Thread] DEBUG Input                - Clearing active input actions
01:59:10.720 [JavaFX Application Thread] DEBUG GameApplicationServi - Removing overlay from WorldSelectScene and adding to WorldSelectScene
01:59:10.721 [JavaFX Application Thread] DEBUG PrimaryStageWindow   - WorldSelectScene -> WorldSelectScene
01:59:10.958 [JavaFX Application Thread] DEBUG PrimaryStageWindow   - Push state: WorldSelectScene
01:59:10.958 [JavaFX Application Thread] DEBUG Input                - Clearing active input actions
01:59:10.960 [JavaFX Application Thread] DEBUG GameApplicationServi - Removing overlay from WorldSelectScene and adding to WorldSelectScene
01:59:10.961 [JavaFX Application Thread] DEBUG PrimaryStageWindow   - WorldSelectScene -> WorldSelectScene
01:59:11.103 [JavaFX Application Thread] DEBUG PrimaryStageWindow   - Push state: WorldSelectScene
01:59:11.104 [JavaFX Application Thread] DEBUG Input                - Clearing active input actions
01:59:11.104 [JavaFX Application Thread] DEBUG GameApplicationServi - Removing overlay from WorldSelectScene and adding to WorldSelectScene
01:59:11.105 [JavaFX Application Thread] DEBUG PrimaryStageWindow   - WorldSelectScene -> WorldSelectScene
01:59:11.263 [JavaFX Application Thread] DEBUG PrimaryStageWindow   - Push state: WorldSelectScene
01:59:11.263 [JavaFX Application Thread] DEBUG Input                - Clearing active input actions
01:59:11.263 [JavaFX Application Thread] DEBUG GameApplicationServi - Removing overlay from WorldSelectScene and adding to WorldSelectScene
01:59:11.264 [JavaFX Application Thread] DEBUG PrimaryStageWindow   - WorldSelectScene -> WorldSelectScene
01:59:11.407 [JavaFX Application Thread] DEBUG PrimaryStageWindow   - Push state: WorldSelectScene
01:59:11.407 [JavaFX Application Thread] DEBUG Input                - Clearing active input actions
01:59:11.407 [JavaFX Application Thread] DEBUG GameApplicationServi - Removing overlay from WorldSelectScene and adding to WorldSelectScene
01:59:11.408 [JavaFX Application Thread] DEBUG PrimaryStageWindow   - WorldSelectScene -> WorldSelectScene
01:59:11.567 [JavaFX Application Thread] DEBUG PrimaryStageWindow   - Push state: WorldSelectScene
01:59:11.567 [JavaFX Application Thread] DEBUG Input                - Clearing active input actions
01:59:11.567 [JavaFX Application Thread] DEBUG GameApplicationServi - Removing overlay from WorldSelectScene and adding to WorldSelectScene
01:59:11.568 [JavaFX Application Thread] DEBUG PrimaryStageWindow   - WorldSelectScene -> WorldSelectScene
01:59:11.739 [JavaFX Application Thread] DEBUG PrimaryStageWindow   - Push state: WorldSelectScene
01:59:11.739 [JavaFX Application Thread] DEBUG Input                - Clearing active input actions
01:59:11.739 [JavaFX Application Thread] DEBUG GameApplicationServi - Removing overlay from WorldSelectScene and adding to WorldSelectScene
01:59:11.741 [JavaFX Application Thread] DEBUG PrimaryStageWindow   - WorldSelectScene -> WorldSelectScene
01:59:11.913 [JavaFX Application Thread] DEBUG PrimaryStageWindow   - Push state: WorldSelectScene
01:59:11.913 [JavaFX Application Thread] DEBUG Input                - Clearing active input actions
01:59:11.913 [JavaFX Application Thread] DEBUG GameApplicationServi - Removing overlay from WorldSelectScene and adding to WorldSelectScene
01:59:11.914 [JavaFX Application Thread] DEBUG PrimaryStageWindow   - WorldSelectScene -> WorldSelectScene
01:59:12.095 [JavaFX Application Thread] DEBUG PrimaryStageWindow   - Push state: WorldSelectScene
01:59:12.095 [JavaFX Application Thread] DEBUG Input                - Clearing active input actions
01:59:12.095 [JavaFX Application Thread] DEBUG GameApplicationServi - Removing overlay from WorldSelectScene and adding to WorldSelectScene
01:59:12.096 [JavaFX Application Thread] DEBUG PrimaryStageWindow   - WorldSelectScene -> WorldSelectScene
01:59:12.269 [JavaFX Application Thread] DEBUG PrimaryStageWindow   - Push state: WorldSelectScene
01:59:12.269 [JavaFX Application Thread] DEBUG Input                - Clearing active input actions
01:59:12.269 [JavaFX Application Thread] DEBUG GameApplicationServi - Removing overlay from WorldSelectScene and adding to WorldSelectScene
01:59:12.270 [JavaFX Application Thread] DEBUG PrimaryStageWindow   - WorldSelectScene -> WorldSelectScene
01:59:12.441 [JavaFX Application Thread] DEBUG PrimaryStageWindow   - Push state: WorldSelectScene
01:59:12.441 [JavaFX Application Thread] DEBUG Input                - Clearing active input actions
01:59:12.441 [JavaFX Application Thread] DEBUG GameApplicationServi - Removing overlay from WorldSelectScene and adding to WorldSelectScene
01:59:12.442 [JavaFX Application Thread] DEBUG PrimaryStageWindow   - WorldSelectScene -> WorldSelectScene
01:59:12.607 [JavaFX Application Thread] DEBUG PrimaryStageWindow   - Push state: WorldSelectScene
01:59:12.608 [JavaFX Application Thread] DEBUG Input                - Clearing active input actions
01:59:12.608 [JavaFX Application Thread] DEBUG GameApplicationServi - Removing overlay from WorldSelectScene and adding to WorldSelectScene
01:59:12.608 [JavaFX Application Thread] DEBUG PrimaryStageWindow   - WorldSelectScene -> WorldSelectScene
01:59:12.782 [JavaFX Application Thread] DEBUG PrimaryStageWindow   - Push state: WorldSelectScene
01:59:12.783 [JavaFX Application Thread] DEBUG Input                - Clearing active input actions
01:59:12.783 [JavaFX Application Thread] DEBUG GameApplicationServi - Removing overlay from WorldSelectScene and adding to WorldSelectScene
01:59:12.783 [JavaFX Application Thread] DEBUG PrimaryStageWindow   - WorldSelectScene -> WorldSelectScene
01:59:12.968 [JavaFX Application Thread] DEBUG PrimaryStageWindow   - Push state: WorldSelectScene
01:59:12.968 [JavaFX Application Thread] DEBUG Input                - Clearing active input actions
01:59:12.969 [JavaFX Application Thread] DEBUG GameApplicationServi - Removing overlay from WorldSelectScene and adding to WorldSelectScene
01:59:12.969 [JavaFX Application Thread] DEBUG PrimaryStageWindow   - WorldSelectScene -> WorldSelectScene
01:59:13.135 [JavaFX Application Thread] DEBUG PrimaryStageWindow   - Push state: WorldSelectScene
01:59:13.135 [JavaFX Application Thread] DEBUG Input                - Clearing active input actions
01:59:13.135 [JavaFX Application Thread] DEBUG GameApplicationServi - Removing overlay from WorldSelectScene and adding to WorldSelectScene
01:59:13.136 [JavaFX Application Thread] DEBUG PrimaryStageWindow   - WorldSelectScene -> WorldSelectScene
01:59:13.322 [JavaFX Application Thread] DEBUG PrimaryStageWindow   - Push state: WorldSelectScene
01:59:13.323 [JavaFX Application Thread] DEBUG Input                - Clearing active input actions
01:59:13.323 [JavaFX Application Thread] DEBUG GameApplicationServi - Removing overlay from WorldSelectScene and adding to WorldSelectScene
01:59:13.324 [JavaFX Application Thread] DEBUG PrimaryStageWindow   - WorldSelectScene -> WorldSelectScene
01:59:13.498 [JavaFX Application Thread] DEBUG PrimaryStageWindow   - Push state: WorldSelectScene
01:59:13.498 [JavaFX Application Thread] DEBUG Input                - Clearing active input actions
01:59:13.498 [JavaFX Application Thread] DEBUG GameApplicationServi - Removing overlay from WorldSelectScene and adding to WorldSelectScene
01:59:13.499 [JavaFX Application Thread] DEBUG PrimaryStageWindow   - WorldSelectScene -> WorldSelectScene
01:59:14.155 [JavaFX Application Thread] DEBUG PrimaryStageWindow   - Push state: WorldSelectScene
01:59:14.155 [JavaFX Application Thread] DEBUG Input                - Clearing active input actions
01:59:14.155 [JavaFX Application Thread] DEBUG GameApplicationServi - Removing overlay from WorldSelectScene and adding to WorldSelectScene
01:59:14.157 [JavaFX Application Thread] DEBUG PrimaryStageWindow   - WorldSelectScene -> WorldSelectScene
01:59:14.319 [JavaFX Application Thread] DEBUG PrimaryStageWindow   - Push state: WorldSelectScene
01:59:14.319 [JavaFX Application Thread] DEBUG Input                - Clearing active input actions
01:59:14.319 [JavaFX Application Thread] DEBUG GameApplicationServi - Removing overlay from WorldSelectScene and adding to WorldSelectScene
01:59:14.319 [JavaFX Application Thread] DEBUG PrimaryStageWindow   - WorldSelectScene -> WorldSelectScene
01:59:14.495 [JavaFX Application Thread] DEBUG PrimaryStageWindow   - Push state: WorldSelectScene
01:59:14.495 [JavaFX Application Thread] DEBUG Input                - Clearing active input actions
01:59:14.495 [JavaFX Application Thread] DEBUG GameApplicationServi - Removing overlay from WorldSelectScene and adding to WorldSelectScene
01:59:14.496 [JavaFX Application Thread] DEBUG PrimaryStageWindow   - WorldSelectScene -> WorldSelectScene
01:59:14.665 [JavaFX Application Thread] DEBUG PrimaryStageWindow   - Push state: WorldSelectScene
01:59:14.665 [JavaFX Application Thread] DEBUG Input                - Clearing active input actions
01:59:14.665 [JavaFX Application Thread] DEBUG GameApplicationServi - Removing overlay from WorldSelectScene and adding to WorldSelectScene
01:59:14.666 [JavaFX Application Thread] DEBUG PrimaryStageWindow   - WorldSelectScene -> WorldSelectScene
01:59:14.847 [JavaFX Application Thread] DEBUG PrimaryStageWindow   - Push state: WorldSelectScene
01:59:14.847 [JavaFX Application Thread] DEBUG Input                - Clearing active input actions
01:59:14.847 [JavaFX Application Thread] DEBUG GameApplicationServi - Removing overlay from WorldSelectScene and adding to WorldSelectScene
01:59:14.848 [JavaFX Application Thread] DEBUG PrimaryStageWindow   - WorldSelectScene -> WorldSelectScene
01:59:15.016 [JavaFX Application Thread] DEBUG PrimaryStageWindow   - Push state: WorldSelectScene
01:59:15.018 [JavaFX Application Thread] DEBUG Input                - Clearing active input actions
01:59:15.018 [JavaFX Application Thread] DEBUG GameApplicationServi - Removing overlay from WorldSelectScene and adding to WorldSelectScene
01:59:15.018 [JavaFX Application Thread] DEBUG PrimaryStageWindow   - WorldSelectScene -> WorldSelectScene
01:59:17.487 [JavaFX Application Thread] DEBUG FXGLApplication      - Exiting FXGL
01:59:17.487 [JavaFX Application Thread] DEBUG LoopRunner           - Stopping loop
01:59:17.487 [JavaFX Application Thread] DEBUG SystemBundleService  - Saving FXGL system data
01:59:17.489 [JavaFX Application Thread] DEBUG FileSystemAccess     - Writing to: C:\Users\user\Desktop\JavaFXGame\system\fxgl.bundle
01:59:17.490 [JavaFX Application Thread] DEBUG Async                - Shutting down background threads
01:59:17.490 [JavaFX Application Thread] DEBUG PrimaryStageWindow   - Closing main window
01:59:17.501 [JavaFX Application Thread] DEBUG Logger               - Closing Logger
