03:05:22.641 [main                     ] DEBUG Logger               - Configured Logger
03:05:22.657 [main                     ] DEBUG GameApplication      - Logging settings
Title: Untitled
Version: 0.0
Width: 1280
Height: 720
Fullscreen: false
Intro: false
Profiling: false
Single step:false
App Mode: DEVELOPER
Menu Key: ESCAPE
Stage Style: DECORATED
Scene Factory: class com.sunsofgod.PlatformerApp$1

03:05:22.936 [JavaFX Application Thread] DEBUG FXGLApplication      - Initializing FXGL
03:05:22.939 [JavaFX Application Thread] INFO  Engine               - FXGL-17.2 (20.08.2022 16.50) on WINDOWS (J:21.0.4 FX:17.0.12)
03:05:22.940 [JavaFX Application Thread] DEBUG Engine               - JRE Vendor Name: Eclipse Adoptium
03:05:22.940 [JavaFX Application Thread] DEBUG Engine               - Running on OS: Windows 11 version 10.0
03:05:22.940 [JavaFX Application Thread] DEBUG Engine               - Architecture: amd64
03:05:22.940 [JavaFX Application Thread] INFO  Engine               - Source code and latest versions at: https://github.com/AlmasB/FXGL
03:05:22.940 [JavaFX Application Thread] INFO  Engine               -       Ask questions and discuss at: https://github.com/AlmasB/FXGL/discussions
03:05:22.941 [JavaFX Application Thread] INFO  Engine               -              Join the FXGL chat at: https://gitter.im/AlmasB/FXGL
03:05:23.003 [JavaFX Application Thread] DEBUG PrimaryStageWindow   - Creating a JavaFX scene
03:05:23.035 [JavaFX Application Thread] DEBUG PrimaryStageWindow   - Target settings size: 1280.0 x 720.0
03:05:23.035 [JavaFX Application Thread] DEBUG PrimaryStageWindow   - Scaled scene size:    1280.0 x 720.0
03:05:23.035 [JavaFX Application Thread] DEBUG PrimaryStageWindow   - Scaled ratio: (1.0, 1.0)
03:05:23.036 [JavaFX Application Thread] DEBUG PrimaryStageWindow   - Set initial scene to FXGLStartupScene
03:05:23.040 [JavaFX Application Thread] DEBUG PrimaryStageWindow   - Opening main window
03:05:23.102 [JavaFX Application Thread] DEBUG PrimaryStageWindow   - Window border size: (16.0, 39.0)
03:05:23.103 [JavaFX Application Thread] DEBUG PrimaryStageWindow   - Scaled size: 1280.0 x 720.0
03:05:23.103 [JavaFX Application Thread] DEBUG PrimaryStageWindow   - Scaled ratio: (1.0, 1.0)
03:05:23.103 [JavaFX Application Thread] DEBUG PrimaryStageWindow   - Scene size: 1280.0 x 720.0
03:05:23.103 [JavaFX Application Thread] DEBUG PrimaryStageWindow   - Stage size: 1296.0 x 759.0
03:05:23.108 [FXGL Background Thread 1 ] DEBUG Engine               - Initializing environment variables
03:05:23.143 [FXGL Background Thread 1 ] DEBUG FXGLAssetLoaderServi - User app class for loading assets: class com.sunsofgod.PlatformerApp
03:05:23.144 [FXGL Background Thread 1 ] DEBUG GameApplicationServi - Applying CSS: fxgl_dark.css
03:05:23.145 [FXGL Background Thread 1 ] DEBUG FXGLAssetLoaderServi - Loading from file system: jar:file:///C:/Users/user/.m2/repository/com/github/almasb/fxgl/17.2/fxgl-17.2.jar!/fxglassets/ui/css/fxgl_dark.css
03:05:23.177 [FXGL Background Thread 1 ] DEBUG GameApplicationServi - Initializing application scenes
03:05:23.212 [FXGL Background Thread 1 ] WARN  FXGLAssetLoaderServi - Asset "/assets/textures/player.png" was not found!
03:05:23.213 [FXGL Background Thread 1 ] WARN  FXGLAssetLoaderServi - Failed to load IMAGE
03:05:23.233 [FXGL Background Thread 1 ] DEBUG GameWorld            - Game world initialized
03:05:23.265 [FXGL Background Thread 1 ] DEBUG PhysicsWorld         - Physics world initialized: appHeight=720, physics.ppm=50.0
03:05:23.265 [FXGL Background Thread 1 ] DEBUG PhysicsWorld         - Using strategy: BRUTE_FORCE
03:05:23.268 [FXGL Background Thread 1 ] DEBUG GameScene            - Game scene initialized: 1280x720
03:05:23.458 [FXGL Background Thread 1 ] DEBUG FXGL.DefaultMenu     - createMenuBodyGameMenu()
03:05:23.466 [FXGL Background Thread 1 ] DEBUG FXGL.DefaultMenu     - createOptionsMenu()
03:05:23.472 [FXGL Background Thread 1 ] DEBUG FXGLAssetLoaderServi - Loading from file system: jar:file:///C:/Users/user/.m2/repository/com/github/almasb/fxgl/17.2/fxgl-17.2.jar!/fxglassets/textures/particles/smoke.png
03:05:23.514 [FXGL Background Thread 1 ] DEBUG FXGLAssetLoaderServi - Loading from file system: jar:file:///C:/Users/user/.m2/repository/com/github/almasb/fxgl/17.2/fxgl-17.2.jar!/fxglassets/textures/particles/trace_horizontal.png
03:05:23.524 [FXGL Background Thread 1 ] DEBUG GameApplicationServi - Application scenes initialized
03:05:23.535 [FXGL Background Thread 1 ] DEBUG SystemBundleService  - Loading FXGL system data
03:05:23.539 [FXGL Background Thread 1 ] DEBUG FileSystemAccess     - Reading from: C:\Users\user\Desktop\JavaFXGame\system\fxgl.bundle
03:05:23.547 [FXGL Background Thread 1 ] DEBUG SystemBundleService  - Bundle FXGL: {}
03:05:23.547 [FXGL Background Thread 1 ] DEBUG UpdaterService       - Checking for updates
03:05:23.572 [FXGL Background Thread 4 ] DEBUG FXGLApplication      - Loading fonts
03:05:23.572 [FXGL Background Thread 1 ] DEBUG FXGLApplication      - Loading default localization
03:05:23.573 [FXGL Background Thread 4 ] DEBUG FXGLAssetLoaderServi - Loading from file system: jar:file:///C:/Users/user/.m2/repository/com/github/almasb/fxgl/17.2/fxgl-17.2.jar!/fxglassets/ui/fonts/VarelaRound-Regular.ttf
03:05:23.573 [FXGL Background Thread 1 ] DEBUG FXGLAssetLoaderServi - Loading from file system: jar:file:///C:/Users/user/.m2/repository/com/github/almasb/fxgl/17.2/fxgl-17.2.jar!/fxglassets/languages/english.lang
03:05:23.586 [FXGL Background Thread 1 ] INFO  FXGLApplication      - FXGL initialization took: 0.477 sec
03:05:23.587 [JavaFX Application Thread] DEBUG FXGLAssetLoaderServi - Loading from file system: jar:file:///C:/Users/user/.m2/repository/com/github/almasb/fxgl/17.2/fxgl-17.2.jar!/fxglassets/textures/fxgl_icon.png
03:05:23.596 [JavaFX Application Thread] DEBUG FXGLAssetLoaderServi - Loading from file system: jar:file:///C:/Users/user/.m2/repository/com/github/almasb/fxgl/17.2/fxgl-17.2.jar!/fxglassets/textures/fxgl_default_cursor.png
03:05:23.602 [FXGL Background Thread 4 ] DEBUG FXGLAssetLoaderServi - Loading from file system: jar:file:///C:/Users/user/.m2/repository/com/github/almasb/fxgl/17.2/fxgl-17.2.jar!/fxglassets/ui/fonts/Abel-Regular.ttf
03:05:23.605 [JavaFX Application Thread] DEBUG Input                - Registered new binding: Screenshot - CTRL+8
03:05:23.606 [JavaFX Application Thread] DEBUG Input                - Registered new binding: Dev Options - 1
03:05:23.606 [FXGL Background Thread 4 ] DEBUG FXGLAssetLoaderServi - Loading from file system: jar:file:///C:/Users/user/.m2/repository/com/github/almasb/fxgl/17.2/fxgl-17.2.jar!/fxglassets/ui/fonts/TerminalLandMono-Regular.otf
03:05:23.606 [JavaFX Application Thread] DEBUG Input                - Registered new binding: Dev Console - 2
03:05:23.606 [JavaFX Application Thread] DEBUG Input                - Registered new binding: System info dump - CTRL+9
03:05:23.607 [JavaFX Application Thread] DEBUG Input                - Registered new binding: Restart - CTRL+R
03:05:23.607 [JavaFX Application Thread] DEBUG Input                - Registered new binding: Toggle Debug Camera - CTRL+7
03:05:23.610 [JavaFX Application Thread] DEBUG LoopRunner           - Starting loop
03:05:23.619 [JavaFX Application Thread] DEBUG LoopRunner           - Initializing JavaFX AnimationTimerLoop
03:05:23.621 [JavaFX Application Thread] DEBUG Input                - Clearing active input actions
03:05:23.631 [JavaFX Application Thread] DEBUG GameApplicationServi - Removing overlay from FXGLStartupScene and adding to FXGLMainMenuDummyScene
03:05:23.634 [JavaFX Application Thread] DEBUG PrimaryStageWindow   - FXGLStartupScene -> FXGLMainMenuDummyScene
03:05:23.634 [JavaFX Application Thread] DEBUG PrimaryStageWindow   - Push state: RiderMainMenuScene
03:05:23.634 [JavaFX Application Thread] DEBUG Input                - Clearing active input actions
03:05:23.639 [JavaFX Application Thread] DEBUG GameApplicationServi - Removing overlay from FXGLMainMenuDummyScene and adding to RiderMainMenuScene
03:05:23.640 [JavaFX Application Thread] DEBUG PrimaryStageWindow   - FXGLMainMenuDummyScene -> RiderMainMenuScene
03:05:23.786 [JavaFX Application Thread] DEBUG FXGLApplication      - Registering font factories with UI factory
03:05:24.176 [FXGL Background Thread 2 ] INFO  UpdaterService       - Your current version:  17.2
03:05:24.176 [FXGL Background Thread 2 ] INFO  UpdaterService       - Latest stable version: 21.1
03:05:24.669 [JavaFX Application Thread] DEBUG PrimaryStageWindow   - Push state: PlayerSelectScene
03:05:24.669 [JavaFX Application Thread] DEBUG Input                - Clearing active input actions
03:05:24.670 [JavaFX Application Thread] DEBUG GameApplicationServi - Removing overlay from RiderMainMenuScene and adding to PlayerSelectScene
03:05:24.671 [JavaFX Application Thread] DEBUG PrimaryStageWindow   - RiderMainMenuScene -> PlayerSelectScene
03:05:25.786 [JavaFX Application Thread] DEBUG PrimaryStageWindow   - Push state: LevelSelectScene
03:05:25.787 [JavaFX Application Thread] DEBUG Input                - Clearing active input actions
03:05:25.787 [JavaFX Application Thread] DEBUG GameApplicationServi - Removing overlay from PlayerSelectScene and adding to LevelSelectScene
03:05:25.788 [JavaFX Application Thread] DEBUG PrimaryStageWindow   - PlayerSelectScene -> LevelSelectScene
03:05:26.571 [FXGL Background Thread 3 ] DEBUG Engine               - Logging environment variables
03:05:26.571 [FXGL Background Thread 3 ] DEBUG Engine               - achievements: []
03:05:26.571 [FXGL Background Thread 3 ] DEBUG Engine               - actualHeight: 720.0
03:05:26.572 [FXGL Background Thread 3 ] DEBUG Engine               - actualHeightProperty: ReadOnlyDoubleProperty [value: 720.0]
03:05:26.572 [FXGL Background Thread 3 ] DEBUG Engine               - actualWidth: 1280.0
03:05:26.572 [FXGL Background Thread 3 ] DEBUG Engine               - actualWidthProperty: ReadOnlyDoubleProperty [value: 1280.0]
03:05:26.572 [FXGL Background Thread 3 ] DEBUG Engine               - appIcon: fxgl_icon.png
03:05:26.572 [FXGL Background Thread 3 ] DEBUG Engine               - applicationMode: DEVELOPER
03:05:26.572 [FXGL Background Thread 3 ] DEBUG Engine               - cSSList: [fxgl_dark.css]
03:05:26.572 [FXGL Background Thread 3 ] DEBUG Engine               - collisionDetectionStrategy: BRUTE_FORCE
03:05:26.572 [FXGL Background Thread 3 ] DEBUG Engine               - configClass: Optional.empty
03:05:26.572 [FXGL Background Thread 3 ] DEBUG Engine               - credits: []
03:05:26.572 [FXGL Background Thread 3 ] DEBUG Engine               - defaultCursor: CursorInfo(imageName=fxgl_default_cursor.png, hotspotX=7.0, hotspotY=6.0)
03:05:26.573 [FXGL Background Thread 3 ] DEBUG Engine               - devBBoxColorProperty: ObjectProperty [value: 0xff0000ff]
03:05:26.573 [FXGL Background Thread 3 ] DEBUG Engine               - devEnableDebugCameraProperty: BooleanProperty [value: false]
03:05:26.573 [FXGL Background Thread 3 ] DEBUG Engine               - devSensorColorProperty: ObjectProperty [value: 0xffff00ff]
03:05:26.573 [FXGL Background Thread 3 ] DEBUG Engine               - devShowBBoxProperty: BooleanProperty [value: false]
03:05:26.573 [FXGL Background Thread 3 ] DEBUG Engine               - devShowPositionProperty: BooleanProperty [value: false]
03:05:26.573 [FXGL Background Thread 3 ] DEBUG Engine               - enabledMenuItems: []
03:05:26.573 [FXGL Background Thread 3 ] DEBUG Engine               - engineServices: [class com.almasb.fxgl.app.services.FXGLAssetLoaderService, class com.almasb.fxgl.app.FXGLApplication$GameApplicationService, class com.almasb.fxgl.app.services.FXGLDialogService, class com.almasb.fxgl.app.services.IOTaskExecutorService, class com.almasb.fxgl.io.FileSystemService, class com.almasb.fxgl.localization.LocalizationService, class com.almasb.fxgl.app.services.SystemBundleService, class com.almasb.fxgl.profile.SaveLoadService, class com.almasb.fxgl.ui.FXGLUIFactoryServiceProvider, class com.almasb.fxgl.ui.FXGLDialogFactoryServiceProvider, class com.almasb.fxgl.audio.AudioPlayer, class com.almasb.fxgl.notification.impl.NotificationServiceProvider, class com.almasb.fxgl.achievement.AchievementService, class com.almasb.fxgl.cutscene.CutsceneService, class com.almasb.fxgl.minigames.MiniGameService, class com.almasb.fxgl.net.NetService, class com.almasb.fxgl.app.services.UpdaterService, class com.almasb.fxgl.dev.DevService]
03:05:26.573 [FXGL Background Thread 3 ] DEBUG Engine               - fontGame: Abel-Regular.ttf
03:05:26.573 [FXGL Background Thread 3 ] DEBUG Engine               - fontMono: TerminalLandMono-Regular.otf
03:05:26.573 [FXGL Background Thread 3 ] DEBUG Engine               - fontText: Courier-Prime.ttf
03:05:26.573 [FXGL Background Thread 3 ] DEBUG Engine               - fontUI: VarelaRound-Regular.ttf
03:05:26.573 [FXGL Background Thread 3 ] DEBUG Engine               - fullScreen: BooleanProperty [value: false]
03:05:26.573 [FXGL Background Thread 3 ] DEBUG Engine               - gameDifficulty: MEDIUM
03:05:26.573 [FXGL Background Thread 3 ] DEBUG Engine               - gameDifficultyProperty: ObjectProperty [value: MEDIUM]
03:05:26.573 [FXGL Background Thread 3 ] DEBUG Engine               - globalMusicVolume: 0.5
03:05:26.573 [FXGL Background Thread 3 ] DEBUG Engine               - globalMusicVolumeProperty: DoubleProperty [value: 0.25]
03:05:26.573 [FXGL Background Thread 3 ] DEBUG Engine               - globalSoundVolume: 0.5
03:05:26.574 [FXGL Background Thread 3 ] DEBUG Engine               - globalSoundVolumeProperty: DoubleProperty [value: 0.5]
03:05:26.574 [FXGL Background Thread 3 ] DEBUG Engine               - height: 720
03:05:26.574 [FXGL Background Thread 3 ] DEBUG Engine               - is3D: false
03:05:26.574 [FXGL Background Thread 3 ] DEBUG Engine               - isAndroid: false
03:05:26.574 [FXGL Background Thread 3 ] DEBUG Engine               - isBrowser: false
03:05:26.574 [FXGL Background Thread 3 ] DEBUG Engine               - isClickFeedbackEnabled: false
03:05:26.574 [FXGL Background Thread 3 ] DEBUG Engine               - isCloseConfirmation: false
03:05:26.574 [FXGL Background Thread 3 ] DEBUG Engine               - isDesktop: true
03:05:26.574 [FXGL Background Thread 3 ] DEBUG Engine               - isDeveloperMenuEnabled: true
03:05:26.574 [FXGL Background Thread 3 ] DEBUG Engine               - isEmbedded: false
03:05:26.574 [FXGL Background Thread 3 ] DEBUG Engine               - isEntityPreloadEnabled: true
03:05:26.575 [FXGL Background Thread 3 ] DEBUG Engine               - isExperimentalTiledLargeMap: false
03:05:26.575 [FXGL Background Thread 3 ] DEBUG Engine               - isFileSystemWriteAllowed: true
03:05:26.575 [FXGL Background Thread 3 ] DEBUG Engine               - isFullScreenAllowed: false
03:05:26.575 [FXGL Background Thread 3 ] DEBUG Engine               - isFullScreenFromStart: false
03:05:26.575 [FXGL Background Thread 3 ] DEBUG Engine               - isGameMenuEnabled: true
03:05:26.575 [FXGL Background Thread 3 ] DEBUG Engine               - isIOS: false
03:05:26.575 [FXGL Background Thread 3 ] DEBUG Engine               - isIntroEnabled: false
03:05:26.575 [FXGL Background Thread 3 ] DEBUG Engine               - isLinux: false
03:05:26.575 [FXGL Background Thread 3 ] DEBUG Engine               - isMac: false
03:05:26.575 [FXGL Background Thread 3 ] DEBUG Engine               - isMainMenuEnabled: true
03:05:26.575 [FXGL Background Thread 3 ] DEBUG Engine               - isManualResizeEnabled: false
03:05:26.575 [FXGL Background Thread 3 ] DEBUG Engine               - isMobile: false
03:05:26.575 [FXGL Background Thread 3 ] DEBUG Engine               - isNative: false
03:05:26.575 [FXGL Background Thread 3 ] DEBUG Engine               - isPauseMusicWhenMinimized: true
03:05:26.575 [FXGL Background Thread 3 ] DEBUG Engine               - isPreserveResizeRatio: false
03:05:26.575 [FXGL Background Thread 3 ] DEBUG Engine               - isProfilingEnabled: false
03:05:26.575 [FXGL Background Thread 3 ] DEBUG Engine               - isScaleAffectedOnResize: true
03:05:26.575 [FXGL Background Thread 3 ] DEBUG Engine               - isSingleStep: false
03:05:26.575 [FXGL Background Thread 3 ] DEBUG Engine               - isUserProfileEnabled: false
03:05:26.575 [FXGL Background Thread 3 ] DEBUG Engine               - isWindows: true
03:05:26.575 [FXGL Background Thread 3 ] DEBUG Engine               - language: ObjectProperty [value: ENGLISH]
03:05:26.575 [FXGL Background Thread 3 ] DEBUG Engine               - menuKey: ESCAPE
03:05:26.576 [FXGL Background Thread 3 ] DEBUG Engine               - mouseSensitivity: 0.2
03:05:26.576 [FXGL Background Thread 3 ] DEBUG Engine               - notificationViewClass: class com.almasb.fxgl.notification.view.XboxNotificationView
03:05:26.576 [FXGL Background Thread 3 ] DEBUG Engine               - pixelsPerMeter: 50.0
03:05:26.576 [FXGL Background Thread 3 ] DEBUG Engine               - platform: WINDOWS
03:05:26.576 [FXGL Background Thread 3 ] DEBUG Engine               - prefHeightProperty: ReadOnlyDoubleProperty [value: 720.0]
03:05:26.576 [FXGL Background Thread 3 ] DEBUG Engine               - prefWidthProperty: ReadOnlyDoubleProperty [value: 1280.0]
03:05:26.576 [FXGL Background Thread 3 ] DEBUG Engine               - profileDir: profiles/
03:05:26.576 [FXGL Background Thread 3 ] DEBUG Engine               - profileName: StringProperty [value: DEFAULT]
03:05:26.576 [FXGL Background Thread 3 ] DEBUG Engine               - randomSeed: -1
03:05:26.576 [FXGL Background Thread 3 ] DEBUG Engine               - runtimeInfo: RuntimeInfo(platform=WINDOWS, version=17.2, build=20.08.2022 16.50)
03:05:26.576 [FXGL Background Thread 3 ] DEBUG Engine               - saveFileExt: sav
03:05:26.576 [FXGL Background Thread 3 ] DEBUG Engine               - scaledHeightProp$fxgl: DoubleProperty [bound, value: 720.0]
03:05:26.576 [FXGL Background Thread 3 ] DEBUG Engine               - scaledWidthProp$fxgl: DoubleProperty [bound, value: 1280.0]
03:05:26.576 [FXGL Background Thread 3 ] DEBUG Engine               - sceneFactory: com.sunsofgod.PlatformerApp$1@20a96052
03:05:26.576 [FXGL Background Thread 3 ] DEBUG Engine               - secondsIn24h: 60
03:05:26.576 [FXGL Background Thread 3 ] DEBUG Engine               - soundMenuBack: menu/back.wav
03:05:26.576 [FXGL Background Thread 3 ] DEBUG Engine               - soundMenuPress: menu/press.wav
03:05:26.577 [FXGL Background Thread 3 ] DEBUG Engine               - soundMenuSelect: menu/select.wav
03:05:26.577 [FXGL Background Thread 3 ] DEBUG Engine               - soundNotification: core/notification.wav
03:05:26.577 [FXGL Background Thread 3 ] DEBUG Engine               - stageStyle: DECORATED
03:05:26.577 [FXGL Background Thread 3 ] DEBUG Engine               - supportedLanguages: [ENGLISH, FRENCH, GERMAN, HUNGARIAN, RUSSIAN]
03:05:26.577 [FXGL Background Thread 3 ] DEBUG Engine               - ticksPerSecond: -1
03:05:26.577 [FXGL Background Thread 3 ] DEBUG Engine               - title: Untitled
03:05:26.577 [FXGL Background Thread 3 ] DEBUG Engine               - urlGithub: https://github.com/AlmasB/FXGL
03:05:26.577 [FXGL Background Thread 3 ] DEBUG Engine               - urlLeaderboard: http://fxgl-top.herokuapp.com/
03:05:26.577 [FXGL Background Thread 3 ] DEBUG Engine               - urlPOM: https://raw.githubusercontent.com/AlmasB/FXGL/release/README.md
03:05:26.577 [FXGL Background Thread 3 ] DEBUG Engine               - userAppClass: class com.sunsofgod.PlatformerApp
03:05:26.577 [FXGL Background Thread 3 ] DEBUG Engine               - version: 0.0
03:05:26.577 [FXGL Background Thread 3 ] DEBUG Engine               - versionCheckDays: 7
03:05:26.577 [FXGL Background Thread 3 ] DEBUG Engine               - width: 1280
03:05:26.577 [FXGL Background Thread 3 ] DEBUG Engine               - Logging services
03:05:26.577 [FXGL Background Thread 3 ] DEBUG Engine               - class com.almasb.fxgl.app.services.FXGLAssetLoaderService
03:05:26.577 [FXGL Background Thread 3 ] DEBUG Engine               - class com.almasb.fxgl.app.FXGLApplication$GameApplicationService
03:05:26.577 [FXGL Background Thread 3 ] DEBUG Engine               - class com.almasb.fxgl.app.services.FXGLDialogService
03:05:26.577 [FXGL Background Thread 3 ] DEBUG Engine               - class com.almasb.fxgl.app.services.IOTaskExecutorService
03:05:26.578 [FXGL Background Thread 3 ] DEBUG Engine               - class com.almasb.fxgl.io.FileSystemService
03:05:26.578 [FXGL Background Thread 3 ] DEBUG Engine               - class com.almasb.fxgl.localization.LocalizationService
03:05:26.578 [FXGL Background Thread 3 ] DEBUG Engine               - class com.almasb.fxgl.app.services.SystemBundleService
03:05:26.578 [FXGL Background Thread 3 ] DEBUG Engine               - class com.almasb.fxgl.profile.SaveLoadService
03:05:26.578 [FXGL Background Thread 3 ] DEBUG Engine               - class com.almasb.fxgl.ui.FXGLUIFactoryServiceProvider
03:05:26.578 [FXGL Background Thread 3 ] DEBUG Engine               - class com.almasb.fxgl.ui.FXGLDialogFactoryServiceProvider
03:05:26.578 [FXGL Background Thread 3 ] DEBUG Engine               - class com.almasb.fxgl.audio.AudioPlayer
03:05:26.578 [FXGL Background Thread 3 ] DEBUG Engine               - class com.almasb.fxgl.notification.impl.NotificationServiceProvider
03:05:26.578 [FXGL Background Thread 3 ] DEBUG Engine               - class com.almasb.fxgl.achievement.AchievementService
03:05:26.578 [FXGL Background Thread 3 ] DEBUG Engine               - class com.almasb.fxgl.cutscene.CutsceneService
03:05:26.578 [FXGL Background Thread 3 ] DEBUG Engine               - class com.almasb.fxgl.minigames.MiniGameService
03:05:26.578 [FXGL Background Thread 3 ] DEBUG Engine               - class com.almasb.fxgl.net.NetService
03:05:26.578 [FXGL Background Thread 3 ] DEBUG Engine               - class com.almasb.fxgl.app.services.UpdaterService
03:05:26.578 [FXGL Background Thread 3 ] DEBUG Engine               - class com.almasb.fxgl.dev.DevService
03:05:26.632 [JavaFX Application Thread] DEBUG Menu                 - fireNewGame()
03:05:26.632 [JavaFX Application Thread] DEBUG GameApplicationServi - Starting new game
03:05:26.633 [JavaFX Application Thread] DEBUG PrimaryStageWindow   - Pop state: LevelSelectScene
03:05:26.633 [JavaFX Application Thread] DEBUG Input                - Clearing active input actions
03:05:26.633 [JavaFX Application Thread] DEBUG GameApplicationServi - Removing overlay from LevelSelectScene and adding to PlayerSelectScene
03:05:26.634 [JavaFX Application Thread] DEBUG PrimaryStageWindow   - PlayerSelectScene <- LevelSelectScene
03:05:26.635 [JavaFX Application Thread] DEBUG PrimaryStageWindow   - Pop state: PlayerSelectScene
03:05:26.635 [JavaFX Application Thread] DEBUG Input                - Clearing active input actions
03:05:26.635 [JavaFX Application Thread] DEBUG GameApplicationServi - Removing overlay from PlayerSelectScene and adding to RiderMainMenuScene
03:05:26.635 [JavaFX Application Thread] DEBUG PrimaryStageWindow   - RiderMainMenuScene <- PlayerSelectScene
03:05:26.635 [JavaFX Application Thread] DEBUG PrimaryStageWindow   - Pop state: RiderMainMenuScene
03:05:26.635 [JavaFX Application Thread] DEBUG Input                - Clearing active input actions
03:05:26.635 [JavaFX Application Thread] DEBUG GameApplicationServi - Removing overlay from RiderMainMenuScene and adding to FXGLMainMenuDummyScene
03:05:26.636 [JavaFX Application Thread] DEBUG PrimaryStageWindow   - FXGLMainMenuDummyScene <- RiderMainMenuScene
03:05:26.636 [JavaFX Application Thread] DEBUG Input                - Clearing active input actions
03:05:26.641 [JavaFX Application Thread] DEBUG GameApplicationServi - Removing overlay from FXGLMainMenuDummyScene and adding to MainLoadingScene
03:05:26.641 [JavaFX Application Thread] DEBUG PrimaryStageWindow   - FXGLMainMenuDummyScene -> MainLoadingScene
03:05:26.641 [JavaFX Application Thread] DEBUG GameApplicationServi - Clearing previous game
03:05:26.641 [JavaFX Application Thread] DEBUG GameScene            - Clearing game scene
03:05:26.641 [JavaFX Application Thread] DEBUG GameWorld            - Clearing game world
03:05:26.641 [JavaFX Application Thread] DEBUG PhysicsWorld         - Clearing physics world
03:05:26.642 [FXGL Background Thread 2 ] DEBUG FXGLApplication      - Initializing game
03:05:26.670 [FXGL Background Thread 2 ] WARN  TMXLevelLoader       - TiledMap generated from 1.11.0. Supported version: 1.9.0. Some features may not be parsed fully.
03:05:26.676 [FXGL Background Thread 2 ] DEBUG TMXLevelLoader       - Parsed TiledMap: file:/C:/Users/user/Desktop/JavaFXGame/target/classes/assets/levels/tmx/level2.tmx
03:05:26.677 [FXGL Background Thread 2 ] DEBUG TMXLevelLoader       - Creating tile layer entities
03:05:26.678 [FXGL Background Thread 2 ] DEBUG TilesetLoader        - Loading view for layer Tile Layer 1
03:05:26.678 [FXGL Background Thread 2 ] DEBUG TilesetLoader        - Created buffer with size 1050.0x700.0
03:05:26.687 [FXGL Background Thread 2 ] DEBUG TMXLevelLoader       - Creating object layer entities
03:05:26.701 [FXGL Background Thread 2 ] DEBUG FXGLAssetLoaderServi - Loading from file system: file:/C:/Users/user/Desktop/JavaFXGame/target/classes/assets/textures/button.png
03:05:26.705 [FXGL Background Thread 2 ] DEBUG GameWorld            - Clearing removable entities
03:05:26.705 [FXGL Background Thread 2 ] DEBUG GameWorld            - Setting level: com.almasb.fxgl.entity.level.Level@2ddc3661
03:05:26.712 [FXGL Background Thread 2 ] DEBUG FXGLAssetLoaderServi - Loading from file system: file:/C:/Users/user/Desktop/JavaFXGame/target/classes/assets/textures/player1.png
03:05:26.719 [FXGL Background Thread 2 ] DEBUG FXGLAssetLoaderServi - Loading from file system: file:/C:/Users/user/Desktop/JavaFXGame/target/classes/assets/textures/player2.png
03:05:26.725 [FXGL Background Thread 2 ] DEBUG Input                - Registered new binding: Jump0 - W
03:05:26.725 [FXGL Background Thread 2 ] DEBUG Input                - Registered new binding: Left0 - A
03:05:26.726 [FXGL Background Thread 2 ] DEBUG Input                - Registered new binding: Right0 - D
03:05:26.726 [FXGL Background Thread 2 ] DEBUG Input                - Registered new binding: Use0 - E
03:05:26.726 [FXGL Background Thread 2 ] DEBUG Input                - Registered new binding: Jump1 - Up
03:05:26.726 [FXGL Background Thread 2 ] DEBUG Input                - Registered new binding: Left1 - Left
03:05:26.726 [FXGL Background Thread 2 ] DEBUG Input                - Registered new binding: Right1 - Right
03:05:26.726 [FXGL Background Thread 2 ] DEBUG Input                - Registered new binding: Use1 - Slash
03:05:26.728 [FXGL Background Thread 2 ] DEBUG FXGLAssetLoaderServi - Loading from file system: file:/C:/Users/user/Desktop/JavaFXGame/target/classes/assets/textures/background/manila.png
03:05:26.739 [FXGL Background Thread 2 ] INFO  FXGLApplication      - Game initialization took: 0.096 sec
03:05:26.746 [JavaFX Application Thread] DEBUG Input                - Clearing active input actions
03:05:26.751 [JavaFX Application Thread] DEBUG GameApplicationServi - Removing overlay from MainLoadingScene and adding to GameScene
03:05:26.753 [JavaFX Application Thread] DEBUG PrimaryStageWindow   - MainLoadingScene -> GameScene
03:05:30.562 [JavaFX Application Thread] DEBUG FXGLAssetLoaderServi - Loading from file system: file:/C:/Users/user/Desktop/JavaFXGame/target/classes/assets/textures/exit_sign.png
03:05:31.581 [JavaFX Application Thread] DEBUG LoopRunner           - Stopping loop
03:05:31.582 [JavaFX Application Thread] FATAL FXGLApplication      - Uncaught Exception:
java.lang.Error: Unresolved compilation problem: 
	playerNumbers cannot be resolved to a variable

	at com.sunsofgod/com.sunsofgod.PlatformerApp.finishLevel(PlatformerApp.java:285)
	at com.sunsofgod/com.sunsofgod.PlatformerApp$5.lambda$1(PlatformerApp.java:190)
	at java.base/java.util.stream.ForEachOps$ForEachOp$OfRef.accept(ForEachOps.java:184)
	at java.base/java.util.stream.ReferencePipeline$2$1.accept(ReferencePipeline.java:179)
	at java.base/java.util.ArrayList$ArrayListSpliterator.forEachRemaining(ArrayList.java:1708)
	at java.base/java.util.stream.AbstractPipeline.copyInto(AbstractPipeline.java:509)
	at java.base/java.util.stream.AbstractPipeline.wrapAndCopyInto(AbstractPipeline.java:499)
	at java.base/java.util.stream.ForEachOps$ForEachOp.evaluateSequential(ForEachOps.java:151)
	at java.base/java.util.stream.ForEachOps$ForEachOp$OfRef.evaluateSequential(ForEachOps.java:174)
	at java.base/java.util.stream.AbstractPipeline.evaluate(AbstractPipeline.java:234)
	at java.base/java.util.stream.ReferencePipeline.forEach(ReferencePipeline.java:596)
	at com.sunsofgod/com.sunsofgod.PlatformerApp$5.onActionBegin(PlatformerApp.java:187)
	at com.almasb.fxgl.core@17.2/com.almasb.fxgl.input.UserAction.begin$fxgl_core(UserAction.kt:37)
	at com.almasb.fxgl.core@17.2/com.almasb.fxgl.input.Input.handlePressed(Input.kt:375)
	at com.almasb.fxgl.core@17.2/com.almasb.fxgl.input.Input.onKeyEvent(Input.kt:318)
	at com.almasb.fxgl.all@17.2/com.almasb.fxgl.app.PrimaryStageWindow$1$1.invoke(MainWindow.kt:308)
	at com.almasb.fxgl.all@17.2/com.almasb.fxgl.app.PrimaryStageWindow$1$1.invoke(MainWindow.kt:308)
	at com.almasb.fxgl.core@17.2/com.almasb.fxgl.core.fsm.StateMachine.runOnActiveStates(StateMachine.kt:69)
	at com.almasb.fxgl.all@17.2/com.almasb.fxgl.app.PrimaryStageWindow$1.invoke(MainWindow.kt:308)
	at com.almasb.fxgl.all@17.2/com.almasb.fxgl.app.PrimaryStageWindow$1.invoke(MainWindow.kt:306)
	at com.almasb.fxgl.all@17.2/com.almasb.fxgl.app.MainWindow.addKeyHandler$lambda-1(MainWindow.kt:221)
	at javafx.base/com.sun.javafx.event.CompositeEventHandler$NormalEventHandlerRecord.handleBubblingEvent(CompositeEventHandler.java:247)
	at javafx.base/com.sun.javafx.event.CompositeEventHandler.dispatchBubblingEvent(CompositeEventHandler.java:80)
	at javafx.base/com.sun.javafx.event.EventHandlerManager.dispatchBubblingEvent(EventHandlerManager.java:234)
	at javafx.base/com.sun.javafx.event.EventHandlerManager.dispatchBubblingEvent(EventHandlerManager.java:191)
	at javafx.base/com.sun.javafx.event.CompositeEventDispatcher.dispatchBubblingEvent(CompositeEventDispatcher.java:59)
	at javafx.base/com.sun.javafx.event.BasicEventDispatcher.dispatchEvent(BasicEventDispatcher.java:58)
	at javafx.base/com.sun.javafx.event.EventDispatchChainImpl.dispatchEvent(EventDispatchChainImpl.java:114)
	at javafx.base/com.sun.javafx.event.BasicEventDispatcher.dispatchEvent(BasicEventDispatcher.java:56)
	at javafx.base/com.sun.javafx.event.EventDispatchChainImpl.dispatchEvent(EventDispatchChainImpl.java:114)
	at javafx.base/com.sun.javafx.event.EventUtil.fireEventImpl(EventUtil.java:74)
	at javafx.base/com.sun.javafx.event.EventUtil.fireEvent(EventUtil.java:54)
	at javafx.base/javafx.event.Event.fireEvent(Event.java:198)
	at javafx.graphics/javafx.scene.Scene$KeyHandler.process(Scene.java:4105)
	at javafx.graphics/javafx.scene.Scene.processKeyEvent(Scene.java:2156)
	at javafx.graphics/javafx.scene.Scene$ScenePeerListener.keyEvent(Scene.java:2630)
	at javafx.graphics/com.sun.javafx.tk.quantum.GlassViewEventHandler$KeyEventNotification.run(GlassViewEventHandler.java:218)
	at javafx.graphics/com.sun.javafx.tk.quantum.GlassViewEventHandler$KeyEventNotification.run(GlassViewEventHandler.java:150)
	at java.base/java.security.AccessController.doPrivileged(AccessController.java:400)
	at javafx.graphics/com.sun.javafx.tk.quantum.GlassViewEventHandler.lambda$handleKeyEvent$1(GlassViewEventHandler.java:250)
	at javafx.graphics/com.sun.javafx.tk.quantum.QuantumToolkit.runWithoutRenderLock(QuantumToolkit.java:423)
	at javafx.graphics/com.sun.javafx.tk.quantum.GlassViewEventHandler.handleKeyEvent(GlassViewEventHandler.java:249)
	at javafx.graphics/com.sun.glass.ui.View.handleKeyEvent(View.java:542)
	at javafx.graphics/com.sun.glass.ui.View.notifyKey(View.java:966)
	at javafx.graphics/com.sun.glass.ui.win.WinApplication._runLoop(Native Method)
	at javafx.graphics/com.sun.glass.ui.win.WinApplication.lambda$runLoop$3(WinApplication.java:184)
	at java.base/java.lang.Thread.run(Thread.java:1583)

03:05:31.584 [JavaFX Application Thread] FATAL FXGLApplication      - Application will now exit
03:05:31.587 [JavaFX Application Thread] DEBUG PrimaryStageWindow   - Push state: ErrorSubScene
03:05:31.587 [JavaFX Application Thread] DEBUG Input                - Clearing active input actions
03:05:31.588 [JavaFX Application Thread] DEBUG GameApplicationServi - Removing overlay from GameScene and adding to ErrorSubScene
03:05:31.588 [JavaFX Application Thread] DEBUG PrimaryStageWindow   - GameScene -> ErrorSubScene
03:05:33.613 [JavaFX Application Thread] DEBUG FXGLApplication      - Exiting FXGL
03:05:33.613 [JavaFX Application Thread] DEBUG Async                - Shutting down background threads
03:05:33.613 [JavaFX Application Thread] DEBUG PrimaryStageWindow   - Closing main window
03:05:33.623 [JavaFX Application Thread] DEBUG Logger               - Closing Logger
