19:38:00.214 [main                     ] DEBUG Logger               - Configured Logger
19:38:00.228 [main                     ] DEBUG GameApplication      - Logging settings
Title: Untitled
Version: 0.0
Width: 1280
Height: 720
Fullscreen: false
Intro: false
Profiling: false
Single step:false
App Mode: DEVELOPER
Menu Key: ESCAPE
Stage Style: DECORATED
Scene Factory: class com.sunsofgod.PlatformerApp$1

19:38:00.469 [JavaFX Application Thread] DEBUG FXGLApplication      - Initializing FXGL
19:38:00.472 [JavaFX Application Thread] INFO  Engine               - FXGL-17.2 (20.08.2022 16.50) on MAC (J:17.0.2 FX:17.0.12)
19:38:00.472 [JavaFX Application Thread] DEBUG Engine               - JRE Vendor Name: Oracle Corporation
19:38:00.472 [JavaFX Application Thread] DEBUG Engine               - Running on OS: Mac OS X version 15.1
19:38:00.472 [JavaFX Application Thread] DEBUG Engine               - Architecture: aarch64
19:38:00.472 [JavaFX Application Thread] INFO  Engine               - Source code and latest versions at: https://github.com/AlmasB/FXGL
19:38:00.472 [JavaFX Application Thread] INFO  Engine               -       Ask questions and discuss at: https://github.com/AlmasB/FXGL/discussions
19:38:00.472 [JavaFX Application Thread] INFO  Engine               -              Join the FXGL chat at: https://gitter.im/AlmasB/FXGL
19:38:00.517 [JavaFX Application Thread] DEBUG PrimaryStageWindow   - Creating a JavaFX scene
19:38:00.536 [JavaFX Application Thread] DEBUG PrimaryStageWindow   - Target settings size: 1280.0 x 720.0
19:38:00.536 [JavaFX Application Thread] DEBUG PrimaryStageWindow   - Scaled scene size:    1280.0 x 720.0
19:38:00.536 [JavaFX Application Thread] DEBUG PrimaryStageWindow   - Scaled ratio: (1.0, 1.0)
19:38:00.537 [JavaFX Application Thread] DEBUG PrimaryStageWindow   - Set initial scene to FXGLStartupScene
19:38:00.539 [JavaFX Application Thread] DEBUG PrimaryStageWindow   - Opening main window
19:38:00.603 [JavaFX Application Thread] DEBUG PrimaryStageWindow   - Window border size: (0.0, 28.0)
19:38:00.603 [JavaFX Application Thread] DEBUG PrimaryStageWindow   - Scaled size: 1280.0 x 720.0
19:38:00.604 [JavaFX Application Thread] DEBUG PrimaryStageWindow   - Scaled ratio: (1.0, 1.0)
19:38:00.604 [JavaFX Application Thread] DEBUG PrimaryStageWindow   - Scene size: 1280.0 x 720.0
19:38:00.604 [JavaFX Application Thread] DEBUG PrimaryStageWindow   - Stage size: 1280.0 x 748.0
19:38:00.607 [FXGL Background Thread 1 ] DEBUG Engine               - Initializing environment variables
19:38:00.634 [FXGL Background Thread 1 ] DEBUG FXGLAssetLoaderServi - User app class for loading assets: class com.sunsofgod.PlatformerApp
19:38:00.634 [FXGL Background Thread 1 ] DEBUG GameApplicationServi - Applying CSS: fxgl_dark.css
19:38:00.635 [FXGL Background Thread 1 ] DEBUG FXGLAssetLoaderServi - Loading from file system: jar:file:///Users/aaron/.m2/repository/com/github/almasb/fxgl/17.2/fxgl-17.2.jar!/fxglassets/ui/css/fxgl_dark.css
19:38:00.668 [FXGL Background Thread 1 ] DEBUG GameApplicationServi - Initializing application scenes
19:38:00.754 [FXGL Background Thread 1 ] WARN  FXGLAssetLoaderServi - Asset "/assets/textures/player.png" was not found!
19:38:00.755 [FXGL Background Thread 1 ] WARN  FXGLAssetLoaderServi - Failed to load IMAGE
19:38:00.767 [FXGL Background Thread 1 ] DEBUG GameWorld            - Game world initialized
19:38:00.809 [FXGL Background Thread 1 ] DEBUG PhysicsWorld         - Physics world initialized: appHeight=720, physics.ppm=50.0
19:38:00.809 [FXGL Background Thread 1 ] DEBUG PhysicsWorld         - Using strategy: BRUTE_FORCE
19:38:00.811 [FXGL Background Thread 1 ] DEBUG GameScene            - Game scene initialized: 1280x720
19:38:01.176 [FXGL Background Thread 1 ] DEBUG FXGL.DefaultMenu     - createMenuBodyGameMenu()
19:38:01.180 [FXGL Background Thread 1 ] DEBUG FXGL.DefaultMenu     - createOptionsMenu()
19:38:01.183 [FXGL Background Thread 1 ] DEBUG FXGLAssetLoaderServi - Loading from file system: jar:file:///Users/aaron/.m2/repository/com/github/almasb/fxgl/17.2/fxgl-17.2.jar!/fxglassets/textures/particles/smoke.png
19:38:01.215 [FXGL Background Thread 1 ] DEBUG FXGLAssetLoaderServi - Loading from file system: jar:file:///Users/aaron/.m2/repository/com/github/almasb/fxgl/17.2/fxgl-17.2.jar!/fxglassets/textures/particles/trace_horizontal.png
19:38:01.221 [FXGL Background Thread 1 ] DEBUG GameApplicationServi - Application scenes initialized
19:38:01.225 [FXGL Background Thread 1 ] DEBUG SystemBundleService  - Loading FXGL system data
19:38:01.228 [FXGL Background Thread 1 ] DEBUG FileSystemAccess     - Reading from: /Users/aaron/JavaFXGame/system/fxgl.bundle
19:38:01.231 [FXGL Background Thread 1 ] DEBUG SystemBundleService  - Bundle FXGL: {}
19:38:01.231 [FXGL Background Thread 1 ] DEBUG UpdaterService       - Checking for updates
19:38:01.240 [FXGL Background Thread 1 ] DEBUG FXGLApplication      - Loading default localization
19:38:01.240 [FXGL Background Thread 4 ] DEBUG FXGLApplication      - Loading fonts
19:38:01.241 [FXGL Background Thread 4 ] DEBUG FXGLAssetLoaderServi - Loading from file system: jar:file:///Users/aaron/.m2/repository/com/github/almasb/fxgl/17.2/fxgl-17.2.jar!/fxglassets/ui/fonts/VarelaRound-Regular.ttf
19:38:01.241 [FXGL Background Thread 1 ] DEBUG FXGLAssetLoaderServi - Loading from file system: jar:file:///Users/aaron/.m2/repository/com/github/almasb/fxgl/17.2/fxgl-17.2.jar!/fxglassets/languages/english.lang
19:38:01.251 [FXGL Background Thread 4 ] DEBUG FXGLAssetLoaderServi - Loading from file system: jar:file:///Users/aaron/.m2/repository/com/github/almasb/fxgl/17.2/fxgl-17.2.jar!/fxglassets/ui/fonts/Abel-Regular.ttf
19:38:01.253 [FXGL Background Thread 1 ] INFO  FXGLApplication      - FXGL initialization took: 0.645 sec
19:38:01.253 [JavaFX Application Thread] DEBUG FXGLAssetLoaderServi - Loading from file system: jar:file:///Users/aaron/.m2/repository/com/github/almasb/fxgl/17.2/fxgl-17.2.jar!/fxglassets/textures/fxgl_icon.png
19:38:01.253 [FXGL Background Thread 4 ] DEBUG FXGLAssetLoaderServi - Loading from file system: jar:file:///Users/aaron/.m2/repository/com/github/almasb/fxgl/17.2/fxgl-17.2.jar!/fxglassets/ui/fonts/TerminalLandMono-Regular.otf
19:38:01.256 [FXGL Background Thread 4 ] DEBUG FXGLAssetLoaderServi - Loading from file system: jar:file:///Users/aaron/.m2/repository/com/github/almasb/fxgl/17.2/fxgl-17.2.jar!/fxglassets/ui/fonts/Courier-Prime.ttf
19:38:01.266 [JavaFX Application Thread] DEBUG FXGLAssetLoaderServi - Loading from file system: jar:file:///Users/aaron/.m2/repository/com/github/almasb/fxgl/17.2/fxgl-17.2.jar!/fxglassets/textures/fxgl_default_cursor.png
19:38:01.270 [JavaFX Application Thread] DEBUG Input                - Registered new binding: Screenshot - CTRL+8
19:38:01.270 [JavaFX Application Thread] DEBUG Input                - Registered new binding: Dev Options - 1
19:38:01.270 [JavaFX Application Thread] DEBUG Input                - Registered new binding: Dev Console - 2
19:38:01.271 [JavaFX Application Thread] DEBUG Input                - Registered new binding: System info dump - CTRL+9
19:38:01.271 [JavaFX Application Thread] DEBUG Input                - Registered new binding: Restart - CTRL+R
19:38:01.271 [JavaFX Application Thread] DEBUG Input                - Registered new binding: Toggle Debug Camera - CTRL+7
19:38:01.272 [JavaFX Application Thread] DEBUG LoopRunner           - Starting loop
19:38:01.277 [JavaFX Application Thread] DEBUG LoopRunner           - Initializing JavaFX AnimationTimerLoop
19:38:01.278 [JavaFX Application Thread] DEBUG Input                - Clearing active input actions
19:38:01.281 [JavaFX Application Thread] DEBUG GameApplicationServi - Removing overlay from FXGLStartupScene and adding to FXGLMainMenuDummyScene
19:38:01.283 [JavaFX Application Thread] DEBUG PrimaryStageWindow   - FXGLStartupScene -> FXGLMainMenuDummyScene
19:38:01.283 [JavaFX Application Thread] DEBUG PrimaryStageWindow   - Push state: RiderMainMenuScene
19:38:01.283 [JavaFX Application Thread] DEBUG Input                - Clearing active input actions
19:38:01.285 [JavaFX Application Thread] DEBUG GameApplicationServi - Removing overlay from FXGLMainMenuDummyScene and adding to RiderMainMenuScene
19:38:01.285 [JavaFX Application Thread] DEBUG PrimaryStageWindow   - FXGLMainMenuDummyScene -> RiderMainMenuScene
19:38:01.358 [JavaFX Application Thread] DEBUG FXGLApplication      - Registering font factories with UI factory
19:38:01.967 [JavaFX Application Thread] DEBUG PrimaryStageWindow   - Push state: PlayerSelectScene
19:38:01.967 [JavaFX Application Thread] DEBUG Input                - Clearing active input actions
19:38:01.968 [JavaFX Application Thread] DEBUG GameApplicationServi - Removing overlay from RiderMainMenuScene and adding to PlayerSelectScene
19:38:01.968 [JavaFX Application Thread] DEBUG PrimaryStageWindow   - RiderMainMenuScene -> PlayerSelectScene
19:38:02.799 [FXGL Background Thread 2 ] INFO  UpdaterService       - Your current version:  17.2
19:38:02.800 [FXGL Background Thread 2 ] INFO  UpdaterService       - Latest stable version: 21.1
19:38:02.933 [JavaFX Application Thread] DEBUG PrimaryStageWindow   - Pop state: PlayerSelectScene
19:38:02.933 [JavaFX Application Thread] DEBUG Input                - Clearing active input actions
19:38:02.934 [JavaFX Application Thread] DEBUG GameApplicationServi - Removing overlay from PlayerSelectScene and adding to RiderMainMenuScene
19:38:02.935 [JavaFX Application Thread] DEBUG PrimaryStageWindow   - RiderMainMenuScene <- PlayerSelectScene
19:38:03.149 [JavaFX Application Thread] DEBUG PrimaryStageWindow   - Push state: LevelSelectScene
19:38:03.149 [JavaFX Application Thread] DEBUG Input                - Clearing active input actions
19:38:03.149 [JavaFX Application Thread] DEBUG GameApplicationServi - Removing overlay from RiderMainMenuScene and adding to LevelSelectScene
19:38:03.149 [JavaFX Application Thread] DEBUG PrimaryStageWindow   - RiderMainMenuScene -> LevelSelectScene
19:38:04.245 [FXGL Background Thread 3 ] DEBUG Engine               - Logging environment variables
19:38:04.245 [FXGL Background Thread 3 ] DEBUG Engine               - achievements: []
19:38:04.246 [FXGL Background Thread 3 ] DEBUG Engine               - actualHeight: 720.0
19:38:04.246 [FXGL Background Thread 3 ] DEBUG Engine               - actualHeightProperty: ReadOnlyDoubleProperty [value: 720.0]
19:38:04.246 [FXGL Background Thread 3 ] DEBUG Engine               - actualWidth: 1280.0
19:38:04.246 [FXGL Background Thread 3 ] DEBUG Engine               - actualWidthProperty: ReadOnlyDoubleProperty [value: 1280.0]
19:38:04.246 [FXGL Background Thread 3 ] DEBUG Engine               - appIcon: fxgl_icon.png
19:38:04.246 [FXGL Background Thread 3 ] DEBUG Engine               - applicationMode: DEVELOPER
19:38:04.246 [FXGL Background Thread 3 ] DEBUG Engine               - cSSList: [fxgl_dark.css]
19:38:04.246 [FXGL Background Thread 3 ] DEBUG Engine               - collisionDetectionStrategy: BRUTE_FORCE
19:38:04.246 [FXGL Background Thread 3 ] DEBUG Engine               - configClass: Optional.empty
19:38:04.246 [FXGL Background Thread 3 ] DEBUG Engine               - credits: []
19:38:04.247 [FXGL Background Thread 3 ] DEBUG Engine               - defaultCursor: CursorInfo(imageName=fxgl_default_cursor.png, hotspotX=7.0, hotspotY=6.0)
19:38:04.247 [FXGL Background Thread 3 ] DEBUG Engine               - devBBoxColorProperty: ObjectProperty [value: 0xff0000ff]
19:38:04.247 [FXGL Background Thread 3 ] DEBUG Engine               - devEnableDebugCameraProperty: BooleanProperty [value: false]
19:38:04.247 [FXGL Background Thread 3 ] DEBUG Engine               - devSensorColorProperty: ObjectProperty [value: 0xffff00ff]
19:38:04.247 [FXGL Background Thread 3 ] DEBUG Engine               - devShowBBoxProperty: BooleanProperty [value: false]
19:38:04.247 [FXGL Background Thread 3 ] DEBUG Engine               - devShowPositionProperty: BooleanProperty [value: false]
19:38:04.248 [FXGL Background Thread 3 ] DEBUG Engine               - enabledMenuItems: []
19:38:04.248 [FXGL Background Thread 3 ] DEBUG Engine               - engineServices: [class com.almasb.fxgl.app.services.FXGLAssetLoaderService, class com.almasb.fxgl.app.FXGLApplication$GameApplicationService, class com.almasb.fxgl.app.services.FXGLDialogService, class com.almasb.fxgl.app.services.IOTaskExecutorService, class com.almasb.fxgl.io.FileSystemService, class com.almasb.fxgl.localization.LocalizationService, class com.almasb.fxgl.app.services.SystemBundleService, class com.almasb.fxgl.profile.SaveLoadService, class com.almasb.fxgl.ui.FXGLUIFactoryServiceProvider, class com.almasb.fxgl.ui.FXGLDialogFactoryServiceProvider, class com.almasb.fxgl.audio.AudioPlayer, class com.almasb.fxgl.notification.impl.NotificationServiceProvider, class com.almasb.fxgl.achievement.AchievementService, class com.almasb.fxgl.cutscene.CutsceneService, class com.almasb.fxgl.minigames.MiniGameService, class com.almasb.fxgl.net.NetService, class com.almasb.fxgl.app.services.UpdaterService, class com.almasb.fxgl.dev.DevService]
19:38:04.248 [FXGL Background Thread 3 ] DEBUG Engine               - fontGame: Abel-Regular.ttf
19:38:04.248 [FXGL Background Thread 3 ] DEBUG Engine               - fontMono: TerminalLandMono-Regular.otf
19:38:04.248 [FXGL Background Thread 3 ] DEBUG Engine               - fontText: Courier-Prime.ttf
19:38:04.248 [FXGL Background Thread 3 ] DEBUG Engine               - fontUI: VarelaRound-Regular.ttf
19:38:04.248 [FXGL Background Thread 3 ] DEBUG Engine               - fullScreen: BooleanProperty [value: false]
19:38:04.248 [FXGL Background Thread 3 ] DEBUG Engine               - gameDifficulty: MEDIUM
19:38:04.248 [FXGL Background Thread 3 ] DEBUG Engine               - gameDifficultyProperty: ObjectProperty [value: MEDIUM]
19:38:04.248 [FXGL Background Thread 3 ] DEBUG Engine               - globalMusicVolume: 0.5
19:38:04.248 [FXGL Background Thread 3 ] DEBUG Engine               - globalMusicVolumeProperty: DoubleProperty [value: 0.25]
19:38:04.248 [FXGL Background Thread 3 ] DEBUG Engine               - globalSoundVolume: 0.5
19:38:04.249 [FXGL Background Thread 3 ] DEBUG Engine               - globalSoundVolumeProperty: DoubleProperty [value: 0.5]
19:38:04.249 [FXGL Background Thread 3 ] DEBUG Engine               - height: 720
19:38:04.249 [FXGL Background Thread 3 ] DEBUG Engine               - is3D: false
19:38:04.249 [FXGL Background Thread 3 ] DEBUG Engine               - isAndroid: false
19:38:04.249 [FXGL Background Thread 3 ] DEBUG Engine               - isBrowser: false
19:38:04.249 [FXGL Background Thread 3 ] DEBUG Engine               - isClickFeedbackEnabled: false
19:38:04.249 [FXGL Background Thread 3 ] DEBUG Engine               - isCloseConfirmation: false
19:38:04.249 [FXGL Background Thread 3 ] DEBUG Engine               - isDesktop: true
19:38:04.249 [FXGL Background Thread 3 ] DEBUG Engine               - isDeveloperMenuEnabled: true
19:38:04.249 [FXGL Background Thread 3 ] DEBUG Engine               - isEmbedded: false
19:38:04.249 [FXGL Background Thread 3 ] DEBUG Engine               - isEntityPreloadEnabled: true
19:38:04.249 [FXGL Background Thread 3 ] DEBUG Engine               - isExperimentalTiledLargeMap: false
19:38:04.249 [FXGL Background Thread 3 ] DEBUG Engine               - isFileSystemWriteAllowed: true
19:38:04.249 [FXGL Background Thread 3 ] DEBUG Engine               - isFullScreenAllowed: false
19:38:04.249 [FXGL Background Thread 3 ] DEBUG Engine               - isFullScreenFromStart: false
19:38:04.250 [FXGL Background Thread 3 ] DEBUG Engine               - isGameMenuEnabled: true
19:38:04.250 [FXGL Background Thread 3 ] DEBUG Engine               - isIOS: false
19:38:04.250 [FXGL Background Thread 3 ] DEBUG Engine               - isIntroEnabled: false
19:38:04.250 [FXGL Background Thread 3 ] DEBUG Engine               - isLinux: false
19:38:04.250 [FXGL Background Thread 3 ] DEBUG Engine               - isMac: true
19:38:04.250 [FXGL Background Thread 3 ] DEBUG Engine               - isMainMenuEnabled: true
19:38:04.250 [FXGL Background Thread 3 ] DEBUG Engine               - isManualResizeEnabled: false
19:38:04.250 [FXGL Background Thread 3 ] DEBUG Engine               - isMobile: false
19:38:04.250 [FXGL Background Thread 3 ] DEBUG Engine               - isNative: false
19:38:04.250 [FXGL Background Thread 3 ] DEBUG Engine               - isPauseMusicWhenMinimized: true
19:38:04.250 [FXGL Background Thread 3 ] DEBUG Engine               - isPreserveResizeRatio: false
19:38:04.250 [FXGL Background Thread 3 ] DEBUG Engine               - isProfilingEnabled: false
19:38:04.250 [FXGL Background Thread 3 ] DEBUG Engine               - isScaleAffectedOnResize: true
19:38:04.250 [FXGL Background Thread 3 ] DEBUG Engine               - isSingleStep: false
19:38:04.251 [FXGL Background Thread 3 ] DEBUG Engine               - isUserProfileEnabled: false
19:38:04.251 [FXGL Background Thread 3 ] DEBUG Engine               - isWindows: false
19:38:04.251 [FXGL Background Thread 3 ] DEBUG Engine               - language: ObjectProperty [value: ENGLISH]
19:38:04.251 [FXGL Background Thread 3 ] DEBUG Engine               - menuKey: ESCAPE
19:38:04.251 [FXGL Background Thread 3 ] DEBUG Engine               - mouseSensitivity: 0.2
19:38:04.251 [FXGL Background Thread 3 ] DEBUG Engine               - notificationViewClass: class com.almasb.fxgl.notification.view.XboxNotificationView
19:38:04.251 [FXGL Background Thread 3 ] DEBUG Engine               - pixelsPerMeter: 50.0
19:38:04.251 [FXGL Background Thread 3 ] DEBUG Engine               - platform: MAC
19:38:04.251 [FXGL Background Thread 3 ] DEBUG Engine               - prefHeightProperty: ReadOnlyDoubleProperty [value: 720.0]
19:38:04.252 [FXGL Background Thread 3 ] DEBUG Engine               - prefWidthProperty: ReadOnlyDoubleProperty [value: 1280.0]
19:38:04.252 [FXGL Background Thread 3 ] DEBUG Engine               - profileDir: profiles/
19:38:04.252 [FXGL Background Thread 3 ] DEBUG Engine               - profileName: StringProperty [value: DEFAULT]
19:38:04.252 [FXGL Background Thread 3 ] DEBUG Engine               - randomSeed: -1
19:38:04.252 [FXGL Background Thread 3 ] DEBUG Engine               - runtimeInfo: RuntimeInfo(platform=MAC, version=17.2, build=20.08.2022 16.50)
19:38:04.252 [FXGL Background Thread 3 ] DEBUG Engine               - saveFileExt: sav
19:38:04.252 [FXGL Background Thread 3 ] DEBUG Engine               - scaledHeightProp$fxgl: DoubleProperty [bound, value: 720.0]
19:38:04.252 [FXGL Background Thread 3 ] DEBUG Engine               - scaledWidthProp$fxgl: DoubleProperty [bound, value: 1280.0]
19:38:04.253 [FXGL Background Thread 3 ] DEBUG Engine               - sceneFactory: com.sunsofgod.PlatformerApp$1@2fa5e7f4
19:38:04.253 [FXGL Background Thread 3 ] DEBUG Engine               - secondsIn24h: 60
19:38:04.253 [FXGL Background Thread 3 ] DEBUG Engine               - soundMenuBack: menu/back.wav
19:38:04.253 [FXGL Background Thread 3 ] DEBUG Engine               - soundMenuPress: menu/press.wav
19:38:04.253 [FXGL Background Thread 3 ] DEBUG Engine               - soundMenuSelect: menu/select.wav
19:38:04.253 [FXGL Background Thread 3 ] DEBUG Engine               - soundNotification: core/notification.wav
19:38:04.253 [FXGL Background Thread 3 ] DEBUG Engine               - stageStyle: DECORATED
19:38:04.253 [FXGL Background Thread 3 ] DEBUG Engine               - supportedLanguages: [ENGLISH, FRENCH, GERMAN, HUNGARIAN, RUSSIAN]
19:38:04.253 [FXGL Background Thread 3 ] DEBUG Engine               - ticksPerSecond: -1
19:38:04.253 [FXGL Background Thread 3 ] DEBUG Engine               - title: Untitled
19:38:04.253 [FXGL Background Thread 3 ] DEBUG Engine               - urlGithub: https://github.com/AlmasB/FXGL
19:38:04.253 [FXGL Background Thread 3 ] DEBUG Engine               - urlLeaderboard: http://fxgl-top.herokuapp.com/
19:38:04.253 [FXGL Background Thread 3 ] DEBUG Engine               - urlPOM: https://raw.githubusercontent.com/AlmasB/FXGL/release/README.md
19:38:04.253 [FXGL Background Thread 3 ] DEBUG Engine               - userAppClass: class com.sunsofgod.PlatformerApp
19:38:04.253 [FXGL Background Thread 3 ] DEBUG Engine               - version: 0.0
19:38:04.253 [FXGL Background Thread 3 ] DEBUG Engine               - versionCheckDays: 7
19:38:04.254 [FXGL Background Thread 3 ] DEBUG Engine               - width: 1280
19:38:04.254 [FXGL Background Thread 3 ] DEBUG Engine               - Logging services
19:38:04.254 [FXGL Background Thread 3 ] DEBUG Engine               - class com.almasb.fxgl.app.services.FXGLAssetLoaderService
19:38:04.254 [FXGL Background Thread 3 ] DEBUG Engine               - class com.almasb.fxgl.app.FXGLApplication$GameApplicationService
19:38:04.254 [FXGL Background Thread 3 ] DEBUG Engine               - class com.almasb.fxgl.app.services.FXGLDialogService
19:38:04.254 [FXGL Background Thread 3 ] DEBUG Engine               - class com.almasb.fxgl.app.services.IOTaskExecutorService
19:38:04.254 [FXGL Background Thread 3 ] DEBUG Engine               - class com.almasb.fxgl.io.FileSystemService
19:38:04.254 [FXGL Background Thread 3 ] DEBUG Engine               - class com.almasb.fxgl.localization.LocalizationService
19:38:04.254 [FXGL Background Thread 3 ] DEBUG Engine               - class com.almasb.fxgl.app.services.SystemBundleService
19:38:04.254 [FXGL Background Thread 3 ] DEBUG Engine               - class com.almasb.fxgl.profile.SaveLoadService
19:38:04.254 [FXGL Background Thread 3 ] DEBUG Engine               - class com.almasb.fxgl.ui.FXGLUIFactoryServiceProvider
19:38:04.254 [FXGL Background Thread 3 ] DEBUG Engine               - class com.almasb.fxgl.ui.FXGLDialogFactoryServiceProvider
19:38:04.254 [FXGL Background Thread 3 ] DEBUG Engine               - class com.almasb.fxgl.audio.AudioPlayer
19:38:04.254 [FXGL Background Thread 3 ] DEBUG Engine               - class com.almasb.fxgl.notification.impl.NotificationServiceProvider
19:38:04.254 [FXGL Background Thread 3 ] DEBUG Engine               - class com.almasb.fxgl.achievement.AchievementService
19:38:04.255 [FXGL Background Thread 3 ] DEBUG Engine               - class com.almasb.fxgl.cutscene.CutsceneService
19:38:04.255 [FXGL Background Thread 3 ] DEBUG Engine               - class com.almasb.fxgl.minigames.MiniGameService
19:38:04.255 [FXGL Background Thread 3 ] DEBUG Engine               - class com.almasb.fxgl.net.NetService
19:38:04.255 [FXGL Background Thread 3 ] DEBUG Engine               - class com.almasb.fxgl.app.services.UpdaterService
19:38:04.255 [FXGL Background Thread 3 ] DEBUG Engine               - class com.almasb.fxgl.dev.DevService
19:38:04.849 [JavaFX Application Thread] DEBUG Menu                 - fireNewGame()
19:38:04.849 [JavaFX Application Thread] DEBUG GameApplicationServi - Starting new game
19:38:04.849 [JavaFX Application Thread] DEBUG PrimaryStageWindow   - Pop state: LevelSelectScene
19:38:04.849 [JavaFX Application Thread] DEBUG Input                - Clearing active input actions
19:38:04.849 [JavaFX Application Thread] DEBUG GameApplicationServi - Removing overlay from LevelSelectScene and adding to RiderMainMenuScene
19:38:04.850 [JavaFX Application Thread] DEBUG PrimaryStageWindow   - RiderMainMenuScene <- LevelSelectScene
19:38:04.850 [JavaFX Application Thread] DEBUG PrimaryStageWindow   - Pop state: RiderMainMenuScene
19:38:04.850 [JavaFX Application Thread] DEBUG Input                - Clearing active input actions
19:38:04.850 [JavaFX Application Thread] DEBUG GameApplicationServi - Removing overlay from RiderMainMenuScene and adding to FXGLMainMenuDummyScene
19:38:04.851 [JavaFX Application Thread] DEBUG PrimaryStageWindow   - FXGLMainMenuDummyScene <- RiderMainMenuScene
19:38:04.851 [JavaFX Application Thread] DEBUG Input                - Clearing active input actions
19:38:04.853 [JavaFX Application Thread] DEBUG GameApplicationServi - Removing overlay from FXGLMainMenuDummyScene and adding to MainLoadingScene
19:38:04.856 [JavaFX Application Thread] DEBUG PrimaryStageWindow   - FXGLMainMenuDummyScene -> MainLoadingScene
19:38:04.856 [JavaFX Application Thread] DEBUG GameApplicationServi - Clearing previous game
19:38:04.856 [JavaFX Application Thread] DEBUG GameScene            - Clearing game scene
19:38:04.857 [JavaFX Application Thread] DEBUG GameWorld            - Clearing game world
19:38:04.857 [JavaFX Application Thread] DEBUG PhysicsWorld         - Clearing physics world
19:38:04.857 [FXGL Background Thread 2 ] DEBUG FXGLApplication      - Initializing game
19:38:04.881 [FXGL Background Thread 2 ] WARN  TMXLevelLoader       - TiledMap generated from 1.11.0. Supported version: 1.9.0. Some features may not be parsed fully.
19:38:04.884 [FXGL Background Thread 2 ] DEBUG TMXLevelLoader       - Parsed TiledMap: file:/Users/aaron/JavaFXGame/target/classes/assets/levels/tmx/level1.tmx
19:38:04.885 [FXGL Background Thread 2 ] DEBUG TMXLevelLoader       - Creating tile layer entities
19:38:04.885 [FXGL Background Thread 2 ] DEBUG TilesetLoader        - Loading view for layer Tile Layer 1
19:38:04.888 [FXGL Background Thread 2 ] DEBUG TilesetLoader        - Created buffer with size 1050.0x700.0
19:38:04.894 [FXGL Background Thread 2 ] DEBUG TMXLevelLoader       - Creating object layer entities
19:38:04.903 [FXGL Background Thread 2 ] DEBUG FXGLAssetLoaderServi - Loading from file system: file:/Users/aaron/JavaFXGame/target/classes/assets/textures/button.png
19:38:04.908 [FXGL Background Thread 2 ] DEBUG GameWorld            - Clearing removable entities
19:38:04.908 [FXGL Background Thread 2 ] DEBUG GameWorld            - Setting level: com.almasb.fxgl.entity.level.Level@47eeddc3
19:38:04.911 [FXGL Background Thread 2 ] DEBUG FXGLAssetLoaderServi - Loading from file system: file:/Users/aaron/JavaFXGame/target/classes/assets/textures/player1.png
19:38:04.918 [FXGL Background Thread 2 ] DEBUG Input                - Registered new binding: Jump0 - W
19:38:04.918 [FXGL Background Thread 2 ] DEBUG Input                - Registered new binding: Left0 - A
19:38:04.918 [FXGL Background Thread 2 ] DEBUG Input                - Registered new binding: Right0 - D
19:38:04.919 [FXGL Background Thread 2 ] DEBUG Input                - Registered new binding: Use0 - E
19:38:04.919 [FXGL Background Thread 2 ] DEBUG FXGLAssetLoaderServi - Loading from file system: file:/Users/aaron/JavaFXGame/target/classes/assets/textures/background/manila.png
19:38:04.929 [FXGL Background Thread 2 ] INFO  FXGLApplication      - Game initialization took: 0.070 sec
19:38:04.929 [JavaFX Application Thread] DEBUG Input                - Clearing active input actions
19:38:04.932 [JavaFX Application Thread] DEBUG GameApplicationServi - Removing overlay from MainLoadingScene and adding to GameScene
19:38:04.932 [JavaFX Application Thread] DEBUG PrimaryStageWindow   - MainLoadingScene -> GameScene
19:38:06.327 [JavaFX Application Thread] WARN  TMXLevelLoader       - TiledMap generated from 1.11.0. Supported version: 1.9.0. Some features may not be parsed fully.
19:38:06.330 [JavaFX Application Thread] DEBUG TMXLevelLoader       - Parsed TiledMap: file:/Users/aaron/JavaFXGame/target/classes/assets/levels/tmx/level2.tmx
19:38:06.330 [JavaFX Application Thread] DEBUG TMXLevelLoader       - Creating tile layer entities
19:38:06.331 [JavaFX Application Thread] DEBUG TilesetLoader        - Loading view for layer Tile Layer 1
19:38:06.331 [JavaFX Application Thread] DEBUG TilesetLoader        - Created buffer with size 1050.0x700.0
19:38:06.344 [JavaFX Application Thread] DEBUG TMXLevelLoader       - Creating object layer entities
19:38:06.347 [JavaFX Application Thread] DEBUG GameWorld            - Clearing removable entities
19:38:06.349 [JavaFX Application Thread] DEBUG GameWorld            - Setting level: com.almasb.fxgl.entity.level.Level@4424e40e
19:38:09.070 [JavaFX Application Thread] WARN  GameWorld            - Attempted to remove entity which is not active
19:38:09.587 [JavaFX Application Thread] WARN  GameWorld            - Attempted to remove entity which is not active
19:38:09.621 [JavaFX Application Thread] DEBUG FXGLAssetLoaderServi - Loading from file system: file:/Users/aaron/JavaFXGame/target/classes/assets/textures/exit_sign.png
19:38:09.977 [JavaFX Application Thread] WARN  TMXLevelLoader       - TiledMap generated from 1.11.0. Supported version: 1.9.0. Some features may not be parsed fully.
19:38:09.981 [JavaFX Application Thread] DEBUG TMXLevelLoader       - Parsed TiledMap: file:/Users/aaron/JavaFXGame/target/classes/assets/levels/tmx/level3.tmx
19:38:09.981 [JavaFX Application Thread] DEBUG TMXLevelLoader       - Creating tile layer entities
19:38:09.982 [JavaFX Application Thread] DEBUG TilesetLoader        - Loading view for layer Tile Layer 1
19:38:09.982 [JavaFX Application Thread] DEBUG TilesetLoader        - Created buffer with size 1050.0x700.0
19:38:09.995 [JavaFX Application Thread] DEBUG TMXLevelLoader       - Creating object layer entities
19:38:09.999 [JavaFX Application Thread] DEBUG GameWorld            - Clearing removable entities
19:38:10.000 [JavaFX Application Thread] DEBUG GameWorld            - Setting level: com.almasb.fxgl.entity.level.Level@4fcb5230
19:38:14.672 [JavaFX Application Thread] WARN  TMXLevelLoader       - TiledMap generated from 1.11.0. Supported version: 1.9.0. Some features may not be parsed fully.
19:38:14.675 [JavaFX Application Thread] DEBUG TMXLevelLoader       - Parsed TiledMap: file:/Users/aaron/JavaFXGame/target/classes/assets/levels/tmx/level3.tmx
19:38:14.675 [JavaFX Application Thread] DEBUG TMXLevelLoader       - Creating tile layer entities
19:38:14.675 [JavaFX Application Thread] DEBUG TilesetLoader        - Loading view for layer Tile Layer 1
19:38:14.676 [JavaFX Application Thread] DEBUG TilesetLoader        - Created buffer with size 1050.0x700.0
19:38:14.686 [JavaFX Application Thread] DEBUG TMXLevelLoader       - Creating object layer entities
19:38:14.689 [JavaFX Application Thread] DEBUG GameWorld            - Clearing removable entities
19:38:14.690 [JavaFX Application Thread] DEBUG GameWorld            - Setting level: com.almasb.fxgl.entity.level.Level@64860139
19:38:15.688 [JavaFX Application Thread] WARN  TMXLevelLoader       - TiledMap generated from 1.11.0. Supported version: 1.9.0. Some features may not be parsed fully.
19:38:15.690 [JavaFX Application Thread] DEBUG TMXLevelLoader       - Parsed TiledMap: file:/Users/aaron/JavaFXGame/target/classes/assets/levels/tmx/level3.tmx
19:38:15.690 [JavaFX Application Thread] DEBUG TMXLevelLoader       - Creating tile layer entities
19:38:15.691 [JavaFX Application Thread] DEBUG TilesetLoader        - Loading view for layer Tile Layer 1
19:38:15.691 [JavaFX Application Thread] DEBUG TilesetLoader        - Created buffer with size 1050.0x700.0
19:38:15.703 [JavaFX Application Thread] DEBUG TMXLevelLoader       - Creating object layer entities
19:38:15.706 [JavaFX Application Thread] DEBUG GameWorld            - Clearing removable entities
19:38:15.706 [JavaFX Application Thread] DEBUG GameWorld            - Setting level: com.almasb.fxgl.entity.level.Level@4cdab792
19:38:16.705 [JavaFX Application Thread] WARN  TMXLevelLoader       - TiledMap generated from 1.11.0. Supported version: 1.9.0. Some features may not be parsed fully.
19:38:16.707 [JavaFX Application Thread] DEBUG TMXLevelLoader       - Parsed TiledMap: file:/Users/aaron/JavaFXGame/target/classes/assets/levels/tmx/level3.tmx
19:38:16.707 [JavaFX Application Thread] DEBUG TMXLevelLoader       - Creating tile layer entities
19:38:16.707 [JavaFX Application Thread] DEBUG TilesetLoader        - Loading view for layer Tile Layer 1
19:38:16.708 [JavaFX Application Thread] DEBUG TilesetLoader        - Created buffer with size 1050.0x700.0
19:38:16.720 [JavaFX Application Thread] DEBUG TMXLevelLoader       - Creating object layer entities
19:38:16.723 [JavaFX Application Thread] DEBUG GameWorld            - Clearing removable entities
19:38:16.724 [JavaFX Application Thread] DEBUG GameWorld            - Setting level: com.almasb.fxgl.entity.level.Level@2a58e83f
19:38:17.721 [JavaFX Application Thread] WARN  TMXLevelLoader       - TiledMap generated from 1.11.0. Supported version: 1.9.0. Some features may not be parsed fully.
19:38:17.723 [JavaFX Application Thread] DEBUG TMXLevelLoader       - Parsed TiledMap: file:/Users/aaron/JavaFXGame/target/classes/assets/levels/tmx/level3.tmx
19:38:17.723 [JavaFX Application Thread] DEBUG TMXLevelLoader       - Creating tile layer entities
19:38:17.724 [JavaFX Application Thread] DEBUG TilesetLoader        - Loading view for layer Tile Layer 1
19:38:17.724 [JavaFX Application Thread] DEBUG TilesetLoader        - Created buffer with size 1050.0x700.0
19:38:17.733 [JavaFX Application Thread] DEBUG TMXLevelLoader       - Creating object layer entities
19:38:17.736 [JavaFX Application Thread] DEBUG GameWorld            - Clearing removable entities
19:38:17.736 [JavaFX Application Thread] DEBUG GameWorld            - Setting level: com.almasb.fxgl.entity.level.Level@53470f1a
19:38:25.952 [JavaFX Application Thread] DEBUG FXGLApplication      - Exiting FXGL
19:38:25.952 [JavaFX Application Thread] DEBUG LoopRunner           - Stopping loop
19:38:25.953 [JavaFX Application Thread] DEBUG SystemBundleService  - Saving FXGL system data
19:38:25.958 [JavaFX Application Thread] DEBUG FileSystemAccess     - Writing to: /Users/aaron/JavaFXGame/system/fxgl.bundle
19:38:25.960 [JavaFX Application Thread] DEBUG Async                - Shutting down background threads
19:38:25.960 [JavaFX Application Thread] DEBUG PrimaryStageWindow   - Closing main window
19:38:25.978 [JavaFX Application Thread] DEBUG Logger               - Closing Logger
