23:37:12.431 [main                     ] DEBUG Logger               - Configured Logger
23:37:12.446 [main                     ] DEBUG GameApplication      - Logging settings
Title: Untitled
Version: 0.0
Width: 1280
Height: 720
Fullscreen: false
Intro: false
Profiling: false
Single step:false
App Mode: DEVELOPER
Menu Key: ESCAPE
Stage Style: DECORATED
Scene Factory: class com.sunsofgod.PlatformerApp$1

23:37:12.718 [JavaFX Application Thread] DEBUG FXGLApplication      - Initializing FXGL
23:37:12.721 [JavaFX Application Thread] INFO  Engine               - FXGL-17.2 (20.08.2022 16.50) on WINDOWS (J:21.0.4 FX:17.0.12)
23:37:12.722 [JavaFX Application Thread] DEBUG Engine               - JRE Vendor Name: Eclipse Adoptium
23:37:12.722 [JavaFX Application Thread] DEBUG Engine               - Running on OS: Windows 11 version 10.0
23:37:12.722 [JavaFX Application Thread] DEBUG Engine               - Architecture: amd64
23:37:12.722 [JavaFX Application Thread] INFO  Engine               - Source code and latest versions at: https://github.com/AlmasB/FXGL
23:37:12.722 [JavaFX Application Thread] INFO  Engine               -       Ask questions and discuss at: https://github.com/AlmasB/FXGL/discussions
23:37:12.723 [JavaFX Application Thread] INFO  Engine               -              Join the FXGL chat at: https://gitter.im/AlmasB/FXGL
23:37:12.781 [JavaFX Application Thread] DEBUG PrimaryStageWindow   - Creating a JavaFX scene
23:37:12.808 [JavaFX Application Thread] DEBUG PrimaryStageWindow   - Target settings size: 1280.0 x 720.0
23:37:12.808 [JavaFX Application Thread] DEBUG PrimaryStageWindow   - Scaled scene size:    1280.0 x 720.0
23:37:12.808 [JavaFX Application Thread] DEBUG PrimaryStageWindow   - Scaled ratio: (1.0, 1.0)
23:37:12.809 [JavaFX Application Thread] DEBUG PrimaryStageWindow   - Set initial scene to FXGLStartupScene
23:37:12.813 [JavaFX Application Thread] DEBUG PrimaryStageWindow   - Opening main window
23:37:12.865 [JavaFX Application Thread] DEBUG PrimaryStageWindow   - Window border size: (16.0, 39.0)
23:37:12.865 [JavaFX Application Thread] DEBUG PrimaryStageWindow   - Scaled size: 1280.0 x 720.0
23:37:12.865 [JavaFX Application Thread] DEBUG PrimaryStageWindow   - Scaled ratio: (1.0, 1.0)
23:37:12.866 [JavaFX Application Thread] DEBUG PrimaryStageWindow   - Scene size: 1280.0 x 720.0
23:37:12.866 [JavaFX Application Thread] DEBUG PrimaryStageWindow   - Stage size: 1296.0 x 759.0
23:37:12.871 [FXGL Background Thread 1 ] DEBUG Engine               - Initializing environment variables
23:37:12.901 [FXGL Background Thread 1 ] DEBUG FXGLAssetLoaderServi - User app class for loading assets: class com.sunsofgod.PlatformerApp
23:37:12.901 [FXGL Background Thread 1 ] DEBUG GameApplicationServi - Applying CSS: fxgl_dark.css
23:37:12.902 [FXGL Background Thread 1 ] DEBUG FXGLAssetLoaderServi - Loading from file system: jar:file:///C:/Users/Balong/.m2/repository/com/github/almasb/fxgl/17.2/fxgl-17.2.jar!/fxglassets/ui/css/fxgl_dark.css
23:37:12.929 [FXGL Background Thread 1 ] DEBUG GameApplicationServi - Initializing application scenes
23:37:12.959 [FXGL Background Thread 1 ] WARN  FXGLAssetLoaderServi - Asset "/assets/textures/player.png" was not found!
23:37:12.960 [FXGL Background Thread 1 ] WARN  FXGLAssetLoaderServi - Failed to load IMAGE
23:37:12.975 [FXGL Background Thread 1 ] DEBUG GameWorld            - Game world initialized
23:37:13.007 [FXGL Background Thread 1 ] DEBUG PhysicsWorld         - Physics world initialized: appHeight=720, physics.ppm=50.0
23:37:13.007 [FXGL Background Thread 1 ] DEBUG PhysicsWorld         - Using strategy: BRUTE_FORCE
23:37:13.010 [FXGL Background Thread 1 ] DEBUG GameScene            - Game scene initialized: 1280x720
23:37:13.197 [FXGL Background Thread 1 ] DEBUG GameApplicationServi - Application scenes initialized
23:37:13.207 [FXGL Background Thread 1 ] DEBUG SystemBundleService  - Loading FXGL system data
23:37:13.209 [FXGL Background Thread 1 ] DEBUG FileSystemAccess     - Reading from: C:\Users\Balong\Desktop\JavaFXGame-3\system\fxgl.bundle
23:37:13.215 [FXGL Background Thread 1 ] DEBUG SystemBundleService  - Bundle FXGL: {}
23:37:13.215 [FXGL Background Thread 1 ] DEBUG UpdaterService       - Checking for updates
23:37:13.231 [FXGL Background Thread 4 ] DEBUG FXGLApplication      - Loading fonts
23:37:13.231 [FXGL Background Thread 1 ] DEBUG FXGLApplication      - Loading default localization
23:37:13.231 [FXGL Background Thread 4 ] DEBUG FXGLAssetLoaderServi - Loading from file system: jar:file:///C:/Users/Balong/.m2/repository/com/github/almasb/fxgl/17.2/fxgl-17.2.jar!/fxglassets/ui/fonts/VarelaRound-Regular.ttf
23:37:13.231 [FXGL Background Thread 1 ] DEBUG FXGLAssetLoaderServi - Loading from file system: jar:file:///C:/Users/Balong/.m2/repository/com/github/almasb/fxgl/17.2/fxgl-17.2.jar!/fxglassets/languages/english.lang
23:37:13.250 [FXGL Background Thread 1 ] INFO  FXGLApplication      - FXGL initialization took: 0.378 sec
23:37:13.251 [JavaFX Application Thread] DEBUG FXGLAssetLoaderServi - Loading from file system: jar:file:///C:/Users/Balong/.m2/repository/com/github/almasb/fxgl/17.2/fxgl-17.2.jar!/fxglassets/textures/fxgl_icon.png
23:37:13.263 [JavaFX Application Thread] DEBUG FXGLAssetLoaderServi - Loading from file system: jar:file:///C:/Users/Balong/.m2/repository/com/github/almasb/fxgl/17.2/fxgl-17.2.jar!/fxglassets/textures/fxgl_default_cursor.png
23:37:13.264 [FXGL Background Thread 4 ] DEBUG FXGLAssetLoaderServi - Loading from file system: jar:file:///C:/Users/Balong/.m2/repository/com/github/almasb/fxgl/17.2/fxgl-17.2.jar!/fxglassets/ui/fonts/Abel-Regular.ttf
23:37:13.272 [JavaFX Application Thread] DEBUG Input                - Registered new binding: Screenshot - CTRL+8
23:37:13.272 [JavaFX Application Thread] DEBUG Input                - Registered new binding: Dev Options - 1
23:37:13.272 [JavaFX Application Thread] DEBUG Input                - Registered new binding: Dev Console - 2
23:37:13.273 [JavaFX Application Thread] DEBUG Input                - Registered new binding: System info dump - CTRL+9
23:37:13.273 [JavaFX Application Thread] DEBUG Input                - Registered new binding: Restart - CTRL+R
23:37:13.273 [FXGL Background Thread 4 ] DEBUG FXGLAssetLoaderServi - Loading from file system: jar:file:///C:/Users/Balong/.m2/repository/com/github/almasb/fxgl/17.2/fxgl-17.2.jar!/fxglassets/ui/fonts/TerminalLandMono-Regular.otf
23:37:13.273 [JavaFX Application Thread] DEBUG Input                - Registered new binding: Toggle Debug Camera - CTRL+7
23:37:13.275 [JavaFX Application Thread] DEBUG LoopRunner           - Starting loop
23:37:13.281 [FXGL Background Thread 4 ] DEBUG FXGLAssetLoaderServi - Loading from file system: jar:file:///C:/Users/Balong/.m2/repository/com/github/almasb/fxgl/17.2/fxgl-17.2.jar!/fxglassets/ui/fonts/Courier-Prime.ttf
23:37:13.284 [JavaFX Application Thread] DEBUG LoopRunner           - Initializing JavaFX AnimationTimerLoop
23:37:13.286 [JavaFX Application Thread] DEBUG Input                - Clearing active input actions
23:37:13.293 [JavaFX Application Thread] DEBUG GameApplicationServi - Removing overlay from FXGLStartupScene and adding to FXGLMainMenuDummyScene
23:37:13.295 [JavaFX Application Thread] DEBUG PrimaryStageWindow   - FXGLStartupScene -> FXGLMainMenuDummyScene
23:37:13.295 [JavaFX Application Thread] DEBUG PrimaryStageWindow   - Push state: RiderMainMenuScene
23:37:13.295 [JavaFX Application Thread] DEBUG Input                - Clearing active input actions
23:37:13.299 [JavaFX Application Thread] DEBUG GameApplicationServi - Removing overlay from FXGLMainMenuDummyScene and adding to RiderMainMenuScene
23:37:13.300 [JavaFX Application Thread] DEBUG PrimaryStageWindow   - FXGLMainMenuDummyScene -> RiderMainMenuScene
23:37:13.422 [JavaFX Application Thread] DEBUG FXGLApplication      - Registering font factories with UI factory
23:37:13.543 [FXGL Background Thread 2 ] INFO  UpdaterService       - Your current version:  17.2
23:37:13.544 [FXGL Background Thread 2 ] INFO  UpdaterService       - Latest stable version: 21.1
23:37:13.837 [JavaFX Application Thread] DEBUG PrimaryStageWindow   - Push state: PlayerSelectScene
23:37:13.838 [JavaFX Application Thread] DEBUG Input                - Clearing active input actions
23:37:13.838 [JavaFX Application Thread] DEBUG GameApplicationServi - Removing overlay from RiderMainMenuScene and adding to PlayerSelectScene
23:37:13.839 [JavaFX Application Thread] DEBUG PrimaryStageWindow   - RiderMainMenuScene -> PlayerSelectScene
23:37:16.230 [FXGL Background Thread 3 ] DEBUG Engine               - Logging environment variables
23:37:16.230 [FXGL Background Thread 3 ] DEBUG Engine               - achievements: []
23:37:16.230 [FXGL Background Thread 3 ] DEBUG Engine               - actualHeight: 720.0
23:37:16.230 [FXGL Background Thread 3 ] DEBUG Engine               - actualHeightProperty: ReadOnlyDoubleProperty [value: 720.0]
23:37:16.230 [FXGL Background Thread 3 ] DEBUG Engine               - actualWidth: 1280.0
23:37:16.231 [FXGL Background Thread 3 ] DEBUG Engine               - actualWidthProperty: ReadOnlyDoubleProperty [value: 1280.0]
23:37:16.231 [FXGL Background Thread 3 ] DEBUG Engine               - appIcon: fxgl_icon.png
23:37:16.231 [FXGL Background Thread 3 ] DEBUG Engine               - applicationMode: DEVELOPER
23:37:16.231 [FXGL Background Thread 3 ] DEBUG Engine               - cSSList: [fxgl_dark.css]
23:37:16.231 [FXGL Background Thread 3 ] DEBUG Engine               - collisionDetectionStrategy: BRUTE_FORCE
23:37:16.231 [FXGL Background Thread 3 ] DEBUG Engine               - configClass: Optional.empty
23:37:16.231 [FXGL Background Thread 3 ] DEBUG Engine               - credits: []
23:37:16.234 [FXGL Background Thread 3 ] DEBUG Engine               - defaultCursor: CursorInfo(imageName=fxgl_default_cursor.png, hotspotX=7.0, hotspotY=6.0)
23:37:16.234 [FXGL Background Thread 3 ] DEBUG Engine               - devBBoxColorProperty: ObjectProperty [value: 0xff0000ff]
23:37:16.234 [FXGL Background Thread 3 ] DEBUG Engine               - devEnableDebugCameraProperty: BooleanProperty [value: false]
23:37:16.234 [FXGL Background Thread 3 ] DEBUG Engine               - devSensorColorProperty: ObjectProperty [value: 0xffff00ff]
23:37:16.234 [FXGL Background Thread 3 ] DEBUG Engine               - devShowBBoxProperty: BooleanProperty [value: false]
23:37:16.234 [FXGL Background Thread 3 ] DEBUG Engine               - devShowPositionProperty: BooleanProperty [value: false]
23:37:16.234 [FXGL Background Thread 3 ] DEBUG Engine               - enabledMenuItems: []
23:37:16.234 [FXGL Background Thread 3 ] DEBUG Engine               - engineServices: [class com.almasb.fxgl.app.services.FXGLAssetLoaderService, class com.almasb.fxgl.app.FXGLApplication$GameApplicationService, class com.almasb.fxgl.app.services.FXGLDialogService, class com.almasb.fxgl.app.services.IOTaskExecutorService, class com.almasb.fxgl.io.FileSystemService, class com.almasb.fxgl.localization.LocalizationService, class com.almasb.fxgl.app.services.SystemBundleService, class com.almasb.fxgl.profile.SaveLoadService, class com.almasb.fxgl.ui.FXGLUIFactoryServiceProvider, class com.almasb.fxgl.ui.FXGLDialogFactoryServiceProvider, class com.almasb.fxgl.audio.AudioPlayer, class com.almasb.fxgl.notification.impl.NotificationServiceProvider, class com.almasb.fxgl.achievement.AchievementService, class com.almasb.fxgl.cutscene.CutsceneService, class com.almasb.fxgl.minigames.MiniGameService, class com.almasb.fxgl.net.NetService, class com.almasb.fxgl.app.services.UpdaterService, class com.almasb.fxgl.dev.DevService]
23:37:16.234 [FXGL Background Thread 3 ] DEBUG Engine               - fontGame: Abel-Regular.ttf
23:37:16.234 [FXGL Background Thread 3 ] DEBUG Engine               - fontMono: TerminalLandMono-Regular.otf
23:37:16.234 [FXGL Background Thread 3 ] DEBUG Engine               - fontText: Courier-Prime.ttf
23:37:16.234 [FXGL Background Thread 3 ] DEBUG Engine               - fontUI: VarelaRound-Regular.ttf
23:37:16.234 [FXGL Background Thread 3 ] DEBUG Engine               - fullScreen: BooleanProperty [value: false]
23:37:16.234 [FXGL Background Thread 3 ] DEBUG Engine               - gameDifficulty: MEDIUM
23:37:16.234 [FXGL Background Thread 3 ] DEBUG Engine               - gameDifficultyProperty: ObjectProperty [value: MEDIUM]
23:37:16.234 [FXGL Background Thread 3 ] DEBUG Engine               - globalMusicVolume: 0.5
23:37:16.234 [FXGL Background Thread 3 ] DEBUG Engine               - globalMusicVolumeProperty: DoubleProperty [value: 0.25]
23:37:16.234 [FXGL Background Thread 3 ] DEBUG Engine               - globalSoundVolume: 0.5
23:37:16.235 [FXGL Background Thread 3 ] DEBUG Engine               - globalSoundVolumeProperty: DoubleProperty [value: 0.5]
23:37:16.235 [FXGL Background Thread 3 ] DEBUG Engine               - height: 720
23:37:16.235 [FXGL Background Thread 3 ] DEBUG Engine               - is3D: false
23:37:16.235 [FXGL Background Thread 3 ] DEBUG Engine               - isAndroid: false
23:37:16.235 [FXGL Background Thread 3 ] DEBUG Engine               - isBrowser: false
23:37:16.235 [FXGL Background Thread 3 ] DEBUG Engine               - isClickFeedbackEnabled: false
23:37:16.235 [FXGL Background Thread 3 ] DEBUG Engine               - isCloseConfirmation: false
23:37:16.235 [FXGL Background Thread 3 ] DEBUG Engine               - isDesktop: true
23:37:16.235 [FXGL Background Thread 3 ] DEBUG Engine               - isDeveloperMenuEnabled: true
23:37:16.235 [FXGL Background Thread 3 ] DEBUG Engine               - isEmbedded: false
23:37:16.235 [FXGL Background Thread 3 ] DEBUG Engine               - isEntityPreloadEnabled: true
23:37:16.235 [FXGL Background Thread 3 ] DEBUG Engine               - isExperimentalTiledLargeMap: false
23:37:16.235 [FXGL Background Thread 3 ] DEBUG Engine               - isFileSystemWriteAllowed: true
23:37:16.235 [FXGL Background Thread 3 ] DEBUG Engine               - isFullScreenAllowed: false
23:37:16.235 [FXGL Background Thread 3 ] DEBUG Engine               - isFullScreenFromStart: false
23:37:16.235 [FXGL Background Thread 3 ] DEBUG Engine               - isGameMenuEnabled: true
23:37:16.235 [FXGL Background Thread 3 ] DEBUG Engine               - isIOS: false
23:37:16.235 [FXGL Background Thread 3 ] DEBUG Engine               - isIntroEnabled: false
23:37:16.235 [FXGL Background Thread 3 ] DEBUG Engine               - isLinux: false
23:37:16.235 [FXGL Background Thread 3 ] DEBUG Engine               - isMac: false
23:37:16.235 [FXGL Background Thread 3 ] DEBUG Engine               - isMainMenuEnabled: true
23:37:16.235 [FXGL Background Thread 3 ] DEBUG Engine               - isManualResizeEnabled: false
23:37:16.235 [FXGL Background Thread 3 ] DEBUG Engine               - isMobile: false
23:37:16.235 [FXGL Background Thread 3 ] DEBUG Engine               - isNative: false
23:37:16.235 [FXGL Background Thread 3 ] DEBUG Engine               - isPauseMusicWhenMinimized: true
23:37:16.235 [FXGL Background Thread 3 ] DEBUG Engine               - isPreserveResizeRatio: false
23:37:16.235 [FXGL Background Thread 3 ] DEBUG Engine               - isProfilingEnabled: false
23:37:16.236 [FXGL Background Thread 3 ] DEBUG Engine               - isScaleAffectedOnResize: true
23:37:16.236 [FXGL Background Thread 3 ] DEBUG Engine               - isSingleStep: false
23:37:16.236 [FXGL Background Thread 3 ] DEBUG Engine               - isUserProfileEnabled: false
23:37:16.236 [FXGL Background Thread 3 ] DEBUG Engine               - isWindows: true
23:37:16.236 [FXGL Background Thread 3 ] DEBUG Engine               - language: ObjectProperty [value: ENGLISH]
23:37:16.236 [FXGL Background Thread 3 ] DEBUG Engine               - menuKey: ESCAPE
23:37:16.236 [FXGL Background Thread 3 ] DEBUG Engine               - mouseSensitivity: 0.2
23:37:16.236 [FXGL Background Thread 3 ] DEBUG Engine               - notificationViewClass: class com.almasb.fxgl.notification.view.XboxNotificationView
23:37:16.236 [FXGL Background Thread 3 ] DEBUG Engine               - pixelsPerMeter: 50.0
23:37:16.236 [FXGL Background Thread 3 ] DEBUG Engine               - platform: WINDOWS
23:37:16.236 [FXGL Background Thread 3 ] DEBUG Engine               - prefHeightProperty: ReadOnlyDoubleProperty [value: 720.0]
23:37:16.236 [FXGL Background Thread 3 ] DEBUG Engine               - prefWidthProperty: ReadOnlyDoubleProperty [value: 1280.0]
23:37:16.237 [FXGL Background Thread 3 ] DEBUG Engine               - profileDir: profiles/
23:37:16.237 [FXGL Background Thread 3 ] DEBUG Engine               - profileName: StringProperty [value: DEFAULT]
23:37:16.237 [FXGL Background Thread 3 ] DEBUG Engine               - randomSeed: -1
23:37:16.237 [FXGL Background Thread 3 ] DEBUG Engine               - runtimeInfo: RuntimeInfo(platform=WINDOWS, version=17.2, build=20.08.2022 16.50)
23:37:16.237 [FXGL Background Thread 3 ] DEBUG Engine               - saveFileExt: sav
23:37:16.237 [FXGL Background Thread 3 ] DEBUG Engine               - scaledHeightProp$fxgl: DoubleProperty [bound, value: 720.0]
23:37:16.237 [FXGL Background Thread 3 ] DEBUG Engine               - scaledWidthProp$fxgl: DoubleProperty [bound, value: 1280.0]
23:37:16.237 [FXGL Background Thread 3 ] DEBUG Engine               - sceneFactory: com.sunsofgod.PlatformerApp$1@20428154
23:37:16.237 [FXGL Background Thread 3 ] DEBUG Engine               - secondsIn24h: 60
23:37:16.237 [FXGL Background Thread 3 ] DEBUG Engine               - soundMenuBack: menu/back.wav
23:37:16.237 [FXGL Background Thread 3 ] DEBUG Engine               - soundMenuPress: menu/press.wav
23:37:16.237 [FXGL Background Thread 3 ] DEBUG Engine               - soundMenuSelect: menu/select.wav
23:37:16.237 [FXGL Background Thread 3 ] DEBUG Engine               - soundNotification: core/notification.wav
23:37:16.237 [FXGL Background Thread 3 ] DEBUG Engine               - stageStyle: DECORATED
23:37:16.237 [FXGL Background Thread 3 ] DEBUG Engine               - supportedLanguages: [ENGLISH, FRENCH, GERMAN, HUNGARIAN, RUSSIAN]
23:37:16.237 [FXGL Background Thread 3 ] DEBUG Engine               - ticksPerSecond: -1
23:37:16.237 [FXGL Background Thread 3 ] DEBUG Engine               - title: Untitled
23:37:16.237 [FXGL Background Thread 3 ] DEBUG Engine               - urlGithub: https://github.com/AlmasB/FXGL
23:37:16.237 [FXGL Background Thread 3 ] DEBUG Engine               - urlLeaderboard: http://fxgl-top.herokuapp.com/
23:37:16.237 [FXGL Background Thread 3 ] DEBUG Engine               - urlPOM: https://raw.githubusercontent.com/AlmasB/FXGL/release/README.md
23:37:16.237 [FXGL Background Thread 3 ] DEBUG Engine               - userAppClass: class com.sunsofgod.PlatformerApp
23:37:16.238 [FXGL Background Thread 3 ] DEBUG Engine               - version: 0.0
23:37:16.238 [FXGL Background Thread 3 ] DEBUG Engine               - versionCheckDays: 7
23:37:16.238 [FXGL Background Thread 3 ] DEBUG Engine               - width: 1280
23:37:16.238 [FXGL Background Thread 3 ] DEBUG Engine               - Logging services
23:37:16.238 [FXGL Background Thread 3 ] DEBUG Engine               - class com.almasb.fxgl.app.services.FXGLAssetLoaderService
23:37:16.238 [FXGL Background Thread 3 ] DEBUG Engine               - class com.almasb.fxgl.app.FXGLApplication$GameApplicationService
23:37:16.238 [FXGL Background Thread 3 ] DEBUG Engine               - class com.almasb.fxgl.app.services.FXGLDialogService
23:37:16.238 [FXGL Background Thread 3 ] DEBUG Engine               - class com.almasb.fxgl.app.services.IOTaskExecutorService
23:37:16.238 [FXGL Background Thread 3 ] DEBUG Engine               - class com.almasb.fxgl.io.FileSystemService
23:37:16.238 [FXGL Background Thread 3 ] DEBUG Engine               - class com.almasb.fxgl.localization.LocalizationService
23:37:16.238 [FXGL Background Thread 3 ] DEBUG Engine               - class com.almasb.fxgl.app.services.SystemBundleService
23:37:16.238 [FXGL Background Thread 3 ] DEBUG Engine               - class com.almasb.fxgl.profile.SaveLoadService
23:37:16.238 [FXGL Background Thread 3 ] DEBUG Engine               - class com.almasb.fxgl.ui.FXGLUIFactoryServiceProvider
23:37:16.238 [FXGL Background Thread 3 ] DEBUG Engine               - class com.almasb.fxgl.ui.FXGLDialogFactoryServiceProvider
23:37:16.238 [FXGL Background Thread 3 ] DEBUG Engine               - class com.almasb.fxgl.audio.AudioPlayer
23:37:16.238 [FXGL Background Thread 3 ] DEBUG Engine               - class com.almasb.fxgl.notification.impl.NotificationServiceProvider
23:37:16.238 [FXGL Background Thread 3 ] DEBUG Engine               - class com.almasb.fxgl.achievement.AchievementService
23:37:16.238 [FXGL Background Thread 3 ] DEBUG Engine               - class com.almasb.fxgl.cutscene.CutsceneService
23:37:16.238 [FXGL Background Thread 3 ] DEBUG Engine               - class com.almasb.fxgl.minigames.MiniGameService
23:37:16.238 [FXGL Background Thread 3 ] DEBUG Engine               - class com.almasb.fxgl.net.NetService
23:37:16.238 [FXGL Background Thread 3 ] DEBUG Engine               - class com.almasb.fxgl.app.services.UpdaterService
23:37:16.238 [FXGL Background Thread 3 ] DEBUG Engine               - class com.almasb.fxgl.dev.DevService
23:37:16.328 [JavaFX Application Thread] DEBUG PrimaryStageWindow   - Push state: LevelSelectScene
23:37:16.329 [JavaFX Application Thread] DEBUG Input                - Clearing active input actions
23:37:16.329 [JavaFX Application Thread] DEBUG GameApplicationServi - Removing overlay from PlayerSelectScene and adding to LevelSelectScene
23:37:16.330 [JavaFX Application Thread] DEBUG PrimaryStageWindow   - PlayerSelectScene -> LevelSelectScene
23:37:18.751 [JavaFX Application Thread] DEBUG Menu                 - fireNewGame()
23:37:18.751 [JavaFX Application Thread] DEBUG GameApplicationServi - Starting new game
23:37:18.751 [JavaFX Application Thread] DEBUG PrimaryStageWindow   - Pop state: LevelSelectScene
23:37:18.751 [JavaFX Application Thread] DEBUG Input                - Clearing active input actions
23:37:18.752 [JavaFX Application Thread] DEBUG GameApplicationServi - Removing overlay from LevelSelectScene and adding to PlayerSelectScene
23:37:18.753 [JavaFX Application Thread] DEBUG PrimaryStageWindow   - PlayerSelectScene <- LevelSelectScene
23:37:18.753 [JavaFX Application Thread] DEBUG PrimaryStageWindow   - Pop state: PlayerSelectScene
23:37:18.753 [JavaFX Application Thread] DEBUG Input                - Clearing active input actions
23:37:18.753 [JavaFX Application Thread] DEBUG GameApplicationServi - Removing overlay from PlayerSelectScene and adding to RiderMainMenuScene
23:37:18.753 [JavaFX Application Thread] DEBUG PrimaryStageWindow   - RiderMainMenuScene <- PlayerSelectScene
23:37:18.753 [JavaFX Application Thread] DEBUG PrimaryStageWindow   - Pop state: RiderMainMenuScene
23:37:18.753 [JavaFX Application Thread] DEBUG Input                - Clearing active input actions
23:37:18.753 [JavaFX Application Thread] DEBUG GameApplicationServi - Removing overlay from RiderMainMenuScene and adding to FXGLMainMenuDummyScene
23:37:18.754 [JavaFX Application Thread] DEBUG PrimaryStageWindow   - FXGLMainMenuDummyScene <- RiderMainMenuScene
23:37:18.754 [JavaFX Application Thread] DEBUG Input                - Clearing active input actions
23:37:18.758 [JavaFX Application Thread] DEBUG GameApplicationServi - Removing overlay from FXGLMainMenuDummyScene and adding to MainLoadingScene
23:37:18.758 [JavaFX Application Thread] DEBUG PrimaryStageWindow   - FXGLMainMenuDummyScene -> MainLoadingScene
23:37:18.758 [JavaFX Application Thread] DEBUG GameApplicationServi - Clearing previous game
23:37:18.758 [JavaFX Application Thread] DEBUG GameScene            - Clearing game scene
23:37:18.758 [JavaFX Application Thread] DEBUG GameWorld            - Clearing game world
23:37:18.758 [JavaFX Application Thread] DEBUG PhysicsWorld         - Clearing physics world
23:37:18.759 [FXGL Background Thread 2 ] DEBUG FXGLApplication      - Initializing game
23:37:18.783 [FXGL Background Thread 2 ] WARN  TMXLevelLoader       - TiledMap generated from 1.11.0. Supported version: 1.9.0. Some features may not be parsed fully.
23:37:18.788 [FXGL Background Thread 2 ] DEBUG TMXLevelLoader       - Parsed TiledMap: file:/C:/Users/Balong/Desktop/JavaFXGame-3/target/classes/assets/levels/tmx/level11.tmx
23:37:18.788 [FXGL Background Thread 2 ] DEBUG TMXLevelLoader       - Creating tile layer entities
23:37:18.789 [FXGL Background Thread 2 ] DEBUG TilesetLoader        - Loading view for layer Tile Layer 1
23:37:18.790 [FXGL Background Thread 2 ] DEBUG TilesetLoader        - Created buffer with size 1050.0x700.0
23:37:18.797 [FXGL Background Thread 2 ] DEBUG TMXLevelLoader       - Creating object layer entities
23:37:18.811 [FXGL Background Thread 2 ] DEBUG FXGLAssetLoaderServi - Loading from file system: file:/C:/Users/Balong/Desktop/JavaFXGame-3/target/classes/assets/textures/button.png
23:37:18.814 [FXGL Background Thread 2 ] DEBUG GameWorld            - Clearing removable entities
23:37:18.815 [FXGL Background Thread 2 ] DEBUG GameWorld            - Setting level: com.almasb.fxgl.entity.level.Level@5d4a754f
23:37:18.821 [FXGL Background Thread 2 ] DEBUG FXGLAssetLoaderServi - Loading from file system: file:/C:/Users/Balong/Desktop/JavaFXGame-3/target/classes/assets/textures/player1.png
23:37:18.826 [FXGL Background Thread 2 ] DEBUG FXGLAssetLoaderServi - Loading from file system: file:/C:/Users/Balong/Desktop/JavaFXGame-3/target/classes/assets/textures/player3.png
23:37:18.827 [FXGL Background Thread 2 ] DEBUG FXGLAssetLoaderServi - Loading from file system: file:/C:/Users/Balong/Desktop/JavaFXGame-3/target/classes/assets/textures/player4.png
23:37:18.831 [FXGL Background Thread 2 ] DEBUG Input                - Registered new binding: Jump0 - W
23:37:18.832 [FXGL Background Thread 2 ] DEBUG Input                - Registered new binding: Left0 - A
23:37:18.832 [FXGL Background Thread 2 ] DEBUG Input                - Registered new binding: Right0 - D
23:37:18.832 [FXGL Background Thread 2 ] DEBUG Input                - Registered new binding: Use0 - E
23:37:18.833 [FXGL Background Thread 2 ] DEBUG Input                - Registered new binding: Jump1 - Up
23:37:18.833 [FXGL Background Thread 2 ] DEBUG Input                - Registered new binding: Left1 - Left
23:37:18.833 [FXGL Background Thread 2 ] DEBUG Input                - Registered new binding: Right1 - Right
23:37:18.833 [FXGL Background Thread 2 ] DEBUG Input                - Registered new binding: Use1 - Slash
23:37:18.833 [FXGL Background Thread 2 ] DEBUG Input                - Registered new binding: Jump2 - I
23:37:18.833 [FXGL Background Thread 2 ] DEBUG Input                - Registered new binding: Left2 - J
23:37:18.833 [FXGL Background Thread 2 ] DEBUG Input                - Registered new binding: Right2 - L
23:37:18.833 [FXGL Background Thread 2 ] DEBUG Input                - Registered new binding: Use2 - O
23:37:18.834 [FXGL Background Thread 2 ] DEBUG FXGLAssetLoaderServi - Loading from file system: file:/C:/Users/Balong/Desktop/JavaFXGame-3/target/classes/assets/textures/background/manila.png
23:37:18.845 [FXGL Background Thread 2 ] INFO  FXGLApplication      - Game initialization took: 0.085 sec
23:37:18.846 [JavaFX Application Thread] DEBUG Input                - Clearing active input actions
23:37:18.850 [JavaFX Application Thread] DEBUG GameApplicationServi - Removing overlay from MainLoadingScene and adding to GameScene
23:37:18.851 [JavaFX Application Thread] DEBUG PrimaryStageWindow   - MainLoadingScene -> GameScene
23:37:23.848 [JavaFX Application Thread] DEBUG FXGLAssetLoaderServi - Loading from file system: file:/C:/Users/Balong/Desktop/JavaFXGame-3/target/classes/assets/textures/exit_sign.png
23:37:23.959 [JavaFX Application Thread] DEBUG PrimaryStageWindow   - Push state: LevelCompletionScene
23:37:23.959 [JavaFX Application Thread] DEBUG Input                - Clearing active input actions
23:37:23.959 [JavaFX Application Thread] DEBUG GameApplicationServi - Removing overlay from GameScene and adding to LevelCompletionScene
23:37:23.960 [JavaFX Application Thread] DEBUG PrimaryStageWindow   - GameScene -> LevelCompletionScene
23:37:23.961 [JavaFX Application Thread] WARN  TMXLevelLoader       - TiledMap generated from 1.11.0. Supported version: 1.9.0. Some features may not be parsed fully.
23:37:23.963 [JavaFX Application Thread] DEBUG TMXLevelLoader       - Parsed TiledMap: file:/C:/Users/Balong/Desktop/JavaFXGame-3/target/classes/assets/levels/tmx/level12.tmx
23:37:23.963 [JavaFX Application Thread] DEBUG TMXLevelLoader       - Creating tile layer entities
23:37:23.963 [JavaFX Application Thread] DEBUG TilesetLoader        - Loading view for layer Tile Layer 1
23:37:23.964 [JavaFX Application Thread] DEBUG TilesetLoader        - Created buffer with size 1050.0x700.0
23:37:23.970 [JavaFX Application Thread] DEBUG TMXLevelLoader       - Creating object layer entities
23:37:23.972 [JavaFX Application Thread] DEBUG GameWorld            - Clearing removable entities
23:37:23.973 [JavaFX Application Thread] DEBUG GameWorld            - Setting level: com.almasb.fxgl.entity.level.Level@4d689ae7
23:37:27.150 [JavaFX Application Thread] DEBUG PrimaryStageWindow   - Pop state: LevelCompletionScene
23:37:27.150 [JavaFX Application Thread] DEBUG Input                - Clearing active input actions
23:37:27.150 [JavaFX Application Thread] DEBUG GameApplicationServi - Removing overlay from LevelCompletionScene and adding to GameScene
23:37:27.151 [JavaFX Application Thread] DEBUG PrimaryStageWindow   - GameScene <- LevelCompletionScene
23:37:27.688 [JavaFX Application Thread] WARN  GameWorld            - Attempted to remove entity which is not active
23:37:41.465 [JavaFX Application Thread] WARN  TMXLevelLoader       - TiledMap generated from 1.11.0. Supported version: 1.9.0. Some features may not be parsed fully.
23:37:41.467 [JavaFX Application Thread] DEBUG TMXLevelLoader       - Parsed TiledMap: file:/C:/Users/Balong/Desktop/JavaFXGame-3/target/classes/assets/levels/tmx/level3.tmx
23:37:41.468 [JavaFX Application Thread] DEBUG TMXLevelLoader       - Creating tile layer entities
23:37:41.468 [JavaFX Application Thread] DEBUG TilesetLoader        - Loading view for layer Tile Layer 1
23:37:41.468 [JavaFX Application Thread] DEBUG TilesetLoader        - Created buffer with size 1050.0x700.0
23:37:41.474 [JavaFX Application Thread] DEBUG TMXLevelLoader       - Creating object layer entities
23:37:41.476 [JavaFX Application Thread] DEBUG GameWorld            - Clearing removable entities
23:37:41.477 [JavaFX Application Thread] DEBUG GameWorld            - Setting level: com.almasb.fxgl.entity.level.Level@abc0abb
23:37:42.341 [JavaFX Application Thread] WARN  GameWorld            - Attempted to remove entity which is not active
23:37:55.798 [JavaFX Application Thread] WARN  TMXLevelLoader       - TiledMap generated from 1.11.0. Supported version: 1.9.0. Some features may not be parsed fully.
23:37:55.800 [JavaFX Application Thread] DEBUG TMXLevelLoader       - Parsed TiledMap: file:/C:/Users/Balong/Desktop/JavaFXGame-3/target/classes/assets/levels/tmx/level3.tmx
23:37:55.800 [JavaFX Application Thread] DEBUG TMXLevelLoader       - Creating tile layer entities
23:37:55.800 [JavaFX Application Thread] DEBUG TilesetLoader        - Loading view for layer Tile Layer 1
23:37:55.801 [JavaFX Application Thread] DEBUG TilesetLoader        - Created buffer with size 1050.0x700.0
23:37:55.808 [JavaFX Application Thread] DEBUG TMXLevelLoader       - Creating object layer entities
23:37:55.811 [JavaFX Application Thread] DEBUG GameWorld            - Clearing removable entities
23:37:55.812 [JavaFX Application Thread] DEBUG GameWorld            - Setting level: com.almasb.fxgl.entity.level.Level@140b0013
23:37:55.928 [JavaFX Application Thread] WARN  GameWorld            - Attempted to remove entity which is not active
23:37:56.663 [JavaFX Application Thread] WARN  GameWorld            - Attempted to remove entity which is not active
23:37:56.664 [JavaFX Application Thread] WARN  GameWorld            - Attempted to remove entity which is not active
23:38:04.818 [JavaFX Application Thread] DEBUG PrimaryStageWindow   - Push state: LevelCompletionScene
23:38:04.819 [JavaFX Application Thread] DEBUG Input                - Clearing active input actions
23:38:04.819 [JavaFX Application Thread] DEBUG GameApplicationServi - Removing overlay from GameScene and adding to LevelCompletionScene
23:38:04.819 [JavaFX Application Thread] DEBUG PrimaryStageWindow   - GameScene -> LevelCompletionScene
23:38:04.821 [JavaFX Application Thread] WARN  TMXLevelLoader       - TiledMap generated from 1.11.0. Supported version: 1.9.0. Some features may not be parsed fully.
23:38:04.822 [JavaFX Application Thread] DEBUG TMXLevelLoader       - Parsed TiledMap: file:/C:/Users/Balong/Desktop/JavaFXGame-3/target/classes/assets/levels/tmx/level13.tmx
23:38:04.822 [JavaFX Application Thread] DEBUG TMXLevelLoader       - Creating tile layer entities
23:38:04.822 [JavaFX Application Thread] DEBUG TilesetLoader        - Loading view for layer Tile Layer 1
23:38:04.822 [JavaFX Application Thread] DEBUG TilesetLoader        - Created buffer with size 1050.0x700.0
23:38:04.828 [JavaFX Application Thread] DEBUG TMXLevelLoader       - Creating object layer entities
23:38:04.830 [JavaFX Application Thread] DEBUG GameWorld            - Clearing removable entities
23:38:04.831 [JavaFX Application Thread] DEBUG GameWorld            - Setting level: com.almasb.fxgl.entity.level.Level@378a8e2
23:38:26.071 [JavaFX Application Thread] DEBUG PrimaryStageWindow   - Pop state: LevelCompletionScene
23:38:26.071 [JavaFX Application Thread] DEBUG Input                - Clearing active input actions
23:38:26.071 [JavaFX Application Thread] DEBUG GameApplicationServi - Removing overlay from LevelCompletionScene and adding to GameScene
23:38:26.071 [JavaFX Application Thread] DEBUG PrimaryStageWindow   - GameScene <- LevelCompletionScene
23:38:26.215 [JavaFX Application Thread] WARN  GameWorld            - Attempted to remove entity which is not active
23:38:34.489 [JavaFX Application Thread] WARN  TMXLevelLoader       - TiledMap generated from 1.11.0. Supported version: 1.9.0. Some features may not be parsed fully.
23:38:34.490 [JavaFX Application Thread] DEBUG TMXLevelLoader       - Parsed TiledMap: file:/C:/Users/Balong/Desktop/JavaFXGame-3/target/classes/assets/levels/tmx/level3.tmx
23:38:34.490 [JavaFX Application Thread] DEBUG TMXLevelLoader       - Creating tile layer entities
23:38:34.490 [JavaFX Application Thread] DEBUG TilesetLoader        - Loading view for layer Tile Layer 1
23:38:34.490 [JavaFX Application Thread] DEBUG TilesetLoader        - Created buffer with size 1050.0x700.0
23:38:34.497 [JavaFX Application Thread] DEBUG TMXLevelLoader       - Creating object layer entities
23:38:34.499 [JavaFX Application Thread] DEBUG GameWorld            - Clearing removable entities
23:38:34.499 [JavaFX Application Thread] DEBUG GameWorld            - Setting level: com.almasb.fxgl.entity.level.Level@4c1b6810
23:38:35.511 [JavaFX Application Thread] WARN  TMXLevelLoader       - TiledMap generated from 1.11.0. Supported version: 1.9.0. Some features may not be parsed fully.
23:38:35.512 [JavaFX Application Thread] DEBUG TMXLevelLoader       - Parsed TiledMap: file:/C:/Users/Balong/Desktop/JavaFXGame-3/target/classes/assets/levels/tmx/level3.tmx
23:38:35.512 [JavaFX Application Thread] DEBUG TMXLevelLoader       - Creating tile layer entities
23:38:35.512 [JavaFX Application Thread] DEBUG TilesetLoader        - Loading view for layer Tile Layer 1
23:38:35.512 [JavaFX Application Thread] DEBUG TilesetLoader        - Created buffer with size 1050.0x700.0
23:38:35.518 [JavaFX Application Thread] DEBUG TMXLevelLoader       - Creating object layer entities
23:38:35.520 [JavaFX Application Thread] DEBUG GameWorld            - Clearing removable entities
23:38:35.520 [JavaFX Application Thread] DEBUG GameWorld            - Setting level: com.almasb.fxgl.entity.level.Level@316900e4
23:38:37.405 [JavaFX Application Thread] DEBUG FXGLApplication      - Exiting FXGL
23:38:37.405 [JavaFX Application Thread] DEBUG LoopRunner           - Stopping loop
23:38:37.405 [JavaFX Application Thread] DEBUG SystemBundleService  - Saving FXGL system data
23:38:37.407 [JavaFX Application Thread] DEBUG FileSystemAccess     - Writing to: C:\Users\Balong\Desktop\JavaFXGame-3\system\fxgl.bundle
23:38:37.409 [JavaFX Application Thread] DEBUG Async                - Shutting down background threads
23:38:37.409 [JavaFX Application Thread] DEBUG PrimaryStageWindow   - Closing main window
23:38:37.415 [JavaFX Application Thread] DEBUG Logger               - Closing Logger
