18:22:13.869 [main                     ] DEBUG Logger               - Configured Logger
18:22:13.891 [main                     ] DEBUG GameApplication      - Logging settings
Title: Untitled
Version: 0.0
Width: 1280
Height: 720
Fullscreen: false
Intro: false
Profiling: false
Single step:false
App Mode: DEVELOPER
Menu Key: ESCAPE
Stage Style: DECORATED
Scene Factory: class com.sunsofgod.PlatformerApp$1

18:22:14.263 [JavaFX Application Thread] DEBUG FXGLApplication      - Initializing FXGL
18:22:14.266 [JavaFX Application Thread] INFO  Engine               - FXGL-17.2 (20.08.2022 16.50) on MAC (J:17.0.2 FX:17.0.12)
18:22:14.266 [JavaFX Application Thread] DEBUG Engine               - JRE Vendor Name: Oracle Corporation
18:22:14.266 [JavaFX Application Thread] DEBUG Engine               - Running on OS: Mac OS X version 15.1
18:22:14.266 [JavaFX Application Thread] DEBUG Engine               - Architecture: aarch64
18:22:14.266 [JavaFX Application Thread] INFO  Engine               - Source code and latest versions at: https://github.com/AlmasB/FXGL
18:22:14.266 [JavaFX Application Thread] INFO  Engine               -       Ask questions and discuss at: https://github.com/AlmasB/FXGL/discussions
18:22:14.266 [JavaFX Application Thread] INFO  Engine               -              Join the FXGL chat at: https://gitter.im/AlmasB/FXGL
18:22:14.312 [JavaFX Application Thread] DEBUG PrimaryStageWindow   - Creating a JavaFX scene
18:22:14.332 [JavaFX Application Thread] DEBUG PrimaryStageWindow   - Target settings size: 1280.0 x 720.0
18:22:14.332 [JavaFX Application Thread] DEBUG PrimaryStageWindow   - Scaled scene size:    1280.0 x 720.0
18:22:14.333 [JavaFX Application Thread] DEBUG PrimaryStageWindow   - Scaled ratio: (1.0, 1.0)
18:22:14.333 [JavaFX Application Thread] DEBUG PrimaryStageWindow   - Set initial scene to FXGLStartupScene
18:22:14.336 [JavaFX Application Thread] DEBUG PrimaryStageWindow   - Opening main window
18:22:14.449 [JavaFX Application Thread] DEBUG PrimaryStageWindow   - Window border size: (0.0, 28.0)
18:22:14.450 [JavaFX Application Thread] DEBUG PrimaryStageWindow   - Scaled size: 1280.0 x 720.0
18:22:14.450 [JavaFX Application Thread] DEBUG PrimaryStageWindow   - Scaled ratio: (1.0, 1.0)
18:22:14.451 [JavaFX Application Thread] DEBUG PrimaryStageWindow   - Scene size: 1280.0 x 720.0
18:22:14.451 [JavaFX Application Thread] DEBUG PrimaryStageWindow   - Stage size: 1280.0 x 748.0
18:22:14.469 [FXGL Background Thread 1 ] DEBUG Engine               - Initializing environment variables
18:22:14.495 [FXGL Background Thread 1 ] DEBUG FXGLAssetLoaderServi - User app class for loading assets: class com.sunsofgod.PlatformerApp
18:22:14.495 [FXGL Background Thread 1 ] DEBUG GameApplicationServi - Applying CSS: fxgl_dark.css
18:22:14.495 [FXGL Background Thread 1 ] DEBUG FXGLAssetLoaderServi - Loading from file system: jar:file:///Users/aaron/.m2/repository/com/github/almasb/fxgl/17.2/fxgl-17.2.jar!/fxglassets/ui/css/fxgl_dark.css
18:22:14.525 [FXGL Background Thread 1 ] DEBUG GameApplicationServi - Initializing application scenes
18:22:14.697 [FXGL Background Thread 1 ] DEBUG FXGLAssetLoaderServi - Loading from file system: file:/Users/aaron/JavaFXGame/target/classes/assets/textures/player.png
18:22:14.709 [FXGL Background Thread 1 ] DEBUG GameWorld            - Game world initialized
18:22:14.736 [FXGL Background Thread 1 ] DEBUG PhysicsWorld         - Physics world initialized: appHeight=720, physics.ppm=50.0
18:22:14.736 [FXGL Background Thread 1 ] DEBUG PhysicsWorld         - Using strategy: BRUTE_FORCE
18:22:14.738 [FXGL Background Thread 1 ] DEBUG GameScene            - Game scene initialized: 1280x720
18:22:15.063 [FXGL Background Thread 1 ] DEBUG FXGL.DefaultMenu     - createMenuBodyGameMenu()
18:22:15.067 [FXGL Background Thread 1 ] DEBUG FXGL.DefaultMenu     - createOptionsMenu()
18:22:15.070 [FXGL Background Thread 1 ] DEBUG FXGLAssetLoaderServi - Loading from file system: jar:file:///Users/aaron/.m2/repository/com/github/almasb/fxgl/17.2/fxgl-17.2.jar!/fxglassets/textures/particles/smoke.png
18:22:15.103 [FXGL Background Thread 1 ] DEBUG FXGLAssetLoaderServi - Loading from file system: jar:file:///Users/aaron/.m2/repository/com/github/almasb/fxgl/17.2/fxgl-17.2.jar!/fxglassets/textures/particles/trace_horizontal.png
18:22:15.111 [FXGL Background Thread 1 ] DEBUG GameApplicationServi - Application scenes initialized
18:22:15.116 [FXGL Background Thread 1 ] DEBUG SystemBundleService  - Loading FXGL system data
18:22:15.119 [FXGL Background Thread 1 ] DEBUG FileSystemAccess     - Reading from: /Users/aaron/JavaFXGame/system/fxgl.bundle
18:22:15.122 [FXGL Background Thread 1 ] DEBUG SystemBundleService  - Bundle FXGL: {}
18:22:15.123 [FXGL Background Thread 1 ] DEBUG UpdaterService       - Checking for updates
18:22:15.132 [FXGL Background Thread 4 ] DEBUG FXGLApplication      - Loading fonts
18:22:15.132 [FXGL Background Thread 4 ] DEBUG FXGLAssetLoaderServi - Loading from file system: jar:file:///Users/aaron/.m2/repository/com/github/almasb/fxgl/17.2/fxgl-17.2.jar!/fxglassets/ui/fonts/VarelaRound-Regular.ttf
18:22:15.133 [FXGL Background Thread 1 ] DEBUG FXGLApplication      - Loading default localization
18:22:15.133 [FXGL Background Thread 1 ] DEBUG FXGLAssetLoaderServi - Loading from file system: jar:file:///Users/aaron/.m2/repository/com/github/almasb/fxgl/17.2/fxgl-17.2.jar!/fxglassets/languages/english.lang
18:22:15.141 [FXGL Background Thread 1 ] INFO  FXGLApplication      - FXGL initialization took: 0.672 sec
18:22:15.142 [JavaFX Application Thread] DEBUG FXGLAssetLoaderServi - Loading from file system: jar:file:///Users/aaron/.m2/repository/com/github/almasb/fxgl/17.2/fxgl-17.2.jar!/fxglassets/textures/fxgl_icon.png
18:22:15.142 [FXGL Background Thread 4 ] DEBUG FXGLAssetLoaderServi - Loading from file system: jar:file:///Users/aaron/.m2/repository/com/github/almasb/fxgl/17.2/fxgl-17.2.jar!/fxglassets/ui/fonts/Abel-Regular.ttf
18:22:15.143 [FXGL Background Thread 4 ] DEBUG FXGLAssetLoaderServi - Loading from file system: jar:file:///Users/aaron/.m2/repository/com/github/almasb/fxgl/17.2/fxgl-17.2.jar!/fxglassets/ui/fonts/TerminalLandMono-Regular.otf
18:22:15.146 [FXGL Background Thread 4 ] DEBUG FXGLAssetLoaderServi - Loading from file system: jar:file:///Users/aaron/.m2/repository/com/github/almasb/fxgl/17.2/fxgl-17.2.jar!/fxglassets/ui/fonts/Courier-Prime.ttf
18:22:15.152 [JavaFX Application Thread] DEBUG FXGLAssetLoaderServi - Loading from file system: jar:file:///Users/aaron/.m2/repository/com/github/almasb/fxgl/17.2/fxgl-17.2.jar!/fxglassets/textures/fxgl_default_cursor.png
18:22:15.156 [JavaFX Application Thread] DEBUG Input                - Registered new binding: Screenshot - CTRL+8
18:22:15.157 [JavaFX Application Thread] DEBUG Input                - Registered new binding: Dev Options - 1
18:22:15.157 [JavaFX Application Thread] DEBUG Input                - Registered new binding: Dev Console - 2
18:22:15.157 [JavaFX Application Thread] DEBUG Input                - Registered new binding: System info dump - CTRL+9
18:22:15.157 [JavaFX Application Thread] DEBUG Input                - Registered new binding: Restart - CTRL+R
18:22:15.157 [JavaFX Application Thread] DEBUG Input                - Registered new binding: Toggle Debug Camera - CTRL+7
18:22:15.158 [JavaFX Application Thread] DEBUG LoopRunner           - Starting loop
18:22:15.163 [JavaFX Application Thread] DEBUG LoopRunner           - Initializing JavaFX AnimationTimerLoop
18:22:15.164 [JavaFX Application Thread] DEBUG Input                - Clearing active input actions
18:22:15.167 [JavaFX Application Thread] DEBUG GameApplicationServi - Removing overlay from FXGLStartupScene and adding to FXGLMainMenuDummyScene
18:22:15.169 [JavaFX Application Thread] DEBUG PrimaryStageWindow   - FXGLStartupScene -> FXGLMainMenuDummyScene
18:22:15.169 [JavaFX Application Thread] DEBUG PrimaryStageWindow   - Push state: RiderMainMenuScene
18:22:15.169 [JavaFX Application Thread] DEBUG Input                - Clearing active input actions
18:22:15.171 [JavaFX Application Thread] DEBUG GameApplicationServi - Removing overlay from FXGLMainMenuDummyScene and adding to RiderMainMenuScene
18:22:15.172 [JavaFX Application Thread] DEBUG PrimaryStageWindow   - FXGLMainMenuDummyScene -> RiderMainMenuScene
18:22:15.189 [JavaFX Application Thread] DEBUG FXGLApplication      - Registering font factories with UI factory
18:22:15.774 [FXGL Background Thread 2 ] INFO  UpdaterService       - Your current version:  17.2
18:22:15.774 [FXGL Background Thread 2 ] INFO  UpdaterService       - Latest stable version: 21.1
18:22:15.957 [JavaFX Application Thread] DEBUG PrimaryStageWindow   - Push state: PlayerSelectScene
18:22:15.957 [JavaFX Application Thread] DEBUG Input                - Clearing active input actions
18:22:15.958 [JavaFX Application Thread] DEBUG GameApplicationServi - Removing overlay from RiderMainMenuScene and adding to PlayerSelectScene
18:22:15.959 [JavaFX Application Thread] DEBUG PrimaryStageWindow   - RiderMainMenuScene -> PlayerSelectScene
18:22:16.683 [JavaFX Application Thread] DEBUG PrimaryStageWindow   - Pop state: PlayerSelectScene
18:22:16.683 [JavaFX Application Thread] DEBUG Input                - Clearing active input actions
18:22:16.683 [JavaFX Application Thread] DEBUG GameApplicationServi - Removing overlay from PlayerSelectScene and adding to RiderMainMenuScene
18:22:16.684 [JavaFX Application Thread] DEBUG PrimaryStageWindow   - RiderMainMenuScene <- PlayerSelectScene
18:22:16.778 [JavaFX Application Thread] DEBUG PrimaryStageWindow   - Push state: WorldSelectScene
18:22:16.778 [JavaFX Application Thread] DEBUG Input                - Clearing active input actions
18:22:16.778 [JavaFX Application Thread] DEBUG GameApplicationServi - Removing overlay from RiderMainMenuScene and adding to WorldSelectScene
18:22:16.779 [JavaFX Application Thread] DEBUG PrimaryStageWindow   - RiderMainMenuScene -> WorldSelectScene
18:22:17.665 [JavaFX Application Thread] DEBUG PrimaryStageWindow   - Pop state: WorldSelectScene
18:22:17.665 [JavaFX Application Thread] DEBUG Input                - Clearing active input actions
18:22:17.666 [JavaFX Application Thread] DEBUG GameApplicationServi - Removing overlay from WorldSelectScene and adding to RiderMainMenuScene
18:22:17.667 [JavaFX Application Thread] DEBUG PrimaryStageWindow   - RiderMainMenuScene <- WorldSelectScene
18:22:17.745 [JavaFX Application Thread] DEBUG PrimaryStageWindow   - Push state: LevelSelectScene
18:22:17.745 [JavaFX Application Thread] DEBUG Input                - Clearing active input actions
18:22:17.745 [JavaFX Application Thread] DEBUG GameApplicationServi - Removing overlay from RiderMainMenuScene and adding to LevelSelectScene
18:22:17.745 [JavaFX Application Thread] DEBUG PrimaryStageWindow   - RiderMainMenuScene -> LevelSelectScene
18:22:18.137 [FXGL Background Thread 3 ] DEBUG Engine               - Logging environment variables
18:22:18.138 [FXGL Background Thread 3 ] DEBUG Engine               - achievements: []
18:22:18.138 [FXGL Background Thread 3 ] DEBUG Engine               - actualHeight: 720.0
18:22:18.138 [FXGL Background Thread 3 ] DEBUG Engine               - actualHeightProperty: ReadOnlyDoubleProperty [value: 720.0]
18:22:18.138 [FXGL Background Thread 3 ] DEBUG Engine               - actualWidth: 1280.0
18:22:18.138 [FXGL Background Thread 3 ] DEBUG Engine               - actualWidthProperty: ReadOnlyDoubleProperty [value: 1280.0]
18:22:18.139 [FXGL Background Thread 3 ] DEBUG Engine               - appIcon: fxgl_icon.png
18:22:18.139 [FXGL Background Thread 3 ] DEBUG Engine               - applicationMode: DEVELOPER
18:22:18.139 [FXGL Background Thread 3 ] DEBUG Engine               - cSSList: [fxgl_dark.css]
18:22:18.139 [FXGL Background Thread 3 ] DEBUG Engine               - collisionDetectionStrategy: BRUTE_FORCE
18:22:18.139 [FXGL Background Thread 3 ] DEBUG Engine               - configClass: Optional.empty
18:22:18.140 [FXGL Background Thread 3 ] DEBUG Engine               - credits: []
18:22:18.140 [FXGL Background Thread 3 ] DEBUG Engine               - defaultCursor: CursorInfo(imageName=fxgl_default_cursor.png, hotspotX=7.0, hotspotY=6.0)
18:22:18.140 [FXGL Background Thread 3 ] DEBUG Engine               - devBBoxColorProperty: ObjectProperty [value: 0xff0000ff]
18:22:18.140 [FXGL Background Thread 3 ] DEBUG Engine               - devEnableDebugCameraProperty: BooleanProperty [value: false]
18:22:18.141 [FXGL Background Thread 3 ] DEBUG Engine               - devSensorColorProperty: ObjectProperty [value: 0xffff00ff]
18:22:18.141 [FXGL Background Thread 3 ] DEBUG Engine               - devShowBBoxProperty: BooleanProperty [value: false]
18:22:18.141 [FXGL Background Thread 3 ] DEBUG Engine               - devShowPositionProperty: BooleanProperty [value: false]
18:22:18.141 [FXGL Background Thread 3 ] DEBUG Engine               - enabledMenuItems: []
18:22:18.141 [FXGL Background Thread 3 ] DEBUG Engine               - engineServices: [class com.almasb.fxgl.app.services.FXGLAssetLoaderService, class com.almasb.fxgl.app.FXGLApplication$GameApplicationService, class com.almasb.fxgl.app.services.FXGLDialogService, class com.almasb.fxgl.app.services.IOTaskExecutorService, class com.almasb.fxgl.io.FileSystemService, class com.almasb.fxgl.localization.LocalizationService, class com.almasb.fxgl.app.services.SystemBundleService, class com.almasb.fxgl.profile.SaveLoadService, class com.almasb.fxgl.ui.FXGLUIFactoryServiceProvider, class com.almasb.fxgl.ui.FXGLDialogFactoryServiceProvider, class com.almasb.fxgl.audio.AudioPlayer, class com.almasb.fxgl.notification.impl.NotificationServiceProvider, class com.almasb.fxgl.achievement.AchievementService, class com.almasb.fxgl.cutscene.CutsceneService, class com.almasb.fxgl.minigames.MiniGameService, class com.almasb.fxgl.net.NetService, class com.almasb.fxgl.app.services.UpdaterService, class com.almasb.fxgl.dev.DevService]
18:22:18.141 [FXGL Background Thread 3 ] DEBUG Engine               - fontGame: Abel-Regular.ttf
18:22:18.141 [FXGL Background Thread 3 ] DEBUG Engine               - fontMono: TerminalLandMono-Regular.otf
18:22:18.142 [FXGL Background Thread 3 ] DEBUG Engine               - fontText: Courier-Prime.ttf
18:22:18.142 [FXGL Background Thread 3 ] DEBUG Engine               - fontUI: VarelaRound-Regular.ttf
18:22:18.142 [FXGL Background Thread 3 ] DEBUG Engine               - fullScreen: BooleanProperty [value: false]
18:22:18.142 [FXGL Background Thread 3 ] DEBUG Engine               - gameDifficulty: MEDIUM
18:22:18.142 [FXGL Background Thread 3 ] DEBUG Engine               - gameDifficultyProperty: ObjectProperty [value: MEDIUM]
18:22:18.142 [FXGL Background Thread 3 ] DEBUG Engine               - globalMusicVolume: 0.5
18:22:18.142 [FXGL Background Thread 3 ] DEBUG Engine               - globalMusicVolumeProperty: DoubleProperty [value: 0.25]
18:22:18.142 [FXGL Background Thread 3 ] DEBUG Engine               - globalSoundVolume: 0.5
18:22:18.142 [FXGL Background Thread 3 ] DEBUG Engine               - globalSoundVolumeProperty: DoubleProperty [value: 0.5]
18:22:18.143 [FXGL Background Thread 3 ] DEBUG Engine               - height: 720
18:22:18.143 [FXGL Background Thread 3 ] DEBUG Engine               - is3D: false
18:22:18.143 [FXGL Background Thread 3 ] DEBUG Engine               - isAndroid: false
18:22:18.143 [FXGL Background Thread 3 ] DEBUG Engine               - isBrowser: false
18:22:18.143 [FXGL Background Thread 3 ] DEBUG Engine               - isClickFeedbackEnabled: false
18:22:18.143 [FXGL Background Thread 3 ] DEBUG Engine               - isCloseConfirmation: false
18:22:18.143 [FXGL Background Thread 3 ] DEBUG Engine               - isDesktop: true
18:22:18.143 [FXGL Background Thread 3 ] DEBUG Engine               - isDeveloperMenuEnabled: true
18:22:18.143 [FXGL Background Thread 3 ] DEBUG Engine               - isEmbedded: false
18:22:18.144 [FXGL Background Thread 3 ] DEBUG Engine               - isEntityPreloadEnabled: true
18:22:18.144 [FXGL Background Thread 3 ] DEBUG Engine               - isExperimentalTiledLargeMap: false
18:22:18.144 [FXGL Background Thread 3 ] DEBUG Engine               - isFileSystemWriteAllowed: true
18:22:18.144 [FXGL Background Thread 3 ] DEBUG Engine               - isFullScreenAllowed: false
18:22:18.144 [FXGL Background Thread 3 ] DEBUG Engine               - isFullScreenFromStart: false
18:22:18.144 [FXGL Background Thread 3 ] DEBUG Engine               - isGameMenuEnabled: true
18:22:18.144 [FXGL Background Thread 3 ] DEBUG Engine               - isIOS: false
18:22:18.144 [FXGL Background Thread 3 ] DEBUG Engine               - isIntroEnabled: false
18:22:18.144 [FXGL Background Thread 3 ] DEBUG Engine               - isLinux: false
18:22:18.145 [FXGL Background Thread 3 ] DEBUG Engine               - isMac: true
18:22:18.145 [FXGL Background Thread 3 ] DEBUG Engine               - isMainMenuEnabled: true
18:22:18.145 [FXGL Background Thread 3 ] DEBUG Engine               - isManualResizeEnabled: false
18:22:18.145 [FXGL Background Thread 3 ] DEBUG Engine               - isMobile: false
18:22:18.145 [FXGL Background Thread 3 ] DEBUG Engine               - isNative: false
18:22:18.145 [FXGL Background Thread 3 ] DEBUG Engine               - isPauseMusicWhenMinimized: true
18:22:18.145 [FXGL Background Thread 3 ] DEBUG Engine               - isPreserveResizeRatio: false
18:22:18.145 [FXGL Background Thread 3 ] DEBUG Engine               - isProfilingEnabled: false
18:22:18.146 [FXGL Background Thread 3 ] DEBUG Engine               - isScaleAffectedOnResize: true
18:22:18.146 [FXGL Background Thread 3 ] DEBUG Engine               - isSingleStep: false
18:22:18.146 [FXGL Background Thread 3 ] DEBUG Engine               - isUserProfileEnabled: false
18:22:18.146 [FXGL Background Thread 3 ] DEBUG Engine               - isWindows: false
18:22:18.146 [FXGL Background Thread 3 ] DEBUG Engine               - language: ObjectProperty [value: ENGLISH]
18:22:18.146 [FXGL Background Thread 3 ] DEBUG Engine               - menuKey: ESCAPE
18:22:18.146 [FXGL Background Thread 3 ] DEBUG Engine               - mouseSensitivity: 0.2
18:22:18.146 [FXGL Background Thread 3 ] DEBUG Engine               - notificationViewClass: class com.almasb.fxgl.notification.view.XboxNotificationView
18:22:18.147 [FXGL Background Thread 3 ] DEBUG Engine               - pixelsPerMeter: 50.0
18:22:18.147 [FXGL Background Thread 3 ] DEBUG Engine               - platform: MAC
18:22:18.147 [FXGL Background Thread 3 ] DEBUG Engine               - prefHeightProperty: ReadOnlyDoubleProperty [value: 720.0]
18:22:18.147 [FXGL Background Thread 3 ] DEBUG Engine               - prefWidthProperty: ReadOnlyDoubleProperty [value: 1280.0]
18:22:18.147 [FXGL Background Thread 3 ] DEBUG Engine               - profileDir: profiles/
18:22:18.147 [FXGL Background Thread 3 ] DEBUG Engine               - profileName: StringProperty [value: DEFAULT]
18:22:18.147 [FXGL Background Thread 3 ] DEBUG Engine               - randomSeed: -1
18:22:18.148 [FXGL Background Thread 3 ] DEBUG Engine               - runtimeInfo: RuntimeInfo(platform=MAC, version=17.2, build=20.08.2022 16.50)
18:22:18.148 [FXGL Background Thread 3 ] DEBUG Engine               - saveFileExt: sav
18:22:18.148 [FXGL Background Thread 3 ] DEBUG Engine               - scaledHeightProp$fxgl: DoubleProperty [bound, value: 720.0]
18:22:18.148 [FXGL Background Thread 3 ] DEBUG Engine               - scaledWidthProp$fxgl: DoubleProperty [bound, value: 1280.0]
18:22:18.148 [FXGL Background Thread 3 ] DEBUG Engine               - sceneFactory: com.sunsofgod.PlatformerApp$1@65b2558e
18:22:18.148 [FXGL Background Thread 3 ] DEBUG Engine               - secondsIn24h: 60
18:22:18.148 [FXGL Background Thread 3 ] DEBUG Engine               - soundMenuBack: menu/back.wav
18:22:18.149 [FXGL Background Thread 3 ] DEBUG Engine               - soundMenuPress: menu/press.wav
18:22:18.149 [FXGL Background Thread 3 ] DEBUG Engine               - soundMenuSelect: menu/select.wav
18:22:18.149 [FXGL Background Thread 3 ] DEBUG Engine               - soundNotification: core/notification.wav
18:22:18.149 [FXGL Background Thread 3 ] DEBUG Engine               - stageStyle: DECORATED
18:22:18.149 [FXGL Background Thread 3 ] DEBUG Engine               - supportedLanguages: [ENGLISH, FRENCH, GERMAN, HUNGARIAN, RUSSIAN]
18:22:18.149 [FXGL Background Thread 3 ] DEBUG Engine               - ticksPerSecond: -1
18:22:18.149 [FXGL Background Thread 3 ] DEBUG Engine               - title: Untitled
18:22:18.149 [FXGL Background Thread 3 ] DEBUG Engine               - urlGithub: https://github.com/AlmasB/FXGL
18:22:18.149 [FXGL Background Thread 3 ] DEBUG Engine               - urlLeaderboard: http://fxgl-top.herokuapp.com/
18:22:18.149 [FXGL Background Thread 3 ] DEBUG Engine               - urlPOM: https://raw.githubusercontent.com/AlmasB/FXGL/release/README.md
18:22:18.149 [FXGL Background Thread 3 ] DEBUG Engine               - userAppClass: class com.sunsofgod.PlatformerApp
18:22:18.150 [FXGL Background Thread 3 ] DEBUG Engine               - version: 0.0
18:22:18.150 [FXGL Background Thread 3 ] DEBUG Engine               - versionCheckDays: 7
18:22:18.150 [FXGL Background Thread 3 ] DEBUG Engine               - width: 1280
18:22:18.150 [FXGL Background Thread 3 ] DEBUG Engine               - Logging services
18:22:18.150 [FXGL Background Thread 3 ] DEBUG Engine               - class com.almasb.fxgl.app.services.FXGLAssetLoaderService
18:22:18.150 [FXGL Background Thread 3 ] DEBUG Engine               - class com.almasb.fxgl.app.FXGLApplication$GameApplicationService
18:22:18.150 [FXGL Background Thread 3 ] DEBUG Engine               - class com.almasb.fxgl.app.services.FXGLDialogService
18:22:18.150 [FXGL Background Thread 3 ] DEBUG Engine               - class com.almasb.fxgl.app.services.IOTaskExecutorService
18:22:18.150 [FXGL Background Thread 3 ] DEBUG Engine               - class com.almasb.fxgl.io.FileSystemService
18:22:18.150 [FXGL Background Thread 3 ] DEBUG Engine               - class com.almasb.fxgl.localization.LocalizationService
18:22:18.150 [FXGL Background Thread 3 ] DEBUG Engine               - class com.almasb.fxgl.app.services.SystemBundleService
18:22:18.150 [FXGL Background Thread 3 ] DEBUG Engine               - class com.almasb.fxgl.profile.SaveLoadService
18:22:18.150 [FXGL Background Thread 3 ] DEBUG Engine               - class com.almasb.fxgl.ui.FXGLUIFactoryServiceProvider
18:22:18.151 [FXGL Background Thread 3 ] DEBUG Engine               - class com.almasb.fxgl.ui.FXGLDialogFactoryServiceProvider
18:22:18.151 [FXGL Background Thread 3 ] DEBUG Engine               - class com.almasb.fxgl.audio.AudioPlayer
18:22:18.151 [FXGL Background Thread 3 ] DEBUG Engine               - class com.almasb.fxgl.notification.impl.NotificationServiceProvider
18:22:18.151 [FXGL Background Thread 3 ] DEBUG Engine               - class com.almasb.fxgl.achievement.AchievementService
18:22:18.151 [FXGL Background Thread 3 ] DEBUG Engine               - class com.almasb.fxgl.cutscene.CutsceneService
18:22:18.151 [FXGL Background Thread 3 ] DEBUG Engine               - class com.almasb.fxgl.minigames.MiniGameService
18:22:18.151 [FXGL Background Thread 3 ] DEBUG Engine               - class com.almasb.fxgl.net.NetService
18:22:18.151 [FXGL Background Thread 3 ] DEBUG Engine               - class com.almasb.fxgl.app.services.UpdaterService
18:22:18.151 [FXGL Background Thread 3 ] DEBUG Engine               - class com.almasb.fxgl.dev.DevService
18:22:18.249 [JavaFX Application Thread] DEBUG Menu                 - fireNewGame()
18:22:18.249 [JavaFX Application Thread] DEBUG GameApplicationServi - Starting new game
18:22:18.249 [JavaFX Application Thread] DEBUG PrimaryStageWindow   - Pop state: LevelSelectScene
18:22:18.249 [JavaFX Application Thread] DEBUG Input                - Clearing active input actions
18:22:18.249 [JavaFX Application Thread] DEBUG GameApplicationServi - Removing overlay from LevelSelectScene and adding to RiderMainMenuScene
18:22:18.250 [JavaFX Application Thread] DEBUG PrimaryStageWindow   - RiderMainMenuScene <- LevelSelectScene
18:22:18.250 [JavaFX Application Thread] DEBUG PrimaryStageWindow   - Pop state: RiderMainMenuScene
18:22:18.250 [JavaFX Application Thread] DEBUG Input                - Clearing active input actions
18:22:18.251 [JavaFX Application Thread] DEBUG GameApplicationServi - Removing overlay from RiderMainMenuScene and adding to FXGLMainMenuDummyScene
18:22:18.251 [JavaFX Application Thread] DEBUG PrimaryStageWindow   - FXGLMainMenuDummyScene <- RiderMainMenuScene
18:22:18.251 [JavaFX Application Thread] DEBUG Input                - Clearing active input actions
18:22:18.255 [JavaFX Application Thread] DEBUG GameApplicationServi - Removing overlay from FXGLMainMenuDummyScene and adding to MainLoadingScene
18:22:18.259 [JavaFX Application Thread] DEBUG PrimaryStageWindow   - FXGLMainMenuDummyScene -> MainLoadingScene
18:22:18.259 [JavaFX Application Thread] DEBUG GameApplicationServi - Clearing previous game
18:22:18.259 [JavaFX Application Thread] DEBUG GameScene            - Clearing game scene
18:22:18.259 [JavaFX Application Thread] DEBUG GameWorld            - Clearing game world
18:22:18.259 [JavaFX Application Thread] DEBUG PhysicsWorld         - Clearing physics world
18:22:18.260 [FXGL Background Thread 2 ] DEBUG FXGLApplication      - Initializing game
18:22:18.284 [FXGL Background Thread 2 ] WARN  TMXLevelLoader       - TiledMap generated from 1.11.0. Supported version: 1.9.0. Some features may not be parsed fully.
18:22:18.287 [FXGL Background Thread 2 ] DEBUG TMXLevelLoader       - Parsed TiledMap: file:/Users/aaron/JavaFXGame/target/classes/assets/levels/tmx/level1.tmx
18:22:18.288 [FXGL Background Thread 2 ] DEBUG TMXLevelLoader       - Creating tile layer entities
18:22:18.290 [FXGL Background Thread 2 ] DEBUG TilesetLoader        - Loading view for layer Tile Layer 1
18:22:18.292 [FXGL Background Thread 2 ] DEBUG TilesetLoader        - Created buffer with size 1050.0x700.0
18:22:18.300 [FXGL Background Thread 2 ] DEBUG TMXLevelLoader       - Creating object layer entities
18:22:18.312 [FXGL Background Thread 2 ] DEBUG GameWorld            - Clearing removable entities
18:22:18.312 [FXGL Background Thread 2 ] DEBUG GameWorld            - Setting level: com.almasb.fxgl.entity.level.Level@5c4317d7
18:22:18.334 [FXGL Background Thread 2 ] DEBUG Input                - Registered new binding: Jump0 - W
18:22:18.335 [FXGL Background Thread 2 ] DEBUG Input                - Registered new binding: Left0 - A
18:22:18.335 [FXGL Background Thread 2 ] DEBUG Input                - Registered new binding: Right0 - D
18:22:18.335 [FXGL Background Thread 2 ] DEBUG Input                - Registered new binding: Use0 - E
18:22:18.335 [FXGL Background Thread 2 ] DEBUG Input                - Registered new binding: Jump1 - Up
18:22:18.335 [FXGL Background Thread 2 ] DEBUG Input                - Registered new binding: Left1 - Left
18:22:18.335 [FXGL Background Thread 2 ] DEBUG Input                - Registered new binding: Right1 - Right
18:22:18.335 [FXGL Background Thread 2 ] DEBUG Input                - Registered new binding: Use1 - Slash
18:22:18.335 [FXGL Background Thread 2 ] DEBUG FXGLAssetLoaderServi - Loading from file system: file:/Users/aaron/JavaFXGame/target/classes/assets/textures/background/manila.png
18:22:18.344 [FXGL Background Thread 2 ] INFO  FXGLApplication      - Game initialization took: 0.084 sec
18:22:18.344 [JavaFX Application Thread] DEBUG Input                - Clearing active input actions
18:22:18.346 [JavaFX Application Thread] DEBUG GameApplicationServi - Removing overlay from MainLoadingScene and adding to GameScene
18:22:18.347 [JavaFX Application Thread] DEBUG PrimaryStageWindow   - MainLoadingScene -> GameScene
18:22:21.539 [JavaFX Application Thread] DEBUG LoopRunner           - Stopping loop
18:22:21.540 [JavaFX Application Thread] FATAL FXGLApplication      - Uncaught Exception:
java.util.ConcurrentModificationException
	at java.base/java.util.HashMap$HashIterator.nextNode(HashMap.java:1597)
	at java.base/java.util.HashMap$ValueIterator.next(HashMap.java:1625)
	at com.almasb.fxgl.entity@17.2/com.almasb.fxgl.physics.PhysicsWorld.notifyCollisions(PhysicsWorld.java:473)
	at com.almasb.fxgl.entity@17.2/com.almasb.fxgl.physics.PhysicsWorld.onUpdate(PhysicsWorld.java:180)
	at com.almasb.fxgl.all@17.2/com.almasb.fxgl.app.scene.GameScene.step(GameScene.kt:229)
	at com.almasb.fxgl.all@17.2/com.almasb.fxgl.app.scene.GameScene.onUpdate(GameScene.kt:224)
	at com.almasb.fxgl.scene@17.2/com.almasb.fxgl.scene.Scene.update(Scene.kt:105)
	at com.almasb.fxgl.all@17.2/com.almasb.fxgl.app.MainWindow$update$1.invoke(MainWindow.kt:115)
	at com.almasb.fxgl.all@17.2/com.almasb.fxgl.app.MainWindow$update$1.invoke(MainWindow.kt:115)
	at com.almasb.fxgl.core@17.2/com.almasb.fxgl.core.fsm.StateMachine.runOnActiveStates(StateMachine.kt:69)
	at com.almasb.fxgl.all@17.2/com.almasb.fxgl.app.MainWindow.update(MainWindow.kt:115)
	at com.almasb.fxgl.all@17.2/com.almasb.fxgl.app.FXGLApplication$GameApplicationService.onUpdate(FXGLApplication.kt:426)
	at com.almasb.fxgl.all@17.2/com.almasb.fxgl.app.Engine.loop(Engine.kt:134)
	at com.almasb.fxgl.all@17.2/com.almasb.fxgl.app.Engine.access$loop(Engine.kt:24)
	at com.almasb.fxgl.all@17.2/com.almasb.fxgl.app.Engine$loop$1.invoke(Engine.kt:28)
	at com.almasb.fxgl.all@17.2/com.almasb.fxgl.app.Engine$loop$1.invoke(Engine.kt:28)
	at com.almasb.fxgl.all@17.2/com.almasb.fxgl.app.LoopRunner.frame(LoopRunner.kt:103)
	at com.almasb.fxgl.all@17.2/com.almasb.fxgl.app.LoopRunner.access$frame(LoopRunner.kt:23)
	at com.almasb.fxgl.all@17.2/com.almasb.fxgl.app.LoopRunner$impl$2$1.onTick(LoopRunner.kt:57)
	at com.almasb.fxgl.all@17.2/com.almasb.fxgl.app.AnimationTimerLoop$timer$1.handle(LoopRunner.kt:137)
	at javafx.graphics/javafx.animation.AnimationTimer$AnimationTimerReceiver.lambda$handle$0(AnimationTimer.java:58)
	at java.base/java.security.AccessController.doPrivileged(AccessController.java:399)
	at javafx.graphics/javafx.animation.AnimationTimer$AnimationTimerReceiver.handle(AnimationTimer.java:57)
	at javafx.graphics/com.sun.scenario.animation.AbstractPrimaryTimer.timePulseImpl(AbstractPrimaryTimer.java:356)
	at javafx.graphics/com.sun.scenario.animation.AbstractPrimaryTimer$MainLoop.run(AbstractPrimaryTimer.java:266)
	at javafx.graphics/com.sun.javafx.tk.quantum.QuantumToolkit.pulse(QuantumToolkit.java:570)
	at javafx.graphics/com.sun.javafx.tk.quantum.QuantumToolkit.pulse(QuantumToolkit.java:554)
	at javafx.graphics/com.sun.javafx.tk.quantum.QuantumToolkit.pulseFromQueue(QuantumToolkit.java:547)
	at javafx.graphics/com.sun.javafx.tk.quantum.QuantumToolkit.lambda$runToolkit$11(QuantumToolkit.java:352)
	at javafx.graphics/com.sun.glass.ui.InvokeLaterDispatcher$Future.run(InvokeLaterDispatcher.java:96)

18:22:21.540 [JavaFX Application Thread] FATAL FXGLApplication      - Application will now exit
18:22:21.545 [JavaFX Application Thread] DEBUG PrimaryStageWindow   - Push state: ErrorSubScene
18:22:21.546 [JavaFX Application Thread] DEBUG Input                - Clearing active input actions
18:22:21.548 [JavaFX Application Thread] DEBUG GameApplicationServi - Removing overlay from GameScene and adding to ErrorSubScene
18:22:21.549 [JavaFX Application Thread] DEBUG PrimaryStageWindow   - GameScene -> ErrorSubScene
18:22:25.466 [JavaFX Application Thread] DEBUG FXGLApplication      - Exiting FXGL
18:22:25.467 [JavaFX Application Thread] DEBUG Async                - Shutting down background threads
18:22:25.467 [JavaFX Application Thread] DEBUG PrimaryStageWindow   - Closing main window
18:22:25.487 [JavaFX Application Thread] DEBUG Logger               - Closing Logger
