13:56:42.516 [main                     ] DEBUG Logger               - Configured Logger
13:56:42.532 [main                     ] DEBUG GameApplication      - Logging settings
Title: Untitled
Version: 0.0
Width: 1280
Height: 720
Fullscreen: false
Intro: false
Profiling: false
Single step:false
App Mode: DEVELOPER
Menu Key: ESCAPE
Stage Style: DECORATED
Scene Factory: class com.sunsofgod.PlatformerApp$1

13:56:42.800 [JavaFX Application Thread] DEBUG FXGLApplication      - Initializing FXGL
13:56:42.803 [JavaFX Application Thread] INFO  Engine               - FXGL-17.2 (20.08.2022 16.50) on WINDOWS (J:21.0.4 FX:17.0.12)
13:56:42.804 [JavaFX Application Thread] DEBUG Engine               - JRE Vendor Name: Eclipse Adoptium
13:56:42.804 [JavaFX Application Thread] DEBUG Engine               - Running on OS: Windows 11 version 10.0
13:56:42.804 [JavaFX Application Thread] DEBUG Engine               - Architecture: amd64
13:56:42.804 [JavaFX Application Thread] INFO  Engine               - Source code and latest versions at: https://github.com/AlmasB/FXGL
13:56:42.804 [JavaFX Application Thread] INFO  Engine               -       Ask questions and discuss at: https://github.com/AlmasB/FXGL/discussions
13:56:42.805 [JavaFX Application Thread] INFO  Engine               -              Join the FXGL chat at: https://gitter.im/AlmasB/FXGL
13:56:42.866 [JavaFX Application Thread] DEBUG PrimaryStageWindow   - Creating a JavaFX scene
13:56:42.892 [JavaFX Application Thread] DEBUG PrimaryStageWindow   - Target settings size: 1280.0 x 720.0
13:56:42.892 [JavaFX Application Thread] DEBUG PrimaryStageWindow   - Scaled scene size:    1280.0 x 720.0
13:56:42.892 [JavaFX Application Thread] DEBUG PrimaryStageWindow   - Scaled ratio: (1.0, 1.0)
13:56:42.893 [JavaFX Application Thread] DEBUG PrimaryStageWindow   - Set initial scene to FXGLStartupScene
13:56:42.897 [JavaFX Application Thread] DEBUG PrimaryStageWindow   - Opening main window
13:56:42.952 [JavaFX Application Thread] DEBUG PrimaryStageWindow   - Window border size: (16.0, 39.0)
13:56:42.952 [JavaFX Application Thread] DEBUG PrimaryStageWindow   - Scaled size: 1280.0 x 720.0
13:56:42.952 [JavaFX Application Thread] DEBUG PrimaryStageWindow   - Scaled ratio: (1.0, 1.0)
13:56:42.953 [JavaFX Application Thread] DEBUG PrimaryStageWindow   - Scene size: 1280.0 x 720.0
13:56:42.953 [JavaFX Application Thread] DEBUG PrimaryStageWindow   - Stage size: 1296.0 x 759.0
13:56:42.959 [FXGL Background Thread 1 ] DEBUG Engine               - Initializing environment variables
13:56:42.989 [FXGL Background Thread 1 ] DEBUG FXGLAssetLoaderServi - User app class for loading assets: class com.sunsofgod.PlatformerApp
13:56:42.989 [FXGL Background Thread 1 ] DEBUG GameApplicationServi - Applying CSS: fxgl_dark.css
13:56:42.990 [FXGL Background Thread 1 ] DEBUG FXGLAssetLoaderServi - Loading from file system: jar:file:///C:/Users/Balong/.m2/repository/com/github/almasb/fxgl/17.2/fxgl-17.2.jar!/fxglassets/ui/css/fxgl_dark.css
13:56:43.017 [FXGL Background Thread 1 ] DEBUG GameApplicationServi - Initializing application scenes
13:56:43.051 [FXGL Background Thread 1 ] WARN  FXGLAssetLoaderServi - Asset "/assets/textures/player.png" was not found!
13:56:43.052 [FXGL Background Thread 1 ] WARN  FXGLAssetLoaderServi - Failed to load IMAGE
13:56:43.068 [FXGL Background Thread 1 ] DEBUG GameWorld            - Game world initialized
13:56:43.100 [FXGL Background Thread 1 ] DEBUG PhysicsWorld         - Physics world initialized: appHeight=720, physics.ppm=50.0
13:56:43.100 [FXGL Background Thread 1 ] DEBUG PhysicsWorld         - Using strategy: BRUTE_FORCE
13:56:43.102 [FXGL Background Thread 1 ] DEBUG GameScene            - Game scene initialized: 1280x720
13:56:43.294 [FXGL Background Thread 1 ] DEBUG GameApplicationServi - Application scenes initialized
13:56:43.303 [FXGL Background Thread 1 ] DEBUG SystemBundleService  - Loading FXGL system data
13:56:43.305 [FXGL Background Thread 1 ] DEBUG FileSystemAccess     - Reading from: C:\Users\Balong\Desktop\JavaFXGame\system\fxgl.bundle
13:56:43.311 [FXGL Background Thread 1 ] DEBUG SystemBundleService  - Bundle FXGL: {}
13:56:43.311 [FXGL Background Thread 1 ] DEBUG UpdaterService       - Checking for updates
13:56:43.327 [FXGL Background Thread 4 ] DEBUG FXGLApplication      - Loading fonts
13:56:43.327 [FXGL Background Thread 1 ] DEBUG FXGLApplication      - Loading default localization
13:56:43.327 [FXGL Background Thread 4 ] DEBUG FXGLAssetLoaderServi - Loading from file system: jar:file:///C:/Users/Balong/.m2/repository/com/github/almasb/fxgl/17.2/fxgl-17.2.jar!/fxglassets/ui/fonts/VarelaRound-Regular.ttf
13:56:43.328 [FXGL Background Thread 1 ] DEBUG FXGLAssetLoaderServi - Loading from file system: jar:file:///C:/Users/Balong/.m2/repository/com/github/almasb/fxgl/17.2/fxgl-17.2.jar!/fxglassets/languages/english.lang
13:56:43.350 [FXGL Background Thread 1 ] INFO  FXGLApplication      - FXGL initialization took: 0.391 sec
13:56:43.351 [JavaFX Application Thread] DEBUG FXGLAssetLoaderServi - Loading from file system: jar:file:///C:/Users/Balong/.m2/repository/com/github/almasb/fxgl/17.2/fxgl-17.2.jar!/fxglassets/textures/fxgl_icon.png
13:56:43.364 [JavaFX Application Thread] DEBUG FXGLAssetLoaderServi - Loading from file system: jar:file:///C:/Users/Balong/.m2/repository/com/github/almasb/fxgl/17.2/fxgl-17.2.jar!/fxglassets/textures/fxgl_default_cursor.png
13:56:43.367 [FXGL Background Thread 4 ] DEBUG FXGLAssetLoaderServi - Loading from file system: jar:file:///C:/Users/Balong/.m2/repository/com/github/almasb/fxgl/17.2/fxgl-17.2.jar!/fxglassets/ui/fonts/Abel-Regular.ttf
13:56:43.373 [JavaFX Application Thread] DEBUG Input                - Registered new binding: Screenshot - CTRL+8
13:56:43.373 [JavaFX Application Thread] DEBUG Input                - Registered new binding: Dev Options - 1
13:56:43.373 [JavaFX Application Thread] DEBUG Input                - Registered new binding: Dev Console - 2
13:56:43.373 [JavaFX Application Thread] DEBUG Input                - Registered new binding: System info dump - CTRL+9
13:56:43.374 [JavaFX Application Thread] DEBUG Input                - Registered new binding: Restart - CTRL+R
13:56:43.374 [JavaFX Application Thread] DEBUG Input                - Registered new binding: Toggle Debug Camera - CTRL+7
13:56:43.376 [JavaFX Application Thread] DEBUG LoopRunner           - Starting loop
13:56:43.377 [FXGL Background Thread 4 ] DEBUG FXGLAssetLoaderServi - Loading from file system: jar:file:///C:/Users/Balong/.m2/repository/com/github/almasb/fxgl/17.2/fxgl-17.2.jar!/fxglassets/ui/fonts/TerminalLandMono-Regular.otf
13:56:43.386 [JavaFX Application Thread] DEBUG LoopRunner           - Initializing JavaFX AnimationTimerLoop
13:56:43.388 [JavaFX Application Thread] DEBUG Input                - Clearing active input actions
13:56:43.396 [JavaFX Application Thread] DEBUG GameApplicationServi - Removing overlay from FXGLStartupScene and adding to FXGLMainMenuDummyScene
13:56:43.396 [FXGL Background Thread 4 ] DEBUG FXGLAssetLoaderServi - Loading from file system: jar:file:///C:/Users/Balong/.m2/repository/com/github/almasb/fxgl/17.2/fxgl-17.2.jar!/fxglassets/ui/fonts/Courier-Prime.ttf
13:56:43.399 [JavaFX Application Thread] DEBUG PrimaryStageWindow   - FXGLStartupScene -> FXGLMainMenuDummyScene
13:56:43.399 [JavaFX Application Thread] DEBUG PrimaryStageWindow   - Push state: RiderMainMenuScene
13:56:43.399 [JavaFX Application Thread] DEBUG Input                - Clearing active input actions
13:56:43.403 [JavaFX Application Thread] DEBUG GameApplicationServi - Removing overlay from FXGLMainMenuDummyScene and adding to RiderMainMenuScene
13:56:43.403 [JavaFX Application Thread] DEBUG PrimaryStageWindow   - FXGLMainMenuDummyScene -> RiderMainMenuScene
13:56:43.517 [JavaFX Application Thread] DEBUG FXGLApplication      - Registering font factories with UI factory
13:56:43.934 [FXGL Background Thread 2 ] INFO  UpdaterService       - Your current version:  17.2
13:56:43.935 [FXGL Background Thread 2 ] INFO  UpdaterService       - Latest stable version: 21.1
13:56:44.945 [JavaFX Application Thread] DEBUG FXGLApplication      - Exiting FXGL
13:56:44.945 [JavaFX Application Thread] DEBUG LoopRunner           - Stopping loop
13:56:44.945 [JavaFX Application Thread] DEBUG SystemBundleService  - Saving FXGL system data
13:56:44.947 [JavaFX Application Thread] DEBUG FileSystemAccess     - Writing to: C:\Users\Balong\Desktop\JavaFXGame\system\fxgl.bundle
13:56:44.948 [JavaFX Application Thread] DEBUG Async                - Shutting down background threads
13:56:44.948 [JavaFX Application Thread] DEBUG PrimaryStageWindow   - Closing main window
13:56:44.956 [JavaFX Application Thread] DEBUG Logger               - Closing Logger
