12:20:28.831 [main                     ] DEBUG Logger               - Configured Logger
12:20:28.850 [main                     ] DEBUG GameApplication      - Logging settings
Title: Untitled
Version: 0.0
Width: 1280
Height: 720
Fullscreen: false
Intro: false
Profiling: false
Single step:false
App Mode: DEVELOPER
Menu Key: ESCAPE
Stage Style: DECORATED
Scene Factory: class com.sunsofgod.PlatformerApp$1

12:20:29.121 [JavaFX Application Thread] DEBUG FXGLApplication      - Initializing FXGL
12:20:29.123 [JavaFX Application Thread] INFO  Engine               - FXGL-17.2 (20.08.2022 16.50) on WINDOWS (J:21.0.4 FX:17.0.12)
12:20:29.124 [JavaFX Application Thread] DEBUG Engine               - JRE Vendor Name: Eclipse Adoptium
12:20:29.124 [JavaFX Application Thread] DEBUG Engine               - Running on OS: Windows 11 version 10.0
12:20:29.124 [JavaFX Application Thread] DEBUG Engine               - Architecture: amd64
12:20:29.124 [JavaFX Application Thread] INFO  Engine               - Source code and latest versions at: https://github.com/AlmasB/FXGL
12:20:29.124 [JavaFX Application Thread] INFO  Engine               -       Ask questions and discuss at: https://github.com/AlmasB/FXGL/discussions
12:20:29.124 [JavaFX Application Thread] INFO  Engine               -              Join the FXGL chat at: https://gitter.im/AlmasB/FXGL
12:20:29.179 [JavaFX Application Thread] DEBUG PrimaryStageWindow   - Creating a JavaFX scene
12:20:29.206 [JavaFX Application Thread] DEBUG PrimaryStageWindow   - Target settings size: 1280.0 x 720.0
12:20:29.206 [JavaFX Application Thread] DEBUG PrimaryStageWindow   - Scaled scene size:    1280.0 x 720.0
12:20:29.206 [JavaFX Application Thread] DEBUG PrimaryStageWindow   - Scaled ratio: (1.0, 1.0)
12:20:29.207 [JavaFX Application Thread] DEBUG PrimaryStageWindow   - Set initial scene to FXGLStartupScene
12:20:29.211 [JavaFX Application Thread] DEBUG PrimaryStageWindow   - Opening main window
12:20:29.260 [JavaFX Application Thread] DEBUG PrimaryStageWindow   - Window border size: (16.0, 39.0)
12:20:29.261 [JavaFX Application Thread] DEBUG PrimaryStageWindow   - Scaled size: 1280.0 x 720.0
12:20:29.261 [JavaFX Application Thread] DEBUG PrimaryStageWindow   - Scaled ratio: (1.0, 1.0)
12:20:29.261 [JavaFX Application Thread] DEBUG PrimaryStageWindow   - Scene size: 1280.0 x 720.0
12:20:29.261 [JavaFX Application Thread] DEBUG PrimaryStageWindow   - Stage size: 1296.0 x 759.0
12:20:29.265 [FXGL Background Thread 1 ] DEBUG Engine               - Initializing environment variables
12:20:29.295 [FXGL Background Thread 1 ] DEBUG FXGLAssetLoaderServi - User app class for loading assets: class com.sunsofgod.PlatformerApp
12:20:29.295 [FXGL Background Thread 1 ] DEBUG GameApplicationServi - Applying CSS: fxgl_dark.css
12:20:29.295 [FXGL Background Thread 1 ] DEBUG FXGLAssetLoaderServi - Loading from file system: jar:file:///C:/Users/Balong/.m2/repository/com/github/almasb/fxgl/17.2/fxgl-17.2.jar!/fxglassets/ui/css/fxgl_dark.css
12:20:29.325 [FXGL Background Thread 1 ] DEBUG GameApplicationServi - Initializing application scenes
12:20:29.354 [FXGL Background Thread 1 ] DEBUG FXGLAssetLoaderServi - Loading from file system: file:/C:/Users/Balong/Desktop/JavaFXGame-1/target/classes/assets/textures/player.png
12:20:29.369 [FXGL Background Thread 1 ] DEBUG GameWorld            - Game world initialized
12:20:29.405 [FXGL Background Thread 1 ] DEBUG PhysicsWorld         - Physics world initialized: appHeight=720, physics.ppm=50.0
12:20:29.405 [FXGL Background Thread 1 ] DEBUG PhysicsWorld         - Using strategy: BRUTE_FORCE
12:20:29.408 [FXGL Background Thread 1 ] DEBUG GameScene            - Game scene initialized: 1280x720
12:20:29.582 [FXGL Background Thread 1 ] DEBUG FXGL.DefaultMenu     - createMenuBodyGameMenu()
12:20:29.588 [FXGL Background Thread 1 ] DEBUG FXGL.DefaultMenu     - createOptionsMenu()
12:20:29.593 [FXGL Background Thread 1 ] DEBUG FXGLAssetLoaderServi - Loading from file system: jar:file:///C:/Users/Balong/.m2/repository/com/github/almasb/fxgl/17.2/fxgl-17.2.jar!/fxglassets/textures/particles/smoke.png
12:20:29.630 [FXGL Background Thread 1 ] DEBUG FXGLAssetLoaderServi - Loading from file system: jar:file:///C:/Users/Balong/.m2/repository/com/github/almasb/fxgl/17.2/fxgl-17.2.jar!/fxglassets/textures/particles/trace_horizontal.png
12:20:29.639 [FXGL Background Thread 1 ] DEBUG GameApplicationServi - Application scenes initialized
12:20:29.647 [FXGL Background Thread 1 ] DEBUG SystemBundleService  - Loading FXGL system data
12:20:29.650 [FXGL Background Thread 1 ] DEBUG FileSystemAccess     - Reading from: C:\Users\Balong\Desktop\JavaFXGame-1\system\fxgl.bundle
12:20:29.656 [FXGL Background Thread 1 ] DEBUG SystemBundleService  - Bundle FXGL: {}
12:20:29.656 [FXGL Background Thread 1 ] DEBUG UpdaterService       - Checking for updates
12:20:29.669 [FXGL Background Thread 4 ] DEBUG FXGLApplication      - Loading fonts
12:20:29.670 [FXGL Background Thread 1 ] DEBUG FXGLApplication      - Loading default localization
12:20:29.670 [FXGL Background Thread 4 ] DEBUG FXGLAssetLoaderServi - Loading from file system: jar:file:///C:/Users/Balong/.m2/repository/com/github/almasb/fxgl/17.2/fxgl-17.2.jar!/fxglassets/ui/fonts/VarelaRound-Regular.ttf
12:20:29.670 [FXGL Background Thread 1 ] DEBUG FXGLAssetLoaderServi - Loading from file system: jar:file:///C:/Users/Balong/.m2/repository/com/github/almasb/fxgl/17.2/fxgl-17.2.jar!/fxglassets/languages/english.lang
12:20:29.681 [FXGL Background Thread 1 ] INFO  FXGLApplication      - FXGL initialization took: 0.416 sec
12:20:29.682 [JavaFX Application Thread] DEBUG FXGLAssetLoaderServi - Loading from file system: jar:file:///C:/Users/Balong/.m2/repository/com/github/almasb/fxgl/17.2/fxgl-17.2.jar!/fxglassets/textures/fxgl_icon.png
12:20:29.690 [JavaFX Application Thread] DEBUG FXGLAssetLoaderServi - Loading from file system: jar:file:///C:/Users/Balong/.m2/repository/com/github/almasb/fxgl/17.2/fxgl-17.2.jar!/fxglassets/textures/fxgl_default_cursor.png
12:20:29.696 [JavaFX Application Thread] DEBUG Input                - Registered new binding: Screenshot - CTRL+8
12:20:29.697 [JavaFX Application Thread] DEBUG Input                - Registered new binding: Dev Options - 1
12:20:29.697 [JavaFX Application Thread] DEBUG Input                - Registered new binding: Dev Console - 2
12:20:29.697 [JavaFX Application Thread] DEBUG Input                - Registered new binding: System info dump - CTRL+9
12:20:29.697 [FXGL Background Thread 4 ] DEBUG FXGLAssetLoaderServi - Loading from file system: jar:file:///C:/Users/Balong/.m2/repository/com/github/almasb/fxgl/17.2/fxgl-17.2.jar!/fxglassets/ui/fonts/Abel-Regular.ttf
12:20:29.697 [JavaFX Application Thread] DEBUG Input                - Registered new binding: Restart - CTRL+R
12:20:29.698 [JavaFX Application Thread] DEBUG Input                - Registered new binding: Toggle Debug Camera - CTRL+7
12:20:29.699 [JavaFX Application Thread] DEBUG LoopRunner           - Starting loop
12:20:29.705 [FXGL Background Thread 4 ] DEBUG FXGLAssetLoaderServi - Loading from file system: jar:file:///C:/Users/Balong/.m2/repository/com/github/almasb/fxgl/17.2/fxgl-17.2.jar!/fxglassets/ui/fonts/TerminalLandMono-Regular.otf
12:20:29.708 [JavaFX Application Thread] DEBUG LoopRunner           - Initializing JavaFX AnimationTimerLoop
12:20:29.709 [JavaFX Application Thread] DEBUG Input                - Clearing active input actions
12:20:29.715 [FXGL Background Thread 4 ] DEBUG FXGLAssetLoaderServi - Loading from file system: jar:file:///C:/Users/Balong/.m2/repository/com/github/almasb/fxgl/17.2/fxgl-17.2.jar!/fxglassets/ui/fonts/Courier-Prime.ttf
12:20:29.717 [JavaFX Application Thread] DEBUG GameApplicationServi - Removing overlay from FXGLStartupScene and adding to FXGLMainMenuDummyScene
12:20:29.720 [JavaFX Application Thread] DEBUG PrimaryStageWindow   - FXGLStartupScene -> FXGLMainMenuDummyScene
12:20:29.720 [JavaFX Application Thread] DEBUG PrimaryStageWindow   - Push state: RiderMainMenuScene
12:20:29.720 [JavaFX Application Thread] DEBUG Input                - Clearing active input actions
12:20:29.723 [JavaFX Application Thread] DEBUG GameApplicationServi - Removing overlay from FXGLMainMenuDummyScene and adding to RiderMainMenuScene
12:20:29.724 [JavaFX Application Thread] DEBUG PrimaryStageWindow   - FXGLMainMenuDummyScene -> RiderMainMenuScene
12:20:29.832 [JavaFX Application Thread] DEBUG FXGLApplication      - Registering font factories with UI factory
12:20:29.948 [FXGL Background Thread 2 ] INFO  UpdaterService       - Your current version:  17.2
12:20:29.949 [FXGL Background Thread 2 ] INFO  UpdaterService       - Latest stable version: 21.1
12:20:32.669 [FXGL Background Thread 3 ] DEBUG Engine               - Logging environment variables
12:20:32.670 [FXGL Background Thread 3 ] DEBUG Engine               - achievements: []
12:20:32.670 [FXGL Background Thread 3 ] DEBUG Engine               - actualHeight: 720.0
12:20:32.670 [FXGL Background Thread 3 ] DEBUG Engine               - actualHeightProperty: ReadOnlyDoubleProperty [value: 720.0]
12:20:32.670 [FXGL Background Thread 3 ] DEBUG Engine               - actualWidth: 1280.0
12:20:32.670 [FXGL Background Thread 3 ] DEBUG Engine               - actualWidthProperty: ReadOnlyDoubleProperty [value: 1280.0]
12:20:32.670 [FXGL Background Thread 3 ] DEBUG Engine               - appIcon: fxgl_icon.png
12:20:32.670 [FXGL Background Thread 3 ] DEBUG Engine               - applicationMode: DEVELOPER
12:20:32.670 [FXGL Background Thread 3 ] DEBUG Engine               - cSSList: [fxgl_dark.css]
12:20:32.670 [FXGL Background Thread 3 ] DEBUG Engine               - collisionDetectionStrategy: BRUTE_FORCE
12:20:32.670 [FXGL Background Thread 3 ] DEBUG Engine               - configClass: Optional.empty
12:20:32.670 [FXGL Background Thread 3 ] DEBUG Engine               - credits: []
12:20:32.670 [FXGL Background Thread 3 ] DEBUG Engine               - defaultCursor: CursorInfo(imageName=fxgl_default_cursor.png, hotspotX=7.0, hotspotY=6.0)
12:20:32.670 [FXGL Background Thread 3 ] DEBUG Engine               - devBBoxColorProperty: ObjectProperty [value: 0xff0000ff]
12:20:32.670 [FXGL Background Thread 3 ] DEBUG Engine               - devEnableDebugCameraProperty: BooleanProperty [value: false]
12:20:32.670 [FXGL Background Thread 3 ] DEBUG Engine               - devSensorColorProperty: ObjectProperty [value: 0xffff00ff]
12:20:32.670 [FXGL Background Thread 3 ] DEBUG Engine               - devShowBBoxProperty: BooleanProperty [value: false]
12:20:32.670 [FXGL Background Thread 3 ] DEBUG Engine               - devShowPositionProperty: BooleanProperty [value: false]
12:20:32.670 [FXGL Background Thread 3 ] DEBUG Engine               - enabledMenuItems: []
12:20:32.670 [FXGL Background Thread 3 ] DEBUG Engine               - engineServices: [class com.almasb.fxgl.app.services.FXGLAssetLoaderService, class com.almasb.fxgl.app.FXGLApplication$GameApplicationService, class com.almasb.fxgl.app.services.FXGLDialogService, class com.almasb.fxgl.app.services.IOTaskExecutorService, class com.almasb.fxgl.io.FileSystemService, class com.almasb.fxgl.localization.LocalizationService, class com.almasb.fxgl.app.services.SystemBundleService, class com.almasb.fxgl.profile.SaveLoadService, class com.almasb.fxgl.ui.FXGLUIFactoryServiceProvider, class com.almasb.fxgl.ui.FXGLDialogFactoryServiceProvider, class com.almasb.fxgl.audio.AudioPlayer, class com.almasb.fxgl.notification.impl.NotificationServiceProvider, class com.almasb.fxgl.achievement.AchievementService, class com.almasb.fxgl.cutscene.CutsceneService, class com.almasb.fxgl.minigames.MiniGameService, class com.almasb.fxgl.net.NetService, class com.almasb.fxgl.app.services.UpdaterService, class com.almasb.fxgl.dev.DevService]
12:20:32.670 [FXGL Background Thread 3 ] DEBUG Engine               - fontGame: Abel-Regular.ttf
12:20:32.670 [FXGL Background Thread 3 ] DEBUG Engine               - fontMono: TerminalLandMono-Regular.otf
12:20:32.670 [FXGL Background Thread 3 ] DEBUG Engine               - fontText: Courier-Prime.ttf
12:20:32.671 [FXGL Background Thread 3 ] DEBUG Engine               - fontUI: VarelaRound-Regular.ttf
12:20:32.671 [FXGL Background Thread 3 ] DEBUG Engine               - fullScreen: BooleanProperty [value: false]
12:20:32.671 [FXGL Background Thread 3 ] DEBUG Engine               - gameDifficulty: MEDIUM
12:20:32.671 [FXGL Background Thread 3 ] DEBUG Engine               - gameDifficultyProperty: ObjectProperty [value: MEDIUM]
12:20:32.671 [FXGL Background Thread 3 ] DEBUG Engine               - globalMusicVolume: 0.5
12:20:32.671 [FXGL Background Thread 3 ] DEBUG Engine               - globalMusicVolumeProperty: DoubleProperty [value: 0.25]
12:20:32.671 [FXGL Background Thread 3 ] DEBUG Engine               - globalSoundVolume: 0.5
12:20:32.671 [FXGL Background Thread 3 ] DEBUG Engine               - globalSoundVolumeProperty: DoubleProperty [value: 0.5]
12:20:32.671 [FXGL Background Thread 3 ] DEBUG Engine               - height: 720
12:20:32.671 [FXGL Background Thread 3 ] DEBUG Engine               - is3D: false
12:20:32.671 [FXGL Background Thread 3 ] DEBUG Engine               - isAndroid: false
12:20:32.671 [FXGL Background Thread 3 ] DEBUG Engine               - isBrowser: false
12:20:32.671 [FXGL Background Thread 3 ] DEBUG Engine               - isClickFeedbackEnabled: false
12:20:32.671 [FXGL Background Thread 3 ] DEBUG Engine               - isCloseConfirmation: false
12:20:32.671 [FXGL Background Thread 3 ] DEBUG Engine               - isDesktop: true
12:20:32.671 [FXGL Background Thread 3 ] DEBUG Engine               - isDeveloperMenuEnabled: true
12:20:32.671 [FXGL Background Thread 3 ] DEBUG Engine               - isEmbedded: false
12:20:32.671 [FXGL Background Thread 3 ] DEBUG Engine               - isEntityPreloadEnabled: true
12:20:32.671 [FXGL Background Thread 3 ] DEBUG Engine               - isExperimentalTiledLargeMap: false
12:20:32.671 [FXGL Background Thread 3 ] DEBUG Engine               - isFileSystemWriteAllowed: true
12:20:32.671 [FXGL Background Thread 3 ] DEBUG Engine               - isFullScreenAllowed: false
12:20:32.671 [FXGL Background Thread 3 ] DEBUG Engine               - isFullScreenFromStart: false
12:20:32.671 [FXGL Background Thread 3 ] DEBUG Engine               - isGameMenuEnabled: true
12:20:32.671 [FXGL Background Thread 3 ] DEBUG Engine               - isIOS: false
12:20:32.671 [FXGL Background Thread 3 ] DEBUG Engine               - isIntroEnabled: false
12:20:32.672 [FXGL Background Thread 3 ] DEBUG Engine               - isLinux: false
12:20:32.672 [FXGL Background Thread 3 ] DEBUG Engine               - isMac: false
12:20:32.672 [FXGL Background Thread 3 ] DEBUG Engine               - isMainMenuEnabled: true
12:20:32.672 [FXGL Background Thread 3 ] DEBUG Engine               - isManualResizeEnabled: false
12:20:32.672 [FXGL Background Thread 3 ] DEBUG Engine               - isMobile: false
12:20:32.672 [FXGL Background Thread 3 ] DEBUG Engine               - isNative: false
12:20:32.672 [FXGL Background Thread 3 ] DEBUG Engine               - isPauseMusicWhenMinimized: true
12:20:32.672 [FXGL Background Thread 3 ] DEBUG Engine               - isPreserveResizeRatio: false
12:20:32.672 [FXGL Background Thread 3 ] DEBUG Engine               - isProfilingEnabled: false
12:20:32.672 [FXGL Background Thread 3 ] DEBUG Engine               - isScaleAffectedOnResize: true
12:20:32.672 [FXGL Background Thread 3 ] DEBUG Engine               - isSingleStep: false
12:20:32.672 [FXGL Background Thread 3 ] DEBUG Engine               - isUserProfileEnabled: false
12:20:32.672 [FXGL Background Thread 3 ] DEBUG Engine               - isWindows: true
12:20:32.672 [FXGL Background Thread 3 ] DEBUG Engine               - language: ObjectProperty [value: ENGLISH]
12:20:32.672 [FXGL Background Thread 3 ] DEBUG Engine               - menuKey: ESCAPE
12:20:32.672 [FXGL Background Thread 3 ] DEBUG Engine               - mouseSensitivity: 0.2
12:20:32.672 [FXGL Background Thread 3 ] DEBUG Engine               - notificationViewClass: class com.almasb.fxgl.notification.view.XboxNotificationView
12:20:32.672 [FXGL Background Thread 3 ] DEBUG Engine               - pixelsPerMeter: 50.0
12:20:32.672 [FXGL Background Thread 3 ] DEBUG Engine               - platform: WINDOWS
12:20:32.672 [FXGL Background Thread 3 ] DEBUG Engine               - prefHeightProperty: ReadOnlyDoubleProperty [value: 720.0]
12:20:32.672 [FXGL Background Thread 3 ] DEBUG Engine               - prefWidthProperty: ReadOnlyDoubleProperty [value: 1280.0]
12:20:32.672 [FXGL Background Thread 3 ] DEBUG Engine               - profileDir: profiles/
12:20:32.672 [FXGL Background Thread 3 ] DEBUG Engine               - profileName: StringProperty [value: DEFAULT]
12:20:32.672 [FXGL Background Thread 3 ] DEBUG Engine               - randomSeed: -1
12:20:32.673 [FXGL Background Thread 3 ] DEBUG Engine               - runtimeInfo: RuntimeInfo(platform=WINDOWS, version=17.2, build=20.08.2022 16.50)
12:20:32.673 [FXGL Background Thread 3 ] DEBUG Engine               - saveFileExt: sav
12:20:32.673 [FXGL Background Thread 3 ] DEBUG Engine               - scaledHeightProp$fxgl: DoubleProperty [bound, value: 720.0]
12:20:32.673 [FXGL Background Thread 3 ] DEBUG Engine               - scaledWidthProp$fxgl: DoubleProperty [bound, value: 1280.0]
12:20:32.673 [FXGL Background Thread 3 ] DEBUG Engine               - sceneFactory: com.sunsofgod.PlatformerApp$1@4dfdcf7d
12:20:32.673 [FXGL Background Thread 3 ] DEBUG Engine               - secondsIn24h: 60
12:20:32.673 [FXGL Background Thread 3 ] DEBUG Engine               - soundMenuBack: menu/back.wav
12:20:32.673 [FXGL Background Thread 3 ] DEBUG Engine               - soundMenuPress: menu/press.wav
12:20:32.673 [FXGL Background Thread 3 ] DEBUG Engine               - soundMenuSelect: menu/select.wav
12:20:32.673 [FXGL Background Thread 3 ] DEBUG Engine               - soundNotification: core/notification.wav
12:20:32.673 [FXGL Background Thread 3 ] DEBUG Engine               - stageStyle: DECORATED
12:20:32.673 [FXGL Background Thread 3 ] DEBUG Engine               - supportedLanguages: [ENGLISH, FRENCH, GERMAN, HUNGARIAN, RUSSIAN]
12:20:32.673 [FXGL Background Thread 3 ] DEBUG Engine               - ticksPerSecond: -1
12:20:32.673 [FXGL Background Thread 3 ] DEBUG Engine               - title: Untitled
12:20:32.673 [FXGL Background Thread 3 ] DEBUG Engine               - urlGithub: https://github.com/AlmasB/FXGL
12:20:32.673 [FXGL Background Thread 3 ] DEBUG Engine               - urlLeaderboard: http://fxgl-top.herokuapp.com/
12:20:32.673 [FXGL Background Thread 3 ] DEBUG Engine               - urlPOM: https://raw.githubusercontent.com/AlmasB/FXGL/release/README.md
12:20:32.673 [FXGL Background Thread 3 ] DEBUG Engine               - userAppClass: class com.sunsofgod.PlatformerApp
12:20:32.673 [FXGL Background Thread 3 ] DEBUG Engine               - version: 0.0
12:20:32.673 [FXGL Background Thread 3 ] DEBUG Engine               - versionCheckDays: 7
12:20:32.673 [FXGL Background Thread 3 ] DEBUG Engine               - width: 1280
12:20:32.673 [FXGL Background Thread 3 ] DEBUG Engine               - Logging services
12:20:32.673 [FXGL Background Thread 3 ] DEBUG Engine               - class com.almasb.fxgl.app.services.FXGLAssetLoaderService
12:20:32.673 [FXGL Background Thread 3 ] DEBUG Engine               - class com.almasb.fxgl.app.FXGLApplication$GameApplicationService
12:20:32.673 [FXGL Background Thread 3 ] DEBUG Engine               - class com.almasb.fxgl.app.services.FXGLDialogService
12:20:32.673 [FXGL Background Thread 3 ] DEBUG Engine               - class com.almasb.fxgl.app.services.IOTaskExecutorService
12:20:32.673 [FXGL Background Thread 3 ] DEBUG Engine               - class com.almasb.fxgl.io.FileSystemService
12:20:32.673 [FXGL Background Thread 3 ] DEBUG Engine               - class com.almasb.fxgl.localization.LocalizationService
12:20:32.673 [FXGL Background Thread 3 ] DEBUG Engine               - class com.almasb.fxgl.app.services.SystemBundleService
12:20:32.673 [FXGL Background Thread 3 ] DEBUG Engine               - class com.almasb.fxgl.profile.SaveLoadService
12:20:32.674 [FXGL Background Thread 3 ] DEBUG Engine               - class com.almasb.fxgl.ui.FXGLUIFactoryServiceProvider
12:20:32.674 [FXGL Background Thread 3 ] DEBUG Engine               - class com.almasb.fxgl.ui.FXGLDialogFactoryServiceProvider
12:20:32.674 [FXGL Background Thread 3 ] DEBUG Engine               - class com.almasb.fxgl.audio.AudioPlayer
12:20:32.674 [FXGL Background Thread 3 ] DEBUG Engine               - class com.almasb.fxgl.notification.impl.NotificationServiceProvider
12:20:32.674 [FXGL Background Thread 3 ] DEBUG Engine               - class com.almasb.fxgl.achievement.AchievementService
12:20:32.674 [FXGL Background Thread 3 ] DEBUG Engine               - class com.almasb.fxgl.cutscene.CutsceneService
12:20:32.674 [FXGL Background Thread 3 ] DEBUG Engine               - class com.almasb.fxgl.minigames.MiniGameService
12:20:32.674 [FXGL Background Thread 3 ] DEBUG Engine               - class com.almasb.fxgl.net.NetService
12:20:32.674 [FXGL Background Thread 3 ] DEBUG Engine               - class com.almasb.fxgl.app.services.UpdaterService
12:20:32.674 [FXGL Background Thread 3 ] DEBUG Engine               - class com.almasb.fxgl.dev.DevService
12:20:36.881 [JavaFX Application Thread] DEBUG PrimaryStageWindow   - Push state: PlayerSelectScene
12:20:36.881 [JavaFX Application Thread] DEBUG Input                - Clearing active input actions
12:20:36.882 [JavaFX Application Thread] DEBUG GameApplicationServi - Removing overlay from RiderMainMenuScene and adding to PlayerSelectScene
12:20:36.883 [JavaFX Application Thread] DEBUG PrimaryStageWindow   - RiderMainMenuScene -> PlayerSelectScene
12:20:51.972 [JavaFX Application Thread] DEBUG PrimaryStageWindow   - Pop state: PlayerSelectScene
12:20:51.972 [JavaFX Application Thread] DEBUG Input                - Clearing active input actions
12:20:51.973 [JavaFX Application Thread] DEBUG GameApplicationServi - Removing overlay from PlayerSelectScene and adding to RiderMainMenuScene
12:20:51.974 [JavaFX Application Thread] DEBUG PrimaryStageWindow   - RiderMainMenuScene <- PlayerSelectScene
12:20:52.117 [JavaFX Application Thread] DEBUG PrimaryStageWindow   - Push state: WorldSelectScene
12:20:52.117 [JavaFX Application Thread] DEBUG Input                - Clearing active input actions
12:20:52.118 [JavaFX Application Thread] DEBUG GameApplicationServi - Removing overlay from RiderMainMenuScene and adding to WorldSelectScene
12:20:52.118 [JavaFX Application Thread] DEBUG PrimaryStageWindow   - RiderMainMenuScene -> WorldSelectScene
12:20:55.412 [JavaFX Application Thread] DEBUG PrimaryStageWindow   - Pop state: WorldSelectScene
12:20:55.412 [JavaFX Application Thread] DEBUG Input                - Clearing active input actions
12:20:55.412 [JavaFX Application Thread] DEBUG GameApplicationServi - Removing overlay from WorldSelectScene and adding to RiderMainMenuScene
12:20:55.413 [JavaFX Application Thread] DEBUG PrimaryStageWindow   - RiderMainMenuScene <- WorldSelectScene
12:20:55.517 [JavaFX Application Thread] DEBUG PrimaryStageWindow   - Push state: LevelSelectScene
12:20:55.517 [JavaFX Application Thread] DEBUG Input                - Clearing active input actions
12:20:55.517 [JavaFX Application Thread] DEBUG GameApplicationServi - Removing overlay from RiderMainMenuScene and adding to LevelSelectScene
12:20:55.518 [JavaFX Application Thread] DEBUG PrimaryStageWindow   - RiderMainMenuScene -> LevelSelectScene
12:20:57.401 [JavaFX Application Thread] DEBUG PrimaryStageWindow   - Pop state: LevelSelectScene
12:20:57.402 [JavaFX Application Thread] DEBUG Input                - Clearing active input actions
12:20:57.402 [JavaFX Application Thread] DEBUG GameApplicationServi - Removing overlay from LevelSelectScene and adding to RiderMainMenuScene
12:20:57.402 [JavaFX Application Thread] DEBUG PrimaryStageWindow   - RiderMainMenuScene <- LevelSelectScene
12:20:58.514 [JavaFX Application Thread] DEBUG PrimaryStageWindow   - Push state: PlayerSelectScene
12:20:58.514 [JavaFX Application Thread] DEBUG Input                - Clearing active input actions
12:20:58.514 [JavaFX Application Thread] DEBUG GameApplicationServi - Removing overlay from RiderMainMenuScene and adding to PlayerSelectScene
12:20:58.515 [JavaFX Application Thread] DEBUG PrimaryStageWindow   - RiderMainMenuScene -> PlayerSelectScene
12:21:02.499 [JavaFX Application Thread] DEBUG PrimaryStageWindow   - Pop state: PlayerSelectScene
12:21:02.499 [JavaFX Application Thread] DEBUG Input                - Clearing active input actions
12:21:02.499 [JavaFX Application Thread] DEBUG GameApplicationServi - Removing overlay from PlayerSelectScene and adding to RiderMainMenuScene
12:21:02.500 [JavaFX Application Thread] DEBUG PrimaryStageWindow   - RiderMainMenuScene <- PlayerSelectScene
12:21:03.178 [JavaFX Application Thread] DEBUG PrimaryStageWindow   - Push state: PlayerSelectScene
12:21:03.178 [JavaFX Application Thread] DEBUG Input                - Clearing active input actions
12:21:03.179 [JavaFX Application Thread] DEBUG GameApplicationServi - Removing overlay from RiderMainMenuScene and adding to PlayerSelectScene
12:21:03.179 [JavaFX Application Thread] DEBUG PrimaryStageWindow   - RiderMainMenuScene -> PlayerSelectScene
12:21:03.776 [JavaFX Application Thread] DEBUG PrimaryStageWindow   - Pop state: PlayerSelectScene
12:21:03.776 [JavaFX Application Thread] DEBUG Input                - Clearing active input actions
12:21:03.776 [JavaFX Application Thread] DEBUG GameApplicationServi - Removing overlay from PlayerSelectScene and adding to RiderMainMenuScene
12:21:03.777 [JavaFX Application Thread] DEBUG PrimaryStageWindow   - RiderMainMenuScene <- PlayerSelectScene
12:21:03.920 [JavaFX Application Thread] DEBUG PrimaryStageWindow   - Push state: WorldSelectScene
12:21:03.920 [JavaFX Application Thread] DEBUG Input                - Clearing active input actions
12:21:03.920 [JavaFX Application Thread] DEBUG GameApplicationServi - Removing overlay from RiderMainMenuScene and adding to WorldSelectScene
12:21:03.921 [JavaFX Application Thread] DEBUG PrimaryStageWindow   - RiderMainMenuScene -> WorldSelectScene
12:21:04.734 [JavaFX Application Thread] DEBUG PrimaryStageWindow   - Pop state: WorldSelectScene
12:21:04.734 [JavaFX Application Thread] DEBUG Input                - Clearing active input actions
12:21:04.734 [JavaFX Application Thread] DEBUG GameApplicationServi - Removing overlay from WorldSelectScene and adding to RiderMainMenuScene
12:21:04.734 [JavaFX Application Thread] DEBUG PrimaryStageWindow   - RiderMainMenuScene <- WorldSelectScene
12:21:05.396 [JavaFX Application Thread] DEBUG PrimaryStageWindow   - Push state: PlayerSelectScene
12:21:05.396 [JavaFX Application Thread] DEBUG Input                - Clearing active input actions
12:21:05.396 [JavaFX Application Thread] DEBUG GameApplicationServi - Removing overlay from RiderMainMenuScene and adding to PlayerSelectScene
12:21:05.397 [JavaFX Application Thread] DEBUG PrimaryStageWindow   - RiderMainMenuScene -> PlayerSelectScene
12:21:06.265 [JavaFX Application Thread] DEBUG PrimaryStageWindow   - Pop state: PlayerSelectScene
12:21:06.265 [JavaFX Application Thread] DEBUG Input                - Clearing active input actions
12:21:06.265 [JavaFX Application Thread] DEBUG GameApplicationServi - Removing overlay from PlayerSelectScene and adding to RiderMainMenuScene
12:21:06.266 [JavaFX Application Thread] DEBUG PrimaryStageWindow   - RiderMainMenuScene <- PlayerSelectScene
12:21:06.397 [JavaFX Application Thread] DEBUG PrimaryStageWindow   - Push state: WorldSelectScene
12:21:06.397 [JavaFX Application Thread] DEBUG Input                - Clearing active input actions
12:21:06.398 [JavaFX Application Thread] DEBUG GameApplicationServi - Removing overlay from RiderMainMenuScene and adding to WorldSelectScene
12:21:06.398 [JavaFX Application Thread] DEBUG PrimaryStageWindow   - RiderMainMenuScene -> WorldSelectScene
12:21:07.061 [JavaFX Application Thread] DEBUG PrimaryStageWindow   - Pop state: WorldSelectScene
12:21:07.061 [JavaFX Application Thread] DEBUG Input                - Clearing active input actions
12:21:07.061 [JavaFX Application Thread] DEBUG GameApplicationServi - Removing overlay from WorldSelectScene and adding to RiderMainMenuScene
12:21:07.061 [JavaFX Application Thread] DEBUG PrimaryStageWindow   - RiderMainMenuScene <- WorldSelectScene
12:21:07.132 [JavaFX Application Thread] DEBUG PrimaryStageWindow   - Push state: LevelSelectScene
12:21:07.132 [JavaFX Application Thread] DEBUG Input                - Clearing active input actions
12:21:07.132 [JavaFX Application Thread] DEBUG GameApplicationServi - Removing overlay from RiderMainMenuScene and adding to LevelSelectScene
12:21:07.132 [JavaFX Application Thread] DEBUG PrimaryStageWindow   - RiderMainMenuScene -> LevelSelectScene
12:21:08.068 [JavaFX Application Thread] DEBUG PrimaryStageWindow   - Pop state: LevelSelectScene
12:21:08.068 [JavaFX Application Thread] DEBUG Input                - Clearing active input actions
12:21:08.069 [JavaFX Application Thread] DEBUG GameApplicationServi - Removing overlay from LevelSelectScene and adding to RiderMainMenuScene
12:21:08.069 [JavaFX Application Thread] DEBUG PrimaryStageWindow   - RiderMainMenuScene <- LevelSelectScene
12:21:08.980 [JavaFX Application Thread] DEBUG PrimaryStageWindow   - Push state: PlayerSelectScene
12:21:08.980 [JavaFX Application Thread] DEBUG Input                - Clearing active input actions
12:21:08.980 [JavaFX Application Thread] DEBUG GameApplicationServi - Removing overlay from RiderMainMenuScene and adding to PlayerSelectScene
12:21:08.980 [JavaFX Application Thread] DEBUG PrimaryStageWindow   - RiderMainMenuScene -> PlayerSelectScene
12:21:10.713 [JavaFX Application Thread] DEBUG PrimaryStageWindow   - Pop state: PlayerSelectScene
12:21:10.713 [JavaFX Application Thread] DEBUG Input                - Clearing active input actions
12:21:10.713 [JavaFX Application Thread] DEBUG GameApplicationServi - Removing overlay from PlayerSelectScene and adding to RiderMainMenuScene
12:21:10.714 [JavaFX Application Thread] DEBUG PrimaryStageWindow   - RiderMainMenuScene <- PlayerSelectScene
12:21:10.830 [JavaFX Application Thread] DEBUG PrimaryStageWindow   - Push state: WorldSelectScene
12:21:10.830 [JavaFX Application Thread] DEBUG Input                - Clearing active input actions
12:21:10.830 [JavaFX Application Thread] DEBUG GameApplicationServi - Removing overlay from RiderMainMenuScene and adding to WorldSelectScene
12:21:10.831 [JavaFX Application Thread] DEBUG PrimaryStageWindow   - RiderMainMenuScene -> WorldSelectScene
12:25:39.029 [JavaFX Application Thread] DEBUG FXGLApplication      - Exiting FXGL
12:25:39.029 [JavaFX Application Thread] DEBUG LoopRunner           - Stopping loop
12:25:39.029 [JavaFX Application Thread] DEBUG SystemBundleService  - Saving FXGL system data
12:25:39.030 [JavaFX Application Thread] DEBUG FileSystemAccess     - Writing to: C:\Users\Balong\Desktop\JavaFXGame-1\system\fxgl.bundle
12:25:39.032 [JavaFX Application Thread] DEBUG Async                - Shutting down background threads
12:25:39.032 [JavaFX Application Thread] DEBUG PrimaryStageWindow   - Closing main window
12:25:39.039 [JavaFX Application Thread] DEBUG Logger               - Closing Logger
