15:51:07.458 [main                     ] DEBUG Logger               - Configured Logger
15:51:07.475 [main                     ] DEBUG GameApplication      - Logging settings
Title: Untitled
Version: 0.0
Width: 1280
Height: 720
Fullscreen: false
Intro: false
Profiling: false
Single step:false
App Mode: DEVELOPER
Menu Key: ESCAPE
Stage Style: DECORATED
Scene Factory: class com.sunsofgod.PlatformerApp$1

15:51:07.747 [JavaFX Application Thread] DEBUG FXGLApplication      - Initializing FXGL
15:51:07.751 [JavaFX Application Thread] INFO  Engine               - FXGL-17.2 (20.08.2022 16.50) on WINDOWS (J:21.0.4 FX:17.0.12)
15:51:07.751 [JavaFX Application Thread] DEBUG Engine               - JRE Vendor Name: Eclipse Adoptium
15:51:07.751 [JavaFX Application Thread] DEBUG Engine               - Running on OS: Windows 11 version 10.0
15:51:07.752 [JavaFX Application Thread] DEBUG Engine               - Architecture: amd64
15:51:07.752 [JavaFX Application Thread] INFO  Engine               - Source code and latest versions at: https://github.com/AlmasB/FXGL
15:51:07.752 [JavaFX Application Thread] INFO  Engine               -       Ask questions and discuss at: https://github.com/AlmasB/FXGL/discussions
15:51:07.752 [JavaFX Application Thread] INFO  Engine               -              Join the FXGL chat at: https://gitter.im/AlmasB/FXGL
15:51:07.814 [JavaFX Application Thread] DEBUG PrimaryStageWindow   - Creating a JavaFX scene
15:51:07.845 [JavaFX Application Thread] DEBUG PrimaryStageWindow   - Target settings size: 1280.0 x 720.0
15:51:07.845 [JavaFX Application Thread] DEBUG PrimaryStageWindow   - Scaled scene size:    1280.0 x 720.0
15:51:07.845 [JavaFX Application Thread] DEBUG PrimaryStageWindow   - Scaled ratio: (1.0, 1.0)
15:51:07.846 [JavaFX Application Thread] DEBUG PrimaryStageWindow   - Set initial scene to FXGLStartupScene
15:51:07.851 [JavaFX Application Thread] DEBUG PrimaryStageWindow   - Opening main window
15:51:07.904 [JavaFX Application Thread] DEBUG PrimaryStageWindow   - Window border size: (16.0, 39.0)
15:51:07.904 [JavaFX Application Thread] DEBUG PrimaryStageWindow   - Scaled size: 1280.0 x 720.0
15:51:07.905 [JavaFX Application Thread] DEBUG PrimaryStageWindow   - Scaled ratio: (1.0, 1.0)
15:51:07.905 [JavaFX Application Thread] DEBUG PrimaryStageWindow   - Scene size: 1280.0 x 720.0
15:51:07.905 [JavaFX Application Thread] DEBUG PrimaryStageWindow   - Stage size: 1296.0 x 759.0
15:51:07.910 [FXGL Background Thread 1 ] DEBUG Engine               - Initializing environment variables
15:51:07.942 [FXGL Background Thread 1 ] DEBUG FXGLAssetLoaderServi - User app class for loading assets: class com.sunsofgod.PlatformerApp
15:51:07.943 [FXGL Background Thread 1 ] DEBUG GameApplicationServi - Applying CSS: fxgl_dark.css
15:51:07.943 [FXGL Background Thread 1 ] DEBUG FXGLAssetLoaderServi - Loading from file system: jar:file:///C:/Users/Balong/.m2/repository/com/github/almasb/fxgl/17.2/fxgl-17.2.jar!/fxglassets/ui/css/fxgl_dark.css
15:51:07.977 [FXGL Background Thread 1 ] DEBUG GameApplicationServi - Initializing application scenes
15:51:08.010 [FXGL Background Thread 1 ] DEBUG FXGLAssetLoaderServi - Loading from file system: file:/C:/Users/Balong/Desktop/JavaFXGame-1/target/classes/assets/textures/player.png
15:51:08.027 [FXGL Background Thread 1 ] DEBUG GameWorld            - Game world initialized
15:51:08.064 [FXGL Background Thread 1 ] DEBUG PhysicsWorld         - Physics world initialized: appHeight=720, physics.ppm=50.0
15:51:08.065 [FXGL Background Thread 1 ] DEBUG PhysicsWorld         - Using strategy: BRUTE_FORCE
15:51:08.067 [FXGL Background Thread 1 ] DEBUG GameScene            - Game scene initialized: 1280x720
15:51:08.248 [FXGL Background Thread 1 ] DEBUG FXGL.DefaultMenu     - createMenuBodyGameMenu()
15:51:08.258 [FXGL Background Thread 1 ] DEBUG FXGL.DefaultMenu     - createOptionsMenu()
15:51:08.262 [FXGL Background Thread 1 ] DEBUG FXGLAssetLoaderServi - Loading from file system: jar:file:///C:/Users/Balong/.m2/repository/com/github/almasb/fxgl/17.2/fxgl-17.2.jar!/fxglassets/textures/particles/smoke.png
15:51:08.308 [FXGL Background Thread 1 ] DEBUG FXGLAssetLoaderServi - Loading from file system: jar:file:///C:/Users/Balong/.m2/repository/com/github/almasb/fxgl/17.2/fxgl-17.2.jar!/fxglassets/textures/particles/trace_horizontal.png
15:51:08.317 [FXGL Background Thread 1 ] DEBUG GameApplicationServi - Application scenes initialized
15:51:08.326 [FXGL Background Thread 1 ] DEBUG SystemBundleService  - Loading FXGL system data
15:51:08.329 [FXGL Background Thread 1 ] DEBUG FileSystemAccess     - Reading from: C:\Users\Balong\Desktop\JavaFXGame-1\system\fxgl.bundle
15:51:08.336 [FXGL Background Thread 1 ] DEBUG SystemBundleService  - Bundle FXGL: {}
15:51:08.336 [FXGL Background Thread 1 ] DEBUG UpdaterService       - Checking for updates
15:51:08.353 [FXGL Background Thread 4 ] DEBUG FXGLApplication      - Loading fonts
15:51:08.353 [FXGL Background Thread 1 ] DEBUG FXGLApplication      - Loading default localization
15:51:08.353 [FXGL Background Thread 4 ] DEBUG FXGLAssetLoaderServi - Loading from file system: jar:file:///C:/Users/Balong/.m2/repository/com/github/almasb/fxgl/17.2/fxgl-17.2.jar!/fxglassets/ui/fonts/VarelaRound-Regular.ttf
15:51:08.354 [FXGL Background Thread 1 ] DEBUG FXGLAssetLoaderServi - Loading from file system: jar:file:///C:/Users/Balong/.m2/repository/com/github/almasb/fxgl/17.2/fxgl-17.2.jar!/fxglassets/languages/english.lang
15:51:08.368 [FXGL Background Thread 1 ] INFO  FXGLApplication      - FXGL initialization took: 0.456 sec
15:51:08.368 [JavaFX Application Thread] DEBUG FXGLAssetLoaderServi - Loading from file system: jar:file:///C:/Users/Balong/.m2/repository/com/github/almasb/fxgl/17.2/fxgl-17.2.jar!/fxglassets/textures/fxgl_icon.png
15:51:08.376 [JavaFX Application Thread] DEBUG FXGLAssetLoaderServi - Loading from file system: jar:file:///C:/Users/Balong/.m2/repository/com/github/almasb/fxgl/17.2/fxgl-17.2.jar!/fxglassets/textures/fxgl_default_cursor.png
15:51:08.382 [JavaFX Application Thread] DEBUG Input                - Registered new binding: Screenshot - CTRL+8
15:51:08.382 [FXGL Background Thread 4 ] DEBUG FXGLAssetLoaderServi - Loading from file system: jar:file:///C:/Users/Balong/.m2/repository/com/github/almasb/fxgl/17.2/fxgl-17.2.jar!/fxglassets/ui/fonts/Abel-Regular.ttf
15:51:08.382 [JavaFX Application Thread] DEBUG Input                - Registered new binding: Dev Options - 1
15:51:08.383 [JavaFX Application Thread] DEBUG Input                - Registered new binding: Dev Console - 2
15:51:08.383 [JavaFX Application Thread] DEBUG Input                - Registered new binding: System info dump - CTRL+9
15:51:08.383 [JavaFX Application Thread] DEBUG Input                - Registered new binding: Restart - CTRL+R
15:51:08.383 [JavaFX Application Thread] DEBUG Input                - Registered new binding: Toggle Debug Camera - CTRL+7
15:51:08.386 [JavaFX Application Thread] DEBUG LoopRunner           - Starting loop
15:51:08.390 [FXGL Background Thread 4 ] DEBUG FXGLAssetLoaderServi - Loading from file system: jar:file:///C:/Users/Balong/.m2/repository/com/github/almasb/fxgl/17.2/fxgl-17.2.jar!/fxglassets/ui/fonts/TerminalLandMono-Regular.otf
15:51:08.396 [JavaFX Application Thread] DEBUG LoopRunner           - Initializing JavaFX AnimationTimerLoop
15:51:08.398 [JavaFX Application Thread] DEBUG Input                - Clearing active input actions
15:51:08.405 [FXGL Background Thread 4 ] DEBUG FXGLAssetLoaderServi - Loading from file system: jar:file:///C:/Users/Balong/.m2/repository/com/github/almasb/fxgl/17.2/fxgl-17.2.jar!/fxglassets/ui/fonts/Courier-Prime.ttf
15:51:08.409 [JavaFX Application Thread] DEBUG GameApplicationServi - Removing overlay from FXGLStartupScene and adding to FXGLMainMenuDummyScene
15:51:08.411 [JavaFX Application Thread] DEBUG PrimaryStageWindow   - FXGLStartupScene -> FXGLMainMenuDummyScene
15:51:08.413 [JavaFX Application Thread] DEBUG PrimaryStageWindow   - Push state: RiderMainMenuScene
15:51:08.413 [JavaFX Application Thread] DEBUG Input                - Clearing active input actions
15:51:08.420 [JavaFX Application Thread] DEBUG GameApplicationServi - Removing overlay from FXGLMainMenuDummyScene and adding to RiderMainMenuScene
15:51:08.420 [JavaFX Application Thread] DEBUG PrimaryStageWindow   - FXGLMainMenuDummyScene -> RiderMainMenuScene
15:51:08.539 [JavaFX Application Thread] DEBUG FXGLApplication      - Registering font factories with UI factory
15:51:08.657 [FXGL Background Thread 2 ] INFO  UpdaterService       - Your current version:  17.2
15:51:08.657 [FXGL Background Thread 2 ] INFO  UpdaterService       - Latest stable version: 21.1
15:51:11.352 [FXGL Background Thread 3 ] DEBUG Engine               - Logging environment variables
15:51:11.352 [FXGL Background Thread 3 ] DEBUG Engine               - achievements: []
15:51:11.352 [FXGL Background Thread 3 ] DEBUG Engine               - actualHeight: 720.0
15:51:11.352 [FXGL Background Thread 3 ] DEBUG Engine               - actualHeightProperty: ReadOnlyDoubleProperty [value: 720.0]
15:51:11.352 [FXGL Background Thread 3 ] DEBUG Engine               - actualWidth: 1280.0
15:51:11.352 [FXGL Background Thread 3 ] DEBUG Engine               - actualWidthProperty: ReadOnlyDoubleProperty [value: 1280.0]
15:51:11.352 [FXGL Background Thread 3 ] DEBUG Engine               - appIcon: fxgl_icon.png
15:51:11.352 [FXGL Background Thread 3 ] DEBUG Engine               - applicationMode: DEVELOPER
15:51:11.352 [FXGL Background Thread 3 ] DEBUG Engine               - cSSList: [fxgl_dark.css]
15:51:11.352 [FXGL Background Thread 3 ] DEBUG Engine               - collisionDetectionStrategy: BRUTE_FORCE
15:51:11.352 [FXGL Background Thread 3 ] DEBUG Engine               - configClass: Optional.empty
15:51:11.353 [FXGL Background Thread 3 ] DEBUG Engine               - credits: []
15:51:11.353 [FXGL Background Thread 3 ] DEBUG Engine               - defaultCursor: CursorInfo(imageName=fxgl_default_cursor.png, hotspotX=7.0, hotspotY=6.0)
15:51:11.353 [FXGL Background Thread 3 ] DEBUG Engine               - devBBoxColorProperty: ObjectProperty [value: 0xff0000ff]
15:51:11.353 [FXGL Background Thread 3 ] DEBUG Engine               - devEnableDebugCameraProperty: BooleanProperty [value: false]
15:51:11.353 [FXGL Background Thread 3 ] DEBUG Engine               - devSensorColorProperty: ObjectProperty [value: 0xffff00ff]
15:51:11.353 [FXGL Background Thread 3 ] DEBUG Engine               - devShowBBoxProperty: BooleanProperty [value: false]
15:51:11.353 [FXGL Background Thread 3 ] DEBUG Engine               - devShowPositionProperty: BooleanProperty [value: false]
15:51:11.353 [FXGL Background Thread 3 ] DEBUG Engine               - enabledMenuItems: []
15:51:11.353 [FXGL Background Thread 3 ] DEBUG Engine               - engineServices: [class com.almasb.fxgl.app.services.FXGLAssetLoaderService, class com.almasb.fxgl.app.FXGLApplication$GameApplicationService, class com.almasb.fxgl.app.services.FXGLDialogService, class com.almasb.fxgl.app.services.IOTaskExecutorService, class com.almasb.fxgl.io.FileSystemService, class com.almasb.fxgl.localization.LocalizationService, class com.almasb.fxgl.app.services.SystemBundleService, class com.almasb.fxgl.profile.SaveLoadService, class com.almasb.fxgl.ui.FXGLUIFactoryServiceProvider, class com.almasb.fxgl.ui.FXGLDialogFactoryServiceProvider, class com.almasb.fxgl.audio.AudioPlayer, class com.almasb.fxgl.notification.impl.NotificationServiceProvider, class com.almasb.fxgl.achievement.AchievementService, class com.almasb.fxgl.cutscene.CutsceneService, class com.almasb.fxgl.minigames.MiniGameService, class com.almasb.fxgl.net.NetService, class com.almasb.fxgl.app.services.UpdaterService, class com.almasb.fxgl.dev.DevService]
15:51:11.353 [FXGL Background Thread 3 ] DEBUG Engine               - fontGame: Abel-Regular.ttf
15:51:11.353 [FXGL Background Thread 3 ] DEBUG Engine               - fontMono: TerminalLandMono-Regular.otf
15:51:11.353 [FXGL Background Thread 3 ] DEBUG Engine               - fontText: Courier-Prime.ttf
15:51:11.353 [FXGL Background Thread 3 ] DEBUG Engine               - fontUI: VarelaRound-Regular.ttf
15:51:11.353 [FXGL Background Thread 3 ] DEBUG Engine               - fullScreen: BooleanProperty [value: false]
15:51:11.353 [FXGL Background Thread 3 ] DEBUG Engine               - gameDifficulty: MEDIUM
15:51:11.353 [FXGL Background Thread 3 ] DEBUG Engine               - gameDifficultyProperty: ObjectProperty [value: MEDIUM]
15:51:11.354 [FXGL Background Thread 3 ] DEBUG Engine               - globalMusicVolume: 0.5
15:51:11.354 [FXGL Background Thread 3 ] DEBUG Engine               - globalMusicVolumeProperty: DoubleProperty [value: 0.25]
15:51:11.354 [FXGL Background Thread 3 ] DEBUG Engine               - globalSoundVolume: 0.5
15:51:11.354 [FXGL Background Thread 3 ] DEBUG Engine               - globalSoundVolumeProperty: DoubleProperty [value: 0.5]
15:51:11.354 [FXGL Background Thread 3 ] DEBUG Engine               - height: 720
15:51:11.354 [FXGL Background Thread 3 ] DEBUG Engine               - is3D: false
15:51:11.354 [FXGL Background Thread 3 ] DEBUG Engine               - isAndroid: false
15:51:11.354 [FXGL Background Thread 3 ] DEBUG Engine               - isBrowser: false
15:51:11.354 [FXGL Background Thread 3 ] DEBUG Engine               - isClickFeedbackEnabled: false
15:51:11.354 [FXGL Background Thread 3 ] DEBUG Engine               - isCloseConfirmation: false
15:51:11.354 [FXGL Background Thread 3 ] DEBUG Engine               - isDesktop: true
15:51:11.354 [FXGL Background Thread 3 ] DEBUG Engine               - isDeveloperMenuEnabled: true
15:51:11.354 [FXGL Background Thread 3 ] DEBUG Engine               - isEmbedded: false
15:51:11.354 [FXGL Background Thread 3 ] DEBUG Engine               - isEntityPreloadEnabled: true
15:51:11.354 [FXGL Background Thread 3 ] DEBUG Engine               - isExperimentalTiledLargeMap: false
15:51:11.354 [FXGL Background Thread 3 ] DEBUG Engine               - isFileSystemWriteAllowed: true
15:51:11.354 [FXGL Background Thread 3 ] DEBUG Engine               - isFullScreenAllowed: false
15:51:11.354 [FXGL Background Thread 3 ] DEBUG Engine               - isFullScreenFromStart: false
15:51:11.354 [FXGL Background Thread 3 ] DEBUG Engine               - isGameMenuEnabled: true
15:51:11.354 [FXGL Background Thread 3 ] DEBUG Engine               - isIOS: false
15:51:11.354 [FXGL Background Thread 3 ] DEBUG Engine               - isIntroEnabled: false
15:51:11.354 [FXGL Background Thread 3 ] DEBUG Engine               - isLinux: false
15:51:11.354 [FXGL Background Thread 3 ] DEBUG Engine               - isMac: false
15:51:11.354 [FXGL Background Thread 3 ] DEBUG Engine               - isMainMenuEnabled: true
15:51:11.355 [FXGL Background Thread 3 ] DEBUG Engine               - isManualResizeEnabled: false
15:51:11.355 [FXGL Background Thread 3 ] DEBUG Engine               - isMobile: false
15:51:11.355 [FXGL Background Thread 3 ] DEBUG Engine               - isNative: false
15:51:11.355 [FXGL Background Thread 3 ] DEBUG Engine               - isPauseMusicWhenMinimized: true
15:51:11.355 [FXGL Background Thread 3 ] DEBUG Engine               - isPreserveResizeRatio: false
15:51:11.355 [FXGL Background Thread 3 ] DEBUG Engine               - isProfilingEnabled: false
15:51:11.355 [FXGL Background Thread 3 ] DEBUG Engine               - isScaleAffectedOnResize: true
15:51:11.355 [FXGL Background Thread 3 ] DEBUG Engine               - isSingleStep: false
15:51:11.355 [FXGL Background Thread 3 ] DEBUG Engine               - isUserProfileEnabled: false
15:51:11.355 [FXGL Background Thread 3 ] DEBUG Engine               - isWindows: true
15:51:11.355 [FXGL Background Thread 3 ] DEBUG Engine               - language: ObjectProperty [value: ENGLISH]
15:51:11.355 [FXGL Background Thread 3 ] DEBUG Engine               - menuKey: ESCAPE
15:51:11.355 [FXGL Background Thread 3 ] DEBUG Engine               - mouseSensitivity: 0.2
15:51:11.355 [FXGL Background Thread 3 ] DEBUG Engine               - notificationViewClass: class com.almasb.fxgl.notification.view.XboxNotificationView
15:51:11.355 [FXGL Background Thread 3 ] DEBUG Engine               - pixelsPerMeter: 50.0
15:51:11.355 [FXGL Background Thread 3 ] DEBUG Engine               - platform: WINDOWS
15:51:11.355 [FXGL Background Thread 3 ] DEBUG Engine               - prefHeightProperty: ReadOnlyDoubleProperty [value: 720.0]
15:51:11.355 [FXGL Background Thread 3 ] DEBUG Engine               - prefWidthProperty: ReadOnlyDoubleProperty [value: 1280.0]
15:51:11.355 [FXGL Background Thread 3 ] DEBUG Engine               - profileDir: profiles/
15:51:11.355 [FXGL Background Thread 3 ] DEBUG Engine               - profileName: StringProperty [value: DEFAULT]
15:51:11.355 [FXGL Background Thread 3 ] DEBUG Engine               - randomSeed: -1
15:51:11.355 [FXGL Background Thread 3 ] DEBUG Engine               - runtimeInfo: RuntimeInfo(platform=WINDOWS, version=17.2, build=20.08.2022 16.50)
15:51:11.356 [FXGL Background Thread 3 ] DEBUG Engine               - saveFileExt: sav
15:51:11.356 [FXGL Background Thread 3 ] DEBUG Engine               - scaledHeightProp$fxgl: DoubleProperty [bound, value: 720.0]
15:51:11.356 [FXGL Background Thread 3 ] DEBUG Engine               - scaledWidthProp$fxgl: DoubleProperty [bound, value: 1280.0]
15:51:11.356 [FXGL Background Thread 3 ] DEBUG Engine               - sceneFactory: com.sunsofgod.PlatformerApp$1@6ff6aaa6
15:51:11.356 [FXGL Background Thread 3 ] DEBUG Engine               - secondsIn24h: 60
15:51:11.356 [FXGL Background Thread 3 ] DEBUG Engine               - soundMenuBack: menu/back.wav
15:51:11.356 [FXGL Background Thread 3 ] DEBUG Engine               - soundMenuPress: menu/press.wav
15:51:11.356 [FXGL Background Thread 3 ] DEBUG Engine               - soundMenuSelect: menu/select.wav
15:51:11.356 [FXGL Background Thread 3 ] DEBUG Engine               - soundNotification: core/notification.wav
15:51:11.356 [FXGL Background Thread 3 ] DEBUG Engine               - stageStyle: DECORATED
15:51:11.356 [FXGL Background Thread 3 ] DEBUG Engine               - supportedLanguages: [ENGLISH, FRENCH, GERMAN, HUNGARIAN, RUSSIAN]
15:51:11.356 [FXGL Background Thread 3 ] DEBUG Engine               - ticksPerSecond: -1
15:51:11.356 [FXGL Background Thread 3 ] DEBUG Engine               - title: Untitled
15:51:11.356 [FXGL Background Thread 3 ] DEBUG Engine               - urlGithub: https://github.com/AlmasB/FXGL
15:51:11.356 [FXGL Background Thread 3 ] DEBUG Engine               - urlLeaderboard: http://fxgl-top.herokuapp.com/
15:51:11.356 [FXGL Background Thread 3 ] DEBUG Engine               - urlPOM: https://raw.githubusercontent.com/AlmasB/FXGL/release/README.md
15:51:11.356 [FXGL Background Thread 3 ] DEBUG Engine               - userAppClass: class com.sunsofgod.PlatformerApp
15:51:11.356 [FXGL Background Thread 3 ] DEBUG Engine               - version: 0.0
15:51:11.356 [FXGL Background Thread 3 ] DEBUG Engine               - versionCheckDays: 7
15:51:11.356 [FXGL Background Thread 3 ] DEBUG Engine               - width: 1280
15:51:11.356 [FXGL Background Thread 3 ] DEBUG Engine               - Logging services
15:51:11.356 [FXGL Background Thread 3 ] DEBUG Engine               - class com.almasb.fxgl.app.services.FXGLAssetLoaderService
15:51:11.356 [FXGL Background Thread 3 ] DEBUG Engine               - class com.almasb.fxgl.app.FXGLApplication$GameApplicationService
15:51:11.356 [FXGL Background Thread 3 ] DEBUG Engine               - class com.almasb.fxgl.app.services.FXGLDialogService
15:51:11.356 [FXGL Background Thread 3 ] DEBUG Engine               - class com.almasb.fxgl.app.services.IOTaskExecutorService
15:51:11.356 [FXGL Background Thread 3 ] DEBUG Engine               - class com.almasb.fxgl.io.FileSystemService
15:51:11.356 [FXGL Background Thread 3 ] DEBUG Engine               - class com.almasb.fxgl.localization.LocalizationService
15:51:11.357 [FXGL Background Thread 3 ] DEBUG Engine               - class com.almasb.fxgl.app.services.SystemBundleService
15:51:11.357 [FXGL Background Thread 3 ] DEBUG Engine               - class com.almasb.fxgl.profile.SaveLoadService
15:51:11.357 [FXGL Background Thread 3 ] DEBUG Engine               - class com.almasb.fxgl.ui.FXGLUIFactoryServiceProvider
15:51:11.357 [FXGL Background Thread 3 ] DEBUG Engine               - class com.almasb.fxgl.ui.FXGLDialogFactoryServiceProvider
15:51:11.357 [FXGL Background Thread 3 ] DEBUG Engine               - class com.almasb.fxgl.audio.AudioPlayer
15:51:11.357 [FXGL Background Thread 3 ] DEBUG Engine               - class com.almasb.fxgl.notification.impl.NotificationServiceProvider
15:51:11.357 [FXGL Background Thread 3 ] DEBUG Engine               - class com.almasb.fxgl.achievement.AchievementService
15:51:11.357 [FXGL Background Thread 3 ] DEBUG Engine               - class com.almasb.fxgl.cutscene.CutsceneService
15:51:11.357 [FXGL Background Thread 3 ] DEBUG Engine               - class com.almasb.fxgl.minigames.MiniGameService
15:51:11.357 [FXGL Background Thread 3 ] DEBUG Engine               - class com.almasb.fxgl.net.NetService
15:51:11.357 [FXGL Background Thread 3 ] DEBUG Engine               - class com.almasb.fxgl.app.services.UpdaterService
15:51:11.357 [FXGL Background Thread 3 ] DEBUG Engine               - class com.almasb.fxgl.dev.DevService
15:51:11.421 [JavaFX Application Thread] DEBUG PrimaryStageWindow   - Push state: PlayerSelectScene
15:51:11.421 [JavaFX Application Thread] DEBUG Input                - Clearing active input actions
15:51:11.422 [JavaFX Application Thread] DEBUG GameApplicationServi - Removing overlay from RiderMainMenuScene and adding to PlayerSelectScene
15:51:11.423 [JavaFX Application Thread] DEBUG PrimaryStageWindow   - RiderMainMenuScene -> PlayerSelectScene
15:58:21.414 [JavaFX Application Thread] DEBUG FXGLApplication      - Exiting FXGL
15:58:21.415 [JavaFX Application Thread] DEBUG LoopRunner           - Stopping loop
15:58:21.415 [JavaFX Application Thread] DEBUG SystemBundleService  - Saving FXGL system data
15:58:21.416 [JavaFX Application Thread] DEBUG FileSystemAccess     - Writing to: C:\Users\Balong\Desktop\JavaFXGame-1\system\fxgl.bundle
15:58:21.418 [JavaFX Application Thread] DEBUG Async                - Shutting down background threads
15:58:21.418 [JavaFX Application Thread] DEBUG PrimaryStageWindow   - Closing main window
15:58:21.425 [JavaFX Application Thread] DEBUG Logger               - Closing Logger
