12:05:01.016 [main                     ] DEBUG Logger               - Configured Logger
12:05:01.031 [main                     ] DEBUG GameApplication      - Logging settings
Title: Untitled
Version: 0.0
Width: 1280
Height: 720
Fullscreen: false
Intro: false
Profiling: false
Single step:false
App Mode: DEVELOPER
Menu Key: ESCAPE
Stage Style: DECORATED
Scene Factory: class com.sunsofgod.PlatformerApp$1

12:05:01.296 [JavaFX Application Thread] DEBUG FXGLApplication      - Initializing FXGL
12:05:01.299 [JavaFX Application Thread] INFO  Engine               - FXGL-17.2 (20.08.2022 16.50) on WINDOWS (J:21.0.4 FX:17.0.12)
12:05:01.299 [JavaFX Application Thread] DEBUG Engine               - JRE Vendor Name: Eclipse Adoptium
12:05:01.300 [JavaFX Application Thread] DEBUG Engine               - Running on OS: Windows 11 version 10.0
12:05:01.300 [JavaFX Application Thread] DEBUG Engine               - Architecture: amd64
12:05:01.300 [JavaFX Application Thread] INFO  Engine               - Source code and latest versions at: https://github.com/AlmasB/FXGL
12:05:01.300 [JavaFX Application Thread] INFO  Engine               -       Ask questions and discuss at: https://github.com/AlmasB/FXGL/discussions
12:05:01.300 [JavaFX Application Thread] INFO  Engine               -              Join the FXGL chat at: https://gitter.im/AlmasB/FXGL
12:05:01.361 [JavaFX Application Thread] DEBUG PrimaryStageWindow   - Creating a JavaFX scene
12:05:01.387 [JavaFX Application Thread] DEBUG PrimaryStageWindow   - Target settings size: 1280.0 x 720.0
12:05:01.387 [JavaFX Application Thread] DEBUG PrimaryStageWindow   - Scaled scene size:    1280.0 x 720.0
12:05:01.387 [JavaFX Application Thread] DEBUG PrimaryStageWindow   - Scaled ratio: (1.0, 1.0)
12:05:01.388 [JavaFX Application Thread] DEBUG PrimaryStageWindow   - Set initial scene to FXGLStartupScene
12:05:01.393 [JavaFX Application Thread] DEBUG PrimaryStageWindow   - Opening main window
12:05:01.446 [JavaFX Application Thread] DEBUG PrimaryStageWindow   - Window border size: (16.0, 39.0)
12:05:01.447 [JavaFX Application Thread] DEBUG PrimaryStageWindow   - Scaled size: 1280.0 x 720.0
12:05:01.447 [JavaFX Application Thread] DEBUG PrimaryStageWindow   - Scaled ratio: (1.0, 1.0)
12:05:01.447 [JavaFX Application Thread] DEBUG PrimaryStageWindow   - Scene size: 1280.0 x 720.0
12:05:01.447 [JavaFX Application Thread] DEBUG PrimaryStageWindow   - Stage size: 1296.0 x 759.0
12:05:01.452 [FXGL Background Thread 1 ] DEBUG Engine               - Initializing environment variables
12:05:01.482 [FXGL Background Thread 1 ] DEBUG FXGLAssetLoaderServi - User app class for loading assets: class com.sunsofgod.PlatformerApp
12:05:01.482 [FXGL Background Thread 1 ] DEBUG GameApplicationServi - Applying CSS: fxgl_dark.css
12:05:01.482 [FXGL Background Thread 1 ] DEBUG FXGLAssetLoaderServi - Loading from file system: jar:file:///C:/Users/Balong/.m2/repository/com/github/almasb/fxgl/17.2/fxgl-17.2.jar!/fxglassets/ui/css/fxgl_dark.css
12:05:01.510 [FXGL Background Thread 1 ] DEBUG GameApplicationServi - Initializing application scenes
12:05:01.539 [FXGL Background Thread 1 ] WARN  FXGLAssetLoaderServi - Asset "/assets/textures/player.png" was not found!
12:05:01.539 [FXGL Background Thread 1 ] WARN  FXGLAssetLoaderServi - Failed to load IMAGE
12:05:01.555 [FXGL Background Thread 1 ] DEBUG GameWorld            - Game world initialized
12:05:01.587 [FXGL Background Thread 1 ] DEBUG PhysicsWorld         - Physics world initialized: appHeight=720, physics.ppm=50.0
12:05:01.587 [FXGL Background Thread 1 ] DEBUG PhysicsWorld         - Using strategy: BRUTE_FORCE
12:05:01.589 [FXGL Background Thread 1 ] DEBUG GameScene            - Game scene initialized: 1280x720
12:05:01.779 [FXGL Background Thread 1 ] DEBUG GameApplicationServi - Application scenes initialized
12:05:01.789 [FXGL Background Thread 1 ] DEBUG SystemBundleService  - Loading FXGL system data
12:05:01.792 [FXGL Background Thread 1 ] DEBUG FileSystemAccess     - Reading from: C:\Users\Balong\Desktop\JavaFXGame-4\system\fxgl.bundle
12:05:01.799 [FXGL Background Thread 1 ] DEBUG SystemBundleService  - Bundle FXGL: {}
12:05:01.799 [FXGL Background Thread 1 ] DEBUG UpdaterService       - Checking for updates
12:05:01.816 [FXGL Background Thread 4 ] DEBUG FXGLApplication      - Loading fonts
12:05:01.816 [FXGL Background Thread 1 ] DEBUG FXGLApplication      - Loading default localization
12:05:01.816 [FXGL Background Thread 4 ] DEBUG FXGLAssetLoaderServi - Loading from file system: jar:file:///C:/Users/Balong/.m2/repository/com/github/almasb/fxgl/17.2/fxgl-17.2.jar!/fxglassets/ui/fonts/VarelaRound-Regular.ttf
12:05:01.816 [FXGL Background Thread 1 ] DEBUG FXGLAssetLoaderServi - Loading from file system: jar:file:///C:/Users/Balong/.m2/repository/com/github/almasb/fxgl/17.2/fxgl-17.2.jar!/fxglassets/languages/english.lang
12:05:01.840 [FXGL Background Thread 1 ] INFO  FXGLApplication      - FXGL initialization took: 0.388 sec
12:05:01.841 [JavaFX Application Thread] DEBUG FXGLAssetLoaderServi - Loading from file system: jar:file:///C:/Users/Balong/.m2/repository/com/github/almasb/fxgl/17.2/fxgl-17.2.jar!/fxglassets/textures/fxgl_icon.png
12:05:01.855 [JavaFX Application Thread] DEBUG FXGLAssetLoaderServi - Loading from file system: jar:file:///C:/Users/Balong/.m2/repository/com/github/almasb/fxgl/17.2/fxgl-17.2.jar!/fxglassets/textures/fxgl_default_cursor.png
12:05:01.858 [FXGL Background Thread 4 ] DEBUG FXGLAssetLoaderServi - Loading from file system: jar:file:///C:/Users/Balong/.m2/repository/com/github/almasb/fxgl/17.2/fxgl-17.2.jar!/fxglassets/ui/fonts/Abel-Regular.ttf
12:05:01.863 [JavaFX Application Thread] DEBUG Input                - Registered new binding: Screenshot - CTRL+8
12:05:01.864 [JavaFX Application Thread] DEBUG Input                - Registered new binding: Dev Options - 1
12:05:01.864 [JavaFX Application Thread] DEBUG Input                - Registered new binding: Dev Console - 2
12:05:01.865 [JavaFX Application Thread] DEBUG Input                - Registered new binding: System info dump - CTRL+9
12:05:01.865 [JavaFX Application Thread] DEBUG Input                - Registered new binding: Restart - CTRL+R
12:05:01.865 [JavaFX Application Thread] DEBUG Input                - Registered new binding: Toggle Debug Camera - CTRL+7
12:05:01.867 [JavaFX Application Thread] DEBUG LoopRunner           - Starting loop
12:05:01.869 [FXGL Background Thread 4 ] DEBUG FXGLAssetLoaderServi - Loading from file system: jar:file:///C:/Users/Balong/.m2/repository/com/github/almasb/fxgl/17.2/fxgl-17.2.jar!/fxglassets/ui/fonts/TerminalLandMono-Regular.otf
12:05:01.877 [JavaFX Application Thread] DEBUG LoopRunner           - Initializing JavaFX AnimationTimerLoop
12:05:01.879 [JavaFX Application Thread] DEBUG Input                - Clearing active input actions
12:05:01.887 [JavaFX Application Thread] DEBUG GameApplicationServi - Removing overlay from FXGLStartupScene and adding to FXGLMainMenuDummyScene
12:05:01.888 [FXGL Background Thread 4 ] DEBUG FXGLAssetLoaderServi - Loading from file system: jar:file:///C:/Users/Balong/.m2/repository/com/github/almasb/fxgl/17.2/fxgl-17.2.jar!/fxglassets/ui/fonts/Courier-Prime.ttf
12:05:01.890 [JavaFX Application Thread] DEBUG PrimaryStageWindow   - FXGLStartupScene -> FXGLMainMenuDummyScene
12:05:01.890 [JavaFX Application Thread] DEBUG PrimaryStageWindow   - Push state: RiderMainMenuScene
12:05:01.890 [JavaFX Application Thread] DEBUG Input                - Clearing active input actions
12:05:01.894 [JavaFX Application Thread] DEBUG GameApplicationServi - Removing overlay from FXGLMainMenuDummyScene and adding to RiderMainMenuScene
12:05:01.894 [JavaFX Application Thread] DEBUG PrimaryStageWindow   - FXGLMainMenuDummyScene -> RiderMainMenuScene
12:05:02.009 [JavaFX Application Thread] DEBUG FXGLApplication      - Registering font factories with UI factory
12:05:02.477 [FXGL Background Thread 2 ] INFO  UpdaterService       - Your current version:  17.2
12:05:02.477 [FXGL Background Thread 2 ] INFO  UpdaterService       - Latest stable version: 21.1
12:05:02.982 [JavaFX Application Thread] DEBUG PrimaryStageWindow   - Push state: PlayerSelectScene
12:05:02.983 [JavaFX Application Thread] DEBUG Input                - Clearing active input actions
12:05:02.983 [JavaFX Application Thread] DEBUG GameApplicationServi - Removing overlay from RiderMainMenuScene and adding to PlayerSelectScene
12:05:02.985 [JavaFX Application Thread] DEBUG PrimaryStageWindow   - RiderMainMenuScene -> PlayerSelectScene
12:05:04.815 [FXGL Background Thread 3 ] DEBUG Engine               - Logging environment variables
12:05:04.815 [FXGL Background Thread 3 ] DEBUG Engine               - achievements: []
12:05:04.815 [FXGL Background Thread 3 ] DEBUG Engine               - actualHeight: 720.0
12:05:04.815 [FXGL Background Thread 3 ] DEBUG Engine               - actualHeightProperty: ReadOnlyDoubleProperty [value: 720.0]
12:05:04.815 [FXGL Background Thread 3 ] DEBUG Engine               - actualWidth: 1280.0
12:05:04.815 [FXGL Background Thread 3 ] DEBUG Engine               - actualWidthProperty: ReadOnlyDoubleProperty [value: 1280.0]
12:05:04.815 [FXGL Background Thread 3 ] DEBUG Engine               - appIcon: fxgl_icon.png
12:05:04.816 [FXGL Background Thread 3 ] DEBUG Engine               - applicationMode: DEVELOPER
12:05:04.816 [FXGL Background Thread 3 ] DEBUG Engine               - cSSList: [fxgl_dark.css]
12:05:04.816 [FXGL Background Thread 3 ] DEBUG Engine               - collisionDetectionStrategy: BRUTE_FORCE
12:05:04.816 [FXGL Background Thread 3 ] DEBUG Engine               - configClass: Optional.empty
12:05:04.816 [FXGL Background Thread 3 ] DEBUG Engine               - credits: []
12:05:04.817 [FXGL Background Thread 3 ] DEBUG Engine               - defaultCursor: CursorInfo(imageName=fxgl_default_cursor.png, hotspotX=7.0, hotspotY=6.0)
12:05:04.817 [FXGL Background Thread 3 ] DEBUG Engine               - devBBoxColorProperty: ObjectProperty [value: 0xff0000ff]
12:05:04.817 [FXGL Background Thread 3 ] DEBUG Engine               - devEnableDebugCameraProperty: BooleanProperty [value: false]
12:05:04.817 [FXGL Background Thread 3 ] DEBUG Engine               - devSensorColorProperty: ObjectProperty [value: 0xffff00ff]
12:05:04.817 [FXGL Background Thread 3 ] DEBUG Engine               - devShowBBoxProperty: BooleanProperty [value: false]
12:05:04.817 [FXGL Background Thread 3 ] DEBUG Engine               - devShowPositionProperty: BooleanProperty [value: false]
12:05:04.817 [FXGL Background Thread 3 ] DEBUG Engine               - enabledMenuItems: []
12:05:04.817 [FXGL Background Thread 3 ] DEBUG Engine               - engineServices: [class com.almasb.fxgl.app.services.FXGLAssetLoaderService, class com.almasb.fxgl.app.FXGLApplication$GameApplicationService, class com.almasb.fxgl.app.services.FXGLDialogService, class com.almasb.fxgl.app.services.IOTaskExecutorService, class com.almasb.fxgl.io.FileSystemService, class com.almasb.fxgl.localization.LocalizationService, class com.almasb.fxgl.app.services.SystemBundleService, class com.almasb.fxgl.profile.SaveLoadService, class com.almasb.fxgl.ui.FXGLUIFactoryServiceProvider, class com.almasb.fxgl.ui.FXGLDialogFactoryServiceProvider, class com.almasb.fxgl.audio.AudioPlayer, class com.almasb.fxgl.notification.impl.NotificationServiceProvider, class com.almasb.fxgl.achievement.AchievementService, class com.almasb.fxgl.cutscene.CutsceneService, class com.almasb.fxgl.minigames.MiniGameService, class com.almasb.fxgl.net.NetService, class com.almasb.fxgl.app.services.UpdaterService, class com.almasb.fxgl.dev.DevService]
12:05:04.817 [FXGL Background Thread 3 ] DEBUG Engine               - fontGame: Abel-Regular.ttf
12:05:04.817 [FXGL Background Thread 3 ] DEBUG Engine               - fontMono: TerminalLandMono-Regular.otf
12:05:04.817 [FXGL Background Thread 3 ] DEBUG Engine               - fontText: Courier-Prime.ttf
12:05:04.817 [FXGL Background Thread 3 ] DEBUG Engine               - fontUI: VarelaRound-Regular.ttf
12:05:04.817 [FXGL Background Thread 3 ] DEBUG Engine               - fullScreen: BooleanProperty [value: false]
12:05:04.817 [FXGL Background Thread 3 ] DEBUG Engine               - gameDifficulty: MEDIUM
12:05:04.817 [FXGL Background Thread 3 ] DEBUG Engine               - gameDifficultyProperty: ObjectProperty [value: MEDIUM]
12:05:04.817 [FXGL Background Thread 3 ] DEBUG Engine               - globalMusicVolume: 0.5
12:05:04.818 [FXGL Background Thread 3 ] DEBUG Engine               - globalMusicVolumeProperty: DoubleProperty [value: 0.25]
12:05:04.818 [FXGL Background Thread 3 ] DEBUG Engine               - globalSoundVolume: 0.5
12:05:04.818 [FXGL Background Thread 3 ] DEBUG Engine               - globalSoundVolumeProperty: DoubleProperty [value: 0.5]
12:05:04.818 [FXGL Background Thread 3 ] DEBUG Engine               - height: 720
12:05:04.818 [FXGL Background Thread 3 ] DEBUG Engine               - is3D: false
12:05:04.818 [FXGL Background Thread 3 ] DEBUG Engine               - isAndroid: false
12:05:04.818 [FXGL Background Thread 3 ] DEBUG Engine               - isBrowser: false
12:05:04.818 [FXGL Background Thread 3 ] DEBUG Engine               - isClickFeedbackEnabled: false
12:05:04.818 [FXGL Background Thread 3 ] DEBUG Engine               - isCloseConfirmation: false
12:05:04.818 [FXGL Background Thread 3 ] DEBUG Engine               - isDesktop: true
12:05:04.818 [FXGL Background Thread 3 ] DEBUG Engine               - isDeveloperMenuEnabled: true
12:05:04.818 [FXGL Background Thread 3 ] DEBUG Engine               - isEmbedded: false
12:05:04.818 [FXGL Background Thread 3 ] DEBUG Engine               - isEntityPreloadEnabled: true
12:05:04.818 [FXGL Background Thread 3 ] DEBUG Engine               - isExperimentalTiledLargeMap: false
12:05:04.818 [FXGL Background Thread 3 ] DEBUG Engine               - isFileSystemWriteAllowed: true
12:05:04.818 [FXGL Background Thread 3 ] DEBUG Engine               - isFullScreenAllowed: false
12:05:04.818 [FXGL Background Thread 3 ] DEBUG Engine               - isFullScreenFromStart: false
12:05:04.818 [FXGL Background Thread 3 ] DEBUG Engine               - isGameMenuEnabled: true
12:05:04.818 [FXGL Background Thread 3 ] DEBUG Engine               - isIOS: false
12:05:04.818 [FXGL Background Thread 3 ] DEBUG Engine               - isIntroEnabled: false
12:05:04.818 [FXGL Background Thread 3 ] DEBUG Engine               - isLinux: false
12:05:04.818 [FXGL Background Thread 3 ] DEBUG Engine               - isMac: false
12:05:04.818 [FXGL Background Thread 3 ] DEBUG Engine               - isMainMenuEnabled: true
12:05:04.818 [FXGL Background Thread 3 ] DEBUG Engine               - isManualResizeEnabled: false
12:05:04.819 [FXGL Background Thread 3 ] DEBUG Engine               - isMobile: false
12:05:04.819 [FXGL Background Thread 3 ] DEBUG Engine               - isNative: false
12:05:04.819 [FXGL Background Thread 3 ] DEBUG Engine               - isPauseMusicWhenMinimized: true
12:05:04.819 [FXGL Background Thread 3 ] DEBUG Engine               - isPreserveResizeRatio: false
12:05:04.819 [FXGL Background Thread 3 ] DEBUG Engine               - isProfilingEnabled: false
12:05:04.819 [FXGL Background Thread 3 ] DEBUG Engine               - isScaleAffectedOnResize: true
12:05:04.819 [FXGL Background Thread 3 ] DEBUG Engine               - isSingleStep: false
12:05:04.819 [FXGL Background Thread 3 ] DEBUG Engine               - isUserProfileEnabled: false
12:05:04.819 [FXGL Background Thread 3 ] DEBUG Engine               - isWindows: true
12:05:04.819 [FXGL Background Thread 3 ] DEBUG Engine               - language: ObjectProperty [value: ENGLISH]
12:05:04.819 [FXGL Background Thread 3 ] DEBUG Engine               - menuKey: ESCAPE
12:05:04.819 [FXGL Background Thread 3 ] DEBUG Engine               - mouseSensitivity: 0.2
12:05:04.819 [FXGL Background Thread 3 ] DEBUG Engine               - notificationViewClass: class com.almasb.fxgl.notification.view.XboxNotificationView
12:05:04.819 [FXGL Background Thread 3 ] DEBUG Engine               - pixelsPerMeter: 50.0
12:05:04.819 [FXGL Background Thread 3 ] DEBUG Engine               - platform: WINDOWS
12:05:04.819 [FXGL Background Thread 3 ] DEBUG Engine               - prefHeightProperty: ReadOnlyDoubleProperty [value: 720.0]
12:05:04.819 [FXGL Background Thread 3 ] DEBUG Engine               - prefWidthProperty: ReadOnlyDoubleProperty [value: 1280.0]
12:05:04.819 [FXGL Background Thread 3 ] DEBUG Engine               - profileDir: profiles/
12:05:04.819 [FXGL Background Thread 3 ] DEBUG Engine               - profileName: StringProperty [value: DEFAULT]
12:05:04.819 [FXGL Background Thread 3 ] DEBUG Engine               - randomSeed: -1
12:05:04.820 [FXGL Background Thread 3 ] DEBUG Engine               - runtimeInfo: RuntimeInfo(platform=WINDOWS, version=17.2, build=20.08.2022 16.50)
12:05:04.820 [FXGL Background Thread 3 ] DEBUG Engine               - saveFileExt: sav
12:05:04.820 [FXGL Background Thread 3 ] DEBUG Engine               - scaledHeightProp$fxgl: DoubleProperty [bound, value: 720.0]
12:05:04.820 [FXGL Background Thread 3 ] DEBUG Engine               - scaledWidthProp$fxgl: DoubleProperty [bound, value: 1280.0]
12:05:04.820 [FXGL Background Thread 3 ] DEBUG Engine               - sceneFactory: com.sunsofgod.PlatformerApp$1@5e24f984
12:05:04.820 [FXGL Background Thread 3 ] DEBUG Engine               - secondsIn24h: 60
12:05:04.820 [FXGL Background Thread 3 ] DEBUG Engine               - soundMenuBack: menu/back.wav
12:05:04.820 [FXGL Background Thread 3 ] DEBUG Engine               - soundMenuPress: menu/press.wav
12:05:04.820 [FXGL Background Thread 3 ] DEBUG Engine               - soundMenuSelect: menu/select.wav
12:05:04.820 [FXGL Background Thread 3 ] DEBUG Engine               - soundNotification: core/notification.wav
12:05:04.820 [FXGL Background Thread 3 ] DEBUG Engine               - stageStyle: DECORATED
12:05:04.820 [FXGL Background Thread 3 ] DEBUG Engine               - supportedLanguages: [ENGLISH, FRENCH, GERMAN, HUNGARIAN, RUSSIAN]
12:05:04.820 [FXGL Background Thread 3 ] DEBUG Engine               - ticksPerSecond: -1
12:05:04.820 [FXGL Background Thread 3 ] DEBUG Engine               - title: Untitled
12:05:04.820 [FXGL Background Thread 3 ] DEBUG Engine               - urlGithub: https://github.com/AlmasB/FXGL
12:05:04.820 [FXGL Background Thread 3 ] DEBUG Engine               - urlLeaderboard: http://fxgl-top.herokuapp.com/
12:05:04.820 [FXGL Background Thread 3 ] DEBUG Engine               - urlPOM: https://raw.githubusercontent.com/AlmasB/FXGL/release/README.md
12:05:04.820 [FXGL Background Thread 3 ] DEBUG Engine               - userAppClass: class com.sunsofgod.PlatformerApp
12:05:04.820 [FXGL Background Thread 3 ] DEBUG Engine               - version: 0.0
12:05:04.820 [FXGL Background Thread 3 ] DEBUG Engine               - versionCheckDays: 7
12:05:04.820 [FXGL Background Thread 3 ] DEBUG Engine               - width: 1280
12:05:04.820 [FXGL Background Thread 3 ] DEBUG Engine               - Logging services
12:05:04.821 [FXGL Background Thread 3 ] DEBUG Engine               - class com.almasb.fxgl.app.services.FXGLAssetLoaderService
12:05:04.821 [FXGL Background Thread 3 ] DEBUG Engine               - class com.almasb.fxgl.app.FXGLApplication$GameApplicationService
12:05:04.821 [FXGL Background Thread 3 ] DEBUG Engine               - class com.almasb.fxgl.app.services.FXGLDialogService
12:05:04.821 [FXGL Background Thread 3 ] DEBUG Engine               - class com.almasb.fxgl.app.services.IOTaskExecutorService
12:05:04.821 [FXGL Background Thread 3 ] DEBUG Engine               - class com.almasb.fxgl.io.FileSystemService
12:05:04.821 [FXGL Background Thread 3 ] DEBUG Engine               - class com.almasb.fxgl.localization.LocalizationService
12:05:04.821 [FXGL Background Thread 3 ] DEBUG Engine               - class com.almasb.fxgl.app.services.SystemBundleService
12:05:04.821 [FXGL Background Thread 3 ] DEBUG Engine               - class com.almasb.fxgl.profile.SaveLoadService
12:05:04.821 [FXGL Background Thread 3 ] DEBUG Engine               - class com.almasb.fxgl.ui.FXGLUIFactoryServiceProvider
12:05:04.821 [FXGL Background Thread 3 ] DEBUG Engine               - class com.almasb.fxgl.ui.FXGLDialogFactoryServiceProvider
12:05:04.821 [FXGL Background Thread 3 ] DEBUG Engine               - class com.almasb.fxgl.audio.AudioPlayer
12:05:04.821 [FXGL Background Thread 3 ] DEBUG Engine               - class com.almasb.fxgl.notification.impl.NotificationServiceProvider
12:05:04.821 [FXGL Background Thread 3 ] DEBUG Engine               - class com.almasb.fxgl.achievement.AchievementService
12:05:04.821 [FXGL Background Thread 3 ] DEBUG Engine               - class com.almasb.fxgl.cutscene.CutsceneService
12:05:04.821 [FXGL Background Thread 3 ] DEBUG Engine               - class com.almasb.fxgl.minigames.MiniGameService
12:05:04.821 [FXGL Background Thread 3 ] DEBUG Engine               - class com.almasb.fxgl.net.NetService
12:05:04.821 [FXGL Background Thread 3 ] DEBUG Engine               - class com.almasb.fxgl.app.services.UpdaterService
12:05:04.821 [FXGL Background Thread 3 ] DEBUG Engine               - class com.almasb.fxgl.dev.DevService
12:05:06.934 [JavaFX Application Thread] DEBUG PrimaryStageWindow   - Push state: LevelSelectScene
12:05:06.934 [JavaFX Application Thread] DEBUG Input                - Clearing active input actions
12:05:06.935 [JavaFX Application Thread] DEBUG GameApplicationServi - Removing overlay from PlayerSelectScene and adding to LevelSelectScene
12:05:06.936 [JavaFX Application Thread] DEBUG PrimaryStageWindow   - PlayerSelectScene -> LevelSelectScene
12:05:08.300 [JavaFX Application Thread] DEBUG PrimaryStageWindow   - Pop state: LevelSelectScene
12:05:08.300 [JavaFX Application Thread] DEBUG Input                - Clearing active input actions
12:05:08.301 [JavaFX Application Thread] DEBUG GameApplicationServi - Removing overlay from LevelSelectScene and adding to PlayerSelectScene
12:05:08.302 [JavaFX Application Thread] DEBUG PrimaryStageWindow   - PlayerSelectScene <- LevelSelectScene
12:05:11.986 [JavaFX Application Thread] DEBUG PrimaryStageWindow   - Push state: LevelSelectScene
12:05:11.986 [JavaFX Application Thread] DEBUG Input                - Clearing active input actions
12:05:11.987 [JavaFX Application Thread] DEBUG GameApplicationServi - Removing overlay from PlayerSelectScene and adding to LevelSelectScene
12:05:11.987 [JavaFX Application Thread] DEBUG PrimaryStageWindow   - PlayerSelectScene -> LevelSelectScene
12:05:13.638 [JavaFX Application Thread] DEBUG Menu                 - fireNewGame()
12:05:13.638 [JavaFX Application Thread] DEBUG GameApplicationServi - Starting new game
12:05:13.638 [JavaFX Application Thread] DEBUG PrimaryStageWindow   - Pop state: LevelSelectScene
12:05:13.638 [JavaFX Application Thread] DEBUG Input                - Clearing active input actions
12:05:13.638 [JavaFX Application Thread] DEBUG GameApplicationServi - Removing overlay from LevelSelectScene and adding to PlayerSelectScene
12:05:13.639 [JavaFX Application Thread] DEBUG PrimaryStageWindow   - PlayerSelectScene <- LevelSelectScene
12:05:13.639 [JavaFX Application Thread] DEBUG PrimaryStageWindow   - Pop state: PlayerSelectScene
12:05:13.639 [JavaFX Application Thread] DEBUG Input                - Clearing active input actions
12:05:13.639 [JavaFX Application Thread] DEBUG GameApplicationServi - Removing overlay from PlayerSelectScene and adding to RiderMainMenuScene
12:05:13.639 [JavaFX Application Thread] DEBUG PrimaryStageWindow   - RiderMainMenuScene <- PlayerSelectScene
12:05:13.640 [JavaFX Application Thread] DEBUG PrimaryStageWindow   - Pop state: RiderMainMenuScene
12:05:13.640 [JavaFX Application Thread] DEBUG Input                - Clearing active input actions
12:05:13.640 [JavaFX Application Thread] DEBUG GameApplicationServi - Removing overlay from RiderMainMenuScene and adding to FXGLMainMenuDummyScene
12:05:13.640 [JavaFX Application Thread] DEBUG PrimaryStageWindow   - FXGLMainMenuDummyScene <- RiderMainMenuScene
12:05:13.640 [JavaFX Application Thread] DEBUG Input                - Clearing active input actions
12:05:13.644 [JavaFX Application Thread] DEBUG GameApplicationServi - Removing overlay from FXGLMainMenuDummyScene and adding to MainLoadingScene
12:05:13.644 [JavaFX Application Thread] DEBUG PrimaryStageWindow   - FXGLMainMenuDummyScene -> MainLoadingScene
12:05:13.644 [JavaFX Application Thread] DEBUG GameApplicationServi - Clearing previous game
12:05:13.644 [JavaFX Application Thread] DEBUG GameScene            - Clearing game scene
12:05:13.644 [JavaFX Application Thread] DEBUG GameWorld            - Clearing game world
12:05:13.644 [JavaFX Application Thread] DEBUG PhysicsWorld         - Clearing physics world
12:05:13.645 [FXGL Background Thread 2 ] DEBUG FXGLApplication      - Initializing game
12:05:13.670 [FXGL Background Thread 2 ] WARN  TMXLevelLoader       - TiledMap generated from 1.11.0. Supported version: 1.9.0. Some features may not be parsed fully.
12:05:13.681 [FXGL Background Thread 2 ] DEBUG TMXLevelLoader       - Parsed TiledMap: file:/C:/Users/Balong/Desktop/JavaFXGame-4/target/classes/assets/levels/tmx/level4.tmx
12:05:13.682 [FXGL Background Thread 2 ] DEBUG TMXLevelLoader       - Creating tile layer entities
12:05:13.683 [FXGL Background Thread 2 ] DEBUG TilesetLoader        - Loading view for layer BG
12:05:13.686 [FXGL Background Thread 2 ] DEBUG TilesetLoader        - Created buffer with size 3500.0x700.0
12:05:13.693 [FXGL Background Thread 2 ] DEBUG TilesetLoader        - Loading view for layer Physical
12:05:13.694 [FXGL Background Thread 2 ] DEBUG TilesetLoader        - Created buffer with size 3500.0x700.0
12:05:13.695 [FXGL Background Thread 2 ] DEBUG TMXLevelLoader       - Creating object layer entities
12:05:13.712 [FXGL Background Thread 2 ] DEBUG GameWorld            - Clearing removable entities
12:05:13.712 [FXGL Background Thread 2 ] DEBUG GameWorld            - Setting level: com.almasb.fxgl.entity.level.Level@58bfbeb3
12:05:13.719 [FXGL Background Thread 2 ] DEBUG FXGLAssetLoaderServi - Loading from file system: file:/C:/Users/Balong/Desktop/JavaFXGame-4/target/classes/assets/textures/player4.png
12:05:13.724 [FXGL Background Thread 2 ] DEBUG Input                - Clearing active input actions
12:05:13.727 [FXGL Background Thread 2 ] DEBUG Input                - Registered new binding: Jump0 - W
12:05:13.727 [FXGL Background Thread 2 ] DEBUG Input                - Registered new binding: Left0 - A
12:05:13.728 [FXGL Background Thread 2 ] DEBUG Input                - Registered new binding: Right0 - D
12:05:13.728 [FXGL Background Thread 2 ] DEBUG Input                - Registered new binding: Use0 - E
12:05:13.728 [FXGL Background Thread 2 ] DEBUG FXGLAssetLoaderServi - Loading from file system: file:/C:/Users/Balong/Desktop/JavaFXGame-4/target/classes/assets/textures/background/manila.png
12:05:13.740 [FXGL Background Thread 2 ] INFO  FXGLApplication      - Game initialization took: 0.094 sec
12:05:13.741 [JavaFX Application Thread] DEBUG Input                - Clearing active input actions
12:05:13.744 [JavaFX Application Thread] DEBUG GameApplicationServi - Removing overlay from MainLoadingScene and adding to GameScene
12:05:13.745 [JavaFX Application Thread] DEBUG PrimaryStageWindow   - MainLoadingScene -> GameScene
12:05:13.760 [JavaFX Application Thread] DEBUG FXGLAssetLoaderServi - Loading from file system: file:/C:/Users/Balong/Desktop/JavaFXGame-4/target/classes/assets/sounds/dead.wav
12:05:14.732 [JavaFX Application Thread] WARN  TMXLevelLoader       - TiledMap generated from 1.11.0. Supported version: 1.9.0. Some features may not be parsed fully.
12:05:14.736 [JavaFX Application Thread] DEBUG TMXLevelLoader       - Parsed TiledMap: file:/C:/Users/Balong/Desktop/JavaFXGame-4/target/classes/assets/levels/tmx/level4.tmx
12:05:14.736 [JavaFX Application Thread] DEBUG TMXLevelLoader       - Creating tile layer entities
12:05:14.737 [JavaFX Application Thread] DEBUG TilesetLoader        - Loading view for layer BG
12:05:14.738 [JavaFX Application Thread] DEBUG TilesetLoader        - Created buffer with size 3500.0x700.0
12:05:14.745 [JavaFX Application Thread] DEBUG TilesetLoader        - Loading view for layer Physical
12:05:14.748 [JavaFX Application Thread] DEBUG TilesetLoader        - Created buffer with size 3500.0x700.0
12:05:14.749 [JavaFX Application Thread] DEBUG TMXLevelLoader       - Creating object layer entities
12:05:14.754 [JavaFX Application Thread] DEBUG GameWorld            - Clearing removable entities
12:05:14.757 [JavaFX Application Thread] DEBUG GameWorld            - Setting level: com.almasb.fxgl.entity.level.Level@7045106a
12:05:17.314 [JavaFX Application Thread] DEBUG FXGLAssetLoaderServi - Loading from file system: file:/C:/Users/Balong/Desktop/JavaFXGame-4/target/classes/assets/sounds/jump.wav
12:05:20.928 [JavaFX Application Thread] DEBUG PrimaryStageWindow   - Push state: PauseMenuScene
12:05:20.928 [JavaFX Application Thread] DEBUG Input                - Clearing active input actions
12:05:20.928 [JavaFX Application Thread] DEBUG GameApplicationServi - Removing overlay from GameScene and adding to PauseMenuScene
12:05:20.929 [JavaFX Application Thread] DEBUG PrimaryStageWindow   - GameScene -> PauseMenuScene
12:05:21.724 [JavaFX Application Thread] DEBUG PrimaryStageWindow   - Pop state: PauseMenuScene
12:05:21.724 [JavaFX Application Thread] DEBUG Input                - Clearing active input actions
12:05:21.724 [JavaFX Application Thread] DEBUG GameApplicationServi - Removing overlay from PauseMenuScene and adding to GameScene
12:05:21.725 [JavaFX Application Thread] DEBUG PrimaryStageWindow   - GameScene <- PauseMenuScene
12:05:22.435 [JavaFX Application Thread] DEBUG PrimaryStageWindow   - Push state: PauseMenuScene
12:05:22.435 [JavaFX Application Thread] DEBUG Input                - Clearing active input actions
12:05:22.435 [JavaFX Application Thread] DEBUG GameApplicationServi - Removing overlay from GameScene and adding to PauseMenuScene
12:05:22.435 [JavaFX Application Thread] DEBUG PrimaryStageWindow   - GameScene -> PauseMenuScene
12:05:22.946 [JavaFX Application Thread] DEBUG Input                - Clearing active input actions
12:05:22.946 [JavaFX Application Thread] DEBUG PrimaryStageWindow   - Pop state: PauseMenuScene
12:05:22.946 [JavaFX Application Thread] DEBUG Input                - Clearing active input actions
12:05:22.947 [JavaFX Application Thread] DEBUG GameApplicationServi - Removing overlay from PauseMenuScene and adding to GameScene
12:05:22.947 [JavaFX Application Thread] DEBUG PrimaryStageWindow   - GameScene <- PauseMenuScene
12:05:22.973 [JavaFX Application Thread] DEBUG PrimaryStageWindow   - Push state: RiderMainMenuScene
12:05:22.973 [JavaFX Application Thread] DEBUG Input                - Clearing active input actions
12:05:22.973 [JavaFX Application Thread] DEBUG GameApplicationServi - Removing overlay from GameScene and adding to RiderMainMenuScene
12:05:22.974 [JavaFX Application Thread] DEBUG PrimaryStageWindow   - GameScene -> RiderMainMenuScene
12:05:24.442 [JavaFX Application Thread] DEBUG PrimaryStageWindow   - Push state: PlayerSelectScene
12:05:24.442 [JavaFX Application Thread] DEBUG Input                - Clearing active input actions
12:05:24.442 [JavaFX Application Thread] DEBUG GameApplicationServi - Removing overlay from RiderMainMenuScene and adding to PlayerSelectScene
12:05:24.443 [JavaFX Application Thread] DEBUG PrimaryStageWindow   - RiderMainMenuScene -> PlayerSelectScene
12:05:27.485 [JavaFX Application Thread] DEBUG PrimaryStageWindow   - Push state: LevelSelectScene
12:05:27.485 [JavaFX Application Thread] DEBUG Input                - Clearing active input actions
12:05:27.486 [JavaFX Application Thread] DEBUG GameApplicationServi - Removing overlay from PlayerSelectScene and adding to LevelSelectScene
12:05:27.486 [JavaFX Application Thread] DEBUG PrimaryStageWindow   - PlayerSelectScene -> LevelSelectScene
12:05:29.502 [JavaFX Application Thread] DEBUG Menu                 - fireNewGame()
12:05:29.502 [JavaFX Application Thread] DEBUG GameApplicationServi - Starting new game
12:05:29.502 [JavaFX Application Thread] DEBUG PrimaryStageWindow   - Pop state: LevelSelectScene
12:05:29.502 [JavaFX Application Thread] DEBUG Input                - Clearing active input actions
12:05:29.503 [JavaFX Application Thread] DEBUG GameApplicationServi - Removing overlay from LevelSelectScene and adding to PlayerSelectScene
12:05:29.503 [JavaFX Application Thread] DEBUG PrimaryStageWindow   - PlayerSelectScene <- LevelSelectScene
12:05:29.503 [JavaFX Application Thread] DEBUG PrimaryStageWindow   - Pop state: PlayerSelectScene
12:05:29.503 [JavaFX Application Thread] DEBUG Input                - Clearing active input actions
12:05:29.503 [JavaFX Application Thread] DEBUG GameApplicationServi - Removing overlay from PlayerSelectScene and adding to RiderMainMenuScene
12:05:29.504 [JavaFX Application Thread] DEBUG PrimaryStageWindow   - RiderMainMenuScene <- PlayerSelectScene
12:05:29.504 [JavaFX Application Thread] DEBUG PrimaryStageWindow   - Pop state: RiderMainMenuScene
12:05:29.504 [JavaFX Application Thread] DEBUG Input                - Clearing active input actions
12:05:29.504 [JavaFX Application Thread] DEBUG GameApplicationServi - Removing overlay from RiderMainMenuScene and adding to GameScene
12:05:29.504 [JavaFX Application Thread] DEBUG PrimaryStageWindow   - GameScene <- RiderMainMenuScene
12:05:29.504 [JavaFX Application Thread] DEBUG Input                - Clearing active input actions
12:05:29.510 [JavaFX Application Thread] DEBUG GameApplicationServi - Removing overlay from GameScene and adding to MainLoadingScene
12:05:29.510 [JavaFX Application Thread] DEBUG PrimaryStageWindow   - GameScene -> MainLoadingScene
12:05:29.510 [JavaFX Application Thread] DEBUG GameApplicationServi - Clearing previous game
12:05:29.510 [JavaFX Application Thread] DEBUG GameScene            - Clearing game scene
12:05:29.510 [JavaFX Application Thread] DEBUG GameWorld            - Clearing game world
12:05:29.512 [JavaFX Application Thread] DEBUG PhysicsWorld         - Clearing physics world
12:05:29.512 [FXGL Background Thread 2 ] DEBUG FXGLApplication      - Initializing game
12:05:29.514 [FXGL Background Thread 2 ] WARN  TMXLevelLoader       - TiledMap generated from 1.11.0. Supported version: 1.9.0. Some features may not be parsed fully.
12:05:29.515 [FXGL Background Thread 2 ] DEBUG TMXLevelLoader       - Parsed TiledMap: file:/C:/Users/Balong/Desktop/JavaFXGame-4/target/classes/assets/levels/tmx/level14.tmx
12:05:29.515 [FXGL Background Thread 2 ] DEBUG TMXLevelLoader       - Creating tile layer entities
12:05:29.515 [FXGL Background Thread 2 ] DEBUG TilesetLoader        - Loading view for layer Tile Layer 1
12:05:29.516 [FXGL Background Thread 2 ] DEBUG TilesetLoader        - Created buffer with size 1050.0x700.0
12:05:29.524 [FXGL Background Thread 2 ] DEBUG TMXLevelLoader       - Creating object layer entities
12:05:29.528 [FXGL Background Thread 2 ] DEBUG FXGLAssetLoaderServi - Loading from file system: file:/C:/Users/Balong/Desktop/JavaFXGame-4/target/classes/assets/textures/button.png
12:05:29.531 [FXGL Background Thread 2 ] DEBUG GameWorld            - Clearing removable entities
12:05:29.531 [FXGL Background Thread 2 ] DEBUG GameWorld            - Setting level: com.almasb.fxgl.entity.level.Level@1d89dd85
12:05:29.532 [FXGL Background Thread 2 ] DEBUG FXGLAssetLoaderServi - Loading from file system: file:/C:/Users/Balong/Desktop/JavaFXGame-4/target/classes/assets/textures/player1.png
12:05:29.533 [FXGL Background Thread 2 ] DEBUG FXGLAssetLoaderServi - Loading from file system: file:/C:/Users/Balong/Desktop/JavaFXGame-4/target/classes/assets/textures/player2.png
12:05:29.535 [FXGL Background Thread 2 ] DEBUG FXGLAssetLoaderServi - Loading from file system: file:/C:/Users/Balong/Desktop/JavaFXGame-4/target/classes/assets/textures/player3.png
12:05:29.537 [FXGL Background Thread 2 ] DEBUG Input                - Clearing active input actions
12:05:29.538 [JavaFX Application Thread] DEBUG LoopRunner           - Stopping loop
12:05:29.540 [JavaFX Application Thread] FATAL FXGLApplication      - Uncaught Exception:
java.lang.RuntimeException: Initialization failed
	at com.almasb.fxgl.all@17.2/com.almasb.fxgl.app.FXGLApplication$InitAppTask.failed(FXGLApplication.kt:343)
	at javafx.graphics/javafx.concurrent.Task.setState(Task.java:710)
	at javafx.graphics/javafx.concurrent.Task$TaskCallable.lambda$call$2(Task.java:1456)
	at javafx.graphics/com.sun.javafx.application.PlatformImpl.lambda$runLater$10(PlatformImpl.java:457)
	at java.base/java.security.AccessController.doPrivileged(AccessController.java:400)
	at javafx.graphics/com.sun.javafx.application.PlatformImpl.lambda$runLater$11(PlatformImpl.java:456)
	at javafx.graphics/com.sun.glass.ui.InvokeLaterDispatcher$Future.run(InvokeLaterDispatcher.java:96)
	at javafx.graphics/com.sun.glass.ui.win.WinApplication._runLoop(Native Method)
	at javafx.graphics/com.sun.glass.ui.win.WinApplication.lambda$runLoop$3(WinApplication.java:184)
	at java.base/java.lang.Thread.run(Thread.java:1583)
Caused by: java.lang.IllegalArgumentException: Action already exists: Jump0
	at com.almasb.fxgl.core@17.2/com.almasb.fxgl.input.Input.addBinding(Input.kt:511)
	at com.almasb.fxgl.core@17.2/com.almasb.fxgl.input.Input.addAction(Input.kt:507)
	at com.almasb.fxgl.core@17.2/com.almasb.fxgl.input.Input.addAction$default(Input.kt:504)
	at com.almasb.fxgl.core@17.2/com.almasb.fxgl.input.Input.addAction(Input.kt)
	at com.sunsofgod/com.sunsofgod.PlatformerApp.bindKeys(PlatformerApp.java:161)
	at com.sunsofgod/com.sunsofgod.PlatformerApp.initGame(PlatformerApp.java:438)
	at com.almasb.fxgl.all@17.2/com.almasb.fxgl.app.FXGLApplication$InitAppTask.initGame(FXGLApplication.kt:339)
	at com.almasb.fxgl.all@17.2/com.almasb.fxgl.app.FXGLApplication$InitAppTask.call(FXGLApplication.kt:319)
	at com.almasb.fxgl.all@17.2/com.almasb.fxgl.app.FXGLApplication$InitAppTask.call(FXGLApplication.kt:311)
	at javafx.graphics/javafx.concurrent.Task$TaskCallable.call(Task.java:1426)
	at java.base/java.util.concurrent.FutureTask.run(FutureTask.java:317)
	at java.base/java.util.concurrent.Executors$RunnableAdapter.call(Executors.java:572)
	at java.base/java.util.concurrent.FutureTask.run(FutureTask.java:317)
	at java.base/java.util.concurrent.ThreadPoolExecutor.runWorker(ThreadPoolExecutor.java:1144)
	at java.base/java.util.concurrent.ThreadPoolExecutor$Worker.run(ThreadPoolExecutor.java:642)
	... 1 more

12:05:29.542 [JavaFX Application Thread] FATAL FXGLApplication      - Application will now exit
12:05:29.545 [JavaFX Application Thread] DEBUG PrimaryStageWindow   - Push state: ErrorSubScene
12:05:29.545 [JavaFX Application Thread] DEBUG Input                - Clearing active input actions
12:05:29.546 [JavaFX Application Thread] DEBUG GameApplicationServi - Removing overlay from MainLoadingScene and adding to ErrorSubScene
12:05:29.546 [JavaFX Application Thread] DEBUG PrimaryStageWindow   - MainLoadingScene -> ErrorSubScene
12:05:44.641 [JavaFX Application Thread] DEBUG FXGLApplication      - Exiting FXGL
12:05:44.641 [JavaFX Application Thread] DEBUG Async                - Shutting down background threads
12:05:44.641 [JavaFX Application Thread] DEBUG PrimaryStageWindow   - Closing main window
12:05:44.650 [JavaFX Application Thread] DEBUG Logger               - Closing Logger
