10:16:24.528 [main                     ] DEBUG Logger               - Configured Logger
10:16:24.569 [main                     ] DEBUG GameApplication      - Logging settings
Title: Untitled
Version: 0.0
Width: 1280
Height: 720
Fullscreen: false
Intro: false
Profiling: false
Single step:false
App Mode: DEVELOPER
Menu Key: ESCAPE
Stage Style: DECORATED
Scene Factory: class com.sunsofgod.PlatformerApp$1

10:16:25.238 [JavaFX Application Thread] DEBUG FXGLApplication      - Initializing FXGL
10:16:25.247 [JavaFX Application Thread] INFO  Engine               - FXGL-17.2 (20.08.2022 16.50) on WINDOWS (J:17.0.11 FX:17.0.12)
10:16:25.248 [JavaFX Application Thread] DEBUG Engine               - JRE Vendor Name: Eclipse Adoptium
10:16:25.248 [JavaFX Application Thread] DEBUG Engine               - Running on OS: Windows 11 version 10.0
10:16:25.248 [JavaFX Application Thread] DEBUG Engine               - Architecture: amd64
10:16:25.249 [JavaFX Application Thread] INFO  Engine               - Source code and latest versions at: https://github.com/AlmasB/FXGL
10:16:25.249 [JavaFX Application Thread] INFO  Engine               -       Ask questions and discuss at: https://github.com/AlmasB/FXGL/discussions
10:16:25.250 [JavaFX Application Thread] INFO  Engine               -              Join the FXGL chat at: https://gitter.im/AlmasB/FXGL
10:16:25.386 [JavaFX Application Thread] DEBUG PrimaryStageWindow   - Creating a JavaFX scene
10:16:25.513 [JavaFX Application Thread] DEBUG PrimaryStageWindow   - Target settings size: 1280.0 x 720.0
10:16:25.513 [JavaFX Application Thread] DEBUG PrimaryStageWindow   - Scaled scene size:    1280.0 x 720.0
10:16:25.514 [JavaFX Application Thread] DEBUG PrimaryStageWindow   - Scaled ratio: (1.0, 1.0)
10:16:25.515 [JavaFX Application Thread] DEBUG PrimaryStageWindow   - Set initial scene to FXGLStartupScene
10:16:25.526 [JavaFX Application Thread] DEBUG PrimaryStageWindow   - Opening main window
10:16:25.683 [JavaFX Application Thread] DEBUG PrimaryStageWindow   - Window border size: (14.4000244140625, 37.5999755859375)
10:16:25.684 [JavaFX Application Thread] DEBUG PrimaryStageWindow   - Scaled size: 1280.0 x 720.0
10:16:25.684 [JavaFX Application Thread] DEBUG PrimaryStageWindow   - Scaled ratio: (1.0, 1.0)
10:16:25.685 [JavaFX Application Thread] DEBUG PrimaryStageWindow   - Scene size: 1280.0 x 720.0
10:16:25.685 [JavaFX Application Thread] DEBUG PrimaryStageWindow   - Stage size: 1294.4000244140625 x 757.5999755859375
10:16:25.696 [FXGL Background Thread 1 ] DEBUG Engine               - Initializing environment variables
10:16:25.758 [FXGL Background Thread 1 ] DEBUG FXGLAssetLoaderServi - User app class for loading assets: class com.sunsofgod.PlatformerApp
10:16:25.758 [FXGL Background Thread 1 ] DEBUG GameApplicationServi - Applying CSS: fxgl_dark.css
10:16:25.760 [FXGL Background Thread 1 ] DEBUG FXGLAssetLoaderServi - Loading from file system: jar:file:///C:/Users/Patrick/.m2/repository/com/github/almasb/fxgl/17.2/fxgl-17.2.jar!/fxglassets/ui/css/fxgl_dark.css
10:16:25.842 [FXGL Background Thread 1 ] DEBUG GameApplicationServi - Initializing application scenes
10:16:25.940 [FXGL Background Thread 1 ] WARN  FXGLAssetLoaderServi - Asset "/assets/textures/player.png" was not found!
10:16:25.941 [FXGL Background Thread 1 ] WARN  FXGLAssetLoaderServi - Failed to load IMAGE
10:16:25.990 [FXGL Background Thread 1 ] DEBUG GameWorld            - Game world initialized
10:16:26.074 [FXGL Background Thread 1 ] DEBUG PhysicsWorld         - Physics world initialized: appHeight=720, physics.ppm=50.0
10:16:26.074 [FXGL Background Thread 1 ] DEBUG PhysicsWorld         - Using strategy: BRUTE_FORCE
10:16:26.080 [FXGL Background Thread 1 ] DEBUG GameScene            - Game scene initialized: 1280x720
10:16:26.832 [FXGL Background Thread 1 ] DEBUG GameApplicationServi - Application scenes initialized
10:16:26.868 [FXGL Background Thread 1 ] DEBUG SystemBundleService  - Loading FXGL system data
10:16:26.891 [FXGL Background Thread 1 ] DEBUG FileSystemAccess     - Reading from: C:\Users\Patrick\Desktop\Remote Repositories\JavaFXGame\system\fxgl.bundle
10:16:26.907 [FXGL Background Thread 1 ] DEBUG SystemBundleService  - Bundle FXGL: {}
10:16:26.907 [FXGL Background Thread 1 ] DEBUG UpdaterService       - Checking for updates
10:16:26.958 [FXGL Background Thread 4 ] DEBUG FXGLApplication      - Loading fonts
10:16:26.959 [FXGL Background Thread 1 ] DEBUG FXGLApplication      - Loading default localization
10:16:26.959 [FXGL Background Thread 4 ] DEBUG FXGLAssetLoaderServi - Loading from file system: jar:file:///C:/Users/Patrick/.m2/repository/com/github/almasb/fxgl/17.2/fxgl-17.2.jar!/fxglassets/ui/fonts/VarelaRound-Regular.ttf
10:16:26.960 [FXGL Background Thread 1 ] DEBUG FXGLAssetLoaderServi - Loading from file system: jar:file:///C:/Users/Patrick/.m2/repository/com/github/almasb/fxgl/17.2/fxgl-17.2.jar!/fxglassets/languages/english.lang
10:16:27.008 [FXGL Background Thread 1 ] INFO  FXGLApplication      - FXGL initialization took: 1.312 sec
10:16:27.011 [JavaFX Application Thread] DEBUG FXGLAssetLoaderServi - Loading from file system: jar:file:///C:/Users/Patrick/.m2/repository/com/github/almasb/fxgl/17.2/fxgl-17.2.jar!/fxglassets/textures/fxgl_icon.png
10:16:27.059 [JavaFX Application Thread] DEBUG FXGLAssetLoaderServi - Loading from file system: jar:file:///C:/Users/Patrick/.m2/repository/com/github/almasb/fxgl/17.2/fxgl-17.2.jar!/fxglassets/textures/fxgl_default_cursor.png
10:16:27.085 [JavaFX Application Thread] DEBUG Input                - Registered new binding: Screenshot - CTRL+8
10:16:27.103 [JavaFX Application Thread] DEBUG Input                - Registered new binding: Dev Options - 1
10:16:27.105 [JavaFX Application Thread] DEBUG Input                - Registered new binding: Dev Console - 2
10:16:27.109 [JavaFX Application Thread] DEBUG Input                - Registered new binding: System info dump - CTRL+9
10:16:27.115 [JavaFX Application Thread] DEBUG Input                - Registered new binding: Restart - CTRL+R
10:16:27.120 [JavaFX Application Thread] DEBUG Input                - Registered new binding: Toggle Debug Camera - CTRL+7
10:16:27.121 [FXGL Background Thread 4 ] DEBUG FXGLAssetLoaderServi - Loading from file system: jar:file:///C:/Users/Patrick/.m2/repository/com/github/almasb/fxgl/17.2/fxgl-17.2.jar!/fxglassets/ui/fonts/Abel-Regular.ttf
10:16:27.136 [JavaFX Application Thread] DEBUG LoopRunner           - Starting loop
10:16:27.148 [FXGL Background Thread 4 ] DEBUG FXGLAssetLoaderServi - Loading from file system: jar:file:///C:/Users/Patrick/.m2/repository/com/github/almasb/fxgl/17.2/fxgl-17.2.jar!/fxglassets/ui/fonts/TerminalLandMono-Regular.otf
10:16:27.178 [JavaFX Application Thread] DEBUG LoopRunner           - Initializing JavaFX AnimationTimerLoop
10:16:27.183 [JavaFX Application Thread] DEBUG Input                - Clearing active input actions
10:16:27.193 [JavaFX Application Thread] DEBUG GameApplicationServi - Removing overlay from FXGLStartupScene and adding to FXGLMainMenuDummyScene
10:16:27.200 [FXGL Background Thread 4 ] DEBUG FXGLAssetLoaderServi - Loading from file system: jar:file:///C:/Users/Patrick/.m2/repository/com/github/almasb/fxgl/17.2/fxgl-17.2.jar!/fxglassets/ui/fonts/Courier-Prime.ttf
10:16:27.202 [JavaFX Application Thread] DEBUG PrimaryStageWindow   - FXGLStartupScene -> FXGLMainMenuDummyScene
10:16:27.203 [JavaFX Application Thread] DEBUG PrimaryStageWindow   - Push state: RiderMainMenuScene
10:16:27.203 [JavaFX Application Thread] DEBUG Input                - Clearing active input actions
10:16:27.213 [JavaFX Application Thread] DEBUG GameApplicationServi - Removing overlay from FXGLMainMenuDummyScene and adding to RiderMainMenuScene
10:16:27.214 [JavaFX Application Thread] DEBUG PrimaryStageWindow   - FXGLMainMenuDummyScene -> RiderMainMenuScene
10:16:27.561 [JavaFX Application Thread] DEBUG FXGLApplication      - Registering font factories with UI factory
10:16:28.403 [FXGL Background Thread 2 ] INFO  UpdaterService       - Your current version:  17.2
10:16:28.404 [FXGL Background Thread 2 ] INFO  UpdaterService       - Latest stable version: 21.1
10:16:29.955 [FXGL Background Thread 3 ] DEBUG Engine               - Logging environment variables
10:16:29.956 [FXGL Background Thread 3 ] DEBUG Engine               - achievements: []
10:16:29.956 [FXGL Background Thread 3 ] DEBUG Engine               - actualHeight: 720.0
10:16:29.956 [FXGL Background Thread 3 ] DEBUG Engine               - actualHeightProperty: ReadOnlyDoubleProperty [value: 720.0]
10:16:29.956 [FXGL Background Thread 3 ] DEBUG Engine               - actualWidth: 1280.0
10:16:29.956 [FXGL Background Thread 3 ] DEBUG Engine               - actualWidthProperty: ReadOnlyDoubleProperty [value: 1280.0]
10:16:29.957 [FXGL Background Thread 3 ] DEBUG Engine               - appIcon: fxgl_icon.png
10:16:29.957 [FXGL Background Thread 3 ] DEBUG Engine               - applicationMode: DEVELOPER
10:16:29.957 [FXGL Background Thread 3 ] DEBUG Engine               - cSSList: [fxgl_dark.css]
10:16:29.957 [FXGL Background Thread 3 ] DEBUG Engine               - collisionDetectionStrategy: BRUTE_FORCE
10:16:29.957 [FXGL Background Thread 3 ] DEBUG Engine               - configClass: Optional.empty
10:16:29.957 [FXGL Background Thread 3 ] DEBUG Engine               - credits: []
10:16:29.959 [FXGL Background Thread 3 ] DEBUG Engine               - defaultCursor: CursorInfo(imageName=fxgl_default_cursor.png, hotspotX=7.0, hotspotY=6.0)
10:16:29.960 [FXGL Background Thread 3 ] DEBUG Engine               - devBBoxColorProperty: ObjectProperty [value: 0xff0000ff]
10:16:29.960 [FXGL Background Thread 3 ] DEBUG Engine               - devEnableDebugCameraProperty: BooleanProperty [value: false]
10:16:29.960 [FXGL Background Thread 3 ] DEBUG Engine               - devSensorColorProperty: ObjectProperty [value: 0xffff00ff]
10:16:29.960 [FXGL Background Thread 3 ] DEBUG Engine               - devShowBBoxProperty: BooleanProperty [value: false]
10:16:29.960 [FXGL Background Thread 3 ] DEBUG Engine               - devShowPositionProperty: BooleanProperty [value: false]
10:16:29.960 [FXGL Background Thread 3 ] DEBUG Engine               - enabledMenuItems: []
10:16:29.961 [FXGL Background Thread 3 ] DEBUG Engine               - engineServices: [class com.almasb.fxgl.app.services.FXGLAssetLoaderService, class com.almasb.fxgl.app.FXGLApplication$GameApplicationService, class com.almasb.fxgl.app.services.FXGLDialogService, class com.almasb.fxgl.app.services.IOTaskExecutorService, class com.almasb.fxgl.io.FileSystemService, class com.almasb.fxgl.localization.LocalizationService, class com.almasb.fxgl.app.services.SystemBundleService, class com.almasb.fxgl.profile.SaveLoadService, class com.almasb.fxgl.ui.FXGLUIFactoryServiceProvider, class com.almasb.fxgl.ui.FXGLDialogFactoryServiceProvider, class com.almasb.fxgl.audio.AudioPlayer, class com.almasb.fxgl.notification.impl.NotificationServiceProvider, class com.almasb.fxgl.achievement.AchievementService, class com.almasb.fxgl.cutscene.CutsceneService, class com.almasb.fxgl.minigames.MiniGameService, class com.almasb.fxgl.net.NetService, class com.almasb.fxgl.app.services.UpdaterService, class com.almasb.fxgl.dev.DevService]
10:16:29.961 [FXGL Background Thread 3 ] DEBUG Engine               - fontGame: Abel-Regular.ttf
10:16:29.961 [FXGL Background Thread 3 ] DEBUG Engine               - fontMono: TerminalLandMono-Regular.otf
10:16:29.961 [FXGL Background Thread 3 ] DEBUG Engine               - fontText: Courier-Prime.ttf
10:16:29.961 [FXGL Background Thread 3 ] DEBUG Engine               - fontUI: VarelaRound-Regular.ttf
10:16:29.961 [FXGL Background Thread 3 ] DEBUG Engine               - fullScreen: BooleanProperty [value: false]
10:16:29.962 [FXGL Background Thread 3 ] DEBUG Engine               - gameDifficulty: MEDIUM
10:16:29.962 [FXGL Background Thread 3 ] DEBUG Engine               - gameDifficultyProperty: ObjectProperty [value: MEDIUM]
10:16:29.962 [FXGL Background Thread 3 ] DEBUG Engine               - globalMusicVolume: 0.5
10:16:29.962 [FXGL Background Thread 3 ] DEBUG Engine               - globalMusicVolumeProperty: DoubleProperty [value: 0.25]
10:16:29.962 [FXGL Background Thread 3 ] DEBUG Engine               - globalSoundVolume: 0.5
10:16:29.963 [FXGL Background Thread 3 ] DEBUG Engine               - globalSoundVolumeProperty: DoubleProperty [value: 0.5]
10:16:29.963 [FXGL Background Thread 3 ] DEBUG Engine               - height: 720
10:16:29.963 [FXGL Background Thread 3 ] DEBUG Engine               - is3D: false
10:16:29.963 [FXGL Background Thread 3 ] DEBUG Engine               - isAndroid: false
10:16:29.963 [FXGL Background Thread 3 ] DEBUG Engine               - isBrowser: false
10:16:29.963 [FXGL Background Thread 3 ] DEBUG Engine               - isClickFeedbackEnabled: false
10:16:29.963 [FXGL Background Thread 3 ] DEBUG Engine               - isCloseConfirmation: false
10:16:29.963 [FXGL Background Thread 3 ] DEBUG Engine               - isDesktop: true
10:16:29.964 [FXGL Background Thread 3 ] DEBUG Engine               - isDeveloperMenuEnabled: true
10:16:29.964 [FXGL Background Thread 3 ] DEBUG Engine               - isEmbedded: false
10:16:29.964 [FXGL Background Thread 3 ] DEBUG Engine               - isEntityPreloadEnabled: true
10:16:29.964 [FXGL Background Thread 3 ] DEBUG Engine               - isExperimentalTiledLargeMap: false
10:16:29.964 [FXGL Background Thread 3 ] DEBUG Engine               - isFileSystemWriteAllowed: true
10:16:29.964 [FXGL Background Thread 3 ] DEBUG Engine               - isFullScreenAllowed: false
10:16:29.964 [FXGL Background Thread 3 ] DEBUG Engine               - isFullScreenFromStart: false
10:16:29.964 [FXGL Background Thread 3 ] DEBUG Engine               - isGameMenuEnabled: true
10:16:29.964 [FXGL Background Thread 3 ] DEBUG Engine               - isIOS: false
10:16:29.965 [FXGL Background Thread 3 ] DEBUG Engine               - isIntroEnabled: false
10:16:29.965 [FXGL Background Thread 3 ] DEBUG Engine               - isLinux: false
10:16:29.965 [FXGL Background Thread 3 ] DEBUG Engine               - isMac: false
10:16:29.965 [FXGL Background Thread 3 ] DEBUG Engine               - isMainMenuEnabled: true
10:16:29.965 [FXGL Background Thread 3 ] DEBUG Engine               - isManualResizeEnabled: false
10:16:29.965 [FXGL Background Thread 3 ] DEBUG Engine               - isMobile: false
10:16:29.965 [FXGL Background Thread 3 ] DEBUG Engine               - isNative: false
10:16:29.965 [FXGL Background Thread 3 ] DEBUG Engine               - isPauseMusicWhenMinimized: true
10:16:29.965 [FXGL Background Thread 3 ] DEBUG Engine               - isPreserveResizeRatio: false
10:16:29.965 [FXGL Background Thread 3 ] DEBUG Engine               - isProfilingEnabled: false
10:16:29.966 [FXGL Background Thread 3 ] DEBUG Engine               - isScaleAffectedOnResize: true
10:16:29.966 [FXGL Background Thread 3 ] DEBUG Engine               - isSingleStep: false
10:16:29.966 [FXGL Background Thread 3 ] DEBUG Engine               - isUserProfileEnabled: false
10:16:29.966 [FXGL Background Thread 3 ] DEBUG Engine               - isWindows: true
10:16:29.966 [FXGL Background Thread 3 ] DEBUG Engine               - language: ObjectProperty [value: ENGLISH]
10:16:29.966 [FXGL Background Thread 3 ] DEBUG Engine               - menuKey: ESCAPE
10:16:29.966 [FXGL Background Thread 3 ] DEBUG Engine               - mouseSensitivity: 0.2
10:16:29.966 [FXGL Background Thread 3 ] DEBUG Engine               - notificationViewClass: class com.almasb.fxgl.notification.view.XboxNotificationView
10:16:29.966 [FXGL Background Thread 3 ] DEBUG Engine               - pixelsPerMeter: 50.0
10:16:29.968 [FXGL Background Thread 3 ] DEBUG Engine               - platform: WINDOWS
10:16:29.968 [FXGL Background Thread 3 ] DEBUG Engine               - prefHeightProperty: ReadOnlyDoubleProperty [value: 720.0]
10:16:29.968 [FXGL Background Thread 3 ] DEBUG Engine               - prefWidthProperty: ReadOnlyDoubleProperty [value: 1280.0]
10:16:29.968 [FXGL Background Thread 3 ] DEBUG Engine               - profileDir: profiles/
10:16:29.968 [FXGL Background Thread 3 ] DEBUG Engine               - profileName: StringProperty [value: DEFAULT]
10:16:29.968 [FXGL Background Thread 3 ] DEBUG Engine               - randomSeed: -1
10:16:29.968 [FXGL Background Thread 3 ] DEBUG Engine               - runtimeInfo: RuntimeInfo(platform=WINDOWS, version=17.2, build=20.08.2022 16.50)
10:16:29.968 [FXGL Background Thread 3 ] DEBUG Engine               - saveFileExt: sav
10:16:29.968 [FXGL Background Thread 3 ] DEBUG Engine               - scaledHeightProp$fxgl: DoubleProperty [bound, value: 720.0]
10:16:29.969 [FXGL Background Thread 3 ] DEBUG Engine               - scaledWidthProp$fxgl: DoubleProperty [bound, value: 1280.0]
10:16:29.969 [FXGL Background Thread 3 ] DEBUG Engine               - sceneFactory: com.sunsofgod.PlatformerApp$1@4c7a1155
10:16:29.969 [FXGL Background Thread 3 ] DEBUG Engine               - secondsIn24h: 60
10:16:29.969 [FXGL Background Thread 3 ] DEBUG Engine               - soundMenuBack: menu/back.wav
10:16:29.969 [FXGL Background Thread 3 ] DEBUG Engine               - soundMenuPress: menu/press.wav
10:16:29.969 [FXGL Background Thread 3 ] DEBUG Engine               - soundMenuSelect: menu/select.wav
10:16:29.969 [FXGL Background Thread 3 ] DEBUG Engine               - soundNotification: core/notification.wav
10:16:29.969 [FXGL Background Thread 3 ] DEBUG Engine               - stageStyle: DECORATED
10:16:29.970 [FXGL Background Thread 3 ] DEBUG Engine               - supportedLanguages: [ENGLISH, FRENCH, GERMAN, HUNGARIAN, RUSSIAN]
10:16:29.970 [FXGL Background Thread 3 ] DEBUG Engine               - ticksPerSecond: -1
10:16:29.970 [FXGL Background Thread 3 ] DEBUG Engine               - title: Untitled
10:16:29.970 [FXGL Background Thread 3 ] DEBUG Engine               - urlGithub: https://github.com/AlmasB/FXGL
10:16:29.970 [FXGL Background Thread 3 ] DEBUG Engine               - urlLeaderboard: http://fxgl-top.herokuapp.com/
10:16:29.970 [FXGL Background Thread 3 ] DEBUG Engine               - urlPOM: https://raw.githubusercontent.com/AlmasB/FXGL/release/README.md
10:16:29.971 [FXGL Background Thread 3 ] DEBUG Engine               - userAppClass: class com.sunsofgod.PlatformerApp
10:16:29.971 [FXGL Background Thread 3 ] DEBUG Engine               - version: 0.0
10:16:29.971 [FXGL Background Thread 3 ] DEBUG Engine               - versionCheckDays: 7
10:16:29.971 [FXGL Background Thread 3 ] DEBUG Engine               - width: 1280
10:16:29.971 [FXGL Background Thread 3 ] DEBUG Engine               - Logging services
10:16:29.971 [FXGL Background Thread 3 ] DEBUG Engine               - class com.almasb.fxgl.app.services.FXGLAssetLoaderService
10:16:29.971 [FXGL Background Thread 3 ] DEBUG Engine               - class com.almasb.fxgl.app.FXGLApplication$GameApplicationService
10:16:29.971 [FXGL Background Thread 3 ] DEBUG Engine               - class com.almasb.fxgl.app.services.FXGLDialogService
10:16:29.971 [FXGL Background Thread 3 ] DEBUG Engine               - class com.almasb.fxgl.app.services.IOTaskExecutorService
10:16:29.972 [FXGL Background Thread 3 ] DEBUG Engine               - class com.almasb.fxgl.io.FileSystemService
10:16:29.972 [FXGL Background Thread 3 ] DEBUG Engine               - class com.almasb.fxgl.localization.LocalizationService
10:16:29.972 [FXGL Background Thread 3 ] DEBUG Engine               - class com.almasb.fxgl.app.services.SystemBundleService
10:16:29.972 [FXGL Background Thread 3 ] DEBUG Engine               - class com.almasb.fxgl.profile.SaveLoadService
10:16:29.972 [FXGL Background Thread 3 ] DEBUG Engine               - class com.almasb.fxgl.ui.FXGLUIFactoryServiceProvider
10:16:29.972 [FXGL Background Thread 3 ] DEBUG Engine               - class com.almasb.fxgl.ui.FXGLDialogFactoryServiceProvider
10:16:29.972 [FXGL Background Thread 3 ] DEBUG Engine               - class com.almasb.fxgl.audio.AudioPlayer
10:16:29.972 [FXGL Background Thread 3 ] DEBUG Engine               - class com.almasb.fxgl.notification.impl.NotificationServiceProvider
10:16:29.972 [FXGL Background Thread 3 ] DEBUG Engine               - class com.almasb.fxgl.achievement.AchievementService
10:16:29.972 [FXGL Background Thread 3 ] DEBUG Engine               - class com.almasb.fxgl.cutscene.CutsceneService
10:16:29.972 [FXGL Background Thread 3 ] DEBUG Engine               - class com.almasb.fxgl.minigames.MiniGameService
10:16:29.973 [FXGL Background Thread 3 ] DEBUG Engine               - class com.almasb.fxgl.net.NetService
10:16:29.973 [FXGL Background Thread 3 ] DEBUG Engine               - class com.almasb.fxgl.app.services.UpdaterService
10:16:29.973 [FXGL Background Thread 3 ] DEBUG Engine               - class com.almasb.fxgl.dev.DevService
10:16:30.421 [JavaFX Application Thread] DEBUG PrimaryStageWindow   - Push state: PlayerSelectScene
10:16:30.422 [JavaFX Application Thread] DEBUG Input                - Clearing active input actions
10:16:30.423 [JavaFX Application Thread] DEBUG GameApplicationServi - Removing overlay from RiderMainMenuScene and adding to PlayerSelectScene
10:16:30.426 [JavaFX Application Thread] DEBUG PrimaryStageWindow   - RiderMainMenuScene -> PlayerSelectScene
10:16:32.782 [JavaFX Application Thread] DEBUG PrimaryStageWindow   - Push state: LevelSelectScene
10:16:32.782 [JavaFX Application Thread] DEBUG Input                - Clearing active input actions
10:16:32.784 [JavaFX Application Thread] DEBUG GameApplicationServi - Removing overlay from PlayerSelectScene and adding to LevelSelectScene
10:16:32.787 [JavaFX Application Thread] DEBUG PrimaryStageWindow   - PlayerSelectScene -> LevelSelectScene
10:16:34.125 [JavaFX Application Thread] DEBUG Menu                 - fireNewGame()
10:16:34.126 [JavaFX Application Thread] DEBUG GameApplicationServi - Starting new game
10:16:34.127 [JavaFX Application Thread] DEBUG PrimaryStageWindow   - Pop state: LevelSelectScene
10:16:34.128 [JavaFX Application Thread] DEBUG Input                - Clearing active input actions
10:16:34.130 [JavaFX Application Thread] DEBUG GameApplicationServi - Removing overlay from LevelSelectScene and adding to PlayerSelectScene
10:16:34.133 [JavaFX Application Thread] DEBUG PrimaryStageWindow   - PlayerSelectScene <- LevelSelectScene
10:16:34.133 [JavaFX Application Thread] DEBUG PrimaryStageWindow   - Pop state: PlayerSelectScene
10:16:34.133 [JavaFX Application Thread] DEBUG Input                - Clearing active input actions
10:16:34.134 [JavaFX Application Thread] DEBUG GameApplicationServi - Removing overlay from PlayerSelectScene and adding to RiderMainMenuScene
10:16:34.134 [JavaFX Application Thread] DEBUG PrimaryStageWindow   - RiderMainMenuScene <- PlayerSelectScene
10:16:34.134 [JavaFX Application Thread] DEBUG PrimaryStageWindow   - Pop state: RiderMainMenuScene
10:16:34.134 [JavaFX Application Thread] DEBUG Input                - Clearing active input actions
10:16:34.135 [JavaFX Application Thread] DEBUG GameApplicationServi - Removing overlay from RiderMainMenuScene and adding to FXGLMainMenuDummyScene
10:16:34.136 [JavaFX Application Thread] DEBUG PrimaryStageWindow   - FXGLMainMenuDummyScene <- RiderMainMenuScene
10:16:34.137 [JavaFX Application Thread] DEBUG Input                - Clearing active input actions
10:16:34.149 [JavaFX Application Thread] DEBUG GameApplicationServi - Removing overlay from FXGLMainMenuDummyScene and adding to MainLoadingScene
10:16:34.149 [JavaFX Application Thread] DEBUG PrimaryStageWindow   - FXGLMainMenuDummyScene -> MainLoadingScene
10:16:34.149 [JavaFX Application Thread] DEBUG GameApplicationServi - Clearing previous game
10:16:34.149 [JavaFX Application Thread] DEBUG GameScene            - Clearing game scene
10:16:34.151 [JavaFX Application Thread] DEBUG GameWorld            - Clearing game world
10:16:34.151 [JavaFX Application Thread] DEBUG PhysicsWorld         - Clearing physics world
10:16:34.153 [FXGL Background Thread 2 ] DEBUG FXGLApplication      - Initializing game
10:16:34.269 [FXGL Background Thread 2 ] WARN  TMXLevelLoader       - TiledMap generated from 1.11.0. Supported version: 1.9.0. Some features may not be parsed fully.
10:16:34.297 [FXGL Background Thread 2 ] DEBUG TMXLevelLoader       - Parsed TiledMap: file:/C:/Users/Patrick/Desktop/Remote%20Repositories/JavaFXGame/target/classes/assets/levels/tmx/level2.tmx
10:16:34.299 [FXGL Background Thread 2 ] DEBUG TMXLevelLoader       - Creating tile layer entities
10:16:34.301 [FXGL Background Thread 2 ] DEBUG TilesetLoader        - Loading view for layer BG
10:16:34.311 [FXGL Background Thread 2 ] DEBUG TilesetLoader        - Created buffer with size 4200.0x700.0
10:16:34.349 [FXGL Background Thread 2 ] DEBUG TilesetLoader        - Loading view for layer Tile Layer 1
10:16:34.355 [FXGL Background Thread 2 ] DEBUG TilesetLoader        - Created buffer with size 4200.0x700.0
10:16:34.368 [FXGL Background Thread 2 ] DEBUG TMXLevelLoader       - Creating object layer entities
10:16:34.434 [FXGL Background Thread 2 ] DEBUG FXGLAssetLoaderServi - Loading from file system: file:/C:/Users/Patrick/Desktop/Remote%20Repositories/JavaFXGame/target/classes/assets/textures/button.png
10:16:34.460 [FXGL Background Thread 2 ] DEBUG GameWorld            - Clearing removable entities
10:16:34.462 [FXGL Background Thread 2 ] DEBUG GameWorld            - Setting level: com.almasb.fxgl.entity.level.Level@34dded2e
10:16:34.533 [FXGL Background Thread 2 ] DEBUG FXGLAssetLoaderServi - Loading from file system: file:/C:/Users/Patrick/Desktop/Remote%20Repositories/JavaFXGame/target/classes/assets/textures/player2.png
10:16:34.553 [FXGL Background Thread 2 ] DEBUG Input                - Clearing active input actions
10:16:34.565 [FXGL Background Thread 2 ] DEBUG Input                - Registered new binding: Jump0 - W
10:16:34.568 [FXGL Background Thread 2 ] DEBUG Input                - Registered new binding: Left0 - A
10:16:34.568 [FXGL Background Thread 2 ] DEBUG Input                - Registered new binding: Right0 - D
10:16:34.568 [FXGL Background Thread 2 ] DEBUG Input                - Registered new binding: Use0 - E
10:16:34.570 [FXGL Background Thread 2 ] DEBUG FXGLAssetLoaderServi - Loading from file system: file:/C:/Users/Patrick/Desktop/Remote%20Repositories/JavaFXGame/target/classes/assets/textures/background/manila.png
10:16:34.627 [FXGL Background Thread 2 ] INFO  FXGLApplication      - Game initialization took: 0.475 sec
10:16:34.629 [JavaFX Application Thread] DEBUG Input                - Clearing active input actions
10:16:34.642 [JavaFX Application Thread] DEBUG GameApplicationServi - Removing overlay from MainLoadingScene and adding to GameScene
10:16:34.647 [JavaFX Application Thread] DEBUG PrimaryStageWindow   - MainLoadingScene -> GameScene
10:16:36.407 [JavaFX Application Thread] DEBUG FXGLAssetLoaderServi - Loading from file system: file:/C:/Users/Patrick/Desktop/Remote%20Repositories/JavaFXGame/target/classes/assets/sounds/jump.wav
10:17:58.089 [JavaFX Application Thread] DEBUG FXGLAssetLoaderServi - Loading from file system: file:/C:/Users/Patrick/Desktop/Remote%20Repositories/JavaFXGame/target/classes/assets/sounds/dead.wav
10:17:59.119 [JavaFX Application Thread] WARN  TMXLevelLoader       - TiledMap generated from 1.11.0. Supported version: 1.9.0. Some features may not be parsed fully.
10:17:59.134 [JavaFX Application Thread] DEBUG TMXLevelLoader       - Parsed TiledMap: file:/C:/Users/Patrick/Desktop/Remote%20Repositories/JavaFXGame/target/classes/assets/levels/tmx/level2.tmx
10:17:59.134 [JavaFX Application Thread] DEBUG TMXLevelLoader       - Creating tile layer entities
10:17:59.135 [JavaFX Application Thread] DEBUG TilesetLoader        - Loading view for layer BG
10:17:59.152 [JavaFX Application Thread] DEBUG TilesetLoader        - Created buffer with size 4200.0x700.0
10:17:59.186 [JavaFX Application Thread] DEBUG TilesetLoader        - Loading view for layer Tile Layer 1
10:17:59.191 [JavaFX Application Thread] DEBUG TilesetLoader        - Created buffer with size 4200.0x700.0
10:17:59.194 [JavaFX Application Thread] DEBUG TMXLevelLoader       - Creating object layer entities
10:17:59.213 [JavaFX Application Thread] DEBUG GameWorld            - Clearing removable entities
10:17:59.222 [JavaFX Application Thread] DEBUG GameWorld            - Setting level: com.almasb.fxgl.entity.level.Level@3a968143
10:18:26.892 [JavaFX Application Thread] WARN  TMXLevelLoader       - TiledMap generated from 1.11.0. Supported version: 1.9.0. Some features may not be parsed fully.
10:18:26.904 [JavaFX Application Thread] DEBUG TMXLevelLoader       - Parsed TiledMap: file:/C:/Users/Patrick/Desktop/Remote%20Repositories/JavaFXGame/target/classes/assets/levels/tmx/level2.tmx
10:18:26.904 [JavaFX Application Thread] DEBUG TMXLevelLoader       - Creating tile layer entities
10:18:26.905 [JavaFX Application Thread] DEBUG TilesetLoader        - Loading view for layer BG
10:18:26.911 [JavaFX Application Thread] DEBUG TilesetLoader        - Created buffer with size 4200.0x700.0
10:18:26.947 [JavaFX Application Thread] DEBUG TilesetLoader        - Loading view for layer Tile Layer 1
10:18:26.953 [JavaFX Application Thread] DEBUG TilesetLoader        - Created buffer with size 4200.0x700.0
10:18:26.956 [JavaFX Application Thread] DEBUG TMXLevelLoader       - Creating object layer entities
10:18:26.969 [JavaFX Application Thread] DEBUG GameWorld            - Clearing removable entities
10:18:26.974 [JavaFX Application Thread] DEBUG GameWorld            - Setting level: com.almasb.fxgl.entity.level.Level@7dddf30
10:18:54.731 [JavaFX Application Thread] WARN  TMXLevelLoader       - TiledMap generated from 1.11.0. Supported version: 1.9.0. Some features may not be parsed fully.
10:18:54.746 [JavaFX Application Thread] DEBUG TMXLevelLoader       - Parsed TiledMap: file:/C:/Users/Patrick/Desktop/Remote%20Repositories/JavaFXGame/target/classes/assets/levels/tmx/level2.tmx
10:18:54.747 [JavaFX Application Thread] DEBUG TMXLevelLoader       - Creating tile layer entities
10:18:54.748 [JavaFX Application Thread] DEBUG TilesetLoader        - Loading view for layer BG
10:18:54.758 [JavaFX Application Thread] DEBUG TilesetLoader        - Created buffer with size 4200.0x700.0
10:18:54.822 [JavaFX Application Thread] DEBUG TilesetLoader        - Loading view for layer Tile Layer 1
10:18:54.832 [JavaFX Application Thread] DEBUG TilesetLoader        - Created buffer with size 4200.0x700.0
10:18:54.841 [JavaFX Application Thread] DEBUG TMXLevelLoader       - Creating object layer entities
10:18:54.879 [JavaFX Application Thread] DEBUG GameWorld            - Clearing removable entities
10:18:54.888 [JavaFX Application Thread] DEBUG GameWorld            - Setting level: com.almasb.fxgl.entity.level.Level@5ad6d485
10:19:22.608 [JavaFX Application Thread] WARN  TMXLevelLoader       - TiledMap generated from 1.11.0. Supported version: 1.9.0. Some features may not be parsed fully.
10:19:22.621 [JavaFX Application Thread] DEBUG TMXLevelLoader       - Parsed TiledMap: file:/C:/Users/Patrick/Desktop/Remote%20Repositories/JavaFXGame/target/classes/assets/levels/tmx/level2.tmx
10:19:22.622 [JavaFX Application Thread] DEBUG TMXLevelLoader       - Creating tile layer entities
10:19:22.622 [JavaFX Application Thread] DEBUG TilesetLoader        - Loading view for layer BG
10:19:22.629 [JavaFX Application Thread] DEBUG TilesetLoader        - Created buffer with size 4200.0x700.0
10:19:22.662 [JavaFX Application Thread] DEBUG TilesetLoader        - Loading view for layer Tile Layer 1
10:19:22.665 [JavaFX Application Thread] DEBUG TilesetLoader        - Created buffer with size 4200.0x700.0
10:19:22.672 [JavaFX Application Thread] DEBUG TMXLevelLoader       - Creating object layer entities
10:19:22.689 [JavaFX Application Thread] DEBUG GameWorld            - Clearing removable entities
10:19:22.692 [JavaFX Application Thread] DEBUG GameWorld            - Setting level: com.almasb.fxgl.entity.level.Level@1455071c
10:19:50.332 [JavaFX Application Thread] WARN  TMXLevelLoader       - TiledMap generated from 1.11.0. Supported version: 1.9.0. Some features may not be parsed fully.
10:19:50.337 [JavaFX Application Thread] DEBUG TMXLevelLoader       - Parsed TiledMap: file:/C:/Users/Patrick/Desktop/Remote%20Repositories/JavaFXGame/target/classes/assets/levels/tmx/level2.tmx
10:19:50.337 [JavaFX Application Thread] DEBUG TMXLevelLoader       - Creating tile layer entities
10:19:50.337 [JavaFX Application Thread] DEBUG TilesetLoader        - Loading view for layer BG
10:19:50.347 [JavaFX Application Thread] DEBUG TilesetLoader        - Created buffer with size 4200.0x700.0
10:19:50.379 [JavaFX Application Thread] DEBUG TilesetLoader        - Loading view for layer Tile Layer 1
10:19:50.380 [JavaFX Application Thread] DEBUG TilesetLoader        - Created buffer with size 4200.0x700.0
10:19:50.383 [JavaFX Application Thread] DEBUG TMXLevelLoader       - Creating object layer entities
10:19:50.397 [JavaFX Application Thread] DEBUG GameWorld            - Clearing removable entities
10:19:50.400 [JavaFX Application Thread] DEBUG GameWorld            - Setting level: com.almasb.fxgl.entity.level.Level@54b7949b
10:20:18.205 [JavaFX Application Thread] WARN  TMXLevelLoader       - TiledMap generated from 1.11.0. Supported version: 1.9.0. Some features may not be parsed fully.
10:20:18.214 [JavaFX Application Thread] DEBUG TMXLevelLoader       - Parsed TiledMap: file:/C:/Users/Patrick/Desktop/Remote%20Repositories/JavaFXGame/target/classes/assets/levels/tmx/level2.tmx
10:20:18.215 [JavaFX Application Thread] DEBUG TMXLevelLoader       - Creating tile layer entities
10:20:18.216 [JavaFX Application Thread] DEBUG TilesetLoader        - Loading view for layer BG
10:20:18.227 [JavaFX Application Thread] DEBUG TilesetLoader        - Created buffer with size 4200.0x700.0
10:20:18.276 [JavaFX Application Thread] DEBUG TilesetLoader        - Loading view for layer Tile Layer 1
10:20:18.284 [JavaFX Application Thread] DEBUG TilesetLoader        - Created buffer with size 4200.0x700.0
10:20:18.288 [JavaFX Application Thread] DEBUG TMXLevelLoader       - Creating object layer entities
10:20:18.318 [JavaFX Application Thread] DEBUG GameWorld            - Clearing removable entities
10:20:18.324 [JavaFX Application Thread] DEBUG GameWorld            - Setting level: com.almasb.fxgl.entity.level.Level@58b523c7
10:20:19.772 [JavaFX Application Thread] DEBUG FXGLApplication      - Exiting FXGL
10:20:19.772 [JavaFX Application Thread] DEBUG LoopRunner           - Stopping loop
10:20:19.772 [JavaFX Application Thread] DEBUG SystemBundleService  - Saving FXGL system data
10:20:19.776 [JavaFX Application Thread] DEBUG FileSystemAccess     - Writing to: C:\Users\Patrick\Desktop\Remote Repositories\JavaFXGame\system\fxgl.bundle
10:20:19.780 [JavaFX Application Thread] DEBUG Async                - Shutting down background threads
10:20:19.781 [JavaFX Application Thread] DEBUG PrimaryStageWindow   - Closing main window
10:20:19.814 [JavaFX Application Thread] DEBUG Logger               - Closing Logger
