01:37:54.854 [main                     ] DEBUG Logger               - Configured Logger
01:37:54.868 [main                     ] DEBUG GameApplication      - Logging settings
Title: Untitled
Version: 0.0
Width: 1280
Height: 720
Fullscreen: false
Intro: false
Profiling: false
Single step:false
App Mode: DEVELOPER
Menu Key: ESCAPE
Stage Style: DECORATED
Scene Factory: class com.sunsofgod.PlatformerApp$1

01:37:55.167 [JavaFX Application Thread] DEBUG FXGLApplication      - Initializing FXGL
01:37:55.170 [JavaFX Application Thread] INFO  Engine               - FXGL-17.2 (20.08.2022 16.50) on WINDOWS (J:21.0.4 FX:17.0.12)
01:37:55.171 [JavaFX Application Thread] DEBUG Engine               - JRE Vendor Name: Eclipse Adoptium
01:37:55.171 [JavaFX Application Thread] DEBUG Engine               - Running on OS: Windows 11 version 10.0
01:37:55.171 [JavaFX Application Thread] DEBUG Engine               - Architecture: amd64
01:37:55.171 [JavaFX Application Thread] INFO  Engine               - Source code and latest versions at: https://github.com/AlmasB/FXGL
01:37:55.171 [JavaFX Application Thread] INFO  Engine               -       Ask questions and discuss at: https://github.com/AlmasB/FXGL/discussions
01:37:55.171 [JavaFX Application Thread] INFO  Engine               -              Join the FXGL chat at: https://gitter.im/AlmasB/FXGL
01:37:55.230 [JavaFX Application Thread] DEBUG PrimaryStageWindow   - Creating a JavaFX scene
01:37:55.256 [JavaFX Application Thread] DEBUG PrimaryStageWindow   - Target settings size: 1280.0 x 720.0
01:37:55.256 [JavaFX Application Thread] DEBUG PrimaryStageWindow   - Scaled scene size:    1280.0 x 720.0
01:37:55.256 [JavaFX Application Thread] DEBUG PrimaryStageWindow   - Scaled ratio: (1.0, 1.0)
01:37:55.257 [JavaFX Application Thread] DEBUG PrimaryStageWindow   - Set initial scene to FXGLStartupScene
01:37:55.260 [JavaFX Application Thread] DEBUG PrimaryStageWindow   - Opening main window
01:37:55.313 [JavaFX Application Thread] DEBUG PrimaryStageWindow   - Window border size: (16.0, 39.0)
01:37:55.313 [JavaFX Application Thread] DEBUG PrimaryStageWindow   - Scaled size: 1280.0 x 720.0
01:37:55.313 [JavaFX Application Thread] DEBUG PrimaryStageWindow   - Scaled ratio: (1.0, 1.0)
01:37:55.313 [JavaFX Application Thread] DEBUG PrimaryStageWindow   - Scene size: 1280.0 x 720.0
01:37:55.313 [JavaFX Application Thread] DEBUG PrimaryStageWindow   - Stage size: 1296.0 x 759.0
01:37:55.318 [FXGL Background Thread 1 ] DEBUG Engine               - Initializing environment variables
01:37:55.347 [FXGL Background Thread 1 ] DEBUG FXGLAssetLoaderServi - User app class for loading assets: class com.sunsofgod.PlatformerApp
01:37:55.347 [FXGL Background Thread 1 ] DEBUG GameApplicationServi - Applying CSS: fxgl_dark.css
01:37:55.348 [FXGL Background Thread 1 ] DEBUG FXGLAssetLoaderServi - Loading from file system: jar:file:///C:/Users/Balong/.m2/repository/com/github/almasb/fxgl/17.2/fxgl-17.2.jar!/fxglassets/ui/css/fxgl_dark.css
01:37:55.376 [FXGL Background Thread 1 ] DEBUG GameApplicationServi - Initializing application scenes
01:37:55.404 [FXGL Background Thread 1 ] WARN  FXGLAssetLoaderServi - Asset "/assets/textures/player.png" was not found!
01:37:55.405 [FXGL Background Thread 1 ] WARN  FXGLAssetLoaderServi - Failed to load IMAGE
01:37:55.421 [FXGL Background Thread 1 ] DEBUG GameWorld            - Game world initialized
01:37:55.452 [FXGL Background Thread 1 ] DEBUG PhysicsWorld         - Physics world initialized: appHeight=720, physics.ppm=50.0
01:37:55.452 [FXGL Background Thread 1 ] DEBUG PhysicsWorld         - Using strategy: BRUTE_FORCE
01:37:55.454 [FXGL Background Thread 1 ] DEBUG GameScene            - Game scene initialized: 1280x720
01:37:55.640 [FXGL Background Thread 1 ] DEBUG GameApplicationServi - Application scenes initialized
01:37:55.652 [FXGL Background Thread 1 ] DEBUG SystemBundleService  - Loading FXGL system data
01:37:55.654 [FXGL Background Thread 1 ] DEBUG FileSystemAccess     - Reading from: C:\Users\Balong\Desktop\JavaFXGame-3\system\fxgl.bundle
01:37:55.660 [FXGL Background Thread 1 ] DEBUG SystemBundleService  - Bundle FXGL: {}
01:37:55.660 [FXGL Background Thread 1 ] DEBUG UpdaterService       - Checking for updates
01:37:55.680 [FXGL Background Thread 4 ] DEBUG FXGLApplication      - Loading fonts
01:37:55.680 [FXGL Background Thread 4 ] DEBUG FXGLAssetLoaderServi - Loading from file system: jar:file:///C:/Users/Balong/.m2/repository/com/github/almasb/fxgl/17.2/fxgl-17.2.jar!/fxglassets/ui/fonts/VarelaRound-Regular.ttf
01:37:55.680 [FXGL Background Thread 1 ] DEBUG FXGLApplication      - Loading default localization
01:37:55.681 [FXGL Background Thread 1 ] DEBUG FXGLAssetLoaderServi - Loading from file system: jar:file:///C:/Users/Balong/.m2/repository/com/github/almasb/fxgl/17.2/fxgl-17.2.jar!/fxglassets/languages/english.lang
01:37:55.697 [FXGL Background Thread 1 ] INFO  FXGLApplication      - FXGL initialization took: 0.378 sec
01:37:55.698 [JavaFX Application Thread] DEBUG FXGLAssetLoaderServi - Loading from file system: jar:file:///C:/Users/Balong/.m2/repository/com/github/almasb/fxgl/17.2/fxgl-17.2.jar!/fxglassets/textures/fxgl_icon.png
01:37:55.711 [JavaFX Application Thread] DEBUG FXGLAssetLoaderServi - Loading from file system: jar:file:///C:/Users/Balong/.m2/repository/com/github/almasb/fxgl/17.2/fxgl-17.2.jar!/fxglassets/textures/fxgl_default_cursor.png
01:37:55.713 [FXGL Background Thread 4 ] DEBUG FXGLAssetLoaderServi - Loading from file system: jar:file:///C:/Users/Balong/.m2/repository/com/github/almasb/fxgl/17.2/fxgl-17.2.jar!/fxglassets/ui/fonts/Abel-Regular.ttf
01:37:55.719 [JavaFX Application Thread] DEBUG Input                - Registered new binding: Screenshot - CTRL+8
01:37:55.719 [JavaFX Application Thread] DEBUG Input                - Registered new binding: Dev Options - 1
01:37:55.719 [JavaFX Application Thread] DEBUG Input                - Registered new binding: Dev Console - 2
01:37:55.720 [JavaFX Application Thread] DEBUG Input                - Registered new binding: System info dump - CTRL+9
01:37:55.720 [JavaFX Application Thread] DEBUG Input                - Registered new binding: Restart - CTRL+R
01:37:55.720 [JavaFX Application Thread] DEBUG Input                - Registered new binding: Toggle Debug Camera - CTRL+7
01:37:55.722 [JavaFX Application Thread] DEBUG LoopRunner           - Starting loop
01:37:55.724 [FXGL Background Thread 4 ] DEBUG FXGLAssetLoaderServi - Loading from file system: jar:file:///C:/Users/Balong/.m2/repository/com/github/almasb/fxgl/17.2/fxgl-17.2.jar!/fxglassets/ui/fonts/TerminalLandMono-Regular.otf
01:37:55.732 [JavaFX Application Thread] DEBUG LoopRunner           - Initializing JavaFX AnimationTimerLoop
01:37:55.733 [JavaFX Application Thread] DEBUG Input                - Clearing active input actions
01:37:55.740 [FXGL Background Thread 4 ] DEBUG FXGLAssetLoaderServi - Loading from file system: jar:file:///C:/Users/Balong/.m2/repository/com/github/almasb/fxgl/17.2/fxgl-17.2.jar!/fxglassets/ui/fonts/Courier-Prime.ttf
01:37:55.741 [JavaFX Application Thread] DEBUG GameApplicationServi - Removing overlay from FXGLStartupScene and adding to FXGLMainMenuDummyScene
01:37:55.744 [JavaFX Application Thread] DEBUG PrimaryStageWindow   - FXGLStartupScene -> FXGLMainMenuDummyScene
01:37:55.744 [JavaFX Application Thread] DEBUG PrimaryStageWindow   - Push state: RiderMainMenuScene
01:37:55.745 [JavaFX Application Thread] DEBUG Input                - Clearing active input actions
01:37:55.748 [JavaFX Application Thread] DEBUG GameApplicationServi - Removing overlay from FXGLMainMenuDummyScene and adding to RiderMainMenuScene
01:37:55.749 [JavaFX Application Thread] DEBUG PrimaryStageWindow   - FXGLMainMenuDummyScene -> RiderMainMenuScene
01:37:55.871 [JavaFX Application Thread] DEBUG FXGLApplication      - Registering font factories with UI factory
01:37:55.974 [FXGL Background Thread 2 ] INFO  UpdaterService       - Your current version:  17.2
01:37:55.975 [FXGL Background Thread 2 ] INFO  UpdaterService       - Latest stable version: 21.1
01:37:56.219 [JavaFX Application Thread] DEBUG PrimaryStageWindow   - Push state: PlayerSelectScene
01:37:56.219 [JavaFX Application Thread] DEBUG Input                - Clearing active input actions
01:37:56.220 [JavaFX Application Thread] DEBUG GameApplicationServi - Removing overlay from RiderMainMenuScene and adding to PlayerSelectScene
01:37:56.221 [JavaFX Application Thread] DEBUG PrimaryStageWindow   - RiderMainMenuScene -> PlayerSelectScene
01:37:57.245 [JavaFX Application Thread] DEBUG PrimaryStageWindow   - Push state: LevelSelectScene
01:37:57.245 [JavaFX Application Thread] DEBUG Input                - Clearing active input actions
01:37:57.245 [JavaFX Application Thread] DEBUG GameApplicationServi - Removing overlay from PlayerSelectScene and adding to LevelSelectScene
01:37:57.246 [JavaFX Application Thread] DEBUG PrimaryStageWindow   - PlayerSelectScene -> LevelSelectScene
01:37:58.145 [JavaFX Application Thread] DEBUG Menu                 - fireNewGame()
01:37:58.145 [JavaFX Application Thread] DEBUG GameApplicationServi - Starting new game
01:37:58.145 [JavaFX Application Thread] DEBUG PrimaryStageWindow   - Pop state: LevelSelectScene
01:37:58.145 [JavaFX Application Thread] DEBUG Input                - Clearing active input actions
01:37:58.146 [JavaFX Application Thread] DEBUG GameApplicationServi - Removing overlay from LevelSelectScene and adding to PlayerSelectScene
01:37:58.147 [JavaFX Application Thread] DEBUG PrimaryStageWindow   - PlayerSelectScene <- LevelSelectScene
01:37:58.147 [JavaFX Application Thread] DEBUG PrimaryStageWindow   - Pop state: PlayerSelectScene
01:37:58.147 [JavaFX Application Thread] DEBUG Input                - Clearing active input actions
01:37:58.148 [JavaFX Application Thread] DEBUG GameApplicationServi - Removing overlay from PlayerSelectScene and adding to RiderMainMenuScene
01:37:58.148 [JavaFX Application Thread] DEBUG PrimaryStageWindow   - RiderMainMenuScene <- PlayerSelectScene
01:37:58.148 [JavaFX Application Thread] DEBUG PrimaryStageWindow   - Pop state: RiderMainMenuScene
01:37:58.148 [JavaFX Application Thread] DEBUG Input                - Clearing active input actions
01:37:58.148 [JavaFX Application Thread] DEBUG GameApplicationServi - Removing overlay from RiderMainMenuScene and adding to FXGLMainMenuDummyScene
01:37:58.149 [JavaFX Application Thread] DEBUG PrimaryStageWindow   - FXGLMainMenuDummyScene <- RiderMainMenuScene
01:37:58.149 [JavaFX Application Thread] DEBUG Input                - Clearing active input actions
01:37:58.154 [JavaFX Application Thread] DEBUG GameApplicationServi - Removing overlay from FXGLMainMenuDummyScene and adding to MainLoadingScene
01:37:58.154 [JavaFX Application Thread] DEBUG PrimaryStageWindow   - FXGLMainMenuDummyScene -> MainLoadingScene
01:37:58.154 [JavaFX Application Thread] DEBUG GameApplicationServi - Clearing previous game
01:37:58.154 [JavaFX Application Thread] DEBUG GameScene            - Clearing game scene
01:37:58.154 [JavaFX Application Thread] DEBUG GameWorld            - Clearing game world
01:37:58.154 [JavaFX Application Thread] DEBUG PhysicsWorld         - Clearing physics world
01:37:58.155 [FXGL Background Thread 2 ] DEBUG FXGLApplication      - Initializing game
01:37:58.182 [FXGL Background Thread 2 ] WARN  TMXLevelLoader       - TiledMap generated from 1.11.0. Supported version: 1.9.0. Some features may not be parsed fully.
01:37:58.186 [FXGL Background Thread 2 ] DEBUG TMXLevelLoader       - Parsed TiledMap: file:/C:/Users/Balong/Desktop/JavaFXGame-3/target/classes/assets/levels/tmx/level1.tmx
01:37:58.187 [FXGL Background Thread 2 ] DEBUG TMXLevelLoader       - Creating tile layer entities
01:37:58.187 [FXGL Background Thread 2 ] DEBUG TilesetLoader        - Loading view for layer Tile Layer 1
01:37:58.188 [FXGL Background Thread 2 ] DEBUG TilesetLoader        - Created buffer with size 1050.0x700.0
01:37:58.195 [FXGL Background Thread 2 ] DEBUG TMXLevelLoader       - Creating object layer entities
01:37:58.209 [FXGL Background Thread 2 ] DEBUG FXGLAssetLoaderServi - Loading from file system: file:/C:/Users/Balong/Desktop/JavaFXGame-3/target/classes/assets/textures/button.png
01:37:58.212 [FXGL Background Thread 2 ] DEBUG GameWorld            - Clearing removable entities
01:37:58.212 [FXGL Background Thread 2 ] DEBUG GameWorld            - Setting level: com.almasb.fxgl.entity.level.Level@3ffd8c52
01:37:58.218 [FXGL Background Thread 2 ] DEBUG FXGLAssetLoaderServi - Loading from file system: file:/C:/Users/Balong/Desktop/JavaFXGame-3/target/classes/assets/textures/player1.png
01:37:58.226 [FXGL Background Thread 2 ] DEBUG Input                - Registered new binding: Jump0 - W
01:37:58.226 [FXGL Background Thread 2 ] DEBUG Input                - Registered new binding: Left0 - A
01:37:58.226 [FXGL Background Thread 2 ] DEBUG Input                - Registered new binding: Right0 - D
01:37:58.226 [FXGL Background Thread 2 ] DEBUG Input                - Registered new binding: Use0 - E
01:37:58.227 [FXGL Background Thread 2 ] DEBUG FXGLAssetLoaderServi - Loading from file system: file:/C:/Users/Balong/Desktop/JavaFXGame-3/target/classes/assets/textures/background/manila.png
01:37:58.241 [FXGL Background Thread 2 ] INFO  FXGLApplication      - Game initialization took: 0.086 sec
01:37:58.242 [JavaFX Application Thread] DEBUG Input                - Clearing active input actions
01:37:58.246 [JavaFX Application Thread] DEBUG GameApplicationServi - Removing overlay from MainLoadingScene and adding to GameScene
01:37:58.247 [JavaFX Application Thread] DEBUG PrimaryStageWindow   - MainLoadingScene -> GameScene
01:37:58.675 [FXGL Background Thread 3 ] DEBUG Engine               - Logging environment variables
01:37:58.675 [FXGL Background Thread 3 ] DEBUG Engine               - achievements: []
01:37:58.675 [FXGL Background Thread 3 ] DEBUG Engine               - actualHeight: 720.0
01:37:58.675 [FXGL Background Thread 3 ] DEBUG Engine               - actualHeightProperty: ReadOnlyDoubleProperty [value: 720.0]
01:37:58.675 [FXGL Background Thread 3 ] DEBUG Engine               - actualWidth: 1280.0
01:37:58.675 [FXGL Background Thread 3 ] DEBUG Engine               - actualWidthProperty: ReadOnlyDoubleProperty [value: 1280.0]
01:37:58.675 [FXGL Background Thread 3 ] DEBUG Engine               - appIcon: fxgl_icon.png
01:37:58.675 [FXGL Background Thread 3 ] DEBUG Engine               - applicationMode: DEVELOPER
01:37:58.675 [FXGL Background Thread 3 ] DEBUG Engine               - cSSList: [fxgl_dark.css]
01:37:58.675 [FXGL Background Thread 3 ] DEBUG Engine               - collisionDetectionStrategy: BRUTE_FORCE
01:37:58.675 [FXGL Background Thread 3 ] DEBUG Engine               - configClass: Optional.empty
01:37:58.675 [FXGL Background Thread 3 ] DEBUG Engine               - credits: []
01:37:58.676 [FXGL Background Thread 3 ] DEBUG Engine               - defaultCursor: CursorInfo(imageName=fxgl_default_cursor.png, hotspotX=7.0, hotspotY=6.0)
01:37:58.676 [FXGL Background Thread 3 ] DEBUG Engine               - devBBoxColorProperty: ObjectProperty [value: 0xff0000ff]
01:37:58.676 [FXGL Background Thread 3 ] DEBUG Engine               - devEnableDebugCameraProperty: BooleanProperty [value: false]
01:37:58.676 [FXGL Background Thread 3 ] DEBUG Engine               - devSensorColorProperty: ObjectProperty [value: 0xffff00ff]
01:37:58.676 [FXGL Background Thread 3 ] DEBUG Engine               - devShowBBoxProperty: BooleanProperty [value: false]
01:37:58.676 [FXGL Background Thread 3 ] DEBUG Engine               - devShowPositionProperty: BooleanProperty [value: false]
01:37:58.676 [FXGL Background Thread 3 ] DEBUG Engine               - enabledMenuItems: []
01:37:58.676 [FXGL Background Thread 3 ] DEBUG Engine               - engineServices: [class com.almasb.fxgl.app.services.FXGLAssetLoaderService, class com.almasb.fxgl.app.FXGLApplication$GameApplicationService, class com.almasb.fxgl.app.services.FXGLDialogService, class com.almasb.fxgl.app.services.IOTaskExecutorService, class com.almasb.fxgl.io.FileSystemService, class com.almasb.fxgl.localization.LocalizationService, class com.almasb.fxgl.app.services.SystemBundleService, class com.almasb.fxgl.profile.SaveLoadService, class com.almasb.fxgl.ui.FXGLUIFactoryServiceProvider, class com.almasb.fxgl.ui.FXGLDialogFactoryServiceProvider, class com.almasb.fxgl.audio.AudioPlayer, class com.almasb.fxgl.notification.impl.NotificationServiceProvider, class com.almasb.fxgl.achievement.AchievementService, class com.almasb.fxgl.cutscene.CutsceneService, class com.almasb.fxgl.minigames.MiniGameService, class com.almasb.fxgl.net.NetService, class com.almasb.fxgl.app.services.UpdaterService, class com.almasb.fxgl.dev.DevService]
01:37:58.676 [FXGL Background Thread 3 ] DEBUG Engine               - fontGame: Abel-Regular.ttf
01:37:58.676 [FXGL Background Thread 3 ] DEBUG Engine               - fontMono: TerminalLandMono-Regular.otf
01:37:58.676 [FXGL Background Thread 3 ] DEBUG Engine               - fontText: Courier-Prime.ttf
01:37:58.676 [FXGL Background Thread 3 ] DEBUG Engine               - fontUI: VarelaRound-Regular.ttf
01:37:58.676 [FXGL Background Thread 3 ] DEBUG Engine               - fullScreen: BooleanProperty [value: false]
01:37:58.676 [FXGL Background Thread 3 ] DEBUG Engine               - gameDifficulty: MEDIUM
01:37:58.676 [FXGL Background Thread 3 ] DEBUG Engine               - gameDifficultyProperty: ObjectProperty [value: MEDIUM]
01:37:58.676 [FXGL Background Thread 3 ] DEBUG Engine               - globalMusicVolume: 0.5
01:37:58.677 [FXGL Background Thread 3 ] DEBUG Engine               - globalMusicVolumeProperty: DoubleProperty [value: 0.25]
01:37:58.677 [FXGL Background Thread 3 ] DEBUG Engine               - globalSoundVolume: 0.5
01:37:58.677 [FXGL Background Thread 3 ] DEBUG Engine               - globalSoundVolumeProperty: DoubleProperty [value: 0.5]
01:37:58.677 [FXGL Background Thread 3 ] DEBUG Engine               - height: 720
01:37:58.677 [FXGL Background Thread 3 ] DEBUG Engine               - is3D: false
01:37:58.677 [FXGL Background Thread 3 ] DEBUG Engine               - isAndroid: false
01:37:58.677 [FXGL Background Thread 3 ] DEBUG Engine               - isBrowser: false
01:37:58.677 [FXGL Background Thread 3 ] DEBUG Engine               - isClickFeedbackEnabled: false
01:37:58.677 [FXGL Background Thread 3 ] DEBUG Engine               - isCloseConfirmation: false
01:37:58.677 [FXGL Background Thread 3 ] DEBUG Engine               - isDesktop: true
01:37:58.677 [FXGL Background Thread 3 ] DEBUG Engine               - isDeveloperMenuEnabled: true
01:37:58.677 [FXGL Background Thread 3 ] DEBUG Engine               - isEmbedded: false
01:37:58.677 [FXGL Background Thread 3 ] DEBUG Engine               - isEntityPreloadEnabled: true
01:37:58.677 [FXGL Background Thread 3 ] DEBUG Engine               - isExperimentalTiledLargeMap: false
01:37:58.677 [FXGL Background Thread 3 ] DEBUG Engine               - isFileSystemWriteAllowed: true
01:37:58.677 [FXGL Background Thread 3 ] DEBUG Engine               - isFullScreenAllowed: false
01:37:58.677 [FXGL Background Thread 3 ] DEBUG Engine               - isFullScreenFromStart: false
01:37:58.677 [FXGL Background Thread 3 ] DEBUG Engine               - isGameMenuEnabled: true
01:37:58.677 [FXGL Background Thread 3 ] DEBUG Engine               - isIOS: false
01:37:58.677 [FXGL Background Thread 3 ] DEBUG Engine               - isIntroEnabled: false
01:37:58.677 [FXGL Background Thread 3 ] DEBUG Engine               - isLinux: false
01:37:58.677 [FXGL Background Thread 3 ] DEBUG Engine               - isMac: false
01:37:58.677 [FXGL Background Thread 3 ] DEBUG Engine               - isMainMenuEnabled: true
01:37:58.677 [FXGL Background Thread 3 ] DEBUG Engine               - isManualResizeEnabled: false
01:37:58.677 [FXGL Background Thread 3 ] DEBUG Engine               - isMobile: false
01:37:58.678 [FXGL Background Thread 3 ] DEBUG Engine               - isNative: false
01:37:58.678 [FXGL Background Thread 3 ] DEBUG Engine               - isPauseMusicWhenMinimized: true
01:37:58.678 [FXGL Background Thread 3 ] DEBUG Engine               - isPreserveResizeRatio: false
01:37:58.678 [FXGL Background Thread 3 ] DEBUG Engine               - isProfilingEnabled: false
01:37:58.678 [FXGL Background Thread 3 ] DEBUG Engine               - isScaleAffectedOnResize: true
01:37:58.678 [FXGL Background Thread 3 ] DEBUG Engine               - isSingleStep: false
01:37:58.678 [FXGL Background Thread 3 ] DEBUG Engine               - isUserProfileEnabled: false
01:37:58.678 [FXGL Background Thread 3 ] DEBUG Engine               - isWindows: true
01:37:58.678 [FXGL Background Thread 3 ] DEBUG Engine               - language: ObjectProperty [value: ENGLISH]
01:37:58.678 [FXGL Background Thread 3 ] DEBUG Engine               - menuKey: ESCAPE
01:37:58.678 [FXGL Background Thread 3 ] DEBUG Engine               - mouseSensitivity: 0.2
01:37:58.678 [FXGL Background Thread 3 ] DEBUG Engine               - notificationViewClass: class com.almasb.fxgl.notification.view.XboxNotificationView
01:37:58.678 [FXGL Background Thread 3 ] DEBUG Engine               - pixelsPerMeter: 50.0
01:37:58.678 [FXGL Background Thread 3 ] DEBUG Engine               - platform: WINDOWS
01:37:58.678 [FXGL Background Thread 3 ] DEBUG Engine               - prefHeightProperty: ReadOnlyDoubleProperty [value: 720.0]
01:37:58.678 [FXGL Background Thread 3 ] DEBUG Engine               - prefWidthProperty: ReadOnlyDoubleProperty [value: 1280.0]
01:37:58.678 [FXGL Background Thread 3 ] DEBUG Engine               - profileDir: profiles/
01:37:58.678 [FXGL Background Thread 3 ] DEBUG Engine               - profileName: StringProperty [value: DEFAULT]
01:37:58.678 [FXGL Background Thread 3 ] DEBUG Engine               - randomSeed: -1
01:37:58.678 [FXGL Background Thread 3 ] DEBUG Engine               - runtimeInfo: RuntimeInfo(platform=WINDOWS, version=17.2, build=20.08.2022 16.50)
01:37:58.678 [FXGL Background Thread 3 ] DEBUG Engine               - saveFileExt: sav
01:37:58.678 [FXGL Background Thread 3 ] DEBUG Engine               - scaledHeightProp$fxgl: DoubleProperty [bound, value: 720.0]
01:37:58.679 [FXGL Background Thread 3 ] DEBUG Engine               - scaledWidthProp$fxgl: DoubleProperty [bound, value: 1280.0]
01:37:58.679 [FXGL Background Thread 3 ] DEBUG Engine               - sceneFactory: com.sunsofgod.PlatformerApp$1@69ff993d
01:37:58.679 [FXGL Background Thread 3 ] DEBUG Engine               - secondsIn24h: 60
01:37:58.679 [FXGL Background Thread 3 ] DEBUG Engine               - soundMenuBack: menu/back.wav
01:37:58.679 [FXGL Background Thread 3 ] DEBUG Engine               - soundMenuPress: menu/press.wav
01:37:58.679 [FXGL Background Thread 3 ] DEBUG Engine               - soundMenuSelect: menu/select.wav
01:37:58.679 [FXGL Background Thread 3 ] DEBUG Engine               - soundNotification: core/notification.wav
01:37:58.679 [FXGL Background Thread 3 ] DEBUG Engine               - stageStyle: DECORATED
01:37:58.679 [FXGL Background Thread 3 ] DEBUG Engine               - supportedLanguages: [ENGLISH, FRENCH, GERMAN, HUNGARIAN, RUSSIAN]
01:37:58.679 [FXGL Background Thread 3 ] DEBUG Engine               - ticksPerSecond: -1
01:37:58.679 [FXGL Background Thread 3 ] DEBUG Engine               - title: Untitled
01:37:58.679 [FXGL Background Thread 3 ] DEBUG Engine               - urlGithub: https://github.com/AlmasB/FXGL
01:37:58.679 [FXGL Background Thread 3 ] DEBUG Engine               - urlLeaderboard: http://fxgl-top.herokuapp.com/
01:37:58.679 [FXGL Background Thread 3 ] DEBUG Engine               - urlPOM: https://raw.githubusercontent.com/AlmasB/FXGL/release/README.md
01:37:58.679 [FXGL Background Thread 3 ] DEBUG Engine               - userAppClass: class com.sunsofgod.PlatformerApp
01:37:58.679 [FXGL Background Thread 3 ] DEBUG Engine               - version: 0.0
01:37:58.679 [FXGL Background Thread 3 ] DEBUG Engine               - versionCheckDays: 7
01:37:58.679 [FXGL Background Thread 3 ] DEBUG Engine               - width: 1280
01:37:58.679 [FXGL Background Thread 3 ] DEBUG Engine               - Logging services
01:37:58.679 [FXGL Background Thread 3 ] DEBUG Engine               - class com.almasb.fxgl.app.services.FXGLAssetLoaderService
01:37:58.679 [FXGL Background Thread 3 ] DEBUG Engine               - class com.almasb.fxgl.app.FXGLApplication$GameApplicationService
01:37:58.679 [FXGL Background Thread 3 ] DEBUG Engine               - class com.almasb.fxgl.app.services.FXGLDialogService
01:37:58.679 [FXGL Background Thread 3 ] DEBUG Engine               - class com.almasb.fxgl.app.services.IOTaskExecutorService
01:37:58.679 [FXGL Background Thread 3 ] DEBUG Engine               - class com.almasb.fxgl.io.FileSystemService
01:37:58.679 [FXGL Background Thread 3 ] DEBUG Engine               - class com.almasb.fxgl.localization.LocalizationService
01:37:58.679 [FXGL Background Thread 3 ] DEBUG Engine               - class com.almasb.fxgl.app.services.SystemBundleService
01:37:58.679 [FXGL Background Thread 3 ] DEBUG Engine               - class com.almasb.fxgl.profile.SaveLoadService
01:37:58.679 [FXGL Background Thread 3 ] DEBUG Engine               - class com.almasb.fxgl.ui.FXGLUIFactoryServiceProvider
01:37:58.679 [FXGL Background Thread 3 ] DEBUG Engine               - class com.almasb.fxgl.ui.FXGLDialogFactoryServiceProvider
01:37:58.679 [FXGL Background Thread 3 ] DEBUG Engine               - class com.almasb.fxgl.audio.AudioPlayer
01:37:58.679 [FXGL Background Thread 3 ] DEBUG Engine               - class com.almasb.fxgl.notification.impl.NotificationServiceProvider
01:37:58.679 [FXGL Background Thread 3 ] DEBUG Engine               - class com.almasb.fxgl.achievement.AchievementService
01:37:58.679 [FXGL Background Thread 3 ] DEBUG Engine               - class com.almasb.fxgl.cutscene.CutsceneService
01:37:58.679 [FXGL Background Thread 3 ] DEBUG Engine               - class com.almasb.fxgl.minigames.MiniGameService
01:37:58.679 [FXGL Background Thread 3 ] DEBUG Engine               - class com.almasb.fxgl.net.NetService
01:37:58.680 [FXGL Background Thread 3 ] DEBUG Engine               - class com.almasb.fxgl.app.services.UpdaterService
01:37:58.680 [FXGL Background Thread 3 ] DEBUG Engine               - class com.almasb.fxgl.dev.DevService
01:38:00.157 [JavaFX Application Thread] DEBUG PrimaryStageWindow   - Push state: LevelCompletionScene
01:38:00.157 [JavaFX Application Thread] DEBUG Input                - Clearing active input actions
01:38:00.157 [JavaFX Application Thread] DEBUG GameApplicationServi - Removing overlay from GameScene and adding to LevelCompletionScene
01:38:00.158 [JavaFX Application Thread] DEBUG PrimaryStageWindow   - GameScene -> LevelCompletionScene
01:38:00.159 [JavaFX Application Thread] WARN  TMXLevelLoader       - TiledMap generated from 1.11.0. Supported version: 1.9.0. Some features may not be parsed fully.
01:38:00.160 [JavaFX Application Thread] DEBUG TMXLevelLoader       - Parsed TiledMap: file:/C:/Users/Balong/Desktop/JavaFXGame-3/target/classes/assets/levels/tmx/level2.tmx
01:38:00.160 [JavaFX Application Thread] DEBUG TMXLevelLoader       - Creating tile layer entities
01:38:00.161 [JavaFX Application Thread] DEBUG TilesetLoader        - Loading view for layer Tile Layer 1
01:38:00.161 [JavaFX Application Thread] DEBUG TilesetLoader        - Created buffer with size 1050.0x700.0
01:38:00.167 [JavaFX Application Thread] DEBUG TMXLevelLoader       - Creating object layer entities
01:38:00.169 [JavaFX Application Thread] DEBUG GameWorld            - Clearing removable entities
01:38:00.170 [JavaFX Application Thread] DEBUG GameWorld            - Setting level: com.almasb.fxgl.entity.level.Level@538aee2b
01:38:00.953 [JavaFX Application Thread] DEBUG PrimaryStageWindow   - Pop state: LevelCompletionScene
01:38:00.953 [JavaFX Application Thread] DEBUG Input                - Clearing active input actions
01:38:00.954 [JavaFX Application Thread] DEBUG GameApplicationServi - Removing overlay from LevelCompletionScene and adding to GameScene
01:38:00.954 [JavaFX Application Thread] DEBUG PrimaryStageWindow   - GameScene <- LevelCompletionScene
01:38:01.250 [JavaFX Application Thread] DEBUG PrimaryStageWindow   - Push state: PauseMenuScene
01:38:01.251 [JavaFX Application Thread] DEBUG Input                - Clearing active input actions
01:38:01.251 [JavaFX Application Thread] DEBUG GameApplicationServi - Removing overlay from GameScene and adding to PauseMenuScene
01:38:01.251 [JavaFX Application Thread] DEBUG PrimaryStageWindow   - GameScene -> PauseMenuScene
01:38:02.263 [JavaFX Application Thread] DEBUG Input                - Clearing active input actions
01:38:02.263 [JavaFX Application Thread] DEBUG PrimaryStageWindow   - Pop state: PauseMenuScene
01:38:02.263 [JavaFX Application Thread] DEBUG Input                - Clearing active input actions
01:38:02.264 [JavaFX Application Thread] DEBUG GameApplicationServi - Removing overlay from PauseMenuScene and adding to GameScene
01:38:02.264 [JavaFX Application Thread] DEBUG PrimaryStageWindow   - GameScene <- PauseMenuScene
01:38:02.290 [JavaFX Application Thread] DEBUG PrimaryStageWindow   - Push state: RiderMainMenuScene
01:38:02.291 [JavaFX Application Thread] DEBUG Input                - Clearing active input actions
01:38:02.291 [JavaFX Application Thread] DEBUG GameApplicationServi - Removing overlay from GameScene and adding to RiderMainMenuScene
01:38:02.291 [JavaFX Application Thread] DEBUG PrimaryStageWindow   - GameScene -> RiderMainMenuScene
01:38:02.997 [JavaFX Application Thread] DEBUG PrimaryStageWindow   - Push state: PlayerSelectScene
01:38:02.998 [JavaFX Application Thread] DEBUG Input                - Clearing active input actions
01:38:02.998 [JavaFX Application Thread] DEBUG GameApplicationServi - Removing overlay from RiderMainMenuScene and adding to PlayerSelectScene
01:38:02.999 [JavaFX Application Thread] DEBUG PrimaryStageWindow   - RiderMainMenuScene -> PlayerSelectScene
01:38:04.051 [JavaFX Application Thread] DEBUG PrimaryStageWindow   - Push state: LevelSelectScene
01:38:04.051 [JavaFX Application Thread] DEBUG Input                - Clearing active input actions
01:38:04.051 [JavaFX Application Thread] DEBUG GameApplicationServi - Removing overlay from PlayerSelectScene and adding to LevelSelectScene
01:38:04.052 [JavaFX Application Thread] DEBUG PrimaryStageWindow   - PlayerSelectScene -> LevelSelectScene
01:38:05.039 [JavaFX Application Thread] DEBUG Menu                 - fireNewGame()
01:38:05.039 [JavaFX Application Thread] DEBUG GameApplicationServi - Starting new game
01:38:05.039 [JavaFX Application Thread] DEBUG PrimaryStageWindow   - Pop state: LevelSelectScene
01:38:05.039 [JavaFX Application Thread] DEBUG Input                - Clearing active input actions
01:38:05.039 [JavaFX Application Thread] DEBUG GameApplicationServi - Removing overlay from LevelSelectScene and adding to PlayerSelectScene
01:38:05.040 [JavaFX Application Thread] DEBUG PrimaryStageWindow   - PlayerSelectScene <- LevelSelectScene
01:38:05.040 [JavaFX Application Thread] DEBUG PrimaryStageWindow   - Pop state: PlayerSelectScene
01:38:05.040 [JavaFX Application Thread] DEBUG Input                - Clearing active input actions
01:38:05.040 [JavaFX Application Thread] DEBUG GameApplicationServi - Removing overlay from PlayerSelectScene and adding to RiderMainMenuScene
01:38:05.040 [JavaFX Application Thread] DEBUG PrimaryStageWindow   - RiderMainMenuScene <- PlayerSelectScene
01:38:05.040 [JavaFX Application Thread] DEBUG PrimaryStageWindow   - Pop state: RiderMainMenuScene
01:38:05.040 [JavaFX Application Thread] DEBUG Input                - Clearing active input actions
01:38:05.040 [JavaFX Application Thread] DEBUG GameApplicationServi - Removing overlay from RiderMainMenuScene and adding to GameScene
01:38:05.040 [JavaFX Application Thread] DEBUG PrimaryStageWindow   - GameScene <- RiderMainMenuScene
01:38:05.040 [JavaFX Application Thread] DEBUG Input                - Clearing active input actions
01:38:05.044 [JavaFX Application Thread] DEBUG GameApplicationServi - Removing overlay from GameScene and adding to MainLoadingScene
01:38:05.044 [JavaFX Application Thread] DEBUG PrimaryStageWindow   - GameScene -> MainLoadingScene
01:38:05.044 [JavaFX Application Thread] DEBUG GameApplicationServi - Clearing previous game
01:38:05.044 [JavaFX Application Thread] DEBUG GameScene            - Clearing game scene
01:38:05.044 [JavaFX Application Thread] DEBUG GameWorld            - Clearing game world
01:38:05.044 [JavaFX Application Thread] DEBUG PhysicsWorld         - Clearing physics world
01:38:05.045 [FXGL Background Thread 2 ] DEBUG FXGLApplication      - Initializing game
01:38:05.046 [FXGL Background Thread 2 ] WARN  TMXLevelLoader       - TiledMap generated from 1.11.0. Supported version: 1.9.0. Some features may not be parsed fully.
01:38:05.047 [FXGL Background Thread 2 ] DEBUG TMXLevelLoader       - Parsed TiledMap: file:/C:/Users/Balong/Desktop/JavaFXGame-3/target/classes/assets/levels/tmx/level2.tmx
01:38:05.048 [FXGL Background Thread 2 ] DEBUG TMXLevelLoader       - Creating tile layer entities
01:38:05.048 [FXGL Background Thread 2 ] DEBUG TilesetLoader        - Loading view for layer Tile Layer 1
01:38:05.048 [FXGL Background Thread 2 ] DEBUG TilesetLoader        - Created buffer with size 1050.0x700.0
01:38:05.056 [FXGL Background Thread 2 ] DEBUG TMXLevelLoader       - Creating object layer entities
01:38:05.058 [FXGL Background Thread 2 ] DEBUG GameWorld            - Clearing removable entities
01:38:05.058 [FXGL Background Thread 2 ] DEBUG GameWorld            - Setting level: com.almasb.fxgl.entity.level.Level@4140fc46
01:38:05.064 [JavaFX Application Thread] DEBUG LoopRunner           - Stopping loop
01:38:05.066 [JavaFX Application Thread] FATAL FXGLApplication      - Uncaught Exception:
java.lang.RuntimeException: Initialization failed
	at com.almasb.fxgl.all@17.2/com.almasb.fxgl.app.FXGLApplication$InitAppTask.failed(FXGLApplication.kt:343)
	at javafx.graphics/javafx.concurrent.Task.setState(Task.java:710)
	at javafx.graphics/javafx.concurrent.Task$TaskCallable.lambda$call$2(Task.java:1456)
	at javafx.graphics/com.sun.javafx.application.PlatformImpl.lambda$runLater$10(PlatformImpl.java:457)
	at java.base/java.security.AccessController.doPrivileged(AccessController.java:400)
	at javafx.graphics/com.sun.javafx.application.PlatformImpl.lambda$runLater$11(PlatformImpl.java:456)
	at javafx.graphics/com.sun.glass.ui.InvokeLaterDispatcher$Future.run(InvokeLaterDispatcher.java:96)
	at javafx.graphics/com.sun.glass.ui.win.WinApplication._runLoop(Native Method)
	at javafx.graphics/com.sun.glass.ui.win.WinApplication.lambda$runLoop$3(WinApplication.java:184)
	at java.base/java.lang.Thread.run(Thread.java:1583)
Caused by: java.lang.IllegalArgumentException: Action already exists: Jump0
	at com.almasb.fxgl.core@17.2/com.almasb.fxgl.input.Input.addBinding(Input.kt:511)
	at com.almasb.fxgl.core@17.2/com.almasb.fxgl.input.Input.addAction(Input.kt:507)
	at com.almasb.fxgl.core@17.2/com.almasb.fxgl.input.Input.addAction$default(Input.kt:504)
	at com.almasb.fxgl.core@17.2/com.almasb.fxgl.input.Input.addAction(Input.kt)
	at com.sunsofgod/com.sunsofgod.PlatformerApp.bindKeys(PlatformerApp.java:147)
	at com.sunsofgod/com.sunsofgod.PlatformerApp.initGame(PlatformerApp.java:411)
	at com.almasb.fxgl.all@17.2/com.almasb.fxgl.app.FXGLApplication$InitAppTask.initGame(FXGLApplication.kt:339)
	at com.almasb.fxgl.all@17.2/com.almasb.fxgl.app.FXGLApplication$InitAppTask.call(FXGLApplication.kt:319)
	at com.almasb.fxgl.all@17.2/com.almasb.fxgl.app.FXGLApplication$InitAppTask.call(FXGLApplication.kt:311)
	at javafx.graphics/javafx.concurrent.Task$TaskCallable.call(Task.java:1426)
	at java.base/java.util.concurrent.FutureTask.run(FutureTask.java:317)
	at java.base/java.util.concurrent.Executors$RunnableAdapter.call(Executors.java:572)
	at java.base/java.util.concurrent.FutureTask.run(FutureTask.java:317)
	at java.base/java.util.concurrent.ThreadPoolExecutor.runWorker(ThreadPoolExecutor.java:1144)
	at java.base/java.util.concurrent.ThreadPoolExecutor$Worker.run(ThreadPoolExecutor.java:642)
	... 1 more

01:38:05.068 [JavaFX Application Thread] FATAL FXGLApplication      - Application will now exit
01:38:05.071 [JavaFX Application Thread] DEBUG PrimaryStageWindow   - Push state: ErrorSubScene
01:38:05.071 [JavaFX Application Thread] DEBUG Input                - Clearing active input actions
01:38:05.071 [JavaFX Application Thread] DEBUG GameApplicationServi - Removing overlay from MainLoadingScene and adding to ErrorSubScene
01:38:05.072 [JavaFX Application Thread] DEBUG PrimaryStageWindow   - MainLoadingScene -> ErrorSubScene
01:38:09.918 [JavaFX Application Thread] DEBUG FXGLApplication      - Exiting FXGL
01:38:09.918 [JavaFX Application Thread] DEBUG Async                - Shutting down background threads
01:38:09.918 [JavaFX Application Thread] DEBUG PrimaryStageWindow   - Closing main window
01:38:09.926 [JavaFX Application Thread] DEBUG Logger               - Closing Logger
