07:14:13.138 [main                     ] DEBUG Logger               - Configured Logger
07:14:13.153 [main                     ] DEBUG GameApplication      - Logging settings
Title: Untitled
Version: 0.0
Width: 1280
Height: 720
Fullscreen: false
Intro: false
Profiling: false
Single step:false
App Mode: DEVELOPER
Menu Key: ESCAPE
Stage Style: DECORATED
Scene Factory: class com.sunsofgod.PlatformerApp$1

07:14:13.411 [JavaFX Application Thread] DEBUG FXGLApplication      - Initializing FXGL
07:14:13.414 [JavaFX Application Thread] INFO  Engine               - FXGL-17.2 (20.08.2022 16.50) on WINDOWS (J:21.0.4 FX:17.0.12)
07:14:13.415 [JavaFX Application Thread] DEBUG Engine               - JRE Vendor Name: Eclipse Adoptium
07:14:13.415 [JavaFX Application Thread] DEBUG Engine               - Running on OS: Windows 11 version 10.0
07:14:13.415 [JavaFX Application Thread] DEBUG Engine               - Architecture: amd64
07:14:13.415 [JavaFX Application Thread] INFO  Engine               - Source code and latest versions at: https://github.com/AlmasB/FXGL
07:14:13.415 [JavaFX Application Thread] INFO  Engine               -       Ask questions and discuss at: https://github.com/AlmasB/FXGL/discussions
07:14:13.415 [JavaFX Application Thread] INFO  Engine               -              Join the FXGL chat at: https://gitter.im/AlmasB/FXGL
07:14:13.477 [JavaFX Application Thread] DEBUG PrimaryStageWindow   - Creating a JavaFX scene
07:14:13.506 [JavaFX Application Thread] DEBUG PrimaryStageWindow   - Target settings size: 1280.0 x 720.0
07:14:13.506 [JavaFX Application Thread] DEBUG PrimaryStageWindow   - Scaled scene size:    1280.0 x 720.0
07:14:13.506 [JavaFX Application Thread] DEBUG PrimaryStageWindow   - Scaled ratio: (1.0, 1.0)
07:14:13.506 [JavaFX Application Thread] DEBUG PrimaryStageWindow   - Set initial scene to FXGLStartupScene
07:14:13.511 [JavaFX Application Thread] DEBUG PrimaryStageWindow   - Opening main window
07:14:13.571 [JavaFX Application Thread] DEBUG PrimaryStageWindow   - Window border size: (16.0, 39.0)
07:14:13.571 [JavaFX Application Thread] DEBUG PrimaryStageWindow   - Scaled size: 1280.0 x 720.0
07:14:13.571 [JavaFX Application Thread] DEBUG PrimaryStageWindow   - Scaled ratio: (1.0, 1.0)
07:14:13.571 [JavaFX Application Thread] DEBUG PrimaryStageWindow   - Scene size: 1280.0 x 720.0
07:14:13.571 [JavaFX Application Thread] DEBUG PrimaryStageWindow   - Stage size: 1296.0 x 759.0
07:14:13.577 [FXGL Background Thread 1 ] DEBUG Engine               - Initializing environment variables
07:14:13.611 [FXGL Background Thread 1 ] DEBUG FXGLAssetLoaderServi - User app class for loading assets: class com.sunsofgod.PlatformerApp
07:14:13.611 [FXGL Background Thread 1 ] DEBUG GameApplicationServi - Applying CSS: fxgl_dark.css
07:14:13.612 [FXGL Background Thread 1 ] DEBUG FXGLAssetLoaderServi - Loading from file system: jar:file:///C:/Users/user/.m2/repository/com/github/almasb/fxgl/17.2/fxgl-17.2.jar!/fxglassets/ui/css/fxgl_dark.css
07:14:13.639 [FXGL Background Thread 1 ] DEBUG GameApplicationServi - Initializing application scenes
07:14:13.670 [FXGL Background Thread 1 ] WARN  FXGLAssetLoaderServi - Asset "/assets/textures/player.png" was not found!
07:14:13.672 [FXGL Background Thread 1 ] WARN  FXGLAssetLoaderServi - Failed to load IMAGE
07:14:13.694 [FXGL Background Thread 1 ] DEBUG GameWorld            - Game world initialized
07:14:13.735 [FXGL Background Thread 1 ] DEBUG PhysicsWorld         - Physics world initialized: appHeight=720, physics.ppm=50.0
07:14:13.736 [FXGL Background Thread 1 ] DEBUG PhysicsWorld         - Using strategy: BRUTE_FORCE
07:14:13.741 [FXGL Background Thread 1 ] DEBUG GameScene            - Game scene initialized: 1280x720
07:14:13.953 [FXGL Background Thread 1 ] DEBUG GameApplicationServi - Application scenes initialized
07:14:13.966 [FXGL Background Thread 1 ] DEBUG SystemBundleService  - Loading FXGL system data
07:14:13.969 [FXGL Background Thread 1 ] DEBUG FileSystemAccess     - Reading from: C:\Users\user\Desktop\JavaFXGame\system\fxgl.bundle
07:14:13.977 [FXGL Background Thread 1 ] DEBUG SystemBundleService  - Bundle FXGL: {}
07:14:13.977 [FXGL Background Thread 1 ] DEBUG UpdaterService       - Checking for updates
07:14:14.000 [FXGL Background Thread 4 ] DEBUG FXGLApplication      - Loading fonts
07:14:14.002 [FXGL Background Thread 4 ] DEBUG FXGLAssetLoaderServi - Loading from file system: jar:file:///C:/Users/user/.m2/repository/com/github/almasb/fxgl/17.2/fxgl-17.2.jar!/fxglassets/ui/fonts/VarelaRound-Regular.ttf
07:14:14.002 [FXGL Background Thread 1 ] DEBUG FXGLApplication      - Loading default localization
07:14:14.003 [FXGL Background Thread 1 ] DEBUG FXGLAssetLoaderServi - Loading from file system: jar:file:///C:/Users/user/.m2/repository/com/github/almasb/fxgl/17.2/fxgl-17.2.jar!/fxglassets/languages/english.lang
07:14:14.015 [FXGL Background Thread 1 ] INFO  FXGLApplication      - FXGL initialization took: 0.438 sec
07:14:14.017 [JavaFX Application Thread] DEBUG FXGLAssetLoaderServi - Loading from file system: jar:file:///C:/Users/user/.m2/repository/com/github/almasb/fxgl/17.2/fxgl-17.2.jar!/fxglassets/textures/fxgl_icon.png
07:14:14.032 [JavaFX Application Thread] DEBUG FXGLAssetLoaderServi - Loading from file system: jar:file:///C:/Users/user/.m2/repository/com/github/almasb/fxgl/17.2/fxgl-17.2.jar!/fxglassets/textures/fxgl_default_cursor.png
07:14:14.036 [FXGL Background Thread 4 ] DEBUG FXGLAssetLoaderServi - Loading from file system: jar:file:///C:/Users/user/.m2/repository/com/github/almasb/fxgl/17.2/fxgl-17.2.jar!/fxglassets/ui/fonts/Abel-Regular.ttf
07:14:14.040 [FXGL Background Thread 4 ] DEBUG FXGLAssetLoaderServi - Loading from file system: jar:file:///C:/Users/user/.m2/repository/com/github/almasb/fxgl/17.2/fxgl-17.2.jar!/fxglassets/ui/fonts/TerminalLandMono-Regular.otf
07:14:14.042 [JavaFX Application Thread] DEBUG Input                - Registered new binding: Screenshot - CTRL+8
07:14:14.042 [JavaFX Application Thread] DEBUG Input                - Registered new binding: Dev Options - 1
07:14:14.043 [JavaFX Application Thread] DEBUG Input                - Registered new binding: Dev Console - 2
07:14:14.043 [JavaFX Application Thread] DEBUG Input                - Registered new binding: System info dump - CTRL+9
07:14:14.043 [JavaFX Application Thread] DEBUG Input                - Registered new binding: Restart - CTRL+R
07:14:14.044 [JavaFX Application Thread] DEBUG Input                - Registered new binding: Toggle Debug Camera - CTRL+7
07:14:14.044 [FXGL Background Thread 4 ] DEBUG FXGLAssetLoaderServi - Loading from file system: jar:file:///C:/Users/user/.m2/repository/com/github/almasb/fxgl/17.2/fxgl-17.2.jar!/fxglassets/ui/fonts/Courier-Prime.ttf
07:14:14.045 [JavaFX Application Thread] DEBUG LoopRunner           - Starting loop
07:14:14.056 [JavaFX Application Thread] DEBUG LoopRunner           - Initializing JavaFX AnimationTimerLoop
07:14:14.058 [JavaFX Application Thread] DEBUG Input                - Clearing active input actions
07:14:14.067 [JavaFX Application Thread] DEBUG GameApplicationServi - Removing overlay from FXGLStartupScene and adding to FXGLMainMenuDummyScene
07:14:14.071 [JavaFX Application Thread] DEBUG PrimaryStageWindow   - FXGLStartupScene -> FXGLMainMenuDummyScene
07:14:14.071 [JavaFX Application Thread] DEBUG PrimaryStageWindow   - Push state: RiderMainMenuScene
07:14:14.071 [JavaFX Application Thread] DEBUG Input                - Clearing active input actions
07:14:14.075 [JavaFX Application Thread] DEBUG GameApplicationServi - Removing overlay from FXGLMainMenuDummyScene and adding to RiderMainMenuScene
07:14:14.076 [JavaFX Application Thread] DEBUG PrimaryStageWindow   - FXGLMainMenuDummyScene -> RiderMainMenuScene
07:14:14.210 [JavaFX Application Thread] DEBUG FXGLApplication      - Registering font factories with UI factory
07:14:14.337 [FXGL Background Thread 2 ] INFO  UpdaterService       - Your current version:  17.2
07:14:14.337 [FXGL Background Thread 2 ] INFO  UpdaterService       - Latest stable version: 21.1
07:14:15.091 [JavaFX Application Thread] DEBUG PrimaryStageWindow   - Push state: PlayerSelectScene
07:14:15.091 [JavaFX Application Thread] DEBUG Input                - Clearing active input actions
07:14:15.092 [JavaFX Application Thread] DEBUG GameApplicationServi - Removing overlay from RiderMainMenuScene and adding to PlayerSelectScene
07:14:15.093 [JavaFX Application Thread] DEBUG PrimaryStageWindow   - RiderMainMenuScene -> PlayerSelectScene
07:14:16.995 [FXGL Background Thread 3 ] DEBUG Engine               - Logging environment variables
07:14:16.995 [FXGL Background Thread 3 ] DEBUG Engine               - achievements: []
07:14:16.995 [FXGL Background Thread 3 ] DEBUG Engine               - actualHeight: 720.0
07:14:16.995 [FXGL Background Thread 3 ] DEBUG Engine               - actualHeightProperty: ReadOnlyDoubleProperty [value: 720.0]
07:14:16.995 [FXGL Background Thread 3 ] DEBUG Engine               - actualWidth: 1280.0
07:14:16.995 [FXGL Background Thread 3 ] DEBUG Engine               - actualWidthProperty: ReadOnlyDoubleProperty [value: 1280.0]
07:14:16.995 [FXGL Background Thread 3 ] DEBUG Engine               - appIcon: fxgl_icon.png
07:14:16.995 [FXGL Background Thread 3 ] DEBUG Engine               - applicationMode: DEVELOPER
07:14:16.995 [FXGL Background Thread 3 ] DEBUG Engine               - cSSList: [fxgl_dark.css]
07:14:16.995 [FXGL Background Thread 3 ] DEBUG Engine               - collisionDetectionStrategy: BRUTE_FORCE
07:14:16.996 [FXGL Background Thread 3 ] DEBUG Engine               - configClass: Optional.empty
07:14:16.996 [FXGL Background Thread 3 ] DEBUG Engine               - credits: []
07:14:16.997 [FXGL Background Thread 3 ] DEBUG Engine               - defaultCursor: CursorInfo(imageName=fxgl_default_cursor.png, hotspotX=7.0, hotspotY=6.0)
07:14:16.997 [FXGL Background Thread 3 ] DEBUG Engine               - devBBoxColorProperty: ObjectProperty [value: 0xff0000ff]
07:14:16.997 [FXGL Background Thread 3 ] DEBUG Engine               - devEnableDebugCameraProperty: BooleanProperty [value: false]
07:14:16.997 [FXGL Background Thread 3 ] DEBUG Engine               - devSensorColorProperty: ObjectProperty [value: 0xffff00ff]
07:14:16.997 [FXGL Background Thread 3 ] DEBUG Engine               - devShowBBoxProperty: BooleanProperty [value: false]
07:14:16.997 [FXGL Background Thread 3 ] DEBUG Engine               - devShowPositionProperty: BooleanProperty [value: false]
07:14:16.997 [FXGL Background Thread 3 ] DEBUG Engine               - enabledMenuItems: []
07:14:16.997 [FXGL Background Thread 3 ] DEBUG Engine               - engineServices: [class com.almasb.fxgl.app.services.FXGLAssetLoaderService, class com.almasb.fxgl.app.FXGLApplication$GameApplicationService, class com.almasb.fxgl.app.services.FXGLDialogService, class com.almasb.fxgl.app.services.IOTaskExecutorService, class com.almasb.fxgl.io.FileSystemService, class com.almasb.fxgl.localization.LocalizationService, class com.almasb.fxgl.app.services.SystemBundleService, class com.almasb.fxgl.profile.SaveLoadService, class com.almasb.fxgl.ui.FXGLUIFactoryServiceProvider, class com.almasb.fxgl.ui.FXGLDialogFactoryServiceProvider, class com.almasb.fxgl.audio.AudioPlayer, class com.almasb.fxgl.notification.impl.NotificationServiceProvider, class com.almasb.fxgl.achievement.AchievementService, class com.almasb.fxgl.cutscene.CutsceneService, class com.almasb.fxgl.minigames.MiniGameService, class com.almasb.fxgl.net.NetService, class com.almasb.fxgl.app.services.UpdaterService, class com.almasb.fxgl.dev.DevService]
07:14:16.997 [FXGL Background Thread 3 ] DEBUG Engine               - fontGame: Abel-Regular.ttf
07:14:16.997 [FXGL Background Thread 3 ] DEBUG Engine               - fontMono: TerminalLandMono-Regular.otf
07:14:16.997 [FXGL Background Thread 3 ] DEBUG Engine               - fontText: Courier-Prime.ttf
07:14:16.997 [FXGL Background Thread 3 ] DEBUG Engine               - fontUI: VarelaRound-Regular.ttf
07:14:16.997 [FXGL Background Thread 3 ] DEBUG Engine               - fullScreen: BooleanProperty [value: false]
07:14:16.997 [FXGL Background Thread 3 ] DEBUG Engine               - gameDifficulty: MEDIUM
07:14:16.997 [FXGL Background Thread 3 ] DEBUG Engine               - gameDifficultyProperty: ObjectProperty [value: MEDIUM]
07:14:16.997 [FXGL Background Thread 3 ] DEBUG Engine               - globalMusicVolume: 0.5
07:14:16.997 [FXGL Background Thread 3 ] DEBUG Engine               - globalMusicVolumeProperty: DoubleProperty [value: 0.25]
07:14:16.997 [FXGL Background Thread 3 ] DEBUG Engine               - globalSoundVolume: 0.5
07:14:16.997 [FXGL Background Thread 3 ] DEBUG Engine               - globalSoundVolumeProperty: DoubleProperty [value: 0.5]
07:14:16.997 [FXGL Background Thread 3 ] DEBUG Engine               - height: 720
07:14:16.997 [FXGL Background Thread 3 ] DEBUG Engine               - is3D: false
07:14:16.998 [FXGL Background Thread 3 ] DEBUG Engine               - isAndroid: false
07:14:16.998 [FXGL Background Thread 3 ] DEBUG Engine               - isBrowser: false
07:14:16.998 [FXGL Background Thread 3 ] DEBUG Engine               - isClickFeedbackEnabled: false
07:14:16.998 [FXGL Background Thread 3 ] DEBUG Engine               - isCloseConfirmation: false
07:14:16.998 [FXGL Background Thread 3 ] DEBUG Engine               - isDesktop: true
07:14:16.998 [FXGL Background Thread 3 ] DEBUG Engine               - isDeveloperMenuEnabled: true
07:14:16.998 [FXGL Background Thread 3 ] DEBUG Engine               - isEmbedded: false
07:14:16.998 [FXGL Background Thread 3 ] DEBUG Engine               - isEntityPreloadEnabled: true
07:14:16.998 [FXGL Background Thread 3 ] DEBUG Engine               - isExperimentalTiledLargeMap: false
07:14:16.998 [FXGL Background Thread 3 ] DEBUG Engine               - isFileSystemWriteAllowed: true
07:14:16.998 [FXGL Background Thread 3 ] DEBUG Engine               - isFullScreenAllowed: false
07:14:16.998 [FXGL Background Thread 3 ] DEBUG Engine               - isFullScreenFromStart: false
07:14:16.998 [FXGL Background Thread 3 ] DEBUG Engine               - isGameMenuEnabled: true
07:14:16.998 [FXGL Background Thread 3 ] DEBUG Engine               - isIOS: false
07:14:16.998 [FXGL Background Thread 3 ] DEBUG Engine               - isIntroEnabled: false
07:14:16.998 [FXGL Background Thread 3 ] DEBUG Engine               - isLinux: false
07:14:16.998 [FXGL Background Thread 3 ] DEBUG Engine               - isMac: false
07:14:16.998 [FXGL Background Thread 3 ] DEBUG Engine               - isMainMenuEnabled: true
07:14:16.998 [FXGL Background Thread 3 ] DEBUG Engine               - isManualResizeEnabled: false
07:14:16.998 [FXGL Background Thread 3 ] DEBUG Engine               - isMobile: false
07:14:16.998 [FXGL Background Thread 3 ] DEBUG Engine               - isNative: false
07:14:16.998 [FXGL Background Thread 3 ] DEBUG Engine               - isPauseMusicWhenMinimized: true
07:14:16.998 [FXGL Background Thread 3 ] DEBUG Engine               - isPreserveResizeRatio: false
07:14:16.998 [FXGL Background Thread 3 ] DEBUG Engine               - isProfilingEnabled: false
07:14:16.998 [FXGL Background Thread 3 ] DEBUG Engine               - isScaleAffectedOnResize: true
07:14:16.998 [FXGL Background Thread 3 ] DEBUG Engine               - isSingleStep: false
07:14:16.998 [FXGL Background Thread 3 ] DEBUG Engine               - isUserProfileEnabled: false
07:14:16.999 [FXGL Background Thread 3 ] DEBUG Engine               - isWindows: true
07:14:16.999 [FXGL Background Thread 3 ] DEBUG Engine               - language: ObjectProperty [value: ENGLISH]
07:14:16.999 [FXGL Background Thread 3 ] DEBUG Engine               - menuKey: ESCAPE
07:14:16.999 [FXGL Background Thread 3 ] DEBUG Engine               - mouseSensitivity: 0.2
07:14:16.999 [FXGL Background Thread 3 ] DEBUG Engine               - notificationViewClass: class com.almasb.fxgl.notification.view.XboxNotificationView
07:14:16.999 [FXGL Background Thread 3 ] DEBUG Engine               - pixelsPerMeter: 50.0
07:14:16.999 [FXGL Background Thread 3 ] DEBUG Engine               - platform: WINDOWS
07:14:16.999 [FXGL Background Thread 3 ] DEBUG Engine               - prefHeightProperty: ReadOnlyDoubleProperty [value: 720.0]
07:14:16.999 [FXGL Background Thread 3 ] DEBUG Engine               - prefWidthProperty: ReadOnlyDoubleProperty [value: 1280.0]
07:14:16.999 [FXGL Background Thread 3 ] DEBUG Engine               - profileDir: profiles/
07:14:16.999 [FXGL Background Thread 3 ] DEBUG Engine               - profileName: StringProperty [value: DEFAULT]
07:14:16.999 [FXGL Background Thread 3 ] DEBUG Engine               - randomSeed: -1
07:14:16.999 [FXGL Background Thread 3 ] DEBUG Engine               - runtimeInfo: RuntimeInfo(platform=WINDOWS, version=17.2, build=20.08.2022 16.50)
07:14:16.999 [FXGL Background Thread 3 ] DEBUG Engine               - saveFileExt: sav
07:14:16.999 [FXGL Background Thread 3 ] DEBUG Engine               - scaledHeightProp$fxgl: DoubleProperty [bound, value: 720.0]
07:14:16.999 [FXGL Background Thread 3 ] DEBUG Engine               - scaledWidthProp$fxgl: DoubleProperty [bound, value: 1280.0]
07:14:16.999 [FXGL Background Thread 3 ] DEBUG Engine               - sceneFactory: com.sunsofgod.PlatformerApp$1@79166002
07:14:16.999 [FXGL Background Thread 3 ] DEBUG Engine               - secondsIn24h: 60
07:14:16.999 [FXGL Background Thread 3 ] DEBUG Engine               - soundMenuBack: menu/back.wav
07:14:16.999 [FXGL Background Thread 3 ] DEBUG Engine               - soundMenuPress: menu/press.wav
07:14:17.000 [FXGL Background Thread 3 ] DEBUG Engine               - soundMenuSelect: menu/select.wav
07:14:17.000 [FXGL Background Thread 3 ] DEBUG Engine               - soundNotification: core/notification.wav
07:14:17.000 [FXGL Background Thread 3 ] DEBUG Engine               - stageStyle: DECORATED
07:14:17.000 [FXGL Background Thread 3 ] DEBUG Engine               - supportedLanguages: [ENGLISH, FRENCH, GERMAN, HUNGARIAN, RUSSIAN]
07:14:17.000 [FXGL Background Thread 3 ] DEBUG Engine               - ticksPerSecond: -1
07:14:17.000 [FXGL Background Thread 3 ] DEBUG Engine               - title: Untitled
07:14:17.000 [FXGL Background Thread 3 ] DEBUG Engine               - urlGithub: https://github.com/AlmasB/FXGL
07:14:17.000 [FXGL Background Thread 3 ] DEBUG Engine               - urlLeaderboard: http://fxgl-top.herokuapp.com/
07:14:17.000 [FXGL Background Thread 3 ] DEBUG Engine               - urlPOM: https://raw.githubusercontent.com/AlmasB/FXGL/release/README.md
07:14:17.000 [FXGL Background Thread 3 ] DEBUG Engine               - userAppClass: class com.sunsofgod.PlatformerApp
07:14:17.000 [FXGL Background Thread 3 ] DEBUG Engine               - version: 0.0
07:14:17.000 [FXGL Background Thread 3 ] DEBUG Engine               - versionCheckDays: 7
07:14:17.000 [FXGL Background Thread 3 ] DEBUG Engine               - width: 1280
07:14:17.000 [FXGL Background Thread 3 ] DEBUG Engine               - Logging services
07:14:17.000 [FXGL Background Thread 3 ] DEBUG Engine               - class com.almasb.fxgl.app.services.FXGLAssetLoaderService
07:14:17.000 [FXGL Background Thread 3 ] DEBUG Engine               - class com.almasb.fxgl.app.FXGLApplication$GameApplicationService
07:14:17.000 [FXGL Background Thread 3 ] DEBUG Engine               - class com.almasb.fxgl.app.services.FXGLDialogService
07:14:17.000 [FXGL Background Thread 3 ] DEBUG Engine               - class com.almasb.fxgl.app.services.IOTaskExecutorService
07:14:17.000 [FXGL Background Thread 3 ] DEBUG Engine               - class com.almasb.fxgl.io.FileSystemService
07:14:17.000 [FXGL Background Thread 3 ] DEBUG Engine               - class com.almasb.fxgl.localization.LocalizationService
07:14:17.000 [FXGL Background Thread 3 ] DEBUG Engine               - class com.almasb.fxgl.app.services.SystemBundleService
07:14:17.000 [FXGL Background Thread 3 ] DEBUG Engine               - class com.almasb.fxgl.profile.SaveLoadService
07:14:17.000 [FXGL Background Thread 3 ] DEBUG Engine               - class com.almasb.fxgl.ui.FXGLUIFactoryServiceProvider
07:14:17.000 [FXGL Background Thread 3 ] DEBUG Engine               - class com.almasb.fxgl.ui.FXGLDialogFactoryServiceProvider
07:14:17.000 [FXGL Background Thread 3 ] DEBUG Engine               - class com.almasb.fxgl.audio.AudioPlayer
07:14:17.000 [FXGL Background Thread 3 ] DEBUG Engine               - class com.almasb.fxgl.notification.impl.NotificationServiceProvider
07:14:17.001 [FXGL Background Thread 3 ] DEBUG Engine               - class com.almasb.fxgl.achievement.AchievementService
07:14:17.001 [FXGL Background Thread 3 ] DEBUG Engine               - class com.almasb.fxgl.cutscene.CutsceneService
07:14:17.001 [FXGL Background Thread 3 ] DEBUG Engine               - class com.almasb.fxgl.minigames.MiniGameService
07:14:17.001 [FXGL Background Thread 3 ] DEBUG Engine               - class com.almasb.fxgl.net.NetService
07:14:17.001 [FXGL Background Thread 3 ] DEBUG Engine               - class com.almasb.fxgl.app.services.UpdaterService
07:14:17.001 [FXGL Background Thread 3 ] DEBUG Engine               - class com.almasb.fxgl.dev.DevService
07:14:17.406 [JavaFX Application Thread] DEBUG PrimaryStageWindow   - Push state: LevelSelectScene
07:14:17.407 [JavaFX Application Thread] DEBUG Input                - Clearing active input actions
07:14:17.408 [JavaFX Application Thread] DEBUG GameApplicationServi - Removing overlay from PlayerSelectScene and adding to LevelSelectScene
07:14:17.409 [JavaFX Application Thread] DEBUG PrimaryStageWindow   - PlayerSelectScene -> LevelSelectScene
07:14:18.147 [JavaFX Application Thread] DEBUG Menu                 - fireNewGame()
07:14:18.147 [JavaFX Application Thread] DEBUG GameApplicationServi - Starting new game
07:14:18.148 [JavaFX Application Thread] DEBUG PrimaryStageWindow   - Pop state: LevelSelectScene
07:14:18.148 [JavaFX Application Thread] DEBUG Input                - Clearing active input actions
07:14:18.148 [JavaFX Application Thread] DEBUG GameApplicationServi - Removing overlay from LevelSelectScene and adding to PlayerSelectScene
07:14:18.149 [JavaFX Application Thread] DEBUG PrimaryStageWindow   - PlayerSelectScene <- LevelSelectScene
07:14:18.149 [JavaFX Application Thread] DEBUG PrimaryStageWindow   - Pop state: PlayerSelectScene
07:14:18.149 [JavaFX Application Thread] DEBUG Input                - Clearing active input actions
07:14:18.149 [JavaFX Application Thread] DEBUG GameApplicationServi - Removing overlay from PlayerSelectScene and adding to RiderMainMenuScene
07:14:18.149 [JavaFX Application Thread] DEBUG PrimaryStageWindow   - RiderMainMenuScene <- PlayerSelectScene
07:14:18.149 [JavaFX Application Thread] DEBUG PrimaryStageWindow   - Pop state: RiderMainMenuScene
07:14:18.149 [JavaFX Application Thread] DEBUG Input                - Clearing active input actions
07:14:18.150 [JavaFX Application Thread] DEBUG GameApplicationServi - Removing overlay from RiderMainMenuScene and adding to FXGLMainMenuDummyScene
07:14:18.150 [JavaFX Application Thread] DEBUG PrimaryStageWindow   - FXGLMainMenuDummyScene <- RiderMainMenuScene
07:14:18.151 [JavaFX Application Thread] DEBUG Input                - Clearing active input actions
07:14:18.154 [JavaFX Application Thread] DEBUG GameApplicationServi - Removing overlay from FXGLMainMenuDummyScene and adding to MainLoadingScene
07:14:18.154 [JavaFX Application Thread] DEBUG PrimaryStageWindow   - FXGLMainMenuDummyScene -> MainLoadingScene
07:14:18.154 [JavaFX Application Thread] DEBUG GameApplicationServi - Clearing previous game
07:14:18.154 [JavaFX Application Thread] DEBUG GameScene            - Clearing game scene
07:14:18.154 [JavaFX Application Thread] DEBUG GameWorld            - Clearing game world
07:14:18.154 [JavaFX Application Thread] DEBUG PhysicsWorld         - Clearing physics world
07:14:18.155 [FXGL Background Thread 2 ] DEBUG FXGLApplication      - Initializing game
07:14:18.183 [FXGL Background Thread 2 ] WARN  TMXLevelLoader       - TiledMap generated from 1.11.0. Supported version: 1.9.0. Some features may not be parsed fully.
07:14:18.188 [FXGL Background Thread 2 ] DEBUG TMXLevelLoader       - Parsed TiledMap: file:/C:/Users/user/Desktop/JavaFXGame/target/classes/assets/levels/tmx/level13.tmx
07:14:18.189 [FXGL Background Thread 2 ] DEBUG TMXLevelLoader       - Creating tile layer entities
07:14:18.189 [FXGL Background Thread 2 ] DEBUG TilesetLoader        - Loading view for layer Tile Layer 1
07:14:18.191 [FXGL Background Thread 2 ] DEBUG TilesetLoader        - Created buffer with size 1050.0x700.0
07:14:18.199 [FXGL Background Thread 2 ] DEBUG TMXLevelLoader       - Creating object layer entities
07:14:18.214 [FXGL Background Thread 2 ] DEBUG FXGLAssetLoaderServi - Loading from file system: file:/C:/Users/user/Desktop/JavaFXGame/target/classes/assets/textures/button.png
07:14:18.218 [FXGL Background Thread 2 ] DEBUG GameWorld            - Clearing removable entities
07:14:18.218 [FXGL Background Thread 2 ] DEBUG GameWorld            - Setting level: com.almasb.fxgl.entity.level.Level@61e726c8
07:14:18.223 [FXGL Background Thread 2 ] DEBUG FXGLAssetLoaderServi - Loading from file system: file:/C:/Users/user/Desktop/JavaFXGame/target/classes/assets/textures/player1.png
07:14:18.230 [FXGL Background Thread 2 ] DEBUG FXGLAssetLoaderServi - Loading from file system: file:/C:/Users/user/Desktop/JavaFXGame/target/classes/assets/textures/player2.png
07:14:18.234 [FXGL Background Thread 2 ] DEBUG FXGLAssetLoaderServi - Loading from file system: file:/C:/Users/user/Desktop/JavaFXGame/target/classes/assets/textures/player3.png
07:14:18.236 [FXGL Background Thread 2 ] DEBUG FXGLAssetLoaderServi - Loading from file system: file:/C:/Users/user/Desktop/JavaFXGame/target/classes/assets/textures/player4.png
07:14:18.237 [FXGL Background Thread 2 ] DEBUG Input                - Clearing active input actions
07:14:18.241 [FXGL Background Thread 2 ] DEBUG Input                - Registered new binding: Jump0 - W
07:14:18.242 [FXGL Background Thread 2 ] DEBUG Input                - Registered new binding: Left0 - A
07:14:18.242 [FXGL Background Thread 2 ] DEBUG Input                - Registered new binding: Right0 - D
07:14:18.242 [FXGL Background Thread 2 ] DEBUG Input                - Registered new binding: Use0 - E
07:14:18.243 [FXGL Background Thread 2 ] DEBUG Input                - Registered new binding: Jump1 - Up
07:14:18.243 [FXGL Background Thread 2 ] DEBUG Input                - Registered new binding: Left1 - Left
07:14:18.243 [FXGL Background Thread 2 ] DEBUG Input                - Registered new binding: Right1 - Right
07:14:18.243 [FXGL Background Thread 2 ] DEBUG Input                - Registered new binding: Use1 - Slash
07:14:18.243 [FXGL Background Thread 2 ] DEBUG Input                - Registered new binding: Jump2 - I
07:14:18.243 [FXGL Background Thread 2 ] DEBUG Input                - Registered new binding: Left2 - J
07:14:18.243 [FXGL Background Thread 2 ] DEBUG Input                - Registered new binding: Right2 - L
07:14:18.243 [FXGL Background Thread 2 ] DEBUG Input                - Registered new binding: Use2 - O
07:14:18.244 [FXGL Background Thread 2 ] DEBUG Input                - Registered new binding: Jump3 - G
07:14:18.244 [FXGL Background Thread 2 ] DEBUG Input                - Registered new binding: Left3 - V
07:14:18.244 [FXGL Background Thread 2 ] DEBUG Input                - Registered new binding: Right3 - N
07:14:18.244 [FXGL Background Thread 2 ] DEBUG Input                - Registered new binding: Use3 - H
07:14:18.273 [FXGL Background Thread 2 ] DEBUG FXGLAssetLoaderServi - Loading from file system: file:/C:/Users/user/Desktop/JavaFXGame/target/classes/assets/textures/background/manila.png
07:14:18.288 [FXGL Background Thread 2 ] INFO  FXGLApplication      - Game initialization took: 0.131 sec
07:14:18.288 [JavaFX Application Thread] DEBUG Input                - Clearing active input actions
07:14:18.293 [JavaFX Application Thread] DEBUG GameApplicationServi - Removing overlay from MainLoadingScene and adding to GameScene
07:14:18.294 [JavaFX Application Thread] DEBUG PrimaryStageWindow   - MainLoadingScene -> GameScene
07:14:18.307 [JavaFX Application Thread] DEBUG FXGLAssetLoaderServi - Loading from file system: file:/C:/Users/user/Desktop/JavaFXGame/target/classes/assets/sounds/dead.wav
07:14:19.309 [JavaFX Application Thread] WARN  TMXLevelLoader       - TiledMap generated from 1.11.0. Supported version: 1.9.0. Some features may not be parsed fully.
07:14:19.312 [JavaFX Application Thread] DEBUG TMXLevelLoader       - Parsed TiledMap: file:/C:/Users/user/Desktop/JavaFXGame/target/classes/assets/levels/tmx/level1.tmx
07:14:19.312 [JavaFX Application Thread] DEBUG TMXLevelLoader       - Creating tile layer entities
07:14:19.312 [JavaFX Application Thread] DEBUG TilesetLoader        - Loading view for layer Tile Layer 1
07:14:19.313 [JavaFX Application Thread] DEBUG TilesetLoader        - Created buffer with size 2450.0x700.0
07:14:19.321 [JavaFX Application Thread] DEBUG TMXLevelLoader       - Creating object layer entities
07:14:19.327 [JavaFX Application Thread] DEBUG GameWorld            - Clearing removable entities
07:14:19.329 [JavaFX Application Thread] DEBUG GameWorld            - Setting level: com.almasb.fxgl.entity.level.Level@46a3ef69
07:14:40.698 [JavaFX Application Thread] DEBUG LoopRunner           - Pausing loop
07:15:19.072 [JavaFX Application Thread] DEBUG LoopRunner           - Resuming loop
07:15:24.311 [JavaFX Application Thread] DEBUG FXGLApplication      - Exiting FXGL
07:15:24.311 [JavaFX Application Thread] DEBUG LoopRunner           - Stopping loop
07:15:24.311 [JavaFX Application Thread] DEBUG SystemBundleService  - Saving FXGL system data
07:15:24.312 [JavaFX Application Thread] DEBUG FileSystemAccess     - Writing to: C:\Users\user\Desktop\JavaFXGame\system\fxgl.bundle
07:15:24.314 [JavaFX Application Thread] DEBUG Async                - Shutting down background threads
07:15:24.314 [JavaFX Application Thread] DEBUG PrimaryStageWindow   - Closing main window
07:15:24.321 [JavaFX Application Thread] DEBUG Logger               - Closing Logger
