21:51:32.146 [main                     ] DEBUG Logger               - Configured Logger
21:51:32.172 [main                     ] DEBUG GameApplication      - Logging settings
Title: Untitled
Version: 0.0
Width: 1280
Height: 720
Fullscreen: false
Intro: false
Profiling: false
Single step:false
App Mode: DEVELOPER
Menu Key: ESCAPE
Stage Style: DECORATED
Scene Factory: class com.sunsofgod.PlatformerApp$1

21:51:32.465 [JavaFX Application Thread] DEBUG FXGLApplication      - Initializing FXGL
21:51:32.470 [JavaFX Application Thread] INFO  Engine               - FXGL-17.2 (20.08.2022 16.50) on WINDOWS (J:21.0.4 FX:17.0.12)
21:51:32.471 [JavaFX Application Thread] DEBUG Engine               - JRE Vendor Name: Eclipse Adoptium
21:51:32.471 [JavaFX Application Thread] DEBUG Engine               - Running on OS: Windows 11 version 10.0
21:51:32.471 [JavaFX Application Thread] DEBUG Engine               - Architecture: amd64
21:51:32.471 [JavaFX Application Thread] INFO  Engine               - Source code and latest versions at: https://github.com/AlmasB/FXGL
21:51:32.471 [JavaFX Application Thread] INFO  Engine               -       Ask questions and discuss at: https://github.com/AlmasB/FXGL/discussions
21:51:32.472 [JavaFX Application Thread] INFO  Engine               -              Join the FXGL chat at: https://gitter.im/AlmasB/FXGL
21:51:32.547 [JavaFX Application Thread] DEBUG PrimaryStageWindow   - Creating a JavaFX scene
21:51:32.585 [JavaFX Application Thread] DEBUG PrimaryStageWindow   - Target settings size: 1280.0 x 720.0
21:51:32.585 [JavaFX Application Thread] DEBUG PrimaryStageWindow   - Scaled scene size:    1280.0 x 720.0
21:51:32.586 [JavaFX Application Thread] DEBUG PrimaryStageWindow   - Scaled ratio: (1.0, 1.0)
21:51:32.586 [JavaFX Application Thread] DEBUG PrimaryStageWindow   - Set initial scene to FXGLStartupScene
21:51:32.591 [JavaFX Application Thread] DEBUG PrimaryStageWindow   - Opening main window
21:51:32.671 [JavaFX Application Thread] DEBUG PrimaryStageWindow   - Window border size: (14.4000244140625, 37.5999755859375)
21:51:32.672 [JavaFX Application Thread] DEBUG PrimaryStageWindow   - Scaled size: 1280.0 x 720.0
21:51:32.672 [JavaFX Application Thread] DEBUG PrimaryStageWindow   - Scaled ratio: (1.0, 1.0)
21:51:32.673 [JavaFX Application Thread] DEBUG PrimaryStageWindow   - Scene size: 1280.0 x 720.0
21:51:32.673 [JavaFX Application Thread] DEBUG PrimaryStageWindow   - Stage size: 1294.4000244140625 x 757.5999755859375
21:51:32.680 [FXGL Background Thread 1 ] DEBUG Engine               - Initializing environment variables
21:51:32.739 [FXGL Background Thread 1 ] DEBUG FXGLAssetLoaderServi - User app class for loading assets: class com.sunsofgod.PlatformerApp
21:51:32.739 [FXGL Background Thread 1 ] DEBUG GameApplicationServi - Applying CSS: fxgl_dark.css
21:51:32.740 [FXGL Background Thread 1 ] DEBUG FXGLAssetLoaderServi - Loading from file system: jar:file:///C:/Users/Balong/.m2/repository/com/github/almasb/fxgl/17.2/fxgl-17.2.jar!/fxglassets/ui/css/fxgl_dark.css
21:51:32.801 [FXGL Background Thread 1 ] DEBUG GameApplicationServi - Initializing application scenes
21:51:32.854 [FXGL Background Thread 1 ] DEBUG FXGLAssetLoaderServi - Loading from file system: file:/C:/Users/Balong/Desktop/SummerJobShoppee/JavaFXGame/target/classes/assets/textures/player.png
21:51:32.877 [FXGL Background Thread 1 ] DEBUG GameWorld            - Game world initialized
21:51:32.930 [FXGL Background Thread 1 ] DEBUG PhysicsWorld         - Physics world initialized: appHeight=720, physics.ppm=50.0
21:51:32.931 [FXGL Background Thread 1 ] DEBUG PhysicsWorld         - Using strategy: BRUTE_FORCE
21:51:32.934 [FXGL Background Thread 1 ] DEBUG GameScene            - Game scene initialized: 1280x720
21:51:33.034 [FXGL Background Thread 1 ] DEBUG FXGL.DefaultMenu     - createMenuBodyGameMenu()
21:51:33.043 [FXGL Background Thread 1 ] DEBUG FXGL.DefaultMenu     - createOptionsMenu()
21:51:33.055 [FXGL Background Thread 1 ] DEBUG FXGLAssetLoaderServi - Loading from file system: jar:file:///C:/Users/Balong/.m2/repository/com/github/almasb/fxgl/17.2/fxgl-17.2.jar!/fxglassets/textures/particles/smoke.png
21:51:33.109 [FXGL Background Thread 1 ] DEBUG FXGLAssetLoaderServi - Loading from file system: jar:file:///C:/Users/Balong/.m2/repository/com/github/almasb/fxgl/17.2/fxgl-17.2.jar!/fxglassets/textures/particles/trace_horizontal.png
21:51:33.123 [FXGL Background Thread 1 ] DEBUG GameApplicationServi - Application scenes initialized
21:51:33.135 [FXGL Background Thread 1 ] DEBUG SystemBundleService  - Loading FXGL system data
21:51:33.138 [FXGL Background Thread 1 ] DEBUG FileSystemAccess     - Reading from: C:\Users\Balong\Desktop\SummerJobShoppee\JavaFXGame\system\fxgl.bundle
21:51:33.149 [FXGL Background Thread 1 ] DEBUG SystemBundleService  - Bundle FXGL: {}
21:51:33.149 [FXGL Background Thread 1 ] DEBUG UpdaterService       - Checking for updates
21:51:33.173 [FXGL Background Thread 4 ] DEBUG FXGLApplication      - Loading fonts
21:51:33.173 [FXGL Background Thread 1 ] DEBUG FXGLApplication      - Loading default localization
21:51:33.173 [FXGL Background Thread 4 ] DEBUG FXGLAssetLoaderServi - Loading from file system: jar:file:///C:/Users/Balong/.m2/repository/com/github/almasb/fxgl/17.2/fxgl-17.2.jar!/fxglassets/ui/fonts/VarelaRound-Regular.ttf
21:51:33.174 [FXGL Background Thread 1 ] DEBUG FXGLAssetLoaderServi - Loading from file system: jar:file:///C:/Users/Balong/.m2/repository/com/github/almasb/fxgl/17.2/fxgl-17.2.jar!/fxglassets/languages/english.lang
21:51:33.192 [FXGL Background Thread 1 ] INFO  FXGLApplication      - FXGL initialization took: 0.513 sec
21:51:33.194 [JavaFX Application Thread] DEBUG FXGLAssetLoaderServi - Loading from file system: jar:file:///C:/Users/Balong/.m2/repository/com/github/almasb/fxgl/17.2/fxgl-17.2.jar!/fxglassets/textures/fxgl_icon.png
21:51:33.205 [JavaFX Application Thread] DEBUG FXGLAssetLoaderServi - Loading from file system: jar:file:///C:/Users/Balong/.m2/repository/com/github/almasb/fxgl/17.2/fxgl-17.2.jar!/fxglassets/textures/fxgl_default_cursor.png
21:51:33.210 [FXGL Background Thread 4 ] DEBUG FXGLAssetLoaderServi - Loading from file system: jar:file:///C:/Users/Balong/.m2/repository/com/github/almasb/fxgl/17.2/fxgl-17.2.jar!/fxglassets/ui/fonts/Abel-Regular.ttf
21:51:33.217 [JavaFX Application Thread] DEBUG Input                - Registered new binding: Screenshot - CTRL+8
21:51:33.217 [FXGL Background Thread 4 ] DEBUG FXGLAssetLoaderServi - Loading from file system: jar:file:///C:/Users/Balong/.m2/repository/com/github/almasb/fxgl/17.2/fxgl-17.2.jar!/fxglassets/ui/fonts/TerminalLandMono-Regular.otf
21:51:33.217 [JavaFX Application Thread] DEBUG Input                - Registered new binding: Dev Options - 1
21:51:33.218 [JavaFX Application Thread] DEBUG Input                - Registered new binding: Dev Console - 2
21:51:33.220 [JavaFX Application Thread] DEBUG Input                - Registered new binding: System info dump - CTRL+9
21:51:33.220 [JavaFX Application Thread] DEBUG Input                - Registered new binding: Restart - CTRL+R
21:51:33.222 [JavaFX Application Thread] DEBUG Input                - Registered new binding: Toggle Debug Camera - CTRL+7
21:51:33.225 [FXGL Background Thread 4 ] DEBUG FXGLAssetLoaderServi - Loading from file system: jar:file:///C:/Users/Balong/.m2/repository/com/github/almasb/fxgl/17.2/fxgl-17.2.jar!/fxglassets/ui/fonts/Courier-Prime.ttf
21:51:33.227 [JavaFX Application Thread] DEBUG LoopRunner           - Starting loop
21:51:33.239 [JavaFX Application Thread] DEBUG LoopRunner           - Initializing JavaFX AnimationTimerLoop
21:51:33.242 [JavaFX Application Thread] DEBUG Input                - Clearing active input actions
21:51:33.249 [JavaFX Application Thread] DEBUG GameApplicationServi - Removing overlay from FXGLStartupScene and adding to FXGLMainMenuDummyScene
21:51:33.255 [JavaFX Application Thread] DEBUG PrimaryStageWindow   - FXGLStartupScene -> FXGLMainMenuDummyScene
21:51:33.255 [JavaFX Application Thread] DEBUG PrimaryStageWindow   - Push state: RiderMainMenuScene
21:51:33.255 [JavaFX Application Thread] DEBUG Input                - Clearing active input actions
21:51:33.262 [JavaFX Application Thread] DEBUG GameApplicationServi - Removing overlay from FXGLMainMenuDummyScene and adding to RiderMainMenuScene
21:51:33.263 [JavaFX Application Thread] DEBUG PrimaryStageWindow   - FXGLMainMenuDummyScene -> RiderMainMenuScene
21:51:33.263 [JavaFX Application Thread] DEBUG FXGLApplication      - Registering font factories with UI factory
21:51:33.700 [FXGL Background Thread 2 ] INFO  UpdaterService       - Your current version:  17.2
21:51:33.701 [FXGL Background Thread 2 ] INFO  UpdaterService       - Latest stable version: 21.1
21:51:34.594 [JavaFX Application Thread] DEBUG PrimaryStageWindow   - Push state: PlayerSelectScene
21:51:34.594 [JavaFX Application Thread] DEBUG Input                - Clearing active input actions
21:51:34.595 [JavaFX Application Thread] DEBUG GameApplicationServi - Removing overlay from RiderMainMenuScene and adding to PlayerSelectScene
21:51:34.597 [JavaFX Application Thread] DEBUG PrimaryStageWindow   - RiderMainMenuScene -> PlayerSelectScene
21:51:36.119 [JavaFX Application Thread] DEBUG PrimaryStageWindow   - Push state: LevelSelectScene
21:51:36.119 [JavaFX Application Thread] DEBUG Input                - Clearing active input actions
21:51:36.120 [JavaFX Application Thread] DEBUG GameApplicationServi - Removing overlay from PlayerSelectScene and adding to LevelSelectScene
21:51:36.122 [JavaFX Application Thread] DEBUG PrimaryStageWindow   - PlayerSelectScene -> LevelSelectScene
21:51:36.171 [FXGL Background Thread 3 ] DEBUG Engine               - Logging environment variables
21:51:36.171 [FXGL Background Thread 3 ] DEBUG Engine               - achievements: []
21:51:36.171 [FXGL Background Thread 3 ] DEBUG Engine               - actualHeight: 720.0
21:51:36.171 [FXGL Background Thread 3 ] DEBUG Engine               - actualHeightProperty: ReadOnlyDoubleProperty [value: 720.0]
21:51:36.171 [FXGL Background Thread 3 ] DEBUG Engine               - actualWidth: 1280.0
21:51:36.172 [FXGL Background Thread 3 ] DEBUG Engine               - actualWidthProperty: ReadOnlyDoubleProperty [value: 1280.0]
21:51:36.172 [FXGL Background Thread 3 ] DEBUG Engine               - appIcon: fxgl_icon.png
21:51:36.172 [FXGL Background Thread 3 ] DEBUG Engine               - applicationMode: DEVELOPER
21:51:36.172 [FXGL Background Thread 3 ] DEBUG Engine               - cSSList: [fxgl_dark.css]
21:51:36.172 [FXGL Background Thread 3 ] DEBUG Engine               - collisionDetectionStrategy: BRUTE_FORCE
21:51:36.172 [FXGL Background Thread 3 ] DEBUG Engine               - configClass: Optional.empty
21:51:36.172 [FXGL Background Thread 3 ] DEBUG Engine               - credits: []
21:51:36.173 [FXGL Background Thread 3 ] DEBUG Engine               - defaultCursor: CursorInfo(imageName=fxgl_default_cursor.png, hotspotX=7.0, hotspotY=6.0)
21:51:36.173 [FXGL Background Thread 3 ] DEBUG Engine               - devBBoxColorProperty: ObjectProperty [value: 0xff0000ff]
21:51:36.173 [FXGL Background Thread 3 ] DEBUG Engine               - devEnableDebugCameraProperty: BooleanProperty [value: false]
21:51:36.173 [FXGL Background Thread 3 ] DEBUG Engine               - devSensorColorProperty: ObjectProperty [value: 0xffff00ff]
21:51:36.173 [FXGL Background Thread 3 ] DEBUG Engine               - devShowBBoxProperty: BooleanProperty [value: false]
21:51:36.175 [FXGL Background Thread 3 ] DEBUG Engine               - devShowPositionProperty: BooleanProperty [value: false]
21:51:36.175 [FXGL Background Thread 3 ] DEBUG Engine               - enabledMenuItems: []
21:51:36.175 [FXGL Background Thread 3 ] DEBUG Engine               - engineServices: [class com.almasb.fxgl.app.services.FXGLAssetLoaderService, class com.almasb.fxgl.app.FXGLApplication$GameApplicationService, class com.almasb.fxgl.app.services.FXGLDialogService, class com.almasb.fxgl.app.services.IOTaskExecutorService, class com.almasb.fxgl.io.FileSystemService, class com.almasb.fxgl.localization.LocalizationService, class com.almasb.fxgl.app.services.SystemBundleService, class com.almasb.fxgl.profile.SaveLoadService, class com.almasb.fxgl.ui.FXGLUIFactoryServiceProvider, class com.almasb.fxgl.ui.FXGLDialogFactoryServiceProvider, class com.almasb.fxgl.audio.AudioPlayer, class com.almasb.fxgl.notification.impl.NotificationServiceProvider, class com.almasb.fxgl.achievement.AchievementService, class com.almasb.fxgl.cutscene.CutsceneService, class com.almasb.fxgl.minigames.MiniGameService, class com.almasb.fxgl.net.NetService, class com.almasb.fxgl.app.services.UpdaterService, class com.almasb.fxgl.dev.DevService]
21:51:36.175 [FXGL Background Thread 3 ] DEBUG Engine               - fontGame: Abel-Regular.ttf
21:51:36.175 [FXGL Background Thread 3 ] DEBUG Engine               - fontMono: TerminalLandMono-Regular.otf
21:51:36.175 [FXGL Background Thread 3 ] DEBUG Engine               - fontText: Courier-Prime.ttf
21:51:36.175 [FXGL Background Thread 3 ] DEBUG Engine               - fontUI: VarelaRound-Regular.ttf
21:51:36.175 [FXGL Background Thread 3 ] DEBUG Engine               - fullScreen: BooleanProperty [value: false]
21:51:36.175 [FXGL Background Thread 3 ] DEBUG Engine               - gameDifficulty: MEDIUM
21:51:36.175 [FXGL Background Thread 3 ] DEBUG Engine               - gameDifficultyProperty: ObjectProperty [value: MEDIUM]
21:51:36.175 [FXGL Background Thread 3 ] DEBUG Engine               - globalMusicVolume: 0.5
21:51:36.175 [FXGL Background Thread 3 ] DEBUG Engine               - globalMusicVolumeProperty: DoubleProperty [value: 0.25]
21:51:36.175 [FXGL Background Thread 3 ] DEBUG Engine               - globalSoundVolume: 0.5
21:51:36.175 [FXGL Background Thread 3 ] DEBUG Engine               - globalSoundVolumeProperty: DoubleProperty [value: 0.5]
21:51:36.175 [FXGL Background Thread 3 ] DEBUG Engine               - height: 720
21:51:36.175 [FXGL Background Thread 3 ] DEBUG Engine               - is3D: false
21:51:36.175 [FXGL Background Thread 3 ] DEBUG Engine               - isAndroid: false
21:51:36.175 [FXGL Background Thread 3 ] DEBUG Engine               - isBrowser: false
21:51:36.175 [FXGL Background Thread 3 ] DEBUG Engine               - isClickFeedbackEnabled: false
21:51:36.176 [FXGL Background Thread 3 ] DEBUG Engine               - isCloseConfirmation: false
21:51:36.176 [FXGL Background Thread 3 ] DEBUG Engine               - isDesktop: true
21:51:36.176 [FXGL Background Thread 3 ] DEBUG Engine               - isDeveloperMenuEnabled: true
21:51:36.176 [FXGL Background Thread 3 ] DEBUG Engine               - isEmbedded: false
21:51:36.176 [FXGL Background Thread 3 ] DEBUG Engine               - isEntityPreloadEnabled: true
21:51:36.176 [FXGL Background Thread 3 ] DEBUG Engine               - isExperimentalTiledLargeMap: false
21:51:36.176 [FXGL Background Thread 3 ] DEBUG Engine               - isFileSystemWriteAllowed: true
21:51:36.176 [FXGL Background Thread 3 ] DEBUG Engine               - isFullScreenAllowed: false
21:51:36.176 [FXGL Background Thread 3 ] DEBUG Engine               - isFullScreenFromStart: false
21:51:36.176 [FXGL Background Thread 3 ] DEBUG Engine               - isGameMenuEnabled: true
21:51:36.176 [FXGL Background Thread 3 ] DEBUG Engine               - isIOS: false
21:51:36.176 [FXGL Background Thread 3 ] DEBUG Engine               - isIntroEnabled: false
21:51:36.176 [FXGL Background Thread 3 ] DEBUG Engine               - isLinux: false
21:51:36.176 [FXGL Background Thread 3 ] DEBUG Engine               - isMac: false
21:51:36.176 [FXGL Background Thread 3 ] DEBUG Engine               - isMainMenuEnabled: true
21:51:36.176 [FXGL Background Thread 3 ] DEBUG Engine               - isManualResizeEnabled: false
21:51:36.176 [FXGL Background Thread 3 ] DEBUG Engine               - isMobile: false
21:51:36.176 [FXGL Background Thread 3 ] DEBUG Engine               - isNative: false
21:51:36.177 [FXGL Background Thread 3 ] DEBUG Engine               - isPauseMusicWhenMinimized: true
21:51:36.177 [FXGL Background Thread 3 ] DEBUG Engine               - isPreserveResizeRatio: false
21:51:36.177 [FXGL Background Thread 3 ] DEBUG Engine               - isProfilingEnabled: false
21:51:36.177 [FXGL Background Thread 3 ] DEBUG Engine               - isScaleAffectedOnResize: true
21:51:36.177 [FXGL Background Thread 3 ] DEBUG Engine               - isSingleStep: false
21:51:36.177 [FXGL Background Thread 3 ] DEBUG Engine               - isUserProfileEnabled: false
21:51:36.177 [FXGL Background Thread 3 ] DEBUG Engine               - isWindows: true
21:51:36.177 [FXGL Background Thread 3 ] DEBUG Engine               - language: ObjectProperty [value: ENGLISH]
21:51:36.177 [FXGL Background Thread 3 ] DEBUG Engine               - menuKey: ESCAPE
21:51:36.177 [FXGL Background Thread 3 ] DEBUG Engine               - mouseSensitivity: 0.2
21:51:36.177 [FXGL Background Thread 3 ] DEBUG Engine               - notificationViewClass: class com.almasb.fxgl.notification.view.XboxNotificationView
21:51:36.177 [FXGL Background Thread 3 ] DEBUG Engine               - pixelsPerMeter: 50.0
21:51:36.177 [FXGL Background Thread 3 ] DEBUG Engine               - platform: WINDOWS
21:51:36.177 [FXGL Background Thread 3 ] DEBUG Engine               - prefHeightProperty: ReadOnlyDoubleProperty [value: 720.0]
21:51:36.177 [FXGL Background Thread 3 ] DEBUG Engine               - prefWidthProperty: ReadOnlyDoubleProperty [value: 1280.0]
21:51:36.177 [FXGL Background Thread 3 ] DEBUG Engine               - profileDir: profiles/
21:51:36.177 [FXGL Background Thread 3 ] DEBUG Engine               - profileName: StringProperty [value: DEFAULT]
21:51:36.177 [FXGL Background Thread 3 ] DEBUG Engine               - randomSeed: -1
21:51:36.178 [FXGL Background Thread 3 ] DEBUG Engine               - runtimeInfo: RuntimeInfo(platform=WINDOWS, version=17.2, build=20.08.2022 16.50)
21:51:36.178 [FXGL Background Thread 3 ] DEBUG Engine               - saveFileExt: sav
21:51:36.178 [FXGL Background Thread 3 ] DEBUG Engine               - scaledHeightProp$fxgl: DoubleProperty [bound, value: 720.0]
21:51:36.179 [FXGL Background Thread 3 ] DEBUG Engine               - scaledWidthProp$fxgl: DoubleProperty [bound, value: 1280.0]
21:51:36.179 [FXGL Background Thread 3 ] DEBUG Engine               - sceneFactory: com.sunsofgod.PlatformerApp$1@2eaf08
21:51:36.179 [FXGL Background Thread 3 ] DEBUG Engine               - secondsIn24h: 60
21:51:36.179 [FXGL Background Thread 3 ] DEBUG Engine               - soundMenuBack: menu/back.wav
21:51:36.179 [FXGL Background Thread 3 ] DEBUG Engine               - soundMenuPress: menu/press.wav
21:51:36.179 [FXGL Background Thread 3 ] DEBUG Engine               - soundMenuSelect: menu/select.wav
21:51:36.179 [FXGL Background Thread 3 ] DEBUG Engine               - soundNotification: core/notification.wav
21:51:36.179 [FXGL Background Thread 3 ] DEBUG Engine               - stageStyle: DECORATED
21:51:36.179 [FXGL Background Thread 3 ] DEBUG Engine               - supportedLanguages: [ENGLISH, FRENCH, GERMAN, HUNGARIAN, RUSSIAN]
21:51:36.179 [FXGL Background Thread 3 ] DEBUG Engine               - ticksPerSecond: -1
21:51:36.179 [FXGL Background Thread 3 ] DEBUG Engine               - title: Untitled
21:51:36.179 [FXGL Background Thread 3 ] DEBUG Engine               - urlGithub: https://github.com/AlmasB/FXGL
21:51:36.179 [FXGL Background Thread 3 ] DEBUG Engine               - urlLeaderboard: http://fxgl-top.herokuapp.com/
21:51:36.179 [FXGL Background Thread 3 ] DEBUG Engine               - urlPOM: https://raw.githubusercontent.com/AlmasB/FXGL/release/README.md
21:51:36.179 [FXGL Background Thread 3 ] DEBUG Engine               - userAppClass: class com.sunsofgod.PlatformerApp
21:51:36.180 [FXGL Background Thread 3 ] DEBUG Engine               - version: 0.0
21:51:36.180 [FXGL Background Thread 3 ] DEBUG Engine               - versionCheckDays: 7
21:51:36.180 [FXGL Background Thread 3 ] DEBUG Engine               - width: 1280
21:51:36.180 [FXGL Background Thread 3 ] DEBUG Engine               - Logging services
21:51:36.180 [FXGL Background Thread 3 ] DEBUG Engine               - class com.almasb.fxgl.app.services.FXGLAssetLoaderService
21:51:36.180 [FXGL Background Thread 3 ] DEBUG Engine               - class com.almasb.fxgl.app.FXGLApplication$GameApplicationService
21:51:36.180 [FXGL Background Thread 3 ] DEBUG Engine               - class com.almasb.fxgl.app.services.FXGLDialogService
21:51:36.180 [FXGL Background Thread 3 ] DEBUG Engine               - class com.almasb.fxgl.app.services.IOTaskExecutorService
21:51:36.180 [FXGL Background Thread 3 ] DEBUG Engine               - class com.almasb.fxgl.io.FileSystemService
21:51:36.180 [FXGL Background Thread 3 ] DEBUG Engine               - class com.almasb.fxgl.localization.LocalizationService
21:51:36.180 [FXGL Background Thread 3 ] DEBUG Engine               - class com.almasb.fxgl.app.services.SystemBundleService
21:51:36.180 [FXGL Background Thread 3 ] DEBUG Engine               - class com.almasb.fxgl.profile.SaveLoadService
21:51:36.180 [FXGL Background Thread 3 ] DEBUG Engine               - class com.almasb.fxgl.ui.FXGLUIFactoryServiceProvider
21:51:36.180 [FXGL Background Thread 3 ] DEBUG Engine               - class com.almasb.fxgl.ui.FXGLDialogFactoryServiceProvider
21:51:36.180 [FXGL Background Thread 3 ] DEBUG Engine               - class com.almasb.fxgl.audio.AudioPlayer
21:51:36.180 [FXGL Background Thread 3 ] DEBUG Engine               - class com.almasb.fxgl.notification.impl.NotificationServiceProvider
21:51:36.180 [FXGL Background Thread 3 ] DEBUG Engine               - class com.almasb.fxgl.achievement.AchievementService
21:51:36.180 [FXGL Background Thread 3 ] DEBUG Engine               - class com.almasb.fxgl.cutscene.CutsceneService
21:51:36.180 [FXGL Background Thread 3 ] DEBUG Engine               - class com.almasb.fxgl.minigames.MiniGameService
21:51:36.180 [FXGL Background Thread 3 ] DEBUG Engine               - class com.almasb.fxgl.net.NetService
21:51:36.180 [FXGL Background Thread 3 ] DEBUG Engine               - class com.almasb.fxgl.app.services.UpdaterService
21:51:36.180 [FXGL Background Thread 3 ] DEBUG Engine               - class com.almasb.fxgl.dev.DevService
21:51:37.353 [JavaFX Application Thread] DEBUG Menu                 - fireNewGame()
21:51:37.353 [JavaFX Application Thread] DEBUG GameApplicationServi - Starting new game
21:51:37.354 [JavaFX Application Thread] DEBUG PrimaryStageWindow   - Pop state: LevelSelectScene
21:51:37.354 [JavaFX Application Thread] DEBUG Input                - Clearing active input actions
21:51:37.354 [JavaFX Application Thread] DEBUG GameApplicationServi - Removing overlay from LevelSelectScene and adding to PlayerSelectScene
21:51:37.355 [JavaFX Application Thread] DEBUG PrimaryStageWindow   - PlayerSelectScene <- LevelSelectScene
21:51:37.355 [JavaFX Application Thread] DEBUG PrimaryStageWindow   - Pop state: PlayerSelectScene
21:51:37.355 [JavaFX Application Thread] DEBUG Input                - Clearing active input actions
21:51:37.356 [JavaFX Application Thread] DEBUG GameApplicationServi - Removing overlay from PlayerSelectScene and adding to RiderMainMenuScene
21:51:37.356 [JavaFX Application Thread] DEBUG PrimaryStageWindow   - RiderMainMenuScene <- PlayerSelectScene
21:51:37.356 [JavaFX Application Thread] DEBUG PrimaryStageWindow   - Pop state: RiderMainMenuScene
21:51:37.356 [JavaFX Application Thread] DEBUG Input                - Clearing active input actions
21:51:37.357 [JavaFX Application Thread] DEBUG GameApplicationServi - Removing overlay from RiderMainMenuScene and adding to FXGLMainMenuDummyScene
21:51:37.357 [JavaFX Application Thread] DEBUG PrimaryStageWindow   - FXGLMainMenuDummyScene <- RiderMainMenuScene
21:51:37.358 [JavaFX Application Thread] DEBUG Input                - Clearing active input actions
21:51:37.362 [JavaFX Application Thread] DEBUG GameApplicationServi - Removing overlay from FXGLMainMenuDummyScene and adding to MainLoadingScene
21:51:37.363 [JavaFX Application Thread] DEBUG PrimaryStageWindow   - FXGLMainMenuDummyScene -> MainLoadingScene
21:51:37.363 [JavaFX Application Thread] DEBUG GameApplicationServi - Clearing previous game
21:51:37.363 [JavaFX Application Thread] DEBUG GameScene            - Clearing game scene
21:51:37.363 [JavaFX Application Thread] DEBUG GameWorld            - Clearing game world
21:51:37.363 [JavaFX Application Thread] DEBUG PhysicsWorld         - Clearing physics world
21:51:37.371 [FXGL Background Thread 2 ] DEBUG FXGLApplication      - Initializing game
21:51:37.415 [FXGL Background Thread 2 ] WARN  TMXLevelLoader       - TiledMap generated from 1.11.0. Supported version: 1.9.0. Some features may not be parsed fully.
21:51:37.423 [FXGL Background Thread 2 ] DEBUG TMXLevelLoader       - Parsed TiledMap: file:/C:/Users/Balong/Desktop/SummerJobShoppee/JavaFXGame/target/classes/assets/levels/tmx/level1.tmx
21:51:37.424 [FXGL Background Thread 2 ] DEBUG TMXLevelLoader       - Creating tile layer entities
21:51:37.426 [FXGL Background Thread 2 ] DEBUG TilesetLoader        - Loading view for layer Tile Layer 1
21:51:37.427 [FXGL Background Thread 2 ] DEBUG TilesetLoader        - Created buffer with size 1050.0x700.0
21:51:37.443 [FXGL Background Thread 2 ] DEBUG TMXLevelLoader       - Creating object layer entities
21:51:37.470 [FXGL Background Thread 2 ] DEBUG GameWorld            - Clearing removable entities
21:51:37.471 [FXGL Background Thread 2 ] DEBUG GameWorld            - Setting level: com.almasb.fxgl.entity.level.Level@51b24d53
21:51:37.495 [FXGL Background Thread 2 ] DEBUG Input                - Registered new binding: Jump0 - W
21:51:37.498 [FXGL Background Thread 2 ] DEBUG Input                - Registered new binding: Left0 - A
21:51:37.498 [FXGL Background Thread 2 ] DEBUG Input                - Registered new binding: Right0 - D
21:51:37.498 [FXGL Background Thread 2 ] DEBUG Input                - Registered new binding: Use0 - E
21:51:37.498 [FXGL Background Thread 2 ] DEBUG Input                - Registered new binding: Jump1 - Up
21:51:37.498 [FXGL Background Thread 2 ] DEBUG Input                - Registered new binding: Left1 - Left
21:51:37.498 [FXGL Background Thread 2 ] DEBUG Input                - Registered new binding: Right1 - Right
21:51:37.498 [FXGL Background Thread 2 ] DEBUG Input                - Registered new binding: Use1 - Slash
21:51:37.500 [FXGL Background Thread 2 ] DEBUG FXGLAssetLoaderServi - Loading from file system: file:/C:/Users/Balong/Desktop/SummerJobShoppee/JavaFXGame/target/classes/assets/textures/background/manila.png
21:51:37.529 [FXGL Background Thread 2 ] INFO  FXGLApplication      - Game initialization took: 0.157 sec
21:51:37.530 [JavaFX Application Thread] DEBUG Input                - Clearing active input actions
21:51:37.536 [JavaFX Application Thread] DEBUG GameApplicationServi - Removing overlay from MainLoadingScene and adding to GameScene
21:51:37.538 [JavaFX Application Thread] DEBUG PrimaryStageWindow   - MainLoadingScene -> GameScene
21:51:49.300 [JavaFX Application Thread] WARN  TMXLevelLoader       - TiledMap generated from 1.11.0. Supported version: 1.9.0. Some features may not be parsed fully.
21:51:49.302 [JavaFX Application Thread] DEBUG TMXLevelLoader       - Parsed TiledMap: file:/C:/Users/Balong/Desktop/SummerJobShoppee/JavaFXGame/target/classes/assets/levels/tmx/level1.tmx
21:51:49.302 [JavaFX Application Thread] DEBUG TMXLevelLoader       - Creating tile layer entities
21:51:49.304 [JavaFX Application Thread] DEBUG TilesetLoader        - Loading view for layer Tile Layer 1
21:51:49.307 [JavaFX Application Thread] DEBUG TilesetLoader        - Created buffer with size 1050.0x700.0
21:51:49.319 [JavaFX Application Thread] DEBUG TMXLevelLoader       - Creating object layer entities
21:51:49.324 [JavaFX Application Thread] DEBUG GameWorld            - Clearing removable entities
21:51:49.324 [JavaFX Application Thread] DEBUG GameWorld            - Setting level: com.almasb.fxgl.entity.level.Level@14e353ce
21:51:57.668 [JavaFX Application Thread] WARN  TMXLevelLoader       - TiledMap generated from 1.11.0. Supported version: 1.9.0. Some features may not be parsed fully.
21:51:57.670 [JavaFX Application Thread] DEBUG TMXLevelLoader       - Parsed TiledMap: file:/C:/Users/Balong/Desktop/SummerJobShoppee/JavaFXGame/target/classes/assets/levels/tmx/level2.tmx
21:51:57.671 [JavaFX Application Thread] DEBUG TMXLevelLoader       - Creating tile layer entities
21:51:57.671 [JavaFX Application Thread] DEBUG TilesetLoader        - Loading view for layer Tile Layer 1
21:51:57.674 [JavaFX Application Thread] DEBUG TilesetLoader        - Created buffer with size 1050.0x700.0
21:51:57.692 [JavaFX Application Thread] DEBUG TMXLevelLoader       - Creating object layer entities
21:51:57.695 [JavaFX Application Thread] DEBUG GameWorld            - Clearing removable entities
21:51:57.696 [JavaFX Application Thread] DEBUG GameWorld            - Setting level: com.almasb.fxgl.entity.level.Level@188ec22f
21:52:06.343 [JavaFX Application Thread] WARN  TMXLevelLoader       - TiledMap generated from 1.2.3. Supported version: 1.9.0. Some features may not be parsed fully.
21:52:06.346 [JavaFX Application Thread] DEBUG TMXLevelLoader       - Parsed TiledMap: file:/C:/Users/Balong/Desktop/SummerJobShoppee/JavaFXGame/target/classes/assets/levels/tmx/level3.tmx
21:52:06.347 [JavaFX Application Thread] DEBUG TMXLevelLoader       - Creating tile layer entities
21:52:06.348 [JavaFX Application Thread] DEBUG TilesetLoader        - Loading view for layer Tile Layer 1
21:52:06.352 [JavaFX Application Thread] DEBUG TilesetLoader        - Created buffer with size 1050.0x700.0
21:52:06.367 [JavaFX Application Thread] DEBUG TMXLevelLoader       - Creating object layer entities
21:52:06.371 [JavaFX Application Thread] DEBUG GameWorld            - Clearing removable entities
21:52:06.372 [JavaFX Application Thread] DEBUG GameWorld            - Setting level: com.almasb.fxgl.entity.level.Level@60a55ad7
21:52:24.339 [JavaFX Application Thread] WARN  TMXLevelLoader       - TiledMap generated from 1.2.3. Supported version: 1.9.0. Some features may not be parsed fully.
21:52:24.340 [JavaFX Application Thread] DEBUG TMXLevelLoader       - Parsed TiledMap: file:/C:/Users/Balong/Desktop/SummerJobShoppee/JavaFXGame/target/classes/assets/levels/tmx/level4.tmx
21:52:24.340 [JavaFX Application Thread] DEBUG TMXLevelLoader       - Creating tile layer entities
21:52:24.341 [JavaFX Application Thread] DEBUG TilesetLoader        - Loading view for layer Tile Layer 1
21:52:24.346 [JavaFX Application Thread] DEBUG TilesetLoader        - Created buffer with size 1050.0x700.0
21:52:24.361 [JavaFX Application Thread] DEBUG TMXLevelLoader       - Creating object layer entities
21:52:24.363 [JavaFX Application Thread] DEBUG FXGLAssetLoaderServi - Loading from file system: file:/C:/Users/Balong/Desktop/SummerJobShoppee/JavaFXGame/target/classes/assets/textures/button.png
21:52:24.368 [JavaFX Application Thread] DEBUG GameWorld            - Clearing removable entities
21:52:24.369 [JavaFX Application Thread] DEBUG GameWorld            - Setting level: com.almasb.fxgl.entity.level.Level@3face1b2
21:52:38.100 [JavaFX Application Thread] WARN  TMXLevelLoader       - TiledMap generated from 1.2.3. Supported version: 1.9.0. Some features may not be parsed fully.
21:52:38.102 [JavaFX Application Thread] DEBUG TMXLevelLoader       - Parsed TiledMap: file:/C:/Users/Balong/Desktop/SummerJobShoppee/JavaFXGame/target/classes/assets/levels/tmx/level5.tmx
21:52:38.102 [JavaFX Application Thread] DEBUG TMXLevelLoader       - Creating tile layer entities
21:52:38.102 [JavaFX Application Thread] DEBUG TilesetLoader        - Loading view for layer Tile Layer 1
21:52:38.107 [JavaFX Application Thread] DEBUG TilesetLoader        - Created buffer with size 2100.0x700.0
21:52:38.124 [JavaFX Application Thread] DEBUG TMXLevelLoader       - Creating object layer entities
21:52:38.127 [JavaFX Application Thread] DEBUG GameWorld            - Clearing removable entities
21:52:38.128 [JavaFX Application Thread] DEBUG GameWorld            - Setting level: com.almasb.fxgl.entity.level.Level@41d32b9
21:52:54.900 [JavaFX Application Thread] DEBUG FXGLApplication      - Exiting FXGL
21:52:54.900 [JavaFX Application Thread] DEBUG LoopRunner           - Stopping loop
21:52:54.900 [JavaFX Application Thread] DEBUG SystemBundleService  - Saving FXGL system data
21:52:54.902 [JavaFX Application Thread] DEBUG FileSystemAccess     - Writing to: C:\Users\Balong\Desktop\SummerJobShoppee\JavaFXGame\system\fxgl.bundle
21:52:54.904 [JavaFX Application Thread] DEBUG Async                - Shutting down background threads
21:52:54.905 [JavaFX Application Thread] DEBUG PrimaryStageWindow   - Closing main window
21:52:54.921 [JavaFX Application Thread] DEBUG Logger               - Closing Logger
