05:18:44.145 [main                     ] DEBUG Logger               - Configured Logger
05:18:44.159 [main                     ] DEBUG GameApplication      - Logging settings
Title: Untitled
Version: 0.0
Width: 1280
Height: 720
Fullscreen: false
Intro: false
Profiling: false
Single step:false
App Mode: DEVELOPER
Menu Key: ESCAPE
Stage Style: DECORATED
Scene Factory: class com.sunsofgod.PlatformerApp$1

05:18:44.555 [JavaFX Application Thread] DEBUG FXGLApplication      - Initializing FXGL
05:18:44.558 [JavaFX Application Thread] INFO  Engine               - FXGL-17.2 (20.08.2022 16.50) on MAC (J:17.0.2 FX:17.0.12)
05:18:44.558 [JavaFX Application Thread] DEBUG Engine               - JRE Vendor Name: Oracle Corporation
05:18:44.558 [JavaFX Application Thread] DEBUG Engine               - Running on OS: Mac OS X version 15.1
05:18:44.558 [JavaFX Application Thread] DEBUG Engine               - Architecture: aarch64
05:18:44.559 [JavaFX Application Thread] INFO  Engine               - Source code and latest versions at: https://github.com/AlmasB/FXGL
05:18:44.559 [JavaFX Application Thread] INFO  Engine               -       Ask questions and discuss at: https://github.com/AlmasB/FXGL/discussions
05:18:44.559 [JavaFX Application Thread] INFO  Engine               -              Join the FXGL chat at: https://gitter.im/AlmasB/FXGL
05:18:44.606 [JavaFX Application Thread] DEBUG PrimaryStageWindow   - Creating a JavaFX scene
05:18:44.626 [JavaFX Application Thread] DEBUG PrimaryStageWindow   - Target settings size: 1280.0 x 720.0
05:18:44.627 [JavaFX Application Thread] DEBUG PrimaryStageWindow   - Scaled scene size:    1280.0 x 720.0
05:18:44.627 [JavaFX Application Thread] DEBUG PrimaryStageWindow   - Scaled ratio: (1.0, 1.0)
05:18:44.627 [JavaFX Application Thread] DEBUG PrimaryStageWindow   - Set initial scene to FXGLStartupScene
05:18:44.630 [JavaFX Application Thread] DEBUG PrimaryStageWindow   - Opening main window
05:18:44.758 [JavaFX Application Thread] DEBUG PrimaryStageWindow   - Window border size: (0.0, 28.0)
05:18:44.758 [JavaFX Application Thread] DEBUG PrimaryStageWindow   - Scaled size: 1280.0 x 720.0
05:18:44.758 [JavaFX Application Thread] DEBUG PrimaryStageWindow   - Scaled ratio: (1.0, 1.0)
05:18:44.759 [JavaFX Application Thread] DEBUG PrimaryStageWindow   - Scene size: 1280.0 x 720.0
05:18:44.759 [JavaFX Application Thread] DEBUG PrimaryStageWindow   - Stage size: 1280.0 x 748.0
05:18:44.769 [FXGL Background Thread 1 ] DEBUG Engine               - Initializing environment variables
05:18:44.807 [FXGL Background Thread 1 ] DEBUG FXGLAssetLoaderServi - User app class for loading assets: class com.sunsofgod.PlatformerApp
05:18:44.808 [FXGL Background Thread 1 ] DEBUG GameApplicationServi - Applying CSS: fxgl_dark.css
05:18:44.809 [FXGL Background Thread 1 ] DEBUG FXGLAssetLoaderServi - Loading from file system: jar:file:///Users/aaron/.m2/repository/com/github/almasb/fxgl/17.2/fxgl-17.2.jar!/fxglassets/ui/css/fxgl_dark.css
05:18:44.840 [FXGL Background Thread 1 ] DEBUG GameApplicationServi - Initializing application scenes
05:18:44.990 [FXGL Background Thread 1 ] WARN  FXGLAssetLoaderServi - Asset "/assets/textures/player.png" was not found!
05:18:44.990 [FXGL Background Thread 1 ] WARN  FXGLAssetLoaderServi - Failed to load IMAGE
05:18:45.010 [FXGL Background Thread 1 ] DEBUG GameWorld            - Game world initialized
05:18:45.036 [FXGL Background Thread 1 ] DEBUG PhysicsWorld         - Physics world initialized: appHeight=720, physics.ppm=50.0
05:18:45.036 [FXGL Background Thread 1 ] DEBUG PhysicsWorld         - Using strategy: BRUTE_FORCE
05:18:45.038 [FXGL Background Thread 1 ] DEBUG GameScene            - Game scene initialized: 1280x720
05:18:47.445 [FXGL Background Thread 1 ] DEBUG GameApplicationServi - Application scenes initialized
05:18:47.453 [FXGL Background Thread 1 ] DEBUG SystemBundleService  - Loading FXGL system data
05:18:47.456 [FXGL Background Thread 1 ] DEBUG FileSystemAccess     - Reading from: /Users/aaron/JavaFXGame/system/fxgl.bundle
05:18:47.460 [FXGL Background Thread 1 ] DEBUG SystemBundleService  - Bundle FXGL: {}
05:18:47.460 [FXGL Background Thread 1 ] DEBUG UpdaterService       - Checking for updates
05:18:47.472 [FXGL Background Thread 4 ] DEBUG FXGLApplication      - Loading fonts
05:18:47.472 [FXGL Background Thread 4 ] DEBUG FXGLAssetLoaderServi - Loading from file system: jar:file:///Users/aaron/.m2/repository/com/github/almasb/fxgl/17.2/fxgl-17.2.jar!/fxglassets/ui/fonts/VarelaRound-Regular.ttf
05:18:47.472 [FXGL Background Thread 1 ] DEBUG FXGLApplication      - Loading default localization
05:18:47.472 [FXGL Background Thread 1 ] DEBUG FXGLAssetLoaderServi - Loading from file system: jar:file:///Users/aaron/.m2/repository/com/github/almasb/fxgl/17.2/fxgl-17.2.jar!/fxglassets/languages/english.lang
05:18:47.490 [FXGL Background Thread 4 ] DEBUG FXGLAssetLoaderServi - Loading from file system: jar:file:///Users/aaron/.m2/repository/com/github/almasb/fxgl/17.2/fxgl-17.2.jar!/fxglassets/ui/fonts/Abel-Regular.ttf
05:18:47.492 [FXGL Background Thread 1 ] INFO  FXGLApplication      - FXGL initialization took: 2.722 sec
05:18:47.492 [FXGL Background Thread 4 ] DEBUG FXGLAssetLoaderServi - Loading from file system: jar:file:///Users/aaron/.m2/repository/com/github/almasb/fxgl/17.2/fxgl-17.2.jar!/fxglassets/ui/fonts/TerminalLandMono-Regular.otf
05:18:47.492 [JavaFX Application Thread] DEBUG FXGLAssetLoaderServi - Loading from file system: jar:file:///Users/aaron/.m2/repository/com/github/almasb/fxgl/17.2/fxgl-17.2.jar!/fxglassets/textures/fxgl_icon.png
05:18:47.496 [FXGL Background Thread 4 ] DEBUG FXGLAssetLoaderServi - Loading from file system: jar:file:///Users/aaron/.m2/repository/com/github/almasb/fxgl/17.2/fxgl-17.2.jar!/fxglassets/ui/fonts/Courier-Prime.ttf
05:18:47.513 [JavaFX Application Thread] DEBUG FXGLAssetLoaderServi - Loading from file system: jar:file:///Users/aaron/.m2/repository/com/github/almasb/fxgl/17.2/fxgl-17.2.jar!/fxglassets/textures/fxgl_default_cursor.png
05:18:47.518 [JavaFX Application Thread] DEBUG Input                - Registered new binding: Screenshot - CTRL+8
05:18:47.518 [JavaFX Application Thread] DEBUG Input                - Registered new binding: Dev Options - 1
05:18:47.518 [JavaFX Application Thread] DEBUG Input                - Registered new binding: Dev Console - 2
05:18:47.519 [JavaFX Application Thread] DEBUG Input                - Registered new binding: System info dump - CTRL+9
05:18:47.519 [JavaFX Application Thread] DEBUG Input                - Registered new binding: Restart - CTRL+R
05:18:47.519 [JavaFX Application Thread] DEBUG Input                - Registered new binding: Toggle Debug Camera - CTRL+7
05:18:47.521 [JavaFX Application Thread] DEBUG LoopRunner           - Starting loop
05:18:47.527 [JavaFX Application Thread] DEBUG LoopRunner           - Initializing JavaFX AnimationTimerLoop
05:18:47.528 [JavaFX Application Thread] DEBUG Input                - Clearing active input actions
05:18:47.531 [JavaFX Application Thread] DEBUG GameApplicationServi - Removing overlay from FXGLStartupScene and adding to FXGLMainMenuDummyScene
05:18:47.533 [JavaFX Application Thread] DEBUG PrimaryStageWindow   - FXGLStartupScene -> FXGLMainMenuDummyScene
05:18:47.533 [JavaFX Application Thread] DEBUG PrimaryStageWindow   - Push state: RiderMainMenuScene
05:18:47.533 [JavaFX Application Thread] DEBUG Input                - Clearing active input actions
05:18:47.535 [JavaFX Application Thread] DEBUG GameApplicationServi - Removing overlay from FXGLMainMenuDummyScene and adding to RiderMainMenuScene
05:18:47.536 [JavaFX Application Thread] DEBUG PrimaryStageWindow   - FXGLMainMenuDummyScene -> RiderMainMenuScene
05:18:47.548 [JavaFX Application Thread] DEBUG FXGLApplication      - Registering font factories with UI factory
05:18:48.113 [FXGL Background Thread 2 ] INFO  UpdaterService       - Your current version:  17.2
05:18:48.113 [FXGL Background Thread 2 ] INFO  UpdaterService       - Latest stable version: 21.1
05:18:48.846 [JavaFX Application Thread] DEBUG PrimaryStageWindow   - Push state: PlayerSelectScene
05:18:48.847 [JavaFX Application Thread] DEBUG Input                - Clearing active input actions
05:18:48.847 [JavaFX Application Thread] DEBUG GameApplicationServi - Removing overlay from RiderMainMenuScene and adding to PlayerSelectScene
05:18:48.848 [JavaFX Application Thread] DEBUG PrimaryStageWindow   - RiderMainMenuScene -> PlayerSelectScene
05:18:50.472 [FXGL Background Thread 3 ] DEBUG Engine               - Logging environment variables
05:18:50.472 [FXGL Background Thread 3 ] DEBUG Engine               - achievements: []
05:18:50.472 [FXGL Background Thread 3 ] DEBUG Engine               - actualHeight: 720.0
05:18:50.473 [FXGL Background Thread 3 ] DEBUG Engine               - actualHeightProperty: ReadOnlyDoubleProperty [value: 720.0]
05:18:50.473 [FXGL Background Thread 3 ] DEBUG Engine               - actualWidth: 1280.0
05:18:50.473 [FXGL Background Thread 3 ] DEBUG Engine               - actualWidthProperty: ReadOnlyDoubleProperty [value: 1280.0]
05:18:50.473 [FXGL Background Thread 3 ] DEBUG Engine               - appIcon: fxgl_icon.png
05:18:50.473 [FXGL Background Thread 3 ] DEBUG Engine               - applicationMode: DEVELOPER
05:18:50.473 [FXGL Background Thread 3 ] DEBUG Engine               - cSSList: [fxgl_dark.css]
05:18:50.473 [FXGL Background Thread 3 ] DEBUG Engine               - collisionDetectionStrategy: BRUTE_FORCE
05:18:50.473 [FXGL Background Thread 3 ] DEBUG Engine               - configClass: Optional.empty
05:18:50.473 [FXGL Background Thread 3 ] DEBUG Engine               - credits: []
05:18:50.474 [FXGL Background Thread 3 ] DEBUG Engine               - defaultCursor: CursorInfo(imageName=fxgl_default_cursor.png, hotspotX=7.0, hotspotY=6.0)
05:18:50.474 [FXGL Background Thread 3 ] DEBUG Engine               - devBBoxColorProperty: ObjectProperty [value: 0xff0000ff]
05:18:50.474 [FXGL Background Thread 3 ] DEBUG Engine               - devEnableDebugCameraProperty: BooleanProperty [value: false]
05:18:50.474 [FXGL Background Thread 3 ] DEBUG Engine               - devSensorColorProperty: ObjectProperty [value: 0xffff00ff]
05:18:50.475 [FXGL Background Thread 3 ] DEBUG Engine               - devShowBBoxProperty: BooleanProperty [value: false]
05:18:50.475 [FXGL Background Thread 3 ] DEBUG Engine               - devShowPositionProperty: BooleanProperty [value: false]
05:18:50.475 [FXGL Background Thread 3 ] DEBUG Engine               - enabledMenuItems: []
05:18:50.475 [FXGL Background Thread 3 ] DEBUG Engine               - engineServices: [class com.almasb.fxgl.app.services.FXGLAssetLoaderService, class com.almasb.fxgl.app.FXGLApplication$GameApplicationService, class com.almasb.fxgl.app.services.FXGLDialogService, class com.almasb.fxgl.app.services.IOTaskExecutorService, class com.almasb.fxgl.io.FileSystemService, class com.almasb.fxgl.localization.LocalizationService, class com.almasb.fxgl.app.services.SystemBundleService, class com.almasb.fxgl.profile.SaveLoadService, class com.almasb.fxgl.ui.FXGLUIFactoryServiceProvider, class com.almasb.fxgl.ui.FXGLDialogFactoryServiceProvider, class com.almasb.fxgl.audio.AudioPlayer, class com.almasb.fxgl.notification.impl.NotificationServiceProvider, class com.almasb.fxgl.achievement.AchievementService, class com.almasb.fxgl.cutscene.CutsceneService, class com.almasb.fxgl.minigames.MiniGameService, class com.almasb.fxgl.net.NetService, class com.almasb.fxgl.app.services.UpdaterService, class com.almasb.fxgl.dev.DevService]
05:18:50.475 [FXGL Background Thread 3 ] DEBUG Engine               - fontGame: Abel-Regular.ttf
05:18:50.475 [FXGL Background Thread 3 ] DEBUG Engine               - fontMono: TerminalLandMono-Regular.otf
05:18:50.475 [FXGL Background Thread 3 ] DEBUG Engine               - fontText: Courier-Prime.ttf
05:18:50.475 [FXGL Background Thread 3 ] DEBUG Engine               - fontUI: VarelaRound-Regular.ttf
05:18:50.475 [FXGL Background Thread 3 ] DEBUG Engine               - fullScreen: BooleanProperty [value: false]
05:18:50.475 [FXGL Background Thread 3 ] DEBUG Engine               - gameDifficulty: MEDIUM
05:18:50.475 [FXGL Background Thread 3 ] DEBUG Engine               - gameDifficultyProperty: ObjectProperty [value: MEDIUM]
05:18:50.475 [FXGL Background Thread 3 ] DEBUG Engine               - globalMusicVolume: 0.5
05:18:50.475 [FXGL Background Thread 3 ] DEBUG Engine               - globalMusicVolumeProperty: DoubleProperty [value: 0.25]
05:18:50.475 [FXGL Background Thread 3 ] DEBUG Engine               - globalSoundVolume: 0.5
05:18:50.476 [FXGL Background Thread 3 ] DEBUG Engine               - globalSoundVolumeProperty: DoubleProperty [value: 0.5]
05:18:50.476 [FXGL Background Thread 3 ] DEBUG Engine               - height: 720
05:18:50.476 [FXGL Background Thread 3 ] DEBUG Engine               - is3D: false
05:18:50.476 [FXGL Background Thread 3 ] DEBUG Engine               - isAndroid: false
05:18:50.476 [FXGL Background Thread 3 ] DEBUG Engine               - isBrowser: false
05:18:50.476 [FXGL Background Thread 3 ] DEBUG Engine               - isClickFeedbackEnabled: false
05:18:50.476 [FXGL Background Thread 3 ] DEBUG Engine               - isCloseConfirmation: false
05:18:50.476 [FXGL Background Thread 3 ] DEBUG Engine               - isDesktop: true
05:18:50.476 [FXGL Background Thread 3 ] DEBUG Engine               - isDeveloperMenuEnabled: true
05:18:50.476 [FXGL Background Thread 3 ] DEBUG Engine               - isEmbedded: false
05:18:50.476 [FXGL Background Thread 3 ] DEBUG Engine               - isEntityPreloadEnabled: true
05:18:50.476 [FXGL Background Thread 3 ] DEBUG Engine               - isExperimentalTiledLargeMap: false
05:18:50.477 [FXGL Background Thread 3 ] DEBUG Engine               - isFileSystemWriteAllowed: true
05:18:50.477 [FXGL Background Thread 3 ] DEBUG Engine               - isFullScreenAllowed: false
05:18:50.477 [FXGL Background Thread 3 ] DEBUG Engine               - isFullScreenFromStart: false
05:18:50.477 [FXGL Background Thread 3 ] DEBUG Engine               - isGameMenuEnabled: true
05:18:50.477 [FXGL Background Thread 3 ] DEBUG Engine               - isIOS: false
05:18:50.477 [FXGL Background Thread 3 ] DEBUG Engine               - isIntroEnabled: false
05:18:50.477 [FXGL Background Thread 3 ] DEBUG Engine               - isLinux: false
05:18:50.477 [FXGL Background Thread 3 ] DEBUG Engine               - isMac: true
05:18:50.477 [FXGL Background Thread 3 ] DEBUG Engine               - isMainMenuEnabled: true
05:18:50.477 [FXGL Background Thread 3 ] DEBUG Engine               - isManualResizeEnabled: false
05:18:50.477 [FXGL Background Thread 3 ] DEBUG Engine               - isMobile: false
05:18:50.477 [FXGL Background Thread 3 ] DEBUG Engine               - isNative: false
05:18:50.477 [FXGL Background Thread 3 ] DEBUG Engine               - isPauseMusicWhenMinimized: true
05:18:50.477 [FXGL Background Thread 3 ] DEBUG Engine               - isPreserveResizeRatio: false
05:18:50.477 [FXGL Background Thread 3 ] DEBUG Engine               - isProfilingEnabled: false
05:18:50.478 [FXGL Background Thread 3 ] DEBUG Engine               - isScaleAffectedOnResize: true
05:18:50.478 [FXGL Background Thread 3 ] DEBUG Engine               - isSingleStep: false
05:18:50.478 [FXGL Background Thread 3 ] DEBUG Engine               - isUserProfileEnabled: false
05:18:50.478 [FXGL Background Thread 3 ] DEBUG Engine               - isWindows: false
05:18:50.478 [FXGL Background Thread 3 ] DEBUG Engine               - language: ObjectProperty [value: ENGLISH]
05:18:50.478 [FXGL Background Thread 3 ] DEBUG Engine               - menuKey: ESCAPE
05:18:50.478 [FXGL Background Thread 3 ] DEBUG Engine               - mouseSensitivity: 0.2
05:18:50.478 [FXGL Background Thread 3 ] DEBUG Engine               - notificationViewClass: class com.almasb.fxgl.notification.view.XboxNotificationView
05:18:50.478 [FXGL Background Thread 3 ] DEBUG Engine               - pixelsPerMeter: 50.0
05:18:50.478 [FXGL Background Thread 3 ] DEBUG Engine               - platform: MAC
05:18:50.478 [FXGL Background Thread 3 ] DEBUG Engine               - prefHeightProperty: ReadOnlyDoubleProperty [value: 720.0]
05:18:50.478 [FXGL Background Thread 3 ] DEBUG Engine               - prefWidthProperty: ReadOnlyDoubleProperty [value: 1280.0]
05:18:50.478 [FXGL Background Thread 3 ] DEBUG Engine               - profileDir: profiles/
05:18:50.479 [FXGL Background Thread 3 ] DEBUG Engine               - profileName: StringProperty [value: DEFAULT]
05:18:50.479 [FXGL Background Thread 3 ] DEBUG Engine               - randomSeed: -1
05:18:50.479 [FXGL Background Thread 3 ] DEBUG Engine               - runtimeInfo: RuntimeInfo(platform=MAC, version=17.2, build=20.08.2022 16.50)
05:18:50.479 [FXGL Background Thread 3 ] DEBUG Engine               - saveFileExt: sav
05:18:50.480 [FXGL Background Thread 3 ] DEBUG Engine               - scaledHeightProp$fxgl: DoubleProperty [bound, value: 720.0]
05:18:50.480 [FXGL Background Thread 3 ] DEBUG Engine               - scaledWidthProp$fxgl: DoubleProperty [bound, value: 1280.0]
05:18:50.480 [FXGL Background Thread 3 ] DEBUG Engine               - sceneFactory: com.sunsofgod.PlatformerApp$1@3749e11c
05:18:50.480 [FXGL Background Thread 3 ] DEBUG Engine               - secondsIn24h: 60
05:18:50.480 [FXGL Background Thread 3 ] DEBUG Engine               - soundMenuBack: menu/back.wav
05:18:50.480 [FXGL Background Thread 3 ] DEBUG Engine               - soundMenuPress: menu/press.wav
05:18:50.480 [FXGL Background Thread 3 ] DEBUG Engine               - soundMenuSelect: menu/select.wav
05:18:50.480 [FXGL Background Thread 3 ] DEBUG Engine               - soundNotification: core/notification.wav
05:18:50.480 [FXGL Background Thread 3 ] DEBUG Engine               - stageStyle: DECORATED
05:18:50.480 [FXGL Background Thread 3 ] DEBUG Engine               - supportedLanguages: [ENGLISH, FRENCH, GERMAN, HUNGARIAN, RUSSIAN]
05:18:50.480 [FXGL Background Thread 3 ] DEBUG Engine               - ticksPerSecond: -1
05:18:50.480 [FXGL Background Thread 3 ] DEBUG Engine               - title: Untitled
05:18:50.480 [FXGL Background Thread 3 ] DEBUG Engine               - urlGithub: https://github.com/AlmasB/FXGL
05:18:50.480 [FXGL Background Thread 3 ] DEBUG Engine               - urlLeaderboard: http://fxgl-top.herokuapp.com/
05:18:50.481 [FXGL Background Thread 3 ] DEBUG Engine               - urlPOM: https://raw.githubusercontent.com/AlmasB/FXGL/release/README.md
05:18:50.481 [FXGL Background Thread 3 ] DEBUG Engine               - userAppClass: class com.sunsofgod.PlatformerApp
05:18:50.481 [FXGL Background Thread 3 ] DEBUG Engine               - version: 0.0
05:18:50.481 [FXGL Background Thread 3 ] DEBUG Engine               - versionCheckDays: 7
05:18:50.481 [FXGL Background Thread 3 ] DEBUG Engine               - width: 1280
05:18:50.481 [FXGL Background Thread 3 ] DEBUG Engine               - Logging services
05:18:50.481 [FXGL Background Thread 3 ] DEBUG Engine               - class com.almasb.fxgl.app.services.FXGLAssetLoaderService
05:18:50.481 [FXGL Background Thread 3 ] DEBUG Engine               - class com.almasb.fxgl.app.FXGLApplication$GameApplicationService
05:18:50.481 [FXGL Background Thread 3 ] DEBUG Engine               - class com.almasb.fxgl.app.services.FXGLDialogService
05:18:50.481 [FXGL Background Thread 3 ] DEBUG Engine               - class com.almasb.fxgl.app.services.IOTaskExecutorService
05:18:50.481 [FXGL Background Thread 3 ] DEBUG Engine               - class com.almasb.fxgl.io.FileSystemService
05:18:50.481 [FXGL Background Thread 3 ] DEBUG Engine               - class com.almasb.fxgl.localization.LocalizationService
05:18:50.481 [FXGL Background Thread 3 ] DEBUG Engine               - class com.almasb.fxgl.app.services.SystemBundleService
05:18:50.481 [FXGL Background Thread 3 ] DEBUG Engine               - class com.almasb.fxgl.profile.SaveLoadService
05:18:50.481 [FXGL Background Thread 3 ] DEBUG Engine               - class com.almasb.fxgl.ui.FXGLUIFactoryServiceProvider
05:18:50.481 [FXGL Background Thread 3 ] DEBUG Engine               - class com.almasb.fxgl.ui.FXGLDialogFactoryServiceProvider
05:18:50.482 [FXGL Background Thread 3 ] DEBUG Engine               - class com.almasb.fxgl.audio.AudioPlayer
05:18:50.482 [FXGL Background Thread 3 ] DEBUG Engine               - class com.almasb.fxgl.notification.impl.NotificationServiceProvider
05:18:50.482 [FXGL Background Thread 3 ] DEBUG Engine               - class com.almasb.fxgl.achievement.AchievementService
05:18:50.482 [FXGL Background Thread 3 ] DEBUG Engine               - class com.almasb.fxgl.cutscene.CutsceneService
05:18:50.482 [FXGL Background Thread 3 ] DEBUG Engine               - class com.almasb.fxgl.minigames.MiniGameService
05:18:50.482 [FXGL Background Thread 3 ] DEBUG Engine               - class com.almasb.fxgl.net.NetService
05:18:50.482 [FXGL Background Thread 3 ] DEBUG Engine               - class com.almasb.fxgl.app.services.UpdaterService
05:18:50.482 [FXGL Background Thread 3 ] DEBUG Engine               - class com.almasb.fxgl.dev.DevService
05:18:53.217 [JavaFX Application Thread] DEBUG FXGLApplication      - Exiting FXGL
05:18:53.217 [JavaFX Application Thread] DEBUG LoopRunner           - Stopping loop
05:18:53.217 [JavaFX Application Thread] DEBUG SystemBundleService  - Saving FXGL system data
05:18:53.218 [JavaFX Application Thread] DEBUG FileSystemAccess     - Writing to: /Users/aaron/JavaFXGame/system/fxgl.bundle
05:18:53.219 [JavaFX Application Thread] DEBUG Async                - Shutting down background threads
05:18:53.219 [JavaFX Application Thread] DEBUG PrimaryStageWindow   - Closing main window
05:18:53.237 [JavaFX Application Thread] DEBUG Logger               - Closing Logger
