23:26:25.613 [main                     ] DEBUG Logger               - Configured Logger
23:26:25.672 [main                     ] DEBUG GameApplication      - Logging settings
Title: Untitled
Version: 0.0
Width: 1280
Height: 720
Fullscreen: false
Intro: false
Profiling: false
Single step:false
App Mode: DEVELOPER
Menu Key: ESCAPE
Stage Style: DECORATED
Scene Factory: class com.sunsofgod.PlatformerApp$1

23:26:26.175 [JavaFX Application Thread] DEBUG FXGLApplication      - Initializing FXGL
23:26:26.181 [JavaFX Application Thread] INFO  Engine               - FXGL-17.2 (20.08.2022 16.50) on WINDOWS (J:17.0.11 FX:17.0.12)
23:26:26.183 [JavaFX Application Thread] DEBUG Engine               - JRE Vendor Name: Eclipse Adoptium
23:26:26.184 [JavaFX Application Thread] DEBUG Engine               - Running on OS: Windows 11 version 10.0
23:26:26.184 [JavaFX Application Thread] DEBUG Engine               - Architecture: amd64
23:26:26.184 [JavaFX Application Thread] INFO  Engine               - Source code and latest versions at: https://github.com/AlmasB/FXGL
23:26:26.184 [JavaFX Application Thread] INFO  Engine               -       Ask questions and discuss at: https://github.com/AlmasB/FXGL/discussions
23:26:26.185 [JavaFX Application Thread] INFO  Engine               -              Join the FXGL chat at: https://gitter.im/AlmasB/FXGL
23:26:26.280 [JavaFX Application Thread] DEBUG PrimaryStageWindow   - Creating a JavaFX scene
23:26:26.340 [JavaFX Application Thread] DEBUG PrimaryStageWindow   - Target settings size: 1280.0 x 720.0
23:26:26.341 [JavaFX Application Thread] DEBUG PrimaryStageWindow   - Scaled scene size:    1280.0 x 720.0
23:26:26.341 [JavaFX Application Thread] DEBUG PrimaryStageWindow   - Scaled ratio: (1.0, 1.0)
23:26:26.343 [JavaFX Application Thread] DEBUG PrimaryStageWindow   - Set initial scene to FXGLStartupScene
23:26:26.351 [JavaFX Application Thread] DEBUG PrimaryStageWindow   - Opening main window
23:26:26.479 [JavaFX Application Thread] DEBUG PrimaryStageWindow   - Window border size: (14.4000244140625, 37.5999755859375)
23:26:26.480 [JavaFX Application Thread] DEBUG PrimaryStageWindow   - Scaled size: 1280.0 x 720.0
23:26:26.480 [JavaFX Application Thread] DEBUG PrimaryStageWindow   - Scaled ratio: (1.0, 1.0)
23:26:26.480 [JavaFX Application Thread] DEBUG PrimaryStageWindow   - Scene size: 1280.0 x 720.0
23:26:26.481 [JavaFX Application Thread] DEBUG PrimaryStageWindow   - Stage size: 1294.4000244140625 x 757.5999755859375
23:26:26.502 [FXGL Background Thread 1 ] DEBUG Engine               - Initializing environment variables
23:26:26.614 [FXGL Background Thread 1 ] DEBUG FXGLAssetLoaderServi - User app class for loading assets: class com.sunsofgod.PlatformerApp
23:26:26.615 [FXGL Background Thread 1 ] DEBUG GameApplicationServi - Applying CSS: fxgl_dark.css
23:26:26.618 [FXGL Background Thread 1 ] DEBUG FXGLAssetLoaderServi - Loading from file system: jar:file:///C:/Users/Patrick/.m2/repository/com/github/almasb/fxgl/17.2/fxgl-17.2.jar!/fxglassets/ui/css/fxgl_dark.css
23:26:26.748 [FXGL Background Thread 1 ] DEBUG GameApplicationServi - Initializing application scenes
23:26:26.826 [FXGL Background Thread 1 ] WARN  FXGLAssetLoaderServi - Asset "/assets/textures/player.png" was not found!
23:26:26.827 [FXGL Background Thread 1 ] WARN  FXGLAssetLoaderServi - Failed to load IMAGE
23:26:26.864 [FXGL Background Thread 1 ] DEBUG GameWorld            - Game world initialized
23:26:26.917 [FXGL Background Thread 1 ] DEBUG PhysicsWorld         - Physics world initialized: appHeight=720, physics.ppm=50.0
23:26:26.918 [FXGL Background Thread 1 ] DEBUG PhysicsWorld         - Using strategy: BRUTE_FORCE
23:26:26.923 [FXGL Background Thread 1 ] DEBUG GameScene            - Game scene initialized: 1280x720
23:26:27.220 [FXGL Background Thread 1 ] DEBUG GameApplicationServi - Application scenes initialized
23:26:27.236 [FXGL Background Thread 1 ] DEBUG SystemBundleService  - Loading FXGL system data
23:26:27.243 [FXGL Background Thread 1 ] DEBUG FileSystemAccess     - Reading from: C:\Users\Patrick\Desktop\Remote Repositories\JavaFXGame\system\fxgl.bundle
23:26:27.252 [FXGL Background Thread 1 ] DEBUG SystemBundleService  - Bundle FXGL: {}
23:26:27.252 [FXGL Background Thread 1 ] DEBUG UpdaterService       - Checking for updates
23:26:27.285 [FXGL Background Thread 4 ] DEBUG FXGLApplication      - Loading fonts
23:26:27.286 [FXGL Background Thread 4 ] DEBUG FXGLAssetLoaderServi - Loading from file system: jar:file:///C:/Users/Patrick/.m2/repository/com/github/almasb/fxgl/17.2/fxgl-17.2.jar!/fxglassets/ui/fonts/VarelaRound-Regular.ttf
23:26:27.286 [FXGL Background Thread 1 ] DEBUG FXGLApplication      - Loading default localization
23:26:27.287 [FXGL Background Thread 1 ] DEBUG FXGLAssetLoaderServi - Loading from file system: jar:file:///C:/Users/Patrick/.m2/repository/com/github/almasb/fxgl/17.2/fxgl-17.2.jar!/fxglassets/languages/english.lang
23:26:27.327 [FXGL Background Thread 1 ] INFO  FXGLApplication      - FXGL initialization took: 0.825 sec
23:26:27.331 [JavaFX Application Thread] DEBUG FXGLAssetLoaderServi - Loading from file system: jar:file:///C:/Users/Patrick/.m2/repository/com/github/almasb/fxgl/17.2/fxgl-17.2.jar!/fxglassets/textures/fxgl_icon.png
23:26:27.346 [JavaFX Application Thread] DEBUG FXGLAssetLoaderServi - Loading from file system: jar:file:///C:/Users/Patrick/.m2/repository/com/github/almasb/fxgl/17.2/fxgl-17.2.jar!/fxglassets/textures/fxgl_default_cursor.png
23:26:27.363 [JavaFX Application Thread] DEBUG Input                - Registered new binding: Screenshot - CTRL+8
23:26:27.364 [JavaFX Application Thread] DEBUG Input                - Registered new binding: Dev Options - 1
23:26:27.365 [JavaFX Application Thread] DEBUG Input                - Registered new binding: Dev Console - 2
23:26:27.366 [JavaFX Application Thread] DEBUG Input                - Registered new binding: System info dump - CTRL+9
23:26:27.367 [JavaFX Application Thread] DEBUG Input                - Registered new binding: Restart - CTRL+R
23:26:27.369 [JavaFX Application Thread] DEBUG Input                - Registered new binding: Toggle Debug Camera - CTRL+7
23:26:27.377 [JavaFX Application Thread] DEBUG LoopRunner           - Starting loop
23:26:27.396 [FXGL Background Thread 4 ] DEBUG FXGLAssetLoaderServi - Loading from file system: jar:file:///C:/Users/Patrick/.m2/repository/com/github/almasb/fxgl/17.2/fxgl-17.2.jar!/fxglassets/ui/fonts/Abel-Regular.ttf
23:26:27.402 [JavaFX Application Thread] DEBUG LoopRunner           - Initializing JavaFX AnimationTimerLoop
23:26:27.406 [JavaFX Application Thread] DEBUG Input                - Clearing active input actions
23:26:27.414 [JavaFX Application Thread] DEBUG GameApplicationServi - Removing overlay from FXGLStartupScene and adding to FXGLMainMenuDummyScene
23:26:27.420 [JavaFX Application Thread] DEBUG PrimaryStageWindow   - FXGLStartupScene -> FXGLMainMenuDummyScene
23:26:27.421 [JavaFX Application Thread] DEBUG PrimaryStageWindow   - Push state: RiderMainMenuScene
23:26:27.422 [FXGL Background Thread 4 ] DEBUG FXGLAssetLoaderServi - Loading from file system: jar:file:///C:/Users/Patrick/.m2/repository/com/github/almasb/fxgl/17.2/fxgl-17.2.jar!/fxglassets/ui/fonts/TerminalLandMono-Regular.otf
23:26:27.422 [JavaFX Application Thread] DEBUG Input                - Clearing active input actions
23:26:27.432 [JavaFX Application Thread] DEBUG GameApplicationServi - Removing overlay from FXGLMainMenuDummyScene and adding to RiderMainMenuScene
23:26:27.433 [JavaFX Application Thread] DEBUG PrimaryStageWindow   - FXGLMainMenuDummyScene -> RiderMainMenuScene
23:26:27.439 [FXGL Background Thread 4 ] DEBUG FXGLAssetLoaderServi - Loading from file system: jar:file:///C:/Users/Patrick/.m2/repository/com/github/almasb/fxgl/17.2/fxgl-17.2.jar!/fxglassets/ui/fonts/Courier-Prime.ttf
23:26:27.673 [JavaFX Application Thread] DEBUG FXGLApplication      - Registering font factories with UI factory
23:26:27.716 [FXGL Background Thread 2 ] INFO  UpdaterService       - Your current version:  17.2
23:26:27.717 [FXGL Background Thread 2 ] INFO  UpdaterService       - Latest stable version: 21.1
23:26:30.279 [FXGL Background Thread 3 ] DEBUG Engine               - Logging environment variables
23:26:30.281 [FXGL Background Thread 3 ] DEBUG Engine               - achievements: []
23:26:30.282 [FXGL Background Thread 3 ] DEBUG Engine               - actualHeight: 720.0
23:26:30.284 [FXGL Background Thread 3 ] DEBUG Engine               - actualHeightProperty: ReadOnlyDoubleProperty [value: 720.0]
23:26:30.284 [FXGL Background Thread 3 ] DEBUG Engine               - actualWidth: 1280.0
23:26:30.284 [FXGL Background Thread 3 ] DEBUG Engine               - actualWidthProperty: ReadOnlyDoubleProperty [value: 1280.0]
23:26:30.284 [FXGL Background Thread 3 ] DEBUG Engine               - appIcon: fxgl_icon.png
23:26:30.284 [FXGL Background Thread 3 ] DEBUG Engine               - applicationMode: DEVELOPER
23:26:30.285 [FXGL Background Thread 3 ] DEBUG Engine               - cSSList: [fxgl_dark.css]
23:26:30.285 [FXGL Background Thread 3 ] DEBUG Engine               - collisionDetectionStrategy: BRUTE_FORCE
23:26:30.285 [FXGL Background Thread 3 ] DEBUG Engine               - configClass: Optional.empty
23:26:30.285 [FXGL Background Thread 3 ] DEBUG Engine               - credits: []
23:26:30.288 [FXGL Background Thread 3 ] DEBUG Engine               - defaultCursor: CursorInfo(imageName=fxgl_default_cursor.png, hotspotX=7.0, hotspotY=6.0)
23:26:30.289 [FXGL Background Thread 3 ] DEBUG Engine               - devBBoxColorProperty: ObjectProperty [value: 0xff0000ff]
23:26:30.289 [FXGL Background Thread 3 ] DEBUG Engine               - devEnableDebugCameraProperty: BooleanProperty [value: false]
23:26:30.289 [FXGL Background Thread 3 ] DEBUG Engine               - devSensorColorProperty: ObjectProperty [value: 0xffff00ff]
23:26:30.289 [FXGL Background Thread 3 ] DEBUG Engine               - devShowBBoxProperty: BooleanProperty [value: false]
23:26:30.289 [FXGL Background Thread 3 ] DEBUG Engine               - devShowPositionProperty: BooleanProperty [value: false]
23:26:30.290 [FXGL Background Thread 3 ] DEBUG Engine               - enabledMenuItems: []
23:26:30.290 [FXGL Background Thread 3 ] DEBUG Engine               - engineServices: [class com.almasb.fxgl.app.services.FXGLAssetLoaderService, class com.almasb.fxgl.app.FXGLApplication$GameApplicationService, class com.almasb.fxgl.app.services.FXGLDialogService, class com.almasb.fxgl.app.services.IOTaskExecutorService, class com.almasb.fxgl.io.FileSystemService, class com.almasb.fxgl.localization.LocalizationService, class com.almasb.fxgl.app.services.SystemBundleService, class com.almasb.fxgl.profile.SaveLoadService, class com.almasb.fxgl.ui.FXGLUIFactoryServiceProvider, class com.almasb.fxgl.ui.FXGLDialogFactoryServiceProvider, class com.almasb.fxgl.audio.AudioPlayer, class com.almasb.fxgl.notification.impl.NotificationServiceProvider, class com.almasb.fxgl.achievement.AchievementService, class com.almasb.fxgl.cutscene.CutsceneService, class com.almasb.fxgl.minigames.MiniGameService, class com.almasb.fxgl.net.NetService, class com.almasb.fxgl.app.services.UpdaterService, class com.almasb.fxgl.dev.DevService]
23:26:30.290 [FXGL Background Thread 3 ] DEBUG Engine               - fontGame: Abel-Regular.ttf
23:26:30.290 [FXGL Background Thread 3 ] DEBUG Engine               - fontMono: TerminalLandMono-Regular.otf
23:26:30.290 [FXGL Background Thread 3 ] DEBUG Engine               - fontText: Courier-Prime.ttf
23:26:30.290 [FXGL Background Thread 3 ] DEBUG Engine               - fontUI: VarelaRound-Regular.ttf
23:26:30.290 [FXGL Background Thread 3 ] DEBUG Engine               - fullScreen: BooleanProperty [value: false]
23:26:30.290 [FXGL Background Thread 3 ] DEBUG Engine               - gameDifficulty: MEDIUM
23:26:30.290 [FXGL Background Thread 3 ] DEBUG Engine               - gameDifficultyProperty: ObjectProperty [value: MEDIUM]
23:26:30.290 [FXGL Background Thread 3 ] DEBUG Engine               - globalMusicVolume: 0.5
23:26:30.290 [FXGL Background Thread 3 ] DEBUG Engine               - globalMusicVolumeProperty: DoubleProperty [value: 0.25]
23:26:30.290 [FXGL Background Thread 3 ] DEBUG Engine               - globalSoundVolume: 0.5
23:26:30.290 [FXGL Background Thread 3 ] DEBUG Engine               - globalSoundVolumeProperty: DoubleProperty [value: 0.5]
23:26:30.290 [FXGL Background Thread 3 ] DEBUG Engine               - height: 720
23:26:30.290 [FXGL Background Thread 3 ] DEBUG Engine               - is3D: false
23:26:30.290 [FXGL Background Thread 3 ] DEBUG Engine               - isAndroid: false
23:26:30.290 [FXGL Background Thread 3 ] DEBUG Engine               - isBrowser: false
23:26:30.291 [FXGL Background Thread 3 ] DEBUG Engine               - isClickFeedbackEnabled: false
23:26:30.291 [FXGL Background Thread 3 ] DEBUG Engine               - isCloseConfirmation: false
23:26:30.291 [FXGL Background Thread 3 ] DEBUG Engine               - isDesktop: true
23:26:30.291 [FXGL Background Thread 3 ] DEBUG Engine               - isDeveloperMenuEnabled: true
23:26:30.291 [FXGL Background Thread 3 ] DEBUG Engine               - isEmbedded: false
23:26:30.291 [FXGL Background Thread 3 ] DEBUG Engine               - isEntityPreloadEnabled: true
23:26:30.291 [FXGL Background Thread 3 ] DEBUG Engine               - isExperimentalTiledLargeMap: false
23:26:30.291 [FXGL Background Thread 3 ] DEBUG Engine               - isFileSystemWriteAllowed: true
23:26:30.291 [FXGL Background Thread 3 ] DEBUG Engine               - isFullScreenAllowed: false
23:26:30.291 [FXGL Background Thread 3 ] DEBUG Engine               - isFullScreenFromStart: false
23:26:30.291 [FXGL Background Thread 3 ] DEBUG Engine               - isGameMenuEnabled: true
23:26:30.291 [FXGL Background Thread 3 ] DEBUG Engine               - isIOS: false
23:26:30.291 [FXGL Background Thread 3 ] DEBUG Engine               - isIntroEnabled: false
23:26:30.291 [FXGL Background Thread 3 ] DEBUG Engine               - isLinux: false
23:26:30.292 [FXGL Background Thread 3 ] DEBUG Engine               - isMac: false
23:26:30.292 [FXGL Background Thread 3 ] DEBUG Engine               - isMainMenuEnabled: true
23:26:30.292 [FXGL Background Thread 3 ] DEBUG Engine               - isManualResizeEnabled: false
23:26:30.292 [FXGL Background Thread 3 ] DEBUG Engine               - isMobile: false
23:26:30.292 [FXGL Background Thread 3 ] DEBUG Engine               - isNative: false
23:26:30.292 [FXGL Background Thread 3 ] DEBUG Engine               - isPauseMusicWhenMinimized: true
23:26:30.292 [FXGL Background Thread 3 ] DEBUG Engine               - isPreserveResizeRatio: false
23:26:30.292 [FXGL Background Thread 3 ] DEBUG Engine               - isProfilingEnabled: false
23:26:30.293 [FXGL Background Thread 3 ] DEBUG Engine               - isScaleAffectedOnResize: true
23:26:30.293 [FXGL Background Thread 3 ] DEBUG Engine               - isSingleStep: false
23:26:30.293 [FXGL Background Thread 3 ] DEBUG Engine               - isUserProfileEnabled: false
23:26:30.293 [FXGL Background Thread 3 ] DEBUG Engine               - isWindows: true
23:26:30.293 [FXGL Background Thread 3 ] DEBUG Engine               - language: ObjectProperty [value: ENGLISH]
23:26:30.293 [FXGL Background Thread 3 ] DEBUG Engine               - menuKey: ESCAPE
23:26:30.293 [FXGL Background Thread 3 ] DEBUG Engine               - mouseSensitivity: 0.2
23:26:30.293 [FXGL Background Thread 3 ] DEBUG Engine               - notificationViewClass: class com.almasb.fxgl.notification.view.XboxNotificationView
23:26:30.294 [FXGL Background Thread 3 ] DEBUG Engine               - pixelsPerMeter: 50.0
23:26:30.294 [FXGL Background Thread 3 ] DEBUG Engine               - platform: WINDOWS
23:26:30.294 [FXGL Background Thread 3 ] DEBUG Engine               - prefHeightProperty: ReadOnlyDoubleProperty [value: 720.0]
23:26:30.294 [FXGL Background Thread 3 ] DEBUG Engine               - prefWidthProperty: ReadOnlyDoubleProperty [value: 1280.0]
23:26:30.294 [FXGL Background Thread 3 ] DEBUG Engine               - profileDir: profiles/
23:26:30.294 [FXGL Background Thread 3 ] DEBUG Engine               - profileName: StringProperty [value: DEFAULT]
23:26:30.294 [FXGL Background Thread 3 ] DEBUG Engine               - randomSeed: -1
23:26:30.295 [FXGL Background Thread 3 ] DEBUG Engine               - runtimeInfo: RuntimeInfo(platform=WINDOWS, version=17.2, build=20.08.2022 16.50)
23:26:30.295 [FXGL Background Thread 3 ] DEBUG Engine               - saveFileExt: sav
23:26:30.295 [FXGL Background Thread 3 ] DEBUG Engine               - scaledHeightProp$fxgl: DoubleProperty [bound, value: 720.0]
23:26:30.295 [FXGL Background Thread 3 ] DEBUG Engine               - scaledWidthProp$fxgl: DoubleProperty [bound, value: 1280.0]
23:26:30.295 [FXGL Background Thread 3 ] DEBUG Engine               - sceneFactory: com.sunsofgod.PlatformerApp$1@3e1d1de4
23:26:30.295 [FXGL Background Thread 3 ] DEBUG Engine               - secondsIn24h: 60
23:26:30.295 [FXGL Background Thread 3 ] DEBUG Engine               - soundMenuBack: menu/back.wav
23:26:30.295 [FXGL Background Thread 3 ] DEBUG Engine               - soundMenuPress: menu/press.wav
23:26:30.295 [FXGL Background Thread 3 ] DEBUG Engine               - soundMenuSelect: menu/select.wav
23:26:30.295 [FXGL Background Thread 3 ] DEBUG Engine               - soundNotification: core/notification.wav
23:26:30.295 [FXGL Background Thread 3 ] DEBUG Engine               - stageStyle: DECORATED
23:26:30.296 [FXGL Background Thread 3 ] DEBUG Engine               - supportedLanguages: [ENGLISH, FRENCH, GERMAN, HUNGARIAN, RUSSIAN]
23:26:30.296 [FXGL Background Thread 3 ] DEBUG Engine               - ticksPerSecond: -1
23:26:30.296 [FXGL Background Thread 3 ] DEBUG Engine               - title: Untitled
23:26:30.296 [FXGL Background Thread 3 ] DEBUG Engine               - urlGithub: https://github.com/AlmasB/FXGL
23:26:30.296 [FXGL Background Thread 3 ] DEBUG Engine               - urlLeaderboard: http://fxgl-top.herokuapp.com/
23:26:30.296 [FXGL Background Thread 3 ] DEBUG Engine               - urlPOM: https://raw.githubusercontent.com/AlmasB/FXGL/release/README.md
23:26:30.296 [FXGL Background Thread 3 ] DEBUG Engine               - userAppClass: class com.sunsofgod.PlatformerApp
23:26:30.296 [FXGL Background Thread 3 ] DEBUG Engine               - version: 0.0
23:26:30.296 [FXGL Background Thread 3 ] DEBUG Engine               - versionCheckDays: 7
23:26:30.296 [FXGL Background Thread 3 ] DEBUG Engine               - width: 1280
23:26:30.296 [FXGL Background Thread 3 ] DEBUG Engine               - Logging services
23:26:30.296 [FXGL Background Thread 3 ] DEBUG Engine               - class com.almasb.fxgl.app.services.FXGLAssetLoaderService
23:26:30.296 [FXGL Background Thread 3 ] DEBUG Engine               - class com.almasb.fxgl.app.FXGLApplication$GameApplicationService
23:26:30.296 [FXGL Background Thread 3 ] DEBUG Engine               - class com.almasb.fxgl.app.services.FXGLDialogService
23:26:30.296 [FXGL Background Thread 3 ] DEBUG Engine               - class com.almasb.fxgl.app.services.IOTaskExecutorService
23:26:30.297 [FXGL Background Thread 3 ] DEBUG Engine               - class com.almasb.fxgl.io.FileSystemService
23:26:30.297 [FXGL Background Thread 3 ] DEBUG Engine               - class com.almasb.fxgl.localization.LocalizationService
23:26:30.297 [FXGL Background Thread 3 ] DEBUG Engine               - class com.almasb.fxgl.app.services.SystemBundleService
23:26:30.297 [FXGL Background Thread 3 ] DEBUG Engine               - class com.almasb.fxgl.profile.SaveLoadService
23:26:30.297 [FXGL Background Thread 3 ] DEBUG Engine               - class com.almasb.fxgl.ui.FXGLUIFactoryServiceProvider
23:26:30.297 [FXGL Background Thread 3 ] DEBUG Engine               - class com.almasb.fxgl.ui.FXGLDialogFactoryServiceProvider
23:26:30.298 [FXGL Background Thread 3 ] DEBUG Engine               - class com.almasb.fxgl.audio.AudioPlayer
23:26:30.298 [FXGL Background Thread 3 ] DEBUG Engine               - class com.almasb.fxgl.notification.impl.NotificationServiceProvider
23:26:30.298 [FXGL Background Thread 3 ] DEBUG Engine               - class com.almasb.fxgl.achievement.AchievementService
23:26:30.298 [FXGL Background Thread 3 ] DEBUG Engine               - class com.almasb.fxgl.cutscene.CutsceneService
23:26:30.298 [FXGL Background Thread 3 ] DEBUG Engine               - class com.almasb.fxgl.minigames.MiniGameService
23:26:30.299 [FXGL Background Thread 3 ] DEBUG Engine               - class com.almasb.fxgl.net.NetService
23:26:30.299 [FXGL Background Thread 3 ] DEBUG Engine               - class com.almasb.fxgl.app.services.UpdaterService
23:26:30.299 [FXGL Background Thread 3 ] DEBUG Engine               - class com.almasb.fxgl.dev.DevService
23:26:30.600 [JavaFX Application Thread] DEBUG PrimaryStageWindow   - Push state: PlayerSelectScene
23:26:30.600 [JavaFX Application Thread] DEBUG Input                - Clearing active input actions
23:26:30.600 [JavaFX Application Thread] DEBUG GameApplicationServi - Removing overlay from RiderMainMenuScene and adding to PlayerSelectScene
23:26:30.603 [JavaFX Application Thread] DEBUG PrimaryStageWindow   - RiderMainMenuScene -> PlayerSelectScene
23:26:33.108 [JavaFX Application Thread] DEBUG PrimaryStageWindow   - Push state: LevelSelectScene
23:26:33.109 [JavaFX Application Thread] DEBUG Input                - Clearing active input actions
23:26:33.110 [JavaFX Application Thread] DEBUG GameApplicationServi - Removing overlay from PlayerSelectScene and adding to LevelSelectScene
23:26:33.113 [JavaFX Application Thread] DEBUG PrimaryStageWindow   - PlayerSelectScene -> LevelSelectScene
23:26:34.595 [JavaFX Application Thread] DEBUG Menu                 - fireNewGame()
23:26:34.596 [JavaFX Application Thread] DEBUG GameApplicationServi - Starting new game
23:26:34.597 [JavaFX Application Thread] DEBUG PrimaryStageWindow   - Pop state: LevelSelectScene
23:26:34.597 [JavaFX Application Thread] DEBUG Input                - Clearing active input actions
23:26:34.598 [JavaFX Application Thread] DEBUG GameApplicationServi - Removing overlay from LevelSelectScene and adding to PlayerSelectScene
23:26:34.602 [JavaFX Application Thread] DEBUG PrimaryStageWindow   - PlayerSelectScene <- LevelSelectScene
23:26:34.602 [JavaFX Application Thread] DEBUG PrimaryStageWindow   - Pop state: PlayerSelectScene
23:26:34.602 [JavaFX Application Thread] DEBUG Input                - Clearing active input actions
23:26:34.602 [JavaFX Application Thread] DEBUG GameApplicationServi - Removing overlay from PlayerSelectScene and adding to RiderMainMenuScene
23:26:34.604 [JavaFX Application Thread] DEBUG PrimaryStageWindow   - RiderMainMenuScene <- PlayerSelectScene
23:26:34.604 [JavaFX Application Thread] DEBUG PrimaryStageWindow   - Pop state: RiderMainMenuScene
23:26:34.604 [JavaFX Application Thread] DEBUG Input                - Clearing active input actions
23:26:34.604 [JavaFX Application Thread] DEBUG GameApplicationServi - Removing overlay from RiderMainMenuScene and adding to FXGLMainMenuDummyScene
23:26:34.605 [JavaFX Application Thread] DEBUG PrimaryStageWindow   - FXGLMainMenuDummyScene <- RiderMainMenuScene
23:26:34.606 [JavaFX Application Thread] DEBUG Input                - Clearing active input actions
23:26:34.614 [JavaFX Application Thread] DEBUG GameApplicationServi - Removing overlay from FXGLMainMenuDummyScene and adding to MainLoadingScene
23:26:34.615 [JavaFX Application Thread] DEBUG PrimaryStageWindow   - FXGLMainMenuDummyScene -> MainLoadingScene
23:26:34.615 [JavaFX Application Thread] DEBUG GameApplicationServi - Clearing previous game
23:26:34.615 [JavaFX Application Thread] DEBUG GameScene            - Clearing game scene
23:26:34.615 [JavaFX Application Thread] DEBUG GameWorld            - Clearing game world
23:26:34.615 [JavaFX Application Thread] DEBUG PhysicsWorld         - Clearing physics world
23:26:34.618 [FXGL Background Thread 2 ] DEBUG FXGLApplication      - Initializing game
23:26:34.677 [FXGL Background Thread 2 ] WARN  TMXLevelLoader       - TiledMap generated from 1.11.0. Supported version: 1.9.0. Some features may not be parsed fully.
23:26:34.694 [FXGL Background Thread 2 ] DEBUG TMXLevelLoader       - Parsed TiledMap: file:/C:/Users/Patrick/Desktop/Remote%20Repositories/JavaFXGame/target/classes/assets/levels/tmx/level5.tmx
23:26:34.697 [FXGL Background Thread 2 ] DEBUG TMXLevelLoader       - Creating tile layer entities
23:26:34.700 [FXGL Background Thread 2 ] DEBUG TilesetLoader        - Loading view for layer Tile Layer 1
23:26:34.705 [FXGL Background Thread 2 ] DEBUG TilesetLoader        - Created buffer with size 2520.0x700.0
23:26:34.726 [FXGL Background Thread 2 ] DEBUG TMXLevelLoader       - Creating object layer entities
23:26:34.768 [FXGL Background Thread 2 ] DEBUG FXGLAssetLoaderServi - Loading from file system: file:/C:/Users/Patrick/Desktop/Remote%20Repositories/JavaFXGame/target/classes/assets/textures/button.png
23:26:34.787 [FXGL Background Thread 2 ] DEBUG GameWorld            - Clearing removable entities
23:26:34.788 [FXGL Background Thread 2 ] DEBUG GameWorld            - Setting level: com.almasb.fxgl.entity.level.Level@571d0129
23:26:34.805 [FXGL Background Thread 2 ] DEBUG FXGLAssetLoaderServi - Loading from file system: file:/C:/Users/Patrick/Desktop/Remote%20Repositories/JavaFXGame/target/classes/assets/textures/player1.png
23:26:34.825 [FXGL Background Thread 2 ] DEBUG FXGLAssetLoaderServi - Loading from file system: file:/C:/Users/Patrick/Desktop/Remote%20Repositories/JavaFXGame/target/classes/assets/textures/player2.png
23:26:34.850 [FXGL Background Thread 2 ] DEBUG Input                - Registered new binding: Jump0 - W
23:26:34.853 [FXGL Background Thread 2 ] DEBUG Input                - Registered new binding: Left0 - A
23:26:34.854 [FXGL Background Thread 2 ] DEBUG Input                - Registered new binding: Right0 - D
23:26:34.854 [FXGL Background Thread 2 ] DEBUG Input                - Registered new binding: Use0 - E
23:26:34.855 [FXGL Background Thread 2 ] DEBUG Input                - Registered new binding: Jump1 - Up
23:26:34.855 [FXGL Background Thread 2 ] DEBUG Input                - Registered new binding: Left1 - Left
23:26:34.855 [FXGL Background Thread 2 ] DEBUG Input                - Registered new binding: Right1 - Right
23:26:34.855 [FXGL Background Thread 2 ] DEBUG Input                - Registered new binding: Use1 - Slash
23:26:34.857 [FXGL Background Thread 2 ] DEBUG FXGLAssetLoaderServi - Loading from file system: file:/C:/Users/Patrick/Desktop/Remote%20Repositories/JavaFXGame/target/classes/assets/textures/background/manila.png
23:26:34.899 [FXGL Background Thread 2 ] INFO  FXGLApplication      - Game initialization took: 0.279 sec
23:26:34.917 [JavaFX Application Thread] DEBUG Input                - Clearing active input actions
23:26:34.926 [JavaFX Application Thread] DEBUG GameApplicationServi - Removing overlay from MainLoadingScene and adding to GameScene
23:26:34.931 [JavaFX Application Thread] DEBUG PrimaryStageWindow   - MainLoadingScene -> GameScene
23:26:34.939 [JavaFX Application Thread] DEBUG FXGLAssetLoaderServi - Loading from file system: file:/C:/Users/Patrick/Desktop/Remote%20Repositories/JavaFXGame/target/classes/assets/sounds/land.wav
23:26:39.657 [JavaFX Application Thread] DEBUG FXGLAssetLoaderServi - Loading from file system: file:/C:/Users/Patrick/Desktop/Remote%20Repositories/JavaFXGame/target/classes/assets/sounds/jump.wav
23:26:42.613 [JavaFX Application Thread] DEBUG FXGLApplication      - Exiting FXGL
23:26:42.613 [JavaFX Application Thread] DEBUG LoopRunner           - Stopping loop
23:26:42.613 [JavaFX Application Thread] DEBUG SystemBundleService  - Saving FXGL system data
23:26:42.616 [JavaFX Application Thread] DEBUG FileSystemAccess     - Writing to: C:\Users\Patrick\Desktop\Remote Repositories\JavaFXGame\system\fxgl.bundle
23:26:42.619 [JavaFX Application Thread] DEBUG Async                - Shutting down background threads
23:26:42.619 [JavaFX Application Thread] DEBUG PrimaryStageWindow   - Closing main window
23:26:42.641 [JavaFX Application Thread] DEBUG Logger               - Closing Logger
