01:01:48.318 [main                     ] DEBUG Logger               - Configured Logger
01:01:48.331 [main                     ] DEBUG GameApplication      - Logging settings
Title: Untitled
Version: 0.0
Width: 1280
Height: 720
Fullscreen: false
Intro: false
Profiling: false
Single step:false
App Mode: DEVELOPER
Menu Key: ESCAPE
Stage Style: DECORATED
Scene Factory: class com.sunsofgod.PlatformerApp$1

01:01:48.679 [JavaFX Application Thread] DEBUG FXGLApplication      - Initializing FXGL
01:01:48.682 [JavaFX Application Thread] INFO  Engine               - FXGL-17.2 (20.08.2022 16.50) on MAC (J:17.0.2 FX:17.0.12)
01:01:48.682 [JavaFX Application Thread] DEBUG Engine               - JRE Vendor Name: Oracle Corporation
01:01:48.682 [JavaFX Application Thread] DEBUG Engine               - Running on OS: Mac OS X version 15.1
01:01:48.682 [JavaFX Application Thread] DEBUG Engine               - Architecture: aarch64
01:01:48.682 [JavaFX Application Thread] INFO  Engine               - Source code and latest versions at: https://github.com/AlmasB/FXGL
01:01:48.682 [JavaFX Application Thread] INFO  Engine               -       Ask questions and discuss at: https://github.com/AlmasB/FXGL/discussions
01:01:48.682 [JavaFX Application Thread] INFO  Engine               -              Join the FXGL chat at: https://gitter.im/AlmasB/FXGL
01:01:48.727 [JavaFX Application Thread] DEBUG PrimaryStageWindow   - Creating a JavaFX scene
01:01:48.747 [JavaFX Application Thread] DEBUG PrimaryStageWindow   - Target settings size: 1280.0 x 720.0
01:01:48.747 [JavaFX Application Thread] DEBUG PrimaryStageWindow   - Scaled scene size:    1280.0 x 720.0
01:01:48.747 [JavaFX Application Thread] DEBUG PrimaryStageWindow   - Scaled ratio: (1.0, 1.0)
01:01:48.748 [JavaFX Application Thread] DEBUG PrimaryStageWindow   - Set initial scene to FXGLStartupScene
01:01:48.750 [JavaFX Application Thread] DEBUG PrimaryStageWindow   - Opening main window
01:01:48.813 [JavaFX Application Thread] DEBUG PrimaryStageWindow   - Window border size: (0.0, 28.0)
01:01:48.814 [JavaFX Application Thread] DEBUG PrimaryStageWindow   - Scaled size: 1280.0 x 720.0
01:01:48.814 [JavaFX Application Thread] DEBUG PrimaryStageWindow   - Scaled ratio: (1.0, 1.0)
01:01:48.814 [JavaFX Application Thread] DEBUG PrimaryStageWindow   - Scene size: 1280.0 x 720.0
01:01:48.814 [JavaFX Application Thread] DEBUG PrimaryStageWindow   - Stage size: 1280.0 x 748.0
01:01:48.822 [FXGL Background Thread 1 ] DEBUG Engine               - Initializing environment variables
01:01:48.851 [FXGL Background Thread 1 ] DEBUG FXGLAssetLoaderServi - User app class for loading assets: class com.sunsofgod.PlatformerApp
01:01:48.852 [FXGL Background Thread 1 ] DEBUG GameApplicationServi - Applying CSS: fxgl_dark.css
01:01:48.852 [FXGL Background Thread 1 ] DEBUG FXGLAssetLoaderServi - Loading from file system: jar:file:///Users/aaron/.m2/repository/com/github/almasb/fxgl/17.2/fxgl-17.2.jar!/fxglassets/ui/css/fxgl_dark.css
01:01:48.888 [FXGL Background Thread 1 ] DEBUG GameApplicationServi - Initializing application scenes
01:01:49.008 [FXGL Background Thread 1 ] DEBUG FXGLAssetLoaderServi - Loading from file system: file:/Users/aaron/JavaFXGame/target/classes/assets/textures/player.png
01:01:49.023 [FXGL Background Thread 1 ] DEBUG GameWorld            - Game world initialized
01:01:49.055 [FXGL Background Thread 1 ] DEBUG PhysicsWorld         - Physics world initialized: appHeight=720, physics.ppm=50.0
01:01:49.055 [FXGL Background Thread 1 ] DEBUG PhysicsWorld         - Using strategy: BRUTE_FORCE
01:01:49.057 [FXGL Background Thread 1 ] DEBUG GameScene            - Game scene initialized: 1280x720
01:01:49.379 [FXGL Background Thread 1 ] DEBUG FXGL.DefaultMenu     - createMenuBodyGameMenu()
01:01:49.383 [FXGL Background Thread 1 ] DEBUG FXGL.DefaultMenu     - createOptionsMenu()
01:01:49.387 [FXGL Background Thread 1 ] DEBUG FXGLAssetLoaderServi - Loading from file system: jar:file:///Users/aaron/.m2/repository/com/github/almasb/fxgl/17.2/fxgl-17.2.jar!/fxglassets/textures/particles/smoke.png
01:01:49.421 [FXGL Background Thread 1 ] DEBUG FXGLAssetLoaderServi - Loading from file system: jar:file:///Users/aaron/.m2/repository/com/github/almasb/fxgl/17.2/fxgl-17.2.jar!/fxglassets/textures/particles/trace_horizontal.png
01:01:49.428 [FXGL Background Thread 1 ] DEBUG GameApplicationServi - Application scenes initialized
01:01:49.433 [FXGL Background Thread 1 ] DEBUG SystemBundleService  - Loading FXGL system data
01:01:49.436 [FXGL Background Thread 1 ] DEBUG FileSystemAccess     - Reading from: /Users/aaron/JavaFXGame/system/fxgl.bundle
01:01:49.440 [FXGL Background Thread 1 ] DEBUG SystemBundleService  - Bundle FXGL: {}
01:01:49.440 [FXGL Background Thread 1 ] DEBUG UpdaterService       - Checking for updates
01:01:49.456 [FXGL Background Thread 4 ] DEBUG FXGLApplication      - Loading fonts
01:01:49.456 [FXGL Background Thread 1 ] DEBUG FXGLApplication      - Loading default localization
01:01:49.457 [FXGL Background Thread 1 ] DEBUG FXGLAssetLoaderServi - Loading from file system: jar:file:///Users/aaron/.m2/repository/com/github/almasb/fxgl/17.2/fxgl-17.2.jar!/fxglassets/languages/english.lang
01:01:49.457 [FXGL Background Thread 4 ] DEBUG FXGLAssetLoaderServi - Loading from file system: jar:file:///Users/aaron/.m2/repository/com/github/almasb/fxgl/17.2/fxgl-17.2.jar!/fxglassets/ui/fonts/VarelaRound-Regular.ttf
01:01:49.467 [FXGL Background Thread 4 ] DEBUG FXGLAssetLoaderServi - Loading from file system: jar:file:///Users/aaron/.m2/repository/com/github/almasb/fxgl/17.2/fxgl-17.2.jar!/fxglassets/ui/fonts/Abel-Regular.ttf
01:01:49.470 [FXGL Background Thread 4 ] DEBUG FXGLAssetLoaderServi - Loading from file system: jar:file:///Users/aaron/.m2/repository/com/github/almasb/fxgl/17.2/fxgl-17.2.jar!/fxglassets/ui/fonts/TerminalLandMono-Regular.otf
01:01:49.471 [FXGL Background Thread 1 ] INFO  FXGLApplication      - FXGL initialization took: 0.648 sec
01:01:49.472 [JavaFX Application Thread] DEBUG FXGLAssetLoaderServi - Loading from file system: jar:file:///Users/aaron/.m2/repository/com/github/almasb/fxgl/17.2/fxgl-17.2.jar!/fxglassets/textures/fxgl_icon.png
01:01:49.473 [FXGL Background Thread 4 ] DEBUG FXGLAssetLoaderServi - Loading from file system: jar:file:///Users/aaron/.m2/repository/com/github/almasb/fxgl/17.2/fxgl-17.2.jar!/fxglassets/ui/fonts/Courier-Prime.ttf
01:01:49.483 [JavaFX Application Thread] DEBUG FXGLAssetLoaderServi - Loading from file system: jar:file:///Users/aaron/.m2/repository/com/github/almasb/fxgl/17.2/fxgl-17.2.jar!/fxglassets/textures/fxgl_default_cursor.png
01:01:49.487 [JavaFX Application Thread] DEBUG Input                - Registered new binding: Screenshot - CTRL+8
01:01:49.488 [JavaFX Application Thread] DEBUG Input                - Registered new binding: Dev Options - 1
01:01:49.488 [JavaFX Application Thread] DEBUG Input                - Registered new binding: Dev Console - 2
01:01:49.488 [JavaFX Application Thread] DEBUG Input                - Registered new binding: System info dump - CTRL+9
01:01:49.488 [JavaFX Application Thread] DEBUG Input                - Registered new binding: Restart - CTRL+R
01:01:49.488 [JavaFX Application Thread] DEBUG Input                - Registered new binding: Toggle Debug Camera - CTRL+7
01:01:49.490 [JavaFX Application Thread] DEBUG LoopRunner           - Starting loop
01:01:49.496 [JavaFX Application Thread] DEBUG LoopRunner           - Initializing JavaFX AnimationTimerLoop
01:01:49.497 [JavaFX Application Thread] DEBUG Input                - Clearing active input actions
01:01:49.500 [JavaFX Application Thread] DEBUG GameApplicationServi - Removing overlay from FXGLStartupScene and adding to FXGLMainMenuDummyScene
01:01:49.501 [JavaFX Application Thread] DEBUG PrimaryStageWindow   - FXGLStartupScene -> FXGLMainMenuDummyScene
01:01:49.501 [JavaFX Application Thread] DEBUG PrimaryStageWindow   - Push state: RiderMainMenuScene
01:01:49.501 [JavaFX Application Thread] DEBUG Input                - Clearing active input actions
01:01:49.503 [JavaFX Application Thread] DEBUG GameApplicationServi - Removing overlay from FXGLMainMenuDummyScene and adding to RiderMainMenuScene
01:01:49.504 [JavaFX Application Thread] DEBUG PrimaryStageWindow   - FXGLMainMenuDummyScene -> RiderMainMenuScene
01:01:49.507 [JavaFX Application Thread] DEBUG FXGLApplication      - Registering font factories with UI factory
01:01:49.722 [FXGL Background Thread 2 ] INFO  UpdaterService       - Your current version:  17.2
01:01:49.723 [FXGL Background Thread 2 ] INFO  UpdaterService       - Latest stable version: 21.1
01:01:50.275 [JavaFX Application Thread] DEBUG PrimaryStageWindow   - Push state: PlayerSelectScene
01:01:50.275 [JavaFX Application Thread] DEBUG Input                - Clearing active input actions
01:01:50.275 [JavaFX Application Thread] DEBUG GameApplicationServi - Removing overlay from RiderMainMenuScene and adding to PlayerSelectScene
01:01:50.276 [JavaFX Application Thread] DEBUG PrimaryStageWindow   - RiderMainMenuScene -> PlayerSelectScene
01:01:51.584 [JavaFX Application Thread] DEBUG PrimaryStageWindow   - Pop state: PlayerSelectScene
01:01:51.584 [JavaFX Application Thread] DEBUG Input                - Clearing active input actions
01:01:51.585 [JavaFX Application Thread] DEBUG GameApplicationServi - Removing overlay from PlayerSelectScene and adding to RiderMainMenuScene
01:01:51.586 [JavaFX Application Thread] DEBUG PrimaryStageWindow   - RiderMainMenuScene <- PlayerSelectScene
01:01:51.670 [JavaFX Application Thread] DEBUG PrimaryStageWindow   - Push state: WorldSelectScene
01:01:51.670 [JavaFX Application Thread] DEBUG Input                - Clearing active input actions
01:01:51.670 [JavaFX Application Thread] DEBUG GameApplicationServi - Removing overlay from RiderMainMenuScene and adding to WorldSelectScene
01:01:51.670 [JavaFX Application Thread] DEBUG PrimaryStageWindow   - RiderMainMenuScene -> WorldSelectScene
01:01:52.458 [FXGL Background Thread 3 ] DEBUG Engine               - Logging environment variables
01:01:52.458 [FXGL Background Thread 3 ] DEBUG Engine               - achievements: []
01:01:52.458 [FXGL Background Thread 3 ] DEBUG Engine               - actualHeight: 720.0
01:01:52.458 [FXGL Background Thread 3 ] DEBUG Engine               - actualHeightProperty: ReadOnlyDoubleProperty [value: 720.0]
01:01:52.459 [FXGL Background Thread 3 ] DEBUG Engine               - actualWidth: 1280.0
01:01:52.459 [FXGL Background Thread 3 ] DEBUG Engine               - actualWidthProperty: ReadOnlyDoubleProperty [value: 1280.0]
01:01:52.459 [FXGL Background Thread 3 ] DEBUG Engine               - appIcon: fxgl_icon.png
01:01:52.459 [FXGL Background Thread 3 ] DEBUG Engine               - applicationMode: DEVELOPER
01:01:52.459 [FXGL Background Thread 3 ] DEBUG Engine               - cSSList: [fxgl_dark.css]
01:01:52.459 [FXGL Background Thread 3 ] DEBUG Engine               - collisionDetectionStrategy: BRUTE_FORCE
01:01:52.459 [FXGL Background Thread 3 ] DEBUG Engine               - configClass: Optional.empty
01:01:52.459 [FXGL Background Thread 3 ] DEBUG Engine               - credits: []
01:01:52.459 [FXGL Background Thread 3 ] DEBUG Engine               - defaultCursor: CursorInfo(imageName=fxgl_default_cursor.png, hotspotX=7.0, hotspotY=6.0)
01:01:52.459 [FXGL Background Thread 3 ] DEBUG Engine               - devBBoxColorProperty: ObjectProperty [value: 0xff0000ff]
01:01:52.460 [FXGL Background Thread 3 ] DEBUG Engine               - devEnableDebugCameraProperty: BooleanProperty [value: false]
01:01:52.460 [FXGL Background Thread 3 ] DEBUG Engine               - devSensorColorProperty: ObjectProperty [value: 0xffff00ff]
01:01:52.460 [FXGL Background Thread 3 ] DEBUG Engine               - devShowBBoxProperty: BooleanProperty [value: false]
01:01:52.460 [FXGL Background Thread 3 ] DEBUG Engine               - devShowPositionProperty: BooleanProperty [value: false]
01:01:52.460 [FXGL Background Thread 3 ] DEBUG Engine               - enabledMenuItems: []
01:01:52.460 [FXGL Background Thread 3 ] DEBUG Engine               - engineServices: [class com.almasb.fxgl.app.services.FXGLAssetLoaderService, class com.almasb.fxgl.app.FXGLApplication$GameApplicationService, class com.almasb.fxgl.app.services.FXGLDialogService, class com.almasb.fxgl.app.services.IOTaskExecutorService, class com.almasb.fxgl.io.FileSystemService, class com.almasb.fxgl.localization.LocalizationService, class com.almasb.fxgl.app.services.SystemBundleService, class com.almasb.fxgl.profile.SaveLoadService, class com.almasb.fxgl.ui.FXGLUIFactoryServiceProvider, class com.almasb.fxgl.ui.FXGLDialogFactoryServiceProvider, class com.almasb.fxgl.audio.AudioPlayer, class com.almasb.fxgl.notification.impl.NotificationServiceProvider, class com.almasb.fxgl.achievement.AchievementService, class com.almasb.fxgl.cutscene.CutsceneService, class com.almasb.fxgl.minigames.MiniGameService, class com.almasb.fxgl.net.NetService, class com.almasb.fxgl.app.services.UpdaterService, class com.almasb.fxgl.dev.DevService]
01:01:52.460 [FXGL Background Thread 3 ] DEBUG Engine               - fontGame: Abel-Regular.ttf
01:01:52.460 [FXGL Background Thread 3 ] DEBUG Engine               - fontMono: TerminalLandMono-Regular.otf
01:01:52.460 [FXGL Background Thread 3 ] DEBUG Engine               - fontText: Courier-Prime.ttf
01:01:52.460 [FXGL Background Thread 3 ] DEBUG Engine               - fontUI: VarelaRound-Regular.ttf
01:01:52.460 [FXGL Background Thread 3 ] DEBUG Engine               - fullScreen: BooleanProperty [value: false]
01:01:52.461 [FXGL Background Thread 3 ] DEBUG Engine               - gameDifficulty: MEDIUM
01:01:52.461 [FXGL Background Thread 3 ] DEBUG Engine               - gameDifficultyProperty: ObjectProperty [value: MEDIUM]
01:01:52.461 [FXGL Background Thread 3 ] DEBUG Engine               - globalMusicVolume: 0.5
01:01:52.461 [FXGL Background Thread 3 ] DEBUG Engine               - globalMusicVolumeProperty: DoubleProperty [value: 0.25]
01:01:52.461 [FXGL Background Thread 3 ] DEBUG Engine               - globalSoundVolume: 0.5
01:01:52.461 [FXGL Background Thread 3 ] DEBUG Engine               - globalSoundVolumeProperty: DoubleProperty [value: 0.5]
01:01:52.461 [FXGL Background Thread 3 ] DEBUG Engine               - height: 720
01:01:52.461 [FXGL Background Thread 3 ] DEBUG Engine               - is3D: false
01:01:52.461 [FXGL Background Thread 3 ] DEBUG Engine               - isAndroid: false
01:01:52.461 [FXGL Background Thread 3 ] DEBUG Engine               - isBrowser: false
01:01:52.461 [FXGL Background Thread 3 ] DEBUG Engine               - isClickFeedbackEnabled: false
01:01:52.461 [FXGL Background Thread 3 ] DEBUG Engine               - isCloseConfirmation: false
01:01:52.461 [FXGL Background Thread 3 ] DEBUG Engine               - isDesktop: true
01:01:52.461 [FXGL Background Thread 3 ] DEBUG Engine               - isDeveloperMenuEnabled: true
01:01:52.461 [FXGL Background Thread 3 ] DEBUG Engine               - isEmbedded: false
01:01:52.461 [FXGL Background Thread 3 ] DEBUG Engine               - isEntityPreloadEnabled: true
01:01:52.462 [FXGL Background Thread 3 ] DEBUG Engine               - isExperimentalTiledLargeMap: false
01:01:52.462 [FXGL Background Thread 3 ] DEBUG Engine               - isFileSystemWriteAllowed: true
01:01:52.462 [FXGL Background Thread 3 ] DEBUG Engine               - isFullScreenAllowed: false
01:01:52.462 [FXGL Background Thread 3 ] DEBUG Engine               - isFullScreenFromStart: false
01:01:52.462 [FXGL Background Thread 3 ] DEBUG Engine               - isGameMenuEnabled: true
01:01:52.462 [FXGL Background Thread 3 ] DEBUG Engine               - isIOS: false
01:01:52.462 [FXGL Background Thread 3 ] DEBUG Engine               - isIntroEnabled: false
01:01:52.462 [FXGL Background Thread 3 ] DEBUG Engine               - isLinux: false
01:01:52.462 [FXGL Background Thread 3 ] DEBUG Engine               - isMac: true
01:01:52.462 [FXGL Background Thread 3 ] DEBUG Engine               - isMainMenuEnabled: true
01:01:52.462 [FXGL Background Thread 3 ] DEBUG Engine               - isManualResizeEnabled: false
01:01:52.462 [FXGL Background Thread 3 ] DEBUG Engine               - isMobile: false
01:01:52.462 [FXGL Background Thread 3 ] DEBUG Engine               - isNative: false
01:01:52.462 [FXGL Background Thread 3 ] DEBUG Engine               - isPauseMusicWhenMinimized: true
01:01:52.462 [FXGL Background Thread 3 ] DEBUG Engine               - isPreserveResizeRatio: false
01:01:52.462 [FXGL Background Thread 3 ] DEBUG Engine               - isProfilingEnabled: false
01:01:52.462 [FXGL Background Thread 3 ] DEBUG Engine               - isScaleAffectedOnResize: true
01:01:52.463 [FXGL Background Thread 3 ] DEBUG Engine               - isSingleStep: false
01:01:52.463 [FXGL Background Thread 3 ] DEBUG Engine               - isUserProfileEnabled: false
01:01:52.463 [FXGL Background Thread 3 ] DEBUG Engine               - isWindows: false
01:01:52.463 [FXGL Background Thread 3 ] DEBUG Engine               - language: ObjectProperty [value: ENGLISH]
01:01:52.463 [FXGL Background Thread 3 ] DEBUG Engine               - menuKey: ESCAPE
01:01:52.463 [FXGL Background Thread 3 ] DEBUG Engine               - mouseSensitivity: 0.2
01:01:52.463 [FXGL Background Thread 3 ] DEBUG Engine               - notificationViewClass: class com.almasb.fxgl.notification.view.XboxNotificationView
01:01:52.463 [FXGL Background Thread 3 ] DEBUG Engine               - pixelsPerMeter: 50.0
01:01:52.463 [FXGL Background Thread 3 ] DEBUG Engine               - platform: MAC
01:01:52.463 [FXGL Background Thread 3 ] DEBUG Engine               - prefHeightProperty: ReadOnlyDoubleProperty [value: 720.0]
01:01:52.463 [FXGL Background Thread 3 ] DEBUG Engine               - prefWidthProperty: ReadOnlyDoubleProperty [value: 1280.0]
01:01:52.463 [FXGL Background Thread 3 ] DEBUG Engine               - profileDir: profiles/
01:01:52.463 [FXGL Background Thread 3 ] DEBUG Engine               - profileName: StringProperty [value: DEFAULT]
01:01:52.463 [FXGL Background Thread 3 ] DEBUG Engine               - randomSeed: -1
01:01:52.463 [FXGL Background Thread 3 ] DEBUG Engine               - runtimeInfo: RuntimeInfo(platform=MAC, version=17.2, build=20.08.2022 16.50)
01:01:52.464 [FXGL Background Thread 3 ] DEBUG Engine               - saveFileExt: sav
01:01:52.464 [FXGL Background Thread 3 ] DEBUG Engine               - scaledHeightProp$fxgl: DoubleProperty [bound, value: 720.0]
01:01:52.464 [FXGL Background Thread 3 ] DEBUG Engine               - scaledWidthProp$fxgl: DoubleProperty [bound, value: 1280.0]
01:01:52.464 [FXGL Background Thread 3 ] DEBUG Engine               - sceneFactory: com.sunsofgod.PlatformerApp$1@2fa5e7f4
01:01:52.464 [FXGL Background Thread 3 ] DEBUG Engine               - secondsIn24h: 60
01:01:52.464 [FXGL Background Thread 3 ] DEBUG Engine               - soundMenuBack: menu/back.wav
01:01:52.464 [FXGL Background Thread 3 ] DEBUG Engine               - soundMenuPress: menu/press.wav
01:01:52.464 [FXGL Background Thread 3 ] DEBUG Engine               - soundMenuSelect: menu/select.wav
01:01:52.464 [FXGL Background Thread 3 ] DEBUG Engine               - soundNotification: core/notification.wav
01:01:52.464 [FXGL Background Thread 3 ] DEBUG Engine               - stageStyle: DECORATED
01:01:52.465 [FXGL Background Thread 3 ] DEBUG Engine               - supportedLanguages: [ENGLISH, FRENCH, GERMAN, HUNGARIAN, RUSSIAN]
01:01:52.465 [FXGL Background Thread 3 ] DEBUG Engine               - ticksPerSecond: -1
01:01:52.465 [FXGL Background Thread 3 ] DEBUG Engine               - title: Untitled
01:01:52.465 [FXGL Background Thread 3 ] DEBUG Engine               - urlGithub: https://github.com/AlmasB/FXGL
01:01:52.465 [FXGL Background Thread 3 ] DEBUG Engine               - urlLeaderboard: http://fxgl-top.herokuapp.com/
01:01:52.465 [FXGL Background Thread 3 ] DEBUG Engine               - urlPOM: https://raw.githubusercontent.com/AlmasB/FXGL/release/README.md
01:01:52.465 [FXGL Background Thread 3 ] DEBUG Engine               - userAppClass: class com.sunsofgod.PlatformerApp
01:01:52.465 [FXGL Background Thread 3 ] DEBUG Engine               - version: 0.0
01:01:52.465 [FXGL Background Thread 3 ] DEBUG Engine               - versionCheckDays: 7
01:01:52.465 [FXGL Background Thread 3 ] DEBUG Engine               - width: 1280
01:01:52.465 [FXGL Background Thread 3 ] DEBUG Engine               - Logging services
01:01:52.466 [FXGL Background Thread 3 ] DEBUG Engine               - class com.almasb.fxgl.app.services.FXGLAssetLoaderService
01:01:52.466 [FXGL Background Thread 3 ] DEBUG Engine               - class com.almasb.fxgl.app.FXGLApplication$GameApplicationService
01:01:52.466 [FXGL Background Thread 3 ] DEBUG Engine               - class com.almasb.fxgl.app.services.FXGLDialogService
01:01:52.466 [FXGL Background Thread 3 ] DEBUG Engine               - class com.almasb.fxgl.app.services.IOTaskExecutorService
01:01:52.466 [FXGL Background Thread 3 ] DEBUG Engine               - class com.almasb.fxgl.io.FileSystemService
01:01:52.466 [FXGL Background Thread 3 ] DEBUG Engine               - class com.almasb.fxgl.localization.LocalizationService
01:01:52.466 [FXGL Background Thread 3 ] DEBUG Engine               - class com.almasb.fxgl.app.services.SystemBundleService
01:01:52.466 [FXGL Background Thread 3 ] DEBUG Engine               - class com.almasb.fxgl.profile.SaveLoadService
01:01:52.466 [FXGL Background Thread 3 ] DEBUG Engine               - class com.almasb.fxgl.ui.FXGLUIFactoryServiceProvider
01:01:52.466 [FXGL Background Thread 3 ] DEBUG Engine               - class com.almasb.fxgl.ui.FXGLDialogFactoryServiceProvider
01:01:52.466 [FXGL Background Thread 3 ] DEBUG Engine               - class com.almasb.fxgl.audio.AudioPlayer
01:01:52.466 [FXGL Background Thread 3 ] DEBUG Engine               - class com.almasb.fxgl.notification.impl.NotificationServiceProvider
01:01:52.466 [FXGL Background Thread 3 ] DEBUG Engine               - class com.almasb.fxgl.achievement.AchievementService
01:01:52.466 [FXGL Background Thread 3 ] DEBUG Engine               - class com.almasb.fxgl.cutscene.CutsceneService
01:01:52.466 [FXGL Background Thread 3 ] DEBUG Engine               - class com.almasb.fxgl.minigames.MiniGameService
01:01:52.467 [FXGL Background Thread 3 ] DEBUG Engine               - class com.almasb.fxgl.net.NetService
01:01:52.467 [FXGL Background Thread 3 ] DEBUG Engine               - class com.almasb.fxgl.app.services.UpdaterService
01:01:52.467 [FXGL Background Thread 3 ] DEBUG Engine               - class com.almasb.fxgl.dev.DevService
01:01:52.567 [JavaFX Application Thread] DEBUG PrimaryStageWindow   - Pop state: WorldSelectScene
01:01:52.567 [JavaFX Application Thread] DEBUG Input                - Clearing active input actions
01:01:52.567 [JavaFX Application Thread] DEBUG GameApplicationServi - Removing overlay from WorldSelectScene and adding to RiderMainMenuScene
01:01:52.568 [JavaFX Application Thread] DEBUG PrimaryStageWindow   - RiderMainMenuScene <- WorldSelectScene
01:01:52.651 [JavaFX Application Thread] DEBUG PrimaryStageWindow   - Push state: LevelSelectScene
01:01:52.651 [JavaFX Application Thread] DEBUG Input                - Clearing active input actions
01:01:52.651 [JavaFX Application Thread] DEBUG GameApplicationServi - Removing overlay from RiderMainMenuScene and adding to LevelSelectScene
01:01:52.652 [JavaFX Application Thread] DEBUG PrimaryStageWindow   - RiderMainMenuScene -> LevelSelectScene
01:01:53.121 [JavaFX Application Thread] DEBUG Menu                 - fireNewGame()
01:01:53.121 [JavaFX Application Thread] DEBUG GameApplicationServi - Starting new game
01:01:53.121 [JavaFX Application Thread] DEBUG PrimaryStageWindow   - Pop state: LevelSelectScene
01:01:53.121 [JavaFX Application Thread] DEBUG Input                - Clearing active input actions
01:01:53.122 [JavaFX Application Thread] DEBUG GameApplicationServi - Removing overlay from LevelSelectScene and adding to RiderMainMenuScene
01:01:53.122 [JavaFX Application Thread] DEBUG PrimaryStageWindow   - RiderMainMenuScene <- LevelSelectScene
01:01:53.122 [JavaFX Application Thread] DEBUG PrimaryStageWindow   - Pop state: RiderMainMenuScene
01:01:53.122 [JavaFX Application Thread] DEBUG Input                - Clearing active input actions
01:01:53.122 [JavaFX Application Thread] DEBUG GameApplicationServi - Removing overlay from RiderMainMenuScene and adding to FXGLMainMenuDummyScene
01:01:53.123 [JavaFX Application Thread] DEBUG PrimaryStageWindow   - FXGLMainMenuDummyScene <- RiderMainMenuScene
01:01:53.123 [JavaFX Application Thread] DEBUG Input                - Clearing active input actions
01:01:53.125 [JavaFX Application Thread] DEBUG GameApplicationServi - Removing overlay from FXGLMainMenuDummyScene and adding to MainLoadingScene
01:01:53.128 [JavaFX Application Thread] DEBUG PrimaryStageWindow   - FXGLMainMenuDummyScene -> MainLoadingScene
01:01:53.128 [JavaFX Application Thread] DEBUG GameApplicationServi - Clearing previous game
01:01:53.128 [JavaFX Application Thread] DEBUG GameScene            - Clearing game scene
01:01:53.128 [JavaFX Application Thread] DEBUG GameWorld            - Clearing game world
01:01:53.128 [JavaFX Application Thread] DEBUG PhysicsWorld         - Clearing physics world
01:01:53.129 [FXGL Background Thread 2 ] DEBUG FXGLApplication      - Initializing game
01:01:53.155 [FXGL Background Thread 2 ] WARN  TMXLevelLoader       - TiledMap generated from 1.2.3. Supported version: 1.9.0. Some features may not be parsed fully.
01:01:53.159 [FXGL Background Thread 2 ] DEBUG TMXLevelLoader       - Parsed TiledMap: file:/Users/aaron/JavaFXGame/target/classes/assets/levels/tmx/level4.tmx
01:01:53.160 [FXGL Background Thread 2 ] DEBUG TMXLevelLoader       - Creating tile layer entities
01:01:53.161 [FXGL Background Thread 2 ] DEBUG TilesetLoader        - Loading view for layer Tile Layer 1
01:01:53.164 [FXGL Background Thread 2 ] DEBUG TilesetLoader        - Created buffer with size 1050.0x700.0
01:01:53.188 [FXGL Background Thread 2 ] DEBUG TMXLevelLoader       - Creating object layer entities
01:01:53.199 [FXGL Background Thread 2 ] DEBUG FXGLAssetLoaderServi - Loading from file system: file:/Users/aaron/JavaFXGame/target/classes/assets/textures/button.png
01:01:53.203 [FXGL Background Thread 2 ] DEBUG GameWorld            - Clearing removable entities
01:01:53.203 [FXGL Background Thread 2 ] DEBUG GameWorld            - Setting level: com.almasb.fxgl.entity.level.Level@35197805
01:01:53.219 [FXGL Background Thread 2 ] DEBUG Input                - Registered new binding: Jump0 - W
01:01:53.220 [FXGL Background Thread 2 ] DEBUG Input                - Registered new binding: Left0 - A
01:01:53.220 [FXGL Background Thread 2 ] DEBUG Input                - Registered new binding: Right0 - D
01:01:53.220 [FXGL Background Thread 2 ] DEBUG Input                - Registered new binding: Use0 - E
01:01:53.221 [FXGL Background Thread 2 ] DEBUG FXGLAssetLoaderServi - Loading from file system: file:/Users/aaron/JavaFXGame/target/classes/assets/textures/background/manila.png
01:01:53.230 [FXGL Background Thread 2 ] INFO  FXGLApplication      - Game initialization took: 0.101 sec
01:01:53.230 [JavaFX Application Thread] DEBUG Input                - Clearing active input actions
01:01:53.233 [JavaFX Application Thread] DEBUG GameApplicationServi - Removing overlay from MainLoadingScene and adding to GameScene
01:01:53.233 [JavaFX Application Thread] DEBUG PrimaryStageWindow   - MainLoadingScene -> GameScene
01:09:07.284 [JavaFX Application Thread] DEBUG FXGLApplication      - Exiting FXGL
01:09:07.290 [JavaFX Application Thread] DEBUG LoopRunner           - Stopping loop
01:09:07.291 [JavaFX Application Thread] DEBUG SystemBundleService  - Saving FXGL system data
01:09:07.316 [JavaFX Application Thread] DEBUG FileSystemAccess     - Writing to: /Users/aaron/JavaFXGame/system/fxgl.bundle
01:09:07.322 [JavaFX Application Thread] DEBUG Async                - Shutting down background threads
01:09:07.322 [JavaFX Application Thread] DEBUG PrimaryStageWindow   - Closing main window
01:09:07.342 [JavaFX Application Thread] DEBUG Logger               - Closing Logger
