16:12:03.957 [main                     ] DEBUG Logger               - Configured Logger
16:12:03.976 [main                     ] DEBUG GameApplication      - Logging settings
Title: Untitled
Version: 0.0
Width: 1280
Height: 720
Fullscreen: false
Intro: false
Profiling: false
Single step:false
App Mode: DEVELOPER
Menu Key: ESCAPE
Stage Style: DECORATED
Scene Factory: class com.sunsofgod.PlatformerApp$1

16:12:04.254 [JavaFX Application Thread] DEBUG FXGLApplication      - Initializing FXGL
16:12:04.257 [JavaFX Application Thread] INFO  Engine               - FXGL-17.2 (20.08.2022 16.50) on WINDOWS (J:21.0.4 FX:17.0.12)
16:12:04.258 [JavaFX Application Thread] DEBUG Engine               - JRE Vendor Name: Eclipse Adoptium
16:12:04.258 [JavaFX Application Thread] DEBUG Engine               - Running on OS: Windows 11 version 10.0
16:12:04.258 [JavaFX Application Thread] DEBUG Engine               - Architecture: amd64
16:12:04.258 [JavaFX Application Thread] INFO  Engine               - Source code and latest versions at: https://github.com/AlmasB/FXGL
16:12:04.258 [JavaFX Application Thread] INFO  Engine               -       Ask questions and discuss at: https://github.com/AlmasB/FXGL/discussions
16:12:04.258 [JavaFX Application Thread] INFO  Engine               -              Join the FXGL chat at: https://gitter.im/AlmasB/FXGL
16:12:04.312 [JavaFX Application Thread] DEBUG PrimaryStageWindow   - Creating a JavaFX scene
16:12:04.342 [JavaFX Application Thread] DEBUG PrimaryStageWindow   - Target settings size: 1280.0 x 720.0
16:12:04.342 [JavaFX Application Thread] DEBUG PrimaryStageWindow   - Scaled scene size:    1280.0 x 720.0
16:12:04.342 [JavaFX Application Thread] DEBUG PrimaryStageWindow   - Scaled ratio: (1.0, 1.0)
16:12:04.343 [JavaFX Application Thread] DEBUG PrimaryStageWindow   - Set initial scene to FXGLStartupScene
16:12:04.347 [JavaFX Application Thread] DEBUG PrimaryStageWindow   - Opening main window
16:12:04.398 [JavaFX Application Thread] DEBUG PrimaryStageWindow   - Window border size: (16.0, 39.0)
16:12:04.398 [JavaFX Application Thread] DEBUG PrimaryStageWindow   - Scaled size: 1280.0 x 720.0
16:12:04.399 [JavaFX Application Thread] DEBUG PrimaryStageWindow   - Scaled ratio: (1.0, 1.0)
16:12:04.399 [JavaFX Application Thread] DEBUG PrimaryStageWindow   - Scene size: 1280.0 x 720.0
16:12:04.399 [JavaFX Application Thread] DEBUG PrimaryStageWindow   - Stage size: 1296.0 x 759.0
16:12:04.403 [FXGL Background Thread 1 ] DEBUG Engine               - Initializing environment variables
16:12:04.432 [FXGL Background Thread 1 ] DEBUG FXGLAssetLoaderServi - User app class for loading assets: class com.sunsofgod.PlatformerApp
16:12:04.432 [FXGL Background Thread 1 ] DEBUG GameApplicationServi - Applying CSS: fxgl_dark.css
16:12:04.433 [FXGL Background Thread 1 ] DEBUG FXGLAssetLoaderServi - Loading from file system: jar:file:///C:/Users/Balong/.m2/repository/com/github/almasb/fxgl/17.2/fxgl-17.2.jar!/fxglassets/ui/css/fxgl_dark.css
16:12:04.465 [FXGL Background Thread 1 ] DEBUG GameApplicationServi - Initializing application scenes
16:12:04.495 [FXGL Background Thread 1 ] DEBUG FXGLAssetLoaderServi - Loading from file system: file:/C:/Users/Balong/Desktop/JavaFXGame-1/target/classes/assets/textures/player.png
16:12:04.510 [FXGL Background Thread 1 ] DEBUG GameWorld            - Game world initialized
16:12:04.548 [FXGL Background Thread 1 ] DEBUG PhysicsWorld         - Physics world initialized: appHeight=720, physics.ppm=50.0
16:12:04.548 [FXGL Background Thread 1 ] DEBUG PhysicsWorld         - Using strategy: BRUTE_FORCE
16:12:04.550 [FXGL Background Thread 1 ] DEBUG GameScene            - Game scene initialized: 1280x720
16:12:04.730 [FXGL Background Thread 1 ] DEBUG FXGL.DefaultMenu     - createMenuBodyGameMenu()
16:12:04.736 [FXGL Background Thread 1 ] DEBUG FXGL.DefaultMenu     - createOptionsMenu()
16:12:04.741 [FXGL Background Thread 1 ] DEBUG FXGLAssetLoaderServi - Loading from file system: jar:file:///C:/Users/Balong/.m2/repository/com/github/almasb/fxgl/17.2/fxgl-17.2.jar!/fxglassets/textures/particles/smoke.png
16:12:04.783 [FXGL Background Thread 1 ] DEBUG FXGLAssetLoaderServi - Loading from file system: jar:file:///C:/Users/Balong/.m2/repository/com/github/almasb/fxgl/17.2/fxgl-17.2.jar!/fxglassets/textures/particles/trace_horizontal.png
16:12:04.793 [FXGL Background Thread 1 ] DEBUG GameApplicationServi - Application scenes initialized
16:12:04.801 [FXGL Background Thread 1 ] DEBUG SystemBundleService  - Loading FXGL system data
16:12:04.804 [FXGL Background Thread 1 ] DEBUG FileSystemAccess     - Reading from: C:\Users\Balong\Desktop\JavaFXGame-1\system\fxgl.bundle
16:12:04.811 [FXGL Background Thread 1 ] DEBUG SystemBundleService  - Bundle FXGL: {}
16:12:04.811 [FXGL Background Thread 1 ] DEBUG UpdaterService       - Checking for updates
16:12:04.826 [FXGL Background Thread 4 ] DEBUG FXGLApplication      - Loading fonts
16:12:04.826 [FXGL Background Thread 4 ] DEBUG FXGLAssetLoaderServi - Loading from file system: jar:file:///C:/Users/Balong/.m2/repository/com/github/almasb/fxgl/17.2/fxgl-17.2.jar!/fxglassets/ui/fonts/VarelaRound-Regular.ttf
16:12:04.826 [FXGL Background Thread 1 ] DEBUG FXGLApplication      - Loading default localization
16:12:04.827 [FXGL Background Thread 1 ] DEBUG FXGLAssetLoaderServi - Loading from file system: jar:file:///C:/Users/Balong/.m2/repository/com/github/almasb/fxgl/17.2/fxgl-17.2.jar!/fxglassets/languages/english.lang
16:12:04.839 [FXGL Background Thread 1 ] INFO  FXGLApplication      - FXGL initialization took: 0.436 sec
16:12:04.840 [JavaFX Application Thread] DEBUG FXGLAssetLoaderServi - Loading from file system: jar:file:///C:/Users/Balong/.m2/repository/com/github/almasb/fxgl/17.2/fxgl-17.2.jar!/fxglassets/textures/fxgl_icon.png
16:12:04.852 [JavaFX Application Thread] DEBUG FXGLAssetLoaderServi - Loading from file system: jar:file:///C:/Users/Balong/.m2/repository/com/github/almasb/fxgl/17.2/fxgl-17.2.jar!/fxglassets/textures/fxgl_default_cursor.png
16:12:04.856 [FXGL Background Thread 4 ] DEBUG FXGLAssetLoaderServi - Loading from file system: jar:file:///C:/Users/Balong/.m2/repository/com/github/almasb/fxgl/17.2/fxgl-17.2.jar!/fxglassets/ui/fonts/Abel-Regular.ttf
16:12:04.858 [JavaFX Application Thread] DEBUG Input                - Registered new binding: Screenshot - CTRL+8
16:12:04.859 [JavaFX Application Thread] DEBUG Input                - Registered new binding: Dev Options - 1
16:12:04.859 [JavaFX Application Thread] DEBUG Input                - Registered new binding: Dev Console - 2
16:12:04.859 [JavaFX Application Thread] DEBUG Input                - Registered new binding: System info dump - CTRL+9
16:12:04.859 [JavaFX Application Thread] DEBUG Input                - Registered new binding: Restart - CTRL+R
16:12:04.860 [JavaFX Application Thread] DEBUG Input                - Registered new binding: Toggle Debug Camera - CTRL+7
16:12:04.861 [JavaFX Application Thread] DEBUG LoopRunner           - Starting loop
16:12:04.863 [FXGL Background Thread 4 ] DEBUG FXGLAssetLoaderServi - Loading from file system: jar:file:///C:/Users/Balong/.m2/repository/com/github/almasb/fxgl/17.2/fxgl-17.2.jar!/fxglassets/ui/fonts/TerminalLandMono-Regular.otf
16:12:04.870 [JavaFX Application Thread] DEBUG LoopRunner           - Initializing JavaFX AnimationTimerLoop
16:12:04.872 [JavaFX Application Thread] DEBUG Input                - Clearing active input actions
16:12:04.878 [FXGL Background Thread 4 ] DEBUG FXGLAssetLoaderServi - Loading from file system: jar:file:///C:/Users/Balong/.m2/repository/com/github/almasb/fxgl/17.2/fxgl-17.2.jar!/fxglassets/ui/fonts/Courier-Prime.ttf
16:12:04.880 [JavaFX Application Thread] DEBUG GameApplicationServi - Removing overlay from FXGLStartupScene and adding to FXGLMainMenuDummyScene
16:12:04.883 [JavaFX Application Thread] DEBUG PrimaryStageWindow   - FXGLStartupScene -> FXGLMainMenuDummyScene
16:12:04.883 [JavaFX Application Thread] DEBUG PrimaryStageWindow   - Push state: RiderMainMenuScene
16:12:04.883 [JavaFX Application Thread] DEBUG Input                - Clearing active input actions
16:12:04.887 [JavaFX Application Thread] DEBUG GameApplicationServi - Removing overlay from FXGLMainMenuDummyScene and adding to RiderMainMenuScene
16:12:04.887 [JavaFX Application Thread] DEBUG PrimaryStageWindow   - FXGLMainMenuDummyScene -> RiderMainMenuScene
16:12:05.005 [JavaFX Application Thread] DEBUG FXGLApplication      - Registering font factories with UI factory
16:12:05.429 [FXGL Background Thread 2 ] INFO  UpdaterService       - Your current version:  17.2
16:12:05.429 [FXGL Background Thread 2 ] INFO  UpdaterService       - Latest stable version: 21.1
16:12:05.583 [JavaFX Application Thread] DEBUG PrimaryStageWindow   - Push state: PlayerSelectScene
16:12:05.584 [JavaFX Application Thread] DEBUG Input                - Clearing active input actions
16:12:05.584 [JavaFX Application Thread] DEBUG GameApplicationServi - Removing overlay from RiderMainMenuScene and adding to PlayerSelectScene
16:12:05.585 [JavaFX Application Thread] DEBUG PrimaryStageWindow   - RiderMainMenuScene -> PlayerSelectScene
16:12:07.826 [FXGL Background Thread 3 ] DEBUG Engine               - Logging environment variables
16:12:07.826 [FXGL Background Thread 3 ] DEBUG Engine               - achievements: []
16:12:07.826 [FXGL Background Thread 3 ] DEBUG Engine               - actualHeight: 720.0
16:12:07.826 [FXGL Background Thread 3 ] DEBUG Engine               - actualHeightProperty: ReadOnlyDoubleProperty [value: 720.0]
16:12:07.826 [FXGL Background Thread 3 ] DEBUG Engine               - actualWidth: 1280.0
16:12:07.826 [FXGL Background Thread 3 ] DEBUG Engine               - actualWidthProperty: ReadOnlyDoubleProperty [value: 1280.0]
16:12:07.826 [FXGL Background Thread 3 ] DEBUG Engine               - appIcon: fxgl_icon.png
16:12:07.826 [FXGL Background Thread 3 ] DEBUG Engine               - applicationMode: DEVELOPER
16:12:07.827 [FXGL Background Thread 3 ] DEBUG Engine               - cSSList: [fxgl_dark.css]
16:12:07.827 [FXGL Background Thread 3 ] DEBUG Engine               - collisionDetectionStrategy: BRUTE_FORCE
16:12:07.827 [FXGL Background Thread 3 ] DEBUG Engine               - configClass: Optional.empty
16:12:07.827 [FXGL Background Thread 3 ] DEBUG Engine               - credits: []
16:12:07.827 [FXGL Background Thread 3 ] DEBUG Engine               - defaultCursor: CursorInfo(imageName=fxgl_default_cursor.png, hotspotX=7.0, hotspotY=6.0)
16:12:07.827 [FXGL Background Thread 3 ] DEBUG Engine               - devBBoxColorProperty: ObjectProperty [value: 0xff0000ff]
16:12:07.827 [FXGL Background Thread 3 ] DEBUG Engine               - devEnableDebugCameraProperty: BooleanProperty [value: false]
16:12:07.827 [FXGL Background Thread 3 ] DEBUG Engine               - devSensorColorProperty: ObjectProperty [value: 0xffff00ff]
16:12:07.827 [FXGL Background Thread 3 ] DEBUG Engine               - devShowBBoxProperty: BooleanProperty [value: false]
16:12:07.827 [FXGL Background Thread 3 ] DEBUG Engine               - devShowPositionProperty: BooleanProperty [value: false]
16:12:07.827 [FXGL Background Thread 3 ] DEBUG Engine               - enabledMenuItems: []
16:12:07.827 [FXGL Background Thread 3 ] DEBUG Engine               - engineServices: [class com.almasb.fxgl.app.services.FXGLAssetLoaderService, class com.almasb.fxgl.app.FXGLApplication$GameApplicationService, class com.almasb.fxgl.app.services.FXGLDialogService, class com.almasb.fxgl.app.services.IOTaskExecutorService, class com.almasb.fxgl.io.FileSystemService, class com.almasb.fxgl.localization.LocalizationService, class com.almasb.fxgl.app.services.SystemBundleService, class com.almasb.fxgl.profile.SaveLoadService, class com.almasb.fxgl.ui.FXGLUIFactoryServiceProvider, class com.almasb.fxgl.ui.FXGLDialogFactoryServiceProvider, class com.almasb.fxgl.audio.AudioPlayer, class com.almasb.fxgl.notification.impl.NotificationServiceProvider, class com.almasb.fxgl.achievement.AchievementService, class com.almasb.fxgl.cutscene.CutsceneService, class com.almasb.fxgl.minigames.MiniGameService, class com.almasb.fxgl.net.NetService, class com.almasb.fxgl.app.services.UpdaterService, class com.almasb.fxgl.dev.DevService]
16:12:07.827 [FXGL Background Thread 3 ] DEBUG Engine               - fontGame: Abel-Regular.ttf
16:12:07.827 [FXGL Background Thread 3 ] DEBUG Engine               - fontMono: TerminalLandMono-Regular.otf
16:12:07.827 [FXGL Background Thread 3 ] DEBUG Engine               - fontText: Courier-Prime.ttf
16:12:07.827 [FXGL Background Thread 3 ] DEBUG Engine               - fontUI: VarelaRound-Regular.ttf
16:12:07.827 [FXGL Background Thread 3 ] DEBUG Engine               - fullScreen: BooleanProperty [value: false]
16:12:07.828 [FXGL Background Thread 3 ] DEBUG Engine               - gameDifficulty: MEDIUM
16:12:07.828 [FXGL Background Thread 3 ] DEBUG Engine               - gameDifficultyProperty: ObjectProperty [value: MEDIUM]
16:12:07.828 [FXGL Background Thread 3 ] DEBUG Engine               - globalMusicVolume: 0.5
16:12:07.828 [FXGL Background Thread 3 ] DEBUG Engine               - globalMusicVolumeProperty: DoubleProperty [value: 0.25]
16:12:07.828 [FXGL Background Thread 3 ] DEBUG Engine               - globalSoundVolume: 0.5
16:12:07.828 [FXGL Background Thread 3 ] DEBUG Engine               - globalSoundVolumeProperty: DoubleProperty [value: 0.5]
16:12:07.828 [FXGL Background Thread 3 ] DEBUG Engine               - height: 720
16:12:07.828 [FXGL Background Thread 3 ] DEBUG Engine               - is3D: false
16:12:07.828 [FXGL Background Thread 3 ] DEBUG Engine               - isAndroid: false
16:12:07.828 [FXGL Background Thread 3 ] DEBUG Engine               - isBrowser: false
16:12:07.828 [FXGL Background Thread 3 ] DEBUG Engine               - isClickFeedbackEnabled: false
16:12:07.828 [FXGL Background Thread 3 ] DEBUG Engine               - isCloseConfirmation: false
16:12:07.828 [FXGL Background Thread 3 ] DEBUG Engine               - isDesktop: true
16:12:07.828 [FXGL Background Thread 3 ] DEBUG Engine               - isDeveloperMenuEnabled: true
16:12:07.828 [FXGL Background Thread 3 ] DEBUG Engine               - isEmbedded: false
16:12:07.828 [FXGL Background Thread 3 ] DEBUG Engine               - isEntityPreloadEnabled: true
16:12:07.828 [FXGL Background Thread 3 ] DEBUG Engine               - isExperimentalTiledLargeMap: false
16:12:07.828 [FXGL Background Thread 3 ] DEBUG Engine               - isFileSystemWriteAllowed: true
16:12:07.828 [FXGL Background Thread 3 ] DEBUG Engine               - isFullScreenAllowed: false
16:12:07.828 [FXGL Background Thread 3 ] DEBUG Engine               - isFullScreenFromStart: false
16:12:07.828 [FXGL Background Thread 3 ] DEBUG Engine               - isGameMenuEnabled: true
16:12:07.829 [FXGL Background Thread 3 ] DEBUG Engine               - isIOS: false
16:12:07.829 [FXGL Background Thread 3 ] DEBUG Engine               - isIntroEnabled: false
16:12:07.829 [FXGL Background Thread 3 ] DEBUG Engine               - isLinux: false
16:12:07.829 [FXGL Background Thread 3 ] DEBUG Engine               - isMac: false
16:12:07.829 [FXGL Background Thread 3 ] DEBUG Engine               - isMainMenuEnabled: true
16:12:07.829 [FXGL Background Thread 3 ] DEBUG Engine               - isManualResizeEnabled: false
16:12:07.829 [FXGL Background Thread 3 ] DEBUG Engine               - isMobile: false
16:12:07.829 [FXGL Background Thread 3 ] DEBUG Engine               - isNative: false
16:12:07.829 [FXGL Background Thread 3 ] DEBUG Engine               - isPauseMusicWhenMinimized: true
16:12:07.829 [FXGL Background Thread 3 ] DEBUG Engine               - isPreserveResizeRatio: false
16:12:07.829 [FXGL Background Thread 3 ] DEBUG Engine               - isProfilingEnabled: false
16:12:07.829 [FXGL Background Thread 3 ] DEBUG Engine               - isScaleAffectedOnResize: true
16:12:07.829 [FXGL Background Thread 3 ] DEBUG Engine               - isSingleStep: false
16:12:07.829 [FXGL Background Thread 3 ] DEBUG Engine               - isUserProfileEnabled: false
16:12:07.829 [FXGL Background Thread 3 ] DEBUG Engine               - isWindows: true
16:12:07.829 [FXGL Background Thread 3 ] DEBUG Engine               - language: ObjectProperty [value: ENGLISH]
16:12:07.829 [FXGL Background Thread 3 ] DEBUG Engine               - menuKey: ESCAPE
16:12:07.829 [FXGL Background Thread 3 ] DEBUG Engine               - mouseSensitivity: 0.2
16:12:07.829 [FXGL Background Thread 3 ] DEBUG Engine               - notificationViewClass: class com.almasb.fxgl.notification.view.XboxNotificationView
16:12:07.829 [FXGL Background Thread 3 ] DEBUG Engine               - pixelsPerMeter: 50.0
16:12:07.829 [FXGL Background Thread 3 ] DEBUG Engine               - platform: WINDOWS
16:12:07.829 [FXGL Background Thread 3 ] DEBUG Engine               - prefHeightProperty: ReadOnlyDoubleProperty [value: 720.0]
16:12:07.829 [FXGL Background Thread 3 ] DEBUG Engine               - prefWidthProperty: ReadOnlyDoubleProperty [value: 1280.0]
16:12:07.829 [FXGL Background Thread 3 ] DEBUG Engine               - profileDir: profiles/
16:12:07.829 [FXGL Background Thread 3 ] DEBUG Engine               - profileName: StringProperty [value: DEFAULT]
16:12:07.829 [FXGL Background Thread 3 ] DEBUG Engine               - randomSeed: -1
16:12:07.830 [FXGL Background Thread 3 ] DEBUG Engine               - runtimeInfo: RuntimeInfo(platform=WINDOWS, version=17.2, build=20.08.2022 16.50)
16:12:07.830 [FXGL Background Thread 3 ] DEBUG Engine               - saveFileExt: sav
16:12:07.830 [FXGL Background Thread 3 ] DEBUG Engine               - scaledHeightProp$fxgl: DoubleProperty [bound, value: 720.0]
16:12:07.830 [FXGL Background Thread 3 ] DEBUG Engine               - scaledWidthProp$fxgl: DoubleProperty [bound, value: 1280.0]
16:12:07.830 [FXGL Background Thread 3 ] DEBUG Engine               - sceneFactory: com.sunsofgod.PlatformerApp$1@3f564fc8
16:12:07.830 [FXGL Background Thread 3 ] DEBUG Engine               - secondsIn24h: 60
16:12:07.830 [FXGL Background Thread 3 ] DEBUG Engine               - soundMenuBack: menu/back.wav
16:12:07.830 [FXGL Background Thread 3 ] DEBUG Engine               - soundMenuPress: menu/press.wav
16:12:07.830 [FXGL Background Thread 3 ] DEBUG Engine               - soundMenuSelect: menu/select.wav
16:12:07.830 [FXGL Background Thread 3 ] DEBUG Engine               - soundNotification: core/notification.wav
16:12:07.830 [FXGL Background Thread 3 ] DEBUG Engine               - stageStyle: DECORATED
16:12:07.830 [FXGL Background Thread 3 ] DEBUG Engine               - supportedLanguages: [ENGLISH, FRENCH, GERMAN, HUNGARIAN, RUSSIAN]
16:12:07.830 [FXGL Background Thread 3 ] DEBUG Engine               - ticksPerSecond: -1
16:12:07.830 [FXGL Background Thread 3 ] DEBUG Engine               - title: Untitled
16:12:07.830 [FXGL Background Thread 3 ] DEBUG Engine               - urlGithub: https://github.com/AlmasB/FXGL
16:12:07.830 [FXGL Background Thread 3 ] DEBUG Engine               - urlLeaderboard: http://fxgl-top.herokuapp.com/
16:12:07.830 [FXGL Background Thread 3 ] DEBUG Engine               - urlPOM: https://raw.githubusercontent.com/AlmasB/FXGL/release/README.md
16:12:07.830 [FXGL Background Thread 3 ] DEBUG Engine               - userAppClass: class com.sunsofgod.PlatformerApp
16:12:07.830 [FXGL Background Thread 3 ] DEBUG Engine               - version: 0.0
16:12:07.830 [FXGL Background Thread 3 ] DEBUG Engine               - versionCheckDays: 7
16:12:07.830 [FXGL Background Thread 3 ] DEBUG Engine               - width: 1280
16:12:07.830 [FXGL Background Thread 3 ] DEBUG Engine               - Logging services
16:12:07.830 [FXGL Background Thread 3 ] DEBUG Engine               - class com.almasb.fxgl.app.services.FXGLAssetLoaderService
16:12:07.830 [FXGL Background Thread 3 ] DEBUG Engine               - class com.almasb.fxgl.app.FXGLApplication$GameApplicationService
16:12:07.831 [FXGL Background Thread 3 ] DEBUG Engine               - class com.almasb.fxgl.app.services.FXGLDialogService
16:12:07.831 [FXGL Background Thread 3 ] DEBUG Engine               - class com.almasb.fxgl.app.services.IOTaskExecutorService
16:12:07.831 [FXGL Background Thread 3 ] DEBUG Engine               - class com.almasb.fxgl.io.FileSystemService
16:12:07.831 [FXGL Background Thread 3 ] DEBUG Engine               - class com.almasb.fxgl.localization.LocalizationService
16:12:07.831 [FXGL Background Thread 3 ] DEBUG Engine               - class com.almasb.fxgl.app.services.SystemBundleService
16:12:07.831 [FXGL Background Thread 3 ] DEBUG Engine               - class com.almasb.fxgl.profile.SaveLoadService
16:12:07.831 [FXGL Background Thread 3 ] DEBUG Engine               - class com.almasb.fxgl.ui.FXGLUIFactoryServiceProvider
16:12:07.831 [FXGL Background Thread 3 ] DEBUG Engine               - class com.almasb.fxgl.ui.FXGLDialogFactoryServiceProvider
16:12:07.831 [FXGL Background Thread 3 ] DEBUG Engine               - class com.almasb.fxgl.audio.AudioPlayer
16:12:07.831 [FXGL Background Thread 3 ] DEBUG Engine               - class com.almasb.fxgl.notification.impl.NotificationServiceProvider
16:12:07.831 [FXGL Background Thread 3 ] DEBUG Engine               - class com.almasb.fxgl.achievement.AchievementService
16:12:07.831 [FXGL Background Thread 3 ] DEBUG Engine               - class com.almasb.fxgl.cutscene.CutsceneService
16:12:07.831 [FXGL Background Thread 3 ] DEBUG Engine               - class com.almasb.fxgl.minigames.MiniGameService
16:12:07.831 [FXGL Background Thread 3 ] DEBUG Engine               - class com.almasb.fxgl.net.NetService
16:12:07.831 [FXGL Background Thread 3 ] DEBUG Engine               - class com.almasb.fxgl.app.services.UpdaterService
16:12:07.831 [FXGL Background Thread 3 ] DEBUG Engine               - class com.almasb.fxgl.dev.DevService
16:12:10.965 [JavaFX Application Thread] DEBUG PrimaryStageWindow   - Pop state: PlayerSelectScene
16:12:10.965 [JavaFX Application Thread] DEBUG Input                - Clearing active input actions
16:12:10.965 [JavaFX Application Thread] DEBUG GameApplicationServi - Removing overlay from PlayerSelectScene and adding to RiderMainMenuScene
16:12:10.967 [JavaFX Application Thread] DEBUG PrimaryStageWindow   - RiderMainMenuScene <- PlayerSelectScene
16:12:11.627 [JavaFX Application Thread] DEBUG PrimaryStageWindow   - Push state: PlayerSelectScene
16:12:11.627 [JavaFX Application Thread] DEBUG Input                - Clearing active input actions
16:12:11.628 [JavaFX Application Thread] DEBUG GameApplicationServi - Removing overlay from RiderMainMenuScene and adding to PlayerSelectScene
16:12:11.629 [JavaFX Application Thread] DEBUG PrimaryStageWindow   - RiderMainMenuScene -> PlayerSelectScene
16:12:17.690 [JavaFX Application Thread] DEBUG PrimaryStageWindow   - Pop state: PlayerSelectScene
16:12:17.690 [JavaFX Application Thread] DEBUG Input                - Clearing active input actions
16:12:17.691 [JavaFX Application Thread] DEBUG GameApplicationServi - Removing overlay from PlayerSelectScene and adding to RiderMainMenuScene
16:12:17.691 [JavaFX Application Thread] DEBUG PrimaryStageWindow   - RiderMainMenuScene <- PlayerSelectScene
16:12:18.403 [JavaFX Application Thread] DEBUG PrimaryStageWindow   - Push state: PlayerSelectScene
16:12:18.403 [JavaFX Application Thread] DEBUG Input                - Clearing active input actions
16:12:18.404 [JavaFX Application Thread] DEBUG GameApplicationServi - Removing overlay from RiderMainMenuScene and adding to PlayerSelectScene
16:12:18.404 [JavaFX Application Thread] DEBUG PrimaryStageWindow   - RiderMainMenuScene -> PlayerSelectScene
16:12:20.744 [JavaFX Application Thread] DEBUG PrimaryStageWindow   - Pop state: PlayerSelectScene
16:12:20.744 [JavaFX Application Thread] DEBUG Input                - Clearing active input actions
16:12:20.745 [JavaFX Application Thread] DEBUG GameApplicationServi - Removing overlay from PlayerSelectScene and adding to RiderMainMenuScene
16:12:20.746 [JavaFX Application Thread] DEBUG PrimaryStageWindow   - RiderMainMenuScene <- PlayerSelectScene
16:12:21.384 [JavaFX Application Thread] DEBUG PrimaryStageWindow   - Push state: PlayerSelectScene
16:12:21.384 [JavaFX Application Thread] DEBUG Input                - Clearing active input actions
16:12:21.384 [JavaFX Application Thread] DEBUG GameApplicationServi - Removing overlay from RiderMainMenuScene and adding to PlayerSelectScene
16:12:21.384 [JavaFX Application Thread] DEBUG PrimaryStageWindow   - RiderMainMenuScene -> PlayerSelectScene
16:12:30.319 [JavaFX Application Thread] DEBUG PrimaryStageWindow   - Pop state: PlayerSelectScene
16:12:30.319 [JavaFX Application Thread] DEBUG Input                - Clearing active input actions
16:12:30.320 [JavaFX Application Thread] DEBUG GameApplicationServi - Removing overlay from PlayerSelectScene and adding to RiderMainMenuScene
16:12:30.320 [JavaFX Application Thread] DEBUG PrimaryStageWindow   - RiderMainMenuScene <- PlayerSelectScene
16:12:32.229 [JavaFX Application Thread] DEBUG PrimaryStageWindow   - Push state: PlayerSelectScene
16:12:32.229 [JavaFX Application Thread] DEBUG Input                - Clearing active input actions
16:12:32.229 [JavaFX Application Thread] DEBUG GameApplicationServi - Removing overlay from RiderMainMenuScene and adding to PlayerSelectScene
16:12:32.230 [JavaFX Application Thread] DEBUG PrimaryStageWindow   - RiderMainMenuScene -> PlayerSelectScene
16:12:34.762 [JavaFX Application Thread] DEBUG PrimaryStageWindow   - Pop state: PlayerSelectScene
16:12:34.762 [JavaFX Application Thread] DEBUG Input                - Clearing active input actions
16:12:34.763 [JavaFX Application Thread] DEBUG GameApplicationServi - Removing overlay from PlayerSelectScene and adding to RiderMainMenuScene
16:12:34.763 [JavaFX Application Thread] DEBUG PrimaryStageWindow   - RiderMainMenuScene <- PlayerSelectScene
16:12:35.472 [JavaFX Application Thread] DEBUG PrimaryStageWindow   - Push state: PlayerSelectScene
16:12:35.472 [JavaFX Application Thread] DEBUG Input                - Clearing active input actions
16:12:35.472 [JavaFX Application Thread] DEBUG GameApplicationServi - Removing overlay from RiderMainMenuScene and adding to PlayerSelectScene
16:12:35.472 [JavaFX Application Thread] DEBUG PrimaryStageWindow   - RiderMainMenuScene -> PlayerSelectScene
16:14:06.276 [JavaFX Application Thread] DEBUG PrimaryStageWindow   - Pop state: PlayerSelectScene
16:14:06.276 [JavaFX Application Thread] DEBUG Input                - Clearing active input actions
16:14:06.277 [JavaFX Application Thread] DEBUG GameApplicationServi - Removing overlay from PlayerSelectScene and adding to RiderMainMenuScene
16:14:06.277 [JavaFX Application Thread] DEBUG PrimaryStageWindow   - RiderMainMenuScene <- PlayerSelectScene
16:14:07.018 [JavaFX Application Thread] DEBUG PrimaryStageWindow   - Push state: PlayerSelectScene
16:14:07.018 [JavaFX Application Thread] DEBUG Input                - Clearing active input actions
16:14:07.018 [JavaFX Application Thread] DEBUG GameApplicationServi - Removing overlay from RiderMainMenuScene and adding to PlayerSelectScene
16:14:07.019 [JavaFX Application Thread] DEBUG PrimaryStageWindow   - RiderMainMenuScene -> PlayerSelectScene
16:14:09.775 [JavaFX Application Thread] DEBUG PrimaryStageWindow   - Pop state: PlayerSelectScene
16:14:09.775 [JavaFX Application Thread] DEBUG Input                - Clearing active input actions
16:14:09.775 [JavaFX Application Thread] DEBUG GameApplicationServi - Removing overlay from PlayerSelectScene and adding to RiderMainMenuScene
16:14:09.775 [JavaFX Application Thread] DEBUG PrimaryStageWindow   - RiderMainMenuScene <- PlayerSelectScene
16:14:10.446 [JavaFX Application Thread] DEBUG PrimaryStageWindow   - Push state: PlayerSelectScene
16:14:10.446 [JavaFX Application Thread] DEBUG Input                - Clearing active input actions
16:14:10.446 [JavaFX Application Thread] DEBUG GameApplicationServi - Removing overlay from RiderMainMenuScene and adding to PlayerSelectScene
16:14:10.446 [JavaFX Application Thread] DEBUG PrimaryStageWindow   - RiderMainMenuScene -> PlayerSelectScene
16:14:13.084 [JavaFX Application Thread] DEBUG FXGLApplication      - Exiting FXGL
16:14:13.084 [JavaFX Application Thread] DEBUG LoopRunner           - Stopping loop
16:14:13.084 [JavaFX Application Thread] DEBUG SystemBundleService  - Saving FXGL system data
16:14:13.086 [JavaFX Application Thread] DEBUG FileSystemAccess     - Writing to: C:\Users\Balong\Desktop\JavaFXGame-1\system\fxgl.bundle
16:14:13.088 [JavaFX Application Thread] DEBUG Async                - Shutting down background threads
16:14:13.088 [JavaFX Application Thread] DEBUG PrimaryStageWindow   - Closing main window
16:14:13.095 [JavaFX Application Thread] DEBUG Logger               - Closing Logger
