22:59:54.358 [main                     ] DEBUG Logger               - Configured Logger
22:59:54.380 [main                     ] DEBUG GameApplication      - Logging settings
Title: Untitled
Version: 0.0
Width: 1280
Height: 720
Fullscreen: false
Intro: false
Profiling: false
Single step:false
App Mode: DEVELOPER
Menu Key: ESCAPE
Stage Style: DECORATED
Scene Factory: class com.sunsofgod.PlatformerApp$1

22:59:54.677 [JavaFX Application Thread] DEBUG FXGLApplication      - Initializing FXGL
22:59:54.681 [JavaFX Application Thread] INFO  Engine               - FXGL-17.2 (20.08.2022 16.50) on WINDOWS (J:21.0.4 FX:17.0.12)
22:59:54.682 [JavaFX Application Thread] DEBUG Engine               - JRE Vendor Name: Eclipse Adoptium
22:59:54.682 [JavaFX Application Thread] DEBUG Engine               - Running on OS: Windows 11 version 10.0
22:59:54.682 [JavaFX Application Thread] DEBUG Engine               - Architecture: amd64
22:59:54.682 [JavaFX Application Thread] INFO  Engine               - Source code and latest versions at: https://github.com/AlmasB/FXGL
22:59:54.682 [JavaFX Application Thread] INFO  Engine               -       Ask questions and discuss at: https://github.com/AlmasB/FXGL/discussions
22:59:54.683 [JavaFX Application Thread] INFO  Engine               -              Join the FXGL chat at: https://gitter.im/AlmasB/FXGL
22:59:54.758 [JavaFX Application Thread] DEBUG PrimaryStageWindow   - Creating a JavaFX scene
22:59:54.795 [JavaFX Application Thread] DEBUG PrimaryStageWindow   - Target settings size: 1280.0 x 720.0
22:59:54.796 [JavaFX Application Thread] DEBUG PrimaryStageWindow   - Scaled scene size:    1280.0 x 720.0
22:59:54.796 [JavaFX Application Thread] DEBUG PrimaryStageWindow   - Scaled ratio: (1.0, 1.0)
22:59:54.797 [JavaFX Application Thread] DEBUG PrimaryStageWindow   - Set initial scene to FXGLStartupScene
22:59:54.803 [JavaFX Application Thread] DEBUG PrimaryStageWindow   - Opening main window
22:59:54.877 [JavaFX Application Thread] DEBUG PrimaryStageWindow   - Window border size: (14.4000244140625, 37.5999755859375)
22:59:54.877 [JavaFX Application Thread] DEBUG PrimaryStageWindow   - Scaled size: 1280.0 x 720.0
22:59:54.878 [JavaFX Application Thread] DEBUG PrimaryStageWindow   - Scaled ratio: (1.0, 1.0)
22:59:54.878 [JavaFX Application Thread] DEBUG PrimaryStageWindow   - Scene size: 1280.0 x 720.0
22:59:54.878 [JavaFX Application Thread] DEBUG PrimaryStageWindow   - Stage size: 1294.4000244140625 x 757.5999755859375
22:59:54.885 [FXGL Background Thread 1 ] DEBUG Engine               - Initializing environment variables
22:59:54.935 [FXGL Background Thread 1 ] DEBUG FXGLAssetLoaderServi - User app class for loading assets: class com.sunsofgod.PlatformerApp
22:59:54.935 [FXGL Background Thread 1 ] DEBUG GameApplicationServi - Applying CSS: fxgl_dark.css
22:59:54.937 [FXGL Background Thread 1 ] DEBUG FXGLAssetLoaderServi - Loading from file system: jar:file:///C:/Users/Balong/.m2/repository/com/github/almasb/fxgl/17.2/fxgl-17.2.jar!/fxglassets/ui/css/fxgl_dark.css
22:59:54.985 [FXGL Background Thread 1 ] DEBUG GameApplicationServi - Initializing application scenes
22:59:55.026 [FXGL Background Thread 1 ] DEBUG FXGLAssetLoaderServi - Loading from file system: file:/C:/Users/Balong/Desktop/SummerJobShoppee/JavaFXGame/target/classes/assets/textures/player.png
22:59:55.046 [FXGL Background Thread 1 ] DEBUG GameWorld            - Game world initialized
22:59:55.094 [FXGL Background Thread 1 ] DEBUG PhysicsWorld         - Physics world initialized: appHeight=720, physics.ppm=50.0
22:59:55.094 [FXGL Background Thread 1 ] DEBUG PhysicsWorld         - Using strategy: BRUTE_FORCE
22:59:55.097 [FXGL Background Thread 1 ] DEBUG GameScene            - Game scene initialized: 1280x720
22:59:55.194 [FXGL Background Thread 1 ] DEBUG FXGL.DefaultMenu     - createMenuBodyGameMenu()
22:59:55.203 [FXGL Background Thread 1 ] DEBUG FXGL.DefaultMenu     - createOptionsMenu()
22:59:55.213 [FXGL Background Thread 1 ] DEBUG FXGLAssetLoaderServi - Loading from file system: jar:file:///C:/Users/Balong/.m2/repository/com/github/almasb/fxgl/17.2/fxgl-17.2.jar!/fxglassets/textures/particles/smoke.png
22:59:55.264 [FXGL Background Thread 1 ] DEBUG FXGLAssetLoaderServi - Loading from file system: jar:file:///C:/Users/Balong/.m2/repository/com/github/almasb/fxgl/17.2/fxgl-17.2.jar!/fxglassets/textures/particles/trace_horizontal.png
22:59:55.275 [FXGL Background Thread 1 ] DEBUG GameApplicationServi - Application scenes initialized
22:59:55.287 [FXGL Background Thread 1 ] DEBUG SystemBundleService  - Loading FXGL system data
22:59:55.291 [FXGL Background Thread 1 ] DEBUG FileSystemAccess     - Reading from: C:\Users\Balong\Desktop\SummerJobShoppee\JavaFXGame\system\fxgl.bundle
22:59:55.301 [FXGL Background Thread 1 ] DEBUG SystemBundleService  - Bundle FXGL: {}
22:59:55.301 [FXGL Background Thread 1 ] DEBUG UpdaterService       - Checking for updates
22:59:55.327 [FXGL Background Thread 4 ] DEBUG FXGLApplication      - Loading fonts
22:59:55.327 [FXGL Background Thread 1 ] DEBUG FXGLApplication      - Loading default localization
22:59:55.327 [FXGL Background Thread 4 ] DEBUG FXGLAssetLoaderServi - Loading from file system: jar:file:///C:/Users/Balong/.m2/repository/com/github/almasb/fxgl/17.2/fxgl-17.2.jar!/fxglassets/ui/fonts/VarelaRound-Regular.ttf
22:59:55.327 [FXGL Background Thread 1 ] DEBUG FXGLAssetLoaderServi - Loading from file system: jar:file:///C:/Users/Balong/.m2/repository/com/github/almasb/fxgl/17.2/fxgl-17.2.jar!/fxglassets/languages/english.lang
22:59:55.344 [FXGL Background Thread 1 ] INFO  FXGLApplication      - FXGL initialization took: 0.458 sec
22:59:55.346 [JavaFX Application Thread] DEBUG FXGLAssetLoaderServi - Loading from file system: jar:file:///C:/Users/Balong/.m2/repository/com/github/almasb/fxgl/17.2/fxgl-17.2.jar!/fxglassets/textures/fxgl_icon.png
22:59:55.358 [JavaFX Application Thread] DEBUG FXGLAssetLoaderServi - Loading from file system: jar:file:///C:/Users/Balong/.m2/repository/com/github/almasb/fxgl/17.2/fxgl-17.2.jar!/fxglassets/textures/fxgl_default_cursor.png
22:59:55.365 [FXGL Background Thread 4 ] DEBUG FXGLAssetLoaderServi - Loading from file system: jar:file:///C:/Users/Balong/.m2/repository/com/github/almasb/fxgl/17.2/fxgl-17.2.jar!/fxglassets/ui/fonts/Abel-Regular.ttf
22:59:55.370 [FXGL Background Thread 4 ] DEBUG FXGLAssetLoaderServi - Loading from file system: jar:file:///C:/Users/Balong/.m2/repository/com/github/almasb/fxgl/17.2/fxgl-17.2.jar!/fxglassets/ui/fonts/TerminalLandMono-Regular.otf
22:59:55.370 [JavaFX Application Thread] DEBUG Input                - Registered new binding: Screenshot - CTRL+8
22:59:55.371 [JavaFX Application Thread] DEBUG Input                - Registered new binding: Dev Options - 1
22:59:55.372 [JavaFX Application Thread] DEBUG Input                - Registered new binding: Dev Console - 2
22:59:55.373 [JavaFX Application Thread] DEBUG Input                - Registered new binding: System info dump - CTRL+9
22:59:55.373 [JavaFX Application Thread] DEBUG Input                - Registered new binding: Restart - CTRL+R
22:59:55.374 [JavaFX Application Thread] DEBUG Input                - Registered new binding: Toggle Debug Camera - CTRL+7
22:59:55.377 [FXGL Background Thread 4 ] DEBUG FXGLAssetLoaderServi - Loading from file system: jar:file:///C:/Users/Balong/.m2/repository/com/github/almasb/fxgl/17.2/fxgl-17.2.jar!/fxglassets/ui/fonts/Courier-Prime.ttf
22:59:55.383 [JavaFX Application Thread] DEBUG LoopRunner           - Starting loop
22:59:55.401 [JavaFX Application Thread] DEBUG LoopRunner           - Initializing JavaFX AnimationTimerLoop
22:59:55.403 [JavaFX Application Thread] DEBUG Input                - Clearing active input actions
22:59:55.412 [JavaFX Application Thread] DEBUG GameApplicationServi - Removing overlay from FXGLStartupScene and adding to FXGLMainMenuDummyScene
22:59:55.418 [JavaFX Application Thread] DEBUG PrimaryStageWindow   - FXGLStartupScene -> FXGLMainMenuDummyScene
22:59:55.419 [JavaFX Application Thread] DEBUG PrimaryStageWindow   - Push state: RiderMainMenuScene
22:59:55.419 [JavaFX Application Thread] DEBUG Input                - Clearing active input actions
22:59:55.427 [JavaFX Application Thread] DEBUG GameApplicationServi - Removing overlay from FXGLMainMenuDummyScene and adding to RiderMainMenuScene
22:59:55.428 [JavaFX Application Thread] DEBUG PrimaryStageWindow   - FXGLMainMenuDummyScene -> RiderMainMenuScene
22:59:55.429 [JavaFX Application Thread] DEBUG FXGLApplication      - Registering font factories with UI factory
22:59:55.836 [FXGL Background Thread 2 ] INFO  UpdaterService       - Your current version:  17.2
22:59:55.837 [FXGL Background Thread 2 ] INFO  UpdaterService       - Latest stable version: 21.1
22:59:56.798 [JavaFX Application Thread] DEBUG PrimaryStageWindow   - Push state: PlayerSelectScene
22:59:56.798 [JavaFX Application Thread] DEBUG Input                - Clearing active input actions
22:59:56.799 [JavaFX Application Thread] DEBUG GameApplicationServi - Removing overlay from RiderMainMenuScene and adding to PlayerSelectScene
22:59:56.801 [JavaFX Application Thread] DEBUG PrimaryStageWindow   - RiderMainMenuScene -> PlayerSelectScene
22:59:58.072 [JavaFX Application Thread] DEBUG PrimaryStageWindow   - Push state: LevelSelectScene
22:59:58.072 [JavaFX Application Thread] DEBUG Input                - Clearing active input actions
22:59:58.073 [JavaFX Application Thread] DEBUG GameApplicationServi - Removing overlay from PlayerSelectScene and adding to LevelSelectScene
22:59:58.074 [JavaFX Application Thread] DEBUG PrimaryStageWindow   - PlayerSelectScene -> LevelSelectScene
22:59:58.325 [FXGL Background Thread 3 ] DEBUG Engine               - Logging environment variables
22:59:58.325 [FXGL Background Thread 3 ] DEBUG Engine               - achievements: []
22:59:58.326 [FXGL Background Thread 3 ] DEBUG Engine               - actualHeight: 720.0
22:59:58.326 [FXGL Background Thread 3 ] DEBUG Engine               - actualHeightProperty: ReadOnlyDoubleProperty [value: 720.0]
22:59:58.326 [FXGL Background Thread 3 ] DEBUG Engine               - actualWidth: 1280.0
22:59:58.326 [FXGL Background Thread 3 ] DEBUG Engine               - actualWidthProperty: ReadOnlyDoubleProperty [value: 1280.0]
22:59:58.326 [FXGL Background Thread 3 ] DEBUG Engine               - appIcon: fxgl_icon.png
22:59:58.326 [FXGL Background Thread 3 ] DEBUG Engine               - applicationMode: DEVELOPER
22:59:58.326 [FXGL Background Thread 3 ] DEBUG Engine               - cSSList: [fxgl_dark.css]
22:59:58.326 [FXGL Background Thread 3 ] DEBUG Engine               - collisionDetectionStrategy: BRUTE_FORCE
22:59:58.326 [FXGL Background Thread 3 ] DEBUG Engine               - configClass: Optional.empty
22:59:58.326 [FXGL Background Thread 3 ] DEBUG Engine               - credits: []
22:59:58.327 [FXGL Background Thread 3 ] DEBUG Engine               - defaultCursor: CursorInfo(imageName=fxgl_default_cursor.png, hotspotX=7.0, hotspotY=6.0)
22:59:58.327 [FXGL Background Thread 3 ] DEBUG Engine               - devBBoxColorProperty: ObjectProperty [value: 0xff0000ff]
22:59:58.327 [FXGL Background Thread 3 ] DEBUG Engine               - devEnableDebugCameraProperty: BooleanProperty [value: false]
22:59:58.327 [FXGL Background Thread 3 ] DEBUG Engine               - devSensorColorProperty: ObjectProperty [value: 0xffff00ff]
22:59:58.327 [FXGL Background Thread 3 ] DEBUG Engine               - devShowBBoxProperty: BooleanProperty [value: false]
22:59:58.327 [FXGL Background Thread 3 ] DEBUG Engine               - devShowPositionProperty: BooleanProperty [value: false]
22:59:58.327 [FXGL Background Thread 3 ] DEBUG Engine               - enabledMenuItems: []
22:59:58.328 [FXGL Background Thread 3 ] DEBUG Engine               - engineServices: [class com.almasb.fxgl.app.services.FXGLAssetLoaderService, class com.almasb.fxgl.app.FXGLApplication$GameApplicationService, class com.almasb.fxgl.app.services.FXGLDialogService, class com.almasb.fxgl.app.services.IOTaskExecutorService, class com.almasb.fxgl.io.FileSystemService, class com.almasb.fxgl.localization.LocalizationService, class com.almasb.fxgl.app.services.SystemBundleService, class com.almasb.fxgl.profile.SaveLoadService, class com.almasb.fxgl.ui.FXGLUIFactoryServiceProvider, class com.almasb.fxgl.ui.FXGLDialogFactoryServiceProvider, class com.almasb.fxgl.audio.AudioPlayer, class com.almasb.fxgl.notification.impl.NotificationServiceProvider, class com.almasb.fxgl.achievement.AchievementService, class com.almasb.fxgl.cutscene.CutsceneService, class com.almasb.fxgl.minigames.MiniGameService, class com.almasb.fxgl.net.NetService, class com.almasb.fxgl.app.services.UpdaterService, class com.almasb.fxgl.dev.DevService]
22:59:58.328 [FXGL Background Thread 3 ] DEBUG Engine               - fontGame: Abel-Regular.ttf
22:59:58.328 [FXGL Background Thread 3 ] DEBUG Engine               - fontMono: TerminalLandMono-Regular.otf
22:59:58.328 [FXGL Background Thread 3 ] DEBUG Engine               - fontText: Courier-Prime.ttf
22:59:58.328 [FXGL Background Thread 3 ] DEBUG Engine               - fontUI: VarelaRound-Regular.ttf
22:59:58.328 [FXGL Background Thread 3 ] DEBUG Engine               - fullScreen: BooleanProperty [value: false]
22:59:58.328 [FXGL Background Thread 3 ] DEBUG Engine               - gameDifficulty: MEDIUM
22:59:58.328 [FXGL Background Thread 3 ] DEBUG Engine               - gameDifficultyProperty: ObjectProperty [value: MEDIUM]
22:59:58.328 [FXGL Background Thread 3 ] DEBUG Engine               - globalMusicVolume: 0.5
22:59:58.328 [FXGL Background Thread 3 ] DEBUG Engine               - globalMusicVolumeProperty: DoubleProperty [value: 0.25]
22:59:58.328 [FXGL Background Thread 3 ] DEBUG Engine               - globalSoundVolume: 0.5
22:59:58.328 [FXGL Background Thread 3 ] DEBUG Engine               - globalSoundVolumeProperty: DoubleProperty [value: 0.5]
22:59:58.328 [FXGL Background Thread 3 ] DEBUG Engine               - height: 720
22:59:58.328 [FXGL Background Thread 3 ] DEBUG Engine               - is3D: false
22:59:58.328 [FXGL Background Thread 3 ] DEBUG Engine               - isAndroid: false
22:59:58.328 [FXGL Background Thread 3 ] DEBUG Engine               - isBrowser: false
22:59:58.328 [FXGL Background Thread 3 ] DEBUG Engine               - isClickFeedbackEnabled: false
22:59:58.328 [FXGL Background Thread 3 ] DEBUG Engine               - isCloseConfirmation: false
22:59:58.328 [FXGL Background Thread 3 ] DEBUG Engine               - isDesktop: true
22:59:58.328 [FXGL Background Thread 3 ] DEBUG Engine               - isDeveloperMenuEnabled: true
22:59:58.328 [FXGL Background Thread 3 ] DEBUG Engine               - isEmbedded: false
22:59:58.328 [FXGL Background Thread 3 ] DEBUG Engine               - isEntityPreloadEnabled: true
22:59:58.328 [FXGL Background Thread 3 ] DEBUG Engine               - isExperimentalTiledLargeMap: false
22:59:58.328 [FXGL Background Thread 3 ] DEBUG Engine               - isFileSystemWriteAllowed: true
22:59:58.328 [FXGL Background Thread 3 ] DEBUG Engine               - isFullScreenAllowed: false
22:59:58.329 [FXGL Background Thread 3 ] DEBUG Engine               - isFullScreenFromStart: false
22:59:58.329 [FXGL Background Thread 3 ] DEBUG Engine               - isGameMenuEnabled: true
22:59:58.329 [FXGL Background Thread 3 ] DEBUG Engine               - isIOS: false
22:59:58.329 [FXGL Background Thread 3 ] DEBUG Engine               - isIntroEnabled: false
22:59:58.329 [FXGL Background Thread 3 ] DEBUG Engine               - isLinux: false
22:59:58.329 [FXGL Background Thread 3 ] DEBUG Engine               - isMac: false
22:59:58.329 [FXGL Background Thread 3 ] DEBUG Engine               - isMainMenuEnabled: true
22:59:58.329 [FXGL Background Thread 3 ] DEBUG Engine               - isManualResizeEnabled: false
22:59:58.329 [FXGL Background Thread 3 ] DEBUG Engine               - isMobile: false
22:59:58.329 [FXGL Background Thread 3 ] DEBUG Engine               - isNative: false
22:59:58.329 [FXGL Background Thread 3 ] DEBUG Engine               - isPauseMusicWhenMinimized: true
22:59:58.329 [FXGL Background Thread 3 ] DEBUG Engine               - isPreserveResizeRatio: false
22:59:58.329 [FXGL Background Thread 3 ] DEBUG Engine               - isProfilingEnabled: false
22:59:58.329 [FXGL Background Thread 3 ] DEBUG Engine               - isScaleAffectedOnResize: true
22:59:58.329 [FXGL Background Thread 3 ] DEBUG Engine               - isSingleStep: false
22:59:58.329 [FXGL Background Thread 3 ] DEBUG Engine               - isUserProfileEnabled: false
22:59:58.329 [FXGL Background Thread 3 ] DEBUG Engine               - isWindows: true
22:59:58.329 [FXGL Background Thread 3 ] DEBUG Engine               - language: ObjectProperty [value: ENGLISH]
22:59:58.329 [FXGL Background Thread 3 ] DEBUG Engine               - menuKey: ESCAPE
22:59:58.329 [FXGL Background Thread 3 ] DEBUG Engine               - mouseSensitivity: 0.2
22:59:58.329 [FXGL Background Thread 3 ] DEBUG Engine               - notificationViewClass: class com.almasb.fxgl.notification.view.XboxNotificationView
22:59:58.330 [FXGL Background Thread 3 ] DEBUG Engine               - pixelsPerMeter: 50.0
22:59:58.330 [FXGL Background Thread 3 ] DEBUG Engine               - platform: WINDOWS
22:59:58.330 [FXGL Background Thread 3 ] DEBUG Engine               - prefHeightProperty: ReadOnlyDoubleProperty [value: 720.0]
22:59:58.330 [FXGL Background Thread 3 ] DEBUG Engine               - prefWidthProperty: ReadOnlyDoubleProperty [value: 1280.0]
22:59:58.330 [FXGL Background Thread 3 ] DEBUG Engine               - profileDir: profiles/
22:59:58.330 [FXGL Background Thread 3 ] DEBUG Engine               - profileName: StringProperty [value: DEFAULT]
22:59:58.330 [FXGL Background Thread 3 ] DEBUG Engine               - randomSeed: -1
22:59:58.330 [FXGL Background Thread 3 ] DEBUG Engine               - runtimeInfo: RuntimeInfo(platform=WINDOWS, version=17.2, build=20.08.2022 16.50)
22:59:58.330 [FXGL Background Thread 3 ] DEBUG Engine               - saveFileExt: sav
22:59:58.330 [FXGL Background Thread 3 ] DEBUG Engine               - scaledHeightProp$fxgl: DoubleProperty [bound, value: 720.0]
22:59:58.330 [FXGL Background Thread 3 ] DEBUG Engine               - scaledWidthProp$fxgl: DoubleProperty [bound, value: 1280.0]
22:59:58.330 [FXGL Background Thread 3 ] DEBUG Engine               - sceneFactory: com.sunsofgod.PlatformerApp$1@58883c69
22:59:58.330 [FXGL Background Thread 3 ] DEBUG Engine               - secondsIn24h: 60
22:59:58.330 [FXGL Background Thread 3 ] DEBUG Engine               - soundMenuBack: menu/back.wav
22:59:58.330 [FXGL Background Thread 3 ] DEBUG Engine               - soundMenuPress: menu/press.wav
22:59:58.330 [FXGL Background Thread 3 ] DEBUG Engine               - soundMenuSelect: menu/select.wav
22:59:58.331 [FXGL Background Thread 3 ] DEBUG Engine               - soundNotification: core/notification.wav
22:59:58.331 [FXGL Background Thread 3 ] DEBUG Engine               - stageStyle: DECORATED
22:59:58.331 [FXGL Background Thread 3 ] DEBUG Engine               - supportedLanguages: [ENGLISH, FRENCH, GERMAN, HUNGARIAN, RUSSIAN]
22:59:58.331 [FXGL Background Thread 3 ] DEBUG Engine               - ticksPerSecond: -1
22:59:58.331 [FXGL Background Thread 3 ] DEBUG Engine               - title: Untitled
22:59:58.331 [FXGL Background Thread 3 ] DEBUG Engine               - urlGithub: https://github.com/AlmasB/FXGL
22:59:58.331 [FXGL Background Thread 3 ] DEBUG Engine               - urlLeaderboard: http://fxgl-top.herokuapp.com/
22:59:58.331 [FXGL Background Thread 3 ] DEBUG Engine               - urlPOM: https://raw.githubusercontent.com/AlmasB/FXGL/release/README.md
22:59:58.331 [FXGL Background Thread 3 ] DEBUG Engine               - userAppClass: class com.sunsofgod.PlatformerApp
22:59:58.331 [FXGL Background Thread 3 ] DEBUG Engine               - version: 0.0
22:59:58.331 [FXGL Background Thread 3 ] DEBUG Engine               - versionCheckDays: 7
22:59:58.331 [FXGL Background Thread 3 ] DEBUG Engine               - width: 1280
22:59:58.331 [FXGL Background Thread 3 ] DEBUG Engine               - Logging services
22:59:58.331 [FXGL Background Thread 3 ] DEBUG Engine               - class com.almasb.fxgl.app.services.FXGLAssetLoaderService
22:59:58.331 [FXGL Background Thread 3 ] DEBUG Engine               - class com.almasb.fxgl.app.FXGLApplication$GameApplicationService
22:59:58.331 [FXGL Background Thread 3 ] DEBUG Engine               - class com.almasb.fxgl.app.services.FXGLDialogService
22:59:58.331 [FXGL Background Thread 3 ] DEBUG Engine               - class com.almasb.fxgl.app.services.IOTaskExecutorService
22:59:58.331 [FXGL Background Thread 3 ] DEBUG Engine               - class com.almasb.fxgl.io.FileSystemService
22:59:58.331 [FXGL Background Thread 3 ] DEBUG Engine               - class com.almasb.fxgl.localization.LocalizationService
22:59:58.331 [FXGL Background Thread 3 ] DEBUG Engine               - class com.almasb.fxgl.app.services.SystemBundleService
22:59:58.331 [FXGL Background Thread 3 ] DEBUG Engine               - class com.almasb.fxgl.profile.SaveLoadService
22:59:58.331 [FXGL Background Thread 3 ] DEBUG Engine               - class com.almasb.fxgl.ui.FXGLUIFactoryServiceProvider
22:59:58.331 [FXGL Background Thread 3 ] DEBUG Engine               - class com.almasb.fxgl.ui.FXGLDialogFactoryServiceProvider
22:59:58.331 [FXGL Background Thread 3 ] DEBUG Engine               - class com.almasb.fxgl.audio.AudioPlayer
22:59:58.331 [FXGL Background Thread 3 ] DEBUG Engine               - class com.almasb.fxgl.notification.impl.NotificationServiceProvider
22:59:58.331 [FXGL Background Thread 3 ] DEBUG Engine               - class com.almasb.fxgl.achievement.AchievementService
22:59:58.332 [FXGL Background Thread 3 ] DEBUG Engine               - class com.almasb.fxgl.cutscene.CutsceneService
22:59:58.332 [FXGL Background Thread 3 ] DEBUG Engine               - class com.almasb.fxgl.minigames.MiniGameService
22:59:58.332 [FXGL Background Thread 3 ] DEBUG Engine               - class com.almasb.fxgl.net.NetService
22:59:58.332 [FXGL Background Thread 3 ] DEBUG Engine               - class com.almasb.fxgl.app.services.UpdaterService
22:59:58.332 [FXGL Background Thread 3 ] DEBUG Engine               - class com.almasb.fxgl.dev.DevService
23:00:00.196 [JavaFX Application Thread] DEBUG FXGLApplication      - Exiting FXGL
23:00:00.196 [JavaFX Application Thread] DEBUG LoopRunner           - Stopping loop
23:00:00.196 [JavaFX Application Thread] DEBUG SystemBundleService  - Saving FXGL system data
23:00:00.198 [JavaFX Application Thread] DEBUG FileSystemAccess     - Writing to: C:\Users\Balong\Desktop\SummerJobShoppee\JavaFXGame\system\fxgl.bundle
23:00:00.200 [JavaFX Application Thread] DEBUG Async                - Shutting down background threads
23:00:00.200 [JavaFX Application Thread] DEBUG PrimaryStageWindow   - Closing main window
23:00:00.217 [JavaFX Application Thread] DEBUG Logger               - Closing Logger
