20:28:54.700 [main                     ] DEBUG Logger               - Configured Logger
20:28:54.715 [main                     ] DEBUG GameApplication      - Logging settings
Title: Untitled
Version: 0.0
Width: 1280
Height: 720
Fullscreen: false
Intro: false
Profiling: false
Single step:false
App Mode: DEVELOPER
Menu Key: ESCAPE
Stage Style: DECORATED
Scene Factory: class com.sunsofgod.PlatformerApp$1

20:28:54.983 [JavaFX Application Thread] DEBUG FXGLApplication      - Initializing FXGL
20:28:54.986 [JavaFX Application Thread] INFO  Engine               - FXGL-17.2 (20.08.2022 16.50) on WINDOWS (J:21.0.4 FX:17.0.12)
20:28:54.986 [JavaFX Application Thread] DEBUG Engine               - JRE Vendor Name: Eclipse Adoptium
20:28:54.986 [JavaFX Application Thread] DEBUG Engine               - Running on OS: Windows 11 version 10.0
20:28:54.986 [JavaFX Application Thread] DEBUG Engine               - Architecture: amd64
20:28:54.986 [JavaFX Application Thread] INFO  Engine               - Source code and latest versions at: https://github.com/AlmasB/FXGL
20:28:54.987 [JavaFX Application Thread] INFO  Engine               -       Ask questions and discuss at: https://github.com/AlmasB/FXGL/discussions
20:28:54.987 [JavaFX Application Thread] INFO  Engine               -              Join the FXGL chat at: https://gitter.im/AlmasB/FXGL
20:28:55.051 [JavaFX Application Thread] DEBUG PrimaryStageWindow   - Creating a JavaFX scene
20:28:55.082 [JavaFX Application Thread] DEBUG PrimaryStageWindow   - Target settings size: 1280.0 x 720.0
20:28:55.082 [JavaFX Application Thread] DEBUG PrimaryStageWindow   - Scaled scene size:    1280.0 x 720.0
20:28:55.082 [JavaFX Application Thread] DEBUG PrimaryStageWindow   - Scaled ratio: (1.0, 1.0)
20:28:55.083 [JavaFX Application Thread] DEBUG PrimaryStageWindow   - Set initial scene to FXGLStartupScene
20:28:55.088 [JavaFX Application Thread] DEBUG PrimaryStageWindow   - Opening main window
20:28:55.145 [JavaFX Application Thread] DEBUG PrimaryStageWindow   - Window border size: (16.0, 39.0)
20:28:55.145 [JavaFX Application Thread] DEBUG PrimaryStageWindow   - Scaled size: 1280.0 x 720.0
20:28:55.145 [JavaFX Application Thread] DEBUG PrimaryStageWindow   - Scaled ratio: (1.0, 1.0)
20:28:55.145 [JavaFX Application Thread] DEBUG PrimaryStageWindow   - Scene size: 1280.0 x 720.0
20:28:55.145 [JavaFX Application Thread] DEBUG PrimaryStageWindow   - Stage size: 1296.0 x 759.0
20:28:55.152 [FXGL Background Thread 1 ] DEBUG Engine               - Initializing environment variables
20:28:55.183 [FXGL Background Thread 1 ] DEBUG FXGLAssetLoaderServi - User app class for loading assets: class com.sunsofgod.PlatformerApp
20:28:55.183 [FXGL Background Thread 1 ] DEBUG GameApplicationServi - Applying CSS: fxgl_dark.css
20:28:55.184 [FXGL Background Thread 1 ] DEBUG FXGLAssetLoaderServi - Loading from file system: jar:file:///C:/Users/user/.m2/repository/com/github/almasb/fxgl/17.2/fxgl-17.2.jar!/fxglassets/ui/css/fxgl_dark.css
20:28:55.215 [FXGL Background Thread 1 ] DEBUG GameApplicationServi - Initializing application scenes
20:28:55.245 [FXGL Background Thread 1 ] WARN  FXGLAssetLoaderServi - Asset "/assets/textures/player.png" was not found!
20:28:55.246 [FXGL Background Thread 1 ] WARN  FXGLAssetLoaderServi - Failed to load IMAGE
20:28:55.264 [FXGL Background Thread 1 ] DEBUG GameWorld            - Game world initialized
20:28:55.294 [FXGL Background Thread 1 ] DEBUG PhysicsWorld         - Physics world initialized: appHeight=720, physics.ppm=50.0
20:28:55.295 [FXGL Background Thread 1 ] DEBUG PhysicsWorld         - Using strategy: BRUTE_FORCE
20:28:55.297 [FXGL Background Thread 1 ] DEBUG GameScene            - Game scene initialized: 1280x720
20:28:55.502 [FXGL Background Thread 1 ] DEBUG GameApplicationServi - Application scenes initialized
20:28:55.513 [FXGL Background Thread 1 ] DEBUG SystemBundleService  - Loading FXGL system data
20:28:55.516 [FXGL Background Thread 1 ] DEBUG FileSystemAccess     - Reading from: C:\Users\user\Desktop\JavaFXGame\system\fxgl.bundle
20:28:55.523 [FXGL Background Thread 1 ] DEBUG SystemBundleService  - Bundle FXGL: {}
20:28:55.523 [FXGL Background Thread 1 ] DEBUG UpdaterService       - Checking for updates
20:28:55.539 [FXGL Background Thread 4 ] DEBUG FXGLApplication      - Loading fonts
20:28:55.547 [FXGL Background Thread 4 ] DEBUG FXGLAssetLoaderServi - Loading from file system: jar:file:///C:/Users/user/.m2/repository/com/github/almasb/fxgl/17.2/fxgl-17.2.jar!/fxglassets/ui/fonts/VarelaRound-Regular.ttf
20:28:55.548 [FXGL Background Thread 1 ] DEBUG FXGLApplication      - Loading default localization
20:28:55.548 [FXGL Background Thread 1 ] DEBUG FXGLAssetLoaderServi - Loading from file system: jar:file:///C:/Users/user/.m2/repository/com/github/almasb/fxgl/17.2/fxgl-17.2.jar!/fxglassets/languages/english.lang
20:28:55.562 [FXGL Background Thread 1 ] INFO  FXGLApplication      - FXGL initialization took: 0.410 sec
20:28:55.563 [JavaFX Application Thread] DEBUG FXGLAssetLoaderServi - Loading from file system: jar:file:///C:/Users/user/.m2/repository/com/github/almasb/fxgl/17.2/fxgl-17.2.jar!/fxglassets/textures/fxgl_icon.png
20:28:55.576 [JavaFX Application Thread] DEBUG FXGLAssetLoaderServi - Loading from file system: jar:file:///C:/Users/user/.m2/repository/com/github/almasb/fxgl/17.2/fxgl-17.2.jar!/fxglassets/textures/fxgl_default_cursor.png
20:28:55.577 [FXGL Background Thread 4 ] DEBUG FXGLAssetLoaderServi - Loading from file system: jar:file:///C:/Users/user/.m2/repository/com/github/almasb/fxgl/17.2/fxgl-17.2.jar!/fxglassets/ui/fonts/Abel-Regular.ttf
20:28:55.580 [FXGL Background Thread 4 ] DEBUG FXGLAssetLoaderServi - Loading from file system: jar:file:///C:/Users/user/.m2/repository/com/github/almasb/fxgl/17.2/fxgl-17.2.jar!/fxglassets/ui/fonts/TerminalLandMono-Regular.otf
20:28:55.584 [FXGL Background Thread 4 ] DEBUG FXGLAssetLoaderServi - Loading from file system: jar:file:///C:/Users/user/.m2/repository/com/github/almasb/fxgl/17.2/fxgl-17.2.jar!/fxglassets/ui/fonts/Courier-Prime.ttf
20:28:55.585 [JavaFX Application Thread] DEBUG Input                - Registered new binding: Screenshot - CTRL+8
20:28:55.585 [JavaFX Application Thread] DEBUG Input                - Registered new binding: Dev Options - 1
20:28:55.585 [JavaFX Application Thread] DEBUG Input                - Registered new binding: Dev Console - 2
20:28:55.586 [JavaFX Application Thread] DEBUG Input                - Registered new binding: System info dump - CTRL+9
20:28:55.586 [JavaFX Application Thread] DEBUG Input                - Registered new binding: Restart - CTRL+R
20:28:55.586 [JavaFX Application Thread] DEBUG Input                - Registered new binding: Toggle Debug Camera - CTRL+7
20:28:55.588 [JavaFX Application Thread] DEBUG LoopRunner           - Starting loop
20:28:55.599 [JavaFX Application Thread] DEBUG LoopRunner           - Initializing JavaFX AnimationTimerLoop
20:28:55.601 [JavaFX Application Thread] DEBUG Input                - Clearing active input actions
20:28:55.607 [JavaFX Application Thread] DEBUG GameApplicationServi - Removing overlay from FXGLStartupScene and adding to FXGLMainMenuDummyScene
20:28:55.611 [JavaFX Application Thread] DEBUG PrimaryStageWindow   - FXGLStartupScene -> FXGLMainMenuDummyScene
20:28:55.611 [JavaFX Application Thread] DEBUG PrimaryStageWindow   - Push state: RiderMainMenuScene
20:28:55.611 [JavaFX Application Thread] DEBUG Input                - Clearing active input actions
20:28:55.615 [JavaFX Application Thread] DEBUG GameApplicationServi - Removing overlay from FXGLMainMenuDummyScene and adding to RiderMainMenuScene
20:28:55.615 [JavaFX Application Thread] DEBUG PrimaryStageWindow   - FXGLMainMenuDummyScene -> RiderMainMenuScene
20:28:55.750 [JavaFX Application Thread] DEBUG FXGLApplication      - Registering font factories with UI factory
20:28:55.870 [FXGL Background Thread 2 ] INFO  UpdaterService       - Your current version:  17.2
20:28:55.870 [FXGL Background Thread 2 ] INFO  UpdaterService       - Latest stable version: 21.1
20:28:56.330 [JavaFX Application Thread] DEBUG PrimaryStageWindow   - Push state: PlayerSelectScene
20:28:56.330 [JavaFX Application Thread] DEBUG Input                - Clearing active input actions
20:28:56.331 [JavaFX Application Thread] DEBUG GameApplicationServi - Removing overlay from RiderMainMenuScene and adding to PlayerSelectScene
20:28:56.332 [JavaFX Application Thread] DEBUG PrimaryStageWindow   - RiderMainMenuScene -> PlayerSelectScene
20:28:57.350 [JavaFX Application Thread] DEBUG PrimaryStageWindow   - Push state: LevelSelectScene
20:28:57.351 [JavaFX Application Thread] DEBUG Input                - Clearing active input actions
20:28:57.352 [JavaFX Application Thread] DEBUG GameApplicationServi - Removing overlay from PlayerSelectScene and adding to LevelSelectScene
20:28:57.353 [JavaFX Application Thread] DEBUG PrimaryStageWindow   - PlayerSelectScene -> LevelSelectScene
20:28:58.540 [FXGL Background Thread 3 ] DEBUG Engine               - Logging environment variables
20:28:58.540 [FXGL Background Thread 3 ] DEBUG Engine               - achievements: []
20:28:58.541 [FXGL Background Thread 3 ] DEBUG Engine               - actualHeight: 720.0
20:28:58.541 [FXGL Background Thread 3 ] DEBUG Engine               - actualHeightProperty: ReadOnlyDoubleProperty [value: 720.0]
20:28:58.541 [FXGL Background Thread 3 ] DEBUG Engine               - actualWidth: 1280.0
20:28:58.541 [FXGL Background Thread 3 ] DEBUG Engine               - actualWidthProperty: ReadOnlyDoubleProperty [value: 1280.0]
20:28:58.541 [FXGL Background Thread 3 ] DEBUG Engine               - appIcon: fxgl_icon.png
20:28:58.541 [FXGL Background Thread 3 ] DEBUG Engine               - applicationMode: DEVELOPER
20:28:58.541 [FXGL Background Thread 3 ] DEBUG Engine               - cSSList: [fxgl_dark.css]
20:28:58.541 [FXGL Background Thread 3 ] DEBUG Engine               - collisionDetectionStrategy: BRUTE_FORCE
20:28:58.541 [FXGL Background Thread 3 ] DEBUG Engine               - configClass: Optional.empty
20:28:58.541 [FXGL Background Thread 3 ] DEBUG Engine               - credits: []
20:28:58.543 [FXGL Background Thread 3 ] DEBUG Engine               - defaultCursor: CursorInfo(imageName=fxgl_default_cursor.png, hotspotX=7.0, hotspotY=6.0)
20:28:58.543 [FXGL Background Thread 3 ] DEBUG Engine               - devBBoxColorProperty: ObjectProperty [value: 0xff0000ff]
20:28:58.543 [FXGL Background Thread 3 ] DEBUG Engine               - devEnableDebugCameraProperty: BooleanProperty [value: false]
20:28:58.543 [FXGL Background Thread 3 ] DEBUG Engine               - devSensorColorProperty: ObjectProperty [value: 0xffff00ff]
20:28:58.543 [FXGL Background Thread 3 ] DEBUG Engine               - devShowBBoxProperty: BooleanProperty [value: false]
20:28:58.543 [FXGL Background Thread 3 ] DEBUG Engine               - devShowPositionProperty: BooleanProperty [value: false]
20:28:58.543 [FXGL Background Thread 3 ] DEBUG Engine               - enabledMenuItems: []
20:28:58.543 [FXGL Background Thread 3 ] DEBUG Engine               - engineServices: [class com.almasb.fxgl.app.services.FXGLAssetLoaderService, class com.almasb.fxgl.app.FXGLApplication$GameApplicationService, class com.almasb.fxgl.app.services.FXGLDialogService, class com.almasb.fxgl.app.services.IOTaskExecutorService, class com.almasb.fxgl.io.FileSystemService, class com.almasb.fxgl.localization.LocalizationService, class com.almasb.fxgl.app.services.SystemBundleService, class com.almasb.fxgl.profile.SaveLoadService, class com.almasb.fxgl.ui.FXGLUIFactoryServiceProvider, class com.almasb.fxgl.ui.FXGLDialogFactoryServiceProvider, class com.almasb.fxgl.audio.AudioPlayer, class com.almasb.fxgl.notification.impl.NotificationServiceProvider, class com.almasb.fxgl.achievement.AchievementService, class com.almasb.fxgl.cutscene.CutsceneService, class com.almasb.fxgl.minigames.MiniGameService, class com.almasb.fxgl.net.NetService, class com.almasb.fxgl.app.services.UpdaterService, class com.almasb.fxgl.dev.DevService]
20:28:58.543 [FXGL Background Thread 3 ] DEBUG Engine               - fontGame: Abel-Regular.ttf
20:28:58.543 [FXGL Background Thread 3 ] DEBUG Engine               - fontMono: TerminalLandMono-Regular.otf
20:28:58.543 [FXGL Background Thread 3 ] DEBUG Engine               - fontText: Courier-Prime.ttf
20:28:58.543 [FXGL Background Thread 3 ] DEBUG Engine               - fontUI: VarelaRound-Regular.ttf
20:28:58.543 [FXGL Background Thread 3 ] DEBUG Engine               - fullScreen: BooleanProperty [value: false]
20:28:58.543 [FXGL Background Thread 3 ] DEBUG Engine               - gameDifficulty: MEDIUM
20:28:58.544 [FXGL Background Thread 3 ] DEBUG Engine               - gameDifficultyProperty: ObjectProperty [value: MEDIUM]
20:28:58.544 [FXGL Background Thread 3 ] DEBUG Engine               - globalMusicVolume: 0.5
20:28:58.544 [FXGL Background Thread 3 ] DEBUG Engine               - globalMusicVolumeProperty: DoubleProperty [value: 0.25]
20:28:58.544 [FXGL Background Thread 3 ] DEBUG Engine               - globalSoundVolume: 0.5
20:28:58.544 [FXGL Background Thread 3 ] DEBUG Engine               - globalSoundVolumeProperty: DoubleProperty [value: 0.5]
20:28:58.544 [FXGL Background Thread 3 ] DEBUG Engine               - height: 720
20:28:58.544 [FXGL Background Thread 3 ] DEBUG Engine               - is3D: false
20:28:58.544 [FXGL Background Thread 3 ] DEBUG Engine               - isAndroid: false
20:28:58.544 [FXGL Background Thread 3 ] DEBUG Engine               - isBrowser: false
20:28:58.544 [FXGL Background Thread 3 ] DEBUG Engine               - isClickFeedbackEnabled: false
20:28:58.544 [FXGL Background Thread 3 ] DEBUG Engine               - isCloseConfirmation: false
20:28:58.544 [FXGL Background Thread 3 ] DEBUG Engine               - isDesktop: true
20:28:58.544 [FXGL Background Thread 3 ] DEBUG Engine               - isDeveloperMenuEnabled: true
20:28:58.544 [FXGL Background Thread 3 ] DEBUG Engine               - isEmbedded: false
20:28:58.544 [FXGL Background Thread 3 ] DEBUG Engine               - isEntityPreloadEnabled: true
20:28:58.544 [FXGL Background Thread 3 ] DEBUG Engine               - isExperimentalTiledLargeMap: false
20:28:58.544 [FXGL Background Thread 3 ] DEBUG Engine               - isFileSystemWriteAllowed: true
20:28:58.544 [FXGL Background Thread 3 ] DEBUG Engine               - isFullScreenAllowed: false
20:28:58.544 [FXGL Background Thread 3 ] DEBUG Engine               - isFullScreenFromStart: false
20:28:58.544 [FXGL Background Thread 3 ] DEBUG Engine               - isGameMenuEnabled: true
20:28:58.544 [FXGL Background Thread 3 ] DEBUG Engine               - isIOS: false
20:28:58.545 [FXGL Background Thread 3 ] DEBUG Engine               - isIntroEnabled: false
20:28:58.545 [FXGL Background Thread 3 ] DEBUG Engine               - isLinux: false
20:28:58.545 [FXGL Background Thread 3 ] DEBUG Engine               - isMac: false
20:28:58.545 [FXGL Background Thread 3 ] DEBUG Engine               - isMainMenuEnabled: true
20:28:58.545 [FXGL Background Thread 3 ] DEBUG Engine               - isManualResizeEnabled: false
20:28:58.545 [FXGL Background Thread 3 ] DEBUG Engine               - isMobile: false
20:28:58.545 [FXGL Background Thread 3 ] DEBUG Engine               - isNative: false
20:28:58.545 [FXGL Background Thread 3 ] DEBUG Engine               - isPauseMusicWhenMinimized: true
20:28:58.545 [FXGL Background Thread 3 ] DEBUG Engine               - isPreserveResizeRatio: false
20:28:58.545 [FXGL Background Thread 3 ] DEBUG Engine               - isProfilingEnabled: false
20:28:58.545 [FXGL Background Thread 3 ] DEBUG Engine               - isScaleAffectedOnResize: true
20:28:58.545 [FXGL Background Thread 3 ] DEBUG Engine               - isSingleStep: false
20:28:58.545 [FXGL Background Thread 3 ] DEBUG Engine               - isUserProfileEnabled: false
20:28:58.545 [FXGL Background Thread 3 ] DEBUG Engine               - isWindows: true
20:28:58.545 [FXGL Background Thread 3 ] DEBUG Engine               - language: ObjectProperty [value: ENGLISH]
20:28:58.545 [FXGL Background Thread 3 ] DEBUG Engine               - menuKey: ESCAPE
20:28:58.545 [FXGL Background Thread 3 ] DEBUG Engine               - mouseSensitivity: 0.2
20:28:58.546 [FXGL Background Thread 3 ] DEBUG Engine               - notificationViewClass: class com.almasb.fxgl.notification.view.XboxNotificationView
20:28:58.546 [FXGL Background Thread 3 ] DEBUG Engine               - pixelsPerMeter: 50.0
20:28:58.546 [FXGL Background Thread 3 ] DEBUG Engine               - platform: WINDOWS
20:28:58.546 [FXGL Background Thread 3 ] DEBUG Engine               - prefHeightProperty: ReadOnlyDoubleProperty [value: 720.0]
20:28:58.546 [FXGL Background Thread 3 ] DEBUG Engine               - prefWidthProperty: ReadOnlyDoubleProperty [value: 1280.0]
20:28:58.546 [FXGL Background Thread 3 ] DEBUG Engine               - profileDir: profiles/
20:28:58.546 [FXGL Background Thread 3 ] DEBUG Engine               - profileName: StringProperty [value: DEFAULT]
20:28:58.546 [FXGL Background Thread 3 ] DEBUG Engine               - randomSeed: -1
20:28:58.546 [FXGL Background Thread 3 ] DEBUG Engine               - runtimeInfo: RuntimeInfo(platform=WINDOWS, version=17.2, build=20.08.2022 16.50)
20:28:58.546 [FXGL Background Thread 3 ] DEBUG Engine               - saveFileExt: sav
20:28:58.546 [FXGL Background Thread 3 ] DEBUG Engine               - scaledHeightProp$fxgl: DoubleProperty [bound, value: 720.0]
20:28:58.546 [FXGL Background Thread 3 ] DEBUG Engine               - scaledWidthProp$fxgl: DoubleProperty [bound, value: 1280.0]
20:28:58.546 [FXGL Background Thread 3 ] DEBUG Engine               - sceneFactory: com.sunsofgod.PlatformerApp$1@2e0e59d3
20:28:58.546 [FXGL Background Thread 3 ] DEBUG Engine               - secondsIn24h: 60
20:28:58.546 [FXGL Background Thread 3 ] DEBUG Engine               - soundMenuBack: menu/back.wav
20:28:58.547 [FXGL Background Thread 3 ] DEBUG Engine               - soundMenuPress: menu/press.wav
20:28:58.547 [FXGL Background Thread 3 ] DEBUG Engine               - soundMenuSelect: menu/select.wav
20:28:58.547 [FXGL Background Thread 3 ] DEBUG Engine               - soundNotification: core/notification.wav
20:28:58.547 [FXGL Background Thread 3 ] DEBUG Engine               - stageStyle: DECORATED
20:28:58.547 [FXGL Background Thread 3 ] DEBUG Engine               - supportedLanguages: [ENGLISH, FRENCH, GERMAN, HUNGARIAN, RUSSIAN]
20:28:58.547 [FXGL Background Thread 3 ] DEBUG Engine               - ticksPerSecond: -1
20:28:58.547 [FXGL Background Thread 3 ] DEBUG Engine               - title: Untitled
20:28:58.547 [FXGL Background Thread 3 ] DEBUG Engine               - urlGithub: https://github.com/AlmasB/FXGL
20:28:58.547 [FXGL Background Thread 3 ] DEBUG Engine               - urlLeaderboard: http://fxgl-top.herokuapp.com/
20:28:58.547 [FXGL Background Thread 3 ] DEBUG Engine               - urlPOM: https://raw.githubusercontent.com/AlmasB/FXGL/release/README.md
20:28:58.547 [FXGL Background Thread 3 ] DEBUG Engine               - userAppClass: class com.sunsofgod.PlatformerApp
20:28:58.547 [FXGL Background Thread 3 ] DEBUG Engine               - version: 0.0
20:28:58.547 [FXGL Background Thread 3 ] DEBUG Engine               - versionCheckDays: 7
20:28:58.547 [FXGL Background Thread 3 ] DEBUG Engine               - width: 1280
20:28:58.547 [FXGL Background Thread 3 ] DEBUG Engine               - Logging services
20:28:58.547 [FXGL Background Thread 3 ] DEBUG Engine               - class com.almasb.fxgl.app.services.FXGLAssetLoaderService
20:28:58.547 [FXGL Background Thread 3 ] DEBUG Engine               - class com.almasb.fxgl.app.FXGLApplication$GameApplicationService
20:28:58.547 [FXGL Background Thread 3 ] DEBUG Engine               - class com.almasb.fxgl.app.services.FXGLDialogService
20:28:58.547 [FXGL Background Thread 3 ] DEBUG Engine               - class com.almasb.fxgl.app.services.IOTaskExecutorService
20:28:58.548 [FXGL Background Thread 3 ] DEBUG Engine               - class com.almasb.fxgl.io.FileSystemService
20:28:58.548 [FXGL Background Thread 3 ] DEBUG Engine               - class com.almasb.fxgl.localization.LocalizationService
20:28:58.548 [FXGL Background Thread 3 ] DEBUG Engine               - class com.almasb.fxgl.app.services.SystemBundleService
20:28:58.548 [FXGL Background Thread 3 ] DEBUG Engine               - class com.almasb.fxgl.profile.SaveLoadService
20:28:58.548 [FXGL Background Thread 3 ] DEBUG Engine               - class com.almasb.fxgl.ui.FXGLUIFactoryServiceProvider
20:28:58.548 [FXGL Background Thread 3 ] DEBUG Engine               - class com.almasb.fxgl.ui.FXGLDialogFactoryServiceProvider
20:28:58.548 [FXGL Background Thread 3 ] DEBUG Engine               - class com.almasb.fxgl.audio.AudioPlayer
20:28:58.548 [FXGL Background Thread 3 ] DEBUG Engine               - class com.almasb.fxgl.notification.impl.NotificationServiceProvider
20:28:58.548 [FXGL Background Thread 3 ] DEBUG Engine               - class com.almasb.fxgl.achievement.AchievementService
20:28:58.548 [FXGL Background Thread 3 ] DEBUG Engine               - class com.almasb.fxgl.cutscene.CutsceneService
20:28:58.548 [FXGL Background Thread 3 ] DEBUG Engine               - class com.almasb.fxgl.minigames.MiniGameService
20:28:58.548 [FXGL Background Thread 3 ] DEBUG Engine               - class com.almasb.fxgl.net.NetService
20:28:58.548 [FXGL Background Thread 3 ] DEBUG Engine               - class com.almasb.fxgl.app.services.UpdaterService
20:28:58.548 [FXGL Background Thread 3 ] DEBUG Engine               - class com.almasb.fxgl.dev.DevService
20:29:04.503 [JavaFX Application Thread] DEBUG FXGLApplication      - Exiting FXGL
20:29:04.503 [JavaFX Application Thread] DEBUG LoopRunner           - Stopping loop
20:29:04.503 [JavaFX Application Thread] DEBUG SystemBundleService  - Saving FXGL system data
20:29:04.505 [JavaFX Application Thread] DEBUG FileSystemAccess     - Writing to: C:\Users\user\Desktop\JavaFXGame\system\fxgl.bundle
20:29:04.506 [JavaFX Application Thread] DEBUG Async                - Shutting down background threads
20:29:04.506 [JavaFX Application Thread] DEBUG PrimaryStageWindow   - Closing main window
20:29:04.515 [JavaFX Application Thread] DEBUG Logger               - Closing Logger
