21:59:38.540 [main                     ] DEBUG Logger               - Configured Logger
21:59:38.556 [main                     ] DEBUG GameApplication      - Logging settings
Title: Untitled
Version: 0.0
Width: 1280
Height: 720
Fullscreen: false
Intro: false
Profiling: false
Single step:false
App Mode: DEVELOPER
Menu Key: ESCAPE
Stage Style: DECORATED
Scene Factory: class com.sunsofgod.PlatformerApp$1

21:59:38.810 [JavaFX Application Thread] DEBUG FXGLApplication      - Initializing FXGL
21:59:38.813 [JavaFX Application Thread] INFO  Engine               - FXGL-17.2 (20.08.2022 16.50) on WINDOWS (J:21.0.4 FX:17.0.12)
21:59:38.813 [JavaFX Application Thread] DEBUG Engine               - JRE Vendor Name: Eclipse Adoptium
21:59:38.813 [JavaFX Application Thread] DEBUG Engine               - Running on OS: Windows 11 version 10.0
21:59:38.813 [JavaFX Application Thread] DEBUG Engine               - Architecture: amd64
21:59:38.814 [JavaFX Application Thread] INFO  Engine               - Source code and latest versions at: https://github.com/AlmasB/FXGL
21:59:38.814 [JavaFX Application Thread] INFO  Engine               -       Ask questions and discuss at: https://github.com/AlmasB/FXGL/discussions
21:59:38.814 [JavaFX Application Thread] INFO  Engine               -              Join the FXGL chat at: https://gitter.im/AlmasB/FXGL
21:59:38.867 [JavaFX Application Thread] DEBUG PrimaryStageWindow   - Creating a JavaFX scene
21:59:38.894 [JavaFX Application Thread] DEBUG PrimaryStageWindow   - Target settings size: 1280.0 x 720.0
21:59:38.894 [JavaFX Application Thread] DEBUG PrimaryStageWindow   - Scaled scene size:    1280.0 x 720.0
21:59:38.894 [JavaFX Application Thread] DEBUG PrimaryStageWindow   - Scaled ratio: (1.0, 1.0)
21:59:38.895 [JavaFX Application Thread] DEBUG PrimaryStageWindow   - Set initial scene to FXGLStartupScene
21:59:38.899 [JavaFX Application Thread] DEBUG PrimaryStageWindow   - Opening main window
21:59:38.947 [JavaFX Application Thread] DEBUG PrimaryStageWindow   - Window border size: (16.0, 39.0)
21:59:38.947 [JavaFX Application Thread] DEBUG PrimaryStageWindow   - Scaled size: 1280.0 x 720.0
21:59:38.947 [JavaFX Application Thread] DEBUG PrimaryStageWindow   - Scaled ratio: (1.0, 1.0)
21:59:38.947 [JavaFX Application Thread] DEBUG PrimaryStageWindow   - Scene size: 1280.0 x 720.0
21:59:38.948 [JavaFX Application Thread] DEBUG PrimaryStageWindow   - Stage size: 1296.0 x 759.0
21:59:38.952 [FXGL Background Thread 1 ] DEBUG Engine               - Initializing environment variables
21:59:38.980 [FXGL Background Thread 1 ] DEBUG FXGLAssetLoaderServi - User app class for loading assets: class com.sunsofgod.PlatformerApp
21:59:38.980 [FXGL Background Thread 1 ] DEBUG GameApplicationServi - Applying CSS: fxgl_dark.css
21:59:38.981 [FXGL Background Thread 1 ] DEBUG FXGLAssetLoaderServi - Loading from file system: jar:file:///C:/Users/Balong/.m2/repository/com/github/almasb/fxgl/17.2/fxgl-17.2.jar!/fxglassets/ui/css/fxgl_dark.css
21:59:39.011 [FXGL Background Thread 1 ] DEBUG GameApplicationServi - Initializing application scenes
21:59:39.039 [FXGL Background Thread 1 ] DEBUG FXGLAssetLoaderServi - Loading from file system: file:/C:/Users/Balong/Desktop/JavaFXGame-1/target/classes/assets/textures/player.png
21:59:39.054 [FXGL Background Thread 1 ] DEBUG GameWorld            - Game world initialized
21:59:39.089 [FXGL Background Thread 1 ] DEBUG PhysicsWorld         - Physics world initialized: appHeight=720, physics.ppm=50.0
21:59:39.089 [FXGL Background Thread 1 ] DEBUG PhysicsWorld         - Using strategy: BRUTE_FORCE
21:59:39.091 [FXGL Background Thread 1 ] DEBUG GameScene            - Game scene initialized: 1280x720
21:59:39.268 [FXGL Background Thread 1 ] DEBUG FXGL.DefaultMenu     - createMenuBodyGameMenu()
21:59:39.275 [FXGL Background Thread 1 ] DEBUG FXGL.DefaultMenu     - createOptionsMenu()
21:59:39.280 [FXGL Background Thread 1 ] DEBUG FXGLAssetLoaderServi - Loading from file system: jar:file:///C:/Users/Balong/.m2/repository/com/github/almasb/fxgl/17.2/fxgl-17.2.jar!/fxglassets/textures/particles/smoke.png
21:59:39.317 [FXGL Background Thread 1 ] DEBUG FXGLAssetLoaderServi - Loading from file system: jar:file:///C:/Users/Balong/.m2/repository/com/github/almasb/fxgl/17.2/fxgl-17.2.jar!/fxglassets/textures/particles/trace_horizontal.png
21:59:39.326 [FXGL Background Thread 1 ] DEBUG GameApplicationServi - Application scenes initialized
21:59:39.334 [FXGL Background Thread 1 ] DEBUG SystemBundleService  - Loading FXGL system data
21:59:39.337 [FXGL Background Thread 1 ] DEBUG FileSystemAccess     - Reading from: C:\Users\Balong\Desktop\JavaFXGame-1\system\fxgl.bundle
21:59:39.343 [FXGL Background Thread 1 ] DEBUG SystemBundleService  - Bundle FXGL: {}
21:59:39.343 [FXGL Background Thread 1 ] DEBUG UpdaterService       - Checking for updates
21:59:39.356 [FXGL Background Thread 4 ] DEBUG FXGLApplication      - Loading fonts
21:59:39.356 [FXGL Background Thread 4 ] DEBUG FXGLAssetLoaderServi - Loading from file system: jar:file:///C:/Users/Balong/.m2/repository/com/github/almasb/fxgl/17.2/fxgl-17.2.jar!/fxglassets/ui/fonts/VarelaRound-Regular.ttf
21:59:39.356 [FXGL Background Thread 1 ] DEBUG FXGLApplication      - Loading default localization
21:59:39.357 [FXGL Background Thread 1 ] DEBUG FXGLAssetLoaderServi - Loading from file system: jar:file:///C:/Users/Balong/.m2/repository/com/github/almasb/fxgl/17.2/fxgl-17.2.jar!/fxglassets/languages/english.lang
21:59:39.367 [FXGL Background Thread 1 ] INFO  FXGLApplication      - FXGL initialization took: 0.415 sec
21:59:39.368 [JavaFX Application Thread] DEBUG FXGLAssetLoaderServi - Loading from file system: jar:file:///C:/Users/Balong/.m2/repository/com/github/almasb/fxgl/17.2/fxgl-17.2.jar!/fxglassets/textures/fxgl_icon.png
21:59:39.381 [JavaFX Application Thread] DEBUG FXGLAssetLoaderServi - Loading from file system: jar:file:///C:/Users/Balong/.m2/repository/com/github/almasb/fxgl/17.2/fxgl-17.2.jar!/fxglassets/textures/fxgl_default_cursor.png
21:59:39.383 [FXGL Background Thread 4 ] DEBUG FXGLAssetLoaderServi - Loading from file system: jar:file:///C:/Users/Balong/.m2/repository/com/github/almasb/fxgl/17.2/fxgl-17.2.jar!/fxglassets/ui/fonts/Abel-Regular.ttf
21:59:39.387 [JavaFX Application Thread] DEBUG Input                - Registered new binding: Screenshot - CTRL+8
21:59:39.387 [JavaFX Application Thread] DEBUG Input                - Registered new binding: Dev Options - 1
21:59:39.387 [JavaFX Application Thread] DEBUG Input                - Registered new binding: Dev Console - 2
21:59:39.388 [JavaFX Application Thread] DEBUG Input                - Registered new binding: System info dump - CTRL+9
21:59:39.388 [JavaFX Application Thread] DEBUG Input                - Registered new binding: Restart - CTRL+R
21:59:39.388 [JavaFX Application Thread] DEBUG Input                - Registered new binding: Toggle Debug Camera - CTRL+7
21:59:39.390 [JavaFX Application Thread] DEBUG LoopRunner           - Starting loop
21:59:39.391 [FXGL Background Thread 4 ] DEBUG FXGLAssetLoaderServi - Loading from file system: jar:file:///C:/Users/Balong/.m2/repository/com/github/almasb/fxgl/17.2/fxgl-17.2.jar!/fxglassets/ui/fonts/TerminalLandMono-Regular.otf
21:59:39.398 [JavaFX Application Thread] DEBUG LoopRunner           - Initializing JavaFX AnimationTimerLoop
21:59:39.399 [JavaFX Application Thread] DEBUG Input                - Clearing active input actions
21:59:39.405 [JavaFX Application Thread] DEBUG GameApplicationServi - Removing overlay from FXGLStartupScene and adding to FXGLMainMenuDummyScene
21:59:39.407 [FXGL Background Thread 4 ] DEBUG FXGLAssetLoaderServi - Loading from file system: jar:file:///C:/Users/Balong/.m2/repository/com/github/almasb/fxgl/17.2/fxgl-17.2.jar!/fxglassets/ui/fonts/Courier-Prime.ttf
21:59:39.408 [JavaFX Application Thread] DEBUG PrimaryStageWindow   - FXGLStartupScene -> FXGLMainMenuDummyScene
21:59:39.408 [JavaFX Application Thread] DEBUG PrimaryStageWindow   - Push state: RiderMainMenuScene
21:59:39.408 [JavaFX Application Thread] DEBUG Input                - Clearing active input actions
21:59:39.411 [JavaFX Application Thread] DEBUG GameApplicationServi - Removing overlay from FXGLMainMenuDummyScene and adding to RiderMainMenuScene
21:59:39.412 [JavaFX Application Thread] DEBUG PrimaryStageWindow   - FXGLMainMenuDummyScene -> RiderMainMenuScene
21:59:39.532 [JavaFX Application Thread] DEBUG FXGLApplication      - Registering font factories with UI factory
21:59:39.640 [FXGL Background Thread 2 ] INFO  UpdaterService       - Your current version:  17.2
21:59:39.641 [FXGL Background Thread 2 ] INFO  UpdaterService       - Latest stable version: 21.1
21:59:40.039 [JavaFX Application Thread] DEBUG PrimaryStageWindow   - Push state: PlayerSelectScene
21:59:40.040 [JavaFX Application Thread] DEBUG Input                - Clearing active input actions
21:59:40.040 [JavaFX Application Thread] DEBUG GameApplicationServi - Removing overlay from RiderMainMenuScene and adding to PlayerSelectScene
21:59:40.041 [JavaFX Application Thread] DEBUG PrimaryStageWindow   - RiderMainMenuScene -> PlayerSelectScene
21:59:40.894 [JavaFX Application Thread] DEBUG PrimaryStageWindow   - Push state: LevelSelectScene
21:59:40.895 [JavaFX Application Thread] DEBUG Input                - Clearing active input actions
21:59:40.895 [JavaFX Application Thread] DEBUG GameApplicationServi - Removing overlay from PlayerSelectScene and adding to LevelSelectScene
21:59:40.896 [JavaFX Application Thread] DEBUG PrimaryStageWindow   - PlayerSelectScene -> LevelSelectScene
21:59:41.537 [JavaFX Application Thread] DEBUG Menu                 - fireNewGame()
21:59:41.537 [JavaFX Application Thread] DEBUG GameApplicationServi - Starting new game
21:59:41.537 [JavaFX Application Thread] DEBUG PrimaryStageWindow   - Pop state: LevelSelectScene
21:59:41.537 [JavaFX Application Thread] DEBUG Input                - Clearing active input actions
21:59:41.538 [JavaFX Application Thread] DEBUG GameApplicationServi - Removing overlay from LevelSelectScene and adding to PlayerSelectScene
21:59:41.539 [JavaFX Application Thread] DEBUG PrimaryStageWindow   - PlayerSelectScene <- LevelSelectScene
21:59:41.539 [JavaFX Application Thread] DEBUG PrimaryStageWindow   - Pop state: PlayerSelectScene
21:59:41.539 [JavaFX Application Thread] DEBUG Input                - Clearing active input actions
21:59:41.540 [JavaFX Application Thread] DEBUG GameApplicationServi - Removing overlay from PlayerSelectScene and adding to RiderMainMenuScene
21:59:41.540 [JavaFX Application Thread] DEBUG PrimaryStageWindow   - RiderMainMenuScene <- PlayerSelectScene
21:59:41.540 [JavaFX Application Thread] DEBUG PrimaryStageWindow   - Pop state: RiderMainMenuScene
21:59:41.540 [JavaFX Application Thread] DEBUG Input                - Clearing active input actions
21:59:41.540 [JavaFX Application Thread] DEBUG GameApplicationServi - Removing overlay from RiderMainMenuScene and adding to FXGLMainMenuDummyScene
21:59:41.541 [JavaFX Application Thread] DEBUG PrimaryStageWindow   - FXGLMainMenuDummyScene <- RiderMainMenuScene
21:59:41.541 [JavaFX Application Thread] DEBUG Input                - Clearing active input actions
21:59:41.545 [JavaFX Application Thread] DEBUG GameApplicationServi - Removing overlay from FXGLMainMenuDummyScene and adding to MainLoadingScene
21:59:41.545 [JavaFX Application Thread] DEBUG PrimaryStageWindow   - FXGLMainMenuDummyScene -> MainLoadingScene
21:59:41.545 [JavaFX Application Thread] DEBUG GameApplicationServi - Clearing previous game
21:59:41.545 [JavaFX Application Thread] DEBUG GameScene            - Clearing game scene
21:59:41.545 [JavaFX Application Thread] DEBUG GameWorld            - Clearing game world
21:59:41.545 [JavaFX Application Thread] DEBUG PhysicsWorld         - Clearing physics world
21:59:41.546 [FXGL Background Thread 2 ] DEBUG FXGLApplication      - Initializing game
21:59:41.567 [FXGL Background Thread 2 ] WARN  TMXLevelLoader       - TiledMap generated from 1.2.3. Supported version: 1.9.0. Some features may not be parsed fully.
21:59:41.571 [FXGL Background Thread 2 ] DEBUG TMXLevelLoader       - Parsed TiledMap: file:/C:/Users/Balong/Desktop/JavaFXGame-1/target/classes/assets/levels/tmx/level4.tmx
21:59:41.572 [FXGL Background Thread 2 ] DEBUG TMXLevelLoader       - Creating tile layer entities
21:59:41.573 [FXGL Background Thread 2 ] DEBUG TilesetLoader        - Loading view for layer Tile Layer 1
21:59:41.575 [FXGL Background Thread 2 ] DEBUG TilesetLoader        - Created buffer with size 1050.0x700.0
21:59:41.583 [FXGL Background Thread 2 ] DEBUG TMXLevelLoader       - Creating object layer entities
21:59:41.596 [FXGL Background Thread 2 ] DEBUG FXGLAssetLoaderServi - Loading from file system: file:/C:/Users/Balong/Desktop/JavaFXGame-1/target/classes/assets/textures/button.png
21:59:41.599 [FXGL Background Thread 2 ] DEBUG GameWorld            - Clearing removable entities
21:59:41.599 [FXGL Background Thread 2 ] DEBUG GameWorld            - Setting level: com.almasb.fxgl.entity.level.Level@55478d7a
21:59:41.616 [FXGL Background Thread 2 ] DEBUG Input                - Registered new binding: Jump0 - W
21:59:41.616 [FXGL Background Thread 2 ] DEBUG Input                - Registered new binding: Left0 - A
21:59:41.616 [FXGL Background Thread 2 ] DEBUG Input                - Registered new binding: Right0 - D
21:59:41.617 [FXGL Background Thread 2 ] DEBUG Input                - Registered new binding: Use0 - E
21:59:41.617 [FXGL Background Thread 2 ] DEBUG Input                - Registered new binding: Jump1 - Up
21:59:41.617 [FXGL Background Thread 2 ] DEBUG Input                - Registered new binding: Left1 - Left
21:59:41.617 [FXGL Background Thread 2 ] DEBUG Input                - Registered new binding: Right1 - Right
21:59:41.617 [FXGL Background Thread 2 ] DEBUG Input                - Registered new binding: Use1 - Slash
21:59:41.618 [FXGL Background Thread 2 ] DEBUG FXGLAssetLoaderServi - Loading from file system: file:/C:/Users/Balong/Desktop/JavaFXGame-1/target/classes/assets/textures/background/manila.png
21:59:41.629 [FXGL Background Thread 2 ] INFO  FXGLApplication      - Game initialization took: 0.083 sec
21:59:41.630 [JavaFX Application Thread] DEBUG Input                - Clearing active input actions
21:59:41.634 [JavaFX Application Thread] DEBUG GameApplicationServi - Removing overlay from MainLoadingScene and adding to GameScene
21:59:41.635 [JavaFX Application Thread] DEBUG PrimaryStageWindow   - MainLoadingScene -> GameScene
21:59:42.356 [FXGL Background Thread 3 ] DEBUG Engine               - Logging environment variables
21:59:42.356 [FXGL Background Thread 3 ] DEBUG Engine               - achievements: []
21:59:42.356 [FXGL Background Thread 3 ] DEBUG Engine               - actualHeight: 720.0
21:59:42.356 [FXGL Background Thread 3 ] DEBUG Engine               - actualHeightProperty: ReadOnlyDoubleProperty [value: 720.0]
21:59:42.356 [FXGL Background Thread 3 ] DEBUG Engine               - actualWidth: 1280.0
21:59:42.356 [FXGL Background Thread 3 ] DEBUG Engine               - actualWidthProperty: ReadOnlyDoubleProperty [value: 1280.0]
21:59:42.356 [FXGL Background Thread 3 ] DEBUG Engine               - appIcon: fxgl_icon.png
21:59:42.356 [FXGL Background Thread 3 ] DEBUG Engine               - applicationMode: DEVELOPER
21:59:42.356 [FXGL Background Thread 3 ] DEBUG Engine               - cSSList: [fxgl_dark.css]
21:59:42.357 [FXGL Background Thread 3 ] DEBUG Engine               - collisionDetectionStrategy: BRUTE_FORCE
21:59:42.357 [FXGL Background Thread 3 ] DEBUG Engine               - configClass: Optional.empty
21:59:42.357 [FXGL Background Thread 3 ] DEBUG Engine               - credits: []
21:59:42.357 [FXGL Background Thread 3 ] DEBUG Engine               - defaultCursor: CursorInfo(imageName=fxgl_default_cursor.png, hotspotX=7.0, hotspotY=6.0)
21:59:42.357 [FXGL Background Thread 3 ] DEBUG Engine               - devBBoxColorProperty: ObjectProperty [value: 0xff0000ff]
21:59:42.357 [FXGL Background Thread 3 ] DEBUG Engine               - devEnableDebugCameraProperty: BooleanProperty [value: false]
21:59:42.357 [FXGL Background Thread 3 ] DEBUG Engine               - devSensorColorProperty: ObjectProperty [value: 0xffff00ff]
21:59:42.357 [FXGL Background Thread 3 ] DEBUG Engine               - devShowBBoxProperty: BooleanProperty [value: false]
21:59:42.357 [FXGL Background Thread 3 ] DEBUG Engine               - devShowPositionProperty: BooleanProperty [value: false]
21:59:42.357 [FXGL Background Thread 3 ] DEBUG Engine               - enabledMenuItems: []
21:59:42.357 [FXGL Background Thread 3 ] DEBUG Engine               - engineServices: [class com.almasb.fxgl.app.services.FXGLAssetLoaderService, class com.almasb.fxgl.app.FXGLApplication$GameApplicationService, class com.almasb.fxgl.app.services.FXGLDialogService, class com.almasb.fxgl.app.services.IOTaskExecutorService, class com.almasb.fxgl.io.FileSystemService, class com.almasb.fxgl.localization.LocalizationService, class com.almasb.fxgl.app.services.SystemBundleService, class com.almasb.fxgl.profile.SaveLoadService, class com.almasb.fxgl.ui.FXGLUIFactoryServiceProvider, class com.almasb.fxgl.ui.FXGLDialogFactoryServiceProvider, class com.almasb.fxgl.audio.AudioPlayer, class com.almasb.fxgl.notification.impl.NotificationServiceProvider, class com.almasb.fxgl.achievement.AchievementService, class com.almasb.fxgl.cutscene.CutsceneService, class com.almasb.fxgl.minigames.MiniGameService, class com.almasb.fxgl.net.NetService, class com.almasb.fxgl.app.services.UpdaterService, class com.almasb.fxgl.dev.DevService]
21:59:42.357 [FXGL Background Thread 3 ] DEBUG Engine               - fontGame: Abel-Regular.ttf
21:59:42.357 [FXGL Background Thread 3 ] DEBUG Engine               - fontMono: TerminalLandMono-Regular.otf
21:59:42.357 [FXGL Background Thread 3 ] DEBUG Engine               - fontText: Courier-Prime.ttf
21:59:42.357 [FXGL Background Thread 3 ] DEBUG Engine               - fontUI: VarelaRound-Regular.ttf
21:59:42.357 [FXGL Background Thread 3 ] DEBUG Engine               - fullScreen: BooleanProperty [value: false]
21:59:42.357 [FXGL Background Thread 3 ] DEBUG Engine               - gameDifficulty: MEDIUM
21:59:42.357 [FXGL Background Thread 3 ] DEBUG Engine               - gameDifficultyProperty: ObjectProperty [value: MEDIUM]
21:59:42.357 [FXGL Background Thread 3 ] DEBUG Engine               - globalMusicVolume: 0.5
21:59:42.357 [FXGL Background Thread 3 ] DEBUG Engine               - globalMusicVolumeProperty: DoubleProperty [value: 0.25]
21:59:42.358 [FXGL Background Thread 3 ] DEBUG Engine               - globalSoundVolume: 0.5
21:59:42.358 [FXGL Background Thread 3 ] DEBUG Engine               - globalSoundVolumeProperty: DoubleProperty [value: 0.5]
21:59:42.358 [FXGL Background Thread 3 ] DEBUG Engine               - height: 720
21:59:42.358 [FXGL Background Thread 3 ] DEBUG Engine               - is3D: false
21:59:42.358 [FXGL Background Thread 3 ] DEBUG Engine               - isAndroid: false
21:59:42.358 [FXGL Background Thread 3 ] DEBUG Engine               - isBrowser: false
21:59:42.358 [FXGL Background Thread 3 ] DEBUG Engine               - isClickFeedbackEnabled: false
21:59:42.358 [FXGL Background Thread 3 ] DEBUG Engine               - isCloseConfirmation: false
21:59:42.358 [FXGL Background Thread 3 ] DEBUG Engine               - isDesktop: true
21:59:42.358 [FXGL Background Thread 3 ] DEBUG Engine               - isDeveloperMenuEnabled: true
21:59:42.358 [FXGL Background Thread 3 ] DEBUG Engine               - isEmbedded: false
21:59:42.358 [FXGL Background Thread 3 ] DEBUG Engine               - isEntityPreloadEnabled: true
21:59:42.358 [FXGL Background Thread 3 ] DEBUG Engine               - isExperimentalTiledLargeMap: false
21:59:42.358 [FXGL Background Thread 3 ] DEBUG Engine               - isFileSystemWriteAllowed: true
21:59:42.358 [FXGL Background Thread 3 ] DEBUG Engine               - isFullScreenAllowed: false
21:59:42.358 [FXGL Background Thread 3 ] DEBUG Engine               - isFullScreenFromStart: false
21:59:42.358 [FXGL Background Thread 3 ] DEBUG Engine               - isGameMenuEnabled: true
21:59:42.358 [FXGL Background Thread 3 ] DEBUG Engine               - isIOS: false
21:59:42.358 [FXGL Background Thread 3 ] DEBUG Engine               - isIntroEnabled: false
21:59:42.358 [FXGL Background Thread 3 ] DEBUG Engine               - isLinux: false
21:59:42.358 [FXGL Background Thread 3 ] DEBUG Engine               - isMac: false
21:59:42.358 [FXGL Background Thread 3 ] DEBUG Engine               - isMainMenuEnabled: true
21:59:42.358 [FXGL Background Thread 3 ] DEBUG Engine               - isManualResizeEnabled: false
21:59:42.358 [FXGL Background Thread 3 ] DEBUG Engine               - isMobile: false
21:59:42.358 [FXGL Background Thread 3 ] DEBUG Engine               - isNative: false
21:59:42.358 [FXGL Background Thread 3 ] DEBUG Engine               - isPauseMusicWhenMinimized: true
21:59:42.358 [FXGL Background Thread 3 ] DEBUG Engine               - isPreserveResizeRatio: false
21:59:42.358 [FXGL Background Thread 3 ] DEBUG Engine               - isProfilingEnabled: false
21:59:42.358 [FXGL Background Thread 3 ] DEBUG Engine               - isScaleAffectedOnResize: true
21:59:42.359 [FXGL Background Thread 3 ] DEBUG Engine               - isSingleStep: false
21:59:42.359 [FXGL Background Thread 3 ] DEBUG Engine               - isUserProfileEnabled: false
21:59:42.359 [FXGL Background Thread 3 ] DEBUG Engine               - isWindows: true
21:59:42.359 [FXGL Background Thread 3 ] DEBUG Engine               - language: ObjectProperty [value: ENGLISH]
21:59:42.359 [FXGL Background Thread 3 ] DEBUG Engine               - menuKey: ESCAPE
21:59:42.359 [FXGL Background Thread 3 ] DEBUG Engine               - mouseSensitivity: 0.2
21:59:42.359 [FXGL Background Thread 3 ] DEBUG Engine               - notificationViewClass: class com.almasb.fxgl.notification.view.XboxNotificationView
21:59:42.359 [FXGL Background Thread 3 ] DEBUG Engine               - pixelsPerMeter: 50.0
21:59:42.359 [FXGL Background Thread 3 ] DEBUG Engine               - platform: WINDOWS
21:59:42.359 [FXGL Background Thread 3 ] DEBUG Engine               - prefHeightProperty: ReadOnlyDoubleProperty [value: 720.0]
21:59:42.359 [FXGL Background Thread 3 ] DEBUG Engine               - prefWidthProperty: ReadOnlyDoubleProperty [value: 1280.0]
21:59:42.359 [FXGL Background Thread 3 ] DEBUG Engine               - profileDir: profiles/
21:59:42.359 [FXGL Background Thread 3 ] DEBUG Engine               - profileName: StringProperty [value: DEFAULT]
21:59:42.359 [FXGL Background Thread 3 ] DEBUG Engine               - randomSeed: -1
21:59:42.359 [FXGL Background Thread 3 ] DEBUG Engine               - runtimeInfo: RuntimeInfo(platform=WINDOWS, version=17.2, build=20.08.2022 16.50)
21:59:42.359 [FXGL Background Thread 3 ] DEBUG Engine               - saveFileExt: sav
21:59:42.359 [FXGL Background Thread 3 ] DEBUG Engine               - scaledHeightProp$fxgl: DoubleProperty [bound, value: 720.0]
21:59:42.359 [FXGL Background Thread 3 ] DEBUG Engine               - scaledWidthProp$fxgl: DoubleProperty [bound, value: 1280.0]
21:59:42.359 [FXGL Background Thread 3 ] DEBUG Engine               - sceneFactory: com.sunsofgod.PlatformerApp$1@5d30d51f
21:59:42.359 [FXGL Background Thread 3 ] DEBUG Engine               - secondsIn24h: 60
21:59:42.359 [FXGL Background Thread 3 ] DEBUG Engine               - soundMenuBack: menu/back.wav
21:59:42.359 [FXGL Background Thread 3 ] DEBUG Engine               - soundMenuPress: menu/press.wav
21:59:42.359 [FXGL Background Thread 3 ] DEBUG Engine               - soundMenuSelect: menu/select.wav
21:59:42.359 [FXGL Background Thread 3 ] DEBUG Engine               - soundNotification: core/notification.wav
21:59:42.359 [FXGL Background Thread 3 ] DEBUG Engine               - stageStyle: DECORATED
21:59:42.359 [FXGL Background Thread 3 ] DEBUG Engine               - supportedLanguages: [ENGLISH, FRENCH, GERMAN, HUNGARIAN, RUSSIAN]
21:59:42.359 [FXGL Background Thread 3 ] DEBUG Engine               - ticksPerSecond: -1
21:59:42.360 [FXGL Background Thread 3 ] DEBUG Engine               - title: Untitled
21:59:42.360 [FXGL Background Thread 3 ] DEBUG Engine               - urlGithub: https://github.com/AlmasB/FXGL
21:59:42.360 [FXGL Background Thread 3 ] DEBUG Engine               - urlLeaderboard: http://fxgl-top.herokuapp.com/
21:59:42.360 [FXGL Background Thread 3 ] DEBUG Engine               - urlPOM: https://raw.githubusercontent.com/AlmasB/FXGL/release/README.md
21:59:42.360 [FXGL Background Thread 3 ] DEBUG Engine               - userAppClass: class com.sunsofgod.PlatformerApp
21:59:42.360 [FXGL Background Thread 3 ] DEBUG Engine               - version: 0.0
21:59:42.360 [FXGL Background Thread 3 ] DEBUG Engine               - versionCheckDays: 7
21:59:42.360 [FXGL Background Thread 3 ] DEBUG Engine               - width: 1280
21:59:42.360 [FXGL Background Thread 3 ] DEBUG Engine               - Logging services
21:59:42.360 [FXGL Background Thread 3 ] DEBUG Engine               - class com.almasb.fxgl.app.services.FXGLAssetLoaderService
21:59:42.360 [FXGL Background Thread 3 ] DEBUG Engine               - class com.almasb.fxgl.app.FXGLApplication$GameApplicationService
21:59:42.360 [FXGL Background Thread 3 ] DEBUG Engine               - class com.almasb.fxgl.app.services.FXGLDialogService
21:59:42.360 [FXGL Background Thread 3 ] DEBUG Engine               - class com.almasb.fxgl.app.services.IOTaskExecutorService
21:59:42.360 [FXGL Background Thread 3 ] DEBUG Engine               - class com.almasb.fxgl.io.FileSystemService
21:59:42.360 [FXGL Background Thread 3 ] DEBUG Engine               - class com.almasb.fxgl.localization.LocalizationService
21:59:42.360 [FXGL Background Thread 3 ] DEBUG Engine               - class com.almasb.fxgl.app.services.SystemBundleService
21:59:42.360 [FXGL Background Thread 3 ] DEBUG Engine               - class com.almasb.fxgl.profile.SaveLoadService
21:59:42.360 [FXGL Background Thread 3 ] DEBUG Engine               - class com.almasb.fxgl.ui.FXGLUIFactoryServiceProvider
21:59:42.360 [FXGL Background Thread 3 ] DEBUG Engine               - class com.almasb.fxgl.ui.FXGLDialogFactoryServiceProvider
21:59:42.360 [FXGL Background Thread 3 ] DEBUG Engine               - class com.almasb.fxgl.audio.AudioPlayer
21:59:42.360 [FXGL Background Thread 3 ] DEBUG Engine               - class com.almasb.fxgl.notification.impl.NotificationServiceProvider
21:59:42.360 [FXGL Background Thread 3 ] DEBUG Engine               - class com.almasb.fxgl.achievement.AchievementService
21:59:42.360 [FXGL Background Thread 3 ] DEBUG Engine               - class com.almasb.fxgl.cutscene.CutsceneService
21:59:42.360 [FXGL Background Thread 3 ] DEBUG Engine               - class com.almasb.fxgl.minigames.MiniGameService
21:59:42.360 [FXGL Background Thread 3 ] DEBUG Engine               - class com.almasb.fxgl.net.NetService
21:59:42.360 [FXGL Background Thread 3 ] DEBUG Engine               - class com.almasb.fxgl.app.services.UpdaterService
21:59:42.360 [FXGL Background Thread 3 ] DEBUG Engine               - class com.almasb.fxgl.dev.DevService
22:00:01.046 [JavaFX Application Thread] WARN  TMXLevelLoader       - TiledMap generated from 1.2.3. Supported version: 1.9.0. Some features may not be parsed fully.
22:00:01.048 [JavaFX Application Thread] DEBUG TMXLevelLoader       - Parsed TiledMap: file:/C:/Users/Balong/Desktop/JavaFXGame-1/target/classes/assets/levels/tmx/level4.tmx
22:00:01.048 [JavaFX Application Thread] DEBUG TMXLevelLoader       - Creating tile layer entities
22:00:01.048 [JavaFX Application Thread] DEBUG TilesetLoader        - Loading view for layer Tile Layer 1
22:00:01.051 [JavaFX Application Thread] DEBUG TilesetLoader        - Created buffer with size 1050.0x700.0
22:00:01.062 [JavaFX Application Thread] DEBUG TMXLevelLoader       - Creating object layer entities
22:00:01.064 [JavaFX Application Thread] DEBUG GameWorld            - Clearing removable entities
22:00:01.066 [JavaFX Application Thread] DEBUG GameWorld            - Setting level: com.almasb.fxgl.entity.level.Level@4d5280ad
22:01:59.025 [JavaFX Application Thread] DEBUG PrimaryStageWindow   - Push state: FXGLDefaultMenu
22:01:59.026 [JavaFX Application Thread] DEBUG Input                - Clearing active input actions
22:01:59.027 [JavaFX Application Thread] DEBUG GameApplicationServi - Removing overlay from GameScene and adding to FXGLDefaultMenu
22:01:59.028 [JavaFX Application Thread] DEBUG PrimaryStageWindow   - GameScene -> FXGLDefaultMenu
22:02:01.301 [JavaFX Application Thread] DEBUG Menu                 - fireExitToMainMenu()
22:02:01.302 [JavaFX Application Thread] DEBUG PrimaryStageWindow   - Push state: DialogSubScene
22:02:01.302 [JavaFX Application Thread] DEBUG Input                - Clearing active input actions
22:02:01.303 [JavaFX Application Thread] DEBUG GameApplicationServi - Removing overlay from FXGLDefaultMenu and adding to DialogSubScene
22:02:01.303 [JavaFX Application Thread] DEBUG PrimaryStageWindow   - FXGLDefaultMenu -> DialogSubScene
22:02:02.061 [JavaFX Application Thread] DEBUG PrimaryStageWindow   - Pop state: DialogSubScene
22:02:02.062 [JavaFX Application Thread] DEBUG Input                - Clearing active input actions
22:02:02.062 [JavaFX Application Thread] DEBUG GameApplicationServi - Removing overlay from DialogSubScene and adding to FXGLDefaultMenu
22:02:02.063 [JavaFX Application Thread] DEBUG PrimaryStageWindow   - FXGLDefaultMenu <- DialogSubScene
22:02:02.065 [JavaFX Application Thread] DEBUG PrimaryStageWindow   - Pop state: FXGLDefaultMenu
22:02:02.066 [JavaFX Application Thread] DEBUG Input                - Clearing active input actions
22:02:02.066 [JavaFX Application Thread] DEBUG GameApplicationServi - Removing overlay from FXGLDefaultMenu and adding to GameScene
22:02:02.066 [JavaFX Application Thread] DEBUG PrimaryStageWindow   - GameScene <- FXGLDefaultMenu
22:02:02.066 [JavaFX Application Thread] DEBUG Input                - Clearing active input actions
22:02:02.068 [JavaFX Application Thread] DEBUG GameApplicationServi - Removing overlay from GameScene and adding to FXGLMainMenuDummyScene
22:02:02.071 [JavaFX Application Thread] DEBUG PrimaryStageWindow   - GameScene -> FXGLMainMenuDummyScene
22:02:02.071 [JavaFX Application Thread] DEBUG PrimaryStageWindow   - Push state: RiderMainMenuScene
22:02:02.071 [JavaFX Application Thread] DEBUG Input                - Clearing active input actions
22:02:02.071 [JavaFX Application Thread] DEBUG GameApplicationServi - Removing overlay from FXGLMainMenuDummyScene and adding to RiderMainMenuScene
22:02:02.071 [JavaFX Application Thread] DEBUG PrimaryStageWindow   - FXGLMainMenuDummyScene -> RiderMainMenuScene
22:02:02.596 [JavaFX Application Thread] DEBUG PrimaryStageWindow   - Push state: PlayerSelectScene
22:02:02.596 [JavaFX Application Thread] DEBUG Input                - Clearing active input actions
22:02:02.597 [JavaFX Application Thread] DEBUG GameApplicationServi - Removing overlay from RiderMainMenuScene and adding to PlayerSelectScene
22:02:02.597 [JavaFX Application Thread] DEBUG PrimaryStageWindow   - RiderMainMenuScene -> PlayerSelectScene
22:02:03.848 [JavaFX Application Thread] DEBUG PrimaryStageWindow   - Push state: LevelSelectScene
22:02:03.849 [JavaFX Application Thread] DEBUG Input                - Clearing active input actions
22:02:03.849 [JavaFX Application Thread] DEBUG GameApplicationServi - Removing overlay from PlayerSelectScene and adding to LevelSelectScene
22:02:03.849 [JavaFX Application Thread] DEBUG PrimaryStageWindow   - PlayerSelectScene -> LevelSelectScene
22:02:04.666 [JavaFX Application Thread] DEBUG Menu                 - fireNewGame()
22:02:04.666 [JavaFX Application Thread] DEBUG GameApplicationServi - Starting new game
22:02:04.666 [JavaFX Application Thread] DEBUG PrimaryStageWindow   - Pop state: LevelSelectScene
22:02:04.666 [JavaFX Application Thread] DEBUG Input                - Clearing active input actions
22:02:04.666 [JavaFX Application Thread] DEBUG GameApplicationServi - Removing overlay from LevelSelectScene and adding to PlayerSelectScene
22:02:04.667 [JavaFX Application Thread] DEBUG PrimaryStageWindow   - PlayerSelectScene <- LevelSelectScene
22:02:04.667 [JavaFX Application Thread] DEBUG PrimaryStageWindow   - Pop state: PlayerSelectScene
22:02:04.667 [JavaFX Application Thread] DEBUG Input                - Clearing active input actions
22:02:04.667 [JavaFX Application Thread] DEBUG GameApplicationServi - Removing overlay from PlayerSelectScene and adding to RiderMainMenuScene
22:02:04.667 [JavaFX Application Thread] DEBUG PrimaryStageWindow   - RiderMainMenuScene <- PlayerSelectScene
22:02:04.667 [JavaFX Application Thread] DEBUG PrimaryStageWindow   - Pop state: RiderMainMenuScene
22:02:04.667 [JavaFX Application Thread] DEBUG Input                - Clearing active input actions
22:02:04.667 [JavaFX Application Thread] DEBUG GameApplicationServi - Removing overlay from RiderMainMenuScene and adding to FXGLMainMenuDummyScene
22:02:04.668 [JavaFX Application Thread] DEBUG PrimaryStageWindow   - FXGLMainMenuDummyScene <- RiderMainMenuScene
22:02:04.668 [JavaFX Application Thread] DEBUG Input                - Clearing active input actions
22:02:04.670 [JavaFX Application Thread] DEBUG GameApplicationServi - Removing overlay from FXGLMainMenuDummyScene and adding to MainLoadingScene
22:02:04.670 [JavaFX Application Thread] DEBUG PrimaryStageWindow   - FXGLMainMenuDummyScene -> MainLoadingScene
22:02:04.670 [JavaFX Application Thread] DEBUG GameApplicationServi - Clearing previous game
22:02:04.670 [JavaFX Application Thread] DEBUG GameScene            - Clearing game scene
22:02:04.670 [JavaFX Application Thread] DEBUG GameWorld            - Clearing game world
22:02:04.670 [JavaFX Application Thread] DEBUG PhysicsWorld         - Clearing physics world
22:02:04.671 [FXGL Background Thread 5 ] DEBUG FXGLApplication      - Initializing game
22:02:04.676 [JavaFX Application Thread] DEBUG LoopRunner           - Stopping loop
22:02:04.677 [JavaFX Application Thread] FATAL FXGLApplication      - Uncaught Exception:
java.lang.RuntimeException: Initialization failed
	at com.almasb.fxgl.all@17.2/com.almasb.fxgl.app.FXGLApplication$InitAppTask.failed(FXGLApplication.kt:343)
	at javafx.graphics/javafx.concurrent.Task.setState(Task.java:710)
	at javafx.graphics/javafx.concurrent.Task$TaskCallable.lambda$call$2(Task.java:1456)
	at javafx.graphics/com.sun.javafx.application.PlatformImpl.lambda$runLater$10(PlatformImpl.java:457)
	at java.base/java.security.AccessController.doPrivileged(AccessController.java:400)
	at javafx.graphics/com.sun.javafx.application.PlatformImpl.lambda$runLater$11(PlatformImpl.java:456)
	at javafx.graphics/com.sun.glass.ui.InvokeLaterDispatcher$Future.run(InvokeLaterDispatcher.java:96)
	at javafx.graphics/com.sun.glass.ui.win.WinApplication._runLoop(Native Method)
	at javafx.graphics/com.sun.glass.ui.win.WinApplication.lambda$runLoop$3(WinApplication.java:184)
	at java.base/java.lang.Thread.run(Thread.java:1583)
Caused by: java.lang.IllegalArgumentException: Component PhysicsComponent not found!
	at com.almasb.fxgl.entity@17.2/com.almasb.fxgl.entity.Entity.getComponent(Entity.java:366)
	at com.sunsofgod/com.sunsofgod.PlatformerApp.setLevel(PlatformerApp.java:367)
	at com.sunsofgod/com.sunsofgod.PlatformerApp.nextLevel(PlatformerApp.java:307)
	at com.sunsofgod/com.sunsofgod.PlatformerApp.initGame(PlatformerApp.java:185)
	at com.almasb.fxgl.all@17.2/com.almasb.fxgl.app.FXGLApplication$InitAppTask.initGame(FXGLApplication.kt:339)
	at com.almasb.fxgl.all@17.2/com.almasb.fxgl.app.FXGLApplication$InitAppTask.call(FXGLApplication.kt:319)
	at com.almasb.fxgl.all@17.2/com.almasb.fxgl.app.FXGLApplication$InitAppTask.call(FXGLApplication.kt:311)
	at javafx.graphics/javafx.concurrent.Task$TaskCallable.call(Task.java:1426)
	at java.base/java.util.concurrent.FutureTask.run(FutureTask.java:317)
	at java.base/java.util.concurrent.Executors$RunnableAdapter.call(Executors.java:572)
	at java.base/java.util.concurrent.FutureTask.run(FutureTask.java:317)
	at java.base/java.util.concurrent.ThreadPoolExecutor.runWorker(ThreadPoolExecutor.java:1144)
	at java.base/java.util.concurrent.ThreadPoolExecutor$Worker.run(ThreadPoolExecutor.java:642)
	... 1 more

22:02:04.679 [JavaFX Application Thread] FATAL FXGLApplication      - Application will now exit
22:02:04.683 [JavaFX Application Thread] DEBUG PrimaryStageWindow   - Push state: ErrorSubScene
22:02:04.683 [JavaFX Application Thread] DEBUG Input                - Clearing active input actions
22:02:04.683 [JavaFX Application Thread] DEBUG GameApplicationServi - Removing overlay from MainLoadingScene and adding to ErrorSubScene
22:02:04.684 [JavaFX Application Thread] DEBUG PrimaryStageWindow   - MainLoadingScene -> ErrorSubScene
22:02:07.577 [JavaFX Application Thread] DEBUG FXGLApplication      - Exiting FXGL
22:02:07.577 [JavaFX Application Thread] DEBUG Async                - Shutting down background threads
22:02:07.577 [JavaFX Application Thread] DEBUG PrimaryStageWindow   - Closing main window
22:02:07.583 [JavaFX Application Thread] DEBUG Logger               - Closing Logger
