17:16:28.544 [main                     ] DEBUG Logger               - Configured Logger
17:16:28.578 [main                     ] DEBUG GameApplication      - Logging settings
Title: Untitled
Version: 0.0
Width: 1280
Height: 720
Fullscreen: false
Intro: false
Profiling: false
Single step:false
App Mode: DEVELOPER
Menu Key: ESCAPE
Stage Style: DECORATED
Scene Factory: class com.almasb.fxgl.app.scene.SceneFactory

17:16:33.993 [JavaFX Application Thread] DEBUG FXGLApplication      - Initializing FXGL
17:16:33.998 [JavaFX Application Thread] INFO  Engine               - FXGL-17.2 (20.08.2022 16.50) on MAC (J:17.0.2 FX:18)
17:16:33.998 [JavaFX Application Thread] DEBUG Engine               - JRE Vendor Name: Oracle Corporation
17:16:33.998 [JavaFX Application Thread] DEBUG Engine               - Running on OS: Mac OS X version 14.6.1
17:16:33.998 [JavaFX Application Thread] DEBUG Engine               - Architecture: aarch64
17:16:33.998 [JavaFX Application Thread] INFO  Engine               - Source code and latest versions at: https://github.com/AlmasB/FXGL
17:16:33.998 [JavaFX Application Thread] INFO  Engine               -       Ask questions and discuss at: https://github.com/AlmasB/FXGL/discussions
17:16:33.999 [JavaFX Application Thread] INFO  Engine               -              Join the FXGL chat at: https://gitter.im/AlmasB/FXGL
17:16:34.068 [JavaFX Application Thread] DEBUG PrimaryStageWindow   - Creating a JavaFX scene
17:16:34.087 [JavaFX Application Thread] DEBUG PrimaryStageWindow   - Target settings size: 1280.0 x 720.0
17:16:34.088 [JavaFX Application Thread] DEBUG PrimaryStageWindow   - Scaled scene size:    1280.0 x 720.0
17:16:34.088 [JavaFX Application Thread] DEBUG PrimaryStageWindow   - Scaled ratio: (1.0, 1.0)
17:16:34.088 [JavaFX Application Thread] DEBUG PrimaryStageWindow   - Set initial scene to FXGLStartupScene
17:16:34.092 [JavaFX Application Thread] DEBUG PrimaryStageWindow   - Opening main window
17:16:34.189 [JavaFX Application Thread] DEBUG PrimaryStageWindow   - Window border size: (0.0, 28.0)
17:16:34.189 [JavaFX Application Thread] DEBUG PrimaryStageWindow   - Scaled size: 1280.0 x 720.0
17:16:34.189 [JavaFX Application Thread] DEBUG PrimaryStageWindow   - Scaled ratio: (1.0, 1.0)
17:16:34.190 [JavaFX Application Thread] DEBUG PrimaryStageWindow   - Scene size: 1280.0 x 720.0
17:16:34.190 [JavaFX Application Thread] DEBUG PrimaryStageWindow   - Stage size: 1280.0 x 748.0
17:16:34.194 [FXGL Background Thread 1 ] DEBUG Engine               - Initializing environment variables
17:16:34.217 [FXGL Background Thread 1 ] DEBUG FXGLAssetLoaderServi - User app class for loading assets: class com.sunsofgod.PlatformerApp
17:16:34.217 [FXGL Background Thread 1 ] DEBUG GameApplicationServi - Applying CSS: fxgl_dark.css
17:16:34.218 [FXGL Background Thread 1 ] DEBUG FXGLAssetLoaderServi - Loading from file system: jar:file:///Users/aaron/.m2/repository/com/github/almasb/fxgl/17.2/fxgl-17.2.jar!/fxglassets/ui/css/fxgl_dark.css
17:16:34.248 [FXGL Background Thread 1 ] DEBUG GameApplicationServi - Initializing application scenes
17:16:34.330 [FXGL Background Thread 1 ] DEBUG GameWorld            - Game world initialized
17:16:34.354 [FXGL Background Thread 1 ] DEBUG PhysicsWorld         - Physics world initialized: appHeight=720, physics.ppm=50.0
17:16:34.355 [FXGL Background Thread 1 ] DEBUG PhysicsWorld         - Using strategy: BRUTE_FORCE
17:16:34.357 [FXGL Background Thread 1 ] DEBUG GameScene            - Game scene initialized: 1280x720
17:16:34.362 [FXGL Background Thread 1 ] DEBUG FXGL.DefaultMenu     - createMenuBodyGameMenu()
17:16:34.370 [FXGL Background Thread 1 ] DEBUG FXGL.DefaultMenu     - createOptionsMenu()
17:16:34.375 [FXGL Background Thread 1 ] DEBUG FXGLAssetLoaderServi - Loading from file system: jar:file:///Users/aaron/.m2/repository/com/github/almasb/fxgl/17.2/fxgl-17.2.jar!/fxglassets/textures/particles/smoke.png
17:16:34.439 [FXGL Background Thread 1 ] DEBUG FXGLAssetLoaderServi - Loading from file system: jar:file:///Users/aaron/.m2/repository/com/github/almasb/fxgl/17.2/fxgl-17.2.jar!/fxglassets/textures/particles/trace_horizontal.png
17:16:34.454 [FXGL Background Thread 1 ] DEBUG GameApplicationServi - Application scenes initialized
17:16:34.461 [FXGL Background Thread 1 ] DEBUG SystemBundleService  - Loading FXGL system data
17:16:34.464 [FXGL Background Thread 1 ] DEBUG FileSystemAccess     - Reading from: /Users/aaron/Downloads/SunsOfGodApp/system/fxgl.bundle
17:16:34.470 [FXGL Background Thread 1 ] DEBUG SystemBundleService  - Bundle FXGL: {}
17:16:34.470 [FXGL Background Thread 1 ] DEBUG UpdaterService       - Checking for updates
17:16:34.472 [FXGL Background Thread 4 ] DEBUG FXGLApplication      - Loading fonts
17:16:34.473 [FXGL Background Thread 4 ] DEBUG FXGLAssetLoaderServi - Loading from file system: jar:file:///Users/aaron/.m2/repository/com/github/almasb/fxgl/17.2/fxgl-17.2.jar!/fxglassets/ui/fonts/VarelaRound-Regular.ttf
17:16:34.473 [FXGL Background Thread 1 ] DEBUG FXGLApplication      - Loading default localization
17:16:34.473 [FXGL Background Thread 1 ] DEBUG FXGLAssetLoaderServi - Loading from file system: jar:file:///Users/aaron/.m2/repository/com/github/almasb/fxgl/17.2/fxgl-17.2.jar!/fxglassets/languages/english.lang
17:16:34.484 [FXGL Background Thread 4 ] DEBUG FXGLAssetLoaderServi - Loading from file system: jar:file:///Users/aaron/.m2/repository/com/github/almasb/fxgl/17.2/fxgl-17.2.jar!/fxglassets/ui/fonts/Abel-Regular.ttf
17:16:34.487 [FXGL Background Thread 4 ] DEBUG FXGLAssetLoaderServi - Loading from file system: jar:file:///Users/aaron/.m2/repository/com/github/almasb/fxgl/17.2/fxgl-17.2.jar!/fxglassets/ui/fonts/TerminalLandMono-Regular.otf
17:16:34.487 [FXGL Background Thread 1 ] INFO  FXGLApplication      - FXGL initialization took: 0.293 sec
17:16:34.492 [JavaFX Application Thread] DEBUG Input                - Registered new binding: Left - A
17:16:34.492 [FXGL Background Thread 4 ] DEBUG FXGLAssetLoaderServi - Loading from file system: jar:file:///Users/aaron/.m2/repository/com/github/almasb/fxgl/17.2/fxgl-17.2.jar!/fxglassets/ui/fonts/Courier-Prime.ttf
17:16:34.492 [JavaFX Application Thread] DEBUG Input                - Registered new binding: Right - D
17:16:34.492 [JavaFX Application Thread] DEBUG Input                - Registered new binding: Jump - W
17:16:34.492 [JavaFX Application Thread] DEBUG Input                - Registered new binding: Use - E
17:16:34.492 [JavaFX Application Thread] DEBUG FXGLAssetLoaderServi - Loading from file system: file:/Users/aaron/Downloads/SunsOfGodApp/target/classes/assets/music/BGM_dash_runner.wav
17:16:34.813 [JavaFX Application Thread] DEBUG AudioPlayer          - Playing music com.almasb.fxgl.audio.Music@5d194460
17:16:34.813 [JavaFX Application Thread] DEBUG FXGLAssetLoaderServi - Loading from file system: jar:file:///Users/aaron/.m2/repository/com/github/almasb/fxgl/17.2/fxgl-17.2.jar!/fxglassets/textures/fxgl_icon.png
17:16:34.839 [JavaFX Application Thread] DEBUG FXGLAssetLoaderServi - Loading from file system: jar:file:///Users/aaron/.m2/repository/com/github/almasb/fxgl/17.2/fxgl-17.2.jar!/fxglassets/textures/fxgl_default_cursor.png
17:16:34.840 [JavaFX Application Thread] DEBUG Input                - Registered new binding: Screenshot - CTRL+8
17:16:34.840 [JavaFX Application Thread] DEBUG Input                - Registered new binding: System info dump - CTRL+9
17:16:34.840 [JavaFX Application Thread] DEBUG Input                - Registered new binding: Restart - CTRL+R
17:16:34.841 [JavaFX Application Thread] DEBUG Input                - Registered new binding: Toggle Debug Camera - CTRL+7
17:16:34.842 [JavaFX Application Thread] DEBUG LoopRunner           - Starting loop
17:16:34.842 [JavaFX Application Thread] DEBUG LoopRunner           - Initializing JavaFX AnimationTimerLoop
17:16:34.842 [JavaFX Application Thread] DEBUG GameApplicationServi - Starting new game
17:16:34.842 [JavaFX Application Thread] DEBUG Input                - Clearing active input actions
17:16:34.847 [JavaFX Application Thread] DEBUG GameApplicationServi - Removing overlay from FXGLStartupScene and adding to FXGLLoadingScene
17:16:34.847 [JavaFX Application Thread] DEBUG PrimaryStageWindow   - FXGLStartupScene -> FXGLLoadingScene
17:16:34.847 [JavaFX Application Thread] DEBUG GameApplicationServi - Clearing previous game
17:16:34.847 [JavaFX Application Thread] DEBUG GameScene            - Clearing game scene
17:16:34.847 [JavaFX Application Thread] DEBUG GameWorld            - Clearing game world
17:16:34.847 [JavaFX Application Thread] DEBUG PhysicsWorld         - Clearing physics world
17:16:34.848 [FXGL Background Thread 4 ] DEBUG FXGLApplication      - Initializing game
17:16:34.883 [FXGL Background Thread 4 ] WARN  TMXLevelLoader       - TiledMap generated from 1.11.0. Supported version: 1.9.0. Some features may not be parsed fully.
17:16:34.893 [FXGL Background Thread 4 ] DEBUG TMXLevelLoader       - Parsed TiledMap: file:/Users/aaron/Downloads/SunsOfGodApp/target/classes/assets/levels/tmx/level1.tmx
17:16:34.894 [FXGL Background Thread 4 ] DEBUG TMXLevelLoader       - Creating tile layer entities
17:16:34.896 [JavaFX Application Thread] DEBUG FXGLApplication      - Registering font factories with UI factory
17:16:34.896 [FXGL Background Thread 4 ] DEBUG TilesetLoader        - Loading view for layer Tile Layer 1
17:16:34.898 [FXGL Background Thread 4 ] DEBUG TilesetLoader        - Created buffer with size 1050.0x700.0
17:16:34.923 [FXGL Background Thread 4 ] DEBUG TMXLevelLoader       - Creating object layer entities
17:16:34.956 [FXGL Background Thread 4 ] DEBUG GameWorld            - Clearing removable entities
17:16:34.957 [FXGL Background Thread 4 ] DEBUG GameWorld            - Setting level: com.almasb.fxgl.entity.level.Level@79324175
17:16:34.967 [FXGL Background Thread 2 ] INFO  UpdaterService       - Your current version:  17.2
17:16:34.967 [FXGL Background Thread 4 ] DEBUG FXGLAssetLoaderServi - Loading from file system: file:/Users/aaron/Downloads/SunsOfGodApp/target/classes/assets/textures/player.png
17:16:34.967 [FXGL Background Thread 2 ] INFO  UpdaterService       - Latest stable version: 21.1
17:16:34.979 [FXGL Background Thread 4 ] DEBUG FXGLAssetLoaderServi - Loading from file system: file:/Users/aaron/Downloads/SunsOfGodApp/target/classes/assets/textures/background/ph.png
17:16:35.040 [FXGL Background Thread 4 ] INFO  FXGLApplication      - Game initialization took: 0.191 sec
17:16:35.071 [JavaFX Application Thread] DEBUG Input                - Clearing active input actions
17:16:35.075 [JavaFX Application Thread] DEBUG GameApplicationServi - Removing overlay from FXGLLoadingScene and adding to GameScene
17:16:35.076 [JavaFX Application Thread] DEBUG PrimaryStageWindow   - FXGLLoadingScene -> GameScene
17:16:37.477 [FXGL Background Thread 3 ] DEBUG Engine               - Logging environment variables
17:16:37.477 [FXGL Background Thread 3 ] DEBUG Engine               - achievements: []
17:16:37.477 [FXGL Background Thread 3 ] DEBUG Engine               - actualHeight: 720.0
17:16:37.477 [FXGL Background Thread 3 ] DEBUG Engine               - actualHeightProperty: ReadOnlyDoubleProperty [value: 720.0]
17:16:37.477 [FXGL Background Thread 3 ] DEBUG Engine               - actualWidth: 1280.0
17:16:37.478 [FXGL Background Thread 3 ] DEBUG Engine               - actualWidthProperty: ReadOnlyDoubleProperty [value: 1280.0]
17:16:37.478 [FXGL Background Thread 3 ] DEBUG Engine               - appIcon: fxgl_icon.png
17:16:37.478 [FXGL Background Thread 3 ] DEBUG Engine               - applicationMode: DEVELOPER
17:16:37.478 [FXGL Background Thread 3 ] DEBUG Engine               - cSSList: [fxgl_dark.css]
17:16:37.478 [FXGL Background Thread 3 ] DEBUG Engine               - collisionDetectionStrategy: BRUTE_FORCE
17:16:37.478 [FXGL Background Thread 3 ] DEBUG Engine               - configClass: Optional.empty
17:16:37.478 [FXGL Background Thread 3 ] DEBUG Engine               - credits: []
17:16:37.478 [FXGL Background Thread 3 ] DEBUG Engine               - defaultCursor: CursorInfo(imageName=fxgl_default_cursor.png, hotspotX=7.0, hotspotY=6.0)
17:16:37.478 [FXGL Background Thread 3 ] DEBUG Engine               - devBBoxColorProperty: ObjectProperty [value: 0xff0000ff]
17:16:37.478 [FXGL Background Thread 3 ] DEBUG Engine               - devEnableDebugCameraProperty: BooleanProperty [value: false]
17:16:37.478 [FXGL Background Thread 3 ] DEBUG Engine               - devSensorColorProperty: ObjectProperty [value: 0xffff00ff]
17:16:37.479 [FXGL Background Thread 3 ] DEBUG Engine               - devShowBBoxProperty: BooleanProperty [value: false]
17:16:37.479 [FXGL Background Thread 3 ] DEBUG Engine               - devShowPositionProperty: BooleanProperty [value: false]
17:16:37.479 [FXGL Background Thread 3 ] DEBUG Engine               - enabledMenuItems: []
17:16:37.479 [FXGL Background Thread 3 ] DEBUG Engine               - engineServices: [class com.almasb.fxgl.app.services.FXGLAssetLoaderService, class com.almasb.fxgl.app.FXGLApplication$GameApplicationService, class com.almasb.fxgl.app.services.FXGLDialogService, class com.almasb.fxgl.app.services.IOTaskExecutorService, class com.almasb.fxgl.io.FileSystemService, class com.almasb.fxgl.localization.LocalizationService, class com.almasb.fxgl.app.services.SystemBundleService, class com.almasb.fxgl.profile.SaveLoadService, class com.almasb.fxgl.ui.FXGLUIFactoryServiceProvider, class com.almasb.fxgl.ui.FXGLDialogFactoryServiceProvider, class com.almasb.fxgl.audio.AudioPlayer, class com.almasb.fxgl.notification.impl.NotificationServiceProvider, class com.almasb.fxgl.achievement.AchievementService, class com.almasb.fxgl.cutscene.CutsceneService, class com.almasb.fxgl.minigames.MiniGameService, class com.almasb.fxgl.net.NetService, class com.almasb.fxgl.app.services.UpdaterService, class com.almasb.fxgl.dev.DevService]
17:16:37.479 [FXGL Background Thread 3 ] DEBUG Engine               - fontGame: Abel-Regular.ttf
17:16:37.479 [FXGL Background Thread 3 ] DEBUG Engine               - fontMono: TerminalLandMono-Regular.otf
17:16:37.479 [FXGL Background Thread 3 ] DEBUG Engine               - fontText: Courier-Prime.ttf
17:16:37.479 [FXGL Background Thread 3 ] DEBUG Engine               - fontUI: VarelaRound-Regular.ttf
17:16:37.479 [FXGL Background Thread 3 ] DEBUG Engine               - fullScreen: BooleanProperty [value: false]
17:16:37.479 [FXGL Background Thread 3 ] DEBUG Engine               - gameDifficulty: MEDIUM
17:16:37.479 [FXGL Background Thread 3 ] DEBUG Engine               - gameDifficultyProperty: ObjectProperty [value: MEDIUM]
17:16:37.479 [FXGL Background Thread 3 ] DEBUG Engine               - globalMusicVolume: 0.5
17:16:37.479 [FXGL Background Thread 3 ] DEBUG Engine               - globalMusicVolumeProperty: DoubleProperty [value: 0.25]
17:16:37.479 [FXGL Background Thread 3 ] DEBUG Engine               - globalSoundVolume: 0.5
17:16:37.479 [FXGL Background Thread 3 ] DEBUG Engine               - globalSoundVolumeProperty: DoubleProperty [value: 0.5]
17:16:37.479 [FXGL Background Thread 3 ] DEBUG Engine               - height: 720
17:16:37.479 [FXGL Background Thread 3 ] DEBUG Engine               - is3D: false
17:16:37.480 [FXGL Background Thread 3 ] DEBUG Engine               - isAndroid: false
17:16:37.480 [FXGL Background Thread 3 ] DEBUG Engine               - isBrowser: false
17:16:37.480 [FXGL Background Thread 3 ] DEBUG Engine               - isClickFeedbackEnabled: false
17:16:37.480 [FXGL Background Thread 3 ] DEBUG Engine               - isCloseConfirmation: false
17:16:37.480 [FXGL Background Thread 3 ] DEBUG Engine               - isDesktop: true
17:16:37.480 [FXGL Background Thread 3 ] DEBUG Engine               - isDeveloperMenuEnabled: false
17:16:37.480 [FXGL Background Thread 3 ] DEBUG Engine               - isEmbedded: false
17:16:37.480 [FXGL Background Thread 3 ] DEBUG Engine               - isEntityPreloadEnabled: true
17:16:37.480 [FXGL Background Thread 3 ] DEBUG Engine               - isExperimentalTiledLargeMap: false
17:16:37.480 [FXGL Background Thread 3 ] DEBUG Engine               - isFileSystemWriteAllowed: true
17:16:37.480 [FXGL Background Thread 3 ] DEBUG Engine               - isFullScreenAllowed: false
17:16:37.480 [FXGL Background Thread 3 ] DEBUG Engine               - isFullScreenFromStart: false
17:16:37.480 [FXGL Background Thread 3 ] DEBUG Engine               - isGameMenuEnabled: true
17:16:37.480 [FXGL Background Thread 3 ] DEBUG Engine               - isIOS: false
17:16:37.480 [FXGL Background Thread 3 ] DEBUG Engine               - isIntroEnabled: false
17:16:37.480 [FXGL Background Thread 3 ] DEBUG Engine               - isLinux: false
17:16:37.480 [FXGL Background Thread 3 ] DEBUG Engine               - isMac: true
17:16:37.480 [FXGL Background Thread 3 ] DEBUG Engine               - isMainMenuEnabled: false
17:16:37.480 [FXGL Background Thread 3 ] DEBUG Engine               - isManualResizeEnabled: false
17:16:37.480 [FXGL Background Thread 3 ] DEBUG Engine               - isMobile: false
17:16:37.481 [FXGL Background Thread 3 ] DEBUG Engine               - isNative: false
17:16:37.481 [FXGL Background Thread 3 ] DEBUG Engine               - isPauseMusicWhenMinimized: true
17:16:37.481 [FXGL Background Thread 3 ] DEBUG Engine               - isPreserveResizeRatio: false
17:16:37.481 [FXGL Background Thread 3 ] DEBUG Engine               - isProfilingEnabled: false
17:16:37.481 [FXGL Background Thread 3 ] DEBUG Engine               - isScaleAffectedOnResize: true
17:16:37.481 [FXGL Background Thread 3 ] DEBUG Engine               - isSingleStep: false
17:16:37.481 [FXGL Background Thread 3 ] DEBUG Engine               - isUserProfileEnabled: false
17:16:37.481 [FXGL Background Thread 3 ] DEBUG Engine               - isWindows: false
17:16:37.481 [FXGL Background Thread 3 ] DEBUG Engine               - language: ObjectProperty [value: ENGLISH]
17:16:37.481 [FXGL Background Thread 3 ] DEBUG Engine               - menuKey: ESCAPE
17:16:37.481 [FXGL Background Thread 3 ] DEBUG Engine               - mouseSensitivity: 0.2
17:16:37.481 [FXGL Background Thread 3 ] DEBUG Engine               - notificationViewClass: class com.almasb.fxgl.notification.view.XboxNotificationView
17:16:37.481 [FXGL Background Thread 3 ] DEBUG Engine               - pixelsPerMeter: 50.0
17:16:37.482 [FXGL Background Thread 3 ] DEBUG Engine               - platform: MAC
17:16:37.482 [FXGL Background Thread 3 ] DEBUG Engine               - prefHeightProperty: ReadOnlyDoubleProperty [value: 720.0]
17:16:37.482 [FXGL Background Thread 3 ] DEBUG Engine               - prefWidthProperty: ReadOnlyDoubleProperty [value: 1280.0]
17:16:37.482 [FXGL Background Thread 3 ] DEBUG Engine               - profileDir: profiles/
17:16:37.482 [FXGL Background Thread 3 ] DEBUG Engine               - profileName: StringProperty [value: DEFAULT]
17:16:37.482 [FXGL Background Thread 3 ] DEBUG Engine               - randomSeed: -1
17:16:37.482 [FXGL Background Thread 3 ] DEBUG Engine               - runtimeInfo: RuntimeInfo(platform=MAC, version=17.2, build=20.08.2022 16.50)
17:16:37.483 [FXGL Background Thread 3 ] DEBUG Engine               - saveFileExt: sav
17:16:37.483 [FXGL Background Thread 3 ] DEBUG Engine               - scaledHeightProp$fxgl: DoubleProperty [bound, value: 720.0]
17:16:37.483 [FXGL Background Thread 3 ] DEBUG Engine               - scaledWidthProp$fxgl: DoubleProperty [bound, value: 1280.0]
17:16:37.483 [FXGL Background Thread 3 ] DEBUG Engine               - sceneFactory: com.almasb.fxgl.app.scene.SceneFactory@281355a5
17:16:37.483 [FXGL Background Thread 3 ] DEBUG Engine               - secondsIn24h: 60
17:16:37.483 [FXGL Background Thread 3 ] DEBUG Engine               - soundMenuBack: menu/back.wav
17:16:37.483 [FXGL Background Thread 3 ] DEBUG Engine               - soundMenuPress: menu/press.wav
17:16:37.483 [FXGL Background Thread 3 ] DEBUG Engine               - soundMenuSelect: menu/select.wav
17:16:37.484 [FXGL Background Thread 3 ] DEBUG Engine               - soundNotification: core/notification.wav
17:16:37.484 [FXGL Background Thread 3 ] DEBUG Engine               - stageStyle: DECORATED
17:16:37.484 [FXGL Background Thread 3 ] DEBUG Engine               - supportedLanguages: [ENGLISH, FRENCH, GERMAN, HUNGARIAN, RUSSIAN]
17:16:37.484 [FXGL Background Thread 3 ] DEBUG Engine               - ticksPerSecond: -1
17:16:37.484 [FXGL Background Thread 3 ] DEBUG Engine               - title: Untitled
17:16:37.484 [FXGL Background Thread 3 ] DEBUG Engine               - urlGithub: https://github.com/AlmasB/FXGL
17:16:37.484 [FXGL Background Thread 3 ] DEBUG Engine               - urlLeaderboard: http://fxgl-top.herokuapp.com/
17:16:37.484 [FXGL Background Thread 3 ] DEBUG Engine               - urlPOM: https://raw.githubusercontent.com/AlmasB/FXGL/release/README.md
17:16:37.484 [FXGL Background Thread 3 ] DEBUG Engine               - userAppClass: class com.sunsofgod.PlatformerApp
17:16:37.484 [FXGL Background Thread 3 ] DEBUG Engine               - version: 0.0
17:16:37.484 [FXGL Background Thread 3 ] DEBUG Engine               - versionCheckDays: 7
17:16:37.484 [FXGL Background Thread 3 ] DEBUG Engine               - width: 1280
17:16:37.484 [FXGL Background Thread 3 ] DEBUG Engine               - Logging services
17:16:37.484 [FXGL Background Thread 3 ] DEBUG Engine               - class com.almasb.fxgl.app.services.FXGLAssetLoaderService
17:16:37.484 [FXGL Background Thread 3 ] DEBUG Engine               - class com.almasb.fxgl.app.FXGLApplication$GameApplicationService
17:16:37.485 [FXGL Background Thread 3 ] DEBUG Engine               - class com.almasb.fxgl.app.services.FXGLDialogService
17:16:37.485 [FXGL Background Thread 3 ] DEBUG Engine               - class com.almasb.fxgl.app.services.IOTaskExecutorService
17:16:37.485 [FXGL Background Thread 3 ] DEBUG Engine               - class com.almasb.fxgl.io.FileSystemService
17:16:37.485 [FXGL Background Thread 3 ] DEBUG Engine               - class com.almasb.fxgl.localization.LocalizationService
17:16:37.485 [FXGL Background Thread 3 ] DEBUG Engine               - class com.almasb.fxgl.app.services.SystemBundleService
17:16:37.485 [FXGL Background Thread 3 ] DEBUG Engine               - class com.almasb.fxgl.profile.SaveLoadService
17:16:37.485 [FXGL Background Thread 3 ] DEBUG Engine               - class com.almasb.fxgl.ui.FXGLUIFactoryServiceProvider
17:16:37.485 [FXGL Background Thread 3 ] DEBUG Engine               - class com.almasb.fxgl.ui.FXGLDialogFactoryServiceProvider
17:16:37.485 [FXGL Background Thread 3 ] DEBUG Engine               - class com.almasb.fxgl.audio.AudioPlayer
17:16:37.485 [FXGL Background Thread 3 ] DEBUG Engine               - class com.almasb.fxgl.notification.impl.NotificationServiceProvider
17:16:37.485 [FXGL Background Thread 3 ] DEBUG Engine               - class com.almasb.fxgl.achievement.AchievementService
17:16:37.485 [FXGL Background Thread 3 ] DEBUG Engine               - class com.almasb.fxgl.cutscene.CutsceneService
17:16:37.485 [FXGL Background Thread 3 ] DEBUG Engine               - class com.almasb.fxgl.minigames.MiniGameService
17:16:37.485 [FXGL Background Thread 3 ] DEBUG Engine               - class com.almasb.fxgl.net.NetService
17:16:37.485 [FXGL Background Thread 3 ] DEBUG Engine               - class com.almasb.fxgl.app.services.UpdaterService
17:16:37.485 [FXGL Background Thread 3 ] DEBUG Engine               - class com.almasb.fxgl.dev.DevService
17:16:39.180 [JavaFX Application Thread] DEBUG FXGLAssetLoaderServi - Loading from file system: file:/Users/aaron/Downloads/SunsOfGodApp/target/classes/assets/textures/exit_sign.png
17:16:45.320 [JavaFX Application Thread] DEBUG Input                - Registered new binding: Close Level End Screen - LMB
17:16:45.321 [JavaFX Application Thread] DEBUG FXGLAssetLoaderServi - Loading from file system: file:/Users/aaron/Downloads/SunsOfGodApp/target/classes/assets/textures/star_empty.png
17:16:45.327 [JavaFX Application Thread] DEBUG FXGLAssetLoaderServi - Loading from file system: file:/Users/aaron/Downloads/SunsOfGodApp/target/classes/assets/textures/star_full.png
17:16:45.330 [JavaFX Application Thread] DEBUG PrimaryStageWindow   - Push state: LevelEndScene
17:16:45.331 [JavaFX Application Thread] DEBUG Input                - Clearing active input actions
17:16:45.331 [JavaFX Application Thread] DEBUG GameApplicationServi - Removing overlay from GameScene and adding to LevelEndScene
17:16:45.331 [JavaFX Application Thread] DEBUG PrimaryStageWindow   - GameScene -> LevelEndScene
17:16:47.060 [JavaFX Application Thread] DEBUG FXGLApplication      - Exiting FXGL
17:16:47.061 [JavaFX Application Thread] DEBUG LoopRunner           - Stopping loop
17:16:47.061 [JavaFX Application Thread] DEBUG SystemBundleService  - Saving FXGL system data
17:16:47.063 [JavaFX Application Thread] DEBUG FileSystemAccess     - Writing to: /Users/aaron/Downloads/SunsOfGodApp/system/fxgl.bundle
17:16:47.065 [JavaFX Application Thread] DEBUG Async                - Shutting down background threads
17:16:47.065 [JavaFX Application Thread] DEBUG PrimaryStageWindow   - Closing main window
17:16:47.071 [JavaFX Application Thread] DEBUG Logger               - Closing Logger
