13:11:17.561 [main                     ] DEBUG Logger               - Configured Logger
13:11:17.578 [main                     ] DEBUG GameApplication      - Logging settings
Title: Untitled
Version: 0.0
Width: 1280
Height: 720
Fullscreen: false
Intro: false
Profiling: false
Single step:false
App Mode: DEVELOPER
Menu Key: ESCAPE
Stage Style: DECORATED
Scene Factory: class com.sunsofgod.PlatformerApp$1

13:11:17.871 [JavaFX Application Thread] DEBUG FXGLApplication      - Initializing FXGL
13:11:17.875 [JavaFX Application Thread] INFO  Engine               - FXGL-17.2 (20.08.2022 16.50) on WINDOWS (J:21.0.4 FX:17.0.12)
13:11:17.876 [JavaFX Application Thread] DEBUG Engine               - JRE Vendor Name: Eclipse Adoptium
13:11:17.876 [JavaFX Application Thread] DEBUG Engine               - Running on OS: Windows 11 version 10.0
13:11:17.876 [JavaFX Application Thread] DEBUG Engine               - Architecture: amd64
13:11:17.876 [JavaFX Application Thread] INFO  Engine               - Source code and latest versions at: https://github.com/AlmasB/FXGL
13:11:17.876 [JavaFX Application Thread] INFO  Engine               -       Ask questions and discuss at: https://github.com/AlmasB/FXGL/discussions
13:11:17.876 [JavaFX Application Thread] INFO  Engine               -              Join the FXGL chat at: https://gitter.im/AlmasB/FXGL
13:11:17.945 [JavaFX Application Thread] DEBUG PrimaryStageWindow   - Creating a JavaFX scene
13:11:17.978 [JavaFX Application Thread] DEBUG PrimaryStageWindow   - Target settings size: 1280.0 x 720.0
13:11:17.978 [JavaFX Application Thread] DEBUG PrimaryStageWindow   - Scaled scene size:    1280.0 x 720.0
13:11:17.978 [JavaFX Application Thread] DEBUG PrimaryStageWindow   - Scaled ratio: (1.0, 1.0)
13:11:17.979 [JavaFX Application Thread] DEBUG PrimaryStageWindow   - Set initial scene to FXGLStartupScene
13:11:17.984 [JavaFX Application Thread] DEBUG PrimaryStageWindow   - Opening main window
13:11:18.054 [JavaFX Application Thread] DEBUG PrimaryStageWindow   - Window border size: (16.0, 39.0)
13:11:18.055 [JavaFX Application Thread] DEBUG PrimaryStageWindow   - Scaled size: 1280.0 x 720.0
13:11:18.055 [JavaFX Application Thread] DEBUG PrimaryStageWindow   - Scaled ratio: (1.0, 1.0)
13:11:18.055 [JavaFX Application Thread] DEBUG PrimaryStageWindow   - Scene size: 1280.0 x 720.0
13:11:18.056 [JavaFX Application Thread] DEBUG PrimaryStageWindow   - Stage size: 1296.0 x 759.0
13:11:18.063 [FXGL Background Thread 1 ] DEBUG Engine               - Initializing environment variables
13:11:18.100 [FXGL Background Thread 1 ] DEBUG FXGLAssetLoaderServi - User app class for loading assets: class com.sunsofgod.PlatformerApp
13:11:18.100 [FXGL Background Thread 1 ] DEBUG GameApplicationServi - Applying CSS: fxgl_dark.css
13:11:18.101 [FXGL Background Thread 1 ] DEBUG FXGLAssetLoaderServi - Loading from file system: jar:file:///C:/Users/user/.m2/repository/com/github/almasb/fxgl/17.2/fxgl-17.2.jar!/fxglassets/ui/css/fxgl_dark.css
13:11:18.134 [FXGL Background Thread 1 ] DEBUG GameApplicationServi - Initializing application scenes
13:11:18.171 [FXGL Background Thread 1 ] WARN  FXGLAssetLoaderServi - Asset "/assets/textures/player.png" was not found!
13:11:18.172 [FXGL Background Thread 1 ] WARN  FXGLAssetLoaderServi - Failed to load IMAGE
13:11:18.191 [FXGL Background Thread 1 ] DEBUG GameWorld            - Game world initialized
13:11:18.226 [FXGL Background Thread 1 ] DEBUG PhysicsWorld         - Physics world initialized: appHeight=720, physics.ppm=50.0
13:11:18.227 [FXGL Background Thread 1 ] DEBUG PhysicsWorld         - Using strategy: BRUTE_FORCE
13:11:18.229 [FXGL Background Thread 1 ] DEBUG GameScene            - Game scene initialized: 1280x720
13:11:18.451 [FXGL Background Thread 1 ] DEBUG GameApplicationServi - Application scenes initialized
13:11:18.464 [FXGL Background Thread 1 ] DEBUG SystemBundleService  - Loading FXGL system data
13:11:18.468 [FXGL Background Thread 1 ] DEBUG FileSystemAccess     - Reading from: C:\Users\user\Desktop\JavaFXGame\system\fxgl.bundle
13:11:18.479 [FXGL Background Thread 1 ] DEBUG SystemBundleService  - Bundle FXGL: {}
13:11:18.479 [FXGL Background Thread 1 ] DEBUG UpdaterService       - Checking for updates
13:11:18.501 [FXGL Background Thread 4 ] DEBUG FXGLApplication      - Loading fonts
13:11:18.502 [FXGL Background Thread 1 ] DEBUG FXGLApplication      - Loading default localization
13:11:18.502 [FXGL Background Thread 4 ] DEBUG FXGLAssetLoaderServi - Loading from file system: jar:file:///C:/Users/user/.m2/repository/com/github/almasb/fxgl/17.2/fxgl-17.2.jar!/fxglassets/ui/fonts/VarelaRound-Regular.ttf
13:11:18.502 [FXGL Background Thread 1 ] DEBUG FXGLAssetLoaderServi - Loading from file system: jar:file:///C:/Users/user/.m2/repository/com/github/almasb/fxgl/17.2/fxgl-17.2.jar!/fxglassets/languages/english.lang
13:11:18.532 [FXGL Background Thread 1 ] INFO  FXGLApplication      - FXGL initialization took: 0.469 sec
13:11:18.534 [JavaFX Application Thread] DEBUG FXGLAssetLoaderServi - Loading from file system: jar:file:///C:/Users/user/.m2/repository/com/github/almasb/fxgl/17.2/fxgl-17.2.jar!/fxglassets/textures/fxgl_icon.png
13:11:18.550 [JavaFX Application Thread] DEBUG FXGLAssetLoaderServi - Loading from file system: jar:file:///C:/Users/user/.m2/repository/com/github/almasb/fxgl/17.2/fxgl-17.2.jar!/fxglassets/textures/fxgl_default_cursor.png
13:11:18.550 [FXGL Background Thread 4 ] DEBUG FXGLAssetLoaderServi - Loading from file system: jar:file:///C:/Users/user/.m2/repository/com/github/almasb/fxgl/17.2/fxgl-17.2.jar!/fxglassets/ui/fonts/Abel-Regular.ttf
13:11:18.554 [FXGL Background Thread 4 ] DEBUG FXGLAssetLoaderServi - Loading from file system: jar:file:///C:/Users/user/.m2/repository/com/github/almasb/fxgl/17.2/fxgl-17.2.jar!/fxglassets/ui/fonts/TerminalLandMono-Regular.otf
13:11:18.559 [FXGL Background Thread 4 ] DEBUG FXGLAssetLoaderServi - Loading from file system: jar:file:///C:/Users/user/.m2/repository/com/github/almasb/fxgl/17.2/fxgl-17.2.jar!/fxglassets/ui/fonts/Courier-Prime.ttf
13:11:18.560 [JavaFX Application Thread] DEBUG Input                - Registered new binding: Screenshot - CTRL+8
13:11:18.560 [JavaFX Application Thread] DEBUG Input                - Registered new binding: Dev Options - 1
13:11:18.561 [JavaFX Application Thread] DEBUG Input                - Registered new binding: Dev Console - 2
13:11:18.561 [JavaFX Application Thread] DEBUG Input                - Registered new binding: System info dump - CTRL+9
13:11:18.561 [JavaFX Application Thread] DEBUG Input                - Registered new binding: Restart - CTRL+R
13:11:18.563 [JavaFX Application Thread] DEBUG Input                - Registered new binding: Toggle Debug Camera - CTRL+7
13:11:18.565 [JavaFX Application Thread] DEBUG LoopRunner           - Starting loop
13:11:18.577 [JavaFX Application Thread] DEBUG LoopRunner           - Initializing JavaFX AnimationTimerLoop
13:11:18.579 [JavaFX Application Thread] DEBUG Input                - Clearing active input actions
13:11:18.589 [JavaFX Application Thread] DEBUG GameApplicationServi - Removing overlay from FXGLStartupScene and adding to FXGLMainMenuDummyScene
13:11:18.592 [JavaFX Application Thread] DEBUG PrimaryStageWindow   - FXGLStartupScene -> FXGLMainMenuDummyScene
13:11:18.592 [JavaFX Application Thread] DEBUG PrimaryStageWindow   - Push state: RiderMainMenuScene
13:11:18.592 [JavaFX Application Thread] DEBUG Input                - Clearing active input actions
13:11:18.598 [JavaFX Application Thread] DEBUG GameApplicationServi - Removing overlay from FXGLMainMenuDummyScene and adding to RiderMainMenuScene
13:11:18.599 [JavaFX Application Thread] DEBUG PrimaryStageWindow   - FXGLMainMenuDummyScene -> RiderMainMenuScene
13:11:18.752 [JavaFX Application Thread] DEBUG FXGLApplication      - Registering font factories with UI factory
13:11:18.897 [FXGL Background Thread 2 ] INFO  UpdaterService       - Your current version:  17.2
13:11:18.897 [FXGL Background Thread 2 ] INFO  UpdaterService       - Latest stable version: 21.1
13:11:21.501 [FXGL Background Thread 3 ] DEBUG Engine               - Logging environment variables
13:11:21.501 [FXGL Background Thread 3 ] DEBUG Engine               - achievements: []
13:11:21.501 [FXGL Background Thread 3 ] DEBUG Engine               - actualHeight: 720.0
13:11:21.502 [FXGL Background Thread 3 ] DEBUG Engine               - actualHeightProperty: ReadOnlyDoubleProperty [value: 720.0]
13:11:21.502 [FXGL Background Thread 3 ] DEBUG Engine               - actualWidth: 1280.0
13:11:21.502 [FXGL Background Thread 3 ] DEBUG Engine               - actualWidthProperty: ReadOnlyDoubleProperty [value: 1280.0]
13:11:21.502 [FXGL Background Thread 3 ] DEBUG Engine               - appIcon: fxgl_icon.png
13:11:21.502 [FXGL Background Thread 3 ] DEBUG Engine               - applicationMode: DEVELOPER
13:11:21.502 [FXGL Background Thread 3 ] DEBUG Engine               - cSSList: [fxgl_dark.css]
13:11:21.502 [FXGL Background Thread 3 ] DEBUG Engine               - collisionDetectionStrategy: BRUTE_FORCE
13:11:21.502 [FXGL Background Thread 3 ] DEBUG Engine               - configClass: Optional.empty
13:11:21.502 [FXGL Background Thread 3 ] DEBUG Engine               - credits: []
13:11:21.503 [FXGL Background Thread 3 ] DEBUG Engine               - defaultCursor: CursorInfo(imageName=fxgl_default_cursor.png, hotspotX=7.0, hotspotY=6.0)
13:11:21.503 [FXGL Background Thread 3 ] DEBUG Engine               - devBBoxColorProperty: ObjectProperty [value: 0xff0000ff]
13:11:21.503 [FXGL Background Thread 3 ] DEBUG Engine               - devEnableDebugCameraProperty: BooleanProperty [value: false]
13:11:21.503 [FXGL Background Thread 3 ] DEBUG Engine               - devSensorColorProperty: ObjectProperty [value: 0xffff00ff]
13:11:21.503 [FXGL Background Thread 3 ] DEBUG Engine               - devShowBBoxProperty: BooleanProperty [value: false]
13:11:21.503 [FXGL Background Thread 3 ] DEBUG Engine               - devShowPositionProperty: BooleanProperty [value: false]
13:11:21.503 [FXGL Background Thread 3 ] DEBUG Engine               - enabledMenuItems: []
13:11:21.503 [FXGL Background Thread 3 ] DEBUG Engine               - engineServices: [class com.almasb.fxgl.app.services.FXGLAssetLoaderService, class com.almasb.fxgl.app.FXGLApplication$GameApplicationService, class com.almasb.fxgl.app.services.FXGLDialogService, class com.almasb.fxgl.app.services.IOTaskExecutorService, class com.almasb.fxgl.io.FileSystemService, class com.almasb.fxgl.localization.LocalizationService, class com.almasb.fxgl.app.services.SystemBundleService, class com.almasb.fxgl.profile.SaveLoadService, class com.almasb.fxgl.ui.FXGLUIFactoryServiceProvider, class com.almasb.fxgl.ui.FXGLDialogFactoryServiceProvider, class com.almasb.fxgl.audio.AudioPlayer, class com.almasb.fxgl.notification.impl.NotificationServiceProvider, class com.almasb.fxgl.achievement.AchievementService, class com.almasb.fxgl.cutscene.CutsceneService, class com.almasb.fxgl.minigames.MiniGameService, class com.almasb.fxgl.net.NetService, class com.almasb.fxgl.app.services.UpdaterService, class com.almasb.fxgl.dev.DevService]
13:11:21.505 [FXGL Background Thread 3 ] DEBUG Engine               - fontGame: Abel-Regular.ttf
13:11:21.505 [FXGL Background Thread 3 ] DEBUG Engine               - fontMono: TerminalLandMono-Regular.otf
13:11:21.505 [FXGL Background Thread 3 ] DEBUG Engine               - fontText: Courier-Prime.ttf
13:11:21.505 [FXGL Background Thread 3 ] DEBUG Engine               - fontUI: VarelaRound-Regular.ttf
13:11:21.505 [FXGL Background Thread 3 ] DEBUG Engine               - fullScreen: BooleanProperty [value: false]
13:11:21.505 [FXGL Background Thread 3 ] DEBUG Engine               - gameDifficulty: MEDIUM
13:11:21.505 [FXGL Background Thread 3 ] DEBUG Engine               - gameDifficultyProperty: ObjectProperty [value: MEDIUM]
13:11:21.505 [FXGL Background Thread 3 ] DEBUG Engine               - globalMusicVolume: 0.5
13:11:21.505 [FXGL Background Thread 3 ] DEBUG Engine               - globalMusicVolumeProperty: DoubleProperty [value: 0.25]
13:11:21.505 [FXGL Background Thread 3 ] DEBUG Engine               - globalSoundVolume: 0.5
13:11:21.505 [FXGL Background Thread 3 ] DEBUG Engine               - globalSoundVolumeProperty: DoubleProperty [value: 0.5]
13:11:21.505 [FXGL Background Thread 3 ] DEBUG Engine               - height: 720
13:11:21.505 [FXGL Background Thread 3 ] DEBUG Engine               - is3D: false
13:11:21.505 [FXGL Background Thread 3 ] DEBUG Engine               - isAndroid: false
13:11:21.505 [FXGL Background Thread 3 ] DEBUG Engine               - isBrowser: false
13:11:21.505 [FXGL Background Thread 3 ] DEBUG Engine               - isClickFeedbackEnabled: false
13:11:21.505 [FXGL Background Thread 3 ] DEBUG Engine               - isCloseConfirmation: false
13:11:21.505 [FXGL Background Thread 3 ] DEBUG Engine               - isDesktop: true
13:11:21.505 [FXGL Background Thread 3 ] DEBUG Engine               - isDeveloperMenuEnabled: true
13:11:21.505 [FXGL Background Thread 3 ] DEBUG Engine               - isEmbedded: false
13:11:21.505 [FXGL Background Thread 3 ] DEBUG Engine               - isEntityPreloadEnabled: true
13:11:21.505 [FXGL Background Thread 3 ] DEBUG Engine               - isExperimentalTiledLargeMap: false
13:11:21.505 [FXGL Background Thread 3 ] DEBUG Engine               - isFileSystemWriteAllowed: true
13:11:21.506 [FXGL Background Thread 3 ] DEBUG Engine               - isFullScreenAllowed: false
13:11:21.506 [FXGL Background Thread 3 ] DEBUG Engine               - isFullScreenFromStart: false
13:11:21.506 [FXGL Background Thread 3 ] DEBUG Engine               - isGameMenuEnabled: true
13:11:21.506 [FXGL Background Thread 3 ] DEBUG Engine               - isIOS: false
13:11:21.506 [FXGL Background Thread 3 ] DEBUG Engine               - isIntroEnabled: false
13:11:21.506 [FXGL Background Thread 3 ] DEBUG Engine               - isLinux: false
13:11:21.506 [FXGL Background Thread 3 ] DEBUG Engine               - isMac: false
13:11:21.506 [FXGL Background Thread 3 ] DEBUG Engine               - isMainMenuEnabled: true
13:11:21.506 [FXGL Background Thread 3 ] DEBUG Engine               - isManualResizeEnabled: false
13:11:21.506 [FXGL Background Thread 3 ] DEBUG Engine               - isMobile: false
13:11:21.506 [FXGL Background Thread 3 ] DEBUG Engine               - isNative: false
13:11:21.506 [FXGL Background Thread 3 ] DEBUG Engine               - isPauseMusicWhenMinimized: true
13:11:21.506 [FXGL Background Thread 3 ] DEBUG Engine               - isPreserveResizeRatio: false
13:11:21.506 [FXGL Background Thread 3 ] DEBUG Engine               - isProfilingEnabled: false
13:11:21.506 [FXGL Background Thread 3 ] DEBUG Engine               - isScaleAffectedOnResize: true
13:11:21.506 [FXGL Background Thread 3 ] DEBUG Engine               - isSingleStep: false
13:11:21.506 [FXGL Background Thread 3 ] DEBUG Engine               - isUserProfileEnabled: false
13:11:21.506 [FXGL Background Thread 3 ] DEBUG Engine               - isWindows: true
13:11:21.506 [FXGL Background Thread 3 ] DEBUG Engine               - language: ObjectProperty [value: ENGLISH]
13:11:21.506 [FXGL Background Thread 3 ] DEBUG Engine               - menuKey: ESCAPE
13:11:21.506 [FXGL Background Thread 3 ] DEBUG Engine               - mouseSensitivity: 0.2
13:11:21.507 [FXGL Background Thread 3 ] DEBUG Engine               - notificationViewClass: class com.almasb.fxgl.notification.view.XboxNotificationView
13:11:21.507 [FXGL Background Thread 3 ] DEBUG Engine               - pixelsPerMeter: 50.0
13:11:21.507 [FXGL Background Thread 3 ] DEBUG Engine               - platform: WINDOWS
13:11:21.507 [FXGL Background Thread 3 ] DEBUG Engine               - prefHeightProperty: ReadOnlyDoubleProperty [value: 720.0]
13:11:21.507 [FXGL Background Thread 3 ] DEBUG Engine               - prefWidthProperty: ReadOnlyDoubleProperty [value: 1280.0]
13:11:21.507 [FXGL Background Thread 3 ] DEBUG Engine               - profileDir: profiles/
13:11:21.507 [FXGL Background Thread 3 ] DEBUG Engine               - profileName: StringProperty [value: DEFAULT]
13:11:21.507 [FXGL Background Thread 3 ] DEBUG Engine               - randomSeed: -1
13:11:21.507 [FXGL Background Thread 3 ] DEBUG Engine               - runtimeInfo: RuntimeInfo(platform=WINDOWS, version=17.2, build=20.08.2022 16.50)
13:11:21.507 [FXGL Background Thread 3 ] DEBUG Engine               - saveFileExt: sav
13:11:21.507 [FXGL Background Thread 3 ] DEBUG Engine               - scaledHeightProp$fxgl: DoubleProperty [bound, value: 720.0]
13:11:21.507 [FXGL Background Thread 3 ] DEBUG Engine               - scaledWidthProp$fxgl: DoubleProperty [bound, value: 1280.0]
13:11:21.507 [FXGL Background Thread 3 ] DEBUG Engine               - sceneFactory: com.sunsofgod.PlatformerApp$1@6f47a645
13:11:21.507 [FXGL Background Thread 3 ] DEBUG Engine               - secondsIn24h: 60
13:11:21.507 [FXGL Background Thread 3 ] DEBUG Engine               - soundMenuBack: menu/back.wav
13:11:21.507 [FXGL Background Thread 3 ] DEBUG Engine               - soundMenuPress: menu/press.wav
13:11:21.507 [FXGL Background Thread 3 ] DEBUG Engine               - soundMenuSelect: menu/select.wav
13:11:21.507 [FXGL Background Thread 3 ] DEBUG Engine               - soundNotification: core/notification.wav
13:11:21.507 [FXGL Background Thread 3 ] DEBUG Engine               - stageStyle: DECORATED
13:11:21.508 [FXGL Background Thread 3 ] DEBUG Engine               - supportedLanguages: [ENGLISH, FRENCH, GERMAN, HUNGARIAN, RUSSIAN]
13:11:21.508 [FXGL Background Thread 3 ] DEBUG Engine               - ticksPerSecond: -1
13:11:21.508 [FXGL Background Thread 3 ] DEBUG Engine               - title: Untitled
13:11:21.508 [FXGL Background Thread 3 ] DEBUG Engine               - urlGithub: https://github.com/AlmasB/FXGL
13:11:21.508 [FXGL Background Thread 3 ] DEBUG Engine               - urlLeaderboard: http://fxgl-top.herokuapp.com/
13:11:21.508 [FXGL Background Thread 3 ] DEBUG Engine               - urlPOM: https://raw.githubusercontent.com/AlmasB/FXGL/release/README.md
13:11:21.508 [FXGL Background Thread 3 ] DEBUG Engine               - userAppClass: class com.sunsofgod.PlatformerApp
13:11:21.508 [FXGL Background Thread 3 ] DEBUG Engine               - version: 0.0
13:11:21.508 [FXGL Background Thread 3 ] DEBUG Engine               - versionCheckDays: 7
13:11:21.508 [FXGL Background Thread 3 ] DEBUG Engine               - width: 1280
13:11:21.508 [FXGL Background Thread 3 ] DEBUG Engine               - Logging services
13:11:21.508 [FXGL Background Thread 3 ] DEBUG Engine               - class com.almasb.fxgl.app.services.FXGLAssetLoaderService
13:11:21.508 [FXGL Background Thread 3 ] DEBUG Engine               - class com.almasb.fxgl.app.FXGLApplication$GameApplicationService
13:11:21.508 [FXGL Background Thread 3 ] DEBUG Engine               - class com.almasb.fxgl.app.services.FXGLDialogService
13:11:21.508 [FXGL Background Thread 3 ] DEBUG Engine               - class com.almasb.fxgl.app.services.IOTaskExecutorService
13:11:21.508 [FXGL Background Thread 3 ] DEBUG Engine               - class com.almasb.fxgl.io.FileSystemService
13:11:21.508 [FXGL Background Thread 3 ] DEBUG Engine               - class com.almasb.fxgl.localization.LocalizationService
13:11:21.508 [FXGL Background Thread 3 ] DEBUG Engine               - class com.almasb.fxgl.app.services.SystemBundleService
13:11:21.508 [FXGL Background Thread 3 ] DEBUG Engine               - class com.almasb.fxgl.profile.SaveLoadService
13:11:21.508 [FXGL Background Thread 3 ] DEBUG Engine               - class com.almasb.fxgl.ui.FXGLUIFactoryServiceProvider
13:11:21.508 [FXGL Background Thread 3 ] DEBUG Engine               - class com.almasb.fxgl.ui.FXGLDialogFactoryServiceProvider
13:11:21.508 [FXGL Background Thread 3 ] DEBUG Engine               - class com.almasb.fxgl.audio.AudioPlayer
13:11:21.508 [FXGL Background Thread 3 ] DEBUG Engine               - class com.almasb.fxgl.notification.impl.NotificationServiceProvider
13:11:21.508 [FXGL Background Thread 3 ] DEBUG Engine               - class com.almasb.fxgl.achievement.AchievementService
13:11:21.508 [FXGL Background Thread 3 ] DEBUG Engine               - class com.almasb.fxgl.cutscene.CutsceneService
13:11:21.508 [FXGL Background Thread 3 ] DEBUG Engine               - class com.almasb.fxgl.minigames.MiniGameService
13:11:21.508 [FXGL Background Thread 3 ] DEBUG Engine               - class com.almasb.fxgl.net.NetService
13:11:21.508 [FXGL Background Thread 3 ] DEBUG Engine               - class com.almasb.fxgl.app.services.UpdaterService
13:11:21.509 [FXGL Background Thread 3 ] DEBUG Engine               - class com.almasb.fxgl.dev.DevService
13:11:28.918 [JavaFX Application Thread] DEBUG PrimaryStageWindow   - Push state: PlayerSelectScene
13:11:28.919 [JavaFX Application Thread] DEBUG Input                - Clearing active input actions
13:11:28.919 [JavaFX Application Thread] DEBUG GameApplicationServi - Removing overlay from RiderMainMenuScene and adding to PlayerSelectScene
13:11:28.920 [JavaFX Application Thread] DEBUG PrimaryStageWindow   - RiderMainMenuScene -> PlayerSelectScene
13:11:29.861 [JavaFX Application Thread] DEBUG PrimaryStageWindow   - Push state: LevelSelectScene
13:11:29.861 [JavaFX Application Thread] DEBUG Input                - Clearing active input actions
13:11:29.861 [JavaFX Application Thread] DEBUG GameApplicationServi - Removing overlay from PlayerSelectScene and adding to LevelSelectScene
13:11:29.863 [JavaFX Application Thread] DEBUG PrimaryStageWindow   - PlayerSelectScene -> LevelSelectScene
13:11:30.681 [JavaFX Application Thread] DEBUG Menu                 - fireNewGame()
13:11:30.681 [JavaFX Application Thread] DEBUG GameApplicationServi - Starting new game
13:11:30.681 [JavaFX Application Thread] DEBUG PrimaryStageWindow   - Pop state: LevelSelectScene
13:11:30.681 [JavaFX Application Thread] DEBUG Input                - Clearing active input actions
13:11:30.683 [JavaFX Application Thread] DEBUG GameApplicationServi - Removing overlay from LevelSelectScene and adding to PlayerSelectScene
13:11:30.683 [JavaFX Application Thread] DEBUG PrimaryStageWindow   - PlayerSelectScene <- LevelSelectScene
13:11:30.683 [JavaFX Application Thread] DEBUG PrimaryStageWindow   - Pop state: PlayerSelectScene
13:11:30.683 [JavaFX Application Thread] DEBUG Input                - Clearing active input actions
13:11:30.683 [JavaFX Application Thread] DEBUG GameApplicationServi - Removing overlay from PlayerSelectScene and adding to RiderMainMenuScene
13:11:30.683 [JavaFX Application Thread] DEBUG PrimaryStageWindow   - RiderMainMenuScene <- PlayerSelectScene
13:11:30.683 [JavaFX Application Thread] DEBUG PrimaryStageWindow   - Pop state: RiderMainMenuScene
13:11:30.683 [JavaFX Application Thread] DEBUG Input                - Clearing active input actions
13:11:30.683 [JavaFX Application Thread] DEBUG GameApplicationServi - Removing overlay from RiderMainMenuScene and adding to FXGLMainMenuDummyScene
13:11:30.684 [JavaFX Application Thread] DEBUG PrimaryStageWindow   - FXGLMainMenuDummyScene <- RiderMainMenuScene
13:11:30.684 [JavaFX Application Thread] DEBUG Input                - Clearing active input actions
13:11:30.688 [JavaFX Application Thread] DEBUG GameApplicationServi - Removing overlay from FXGLMainMenuDummyScene and adding to MainLoadingScene
13:11:30.688 [JavaFX Application Thread] DEBUG PrimaryStageWindow   - FXGLMainMenuDummyScene -> MainLoadingScene
13:11:30.688 [JavaFX Application Thread] DEBUG GameApplicationServi - Clearing previous game
13:11:30.688 [JavaFX Application Thread] DEBUG GameScene            - Clearing game scene
13:11:30.688 [JavaFX Application Thread] DEBUG GameWorld            - Clearing game world
13:11:30.688 [JavaFX Application Thread] DEBUG PhysicsWorld         - Clearing physics world
13:11:30.689 [FXGL Background Thread 2 ] DEBUG FXGLApplication      - Initializing game
13:11:30.717 [FXGL Background Thread 2 ] WARN  TMXLevelLoader       - TiledMap generated from 1.11.0. Supported version: 1.9.0. Some features may not be parsed fully.
13:11:30.728 [FXGL Background Thread 2 ] DEBUG TMXLevelLoader       - Parsed TiledMap: file:/C:/Users/user/Desktop/JavaFXGame/target/classes/assets/levels/tmx/level2.tmx
13:11:30.730 [FXGL Background Thread 2 ] DEBUG TMXLevelLoader       - Creating tile layer entities
13:11:30.731 [FXGL Background Thread 2 ] DEBUG TilesetLoader        - Loading view for layer BG
13:11:30.736 [FXGL Background Thread 2 ] DEBUG TilesetLoader        - Created buffer with size 4200.0x700.0
13:11:30.745 [FXGL Background Thread 2 ] DEBUG TilesetLoader        - Loading view for layer Tile Layer 1
13:11:30.748 [FXGL Background Thread 2 ] DEBUG TilesetLoader        - Created buffer with size 4200.0x700.0
13:11:30.749 [FXGL Background Thread 2 ] DEBUG TMXLevelLoader       - Creating object layer entities
13:11:30.768 [FXGL Background Thread 2 ] DEBUG FXGLAssetLoaderServi - Loading from file system: file:/C:/Users/user/Desktop/JavaFXGame/target/classes/assets/textures/button.png
13:11:30.779 [FXGL Background Thread 2 ] DEBUG GameWorld            - Clearing removable entities
13:11:30.779 [FXGL Background Thread 2 ] DEBUG GameWorld            - Setting level: com.almasb.fxgl.entity.level.Level@5b58d6d0
13:11:30.787 [FXGL Background Thread 2 ] DEBUG FXGLAssetLoaderServi - Loading from file system: file:/C:/Users/user/Desktop/JavaFXGame/target/classes/assets/textures/player1.png
13:11:30.794 [FXGL Background Thread 2 ] DEBUG Input                - Clearing active input actions
13:11:30.799 [FXGL Background Thread 2 ] DEBUG Input                - Registered new binding: Jump0 - W
13:11:30.800 [FXGL Background Thread 2 ] DEBUG Input                - Registered new binding: Left0 - A
13:11:30.800 [FXGL Background Thread 2 ] DEBUG Input                - Registered new binding: Right0 - D
13:11:30.800 [FXGL Background Thread 2 ] DEBUG Input                - Registered new binding: Use0 - E
13:11:30.800 [FXGL Background Thread 2 ] DEBUG FXGLAssetLoaderServi - Loading from file system: file:/C:/Users/user/Desktop/JavaFXGame/target/classes/assets/textures/background/manila.png
13:11:30.817 [FXGL Background Thread 2 ] INFO  FXGLApplication      - Game initialization took: 0.129 sec
13:11:30.821 [JavaFX Application Thread] DEBUG Input                - Clearing active input actions
13:11:30.824 [JavaFX Application Thread] DEBUG GameApplicationServi - Removing overlay from MainLoadingScene and adding to GameScene
13:11:30.825 [JavaFX Application Thread] DEBUG PrimaryStageWindow   - MainLoadingScene -> GameScene
13:11:30.845 [JavaFX Application Thread] DEBUG FXGLAssetLoaderServi - Loading from file system: file:/C:/Users/user/Desktop/JavaFXGame/target/classes/assets/sounds/dead.wav
13:11:31.061 [JavaFX Application Thread] WARN  TMXLevelLoader       - TiledMap generated from 1.11.0. Supported version: 1.9.0. Some features may not be parsed fully.
13:11:31.069 [JavaFX Application Thread] DEBUG TMXLevelLoader       - Parsed TiledMap: file:/C:/Users/user/Desktop/JavaFXGame/target/classes/assets/levels/tmx/level2.tmx
13:11:31.069 [JavaFX Application Thread] DEBUG TMXLevelLoader       - Creating tile layer entities
13:11:31.069 [JavaFX Application Thread] DEBUG TilesetLoader        - Loading view for layer BG
13:11:31.071 [JavaFX Application Thread] DEBUG TilesetLoader        - Created buffer with size 4200.0x700.0
13:11:31.082 [JavaFX Application Thread] DEBUG TilesetLoader        - Loading view for layer Tile Layer 1
13:11:31.087 [JavaFX Application Thread] DEBUG TilesetLoader        - Created buffer with size 4200.0x700.0
13:11:31.089 [JavaFX Application Thread] DEBUG TMXLevelLoader       - Creating object layer entities
13:11:31.100 [JavaFX Application Thread] DEBUG GameWorld            - Clearing removable entities
13:11:31.104 [JavaFX Application Thread] DEBUG GameWorld            - Setting level: com.almasb.fxgl.entity.level.Level@75f54c40
13:11:31.664 [JavaFX Application Thread] DEBUG PrimaryStageWindow   - Push state: PauseMenuScene
13:11:31.664 [JavaFX Application Thread] DEBUG Input                - Clearing active input actions
13:11:31.664 [JavaFX Application Thread] DEBUG GameApplicationServi - Removing overlay from GameScene and adding to PauseMenuScene
13:11:31.665 [JavaFX Application Thread] DEBUG PrimaryStageWindow   - GameScene -> PauseMenuScene
13:11:49.143 [JavaFX Application Thread] DEBUG Input                - Clearing active input actions
13:11:49.143 [JavaFX Application Thread] DEBUG PrimaryStageWindow   - Pop state: PauseMenuScene
13:11:49.143 [JavaFX Application Thread] DEBUG Input                - Clearing active input actions
13:11:49.144 [JavaFX Application Thread] DEBUG GameApplicationServi - Removing overlay from PauseMenuScene and adding to GameScene
13:11:49.144 [JavaFX Application Thread] DEBUG PrimaryStageWindow   - GameScene <- PauseMenuScene
13:11:49.185 [JavaFX Application Thread] DEBUG PrimaryStageWindow   - Push state: RiderMainMenuScene
13:11:49.185 [JavaFX Application Thread] DEBUG Input                - Clearing active input actions
13:11:49.185 [JavaFX Application Thread] DEBUG GameApplicationServi - Removing overlay from GameScene and adding to RiderMainMenuScene
13:11:49.185 [JavaFX Application Thread] DEBUG PrimaryStageWindow   - GameScene -> RiderMainMenuScene
13:11:49.959 [JavaFX Application Thread] DEBUG FXGLApplication      - Exiting FXGL
13:11:49.959 [JavaFX Application Thread] DEBUG LoopRunner           - Stopping loop
13:11:49.959 [JavaFX Application Thread] DEBUG SystemBundleService  - Saving FXGL system data
13:11:49.961 [JavaFX Application Thread] DEBUG FileSystemAccess     - Writing to: C:\Users\user\Desktop\JavaFXGame\system\fxgl.bundle
13:11:49.963 [JavaFX Application Thread] DEBUG Async                - Shutting down background threads
13:11:49.963 [JavaFX Application Thread] DEBUG PrimaryStageWindow   - Closing main window
13:11:49.972 [JavaFX Application Thread] DEBUG Logger               - Closing Logger
