13:51:13.227 [main                     ] DEBUG Logger               - Configured Logger
13:51:13.243 [main                     ] DEBUG GameApplication      - Logging settings
Title: Untitled
Version: 0.0
Width: 1280
Height: 720
Fullscreen: false
Intro: false
Profiling: false
Single step:false
App Mode: DEVELOPER
Menu Key: ESCAPE
Stage Style: DECORATED
Scene Factory: class com.sunsofgod.PlatformerApp$1

13:51:13.487 [JavaFX Application Thread] DEBUG FXGLApplication      - Initializing FXGL
13:51:13.490 [JavaFX Application Thread] INFO  Engine               - FXGL-17.2 (20.08.2022 16.50) on WINDOWS (J:21.0.4 FX:17.0.12)
13:51:13.490 [JavaFX Application Thread] DEBUG Engine               - JRE Vendor Name: Eclipse Adoptium
13:51:13.490 [JavaFX Application Thread] DEBUG Engine               - Running on OS: Windows 11 version 10.0
13:51:13.490 [JavaFX Application Thread] DEBUG Engine               - Architecture: amd64
13:51:13.490 [JavaFX Application Thread] INFO  Engine               - Source code and latest versions at: https://github.com/AlmasB/FXGL
13:51:13.491 [JavaFX Application Thread] INFO  Engine               -       Ask questions and discuss at: https://github.com/AlmasB/FXGL/discussions
13:51:13.491 [JavaFX Application Thread] INFO  Engine               -              Join the FXGL chat at: https://gitter.im/AlmasB/FXGL
13:51:13.542 [JavaFX Application Thread] DEBUG PrimaryStageWindow   - Creating a JavaFX scene
13:51:13.568 [JavaFX Application Thread] DEBUG PrimaryStageWindow   - Target settings size: 1280.0 x 720.0
13:51:13.568 [JavaFX Application Thread] DEBUG PrimaryStageWindow   - Scaled scene size:    1280.0 x 720.0
13:51:13.568 [JavaFX Application Thread] DEBUG PrimaryStageWindow   - Scaled ratio: (1.0, 1.0)
13:51:13.569 [JavaFX Application Thread] DEBUG PrimaryStageWindow   - Set initial scene to FXGLStartupScene
13:51:13.573 [JavaFX Application Thread] DEBUG PrimaryStageWindow   - Opening main window
13:51:13.623 [JavaFX Application Thread] DEBUG PrimaryStageWindow   - Window border size: (16.0, 39.0)
13:51:13.623 [JavaFX Application Thread] DEBUG PrimaryStageWindow   - Scaled size: 1280.0 x 720.0
13:51:13.624 [JavaFX Application Thread] DEBUG PrimaryStageWindow   - Scaled ratio: (1.0, 1.0)
13:51:13.624 [JavaFX Application Thread] DEBUG PrimaryStageWindow   - Scene size: 1280.0 x 720.0
13:51:13.624 [JavaFX Application Thread] DEBUG PrimaryStageWindow   - Stage size: 1296.0 x 759.0
13:51:13.629 [FXGL Background Thread 1 ] DEBUG Engine               - Initializing environment variables
13:51:13.657 [FXGL Background Thread 1 ] DEBUG FXGLAssetLoaderServi - User app class for loading assets: class com.sunsofgod.PlatformerApp
13:51:13.657 [FXGL Background Thread 1 ] DEBUG GameApplicationServi - Applying CSS: fxgl_dark.css
13:51:13.657 [FXGL Background Thread 1 ] DEBUG FXGLAssetLoaderServi - Loading from file system: jar:file:///C:/Users/Balong/.m2/repository/com/github/almasb/fxgl/17.2/fxgl-17.2.jar!/fxglassets/ui/css/fxgl_dark.css
13:51:13.688 [FXGL Background Thread 1 ] DEBUG GameApplicationServi - Initializing application scenes
13:51:13.716 [FXGL Background Thread 1 ] DEBUG FXGLAssetLoaderServi - Loading from file system: file:/C:/Users/Balong/Desktop/JavaFXGame-1/target/classes/assets/textures/player.png
13:51:13.733 [FXGL Background Thread 1 ] DEBUG GameWorld            - Game world initialized
13:51:13.768 [FXGL Background Thread 1 ] DEBUG PhysicsWorld         - Physics world initialized: appHeight=720, physics.ppm=50.0
13:51:13.768 [FXGL Background Thread 1 ] DEBUG PhysicsWorld         - Using strategy: BRUTE_FORCE
13:51:13.771 [FXGL Background Thread 1 ] DEBUG GameScene            - Game scene initialized: 1280x720
13:51:13.953 [FXGL Background Thread 1 ] DEBUG FXGL.DefaultMenu     - createMenuBodyGameMenu()
13:51:13.959 [FXGL Background Thread 1 ] DEBUG FXGL.DefaultMenu     - createOptionsMenu()
13:51:13.964 [FXGL Background Thread 1 ] DEBUG FXGLAssetLoaderServi - Loading from file system: jar:file:///C:/Users/Balong/.m2/repository/com/github/almasb/fxgl/17.2/fxgl-17.2.jar!/fxglassets/textures/particles/smoke.png
13:51:14.002 [FXGL Background Thread 1 ] DEBUG FXGLAssetLoaderServi - Loading from file system: jar:file:///C:/Users/Balong/.m2/repository/com/github/almasb/fxgl/17.2/fxgl-17.2.jar!/fxglassets/textures/particles/trace_horizontal.png
13:51:14.010 [FXGL Background Thread 1 ] DEBUG GameApplicationServi - Application scenes initialized
13:51:14.018 [FXGL Background Thread 1 ] DEBUG SystemBundleService  - Loading FXGL system data
13:51:14.021 [FXGL Background Thread 1 ] DEBUG FileSystemAccess     - Reading from: C:\Users\Balong\Desktop\JavaFXGame-1\system\fxgl.bundle
13:51:14.026 [FXGL Background Thread 1 ] DEBUG SystemBundleService  - Bundle FXGL: {}
13:51:14.026 [FXGL Background Thread 1 ] DEBUG UpdaterService       - Checking for updates
13:51:14.040 [FXGL Background Thread 4 ] DEBUG FXGLApplication      - Loading fonts
13:51:14.041 [FXGL Background Thread 1 ] DEBUG FXGLApplication      - Loading default localization
13:51:14.041 [FXGL Background Thread 4 ] DEBUG FXGLAssetLoaderServi - Loading from file system: jar:file:///C:/Users/Balong/.m2/repository/com/github/almasb/fxgl/17.2/fxgl-17.2.jar!/fxglassets/ui/fonts/VarelaRound-Regular.ttf
13:51:14.041 [FXGL Background Thread 1 ] DEBUG FXGLAssetLoaderServi - Loading from file system: jar:file:///C:/Users/Balong/.m2/repository/com/github/almasb/fxgl/17.2/fxgl-17.2.jar!/fxglassets/languages/english.lang
13:51:14.053 [FXGL Background Thread 1 ] INFO  FXGLApplication      - FXGL initialization took: 0.424 sec
13:51:14.053 [JavaFX Application Thread] DEBUG FXGLAssetLoaderServi - Loading from file system: jar:file:///C:/Users/Balong/.m2/repository/com/github/almasb/fxgl/17.2/fxgl-17.2.jar!/fxglassets/textures/fxgl_icon.png
13:51:14.063 [JavaFX Application Thread] DEBUG FXGLAssetLoaderServi - Loading from file system: jar:file:///C:/Users/Balong/.m2/repository/com/github/almasb/fxgl/17.2/fxgl-17.2.jar!/fxglassets/textures/fxgl_default_cursor.png
13:51:14.067 [FXGL Background Thread 4 ] DEBUG FXGLAssetLoaderServi - Loading from file system: jar:file:///C:/Users/Balong/.m2/repository/com/github/almasb/fxgl/17.2/fxgl-17.2.jar!/fxglassets/ui/fonts/Abel-Regular.ttf
13:51:14.069 [JavaFX Application Thread] DEBUG Input                - Registered new binding: Screenshot - CTRL+8
13:51:14.069 [JavaFX Application Thread] DEBUG Input                - Registered new binding: Dev Options - 1
13:51:14.069 [JavaFX Application Thread] DEBUG Input                - Registered new binding: Dev Console - 2
13:51:14.070 [JavaFX Application Thread] DEBUG Input                - Registered new binding: System info dump - CTRL+9
13:51:14.070 [JavaFX Application Thread] DEBUG Input                - Registered new binding: Restart - CTRL+R
13:51:14.070 [JavaFX Application Thread] DEBUG Input                - Registered new binding: Toggle Debug Camera - CTRL+7
13:51:14.072 [JavaFX Application Thread] DEBUG LoopRunner           - Starting loop
13:51:14.075 [FXGL Background Thread 4 ] DEBUG FXGLAssetLoaderServi - Loading from file system: jar:file:///C:/Users/Balong/.m2/repository/com/github/almasb/fxgl/17.2/fxgl-17.2.jar!/fxglassets/ui/fonts/TerminalLandMono-Regular.otf
13:51:14.079 [JavaFX Application Thread] DEBUG LoopRunner           - Initializing JavaFX AnimationTimerLoop
13:51:14.081 [JavaFX Application Thread] DEBUG Input                - Clearing active input actions
13:51:14.088 [FXGL Background Thread 4 ] DEBUG FXGLAssetLoaderServi - Loading from file system: jar:file:///C:/Users/Balong/.m2/repository/com/github/almasb/fxgl/17.2/fxgl-17.2.jar!/fxglassets/ui/fonts/Courier-Prime.ttf
13:51:14.090 [JavaFX Application Thread] DEBUG GameApplicationServi - Removing overlay from FXGLStartupScene and adding to FXGLMainMenuDummyScene
13:51:14.093 [JavaFX Application Thread] DEBUG PrimaryStageWindow   - FXGLStartupScene -> FXGLMainMenuDummyScene
13:51:14.093 [JavaFX Application Thread] DEBUG PrimaryStageWindow   - Push state: RiderMainMenuScene
13:51:14.093 [JavaFX Application Thread] DEBUG Input                - Clearing active input actions
13:51:14.098 [JavaFX Application Thread] DEBUG GameApplicationServi - Removing overlay from FXGLMainMenuDummyScene and adding to RiderMainMenuScene
13:51:14.098 [JavaFX Application Thread] DEBUG PrimaryStageWindow   - FXGLMainMenuDummyScene -> RiderMainMenuScene
13:51:14.208 [JavaFX Application Thread] DEBUG FXGLApplication      - Registering font factories with UI factory
13:51:14.629 [FXGL Background Thread 2 ] INFO  UpdaterService       - Your current version:  17.2
13:51:14.630 [FXGL Background Thread 2 ] INFO  UpdaterService       - Latest stable version: 21.1
13:51:16.032 [JavaFX Application Thread] DEBUG FXGLApplication      - Exiting FXGL
13:51:16.032 [JavaFX Application Thread] DEBUG LoopRunner           - Stopping loop
13:51:16.032 [JavaFX Application Thread] DEBUG SystemBundleService  - Saving FXGL system data
13:51:16.034 [JavaFX Application Thread] DEBUG FileSystemAccess     - Writing to: C:\Users\Balong\Desktop\JavaFXGame-1\system\fxgl.bundle
13:51:16.036 [JavaFX Application Thread] DEBUG Async                - Shutting down background threads
13:51:16.036 [JavaFX Application Thread] DEBUG PrimaryStageWindow   - Closing main window
13:51:16.043 [JavaFX Application Thread] DEBUG Logger               - Closing Logger
