01:59:36.781 [main                     ] DEBUG Logger               - Configured Logger
01:59:36.797 [main                     ] DEBUG GameApplication      - Logging settings
Title: Untitled
Version: 0.0
Width: 1280
Height: 720
Fullscreen: false
Intro: false
Profiling: false
Single step:false
App Mode: DEVELOPER
Menu Key: ESCAPE
Stage Style: DECORATED
Scene Factory: class com.sunsofgod.PlatformerApp$1

01:59:37.078 [JavaFX Application Thread] DEBUG FXGLApplication      - Initializing FXGL
01:59:37.081 [JavaFX Application Thread] INFO  Engine               - FXGL-17.2 (20.08.2022 16.50) on WINDOWS (J:21.0.4 FX:17.0.12)
01:59:37.081 [JavaFX Application Thread] DEBUG Engine               - JRE Vendor Name: Eclipse Adoptium
01:59:37.081 [JavaFX Application Thread] DEBUG Engine               - Running on OS: Windows 11 version 10.0
01:59:37.082 [JavaFX Application Thread] DEBUG Engine               - Architecture: amd64
01:59:37.082 [JavaFX Application Thread] INFO  Engine               - Source code and latest versions at: https://github.com/AlmasB/FXGL
01:59:37.082 [JavaFX Application Thread] INFO  Engine               -       Ask questions and discuss at: https://github.com/AlmasB/FXGL/discussions
01:59:37.082 [JavaFX Application Thread] INFO  Engine               -              Join the FXGL chat at: https://gitter.im/AlmasB/FXGL
01:59:37.142 [JavaFX Application Thread] DEBUG PrimaryStageWindow   - Creating a JavaFX scene
01:59:37.169 [JavaFX Application Thread] DEBUG PrimaryStageWindow   - Target settings size: 1280.0 x 720.0
01:59:37.169 [JavaFX Application Thread] DEBUG PrimaryStageWindow   - Scaled scene size:    1280.0 x 720.0
01:59:37.169 [JavaFX Application Thread] DEBUG PrimaryStageWindow   - Scaled ratio: (1.0, 1.0)
01:59:37.170 [JavaFX Application Thread] DEBUG PrimaryStageWindow   - Set initial scene to FXGLStartupScene
01:59:37.174 [JavaFX Application Thread] DEBUG PrimaryStageWindow   - Opening main window
01:59:37.228 [JavaFX Application Thread] DEBUG PrimaryStageWindow   - Window border size: (16.0, 39.0)
01:59:37.228 [JavaFX Application Thread] DEBUG PrimaryStageWindow   - Scaled size: 1280.0 x 720.0
01:59:37.228 [JavaFX Application Thread] DEBUG PrimaryStageWindow   - Scaled ratio: (1.0, 1.0)
01:59:37.228 [JavaFX Application Thread] DEBUG PrimaryStageWindow   - Scene size: 1280.0 x 720.0
01:59:37.228 [JavaFX Application Thread] DEBUG PrimaryStageWindow   - Stage size: 1296.0 x 759.0
01:59:37.233 [FXGL Background Thread 1 ] DEBUG Engine               - Initializing environment variables
01:59:37.263 [FXGL Background Thread 1 ] DEBUG FXGLAssetLoaderServi - User app class for loading assets: class com.sunsofgod.PlatformerApp
01:59:37.263 [FXGL Background Thread 1 ] DEBUG GameApplicationServi - Applying CSS: fxgl_dark.css
01:59:37.263 [FXGL Background Thread 1 ] DEBUG FXGLAssetLoaderServi - Loading from file system: jar:file:///C:/Users/Balong/.m2/repository/com/github/almasb/fxgl/17.2/fxgl-17.2.jar!/fxglassets/ui/css/fxgl_dark.css
01:59:37.291 [FXGL Background Thread 1 ] DEBUG GameApplicationServi - Initializing application scenes
01:59:37.320 [FXGL Background Thread 1 ] WARN  FXGLAssetLoaderServi - Asset "/assets/textures/player.png" was not found!
01:59:37.320 [FXGL Background Thread 1 ] WARN  FXGLAssetLoaderServi - Failed to load IMAGE
01:59:37.336 [FXGL Background Thread 1 ] DEBUG GameWorld            - Game world initialized
01:59:37.367 [FXGL Background Thread 1 ] DEBUG PhysicsWorld         - Physics world initialized: appHeight=720, physics.ppm=50.0
01:59:37.367 [FXGL Background Thread 1 ] DEBUG PhysicsWorld         - Using strategy: BRUTE_FORCE
01:59:37.369 [FXGL Background Thread 1 ] DEBUG GameScene            - Game scene initialized: 1280x720
01:59:37.556 [FXGL Background Thread 1 ] DEBUG GameApplicationServi - Application scenes initialized
01:59:37.565 [FXGL Background Thread 1 ] DEBUG SystemBundleService  - Loading FXGL system data
01:59:37.568 [FXGL Background Thread 1 ] DEBUG FileSystemAccess     - Reading from: C:\Users\Balong\Desktop\JavaFXGame-3\system\fxgl.bundle
01:59:37.573 [FXGL Background Thread 1 ] DEBUG SystemBundleService  - Bundle FXGL: {}
01:59:37.574 [FXGL Background Thread 1 ] DEBUG UpdaterService       - Checking for updates
01:59:37.595 [FXGL Background Thread 4 ] DEBUG FXGLApplication      - Loading fonts
01:59:37.595 [FXGL Background Thread 1 ] DEBUG FXGLApplication      - Loading default localization
01:59:37.595 [FXGL Background Thread 4 ] DEBUG FXGLAssetLoaderServi - Loading from file system: jar:file:///C:/Users/Balong/.m2/repository/com/github/almasb/fxgl/17.2/fxgl-17.2.jar!/fxglassets/ui/fonts/VarelaRound-Regular.ttf
01:59:37.596 [FXGL Background Thread 1 ] DEBUG FXGLAssetLoaderServi - Loading from file system: jar:file:///C:/Users/Balong/.m2/repository/com/github/almasb/fxgl/17.2/fxgl-17.2.jar!/fxglassets/languages/english.lang
01:59:37.607 [FXGL Background Thread 1 ] INFO  FXGLApplication      - FXGL initialization took: 0.374 sec
01:59:37.608 [JavaFX Application Thread] DEBUG FXGLAssetLoaderServi - Loading from file system: jar:file:///C:/Users/Balong/.m2/repository/com/github/almasb/fxgl/17.2/fxgl-17.2.jar!/fxglassets/textures/fxgl_icon.png
01:59:37.621 [JavaFX Application Thread] DEBUG FXGLAssetLoaderServi - Loading from file system: jar:file:///C:/Users/Balong/.m2/repository/com/github/almasb/fxgl/17.2/fxgl-17.2.jar!/fxglassets/textures/fxgl_default_cursor.png
01:59:37.626 [FXGL Background Thread 4 ] DEBUG FXGLAssetLoaderServi - Loading from file system: jar:file:///C:/Users/Balong/.m2/repository/com/github/almasb/fxgl/17.2/fxgl-17.2.jar!/fxglassets/ui/fonts/Abel-Regular.ttf
01:59:37.630 [JavaFX Application Thread] DEBUG Input                - Registered new binding: Screenshot - CTRL+8
01:59:37.630 [JavaFX Application Thread] DEBUG Input                - Registered new binding: Dev Options - 1
01:59:37.631 [JavaFX Application Thread] DEBUG Input                - Registered new binding: Dev Console - 2
01:59:37.631 [JavaFX Application Thread] DEBUG Input                - Registered new binding: System info dump - CTRL+9
01:59:37.631 [JavaFX Application Thread] DEBUG Input                - Registered new binding: Restart - CTRL+R
01:59:37.631 [JavaFX Application Thread] DEBUG Input                - Registered new binding: Toggle Debug Camera - CTRL+7
01:59:37.633 [JavaFX Application Thread] DEBUG LoopRunner           - Starting loop
01:59:37.633 [FXGL Background Thread 4 ] DEBUG FXGLAssetLoaderServi - Loading from file system: jar:file:///C:/Users/Balong/.m2/repository/com/github/almasb/fxgl/17.2/fxgl-17.2.jar!/fxglassets/ui/fonts/TerminalLandMono-Regular.otf
01:59:37.642 [JavaFX Application Thread] DEBUG LoopRunner           - Initializing JavaFX AnimationTimerLoop
01:59:37.643 [JavaFX Application Thread] DEBUG Input                - Clearing active input actions
01:59:37.649 [FXGL Background Thread 4 ] DEBUG FXGLAssetLoaderServi - Loading from file system: jar:file:///C:/Users/Balong/.m2/repository/com/github/almasb/fxgl/17.2/fxgl-17.2.jar!/fxglassets/ui/fonts/Courier-Prime.ttf
01:59:37.651 [JavaFX Application Thread] DEBUG GameApplicationServi - Removing overlay from FXGLStartupScene and adding to FXGLMainMenuDummyScene
01:59:37.654 [JavaFX Application Thread] DEBUG PrimaryStageWindow   - FXGLStartupScene -> FXGLMainMenuDummyScene
01:59:37.654 [JavaFX Application Thread] DEBUG PrimaryStageWindow   - Push state: RiderMainMenuScene
01:59:37.654 [JavaFX Application Thread] DEBUG Input                - Clearing active input actions
01:59:37.658 [JavaFX Application Thread] DEBUG GameApplicationServi - Removing overlay from FXGLMainMenuDummyScene and adding to RiderMainMenuScene
01:59:37.658 [JavaFX Application Thread] DEBUG PrimaryStageWindow   - FXGLMainMenuDummyScene -> RiderMainMenuScene
01:59:37.768 [JavaFX Application Thread] DEBUG FXGLApplication      - Registering font factories with UI factory
01:59:38.183 [FXGL Background Thread 2 ] INFO  UpdaterService       - Your current version:  17.2
01:59:38.184 [FXGL Background Thread 2 ] INFO  UpdaterService       - Latest stable version: 21.1
01:59:38.314 [JavaFX Application Thread] DEBUG PrimaryStageWindow   - Push state: PlayerSelectScene
01:59:38.314 [JavaFX Application Thread] DEBUG Input                - Clearing active input actions
01:59:38.315 [JavaFX Application Thread] DEBUG GameApplicationServi - Removing overlay from RiderMainMenuScene and adding to PlayerSelectScene
01:59:38.316 [JavaFX Application Thread] DEBUG PrimaryStageWindow   - RiderMainMenuScene -> PlayerSelectScene
01:59:39.391 [JavaFX Application Thread] DEBUG PrimaryStageWindow   - Push state: LevelSelectScene
01:59:39.391 [JavaFX Application Thread] DEBUG Input                - Clearing active input actions
01:59:39.391 [JavaFX Application Thread] DEBUG GameApplicationServi - Removing overlay from PlayerSelectScene and adding to LevelSelectScene
01:59:39.393 [JavaFX Application Thread] DEBUG PrimaryStageWindow   - PlayerSelectScene -> LevelSelectScene
01:59:40.039 [JavaFX Application Thread] DEBUG Menu                 - fireNewGame()
01:59:40.039 [JavaFX Application Thread] DEBUG GameApplicationServi - Starting new game
01:59:40.040 [JavaFX Application Thread] DEBUG PrimaryStageWindow   - Pop state: LevelSelectScene
01:59:40.040 [JavaFX Application Thread] DEBUG Input                - Clearing active input actions
01:59:40.040 [JavaFX Application Thread] DEBUG GameApplicationServi - Removing overlay from LevelSelectScene and adding to PlayerSelectScene
01:59:40.041 [JavaFX Application Thread] DEBUG PrimaryStageWindow   - PlayerSelectScene <- LevelSelectScene
01:59:40.041 [JavaFX Application Thread] DEBUG PrimaryStageWindow   - Pop state: PlayerSelectScene
01:59:40.042 [JavaFX Application Thread] DEBUG Input                - Clearing active input actions
01:59:40.042 [JavaFX Application Thread] DEBUG GameApplicationServi - Removing overlay from PlayerSelectScene and adding to RiderMainMenuScene
01:59:40.042 [JavaFX Application Thread] DEBUG PrimaryStageWindow   - RiderMainMenuScene <- PlayerSelectScene
01:59:40.042 [JavaFX Application Thread] DEBUG PrimaryStageWindow   - Pop state: RiderMainMenuScene
01:59:40.042 [JavaFX Application Thread] DEBUG Input                - Clearing active input actions
01:59:40.042 [JavaFX Application Thread] DEBUG GameApplicationServi - Removing overlay from RiderMainMenuScene and adding to FXGLMainMenuDummyScene
01:59:40.043 [JavaFX Application Thread] DEBUG PrimaryStageWindow   - FXGLMainMenuDummyScene <- RiderMainMenuScene
01:59:40.044 [JavaFX Application Thread] DEBUG Input                - Clearing active input actions
01:59:40.047 [JavaFX Application Thread] DEBUG GameApplicationServi - Removing overlay from FXGLMainMenuDummyScene and adding to MainLoadingScene
01:59:40.047 [JavaFX Application Thread] DEBUG PrimaryStageWindow   - FXGLMainMenuDummyScene -> MainLoadingScene
01:59:40.047 [JavaFX Application Thread] DEBUG GameApplicationServi - Clearing previous game
01:59:40.047 [JavaFX Application Thread] DEBUG GameScene            - Clearing game scene
01:59:40.047 [JavaFX Application Thread] DEBUG GameWorld            - Clearing game world
01:59:40.047 [JavaFX Application Thread] DEBUG PhysicsWorld         - Clearing physics world
01:59:40.048 [FXGL Background Thread 2 ] DEBUG FXGLApplication      - Initializing game
01:59:40.072 [FXGL Background Thread 2 ] WARN  TMXLevelLoader       - TiledMap generated from 1.11.0. Supported version: 1.9.0. Some features may not be parsed fully.
01:59:40.082 [FXGL Background Thread 2 ] DEBUG TMXLevelLoader       - Parsed TiledMap: file:/C:/Users/Balong/Desktop/JavaFXGame-3/target/classes/assets/levels/tmx/level2.tmx
01:59:40.083 [FXGL Background Thread 2 ] DEBUG TMXLevelLoader       - Creating tile layer entities
01:59:40.084 [FXGL Background Thread 2 ] DEBUG TilesetLoader        - Loading view for layer Tile Layer 1
01:59:40.086 [FXGL Background Thread 2 ] DEBUG TilesetLoader        - Created buffer with size 3500.0x700.0
01:59:40.094 [FXGL Background Thread 2 ] DEBUG TMXLevelLoader       - Creating object layer entities
01:59:40.110 [FXGL Background Thread 2 ] DEBUG GameWorld            - Clearing removable entities
01:59:40.110 [FXGL Background Thread 2 ] DEBUG GameWorld            - Setting level: com.almasb.fxgl.entity.level.Level@5de3db5e
01:59:40.116 [FXGL Background Thread 2 ] DEBUG FXGLAssetLoaderServi - Loading from file system: file:/C:/Users/Balong/Desktop/JavaFXGame-3/target/classes/assets/textures/player1.png
01:59:40.121 [FXGL Background Thread 2 ] DEBUG Input                - Clearing active input actions
01:59:40.124 [FXGL Background Thread 2 ] DEBUG Input                - Registered new binding: Jump0 - W
01:59:40.125 [FXGL Background Thread 2 ] DEBUG Input                - Registered new binding: Left0 - A
01:59:40.125 [FXGL Background Thread 2 ] DEBUG Input                - Registered new binding: Right0 - D
01:59:40.125 [FXGL Background Thread 2 ] DEBUG Input                - Registered new binding: Use0 - E
01:59:40.126 [FXGL Background Thread 2 ] DEBUG FXGLAssetLoaderServi - Loading from file system: file:/C:/Users/Balong/Desktop/JavaFXGame-3/target/classes/assets/textures/background/manila.png
01:59:40.139 [FXGL Background Thread 2 ] INFO  FXGLApplication      - Game initialization took: 0.090 sec
01:59:40.139 [JavaFX Application Thread] DEBUG Input                - Clearing active input actions
01:59:40.142 [JavaFX Application Thread] DEBUG GameApplicationServi - Removing overlay from MainLoadingScene and adding to GameScene
01:59:40.143 [JavaFX Application Thread] DEBUG PrimaryStageWindow   - MainLoadingScene -> GameScene
01:59:40.543 [JavaFX Application Thread] DEBUG FXGLAssetLoaderServi - Loading from file system: file:/C:/Users/Balong/Desktop/JavaFXGame-3/target/classes/assets/sounds/land.wav
01:59:40.595 [FXGL Background Thread 3 ] DEBUG Engine               - Logging environment variables
01:59:40.595 [FXGL Background Thread 3 ] DEBUG Engine               - achievements: []
01:59:40.595 [FXGL Background Thread 3 ] DEBUG Engine               - actualHeight: 720.0
01:59:40.595 [FXGL Background Thread 3 ] DEBUG Engine               - actualHeightProperty: ReadOnlyDoubleProperty [value: 720.0]
01:59:40.595 [FXGL Background Thread 3 ] DEBUG Engine               - actualWidth: 1280.0
01:59:40.595 [FXGL Background Thread 3 ] DEBUG Engine               - actualWidthProperty: ReadOnlyDoubleProperty [value: 1280.0]
01:59:40.595 [FXGL Background Thread 3 ] DEBUG Engine               - appIcon: fxgl_icon.png
01:59:40.595 [FXGL Background Thread 3 ] DEBUG Engine               - applicationMode: DEVELOPER
01:59:40.595 [FXGL Background Thread 3 ] DEBUG Engine               - cSSList: [fxgl_dark.css]
01:59:40.595 [FXGL Background Thread 3 ] DEBUG Engine               - collisionDetectionStrategy: BRUTE_FORCE
01:59:40.595 [FXGL Background Thread 3 ] DEBUG Engine               - configClass: Optional.empty
01:59:40.596 [FXGL Background Thread 3 ] DEBUG Engine               - credits: []
01:59:40.596 [FXGL Background Thread 3 ] DEBUG Engine               - defaultCursor: CursorInfo(imageName=fxgl_default_cursor.png, hotspotX=7.0, hotspotY=6.0)
01:59:40.596 [FXGL Background Thread 3 ] DEBUG Engine               - devBBoxColorProperty: ObjectProperty [value: 0xff0000ff]
01:59:40.597 [FXGL Background Thread 3 ] DEBUG Engine               - devEnableDebugCameraProperty: BooleanProperty [value: false]
01:59:40.597 [FXGL Background Thread 3 ] DEBUG Engine               - devSensorColorProperty: ObjectProperty [value: 0xffff00ff]
01:59:40.597 [FXGL Background Thread 3 ] DEBUG Engine               - devShowBBoxProperty: BooleanProperty [value: false]
01:59:40.597 [FXGL Background Thread 3 ] DEBUG Engine               - devShowPositionProperty: BooleanProperty [value: false]
01:59:40.597 [FXGL Background Thread 3 ] DEBUG Engine               - enabledMenuItems: []
01:59:40.597 [FXGL Background Thread 3 ] DEBUG Engine               - engineServices: [class com.almasb.fxgl.app.services.FXGLAssetLoaderService, class com.almasb.fxgl.app.FXGLApplication$GameApplicationService, class com.almasb.fxgl.app.services.FXGLDialogService, class com.almasb.fxgl.app.services.IOTaskExecutorService, class com.almasb.fxgl.io.FileSystemService, class com.almasb.fxgl.localization.LocalizationService, class com.almasb.fxgl.app.services.SystemBundleService, class com.almasb.fxgl.profile.SaveLoadService, class com.almasb.fxgl.ui.FXGLUIFactoryServiceProvider, class com.almasb.fxgl.ui.FXGLDialogFactoryServiceProvider, class com.almasb.fxgl.audio.AudioPlayer, class com.almasb.fxgl.notification.impl.NotificationServiceProvider, class com.almasb.fxgl.achievement.AchievementService, class com.almasb.fxgl.cutscene.CutsceneService, class com.almasb.fxgl.minigames.MiniGameService, class com.almasb.fxgl.net.NetService, class com.almasb.fxgl.app.services.UpdaterService, class com.almasb.fxgl.dev.DevService]
01:59:40.597 [FXGL Background Thread 3 ] DEBUG Engine               - fontGame: Abel-Regular.ttf
01:59:40.597 [FXGL Background Thread 3 ] DEBUG Engine               - fontMono: TerminalLandMono-Regular.otf
01:59:40.597 [FXGL Background Thread 3 ] DEBUG Engine               - fontText: Courier-Prime.ttf
01:59:40.597 [FXGL Background Thread 3 ] DEBUG Engine               - fontUI: VarelaRound-Regular.ttf
01:59:40.597 [FXGL Background Thread 3 ] DEBUG Engine               - fullScreen: BooleanProperty [value: false]
01:59:40.597 [FXGL Background Thread 3 ] DEBUG Engine               - gameDifficulty: MEDIUM
01:59:40.597 [FXGL Background Thread 3 ] DEBUG Engine               - gameDifficultyProperty: ObjectProperty [value: MEDIUM]
01:59:40.597 [FXGL Background Thread 3 ] DEBUG Engine               - globalMusicVolume: 0.5
01:59:40.597 [FXGL Background Thread 3 ] DEBUG Engine               - globalMusicVolumeProperty: DoubleProperty [value: 0.25]
01:59:40.597 [FXGL Background Thread 3 ] DEBUG Engine               - globalSoundVolume: 0.5
01:59:40.597 [FXGL Background Thread 3 ] DEBUG Engine               - globalSoundVolumeProperty: DoubleProperty [value: 0.5]
01:59:40.597 [FXGL Background Thread 3 ] DEBUG Engine               - height: 720
01:59:40.597 [FXGL Background Thread 3 ] DEBUG Engine               - is3D: false
01:59:40.597 [FXGL Background Thread 3 ] DEBUG Engine               - isAndroid: false
01:59:40.597 [FXGL Background Thread 3 ] DEBUG Engine               - isBrowser: false
01:59:40.597 [FXGL Background Thread 3 ] DEBUG Engine               - isClickFeedbackEnabled: false
01:59:40.597 [FXGL Background Thread 3 ] DEBUG Engine               - isCloseConfirmation: false
01:59:40.597 [FXGL Background Thread 3 ] DEBUG Engine               - isDesktop: true
01:59:40.597 [FXGL Background Thread 3 ] DEBUG Engine               - isDeveloperMenuEnabled: true
01:59:40.597 [FXGL Background Thread 3 ] DEBUG Engine               - isEmbedded: false
01:59:40.598 [FXGL Background Thread 3 ] DEBUG Engine               - isEntityPreloadEnabled: true
01:59:40.598 [FXGL Background Thread 3 ] DEBUG Engine               - isExperimentalTiledLargeMap: false
01:59:40.598 [FXGL Background Thread 3 ] DEBUG Engine               - isFileSystemWriteAllowed: true
01:59:40.598 [FXGL Background Thread 3 ] DEBUG Engine               - isFullScreenAllowed: false
01:59:40.598 [FXGL Background Thread 3 ] DEBUG Engine               - isFullScreenFromStart: false
01:59:40.598 [FXGL Background Thread 3 ] DEBUG Engine               - isGameMenuEnabled: true
01:59:40.598 [FXGL Background Thread 3 ] DEBUG Engine               - isIOS: false
01:59:40.598 [FXGL Background Thread 3 ] DEBUG Engine               - isIntroEnabled: false
01:59:40.598 [FXGL Background Thread 3 ] DEBUG Engine               - isLinux: false
01:59:40.598 [FXGL Background Thread 3 ] DEBUG Engine               - isMac: false
01:59:40.598 [FXGL Background Thread 3 ] DEBUG Engine               - isMainMenuEnabled: true
01:59:40.598 [FXGL Background Thread 3 ] DEBUG Engine               - isManualResizeEnabled: false
01:59:40.598 [FXGL Background Thread 3 ] DEBUG Engine               - isMobile: false
01:59:40.598 [FXGL Background Thread 3 ] DEBUG Engine               - isNative: false
01:59:40.598 [FXGL Background Thread 3 ] DEBUG Engine               - isPauseMusicWhenMinimized: true
01:59:40.598 [FXGL Background Thread 3 ] DEBUG Engine               - isPreserveResizeRatio: false
01:59:40.598 [FXGL Background Thread 3 ] DEBUG Engine               - isProfilingEnabled: false
01:59:40.598 [FXGL Background Thread 3 ] DEBUG Engine               - isScaleAffectedOnResize: true
01:59:40.598 [FXGL Background Thread 3 ] DEBUG Engine               - isSingleStep: false
01:59:40.598 [FXGL Background Thread 3 ] DEBUG Engine               - isUserProfileEnabled: false
01:59:40.598 [FXGL Background Thread 3 ] DEBUG Engine               - isWindows: true
01:59:40.598 [FXGL Background Thread 3 ] DEBUG Engine               - language: ObjectProperty [value: ENGLISH]
01:59:40.599 [FXGL Background Thread 3 ] DEBUG Engine               - menuKey: ESCAPE
01:59:40.599 [FXGL Background Thread 3 ] DEBUG Engine               - mouseSensitivity: 0.2
01:59:40.599 [FXGL Background Thread 3 ] DEBUG Engine               - notificationViewClass: class com.almasb.fxgl.notification.view.XboxNotificationView
01:59:40.599 [FXGL Background Thread 3 ] DEBUG Engine               - pixelsPerMeter: 50.0
01:59:40.599 [FXGL Background Thread 3 ] DEBUG Engine               - platform: WINDOWS
01:59:40.599 [FXGL Background Thread 3 ] DEBUG Engine               - prefHeightProperty: ReadOnlyDoubleProperty [value: 720.0]
01:59:40.599 [FXGL Background Thread 3 ] DEBUG Engine               - prefWidthProperty: ReadOnlyDoubleProperty [value: 1280.0]
01:59:40.599 [FXGL Background Thread 3 ] DEBUG Engine               - profileDir: profiles/
01:59:40.599 [FXGL Background Thread 3 ] DEBUG Engine               - profileName: StringProperty [value: DEFAULT]
01:59:40.599 [FXGL Background Thread 3 ] DEBUG Engine               - randomSeed: -1
01:59:40.599 [FXGL Background Thread 3 ] DEBUG Engine               - runtimeInfo: RuntimeInfo(platform=WINDOWS, version=17.2, build=20.08.2022 16.50)
01:59:40.599 [FXGL Background Thread 3 ] DEBUG Engine               - saveFileExt: sav
01:59:40.599 [FXGL Background Thread 3 ] DEBUG Engine               - scaledHeightProp$fxgl: DoubleProperty [bound, value: 720.0]
01:59:40.599 [FXGL Background Thread 3 ] DEBUG Engine               - scaledWidthProp$fxgl: DoubleProperty [bound, value: 1280.0]
01:59:40.599 [FXGL Background Thread 3 ] DEBUG Engine               - sceneFactory: com.sunsofgod.PlatformerApp$1@5f7b5924
01:59:40.599 [FXGL Background Thread 3 ] DEBUG Engine               - secondsIn24h: 60
01:59:40.599 [FXGL Background Thread 3 ] DEBUG Engine               - soundMenuBack: menu/back.wav
01:59:40.599 [FXGL Background Thread 3 ] DEBUG Engine               - soundMenuPress: menu/press.wav
01:59:40.599 [FXGL Background Thread 3 ] DEBUG Engine               - soundMenuSelect: menu/select.wav
01:59:40.599 [FXGL Background Thread 3 ] DEBUG Engine               - soundNotification: core/notification.wav
01:59:40.599 [FXGL Background Thread 3 ] DEBUG Engine               - stageStyle: DECORATED
01:59:40.599 [FXGL Background Thread 3 ] DEBUG Engine               - supportedLanguages: [ENGLISH, FRENCH, GERMAN, HUNGARIAN, RUSSIAN]
01:59:40.599 [FXGL Background Thread 3 ] DEBUG Engine               - ticksPerSecond: -1
01:59:40.599 [FXGL Background Thread 3 ] DEBUG Engine               - title: Untitled
01:59:40.599 [FXGL Background Thread 3 ] DEBUG Engine               - urlGithub: https://github.com/AlmasB/FXGL
01:59:40.599 [FXGL Background Thread 3 ] DEBUG Engine               - urlLeaderboard: http://fxgl-top.herokuapp.com/
01:59:40.599 [FXGL Background Thread 3 ] DEBUG Engine               - urlPOM: https://raw.githubusercontent.com/AlmasB/FXGL/release/README.md
01:59:40.599 [FXGL Background Thread 3 ] DEBUG Engine               - userAppClass: class com.sunsofgod.PlatformerApp
01:59:40.599 [FXGL Background Thread 3 ] DEBUG Engine               - version: 0.0
01:59:40.600 [FXGL Background Thread 3 ] DEBUG Engine               - versionCheckDays: 7
01:59:40.600 [FXGL Background Thread 3 ] DEBUG Engine               - width: 1280
01:59:40.600 [FXGL Background Thread 3 ] DEBUG Engine               - Logging services
01:59:40.600 [FXGL Background Thread 3 ] DEBUG Engine               - class com.almasb.fxgl.app.services.FXGLAssetLoaderService
01:59:40.600 [FXGL Background Thread 3 ] DEBUG Engine               - class com.almasb.fxgl.app.FXGLApplication$GameApplicationService
01:59:40.600 [FXGL Background Thread 3 ] DEBUG Engine               - class com.almasb.fxgl.app.services.FXGLDialogService
01:59:40.600 [FXGL Background Thread 3 ] DEBUG Engine               - class com.almasb.fxgl.app.services.IOTaskExecutorService
01:59:40.600 [FXGL Background Thread 3 ] DEBUG Engine               - class com.almasb.fxgl.io.FileSystemService
01:59:40.600 [FXGL Background Thread 3 ] DEBUG Engine               - class com.almasb.fxgl.localization.LocalizationService
01:59:40.600 [FXGL Background Thread 3 ] DEBUG Engine               - class com.almasb.fxgl.app.services.SystemBundleService
01:59:40.600 [FXGL Background Thread 3 ] DEBUG Engine               - class com.almasb.fxgl.profile.SaveLoadService
01:59:40.600 [FXGL Background Thread 3 ] DEBUG Engine               - class com.almasb.fxgl.ui.FXGLUIFactoryServiceProvider
01:59:40.600 [FXGL Background Thread 3 ] DEBUG Engine               - class com.almasb.fxgl.ui.FXGLDialogFactoryServiceProvider
01:59:40.600 [FXGL Background Thread 3 ] DEBUG Engine               - class com.almasb.fxgl.audio.AudioPlayer
01:59:40.600 [FXGL Background Thread 3 ] DEBUG Engine               - class com.almasb.fxgl.notification.impl.NotificationServiceProvider
01:59:40.600 [FXGL Background Thread 3 ] DEBUG Engine               - class com.almasb.fxgl.achievement.AchievementService
01:59:40.600 [FXGL Background Thread 3 ] DEBUG Engine               - class com.almasb.fxgl.cutscene.CutsceneService
01:59:40.600 [FXGL Background Thread 3 ] DEBUG Engine               - class com.almasb.fxgl.minigames.MiniGameService
01:59:40.600 [FXGL Background Thread 3 ] DEBUG Engine               - class com.almasb.fxgl.net.NetService
01:59:40.600 [FXGL Background Thread 3 ] DEBUG Engine               - class com.almasb.fxgl.app.services.UpdaterService
01:59:40.600 [FXGL Background Thread 3 ] DEBUG Engine               - class com.almasb.fxgl.dev.DevService
01:59:40.602 [JavaFX Application Thread] DEBUG FXGLAssetLoaderServi - Loading from file system: file:/C:/Users/Balong/Desktop/JavaFXGame-3/target/classes/assets/sounds/jump.wav
02:00:46.880 [JavaFX Application Thread] DEBUG FXGLAssetLoaderServi - Loading from file system: file:/C:/Users/Balong/Desktop/JavaFXGame-3/target/classes/assets/sounds/dead.wav
02:00:47.906 [JavaFX Application Thread] WARN  TMXLevelLoader       - TiledMap generated from 1.11.0. Supported version: 1.9.0. Some features may not be parsed fully.
02:00:47.911 [JavaFX Application Thread] DEBUG TMXLevelLoader       - Parsed TiledMap: file:/C:/Users/Balong/Desktop/JavaFXGame-3/target/classes/assets/levels/tmx/level2.tmx
02:00:47.911 [JavaFX Application Thread] DEBUG TMXLevelLoader       - Creating tile layer entities
02:00:47.911 [JavaFX Application Thread] DEBUG TilesetLoader        - Loading view for layer Tile Layer 1
02:00:47.912 [JavaFX Application Thread] DEBUG TilesetLoader        - Created buffer with size 3500.0x700.0
02:00:47.919 [JavaFX Application Thread] DEBUG TMXLevelLoader       - Creating object layer entities
02:00:47.923 [JavaFX Application Thread] DEBUG GameWorld            - Clearing removable entities
02:00:47.926 [JavaFX Application Thread] DEBUG GameWorld            - Setting level: com.almasb.fxgl.entity.level.Level@10b200f6
02:01:10.306 [JavaFX Application Thread] WARN  TMXLevelLoader       - TiledMap generated from 1.11.0. Supported version: 1.9.0. Some features may not be parsed fully.
02:01:10.310 [JavaFX Application Thread] DEBUG TMXLevelLoader       - Parsed TiledMap: file:/C:/Users/Balong/Desktop/JavaFXGame-3/target/classes/assets/levels/tmx/level2.tmx
02:01:10.310 [JavaFX Application Thread] DEBUG TMXLevelLoader       - Creating tile layer entities
02:01:10.310 [JavaFX Application Thread] DEBUG TilesetLoader        - Loading view for layer Tile Layer 1
02:01:10.312 [JavaFX Application Thread] DEBUG TilesetLoader        - Created buffer with size 3500.0x700.0
02:01:10.323 [JavaFX Application Thread] DEBUG TMXLevelLoader       - Creating object layer entities
02:01:10.327 [JavaFX Application Thread] DEBUG GameWorld            - Clearing removable entities
02:01:10.328 [JavaFX Application Thread] DEBUG GameWorld            - Setting level: com.almasb.fxgl.entity.level.Level@5bc4f2d2
02:01:32.689 [JavaFX Application Thread] WARN  TMXLevelLoader       - TiledMap generated from 1.11.0. Supported version: 1.9.0. Some features may not be parsed fully.
02:01:32.691 [JavaFX Application Thread] DEBUG TMXLevelLoader       - Parsed TiledMap: file:/C:/Users/Balong/Desktop/JavaFXGame-3/target/classes/assets/levels/tmx/level2.tmx
02:01:32.691 [JavaFX Application Thread] DEBUG TMXLevelLoader       - Creating tile layer entities
02:01:32.691 [JavaFX Application Thread] DEBUG TilesetLoader        - Loading view for layer Tile Layer 1
02:01:32.694 [JavaFX Application Thread] DEBUG TilesetLoader        - Created buffer with size 3500.0x700.0
02:01:32.703 [JavaFX Application Thread] DEBUG TMXLevelLoader       - Creating object layer entities
02:01:32.707 [JavaFX Application Thread] DEBUG GameWorld            - Clearing removable entities
02:01:32.708 [JavaFX Application Thread] DEBUG GameWorld            - Setting level: com.almasb.fxgl.entity.level.Level@79c4ce16
02:01:55.041 [JavaFX Application Thread] WARN  TMXLevelLoader       - TiledMap generated from 1.11.0. Supported version: 1.9.0. Some features may not be parsed fully.
02:01:55.043 [JavaFX Application Thread] DEBUG TMXLevelLoader       - Parsed TiledMap: file:/C:/Users/Balong/Desktop/JavaFXGame-3/target/classes/assets/levels/tmx/level2.tmx
02:01:55.043 [JavaFX Application Thread] DEBUG TMXLevelLoader       - Creating tile layer entities
02:01:55.044 [JavaFX Application Thread] DEBUG TilesetLoader        - Loading view for layer Tile Layer 1
02:01:55.045 [JavaFX Application Thread] DEBUG TilesetLoader        - Created buffer with size 3500.0x700.0
02:01:55.056 [JavaFX Application Thread] DEBUG TMXLevelLoader       - Creating object layer entities
02:01:55.059 [JavaFX Application Thread] DEBUG GameWorld            - Clearing removable entities
02:01:55.062 [JavaFX Application Thread] DEBUG GameWorld            - Setting level: com.almasb.fxgl.entity.level.Level@6a1970da
02:01:55.710 [JavaFX Application Thread] DEBUG PrimaryStageWindow   - Push state: PauseMenuScene
02:01:55.710 [JavaFX Application Thread] DEBUG Input                - Clearing active input actions
02:01:55.711 [JavaFX Application Thread] DEBUG GameApplicationServi - Removing overlay from GameScene and adding to PauseMenuScene
02:01:55.711 [JavaFX Application Thread] DEBUG PrimaryStageWindow   - GameScene -> PauseMenuScene
02:04:15.738 [JavaFX Application Thread] DEBUG FXGLApplication      - Exiting FXGL
02:04:15.738 [JavaFX Application Thread] DEBUG LoopRunner           - Stopping loop
02:04:15.738 [JavaFX Application Thread] DEBUG SystemBundleService  - Saving FXGL system data
02:04:15.740 [JavaFX Application Thread] DEBUG FileSystemAccess     - Writing to: C:\Users\Balong\Desktop\JavaFXGame-3\system\fxgl.bundle
02:04:15.742 [JavaFX Application Thread] DEBUG Async                - Shutting down background threads
02:04:15.742 [JavaFX Application Thread] DEBUG PrimaryStageWindow   - Closing main window
02:04:15.749 [JavaFX Application Thread] DEBUG Logger               - Closing Logger
