20:32:13.723 [main                     ] DEBUG Logger               - Configured Logger
20:32:13.739 [main                     ] DEBUG GameApplication      - Logging settings
Title: Untitled
Version: 0.0
Width: 1280
Height: 720
Fullscreen: false
Intro: false
Profiling: false
Single step:false
App Mode: DEVELOPER
Menu Key: ESCAPE
Stage Style: DECORATED
Scene Factory: class com.sunsofgod.PlatformerApp$1

20:32:14.012 [JavaFX Application Thread] DEBUG FXGLApplication      - Initializing FXGL
20:32:14.015 [JavaFX Application Thread] INFO  Engine               - FXGL-17.2 (20.08.2022 16.50) on WINDOWS (J:21.0.4 FX:17.0.12)
20:32:14.016 [JavaFX Application Thread] DEBUG Engine               - JRE Vendor Name: Eclipse Adoptium
20:32:14.016 [JavaFX Application Thread] DEBUG Engine               - Running on OS: Windows 11 version 10.0
20:32:14.016 [JavaFX Application Thread] DEBUG Engine               - Architecture: amd64
20:32:14.016 [JavaFX Application Thread] INFO  Engine               - Source code and latest versions at: https://github.com/AlmasB/FXGL
20:32:14.017 [JavaFX Application Thread] INFO  Engine               -       Ask questions and discuss at: https://github.com/AlmasB/FXGL/discussions
20:32:14.017 [JavaFX Application Thread] INFO  Engine               -              Join the FXGL chat at: https://gitter.im/AlmasB/FXGL
20:32:14.079 [JavaFX Application Thread] DEBUG PrimaryStageWindow   - Creating a JavaFX scene
20:32:14.108 [JavaFX Application Thread] DEBUG PrimaryStageWindow   - Target settings size: 1280.0 x 720.0
20:32:14.110 [JavaFX Application Thread] DEBUG PrimaryStageWindow   - Scaled scene size:    1280.0 x 720.0
20:32:14.110 [JavaFX Application Thread] DEBUG PrimaryStageWindow   - Scaled ratio: (1.0, 1.0)
20:32:14.110 [JavaFX Application Thread] DEBUG PrimaryStageWindow   - Set initial scene to FXGLStartupScene
20:32:14.115 [JavaFX Application Thread] DEBUG PrimaryStageWindow   - Opening main window
20:32:14.172 [JavaFX Application Thread] DEBUG PrimaryStageWindow   - Window border size: (16.0, 39.0)
20:32:14.172 [JavaFX Application Thread] DEBUG PrimaryStageWindow   - Scaled size: 1280.0 x 720.0
20:32:14.172 [JavaFX Application Thread] DEBUG PrimaryStageWindow   - Scaled ratio: (1.0, 1.0)
20:32:14.172 [JavaFX Application Thread] DEBUG PrimaryStageWindow   - Scene size: 1280.0 x 720.0
20:32:14.172 [JavaFX Application Thread] DEBUG PrimaryStageWindow   - Stage size: 1296.0 x 759.0
20:32:14.178 [FXGL Background Thread 1 ] DEBUG Engine               - Initializing environment variables
20:32:14.210 [FXGL Background Thread 1 ] DEBUG FXGLAssetLoaderServi - User app class for loading assets: class com.sunsofgod.PlatformerApp
20:32:14.210 [FXGL Background Thread 1 ] DEBUG GameApplicationServi - Applying CSS: fxgl_dark.css
20:32:14.211 [FXGL Background Thread 1 ] DEBUG FXGLAssetLoaderServi - Loading from file system: jar:file:///C:/Users/user/.m2/repository/com/github/almasb/fxgl/17.2/fxgl-17.2.jar!/fxglassets/ui/css/fxgl_dark.css
20:32:14.239 [FXGL Background Thread 1 ] DEBUG GameApplicationServi - Initializing application scenes
20:32:14.270 [FXGL Background Thread 1 ] WARN  FXGLAssetLoaderServi - Asset "/assets/textures/player.png" was not found!
20:32:14.271 [FXGL Background Thread 1 ] WARN  FXGLAssetLoaderServi - Failed to load IMAGE
20:32:14.287 [FXGL Background Thread 1 ] DEBUG GameWorld            - Game world initialized
20:32:14.322 [FXGL Background Thread 1 ] DEBUG PhysicsWorld         - Physics world initialized: appHeight=720, physics.ppm=50.0
20:32:14.323 [FXGL Background Thread 1 ] DEBUG PhysicsWorld         - Using strategy: BRUTE_FORCE
20:32:14.325 [FXGL Background Thread 1 ] DEBUG GameScene            - Game scene initialized: 1280x720
20:32:14.542 [FXGL Background Thread 1 ] DEBUG GameApplicationServi - Application scenes initialized
20:32:14.553 [FXGL Background Thread 1 ] DEBUG SystemBundleService  - Loading FXGL system data
20:32:14.556 [FXGL Background Thread 1 ] DEBUG FileSystemAccess     - Reading from: C:\Users\user\Desktop\JavaFXGame\system\fxgl.bundle
20:32:14.563 [FXGL Background Thread 1 ] DEBUG SystemBundleService  - Bundle FXGL: {}
20:32:14.563 [FXGL Background Thread 1 ] DEBUG UpdaterService       - Checking for updates
20:32:14.579 [FXGL Background Thread 4 ] DEBUG FXGLApplication      - Loading fonts
20:32:14.580 [FXGL Background Thread 1 ] DEBUG FXGLApplication      - Loading default localization
20:32:14.580 [FXGL Background Thread 4 ] DEBUG FXGLAssetLoaderServi - Loading from file system: jar:file:///C:/Users/user/.m2/repository/com/github/almasb/fxgl/17.2/fxgl-17.2.jar!/fxglassets/ui/fonts/VarelaRound-Regular.ttf
20:32:14.580 [FXGL Background Thread 1 ] DEBUG FXGLAssetLoaderServi - Loading from file system: jar:file:///C:/Users/user/.m2/repository/com/github/almasb/fxgl/17.2/fxgl-17.2.jar!/fxglassets/languages/english.lang
20:32:14.599 [FXGL Background Thread 1 ] INFO  FXGLApplication      - FXGL initialization took: 0.421 sec
20:32:14.600 [JavaFX Application Thread] DEBUG FXGLAssetLoaderServi - Loading from file system: jar:file:///C:/Users/user/.m2/repository/com/github/almasb/fxgl/17.2/fxgl-17.2.jar!/fxglassets/textures/fxgl_icon.png
20:32:14.615 [FXGL Background Thread 4 ] DEBUG FXGLAssetLoaderServi - Loading from file system: jar:file:///C:/Users/user/.m2/repository/com/github/almasb/fxgl/17.2/fxgl-17.2.jar!/fxglassets/ui/fonts/Abel-Regular.ttf
20:32:14.616 [JavaFX Application Thread] DEBUG FXGLAssetLoaderServi - Loading from file system: jar:file:///C:/Users/user/.m2/repository/com/github/almasb/fxgl/17.2/fxgl-17.2.jar!/fxglassets/textures/fxgl_default_cursor.png
20:32:14.618 [FXGL Background Thread 4 ] DEBUG FXGLAssetLoaderServi - Loading from file system: jar:file:///C:/Users/user/.m2/repository/com/github/almasb/fxgl/17.2/fxgl-17.2.jar!/fxglassets/ui/fonts/TerminalLandMono-Regular.otf
20:32:14.622 [FXGL Background Thread 4 ] DEBUG FXGLAssetLoaderServi - Loading from file system: jar:file:///C:/Users/user/.m2/repository/com/github/almasb/fxgl/17.2/fxgl-17.2.jar!/fxglassets/ui/fonts/Courier-Prime.ttf
20:32:14.624 [JavaFX Application Thread] DEBUG Input                - Registered new binding: Screenshot - CTRL+8
20:32:14.625 [JavaFX Application Thread] DEBUG Input                - Registered new binding: Dev Options - 1
20:32:14.625 [JavaFX Application Thread] DEBUG Input                - Registered new binding: Dev Console - 2
20:32:14.625 [JavaFX Application Thread] DEBUG Input                - Registered new binding: System info dump - CTRL+9
20:32:14.625 [JavaFX Application Thread] DEBUG Input                - Registered new binding: Restart - CTRL+R
20:32:14.626 [JavaFX Application Thread] DEBUG Input                - Registered new binding: Toggle Debug Camera - CTRL+7
20:32:14.627 [JavaFX Application Thread] DEBUG LoopRunner           - Starting loop
20:32:14.638 [JavaFX Application Thread] DEBUG LoopRunner           - Initializing JavaFX AnimationTimerLoop
20:32:14.640 [JavaFX Application Thread] DEBUG Input                - Clearing active input actions
20:32:14.647 [JavaFX Application Thread] DEBUG GameApplicationServi - Removing overlay from FXGLStartupScene and adding to FXGLMainMenuDummyScene
20:32:14.648 [JavaFX Application Thread] DEBUG PrimaryStageWindow   - FXGLStartupScene -> FXGLMainMenuDummyScene
20:32:14.650 [JavaFX Application Thread] DEBUG PrimaryStageWindow   - Push state: RiderMainMenuScene
20:32:14.650 [JavaFX Application Thread] DEBUG Input                - Clearing active input actions
20:32:14.654 [JavaFX Application Thread] DEBUG GameApplicationServi - Removing overlay from FXGLMainMenuDummyScene and adding to RiderMainMenuScene
20:32:14.654 [JavaFX Application Thread] DEBUG PrimaryStageWindow   - FXGLMainMenuDummyScene -> RiderMainMenuScene
20:32:14.805 [JavaFX Application Thread] DEBUG FXGLApplication      - Registering font factories with UI factory
20:32:14.922 [FXGL Background Thread 2 ] INFO  UpdaterService       - Your current version:  17.2
20:32:14.923 [FXGL Background Thread 2 ] INFO  UpdaterService       - Latest stable version: 21.1
20:32:15.258 [JavaFX Application Thread] DEBUG PrimaryStageWindow   - Push state: PlayerSelectScene
20:32:15.258 [JavaFX Application Thread] DEBUG Input                - Clearing active input actions
20:32:15.258 [JavaFX Application Thread] DEBUG GameApplicationServi - Removing overlay from RiderMainMenuScene and adding to PlayerSelectScene
20:32:15.261 [JavaFX Application Thread] DEBUG PrimaryStageWindow   - RiderMainMenuScene -> PlayerSelectScene
20:32:16.152 [JavaFX Application Thread] DEBUG PrimaryStageWindow   - Push state: LevelSelectScene
20:32:16.152 [JavaFX Application Thread] DEBUG Input                - Clearing active input actions
20:32:16.153 [JavaFX Application Thread] DEBUG GameApplicationServi - Removing overlay from PlayerSelectScene and adding to LevelSelectScene
20:32:16.154 [JavaFX Application Thread] DEBUG PrimaryStageWindow   - PlayerSelectScene -> LevelSelectScene
20:32:17.579 [FXGL Background Thread 3 ] DEBUG Engine               - Logging environment variables
20:32:17.579 [FXGL Background Thread 3 ] DEBUG Engine               - achievements: []
20:32:17.579 [FXGL Background Thread 3 ] DEBUG Engine               - actualHeight: 720.0
20:32:17.579 [FXGL Background Thread 3 ] DEBUG Engine               - actualHeightProperty: ReadOnlyDoubleProperty [value: 720.0]
20:32:17.579 [FXGL Background Thread 3 ] DEBUG Engine               - actualWidth: 1280.0
20:32:17.580 [FXGL Background Thread 3 ] DEBUG Engine               - actualWidthProperty: ReadOnlyDoubleProperty [value: 1280.0]
20:32:17.580 [FXGL Background Thread 3 ] DEBUG Engine               - appIcon: fxgl_icon.png
20:32:17.580 [FXGL Background Thread 3 ] DEBUG Engine               - applicationMode: DEVELOPER
20:32:17.580 [FXGL Background Thread 3 ] DEBUG Engine               - cSSList: [fxgl_dark.css]
20:32:17.580 [FXGL Background Thread 3 ] DEBUG Engine               - collisionDetectionStrategy: BRUTE_FORCE
20:32:17.580 [FXGL Background Thread 3 ] DEBUG Engine               - configClass: Optional.empty
20:32:17.580 [FXGL Background Thread 3 ] DEBUG Engine               - credits: []
20:32:17.582 [FXGL Background Thread 3 ] DEBUG Engine               - defaultCursor: CursorInfo(imageName=fxgl_default_cursor.png, hotspotX=7.0, hotspotY=6.0)
20:32:17.582 [FXGL Background Thread 3 ] DEBUG Engine               - devBBoxColorProperty: ObjectProperty [value: 0xff0000ff]
20:32:17.582 [FXGL Background Thread 3 ] DEBUG Engine               - devEnableDebugCameraProperty: BooleanProperty [value: false]
20:32:17.582 [FXGL Background Thread 3 ] DEBUG Engine               - devSensorColorProperty: ObjectProperty [value: 0xffff00ff]
20:32:17.582 [FXGL Background Thread 3 ] DEBUG Engine               - devShowBBoxProperty: BooleanProperty [value: false]
20:32:17.582 [FXGL Background Thread 3 ] DEBUG Engine               - devShowPositionProperty: BooleanProperty [value: false]
20:32:17.582 [FXGL Background Thread 3 ] DEBUG Engine               - enabledMenuItems: []
20:32:17.582 [FXGL Background Thread 3 ] DEBUG Engine               - engineServices: [class com.almasb.fxgl.app.services.FXGLAssetLoaderService, class com.almasb.fxgl.app.FXGLApplication$GameApplicationService, class com.almasb.fxgl.app.services.FXGLDialogService, class com.almasb.fxgl.app.services.IOTaskExecutorService, class com.almasb.fxgl.io.FileSystemService, class com.almasb.fxgl.localization.LocalizationService, class com.almasb.fxgl.app.services.SystemBundleService, class com.almasb.fxgl.profile.SaveLoadService, class com.almasb.fxgl.ui.FXGLUIFactoryServiceProvider, class com.almasb.fxgl.ui.FXGLDialogFactoryServiceProvider, class com.almasb.fxgl.audio.AudioPlayer, class com.almasb.fxgl.notification.impl.NotificationServiceProvider, class com.almasb.fxgl.achievement.AchievementService, class com.almasb.fxgl.cutscene.CutsceneService, class com.almasb.fxgl.minigames.MiniGameService, class com.almasb.fxgl.net.NetService, class com.almasb.fxgl.app.services.UpdaterService, class com.almasb.fxgl.dev.DevService]
20:32:17.582 [FXGL Background Thread 3 ] DEBUG Engine               - fontGame: Abel-Regular.ttf
20:32:17.582 [FXGL Background Thread 3 ] DEBUG Engine               - fontMono: TerminalLandMono-Regular.otf
20:32:17.582 [FXGL Background Thread 3 ] DEBUG Engine               - fontText: Courier-Prime.ttf
20:32:17.582 [FXGL Background Thread 3 ] DEBUG Engine               - fontUI: VarelaRound-Regular.ttf
20:32:17.582 [FXGL Background Thread 3 ] DEBUG Engine               - fullScreen: BooleanProperty [value: false]
20:32:17.582 [FXGL Background Thread 3 ] DEBUG Engine               - gameDifficulty: MEDIUM
20:32:17.582 [FXGL Background Thread 3 ] DEBUG Engine               - gameDifficultyProperty: ObjectProperty [value: MEDIUM]
20:32:17.583 [FXGL Background Thread 3 ] DEBUG Engine               - globalMusicVolume: 0.5
20:32:17.583 [FXGL Background Thread 3 ] DEBUG Engine               - globalMusicVolumeProperty: DoubleProperty [value: 0.25]
20:32:17.583 [FXGL Background Thread 3 ] DEBUG Engine               - globalSoundVolume: 0.5
20:32:17.583 [FXGL Background Thread 3 ] DEBUG Engine               - globalSoundVolumeProperty: DoubleProperty [value: 0.5]
20:32:17.583 [FXGL Background Thread 3 ] DEBUG Engine               - height: 720
20:32:17.583 [FXGL Background Thread 3 ] DEBUG Engine               - is3D: false
20:32:17.583 [FXGL Background Thread 3 ] DEBUG Engine               - isAndroid: false
20:32:17.583 [FXGL Background Thread 3 ] DEBUG Engine               - isBrowser: false
20:32:17.583 [FXGL Background Thread 3 ] DEBUG Engine               - isClickFeedbackEnabled: false
20:32:17.583 [FXGL Background Thread 3 ] DEBUG Engine               - isCloseConfirmation: false
20:32:17.583 [FXGL Background Thread 3 ] DEBUG Engine               - isDesktop: true
20:32:17.583 [FXGL Background Thread 3 ] DEBUG Engine               - isDeveloperMenuEnabled: true
20:32:17.583 [FXGL Background Thread 3 ] DEBUG Engine               - isEmbedded: false
20:32:17.583 [FXGL Background Thread 3 ] DEBUG Engine               - isEntityPreloadEnabled: true
20:32:17.583 [FXGL Background Thread 3 ] DEBUG Engine               - isExperimentalTiledLargeMap: false
20:32:17.583 [FXGL Background Thread 3 ] DEBUG Engine               - isFileSystemWriteAllowed: true
20:32:17.583 [FXGL Background Thread 3 ] DEBUG Engine               - isFullScreenAllowed: false
20:32:17.583 [FXGL Background Thread 3 ] DEBUG Engine               - isFullScreenFromStart: false
20:32:17.583 [FXGL Background Thread 3 ] DEBUG Engine               - isGameMenuEnabled: true
20:32:17.583 [FXGL Background Thread 3 ] DEBUG Engine               - isIOS: false
20:32:17.583 [FXGL Background Thread 3 ] DEBUG Engine               - isIntroEnabled: false
20:32:17.584 [FXGL Background Thread 3 ] DEBUG Engine               - isLinux: false
20:32:17.584 [FXGL Background Thread 3 ] DEBUG Engine               - isMac: false
20:32:17.584 [FXGL Background Thread 3 ] DEBUG Engine               - isMainMenuEnabled: true
20:32:17.584 [FXGL Background Thread 3 ] DEBUG Engine               - isManualResizeEnabled: false
20:32:17.584 [FXGL Background Thread 3 ] DEBUG Engine               - isMobile: false
20:32:17.584 [FXGL Background Thread 3 ] DEBUG Engine               - isNative: false
20:32:17.584 [FXGL Background Thread 3 ] DEBUG Engine               - isPauseMusicWhenMinimized: true
20:32:17.584 [FXGL Background Thread 3 ] DEBUG Engine               - isPreserveResizeRatio: false
20:32:17.584 [FXGL Background Thread 3 ] DEBUG Engine               - isProfilingEnabled: false
20:32:17.584 [FXGL Background Thread 3 ] DEBUG Engine               - isScaleAffectedOnResize: true
20:32:17.584 [FXGL Background Thread 3 ] DEBUG Engine               - isSingleStep: false
20:32:17.584 [FXGL Background Thread 3 ] DEBUG Engine               - isUserProfileEnabled: false
20:32:17.584 [FXGL Background Thread 3 ] DEBUG Engine               - isWindows: true
20:32:17.584 [FXGL Background Thread 3 ] DEBUG Engine               - language: ObjectProperty [value: ENGLISH]
20:32:17.584 [FXGL Background Thread 3 ] DEBUG Engine               - menuKey: ESCAPE
20:32:17.584 [FXGL Background Thread 3 ] DEBUG Engine               - mouseSensitivity: 0.2
20:32:17.584 [FXGL Background Thread 3 ] DEBUG Engine               - notificationViewClass: class com.almasb.fxgl.notification.view.XboxNotificationView
20:32:17.584 [FXGL Background Thread 3 ] DEBUG Engine               - pixelsPerMeter: 50.0
20:32:17.584 [FXGL Background Thread 3 ] DEBUG Engine               - platform: WINDOWS
20:32:17.585 [FXGL Background Thread 3 ] DEBUG Engine               - prefHeightProperty: ReadOnlyDoubleProperty [value: 720.0]
20:32:17.585 [FXGL Background Thread 3 ] DEBUG Engine               - prefWidthProperty: ReadOnlyDoubleProperty [value: 1280.0]
20:32:17.585 [FXGL Background Thread 3 ] DEBUG Engine               - profileDir: profiles/
20:32:17.585 [FXGL Background Thread 3 ] DEBUG Engine               - profileName: StringProperty [value: DEFAULT]
20:32:17.585 [FXGL Background Thread 3 ] DEBUG Engine               - randomSeed: -1
20:32:17.585 [FXGL Background Thread 3 ] DEBUG Engine               - runtimeInfo: RuntimeInfo(platform=WINDOWS, version=17.2, build=20.08.2022 16.50)
20:32:17.585 [FXGL Background Thread 3 ] DEBUG Engine               - saveFileExt: sav
20:32:17.585 [FXGL Background Thread 3 ] DEBUG Engine               - scaledHeightProp$fxgl: DoubleProperty [bound, value: 720.0]
20:32:17.585 [FXGL Background Thread 3 ] DEBUG Engine               - scaledWidthProp$fxgl: DoubleProperty [bound, value: 1280.0]
20:32:17.585 [FXGL Background Thread 3 ] DEBUG Engine               - sceneFactory: com.sunsofgod.PlatformerApp$1@7412ede3
20:32:17.585 [FXGL Background Thread 3 ] DEBUG Engine               - secondsIn24h: 60
20:32:17.585 [FXGL Background Thread 3 ] DEBUG Engine               - soundMenuBack: menu/back.wav
20:32:17.585 [FXGL Background Thread 3 ] DEBUG Engine               - soundMenuPress: menu/press.wav
20:32:17.585 [FXGL Background Thread 3 ] DEBUG Engine               - soundMenuSelect: menu/select.wav
20:32:17.585 [FXGL Background Thread 3 ] DEBUG Engine               - soundNotification: core/notification.wav
20:32:17.585 [FXGL Background Thread 3 ] DEBUG Engine               - stageStyle: DECORATED
20:32:17.585 [FXGL Background Thread 3 ] DEBUG Engine               - supportedLanguages: [ENGLISH, FRENCH, GERMAN, HUNGARIAN, RUSSIAN]
20:32:17.585 [FXGL Background Thread 3 ] DEBUG Engine               - ticksPerSecond: -1
20:32:17.585 [FXGL Background Thread 3 ] DEBUG Engine               - title: Untitled
20:32:17.585 [FXGL Background Thread 3 ] DEBUG Engine               - urlGithub: https://github.com/AlmasB/FXGL
20:32:17.586 [FXGL Background Thread 3 ] DEBUG Engine               - urlLeaderboard: http://fxgl-top.herokuapp.com/
20:32:17.586 [FXGL Background Thread 3 ] DEBUG Engine               - urlPOM: https://raw.githubusercontent.com/AlmasB/FXGL/release/README.md
20:32:17.586 [FXGL Background Thread 3 ] DEBUG Engine               - userAppClass: class com.sunsofgod.PlatformerApp
20:32:17.586 [FXGL Background Thread 3 ] DEBUG Engine               - version: 0.0
20:32:17.586 [FXGL Background Thread 3 ] DEBUG Engine               - versionCheckDays: 7
20:32:17.586 [FXGL Background Thread 3 ] DEBUG Engine               - width: 1280
20:32:17.586 [FXGL Background Thread 3 ] DEBUG Engine               - Logging services
20:32:17.586 [FXGL Background Thread 3 ] DEBUG Engine               - class com.almasb.fxgl.app.services.FXGLAssetLoaderService
20:32:17.586 [FXGL Background Thread 3 ] DEBUG Engine               - class com.almasb.fxgl.app.FXGLApplication$GameApplicationService
20:32:17.586 [FXGL Background Thread 3 ] DEBUG Engine               - class com.almasb.fxgl.app.services.FXGLDialogService
20:32:17.586 [FXGL Background Thread 3 ] DEBUG Engine               - class com.almasb.fxgl.app.services.IOTaskExecutorService
20:32:17.586 [FXGL Background Thread 3 ] DEBUG Engine               - class com.almasb.fxgl.io.FileSystemService
20:32:17.586 [FXGL Background Thread 3 ] DEBUG Engine               - class com.almasb.fxgl.localization.LocalizationService
20:32:17.586 [FXGL Background Thread 3 ] DEBUG Engine               - class com.almasb.fxgl.app.services.SystemBundleService
20:32:17.586 [FXGL Background Thread 3 ] DEBUG Engine               - class com.almasb.fxgl.profile.SaveLoadService
20:32:17.586 [FXGL Background Thread 3 ] DEBUG Engine               - class com.almasb.fxgl.ui.FXGLUIFactoryServiceProvider
20:32:17.586 [FXGL Background Thread 3 ] DEBUG Engine               - class com.almasb.fxgl.ui.FXGLDialogFactoryServiceProvider
20:32:17.586 [FXGL Background Thread 3 ] DEBUG Engine               - class com.almasb.fxgl.audio.AudioPlayer
20:32:17.586 [FXGL Background Thread 3 ] DEBUG Engine               - class com.almasb.fxgl.notification.impl.NotificationServiceProvider
20:32:17.586 [FXGL Background Thread 3 ] DEBUG Engine               - class com.almasb.fxgl.achievement.AchievementService
20:32:17.586 [FXGL Background Thread 3 ] DEBUG Engine               - class com.almasb.fxgl.cutscene.CutsceneService
20:32:17.586 [FXGL Background Thread 3 ] DEBUG Engine               - class com.almasb.fxgl.minigames.MiniGameService
20:32:17.586 [FXGL Background Thread 3 ] DEBUG Engine               - class com.almasb.fxgl.net.NetService
20:32:17.586 [FXGL Background Thread 3 ] DEBUG Engine               - class com.almasb.fxgl.app.services.UpdaterService
20:32:17.586 [FXGL Background Thread 3 ] DEBUG Engine               - class com.almasb.fxgl.dev.DevService
20:32:26.663 [JavaFX Application Thread] DEBUG FXGLApplication      - Exiting FXGL
20:32:26.663 [JavaFX Application Thread] DEBUG LoopRunner           - Stopping loop
20:32:26.663 [JavaFX Application Thread] DEBUG SystemBundleService  - Saving FXGL system data
20:32:26.664 [JavaFX Application Thread] DEBUG FileSystemAccess     - Writing to: C:\Users\user\Desktop\JavaFXGame\system\fxgl.bundle
20:32:26.666 [JavaFX Application Thread] DEBUG Async                - Shutting down background threads
20:32:26.666 [JavaFX Application Thread] DEBUG PrimaryStageWindow   - Closing main window
20:32:26.675 [JavaFX Application Thread] DEBUG Logger               - Closing Logger
