16:37:19.900 [main                     ] DEBUG Logger               - Configured Logger
16:37:19.908 [main                     ] DEBUG GameApplication      - Logging settings
Title: Untitled
Version: 0.0
Width: 1280
Height: 720
Fullscreen: false
Intro: false
Profiling: false
Single step:false
App Mode: DEVELOPER
Menu Key: ESCAPE
Stage Style: DECORATED
Scene Factory: class com.sunsofgod.PlatformerApp$1

16:37:20.247 [JavaFX Application Thread] DEBUG FXGLApplication      - Initializing FXGL
16:37:20.250 [JavaFX Application Thread] INFO  Engine               - FXGL-17.2 (20.08.2022 16.50) on MAC (J:17.0.2 FX:17.0.12)
16:37:20.250 [JavaFX Application Thread] DEBUG Engine               - JRE Vendor Name: Oracle Corporation
16:37:20.251 [JavaFX Application Thread] DEBUG Engine               - Running on OS: Mac OS X version 15.1
16:37:20.251 [JavaFX Application Thread] DEBUG Engine               - Architecture: aarch64
16:37:20.251 [JavaFX Application Thread] INFO  Engine               - Source code and latest versions at: https://github.com/AlmasB/FXGL
16:37:20.251 [JavaFX Application Thread] INFO  Engine               -       Ask questions and discuss at: https://github.com/AlmasB/FXGL/discussions
16:37:20.251 [JavaFX Application Thread] INFO  Engine               -              Join the FXGL chat at: https://gitter.im/AlmasB/FXGL
16:37:20.307 [JavaFX Application Thread] DEBUG PrimaryStageWindow   - Creating a JavaFX scene
16:37:20.329 [JavaFX Application Thread] DEBUG PrimaryStageWindow   - Target settings size: 1280.0 x 720.0
16:37:20.329 [JavaFX Application Thread] DEBUG PrimaryStageWindow   - Scaled scene size:    1280.0 x 720.0
16:37:20.330 [JavaFX Application Thread] DEBUG PrimaryStageWindow   - Scaled ratio: (1.0, 1.0)
16:37:20.330 [JavaFX Application Thread] DEBUG PrimaryStageWindow   - Set initial scene to FXGLStartupScene
16:37:20.332 [JavaFX Application Thread] DEBUG PrimaryStageWindow   - Opening main window
16:37:20.479 [JavaFX Application Thread] DEBUG PrimaryStageWindow   - Window border size: (0.0, 28.0)
16:37:20.479 [JavaFX Application Thread] DEBUG PrimaryStageWindow   - Scaled size: 1280.0 x 720.0
16:37:20.479 [JavaFX Application Thread] DEBUG PrimaryStageWindow   - Scaled ratio: (1.0, 1.0)
16:37:20.479 [JavaFX Application Thread] DEBUG PrimaryStageWindow   - Scene size: 1280.0 x 720.0
16:37:20.480 [JavaFX Application Thread] DEBUG PrimaryStageWindow   - Stage size: 1280.0 x 748.0
16:37:20.492 [FXGL Background Thread 1 ] DEBUG Engine               - Initializing environment variables
16:37:20.577 [FXGL Background Thread 1 ] DEBUG FXGLAssetLoaderServi - User app class for loading assets: class com.sunsofgod.PlatformerApp
16:37:20.577 [FXGL Background Thread 1 ] DEBUG GameApplicationServi - Applying CSS: fxgl_dark.css
16:37:20.578 [FXGL Background Thread 1 ] DEBUG FXGLAssetLoaderServi - Loading from file system: jar:file:///Users/aaron/.m2/repository/com/github/almasb/fxgl/17.2/fxgl-17.2.jar!/fxglassets/ui/css/fxgl_dark.css
16:37:20.729 [FXGL Background Thread 1 ] DEBUG GameApplicationServi - Initializing application scenes
16:37:20.853 [FXGL Background Thread 1 ] WARN  FXGLAssetLoaderServi - Asset "/assets/textures/player.png" was not found!
16:37:20.853 [FXGL Background Thread 1 ] WARN  FXGLAssetLoaderServi - Failed to load IMAGE
16:37:20.872 [FXGL Background Thread 1 ] DEBUG GameWorld            - Game world initialized
16:37:20.896 [FXGL Background Thread 1 ] DEBUG PhysicsWorld         - Physics world initialized: appHeight=720, physics.ppm=50.0
16:37:20.897 [FXGL Background Thread 1 ] DEBUG PhysicsWorld         - Using strategy: BRUTE_FORCE
16:37:20.898 [FXGL Background Thread 1 ] DEBUG GameScene            - Game scene initialized: 1280x720
16:37:21.395 [FXGL Background Thread 1 ] DEBUG GameApplicationServi - Application scenes initialized
16:37:21.405 [FXGL Background Thread 1 ] DEBUG SystemBundleService  - Loading FXGL system data
16:37:21.409 [FXGL Background Thread 1 ] DEBUG FileSystemAccess     - Reading from: /Users/aaron/JavaFXGame/system/fxgl.bundle
16:37:21.416 [FXGL Background Thread 1 ] DEBUG SystemBundleService  - Bundle FXGL: {}
16:37:21.416 [FXGL Background Thread 1 ] DEBUG UpdaterService       - Checking for updates
16:37:21.436 [FXGL Background Thread 4 ] DEBUG FXGLApplication      - Loading fonts
16:37:21.436 [FXGL Background Thread 1 ] DEBUG FXGLApplication      - Loading default localization
16:37:21.436 [FXGL Background Thread 4 ] DEBUG FXGLAssetLoaderServi - Loading from file system: jar:file:///Users/aaron/.m2/repository/com/github/almasb/fxgl/17.2/fxgl-17.2.jar!/fxglassets/ui/fonts/VarelaRound-Regular.ttf
16:37:21.436 [FXGL Background Thread 1 ] DEBUG FXGLAssetLoaderServi - Loading from file system: jar:file:///Users/aaron/.m2/repository/com/github/almasb/fxgl/17.2/fxgl-17.2.jar!/fxglassets/languages/english.lang
16:37:21.453 [FXGL Background Thread 4 ] DEBUG FXGLAssetLoaderServi - Loading from file system: jar:file:///Users/aaron/.m2/repository/com/github/almasb/fxgl/17.2/fxgl-17.2.jar!/fxglassets/ui/fonts/Abel-Regular.ttf
16:37:21.456 [FXGL Background Thread 4 ] DEBUG FXGLAssetLoaderServi - Loading from file system: jar:file:///Users/aaron/.m2/repository/com/github/almasb/fxgl/17.2/fxgl-17.2.jar!/fxglassets/ui/fonts/TerminalLandMono-Regular.otf
16:37:21.457 [FXGL Background Thread 1 ] INFO  FXGLApplication      - FXGL initialization took: 0.965 sec
16:37:21.460 [JavaFX Application Thread] DEBUG FXGLAssetLoaderServi - Loading from file system: jar:file:///Users/aaron/.m2/repository/com/github/almasb/fxgl/17.2/fxgl-17.2.jar!/fxglassets/textures/fxgl_icon.png
16:37:21.464 [FXGL Background Thread 4 ] DEBUG FXGLAssetLoaderServi - Loading from file system: jar:file:///Users/aaron/.m2/repository/com/github/almasb/fxgl/17.2/fxgl-17.2.jar!/fxglassets/ui/fonts/Courier-Prime.ttf
16:37:21.487 [JavaFX Application Thread] DEBUG FXGLAssetLoaderServi - Loading from file system: jar:file:///Users/aaron/.m2/repository/com/github/almasb/fxgl/17.2/fxgl-17.2.jar!/fxglassets/textures/fxgl_default_cursor.png
16:37:21.492 [JavaFX Application Thread] DEBUG Input                - Registered new binding: Screenshot - CTRL+8
16:37:21.492 [JavaFX Application Thread] DEBUG Input                - Registered new binding: Dev Options - 1
16:37:21.493 [JavaFX Application Thread] DEBUG Input                - Registered new binding: Dev Console - 2
16:37:21.493 [JavaFX Application Thread] DEBUG Input                - Registered new binding: System info dump - CTRL+9
16:37:21.493 [JavaFX Application Thread] DEBUG Input                - Registered new binding: Restart - CTRL+R
16:37:21.493 [JavaFX Application Thread] DEBUG Input                - Registered new binding: Toggle Debug Camera - CTRL+7
16:37:21.494 [JavaFX Application Thread] DEBUG LoopRunner           - Starting loop
16:37:21.500 [JavaFX Application Thread] DEBUG LoopRunner           - Initializing JavaFX AnimationTimerLoop
16:37:21.501 [JavaFX Application Thread] DEBUG Input                - Clearing active input actions
16:37:21.504 [JavaFX Application Thread] DEBUG GameApplicationServi - Removing overlay from FXGLStartupScene and adding to FXGLMainMenuDummyScene
16:37:21.505 [JavaFX Application Thread] DEBUG PrimaryStageWindow   - FXGLStartupScene -> FXGLMainMenuDummyScene
16:37:21.505 [JavaFX Application Thread] DEBUG PrimaryStageWindow   - Push state: RiderMainMenuScene
16:37:21.506 [JavaFX Application Thread] DEBUG Input                - Clearing active input actions
16:37:21.508 [JavaFX Application Thread] DEBUG GameApplicationServi - Removing overlay from FXGLMainMenuDummyScene and adding to RiderMainMenuScene
16:37:21.508 [JavaFX Application Thread] DEBUG PrimaryStageWindow   - FXGLMainMenuDummyScene -> RiderMainMenuScene
16:37:21.600 [JavaFX Application Thread] DEBUG FXGLApplication      - Registering font factories with UI factory
16:37:21.742 [FXGL Background Thread 2 ] INFO  UpdaterService       - Your current version:  17.2
16:37:21.743 [FXGL Background Thread 2 ] INFO  UpdaterService       - Latest stable version: 21.1
16:37:22.607 [JavaFX Application Thread] DEBUG PrimaryStageWindow   - Push state: PlayerSelectScene
16:37:22.607 [JavaFX Application Thread] DEBUG Input                - Clearing active input actions
16:37:22.608 [JavaFX Application Thread] DEBUG GameApplicationServi - Removing overlay from RiderMainMenuScene and adding to PlayerSelectScene
16:37:22.609 [JavaFX Application Thread] DEBUG PrimaryStageWindow   - RiderMainMenuScene -> PlayerSelectScene
16:37:24.118 [JavaFX Application Thread] DEBUG PrimaryStageWindow   - Push state: LevelSelectScene
16:37:24.119 [JavaFX Application Thread] DEBUG Input                - Clearing active input actions
16:37:24.119 [JavaFX Application Thread] DEBUG GameApplicationServi - Removing overlay from PlayerSelectScene and adding to LevelSelectScene
16:37:24.120 [JavaFX Application Thread] DEBUG PrimaryStageWindow   - PlayerSelectScene -> LevelSelectScene
16:37:24.438 [FXGL Background Thread 3 ] DEBUG Engine               - Logging environment variables
16:37:24.440 [FXGL Background Thread 3 ] DEBUG Engine               - achievements: []
16:37:24.440 [FXGL Background Thread 3 ] DEBUG Engine               - actualHeight: 720.0
16:37:24.440 [FXGL Background Thread 3 ] DEBUG Engine               - actualHeightProperty: ReadOnlyDoubleProperty [value: 720.0]
16:37:24.441 [FXGL Background Thread 3 ] DEBUG Engine               - actualWidth: 1280.0
16:37:24.441 [FXGL Background Thread 3 ] DEBUG Engine               - actualWidthProperty: ReadOnlyDoubleProperty [value: 1280.0]
16:37:24.441 [FXGL Background Thread 3 ] DEBUG Engine               - appIcon: fxgl_icon.png
16:37:24.441 [FXGL Background Thread 3 ] DEBUG Engine               - applicationMode: DEVELOPER
16:37:24.441 [FXGL Background Thread 3 ] DEBUG Engine               - cSSList: [fxgl_dark.css]
16:37:24.441 [FXGL Background Thread 3 ] DEBUG Engine               - collisionDetectionStrategy: BRUTE_FORCE
16:37:24.441 [FXGL Background Thread 3 ] DEBUG Engine               - configClass: Optional.empty
16:37:24.441 [FXGL Background Thread 3 ] DEBUG Engine               - credits: []
16:37:24.444 [FXGL Background Thread 3 ] DEBUG Engine               - defaultCursor: CursorInfo(imageName=fxgl_default_cursor.png, hotspotX=7.0, hotspotY=6.0)
16:37:24.444 [FXGL Background Thread 3 ] DEBUG Engine               - devBBoxColorProperty: ObjectProperty [value: 0xff0000ff]
16:37:24.444 [FXGL Background Thread 3 ] DEBUG Engine               - devEnableDebugCameraProperty: BooleanProperty [value: false]
16:37:24.445 [FXGL Background Thread 3 ] DEBUG Engine               - devSensorColorProperty: ObjectProperty [value: 0xffff00ff]
16:37:24.445 [FXGL Background Thread 3 ] DEBUG Engine               - devShowBBoxProperty: BooleanProperty [value: false]
16:37:24.446 [FXGL Background Thread 3 ] DEBUG Engine               - devShowPositionProperty: BooleanProperty [value: false]
16:37:24.446 [FXGL Background Thread 3 ] DEBUG Engine               - enabledMenuItems: []
16:37:24.447 [FXGL Background Thread 3 ] DEBUG Engine               - engineServices: [class com.almasb.fxgl.app.services.FXGLAssetLoaderService, class com.almasb.fxgl.app.FXGLApplication$GameApplicationService, class com.almasb.fxgl.app.services.FXGLDialogService, class com.almasb.fxgl.app.services.IOTaskExecutorService, class com.almasb.fxgl.io.FileSystemService, class com.almasb.fxgl.localization.LocalizationService, class com.almasb.fxgl.app.services.SystemBundleService, class com.almasb.fxgl.profile.SaveLoadService, class com.almasb.fxgl.ui.FXGLUIFactoryServiceProvider, class com.almasb.fxgl.ui.FXGLDialogFactoryServiceProvider, class com.almasb.fxgl.audio.AudioPlayer, class com.almasb.fxgl.notification.impl.NotificationServiceProvider, class com.almasb.fxgl.achievement.AchievementService, class com.almasb.fxgl.cutscene.CutsceneService, class com.almasb.fxgl.minigames.MiniGameService, class com.almasb.fxgl.net.NetService, class com.almasb.fxgl.app.services.UpdaterService, class com.almasb.fxgl.dev.DevService]
16:37:24.447 [FXGL Background Thread 3 ] DEBUG Engine               - fontGame: Abel-Regular.ttf
16:37:24.448 [FXGL Background Thread 3 ] DEBUG Engine               - fontMono: TerminalLandMono-Regular.otf
16:37:24.448 [FXGL Background Thread 3 ] DEBUG Engine               - fontText: Courier-Prime.ttf
16:37:24.449 [FXGL Background Thread 3 ] DEBUG Engine               - fontUI: VarelaRound-Regular.ttf
16:37:24.449 [FXGL Background Thread 3 ] DEBUG Engine               - fullScreen: BooleanProperty [value: false]
16:37:24.449 [FXGL Background Thread 3 ] DEBUG Engine               - gameDifficulty: MEDIUM
16:37:24.449 [FXGL Background Thread 3 ] DEBUG Engine               - gameDifficultyProperty: ObjectProperty [value: MEDIUM]
16:37:24.450 [FXGL Background Thread 3 ] DEBUG Engine               - globalMusicVolume: 0.5
16:37:24.450 [FXGL Background Thread 3 ] DEBUG Engine               - globalMusicVolumeProperty: DoubleProperty [value: 0.25]
16:37:24.450 [FXGL Background Thread 3 ] DEBUG Engine               - globalSoundVolume: 0.5
16:37:24.451 [FXGL Background Thread 3 ] DEBUG Engine               - globalSoundVolumeProperty: DoubleProperty [value: 0.5]
16:37:24.452 [FXGL Background Thread 3 ] DEBUG Engine               - height: 720
16:37:24.453 [FXGL Background Thread 3 ] DEBUG Engine               - is3D: false
16:37:24.453 [FXGL Background Thread 3 ] DEBUG Engine               - isAndroid: false
16:37:24.453 [FXGL Background Thread 3 ] DEBUG Engine               - isBrowser: false
16:37:24.453 [FXGL Background Thread 3 ] DEBUG Engine               - isClickFeedbackEnabled: false
16:37:24.453 [FXGL Background Thread 3 ] DEBUG Engine               - isCloseConfirmation: false
16:37:24.454 [FXGL Background Thread 3 ] DEBUG Engine               - isDesktop: true
16:37:24.454 [FXGL Background Thread 3 ] DEBUG Engine               - isDeveloperMenuEnabled: true
16:37:24.454 [FXGL Background Thread 3 ] DEBUG Engine               - isEmbedded: false
16:37:24.454 [FXGL Background Thread 3 ] DEBUG Engine               - isEntityPreloadEnabled: true
16:37:24.454 [FXGL Background Thread 3 ] DEBUG Engine               - isExperimentalTiledLargeMap: false
16:37:24.454 [FXGL Background Thread 3 ] DEBUG Engine               - isFileSystemWriteAllowed: true
16:37:24.454 [FXGL Background Thread 3 ] DEBUG Engine               - isFullScreenAllowed: false
16:37:24.455 [FXGL Background Thread 3 ] DEBUG Engine               - isFullScreenFromStart: false
16:37:24.455 [FXGL Background Thread 3 ] DEBUG Engine               - isGameMenuEnabled: true
16:37:24.455 [FXGL Background Thread 3 ] DEBUG Engine               - isIOS: false
16:37:24.456 [FXGL Background Thread 3 ] DEBUG Engine               - isIntroEnabled: false
16:37:24.456 [FXGL Background Thread 3 ] DEBUG Engine               - isLinux: false
16:37:24.456 [FXGL Background Thread 3 ] DEBUG Engine               - isMac: true
16:37:24.456 [FXGL Background Thread 3 ] DEBUG Engine               - isMainMenuEnabled: true
16:37:24.456 [FXGL Background Thread 3 ] DEBUG Engine               - isManualResizeEnabled: false
16:37:24.456 [FXGL Background Thread 3 ] DEBUG Engine               - isMobile: false
16:37:24.456 [FXGL Background Thread 3 ] DEBUG Engine               - isNative: false
16:37:24.456 [FXGL Background Thread 3 ] DEBUG Engine               - isPauseMusicWhenMinimized: true
16:37:24.457 [FXGL Background Thread 3 ] DEBUG Engine               - isPreserveResizeRatio: false
16:37:24.457 [FXGL Background Thread 3 ] DEBUG Engine               - isProfilingEnabled: false
16:37:24.457 [FXGL Background Thread 3 ] DEBUG Engine               - isScaleAffectedOnResize: true
16:37:24.457 [FXGL Background Thread 3 ] DEBUG Engine               - isSingleStep: false
16:37:24.457 [FXGL Background Thread 3 ] DEBUG Engine               - isUserProfileEnabled: false
16:37:24.457 [FXGL Background Thread 3 ] DEBUG Engine               - isWindows: false
16:37:24.458 [FXGL Background Thread 3 ] DEBUG Engine               - language: ObjectProperty [value: ENGLISH]
16:37:24.458 [FXGL Background Thread 3 ] DEBUG Engine               - menuKey: ESCAPE
16:37:24.458 [FXGL Background Thread 3 ] DEBUG Engine               - mouseSensitivity: 0.2
16:37:24.458 [FXGL Background Thread 3 ] DEBUG Engine               - notificationViewClass: class com.almasb.fxgl.notification.view.XboxNotificationView
16:37:24.458 [FXGL Background Thread 3 ] DEBUG Engine               - pixelsPerMeter: 50.0
16:37:24.458 [FXGL Background Thread 3 ] DEBUG Engine               - platform: MAC
16:37:24.458 [FXGL Background Thread 3 ] DEBUG Engine               - prefHeightProperty: ReadOnlyDoubleProperty [value: 720.0]
16:37:24.458 [FXGL Background Thread 3 ] DEBUG Engine               - prefWidthProperty: ReadOnlyDoubleProperty [value: 1280.0]
16:37:24.458 [FXGL Background Thread 3 ] DEBUG Engine               - profileDir: profiles/
16:37:24.458 [FXGL Background Thread 3 ] DEBUG Engine               - profileName: StringProperty [value: DEFAULT]
16:37:24.458 [FXGL Background Thread 3 ] DEBUG Engine               - randomSeed: -1
16:37:24.458 [FXGL Background Thread 3 ] DEBUG Engine               - runtimeInfo: RuntimeInfo(platform=MAC, version=17.2, build=20.08.2022 16.50)
16:37:24.459 [FXGL Background Thread 3 ] DEBUG Engine               - saveFileExt: sav
16:37:24.459 [FXGL Background Thread 3 ] DEBUG Engine               - scaledHeightProp$fxgl: DoubleProperty [bound, value: 720.0]
16:37:24.459 [FXGL Background Thread 3 ] DEBUG Engine               - scaledWidthProp$fxgl: DoubleProperty [bound, value: 1280.0]
16:37:24.459 [FXGL Background Thread 3 ] DEBUG Engine               - sceneFactory: com.sunsofgod.PlatformerApp$1@2df24e63
16:37:24.460 [FXGL Background Thread 3 ] DEBUG Engine               - secondsIn24h: 60
16:37:24.460 [FXGL Background Thread 3 ] DEBUG Engine               - soundMenuBack: menu/back.wav
16:37:24.460 [FXGL Background Thread 3 ] DEBUG Engine               - soundMenuPress: menu/press.wav
16:37:24.460 [FXGL Background Thread 3 ] DEBUG Engine               - soundMenuSelect: menu/select.wav
16:37:24.460 [FXGL Background Thread 3 ] DEBUG Engine               - soundNotification: core/notification.wav
16:37:24.460 [FXGL Background Thread 3 ] DEBUG Engine               - stageStyle: DECORATED
16:37:24.460 [FXGL Background Thread 3 ] DEBUG Engine               - supportedLanguages: [ENGLISH, FRENCH, GERMAN, HUNGARIAN, RUSSIAN]
16:37:24.460 [FXGL Background Thread 3 ] DEBUG Engine               - ticksPerSecond: -1
16:37:24.460 [FXGL Background Thread 3 ] DEBUG Engine               - title: Untitled
16:37:24.460 [FXGL Background Thread 3 ] DEBUG Engine               - urlGithub: https://github.com/AlmasB/FXGL
16:37:24.460 [FXGL Background Thread 3 ] DEBUG Engine               - urlLeaderboard: http://fxgl-top.herokuapp.com/
16:37:24.460 [FXGL Background Thread 3 ] DEBUG Engine               - urlPOM: https://raw.githubusercontent.com/AlmasB/FXGL/release/README.md
16:37:24.460 [FXGL Background Thread 3 ] DEBUG Engine               - userAppClass: class com.sunsofgod.PlatformerApp
16:37:24.461 [FXGL Background Thread 3 ] DEBUG Engine               - version: 0.0
16:37:24.461 [FXGL Background Thread 3 ] DEBUG Engine               - versionCheckDays: 7
16:37:24.461 [FXGL Background Thread 3 ] DEBUG Engine               - width: 1280
16:37:24.461 [FXGL Background Thread 3 ] DEBUG Engine               - Logging services
16:37:24.461 [FXGL Background Thread 3 ] DEBUG Engine               - class com.almasb.fxgl.app.services.FXGLAssetLoaderService
16:37:24.461 [FXGL Background Thread 3 ] DEBUG Engine               - class com.almasb.fxgl.app.FXGLApplication$GameApplicationService
16:37:24.461 [FXGL Background Thread 3 ] DEBUG Engine               - class com.almasb.fxgl.app.services.FXGLDialogService
16:37:24.461 [FXGL Background Thread 3 ] DEBUG Engine               - class com.almasb.fxgl.app.services.IOTaskExecutorService
16:37:24.461 [FXGL Background Thread 3 ] DEBUG Engine               - class com.almasb.fxgl.io.FileSystemService
16:37:24.461 [FXGL Background Thread 3 ] DEBUG Engine               - class com.almasb.fxgl.localization.LocalizationService
16:37:24.461 [FXGL Background Thread 3 ] DEBUG Engine               - class com.almasb.fxgl.app.services.SystemBundleService
16:37:24.461 [FXGL Background Thread 3 ] DEBUG Engine               - class com.almasb.fxgl.profile.SaveLoadService
16:37:24.461 [FXGL Background Thread 3 ] DEBUG Engine               - class com.almasb.fxgl.ui.FXGLUIFactoryServiceProvider
16:37:24.462 [FXGL Background Thread 3 ] DEBUG Engine               - class com.almasb.fxgl.ui.FXGLDialogFactoryServiceProvider
16:37:24.462 [FXGL Background Thread 3 ] DEBUG Engine               - class com.almasb.fxgl.audio.AudioPlayer
16:37:24.462 [FXGL Background Thread 3 ] DEBUG Engine               - class com.almasb.fxgl.notification.impl.NotificationServiceProvider
16:37:24.462 [FXGL Background Thread 3 ] DEBUG Engine               - class com.almasb.fxgl.achievement.AchievementService
16:37:24.462 [FXGL Background Thread 3 ] DEBUG Engine               - class com.almasb.fxgl.cutscene.CutsceneService
16:37:24.462 [FXGL Background Thread 3 ] DEBUG Engine               - class com.almasb.fxgl.minigames.MiniGameService
16:37:24.462 [FXGL Background Thread 3 ] DEBUG Engine               - class com.almasb.fxgl.net.NetService
16:37:24.462 [FXGL Background Thread 3 ] DEBUG Engine               - class com.almasb.fxgl.app.services.UpdaterService
16:37:24.462 [FXGL Background Thread 3 ] DEBUG Engine               - class com.almasb.fxgl.dev.DevService
16:37:25.341 [JavaFX Application Thread] DEBUG Menu                 - fireNewGame()
16:37:25.341 [JavaFX Application Thread] DEBUG GameApplicationServi - Starting new game
16:37:25.342 [JavaFX Application Thread] DEBUG PrimaryStageWindow   - Pop state: LevelSelectScene
16:37:25.342 [JavaFX Application Thread] DEBUG Input                - Clearing active input actions
16:37:25.343 [JavaFX Application Thread] DEBUG GameApplicationServi - Removing overlay from LevelSelectScene and adding to PlayerSelectScene
16:37:25.344 [JavaFX Application Thread] DEBUG PrimaryStageWindow   - PlayerSelectScene <- LevelSelectScene
16:37:25.344 [JavaFX Application Thread] DEBUG PrimaryStageWindow   - Pop state: PlayerSelectScene
16:37:25.344 [JavaFX Application Thread] DEBUG Input                - Clearing active input actions
16:37:25.344 [JavaFX Application Thread] DEBUG GameApplicationServi - Removing overlay from PlayerSelectScene and adding to RiderMainMenuScene
16:37:25.344 [JavaFX Application Thread] DEBUG PrimaryStageWindow   - RiderMainMenuScene <- PlayerSelectScene
16:37:25.344 [JavaFX Application Thread] DEBUG PrimaryStageWindow   - Pop state: RiderMainMenuScene
16:37:25.344 [JavaFX Application Thread] DEBUG Input                - Clearing active input actions
16:37:25.344 [JavaFX Application Thread] DEBUG GameApplicationServi - Removing overlay from RiderMainMenuScene and adding to FXGLMainMenuDummyScene
16:37:25.345 [JavaFX Application Thread] DEBUG PrimaryStageWindow   - FXGLMainMenuDummyScene <- RiderMainMenuScene
16:37:25.345 [JavaFX Application Thread] DEBUG Input                - Clearing active input actions
16:37:25.348 [JavaFX Application Thread] DEBUG GameApplicationServi - Removing overlay from FXGLMainMenuDummyScene and adding to MainLoadingScene
16:37:25.348 [JavaFX Application Thread] DEBUG PrimaryStageWindow   - FXGLMainMenuDummyScene -> MainLoadingScene
16:37:25.348 [JavaFX Application Thread] DEBUG GameApplicationServi - Clearing previous game
16:37:25.348 [JavaFX Application Thread] DEBUG GameScene            - Clearing game scene
16:37:25.348 [JavaFX Application Thread] DEBUG GameWorld            - Clearing game world
16:37:25.348 [JavaFX Application Thread] DEBUG PhysicsWorld         - Clearing physics world
16:37:25.350 [FXGL Background Thread 2 ] DEBUG FXGLApplication      - Initializing game
16:37:25.387 [FXGL Background Thread 2 ] WARN  TMXLevelLoader       - TiledMap generated from 1.11.0. Supported version: 1.9.0. Some features may not be parsed fully.
16:37:25.393 [FXGL Background Thread 2 ] DEBUG TMXLevelLoader       - Parsed TiledMap: file:/Users/aaron/JavaFXGame/target/classes/assets/levels/tmx/level1.tmx
16:37:25.393 [FXGL Background Thread 2 ] DEBUG TMXLevelLoader       - Creating tile layer entities
16:37:25.395 [FXGL Background Thread 2 ] DEBUG TilesetLoader        - Loading view for layer Tile Layer 1
16:37:25.398 [FXGL Background Thread 2 ] DEBUG TilesetLoader        - Created buffer with size 2450.0x700.0
16:37:25.411 [FXGL Background Thread 2 ] DEBUG TMXLevelLoader       - Creating object layer entities
16:37:25.427 [FXGL Background Thread 2 ] DEBUG FXGLAssetLoaderServi - Loading from file system: file:/Users/aaron/JavaFXGame/target/classes/assets/textures/button.png
16:37:25.443 [FXGL Background Thread 2 ] DEBUG GameWorld            - Clearing removable entities
16:37:25.443 [FXGL Background Thread 2 ] DEBUG GameWorld            - Setting level: com.almasb.fxgl.entity.level.Level@1f8db8c1
16:37:25.450 [FXGL Background Thread 2 ] DEBUG FXGLAssetLoaderServi - Loading from file system: file:/Users/aaron/JavaFXGame/target/classes/assets/textures/player1.png
16:37:25.455 [FXGL Background Thread 2 ] DEBUG Input                - Clearing active input actions
16:37:25.456 [FXGL Background Thread 2 ] DEBUG Input                - Registered new binding: Jump0 - W
16:37:25.457 [FXGL Background Thread 2 ] DEBUG Input                - Registered new binding: Left0 - A
16:37:25.457 [FXGL Background Thread 2 ] DEBUG Input                - Registered new binding: Right0 - D
16:37:25.458 [FXGL Background Thread 2 ] DEBUG Input                - Registered new binding: Use0 - E
16:37:25.458 [FXGL Background Thread 2 ] DEBUG FXGLAssetLoaderServi - Loading from file system: file:/Users/aaron/JavaFXGame/target/classes/assets/textures/background/manila.png
16:37:25.476 [FXGL Background Thread 2 ] INFO  FXGLApplication      - Game initialization took: 0.127 sec
16:37:25.477 [JavaFX Application Thread] DEBUG Input                - Clearing active input actions
16:37:25.480 [JavaFX Application Thread] DEBUG GameApplicationServi - Removing overlay from MainLoadingScene and adding to GameScene
16:37:25.481 [JavaFX Application Thread] DEBUG PrimaryStageWindow   - MainLoadingScene -> GameScene
16:37:25.843 [JavaFX Application Thread] DEBUG FXGLAssetLoaderServi - Loading from file system: file:/Users/aaron/JavaFXGame/target/classes/assets/sounds/jump.wav
16:37:26.842 [JavaFX Application Thread] DEBUG PrimaryStageWindow   - Push state: LevelCompletionScene
16:37:26.842 [JavaFX Application Thread] DEBUG Input                - Clearing active input actions
16:37:26.843 [JavaFX Application Thread] DEBUG GameApplicationServi - Removing overlay from GameScene and adding to LevelCompletionScene
16:37:26.843 [JavaFX Application Thread] DEBUG PrimaryStageWindow   - GameScene -> LevelCompletionScene
16:37:26.845 [JavaFX Application Thread] WARN  TMXLevelLoader       - TiledMap generated from 1.11.0. Supported version: 1.9.0. Some features may not be parsed fully.
16:37:26.853 [JavaFX Application Thread] DEBUG TMXLevelLoader       - Parsed TiledMap: file:/Users/aaron/JavaFXGame/target/classes/assets/levels/tmx/level2.tmx
16:37:26.853 [JavaFX Application Thread] DEBUG TMXLevelLoader       - Creating tile layer entities
16:37:26.853 [JavaFX Application Thread] DEBUG TilesetLoader        - Loading view for layer BG
16:37:26.855 [JavaFX Application Thread] DEBUG TilesetLoader        - Created buffer with size 4200.0x700.0
16:37:26.864 [JavaFX Application Thread] DEBUG TilesetLoader        - Loading view for layer Tile Layer 1
16:37:26.866 [JavaFX Application Thread] DEBUG TilesetLoader        - Created buffer with size 4200.0x700.0
16:37:26.869 [JavaFX Application Thread] DEBUG TMXLevelLoader       - Creating object layer entities
16:37:26.876 [JavaFX Application Thread] DEBUG GameWorld            - Clearing removable entities
16:37:26.878 [JavaFX Application Thread] DEBUG GameWorld            - Setting level: com.almasb.fxgl.entity.level.Level@697bcd8d
16:37:26.880 [JavaFX Application Thread] DEBUG FXGLAssetLoaderServi - Loading from file system: file:/Users/aaron/JavaFXGame/target/classes/assets/textures/background/building.png
16:37:27.792 [JavaFX Application Thread] DEBUG PrimaryStageWindow   - Pop state: LevelCompletionScene
16:37:27.792 [JavaFX Application Thread] DEBUG Input                - Clearing active input actions
16:37:27.793 [JavaFX Application Thread] DEBUG GameApplicationServi - Removing overlay from LevelCompletionScene and adding to GameScene
16:37:27.794 [JavaFX Application Thread] DEBUG PrimaryStageWindow   - GameScene <- LevelCompletionScene
16:37:30.364 [JavaFX Application Thread] DEBUG PrimaryStageWindow   - Push state: LevelCompletionScene
16:37:30.364 [JavaFX Application Thread] DEBUG Input                - Clearing active input actions
16:37:30.364 [JavaFX Application Thread] DEBUG GameApplicationServi - Removing overlay from GameScene and adding to LevelCompletionScene
16:37:30.366 [JavaFX Application Thread] DEBUG PrimaryStageWindow   - GameScene -> LevelCompletionScene
16:37:30.367 [JavaFX Application Thread] WARN  TMXLevelLoader       - TiledMap generated from 1.11.0. Supported version: 1.9.0. Some features may not be parsed fully.
16:37:30.373 [JavaFX Application Thread] DEBUG TMXLevelLoader       - Parsed TiledMap: file:/Users/aaron/JavaFXGame/target/classes/assets/levels/tmx/level3.tmx
16:37:30.373 [JavaFX Application Thread] DEBUG TMXLevelLoader       - Creating tile layer entities
16:37:30.374 [JavaFX Application Thread] DEBUG TilesetLoader        - Loading view for layer BG
16:37:30.377 [JavaFX Application Thread] DEBUG TilesetLoader        - Created buffer with size 4200.0x700.0
16:37:30.390 [JavaFX Application Thread] DEBUG TilesetLoader        - Loading view for layer Physical
16:37:30.392 [JavaFX Application Thread] DEBUG TilesetLoader        - Created buffer with size 4200.0x700.0
16:37:30.399 [JavaFX Application Thread] DEBUG TMXLevelLoader       - Creating object layer entities
16:37:30.405 [JavaFX Application Thread] DEBUG GameWorld            - Clearing removable entities
16:37:30.406 [JavaFX Application Thread] DEBUG GameWorld            - Setting level: com.almasb.fxgl.entity.level.Level@60af2794
16:37:31.259 [JavaFX Application Thread] DEBUG PrimaryStageWindow   - Pop state: LevelCompletionScene
16:37:31.259 [JavaFX Application Thread] DEBUG Input                - Clearing active input actions
16:37:31.260 [JavaFX Application Thread] DEBUG GameApplicationServi - Removing overlay from LevelCompletionScene and adding to GameScene
16:37:31.261 [JavaFX Application Thread] DEBUG PrimaryStageWindow   - GameScene <- LevelCompletionScene
16:37:34.830 [JavaFX Application Thread] DEBUG PrimaryStageWindow   - Push state: LevelCompletionScene
16:37:34.830 [JavaFX Application Thread] DEBUG Input                - Clearing active input actions
16:37:34.831 [JavaFX Application Thread] DEBUG GameApplicationServi - Removing overlay from GameScene and adding to LevelCompletionScene
16:37:34.832 [JavaFX Application Thread] DEBUG PrimaryStageWindow   - GameScene -> LevelCompletionScene
16:37:34.834 [JavaFX Application Thread] WARN  TMXLevelLoader       - TiledMap generated from 1.11.0. Supported version: 1.9.0. Some features may not be parsed fully.
16:37:34.842 [JavaFX Application Thread] DEBUG TMXLevelLoader       - Parsed TiledMap: file:/Users/aaron/JavaFXGame/target/classes/assets/levels/tmx/level4.tmx
16:37:34.842 [JavaFX Application Thread] DEBUG TMXLevelLoader       - Creating tile layer entities
16:37:34.843 [JavaFX Application Thread] DEBUG TilesetLoader        - Loading view for layer BG
16:37:34.849 [JavaFX Application Thread] DEBUG TilesetLoader        - Created buffer with size 3500.0x700.0
16:37:34.862 [JavaFX Application Thread] DEBUG TilesetLoader        - Loading view for layer Physical
16:37:34.874 [JavaFX Application Thread] DEBUG TilesetLoader        - Created buffer with size 3500.0x700.0
16:37:34.875 [JavaFX Application Thread] DEBUG TMXLevelLoader       - Creating object layer entities
16:37:34.879 [JavaFX Application Thread] DEBUG GameWorld            - Clearing removable entities
16:37:34.879 [JavaFX Application Thread] DEBUG GameWorld            - Setting level: com.almasb.fxgl.entity.level.Level@61db1f3c
16:37:35.692 [JavaFX Application Thread] DEBUG PrimaryStageWindow   - Pop state: LevelCompletionScene
16:37:35.692 [JavaFX Application Thread] DEBUG Input                - Clearing active input actions
16:37:35.692 [JavaFX Application Thread] DEBUG GameApplicationServi - Removing overlay from LevelCompletionScene and adding to GameScene
16:37:35.693 [JavaFX Application Thread] DEBUG PrimaryStageWindow   - GameScene <- LevelCompletionScene
16:37:50.079 [JavaFX Application Thread] DEBUG FXGLApplication      - Exiting FXGL
16:37:50.080 [JavaFX Application Thread] DEBUG LoopRunner           - Stopping loop
16:37:50.080 [JavaFX Application Thread] DEBUG SystemBundleService  - Saving FXGL system data
16:37:50.083 [JavaFX Application Thread] DEBUG FileSystemAccess     - Writing to: /Users/aaron/JavaFXGame/system/fxgl.bundle
16:37:50.085 [JavaFX Application Thread] DEBUG Async                - Shutting down background threads
16:37:50.085 [JavaFX Application Thread] DEBUG PrimaryStageWindow   - Closing main window
16:37:50.117 [JavaFX Application Thread] DEBUG Logger               - Closing Logger
