16:20:09.445 [main                     ] DEBUG Logger               - Configured Logger
16:20:09.459 [main                     ] DEBUG GameApplication      - Logging settings
Title: Untitled
Version: 0.0
Width: 1280
Height: 720
Fullscreen: false
Intro: false
Profiling: false
Single step:false
App Mode: DEVELOPER
Menu Key: ESCAPE
Stage Style: DECORATED
Scene Factory: class com.sunsofgod.PlatformerApp$1

16:20:09.663 [JavaFX Application Thread] DEBUG FXGLApplication      - Initializing FXGL
16:20:09.665 [JavaFX Application Thread] INFO  Engine               - FXGL-17.2 (20.08.2022 16.50) on WINDOWS (J:21.0.4 FX:17.0.12)
16:20:09.667 [JavaFX Application Thread] DEBUG Engine               - JRE Vendor Name: Eclipse Adoptium
16:20:09.667 [JavaFX Application Thread] DEBUG Engine               - Running on OS: Windows 11 version 10.0
16:20:09.667 [JavaFX Application Thread] DEBUG Engine               - Architecture: amd64
16:20:09.667 [JavaFX Application Thread] INFO  Engine               - Source code and latest versions at: https://github.com/AlmasB/FXGL
16:20:09.667 [JavaFX Application Thread] INFO  Engine               -       Ask questions and discuss at: https://github.com/AlmasB/FXGL/discussions
16:20:09.668 [JavaFX Application Thread] INFO  Engine               -              Join the FXGL chat at: https://gitter.im/AlmasB/FXGL
16:20:09.726 [JavaFX Application Thread] DEBUG PrimaryStageWindow   - Creating a JavaFX scene
16:20:09.754 [JavaFX Application Thread] DEBUG PrimaryStageWindow   - Target settings size: 1280.0 x 720.0
16:20:09.755 [JavaFX Application Thread] DEBUG PrimaryStageWindow   - Scaled scene size:    1280.0 x 720.0
16:20:09.755 [JavaFX Application Thread] DEBUG PrimaryStageWindow   - Scaled ratio: (1.0, 1.0)
16:20:09.755 [JavaFX Application Thread] DEBUG PrimaryStageWindow   - Set initial scene to FXGLStartupScene
16:20:09.761 [JavaFX Application Thread] DEBUG PrimaryStageWindow   - Opening main window
16:20:09.825 [JavaFX Application Thread] DEBUG PrimaryStageWindow   - Window border size: (14.4000244140625, 37.5999755859375)
16:20:09.825 [JavaFX Application Thread] DEBUG PrimaryStageWindow   - Scaled size: 1280.0 x 720.0
16:20:09.825 [JavaFX Application Thread] DEBUG PrimaryStageWindow   - Scaled ratio: (1.0, 1.0)
16:20:09.826 [JavaFX Application Thread] DEBUG PrimaryStageWindow   - Scene size: 1280.0 x 720.0
16:20:09.826 [JavaFX Application Thread] DEBUG PrimaryStageWindow   - Stage size: 1294.4000244140625 x 757.5999755859375
16:20:09.831 [FXGL Background Thread 1 ] DEBUG Engine               - Initializing environment variables
16:20:09.865 [FXGL Background Thread 1 ] DEBUG FXGLAssetLoaderServi - User app class for loading assets: class com.sunsofgod.PlatformerApp
16:20:09.865 [FXGL Background Thread 1 ] DEBUG GameApplicationServi - Applying CSS: fxgl_dark.css
16:20:09.865 [FXGL Background Thread 1 ] DEBUG FXGLAssetLoaderServi - Loading from file system: jar:file:///C:/Users/jamie/.m2/repository/com/github/almasb/fxgl/17.2/fxgl-17.2.jar!/fxglassets/ui/css/fxgl_dark.css
16:20:09.899 [FXGL Background Thread 1 ] DEBUG GameApplicationServi - Initializing application scenes
16:20:09.932 [FXGL Background Thread 1 ] WARN  FXGLAssetLoaderServi - Asset "/assets/textures/player.png" was not found!
16:20:09.933 [FXGL Background Thread 1 ] WARN  FXGLAssetLoaderServi - Failed to load IMAGE
16:20:09.960 [FXGL Background Thread 1 ] DEBUG GameWorld            - Game world initialized
16:20:09.993 [FXGL Background Thread 1 ] DEBUG PhysicsWorld         - Physics world initialized: appHeight=720, physics.ppm=50.0
16:20:09.993 [FXGL Background Thread 1 ] DEBUG PhysicsWorld         - Using strategy: BRUTE_FORCE
16:20:09.996 [FXGL Background Thread 1 ] DEBUG GameScene            - Game scene initialized: 1280x720
16:20:10.159 [FXGL Background Thread 1 ] DEBUG GameApplicationServi - Application scenes initialized
16:20:10.169 [FXGL Background Thread 1 ] DEBUG SystemBundleService  - Loading FXGL system data
16:20:10.172 [FXGL Background Thread 1 ] DEBUG FileSystemAccess     - Reading from: C:\Users\jamie\OneDrive\Pictures\JavaFXGame\system\fxgl.bundle
16:20:10.180 [FXGL Background Thread 1 ] DEBUG SystemBundleService  - Bundle FXGL: {}
16:20:10.180 [FXGL Background Thread 1 ] DEBUG UpdaterService       - Checking for updates
16:20:10.204 [FXGL Background Thread 4 ] DEBUG FXGLApplication      - Loading fonts
16:20:10.205 [FXGL Background Thread 1 ] DEBUG FXGLApplication      - Loading default localization
16:20:10.205 [FXGL Background Thread 4 ] DEBUG FXGLAssetLoaderServi - Loading from file system: jar:file:///C:/Users/jamie/.m2/repository/com/github/almasb/fxgl/17.2/fxgl-17.2.jar!/fxglassets/ui/fonts/VarelaRound-Regular.ttf
16:20:10.205 [FXGL Background Thread 1 ] DEBUG FXGLAssetLoaderServi - Loading from file system: jar:file:///C:/Users/jamie/.m2/repository/com/github/almasb/fxgl/17.2/fxgl-17.2.jar!/fxglassets/languages/english.lang
16:20:10.222 [FXGL Background Thread 1 ] INFO  FXGLApplication      - FXGL initialization took: 0.390 sec
16:20:10.223 [JavaFX Application Thread] DEBUG FXGLAssetLoaderServi - Loading from file system: jar:file:///C:/Users/jamie/.m2/repository/com/github/almasb/fxgl/17.2/fxgl-17.2.jar!/fxglassets/textures/fxgl_icon.png
16:20:10.231 [FXGL Background Thread 4 ] DEBUG FXGLAssetLoaderServi - Loading from file system: jar:file:///C:/Users/jamie/.m2/repository/com/github/almasb/fxgl/17.2/fxgl-17.2.jar!/fxglassets/ui/fonts/Abel-Regular.ttf
16:20:10.233 [FXGL Background Thread 4 ] DEBUG FXGLAssetLoaderServi - Loading from file system: jar:file:///C:/Users/jamie/.m2/repository/com/github/almasb/fxgl/17.2/fxgl-17.2.jar!/fxglassets/ui/fonts/TerminalLandMono-Regular.otf
16:20:10.234 [JavaFX Application Thread] DEBUG FXGLAssetLoaderServi - Loading from file system: jar:file:///C:/Users/jamie/.m2/repository/com/github/almasb/fxgl/17.2/fxgl-17.2.jar!/fxglassets/textures/fxgl_default_cursor.png
16:20:10.237 [FXGL Background Thread 4 ] DEBUG FXGLAssetLoaderServi - Loading from file system: jar:file:///C:/Users/jamie/.m2/repository/com/github/almasb/fxgl/17.2/fxgl-17.2.jar!/fxglassets/ui/fonts/Courier-Prime.ttf
16:20:10.242 [JavaFX Application Thread] DEBUG Input                - Registered new binding: Screenshot - CTRL+8
16:20:10.242 [JavaFX Application Thread] DEBUG Input                - Registered new binding: Dev Options - 1
16:20:10.243 [JavaFX Application Thread] DEBUG Input                - Registered new binding: Dev Console - 2
16:20:10.243 [JavaFX Application Thread] DEBUG Input                - Registered new binding: System info dump - CTRL+9
16:20:10.244 [JavaFX Application Thread] DEBUG Input                - Registered new binding: Restart - CTRL+R
16:20:10.245 [JavaFX Application Thread] DEBUG Input                - Registered new binding: Toggle Debug Camera - CTRL+7
16:20:10.247 [JavaFX Application Thread] DEBUG LoopRunner           - Starting loop
16:20:10.255 [JavaFX Application Thread] DEBUG LoopRunner           - Initializing JavaFX AnimationTimerLoop
16:20:10.257 [JavaFX Application Thread] DEBUG Input                - Clearing active input actions
16:20:10.263 [JavaFX Application Thread] DEBUG GameApplicationServi - Removing overlay from FXGLStartupScene and adding to FXGLMainMenuDummyScene
16:20:10.267 [JavaFX Application Thread] DEBUG PrimaryStageWindow   - FXGLStartupScene -> FXGLMainMenuDummyScene
16:20:10.267 [JavaFX Application Thread] DEBUG PrimaryStageWindow   - Push state: RiderMainMenuScene
16:20:10.267 [JavaFX Application Thread] DEBUG Input                - Clearing active input actions
16:20:10.274 [JavaFX Application Thread] DEBUG GameApplicationServi - Removing overlay from FXGLMainMenuDummyScene and adding to RiderMainMenuScene
16:20:10.274 [JavaFX Application Thread] DEBUG PrimaryStageWindow   - FXGLMainMenuDummyScene -> RiderMainMenuScene
16:20:10.330 [FXGL Background Thread 2 ] WARN  UpdaterService       - Failed to find updates: java.net.UnknownHostException: raw.githubusercontent.com
16:20:10.392 [JavaFX Application Thread] DEBUG FXGLApplication      - Registering font factories with UI factory
16:20:11.372 [JavaFX Application Thread] DEBUG PrimaryStageWindow   - Push state: PlayerSelectScene
16:20:11.373 [JavaFX Application Thread] DEBUG Input                - Clearing active input actions
16:20:11.373 [JavaFX Application Thread] DEBUG GameApplicationServi - Removing overlay from RiderMainMenuScene and adding to PlayerSelectScene
16:20:11.374 [JavaFX Application Thread] DEBUG PrimaryStageWindow   - RiderMainMenuScene -> PlayerSelectScene
16:20:12.998 [JavaFX Application Thread] DEBUG PrimaryStageWindow   - Push state: LevelSelectScene
16:20:12.998 [JavaFX Application Thread] DEBUG Input                - Clearing active input actions
16:20:12.999 [JavaFX Application Thread] DEBUG GameApplicationServi - Removing overlay from PlayerSelectScene and adding to LevelSelectScene
16:20:13.000 [JavaFX Application Thread] DEBUG PrimaryStageWindow   - PlayerSelectScene -> LevelSelectScene
16:20:13.203 [FXGL Background Thread 3 ] DEBUG Engine               - Logging environment variables
16:20:13.203 [FXGL Background Thread 3 ] DEBUG Engine               - achievements: []
16:20:13.203 [FXGL Background Thread 3 ] DEBUG Engine               - actualHeight: 720.0
16:20:13.204 [FXGL Background Thread 3 ] DEBUG Engine               - actualHeightProperty: ReadOnlyDoubleProperty [value: 720.0]
16:20:13.204 [FXGL Background Thread 3 ] DEBUG Engine               - actualWidth: 1280.0
16:20:13.204 [FXGL Background Thread 3 ] DEBUG Engine               - actualWidthProperty: ReadOnlyDoubleProperty [value: 1280.0]
16:20:13.204 [FXGL Background Thread 3 ] DEBUG Engine               - appIcon: fxgl_icon.png
16:20:13.204 [FXGL Background Thread 3 ] DEBUG Engine               - applicationMode: DEVELOPER
16:20:13.205 [FXGL Background Thread 3 ] DEBUG Engine               - cSSList: [fxgl_dark.css]
16:20:13.205 [FXGL Background Thread 3 ] DEBUG Engine               - collisionDetectionStrategy: BRUTE_FORCE
16:20:13.205 [FXGL Background Thread 3 ] DEBUG Engine               - configClass: Optional.empty
16:20:13.205 [FXGL Background Thread 3 ] DEBUG Engine               - credits: []
16:20:13.206 [FXGL Background Thread 3 ] DEBUG Engine               - defaultCursor: CursorInfo(imageName=fxgl_default_cursor.png, hotspotX=7.0, hotspotY=6.0)
16:20:13.206 [FXGL Background Thread 3 ] DEBUG Engine               - devBBoxColorProperty: ObjectProperty [value: 0xff0000ff]
16:20:13.206 [FXGL Background Thread 3 ] DEBUG Engine               - devEnableDebugCameraProperty: BooleanProperty [value: false]
16:20:13.206 [FXGL Background Thread 3 ] DEBUG Engine               - devSensorColorProperty: ObjectProperty [value: 0xffff00ff]
16:20:13.206 [FXGL Background Thread 3 ] DEBUG Engine               - devShowBBoxProperty: BooleanProperty [value: false]
16:20:13.207 [FXGL Background Thread 3 ] DEBUG Engine               - devShowPositionProperty: BooleanProperty [value: false]
16:20:13.207 [FXGL Background Thread 3 ] DEBUG Engine               - enabledMenuItems: []
16:20:13.207 [FXGL Background Thread 3 ] DEBUG Engine               - engineServices: [class com.almasb.fxgl.app.services.FXGLAssetLoaderService, class com.almasb.fxgl.app.FXGLApplication$GameApplicationService, class com.almasb.fxgl.app.services.FXGLDialogService, class com.almasb.fxgl.app.services.IOTaskExecutorService, class com.almasb.fxgl.io.FileSystemService, class com.almasb.fxgl.localization.LocalizationService, class com.almasb.fxgl.app.services.SystemBundleService, class com.almasb.fxgl.profile.SaveLoadService, class com.almasb.fxgl.ui.FXGLUIFactoryServiceProvider, class com.almasb.fxgl.ui.FXGLDialogFactoryServiceProvider, class com.almasb.fxgl.audio.AudioPlayer, class com.almasb.fxgl.notification.impl.NotificationServiceProvider, class com.almasb.fxgl.achievement.AchievementService, class com.almasb.fxgl.cutscene.CutsceneService, class com.almasb.fxgl.minigames.MiniGameService, class com.almasb.fxgl.net.NetService, class com.almasb.fxgl.app.services.UpdaterService, class com.almasb.fxgl.dev.DevService]
16:20:13.207 [FXGL Background Thread 3 ] DEBUG Engine               - fontGame: Abel-Regular.ttf
16:20:13.207 [FXGL Background Thread 3 ] DEBUG Engine               - fontMono: TerminalLandMono-Regular.otf
16:20:13.207 [FXGL Background Thread 3 ] DEBUG Engine               - fontText: Courier-Prime.ttf
16:20:13.207 [FXGL Background Thread 3 ] DEBUG Engine               - fontUI: VarelaRound-Regular.ttf
16:20:13.207 [FXGL Background Thread 3 ] DEBUG Engine               - fullScreen: BooleanProperty [value: false]
16:20:13.207 [FXGL Background Thread 3 ] DEBUG Engine               - gameDifficulty: MEDIUM
16:20:13.207 [FXGL Background Thread 3 ] DEBUG Engine               - gameDifficultyProperty: ObjectProperty [value: MEDIUM]
16:20:13.207 [FXGL Background Thread 3 ] DEBUG Engine               - globalMusicVolume: 0.5
16:20:13.207 [FXGL Background Thread 3 ] DEBUG Engine               - globalMusicVolumeProperty: DoubleProperty [value: 0.25]
16:20:13.207 [FXGL Background Thread 3 ] DEBUG Engine               - globalSoundVolume: 0.5
16:20:13.207 [FXGL Background Thread 3 ] DEBUG Engine               - globalSoundVolumeProperty: DoubleProperty [value: 0.5]
16:20:13.207 [FXGL Background Thread 3 ] DEBUG Engine               - height: 720
16:20:13.207 [FXGL Background Thread 3 ] DEBUG Engine               - is3D: false
16:20:13.207 [FXGL Background Thread 3 ] DEBUG Engine               - isAndroid: false
16:20:13.207 [FXGL Background Thread 3 ] DEBUG Engine               - isBrowser: false
16:20:13.207 [FXGL Background Thread 3 ] DEBUG Engine               - isClickFeedbackEnabled: false
16:20:13.207 [FXGL Background Thread 3 ] DEBUG Engine               - isCloseConfirmation: false
16:20:13.207 [FXGL Background Thread 3 ] DEBUG Engine               - isDesktop: true
16:20:13.207 [FXGL Background Thread 3 ] DEBUG Engine               - isDeveloperMenuEnabled: true
16:20:13.207 [FXGL Background Thread 3 ] DEBUG Engine               - isEmbedded: false
16:20:13.207 [FXGL Background Thread 3 ] DEBUG Engine               - isEntityPreloadEnabled: true
16:20:13.207 [FXGL Background Thread 3 ] DEBUG Engine               - isExperimentalTiledLargeMap: false
16:20:13.207 [FXGL Background Thread 3 ] DEBUG Engine               - isFileSystemWriteAllowed: true
16:20:13.207 [FXGL Background Thread 3 ] DEBUG Engine               - isFullScreenAllowed: false
16:20:13.207 [FXGL Background Thread 3 ] DEBUG Engine               - isFullScreenFromStart: false
16:20:13.207 [FXGL Background Thread 3 ] DEBUG Engine               - isGameMenuEnabled: true
16:20:13.207 [FXGL Background Thread 3 ] DEBUG Engine               - isIOS: false
16:20:13.207 [FXGL Background Thread 3 ] DEBUG Engine               - isIntroEnabled: false
16:20:13.208 [FXGL Background Thread 3 ] DEBUG Engine               - isLinux: false
16:20:13.208 [FXGL Background Thread 3 ] DEBUG Engine               - isMac: false
16:20:13.208 [FXGL Background Thread 3 ] DEBUG Engine               - isMainMenuEnabled: true
16:20:13.208 [FXGL Background Thread 3 ] DEBUG Engine               - isManualResizeEnabled: false
16:20:13.208 [FXGL Background Thread 3 ] DEBUG Engine               - isMobile: false
16:20:13.208 [FXGL Background Thread 3 ] DEBUG Engine               - isNative: false
16:20:13.208 [FXGL Background Thread 3 ] DEBUG Engine               - isPauseMusicWhenMinimized: true
16:20:13.208 [FXGL Background Thread 3 ] DEBUG Engine               - isPreserveResizeRatio: false
16:20:13.208 [FXGL Background Thread 3 ] DEBUG Engine               - isProfilingEnabled: false
16:20:13.208 [FXGL Background Thread 3 ] DEBUG Engine               - isScaleAffectedOnResize: true
16:20:13.208 [FXGL Background Thread 3 ] DEBUG Engine               - isSingleStep: false
16:20:13.208 [FXGL Background Thread 3 ] DEBUG Engine               - isUserProfileEnabled: false
16:20:13.208 [FXGL Background Thread 3 ] DEBUG Engine               - isWindows: true
16:20:13.208 [FXGL Background Thread 3 ] DEBUG Engine               - language: ObjectProperty [value: ENGLISH]
16:20:13.208 [FXGL Background Thread 3 ] DEBUG Engine               - menuKey: ESCAPE
16:20:13.208 [FXGL Background Thread 3 ] DEBUG Engine               - mouseSensitivity: 0.2
16:20:13.208 [FXGL Background Thread 3 ] DEBUG Engine               - notificationViewClass: class com.almasb.fxgl.notification.view.XboxNotificationView
16:20:13.208 [FXGL Background Thread 3 ] DEBUG Engine               - pixelsPerMeter: 50.0
16:20:13.208 [FXGL Background Thread 3 ] DEBUG Engine               - platform: WINDOWS
16:20:13.208 [FXGL Background Thread 3 ] DEBUG Engine               - prefHeightProperty: ReadOnlyDoubleProperty [value: 720.0]
16:20:13.208 [FXGL Background Thread 3 ] DEBUG Engine               - prefWidthProperty: ReadOnlyDoubleProperty [value: 1280.0]
16:20:13.208 [FXGL Background Thread 3 ] DEBUG Engine               - profileDir: profiles/
16:20:13.208 [FXGL Background Thread 3 ] DEBUG Engine               - profileName: StringProperty [value: DEFAULT]
16:20:13.208 [FXGL Background Thread 3 ] DEBUG Engine               - randomSeed: -1
16:20:13.209 [FXGL Background Thread 3 ] DEBUG Engine               - runtimeInfo: RuntimeInfo(platform=WINDOWS, version=17.2, build=20.08.2022 16.50)
16:20:13.209 [FXGL Background Thread 3 ] DEBUG Engine               - saveFileExt: sav
16:20:13.209 [FXGL Background Thread 3 ] DEBUG Engine               - scaledHeightProp$fxgl: DoubleProperty [bound, value: 720.0]
16:20:13.209 [FXGL Background Thread 3 ] DEBUG Engine               - scaledWidthProp$fxgl: DoubleProperty [bound, value: 1280.0]
16:20:13.209 [FXGL Background Thread 3 ] DEBUG Engine               - sceneFactory: com.sunsofgod.PlatformerApp$1@73adac1c
16:20:13.209 [FXGL Background Thread 3 ] DEBUG Engine               - secondsIn24h: 60
16:20:13.209 [FXGL Background Thread 3 ] DEBUG Engine               - soundMenuBack: menu/back.wav
16:20:13.209 [FXGL Background Thread 3 ] DEBUG Engine               - soundMenuPress: menu/press.wav
16:20:13.209 [FXGL Background Thread 3 ] DEBUG Engine               - soundMenuSelect: menu/select.wav
16:20:13.209 [FXGL Background Thread 3 ] DEBUG Engine               - soundNotification: core/notification.wav
16:20:13.209 [FXGL Background Thread 3 ] DEBUG Engine               - stageStyle: DECORATED
16:20:13.209 [FXGL Background Thread 3 ] DEBUG Engine               - supportedLanguages: [ENGLISH, FRENCH, GERMAN, HUNGARIAN, RUSSIAN]
16:20:13.209 [FXGL Background Thread 3 ] DEBUG Engine               - ticksPerSecond: -1
16:20:13.209 [FXGL Background Thread 3 ] DEBUG Engine               - title: Untitled
16:20:13.209 [FXGL Background Thread 3 ] DEBUG Engine               - urlGithub: https://github.com/AlmasB/FXGL
16:20:13.209 [FXGL Background Thread 3 ] DEBUG Engine               - urlLeaderboard: http://fxgl-top.herokuapp.com/
16:20:13.209 [FXGL Background Thread 3 ] DEBUG Engine               - urlPOM: https://raw.githubusercontent.com/AlmasB/FXGL/release/README.md
16:20:13.209 [FXGL Background Thread 3 ] DEBUG Engine               - userAppClass: class com.sunsofgod.PlatformerApp
16:20:13.209 [FXGL Background Thread 3 ] DEBUG Engine               - version: 0.0
16:20:13.209 [FXGL Background Thread 3 ] DEBUG Engine               - versionCheckDays: 7
16:20:13.209 [FXGL Background Thread 3 ] DEBUG Engine               - width: 1280
16:20:13.209 [FXGL Background Thread 3 ] DEBUG Engine               - Logging services
16:20:13.210 [FXGL Background Thread 3 ] DEBUG Engine               - class com.almasb.fxgl.app.services.FXGLAssetLoaderService
16:20:13.210 [FXGL Background Thread 3 ] DEBUG Engine               - class com.almasb.fxgl.app.FXGLApplication$GameApplicationService
16:20:13.210 [FXGL Background Thread 3 ] DEBUG Engine               - class com.almasb.fxgl.app.services.FXGLDialogService
16:20:13.210 [FXGL Background Thread 3 ] DEBUG Engine               - class com.almasb.fxgl.app.services.IOTaskExecutorService
16:20:13.210 [FXGL Background Thread 3 ] DEBUG Engine               - class com.almasb.fxgl.io.FileSystemService
16:20:13.210 [FXGL Background Thread 3 ] DEBUG Engine               - class com.almasb.fxgl.localization.LocalizationService
16:20:13.210 [FXGL Background Thread 3 ] DEBUG Engine               - class com.almasb.fxgl.app.services.SystemBundleService
16:20:13.210 [FXGL Background Thread 3 ] DEBUG Engine               - class com.almasb.fxgl.profile.SaveLoadService
16:20:13.210 [FXGL Background Thread 3 ] DEBUG Engine               - class com.almasb.fxgl.ui.FXGLUIFactoryServiceProvider
16:20:13.210 [FXGL Background Thread 3 ] DEBUG Engine               - class com.almasb.fxgl.ui.FXGLDialogFactoryServiceProvider
16:20:13.210 [FXGL Background Thread 3 ] DEBUG Engine               - class com.almasb.fxgl.audio.AudioPlayer
16:20:13.210 [FXGL Background Thread 3 ] DEBUG Engine               - class com.almasb.fxgl.notification.impl.NotificationServiceProvider
16:20:13.210 [FXGL Background Thread 3 ] DEBUG Engine               - class com.almasb.fxgl.achievement.AchievementService
16:20:13.210 [FXGL Background Thread 3 ] DEBUG Engine               - class com.almasb.fxgl.cutscene.CutsceneService
16:20:13.210 [FXGL Background Thread 3 ] DEBUG Engine               - class com.almasb.fxgl.minigames.MiniGameService
16:20:13.210 [FXGL Background Thread 3 ] DEBUG Engine               - class com.almasb.fxgl.net.NetService
16:20:13.210 [FXGL Background Thread 3 ] DEBUG Engine               - class com.almasb.fxgl.app.services.UpdaterService
16:20:13.210 [FXGL Background Thread 3 ] DEBUG Engine               - class com.almasb.fxgl.dev.DevService
16:20:14.478 [JavaFX Application Thread] DEBUG Menu                 - fireNewGame()
16:20:14.478 [JavaFX Application Thread] DEBUG GameApplicationServi - Starting new game
16:20:14.478 [JavaFX Application Thread] DEBUG PrimaryStageWindow   - Pop state: LevelSelectScene
16:20:14.478 [JavaFX Application Thread] DEBUG Input                - Clearing active input actions
16:20:14.479 [JavaFX Application Thread] DEBUG GameApplicationServi - Removing overlay from LevelSelectScene and adding to PlayerSelectScene
16:20:14.479 [JavaFX Application Thread] DEBUG PrimaryStageWindow   - PlayerSelectScene <- LevelSelectScene
16:20:14.480 [JavaFX Application Thread] DEBUG PrimaryStageWindow   - Pop state: PlayerSelectScene
16:20:14.480 [JavaFX Application Thread] DEBUG Input                - Clearing active input actions
16:20:14.480 [JavaFX Application Thread] DEBUG GameApplicationServi - Removing overlay from PlayerSelectScene and adding to RiderMainMenuScene
16:20:14.480 [JavaFX Application Thread] DEBUG PrimaryStageWindow   - RiderMainMenuScene <- PlayerSelectScene
16:20:14.480 [JavaFX Application Thread] DEBUG PrimaryStageWindow   - Pop state: RiderMainMenuScene
16:20:14.480 [JavaFX Application Thread] DEBUG Input                - Clearing active input actions
16:20:14.480 [JavaFX Application Thread] DEBUG GameApplicationServi - Removing overlay from RiderMainMenuScene and adding to FXGLMainMenuDummyScene
16:20:14.481 [JavaFX Application Thread] DEBUG PrimaryStageWindow   - FXGLMainMenuDummyScene <- RiderMainMenuScene
16:20:14.481 [JavaFX Application Thread] DEBUG Input                - Clearing active input actions
16:20:14.485 [JavaFX Application Thread] DEBUG GameApplicationServi - Removing overlay from FXGLMainMenuDummyScene and adding to MainLoadingScene
16:20:14.485 [JavaFX Application Thread] DEBUG PrimaryStageWindow   - FXGLMainMenuDummyScene -> MainLoadingScene
16:20:14.485 [JavaFX Application Thread] DEBUG GameApplicationServi - Clearing previous game
16:20:14.485 [JavaFX Application Thread] DEBUG GameScene            - Clearing game scene
16:20:14.485 [JavaFX Application Thread] DEBUG GameWorld            - Clearing game world
16:20:14.485 [JavaFX Application Thread] DEBUG PhysicsWorld         - Clearing physics world
16:20:14.486 [FXGL Background Thread 2 ] DEBUG FXGLApplication      - Initializing game
16:20:14.512 [FXGL Background Thread 2 ] WARN  TMXLevelLoader       - TiledMap generated from 1.11.0. Supported version: 1.9.0. Some features may not be parsed fully.
16:20:14.520 [FXGL Background Thread 2 ] DEBUG TMXLevelLoader       - Parsed TiledMap: file:/C:/Users/jamie/OneDrive/Pictures/JavaFXGame/target/classes/assets/levels/tmx/level1.tmx
16:20:14.520 [FXGL Background Thread 2 ] DEBUG TMXLevelLoader       - Creating tile layer entities
16:20:14.522 [FXGL Background Thread 2 ] DEBUG TilesetLoader        - Loading view for layer Tile Layer 1
16:20:14.525 [FXGL Background Thread 2 ] DEBUG TilesetLoader        - Created buffer with size 2450.0x700.0
16:20:14.540 [FXGL Background Thread 2 ] DEBUG TMXLevelLoader       - Creating object layer entities
16:20:14.556 [FXGL Background Thread 2 ] DEBUG FXGLAssetLoaderServi - Loading from file system: file:/C:/Users/jamie/OneDrive/Pictures/JavaFXGame/target/classes/assets/textures/button.png
16:20:14.565 [FXGL Background Thread 2 ] DEBUG GameWorld            - Clearing removable entities
16:20:14.566 [FXGL Background Thread 2 ] DEBUG GameWorld            - Setting level: com.almasb.fxgl.entity.level.Level@39d03d35
16:20:14.572 [FXGL Background Thread 2 ] DEBUG FXGLAssetLoaderServi - Loading from file system: file:/C:/Users/jamie/OneDrive/Pictures/JavaFXGame/target/classes/assets/textures/player1.png
16:20:14.578 [FXGL Background Thread 2 ] DEBUG Input                - Clearing active input actions
16:20:14.579 [FXGL Background Thread 2 ] DEBUG Input                - Registered new binding: Jump0 - W
16:20:14.579 [FXGL Background Thread 2 ] DEBUG Input                - Registered new binding: Left0 - A
16:20:14.580 [FXGL Background Thread 2 ] DEBUG Input                - Registered new binding: Right0 - D
16:20:14.580 [FXGL Background Thread 2 ] DEBUG Input                - Registered new binding: Use0 - E
16:20:14.580 [FXGL Background Thread 2 ] DEBUG FXGLAssetLoaderServi - Loading from file system: file:/C:/Users/jamie/OneDrive/Pictures/JavaFXGame/target/classes/assets/textures/background/manila.png
16:20:14.598 [FXGL Background Thread 2 ] INFO  FXGLApplication      - Game initialization took: 0.111 sec
16:20:14.599 [JavaFX Application Thread] DEBUG Input                - Clearing active input actions
16:20:14.602 [JavaFX Application Thread] DEBUG GameApplicationServi - Removing overlay from MainLoadingScene and adding to GameScene
16:20:14.603 [JavaFX Application Thread] DEBUG PrimaryStageWindow   - MainLoadingScene -> GameScene
16:20:17.530 [JavaFX Application Thread] DEBUG FXGLAssetLoaderServi - Loading from file system: file:/C:/Users/jamie/OneDrive/Pictures/JavaFXGame/target/classes/assets/sounds/jump.wav
16:20:21.587 [JavaFX Application Thread] DEBUG PrimaryStageWindow   - Push state: LevelCompletionScene
16:20:21.587 [JavaFX Application Thread] DEBUG Input                - Clearing active input actions
16:20:21.587 [JavaFX Application Thread] DEBUG GameApplicationServi - Removing overlay from GameScene and adding to LevelCompletionScene
16:20:21.588 [JavaFX Application Thread] DEBUG PrimaryStageWindow   - GameScene -> LevelCompletionScene
16:20:25.739 [JavaFX Application Thread] DEBUG PrimaryStageWindow   - Pop state: LevelCompletionScene
16:20:25.739 [JavaFX Application Thread] DEBUG Input                - Clearing active input actions
16:20:25.739 [JavaFX Application Thread] DEBUG GameApplicationServi - Removing overlay from LevelCompletionScene and adding to GameScene
16:20:25.740 [JavaFX Application Thread] DEBUG PrimaryStageWindow   - GameScene <- LevelCompletionScene
16:20:35.802 [JavaFX Application Thread] DEBUG PrimaryStageWindow   - Push state: LevelCompletionScene
16:20:35.802 [JavaFX Application Thread] DEBUG Input                - Clearing active input actions
16:20:35.802 [JavaFX Application Thread] DEBUG GameApplicationServi - Removing overlay from GameScene and adding to LevelCompletionScene
16:20:35.803 [JavaFX Application Thread] DEBUG PrimaryStageWindow   - GameScene -> LevelCompletionScene
16:41:27.627 [JavaFX Application Thread] DEBUG FXGLApplication      - Exiting FXGL
16:41:27.628 [JavaFX Application Thread] DEBUG LoopRunner           - Stopping loop
16:41:27.628 [JavaFX Application Thread] DEBUG SystemBundleService  - Saving FXGL system data
16:41:27.629 [JavaFX Application Thread] DEBUG FileSystemAccess     - Writing to: C:\Users\jamie\OneDrive\Pictures\JavaFXGame\system\fxgl.bundle
16:41:27.631 [JavaFX Application Thread] DEBUG Async                - Shutting down background threads
16:41:27.632 [JavaFX Application Thread] DEBUG PrimaryStageWindow   - Closing main window
16:41:27.640 [JavaFX Application Thread] DEBUG Logger               - Closing Logger
