20:47:32.836 [main                     ] DEBUG Logger               - Configured Logger
20:47:32.855 [main                     ] DEBUG GameApplication      - Logging settings
Title: Untitled
Version: 0.0
Width: 1280
Height: 720
Fullscreen: false
Intro: false
Profiling: false
Single step:false
App Mode: DEVELOPER
Menu Key: ESCAPE
Stage Style: DECORATED
Scene Factory: class com.sunsofgod.PlatformerApp$1

20:47:33.141 [JavaFX Application Thread] DEBUG FXGLApplication      - Initializing FXGL
20:47:33.144 [JavaFX Application Thread] INFO  Engine               - FXGL-17.2 (20.08.2022 16.50) on WINDOWS (J:21.0.4 FX:17.0.12)
20:47:33.145 [JavaFX Application Thread] DEBUG Engine               - JRE Vendor Name: Eclipse Adoptium
20:47:33.145 [JavaFX Application Thread] DEBUG Engine               - Running on OS: Windows 11 version 10.0
20:47:33.145 [JavaFX Application Thread] DEBUG Engine               - Architecture: amd64
20:47:33.145 [JavaFX Application Thread] INFO  Engine               - Source code and latest versions at: https://github.com/AlmasB/FXGL
20:47:33.145 [JavaFX Application Thread] INFO  Engine               -       Ask questions and discuss at: https://github.com/AlmasB/FXGL/discussions
20:47:33.146 [JavaFX Application Thread] INFO  Engine               -              Join the FXGL chat at: https://gitter.im/AlmasB/FXGL
20:47:33.206 [JavaFX Application Thread] DEBUG PrimaryStageWindow   - Creating a JavaFX scene
20:47:33.240 [JavaFX Application Thread] DEBUG PrimaryStageWindow   - Target settings size: 1280.0 x 720.0
20:47:33.240 [JavaFX Application Thread] DEBUG PrimaryStageWindow   - Scaled scene size:    1280.0 x 720.0
20:47:33.240 [JavaFX Application Thread] DEBUG PrimaryStageWindow   - Scaled ratio: (1.0, 1.0)
20:47:33.241 [JavaFX Application Thread] DEBUG PrimaryStageWindow   - Set initial scene to FXGLStartupScene
20:47:33.246 [JavaFX Application Thread] DEBUG PrimaryStageWindow   - Opening main window
20:47:33.307 [JavaFX Application Thread] DEBUG PrimaryStageWindow   - Window border size: (16.0, 39.0)
20:47:33.307 [JavaFX Application Thread] DEBUG PrimaryStageWindow   - Scaled size: 1280.0 x 720.0
20:47:33.307 [JavaFX Application Thread] DEBUG PrimaryStageWindow   - Scaled ratio: (1.0, 1.0)
20:47:33.307 [JavaFX Application Thread] DEBUG PrimaryStageWindow   - Scene size: 1280.0 x 720.0
20:47:33.309 [JavaFX Application Thread] DEBUG PrimaryStageWindow   - Stage size: 1296.0 x 759.0
20:47:33.314 [FXGL Background Thread 1 ] DEBUG Engine               - Initializing environment variables
20:47:33.348 [FXGL Background Thread 1 ] DEBUG FXGLAssetLoaderServi - User app class for loading assets: class com.sunsofgod.PlatformerApp
20:47:33.348 [FXGL Background Thread 1 ] DEBUG GameApplicationServi - Applying CSS: fxgl_dark.css
20:47:33.349 [FXGL Background Thread 1 ] DEBUG FXGLAssetLoaderServi - Loading from file system: jar:file:///C:/Users/user/.m2/repository/com/github/almasb/fxgl/17.2/fxgl-17.2.jar!/fxglassets/ui/css/fxgl_dark.css
20:47:33.384 [FXGL Background Thread 1 ] DEBUG GameApplicationServi - Initializing application scenes
20:47:33.419 [FXGL Background Thread 1 ] WARN  FXGLAssetLoaderServi - Asset "/assets/textures/player.png" was not found!
20:47:33.420 [FXGL Background Thread 1 ] WARN  FXGLAssetLoaderServi - Failed to load IMAGE
20:47:33.439 [FXGL Background Thread 1 ] DEBUG GameWorld            - Game world initialized
20:47:33.481 [FXGL Background Thread 1 ] DEBUG PhysicsWorld         - Physics world initialized: appHeight=720, physics.ppm=50.0
20:47:33.481 [FXGL Background Thread 1 ] DEBUG PhysicsWorld         - Using strategy: BRUTE_FORCE
20:47:33.484 [FXGL Background Thread 1 ] DEBUG GameScene            - Game scene initialized: 1280x720
20:47:33.751 [FXGL Background Thread 1 ] DEBUG FXGL.DefaultMenu     - createMenuBodyGameMenu()
20:47:33.758 [FXGL Background Thread 1 ] DEBUG FXGL.DefaultMenu     - createOptionsMenu()
20:47:33.763 [FXGL Background Thread 1 ] DEBUG FXGLAssetLoaderServi - Loading from file system: jar:file:///C:/Users/user/.m2/repository/com/github/almasb/fxgl/17.2/fxgl-17.2.jar!/fxglassets/textures/particles/smoke.png
20:47:33.803 [FXGL Background Thread 1 ] DEBUG FXGLAssetLoaderServi - Loading from file system: jar:file:///C:/Users/user/.m2/repository/com/github/almasb/fxgl/17.2/fxgl-17.2.jar!/fxglassets/textures/particles/trace_horizontal.png
20:47:33.815 [FXGL Background Thread 1 ] DEBUG GameApplicationServi - Application scenes initialized
20:47:33.825 [FXGL Background Thread 1 ] DEBUG SystemBundleService  - Loading FXGL system data
20:47:33.828 [FXGL Background Thread 1 ] DEBUG FileSystemAccess     - Reading from: C:\Users\user\Desktop\JavaFXGame\system\fxgl.bundle
20:47:33.836 [FXGL Background Thread 1 ] DEBUG SystemBundleService  - Bundle FXGL: {}
20:47:33.836 [FXGL Background Thread 1 ] DEBUG UpdaterService       - Checking for updates
20:47:33.857 [FXGL Background Thread 4 ] DEBUG FXGLApplication      - Loading fonts
20:47:33.857 [FXGL Background Thread 4 ] DEBUG FXGLAssetLoaderServi - Loading from file system: jar:file:///C:/Users/user/.m2/repository/com/github/almasb/fxgl/17.2/fxgl-17.2.jar!/fxglassets/ui/fonts/VarelaRound-Regular.ttf
20:47:33.857 [FXGL Background Thread 1 ] DEBUG FXGLApplication      - Loading default localization
20:47:33.858 [FXGL Background Thread 1 ] DEBUG FXGLAssetLoaderServi - Loading from file system: jar:file:///C:/Users/user/.m2/repository/com/github/almasb/fxgl/17.2/fxgl-17.2.jar!/fxglassets/languages/english.lang
20:47:33.869 [FXGL Background Thread 1 ] INFO  FXGLApplication      - FXGL initialization took: 0.555 sec
20:47:33.870 [JavaFX Application Thread] DEBUG FXGLAssetLoaderServi - Loading from file system: jar:file:///C:/Users/user/.m2/repository/com/github/almasb/fxgl/17.2/fxgl-17.2.jar!/fxglassets/textures/fxgl_icon.png
20:47:33.878 [JavaFX Application Thread] DEBUG FXGLAssetLoaderServi - Loading from file system: jar:file:///C:/Users/user/.m2/repository/com/github/almasb/fxgl/17.2/fxgl-17.2.jar!/fxglassets/textures/fxgl_default_cursor.png
20:47:33.884 [FXGL Background Thread 4 ] DEBUG FXGLAssetLoaderServi - Loading from file system: jar:file:///C:/Users/user/.m2/repository/com/github/almasb/fxgl/17.2/fxgl-17.2.jar!/fxglassets/ui/fonts/Abel-Regular.ttf
20:47:33.886 [JavaFX Application Thread] DEBUG Input                - Registered new binding: Screenshot - CTRL+8
20:47:33.886 [JavaFX Application Thread] DEBUG Input                - Registered new binding: Dev Options - 1
20:47:33.888 [JavaFX Application Thread] DEBUG Input                - Registered new binding: Dev Console - 2
20:47:33.888 [JavaFX Application Thread] DEBUG Input                - Registered new binding: System info dump - CTRL+9
20:47:33.888 [FXGL Background Thread 4 ] DEBUG FXGLAssetLoaderServi - Loading from file system: jar:file:///C:/Users/user/.m2/repository/com/github/almasb/fxgl/17.2/fxgl-17.2.jar!/fxglassets/ui/fonts/TerminalLandMono-Regular.otf
20:47:33.888 [JavaFX Application Thread] DEBUG Input                - Registered new binding: Restart - CTRL+R
20:47:33.889 [JavaFX Application Thread] DEBUG Input                - Registered new binding: Toggle Debug Camera - CTRL+7
20:47:33.891 [JavaFX Application Thread] DEBUG LoopRunner           - Starting loop
20:47:33.892 [FXGL Background Thread 4 ] DEBUG FXGLAssetLoaderServi - Loading from file system: jar:file:///C:/Users/user/.m2/repository/com/github/almasb/fxgl/17.2/fxgl-17.2.jar!/fxglassets/ui/fonts/Courier-Prime.ttf
20:47:33.900 [JavaFX Application Thread] DEBUG LoopRunner           - Initializing JavaFX AnimationTimerLoop
20:47:33.902 [JavaFX Application Thread] DEBUG Input                - Clearing active input actions
20:47:33.911 [JavaFX Application Thread] DEBUG GameApplicationServi - Removing overlay from FXGLStartupScene and adding to FXGLMainMenuDummyScene
20:47:33.914 [JavaFX Application Thread] DEBUG PrimaryStageWindow   - FXGLStartupScene -> FXGLMainMenuDummyScene
20:47:33.914 [JavaFX Application Thread] DEBUG PrimaryStageWindow   - Push state: RiderMainMenuScene
20:47:33.914 [JavaFX Application Thread] DEBUG Input                - Clearing active input actions
20:47:33.919 [JavaFX Application Thread] DEBUG GameApplicationServi - Removing overlay from FXGLMainMenuDummyScene and adding to RiderMainMenuScene
20:47:33.919 [JavaFX Application Thread] DEBUG PrimaryStageWindow   - FXGLMainMenuDummyScene -> RiderMainMenuScene
20:47:34.053 [JavaFX Application Thread] DEBUG FXGLApplication      - Registering font factories with UI factory
20:47:34.429 [FXGL Background Thread 2 ] INFO  UpdaterService       - Your current version:  17.2
20:47:34.430 [FXGL Background Thread 2 ] INFO  UpdaterService       - Latest stable version: 21.1
20:47:34.647 [JavaFX Application Thread] DEBUG PrimaryStageWindow   - Push state: PlayerSelectScene
20:47:34.647 [JavaFX Application Thread] DEBUG Input                - Clearing active input actions
20:47:34.648 [JavaFX Application Thread] DEBUG GameApplicationServi - Removing overlay from RiderMainMenuScene and adding to PlayerSelectScene
20:47:34.649 [JavaFX Application Thread] DEBUG PrimaryStageWindow   - RiderMainMenuScene -> PlayerSelectScene
20:47:35.514 [JavaFX Application Thread] DEBUG PrimaryStageWindow   - Pop state: PlayerSelectScene
20:47:35.514 [JavaFX Application Thread] DEBUG Input                - Clearing active input actions
20:47:35.515 [JavaFX Application Thread] DEBUG GameApplicationServi - Removing overlay from PlayerSelectScene and adding to RiderMainMenuScene
20:47:35.516 [JavaFX Application Thread] DEBUG PrimaryStageWindow   - RiderMainMenuScene <- PlayerSelectScene
20:47:35.667 [JavaFX Application Thread] DEBUG PrimaryStageWindow   - Push state: WorldSelectScene
20:47:35.667 [JavaFX Application Thread] DEBUG Input                - Clearing active input actions
20:47:35.668 [JavaFX Application Thread] DEBUG GameApplicationServi - Removing overlay from RiderMainMenuScene and adding to WorldSelectScene
20:47:35.668 [JavaFX Application Thread] DEBUG PrimaryStageWindow   - RiderMainMenuScene -> WorldSelectScene
20:47:36.673 [JavaFX Application Thread] DEBUG PrimaryStageWindow   - Pop state: WorldSelectScene
20:47:36.674 [JavaFX Application Thread] DEBUG Input                - Clearing active input actions
20:47:36.674 [JavaFX Application Thread] DEBUG GameApplicationServi - Removing overlay from WorldSelectScene and adding to RiderMainMenuScene
20:47:36.674 [JavaFX Application Thread] DEBUG PrimaryStageWindow   - RiderMainMenuScene <- WorldSelectScene
20:47:36.857 [FXGL Background Thread 3 ] DEBUG Engine               - Logging environment variables
20:47:36.857 [FXGL Background Thread 3 ] DEBUG Engine               - achievements: []
20:47:36.858 [FXGL Background Thread 3 ] DEBUG Engine               - actualHeight: 720.0
20:47:36.858 [FXGL Background Thread 3 ] DEBUG Engine               - actualHeightProperty: ReadOnlyDoubleProperty [value: 720.0]
20:47:36.858 [FXGL Background Thread 3 ] DEBUG Engine               - actualWidth: 1280.0
20:47:36.858 [FXGL Background Thread 3 ] DEBUG Engine               - actualWidthProperty: ReadOnlyDoubleProperty [value: 1280.0]
20:47:36.858 [FXGL Background Thread 3 ] DEBUG Engine               - appIcon: fxgl_icon.png
20:47:36.858 [FXGL Background Thread 3 ] DEBUG Engine               - applicationMode: DEVELOPER
20:47:36.858 [FXGL Background Thread 3 ] DEBUG Engine               - cSSList: [fxgl_dark.css]
20:47:36.858 [FXGL Background Thread 3 ] DEBUG Engine               - collisionDetectionStrategy: BRUTE_FORCE
20:47:36.858 [FXGL Background Thread 3 ] DEBUG Engine               - configClass: Optional.empty
20:47:36.858 [FXGL Background Thread 3 ] DEBUG Engine               - credits: []
20:47:36.858 [FXGL Background Thread 3 ] DEBUG Engine               - defaultCursor: CursorInfo(imageName=fxgl_default_cursor.png, hotspotX=7.0, hotspotY=6.0)
20:47:36.858 [FXGL Background Thread 3 ] DEBUG Engine               - devBBoxColorProperty: ObjectProperty [value: 0xff0000ff]
20:47:36.858 [FXGL Background Thread 3 ] DEBUG Engine               - devEnableDebugCameraProperty: BooleanProperty [value: false]
20:47:36.858 [FXGL Background Thread 3 ] DEBUG Engine               - devSensorColorProperty: ObjectProperty [value: 0xffff00ff]
20:47:36.858 [FXGL Background Thread 3 ] DEBUG Engine               - devShowBBoxProperty: BooleanProperty [value: false]
20:47:36.858 [FXGL Background Thread 3 ] DEBUG Engine               - devShowPositionProperty: BooleanProperty [value: false]
20:47:36.858 [FXGL Background Thread 3 ] DEBUG Engine               - enabledMenuItems: []
20:47:36.858 [FXGL Background Thread 3 ] DEBUG Engine               - engineServices: [class com.almasb.fxgl.app.services.FXGLAssetLoaderService, class com.almasb.fxgl.app.FXGLApplication$GameApplicationService, class com.almasb.fxgl.app.services.FXGLDialogService, class com.almasb.fxgl.app.services.IOTaskExecutorService, class com.almasb.fxgl.io.FileSystemService, class com.almasb.fxgl.localization.LocalizationService, class com.almasb.fxgl.app.services.SystemBundleService, class com.almasb.fxgl.profile.SaveLoadService, class com.almasb.fxgl.ui.FXGLUIFactoryServiceProvider, class com.almasb.fxgl.ui.FXGLDialogFactoryServiceProvider, class com.almasb.fxgl.audio.AudioPlayer, class com.almasb.fxgl.notification.impl.NotificationServiceProvider, class com.almasb.fxgl.achievement.AchievementService, class com.almasb.fxgl.cutscene.CutsceneService, class com.almasb.fxgl.minigames.MiniGameService, class com.almasb.fxgl.net.NetService, class com.almasb.fxgl.app.services.UpdaterService, class com.almasb.fxgl.dev.DevService]
20:47:36.860 [FXGL Background Thread 3 ] DEBUG Engine               - fontGame: Abel-Regular.ttf
20:47:36.860 [FXGL Background Thread 3 ] DEBUG Engine               - fontMono: TerminalLandMono-Regular.otf
20:47:36.860 [FXGL Background Thread 3 ] DEBUG Engine               - fontText: Courier-Prime.ttf
20:47:36.860 [FXGL Background Thread 3 ] DEBUG Engine               - fontUI: VarelaRound-Regular.ttf
20:47:36.860 [FXGL Background Thread 3 ] DEBUG Engine               - fullScreen: BooleanProperty [value: false]
20:47:36.860 [FXGL Background Thread 3 ] DEBUG Engine               - gameDifficulty: MEDIUM
20:47:36.860 [FXGL Background Thread 3 ] DEBUG Engine               - gameDifficultyProperty: ObjectProperty [value: MEDIUM]
20:47:36.860 [FXGL Background Thread 3 ] DEBUG Engine               - globalMusicVolume: 0.5
20:47:36.860 [FXGL Background Thread 3 ] DEBUG Engine               - globalMusicVolumeProperty: DoubleProperty [value: 0.25]
20:47:36.860 [FXGL Background Thread 3 ] DEBUG Engine               - globalSoundVolume: 0.5
20:47:36.860 [FXGL Background Thread 3 ] DEBUG Engine               - globalSoundVolumeProperty: DoubleProperty [value: 0.5]
20:47:36.860 [FXGL Background Thread 3 ] DEBUG Engine               - height: 720
20:47:36.860 [FXGL Background Thread 3 ] DEBUG Engine               - is3D: false
20:47:36.860 [FXGL Background Thread 3 ] DEBUG Engine               - isAndroid: false
20:47:36.860 [FXGL Background Thread 3 ] DEBUG Engine               - isBrowser: false
20:47:36.860 [FXGL Background Thread 3 ] DEBUG Engine               - isClickFeedbackEnabled: false
20:47:36.860 [FXGL Background Thread 3 ] DEBUG Engine               - isCloseConfirmation: false
20:47:36.860 [FXGL Background Thread 3 ] DEBUG Engine               - isDesktop: true
20:47:36.860 [FXGL Background Thread 3 ] DEBUG Engine               - isDeveloperMenuEnabled: true
20:47:36.860 [FXGL Background Thread 3 ] DEBUG Engine               - isEmbedded: false
20:47:36.860 [FXGL Background Thread 3 ] DEBUG Engine               - isEntityPreloadEnabled: true
20:47:36.860 [FXGL Background Thread 3 ] DEBUG Engine               - isExperimentalTiledLargeMap: false
20:47:36.860 [FXGL Background Thread 3 ] DEBUG Engine               - isFileSystemWriteAllowed: true
20:47:36.860 [FXGL Background Thread 3 ] DEBUG Engine               - isFullScreenAllowed: false
20:47:36.860 [FXGL Background Thread 3 ] DEBUG Engine               - isFullScreenFromStart: false
20:47:36.860 [FXGL Background Thread 3 ] DEBUG Engine               - isGameMenuEnabled: true
20:47:36.860 [FXGL Background Thread 3 ] DEBUG Engine               - isIOS: false
20:47:36.861 [FXGL Background Thread 3 ] DEBUG Engine               - isIntroEnabled: false
20:47:36.861 [FXGL Background Thread 3 ] DEBUG Engine               - isLinux: false
20:47:36.861 [FXGL Background Thread 3 ] DEBUG Engine               - isMac: false
20:47:36.861 [FXGL Background Thread 3 ] DEBUG Engine               - isMainMenuEnabled: true
20:47:36.861 [FXGL Background Thread 3 ] DEBUG Engine               - isManualResizeEnabled: false
20:47:36.861 [FXGL Background Thread 3 ] DEBUG Engine               - isMobile: false
20:47:36.861 [FXGL Background Thread 3 ] DEBUG Engine               - isNative: false
20:47:36.861 [FXGL Background Thread 3 ] DEBUG Engine               - isPauseMusicWhenMinimized: true
20:47:36.861 [FXGL Background Thread 3 ] DEBUG Engine               - isPreserveResizeRatio: false
20:47:36.861 [FXGL Background Thread 3 ] DEBUG Engine               - isProfilingEnabled: false
20:47:36.861 [FXGL Background Thread 3 ] DEBUG Engine               - isScaleAffectedOnResize: true
20:47:36.861 [FXGL Background Thread 3 ] DEBUG Engine               - isSingleStep: false
20:47:36.861 [FXGL Background Thread 3 ] DEBUG Engine               - isUserProfileEnabled: false
20:47:36.861 [FXGL Background Thread 3 ] DEBUG Engine               - isWindows: true
20:47:36.861 [FXGL Background Thread 3 ] DEBUG Engine               - language: ObjectProperty [value: ENGLISH]
20:47:36.861 [FXGL Background Thread 3 ] DEBUG Engine               - menuKey: ESCAPE
20:47:36.861 [FXGL Background Thread 3 ] DEBUG Engine               - mouseSensitivity: 0.2
20:47:36.861 [FXGL Background Thread 3 ] DEBUG Engine               - notificationViewClass: class com.almasb.fxgl.notification.view.XboxNotificationView
20:47:36.861 [FXGL Background Thread 3 ] DEBUG Engine               - pixelsPerMeter: 50.0
20:47:36.861 [FXGL Background Thread 3 ] DEBUG Engine               - platform: WINDOWS
20:47:36.861 [FXGL Background Thread 3 ] DEBUG Engine               - prefHeightProperty: ReadOnlyDoubleProperty [value: 720.0]
20:47:36.861 [FXGL Background Thread 3 ] DEBUG Engine               - prefWidthProperty: ReadOnlyDoubleProperty [value: 1280.0]
20:47:36.861 [FXGL Background Thread 3 ] DEBUG Engine               - profileDir: profiles/
20:47:36.861 [FXGL Background Thread 3 ] DEBUG Engine               - profileName: StringProperty [value: DEFAULT]
20:47:36.861 [FXGL Background Thread 3 ] DEBUG Engine               - randomSeed: -1
20:47:36.861 [FXGL Background Thread 3 ] DEBUG Engine               - runtimeInfo: RuntimeInfo(platform=WINDOWS, version=17.2, build=20.08.2022 16.50)
20:47:36.862 [FXGL Background Thread 3 ] DEBUG Engine               - saveFileExt: sav
20:47:36.862 [FXGL Background Thread 3 ] DEBUG Engine               - scaledHeightProp$fxgl: DoubleProperty [bound, value: 720.0]
20:47:36.862 [FXGL Background Thread 3 ] DEBUG Engine               - scaledWidthProp$fxgl: DoubleProperty [bound, value: 1280.0]
20:47:36.862 [FXGL Background Thread 3 ] DEBUG Engine               - sceneFactory: com.sunsofgod.PlatformerApp$1@592a36dd
20:47:36.862 [FXGL Background Thread 3 ] DEBUG Engine               - secondsIn24h: 60
20:47:36.862 [FXGL Background Thread 3 ] DEBUG Engine               - soundMenuBack: menu/back.wav
20:47:36.862 [FXGL Background Thread 3 ] DEBUG Engine               - soundMenuPress: menu/press.wav
20:47:36.862 [FXGL Background Thread 3 ] DEBUG Engine               - soundMenuSelect: menu/select.wav
20:47:36.862 [FXGL Background Thread 3 ] DEBUG Engine               - soundNotification: core/notification.wav
20:47:36.862 [FXGL Background Thread 3 ] DEBUG Engine               - stageStyle: DECORATED
20:47:36.862 [FXGL Background Thread 3 ] DEBUG Engine               - supportedLanguages: [ENGLISH, FRENCH, GERMAN, HUNGARIAN, RUSSIAN]
20:47:36.862 [FXGL Background Thread 3 ] DEBUG Engine               - ticksPerSecond: -1
20:47:36.862 [FXGL Background Thread 3 ] DEBUG Engine               - title: Untitled
20:47:36.862 [FXGL Background Thread 3 ] DEBUG Engine               - urlGithub: https://github.com/AlmasB/FXGL
20:47:36.862 [FXGL Background Thread 3 ] DEBUG Engine               - urlLeaderboard: http://fxgl-top.herokuapp.com/
20:47:36.862 [FXGL Background Thread 3 ] DEBUG Engine               - urlPOM: https://raw.githubusercontent.com/AlmasB/FXGL/release/README.md
20:47:36.862 [FXGL Background Thread 3 ] DEBUG Engine               - userAppClass: class com.sunsofgod.PlatformerApp
20:47:36.862 [FXGL Background Thread 3 ] DEBUG Engine               - version: 0.0
20:47:36.862 [FXGL Background Thread 3 ] DEBUG Engine               - versionCheckDays: 7
20:47:36.862 [FXGL Background Thread 3 ] DEBUG Engine               - width: 1280
20:47:36.862 [FXGL Background Thread 3 ] DEBUG Engine               - Logging services
20:47:36.862 [FXGL Background Thread 3 ] DEBUG Engine               - class com.almasb.fxgl.app.services.FXGLAssetLoaderService
20:47:36.862 [FXGL Background Thread 3 ] DEBUG Engine               - class com.almasb.fxgl.app.FXGLApplication$GameApplicationService
20:47:36.862 [FXGL Background Thread 3 ] DEBUG Engine               - class com.almasb.fxgl.app.services.FXGLDialogService
20:47:36.862 [FXGL Background Thread 3 ] DEBUG Engine               - class com.almasb.fxgl.app.services.IOTaskExecutorService
20:47:36.862 [FXGL Background Thread 3 ] DEBUG Engine               - class com.almasb.fxgl.io.FileSystemService
20:47:36.862 [FXGL Background Thread 3 ] DEBUG Engine               - class com.almasb.fxgl.localization.LocalizationService
20:47:36.862 [FXGL Background Thread 3 ] DEBUG Engine               - class com.almasb.fxgl.app.services.SystemBundleService
20:47:36.862 [FXGL Background Thread 3 ] DEBUG Engine               - class com.almasb.fxgl.profile.SaveLoadService
20:47:36.862 [FXGL Background Thread 3 ] DEBUG Engine               - class com.almasb.fxgl.ui.FXGLUIFactoryServiceProvider
20:47:36.862 [FXGL Background Thread 3 ] DEBUG Engine               - class com.almasb.fxgl.ui.FXGLDialogFactoryServiceProvider
20:47:36.862 [FXGL Background Thread 3 ] DEBUG Engine               - class com.almasb.fxgl.audio.AudioPlayer
20:47:36.862 [FXGL Background Thread 3 ] DEBUG Engine               - class com.almasb.fxgl.notification.impl.NotificationServiceProvider
20:47:36.863 [FXGL Background Thread 3 ] DEBUG Engine               - class com.almasb.fxgl.achievement.AchievementService
20:47:36.863 [FXGL Background Thread 3 ] DEBUG Engine               - class com.almasb.fxgl.cutscene.CutsceneService
20:47:36.863 [FXGL Background Thread 3 ] DEBUG Engine               - class com.almasb.fxgl.minigames.MiniGameService
20:47:36.863 [FXGL Background Thread 3 ] DEBUG Engine               - class com.almasb.fxgl.net.NetService
20:47:36.863 [FXGL Background Thread 3 ] DEBUG Engine               - class com.almasb.fxgl.app.services.UpdaterService
20:47:36.863 [FXGL Background Thread 3 ] DEBUG Engine               - class com.almasb.fxgl.dev.DevService
20:47:36.969 [JavaFX Application Thread] DEBUG PrimaryStageWindow   - Push state: LevelSelectScene
20:47:36.969 [JavaFX Application Thread] DEBUG Input                - Clearing active input actions
20:47:36.969 [JavaFX Application Thread] DEBUG GameApplicationServi - Removing overlay from RiderMainMenuScene and adding to LevelSelectScene
20:47:36.970 [JavaFX Application Thread] DEBUG PrimaryStageWindow   - RiderMainMenuScene -> LevelSelectScene
20:47:45.697 [JavaFX Application Thread] DEBUG FXGLApplication      - Exiting FXGL
20:47:45.697 [JavaFX Application Thread] DEBUG LoopRunner           - Stopping loop
20:47:45.698 [JavaFX Application Thread] DEBUG SystemBundleService  - Saving FXGL system data
20:47:45.699 [JavaFX Application Thread] DEBUG FileSystemAccess     - Writing to: C:\Users\user\Desktop\JavaFXGame\system\fxgl.bundle
20:47:45.701 [JavaFX Application Thread] DEBUG Async                - Shutting down background threads
20:47:45.701 [JavaFX Application Thread] DEBUG PrimaryStageWindow   - Closing main window
20:47:45.711 [JavaFX Application Thread] DEBUG Logger               - Closing Logger
