18:46:18.095 [main                     ] DEBUG Logger               - Configured Logger
18:46:18.114 [main                     ] DEBUG GameApplication      - Logging settings
Title: Untitled
Version: 0.0
Width: 1280
Height: 720
Fullscreen: false
Intro: false
Profiling: false
Single step:false
App Mode: DEVELOPER
Menu Key: ESCAPE
Stage Style: DECORATED
Scene Factory: class com.almasb.fxgl.app.scene.SceneFactory

18:46:23.380 [JavaFX Application Thread] DEBUG FXGLApplication      - Initializing FXGL
18:46:23.383 [JavaFX Application Thread] INFO  Engine               - FXGL-17.2 (20.08.2022 16.50) on MAC (J:17.0.2 FX:18)
18:46:23.383 [JavaFX Application Thread] DEBUG Engine               - JRE Vendor Name: Oracle Corporation
18:46:23.383 [JavaFX Application Thread] DEBUG Engine               - Running on OS: Mac OS X version 14.6.1
18:46:23.383 [JavaFX Application Thread] DEBUG Engine               - Architecture: aarch64
18:46:23.383 [JavaFX Application Thread] INFO  Engine               - Source code and latest versions at: https://github.com/AlmasB/FXGL
18:46:23.383 [JavaFX Application Thread] INFO  Engine               -       Ask questions and discuss at: https://github.com/AlmasB/FXGL/discussions
18:46:23.383 [JavaFX Application Thread] INFO  Engine               -              Join the FXGL chat at: https://gitter.im/AlmasB/FXGL
18:46:23.432 [JavaFX Application Thread] DEBUG PrimaryStageWindow   - Creating a JavaFX scene
18:46:23.450 [JavaFX Application Thread] DEBUG PrimaryStageWindow   - Target settings size: 1280.0 x 720.0
18:46:23.451 [JavaFX Application Thread] DEBUG PrimaryStageWindow   - Scaled scene size:    1280.0 x 720.0
18:46:23.451 [JavaFX Application Thread] DEBUG PrimaryStageWindow   - Scaled ratio: (1.0, 1.0)
18:46:23.451 [JavaFX Application Thread] DEBUG PrimaryStageWindow   - Set initial scene to FXGLStartupScene
18:46:23.454 [JavaFX Application Thread] DEBUG PrimaryStageWindow   - Opening main window
18:46:23.501 [JavaFX Application Thread] DEBUG PrimaryStageWindow   - Window border size: (0.0, 28.0)
18:46:23.501 [JavaFX Application Thread] DEBUG PrimaryStageWindow   - Scaled size: 1280.0 x 720.0
18:46:23.502 [JavaFX Application Thread] DEBUG PrimaryStageWindow   - Scaled ratio: (1.0, 1.0)
18:46:23.502 [JavaFX Application Thread] DEBUG PrimaryStageWindow   - Scene size: 1280.0 x 720.0
18:46:23.502 [JavaFX Application Thread] DEBUG PrimaryStageWindow   - Stage size: 1280.0 x 748.0
18:46:23.505 [FXGL Background Thread 1 ] DEBUG Engine               - Initializing environment variables
18:46:23.528 [FXGL Background Thread 1 ] DEBUG FXGLAssetLoaderServi - User app class for loading assets: class com.sunsofgod.PlatformerApp
18:46:23.529 [FXGL Background Thread 1 ] DEBUG GameApplicationServi - Applying CSS: fxgl_dark.css
18:46:23.529 [FXGL Background Thread 1 ] DEBUG FXGLAssetLoaderServi - Loading from file system: jar:file:///Users/aaron/.m2/repository/com/github/almasb/fxgl/17.2/fxgl-17.2.jar!/fxglassets/ui/css/fxgl_dark.css
18:46:23.570 [FXGL Background Thread 1 ] DEBUG GameApplicationServi - Initializing application scenes
18:46:23.651 [FXGL Background Thread 1 ] DEBUG GameWorld            - Game world initialized
18:46:23.678 [FXGL Background Thread 1 ] DEBUG PhysicsWorld         - Physics world initialized: appHeight=720, physics.ppm=50.0
18:46:23.678 [FXGL Background Thread 1 ] DEBUG PhysicsWorld         - Using strategy: BRUTE_FORCE
18:46:23.682 [FXGL Background Thread 1 ] DEBUG GameScene            - Game scene initialized: 1280x720
18:46:23.688 [FXGL Background Thread 1 ] DEBUG FXGL.DefaultMenu     - createMenuBodyMainMenu()
18:46:23.699 [FXGL Background Thread 1 ] DEBUG FXGL.DefaultMenu     - createOptionsMenu()
18:46:23.706 [FXGL Background Thread 1 ] DEBUG FXGLAssetLoaderServi - Loading from file system: jar:file:///Users/aaron/.m2/repository/com/github/almasb/fxgl/17.2/fxgl-17.2.jar!/fxglassets/textures/particles/smoke.png
18:46:23.771 [FXGL Background Thread 1 ] DEBUG FXGLAssetLoaderServi - Loading from file system: jar:file:///Users/aaron/.m2/repository/com/github/almasb/fxgl/17.2/fxgl-17.2.jar!/fxglassets/textures/particles/trace_horizontal.png
18:46:23.787 [FXGL Background Thread 1 ] DEBUG FXGL.DefaultMenu     - createMenuBodyGameMenu()
18:46:23.788 [FXGL Background Thread 1 ] DEBUG FXGL.DefaultMenu     - createOptionsMenu()
18:46:23.804 [FXGL Background Thread 1 ] DEBUG GameApplicationServi - Application scenes initialized
18:46:23.812 [FXGL Background Thread 1 ] DEBUG SystemBundleService  - Loading FXGL system data
18:46:23.817 [FXGL Background Thread 1 ] DEBUG FileSystemAccess     - Reading from: /Users/aaron/Downloads/SunsOfGodApp/system/fxgl.bundle
18:46:23.821 [FXGL Background Thread 1 ] DEBUG SystemBundleService  - Bundle FXGL: {}
18:46:23.821 [FXGL Background Thread 1 ] DEBUG UpdaterService       - Checking for updates
18:46:23.823 [FXGL Background Thread 4 ] DEBUG FXGLApplication      - Loading fonts
18:46:23.823 [FXGL Background Thread 1 ] DEBUG FXGLApplication      - Loading default localization
18:46:23.823 [FXGL Background Thread 4 ] DEBUG FXGLAssetLoaderServi - Loading from file system: jar:file:///Users/aaron/.m2/repository/com/github/almasb/fxgl/17.2/fxgl-17.2.jar!/fxglassets/ui/fonts/VarelaRound-Regular.ttf
18:46:23.824 [FXGL Background Thread 1 ] DEBUG FXGLAssetLoaderServi - Loading from file system: jar:file:///Users/aaron/.m2/repository/com/github/almasb/fxgl/17.2/fxgl-17.2.jar!/fxglassets/languages/english.lang
18:46:23.833 [FXGL Background Thread 4 ] DEBUG FXGLAssetLoaderServi - Loading from file system: jar:file:///Users/aaron/.m2/repository/com/github/almasb/fxgl/17.2/fxgl-17.2.jar!/fxglassets/ui/fonts/Abel-Regular.ttf
18:46:23.836 [FXGL Background Thread 1 ] INFO  FXGLApplication      - FXGL initialization took: 0.331 sec
18:46:23.836 [FXGL Background Thread 4 ] DEBUG FXGLAssetLoaderServi - Loading from file system: jar:file:///Users/aaron/.m2/repository/com/github/almasb/fxgl/17.2/fxgl-17.2.jar!/fxglassets/ui/fonts/TerminalLandMono-Regular.otf
18:46:23.840 [FXGL Background Thread 4 ] DEBUG FXGLAssetLoaderServi - Loading from file system: jar:file:///Users/aaron/.m2/repository/com/github/almasb/fxgl/17.2/fxgl-17.2.jar!/fxglassets/ui/fonts/Courier-Prime.ttf
18:46:23.842 [JavaFX Application Thread] DEBUG Input                - Registered new binding: Left - A
18:46:23.842 [JavaFX Application Thread] DEBUG Input                - Registered new binding: Right - D
18:46:23.843 [JavaFX Application Thread] DEBUG Input                - Registered new binding: Jump - W
18:46:23.843 [JavaFX Application Thread] DEBUG Input                - Registered new binding: Use - E
18:46:23.843 [JavaFX Application Thread] DEBUG FXGLAssetLoaderServi - Loading from file system: jar:file:///Users/aaron/.m2/repository/com/github/almasb/fxgl/17.2/fxgl-17.2.jar!/fxglassets/textures/fxgl_icon.png
18:46:23.862 [JavaFX Application Thread] DEBUG FXGLAssetLoaderServi - Loading from file system: jar:file:///Users/aaron/.m2/repository/com/github/almasb/fxgl/17.2/fxgl-17.2.jar!/fxglassets/textures/fxgl_default_cursor.png
18:46:23.863 [JavaFX Application Thread] DEBUG Input                - Registered new binding: Screenshot - CTRL+8
18:46:23.863 [JavaFX Application Thread] DEBUG Input                - Registered new binding: System info dump - CTRL+9
18:46:23.863 [JavaFX Application Thread] DEBUG Input                - Registered new binding: Restart - CTRL+R
18:46:23.863 [JavaFX Application Thread] DEBUG Input                - Registered new binding: Toggle Debug Camera - CTRL+7
18:46:23.864 [JavaFX Application Thread] DEBUG LoopRunner           - Starting loop
18:46:23.864 [JavaFX Application Thread] DEBUG LoopRunner           - Initializing JavaFX AnimationTimerLoop
18:46:23.866 [JavaFX Application Thread] DEBUG Input                - Clearing active input actions
18:46:23.869 [JavaFX Application Thread] DEBUG GameApplicationServi - Removing overlay from FXGLStartupScene and adding to FXGLMainMenuDummyScene
18:46:23.870 [JavaFX Application Thread] DEBUG PrimaryStageWindow   - FXGLStartupScene -> FXGLMainMenuDummyScene
18:46:23.870 [JavaFX Application Thread] DEBUG PrimaryStageWindow   - Push state: FXGLDefaultMenu
18:46:23.871 [JavaFX Application Thread] DEBUG Input                - Clearing active input actions
18:46:23.875 [JavaFX Application Thread] DEBUG GameApplicationServi - Removing overlay from FXGLMainMenuDummyScene and adding to FXGLDefaultMenu
18:46:23.876 [JavaFX Application Thread] DEBUG PrimaryStageWindow   - FXGLMainMenuDummyScene -> FXGLDefaultMenu
18:46:23.900 [JavaFX Application Thread] DEBUG FXGLApplication      - Registering font factories with UI factory
18:46:24.917 [FXGL Background Thread 2 ] INFO  UpdaterService       - Your current version:  17.2
18:46:24.917 [FXGL Background Thread 2 ] INFO  UpdaterService       - Latest stable version: 21.1
18:46:26.827 [FXGL Background Thread 3 ] DEBUG Engine               - Logging environment variables
18:46:26.828 [FXGL Background Thread 3 ] DEBUG Engine               - achievements: []
18:46:26.828 [FXGL Background Thread 3 ] DEBUG Engine               - actualHeight: 720.0
18:46:26.829 [FXGL Background Thread 3 ] DEBUG Engine               - actualHeightProperty: ReadOnlyDoubleProperty [value: 720.0]
18:46:26.829 [FXGL Background Thread 3 ] DEBUG Engine               - actualWidth: 1280.0
18:46:26.829 [FXGL Background Thread 3 ] DEBUG Engine               - actualWidthProperty: ReadOnlyDoubleProperty [value: 1280.0]
18:46:26.829 [FXGL Background Thread 3 ] DEBUG Engine               - appIcon: fxgl_icon.png
18:46:26.829 [FXGL Background Thread 3 ] DEBUG Engine               - applicationMode: DEVELOPER
18:46:26.829 [FXGL Background Thread 3 ] DEBUG Engine               - cSSList: [fxgl_dark.css]
18:46:26.829 [FXGL Background Thread 3 ] DEBUG Engine               - collisionDetectionStrategy: BRUTE_FORCE
18:46:26.829 [FXGL Background Thread 3 ] DEBUG Engine               - configClass: Optional.empty
18:46:26.829 [FXGL Background Thread 3 ] DEBUG Engine               - credits: []
18:46:26.829 [FXGL Background Thread 3 ] DEBUG Engine               - defaultCursor: CursorInfo(imageName=fxgl_default_cursor.png, hotspotX=7.0, hotspotY=6.0)
18:46:26.830 [FXGL Background Thread 3 ] DEBUG Engine               - devBBoxColorProperty: ObjectProperty [value: 0xff0000ff]
18:46:26.830 [FXGL Background Thread 3 ] DEBUG Engine               - devEnableDebugCameraProperty: BooleanProperty [value: false]
18:46:26.830 [FXGL Background Thread 3 ] DEBUG Engine               - devSensorColorProperty: ObjectProperty [value: 0xffff00ff]
18:46:26.830 [FXGL Background Thread 3 ] DEBUG Engine               - devShowBBoxProperty: BooleanProperty [value: false]
18:46:26.830 [FXGL Background Thread 3 ] DEBUG Engine               - devShowPositionProperty: BooleanProperty [value: false]
18:46:26.830 [FXGL Background Thread 3 ] DEBUG Engine               - enabledMenuItems: []
18:46:26.830 [FXGL Background Thread 3 ] DEBUG Engine               - engineServices: [class com.almasb.fxgl.app.services.FXGLAssetLoaderService, class com.almasb.fxgl.app.FXGLApplication$GameApplicationService, class com.almasb.fxgl.app.services.FXGLDialogService, class com.almasb.fxgl.app.services.IOTaskExecutorService, class com.almasb.fxgl.io.FileSystemService, class com.almasb.fxgl.localization.LocalizationService, class com.almasb.fxgl.app.services.SystemBundleService, class com.almasb.fxgl.profile.SaveLoadService, class com.almasb.fxgl.ui.FXGLUIFactoryServiceProvider, class com.almasb.fxgl.ui.FXGLDialogFactoryServiceProvider, class com.almasb.fxgl.audio.AudioPlayer, class com.almasb.fxgl.notification.impl.NotificationServiceProvider, class com.almasb.fxgl.achievement.AchievementService, class com.almasb.fxgl.cutscene.CutsceneService, class com.almasb.fxgl.minigames.MiniGameService, class com.almasb.fxgl.net.NetService, class com.almasb.fxgl.app.services.UpdaterService, class com.almasb.fxgl.dev.DevService]
18:46:26.830 [FXGL Background Thread 3 ] DEBUG Engine               - fontGame: Abel-Regular.ttf
18:46:26.830 [FXGL Background Thread 3 ] DEBUG Engine               - fontMono: TerminalLandMono-Regular.otf
18:46:26.830 [FXGL Background Thread 3 ] DEBUG Engine               - fontText: Courier-Prime.ttf
18:46:26.830 [FXGL Background Thread 3 ] DEBUG Engine               - fontUI: VarelaRound-Regular.ttf
18:46:26.831 [FXGL Background Thread 3 ] DEBUG Engine               - fullScreen: BooleanProperty [value: false]
18:46:26.831 [FXGL Background Thread 3 ] DEBUG Engine               - gameDifficulty: MEDIUM
18:46:26.831 [FXGL Background Thread 3 ] DEBUG Engine               - gameDifficultyProperty: ObjectProperty [value: MEDIUM]
18:46:26.831 [FXGL Background Thread 3 ] DEBUG Engine               - globalMusicVolume: 0.5
18:46:26.831 [FXGL Background Thread 3 ] DEBUG Engine               - globalMusicVolumeProperty: DoubleProperty [value: 0.25]
18:46:26.831 [FXGL Background Thread 3 ] DEBUG Engine               - globalSoundVolume: 0.5
18:46:26.831 [FXGL Background Thread 3 ] DEBUG Engine               - globalSoundVolumeProperty: DoubleProperty [value: 0.5]
18:46:26.831 [FXGL Background Thread 3 ] DEBUG Engine               - height: 720
18:46:26.831 [FXGL Background Thread 3 ] DEBUG Engine               - is3D: false
18:46:26.831 [FXGL Background Thread 3 ] DEBUG Engine               - isAndroid: false
18:46:26.831 [FXGL Background Thread 3 ] DEBUG Engine               - isBrowser: false
18:46:26.831 [FXGL Background Thread 3 ] DEBUG Engine               - isClickFeedbackEnabled: false
18:46:26.831 [FXGL Background Thread 3 ] DEBUG Engine               - isCloseConfirmation: false
18:46:26.831 [FXGL Background Thread 3 ] DEBUG Engine               - isDesktop: true
18:46:26.831 [FXGL Background Thread 3 ] DEBUG Engine               - isDeveloperMenuEnabled: false
18:46:26.832 [FXGL Background Thread 3 ] DEBUG Engine               - isEmbedded: false
18:46:26.832 [FXGL Background Thread 3 ] DEBUG Engine               - isEntityPreloadEnabled: true
18:46:26.832 [FXGL Background Thread 3 ] DEBUG Engine               - isExperimentalTiledLargeMap: false
18:46:26.832 [FXGL Background Thread 3 ] DEBUG Engine               - isFileSystemWriteAllowed: true
18:46:26.832 [FXGL Background Thread 3 ] DEBUG Engine               - isFullScreenAllowed: false
18:46:26.832 [FXGL Background Thread 3 ] DEBUG Engine               - isFullScreenFromStart: false
18:46:26.832 [FXGL Background Thread 3 ] DEBUG Engine               - isGameMenuEnabled: true
18:46:26.832 [FXGL Background Thread 3 ] DEBUG Engine               - isIOS: false
18:46:26.832 [FXGL Background Thread 3 ] DEBUG Engine               - isIntroEnabled: false
18:46:26.832 [FXGL Background Thread 3 ] DEBUG Engine               - isLinux: false
18:46:26.832 [FXGL Background Thread 3 ] DEBUG Engine               - isMac: true
18:46:26.832 [FXGL Background Thread 3 ] DEBUG Engine               - isMainMenuEnabled: true
18:46:26.832 [FXGL Background Thread 3 ] DEBUG Engine               - isManualResizeEnabled: false
18:46:26.832 [FXGL Background Thread 3 ] DEBUG Engine               - isMobile: false
18:46:26.832 [FXGL Background Thread 3 ] DEBUG Engine               - isNative: false
18:46:26.832 [FXGL Background Thread 3 ] DEBUG Engine               - isPauseMusicWhenMinimized: true
18:46:26.832 [FXGL Background Thread 3 ] DEBUG Engine               - isPreserveResizeRatio: false
18:46:26.832 [FXGL Background Thread 3 ] DEBUG Engine               - isProfilingEnabled: false
18:46:26.832 [FXGL Background Thread 3 ] DEBUG Engine               - isScaleAffectedOnResize: true
18:46:26.832 [FXGL Background Thread 3 ] DEBUG Engine               - isSingleStep: false
18:46:26.832 [FXGL Background Thread 3 ] DEBUG Engine               - isUserProfileEnabled: false
18:46:26.832 [FXGL Background Thread 3 ] DEBUG Engine               - isWindows: false
18:46:26.833 [FXGL Background Thread 3 ] DEBUG Engine               - language: ObjectProperty [value: ENGLISH]
18:46:26.833 [FXGL Background Thread 3 ] DEBUG Engine               - menuKey: ESCAPE
18:46:26.833 [FXGL Background Thread 3 ] DEBUG Engine               - mouseSensitivity: 0.2
18:46:26.833 [FXGL Background Thread 3 ] DEBUG Engine               - notificationViewClass: class com.almasb.fxgl.notification.view.XboxNotificationView
18:46:26.833 [FXGL Background Thread 3 ] DEBUG Engine               - pixelsPerMeter: 50.0
18:46:26.833 [FXGL Background Thread 3 ] DEBUG Engine               - platform: MAC
18:46:26.833 [FXGL Background Thread 3 ] DEBUG Engine               - prefHeightProperty: ReadOnlyDoubleProperty [value: 720.0]
18:46:26.833 [FXGL Background Thread 3 ] DEBUG Engine               - prefWidthProperty: ReadOnlyDoubleProperty [value: 1280.0]
18:46:26.833 [FXGL Background Thread 3 ] DEBUG Engine               - profileDir: profiles/
18:46:26.833 [FXGL Background Thread 3 ] DEBUG Engine               - profileName: StringProperty [value: DEFAULT]
18:46:26.833 [FXGL Background Thread 3 ] DEBUG Engine               - randomSeed: -1
18:46:26.833 [FXGL Background Thread 3 ] DEBUG Engine               - runtimeInfo: RuntimeInfo(platform=MAC, version=17.2, build=20.08.2022 16.50)
18:46:26.833 [FXGL Background Thread 3 ] DEBUG Engine               - saveFileExt: sav
18:46:26.833 [FXGL Background Thread 3 ] DEBUG Engine               - scaledHeightProp$fxgl: DoubleProperty [bound, value: 720.0]
18:46:26.834 [FXGL Background Thread 3 ] DEBUG Engine               - scaledWidthProp$fxgl: DoubleProperty [bound, value: 1280.0]
18:46:26.834 [FXGL Background Thread 3 ] DEBUG Engine               - sceneFactory: com.almasb.fxgl.app.scene.SceneFactory@109109de
18:46:26.834 [FXGL Background Thread 3 ] DEBUG Engine               - secondsIn24h: 60
18:46:26.834 [FXGL Background Thread 3 ] DEBUG Engine               - soundMenuBack: menu/back.wav
18:46:26.834 [FXGL Background Thread 3 ] DEBUG Engine               - soundMenuPress: menu/press.wav
18:46:26.834 [FXGL Background Thread 3 ] DEBUG Engine               - soundMenuSelect: menu/select.wav
18:46:26.834 [FXGL Background Thread 3 ] DEBUG Engine               - soundNotification: core/notification.wav
18:46:26.834 [FXGL Background Thread 3 ] DEBUG Engine               - stageStyle: DECORATED
18:46:26.834 [FXGL Background Thread 3 ] DEBUG Engine               - supportedLanguages: [ENGLISH, FRENCH, GERMAN, HUNGARIAN, RUSSIAN]
18:46:26.834 [FXGL Background Thread 3 ] DEBUG Engine               - ticksPerSecond: -1
18:46:26.834 [FXGL Background Thread 3 ] DEBUG Engine               - title: Untitled
18:46:26.834 [FXGL Background Thread 3 ] DEBUG Engine               - urlGithub: https://github.com/AlmasB/FXGL
18:46:26.834 [FXGL Background Thread 3 ] DEBUG Engine               - urlLeaderboard: http://fxgl-top.herokuapp.com/
18:46:26.834 [FXGL Background Thread 3 ] DEBUG Engine               - urlPOM: https://raw.githubusercontent.com/AlmasB/FXGL/release/README.md
18:46:26.834 [FXGL Background Thread 3 ] DEBUG Engine               - userAppClass: class com.sunsofgod.PlatformerApp
18:46:26.834 [FXGL Background Thread 3 ] DEBUG Engine               - version: 0.0
18:46:26.834 [FXGL Background Thread 3 ] DEBUG Engine               - versionCheckDays: 7
18:46:26.834 [FXGL Background Thread 3 ] DEBUG Engine               - width: 1280
18:46:26.834 [FXGL Background Thread 3 ] DEBUG Engine               - Logging services
18:46:26.834 [FXGL Background Thread 3 ] DEBUG Engine               - class com.almasb.fxgl.app.services.FXGLAssetLoaderService
18:46:26.835 [FXGL Background Thread 3 ] DEBUG Engine               - class com.almasb.fxgl.app.FXGLApplication$GameApplicationService
18:46:26.835 [FXGL Background Thread 3 ] DEBUG Engine               - class com.almasb.fxgl.app.services.FXGLDialogService
18:46:26.835 [FXGL Background Thread 3 ] DEBUG Engine               - class com.almasb.fxgl.app.services.IOTaskExecutorService
18:46:26.835 [FXGL Background Thread 3 ] DEBUG Engine               - class com.almasb.fxgl.io.FileSystemService
18:46:26.835 [FXGL Background Thread 3 ] DEBUG Engine               - class com.almasb.fxgl.localization.LocalizationService
18:46:26.835 [FXGL Background Thread 3 ] DEBUG Engine               - class com.almasb.fxgl.app.services.SystemBundleService
18:46:26.835 [FXGL Background Thread 3 ] DEBUG Engine               - class com.almasb.fxgl.profile.SaveLoadService
18:46:26.835 [FXGL Background Thread 3 ] DEBUG Engine               - class com.almasb.fxgl.ui.FXGLUIFactoryServiceProvider
18:46:26.835 [FXGL Background Thread 3 ] DEBUG Engine               - class com.almasb.fxgl.ui.FXGLDialogFactoryServiceProvider
18:46:26.835 [FXGL Background Thread 3 ] DEBUG Engine               - class com.almasb.fxgl.audio.AudioPlayer
18:46:26.835 [FXGL Background Thread 3 ] DEBUG Engine               - class com.almasb.fxgl.notification.impl.NotificationServiceProvider
18:46:26.835 [FXGL Background Thread 3 ] DEBUG Engine               - class com.almasb.fxgl.achievement.AchievementService
18:46:26.835 [FXGL Background Thread 3 ] DEBUG Engine               - class com.almasb.fxgl.cutscene.CutsceneService
18:46:26.835 [FXGL Background Thread 3 ] DEBUG Engine               - class com.almasb.fxgl.minigames.MiniGameService
18:46:26.835 [FXGL Background Thread 3 ] DEBUG Engine               - class com.almasb.fxgl.net.NetService
18:46:26.835 [FXGL Background Thread 3 ] DEBUG Engine               - class com.almasb.fxgl.app.services.UpdaterService
18:46:26.835 [FXGL Background Thread 3 ] DEBUG Engine               - class com.almasb.fxgl.dev.DevService
18:46:28.374 [JavaFX Application Thread] DEBUG Menu                 - fireNewGame()
18:46:28.375 [JavaFX Application Thread] DEBUG GameApplicationServi - Starting new game
18:46:28.376 [JavaFX Application Thread] DEBUG PrimaryStageWindow   - Pop state: FXGLDefaultMenu
18:46:28.376 [JavaFX Application Thread] DEBUG Input                - Clearing active input actions
18:46:28.377 [JavaFX Application Thread] DEBUG GameApplicationServi - Removing overlay from FXGLDefaultMenu and adding to FXGLMainMenuDummyScene
18:46:28.377 [JavaFX Application Thread] DEBUG PrimaryStageWindow   - FXGLMainMenuDummyScene <- FXGLDefaultMenu
18:46:28.377 [JavaFX Application Thread] DEBUG Input                - Clearing active input actions
18:46:28.383 [JavaFX Application Thread] DEBUG GameApplicationServi - Removing overlay from FXGLMainMenuDummyScene and adding to FXGLLoadingScene
18:46:28.383 [JavaFX Application Thread] DEBUG PrimaryStageWindow   - FXGLMainMenuDummyScene -> FXGLLoadingScene
18:46:28.383 [JavaFX Application Thread] DEBUG GameApplicationServi - Clearing previous game
18:46:28.383 [JavaFX Application Thread] DEBUG GameScene            - Clearing game scene
18:46:28.383 [JavaFX Application Thread] DEBUG GameWorld            - Clearing game world
18:46:28.383 [JavaFX Application Thread] DEBUG PhysicsWorld         - Clearing physics world
18:46:28.384 [FXGL Background Thread 2 ] DEBUG FXGLApplication      - Initializing game
18:46:28.417 [FXGL Background Thread 2 ] WARN  TMXLevelLoader       - TiledMap generated from 1.11.0. Supported version: 1.9.0. Some features may not be parsed fully.
18:46:28.423 [FXGL Background Thread 2 ] DEBUG TMXLevelLoader       - Parsed TiledMap: file:/Users/aaron/Downloads/SunsOfGodApp/target/classes/assets/levels/tmx/level1.tmx
18:46:28.423 [FXGL Background Thread 2 ] DEBUG TMXLevelLoader       - Creating tile layer entities
18:46:28.424 [FXGL Background Thread 2 ] DEBUG TilesetLoader        - Loading view for layer Tile Layer 1
18:46:28.425 [FXGL Background Thread 2 ] DEBUG TilesetLoader        - Created buffer with size 1050.0x700.0
18:46:28.453 [FXGL Background Thread 2 ] DEBUG TMXLevelLoader       - Creating object layer entities
18:46:28.478 [FXGL Background Thread 2 ] DEBUG GameWorld            - Clearing removable entities
18:46:28.478 [FXGL Background Thread 2 ] DEBUG GameWorld            - Setting level: com.almasb.fxgl.entity.level.Level@e63191
18:46:28.487 [FXGL Background Thread 2 ] DEBUG FXGLAssetLoaderServi - Loading from file system: file:/Users/aaron/Downloads/SunsOfGodApp/target/classes/assets/textures/player.png
18:46:28.495 [FXGL Background Thread 2 ] DEBUG FXGLAssetLoaderServi - Loading from file system: file:/Users/aaron/Downloads/SunsOfGodApp/target/classes/assets/textures/background/ph.png
18:46:28.527 [FXGL Background Thread 2 ] INFO  FXGLApplication      - Game initialization took: 0.143 sec
18:46:28.528 [JavaFX Application Thread] DEBUG Input                - Clearing active input actions
18:46:28.531 [JavaFX Application Thread] DEBUG GameApplicationServi - Removing overlay from FXGLLoadingScene and adding to GameScene
18:46:28.532 [JavaFX Application Thread] DEBUG PrimaryStageWindow   - FXGLLoadingScene -> GameScene
18:46:33.232 [JavaFX Application Thread] DEBUG FXGLAssetLoaderServi - Loading from file system: file:/Users/aaron/Downloads/SunsOfGodApp/target/classes/assets/textures/exit_sign.png
18:46:37.050 [JavaFX Application Thread] WARN  TMXLevelLoader       - TiledMap generated from 1.2.3. Supported version: 1.9.0. Some features may not be parsed fully.
18:46:37.053 [JavaFX Application Thread] DEBUG TMXLevelLoader       - Parsed TiledMap: file:/Users/aaron/Downloads/SunsOfGodApp/target/classes/assets/levels/tmx/level2.tmx
18:46:37.053 [JavaFX Application Thread] DEBUG TMXLevelLoader       - Creating tile layer entities
18:46:37.053 [JavaFX Application Thread] DEBUG TilesetLoader        - Loading view for layer Tile Layer 1
18:46:37.058 [JavaFX Application Thread] DEBUG TilesetLoader        - Created buffer with size 1050.0x700.0
18:46:37.064 [JavaFX Application Thread] DEBUG TMXLevelLoader       - Creating object layer entities
18:46:37.065 [JavaFX Application Thread] DEBUG GameWorld            - Clearing removable entities
18:46:37.066 [JavaFX Application Thread] DEBUG GameWorld            - Setting level: com.almasb.fxgl.entity.level.Level@d971e9d
18:46:57.827 [JavaFX Application Thread] DEBUG FXGLApplication      - Exiting FXGL
18:46:57.827 [JavaFX Application Thread] DEBUG LoopRunner           - Stopping loop
18:46:57.827 [JavaFX Application Thread] DEBUG SystemBundleService  - Saving FXGL system data
18:46:57.832 [JavaFX Application Thread] DEBUG FileSystemAccess     - Writing to: /Users/aaron/Downloads/SunsOfGodApp/system/fxgl.bundle
18:46:57.833 [JavaFX Application Thread] DEBUG Async                - Shutting down background threads
18:46:57.833 [JavaFX Application Thread] DEBUG PrimaryStageWindow   - Closing main window
18:46:57.842 [JavaFX Application Thread] DEBUG Logger               - Closing Logger
