03:16:10.749 [main                     ] DEBUG Logger               - Configured Logger
03:16:10.764 [main                     ] DEBUG GameApplication      - Logging settings
Title: Untitled
Version: 0.0
Width: 1280
Height: 720
Fullscreen: false
Intro: false
Profiling: false
Single step:false
App Mode: DEVELOPER
Menu Key: ESCAPE
Stage Style: DECORATED
Scene Factory: class com.sunsofgod.PlatformerApp$1

03:16:11.023 [JavaFX Application Thread] DEBUG FXGLApplication      - Initializing FXGL
03:16:11.026 [JavaFX Application Thread] INFO  Engine               - FXGL-17.2 (20.08.2022 16.50) on WINDOWS (J:21.0.4 FX:17.0.12)
03:16:11.027 [JavaFX Application Thread] DEBUG Engine               - JRE Vendor Name: Eclipse Adoptium
03:16:11.027 [JavaFX Application Thread] DEBUG Engine               - Running on OS: Windows 11 version 10.0
03:16:11.027 [JavaFX Application Thread] DEBUG Engine               - Architecture: amd64
03:16:11.027 [JavaFX Application Thread] INFO  Engine               - Source code and latest versions at: https://github.com/AlmasB/FXGL
03:16:11.027 [JavaFX Application Thread] INFO  Engine               -       Ask questions and discuss at: https://github.com/AlmasB/FXGL/discussions
03:16:11.027 [JavaFX Application Thread] INFO  Engine               -              Join the FXGL chat at: https://gitter.im/AlmasB/FXGL
03:16:11.093 [JavaFX Application Thread] DEBUG PrimaryStageWindow   - Creating a JavaFX scene
03:16:11.123 [JavaFX Application Thread] DEBUG PrimaryStageWindow   - Target settings size: 1280.0 x 720.0
03:16:11.123 [JavaFX Application Thread] DEBUG PrimaryStageWindow   - Scaled scene size:    1280.0 x 720.0
03:16:11.123 [JavaFX Application Thread] DEBUG PrimaryStageWindow   - Scaled ratio: (1.0, 1.0)
03:16:11.124 [JavaFX Application Thread] DEBUG PrimaryStageWindow   - Set initial scene to FXGLStartupScene
03:16:11.128 [JavaFX Application Thread] DEBUG PrimaryStageWindow   - Opening main window
03:16:11.190 [JavaFX Application Thread] DEBUG PrimaryStageWindow   - Window border size: (16.0, 39.0)
03:16:11.191 [JavaFX Application Thread] DEBUG PrimaryStageWindow   - Scaled size: 1280.0 x 720.0
03:16:11.191 [JavaFX Application Thread] DEBUG PrimaryStageWindow   - Scaled ratio: (1.0, 1.0)
03:16:11.191 [JavaFX Application Thread] DEBUG PrimaryStageWindow   - Scene size: 1280.0 x 720.0
03:16:11.192 [JavaFX Application Thread] DEBUG PrimaryStageWindow   - Stage size: 1296.0 x 759.0
03:16:11.199 [FXGL Background Thread 1 ] DEBUG Engine               - Initializing environment variables
03:16:11.234 [FXGL Background Thread 1 ] DEBUG FXGLAssetLoaderServi - User app class for loading assets: class com.sunsofgod.PlatformerApp
03:16:11.234 [FXGL Background Thread 1 ] DEBUG GameApplicationServi - Applying CSS: fxgl_dark.css
03:16:11.235 [FXGL Background Thread 1 ] DEBUG FXGLAssetLoaderServi - Loading from file system: jar:file:///C:/Users/user/.m2/repository/com/github/almasb/fxgl/17.2/fxgl-17.2.jar!/fxglassets/ui/css/fxgl_dark.css
03:16:11.265 [FXGL Background Thread 1 ] DEBUG GameApplicationServi - Initializing application scenes
03:16:11.300 [FXGL Background Thread 1 ] WARN  FXGLAssetLoaderServi - Asset "/assets/textures/player.png" was not found!
03:16:11.300 [FXGL Background Thread 1 ] WARN  FXGLAssetLoaderServi - Failed to load IMAGE
03:16:11.318 [FXGL Background Thread 1 ] DEBUG GameWorld            - Game world initialized
03:16:11.353 [FXGL Background Thread 1 ] DEBUG PhysicsWorld         - Physics world initialized: appHeight=720, physics.ppm=50.0
03:16:11.353 [FXGL Background Thread 1 ] DEBUG PhysicsWorld         - Using strategy: BRUTE_FORCE
03:16:11.355 [FXGL Background Thread 1 ] DEBUG GameScene            - Game scene initialized: 1280x720
03:16:11.553 [FXGL Background Thread 1 ] DEBUG FXGL.DefaultMenu     - createMenuBodyGameMenu()
03:16:11.561 [FXGL Background Thread 1 ] DEBUG FXGL.DefaultMenu     - createOptionsMenu()
03:16:11.567 [FXGL Background Thread 1 ] DEBUG FXGLAssetLoaderServi - Loading from file system: jar:file:///C:/Users/user/.m2/repository/com/github/almasb/fxgl/17.2/fxgl-17.2.jar!/fxglassets/textures/particles/smoke.png
03:16:11.608 [FXGL Background Thread 1 ] DEBUG FXGLAssetLoaderServi - Loading from file system: jar:file:///C:/Users/user/.m2/repository/com/github/almasb/fxgl/17.2/fxgl-17.2.jar!/fxglassets/textures/particles/trace_horizontal.png
03:16:11.618 [FXGL Background Thread 1 ] DEBUG GameApplicationServi - Application scenes initialized
03:16:11.630 [FXGL Background Thread 1 ] DEBUG SystemBundleService  - Loading FXGL system data
03:16:11.634 [FXGL Background Thread 1 ] DEBUG FileSystemAccess     - Reading from: C:\Users\user\Desktop\JavaFXGame\system\fxgl.bundle
03:16:11.642 [FXGL Background Thread 1 ] DEBUG SystemBundleService  - Bundle FXGL: {}
03:16:11.643 [FXGL Background Thread 1 ] DEBUG UpdaterService       - Checking for updates
03:16:11.668 [FXGL Background Thread 4 ] DEBUG FXGLApplication      - Loading fonts
03:16:11.668 [FXGL Background Thread 1 ] DEBUG FXGLApplication      - Loading default localization
03:16:11.669 [FXGL Background Thread 4 ] DEBUG FXGLAssetLoaderServi - Loading from file system: jar:file:///C:/Users/user/.m2/repository/com/github/almasb/fxgl/17.2/fxgl-17.2.jar!/fxglassets/ui/fonts/VarelaRound-Regular.ttf
03:16:11.669 [FXGL Background Thread 1 ] DEBUG FXGLAssetLoaderServi - Loading from file system: jar:file:///C:/Users/user/.m2/repository/com/github/almasb/fxgl/17.2/fxgl-17.2.jar!/fxglassets/languages/english.lang
03:16:11.682 [FXGL Background Thread 1 ] INFO  FXGLApplication      - FXGL initialization took: 0.483 sec
03:16:11.683 [JavaFX Application Thread] DEBUG FXGLAssetLoaderServi - Loading from file system: jar:file:///C:/Users/user/.m2/repository/com/github/almasb/fxgl/17.2/fxgl-17.2.jar!/fxglassets/textures/fxgl_icon.png
03:16:11.692 [JavaFX Application Thread] DEBUG FXGLAssetLoaderServi - Loading from file system: jar:file:///C:/Users/user/.m2/repository/com/github/almasb/fxgl/17.2/fxgl-17.2.jar!/fxglassets/textures/fxgl_default_cursor.png
03:16:11.700 [FXGL Background Thread 4 ] DEBUG FXGLAssetLoaderServi - Loading from file system: jar:file:///C:/Users/user/.m2/repository/com/github/almasb/fxgl/17.2/fxgl-17.2.jar!/fxglassets/ui/fonts/Abel-Regular.ttf
03:16:11.701 [JavaFX Application Thread] DEBUG Input                - Registered new binding: Screenshot - CTRL+8
03:16:11.701 [JavaFX Application Thread] DEBUG Input                - Registered new binding: Dev Options - 1
03:16:11.702 [JavaFX Application Thread] DEBUG Input                - Registered new binding: Dev Console - 2
03:16:11.702 [JavaFX Application Thread] DEBUG Input                - Registered new binding: System info dump - CTRL+9
03:16:11.702 [JavaFX Application Thread] DEBUG Input                - Registered new binding: Restart - CTRL+R
03:16:11.703 [JavaFX Application Thread] DEBUG Input                - Registered new binding: Toggle Debug Camera - CTRL+7
03:16:11.705 [FXGL Background Thread 4 ] DEBUG FXGLAssetLoaderServi - Loading from file system: jar:file:///C:/Users/user/.m2/repository/com/github/almasb/fxgl/17.2/fxgl-17.2.jar!/fxglassets/ui/fonts/TerminalLandMono-Regular.otf
03:16:11.706 [JavaFX Application Thread] DEBUG LoopRunner           - Starting loop
03:16:11.706 [FXGL Background Thread 4 ] WARN  FXGLAssetLoaderServi - Failed to load jar:file:///C:/Users/user/.m2/repository/com/github/almasb/fxgl/17.2/fxgl-17.2.jar!/fxglassets/ui/fonts/TerminalLandMono-Regular.otf
java.util.ConcurrentModificationException
	at java.base/java.util.ArrayList$Itr.checkForComodification(ArrayList.java:1095)
	at java.base/java.util.ArrayList$Itr.next(ArrayList.java:1049)
	at com.almasb.fxgl.core@17.2/com.almasb.fxgl.logging.Logger$Companion.doLog(Logger.kt:281)
	at com.almasb.fxgl.core@17.2/com.almasb.fxgl.logging.Logger$Companion.access$doLog(Logger.kt:22)
	at com.almasb.fxgl.core@17.2/com.almasb.fxgl.logging.Logger.debug(Logger.kt:200)
	at com.almasb.fxgl.all@17.2/com.almasb.fxgl.app.services.FXGLAssetLoaderService.load(FXGLAssetLoaderService.kt:528)
	at com.almasb.fxgl.all@17.2/com.almasb.fxgl.app.services.FXGLAssetLoaderService.load(FXGLAssetLoaderService.kt:507)
	at com.almasb.fxgl.all@17.2/com.almasb.fxgl.app.services.FXGLAssetLoaderService.load(FXGLAssetLoaderService.kt:496)
	at com.almasb.fxgl.all@17.2/com.almasb.fxgl.app.services.FXGLAssetLoaderService.loadFont(FXGLAssetLoaderService.kt:394)
	at com.almasb.fxgl.all@17.2/com.almasb.fxgl.app.FXGLApplication.postServicesInit$lambda-6(FXGLApplication.kt:163)
	at com.almasb.fxgl.core@17.2/com.almasb.fxgl.core.concurrent.Async.startAsync$lambda-0(Concurrent.kt:40)
	at com.almasb.fxgl.core@17.2/com.almasb.fxgl.core.concurrent.Coroutine._init_$lambda-1(Concurrent.kt:83)
	at java.base/java.util.concurrent.Executors$RunnableAdapter.call(Executors.java:572)
	at java.base/java.util.concurrent.FutureTask.run(FutureTask.java:317)
	at java.base/java.util.concurrent.ThreadPoolExecutor.runWorker(ThreadPoolExecutor.java:1144)
	at java.base/java.util.concurrent.ThreadPoolExecutor$Worker.run(ThreadPoolExecutor.java:642)
	at java.base/java.lang.Thread.run(Thread.java:1583)

03:16:11.716 [JavaFX Application Thread] DEBUG LoopRunner           - Initializing JavaFX AnimationTimerLoop
03:16:11.716 [FXGL Background Thread 4 ] DEBUG FXGLAssetLoaderServi - Loading from file system: jar:file:///C:/Users/user/.m2/repository/com/github/almasb/fxgl/17.2/fxgl-17.2.jar!/fxglassets/ui/fonts/Courier-Prime.ttf
03:16:11.718 [JavaFX Application Thread] DEBUG Input                - Clearing active input actions
03:16:11.728 [JavaFX Application Thread] DEBUG GameApplicationServi - Removing overlay from FXGLStartupScene and adding to FXGLMainMenuDummyScene
03:16:11.730 [JavaFX Application Thread] DEBUG PrimaryStageWindow   - FXGLStartupScene -> FXGLMainMenuDummyScene
03:16:11.730 [JavaFX Application Thread] DEBUG PrimaryStageWindow   - Push state: RiderMainMenuScene
03:16:11.731 [JavaFX Application Thread] DEBUG Input                - Clearing active input actions
03:16:11.736 [JavaFX Application Thread] DEBUG GameApplicationServi - Removing overlay from FXGLMainMenuDummyScene and adding to RiderMainMenuScene
03:16:11.737 [JavaFX Application Thread] DEBUG PrimaryStageWindow   - FXGLMainMenuDummyScene -> RiderMainMenuScene
03:16:11.883 [JavaFX Application Thread] DEBUG FXGLApplication      - Registering font factories with UI factory
03:16:12.015 [FXGL Background Thread 2 ] INFO  UpdaterService       - Your current version:  17.2
03:16:12.016 [FXGL Background Thread 2 ] INFO  UpdaterService       - Latest stable version: 21.1
03:16:13.154 [JavaFX Application Thread] DEBUG PrimaryStageWindow   - Push state: PlayerSelectScene
03:16:13.154 [JavaFX Application Thread] DEBUG Input                - Clearing active input actions
03:16:13.154 [JavaFX Application Thread] DEBUG GameApplicationServi - Removing overlay from RiderMainMenuScene and adding to PlayerSelectScene
03:16:13.156 [JavaFX Application Thread] DEBUG PrimaryStageWindow   - RiderMainMenuScene -> PlayerSelectScene
03:16:14.667 [FXGL Background Thread 3 ] DEBUG Engine               - Logging environment variables
03:16:14.667 [FXGL Background Thread 3 ] DEBUG Engine               - achievements: []
03:16:14.668 [FXGL Background Thread 3 ] DEBUG Engine               - actualHeight: 720.0
03:16:14.668 [FXGL Background Thread 3 ] DEBUG Engine               - actualHeightProperty: ReadOnlyDoubleProperty [value: 720.0]
03:16:14.668 [FXGL Background Thread 3 ] DEBUG Engine               - actualWidth: 1280.0
03:16:14.668 [FXGL Background Thread 3 ] DEBUG Engine               - actualWidthProperty: ReadOnlyDoubleProperty [value: 1280.0]
03:16:14.668 [FXGL Background Thread 3 ] DEBUG Engine               - appIcon: fxgl_icon.png
03:16:14.668 [FXGL Background Thread 3 ] DEBUG Engine               - applicationMode: DEVELOPER
03:16:14.668 [FXGL Background Thread 3 ] DEBUG Engine               - cSSList: [fxgl_dark.css]
03:16:14.668 [FXGL Background Thread 3 ] DEBUG Engine               - collisionDetectionStrategy: BRUTE_FORCE
03:16:14.668 [FXGL Background Thread 3 ] DEBUG Engine               - configClass: Optional.empty
03:16:14.668 [FXGL Background Thread 3 ] DEBUG Engine               - credits: []
03:16:14.669 [FXGL Background Thread 3 ] DEBUG Engine               - defaultCursor: CursorInfo(imageName=fxgl_default_cursor.png, hotspotX=7.0, hotspotY=6.0)
03:16:14.669 [FXGL Background Thread 3 ] DEBUG Engine               - devBBoxColorProperty: ObjectProperty [value: 0xff0000ff]
03:16:14.669 [FXGL Background Thread 3 ] DEBUG Engine               - devEnableDebugCameraProperty: BooleanProperty [value: false]
03:16:14.669 [FXGL Background Thread 3 ] DEBUG Engine               - devSensorColorProperty: ObjectProperty [value: 0xffff00ff]
03:16:14.669 [FXGL Background Thread 3 ] DEBUG Engine               - devShowBBoxProperty: BooleanProperty [value: false]
03:16:14.669 [FXGL Background Thread 3 ] DEBUG Engine               - devShowPositionProperty: BooleanProperty [value: false]
03:16:14.669 [FXGL Background Thread 3 ] DEBUG Engine               - enabledMenuItems: []
03:16:14.669 [FXGL Background Thread 3 ] DEBUG Engine               - engineServices: [class com.almasb.fxgl.app.services.FXGLAssetLoaderService, class com.almasb.fxgl.app.FXGLApplication$GameApplicationService, class com.almasb.fxgl.app.services.FXGLDialogService, class com.almasb.fxgl.app.services.IOTaskExecutorService, class com.almasb.fxgl.io.FileSystemService, class com.almasb.fxgl.localization.LocalizationService, class com.almasb.fxgl.app.services.SystemBundleService, class com.almasb.fxgl.profile.SaveLoadService, class com.almasb.fxgl.ui.FXGLUIFactoryServiceProvider, class com.almasb.fxgl.ui.FXGLDialogFactoryServiceProvider, class com.almasb.fxgl.audio.AudioPlayer, class com.almasb.fxgl.notification.impl.NotificationServiceProvider, class com.almasb.fxgl.achievement.AchievementService, class com.almasb.fxgl.cutscene.CutsceneService, class com.almasb.fxgl.minigames.MiniGameService, class com.almasb.fxgl.net.NetService, class com.almasb.fxgl.app.services.UpdaterService, class com.almasb.fxgl.dev.DevService]
03:16:14.669 [FXGL Background Thread 3 ] DEBUG Engine               - fontGame: Abel-Regular.ttf
03:16:14.669 [FXGL Background Thread 3 ] DEBUG Engine               - fontMono: TerminalLandMono-Regular.otf
03:16:14.669 [FXGL Background Thread 3 ] DEBUG Engine               - fontText: Courier-Prime.ttf
03:16:14.670 [FXGL Background Thread 3 ] DEBUG Engine               - fontUI: VarelaRound-Regular.ttf
03:16:14.670 [FXGL Background Thread 3 ] DEBUG Engine               - fullScreen: BooleanProperty [value: false]
03:16:14.670 [FXGL Background Thread 3 ] DEBUG Engine               - gameDifficulty: MEDIUM
03:16:14.670 [FXGL Background Thread 3 ] DEBUG Engine               - gameDifficultyProperty: ObjectProperty [value: MEDIUM]
03:16:14.670 [FXGL Background Thread 3 ] DEBUG Engine               - globalMusicVolume: 0.5
03:16:14.670 [FXGL Background Thread 3 ] DEBUG Engine               - globalMusicVolumeProperty: DoubleProperty [value: 0.25]
03:16:14.670 [FXGL Background Thread 3 ] DEBUG Engine               - globalSoundVolume: 0.5
03:16:14.670 [FXGL Background Thread 3 ] DEBUG Engine               - globalSoundVolumeProperty: DoubleProperty [value: 0.5]
03:16:14.670 [FXGL Background Thread 3 ] DEBUG Engine               - height: 720
03:16:14.670 [FXGL Background Thread 3 ] DEBUG Engine               - is3D: false
03:16:14.670 [FXGL Background Thread 3 ] DEBUG Engine               - isAndroid: false
03:16:14.670 [FXGL Background Thread 3 ] DEBUG Engine               - isBrowser: false
03:16:14.670 [FXGL Background Thread 3 ] DEBUG Engine               - isClickFeedbackEnabled: false
03:16:14.670 [FXGL Background Thread 3 ] DEBUG Engine               - isCloseConfirmation: false
03:16:14.670 [FXGL Background Thread 3 ] DEBUG Engine               - isDesktop: true
03:16:14.670 [FXGL Background Thread 3 ] DEBUG Engine               - isDeveloperMenuEnabled: true
03:16:14.670 [FXGL Background Thread 3 ] DEBUG Engine               - isEmbedded: false
03:16:14.670 [FXGL Background Thread 3 ] DEBUG Engine               - isEntityPreloadEnabled: true
03:16:14.670 [FXGL Background Thread 3 ] DEBUG Engine               - isExperimentalTiledLargeMap: false
03:16:14.671 [FXGL Background Thread 3 ] DEBUG Engine               - isFileSystemWriteAllowed: true
03:16:14.671 [FXGL Background Thread 3 ] DEBUG Engine               - isFullScreenAllowed: false
03:16:14.671 [FXGL Background Thread 3 ] DEBUG Engine               - isFullScreenFromStart: false
03:16:14.671 [FXGL Background Thread 3 ] DEBUG Engine               - isGameMenuEnabled: true
03:16:14.671 [FXGL Background Thread 3 ] DEBUG Engine               - isIOS: false
03:16:14.671 [FXGL Background Thread 3 ] DEBUG Engine               - isIntroEnabled: false
03:16:14.671 [FXGL Background Thread 3 ] DEBUG Engine               - isLinux: false
03:16:14.671 [FXGL Background Thread 3 ] DEBUG Engine               - isMac: false
03:16:14.671 [FXGL Background Thread 3 ] DEBUG Engine               - isMainMenuEnabled: true
03:16:14.671 [FXGL Background Thread 3 ] DEBUG Engine               - isManualResizeEnabled: false
03:16:14.671 [FXGL Background Thread 3 ] DEBUG Engine               - isMobile: false
03:16:14.671 [FXGL Background Thread 3 ] DEBUG Engine               - isNative: false
03:16:14.671 [FXGL Background Thread 3 ] DEBUG Engine               - isPauseMusicWhenMinimized: true
03:16:14.671 [FXGL Background Thread 3 ] DEBUG Engine               - isPreserveResizeRatio: false
03:16:14.671 [FXGL Background Thread 3 ] DEBUG Engine               - isProfilingEnabled: false
03:16:14.671 [FXGL Background Thread 3 ] DEBUG Engine               - isScaleAffectedOnResize: true
03:16:14.671 [FXGL Background Thread 3 ] DEBUG Engine               - isSingleStep: false
03:16:14.671 [FXGL Background Thread 3 ] DEBUG Engine               - isUserProfileEnabled: false
03:16:14.671 [FXGL Background Thread 3 ] DEBUG Engine               - isWindows: true
03:16:14.671 [FXGL Background Thread 3 ] DEBUG Engine               - language: ObjectProperty [value: ENGLISH]
03:16:14.671 [FXGL Background Thread 3 ] DEBUG Engine               - menuKey: ESCAPE
03:16:14.671 [FXGL Background Thread 3 ] DEBUG Engine               - mouseSensitivity: 0.2
03:16:14.671 [FXGL Background Thread 3 ] DEBUG Engine               - notificationViewClass: class com.almasb.fxgl.notification.view.XboxNotificationView
03:16:14.671 [FXGL Background Thread 3 ] DEBUG Engine               - pixelsPerMeter: 50.0
03:16:14.671 [FXGL Background Thread 3 ] DEBUG Engine               - platform: WINDOWS
03:16:14.671 [FXGL Background Thread 3 ] DEBUG Engine               - prefHeightProperty: ReadOnlyDoubleProperty [value: 720.0]
03:16:14.672 [FXGL Background Thread 3 ] DEBUG Engine               - prefWidthProperty: ReadOnlyDoubleProperty [value: 1280.0]
03:16:14.672 [FXGL Background Thread 3 ] DEBUG Engine               - profileDir: profiles/
03:16:14.672 [FXGL Background Thread 3 ] DEBUG Engine               - profileName: StringProperty [value: DEFAULT]
03:16:14.672 [FXGL Background Thread 3 ] DEBUG Engine               - randomSeed: -1
03:16:14.672 [FXGL Background Thread 3 ] DEBUG Engine               - runtimeInfo: RuntimeInfo(platform=WINDOWS, version=17.2, build=20.08.2022 16.50)
03:16:14.672 [FXGL Background Thread 3 ] DEBUG Engine               - saveFileExt: sav
03:16:14.672 [FXGL Background Thread 3 ] DEBUG Engine               - scaledHeightProp$fxgl: DoubleProperty [bound, value: 720.0]
03:16:14.672 [FXGL Background Thread 3 ] DEBUG Engine               - scaledWidthProp$fxgl: DoubleProperty [bound, value: 1280.0]
03:16:14.672 [FXGL Background Thread 3 ] DEBUG Engine               - sceneFactory: com.sunsofgod.PlatformerApp$1@f1ed786
03:16:14.672 [FXGL Background Thread 3 ] DEBUG Engine               - secondsIn24h: 60
03:16:14.672 [FXGL Background Thread 3 ] DEBUG Engine               - soundMenuBack: menu/back.wav
03:16:14.672 [FXGL Background Thread 3 ] DEBUG Engine               - soundMenuPress: menu/press.wav
03:16:14.672 [FXGL Background Thread 3 ] DEBUG Engine               - soundMenuSelect: menu/select.wav
03:16:14.672 [FXGL Background Thread 3 ] DEBUG Engine               - soundNotification: core/notification.wav
03:16:14.672 [FXGL Background Thread 3 ] DEBUG Engine               - stageStyle: DECORATED
03:16:14.672 [FXGL Background Thread 3 ] DEBUG Engine               - supportedLanguages: [ENGLISH, FRENCH, GERMAN, HUNGARIAN, RUSSIAN]
03:16:14.672 [FXGL Background Thread 3 ] DEBUG Engine               - ticksPerSecond: -1
03:16:14.672 [FXGL Background Thread 3 ] DEBUG Engine               - title: Untitled
03:16:14.672 [FXGL Background Thread 3 ] DEBUG Engine               - urlGithub: https://github.com/AlmasB/FXGL
03:16:14.672 [FXGL Background Thread 3 ] DEBUG Engine               - urlLeaderboard: http://fxgl-top.herokuapp.com/
03:16:14.673 [FXGL Background Thread 3 ] DEBUG Engine               - urlPOM: https://raw.githubusercontent.com/AlmasB/FXGL/release/README.md
03:16:14.673 [FXGL Background Thread 3 ] DEBUG Engine               - userAppClass: class com.sunsofgod.PlatformerApp
03:16:14.673 [FXGL Background Thread 3 ] DEBUG Engine               - version: 0.0
03:16:14.673 [FXGL Background Thread 3 ] DEBUG Engine               - versionCheckDays: 7
03:16:14.673 [FXGL Background Thread 3 ] DEBUG Engine               - width: 1280
03:16:14.673 [FXGL Background Thread 3 ] DEBUG Engine               - Logging services
03:16:14.673 [FXGL Background Thread 3 ] DEBUG Engine               - class com.almasb.fxgl.app.services.FXGLAssetLoaderService
03:16:14.673 [FXGL Background Thread 3 ] DEBUG Engine               - class com.almasb.fxgl.app.FXGLApplication$GameApplicationService
03:16:14.673 [FXGL Background Thread 3 ] DEBUG Engine               - class com.almasb.fxgl.app.services.FXGLDialogService
03:16:14.673 [FXGL Background Thread 3 ] DEBUG Engine               - class com.almasb.fxgl.app.services.IOTaskExecutorService
03:16:14.673 [FXGL Background Thread 3 ] DEBUG Engine               - class com.almasb.fxgl.io.FileSystemService
03:16:14.673 [FXGL Background Thread 3 ] DEBUG Engine               - class com.almasb.fxgl.localization.LocalizationService
03:16:14.673 [FXGL Background Thread 3 ] DEBUG Engine               - class com.almasb.fxgl.app.services.SystemBundleService
03:16:14.673 [FXGL Background Thread 3 ] DEBUG Engine               - class com.almasb.fxgl.profile.SaveLoadService
03:16:14.673 [FXGL Background Thread 3 ] DEBUG Engine               - class com.almasb.fxgl.ui.FXGLUIFactoryServiceProvider
03:16:14.673 [FXGL Background Thread 3 ] DEBUG Engine               - class com.almasb.fxgl.ui.FXGLDialogFactoryServiceProvider
03:16:14.673 [FXGL Background Thread 3 ] DEBUG Engine               - class com.almasb.fxgl.audio.AudioPlayer
03:16:14.673 [FXGL Background Thread 3 ] DEBUG Engine               - class com.almasb.fxgl.notification.impl.NotificationServiceProvider
03:16:14.673 [FXGL Background Thread 3 ] DEBUG Engine               - class com.almasb.fxgl.achievement.AchievementService
03:16:14.673 [FXGL Background Thread 3 ] DEBUG Engine               - class com.almasb.fxgl.cutscene.CutsceneService
03:16:14.673 [FXGL Background Thread 3 ] DEBUG Engine               - class com.almasb.fxgl.minigames.MiniGameService
03:16:14.673 [FXGL Background Thread 3 ] DEBUG Engine               - class com.almasb.fxgl.net.NetService
03:16:14.673 [FXGL Background Thread 3 ] DEBUG Engine               - class com.almasb.fxgl.app.services.UpdaterService
03:16:14.673 [FXGL Background Thread 3 ] DEBUG Engine               - class com.almasb.fxgl.dev.DevService
03:16:15.180 [JavaFX Application Thread] DEBUG PrimaryStageWindow   - Push state: LevelSelectScene
03:16:15.181 [JavaFX Application Thread] DEBUG Input                - Clearing active input actions
03:16:15.181 [JavaFX Application Thread] DEBUG GameApplicationServi - Removing overlay from PlayerSelectScene and adding to LevelSelectScene
03:16:15.183 [JavaFX Application Thread] DEBUG PrimaryStageWindow   - PlayerSelectScene -> LevelSelectScene
03:16:15.694 [JavaFX Application Thread] DEBUG Menu                 - fireNewGame()
03:16:15.694 [JavaFX Application Thread] DEBUG GameApplicationServi - Starting new game
03:16:15.694 [JavaFX Application Thread] DEBUG PrimaryStageWindow   - Pop state: LevelSelectScene
03:16:15.695 [JavaFX Application Thread] DEBUG Input                - Clearing active input actions
03:16:15.695 [JavaFX Application Thread] DEBUG GameApplicationServi - Removing overlay from LevelSelectScene and adding to PlayerSelectScene
03:16:15.696 [JavaFX Application Thread] DEBUG PrimaryStageWindow   - PlayerSelectScene <- LevelSelectScene
03:16:15.696 [JavaFX Application Thread] DEBUG PrimaryStageWindow   - Pop state: PlayerSelectScene
03:16:15.696 [JavaFX Application Thread] DEBUG Input                - Clearing active input actions
03:16:15.696 [JavaFX Application Thread] DEBUG GameApplicationServi - Removing overlay from PlayerSelectScene and adding to RiderMainMenuScene
03:16:15.697 [JavaFX Application Thread] DEBUG PrimaryStageWindow   - RiderMainMenuScene <- PlayerSelectScene
03:16:15.697 [JavaFX Application Thread] DEBUG PrimaryStageWindow   - Pop state: RiderMainMenuScene
03:16:15.697 [JavaFX Application Thread] DEBUG Input                - Clearing active input actions
03:16:15.697 [JavaFX Application Thread] DEBUG GameApplicationServi - Removing overlay from RiderMainMenuScene and adding to FXGLMainMenuDummyScene
03:16:15.698 [JavaFX Application Thread] DEBUG PrimaryStageWindow   - FXGLMainMenuDummyScene <- RiderMainMenuScene
03:16:15.698 [JavaFX Application Thread] DEBUG Input                - Clearing active input actions
03:16:15.704 [JavaFX Application Thread] DEBUG GameApplicationServi - Removing overlay from FXGLMainMenuDummyScene and adding to MainLoadingScene
03:16:15.704 [JavaFX Application Thread] DEBUG PrimaryStageWindow   - FXGLMainMenuDummyScene -> MainLoadingScene
03:16:15.704 [JavaFX Application Thread] DEBUG GameApplicationServi - Clearing previous game
03:16:15.704 [JavaFX Application Thread] DEBUG GameScene            - Clearing game scene
03:16:15.704 [JavaFX Application Thread] DEBUG GameWorld            - Clearing game world
03:16:15.705 [JavaFX Application Thread] DEBUG PhysicsWorld         - Clearing physics world
03:16:15.706 [FXGL Background Thread 2 ] DEBUG FXGLApplication      - Initializing game
03:16:15.737 [FXGL Background Thread 2 ] WARN  TMXLevelLoader       - TiledMap generated from 1.11.0. Supported version: 1.9.0. Some features may not be parsed fully.
03:16:15.742 [FXGL Background Thread 2 ] DEBUG TMXLevelLoader       - Parsed TiledMap: file:/C:/Users/user/Desktop/JavaFXGame/target/classes/assets/levels/tmx/level1.tmx
03:16:15.742 [FXGL Background Thread 2 ] DEBUG TMXLevelLoader       - Creating tile layer entities
03:16:15.743 [FXGL Background Thread 2 ] DEBUG TilesetLoader        - Loading view for layer Tile Layer 1
03:16:15.744 [FXGL Background Thread 2 ] DEBUG TilesetLoader        - Created buffer with size 1050.0x700.0
03:16:15.752 [FXGL Background Thread 2 ] DEBUG TMXLevelLoader       - Creating object layer entities
03:16:15.766 [FXGL Background Thread 2 ] DEBUG FXGLAssetLoaderServi - Loading from file system: file:/C:/Users/user/Desktop/JavaFXGame/target/classes/assets/textures/button.png
03:16:15.770 [FXGL Background Thread 2 ] DEBUG GameWorld            - Clearing removable entities
03:16:15.771 [FXGL Background Thread 2 ] DEBUG GameWorld            - Setting level: com.almasb.fxgl.entity.level.Level@65587c16
03:16:15.777 [FXGL Background Thread 2 ] DEBUG FXGLAssetLoaderServi - Loading from file system: file:/C:/Users/user/Desktop/JavaFXGame/target/classes/assets/textures/player1.png
03:16:15.785 [FXGL Background Thread 2 ] DEBUG FXGLAssetLoaderServi - Loading from file system: file:/C:/Users/user/Desktop/JavaFXGame/target/classes/assets/textures/player2.png
03:16:15.787 [FXGL Background Thread 2 ] DEBUG FXGLAssetLoaderServi - Loading from file system: file:/C:/Users/user/Desktop/JavaFXGame/target/classes/assets/textures/player3.png
03:16:15.794 [FXGL Background Thread 2 ] DEBUG Input                - Registered new binding: Jump0 - W
03:16:15.795 [FXGL Background Thread 2 ] DEBUG Input                - Registered new binding: Left0 - A
03:16:15.796 [FXGL Background Thread 2 ] DEBUG Input                - Registered new binding: Right0 - D
03:16:15.796 [FXGL Background Thread 2 ] DEBUG Input                - Registered new binding: Use0 - E
03:16:15.796 [FXGL Background Thread 2 ] DEBUG Input                - Registered new binding: Jump1 - Up
03:16:15.796 [FXGL Background Thread 2 ] DEBUG Input                - Registered new binding: Left1 - Left
03:16:15.796 [FXGL Background Thread 2 ] DEBUG Input                - Registered new binding: Right1 - Right
03:16:15.796 [FXGL Background Thread 2 ] DEBUG Input                - Registered new binding: Use1 - Slash
03:16:15.796 [FXGL Background Thread 2 ] DEBUG Input                - Registered new binding: Jump2 - I
03:16:15.796 [FXGL Background Thread 2 ] DEBUG Input                - Registered new binding: Left2 - J
03:16:15.797 [FXGL Background Thread 2 ] DEBUG Input                - Registered new binding: Right2 - L
03:16:15.797 [FXGL Background Thread 2 ] DEBUG Input                - Registered new binding: Use2 - O
03:16:15.797 [FXGL Background Thread 2 ] DEBUG FXGLAssetLoaderServi - Loading from file system: file:/C:/Users/user/Desktop/JavaFXGame/target/classes/assets/textures/background/manila.png
03:16:15.809 [FXGL Background Thread 2 ] INFO  FXGLApplication      - Game initialization took: 0.104 sec
03:16:15.810 [JavaFX Application Thread] DEBUG Input                - Clearing active input actions
03:16:15.815 [JavaFX Application Thread] DEBUG GameApplicationServi - Removing overlay from MainLoadingScene and adding to GameScene
03:16:15.817 [JavaFX Application Thread] DEBUG PrimaryStageWindow   - MainLoadingScene -> GameScene
03:16:20.717 [JavaFX Application Thread] WARN  TMXLevelLoader       - TiledMap generated from 1.11.0. Supported version: 1.9.0. Some features may not be parsed fully.
03:16:20.719 [JavaFX Application Thread] DEBUG TMXLevelLoader       - Parsed TiledMap: file:/C:/Users/user/Desktop/JavaFXGame/target/classes/assets/levels/tmx/level10.tmx
03:16:20.719 [JavaFX Application Thread] DEBUG TMXLevelLoader       - Creating tile layer entities
03:16:20.719 [JavaFX Application Thread] DEBUG TilesetLoader        - Loading view for layer Tile Layer 1
03:16:20.719 [JavaFX Application Thread] DEBUG TilesetLoader        - Created buffer with size 1050.0x700.0
03:16:20.727 [JavaFX Application Thread] DEBUG TMXLevelLoader       - Creating object layer entities
03:16:20.730 [JavaFX Application Thread] DEBUG GameWorld            - Clearing removable entities
03:16:20.732 [JavaFX Application Thread] DEBUG GameWorld            - Setting level: com.almasb.fxgl.entity.level.Level@7306767c
03:16:21.059 [JavaFX Application Thread] WARN  GameWorld            - Attempted to remove entity which is not active
03:16:25.426 [JavaFX Application Thread] WARN  TMXLevelLoader       - TiledMap generated from 1.11.0. Supported version: 1.9.0. Some features may not be parsed fully.
03:16:25.429 [JavaFX Application Thread] DEBUG TMXLevelLoader       - Parsed TiledMap: file:/C:/Users/user/Desktop/JavaFXGame/target/classes/assets/levels/tmx/level11.tmx
03:16:25.429 [JavaFX Application Thread] DEBUG TMXLevelLoader       - Creating tile layer entities
03:16:25.429 [JavaFX Application Thread] DEBUG TilesetLoader        - Loading view for layer Tile Layer 1
03:16:25.429 [JavaFX Application Thread] DEBUG TilesetLoader        - Created buffer with size 1050.0x700.0
03:16:25.435 [JavaFX Application Thread] DEBUG TMXLevelLoader       - Creating object layer entities
03:16:25.438 [JavaFX Application Thread] DEBUG GameWorld            - Clearing removable entities
03:16:25.438 [JavaFX Application Thread] DEBUG GameWorld            - Setting level: com.almasb.fxgl.entity.level.Level@3fff7523
03:16:25.885 [JavaFX Application Thread] WARN  GameWorld            - Attempted to remove entity which is not active
03:16:29.733 [JavaFX Application Thread] WARN  TMXLevelLoader       - TiledMap generated from 1.11.0. Supported version: 1.9.0. Some features may not be parsed fully.
03:16:29.735 [JavaFX Application Thread] DEBUG TMXLevelLoader       - Parsed TiledMap: file:/C:/Users/user/Desktop/JavaFXGame/target/classes/assets/levels/tmx/level12.tmx
03:16:29.735 [JavaFX Application Thread] DEBUG TMXLevelLoader       - Creating tile layer entities
03:16:29.735 [JavaFX Application Thread] DEBUG TilesetLoader        - Loading view for layer Tile Layer 1
03:16:29.735 [JavaFX Application Thread] DEBUG TilesetLoader        - Created buffer with size 1050.0x700.0
03:16:29.743 [JavaFX Application Thread] DEBUG TMXLevelLoader       - Creating object layer entities
03:16:29.745 [JavaFX Application Thread] DEBUG GameWorld            - Clearing removable entities
03:16:29.746 [JavaFX Application Thread] DEBUG GameWorld            - Setting level: com.almasb.fxgl.entity.level.Level@10da0ae
03:16:30.322 [JavaFX Application Thread] WARN  GameWorld            - Attempted to remove entity which is not active
03:16:35.128 [JavaFX Application Thread] WARN  TMXLevelLoader       - TiledMap generated from 1.11.0. Supported version: 1.9.0. Some features may not be parsed fully.
03:16:35.130 [JavaFX Application Thread] DEBUG TMXLevelLoader       - Parsed TiledMap: file:/C:/Users/user/Desktop/JavaFXGame/target/classes/assets/levels/tmx/level13.tmx
03:16:35.130 [JavaFX Application Thread] DEBUG TMXLevelLoader       - Creating tile layer entities
03:16:35.131 [JavaFX Application Thread] DEBUG TilesetLoader        - Loading view for layer Tile Layer 1
03:16:35.131 [JavaFX Application Thread] DEBUG TilesetLoader        - Created buffer with size 1050.0x700.0
03:16:35.138 [JavaFX Application Thread] DEBUG TMXLevelLoader       - Creating object layer entities
03:16:35.140 [JavaFX Application Thread] DEBUG GameWorld            - Clearing removable entities
03:16:35.141 [JavaFX Application Thread] DEBUG GameWorld            - Setting level: com.almasb.fxgl.entity.level.Level@2780613f
03:16:35.971 [JavaFX Application Thread] WARN  GameWorld            - Attempted to remove entity which is not active
03:16:38.962 [JavaFX Application Thread] DEBUG FXGLAssetLoaderServi - Loading from file system: file:/C:/Users/user/Desktop/JavaFXGame/target/classes/assets/textures/exit_sign.png
03:16:39.180 [JavaFX Application Thread] WARN  TMXLevelLoader       - TiledMap generated from 1.11.0. Supported version: 1.9.0. Some features may not be parsed fully.
03:16:39.182 [JavaFX Application Thread] DEBUG TMXLevelLoader       - Parsed TiledMap: file:/C:/Users/user/Desktop/JavaFXGame/target/classes/assets/levels/tmx/level14.tmx
03:16:39.182 [JavaFX Application Thread] DEBUG TMXLevelLoader       - Creating tile layer entities
03:16:39.182 [JavaFX Application Thread] DEBUG TilesetLoader        - Loading view for layer Tile Layer 1
03:16:39.183 [JavaFX Application Thread] DEBUG TilesetLoader        - Created buffer with size 1050.0x700.0
03:16:39.191 [JavaFX Application Thread] DEBUG TMXLevelLoader       - Creating object layer entities
03:16:39.193 [JavaFX Application Thread] DEBUG GameWorld            - Clearing removable entities
03:16:39.193 [JavaFX Application Thread] DEBUG GameWorld            - Setting level: com.almasb.fxgl.entity.level.Level@75003199
03:16:39.897 [JavaFX Application Thread] WARN  GameWorld            - Attempted to remove entity which is not active
03:16:44.996 [JavaFX Application Thread] WARN  TMXLevelLoader       - TiledMap generated from 1.11.0. Supported version: 1.9.0. Some features may not be parsed fully.
03:16:44.997 [JavaFX Application Thread] DEBUG TMXLevelLoader       - Parsed TiledMap: file:/C:/Users/user/Desktop/JavaFXGame/target/classes/assets/levels/tmx/level15.tmx
03:16:44.998 [JavaFX Application Thread] DEBUG TMXLevelLoader       - Creating tile layer entities
03:16:44.998 [JavaFX Application Thread] DEBUG TilesetLoader        - Loading view for layer Tile Layer 1
03:16:45.000 [JavaFX Application Thread] DEBUG TilesetLoader        - Created buffer with size 1050.0x700.0
03:16:45.012 [JavaFX Application Thread] DEBUG TMXLevelLoader       - Creating object layer entities
03:16:45.014 [JavaFX Application Thread] DEBUG GameWorld            - Clearing removable entities
03:16:45.015 [JavaFX Application Thread] DEBUG GameWorld            - Setting level: com.almasb.fxgl.entity.level.Level@45bb8933
03:16:47.842 [JavaFX Application Thread] WARN  GameWorld            - Attempted to remove entity which is not active
03:16:50.384 [JavaFX Application Thread] WARN  TMXLevelLoader       - TiledMap generated from 1.11.0. Supported version: 1.9.0. Some features may not be parsed fully.
03:16:50.385 [JavaFX Application Thread] DEBUG TMXLevelLoader       - Parsed TiledMap: file:/C:/Users/user/Desktop/JavaFXGame/target/classes/assets/levels/tmx/level16.tmx
03:16:50.386 [JavaFX Application Thread] DEBUG TMXLevelLoader       - Creating tile layer entities
03:16:50.386 [JavaFX Application Thread] DEBUG TilesetLoader        - Loading view for layer Tile Layer 1
03:16:50.388 [JavaFX Application Thread] DEBUG TilesetLoader        - Created buffer with size 1050.0x700.0
03:16:50.400 [JavaFX Application Thread] DEBUG TMXLevelLoader       - Creating object layer entities
03:16:50.404 [JavaFX Application Thread] DEBUG GameWorld            - Clearing removable entities
03:16:50.404 [JavaFX Application Thread] DEBUG GameWorld            - Setting level: com.almasb.fxgl.entity.level.Level@6324c64f
03:16:53.706 [JavaFX Application Thread] WARN  GameWorld            - Attempted to remove entity which is not active
03:16:56.091 [JavaFX Application Thread] WARN  FXGLAssetLoaderServi - Asset "/assets/levels/tmx/level17.tmx" was not found!
03:16:56.092 [JavaFX Application Thread] DEBUG LoopRunner           - Stopping loop
03:16:56.092 [JavaFX Application Thread] FATAL FXGLApplication      - Uncaught Exception:
java.lang.IllegalArgumentException: Loading level failed. Asset not found: tmx/level17.tmx
	at com.almasb.fxgl.all@17.2/com.almasb.fxgl.app.services.FXGLAssetLoaderService.loadLevel(FXGLAssetLoaderService.kt:443)
	at com.almasb.fxgl.all@17.2/com.almasb.fxgl.dsl.FXGL$Companion.setLevelFromMap(FXGL.kt:634)
	at com.almasb.fxgl.all@17.2/com.almasb.fxgl.dsl.FXGL.setLevelFromMap(FXGL.kt)
	at com.sunsofgod/com.sunsofgod.PlatformerApp.finishLevel(PlatformerApp.java:368)
	at com.sunsofgod/com.sunsofgod.PlatformerApp$5.lambda$1(PlatformerApp.java:194)
	at java.base/java.util.stream.ForEachOps$ForEachOp$OfRef.accept(ForEachOps.java:184)
	at java.base/java.util.stream.ReferencePipeline$2$1.accept(ReferencePipeline.java:179)
	at java.base/java.util.ArrayList$ArrayListSpliterator.forEachRemaining(ArrayList.java:1708)
	at java.base/java.util.stream.AbstractPipeline.copyInto(AbstractPipeline.java:509)
	at java.base/java.util.stream.AbstractPipeline.wrapAndCopyInto(AbstractPipeline.java:499)
	at java.base/java.util.stream.ForEachOps$ForEachOp.evaluateSequential(ForEachOps.java:151)
	at java.base/java.util.stream.ForEachOps$ForEachOp$OfRef.evaluateSequential(ForEachOps.java:174)
	at java.base/java.util.stream.AbstractPipeline.evaluate(AbstractPipeline.java:234)
	at java.base/java.util.stream.ReferencePipeline.forEach(ReferencePipeline.java:596)
	at com.sunsofgod/com.sunsofgod.PlatformerApp$5.onActionBegin(PlatformerApp.java:191)
	at com.almasb.fxgl.core@17.2/com.almasb.fxgl.input.UserAction.begin$fxgl_core(UserAction.kt:37)
	at com.almasb.fxgl.core@17.2/com.almasb.fxgl.input.Input.handlePressed(Input.kt:375)
	at com.almasb.fxgl.core@17.2/com.almasb.fxgl.input.Input.onKeyEvent(Input.kt:318)
	at com.almasb.fxgl.all@17.2/com.almasb.fxgl.app.PrimaryStageWindow$1$1.invoke(MainWindow.kt:308)
	at com.almasb.fxgl.all@17.2/com.almasb.fxgl.app.PrimaryStageWindow$1$1.invoke(MainWindow.kt:308)
	at com.almasb.fxgl.core@17.2/com.almasb.fxgl.core.fsm.StateMachine.runOnActiveStates(StateMachine.kt:69)
	at com.almasb.fxgl.all@17.2/com.almasb.fxgl.app.PrimaryStageWindow$1.invoke(MainWindow.kt:308)
	at com.almasb.fxgl.all@17.2/com.almasb.fxgl.app.PrimaryStageWindow$1.invoke(MainWindow.kt:306)
	at com.almasb.fxgl.all@17.2/com.almasb.fxgl.app.MainWindow.addKeyHandler$lambda-1(MainWindow.kt:221)
	at javafx.base/com.sun.javafx.event.CompositeEventHandler$NormalEventHandlerRecord.handleBubblingEvent(CompositeEventHandler.java:247)
	at javafx.base/com.sun.javafx.event.CompositeEventHandler.dispatchBubblingEvent(CompositeEventHandler.java:80)
	at javafx.base/com.sun.javafx.event.EventHandlerManager.dispatchBubblingEvent(EventHandlerManager.java:234)
	at javafx.base/com.sun.javafx.event.EventHandlerManager.dispatchBubblingEvent(EventHandlerManager.java:191)
	at javafx.base/com.sun.javafx.event.CompositeEventDispatcher.dispatchBubblingEvent(CompositeEventDispatcher.java:59)
	at javafx.base/com.sun.javafx.event.BasicEventDispatcher.dispatchEvent(BasicEventDispatcher.java:58)
	at javafx.base/com.sun.javafx.event.EventDispatchChainImpl.dispatchEvent(EventDispatchChainImpl.java:114)
	at javafx.base/com.sun.javafx.event.BasicEventDispatcher.dispatchEvent(BasicEventDispatcher.java:56)
	at javafx.base/com.sun.javafx.event.EventDispatchChainImpl.dispatchEvent(EventDispatchChainImpl.java:114)
	at javafx.base/com.sun.javafx.event.EventUtil.fireEventImpl(EventUtil.java:74)
	at javafx.base/com.sun.javafx.event.EventUtil.fireEvent(EventUtil.java:54)
	at javafx.base/javafx.event.Event.fireEvent(Event.java:198)
	at javafx.graphics/javafx.scene.Scene$KeyHandler.process(Scene.java:4105)
	at javafx.graphics/javafx.scene.Scene.processKeyEvent(Scene.java:2156)
	at javafx.graphics/javafx.scene.Scene$ScenePeerListener.keyEvent(Scene.java:2630)
	at javafx.graphics/com.sun.javafx.tk.quantum.GlassViewEventHandler$KeyEventNotification.run(GlassViewEventHandler.java:218)
	at javafx.graphics/com.sun.javafx.tk.quantum.GlassViewEventHandler$KeyEventNotification.run(GlassViewEventHandler.java:150)
	at java.base/java.security.AccessController.doPrivileged(AccessController.java:400)
	at javafx.graphics/com.sun.javafx.tk.quantum.GlassViewEventHandler.lambda$handleKeyEvent$1(GlassViewEventHandler.java:250)
	at javafx.graphics/com.sun.javafx.tk.quantum.QuantumToolkit.runWithoutRenderLock(QuantumToolkit.java:423)
	at javafx.graphics/com.sun.javafx.tk.quantum.GlassViewEventHandler.handleKeyEvent(GlassViewEventHandler.java:249)
	at javafx.graphics/com.sun.glass.ui.View.handleKeyEvent(View.java:542)
	at javafx.graphics/com.sun.glass.ui.View.notifyKey(View.java:966)
	at javafx.graphics/com.sun.glass.ui.win.WinApplication._runLoop(Native Method)
	at javafx.graphics/com.sun.glass.ui.win.WinApplication.lambda$runLoop$3(WinApplication.java:184)
	at java.base/java.lang.Thread.run(Thread.java:1583)

03:16:56.095 [JavaFX Application Thread] FATAL FXGLApplication      - Application will now exit
03:16:56.100 [JavaFX Application Thread] DEBUG PrimaryStageWindow   - Push state: ErrorSubScene
03:16:56.100 [JavaFX Application Thread] DEBUG Input                - Clearing active input actions
03:16:56.100 [JavaFX Application Thread] DEBUG GameApplicationServi - Removing overlay from GameScene and adding to ErrorSubScene
03:16:56.100 [JavaFX Application Thread] DEBUG PrimaryStageWindow   - GameScene -> ErrorSubScene
03:16:58.150 [JavaFX Application Thread] DEBUG FXGLApplication      - Exiting FXGL
03:16:58.150 [JavaFX Application Thread] DEBUG Async                - Shutting down background threads
03:16:58.150 [JavaFX Application Thread] DEBUG PrimaryStageWindow   - Closing main window
03:16:58.159 [JavaFX Application Thread] DEBUG Logger               - Closing Logger
