16:41:52.923 [main                     ] DEBUG Logger               - Configured Logger
16:41:52.948 [main                     ] DEBUG GameApplication      - Logging settings
Title: Untitled
Version: 0.0
Width: 1280
Height: 720
Fullscreen: false
Intro: false
Profiling: false
Single step:false
App Mode: DEVELOPER
Menu Key: ESCAPE
Stage Style: DECORATED
Scene Factory: class com.sunsofgod.PlatformerApp$1

16:41:53.231 [JavaFX Application Thread] DEBUG FXGLApplication      - Initializing FXGL
16:41:53.234 [JavaFX Application Thread] INFO  Engine               - FXGL-17.2 (20.08.2022 16.50) on WINDOWS (J:21.0.4 FX:17.0.12)
16:41:53.236 [JavaFX Application Thread] DEBUG Engine               - JRE Vendor Name: Eclipse Adoptium
16:41:53.236 [JavaFX Application Thread] DEBUG Engine               - Running on OS: Windows 11 version 10.0
16:41:53.236 [JavaFX Application Thread] DEBUG Engine               - Architecture: amd64
16:41:53.236 [JavaFX Application Thread] INFO  Engine               - Source code and latest versions at: https://github.com/AlmasB/FXGL
16:41:53.236 [JavaFX Application Thread] INFO  Engine               -       Ask questions and discuss at: https://github.com/AlmasB/FXGL/discussions
16:41:53.237 [JavaFX Application Thread] INFO  Engine               -              Join the FXGL chat at: https://gitter.im/AlmasB/FXGL
16:41:53.308 [JavaFX Application Thread] DEBUG PrimaryStageWindow   - Creating a JavaFX scene
16:41:53.344 [JavaFX Application Thread] DEBUG PrimaryStageWindow   - Target settings size: 1280.0 x 720.0
16:41:53.344 [JavaFX Application Thread] DEBUG PrimaryStageWindow   - Scaled scene size:    1280.0 x 720.0
16:41:53.344 [JavaFX Application Thread] DEBUG PrimaryStageWindow   - Scaled ratio: (1.0, 1.0)
16:41:53.345 [JavaFX Application Thread] DEBUG PrimaryStageWindow   - Set initial scene to FXGLStartupScene
16:41:53.351 [JavaFX Application Thread] DEBUG PrimaryStageWindow   - Opening main window
16:41:53.427 [JavaFX Application Thread] DEBUG PrimaryStageWindow   - Window border size: (14.4000244140625, 37.5999755859375)
16:41:53.427 [JavaFX Application Thread] DEBUG PrimaryStageWindow   - Scaled size: 1280.0 x 720.0
16:41:53.427 [JavaFX Application Thread] DEBUG PrimaryStageWindow   - Scaled ratio: (1.0, 1.0)
16:41:53.427 [JavaFX Application Thread] DEBUG PrimaryStageWindow   - Scene size: 1280.0 x 720.0
16:41:53.427 [JavaFX Application Thread] DEBUG PrimaryStageWindow   - Stage size: 1294.4000244140625 x 757.5999755859375
16:41:53.433 [FXGL Background Thread 1 ] DEBUG Engine               - Initializing environment variables
16:41:53.483 [FXGL Background Thread 1 ] DEBUG FXGLAssetLoaderServi - User app class for loading assets: class com.sunsofgod.PlatformerApp
16:41:53.483 [FXGL Background Thread 1 ] DEBUG GameApplicationServi - Applying CSS: fxgl_dark.css
16:41:53.484 [FXGL Background Thread 1 ] DEBUG FXGLAssetLoaderServi - Loading from file system: jar:file:///C:/Users/Balong/.m2/repository/com/github/almasb/fxgl/17.2/fxgl-17.2.jar!/fxglassets/ui/css/fxgl_dark.css
16:41:53.539 [FXGL Background Thread 1 ] DEBUG GameApplicationServi - Initializing application scenes
16:41:53.585 [FXGL Background Thread 1 ] DEBUG FXGLAssetLoaderServi - Loading from file system: file:/C:/Users/Balong/Desktop/SummerJobShoppee/JavaFXGame/target/classes/assets/textures/player.png
16:41:53.607 [FXGL Background Thread 1 ] DEBUG GameWorld            - Game world initialized
16:41:53.658 [FXGL Background Thread 1 ] DEBUG PhysicsWorld         - Physics world initialized: appHeight=720, physics.ppm=50.0
16:41:53.658 [FXGL Background Thread 1 ] DEBUG PhysicsWorld         - Using strategy: BRUTE_FORCE
16:41:53.662 [FXGL Background Thread 1 ] DEBUG GameScene            - Game scene initialized: 1280x720
16:41:53.764 [FXGL Background Thread 1 ] DEBUG FXGL.DefaultMenu     - createMenuBodyGameMenu()
16:41:53.773 [FXGL Background Thread 1 ] DEBUG FXGL.DefaultMenu     - createOptionsMenu()
16:41:53.782 [FXGL Background Thread 1 ] DEBUG FXGLAssetLoaderServi - Loading from file system: jar:file:///C:/Users/Balong/.m2/repository/com/github/almasb/fxgl/17.2/fxgl-17.2.jar!/fxglassets/textures/particles/smoke.png
16:41:53.841 [FXGL Background Thread 1 ] DEBUG FXGLAssetLoaderServi - Loading from file system: jar:file:///C:/Users/Balong/.m2/repository/com/github/almasb/fxgl/17.2/fxgl-17.2.jar!/fxglassets/textures/particles/trace_horizontal.png
16:41:53.855 [FXGL Background Thread 1 ] DEBUG GameApplicationServi - Application scenes initialized
16:41:53.866 [FXGL Background Thread 1 ] DEBUG SystemBundleService  - Loading FXGL system data
16:41:53.873 [FXGL Background Thread 1 ] DEBUG FileSystemAccess     - Reading from: C:\Users\Balong\Desktop\SummerJobShoppee\JavaFXGame\system\fxgl.bundle
16:41:53.884 [FXGL Background Thread 1 ] DEBUG SystemBundleService  - Bundle FXGL: {}
16:41:53.885 [FXGL Background Thread 1 ] DEBUG UpdaterService       - Checking for updates
16:41:53.910 [FXGL Background Thread 4 ] DEBUG FXGLApplication      - Loading fonts
16:41:53.910 [FXGL Background Thread 4 ] DEBUG FXGLAssetLoaderServi - Loading from file system: jar:file:///C:/Users/Balong/.m2/repository/com/github/almasb/fxgl/17.2/fxgl-17.2.jar!/fxglassets/ui/fonts/VarelaRound-Regular.ttf
16:41:53.910 [FXGL Background Thread 1 ] DEBUG FXGLApplication      - Loading default localization
16:41:53.912 [FXGL Background Thread 1 ] DEBUG FXGLAssetLoaderServi - Loading from file system: jar:file:///C:/Users/Balong/.m2/repository/com/github/almasb/fxgl/17.2/fxgl-17.2.jar!/fxglassets/languages/english.lang
16:41:53.927 [FXGL Background Thread 1 ] INFO  FXGLApplication      - FXGL initialization took: 0.494 sec
16:41:53.928 [JavaFX Application Thread] DEBUG FXGLAssetLoaderServi - Loading from file system: jar:file:///C:/Users/Balong/.m2/repository/com/github/almasb/fxgl/17.2/fxgl-17.2.jar!/fxglassets/textures/fxgl_icon.png
16:41:53.944 [JavaFX Application Thread] DEBUG FXGLAssetLoaderServi - Loading from file system: jar:file:///C:/Users/Balong/.m2/repository/com/github/almasb/fxgl/17.2/fxgl-17.2.jar!/fxglassets/textures/fxgl_default_cursor.png
16:41:53.952 [FXGL Background Thread 4 ] DEBUG FXGLAssetLoaderServi - Loading from file system: jar:file:///C:/Users/Balong/.m2/repository/com/github/almasb/fxgl/17.2/fxgl-17.2.jar!/fxglassets/ui/fonts/Abel-Regular.ttf
16:41:53.960 [JavaFX Application Thread] DEBUG Input                - Registered new binding: Screenshot - CTRL+8
16:41:53.960 [FXGL Background Thread 4 ] DEBUG FXGLAssetLoaderServi - Loading from file system: jar:file:///C:/Users/Balong/.m2/repository/com/github/almasb/fxgl/17.2/fxgl-17.2.jar!/fxglassets/ui/fonts/TerminalLandMono-Regular.otf
16:41:53.960 [JavaFX Application Thread] DEBUG Input                - Registered new binding: Dev Options - 1
16:41:53.961 [JavaFX Application Thread] DEBUG Input                - Registered new binding: Dev Console - 2
16:41:53.961 [JavaFX Application Thread] DEBUG Input                - Registered new binding: System info dump - CTRL+9
16:41:53.963 [JavaFX Application Thread] DEBUG Input                - Registered new binding: Restart - CTRL+R
16:41:53.964 [JavaFX Application Thread] DEBUG Input                - Registered new binding: Toggle Debug Camera - CTRL+7
16:41:53.968 [FXGL Background Thread 4 ] DEBUG FXGLAssetLoaderServi - Loading from file system: jar:file:///C:/Users/Balong/.m2/repository/com/github/almasb/fxgl/17.2/fxgl-17.2.jar!/fxglassets/ui/fonts/Courier-Prime.ttf
16:41:53.972 [JavaFX Application Thread] DEBUG LoopRunner           - Starting loop
16:41:53.989 [JavaFX Application Thread] DEBUG LoopRunner           - Initializing JavaFX AnimationTimerLoop
16:41:53.993 [JavaFX Application Thread] DEBUG Input                - Clearing active input actions
16:41:54.002 [JavaFX Application Thread] DEBUG GameApplicationServi - Removing overlay from FXGLStartupScene and adding to FXGLMainMenuDummyScene
16:41:54.008 [JavaFX Application Thread] DEBUG PrimaryStageWindow   - FXGLStartupScene -> FXGLMainMenuDummyScene
16:41:54.009 [JavaFX Application Thread] DEBUG PrimaryStageWindow   - Push state: RiderMainMenuScene
16:41:54.009 [JavaFX Application Thread] DEBUG Input                - Clearing active input actions
16:41:54.016 [JavaFX Application Thread] DEBUG GameApplicationServi - Removing overlay from FXGLMainMenuDummyScene and adding to RiderMainMenuScene
16:41:54.017 [JavaFX Application Thread] DEBUG PrimaryStageWindow   - FXGLMainMenuDummyScene -> RiderMainMenuScene
16:41:54.017 [JavaFX Application Thread] DEBUG FXGLApplication      - Registering font factories with UI factory
16:41:54.423 [FXGL Background Thread 2 ] INFO  UpdaterService       - Your current version:  17.2
16:41:54.423 [FXGL Background Thread 2 ] INFO  UpdaterService       - Latest stable version: 21.1
16:41:55.197 [JavaFX Application Thread] DEBUG PrimaryStageWindow   - Push state: PlayerSelectScene
16:41:55.197 [JavaFX Application Thread] DEBUG Input                - Clearing active input actions
16:41:55.197 [JavaFX Application Thread] DEBUG GameApplicationServi - Removing overlay from RiderMainMenuScene and adding to PlayerSelectScene
16:41:55.201 [JavaFX Application Thread] DEBUG PrimaryStageWindow   - RiderMainMenuScene -> PlayerSelectScene
16:41:56.909 [FXGL Background Thread 3 ] DEBUG Engine               - Logging environment variables
16:41:56.909 [FXGL Background Thread 3 ] DEBUG Engine               - achievements: []
16:41:56.909 [FXGL Background Thread 3 ] DEBUG Engine               - actualHeight: 720.0
16:41:56.909 [FXGL Background Thread 3 ] DEBUG Engine               - actualHeightProperty: ReadOnlyDoubleProperty [value: 720.0]
16:41:56.909 [FXGL Background Thread 3 ] DEBUG Engine               - actualWidth: 1280.0
16:41:56.909 [FXGL Background Thread 3 ] DEBUG Engine               - actualWidthProperty: ReadOnlyDoubleProperty [value: 1280.0]
16:41:56.910 [FXGL Background Thread 3 ] DEBUG Engine               - appIcon: fxgl_icon.png
16:41:56.910 [FXGL Background Thread 3 ] DEBUG Engine               - applicationMode: DEVELOPER
16:41:56.910 [FXGL Background Thread 3 ] DEBUG Engine               - cSSList: [fxgl_dark.css]
16:41:56.910 [FXGL Background Thread 3 ] DEBUG Engine               - collisionDetectionStrategy: BRUTE_FORCE
16:41:56.910 [FXGL Background Thread 3 ] DEBUG Engine               - configClass: Optional.empty
16:41:56.910 [FXGL Background Thread 3 ] DEBUG Engine               - credits: []
16:41:56.910 [FXGL Background Thread 3 ] DEBUG Engine               - defaultCursor: CursorInfo(imageName=fxgl_default_cursor.png, hotspotX=7.0, hotspotY=6.0)
16:41:56.911 [FXGL Background Thread 3 ] DEBUG Engine               - devBBoxColorProperty: ObjectProperty [value: 0xff0000ff]
16:41:56.911 [FXGL Background Thread 3 ] DEBUG Engine               - devEnableDebugCameraProperty: BooleanProperty [value: false]
16:41:56.911 [FXGL Background Thread 3 ] DEBUG Engine               - devSensorColorProperty: ObjectProperty [value: 0xffff00ff]
16:41:56.911 [FXGL Background Thread 3 ] DEBUG Engine               - devShowBBoxProperty: BooleanProperty [value: false]
16:41:56.911 [FXGL Background Thread 3 ] DEBUG Engine               - devShowPositionProperty: BooleanProperty [value: false]
16:41:56.911 [FXGL Background Thread 3 ] DEBUG Engine               - enabledMenuItems: []
16:41:56.911 [FXGL Background Thread 3 ] DEBUG Engine               - engineServices: [class com.almasb.fxgl.app.services.FXGLAssetLoaderService, class com.almasb.fxgl.app.FXGLApplication$GameApplicationService, class com.almasb.fxgl.app.services.FXGLDialogService, class com.almasb.fxgl.app.services.IOTaskExecutorService, class com.almasb.fxgl.io.FileSystemService, class com.almasb.fxgl.localization.LocalizationService, class com.almasb.fxgl.app.services.SystemBundleService, class com.almasb.fxgl.profile.SaveLoadService, class com.almasb.fxgl.ui.FXGLUIFactoryServiceProvider, class com.almasb.fxgl.ui.FXGLDialogFactoryServiceProvider, class com.almasb.fxgl.audio.AudioPlayer, class com.almasb.fxgl.notification.impl.NotificationServiceProvider, class com.almasb.fxgl.achievement.AchievementService, class com.almasb.fxgl.cutscene.CutsceneService, class com.almasb.fxgl.minigames.MiniGameService, class com.almasb.fxgl.net.NetService, class com.almasb.fxgl.app.services.UpdaterService, class com.almasb.fxgl.dev.DevService]
16:41:56.911 [FXGL Background Thread 3 ] DEBUG Engine               - fontGame: Abel-Regular.ttf
16:41:56.911 [FXGL Background Thread 3 ] DEBUG Engine               - fontMono: TerminalLandMono-Regular.otf
16:41:56.911 [FXGL Background Thread 3 ] DEBUG Engine               - fontText: Courier-Prime.ttf
16:41:56.911 [FXGL Background Thread 3 ] DEBUG Engine               - fontUI: VarelaRound-Regular.ttf
16:41:56.911 [FXGL Background Thread 3 ] DEBUG Engine               - fullScreen: BooleanProperty [value: false]
16:41:56.911 [FXGL Background Thread 3 ] DEBUG Engine               - gameDifficulty: MEDIUM
16:41:56.911 [FXGL Background Thread 3 ] DEBUG Engine               - gameDifficultyProperty: ObjectProperty [value: MEDIUM]
16:41:56.911 [FXGL Background Thread 3 ] DEBUG Engine               - globalMusicVolume: 0.5
16:41:56.911 [FXGL Background Thread 3 ] DEBUG Engine               - globalMusicVolumeProperty: DoubleProperty [value: 0.25]
16:41:56.911 [FXGL Background Thread 3 ] DEBUG Engine               - globalSoundVolume: 0.5
16:41:56.911 [FXGL Background Thread 3 ] DEBUG Engine               - globalSoundVolumeProperty: DoubleProperty [value: 0.5]
16:41:56.911 [FXGL Background Thread 3 ] DEBUG Engine               - height: 720
16:41:56.911 [FXGL Background Thread 3 ] DEBUG Engine               - is3D: false
16:41:56.911 [FXGL Background Thread 3 ] DEBUG Engine               - isAndroid: false
16:41:56.911 [FXGL Background Thread 3 ] DEBUG Engine               - isBrowser: false
16:41:56.911 [FXGL Background Thread 3 ] DEBUG Engine               - isClickFeedbackEnabled: false
16:41:56.911 [FXGL Background Thread 3 ] DEBUG Engine               - isCloseConfirmation: false
16:41:56.911 [FXGL Background Thread 3 ] DEBUG Engine               - isDesktop: true
16:41:56.911 [FXGL Background Thread 3 ] DEBUG Engine               - isDeveloperMenuEnabled: true
16:41:56.911 [FXGL Background Thread 3 ] DEBUG Engine               - isEmbedded: false
16:41:56.911 [FXGL Background Thread 3 ] DEBUG Engine               - isEntityPreloadEnabled: true
16:41:56.912 [FXGL Background Thread 3 ] DEBUG Engine               - isExperimentalTiledLargeMap: false
16:41:56.912 [FXGL Background Thread 3 ] DEBUG Engine               - isFileSystemWriteAllowed: true
16:41:56.912 [FXGL Background Thread 3 ] DEBUG Engine               - isFullScreenAllowed: false
16:41:56.912 [FXGL Background Thread 3 ] DEBUG Engine               - isFullScreenFromStart: false
16:41:56.912 [FXGL Background Thread 3 ] DEBUG Engine               - isGameMenuEnabled: true
16:41:56.912 [FXGL Background Thread 3 ] DEBUG Engine               - isIOS: false
16:41:56.912 [FXGL Background Thread 3 ] DEBUG Engine               - isIntroEnabled: false
16:41:56.912 [FXGL Background Thread 3 ] DEBUG Engine               - isLinux: false
16:41:56.912 [FXGL Background Thread 3 ] DEBUG Engine               - isMac: false
16:41:56.912 [FXGL Background Thread 3 ] DEBUG Engine               - isMainMenuEnabled: true
16:41:56.912 [FXGL Background Thread 3 ] DEBUG Engine               - isManualResizeEnabled: false
16:41:56.912 [FXGL Background Thread 3 ] DEBUG Engine               - isMobile: false
16:41:56.912 [FXGL Background Thread 3 ] DEBUG Engine               - isNative: false
16:41:56.912 [FXGL Background Thread 3 ] DEBUG Engine               - isPauseMusicWhenMinimized: true
16:41:56.912 [FXGL Background Thread 3 ] DEBUG Engine               - isPreserveResizeRatio: false
16:41:56.912 [FXGL Background Thread 3 ] DEBUG Engine               - isProfilingEnabled: false
16:41:56.912 [FXGL Background Thread 3 ] DEBUG Engine               - isScaleAffectedOnResize: true
16:41:56.912 [FXGL Background Thread 3 ] DEBUG Engine               - isSingleStep: false
16:41:56.912 [FXGL Background Thread 3 ] DEBUG Engine               - isUserProfileEnabled: false
16:41:56.913 [FXGL Background Thread 3 ] DEBUG Engine               - isWindows: true
16:41:56.913 [FXGL Background Thread 3 ] DEBUG Engine               - language: ObjectProperty [value: ENGLISH]
16:41:56.913 [FXGL Background Thread 3 ] DEBUG Engine               - menuKey: ESCAPE
16:41:56.913 [FXGL Background Thread 3 ] DEBUG Engine               - mouseSensitivity: 0.2
16:41:56.913 [FXGL Background Thread 3 ] DEBUG Engine               - notificationViewClass: class com.almasb.fxgl.notification.view.XboxNotificationView
16:41:56.913 [FXGL Background Thread 3 ] DEBUG Engine               - pixelsPerMeter: 50.0
16:41:56.913 [FXGL Background Thread 3 ] DEBUG Engine               - platform: WINDOWS
16:41:56.913 [FXGL Background Thread 3 ] DEBUG Engine               - prefHeightProperty: ReadOnlyDoubleProperty [value: 720.0]
16:41:56.913 [FXGL Background Thread 3 ] DEBUG Engine               - prefWidthProperty: ReadOnlyDoubleProperty [value: 1280.0]
16:41:56.913 [FXGL Background Thread 3 ] DEBUG Engine               - profileDir: profiles/
16:41:56.913 [FXGL Background Thread 3 ] DEBUG Engine               - profileName: StringProperty [value: DEFAULT]
16:41:56.913 [FXGL Background Thread 3 ] DEBUG Engine               - randomSeed: -1
16:41:56.913 [FXGL Background Thread 3 ] DEBUG Engine               - runtimeInfo: RuntimeInfo(platform=WINDOWS, version=17.2, build=20.08.2022 16.50)
16:41:56.913 [FXGL Background Thread 3 ] DEBUG Engine               - saveFileExt: sav
16:41:56.913 [FXGL Background Thread 3 ] DEBUG Engine               - scaledHeightProp$fxgl: DoubleProperty [bound, value: 720.0]
16:41:56.913 [FXGL Background Thread 3 ] DEBUG Engine               - scaledWidthProp$fxgl: DoubleProperty [bound, value: 1280.0]
16:41:56.914 [FXGL Background Thread 3 ] DEBUG Engine               - sceneFactory: com.sunsofgod.PlatformerApp$1@6bd5f4c3
16:41:56.914 [FXGL Background Thread 3 ] DEBUG Engine               - secondsIn24h: 60
16:41:56.914 [FXGL Background Thread 3 ] DEBUG Engine               - soundMenuBack: menu/back.wav
16:41:56.914 [FXGL Background Thread 3 ] DEBUG Engine               - soundMenuPress: menu/press.wav
16:41:56.914 [FXGL Background Thread 3 ] DEBUG Engine               - soundMenuSelect: menu/select.wav
16:41:56.914 [FXGL Background Thread 3 ] DEBUG Engine               - soundNotification: core/notification.wav
16:41:56.914 [FXGL Background Thread 3 ] DEBUG Engine               - stageStyle: DECORATED
16:41:56.914 [FXGL Background Thread 3 ] DEBUG Engine               - supportedLanguages: [ENGLISH, FRENCH, GERMAN, HUNGARIAN, RUSSIAN]
16:41:56.914 [FXGL Background Thread 3 ] DEBUG Engine               - ticksPerSecond: -1
16:41:56.914 [FXGL Background Thread 3 ] DEBUG Engine               - title: Untitled
16:41:56.914 [FXGL Background Thread 3 ] DEBUG Engine               - urlGithub: https://github.com/AlmasB/FXGL
16:41:56.914 [FXGL Background Thread 3 ] DEBUG Engine               - urlLeaderboard: http://fxgl-top.herokuapp.com/
16:41:56.914 [FXGL Background Thread 3 ] DEBUG Engine               - urlPOM: https://raw.githubusercontent.com/AlmasB/FXGL/release/README.md
16:41:56.914 [FXGL Background Thread 3 ] DEBUG Engine               - userAppClass: class com.sunsofgod.PlatformerApp
16:41:56.914 [FXGL Background Thread 3 ] DEBUG Engine               - version: 0.0
16:41:56.914 [FXGL Background Thread 3 ] DEBUG Engine               - versionCheckDays: 7
16:41:56.914 [FXGL Background Thread 3 ] DEBUG Engine               - width: 1280
16:41:56.914 [FXGL Background Thread 3 ] DEBUG Engine               - Logging services
16:41:56.914 [FXGL Background Thread 3 ] DEBUG Engine               - class com.almasb.fxgl.app.services.FXGLAssetLoaderService
16:41:56.914 [FXGL Background Thread 3 ] DEBUG Engine               - class com.almasb.fxgl.app.FXGLApplication$GameApplicationService
16:41:56.914 [FXGL Background Thread 3 ] DEBUG Engine               - class com.almasb.fxgl.app.services.FXGLDialogService
16:41:56.914 [FXGL Background Thread 3 ] DEBUG Engine               - class com.almasb.fxgl.app.services.IOTaskExecutorService
16:41:56.914 [FXGL Background Thread 3 ] DEBUG Engine               - class com.almasb.fxgl.io.FileSystemService
16:41:56.914 [FXGL Background Thread 3 ] DEBUG Engine               - class com.almasb.fxgl.localization.LocalizationService
16:41:56.914 [FXGL Background Thread 3 ] DEBUG Engine               - class com.almasb.fxgl.app.services.SystemBundleService
16:41:56.914 [FXGL Background Thread 3 ] DEBUG Engine               - class com.almasb.fxgl.profile.SaveLoadService
16:41:56.914 [FXGL Background Thread 3 ] DEBUG Engine               - class com.almasb.fxgl.ui.FXGLUIFactoryServiceProvider
16:41:56.914 [FXGL Background Thread 3 ] DEBUG Engine               - class com.almasb.fxgl.ui.FXGLDialogFactoryServiceProvider
16:41:56.914 [FXGL Background Thread 3 ] DEBUG Engine               - class com.almasb.fxgl.audio.AudioPlayer
16:41:56.914 [FXGL Background Thread 3 ] DEBUG Engine               - class com.almasb.fxgl.notification.impl.NotificationServiceProvider
16:41:56.914 [FXGL Background Thread 3 ] DEBUG Engine               - class com.almasb.fxgl.achievement.AchievementService
16:41:56.914 [FXGL Background Thread 3 ] DEBUG Engine               - class com.almasb.fxgl.cutscene.CutsceneService
16:41:56.914 [FXGL Background Thread 3 ] DEBUG Engine               - class com.almasb.fxgl.minigames.MiniGameService
16:41:56.914 [FXGL Background Thread 3 ] DEBUG Engine               - class com.almasb.fxgl.net.NetService
16:41:56.914 [FXGL Background Thread 3 ] DEBUG Engine               - class com.almasb.fxgl.app.services.UpdaterService
16:41:56.914 [FXGL Background Thread 3 ] DEBUG Engine               - class com.almasb.fxgl.dev.DevService
16:42:13.140 [JavaFX Application Thread] DEBUG FXGLApplication      - Exiting FXGL
16:42:13.140 [JavaFX Application Thread] DEBUG LoopRunner           - Stopping loop
16:42:13.140 [JavaFX Application Thread] DEBUG SystemBundleService  - Saving FXGL system data
16:42:13.142 [JavaFX Application Thread] DEBUG FileSystemAccess     - Writing to: C:\Users\Balong\Desktop\SummerJobShoppee\JavaFXGame\system\fxgl.bundle
16:42:13.144 [JavaFX Application Thread] DEBUG Async                - Shutting down background threads
16:42:13.145 [JavaFX Application Thread] DEBUG PrimaryStageWindow   - Closing main window
16:42:13.158 [JavaFX Application Thread] DEBUG Logger               - Closing Logger
