17:37:04.264 [main                     ] DEBUG Logger               - Configured Logger
17:37:04.275 [main                     ] DEBUG GameApplication      - Logging settings
Title: Untitled
Version: 0.0
Width: 1280
Height: 720
Fullscreen: false
Intro: false
Profiling: false
Single step:false
App Mode: DEVELOPER
Menu Key: ESCAPE
Stage Style: DECORATED
Scene Factory: class com.sunsofgod.PlatformerApp$1

17:37:04.491 [JavaFX Application Thread] DEBUG FXGLApplication      - Initializing FXGL
17:37:04.494 [JavaFX Application Thread] INFO  Engine               - FXGL-17.2 (20.08.2022 16.50) on WINDOWS (J:21.0.4 FX:17.0.12)
17:37:04.495 [JavaFX Application Thread] DEBUG Engine               - JRE Vendor Name: Eclipse Adoptium
17:37:04.495 [JavaFX Application Thread] DEBUG Engine               - Running on OS: Windows 11 version 10.0
17:37:04.495 [JavaFX Application Thread] DEBUG Engine               - Architecture: amd64
17:37:04.495 [JavaFX Application Thread] INFO  Engine               - Source code and latest versions at: https://github.com/AlmasB/FXGL
17:37:04.496 [JavaFX Application Thread] INFO  Engine               -       Ask questions and discuss at: https://github.com/AlmasB/FXGL/discussions
17:37:04.497 [JavaFX Application Thread] INFO  Engine               -              Join the FXGL chat at: https://gitter.im/AlmasB/FXGL
17:37:04.558 [JavaFX Application Thread] DEBUG PrimaryStageWindow   - Creating a JavaFX scene
17:37:04.590 [JavaFX Application Thread] DEBUG PrimaryStageWindow   - Target settings size: 1280.0 x 720.0
17:37:04.590 [JavaFX Application Thread] DEBUG PrimaryStageWindow   - Scaled scene size:    1280.0 x 720.0
17:37:04.590 [JavaFX Application Thread] DEBUG PrimaryStageWindow   - Scaled ratio: (1.0, 1.0)
17:37:04.591 [JavaFX Application Thread] DEBUG PrimaryStageWindow   - Set initial scene to FXGLStartupScene
17:37:04.595 [JavaFX Application Thread] DEBUG PrimaryStageWindow   - Opening main window
17:37:04.674 [JavaFX Application Thread] DEBUG PrimaryStageWindow   - Window border size: (14.4000244140625, 37.5999755859375)
17:37:04.674 [JavaFX Application Thread] DEBUG PrimaryStageWindow   - Scaled size: 1280.0 x 720.0
17:37:04.675 [JavaFX Application Thread] DEBUG PrimaryStageWindow   - Scaled ratio: (1.0, 1.0)
17:37:04.675 [JavaFX Application Thread] DEBUG PrimaryStageWindow   - Scene size: 1280.0 x 720.0
17:37:04.675 [JavaFX Application Thread] DEBUG PrimaryStageWindow   - Stage size: 1294.4000244140625 x 757.5999755859375
17:37:04.682 [FXGL Background Thread 1 ] DEBUG Engine               - Initializing environment variables
17:37:04.718 [FXGL Background Thread 1 ] DEBUG FXGLAssetLoaderServi - User app class for loading assets: class com.sunsofgod.PlatformerApp
17:37:04.718 [FXGL Background Thread 1 ] DEBUG GameApplicationServi - Applying CSS: fxgl_dark.css
17:37:04.720 [FXGL Background Thread 1 ] DEBUG FXGLAssetLoaderServi - Loading from file system: jar:file:///C:/Users/jamie/.m2/repository/com/github/almasb/fxgl/17.2/fxgl-17.2.jar!/fxglassets/ui/css/fxgl_dark.css
17:37:04.750 [FXGL Background Thread 1 ] DEBUG GameApplicationServi - Initializing application scenes
17:37:04.785 [FXGL Background Thread 1 ] WARN  FXGLAssetLoaderServi - Asset "/assets/textures/player.png" was not found!
17:37:04.785 [FXGL Background Thread 1 ] WARN  FXGLAssetLoaderServi - Failed to load IMAGE
17:37:04.814 [FXGL Background Thread 1 ] DEBUG GameWorld            - Game world initialized
17:37:04.846 [FXGL Background Thread 1 ] DEBUG PhysicsWorld         - Physics world initialized: appHeight=720, physics.ppm=50.0
17:37:04.846 [FXGL Background Thread 1 ] DEBUG PhysicsWorld         - Using strategy: BRUTE_FORCE
17:37:04.848 [FXGL Background Thread 1 ] DEBUG GameScene            - Game scene initialized: 1280x720
17:37:05.012 [FXGL Background Thread 1 ] DEBUG GameApplicationServi - Application scenes initialized
17:37:05.021 [FXGL Background Thread 1 ] DEBUG SystemBundleService  - Loading FXGL system data
17:37:05.024 [FXGL Background Thread 1 ] DEBUG FileSystemAccess     - Reading from: C:\Users\jamie\OneDrive\Pictures\JavaFXGame\system\fxgl.bundle
17:37:05.032 [FXGL Background Thread 1 ] DEBUG SystemBundleService  - Bundle FXGL: {}
17:37:05.032 [FXGL Background Thread 1 ] DEBUG UpdaterService       - Checking for updates
17:37:05.056 [FXGL Background Thread 4 ] DEBUG FXGLApplication      - Loading fonts
17:37:05.056 [FXGL Background Thread 1 ] DEBUG FXGLApplication      - Loading default localization
17:37:05.056 [FXGL Background Thread 4 ] DEBUG FXGLAssetLoaderServi - Loading from file system: jar:file:///C:/Users/jamie/.m2/repository/com/github/almasb/fxgl/17.2/fxgl-17.2.jar!/fxglassets/ui/fonts/VarelaRound-Regular.ttf
17:37:05.056 [FXGL Background Thread 1 ] DEBUG FXGLAssetLoaderServi - Loading from file system: jar:file:///C:/Users/jamie/.m2/repository/com/github/almasb/fxgl/17.2/fxgl-17.2.jar!/fxglassets/languages/english.lang
17:37:05.069 [FXGL Background Thread 1 ] INFO  FXGLApplication      - FXGL initialization took: 0.387 sec
17:37:05.070 [JavaFX Application Thread] DEBUG FXGLAssetLoaderServi - Loading from file system: jar:file:///C:/Users/jamie/.m2/repository/com/github/almasb/fxgl/17.2/fxgl-17.2.jar!/fxglassets/textures/fxgl_icon.png
17:37:05.083 [FXGL Background Thread 4 ] DEBUG FXGLAssetLoaderServi - Loading from file system: jar:file:///C:/Users/jamie/.m2/repository/com/github/almasb/fxgl/17.2/fxgl-17.2.jar!/fxglassets/ui/fonts/Abel-Regular.ttf
17:37:05.084 [JavaFX Application Thread] DEBUG FXGLAssetLoaderServi - Loading from file system: jar:file:///C:/Users/jamie/.m2/repository/com/github/almasb/fxgl/17.2/fxgl-17.2.jar!/fxglassets/textures/fxgl_default_cursor.png
17:37:05.085 [FXGL Background Thread 4 ] DEBUG FXGLAssetLoaderServi - Loading from file system: jar:file:///C:/Users/jamie/.m2/repository/com/github/almasb/fxgl/17.2/fxgl-17.2.jar!/fxglassets/ui/fonts/TerminalLandMono-Regular.otf
17:37:05.088 [FXGL Background Thread 4 ] DEBUG FXGLAssetLoaderServi - Loading from file system: jar:file:///C:/Users/jamie/.m2/repository/com/github/almasb/fxgl/17.2/fxgl-17.2.jar!/fxglassets/ui/fonts/Courier-Prime.ttf
17:37:05.095 [JavaFX Application Thread] DEBUG Input                - Registered new binding: Screenshot - CTRL+8
17:37:05.095 [JavaFX Application Thread] DEBUG Input                - Registered new binding: Dev Options - 1
17:37:05.095 [JavaFX Application Thread] DEBUG Input                - Registered new binding: Dev Console - 2
17:37:05.096 [JavaFX Application Thread] DEBUG Input                - Registered new binding: System info dump - CTRL+9
17:37:05.096 [JavaFX Application Thread] DEBUG Input                - Registered new binding: Restart - CTRL+R
17:37:05.097 [JavaFX Application Thread] DEBUG Input                - Registered new binding: Toggle Debug Camera - CTRL+7
17:37:05.100 [JavaFX Application Thread] DEBUG LoopRunner           - Starting loop
17:37:05.108 [JavaFX Application Thread] DEBUG LoopRunner           - Initializing JavaFX AnimationTimerLoop
17:37:05.111 [JavaFX Application Thread] DEBUG Input                - Clearing active input actions
17:37:05.117 [JavaFX Application Thread] DEBUG GameApplicationServi - Removing overlay from FXGLStartupScene and adding to FXGLMainMenuDummyScene
17:37:05.121 [JavaFX Application Thread] DEBUG PrimaryStageWindow   - FXGLStartupScene -> FXGLMainMenuDummyScene
17:37:05.121 [JavaFX Application Thread] DEBUG PrimaryStageWindow   - Push state: RiderMainMenuScene
17:37:05.121 [JavaFX Application Thread] DEBUG Input                - Clearing active input actions
17:37:05.127 [JavaFX Application Thread] DEBUG GameApplicationServi - Removing overlay from FXGLMainMenuDummyScene and adding to RiderMainMenuScene
17:37:05.127 [JavaFX Application Thread] DEBUG PrimaryStageWindow   - FXGLMainMenuDummyScene -> RiderMainMenuScene
17:37:05.254 [JavaFX Application Thread] DEBUG FXGLApplication      - Registering font factories with UI factory
17:37:05.573 [FXGL Background Thread 2 ] INFO  UpdaterService       - Your current version:  17.2
17:37:05.573 [FXGL Background Thread 2 ] INFO  UpdaterService       - Latest stable version: 21.1
17:37:06.630 [JavaFX Application Thread] DEBUG PrimaryStageWindow   - Push state: PlayerSelectScene
17:37:06.631 [JavaFX Application Thread] DEBUG Input                - Clearing active input actions
17:37:06.631 [JavaFX Application Thread] DEBUG GameApplicationServi - Removing overlay from RiderMainMenuScene and adding to PlayerSelectScene
17:37:06.632 [JavaFX Application Thread] DEBUG PrimaryStageWindow   - RiderMainMenuScene -> PlayerSelectScene
17:37:08.056 [FXGL Background Thread 3 ] DEBUG Engine               - Logging environment variables
17:37:08.056 [FXGL Background Thread 3 ] DEBUG Engine               - achievements: []
17:37:08.056 [FXGL Background Thread 3 ] DEBUG Engine               - actualHeight: 720.0
17:37:08.056 [FXGL Background Thread 3 ] DEBUG Engine               - actualHeightProperty: ReadOnlyDoubleProperty [value: 720.0]
17:37:08.057 [FXGL Background Thread 3 ] DEBUG Engine               - actualWidth: 1280.0
17:37:08.057 [FXGL Background Thread 3 ] DEBUG Engine               - actualWidthProperty: ReadOnlyDoubleProperty [value: 1280.0]
17:37:08.057 [FXGL Background Thread 3 ] DEBUG Engine               - appIcon: fxgl_icon.png
17:37:08.057 [FXGL Background Thread 3 ] DEBUG Engine               - applicationMode: DEVELOPER
17:37:08.057 [FXGL Background Thread 3 ] DEBUG Engine               - cSSList: [fxgl_dark.css]
17:37:08.057 [FXGL Background Thread 3 ] DEBUG Engine               - collisionDetectionStrategy: BRUTE_FORCE
17:37:08.057 [FXGL Background Thread 3 ] DEBUG Engine               - configClass: Optional.empty
17:37:08.057 [FXGL Background Thread 3 ] DEBUG Engine               - credits: []
17:37:08.058 [FXGL Background Thread 3 ] DEBUG Engine               - defaultCursor: CursorInfo(imageName=fxgl_default_cursor.png, hotspotX=7.0, hotspotY=6.0)
17:37:08.058 [FXGL Background Thread 3 ] DEBUG Engine               - devBBoxColorProperty: ObjectProperty [value: 0xff0000ff]
17:37:08.058 [FXGL Background Thread 3 ] DEBUG Engine               - devEnableDebugCameraProperty: BooleanProperty [value: false]
17:37:08.060 [FXGL Background Thread 3 ] DEBUG Engine               - devSensorColorProperty: ObjectProperty [value: 0xffff00ff]
17:37:08.060 [FXGL Background Thread 3 ] DEBUG Engine               - devShowBBoxProperty: BooleanProperty [value: false]
17:37:08.060 [FXGL Background Thread 3 ] DEBUG Engine               - devShowPositionProperty: BooleanProperty [value: false]
17:37:08.060 [FXGL Background Thread 3 ] DEBUG Engine               - enabledMenuItems: []
17:37:08.060 [FXGL Background Thread 3 ] DEBUG Engine               - engineServices: [class com.almasb.fxgl.app.services.FXGLAssetLoaderService, class com.almasb.fxgl.app.FXGLApplication$GameApplicationService, class com.almasb.fxgl.app.services.FXGLDialogService, class com.almasb.fxgl.app.services.IOTaskExecutorService, class com.almasb.fxgl.io.FileSystemService, class com.almasb.fxgl.localization.LocalizationService, class com.almasb.fxgl.app.services.SystemBundleService, class com.almasb.fxgl.profile.SaveLoadService, class com.almasb.fxgl.ui.FXGLUIFactoryServiceProvider, class com.almasb.fxgl.ui.FXGLDialogFactoryServiceProvider, class com.almasb.fxgl.audio.AudioPlayer, class com.almasb.fxgl.notification.impl.NotificationServiceProvider, class com.almasb.fxgl.achievement.AchievementService, class com.almasb.fxgl.cutscene.CutsceneService, class com.almasb.fxgl.minigames.MiniGameService, class com.almasb.fxgl.net.NetService, class com.almasb.fxgl.app.services.UpdaterService, class com.almasb.fxgl.dev.DevService]
17:37:08.060 [FXGL Background Thread 3 ] DEBUG Engine               - fontGame: Abel-Regular.ttf
17:37:08.060 [FXGL Background Thread 3 ] DEBUG Engine               - fontMono: TerminalLandMono-Regular.otf
17:37:08.060 [FXGL Background Thread 3 ] DEBUG Engine               - fontText: Courier-Prime.ttf
17:37:08.060 [FXGL Background Thread 3 ] DEBUG Engine               - fontUI: VarelaRound-Regular.ttf
17:37:08.060 [FXGL Background Thread 3 ] DEBUG Engine               - fullScreen: BooleanProperty [value: false]
17:37:08.060 [FXGL Background Thread 3 ] DEBUG Engine               - gameDifficulty: MEDIUM
17:37:08.060 [FXGL Background Thread 3 ] DEBUG Engine               - gameDifficultyProperty: ObjectProperty [value: MEDIUM]
17:37:08.060 [FXGL Background Thread 3 ] DEBUG Engine               - globalMusicVolume: 0.5
17:37:08.060 [FXGL Background Thread 3 ] DEBUG Engine               - globalMusicVolumeProperty: DoubleProperty [value: 0.25]
17:37:08.060 [FXGL Background Thread 3 ] DEBUG Engine               - globalSoundVolume: 0.5
17:37:08.060 [FXGL Background Thread 3 ] DEBUG Engine               - globalSoundVolumeProperty: DoubleProperty [value: 0.5]
17:37:08.060 [FXGL Background Thread 3 ] DEBUG Engine               - height: 720
17:37:08.060 [FXGL Background Thread 3 ] DEBUG Engine               - is3D: false
17:37:08.060 [FXGL Background Thread 3 ] DEBUG Engine               - isAndroid: false
17:37:08.060 [FXGL Background Thread 3 ] DEBUG Engine               - isBrowser: false
17:37:08.061 [FXGL Background Thread 3 ] DEBUG Engine               - isClickFeedbackEnabled: false
17:37:08.061 [FXGL Background Thread 3 ] DEBUG Engine               - isCloseConfirmation: false
17:37:08.061 [FXGL Background Thread 3 ] DEBUG Engine               - isDesktop: true
17:37:08.061 [FXGL Background Thread 3 ] DEBUG Engine               - isDeveloperMenuEnabled: true
17:37:08.061 [FXGL Background Thread 3 ] DEBUG Engine               - isEmbedded: false
17:37:08.061 [FXGL Background Thread 3 ] DEBUG Engine               - isEntityPreloadEnabled: true
17:37:08.061 [FXGL Background Thread 3 ] DEBUG Engine               - isExperimentalTiledLargeMap: false
17:37:08.061 [FXGL Background Thread 3 ] DEBUG Engine               - isFileSystemWriteAllowed: true
17:37:08.061 [FXGL Background Thread 3 ] DEBUG Engine               - isFullScreenAllowed: false
17:37:08.061 [FXGL Background Thread 3 ] DEBUG Engine               - isFullScreenFromStart: false
17:37:08.061 [FXGL Background Thread 3 ] DEBUG Engine               - isGameMenuEnabled: true
17:37:08.061 [FXGL Background Thread 3 ] DEBUG Engine               - isIOS: false
17:37:08.061 [FXGL Background Thread 3 ] DEBUG Engine               - isIntroEnabled: false
17:37:08.061 [FXGL Background Thread 3 ] DEBUG Engine               - isLinux: false
17:37:08.061 [FXGL Background Thread 3 ] DEBUG Engine               - isMac: false
17:37:08.061 [FXGL Background Thread 3 ] DEBUG Engine               - isMainMenuEnabled: true
17:37:08.061 [FXGL Background Thread 3 ] DEBUG Engine               - isManualResizeEnabled: false
17:37:08.061 [FXGL Background Thread 3 ] DEBUG Engine               - isMobile: false
17:37:08.061 [FXGL Background Thread 3 ] DEBUG Engine               - isNative: false
17:37:08.061 [FXGL Background Thread 3 ] DEBUG Engine               - isPauseMusicWhenMinimized: true
17:37:08.061 [FXGL Background Thread 3 ] DEBUG Engine               - isPreserveResizeRatio: false
17:37:08.061 [FXGL Background Thread 3 ] DEBUG Engine               - isProfilingEnabled: false
17:37:08.061 [FXGL Background Thread 3 ] DEBUG Engine               - isScaleAffectedOnResize: true
17:37:08.061 [FXGL Background Thread 3 ] DEBUG Engine               - isSingleStep: false
17:37:08.061 [FXGL Background Thread 3 ] DEBUG Engine               - isUserProfileEnabled: false
17:37:08.062 [FXGL Background Thread 3 ] DEBUG Engine               - isWindows: true
17:37:08.062 [FXGL Background Thread 3 ] DEBUG Engine               - language: ObjectProperty [value: ENGLISH]
17:37:08.062 [FXGL Background Thread 3 ] DEBUG Engine               - menuKey: ESCAPE
17:37:08.062 [FXGL Background Thread 3 ] DEBUG Engine               - mouseSensitivity: 0.2
17:37:08.062 [FXGL Background Thread 3 ] DEBUG Engine               - notificationViewClass: class com.almasb.fxgl.notification.view.XboxNotificationView
17:37:08.062 [FXGL Background Thread 3 ] DEBUG Engine               - pixelsPerMeter: 50.0
17:37:08.062 [FXGL Background Thread 3 ] DEBUG Engine               - platform: WINDOWS
17:37:08.062 [FXGL Background Thread 3 ] DEBUG Engine               - prefHeightProperty: ReadOnlyDoubleProperty [value: 720.0]
17:37:08.062 [FXGL Background Thread 3 ] DEBUG Engine               - prefWidthProperty: ReadOnlyDoubleProperty [value: 1280.0]
17:37:08.062 [FXGL Background Thread 3 ] DEBUG Engine               - profileDir: profiles/
17:37:08.062 [FXGL Background Thread 3 ] DEBUG Engine               - profileName: StringProperty [value: DEFAULT]
17:37:08.062 [FXGL Background Thread 3 ] DEBUG Engine               - randomSeed: -1
17:37:08.062 [FXGL Background Thread 3 ] DEBUG Engine               - runtimeInfo: RuntimeInfo(platform=WINDOWS, version=17.2, build=20.08.2022 16.50)
17:37:08.062 [FXGL Background Thread 3 ] DEBUG Engine               - saveFileExt: sav
17:37:08.062 [FXGL Background Thread 3 ] DEBUG Engine               - scaledHeightProp$fxgl: DoubleProperty [bound, value: 720.0]
17:37:08.062 [FXGL Background Thread 3 ] DEBUG Engine               - scaledWidthProp$fxgl: DoubleProperty [bound, value: 1280.0]
17:37:08.062 [FXGL Background Thread 3 ] DEBUG Engine               - sceneFactory: com.sunsofgod.PlatformerApp$1@7a2455c
17:37:08.062 [FXGL Background Thread 3 ] DEBUG Engine               - secondsIn24h: 60
17:37:08.062 [FXGL Background Thread 3 ] DEBUG Engine               - soundMenuBack: menu/back.wav
17:37:08.062 [FXGL Background Thread 3 ] DEBUG Engine               - soundMenuPress: menu/press.wav
17:37:08.062 [FXGL Background Thread 3 ] DEBUG Engine               - soundMenuSelect: menu/select.wav
17:37:08.063 [FXGL Background Thread 3 ] DEBUG Engine               - soundNotification: core/notification.wav
17:37:08.063 [FXGL Background Thread 3 ] DEBUG Engine               - stageStyle: DECORATED
17:37:08.063 [FXGL Background Thread 3 ] DEBUG Engine               - supportedLanguages: [ENGLISH, FRENCH, GERMAN, HUNGARIAN, RUSSIAN]
17:37:08.063 [FXGL Background Thread 3 ] DEBUG Engine               - ticksPerSecond: -1
17:37:08.063 [FXGL Background Thread 3 ] DEBUG Engine               - title: Untitled
17:37:08.063 [FXGL Background Thread 3 ] DEBUG Engine               - urlGithub: https://github.com/AlmasB/FXGL
17:37:08.063 [FXGL Background Thread 3 ] DEBUG Engine               - urlLeaderboard: http://fxgl-top.herokuapp.com/
17:37:08.063 [FXGL Background Thread 3 ] DEBUG Engine               - urlPOM: https://raw.githubusercontent.com/AlmasB/FXGL/release/README.md
17:37:08.063 [FXGL Background Thread 3 ] DEBUG Engine               - userAppClass: class com.sunsofgod.PlatformerApp
17:37:08.063 [FXGL Background Thread 3 ] DEBUG Engine               - version: 0.0
17:37:08.063 [FXGL Background Thread 3 ] DEBUG Engine               - versionCheckDays: 7
17:37:08.063 [FXGL Background Thread 3 ] DEBUG Engine               - width: 1280
17:37:08.063 [FXGL Background Thread 3 ] DEBUG Engine               - Logging services
17:37:08.063 [FXGL Background Thread 3 ] DEBUG Engine               - class com.almasb.fxgl.app.services.FXGLAssetLoaderService
17:37:08.063 [FXGL Background Thread 3 ] DEBUG Engine               - class com.almasb.fxgl.app.FXGLApplication$GameApplicationService
17:37:08.063 [FXGL Background Thread 3 ] DEBUG Engine               - class com.almasb.fxgl.app.services.FXGLDialogService
17:37:08.063 [FXGL Background Thread 3 ] DEBUG Engine               - class com.almasb.fxgl.app.services.IOTaskExecutorService
17:37:08.063 [FXGL Background Thread 3 ] DEBUG Engine               - class com.almasb.fxgl.io.FileSystemService
17:37:08.063 [FXGL Background Thread 3 ] DEBUG Engine               - class com.almasb.fxgl.localization.LocalizationService
17:37:08.063 [FXGL Background Thread 3 ] DEBUG Engine               - class com.almasb.fxgl.app.services.SystemBundleService
17:37:08.063 [FXGL Background Thread 3 ] DEBUG Engine               - class com.almasb.fxgl.profile.SaveLoadService
17:37:08.063 [FXGL Background Thread 3 ] DEBUG Engine               - class com.almasb.fxgl.ui.FXGLUIFactoryServiceProvider
17:37:08.063 [FXGL Background Thread 3 ] DEBUG Engine               - class com.almasb.fxgl.ui.FXGLDialogFactoryServiceProvider
17:37:08.063 [FXGL Background Thread 3 ] DEBUG Engine               - class com.almasb.fxgl.audio.AudioPlayer
17:37:08.063 [FXGL Background Thread 3 ] DEBUG Engine               - class com.almasb.fxgl.notification.impl.NotificationServiceProvider
17:37:08.063 [FXGL Background Thread 3 ] DEBUG Engine               - class com.almasb.fxgl.achievement.AchievementService
17:37:08.063 [FXGL Background Thread 3 ] DEBUG Engine               - class com.almasb.fxgl.cutscene.CutsceneService
17:37:08.063 [FXGL Background Thread 3 ] DEBUG Engine               - class com.almasb.fxgl.minigames.MiniGameService
17:37:08.063 [FXGL Background Thread 3 ] DEBUG Engine               - class com.almasb.fxgl.net.NetService
17:37:08.063 [FXGL Background Thread 3 ] DEBUG Engine               - class com.almasb.fxgl.app.services.UpdaterService
17:37:08.063 [FXGL Background Thread 3 ] DEBUG Engine               - class com.almasb.fxgl.dev.DevService
17:37:09.064 [JavaFX Application Thread] DEBUG PrimaryStageWindow   - Push state: LevelSelectScene
17:37:09.064 [JavaFX Application Thread] DEBUG Input                - Clearing active input actions
17:37:09.065 [JavaFX Application Thread] DEBUG GameApplicationServi - Removing overlay from PlayerSelectScene and adding to LevelSelectScene
17:37:09.066 [JavaFX Application Thread] DEBUG PrimaryStageWindow   - PlayerSelectScene -> LevelSelectScene
17:37:10.484 [JavaFX Application Thread] DEBUG Menu                 - fireNewGame()
17:37:10.484 [JavaFX Application Thread] DEBUG GameApplicationServi - Starting new game
17:37:10.484 [JavaFX Application Thread] DEBUG PrimaryStageWindow   - Pop state: LevelSelectScene
17:37:10.484 [JavaFX Application Thread] DEBUG Input                - Clearing active input actions
17:37:10.485 [JavaFX Application Thread] DEBUG GameApplicationServi - Removing overlay from LevelSelectScene and adding to PlayerSelectScene
17:37:10.486 [JavaFX Application Thread] DEBUG PrimaryStageWindow   - PlayerSelectScene <- LevelSelectScene
17:37:10.486 [JavaFX Application Thread] DEBUG PrimaryStageWindow   - Pop state: PlayerSelectScene
17:37:10.486 [JavaFX Application Thread] DEBUG Input                - Clearing active input actions
17:37:10.486 [JavaFX Application Thread] DEBUG GameApplicationServi - Removing overlay from PlayerSelectScene and adding to RiderMainMenuScene
17:37:10.486 [JavaFX Application Thread] DEBUG PrimaryStageWindow   - RiderMainMenuScene <- PlayerSelectScene
17:37:10.486 [JavaFX Application Thread] DEBUG PrimaryStageWindow   - Pop state: RiderMainMenuScene
17:37:10.486 [JavaFX Application Thread] DEBUG Input                - Clearing active input actions
17:37:10.487 [JavaFX Application Thread] DEBUG GameApplicationServi - Removing overlay from RiderMainMenuScene and adding to FXGLMainMenuDummyScene
17:37:10.487 [JavaFX Application Thread] DEBUG PrimaryStageWindow   - FXGLMainMenuDummyScene <- RiderMainMenuScene
17:37:10.488 [JavaFX Application Thread] DEBUG Input                - Clearing active input actions
17:37:10.491 [JavaFX Application Thread] DEBUG GameApplicationServi - Removing overlay from FXGLMainMenuDummyScene and adding to MainLoadingScene
17:37:10.491 [JavaFX Application Thread] DEBUG PrimaryStageWindow   - FXGLMainMenuDummyScene -> MainLoadingScene
17:37:10.491 [JavaFX Application Thread] DEBUG GameApplicationServi - Clearing previous game
17:37:10.491 [JavaFX Application Thread] DEBUG GameScene            - Clearing game scene
17:37:10.492 [JavaFX Application Thread] DEBUG GameWorld            - Clearing game world
17:37:10.492 [JavaFX Application Thread] DEBUG PhysicsWorld         - Clearing physics world
17:37:10.492 [FXGL Background Thread 2 ] DEBUG FXGLApplication      - Initializing game
17:37:10.523 [FXGL Background Thread 2 ] WARN  TMXLevelLoader       - TiledMap generated from 1.11.0. Supported version: 1.9.0. Some features may not be parsed fully.
17:37:10.533 [FXGL Background Thread 2 ] DEBUG TMXLevelLoader       - Parsed TiledMap: file:/C:/Users/jamie/OneDrive/Pictures/JavaFXGame/target/classes/assets/levels/tmx/level4.tmx
17:37:10.534 [FXGL Background Thread 2 ] DEBUG TMXLevelLoader       - Creating tile layer entities
17:37:10.535 [FXGL Background Thread 2 ] DEBUG TilesetLoader        - Loading view for layer BG
17:37:10.545 [FXGL Background Thread 2 ] DEBUG TilesetLoader        - Created buffer with size 4200.0x700.0
17:37:10.563 [FXGL Background Thread 2 ] DEBUG TilesetLoader        - Loading view for layer Tile Layer 1
17:37:10.577 [FXGL Background Thread 2 ] DEBUG TilesetLoader        - Created buffer with size 4200.0x700.0
17:37:10.580 [FXGL Background Thread 2 ] DEBUG TMXLevelLoader       - Creating object layer entities
17:37:10.602 [FXGL Background Thread 2 ] DEBUG FXGLAssetLoaderServi - Loading from file system: file:/C:/Users/jamie/OneDrive/Pictures/JavaFXGame/target/classes/assets/textures/button.png
17:37:10.616 [FXGL Background Thread 2 ] DEBUG GameWorld            - Clearing removable entities
17:37:10.617 [FXGL Background Thread 2 ] DEBUG GameWorld            - Setting level: com.almasb.fxgl.entity.level.Level@37c6c4b2
17:37:10.623 [FXGL Background Thread 2 ] DEBUG FXGLAssetLoaderServi - Loading from file system: file:/C:/Users/jamie/OneDrive/Pictures/JavaFXGame/target/classes/assets/textures/player3.png
17:37:10.631 [FXGL Background Thread 2 ] DEBUG Input                - Clearing active input actions
17:37:10.631 [FXGL Background Thread 2 ] DEBUG Input                - Registered new binding: Jump0 - W
17:37:10.632 [FXGL Background Thread 2 ] DEBUG Input                - Registered new binding: Left0 - A
17:37:10.632 [FXGL Background Thread 2 ] DEBUG Input                - Registered new binding: Right0 - D
17:37:10.632 [FXGL Background Thread 2 ] DEBUG Input                - Registered new binding: Use0 - E
17:37:10.632 [FXGL Background Thread 2 ] DEBUG FXGLAssetLoaderServi - Loading from file system: file:/C:/Users/jamie/OneDrive/Pictures/JavaFXGame/target/classes/assets/textures/background/building.png
17:37:10.663 [FXGL Background Thread 2 ] INFO  FXGLApplication      - Game initialization took: 0.171 sec
17:37:10.663 [JavaFX Application Thread] DEBUG Input                - Clearing active input actions
17:37:10.667 [JavaFX Application Thread] DEBUG GameApplicationServi - Removing overlay from MainLoadingScene and adding to GameScene
17:37:10.668 [JavaFX Application Thread] DEBUG PrimaryStageWindow   - MainLoadingScene -> GameScene
17:37:13.507 [JavaFX Application Thread] DEBUG FXGLAssetLoaderServi - Loading from file system: file:/C:/Users/jamie/OneDrive/Pictures/JavaFXGame/target/classes/assets/sounds/jump.wav
17:37:38.598 [JavaFX Application Thread] DEBUG FXGLAssetLoaderServi - Loading from file system: file:/C:/Users/jamie/OneDrive/Pictures/JavaFXGame/target/classes/assets/textures/exit_sign.png
17:37:41.493 [JavaFX Application Thread] DEBUG FXGLApplication      - Exiting FXGL
17:37:41.493 [JavaFX Application Thread] DEBUG LoopRunner           - Stopping loop
17:37:41.493 [JavaFX Application Thread] DEBUG SystemBundleService  - Saving FXGL system data
17:37:41.501 [JavaFX Application Thread] DEBUG FileSystemAccess     - Writing to: C:\Users\jamie\OneDrive\Pictures\JavaFXGame\system\fxgl.bundle
17:37:41.504 [JavaFX Application Thread] DEBUG Async                - Shutting down background threads
17:37:41.504 [JavaFX Application Thread] DEBUG PrimaryStageWindow   - Closing main window
17:37:41.520 [JavaFX Application Thread] DEBUG Logger               - Closing Logger
