01:17:07.752 [main                     ] DEBUG Logger               - Configured Logger
01:17:07.766 [main                     ] DEBUG GameApplication      - Logging settings
Title: Untitled
Version: 0.0
Width: 1280
Height: 720
Fullscreen: false
Intro: false
Profiling: false
Single step:false
App Mode: DEVELOPER
Menu Key: ESCAPE
Stage Style: DECORATED
Scene Factory: class com.sunsofgod.PlatformerApp$1

01:17:08.027 [JavaFX Application Thread] DEBUG FXGLApplication      - Initializing FXGL
01:17:08.030 [JavaFX Application Thread] INFO  Engine               - FXGL-17.2 (20.08.2022 16.50) on WINDOWS (J:21.0.4 FX:17.0.12)
01:17:08.030 [JavaFX Application Thread] DEBUG Engine               - JRE Vendor Name: Eclipse Adoptium
01:17:08.031 [JavaFX Application Thread] DEBUG Engine               - Running on OS: Windows 11 version 10.0
01:17:08.031 [JavaFX Application Thread] DEBUG Engine               - Architecture: amd64
01:17:08.031 [JavaFX Application Thread] INFO  Engine               - Source code and latest versions at: https://github.com/AlmasB/FXGL
01:17:08.031 [JavaFX Application Thread] INFO  Engine               -       Ask questions and discuss at: https://github.com/AlmasB/FXGL/discussions
01:17:08.031 [JavaFX Application Thread] INFO  Engine               -              Join the FXGL chat at: https://gitter.im/AlmasB/FXGL
01:17:08.089 [JavaFX Application Thread] DEBUG PrimaryStageWindow   - Creating a JavaFX scene
01:17:08.117 [JavaFX Application Thread] DEBUG PrimaryStageWindow   - Target settings size: 1280.0 x 720.0
01:17:08.117 [JavaFX Application Thread] DEBUG PrimaryStageWindow   - Scaled scene size:    1280.0 x 720.0
01:17:08.117 [JavaFX Application Thread] DEBUG PrimaryStageWindow   - Scaled ratio: (1.0, 1.0)
01:17:08.118 [JavaFX Application Thread] DEBUG PrimaryStageWindow   - Set initial scene to FXGLStartupScene
01:17:08.122 [JavaFX Application Thread] DEBUG PrimaryStageWindow   - Opening main window
01:17:08.174 [JavaFX Application Thread] DEBUG PrimaryStageWindow   - Window border size: (16.0, 39.0)
01:17:08.175 [JavaFX Application Thread] DEBUG PrimaryStageWindow   - Scaled size: 1280.0 x 720.0
01:17:08.175 [JavaFX Application Thread] DEBUG PrimaryStageWindow   - Scaled ratio: (1.0, 1.0)
01:17:08.175 [JavaFX Application Thread] DEBUG PrimaryStageWindow   - Scene size: 1280.0 x 720.0
01:17:08.175 [JavaFX Application Thread] DEBUG PrimaryStageWindow   - Stage size: 1296.0 x 759.0
01:17:08.180 [FXGL Background Thread 1 ] DEBUG Engine               - Initializing environment variables
01:17:08.212 [FXGL Background Thread 1 ] DEBUG FXGLAssetLoaderServi - User app class for loading assets: class com.sunsofgod.PlatformerApp
01:17:08.212 [FXGL Background Thread 1 ] DEBUG GameApplicationServi - Applying CSS: fxgl_dark.css
01:17:08.212 [FXGL Background Thread 1 ] DEBUG FXGLAssetLoaderServi - Loading from file system: jar:file:///C:/Users/Balong/.m2/repository/com/github/almasb/fxgl/17.2/fxgl-17.2.jar!/fxglassets/ui/css/fxgl_dark.css
01:17:08.242 [FXGL Background Thread 1 ] DEBUG GameApplicationServi - Initializing application scenes
01:17:08.273 [FXGL Background Thread 1 ] WARN  FXGLAssetLoaderServi - Asset "/assets/textures/player.png" was not found!
01:17:08.273 [FXGL Background Thread 1 ] WARN  FXGLAssetLoaderServi - Failed to load IMAGE
01:17:08.290 [FXGL Background Thread 1 ] DEBUG GameWorld            - Game world initialized
01:17:08.320 [FXGL Background Thread 1 ] DEBUG PhysicsWorld         - Physics world initialized: appHeight=720, physics.ppm=50.0
01:17:08.320 [FXGL Background Thread 1 ] DEBUG PhysicsWorld         - Using strategy: BRUTE_FORCE
01:17:08.323 [FXGL Background Thread 1 ] DEBUG GameScene            - Game scene initialized: 1280x720
01:17:08.505 [FXGL Background Thread 1 ] DEBUG GameApplicationServi - Application scenes initialized
01:17:08.515 [FXGL Background Thread 1 ] DEBUG SystemBundleService  - Loading FXGL system data
01:17:08.517 [FXGL Background Thread 1 ] DEBUG FileSystemAccess     - Reading from: C:\Users\Balong\Desktop\JavaFXGame-3\system\fxgl.bundle
01:17:08.524 [FXGL Background Thread 1 ] DEBUG SystemBundleService  - Bundle FXGL: {}
01:17:08.524 [FXGL Background Thread 1 ] DEBUG UpdaterService       - Checking for updates
01:17:08.538 [FXGL Background Thread 4 ] DEBUG FXGLApplication      - Loading fonts
01:17:08.539 [FXGL Background Thread 4 ] DEBUG FXGLAssetLoaderServi - Loading from file system: jar:file:///C:/Users/Balong/.m2/repository/com/github/almasb/fxgl/17.2/fxgl-17.2.jar!/fxglassets/ui/fonts/VarelaRound-Regular.ttf
01:17:08.539 [FXGL Background Thread 1 ] DEBUG FXGLApplication      - Loading default localization
01:17:08.539 [FXGL Background Thread 1 ] DEBUG FXGLAssetLoaderServi - Loading from file system: jar:file:///C:/Users/Balong/.m2/repository/com/github/almasb/fxgl/17.2/fxgl-17.2.jar!/fxglassets/languages/english.lang
01:17:08.560 [FXGL Background Thread 1 ] INFO  FXGLApplication      - FXGL initialization took: 0.379 sec
01:17:08.561 [JavaFX Application Thread] DEBUG FXGLAssetLoaderServi - Loading from file system: jar:file:///C:/Users/Balong/.m2/repository/com/github/almasb/fxgl/17.2/fxgl-17.2.jar!/fxglassets/textures/fxgl_icon.png
01:17:08.573 [JavaFX Application Thread] DEBUG FXGLAssetLoaderServi - Loading from file system: jar:file:///C:/Users/Balong/.m2/repository/com/github/almasb/fxgl/17.2/fxgl-17.2.jar!/fxglassets/textures/fxgl_default_cursor.png
01:17:08.578 [FXGL Background Thread 4 ] DEBUG FXGLAssetLoaderServi - Loading from file system: jar:file:///C:/Users/Balong/.m2/repository/com/github/almasb/fxgl/17.2/fxgl-17.2.jar!/fxglassets/ui/fonts/Abel-Regular.ttf
01:17:08.581 [JavaFX Application Thread] DEBUG Input                - Registered new binding: Screenshot - CTRL+8
01:17:08.581 [JavaFX Application Thread] DEBUG Input                - Registered new binding: Dev Options - 1
01:17:08.582 [JavaFX Application Thread] DEBUG Input                - Registered new binding: Dev Console - 2
01:17:08.582 [JavaFX Application Thread] DEBUG Input                - Registered new binding: System info dump - CTRL+9
01:17:08.582 [JavaFX Application Thread] DEBUG Input                - Registered new binding: Restart - CTRL+R
01:17:08.582 [JavaFX Application Thread] DEBUG Input                - Registered new binding: Toggle Debug Camera - CTRL+7
01:17:08.584 [JavaFX Application Thread] DEBUG LoopRunner           - Starting loop
01:17:08.586 [FXGL Background Thread 4 ] DEBUG FXGLAssetLoaderServi - Loading from file system: jar:file:///C:/Users/Balong/.m2/repository/com/github/almasb/fxgl/17.2/fxgl-17.2.jar!/fxglassets/ui/fonts/TerminalLandMono-Regular.otf
01:17:08.594 [JavaFX Application Thread] DEBUG LoopRunner           - Initializing JavaFX AnimationTimerLoop
01:17:08.597 [JavaFX Application Thread] DEBUG Input                - Clearing active input actions
01:17:08.604 [FXGL Background Thread 4 ] DEBUG FXGLAssetLoaderServi - Loading from file system: jar:file:///C:/Users/Balong/.m2/repository/com/github/almasb/fxgl/17.2/fxgl-17.2.jar!/fxglassets/ui/fonts/Courier-Prime.ttf
01:17:08.605 [JavaFX Application Thread] DEBUG GameApplicationServi - Removing overlay from FXGLStartupScene and adding to FXGLMainMenuDummyScene
01:17:08.608 [JavaFX Application Thread] DEBUG PrimaryStageWindow   - FXGLStartupScene -> FXGLMainMenuDummyScene
01:17:08.608 [JavaFX Application Thread] DEBUG PrimaryStageWindow   - Push state: RiderMainMenuScene
01:17:08.608 [JavaFX Application Thread] DEBUG Input                - Clearing active input actions
01:17:08.613 [JavaFX Application Thread] DEBUG GameApplicationServi - Removing overlay from FXGLMainMenuDummyScene and adding to RiderMainMenuScene
01:17:08.614 [JavaFX Application Thread] DEBUG PrimaryStageWindow   - FXGLMainMenuDummyScene -> RiderMainMenuScene
01:17:08.731 [JavaFX Application Thread] DEBUG FXGLApplication      - Registering font factories with UI factory
01:17:08.840 [FXGL Background Thread 2 ] INFO  UpdaterService       - Your current version:  17.2
01:17:08.841 [FXGL Background Thread 2 ] INFO  UpdaterService       - Latest stable version: 21.1
01:17:09.499 [JavaFX Application Thread] DEBUG PrimaryStageWindow   - Push state: PlayerSelectScene
01:17:09.499 [JavaFX Application Thread] DEBUG Input                - Clearing active input actions
01:17:09.500 [JavaFX Application Thread] DEBUG GameApplicationServi - Removing overlay from RiderMainMenuScene and adding to PlayerSelectScene
01:17:09.501 [JavaFX Application Thread] DEBUG PrimaryStageWindow   - RiderMainMenuScene -> PlayerSelectScene
01:17:10.821 [JavaFX Application Thread] DEBUG PrimaryStageWindow   - Push state: LevelSelectScene
01:17:10.821 [JavaFX Application Thread] DEBUG Input                - Clearing active input actions
01:17:10.822 [JavaFX Application Thread] DEBUG GameApplicationServi - Removing overlay from PlayerSelectScene and adding to LevelSelectScene
01:17:10.823 [JavaFX Application Thread] DEBUG PrimaryStageWindow   - PlayerSelectScene -> LevelSelectScene
01:17:11.537 [FXGL Background Thread 3 ] DEBUG Engine               - Logging environment variables
01:17:11.537 [FXGL Background Thread 3 ] DEBUG Engine               - achievements: []
01:17:11.537 [FXGL Background Thread 3 ] DEBUG Engine               - actualHeight: 720.0
01:17:11.537 [FXGL Background Thread 3 ] DEBUG Engine               - actualHeightProperty: ReadOnlyDoubleProperty [value: 720.0]
01:17:11.537 [FXGL Background Thread 3 ] DEBUG Engine               - actualWidth: 1280.0
01:17:11.537 [FXGL Background Thread 3 ] DEBUG Engine               - actualWidthProperty: ReadOnlyDoubleProperty [value: 1280.0]
01:17:11.537 [FXGL Background Thread 3 ] DEBUG Engine               - appIcon: fxgl_icon.png
01:17:11.537 [FXGL Background Thread 3 ] DEBUG Engine               - applicationMode: DEVELOPER
01:17:11.537 [FXGL Background Thread 3 ] DEBUG Engine               - cSSList: [fxgl_dark.css]
01:17:11.537 [FXGL Background Thread 3 ] DEBUG Engine               - collisionDetectionStrategy: BRUTE_FORCE
01:17:11.538 [FXGL Background Thread 3 ] DEBUG Engine               - configClass: Optional.empty
01:17:11.538 [FXGL Background Thread 3 ] DEBUG Engine               - credits: []
01:17:11.539 [FXGL Background Thread 3 ] DEBUG Engine               - defaultCursor: CursorInfo(imageName=fxgl_default_cursor.png, hotspotX=7.0, hotspotY=6.0)
01:17:11.539 [FXGL Background Thread 3 ] DEBUG Engine               - devBBoxColorProperty: ObjectProperty [value: 0xff0000ff]
01:17:11.540 [FXGL Background Thread 3 ] DEBUG Engine               - devEnableDebugCameraProperty: BooleanProperty [value: false]
01:17:11.540 [FXGL Background Thread 3 ] DEBUG Engine               - devSensorColorProperty: ObjectProperty [value: 0xffff00ff]
01:17:11.540 [FXGL Background Thread 3 ] DEBUG Engine               - devShowBBoxProperty: BooleanProperty [value: false]
01:17:11.540 [FXGL Background Thread 3 ] DEBUG Engine               - devShowPositionProperty: BooleanProperty [value: false]
01:17:11.540 [FXGL Background Thread 3 ] DEBUG Engine               - enabledMenuItems: []
01:17:11.540 [FXGL Background Thread 3 ] DEBUG Engine               - engineServices: [class com.almasb.fxgl.app.services.FXGLAssetLoaderService, class com.almasb.fxgl.app.FXGLApplication$GameApplicationService, class com.almasb.fxgl.app.services.FXGLDialogService, class com.almasb.fxgl.app.services.IOTaskExecutorService, class com.almasb.fxgl.io.FileSystemService, class com.almasb.fxgl.localization.LocalizationService, class com.almasb.fxgl.app.services.SystemBundleService, class com.almasb.fxgl.profile.SaveLoadService, class com.almasb.fxgl.ui.FXGLUIFactoryServiceProvider, class com.almasb.fxgl.ui.FXGLDialogFactoryServiceProvider, class com.almasb.fxgl.audio.AudioPlayer, class com.almasb.fxgl.notification.impl.NotificationServiceProvider, class com.almasb.fxgl.achievement.AchievementService, class com.almasb.fxgl.cutscene.CutsceneService, class com.almasb.fxgl.minigames.MiniGameService, class com.almasb.fxgl.net.NetService, class com.almasb.fxgl.app.services.UpdaterService, class com.almasb.fxgl.dev.DevService]
01:17:11.540 [FXGL Background Thread 3 ] DEBUG Engine               - fontGame: Abel-Regular.ttf
01:17:11.540 [FXGL Background Thread 3 ] DEBUG Engine               - fontMono: TerminalLandMono-Regular.otf
01:17:11.540 [FXGL Background Thread 3 ] DEBUG Engine               - fontText: Courier-Prime.ttf
01:17:11.540 [FXGL Background Thread 3 ] DEBUG Engine               - fontUI: VarelaRound-Regular.ttf
01:17:11.540 [FXGL Background Thread 3 ] DEBUG Engine               - fullScreen: BooleanProperty [value: false]
01:17:11.540 [FXGL Background Thread 3 ] DEBUG Engine               - gameDifficulty: MEDIUM
01:17:11.540 [FXGL Background Thread 3 ] DEBUG Engine               - gameDifficultyProperty: ObjectProperty [value: MEDIUM]
01:17:11.540 [FXGL Background Thread 3 ] DEBUG Engine               - globalMusicVolume: 0.5
01:17:11.540 [FXGL Background Thread 3 ] DEBUG Engine               - globalMusicVolumeProperty: DoubleProperty [value: 0.25]
01:17:11.540 [FXGL Background Thread 3 ] DEBUG Engine               - globalSoundVolume: 0.5
01:17:11.540 [FXGL Background Thread 3 ] DEBUG Engine               - globalSoundVolumeProperty: DoubleProperty [value: 0.5]
01:17:11.541 [FXGL Background Thread 3 ] DEBUG Engine               - height: 720
01:17:11.541 [FXGL Background Thread 3 ] DEBUG Engine               - is3D: false
01:17:11.541 [FXGL Background Thread 3 ] DEBUG Engine               - isAndroid: false
01:17:11.541 [FXGL Background Thread 3 ] DEBUG Engine               - isBrowser: false
01:17:11.541 [FXGL Background Thread 3 ] DEBUG Engine               - isClickFeedbackEnabled: false
01:17:11.541 [FXGL Background Thread 3 ] DEBUG Engine               - isCloseConfirmation: false
01:17:11.541 [FXGL Background Thread 3 ] DEBUG Engine               - isDesktop: true
01:17:11.541 [FXGL Background Thread 3 ] DEBUG Engine               - isDeveloperMenuEnabled: true
01:17:11.541 [FXGL Background Thread 3 ] DEBUG Engine               - isEmbedded: false
01:17:11.541 [FXGL Background Thread 3 ] DEBUG Engine               - isEntityPreloadEnabled: true
01:17:11.541 [FXGL Background Thread 3 ] DEBUG Engine               - isExperimentalTiledLargeMap: false
01:17:11.541 [FXGL Background Thread 3 ] DEBUG Engine               - isFileSystemWriteAllowed: true
01:17:11.541 [FXGL Background Thread 3 ] DEBUG Engine               - isFullScreenAllowed: false
01:17:11.541 [FXGL Background Thread 3 ] DEBUG Engine               - isFullScreenFromStart: false
01:17:11.541 [FXGL Background Thread 3 ] DEBUG Engine               - isGameMenuEnabled: true
01:17:11.541 [FXGL Background Thread 3 ] DEBUG Engine               - isIOS: false
01:17:11.541 [FXGL Background Thread 3 ] DEBUG Engine               - isIntroEnabled: false
01:17:11.541 [FXGL Background Thread 3 ] DEBUG Engine               - isLinux: false
01:17:11.541 [FXGL Background Thread 3 ] DEBUG Engine               - isMac: false
01:17:11.541 [FXGL Background Thread 3 ] DEBUG Engine               - isMainMenuEnabled: true
01:17:11.541 [FXGL Background Thread 3 ] DEBUG Engine               - isManualResizeEnabled: false
01:17:11.541 [FXGL Background Thread 3 ] DEBUG Engine               - isMobile: false
01:17:11.541 [FXGL Background Thread 3 ] DEBUG Engine               - isNative: false
01:17:11.541 [FXGL Background Thread 3 ] DEBUG Engine               - isPauseMusicWhenMinimized: true
01:17:11.541 [FXGL Background Thread 3 ] DEBUG Engine               - isPreserveResizeRatio: false
01:17:11.541 [FXGL Background Thread 3 ] DEBUG Engine               - isProfilingEnabled: false
01:17:11.542 [FXGL Background Thread 3 ] DEBUG Engine               - isScaleAffectedOnResize: true
01:17:11.542 [FXGL Background Thread 3 ] DEBUG Engine               - isSingleStep: false
01:17:11.542 [FXGL Background Thread 3 ] DEBUG Engine               - isUserProfileEnabled: false
01:17:11.542 [FXGL Background Thread 3 ] DEBUG Engine               - isWindows: true
01:17:11.542 [FXGL Background Thread 3 ] DEBUG Engine               - language: ObjectProperty [value: ENGLISH]
01:17:11.542 [FXGL Background Thread 3 ] DEBUG Engine               - menuKey: ESCAPE
01:17:11.542 [FXGL Background Thread 3 ] DEBUG Engine               - mouseSensitivity: 0.2
01:17:11.542 [FXGL Background Thread 3 ] DEBUG Engine               - notificationViewClass: class com.almasb.fxgl.notification.view.XboxNotificationView
01:17:11.542 [FXGL Background Thread 3 ] DEBUG Engine               - pixelsPerMeter: 50.0
01:17:11.542 [FXGL Background Thread 3 ] DEBUG Engine               - platform: WINDOWS
01:17:11.542 [FXGL Background Thread 3 ] DEBUG Engine               - prefHeightProperty: ReadOnlyDoubleProperty [value: 720.0]
01:17:11.542 [FXGL Background Thread 3 ] DEBUG Engine               - prefWidthProperty: ReadOnlyDoubleProperty [value: 1280.0]
01:17:11.542 [FXGL Background Thread 3 ] DEBUG Engine               - profileDir: profiles/
01:17:11.542 [FXGL Background Thread 3 ] DEBUG Engine               - profileName: StringProperty [value: DEFAULT]
01:17:11.543 [FXGL Background Thread 3 ] DEBUG Engine               - randomSeed: -1
01:17:11.543 [FXGL Background Thread 3 ] DEBUG Engine               - runtimeInfo: RuntimeInfo(platform=WINDOWS, version=17.2, build=20.08.2022 16.50)
01:17:11.543 [FXGL Background Thread 3 ] DEBUG Engine               - saveFileExt: sav
01:17:11.543 [FXGL Background Thread 3 ] DEBUG Engine               - scaledHeightProp$fxgl: DoubleProperty [bound, value: 720.0]
01:17:11.543 [FXGL Background Thread 3 ] DEBUG Engine               - scaledWidthProp$fxgl: DoubleProperty [bound, value: 1280.0]
01:17:11.543 [FXGL Background Thread 3 ] DEBUG Engine               - sceneFactory: com.sunsofgod.PlatformerApp$1@6bab6a1c
01:17:11.543 [FXGL Background Thread 3 ] DEBUG Engine               - secondsIn24h: 60
01:17:11.543 [FXGL Background Thread 3 ] DEBUG Engine               - soundMenuBack: menu/back.wav
01:17:11.543 [FXGL Background Thread 3 ] DEBUG Engine               - soundMenuPress: menu/press.wav
01:17:11.543 [FXGL Background Thread 3 ] DEBUG Engine               - soundMenuSelect: menu/select.wav
01:17:11.543 [FXGL Background Thread 3 ] DEBUG Engine               - soundNotification: core/notification.wav
01:17:11.543 [FXGL Background Thread 3 ] DEBUG Engine               - stageStyle: DECORATED
01:17:11.543 [FXGL Background Thread 3 ] DEBUG Engine               - supportedLanguages: [ENGLISH, FRENCH, GERMAN, HUNGARIAN, RUSSIAN]
01:17:11.543 [FXGL Background Thread 3 ] DEBUG Engine               - ticksPerSecond: -1
01:17:11.543 [FXGL Background Thread 3 ] DEBUG Engine               - title: Untitled
01:17:11.543 [FXGL Background Thread 3 ] DEBUG Engine               - urlGithub: https://github.com/AlmasB/FXGL
01:17:11.543 [FXGL Background Thread 3 ] DEBUG Engine               - urlLeaderboard: http://fxgl-top.herokuapp.com/
01:17:11.543 [FXGL Background Thread 3 ] DEBUG Engine               - urlPOM: https://raw.githubusercontent.com/AlmasB/FXGL/release/README.md
01:17:11.543 [FXGL Background Thread 3 ] DEBUG Engine               - userAppClass: class com.sunsofgod.PlatformerApp
01:17:11.543 [FXGL Background Thread 3 ] DEBUG Engine               - version: 0.0
01:17:11.543 [FXGL Background Thread 3 ] DEBUG Engine               - versionCheckDays: 7
01:17:11.543 [FXGL Background Thread 3 ] DEBUG Engine               - width: 1280
01:17:11.543 [FXGL Background Thread 3 ] DEBUG Engine               - Logging services
01:17:11.543 [FXGL Background Thread 3 ] DEBUG Engine               - class com.almasb.fxgl.app.services.FXGLAssetLoaderService
01:17:11.543 [FXGL Background Thread 3 ] DEBUG Engine               - class com.almasb.fxgl.app.FXGLApplication$GameApplicationService
01:17:11.543 [FXGL Background Thread 3 ] DEBUG Engine               - class com.almasb.fxgl.app.services.FXGLDialogService
01:17:11.544 [FXGL Background Thread 3 ] DEBUG Engine               - class com.almasb.fxgl.app.services.IOTaskExecutorService
01:17:11.544 [FXGL Background Thread 3 ] DEBUG Engine               - class com.almasb.fxgl.io.FileSystemService
01:17:11.544 [FXGL Background Thread 3 ] DEBUG Engine               - class com.almasb.fxgl.localization.LocalizationService
01:17:11.544 [FXGL Background Thread 3 ] DEBUG Engine               - class com.almasb.fxgl.app.services.SystemBundleService
01:17:11.544 [FXGL Background Thread 3 ] DEBUG Engine               - class com.almasb.fxgl.profile.SaveLoadService
01:17:11.544 [FXGL Background Thread 3 ] DEBUG Engine               - class com.almasb.fxgl.ui.FXGLUIFactoryServiceProvider
01:17:11.544 [FXGL Background Thread 3 ] DEBUG Engine               - class com.almasb.fxgl.ui.FXGLDialogFactoryServiceProvider
01:17:11.544 [FXGL Background Thread 3 ] DEBUG Engine               - class com.almasb.fxgl.audio.AudioPlayer
01:17:11.544 [FXGL Background Thread 3 ] DEBUG Engine               - class com.almasb.fxgl.notification.impl.NotificationServiceProvider
01:17:11.544 [FXGL Background Thread 3 ] DEBUG Engine               - class com.almasb.fxgl.achievement.AchievementService
01:17:11.544 [FXGL Background Thread 3 ] DEBUG Engine               - class com.almasb.fxgl.cutscene.CutsceneService
01:17:11.544 [FXGL Background Thread 3 ] DEBUG Engine               - class com.almasb.fxgl.minigames.MiniGameService
01:17:11.544 [FXGL Background Thread 3 ] DEBUG Engine               - class com.almasb.fxgl.net.NetService
01:17:11.544 [FXGL Background Thread 3 ] DEBUG Engine               - class com.almasb.fxgl.app.services.UpdaterService
01:17:11.544 [FXGL Background Thread 3 ] DEBUG Engine               - class com.almasb.fxgl.dev.DevService
01:17:19.675 [JavaFX Application Thread] DEBUG PrimaryStageWindow   - Pop state: LevelSelectScene
01:17:19.675 [JavaFX Application Thread] DEBUG Input                - Clearing active input actions
01:17:19.676 [JavaFX Application Thread] DEBUG GameApplicationServi - Removing overlay from LevelSelectScene and adding to PlayerSelectScene
01:17:19.677 [JavaFX Application Thread] DEBUG PrimaryStageWindow   - PlayerSelectScene <- LevelSelectScene
01:17:21.229 [JavaFX Application Thread] DEBUG PrimaryStageWindow   - Push state: LevelSelectScene
01:17:21.229 [JavaFX Application Thread] DEBUG Input                - Clearing active input actions
01:17:21.229 [JavaFX Application Thread] DEBUG GameApplicationServi - Removing overlay from PlayerSelectScene and adding to LevelSelectScene
01:17:21.230 [JavaFX Application Thread] DEBUG PrimaryStageWindow   - PlayerSelectScene -> LevelSelectScene
01:17:22.004 [JavaFX Application Thread] DEBUG PrimaryStageWindow   - Pop state: LevelSelectScene
01:17:22.004 [JavaFX Application Thread] DEBUG Input                - Clearing active input actions
01:17:22.005 [JavaFX Application Thread] DEBUG GameApplicationServi - Removing overlay from LevelSelectScene and adding to PlayerSelectScene
01:17:22.005 [JavaFX Application Thread] DEBUG PrimaryStageWindow   - PlayerSelectScene <- LevelSelectScene
01:17:23.138 [JavaFX Application Thread] DEBUG PrimaryStageWindow   - Push state: LevelSelectScene
01:17:23.138 [JavaFX Application Thread] DEBUG Input                - Clearing active input actions
01:17:23.138 [JavaFX Application Thread] DEBUG GameApplicationServi - Removing overlay from PlayerSelectScene and adding to LevelSelectScene
01:17:23.139 [JavaFX Application Thread] DEBUG PrimaryStageWindow   - PlayerSelectScene -> LevelSelectScene
01:17:32.845 [JavaFX Application Thread] DEBUG Menu                 - fireNewGame()
01:17:32.846 [JavaFX Application Thread] DEBUG GameApplicationServi - Starting new game
01:17:32.846 [JavaFX Application Thread] DEBUG PrimaryStageWindow   - Pop state: LevelSelectScene
01:17:32.846 [JavaFX Application Thread] DEBUG Input                - Clearing active input actions
01:17:32.846 [JavaFX Application Thread] DEBUG GameApplicationServi - Removing overlay from LevelSelectScene and adding to PlayerSelectScene
01:17:32.847 [JavaFX Application Thread] DEBUG PrimaryStageWindow   - PlayerSelectScene <- LevelSelectScene
01:17:32.847 [JavaFX Application Thread] DEBUG PrimaryStageWindow   - Pop state: PlayerSelectScene
01:17:32.847 [JavaFX Application Thread] DEBUG Input                - Clearing active input actions
01:17:32.847 [JavaFX Application Thread] DEBUG GameApplicationServi - Removing overlay from PlayerSelectScene and adding to RiderMainMenuScene
01:17:32.847 [JavaFX Application Thread] DEBUG PrimaryStageWindow   - RiderMainMenuScene <- PlayerSelectScene
01:17:32.847 [JavaFX Application Thread] DEBUG PrimaryStageWindow   - Pop state: RiderMainMenuScene
01:17:32.847 [JavaFX Application Thread] DEBUG Input                - Clearing active input actions
01:17:32.847 [JavaFX Application Thread] DEBUG GameApplicationServi - Removing overlay from RiderMainMenuScene and adding to FXGLMainMenuDummyScene
01:17:32.849 [JavaFX Application Thread] DEBUG PrimaryStageWindow   - FXGLMainMenuDummyScene <- RiderMainMenuScene
01:17:32.849 [JavaFX Application Thread] DEBUG Input                - Clearing active input actions
01:17:32.853 [JavaFX Application Thread] DEBUG GameApplicationServi - Removing overlay from FXGLMainMenuDummyScene and adding to MainLoadingScene
01:17:32.853 [JavaFX Application Thread] DEBUG PrimaryStageWindow   - FXGLMainMenuDummyScene -> MainLoadingScene
01:17:32.853 [JavaFX Application Thread] DEBUG GameApplicationServi - Clearing previous game
01:17:32.853 [JavaFX Application Thread] DEBUG GameScene            - Clearing game scene
01:17:32.853 [JavaFX Application Thread] DEBUG GameWorld            - Clearing game world
01:17:32.853 [JavaFX Application Thread] DEBUG PhysicsWorld         - Clearing physics world
01:17:32.854 [FXGL Background Thread 2 ] DEBUG FXGLApplication      - Initializing game
01:17:32.875 [FXGL Background Thread 2 ] WARN  TMXLevelLoader       - TiledMap generated from 1.11.0. Supported version: 1.9.0. Some features may not be parsed fully.
01:17:32.879 [FXGL Background Thread 2 ] DEBUG TMXLevelLoader       - Parsed TiledMap: file:/C:/Users/Balong/Desktop/JavaFXGame-3/target/classes/assets/levels/tmx/level11.tmx
01:17:32.880 [FXGL Background Thread 2 ] DEBUG TMXLevelLoader       - Creating tile layer entities
01:17:32.881 [FXGL Background Thread 2 ] DEBUG TilesetLoader        - Loading view for layer Tile Layer 1
01:17:32.881 [FXGL Background Thread 2 ] DEBUG TilesetLoader        - Created buffer with size 1050.0x700.0
01:17:32.889 [FXGL Background Thread 2 ] DEBUG TMXLevelLoader       - Creating object layer entities
01:17:32.902 [FXGL Background Thread 2 ] DEBUG FXGLAssetLoaderServi - Loading from file system: file:/C:/Users/Balong/Desktop/JavaFXGame-3/target/classes/assets/textures/button.png
01:17:32.909 [FXGL Background Thread 2 ] DEBUG GameWorld            - Clearing removable entities
01:17:32.910 [FXGL Background Thread 2 ] DEBUG GameWorld            - Setting level: com.almasb.fxgl.entity.level.Level@41fc962b
01:17:32.916 [FXGL Background Thread 2 ] DEBUG FXGLAssetLoaderServi - Loading from file system: file:/C:/Users/Balong/Desktop/JavaFXGame-3/target/classes/assets/textures/player1.png
01:17:32.921 [FXGL Background Thread 2 ] DEBUG FXGLAssetLoaderServi - Loading from file system: file:/C:/Users/Balong/Desktop/JavaFXGame-3/target/classes/assets/textures/player2.png
01:17:32.922 [FXGL Background Thread 2 ] DEBUG FXGLAssetLoaderServi - Loading from file system: file:/C:/Users/Balong/Desktop/JavaFXGame-3/target/classes/assets/textures/player3.png
01:17:32.928 [FXGL Background Thread 2 ] DEBUG Input                - Registered new binding: Jump0 - W
01:17:32.928 [FXGL Background Thread 2 ] DEBUG Input                - Registered new binding: Left0 - A
01:17:32.929 [FXGL Background Thread 2 ] DEBUG Input                - Registered new binding: Right0 - D
01:17:32.929 [FXGL Background Thread 2 ] DEBUG Input                - Registered new binding: Use0 - E
01:17:32.929 [FXGL Background Thread 2 ] DEBUG Input                - Registered new binding: Jump1 - Up
01:17:32.929 [FXGL Background Thread 2 ] DEBUG Input                - Registered new binding: Left1 - Left
01:17:32.929 [FXGL Background Thread 2 ] DEBUG Input                - Registered new binding: Right1 - Right
01:17:32.929 [FXGL Background Thread 2 ] DEBUG Input                - Registered new binding: Use1 - Slash
01:17:32.929 [FXGL Background Thread 2 ] DEBUG Input                - Registered new binding: Jump2 - I
01:17:32.929 [FXGL Background Thread 2 ] DEBUG Input                - Registered new binding: Left2 - J
01:17:32.929 [FXGL Background Thread 2 ] DEBUG Input                - Registered new binding: Right2 - L
01:17:32.929 [FXGL Background Thread 2 ] DEBUG Input                - Registered new binding: Use2 - O
01:17:32.930 [FXGL Background Thread 2 ] DEBUG FXGLAssetLoaderServi - Loading from file system: file:/C:/Users/Balong/Desktop/JavaFXGame-3/target/classes/assets/textures/background/manila.png
01:17:32.942 [FXGL Background Thread 2 ] INFO  FXGLApplication      - Game initialization took: 0.089 sec
01:17:32.942 [JavaFX Application Thread] DEBUG Input                - Clearing active input actions
01:17:32.946 [JavaFX Application Thread] DEBUG GameApplicationServi - Removing overlay from MainLoadingScene and adding to GameScene
01:17:32.947 [JavaFX Application Thread] DEBUG PrimaryStageWindow   - MainLoadingScene -> GameScene
01:17:36.196 [JavaFX Application Thread] DEBUG FXGLAssetLoaderServi - Loading from file system: file:/C:/Users/Balong/Desktop/JavaFXGame-3/target/classes/assets/textures/exit_sign.png
01:17:38.252 [JavaFX Application Thread] DEBUG FXGLApplication      - Exiting FXGL
01:17:38.252 [JavaFX Application Thread] DEBUG LoopRunner           - Stopping loop
01:17:38.252 [JavaFX Application Thread] DEBUG SystemBundleService  - Saving FXGL system data
01:17:38.254 [JavaFX Application Thread] DEBUG FileSystemAccess     - Writing to: C:\Users\Balong\Desktop\JavaFXGame-3\system\fxgl.bundle
01:17:38.256 [JavaFX Application Thread] DEBUG Async                - Shutting down background threads
01:17:38.256 [JavaFX Application Thread] DEBUG PrimaryStageWindow   - Closing main window
01:17:38.264 [JavaFX Application Thread] DEBUG Logger               - Closing Logger
