01:08:46.447 [main                     ] DEBUG Logger               - Configured Logger
01:08:46.460 [main                     ] DEBUG GameApplication      - Logging settings
Title: Untitled
Version: 0.0
Width: 1280
Height: 720
Fullscreen: false
Intro: false
Profiling: false
Single step:false
App Mode: DEVELOPER
Menu Key: ESCAPE
Stage Style: DECORATED
Scene Factory: class com.sunsofgod.PlatformerApp$1

01:08:46.676 [JavaFX Application Thread] DEBUG FXGLApplication      - Initializing FXGL
01:08:46.679 [JavaFX Application Thread] INFO  Engine               - FXGL-17.2 (20.08.2022 16.50) on MAC (J:17.0.2 FX:17.0.12)
01:08:46.679 [JavaFX Application Thread] DEBUG Engine               - JRE Vendor Name: Oracle Corporation
01:08:46.679 [JavaFX Application Thread] DEBUG Engine               - Running on OS: Mac OS X version 15.1
01:08:46.679 [JavaFX Application Thread] DEBUG Engine               - Architecture: aarch64
01:08:46.679 [JavaFX Application Thread] INFO  Engine               - Source code and latest versions at: https://github.com/AlmasB/FXGL
01:08:46.680 [JavaFX Application Thread] INFO  Engine               -       Ask questions and discuss at: https://github.com/AlmasB/FXGL/discussions
01:08:46.680 [JavaFX Application Thread] INFO  Engine               -              Join the FXGL chat at: https://gitter.im/AlmasB/FXGL
01:08:46.728 [JavaFX Application Thread] DEBUG PrimaryStageWindow   - Creating a JavaFX scene
01:08:46.748 [JavaFX Application Thread] DEBUG PrimaryStageWindow   - Target settings size: 1280.0 x 720.0
01:08:46.748 [JavaFX Application Thread] DEBUG PrimaryStageWindow   - Scaled scene size:    1280.0 x 720.0
01:08:46.748 [JavaFX Application Thread] DEBUG PrimaryStageWindow   - Scaled ratio: (1.0, 1.0)
01:08:46.749 [JavaFX Application Thread] DEBUG PrimaryStageWindow   - Set initial scene to FXGLStartupScene
01:08:46.752 [JavaFX Application Thread] DEBUG PrimaryStageWindow   - Opening main window
01:08:46.814 [JavaFX Application Thread] DEBUG PrimaryStageWindow   - Window border size: (0.0, 28.0)
01:08:46.814 [JavaFX Application Thread] DEBUG PrimaryStageWindow   - Scaled size: 1280.0 x 720.0
01:08:46.814 [JavaFX Application Thread] DEBUG PrimaryStageWindow   - Scaled ratio: (1.0, 1.0)
01:08:46.815 [JavaFX Application Thread] DEBUG PrimaryStageWindow   - Scene size: 1280.0 x 720.0
01:08:46.815 [JavaFX Application Thread] DEBUG PrimaryStageWindow   - Stage size: 1280.0 x 748.0
01:08:46.822 [FXGL Background Thread 1 ] DEBUG Engine               - Initializing environment variables
01:08:46.848 [FXGL Background Thread 1 ] DEBUG FXGLAssetLoaderServi - User app class for loading assets: class com.sunsofgod.PlatformerApp
01:08:46.849 [FXGL Background Thread 1 ] DEBUG GameApplicationServi - Applying CSS: fxgl_dark.css
01:08:46.849 [FXGL Background Thread 1 ] DEBUG FXGLAssetLoaderServi - Loading from file system: jar:file:///Users/aaron/.m2/repository/com/github/almasb/fxgl/17.2/fxgl-17.2.jar!/fxglassets/ui/css/fxgl_dark.css
01:08:46.883 [FXGL Background Thread 1 ] DEBUG GameApplicationServi - Initializing application scenes
01:08:47.023 [FXGL Background Thread 1 ] WARN  FXGLAssetLoaderServi - Asset "/assets/textures/player.png" was not found!
01:08:47.025 [FXGL Background Thread 1 ] WARN  FXGLAssetLoaderServi - Failed to load IMAGE
01:08:47.042 [FXGL Background Thread 1 ] DEBUG GameWorld            - Game world initialized
01:08:47.076 [FXGL Background Thread 1 ] DEBUG PhysicsWorld         - Physics world initialized: appHeight=720, physics.ppm=50.0
01:08:47.076 [FXGL Background Thread 1 ] DEBUG PhysicsWorld         - Using strategy: BRUTE_FORCE
01:08:47.077 [FXGL Background Thread 1 ] DEBUG GameScene            - Game scene initialized: 1280x720
01:08:47.418 [FXGL Background Thread 1 ] DEBUG FXGL.DefaultMenu     - createMenuBodyGameMenu()
01:08:47.423 [FXGL Background Thread 1 ] DEBUG FXGL.DefaultMenu     - createOptionsMenu()
01:08:47.426 [FXGL Background Thread 1 ] DEBUG FXGLAssetLoaderServi - Loading from file system: jar:file:///Users/aaron/.m2/repository/com/github/almasb/fxgl/17.2/fxgl-17.2.jar!/fxglassets/textures/particles/smoke.png
01:08:47.463 [FXGL Background Thread 1 ] DEBUG FXGLAssetLoaderServi - Loading from file system: jar:file:///Users/aaron/.m2/repository/com/github/almasb/fxgl/17.2/fxgl-17.2.jar!/fxglassets/textures/particles/trace_horizontal.png
01:08:47.471 [FXGL Background Thread 1 ] DEBUG GameApplicationServi - Application scenes initialized
01:08:47.477 [FXGL Background Thread 1 ] DEBUG SystemBundleService  - Loading FXGL system data
01:08:47.479 [FXGL Background Thread 1 ] DEBUG FileSystemAccess     - Reading from: /Users/aaron/JavaFXGame/system/fxgl.bundle
01:08:47.483 [FXGL Background Thread 1 ] DEBUG SystemBundleService  - Bundle FXGL: {}
01:08:47.483 [FXGL Background Thread 1 ] DEBUG UpdaterService       - Checking for updates
01:08:47.495 [FXGL Background Thread 4 ] DEBUG FXGLApplication      - Loading fonts
01:08:47.495 [FXGL Background Thread 4 ] DEBUG FXGLAssetLoaderServi - Loading from file system: jar:file:///Users/aaron/.m2/repository/com/github/almasb/fxgl/17.2/fxgl-17.2.jar!/fxglassets/ui/fonts/VarelaRound-Regular.ttf
01:08:47.495 [FXGL Background Thread 1 ] DEBUG FXGLApplication      - Loading default localization
01:08:47.496 [FXGL Background Thread 1 ] DEBUG FXGLAssetLoaderServi - Loading from file system: jar:file:///Users/aaron/.m2/repository/com/github/almasb/fxgl/17.2/fxgl-17.2.jar!/fxglassets/languages/english.lang
01:08:47.509 [FXGL Background Thread 4 ] DEBUG FXGLAssetLoaderServi - Loading from file system: jar:file:///Users/aaron/.m2/repository/com/github/almasb/fxgl/17.2/fxgl-17.2.jar!/fxglassets/ui/fonts/Abel-Regular.ttf
01:08:47.510 [FXGL Background Thread 1 ] INFO  FXGLApplication      - FXGL initialization took: 0.688 sec
01:08:47.511 [JavaFX Application Thread] DEBUG FXGLAssetLoaderServi - Loading from file system: jar:file:///Users/aaron/.m2/repository/com/github/almasb/fxgl/17.2/fxgl-17.2.jar!/fxglassets/textures/fxgl_icon.png
01:08:47.513 [FXGL Background Thread 4 ] DEBUG FXGLAssetLoaderServi - Loading from file system: jar:file:///Users/aaron/.m2/repository/com/github/almasb/fxgl/17.2/fxgl-17.2.jar!/fxglassets/ui/fonts/TerminalLandMono-Regular.otf
01:08:47.517 [FXGL Background Thread 4 ] DEBUG FXGLAssetLoaderServi - Loading from file system: jar:file:///Users/aaron/.m2/repository/com/github/almasb/fxgl/17.2/fxgl-17.2.jar!/fxglassets/ui/fonts/Courier-Prime.ttf
01:08:47.522 [JavaFX Application Thread] DEBUG FXGLAssetLoaderServi - Loading from file system: jar:file:///Users/aaron/.m2/repository/com/github/almasb/fxgl/17.2/fxgl-17.2.jar!/fxglassets/textures/fxgl_default_cursor.png
01:08:47.526 [JavaFX Application Thread] DEBUG Input                - Registered new binding: Screenshot - CTRL+8
01:08:47.526 [JavaFX Application Thread] DEBUG Input                - Registered new binding: Dev Options - 1
01:08:47.527 [JavaFX Application Thread] DEBUG Input                - Registered new binding: Dev Console - 2
01:08:47.527 [JavaFX Application Thread] DEBUG Input                - Registered new binding: System info dump - CTRL+9
01:08:47.527 [JavaFX Application Thread] DEBUG Input                - Registered new binding: Restart - CTRL+R
01:08:47.527 [JavaFX Application Thread] DEBUG Input                - Registered new binding: Toggle Debug Camera - CTRL+7
01:08:47.528 [JavaFX Application Thread] DEBUG LoopRunner           - Starting loop
01:08:47.534 [JavaFX Application Thread] DEBUG LoopRunner           - Initializing JavaFX AnimationTimerLoop
01:08:47.535 [JavaFX Application Thread] DEBUG Input                - Clearing active input actions
01:08:47.540 [JavaFX Application Thread] DEBUG GameApplicationServi - Removing overlay from FXGLStartupScene and adding to FXGLMainMenuDummyScene
01:08:47.541 [JavaFX Application Thread] DEBUG PrimaryStageWindow   - FXGLStartupScene -> FXGLMainMenuDummyScene
01:08:47.541 [JavaFX Application Thread] DEBUG PrimaryStageWindow   - Push state: RiderMainMenuScene
01:08:47.541 [JavaFX Application Thread] DEBUG Input                - Clearing active input actions
01:08:47.544 [JavaFX Application Thread] DEBUG GameApplicationServi - Removing overlay from FXGLMainMenuDummyScene and adding to RiderMainMenuScene
01:08:47.545 [JavaFX Application Thread] DEBUG PrimaryStageWindow   - FXGLMainMenuDummyScene -> RiderMainMenuScene
01:08:47.621 [JavaFX Application Thread] DEBUG FXGLApplication      - Registering font factories with UI factory
01:08:48.155 [FXGL Background Thread 2 ] INFO  UpdaterService       - Your current version:  17.2
01:08:48.155 [FXGL Background Thread 2 ] INFO  UpdaterService       - Latest stable version: 21.1
01:08:48.667 [JavaFX Application Thread] DEBUG PrimaryStageWindow   - Push state: PlayerSelectScene
01:08:48.667 [JavaFX Application Thread] DEBUG Input                - Clearing active input actions
01:08:48.668 [JavaFX Application Thread] DEBUG GameApplicationServi - Removing overlay from RiderMainMenuScene and adding to PlayerSelectScene
01:08:48.668 [JavaFX Application Thread] DEBUG PrimaryStageWindow   - RiderMainMenuScene -> PlayerSelectScene
01:08:50.100 [JavaFX Application Thread] DEBUG PrimaryStageWindow   - Push state: LevelSelectScene
01:08:50.100 [JavaFX Application Thread] DEBUG Input                - Clearing active input actions
01:08:50.100 [JavaFX Application Thread] DEBUG GameApplicationServi - Removing overlay from PlayerSelectScene and adding to LevelSelectScene
01:08:50.101 [JavaFX Application Thread] DEBUG PrimaryStageWindow   - PlayerSelectScene -> LevelSelectScene
01:08:50.496 [FXGL Background Thread 3 ] DEBUG Engine               - Logging environment variables
01:08:50.497 [FXGL Background Thread 3 ] DEBUG Engine               - achievements: []
01:08:50.497 [FXGL Background Thread 3 ] DEBUG Engine               - actualHeight: 720.0
01:08:50.497 [FXGL Background Thread 3 ] DEBUG Engine               - actualHeightProperty: ReadOnlyDoubleProperty [value: 720.0]
01:08:50.497 [FXGL Background Thread 3 ] DEBUG Engine               - actualWidth: 1280.0
01:08:50.497 [FXGL Background Thread 3 ] DEBUG Engine               - actualWidthProperty: ReadOnlyDoubleProperty [value: 1280.0]
01:08:50.498 [FXGL Background Thread 3 ] DEBUG Engine               - appIcon: fxgl_icon.png
01:08:50.498 [FXGL Background Thread 3 ] DEBUG Engine               - applicationMode: DEVELOPER
01:08:50.498 [FXGL Background Thread 3 ] DEBUG Engine               - cSSList: [fxgl_dark.css]
01:08:50.498 [FXGL Background Thread 3 ] DEBUG Engine               - collisionDetectionStrategy: BRUTE_FORCE
01:08:50.498 [FXGL Background Thread 3 ] DEBUG Engine               - configClass: Optional.empty
01:08:50.498 [FXGL Background Thread 3 ] DEBUG Engine               - credits: []
01:08:50.498 [FXGL Background Thread 3 ] DEBUG Engine               - defaultCursor: CursorInfo(imageName=fxgl_default_cursor.png, hotspotX=7.0, hotspotY=6.0)
01:08:50.498 [FXGL Background Thread 3 ] DEBUG Engine               - devBBoxColorProperty: ObjectProperty [value: 0xff0000ff]
01:08:50.498 [FXGL Background Thread 3 ] DEBUG Engine               - devEnableDebugCameraProperty: BooleanProperty [value: false]
01:08:50.499 [FXGL Background Thread 3 ] DEBUG Engine               - devSensorColorProperty: ObjectProperty [value: 0xffff00ff]
01:08:50.499 [FXGL Background Thread 3 ] DEBUG Engine               - devShowBBoxProperty: BooleanProperty [value: false]
01:08:50.499 [FXGL Background Thread 3 ] DEBUG Engine               - devShowPositionProperty: BooleanProperty [value: false]
01:08:50.499 [FXGL Background Thread 3 ] DEBUG Engine               - enabledMenuItems: []
01:08:50.499 [FXGL Background Thread 3 ] DEBUG Engine               - engineServices: [class com.almasb.fxgl.app.services.FXGLAssetLoaderService, class com.almasb.fxgl.app.FXGLApplication$GameApplicationService, class com.almasb.fxgl.app.services.FXGLDialogService, class com.almasb.fxgl.app.services.IOTaskExecutorService, class com.almasb.fxgl.io.FileSystemService, class com.almasb.fxgl.localization.LocalizationService, class com.almasb.fxgl.app.services.SystemBundleService, class com.almasb.fxgl.profile.SaveLoadService, class com.almasb.fxgl.ui.FXGLUIFactoryServiceProvider, class com.almasb.fxgl.ui.FXGLDialogFactoryServiceProvider, class com.almasb.fxgl.audio.AudioPlayer, class com.almasb.fxgl.notification.impl.NotificationServiceProvider, class com.almasb.fxgl.achievement.AchievementService, class com.almasb.fxgl.cutscene.CutsceneService, class com.almasb.fxgl.minigames.MiniGameService, class com.almasb.fxgl.net.NetService, class com.almasb.fxgl.app.services.UpdaterService, class com.almasb.fxgl.dev.DevService]
01:08:50.499 [FXGL Background Thread 3 ] DEBUG Engine               - fontGame: Abel-Regular.ttf
01:08:50.499 [FXGL Background Thread 3 ] DEBUG Engine               - fontMono: TerminalLandMono-Regular.otf
01:08:50.499 [FXGL Background Thread 3 ] DEBUG Engine               - fontText: Courier-Prime.ttf
01:08:50.499 [FXGL Background Thread 3 ] DEBUG Engine               - fontUI: VarelaRound-Regular.ttf
01:08:50.499 [FXGL Background Thread 3 ] DEBUG Engine               - fullScreen: BooleanProperty [value: false]
01:08:50.499 [FXGL Background Thread 3 ] DEBUG Engine               - gameDifficulty: MEDIUM
01:08:50.499 [FXGL Background Thread 3 ] DEBUG Engine               - gameDifficultyProperty: ObjectProperty [value: MEDIUM]
01:08:50.499 [FXGL Background Thread 3 ] DEBUG Engine               - globalMusicVolume: 0.5
01:08:50.499 [FXGL Background Thread 3 ] DEBUG Engine               - globalMusicVolumeProperty: DoubleProperty [value: 0.25]
01:08:50.500 [FXGL Background Thread 3 ] DEBUG Engine               - globalSoundVolume: 0.5
01:08:50.500 [FXGL Background Thread 3 ] DEBUG Engine               - globalSoundVolumeProperty: DoubleProperty [value: 0.5]
01:08:50.500 [FXGL Background Thread 3 ] DEBUG Engine               - height: 720
01:08:50.500 [FXGL Background Thread 3 ] DEBUG Engine               - is3D: false
01:08:50.500 [FXGL Background Thread 3 ] DEBUG Engine               - isAndroid: false
01:08:50.500 [FXGL Background Thread 3 ] DEBUG Engine               - isBrowser: false
01:08:50.500 [FXGL Background Thread 3 ] DEBUG Engine               - isClickFeedbackEnabled: false
01:08:50.500 [FXGL Background Thread 3 ] DEBUG Engine               - isCloseConfirmation: false
01:08:50.500 [FXGL Background Thread 3 ] DEBUG Engine               - isDesktop: true
01:08:50.500 [FXGL Background Thread 3 ] DEBUG Engine               - isDeveloperMenuEnabled: true
01:08:50.500 [FXGL Background Thread 3 ] DEBUG Engine               - isEmbedded: false
01:08:50.500 [FXGL Background Thread 3 ] DEBUG Engine               - isEntityPreloadEnabled: true
01:08:50.500 [FXGL Background Thread 3 ] DEBUG Engine               - isExperimentalTiledLargeMap: false
01:08:50.500 [FXGL Background Thread 3 ] DEBUG Engine               - isFileSystemWriteAllowed: true
01:08:50.500 [FXGL Background Thread 3 ] DEBUG Engine               - isFullScreenAllowed: false
01:08:50.500 [FXGL Background Thread 3 ] DEBUG Engine               - isFullScreenFromStart: false
01:08:50.500 [FXGL Background Thread 3 ] DEBUG Engine               - isGameMenuEnabled: true
01:08:50.501 [FXGL Background Thread 3 ] DEBUG Engine               - isIOS: false
01:08:50.501 [FXGL Background Thread 3 ] DEBUG Engine               - isIntroEnabled: false
01:08:50.501 [FXGL Background Thread 3 ] DEBUG Engine               - isLinux: false
01:08:50.501 [FXGL Background Thread 3 ] DEBUG Engine               - isMac: true
01:08:50.501 [FXGL Background Thread 3 ] DEBUG Engine               - isMainMenuEnabled: true
01:08:50.501 [FXGL Background Thread 3 ] DEBUG Engine               - isManualResizeEnabled: false
01:08:50.501 [FXGL Background Thread 3 ] DEBUG Engine               - isMobile: false
01:08:50.501 [FXGL Background Thread 3 ] DEBUG Engine               - isNative: false
01:08:50.501 [FXGL Background Thread 3 ] DEBUG Engine               - isPauseMusicWhenMinimized: true
01:08:50.501 [FXGL Background Thread 3 ] DEBUG Engine               - isPreserveResizeRatio: false
01:08:50.501 [FXGL Background Thread 3 ] DEBUG Engine               - isProfilingEnabled: false
01:08:50.501 [FXGL Background Thread 3 ] DEBUG Engine               - isScaleAffectedOnResize: true
01:08:50.502 [FXGL Background Thread 3 ] DEBUG Engine               - isSingleStep: false
01:08:50.502 [FXGL Background Thread 3 ] DEBUG Engine               - isUserProfileEnabled: false
01:08:50.502 [FXGL Background Thread 3 ] DEBUG Engine               - isWindows: false
01:08:50.502 [FXGL Background Thread 3 ] DEBUG Engine               - language: ObjectProperty [value: ENGLISH]
01:08:50.502 [FXGL Background Thread 3 ] DEBUG Engine               - menuKey: ESCAPE
01:08:50.502 [FXGL Background Thread 3 ] DEBUG Engine               - mouseSensitivity: 0.2
01:08:50.502 [FXGL Background Thread 3 ] DEBUG Engine               - notificationViewClass: class com.almasb.fxgl.notification.view.XboxNotificationView
01:08:50.502 [FXGL Background Thread 3 ] DEBUG Engine               - pixelsPerMeter: 50.0
01:08:50.502 [FXGL Background Thread 3 ] DEBUG Engine               - platform: MAC
01:08:50.502 [FXGL Background Thread 3 ] DEBUG Engine               - prefHeightProperty: ReadOnlyDoubleProperty [value: 720.0]
01:08:50.502 [FXGL Background Thread 3 ] DEBUG Engine               - prefWidthProperty: ReadOnlyDoubleProperty [value: 1280.0]
01:08:50.502 [FXGL Background Thread 3 ] DEBUG Engine               - profileDir: profiles/
01:08:50.502 [FXGL Background Thread 3 ] DEBUG Engine               - profileName: StringProperty [value: DEFAULT]
01:08:50.502 [FXGL Background Thread 3 ] DEBUG Engine               - randomSeed: -1
01:08:50.503 [FXGL Background Thread 3 ] DEBUG Engine               - runtimeInfo: RuntimeInfo(platform=MAC, version=17.2, build=20.08.2022 16.50)
01:08:50.503 [FXGL Background Thread 3 ] DEBUG Engine               - saveFileExt: sav
01:08:50.503 [FXGL Background Thread 3 ] DEBUG Engine               - scaledHeightProp$fxgl: DoubleProperty [bound, value: 720.0]
01:08:50.503 [FXGL Background Thread 3 ] DEBUG Engine               - scaledWidthProp$fxgl: DoubleProperty [bound, value: 1280.0]
01:08:50.503 [FXGL Background Thread 3 ] DEBUG Engine               - sceneFactory: com.sunsofgod.PlatformerApp$1@6a0a8667
01:08:50.503 [FXGL Background Thread 3 ] DEBUG Engine               - secondsIn24h: 60
01:08:50.503 [FXGL Background Thread 3 ] DEBUG Engine               - soundMenuBack: menu/back.wav
01:08:50.503 [FXGL Background Thread 3 ] DEBUG Engine               - soundMenuPress: menu/press.wav
01:08:50.503 [FXGL Background Thread 3 ] DEBUG Engine               - soundMenuSelect: menu/select.wav
01:08:50.503 [FXGL Background Thread 3 ] DEBUG Engine               - soundNotification: core/notification.wav
01:08:50.503 [FXGL Background Thread 3 ] DEBUG Engine               - stageStyle: DECORATED
01:08:50.503 [FXGL Background Thread 3 ] DEBUG Engine               - supportedLanguages: [ENGLISH, FRENCH, GERMAN, HUNGARIAN, RUSSIAN]
01:08:50.503 [FXGL Background Thread 3 ] DEBUG Engine               - ticksPerSecond: -1
01:08:50.503 [FXGL Background Thread 3 ] DEBUG Engine               - title: Untitled
01:08:50.503 [FXGL Background Thread 3 ] DEBUG Engine               - urlGithub: https://github.com/AlmasB/FXGL
01:08:50.503 [FXGL Background Thread 3 ] DEBUG Engine               - urlLeaderboard: http://fxgl-top.herokuapp.com/
01:08:50.503 [FXGL Background Thread 3 ] DEBUG Engine               - urlPOM: https://raw.githubusercontent.com/AlmasB/FXGL/release/README.md
01:08:50.503 [FXGL Background Thread 3 ] DEBUG Engine               - userAppClass: class com.sunsofgod.PlatformerApp
01:08:50.504 [FXGL Background Thread 3 ] DEBUG Engine               - version: 0.0
01:08:50.504 [FXGL Background Thread 3 ] DEBUG Engine               - versionCheckDays: 7
01:08:50.504 [FXGL Background Thread 3 ] DEBUG Engine               - width: 1280
01:08:50.504 [FXGL Background Thread 3 ] DEBUG Engine               - Logging services
01:08:50.504 [FXGL Background Thread 3 ] DEBUG Engine               - class com.almasb.fxgl.app.services.FXGLAssetLoaderService
01:08:50.504 [FXGL Background Thread 3 ] DEBUG Engine               - class com.almasb.fxgl.app.FXGLApplication$GameApplicationService
01:08:50.504 [FXGL Background Thread 3 ] DEBUG Engine               - class com.almasb.fxgl.app.services.FXGLDialogService
01:08:50.504 [FXGL Background Thread 3 ] DEBUG Engine               - class com.almasb.fxgl.app.services.IOTaskExecutorService
01:08:50.504 [FXGL Background Thread 3 ] DEBUG Engine               - class com.almasb.fxgl.io.FileSystemService
01:08:50.504 [FXGL Background Thread 3 ] DEBUG Engine               - class com.almasb.fxgl.localization.LocalizationService
01:08:50.504 [FXGL Background Thread 3 ] DEBUG Engine               - class com.almasb.fxgl.app.services.SystemBundleService
01:08:50.504 [FXGL Background Thread 3 ] DEBUG Engine               - class com.almasb.fxgl.profile.SaveLoadService
01:08:50.504 [FXGL Background Thread 3 ] DEBUG Engine               - class com.almasb.fxgl.ui.FXGLUIFactoryServiceProvider
01:08:50.504 [FXGL Background Thread 3 ] DEBUG Engine               - class com.almasb.fxgl.ui.FXGLDialogFactoryServiceProvider
01:08:50.504 [FXGL Background Thread 3 ] DEBUG Engine               - class com.almasb.fxgl.audio.AudioPlayer
01:08:50.504 [FXGL Background Thread 3 ] DEBUG Engine               - class com.almasb.fxgl.notification.impl.NotificationServiceProvider
01:08:50.505 [FXGL Background Thread 3 ] DEBUG Engine               - class com.almasb.fxgl.achievement.AchievementService
01:08:50.505 [FXGL Background Thread 3 ] DEBUG Engine               - class com.almasb.fxgl.cutscene.CutsceneService
01:08:50.505 [FXGL Background Thread 3 ] DEBUG Engine               - class com.almasb.fxgl.minigames.MiniGameService
01:08:50.505 [FXGL Background Thread 3 ] DEBUG Engine               - class com.almasb.fxgl.net.NetService
01:08:50.505 [FXGL Background Thread 3 ] DEBUG Engine               - class com.almasb.fxgl.app.services.UpdaterService
01:08:50.505 [FXGL Background Thread 3 ] DEBUG Engine               - class com.almasb.fxgl.dev.DevService
01:08:51.242 [JavaFX Application Thread] DEBUG Menu                 - fireNewGame()
01:08:51.243 [JavaFX Application Thread] DEBUG GameApplicationServi - Starting new game
01:08:51.243 [JavaFX Application Thread] DEBUG PrimaryStageWindow   - Pop state: LevelSelectScene
01:08:51.243 [JavaFX Application Thread] DEBUG Input                - Clearing active input actions
01:08:51.243 [JavaFX Application Thread] DEBUG GameApplicationServi - Removing overlay from LevelSelectScene and adding to PlayerSelectScene
01:08:51.244 [JavaFX Application Thread] DEBUG PrimaryStageWindow   - PlayerSelectScene <- LevelSelectScene
01:08:51.244 [JavaFX Application Thread] DEBUG PrimaryStageWindow   - Pop state: PlayerSelectScene
01:08:51.244 [JavaFX Application Thread] DEBUG Input                - Clearing active input actions
01:08:51.245 [JavaFX Application Thread] DEBUG GameApplicationServi - Removing overlay from PlayerSelectScene and adding to RiderMainMenuScene
01:08:51.245 [JavaFX Application Thread] DEBUG PrimaryStageWindow   - RiderMainMenuScene <- PlayerSelectScene
01:08:51.245 [JavaFX Application Thread] DEBUG PrimaryStageWindow   - Pop state: RiderMainMenuScene
01:08:51.245 [JavaFX Application Thread] DEBUG Input                - Clearing active input actions
01:08:51.245 [JavaFX Application Thread] DEBUG GameApplicationServi - Removing overlay from RiderMainMenuScene and adding to FXGLMainMenuDummyScene
01:08:51.246 [JavaFX Application Thread] DEBUG PrimaryStageWindow   - FXGLMainMenuDummyScene <- RiderMainMenuScene
01:08:51.246 [JavaFX Application Thread] DEBUG Input                - Clearing active input actions
01:08:51.249 [JavaFX Application Thread] DEBUG GameApplicationServi - Removing overlay from FXGLMainMenuDummyScene and adding to MainLoadingScene
01:08:51.249 [JavaFX Application Thread] DEBUG PrimaryStageWindow   - FXGLMainMenuDummyScene -> MainLoadingScene
01:08:51.249 [JavaFX Application Thread] DEBUG GameApplicationServi - Clearing previous game
01:08:51.249 [JavaFX Application Thread] DEBUG GameScene            - Clearing game scene
01:08:51.249 [JavaFX Application Thread] DEBUG GameWorld            - Clearing game world
01:08:51.249 [JavaFX Application Thread] DEBUG PhysicsWorld         - Clearing physics world
01:08:51.250 [FXGL Background Thread 2 ] DEBUG FXGLApplication      - Initializing game
01:08:51.272 [FXGL Background Thread 2 ] WARN  TMXLevelLoader       - TiledMap generated from 1.11.0. Supported version: 1.9.0. Some features may not be parsed fully.
01:08:51.278 [FXGL Background Thread 2 ] DEBUG TMXLevelLoader       - Parsed TiledMap: file:/Users/aaron/JavaFXGame/target/classes/assets/levels/tmx/level1.tmx
01:08:51.279 [FXGL Background Thread 2 ] DEBUG TMXLevelLoader       - Creating tile layer entities
01:08:51.281 [FXGL Background Thread 2 ] DEBUG TilesetLoader        - Loading view for layer Tile Layer 1
01:08:51.284 [FXGL Background Thread 2 ] DEBUG TilesetLoader        - Created buffer with size 1050.0x700.0
01:08:51.297 [FXGL Background Thread 2 ] DEBUG TMXLevelLoader       - Creating object layer entities
01:08:51.307 [FXGL Background Thread 2 ] DEBUG FXGLAssetLoaderServi - Loading from file system: file:/Users/aaron/JavaFXGame/target/classes/assets/textures/button.png
01:08:51.312 [FXGL Background Thread 2 ] DEBUG GameWorld            - Clearing removable entities
01:08:51.312 [FXGL Background Thread 2 ] DEBUG GameWorld            - Setting level: com.almasb.fxgl.entity.level.Level@e546431
01:08:51.315 [FXGL Background Thread 2 ] DEBUG FXGLAssetLoaderServi - Loading from file system: file:/Users/aaron/JavaFXGame/target/classes/assets/textures/player1.png
01:08:51.320 [FXGL Background Thread 2 ] DEBUG Input                - Registered new binding: Jump0 - W
01:08:51.322 [FXGL Background Thread 2 ] DEBUG Input                - Registered new binding: Left0 - A
01:08:51.322 [FXGL Background Thread 2 ] DEBUG Input                - Registered new binding: Right0 - D
01:08:51.322 [FXGL Background Thread 2 ] DEBUG Input                - Registered new binding: Use0 - E
01:08:51.323 [FXGL Background Thread 2 ] DEBUG FXGLAssetLoaderServi - Loading from file system: file:/Users/aaron/JavaFXGame/target/classes/assets/textures/background/manila.png
01:08:51.332 [FXGL Background Thread 2 ] INFO  FXGLApplication      - Game initialization took: 0.082 sec
01:08:51.333 [JavaFX Application Thread] DEBUG Input                - Clearing active input actions
01:08:51.336 [JavaFX Application Thread] DEBUG GameApplicationServi - Removing overlay from MainLoadingScene and adding to GameScene
01:08:51.337 [JavaFX Application Thread] DEBUG PrimaryStageWindow   - MainLoadingScene -> GameScene
01:08:53.725 [JavaFX Application Thread] DEBUG Input                - Clearing active input actions
01:08:55.362 [JavaFX Application Thread] WARN  TMXLevelLoader       - TiledMap generated from 1.11.0. Supported version: 1.9.0. Some features may not be parsed fully.
01:08:55.364 [JavaFX Application Thread] DEBUG TMXLevelLoader       - Parsed TiledMap: file:/Users/aaron/JavaFXGame/target/classes/assets/levels/tmx/level2.tmx
01:08:55.364 [JavaFX Application Thread] DEBUG TMXLevelLoader       - Creating tile layer entities
01:08:55.364 [JavaFX Application Thread] DEBUG TilesetLoader        - Loading view for layer Tile Layer 1
01:08:55.365 [JavaFX Application Thread] DEBUG TilesetLoader        - Created buffer with size 1050.0x700.0
01:08:55.372 [JavaFX Application Thread] DEBUG TMXLevelLoader       - Creating object layer entities
01:08:55.374 [JavaFX Application Thread] DEBUG GameWorld            - Clearing removable entities
01:08:55.376 [JavaFX Application Thread] DEBUG GameWorld            - Setting level: com.almasb.fxgl.entity.level.Level@35044bcb
01:08:56.048 [JavaFX Application Thread] WARN  GameWorld            - Attempted to remove entity which is not active
01:08:56.281 [JavaFX Application Thread] WARN  GameWorld            - Attempted to remove entity which is not active
01:08:59.814 [JavaFX Application Thread] DEBUG FXGLAssetLoaderServi - Loading from file system: file:/Users/aaron/JavaFXGame/target/classes/assets/textures/exit_sign.png
01:09:00.203 [JavaFX Application Thread] DEBUG Input                - Clearing active input actions
01:09:01.607 [JavaFX Application Thread] WARN  TMXLevelLoader       - TiledMap generated from 1.11.0. Supported version: 1.9.0. Some features may not be parsed fully.
01:09:01.609 [JavaFX Application Thread] DEBUG TMXLevelLoader       - Parsed TiledMap: file:/Users/aaron/JavaFXGame/target/classes/assets/levels/tmx/level3.tmx
01:09:01.609 [JavaFX Application Thread] DEBUG TMXLevelLoader       - Creating tile layer entities
01:09:01.609 [JavaFX Application Thread] DEBUG TilesetLoader        - Loading view for layer Tile Layer 1
01:09:01.609 [JavaFX Application Thread] DEBUG TilesetLoader        - Created buffer with size 1050.0x700.0
01:09:01.615 [JavaFX Application Thread] DEBUG TMXLevelLoader       - Creating object layer entities
01:09:01.617 [JavaFX Application Thread] DEBUG GameWorld            - Clearing removable entities
01:09:01.617 [JavaFX Application Thread] DEBUG GameWorld            - Setting level: com.almasb.fxgl.entity.level.Level@2434e1e1
01:09:17.331 [JavaFX Application Thread] DEBUG LoopRunner           - Stopping loop
01:09:17.333 [JavaFX Application Thread] FATAL FXGLApplication      - Uncaught Exception:
java.lang.IllegalArgumentException: Action already exists: Jump0
	at com.almasb.fxgl.core@17.2/com.almasb.fxgl.input.Input.addBinding(Input.kt:511)
	at com.almasb.fxgl.core@17.2/com.almasb.fxgl.input.Input.addAction(Input.kt:507)
	at com.almasb.fxgl.core@17.2/com.almasb.fxgl.input.Input.addAction$default(Input.kt:504)
	at com.almasb.fxgl.core@17.2/com.almasb.fxgl.input.Input.addAction(Input.kt)
	at com.sunsofgod/com.sunsofgod.PlatformerApp.bindKeys(PlatformerApp.java:131)
	at com.sunsofgod/com.sunsofgod.PlatformerApp.lambda$0(PlatformerApp.java:234)
	at com.almasb.fxgl.all@17.2/com.almasb.fxgl.app.scene.Viewport.updateFadeFlash(Viewport.kt:418)
	at com.almasb.fxgl.all@17.2/com.almasb.fxgl.app.scene.Viewport.onUpdate(Viewport.kt:330)
	at com.almasb.fxgl.all@17.2/com.almasb.fxgl.app.scene.GameScene.step(GameScene.kt:230)
	at com.almasb.fxgl.all@17.2/com.almasb.fxgl.app.scene.GameScene.onUpdate(GameScene.kt:224)
	at com.almasb.fxgl.scene@17.2/com.almasb.fxgl.scene.Scene.update(Scene.kt:105)
	at com.almasb.fxgl.all@17.2/com.almasb.fxgl.app.MainWindow$update$1.invoke(MainWindow.kt:115)
	at com.almasb.fxgl.all@17.2/com.almasb.fxgl.app.MainWindow$update$1.invoke(MainWindow.kt:115)
	at com.almasb.fxgl.core@17.2/com.almasb.fxgl.core.fsm.StateMachine.runOnActiveStates(StateMachine.kt:69)
	at com.almasb.fxgl.all@17.2/com.almasb.fxgl.app.MainWindow.update(MainWindow.kt:115)
	at com.almasb.fxgl.all@17.2/com.almasb.fxgl.app.FXGLApplication$GameApplicationService.onUpdate(FXGLApplication.kt:426)
	at com.almasb.fxgl.all@17.2/com.almasb.fxgl.app.Engine.loop(Engine.kt:134)
	at com.almasb.fxgl.all@17.2/com.almasb.fxgl.app.Engine.access$loop(Engine.kt:24)
	at com.almasb.fxgl.all@17.2/com.almasb.fxgl.app.Engine$loop$1.invoke(Engine.kt:28)
	at com.almasb.fxgl.all@17.2/com.almasb.fxgl.app.Engine$loop$1.invoke(Engine.kt:28)
	at com.almasb.fxgl.all@17.2/com.almasb.fxgl.app.LoopRunner.frame(LoopRunner.kt:103)
	at com.almasb.fxgl.all@17.2/com.almasb.fxgl.app.LoopRunner.access$frame(LoopRunner.kt:23)
	at com.almasb.fxgl.all@17.2/com.almasb.fxgl.app.LoopRunner$impl$2$1.onTick(LoopRunner.kt:57)
	at com.almasb.fxgl.all@17.2/com.almasb.fxgl.app.AnimationTimerLoop$timer$1.handle(LoopRunner.kt:137)
	at javafx.graphics/javafx.animation.AnimationTimer$AnimationTimerReceiver.lambda$handle$0(AnimationTimer.java:58)
	at java.base/java.security.AccessController.doPrivileged(AccessController.java:399)
	at javafx.graphics/javafx.animation.AnimationTimer$AnimationTimerReceiver.handle(AnimationTimer.java:57)
	at javafx.graphics/com.sun.scenario.animation.AbstractPrimaryTimer.timePulseImpl(AbstractPrimaryTimer.java:356)
	at javafx.graphics/com.sun.scenario.animation.AbstractPrimaryTimer$MainLoop.run(AbstractPrimaryTimer.java:266)
	at javafx.graphics/com.sun.javafx.tk.quantum.QuantumToolkit.pulse(QuantumToolkit.java:570)
	at javafx.graphics/com.sun.javafx.tk.quantum.QuantumToolkit.pulse(QuantumToolkit.java:554)
	at javafx.graphics/com.sun.javafx.tk.quantum.QuantumToolkit.pulseFromQueue(QuantumToolkit.java:547)
	at javafx.graphics/com.sun.javafx.tk.quantum.QuantumToolkit.lambda$runToolkit$11(QuantumToolkit.java:352)
	at javafx.graphics/com.sun.glass.ui.InvokeLaterDispatcher$Future.run(InvokeLaterDispatcher.java:96)

01:09:17.333 [JavaFX Application Thread] FATAL FXGLApplication      - Application will now exit
01:09:17.337 [JavaFX Application Thread] DEBUG PrimaryStageWindow   - Push state: ErrorSubScene
01:09:17.337 [JavaFX Application Thread] DEBUG Input                - Clearing active input actions
01:09:17.337 [JavaFX Application Thread] DEBUG GameApplicationServi - Removing overlay from GameScene and adding to ErrorSubScene
01:09:17.338 [JavaFX Application Thread] DEBUG PrimaryStageWindow   - GameScene -> ErrorSubScene
01:09:22.063 [JavaFX Application Thread] DEBUG FXGLApplication      - Exiting FXGL
01:09:22.064 [JavaFX Application Thread] DEBUG Async                - Shutting down background threads
01:09:22.064 [JavaFX Application Thread] DEBUG PrimaryStageWindow   - Closing main window
01:09:22.072 [JavaFX Application Thread] DEBUG Logger               - Closing Logger
