23:43:21.676 [main                     ] DEBUG Logger               - Configured Logger
23:43:21.691 [main                     ] DEBUG GameApplication      - Logging settings
Title: Untitled
Version: 0.0
Width: 1280
Height: 720
Fullscreen: false
Intro: false
Profiling: false
Single step:false
App Mode: DEVELOPER
Menu Key: ESCAPE
Stage Style: DECORATED
Scene Factory: class com.almasb.fxgl.app.scene.SceneFactory

23:43:21.945 [JavaFX Application Thread] DEBUG FXGLApplication      - Initializing FXGL
23:43:21.948 [JavaFX Application Thread] INFO  Engine               - FXGL-17.2 (20.08.2022 16.50) on MAC (J:17.0.2 FX:17.0.12)
23:43:21.948 [JavaFX Application Thread] DEBUG Engine               - JRE Vendor Name: Oracle Corporation
23:43:21.948 [JavaFX Application Thread] DEBUG Engine               - Running on OS: Mac OS X version 14.6.1
23:43:21.948 [JavaFX Application Thread] DEBUG Engine               - Architecture: aarch64
23:43:21.948 [JavaFX Application Thread] INFO  Engine               - Source code and latest versions at: https://github.com/AlmasB/FXGL
23:43:21.948 [JavaFX Application Thread] INFO  Engine               -       Ask questions and discuss at: https://github.com/AlmasB/FXGL/discussions
23:43:21.948 [JavaFX Application Thread] INFO  Engine               -              Join the FXGL chat at: https://gitter.im/AlmasB/FXGL
23:43:21.995 [JavaFX Application Thread] DEBUG PrimaryStageWindow   - Creating a JavaFX scene
23:43:22.014 [JavaFX Application Thread] DEBUG PrimaryStageWindow   - Target settings size: 1280.0 x 720.0
23:43:22.015 [JavaFX Application Thread] DEBUG PrimaryStageWindow   - Scaled scene size:    1280.0 x 720.0
23:43:22.015 [JavaFX Application Thread] DEBUG PrimaryStageWindow   - Scaled ratio: (1.0, 1.0)
23:43:22.015 [JavaFX Application Thread] DEBUG PrimaryStageWindow   - Set initial scene to FXGLStartupScene
23:43:22.018 [JavaFX Application Thread] DEBUG PrimaryStageWindow   - Opening main window
23:43:22.120 [JavaFX Application Thread] DEBUG PrimaryStageWindow   - Window border size: (0.0, 28.0)
23:43:22.120 [JavaFX Application Thread] DEBUG PrimaryStageWindow   - Scaled size: 1280.0 x 720.0
23:43:22.120 [JavaFX Application Thread] DEBUG PrimaryStageWindow   - Scaled ratio: (1.0, 1.0)
23:43:22.120 [JavaFX Application Thread] DEBUG PrimaryStageWindow   - Scene size: 1280.0 x 720.0
23:43:22.121 [JavaFX Application Thread] DEBUG PrimaryStageWindow   - Stage size: 1280.0 x 748.0
23:43:22.128 [FXGL Background Thread 1 ] DEBUG Engine               - Initializing environment variables
23:43:22.212 [FXGL Background Thread 1 ] DEBUG FXGLAssetLoaderServi - User app class for loading assets: class com.sunsofgod.PlatformerApp
23:43:22.213 [FXGL Background Thread 1 ] DEBUG GameApplicationServi - Applying CSS: fxgl_dark.css
23:43:22.213 [FXGL Background Thread 1 ] DEBUG FXGLAssetLoaderServi - Loading from file system: jar:file:///Users/aaron/.m2/repository/com/github/almasb/fxgl/17.2/fxgl-17.2.jar!/fxglassets/ui/css/fxgl_dark.css
23:43:22.399 [FXGL Background Thread 1 ] DEBUG GameApplicationServi - Initializing application scenes
23:43:22.553 [FXGL Background Thread 1 ] DEBUG GameWorld            - Game world initialized
23:43:22.592 [FXGL Background Thread 1 ] DEBUG PhysicsWorld         - Physics world initialized: appHeight=720, physics.ppm=50.0
23:43:22.592 [FXGL Background Thread 1 ] DEBUG PhysicsWorld         - Using strategy: BRUTE_FORCE
23:43:22.595 [FXGL Background Thread 1 ] DEBUG GameScene            - Game scene initialized: 1280x720
23:43:22.603 [FXGL Background Thread 1 ] DEBUG FXGL.DefaultMenu     - createMenuBodyMainMenu()
23:43:22.619 [FXGL Background Thread 1 ] DEBUG FXGL.DefaultMenu     - createOptionsMenu()
23:43:22.625 [FXGL Background Thread 1 ] DEBUG FXGLAssetLoaderServi - Loading from file system: jar:file:///Users/aaron/.m2/repository/com/github/almasb/fxgl/17.2/fxgl-17.2.jar!/fxglassets/textures/particles/smoke.png
23:43:22.724 [FXGL Background Thread 1 ] DEBUG FXGLAssetLoaderServi - Loading from file system: jar:file:///Users/aaron/.m2/repository/com/github/almasb/fxgl/17.2/fxgl-17.2.jar!/fxglassets/textures/particles/trace_horizontal.png
23:43:22.750 [FXGL Background Thread 1 ] DEBUG FXGL.DefaultMenu     - createMenuBodyGameMenu()
23:43:22.750 [FXGL Background Thread 1 ] DEBUG FXGL.DefaultMenu     - createOptionsMenu()
23:43:22.773 [FXGL Background Thread 1 ] DEBUG GameApplicationServi - Application scenes initialized
23:43:22.781 [FXGL Background Thread 1 ] DEBUG SystemBundleService  - Loading FXGL system data
23:43:22.784 [FXGL Background Thread 1 ] DEBUG FileSystemAccess     - Reading from: /Users/aaron/JavaFXGame/system/fxgl.bundle
23:43:22.789 [FXGL Background Thread 1 ] DEBUG SystemBundleService  - Bundle FXGL: {}
23:43:22.789 [FXGL Background Thread 1 ] DEBUG UpdaterService       - Checking for updates
23:43:22.791 [FXGL Background Thread 4 ] DEBUG FXGLApplication      - Loading fonts
23:43:22.791 [FXGL Background Thread 1 ] DEBUG FXGLApplication      - Loading default localization
23:43:22.791 [FXGL Background Thread 4 ] DEBUG FXGLAssetLoaderServi - Loading from file system: jar:file:///Users/aaron/.m2/repository/com/github/almasb/fxgl/17.2/fxgl-17.2.jar!/fxglassets/ui/fonts/VarelaRound-Regular.ttf
23:43:22.791 [FXGL Background Thread 1 ] DEBUG FXGLAssetLoaderServi - Loading from file system: jar:file:///Users/aaron/.m2/repository/com/github/almasb/fxgl/17.2/fxgl-17.2.jar!/fxglassets/languages/english.lang
23:43:22.801 [FXGL Background Thread 4 ] DEBUG FXGLAssetLoaderServi - Loading from file system: jar:file:///Users/aaron/.m2/repository/com/github/almasb/fxgl/17.2/fxgl-17.2.jar!/fxglassets/ui/fonts/Abel-Regular.ttf
23:43:22.803 [FXGL Background Thread 1 ] INFO  FXGLApplication      - FXGL initialization took: 0.674 sec
23:43:22.805 [FXGL Background Thread 4 ] DEBUG FXGLAssetLoaderServi - Loading from file system: jar:file:///Users/aaron/.m2/repository/com/github/almasb/fxgl/17.2/fxgl-17.2.jar!/fxglassets/ui/fonts/TerminalLandMono-Regular.otf
23:43:22.809 [JavaFX Application Thread] DEBUG Input                - Registered new binding: Left - A
23:43:22.809 [JavaFX Application Thread] DEBUG Input                - Registered new binding: Right - D
23:43:22.810 [JavaFX Application Thread] DEBUG Input                - Registered new binding: Jump - W
23:43:22.810 [JavaFX Application Thread] DEBUG Input                - Registered new binding: Use - E
23:43:22.810 [JavaFX Application Thread] DEBUG FXGLAssetLoaderServi - Loading from file system: jar:file:///Users/aaron/.m2/repository/com/github/almasb/fxgl/17.2/fxgl-17.2.jar!/fxglassets/textures/fxgl_icon.png
23:43:22.811 [FXGL Background Thread 4 ] DEBUG FXGLAssetLoaderServi - Loading from file system: jar:file:///Users/aaron/.m2/repository/com/github/almasb/fxgl/17.2/fxgl-17.2.jar!/fxglassets/ui/fonts/Courier-Prime.ttf
23:43:22.836 [JavaFX Application Thread] DEBUG FXGLAssetLoaderServi - Loading from file system: jar:file:///Users/aaron/.m2/repository/com/github/almasb/fxgl/17.2/fxgl-17.2.jar!/fxglassets/textures/fxgl_default_cursor.png
23:43:22.839 [JavaFX Application Thread] DEBUG Input                - Registered new binding: Screenshot - CTRL+8
23:43:22.840 [JavaFX Application Thread] DEBUG Input                - Registered new binding: System info dump - CTRL+9
23:43:22.840 [JavaFX Application Thread] DEBUG Input                - Registered new binding: Restart - CTRL+R
23:43:22.840 [JavaFX Application Thread] DEBUG Input                - Registered new binding: Toggle Debug Camera - CTRL+7
23:43:22.841 [JavaFX Application Thread] DEBUG LoopRunner           - Starting loop
23:43:22.841 [JavaFX Application Thread] DEBUG LoopRunner           - Initializing JavaFX AnimationTimerLoop
23:43:22.843 [JavaFX Application Thread] DEBUG Input                - Clearing active input actions
23:43:22.846 [JavaFX Application Thread] DEBUG GameApplicationServi - Removing overlay from FXGLStartupScene and adding to FXGLMainMenuDummyScene
23:43:22.846 [JavaFX Application Thread] DEBUG PrimaryStageWindow   - FXGLStartupScene -> FXGLMainMenuDummyScene
23:43:22.849 [JavaFX Application Thread] DEBUG PrimaryStageWindow   - Push state: FXGLDefaultMenu
23:43:22.852 [JavaFX Application Thread] DEBUG Input                - Clearing active input actions
23:43:22.858 [JavaFX Application Thread] DEBUG GameApplicationServi - Removing overlay from FXGLMainMenuDummyScene and adding to FXGLDefaultMenu
23:43:22.858 [JavaFX Application Thread] DEBUG PrimaryStageWindow   - FXGLMainMenuDummyScene -> FXGLDefaultMenu
23:43:22.887 [JavaFX Application Thread] DEBUG FXGLApplication      - Registering font factories with UI factory
23:43:23.261 [FXGL Background Thread 2 ] INFO  UpdaterService       - Your current version:  17.2
23:43:23.262 [FXGL Background Thread 2 ] INFO  UpdaterService       - Latest stable version: 21.1
23:43:24.022 [JavaFX Application Thread] DEBUG Menu                 - fireNewGame()
23:43:24.022 [JavaFX Application Thread] DEBUG GameApplicationServi - Starting new game
23:43:24.023 [JavaFX Application Thread] DEBUG PrimaryStageWindow   - Pop state: FXGLDefaultMenu
23:43:24.023 [JavaFX Application Thread] DEBUG Input                - Clearing active input actions
23:43:24.024 [JavaFX Application Thread] DEBUG GameApplicationServi - Removing overlay from FXGLDefaultMenu and adding to FXGLMainMenuDummyScene
23:43:24.024 [JavaFX Application Thread] DEBUG PrimaryStageWindow   - FXGLMainMenuDummyScene <- FXGLDefaultMenu
23:43:24.025 [JavaFX Application Thread] DEBUG Input                - Clearing active input actions
23:43:24.030 [JavaFX Application Thread] DEBUG GameApplicationServi - Removing overlay from FXGLMainMenuDummyScene and adding to FXGLLoadingScene
23:43:24.030 [JavaFX Application Thread] DEBUG PrimaryStageWindow   - FXGLMainMenuDummyScene -> FXGLLoadingScene
23:43:24.030 [JavaFX Application Thread] DEBUG GameApplicationServi - Clearing previous game
23:43:24.030 [JavaFX Application Thread] DEBUG GameScene            - Clearing game scene
23:43:24.030 [JavaFX Application Thread] DEBUG GameWorld            - Clearing game world
23:43:24.030 [JavaFX Application Thread] DEBUG PhysicsWorld         - Clearing physics world
23:43:24.031 [FXGL Background Thread 2 ] DEBUG FXGLApplication      - Initializing game
23:43:24.054 [FXGL Background Thread 2 ] WARN  TMXLevelLoader       - TiledMap generated from 1.2.3. Supported version: 1.9.0. Some features may not be parsed fully.
23:43:24.057 [FXGL Background Thread 2 ] DEBUG TMXLevelLoader       - Parsed TiledMap: file:/Users/aaron/JavaFXGame/target/classes/assets/levels/tmx/level4.tmx
23:43:24.058 [FXGL Background Thread 2 ] DEBUG TMXLevelLoader       - Creating tile layer entities
23:43:24.059 [FXGL Background Thread 2 ] DEBUG TilesetLoader        - Loading view for layer Tile Layer 1
23:43:24.060 [FXGL Background Thread 2 ] DEBUG TilesetLoader        - Created buffer with size 1050.0x700.0
23:43:24.073 [FXGL Background Thread 2 ] DEBUG TMXLevelLoader       - Creating object layer entities
23:43:24.083 [FXGL Background Thread 2 ] DEBUG FXGLAssetLoaderServi - Loading from file system: file:/Users/aaron/JavaFXGame/target/classes/assets/textures/button.png
23:43:24.089 [FXGL Background Thread 2 ] DEBUG GameWorld            - Clearing removable entities
23:43:24.089 [FXGL Background Thread 2 ] DEBUG GameWorld            - Setting level: com.almasb.fxgl.entity.level.Level@784b4648
23:43:24.093 [FXGL Background Thread 2 ] DEBUG FXGLAssetLoaderServi - Loading from file system: file:/Users/aaron/JavaFXGame/target/classes/assets/textures/player.png
23:43:24.098 [FXGL Background Thread 2 ] DEBUG FXGLAssetLoaderServi - Loading from file system: file:/Users/aaron/JavaFXGame/target/classes/assets/textures/background/ph.png
23:43:24.119 [FXGL Background Thread 2 ] INFO  FXGLApplication      - Game initialization took: 0.088 sec
23:43:24.120 [JavaFX Application Thread] DEBUG Input                - Clearing active input actions
23:43:24.128 [JavaFX Application Thread] DEBUG GameApplicationServi - Removing overlay from FXGLLoadingScene and adding to GameScene
23:43:24.128 [JavaFX Application Thread] DEBUG PrimaryStageWindow   - FXGLLoadingScene -> GameScene
23:43:25.795 [FXGL Background Thread 3 ] DEBUG Engine               - Logging environment variables
23:43:25.796 [FXGL Background Thread 3 ] DEBUG Engine               - achievements: []
23:43:25.796 [FXGL Background Thread 3 ] DEBUG Engine               - actualHeight: 720.0
23:43:25.796 [FXGL Background Thread 3 ] DEBUG Engine               - actualHeightProperty: ReadOnlyDoubleProperty [value: 720.0]
23:43:25.796 [FXGL Background Thread 3 ] DEBUG Engine               - actualWidth: 1280.0
23:43:25.796 [FXGL Background Thread 3 ] DEBUG Engine               - actualWidthProperty: ReadOnlyDoubleProperty [value: 1280.0]
23:43:25.796 [FXGL Background Thread 3 ] DEBUG Engine               - appIcon: fxgl_icon.png
23:43:25.797 [FXGL Background Thread 3 ] DEBUG Engine               - applicationMode: DEVELOPER
23:43:25.797 [FXGL Background Thread 3 ] DEBUG Engine               - cSSList: [fxgl_dark.css]
23:43:25.797 [FXGL Background Thread 3 ] DEBUG Engine               - collisionDetectionStrategy: BRUTE_FORCE
23:43:25.797 [FXGL Background Thread 3 ] DEBUG Engine               - configClass: Optional.empty
23:43:25.797 [FXGL Background Thread 3 ] DEBUG Engine               - credits: []
23:43:25.797 [FXGL Background Thread 3 ] DEBUG Engine               - defaultCursor: CursorInfo(imageName=fxgl_default_cursor.png, hotspotX=7.0, hotspotY=6.0)
23:43:25.797 [FXGL Background Thread 3 ] DEBUG Engine               - devBBoxColorProperty: ObjectProperty [value: 0xff0000ff]
23:43:25.797 [FXGL Background Thread 3 ] DEBUG Engine               - devEnableDebugCameraProperty: BooleanProperty [value: false]
23:43:25.798 [FXGL Background Thread 3 ] DEBUG Engine               - devSensorColorProperty: ObjectProperty [value: 0xffff00ff]
23:43:25.798 [FXGL Background Thread 3 ] DEBUG Engine               - devShowBBoxProperty: BooleanProperty [value: false]
23:43:25.798 [FXGL Background Thread 3 ] DEBUG Engine               - devShowPositionProperty: BooleanProperty [value: false]
23:43:25.798 [FXGL Background Thread 3 ] DEBUG Engine               - enabledMenuItems: []
23:43:25.798 [FXGL Background Thread 3 ] DEBUG Engine               - engineServices: [class com.almasb.fxgl.app.services.FXGLAssetLoaderService, class com.almasb.fxgl.app.FXGLApplication$GameApplicationService, class com.almasb.fxgl.app.services.FXGLDialogService, class com.almasb.fxgl.app.services.IOTaskExecutorService, class com.almasb.fxgl.io.FileSystemService, class com.almasb.fxgl.localization.LocalizationService, class com.almasb.fxgl.app.services.SystemBundleService, class com.almasb.fxgl.profile.SaveLoadService, class com.almasb.fxgl.ui.FXGLUIFactoryServiceProvider, class com.almasb.fxgl.ui.FXGLDialogFactoryServiceProvider, class com.almasb.fxgl.audio.AudioPlayer, class com.almasb.fxgl.notification.impl.NotificationServiceProvider, class com.almasb.fxgl.achievement.AchievementService, class com.almasb.fxgl.cutscene.CutsceneService, class com.almasb.fxgl.minigames.MiniGameService, class com.almasb.fxgl.net.NetService, class com.almasb.fxgl.app.services.UpdaterService, class com.almasb.fxgl.dev.DevService]
23:43:25.798 [FXGL Background Thread 3 ] DEBUG Engine               - fontGame: Abel-Regular.ttf
23:43:25.798 [FXGL Background Thread 3 ] DEBUG Engine               - fontMono: TerminalLandMono-Regular.otf
23:43:25.798 [FXGL Background Thread 3 ] DEBUG Engine               - fontText: Courier-Prime.ttf
23:43:25.798 [FXGL Background Thread 3 ] DEBUG Engine               - fontUI: VarelaRound-Regular.ttf
23:43:25.798 [FXGL Background Thread 3 ] DEBUG Engine               - fullScreen: BooleanProperty [value: false]
23:43:25.798 [FXGL Background Thread 3 ] DEBUG Engine               - gameDifficulty: MEDIUM
23:43:25.798 [FXGL Background Thread 3 ] DEBUG Engine               - gameDifficultyProperty: ObjectProperty [value: MEDIUM]
23:43:25.798 [FXGL Background Thread 3 ] DEBUG Engine               - globalMusicVolume: 0.5
23:43:25.798 [FXGL Background Thread 3 ] DEBUG Engine               - globalMusicVolumeProperty: DoubleProperty [value: 0.25]
23:43:25.799 [FXGL Background Thread 3 ] DEBUG Engine               - globalSoundVolume: 0.5
23:43:25.799 [FXGL Background Thread 3 ] DEBUG Engine               - globalSoundVolumeProperty: DoubleProperty [value: 0.5]
23:43:25.799 [FXGL Background Thread 3 ] DEBUG Engine               - height: 720
23:43:25.799 [FXGL Background Thread 3 ] DEBUG Engine               - is3D: false
23:43:25.799 [FXGL Background Thread 3 ] DEBUG Engine               - isAndroid: false
23:43:25.799 [FXGL Background Thread 3 ] DEBUG Engine               - isBrowser: false
23:43:25.799 [FXGL Background Thread 3 ] DEBUG Engine               - isClickFeedbackEnabled: false
23:43:25.799 [FXGL Background Thread 3 ] DEBUG Engine               - isCloseConfirmation: false
23:43:25.799 [FXGL Background Thread 3 ] DEBUG Engine               - isDesktop: true
23:43:25.799 [FXGL Background Thread 3 ] DEBUG Engine               - isDeveloperMenuEnabled: false
23:43:25.799 [FXGL Background Thread 3 ] DEBUG Engine               - isEmbedded: false
23:43:25.799 [FXGL Background Thread 3 ] DEBUG Engine               - isEntityPreloadEnabled: true
23:43:25.799 [FXGL Background Thread 3 ] DEBUG Engine               - isExperimentalTiledLargeMap: false
23:43:25.800 [FXGL Background Thread 3 ] DEBUG Engine               - isFileSystemWriteAllowed: true
23:43:25.800 [FXGL Background Thread 3 ] DEBUG Engine               - isFullScreenAllowed: false
23:43:25.800 [FXGL Background Thread 3 ] DEBUG Engine               - isFullScreenFromStart: false
23:43:25.800 [FXGL Background Thread 3 ] DEBUG Engine               - isGameMenuEnabled: true
23:43:25.800 [FXGL Background Thread 3 ] DEBUG Engine               - isIOS: false
23:43:25.800 [FXGL Background Thread 3 ] DEBUG Engine               - isIntroEnabled: false
23:43:25.800 [FXGL Background Thread 3 ] DEBUG Engine               - isLinux: false
23:43:25.800 [FXGL Background Thread 3 ] DEBUG Engine               - isMac: true
23:43:25.800 [FXGL Background Thread 3 ] DEBUG Engine               - isMainMenuEnabled: true
23:43:25.800 [FXGL Background Thread 3 ] DEBUG Engine               - isManualResizeEnabled: false
23:43:25.800 [FXGL Background Thread 3 ] DEBUG Engine               - isMobile: false
23:43:25.801 [FXGL Background Thread 3 ] DEBUG Engine               - isNative: false
23:43:25.801 [FXGL Background Thread 3 ] DEBUG Engine               - isPauseMusicWhenMinimized: true
23:43:25.801 [FXGL Background Thread 3 ] DEBUG Engine               - isPreserveResizeRatio: false
23:43:25.801 [FXGL Background Thread 3 ] DEBUG Engine               - isProfilingEnabled: false
23:43:25.801 [FXGL Background Thread 3 ] DEBUG Engine               - isScaleAffectedOnResize: true
23:43:25.801 [FXGL Background Thread 3 ] DEBUG Engine               - isSingleStep: false
23:43:25.801 [FXGL Background Thread 3 ] DEBUG Engine               - isUserProfileEnabled: false
23:43:25.801 [FXGL Background Thread 3 ] DEBUG Engine               - isWindows: false
23:43:25.801 [FXGL Background Thread 3 ] DEBUG Engine               - language: ObjectProperty [value: ENGLISH]
23:43:25.801 [FXGL Background Thread 3 ] DEBUG Engine               - menuKey: ESCAPE
23:43:25.802 [FXGL Background Thread 3 ] DEBUG Engine               - mouseSensitivity: 0.2
23:43:25.802 [FXGL Background Thread 3 ] DEBUG Engine               - notificationViewClass: class com.almasb.fxgl.notification.view.XboxNotificationView
23:43:25.802 [FXGL Background Thread 3 ] DEBUG Engine               - pixelsPerMeter: 50.0
23:43:25.802 [FXGL Background Thread 3 ] DEBUG Engine               - platform: MAC
23:43:25.802 [FXGL Background Thread 3 ] DEBUG Engine               - prefHeightProperty: ReadOnlyDoubleProperty [value: 720.0]
23:43:25.802 [FXGL Background Thread 3 ] DEBUG Engine               - prefWidthProperty: ReadOnlyDoubleProperty [value: 1280.0]
23:43:25.802 [FXGL Background Thread 3 ] DEBUG Engine               - profileDir: profiles/
23:43:25.802 [FXGL Background Thread 3 ] DEBUG Engine               - profileName: StringProperty [value: DEFAULT]
23:43:25.802 [FXGL Background Thread 3 ] DEBUG Engine               - randomSeed: -1
23:43:25.803 [FXGL Background Thread 3 ] DEBUG Engine               - runtimeInfo: RuntimeInfo(platform=MAC, version=17.2, build=20.08.2022 16.50)
23:43:25.803 [FXGL Background Thread 3 ] DEBUG Engine               - saveFileExt: sav
23:43:25.803 [FXGL Background Thread 3 ] DEBUG Engine               - scaledHeightProp$fxgl: DoubleProperty [bound, value: 720.0]
23:43:25.803 [FXGL Background Thread 3 ] DEBUG Engine               - scaledWidthProp$fxgl: DoubleProperty [bound, value: 1280.0]
23:43:25.803 [FXGL Background Thread 3 ] DEBUG Engine               - sceneFactory: com.almasb.fxgl.app.scene.SceneFactory@3a7d784e
23:43:25.803 [FXGL Background Thread 3 ] DEBUG Engine               - secondsIn24h: 60
23:43:25.803 [FXGL Background Thread 3 ] DEBUG Engine               - soundMenuBack: menu/back.wav
23:43:25.803 [FXGL Background Thread 3 ] DEBUG Engine               - soundMenuPress: menu/press.wav
23:43:25.803 [FXGL Background Thread 3 ] DEBUG Engine               - soundMenuSelect: menu/select.wav
23:43:25.803 [FXGL Background Thread 3 ] DEBUG Engine               - soundNotification: core/notification.wav
23:43:25.803 [FXGL Background Thread 3 ] DEBUG Engine               - stageStyle: DECORATED
23:43:25.804 [FXGL Background Thread 3 ] DEBUG Engine               - supportedLanguages: [ENGLISH, FRENCH, GERMAN, HUNGARIAN, RUSSIAN]
23:43:25.804 [FXGL Background Thread 3 ] DEBUG Engine               - ticksPerSecond: -1
23:43:25.804 [FXGL Background Thread 3 ] DEBUG Engine               - title: Untitled
23:43:25.804 [FXGL Background Thread 3 ] DEBUG Engine               - urlGithub: https://github.com/AlmasB/FXGL
23:43:25.804 [FXGL Background Thread 3 ] DEBUG Engine               - urlLeaderboard: http://fxgl-top.herokuapp.com/
23:43:25.804 [FXGL Background Thread 3 ] DEBUG Engine               - urlPOM: https://raw.githubusercontent.com/AlmasB/FXGL/release/README.md
23:43:25.804 [FXGL Background Thread 3 ] DEBUG Engine               - userAppClass: class com.sunsofgod.PlatformerApp
23:43:25.804 [FXGL Background Thread 3 ] DEBUG Engine               - version: 0.0
23:43:25.804 [FXGL Background Thread 3 ] DEBUG Engine               - versionCheckDays: 7
23:43:25.804 [FXGL Background Thread 3 ] DEBUG Engine               - width: 1280
23:43:25.804 [FXGL Background Thread 3 ] DEBUG Engine               - Logging services
23:43:25.804 [FXGL Background Thread 3 ] DEBUG Engine               - class com.almasb.fxgl.app.services.FXGLAssetLoaderService
23:43:25.804 [FXGL Background Thread 3 ] DEBUG Engine               - class com.almasb.fxgl.app.FXGLApplication$GameApplicationService
23:43:25.804 [FXGL Background Thread 3 ] DEBUG Engine               - class com.almasb.fxgl.app.services.FXGLDialogService
23:43:25.804 [FXGL Background Thread 3 ] DEBUG Engine               - class com.almasb.fxgl.app.services.IOTaskExecutorService
23:43:25.804 [FXGL Background Thread 3 ] DEBUG Engine               - class com.almasb.fxgl.io.FileSystemService
23:43:25.805 [FXGL Background Thread 3 ] DEBUG Engine               - class com.almasb.fxgl.localization.LocalizationService
23:43:25.805 [FXGL Background Thread 3 ] DEBUG Engine               - class com.almasb.fxgl.app.services.SystemBundleService
23:43:25.805 [FXGL Background Thread 3 ] DEBUG Engine               - class com.almasb.fxgl.profile.SaveLoadService
23:43:25.805 [FXGL Background Thread 3 ] DEBUG Engine               - class com.almasb.fxgl.ui.FXGLUIFactoryServiceProvider
23:43:25.805 [FXGL Background Thread 3 ] DEBUG Engine               - class com.almasb.fxgl.ui.FXGLDialogFactoryServiceProvider
23:43:25.805 [FXGL Background Thread 3 ] DEBUG Engine               - class com.almasb.fxgl.audio.AudioPlayer
23:43:25.805 [FXGL Background Thread 3 ] DEBUG Engine               - class com.almasb.fxgl.notification.impl.NotificationServiceProvider
23:43:25.805 [FXGL Background Thread 3 ] DEBUG Engine               - class com.almasb.fxgl.achievement.AchievementService
23:43:25.805 [FXGL Background Thread 3 ] DEBUG Engine               - class com.almasb.fxgl.cutscene.CutsceneService
23:43:25.805 [FXGL Background Thread 3 ] DEBUG Engine               - class com.almasb.fxgl.minigames.MiniGameService
23:43:25.805 [FXGL Background Thread 3 ] DEBUG Engine               - class com.almasb.fxgl.net.NetService
23:43:25.805 [FXGL Background Thread 3 ] DEBUG Engine               - class com.almasb.fxgl.app.services.UpdaterService
23:43:25.805 [FXGL Background Thread 3 ] DEBUG Engine               - class com.almasb.fxgl.dev.DevService
23:43:29.317 [JavaFX Application Thread] DEBUG FXGLAssetLoaderServi - Loading from file system: file:/Users/aaron/JavaFXGame/target/classes/assets/textures/exit_sign.png
23:43:30.720 [JavaFX Application Thread] WARN  TMXLevelLoader       - TiledMap generated from 1.2.3. Supported version: 1.9.0. Some features may not be parsed fully.
23:43:30.724 [JavaFX Application Thread] DEBUG TMXLevelLoader       - Parsed TiledMap: file:/Users/aaron/JavaFXGame/target/classes/assets/levels/tmx/level5.tmx
23:43:30.724 [JavaFX Application Thread] DEBUG TMXLevelLoader       - Creating tile layer entities
23:43:30.725 [JavaFX Application Thread] DEBUG TilesetLoader        - Loading view for layer Tile Layer 1
23:43:30.726 [JavaFX Application Thread] DEBUG TilesetLoader        - Created buffer with size 2100.0x700.0
23:43:30.745 [JavaFX Application Thread] DEBUG TMXLevelLoader       - Creating object layer entities
23:43:30.750 [JavaFX Application Thread] DEBUG GameWorld            - Clearing removable entities
23:43:30.752 [JavaFX Application Thread] DEBUG GameWorld            - Setting level: com.almasb.fxgl.entity.level.Level@38e0257d
23:43:40.981 [JavaFX Application Thread] DEBUG FXGLApplication      - Exiting FXGL
23:43:40.982 [JavaFX Application Thread] DEBUG LoopRunner           - Stopping loop
23:43:40.982 [JavaFX Application Thread] DEBUG SystemBundleService  - Saving FXGL system data
23:43:40.986 [JavaFX Application Thread] DEBUG FileSystemAccess     - Writing to: /Users/aaron/JavaFXGame/system/fxgl.bundle
23:43:40.989 [JavaFX Application Thread] DEBUG Async                - Shutting down background threads
23:43:40.990 [JavaFX Application Thread] DEBUG PrimaryStageWindow   - Closing main window
23:43:41.011 [JavaFX Application Thread] DEBUG Logger               - Closing Logger
