18:53:26.538 [main                     ] DEBUG Logger               - Configured Logger
18:53:26.555 [main                     ] DEBUG GameApplication      - Logging settings
Title: Untitled
Version: 0.0
Width: 1280
Height: 720
Fullscreen: false
Intro: false
Profiling: false
Single step:false
App Mode: DEVELOPER
Menu Key: ESCAPE
Stage Style: DECORATED
Scene Factory: class com.sunsofgod.PlatformerApp$1

18:53:26.812 [JavaFX Application Thread] DEBUG FXGLApplication      - Initializing FXGL
18:53:26.815 [JavaFX Application Thread] INFO  Engine               - FXGL-17.2 (20.08.2022 16.50) on WINDOWS (J:21.0.4 FX:17.0.12)
18:53:26.815 [JavaFX Application Thread] DEBUG Engine               - JRE Vendor Name: Eclipse Adoptium
18:53:26.815 [JavaFX Application Thread] DEBUG Engine               - Running on OS: Windows 11 version 10.0
18:53:26.815 [JavaFX Application Thread] DEBUG Engine               - Architecture: amd64
18:53:26.815 [JavaFX Application Thread] INFO  Engine               - Source code and latest versions at: https://github.com/AlmasB/FXGL
18:53:26.816 [JavaFX Application Thread] INFO  Engine               -       Ask questions and discuss at: https://github.com/AlmasB/FXGL/discussions
18:53:26.816 [JavaFX Application Thread] INFO  Engine               -              Join the FXGL chat at: https://gitter.im/AlmasB/FXGL
18:53:26.869 [JavaFX Application Thread] DEBUG PrimaryStageWindow   - Creating a JavaFX scene
18:53:26.897 [JavaFX Application Thread] DEBUG PrimaryStageWindow   - Target settings size: 1280.0 x 720.0
18:53:26.897 [JavaFX Application Thread] DEBUG PrimaryStageWindow   - Scaled scene size:    1280.0 x 720.0
18:53:26.897 [JavaFX Application Thread] DEBUG PrimaryStageWindow   - Scaled ratio: (1.0, 1.0)
18:53:26.898 [JavaFX Application Thread] DEBUG PrimaryStageWindow   - Set initial scene to FXGLStartupScene
18:53:26.902 [JavaFX Application Thread] DEBUG PrimaryStageWindow   - Opening main window
18:53:26.955 [JavaFX Application Thread] DEBUG PrimaryStageWindow   - Window border size: (16.0, 39.0)
18:53:26.956 [JavaFX Application Thread] DEBUG PrimaryStageWindow   - Scaled size: 1280.0 x 720.0
18:53:26.956 [JavaFX Application Thread] DEBUG PrimaryStageWindow   - Scaled ratio: (1.0, 1.0)
18:53:26.956 [JavaFX Application Thread] DEBUG PrimaryStageWindow   - Scene size: 1280.0 x 720.0
18:53:26.956 [JavaFX Application Thread] DEBUG PrimaryStageWindow   - Stage size: 1296.0 x 759.0
18:53:26.961 [FXGL Background Thread 1 ] DEBUG Engine               - Initializing environment variables
18:53:26.991 [FXGL Background Thread 1 ] DEBUG FXGLAssetLoaderServi - User app class for loading assets: class com.sunsofgod.PlatformerApp
18:53:26.991 [FXGL Background Thread 1 ] DEBUG GameApplicationServi - Applying CSS: fxgl_dark.css
18:53:26.992 [FXGL Background Thread 1 ] DEBUG FXGLAssetLoaderServi - Loading from file system: jar:file:///C:/Users/Balong/.m2/repository/com/github/almasb/fxgl/17.2/fxgl-17.2.jar!/fxglassets/ui/css/fxgl_dark.css
18:53:27.022 [FXGL Background Thread 1 ] DEBUG GameApplicationServi - Initializing application scenes
18:53:27.050 [FXGL Background Thread 1 ] DEBUG FXGLAssetLoaderServi - Loading from file system: file:/C:/Users/Balong/Desktop/JavaFXGame-1/target/classes/assets/textures/player.png
18:53:27.064 [FXGL Background Thread 1 ] DEBUG GameWorld            - Game world initialized
18:53:27.104 [FXGL Background Thread 1 ] DEBUG PhysicsWorld         - Physics world initialized: appHeight=720, physics.ppm=50.0
18:53:27.104 [FXGL Background Thread 1 ] DEBUG PhysicsWorld         - Using strategy: BRUTE_FORCE
18:53:27.107 [FXGL Background Thread 1 ] DEBUG GameScene            - Game scene initialized: 1280x720
18:53:27.292 [FXGL Background Thread 1 ] DEBUG FXGL.DefaultMenu     - createMenuBodyGameMenu()
18:53:27.298 [FXGL Background Thread 1 ] DEBUG FXGL.DefaultMenu     - createOptionsMenu()
18:53:27.303 [FXGL Background Thread 1 ] DEBUG FXGLAssetLoaderServi - Loading from file system: jar:file:///C:/Users/Balong/.m2/repository/com/github/almasb/fxgl/17.2/fxgl-17.2.jar!/fxglassets/textures/particles/smoke.png
18:53:27.344 [FXGL Background Thread 1 ] DEBUG FXGLAssetLoaderServi - Loading from file system: jar:file:///C:/Users/Balong/.m2/repository/com/github/almasb/fxgl/17.2/fxgl-17.2.jar!/fxglassets/textures/particles/trace_horizontal.png
18:53:27.353 [FXGL Background Thread 1 ] DEBUG GameApplicationServi - Application scenes initialized
18:53:27.361 [FXGL Background Thread 1 ] DEBUG SystemBundleService  - Loading FXGL system data
18:53:27.364 [FXGL Background Thread 1 ] DEBUG FileSystemAccess     - Reading from: C:\Users\Balong\Desktop\JavaFXGame-1\system\fxgl.bundle
18:53:27.369 [FXGL Background Thread 1 ] DEBUG SystemBundleService  - Bundle FXGL: {}
18:53:27.369 [FXGL Background Thread 1 ] DEBUG UpdaterService       - Checking for updates
18:53:27.383 [FXGL Background Thread 4 ] DEBUG FXGLApplication      - Loading fonts
18:53:27.384 [FXGL Background Thread 1 ] DEBUG FXGLApplication      - Loading default localization
18:53:27.384 [FXGL Background Thread 4 ] DEBUG FXGLAssetLoaderServi - Loading from file system: jar:file:///C:/Users/Balong/.m2/repository/com/github/almasb/fxgl/17.2/fxgl-17.2.jar!/fxglassets/ui/fonts/VarelaRound-Regular.ttf
18:53:27.384 [FXGL Background Thread 1 ] DEBUG FXGLAssetLoaderServi - Loading from file system: jar:file:///C:/Users/Balong/.m2/repository/com/github/almasb/fxgl/17.2/fxgl-17.2.jar!/fxglassets/languages/english.lang
18:53:27.394 [FXGL Background Thread 1 ] INFO  FXGLApplication      - FXGL initialization took: 0.434 sec
18:53:27.395 [JavaFX Application Thread] DEBUG FXGLAssetLoaderServi - Loading from file system: jar:file:///C:/Users/Balong/.m2/repository/com/github/almasb/fxgl/17.2/fxgl-17.2.jar!/fxglassets/textures/fxgl_icon.png
18:53:27.407 [JavaFX Application Thread] DEBUG FXGLAssetLoaderServi - Loading from file system: jar:file:///C:/Users/Balong/.m2/repository/com/github/almasb/fxgl/17.2/fxgl-17.2.jar!/fxglassets/textures/fxgl_default_cursor.png
18:53:27.409 [FXGL Background Thread 4 ] DEBUG FXGLAssetLoaderServi - Loading from file system: jar:file:///C:/Users/Balong/.m2/repository/com/github/almasb/fxgl/17.2/fxgl-17.2.jar!/fxglassets/ui/fonts/Abel-Regular.ttf
18:53:27.414 [JavaFX Application Thread] DEBUG Input                - Registered new binding: Screenshot - CTRL+8
18:53:27.414 [JavaFX Application Thread] DEBUG Input                - Registered new binding: Dev Options - 1
18:53:27.414 [JavaFX Application Thread] DEBUG Input                - Registered new binding: Dev Console - 2
18:53:27.415 [JavaFX Application Thread] DEBUG Input                - Registered new binding: System info dump - CTRL+9
18:53:27.415 [JavaFX Application Thread] DEBUG Input                - Registered new binding: Restart - CTRL+R
18:53:27.415 [JavaFX Application Thread] DEBUG Input                - Registered new binding: Toggle Debug Camera - CTRL+7
18:53:27.417 [JavaFX Application Thread] DEBUG LoopRunner           - Starting loop
18:53:27.418 [FXGL Background Thread 4 ] DEBUG FXGLAssetLoaderServi - Loading from file system: jar:file:///C:/Users/Balong/.m2/repository/com/github/almasb/fxgl/17.2/fxgl-17.2.jar!/fxglassets/ui/fonts/TerminalLandMono-Regular.otf
18:53:27.424 [JavaFX Application Thread] DEBUG LoopRunner           - Initializing JavaFX AnimationTimerLoop
18:53:27.426 [JavaFX Application Thread] DEBUG Input                - Clearing active input actions
18:53:27.432 [FXGL Background Thread 4 ] DEBUG FXGLAssetLoaderServi - Loading from file system: jar:file:///C:/Users/Balong/.m2/repository/com/github/almasb/fxgl/17.2/fxgl-17.2.jar!/fxglassets/ui/fonts/Courier-Prime.ttf
18:53:27.433 [JavaFX Application Thread] DEBUG GameApplicationServi - Removing overlay from FXGLStartupScene and adding to FXGLMainMenuDummyScene
18:53:27.436 [JavaFX Application Thread] DEBUG PrimaryStageWindow   - FXGLStartupScene -> FXGLMainMenuDummyScene
18:53:27.436 [JavaFX Application Thread] DEBUG PrimaryStageWindow   - Push state: RiderMainMenuScene
18:53:27.436 [JavaFX Application Thread] DEBUG Input                - Clearing active input actions
18:53:27.440 [JavaFX Application Thread] DEBUG GameApplicationServi - Removing overlay from FXGLMainMenuDummyScene and adding to RiderMainMenuScene
18:53:27.440 [JavaFX Application Thread] DEBUG PrimaryStageWindow   - FXGLMainMenuDummyScene -> RiderMainMenuScene
18:53:27.556 [JavaFX Application Thread] DEBUG FXGLApplication      - Registering font factories with UI factory
18:53:27.687 [FXGL Background Thread 2 ] INFO  UpdaterService       - Your current version:  17.2
18:53:27.687 [FXGL Background Thread 2 ] INFO  UpdaterService       - Latest stable version: 21.1
18:53:28.444 [JavaFX Application Thread] DEBUG PrimaryStageWindow   - Push state: PlayerSelectScene
18:53:28.444 [JavaFX Application Thread] DEBUG Input                - Clearing active input actions
18:53:28.445 [JavaFX Application Thread] DEBUG GameApplicationServi - Removing overlay from RiderMainMenuScene and adding to PlayerSelectScene
18:53:28.446 [JavaFX Application Thread] DEBUG PrimaryStageWindow   - RiderMainMenuScene -> PlayerSelectScene
18:53:30.383 [FXGL Background Thread 3 ] DEBUG Engine               - Logging environment variables
18:53:30.383 [FXGL Background Thread 3 ] DEBUG Engine               - achievements: []
18:53:30.383 [FXGL Background Thread 3 ] DEBUG Engine               - actualHeight: 720.0
18:53:30.383 [FXGL Background Thread 3 ] DEBUG Engine               - actualHeightProperty: ReadOnlyDoubleProperty [value: 720.0]
18:53:30.383 [FXGL Background Thread 3 ] DEBUG Engine               - actualWidth: 1280.0
18:53:30.383 [FXGL Background Thread 3 ] DEBUG Engine               - actualWidthProperty: ReadOnlyDoubleProperty [value: 1280.0]
18:53:30.383 [FXGL Background Thread 3 ] DEBUG Engine               - appIcon: fxgl_icon.png
18:53:30.383 [FXGL Background Thread 3 ] DEBUG Engine               - applicationMode: DEVELOPER
18:53:30.383 [FXGL Background Thread 3 ] DEBUG Engine               - cSSList: [fxgl_dark.css]
18:53:30.383 [FXGL Background Thread 3 ] DEBUG Engine               - collisionDetectionStrategy: BRUTE_FORCE
18:53:30.384 [FXGL Background Thread 3 ] DEBUG Engine               - configClass: Optional.empty
18:53:30.384 [FXGL Background Thread 3 ] DEBUG Engine               - credits: []
18:53:30.384 [FXGL Background Thread 3 ] DEBUG Engine               - defaultCursor: CursorInfo(imageName=fxgl_default_cursor.png, hotspotX=7.0, hotspotY=6.0)
18:53:30.384 [FXGL Background Thread 3 ] DEBUG Engine               - devBBoxColorProperty: ObjectProperty [value: 0xff0000ff]
18:53:30.384 [FXGL Background Thread 3 ] DEBUG Engine               - devEnableDebugCameraProperty: BooleanProperty [value: false]
18:53:30.384 [FXGL Background Thread 3 ] DEBUG Engine               - devSensorColorProperty: ObjectProperty [value: 0xffff00ff]
18:53:30.384 [FXGL Background Thread 3 ] DEBUG Engine               - devShowBBoxProperty: BooleanProperty [value: false]
18:53:30.384 [FXGL Background Thread 3 ] DEBUG Engine               - devShowPositionProperty: BooleanProperty [value: false]
18:53:30.384 [FXGL Background Thread 3 ] DEBUG Engine               - enabledMenuItems: []
18:53:30.384 [FXGL Background Thread 3 ] DEBUG Engine               - engineServices: [class com.almasb.fxgl.app.services.FXGLAssetLoaderService, class com.almasb.fxgl.app.FXGLApplication$GameApplicationService, class com.almasb.fxgl.app.services.FXGLDialogService, class com.almasb.fxgl.app.services.IOTaskExecutorService, class com.almasb.fxgl.io.FileSystemService, class com.almasb.fxgl.localization.LocalizationService, class com.almasb.fxgl.app.services.SystemBundleService, class com.almasb.fxgl.profile.SaveLoadService, class com.almasb.fxgl.ui.FXGLUIFactoryServiceProvider, class com.almasb.fxgl.ui.FXGLDialogFactoryServiceProvider, class com.almasb.fxgl.audio.AudioPlayer, class com.almasb.fxgl.notification.impl.NotificationServiceProvider, class com.almasb.fxgl.achievement.AchievementService, class com.almasb.fxgl.cutscene.CutsceneService, class com.almasb.fxgl.minigames.MiniGameService, class com.almasb.fxgl.net.NetService, class com.almasb.fxgl.app.services.UpdaterService, class com.almasb.fxgl.dev.DevService]
18:53:30.384 [FXGL Background Thread 3 ] DEBUG Engine               - fontGame: Abel-Regular.ttf
18:53:30.384 [FXGL Background Thread 3 ] DEBUG Engine               - fontMono: TerminalLandMono-Regular.otf
18:53:30.384 [FXGL Background Thread 3 ] DEBUG Engine               - fontText: Courier-Prime.ttf
18:53:30.384 [FXGL Background Thread 3 ] DEBUG Engine               - fontUI: VarelaRound-Regular.ttf
18:53:30.384 [FXGL Background Thread 3 ] DEBUG Engine               - fullScreen: BooleanProperty [value: false]
18:53:30.384 [FXGL Background Thread 3 ] DEBUG Engine               - gameDifficulty: MEDIUM
18:53:30.384 [FXGL Background Thread 3 ] DEBUG Engine               - gameDifficultyProperty: ObjectProperty [value: MEDIUM]
18:53:30.384 [FXGL Background Thread 3 ] DEBUG Engine               - globalMusicVolume: 0.5
18:53:30.385 [FXGL Background Thread 3 ] DEBUG Engine               - globalMusicVolumeProperty: DoubleProperty [value: 0.25]
18:53:30.385 [FXGL Background Thread 3 ] DEBUG Engine               - globalSoundVolume: 0.5
18:53:30.385 [FXGL Background Thread 3 ] DEBUG Engine               - globalSoundVolumeProperty: DoubleProperty [value: 0.5]
18:53:30.385 [FXGL Background Thread 3 ] DEBUG Engine               - height: 720
18:53:30.385 [FXGL Background Thread 3 ] DEBUG Engine               - is3D: false
18:53:30.385 [FXGL Background Thread 3 ] DEBUG Engine               - isAndroid: false
18:53:30.385 [FXGL Background Thread 3 ] DEBUG Engine               - isBrowser: false
18:53:30.385 [FXGL Background Thread 3 ] DEBUG Engine               - isClickFeedbackEnabled: false
18:53:30.385 [FXGL Background Thread 3 ] DEBUG Engine               - isCloseConfirmation: false
18:53:30.385 [FXGL Background Thread 3 ] DEBUG Engine               - isDesktop: true
18:53:30.385 [FXGL Background Thread 3 ] DEBUG Engine               - isDeveloperMenuEnabled: true
18:53:30.385 [FXGL Background Thread 3 ] DEBUG Engine               - isEmbedded: false
18:53:30.385 [FXGL Background Thread 3 ] DEBUG Engine               - isEntityPreloadEnabled: true
18:53:30.385 [FXGL Background Thread 3 ] DEBUG Engine               - isExperimentalTiledLargeMap: false
18:53:30.385 [FXGL Background Thread 3 ] DEBUG Engine               - isFileSystemWriteAllowed: true
18:53:30.385 [FXGL Background Thread 3 ] DEBUG Engine               - isFullScreenAllowed: false
18:53:30.385 [FXGL Background Thread 3 ] DEBUG Engine               - isFullScreenFromStart: false
18:53:30.385 [FXGL Background Thread 3 ] DEBUG Engine               - isGameMenuEnabled: true
18:53:30.385 [FXGL Background Thread 3 ] DEBUG Engine               - isIOS: false
18:53:30.385 [FXGL Background Thread 3 ] DEBUG Engine               - isIntroEnabled: false
18:53:30.385 [FXGL Background Thread 3 ] DEBUG Engine               - isLinux: false
18:53:30.385 [FXGL Background Thread 3 ] DEBUG Engine               - isMac: false
18:53:30.385 [FXGL Background Thread 3 ] DEBUG Engine               - isMainMenuEnabled: true
18:53:30.385 [FXGL Background Thread 3 ] DEBUG Engine               - isManualResizeEnabled: false
18:53:30.385 [FXGL Background Thread 3 ] DEBUG Engine               - isMobile: false
18:53:30.385 [FXGL Background Thread 3 ] DEBUG Engine               - isNative: false
18:53:30.386 [FXGL Background Thread 3 ] DEBUG Engine               - isPauseMusicWhenMinimized: true
18:53:30.386 [FXGL Background Thread 3 ] DEBUG Engine               - isPreserveResizeRatio: false
18:53:30.386 [FXGL Background Thread 3 ] DEBUG Engine               - isProfilingEnabled: false
18:53:30.386 [FXGL Background Thread 3 ] DEBUG Engine               - isScaleAffectedOnResize: true
18:53:30.386 [FXGL Background Thread 3 ] DEBUG Engine               - isSingleStep: false
18:53:30.386 [FXGL Background Thread 3 ] DEBUG Engine               - isUserProfileEnabled: false
18:53:30.386 [FXGL Background Thread 3 ] DEBUG Engine               - isWindows: true
18:53:30.386 [FXGL Background Thread 3 ] DEBUG Engine               - language: ObjectProperty [value: ENGLISH]
18:53:30.386 [FXGL Background Thread 3 ] DEBUG Engine               - menuKey: ESCAPE
18:53:30.386 [FXGL Background Thread 3 ] DEBUG Engine               - mouseSensitivity: 0.2
18:53:30.386 [FXGL Background Thread 3 ] DEBUG Engine               - notificationViewClass: class com.almasb.fxgl.notification.view.XboxNotificationView
18:53:30.386 [FXGL Background Thread 3 ] DEBUG Engine               - pixelsPerMeter: 50.0
18:53:30.386 [FXGL Background Thread 3 ] DEBUG Engine               - platform: WINDOWS
18:53:30.386 [FXGL Background Thread 3 ] DEBUG Engine               - prefHeightProperty: ReadOnlyDoubleProperty [value: 720.0]
18:53:30.386 [FXGL Background Thread 3 ] DEBUG Engine               - prefWidthProperty: ReadOnlyDoubleProperty [value: 1280.0]
18:53:30.386 [FXGL Background Thread 3 ] DEBUG Engine               - profileDir: profiles/
18:53:30.386 [FXGL Background Thread 3 ] DEBUG Engine               - profileName: StringProperty [value: DEFAULT]
18:53:30.386 [FXGL Background Thread 3 ] DEBUG Engine               - randomSeed: -1
18:53:30.387 [FXGL Background Thread 3 ] DEBUG Engine               - runtimeInfo: RuntimeInfo(platform=WINDOWS, version=17.2, build=20.08.2022 16.50)
18:53:30.387 [FXGL Background Thread 3 ] DEBUG Engine               - saveFileExt: sav
18:53:30.387 [FXGL Background Thread 3 ] DEBUG Engine               - scaledHeightProp$fxgl: DoubleProperty [bound, value: 720.0]
18:53:30.387 [FXGL Background Thread 3 ] DEBUG Engine               - scaledWidthProp$fxgl: DoubleProperty [bound, value: 1280.0]
18:53:30.387 [FXGL Background Thread 3 ] DEBUG Engine               - sceneFactory: com.sunsofgod.PlatformerApp$1@7cbedf36
18:53:30.387 [FXGL Background Thread 3 ] DEBUG Engine               - secondsIn24h: 60
18:53:30.387 [FXGL Background Thread 3 ] DEBUG Engine               - soundMenuBack: menu/back.wav
18:53:30.387 [FXGL Background Thread 3 ] DEBUG Engine               - soundMenuPress: menu/press.wav
18:53:30.387 [FXGL Background Thread 3 ] DEBUG Engine               - soundMenuSelect: menu/select.wav
18:53:30.387 [FXGL Background Thread 3 ] DEBUG Engine               - soundNotification: core/notification.wav
18:53:30.387 [FXGL Background Thread 3 ] DEBUG Engine               - stageStyle: DECORATED
18:53:30.387 [FXGL Background Thread 3 ] DEBUG Engine               - supportedLanguages: [ENGLISH, FRENCH, GERMAN, HUNGARIAN, RUSSIAN]
18:53:30.387 [FXGL Background Thread 3 ] DEBUG Engine               - ticksPerSecond: -1
18:53:30.387 [FXGL Background Thread 3 ] DEBUG Engine               - title: Untitled
18:53:30.387 [FXGL Background Thread 3 ] DEBUG Engine               - urlGithub: https://github.com/AlmasB/FXGL
18:53:30.387 [FXGL Background Thread 3 ] DEBUG Engine               - urlLeaderboard: http://fxgl-top.herokuapp.com/
18:53:30.387 [FXGL Background Thread 3 ] DEBUG Engine               - urlPOM: https://raw.githubusercontent.com/AlmasB/FXGL/release/README.md
18:53:30.387 [FXGL Background Thread 3 ] DEBUG Engine               - userAppClass: class com.sunsofgod.PlatformerApp
18:53:30.387 [FXGL Background Thread 3 ] DEBUG Engine               - version: 0.0
18:53:30.387 [FXGL Background Thread 3 ] DEBUG Engine               - versionCheckDays: 7
18:53:30.387 [FXGL Background Thread 3 ] DEBUG Engine               - width: 1280
18:53:30.387 [FXGL Background Thread 3 ] DEBUG Engine               - Logging services
18:53:30.387 [FXGL Background Thread 3 ] DEBUG Engine               - class com.almasb.fxgl.app.services.FXGLAssetLoaderService
18:53:30.387 [FXGL Background Thread 3 ] DEBUG Engine               - class com.almasb.fxgl.app.FXGLApplication$GameApplicationService
18:53:30.387 [FXGL Background Thread 3 ] DEBUG Engine               - class com.almasb.fxgl.app.services.FXGLDialogService
18:53:30.388 [FXGL Background Thread 3 ] DEBUG Engine               - class com.almasb.fxgl.app.services.IOTaskExecutorService
18:53:30.388 [FXGL Background Thread 3 ] DEBUG Engine               - class com.almasb.fxgl.io.FileSystemService
18:53:30.388 [FXGL Background Thread 3 ] DEBUG Engine               - class com.almasb.fxgl.localization.LocalizationService
18:53:30.388 [FXGL Background Thread 3 ] DEBUG Engine               - class com.almasb.fxgl.app.services.SystemBundleService
18:53:30.388 [FXGL Background Thread 3 ] DEBUG Engine               - class com.almasb.fxgl.profile.SaveLoadService
18:53:30.388 [FXGL Background Thread 3 ] DEBUG Engine               - class com.almasb.fxgl.ui.FXGLUIFactoryServiceProvider
18:53:30.388 [FXGL Background Thread 3 ] DEBUG Engine               - class com.almasb.fxgl.ui.FXGLDialogFactoryServiceProvider
18:53:30.388 [FXGL Background Thread 3 ] DEBUG Engine               - class com.almasb.fxgl.audio.AudioPlayer
18:53:30.388 [FXGL Background Thread 3 ] DEBUG Engine               - class com.almasb.fxgl.notification.impl.NotificationServiceProvider
18:53:30.388 [FXGL Background Thread 3 ] DEBUG Engine               - class com.almasb.fxgl.achievement.AchievementService
18:53:30.388 [FXGL Background Thread 3 ] DEBUG Engine               - class com.almasb.fxgl.cutscene.CutsceneService
18:53:30.388 [FXGL Background Thread 3 ] DEBUG Engine               - class com.almasb.fxgl.minigames.MiniGameService
18:53:30.388 [FXGL Background Thread 3 ] DEBUG Engine               - class com.almasb.fxgl.net.NetService
18:53:30.388 [FXGL Background Thread 3 ] DEBUG Engine               - class com.almasb.fxgl.app.services.UpdaterService
18:53:30.388 [FXGL Background Thread 3 ] DEBUG Engine               - class com.almasb.fxgl.dev.DevService
18:53:37.998 [JavaFX Application Thread] DEBUG FXGLApplication      - Exiting FXGL
18:53:37.999 [JavaFX Application Thread] DEBUG LoopRunner           - Stopping loop
18:53:37.999 [JavaFX Application Thread] DEBUG SystemBundleService  - Saving FXGL system data
18:53:38.000 [JavaFX Application Thread] DEBUG FileSystemAccess     - Writing to: C:\Users\Balong\Desktop\JavaFXGame-1\system\fxgl.bundle
18:53:38.003 [JavaFX Application Thread] DEBUG Async                - Shutting down background threads
18:53:38.003 [JavaFX Application Thread] DEBUG PrimaryStageWindow   - Closing main window
18:53:38.012 [JavaFX Application Thread] DEBUG Logger               - Closing Logger
