06:36:28.932 [main                     ] DEBUG Logger               - Configured Logger
06:36:28.950 [main                     ] DEBUG GameApplication      - Logging settings
Title: Untitled
Version: 0.0
Width: 1280
Height: 720
Fullscreen: false
Intro: false
Profiling: false
Single step:false
App Mode: DEVELOPER
Menu Key: ESCAPE
Stage Style: DECORATED
Scene Factory: class com.sunsofgod.PlatformerApp$1

06:36:29.238 [JavaFX Application Thread] DEBUG FXGLApplication      - Initializing FXGL
06:36:29.241 [JavaFX Application Thread] INFO  Engine               - FXGL-17.2 (20.08.2022 16.50) on WINDOWS (J:21.0.4 FX:17.0.12)
06:36:29.242 [JavaFX Application Thread] DEBUG Engine               - JRE Vendor Name: Eclipse Adoptium
06:36:29.242 [JavaFX Application Thread] DEBUG Engine               - Running on OS: Windows 11 version 10.0
06:36:29.242 [JavaFX Application Thread] DEBUG Engine               - Architecture: amd64
06:36:29.242 [JavaFX Application Thread] INFO  Engine               - Source code and latest versions at: https://github.com/AlmasB/FXGL
06:36:29.242 [JavaFX Application Thread] INFO  Engine               -       Ask questions and discuss at: https://github.com/AlmasB/FXGL/discussions
06:36:29.242 [JavaFX Application Thread] INFO  Engine               -              Join the FXGL chat at: https://gitter.im/AlmasB/FXGL
06:36:29.311 [JavaFX Application Thread] DEBUG PrimaryStageWindow   - Creating a JavaFX scene
06:36:29.342 [JavaFX Application Thread] DEBUG PrimaryStageWindow   - Target settings size: 1280.0 x 720.0
06:36:29.343 [JavaFX Application Thread] DEBUG PrimaryStageWindow   - Scaled scene size:    1280.0 x 720.0
06:36:29.343 [JavaFX Application Thread] DEBUG PrimaryStageWindow   - Scaled ratio: (1.0, 1.0)
06:36:29.343 [JavaFX Application Thread] DEBUG PrimaryStageWindow   - Set initial scene to FXGLStartupScene
06:36:29.348 [JavaFX Application Thread] DEBUG PrimaryStageWindow   - Opening main window
06:36:29.410 [JavaFX Application Thread] DEBUG PrimaryStageWindow   - Window border size: (16.0, 39.0)
06:36:29.410 [JavaFX Application Thread] DEBUG PrimaryStageWindow   - Scaled size: 1280.0 x 720.0
06:36:29.412 [JavaFX Application Thread] DEBUG PrimaryStageWindow   - Scaled ratio: (1.0, 1.0)
06:36:29.412 [JavaFX Application Thread] DEBUG PrimaryStageWindow   - Scene size: 1280.0 x 720.0
06:36:29.412 [JavaFX Application Thread] DEBUG PrimaryStageWindow   - Stage size: 1296.0 x 759.0
06:36:29.418 [FXGL Background Thread 1 ] DEBUG Engine               - Initializing environment variables
06:36:29.455 [FXGL Background Thread 1 ] DEBUG FXGLAssetLoaderServi - User app class for loading assets: class com.sunsofgod.PlatformerApp
06:36:29.455 [FXGL Background Thread 1 ] DEBUG GameApplicationServi - Applying CSS: fxgl_dark.css
06:36:29.457 [FXGL Background Thread 1 ] DEBUG FXGLAssetLoaderServi - Loading from file system: jar:file:///C:/Users/user/.m2/repository/com/github/almasb/fxgl/17.2/fxgl-17.2.jar!/fxglassets/ui/css/fxgl_dark.css
06:36:29.489 [FXGL Background Thread 1 ] DEBUG GameApplicationServi - Initializing application scenes
06:36:29.523 [FXGL Background Thread 1 ] WARN  FXGLAssetLoaderServi - Asset "/assets/textures/player.png" was not found!
06:36:29.523 [FXGL Background Thread 1 ] WARN  FXGLAssetLoaderServi - Failed to load IMAGE
06:36:29.542 [FXGL Background Thread 1 ] DEBUG GameWorld            - Game world initialized
06:36:29.581 [FXGL Background Thread 1 ] DEBUG PhysicsWorld         - Physics world initialized: appHeight=720, physics.ppm=50.0
06:36:29.581 [FXGL Background Thread 1 ] DEBUG PhysicsWorld         - Using strategy: BRUTE_FORCE
06:36:29.584 [FXGL Background Thread 1 ] DEBUG GameScene            - Game scene initialized: 1280x720
06:36:29.808 [FXGL Background Thread 1 ] DEBUG GameApplicationServi - Application scenes initialized
06:36:29.822 [FXGL Background Thread 1 ] DEBUG SystemBundleService  - Loading FXGL system data
06:36:29.827 [FXGL Background Thread 1 ] DEBUG FileSystemAccess     - Reading from: C:\Users\user\Desktop\JavaFXGame\system\fxgl.bundle
06:36:29.834 [FXGL Background Thread 1 ] DEBUG SystemBundleService  - Bundle FXGL: {}
06:36:29.834 [FXGL Background Thread 1 ] DEBUG UpdaterService       - Checking for updates
06:36:29.852 [FXGL Background Thread 4 ] DEBUG FXGLApplication      - Loading fonts
06:36:29.853 [FXGL Background Thread 1 ] DEBUG FXGLApplication      - Loading default localization
06:36:29.853 [FXGL Background Thread 4 ] DEBUG FXGLAssetLoaderServi - Loading from file system: jar:file:///C:/Users/user/.m2/repository/com/github/almasb/fxgl/17.2/fxgl-17.2.jar!/fxglassets/ui/fonts/VarelaRound-Regular.ttf
06:36:29.853 [FXGL Background Thread 1 ] DEBUG FXGLAssetLoaderServi - Loading from file system: jar:file:///C:/Users/user/.m2/repository/com/github/almasb/fxgl/17.2/fxgl-17.2.jar!/fxglassets/languages/english.lang
06:36:29.878 [FXGL Background Thread 1 ] INFO  FXGLApplication      - FXGL initialization took: 0.460 sec
06:36:29.880 [JavaFX Application Thread] DEBUG FXGLAssetLoaderServi - Loading from file system: jar:file:///C:/Users/user/.m2/repository/com/github/almasb/fxgl/17.2/fxgl-17.2.jar!/fxglassets/textures/fxgl_icon.png
06:36:29.893 [FXGL Background Thread 4 ] DEBUG FXGLAssetLoaderServi - Loading from file system: jar:file:///C:/Users/user/.m2/repository/com/github/almasb/fxgl/17.2/fxgl-17.2.jar!/fxglassets/ui/fonts/Abel-Regular.ttf
06:36:29.895 [JavaFX Application Thread] DEBUG FXGLAssetLoaderServi - Loading from file system: jar:file:///C:/Users/user/.m2/repository/com/github/almasb/fxgl/17.2/fxgl-17.2.jar!/fxglassets/textures/fxgl_default_cursor.png
06:36:29.897 [FXGL Background Thread 4 ] DEBUG FXGLAssetLoaderServi - Loading from file system: jar:file:///C:/Users/user/.m2/repository/com/github/almasb/fxgl/17.2/fxgl-17.2.jar!/fxglassets/ui/fonts/TerminalLandMono-Regular.otf
06:36:29.900 [FXGL Background Thread 4 ] DEBUG FXGLAssetLoaderServi - Loading from file system: jar:file:///C:/Users/user/.m2/repository/com/github/almasb/fxgl/17.2/fxgl-17.2.jar!/fxglassets/ui/fonts/Courier-Prime.ttf
06:36:29.903 [JavaFX Application Thread] DEBUG Input                - Registered new binding: Screenshot - CTRL+8
06:36:29.903 [JavaFX Application Thread] DEBUG Input                - Registered new binding: Dev Options - 1
06:36:29.903 [JavaFX Application Thread] DEBUG Input                - Registered new binding: Dev Console - 2
06:36:29.903 [JavaFX Application Thread] DEBUG Input                - Registered new binding: System info dump - CTRL+9
06:36:29.903 [JavaFX Application Thread] DEBUG Input                - Registered new binding: Restart - CTRL+R
06:36:29.904 [JavaFX Application Thread] DEBUG Input                - Registered new binding: Toggle Debug Camera - CTRL+7
06:36:29.906 [JavaFX Application Thread] DEBUG LoopRunner           - Starting loop
06:36:29.918 [JavaFX Application Thread] DEBUG LoopRunner           - Initializing JavaFX AnimationTimerLoop
06:36:29.920 [JavaFX Application Thread] DEBUG Input                - Clearing active input actions
06:36:29.930 [JavaFX Application Thread] DEBUG GameApplicationServi - Removing overlay from FXGLStartupScene and adding to FXGLMainMenuDummyScene
06:36:29.934 [JavaFX Application Thread] DEBUG PrimaryStageWindow   - FXGLStartupScene -> FXGLMainMenuDummyScene
06:36:29.934 [JavaFX Application Thread] DEBUG PrimaryStageWindow   - Push state: RiderMainMenuScene
06:36:29.934 [JavaFX Application Thread] DEBUG Input                - Clearing active input actions
06:36:29.939 [JavaFX Application Thread] DEBUG GameApplicationServi - Removing overlay from FXGLMainMenuDummyScene and adding to RiderMainMenuScene
06:36:29.939 [JavaFX Application Thread] DEBUG PrimaryStageWindow   - FXGLMainMenuDummyScene -> RiderMainMenuScene
06:36:30.084 [JavaFX Application Thread] DEBUG FXGLApplication      - Registering font factories with UI factory
06:36:30.215 [FXGL Background Thread 2 ] INFO  UpdaterService       - Your current version:  17.2
06:36:30.215 [FXGL Background Thread 2 ] INFO  UpdaterService       - Latest stable version: 21.1
06:36:30.942 [JavaFX Application Thread] DEBUG PrimaryStageWindow   - Push state: PlayerSelectScene
06:36:30.942 [JavaFX Application Thread] DEBUG Input                - Clearing active input actions
06:36:30.943 [JavaFX Application Thread] DEBUG GameApplicationServi - Removing overlay from RiderMainMenuScene and adding to PlayerSelectScene
06:36:30.944 [JavaFX Application Thread] DEBUG PrimaryStageWindow   - RiderMainMenuScene -> PlayerSelectScene
06:36:32.071 [JavaFX Application Thread] DEBUG PrimaryStageWindow   - Push state: LevelSelectScene
06:36:32.071 [JavaFX Application Thread] DEBUG Input                - Clearing active input actions
06:36:32.072 [JavaFX Application Thread] DEBUG GameApplicationServi - Removing overlay from PlayerSelectScene and adding to LevelSelectScene
06:36:32.073 [JavaFX Application Thread] DEBUG PrimaryStageWindow   - PlayerSelectScene -> LevelSelectScene
06:36:32.852 [FXGL Background Thread 3 ] DEBUG Engine               - Logging environment variables
06:36:32.852 [FXGL Background Thread 3 ] DEBUG Engine               - achievements: []
06:36:32.852 [FXGL Background Thread 3 ] DEBUG Engine               - actualHeight: 720.0
06:36:32.852 [FXGL Background Thread 3 ] DEBUG Engine               - actualHeightProperty: ReadOnlyDoubleProperty [value: 720.0]
06:36:32.852 [FXGL Background Thread 3 ] DEBUG Engine               - actualWidth: 1280.0
06:36:32.852 [FXGL Background Thread 3 ] DEBUG Engine               - actualWidthProperty: ReadOnlyDoubleProperty [value: 1280.0]
06:36:32.852 [FXGL Background Thread 3 ] DEBUG Engine               - appIcon: fxgl_icon.png
06:36:32.852 [FXGL Background Thread 3 ] DEBUG Engine               - applicationMode: DEVELOPER
06:36:32.854 [FXGL Background Thread 3 ] DEBUG Engine               - cSSList: [fxgl_dark.css]
06:36:32.854 [FXGL Background Thread 3 ] DEBUG Engine               - collisionDetectionStrategy: BRUTE_FORCE
06:36:32.854 [FXGL Background Thread 3 ] DEBUG Engine               - configClass: Optional.empty
06:36:32.854 [FXGL Background Thread 3 ] DEBUG Engine               - credits: []
06:36:32.855 [FXGL Background Thread 3 ] DEBUG Engine               - defaultCursor: CursorInfo(imageName=fxgl_default_cursor.png, hotspotX=7.0, hotspotY=6.0)
06:36:32.855 [FXGL Background Thread 3 ] DEBUG Engine               - devBBoxColorProperty: ObjectProperty [value: 0xff0000ff]
06:36:32.855 [FXGL Background Thread 3 ] DEBUG Engine               - devEnableDebugCameraProperty: BooleanProperty [value: false]
06:36:32.856 [FXGL Background Thread 3 ] DEBUG Engine               - devSensorColorProperty: ObjectProperty [value: 0xffff00ff]
06:36:32.856 [FXGL Background Thread 3 ] DEBUG Engine               - devShowBBoxProperty: BooleanProperty [value: false]
06:36:32.856 [FXGL Background Thread 3 ] DEBUG Engine               - devShowPositionProperty: BooleanProperty [value: false]
06:36:32.856 [FXGL Background Thread 3 ] DEBUG Engine               - enabledMenuItems: []
06:36:32.856 [FXGL Background Thread 3 ] DEBUG Engine               - engineServices: [class com.almasb.fxgl.app.services.FXGLAssetLoaderService, class com.almasb.fxgl.app.FXGLApplication$GameApplicationService, class com.almasb.fxgl.app.services.FXGLDialogService, class com.almasb.fxgl.app.services.IOTaskExecutorService, class com.almasb.fxgl.io.FileSystemService, class com.almasb.fxgl.localization.LocalizationService, class com.almasb.fxgl.app.services.SystemBundleService, class com.almasb.fxgl.profile.SaveLoadService, class com.almasb.fxgl.ui.FXGLUIFactoryServiceProvider, class com.almasb.fxgl.ui.FXGLDialogFactoryServiceProvider, class com.almasb.fxgl.audio.AudioPlayer, class com.almasb.fxgl.notification.impl.NotificationServiceProvider, class com.almasb.fxgl.achievement.AchievementService, class com.almasb.fxgl.cutscene.CutsceneService, class com.almasb.fxgl.minigames.MiniGameService, class com.almasb.fxgl.net.NetService, class com.almasb.fxgl.app.services.UpdaterService, class com.almasb.fxgl.dev.DevService]
06:36:32.856 [FXGL Background Thread 3 ] DEBUG Engine               - fontGame: Abel-Regular.ttf
06:36:32.856 [FXGL Background Thread 3 ] DEBUG Engine               - fontMono: TerminalLandMono-Regular.otf
06:36:32.856 [FXGL Background Thread 3 ] DEBUG Engine               - fontText: Courier-Prime.ttf
06:36:32.856 [FXGL Background Thread 3 ] DEBUG Engine               - fontUI: VarelaRound-Regular.ttf
06:36:32.856 [FXGL Background Thread 3 ] DEBUG Engine               - fullScreen: BooleanProperty [value: false]
06:36:32.856 [FXGL Background Thread 3 ] DEBUG Engine               - gameDifficulty: MEDIUM
06:36:32.856 [FXGL Background Thread 3 ] DEBUG Engine               - gameDifficultyProperty: ObjectProperty [value: MEDIUM]
06:36:32.856 [FXGL Background Thread 3 ] DEBUG Engine               - globalMusicVolume: 0.5
06:36:32.857 [FXGL Background Thread 3 ] DEBUG Engine               - globalMusicVolumeProperty: DoubleProperty [value: 0.25]
06:36:32.857 [FXGL Background Thread 3 ] DEBUG Engine               - globalSoundVolume: 0.5
06:36:32.857 [FXGL Background Thread 3 ] DEBUG Engine               - globalSoundVolumeProperty: DoubleProperty [value: 0.5]
06:36:32.857 [FXGL Background Thread 3 ] DEBUG Engine               - height: 720
06:36:32.857 [FXGL Background Thread 3 ] DEBUG Engine               - is3D: false
06:36:32.857 [FXGL Background Thread 3 ] DEBUG Engine               - isAndroid: false
06:36:32.857 [FXGL Background Thread 3 ] DEBUG Engine               - isBrowser: false
06:36:32.857 [FXGL Background Thread 3 ] DEBUG Engine               - isClickFeedbackEnabled: false
06:36:32.857 [FXGL Background Thread 3 ] DEBUG Engine               - isCloseConfirmation: false
06:36:32.857 [FXGL Background Thread 3 ] DEBUG Engine               - isDesktop: true
06:36:32.857 [FXGL Background Thread 3 ] DEBUG Engine               - isDeveloperMenuEnabled: true
06:36:32.857 [FXGL Background Thread 3 ] DEBUG Engine               - isEmbedded: false
06:36:32.857 [FXGL Background Thread 3 ] DEBUG Engine               - isEntityPreloadEnabled: true
06:36:32.857 [FXGL Background Thread 3 ] DEBUG Engine               - isExperimentalTiledLargeMap: false
06:36:32.857 [FXGL Background Thread 3 ] DEBUG Engine               - isFileSystemWriteAllowed: true
06:36:32.857 [FXGL Background Thread 3 ] DEBUG Engine               - isFullScreenAllowed: false
06:36:32.857 [FXGL Background Thread 3 ] DEBUG Engine               - isFullScreenFromStart: false
06:36:32.857 [FXGL Background Thread 3 ] DEBUG Engine               - isGameMenuEnabled: true
06:36:32.857 [FXGL Background Thread 3 ] DEBUG Engine               - isIOS: false
06:36:32.857 [FXGL Background Thread 3 ] DEBUG Engine               - isIntroEnabled: false
06:36:32.858 [FXGL Background Thread 3 ] DEBUG Engine               - isLinux: false
06:36:32.858 [FXGL Background Thread 3 ] DEBUG Engine               - isMac: false
06:36:32.858 [FXGL Background Thread 3 ] DEBUG Engine               - isMainMenuEnabled: true
06:36:32.858 [FXGL Background Thread 3 ] DEBUG Engine               - isManualResizeEnabled: false
06:36:32.858 [FXGL Background Thread 3 ] DEBUG Engine               - isMobile: false
06:36:32.858 [FXGL Background Thread 3 ] DEBUG Engine               - isNative: false
06:36:32.858 [FXGL Background Thread 3 ] DEBUG Engine               - isPauseMusicWhenMinimized: true
06:36:32.858 [FXGL Background Thread 3 ] DEBUG Engine               - isPreserveResizeRatio: false
06:36:32.858 [FXGL Background Thread 3 ] DEBUG Engine               - isProfilingEnabled: false
06:36:32.858 [FXGL Background Thread 3 ] DEBUG Engine               - isScaleAffectedOnResize: true
06:36:32.858 [FXGL Background Thread 3 ] DEBUG Engine               - isSingleStep: false
06:36:32.858 [FXGL Background Thread 3 ] DEBUG Engine               - isUserProfileEnabled: false
06:36:32.858 [FXGL Background Thread 3 ] DEBUG Engine               - isWindows: true
06:36:32.858 [FXGL Background Thread 3 ] DEBUG Engine               - language: ObjectProperty [value: ENGLISH]
06:36:32.858 [FXGL Background Thread 3 ] DEBUG Engine               - menuKey: ESCAPE
06:36:32.858 [FXGL Background Thread 3 ] DEBUG Engine               - mouseSensitivity: 0.2
06:36:32.858 [FXGL Background Thread 3 ] DEBUG Engine               - notificationViewClass: class com.almasb.fxgl.notification.view.XboxNotificationView
06:36:32.858 [FXGL Background Thread 3 ] DEBUG Engine               - pixelsPerMeter: 50.0
06:36:32.858 [FXGL Background Thread 3 ] DEBUG Engine               - platform: WINDOWS
06:36:32.858 [FXGL Background Thread 3 ] DEBUG Engine               - prefHeightProperty: ReadOnlyDoubleProperty [value: 720.0]
06:36:32.858 [FXGL Background Thread 3 ] DEBUG Engine               - prefWidthProperty: ReadOnlyDoubleProperty [value: 1280.0]
06:36:32.859 [FXGL Background Thread 3 ] DEBUG Engine               - profileDir: profiles/
06:36:32.859 [FXGL Background Thread 3 ] DEBUG Engine               - profileName: StringProperty [value: DEFAULT]
06:36:32.859 [FXGL Background Thread 3 ] DEBUG Engine               - randomSeed: -1
06:36:32.859 [FXGL Background Thread 3 ] DEBUG Engine               - runtimeInfo: RuntimeInfo(platform=WINDOWS, version=17.2, build=20.08.2022 16.50)
06:36:32.859 [FXGL Background Thread 3 ] DEBUG Engine               - saveFileExt: sav
06:36:32.859 [FXGL Background Thread 3 ] DEBUG Engine               - scaledHeightProp$fxgl: DoubleProperty [bound, value: 720.0]
06:36:32.859 [FXGL Background Thread 3 ] DEBUG Engine               - scaledWidthProp$fxgl: DoubleProperty [bound, value: 1280.0]
06:36:32.859 [FXGL Background Thread 3 ] DEBUG Engine               - sceneFactory: com.sunsofgod.PlatformerApp$1@6aca35bf
06:36:32.859 [FXGL Background Thread 3 ] DEBUG Engine               - secondsIn24h: 60
06:36:32.859 [FXGL Background Thread 3 ] DEBUG Engine               - soundMenuBack: menu/back.wav
06:36:32.859 [FXGL Background Thread 3 ] DEBUG Engine               - soundMenuPress: menu/press.wav
06:36:32.859 [FXGL Background Thread 3 ] DEBUG Engine               - soundMenuSelect: menu/select.wav
06:36:32.859 [FXGL Background Thread 3 ] DEBUG Engine               - soundNotification: core/notification.wav
06:36:32.859 [FXGL Background Thread 3 ] DEBUG Engine               - stageStyle: DECORATED
06:36:32.860 [FXGL Background Thread 3 ] DEBUG Engine               - supportedLanguages: [ENGLISH, FRENCH, GERMAN, HUNGARIAN, RUSSIAN]
06:36:32.860 [FXGL Background Thread 3 ] DEBUG Engine               - ticksPerSecond: -1
06:36:32.860 [FXGL Background Thread 3 ] DEBUG Engine               - title: Untitled
06:36:32.860 [FXGL Background Thread 3 ] DEBUG Engine               - urlGithub: https://github.com/AlmasB/FXGL
06:36:32.860 [FXGL Background Thread 3 ] DEBUG Engine               - urlLeaderboard: http://fxgl-top.herokuapp.com/
06:36:32.860 [FXGL Background Thread 3 ] DEBUG Engine               - urlPOM: https://raw.githubusercontent.com/AlmasB/FXGL/release/README.md
06:36:32.860 [FXGL Background Thread 3 ] DEBUG Engine               - userAppClass: class com.sunsofgod.PlatformerApp
06:36:32.860 [FXGL Background Thread 3 ] DEBUG Engine               - version: 0.0
06:36:32.860 [FXGL Background Thread 3 ] DEBUG Engine               - versionCheckDays: 7
06:36:32.860 [FXGL Background Thread 3 ] DEBUG Engine               - width: 1280
06:36:32.860 [FXGL Background Thread 3 ] DEBUG Engine               - Logging services
06:36:32.860 [FXGL Background Thread 3 ] DEBUG Engine               - class com.almasb.fxgl.app.services.FXGLAssetLoaderService
06:36:32.860 [FXGL Background Thread 3 ] DEBUG Engine               - class com.almasb.fxgl.app.FXGLApplication$GameApplicationService
06:36:32.860 [FXGL Background Thread 3 ] DEBUG Engine               - class com.almasb.fxgl.app.services.FXGLDialogService
06:36:32.860 [FXGL Background Thread 3 ] DEBUG Engine               - class com.almasb.fxgl.app.services.IOTaskExecutorService
06:36:32.860 [FXGL Background Thread 3 ] DEBUG Engine               - class com.almasb.fxgl.io.FileSystemService
06:36:32.860 [FXGL Background Thread 3 ] DEBUG Engine               - class com.almasb.fxgl.localization.LocalizationService
06:36:32.861 [FXGL Background Thread 3 ] DEBUG Engine               - class com.almasb.fxgl.app.services.SystemBundleService
06:36:32.861 [FXGL Background Thread 3 ] DEBUG Engine               - class com.almasb.fxgl.profile.SaveLoadService
06:36:32.861 [FXGL Background Thread 3 ] DEBUG Engine               - class com.almasb.fxgl.ui.FXGLUIFactoryServiceProvider
06:36:32.861 [FXGL Background Thread 3 ] DEBUG Engine               - class com.almasb.fxgl.ui.FXGLDialogFactoryServiceProvider
06:36:32.861 [FXGL Background Thread 3 ] DEBUG Engine               - class com.almasb.fxgl.audio.AudioPlayer
06:36:32.861 [FXGL Background Thread 3 ] DEBUG Engine               - class com.almasb.fxgl.notification.impl.NotificationServiceProvider
06:36:32.861 [FXGL Background Thread 3 ] DEBUG Engine               - class com.almasb.fxgl.achievement.AchievementService
06:36:32.861 [FXGL Background Thread 3 ] DEBUG Engine               - class com.almasb.fxgl.cutscene.CutsceneService
06:36:32.861 [FXGL Background Thread 3 ] DEBUG Engine               - class com.almasb.fxgl.minigames.MiniGameService
06:36:32.861 [FXGL Background Thread 3 ] DEBUG Engine               - class com.almasb.fxgl.net.NetService
06:36:32.861 [FXGL Background Thread 3 ] DEBUG Engine               - class com.almasb.fxgl.app.services.UpdaterService
06:36:32.861 [FXGL Background Thread 3 ] DEBUG Engine               - class com.almasb.fxgl.dev.DevService
06:36:33.003 [JavaFX Application Thread] DEBUG PrimaryStageWindow   - Pop state: LevelSelectScene
06:36:33.003 [JavaFX Application Thread] DEBUG Input                - Clearing active input actions
06:36:33.005 [JavaFX Application Thread] DEBUG GameApplicationServi - Removing overlay from LevelSelectScene and adding to PlayerSelectScene
06:36:33.006 [JavaFX Application Thread] DEBUG PrimaryStageWindow   - PlayerSelectScene <- LevelSelectScene
06:36:33.887 [JavaFX Application Thread] DEBUG PrimaryStageWindow   - Push state: LevelSelectScene
06:36:33.887 [JavaFX Application Thread] DEBUG Input                - Clearing active input actions
06:36:33.887 [JavaFX Application Thread] DEBUG GameApplicationServi - Removing overlay from PlayerSelectScene and adding to LevelSelectScene
06:36:33.888 [JavaFX Application Thread] DEBUG PrimaryStageWindow   - PlayerSelectScene -> LevelSelectScene
06:36:34.859 [JavaFX Application Thread] DEBUG PrimaryStageWindow   - Pop state: LevelSelectScene
06:36:34.859 [JavaFX Application Thread] DEBUG Input                - Clearing active input actions
06:36:34.859 [JavaFX Application Thread] DEBUG GameApplicationServi - Removing overlay from LevelSelectScene and adding to PlayerSelectScene
06:36:34.860 [JavaFX Application Thread] DEBUG PrimaryStageWindow   - PlayerSelectScene <- LevelSelectScene
06:36:36.225 [JavaFX Application Thread] DEBUG PrimaryStageWindow   - Push state: LevelSelectScene
06:36:36.225 [JavaFX Application Thread] DEBUG Input                - Clearing active input actions
06:36:36.225 [JavaFX Application Thread] DEBUG GameApplicationServi - Removing overlay from PlayerSelectScene and adding to LevelSelectScene
06:36:36.225 [JavaFX Application Thread] DEBUG PrimaryStageWindow   - PlayerSelectScene -> LevelSelectScene
06:36:37.178 [JavaFX Application Thread] DEBUG PrimaryStageWindow   - Pop state: LevelSelectScene
06:36:37.178 [JavaFX Application Thread] DEBUG Input                - Clearing active input actions
06:36:37.179 [JavaFX Application Thread] DEBUG GameApplicationServi - Removing overlay from LevelSelectScene and adding to PlayerSelectScene
06:36:37.179 [JavaFX Application Thread] DEBUG PrimaryStageWindow   - PlayerSelectScene <- LevelSelectScene
06:36:51.563 [JavaFX Application Thread] DEBUG PrimaryStageWindow   - Pop state: PlayerSelectScene
06:36:51.563 [JavaFX Application Thread] DEBUG Input                - Clearing active input actions
06:36:51.564 [JavaFX Application Thread] DEBUG GameApplicationServi - Removing overlay from PlayerSelectScene and adding to RiderMainMenuScene
06:36:51.564 [JavaFX Application Thread] DEBUG PrimaryStageWindow   - RiderMainMenuScene <- PlayerSelectScene
06:36:52.203 [JavaFX Application Thread] DEBUG FXGLApplication      - Exiting FXGL
06:36:52.203 [JavaFX Application Thread] DEBUG LoopRunner           - Stopping loop
06:36:52.203 [JavaFX Application Thread] DEBUG SystemBundleService  - Saving FXGL system data
06:36:52.205 [JavaFX Application Thread] DEBUG FileSystemAccess     - Writing to: C:\Users\user\Desktop\JavaFXGame\system\fxgl.bundle
06:36:52.207 [JavaFX Application Thread] DEBUG Async                - Shutting down background threads
06:36:52.207 [JavaFX Application Thread] DEBUG PrimaryStageWindow   - Closing main window
06:36:52.218 [JavaFX Application Thread] DEBUG Logger               - Closing Logger
