23:45:58.823 [main                     ] DEBUG Logger               - Configured Logger
23:45:58.839 [main                     ] DEBUG GameApplication      - Logging settings
Title: Untitled
Version: 0.0
Width: 1280
Height: 720
Fullscreen: false
Intro: false
Profiling: false
Single step:false
App Mode: DEVELOPER
Menu Key: ESCAPE
Stage Style: DECORATED
Scene Factory: class com.sunsofgod.PlatformerApp$1

23:45:59.094 [JavaFX Application Thread] DEBUG FXGLApplication      - Initializing FXGL
23:45:59.097 [JavaFX Application Thread] INFO  Engine               - FXGL-17.2 (20.08.2022 16.50) on WINDOWS (J:21.0.4 FX:17.0.12)
23:45:59.098 [JavaFX Application Thread] DEBUG Engine               - JRE Vendor Name: Eclipse Adoptium
23:45:59.098 [JavaFX Application Thread] DEBUG Engine               - Running on OS: Windows 11 version 10.0
23:45:59.098 [JavaFX Application Thread] DEBUG Engine               - Architecture: amd64
23:45:59.098 [JavaFX Application Thread] INFO  Engine               - Source code and latest versions at: https://github.com/AlmasB/FXGL
23:45:59.098 [JavaFX Application Thread] INFO  Engine               -       Ask questions and discuss at: https://github.com/AlmasB/FXGL/discussions
23:45:59.098 [JavaFX Application Thread] INFO  Engine               -              Join the FXGL chat at: https://gitter.im/AlmasB/FXGL
23:45:59.173 [JavaFX Application Thread] DEBUG PrimaryStageWindow   - Creating a JavaFX scene
23:45:59.208 [JavaFX Application Thread] DEBUG PrimaryStageWindow   - Target settings size: 1280.0 x 720.0
23:45:59.208 [JavaFX Application Thread] DEBUG PrimaryStageWindow   - Scaled scene size:    1280.0 x 720.0
23:45:59.208 [JavaFX Application Thread] DEBUG PrimaryStageWindow   - Scaled ratio: (1.0, 1.0)
23:45:59.210 [JavaFX Application Thread] DEBUG PrimaryStageWindow   - Set initial scene to FXGLStartupScene
23:45:59.215 [JavaFX Application Thread] DEBUG PrimaryStageWindow   - Opening main window
23:45:59.278 [JavaFX Application Thread] DEBUG PrimaryStageWindow   - Window border size: (14.4000244140625, 37.5999755859375)
23:45:59.279 [JavaFX Application Thread] DEBUG PrimaryStageWindow   - Scaled size: 1280.0 x 720.0
23:45:59.279 [JavaFX Application Thread] DEBUG PrimaryStageWindow   - Scaled ratio: (1.0, 1.0)
23:45:59.279 [JavaFX Application Thread] DEBUG PrimaryStageWindow   - Scene size: 1280.0 x 720.0
23:45:59.279 [JavaFX Application Thread] DEBUG PrimaryStageWindow   - Stage size: 1294.4000244140625 x 757.5999755859375
23:45:59.284 [FXGL Background Thread 1 ] DEBUG Engine               - Initializing environment variables
23:45:59.324 [FXGL Background Thread 1 ] DEBUG FXGLAssetLoaderServi - User app class for loading assets: class com.sunsofgod.PlatformerApp
23:45:59.324 [FXGL Background Thread 1 ] DEBUG GameApplicationServi - Applying CSS: fxgl_dark.css
23:45:59.325 [FXGL Background Thread 1 ] DEBUG FXGLAssetLoaderServi - Loading from file system: jar:file:///C:/Users/jamie/.m2/repository/com/github/almasb/fxgl/17.2/fxgl-17.2.jar!/fxglassets/ui/css/fxgl_dark.css
23:45:59.367 [FXGL Background Thread 1 ] DEBUG GameApplicationServi - Initializing application scenes
23:45:59.407 [FXGL Background Thread 1 ] WARN  FXGLAssetLoaderServi - Asset "/assets/textures/player.png" was not found!
23:45:59.407 [FXGL Background Thread 1 ] WARN  FXGLAssetLoaderServi - Failed to load IMAGE
23:45:59.429 [FXGL Background Thread 1 ] DEBUG GameWorld            - Game world initialized
23:45:59.473 [FXGL Background Thread 1 ] DEBUG PhysicsWorld         - Physics world initialized: appHeight=720, physics.ppm=50.0
23:45:59.474 [FXGL Background Thread 1 ] DEBUG PhysicsWorld         - Using strategy: BRUTE_FORCE
23:45:59.477 [FXGL Background Thread 1 ] DEBUG GameScene            - Game scene initialized: 1280x720
23:45:59.737 [FXGL Background Thread 1 ] DEBUG FXGL.DefaultMenu     - createMenuBodyGameMenu()
23:45:59.745 [FXGL Background Thread 1 ] DEBUG FXGL.DefaultMenu     - createOptionsMenu()
23:45:59.750 [FXGL Background Thread 1 ] DEBUG FXGLAssetLoaderServi - Loading from file system: jar:file:///C:/Users/jamie/.m2/repository/com/github/almasb/fxgl/17.2/fxgl-17.2.jar!/fxglassets/textures/particles/smoke.png
23:45:59.791 [FXGL Background Thread 1 ] DEBUG FXGLAssetLoaderServi - Loading from file system: jar:file:///C:/Users/jamie/.m2/repository/com/github/almasb/fxgl/17.2/fxgl-17.2.jar!/fxglassets/textures/particles/trace_horizontal.png
23:45:59.808 [FXGL Background Thread 1 ] DEBUG GameApplicationServi - Application scenes initialized
23:45:59.818 [FXGL Background Thread 1 ] DEBUG SystemBundleService  - Loading FXGL system data
23:45:59.822 [FXGL Background Thread 1 ] DEBUG FileSystemAccess     - Reading from: C:\Users\jamie\OneDrive\Pictures\JavaFXGame\system\fxgl.bundle
23:45:59.830 [FXGL Background Thread 1 ] DEBUG SystemBundleService  - Bundle FXGL: {}
23:45:59.830 [FXGL Background Thread 1 ] DEBUG UpdaterService       - Checking for updates
23:45:59.854 [FXGL Background Thread 4 ] DEBUG FXGLApplication      - Loading fonts
23:45:59.855 [FXGL Background Thread 1 ] DEBUG FXGLApplication      - Loading default localization
23:45:59.855 [FXGL Background Thread 4 ] DEBUG FXGLAssetLoaderServi - Loading from file system: jar:file:///C:/Users/jamie/.m2/repository/com/github/almasb/fxgl/17.2/fxgl-17.2.jar!/fxglassets/ui/fonts/VarelaRound-Regular.ttf
23:45:59.855 [FXGL Background Thread 1 ] DEBUG FXGLAssetLoaderServi - Loading from file system: jar:file:///C:/Users/jamie/.m2/repository/com/github/almasb/fxgl/17.2/fxgl-17.2.jar!/fxglassets/languages/english.lang
23:45:59.869 [FXGL Background Thread 1 ] INFO  FXGLApplication      - FXGL initialization took: 0.584 sec
23:45:59.870 [JavaFX Application Thread] DEBUG FXGLAssetLoaderServi - Loading from file system: jar:file:///C:/Users/jamie/.m2/repository/com/github/almasb/fxgl/17.2/fxgl-17.2.jar!/fxglassets/textures/fxgl_icon.png
23:45:59.882 [FXGL Background Thread 4 ] DEBUG FXGLAssetLoaderServi - Loading from file system: jar:file:///C:/Users/jamie/.m2/repository/com/github/almasb/fxgl/17.2/fxgl-17.2.jar!/fxglassets/ui/fonts/Abel-Regular.ttf
23:45:59.886 [FXGL Background Thread 4 ] DEBUG FXGLAssetLoaderServi - Loading from file system: jar:file:///C:/Users/jamie/.m2/repository/com/github/almasb/fxgl/17.2/fxgl-17.2.jar!/fxglassets/ui/fonts/TerminalLandMono-Regular.otf
23:45:59.886 [JavaFX Application Thread] DEBUG FXGLAssetLoaderServi - Loading from file system: jar:file:///C:/Users/jamie/.m2/repository/com/github/almasb/fxgl/17.2/fxgl-17.2.jar!/fxglassets/textures/fxgl_default_cursor.png
23:45:59.889 [FXGL Background Thread 4 ] DEBUG FXGLAssetLoaderServi - Loading from file system: jar:file:///C:/Users/jamie/.m2/repository/com/github/almasb/fxgl/17.2/fxgl-17.2.jar!/fxglassets/ui/fonts/Courier-Prime.ttf
23:45:59.898 [JavaFX Application Thread] DEBUG Input                - Registered new binding: Screenshot - CTRL+8
23:45:59.899 [JavaFX Application Thread] DEBUG Input                - Registered new binding: Dev Options - 1
23:45:59.899 [JavaFX Application Thread] DEBUG Input                - Registered new binding: Dev Console - 2
23:45:59.899 [JavaFX Application Thread] DEBUG Input                - Registered new binding: System info dump - CTRL+9
23:45:59.899 [JavaFX Application Thread] DEBUG Input                - Registered new binding: Restart - CTRL+R
23:45:59.901 [JavaFX Application Thread] DEBUG Input                - Registered new binding: Toggle Debug Camera - CTRL+7
23:45:59.903 [JavaFX Application Thread] DEBUG LoopRunner           - Starting loop
23:45:59.913 [JavaFX Application Thread] DEBUG LoopRunner           - Initializing JavaFX AnimationTimerLoop
23:45:59.915 [JavaFX Application Thread] DEBUG Input                - Clearing active input actions
23:45:59.926 [JavaFX Application Thread] DEBUG GameApplicationServi - Removing overlay from FXGLStartupScene and adding to FXGLMainMenuDummyScene
23:45:59.931 [JavaFX Application Thread] DEBUG PrimaryStageWindow   - FXGLStartupScene -> FXGLMainMenuDummyScene
23:45:59.931 [JavaFX Application Thread] DEBUG PrimaryStageWindow   - Push state: RiderMainMenuScene
23:45:59.932 [JavaFX Application Thread] DEBUG Input                - Clearing active input actions
23:45:59.937 [JavaFX Application Thread] DEBUG GameApplicationServi - Removing overlay from FXGLMainMenuDummyScene and adding to RiderMainMenuScene
23:45:59.938 [JavaFX Application Thread] DEBUG PrimaryStageWindow   - FXGLMainMenuDummyScene -> RiderMainMenuScene
23:46:00.071 [JavaFX Application Thread] DEBUG FXGLApplication      - Registering font factories with UI factory
23:46:00.185 [FXGL Background Thread 2 ] INFO  UpdaterService       - Your current version:  17.2
23:46:00.185 [FXGL Background Thread 2 ] INFO  UpdaterService       - Latest stable version: 21.1
23:46:01.233 [JavaFX Application Thread] DEBUG PrimaryStageWindow   - Push state: PlayerSelectScene
23:46:01.233 [JavaFX Application Thread] DEBUG Input                - Clearing active input actions
23:46:01.234 [JavaFX Application Thread] DEBUG GameApplicationServi - Removing overlay from RiderMainMenuScene and adding to PlayerSelectScene
23:46:01.235 [JavaFX Application Thread] DEBUG PrimaryStageWindow   - RiderMainMenuScene -> PlayerSelectScene
23:46:02.854 [FXGL Background Thread 3 ] DEBUG Engine               - Logging environment variables
23:46:02.854 [FXGL Background Thread 3 ] DEBUG Engine               - achievements: []
23:46:02.854 [FXGL Background Thread 3 ] DEBUG Engine               - actualHeight: 720.0
23:46:02.855 [FXGL Background Thread 3 ] DEBUG Engine               - actualHeightProperty: ReadOnlyDoubleProperty [value: 720.0]
23:46:02.855 [FXGL Background Thread 3 ] DEBUG Engine               - actualWidth: 1280.0
23:46:02.855 [FXGL Background Thread 3 ] DEBUG Engine               - actualWidthProperty: ReadOnlyDoubleProperty [value: 1280.0]
23:46:02.855 [FXGL Background Thread 3 ] DEBUG Engine               - appIcon: fxgl_icon.png
23:46:02.855 [FXGL Background Thread 3 ] DEBUG Engine               - applicationMode: DEVELOPER
23:46:02.855 [FXGL Background Thread 3 ] DEBUG Engine               - cSSList: [fxgl_dark.css]
23:46:02.855 [FXGL Background Thread 3 ] DEBUG Engine               - collisionDetectionStrategy: BRUTE_FORCE
23:46:02.855 [FXGL Background Thread 3 ] DEBUG Engine               - configClass: Optional.empty
23:46:02.855 [FXGL Background Thread 3 ] DEBUG Engine               - credits: []
23:46:02.855 [FXGL Background Thread 3 ] DEBUG Engine               - defaultCursor: CursorInfo(imageName=fxgl_default_cursor.png, hotspotX=7.0, hotspotY=6.0)
23:46:02.855 [FXGL Background Thread 3 ] DEBUG Engine               - devBBoxColorProperty: ObjectProperty [value: 0xff0000ff]
23:46:02.855 [FXGL Background Thread 3 ] DEBUG Engine               - devEnableDebugCameraProperty: BooleanProperty [value: false]
23:46:02.855 [FXGL Background Thread 3 ] DEBUG Engine               - devSensorColorProperty: ObjectProperty [value: 0xffff00ff]
23:46:02.855 [FXGL Background Thread 3 ] DEBUG Engine               - devShowBBoxProperty: BooleanProperty [value: false]
23:46:02.857 [FXGL Background Thread 3 ] DEBUG Engine               - devShowPositionProperty: BooleanProperty [value: false]
23:46:02.857 [FXGL Background Thread 3 ] DEBUG Engine               - enabledMenuItems: []
23:46:02.857 [FXGL Background Thread 3 ] DEBUG Engine               - engineServices: [class com.almasb.fxgl.app.services.FXGLAssetLoaderService, class com.almasb.fxgl.app.FXGLApplication$GameApplicationService, class com.almasb.fxgl.app.services.FXGLDialogService, class com.almasb.fxgl.app.services.IOTaskExecutorService, class com.almasb.fxgl.io.FileSystemService, class com.almasb.fxgl.localization.LocalizationService, class com.almasb.fxgl.app.services.SystemBundleService, class com.almasb.fxgl.profile.SaveLoadService, class com.almasb.fxgl.ui.FXGLUIFactoryServiceProvider, class com.almasb.fxgl.ui.FXGLDialogFactoryServiceProvider, class com.almasb.fxgl.audio.AudioPlayer, class com.almasb.fxgl.notification.impl.NotificationServiceProvider, class com.almasb.fxgl.achievement.AchievementService, class com.almasb.fxgl.cutscene.CutsceneService, class com.almasb.fxgl.minigames.MiniGameService, class com.almasb.fxgl.net.NetService, class com.almasb.fxgl.app.services.UpdaterService, class com.almasb.fxgl.dev.DevService]
23:46:02.857 [FXGL Background Thread 3 ] DEBUG Engine               - fontGame: Abel-Regular.ttf
23:46:02.857 [FXGL Background Thread 3 ] DEBUG Engine               - fontMono: TerminalLandMono-Regular.otf
23:46:02.857 [FXGL Background Thread 3 ] DEBUG Engine               - fontText: Courier-Prime.ttf
23:46:02.857 [FXGL Background Thread 3 ] DEBUG Engine               - fontUI: VarelaRound-Regular.ttf
23:46:02.857 [FXGL Background Thread 3 ] DEBUG Engine               - fullScreen: BooleanProperty [value: false]
23:46:02.857 [FXGL Background Thread 3 ] DEBUG Engine               - gameDifficulty: MEDIUM
23:46:02.857 [FXGL Background Thread 3 ] DEBUG Engine               - gameDifficultyProperty: ObjectProperty [value: MEDIUM]
23:46:02.857 [FXGL Background Thread 3 ] DEBUG Engine               - globalMusicVolume: 0.5
23:46:02.857 [FXGL Background Thread 3 ] DEBUG Engine               - globalMusicVolumeProperty: DoubleProperty [value: 0.25]
23:46:02.857 [FXGL Background Thread 3 ] DEBUG Engine               - globalSoundVolume: 0.5
23:46:02.857 [FXGL Background Thread 3 ] DEBUG Engine               - globalSoundVolumeProperty: DoubleProperty [value: 0.5]
23:46:02.857 [FXGL Background Thread 3 ] DEBUG Engine               - height: 720
23:46:02.857 [FXGL Background Thread 3 ] DEBUG Engine               - is3D: false
23:46:02.857 [FXGL Background Thread 3 ] DEBUG Engine               - isAndroid: false
23:46:02.857 [FXGL Background Thread 3 ] DEBUG Engine               - isBrowser: false
23:46:02.857 [FXGL Background Thread 3 ] DEBUG Engine               - isClickFeedbackEnabled: false
23:46:02.857 [FXGL Background Thread 3 ] DEBUG Engine               - isCloseConfirmation: false
23:46:02.858 [FXGL Background Thread 3 ] DEBUG Engine               - isDesktop: true
23:46:02.858 [FXGL Background Thread 3 ] DEBUG Engine               - isDeveloperMenuEnabled: true
23:46:02.858 [FXGL Background Thread 3 ] DEBUG Engine               - isEmbedded: false
23:46:02.858 [FXGL Background Thread 3 ] DEBUG Engine               - isEntityPreloadEnabled: true
23:46:02.858 [FXGL Background Thread 3 ] DEBUG Engine               - isExperimentalTiledLargeMap: false
23:46:02.858 [FXGL Background Thread 3 ] DEBUG Engine               - isFileSystemWriteAllowed: true
23:46:02.858 [FXGL Background Thread 3 ] DEBUG Engine               - isFullScreenAllowed: false
23:46:02.858 [FXGL Background Thread 3 ] DEBUG Engine               - isFullScreenFromStart: false
23:46:02.858 [FXGL Background Thread 3 ] DEBUG Engine               - isGameMenuEnabled: true
23:46:02.858 [FXGL Background Thread 3 ] DEBUG Engine               - isIOS: false
23:46:02.858 [FXGL Background Thread 3 ] DEBUG Engine               - isIntroEnabled: false
23:46:02.858 [FXGL Background Thread 3 ] DEBUG Engine               - isLinux: false
23:46:02.858 [FXGL Background Thread 3 ] DEBUG Engine               - isMac: false
23:46:02.859 [FXGL Background Thread 3 ] DEBUG Engine               - isMainMenuEnabled: true
23:46:02.859 [FXGL Background Thread 3 ] DEBUG Engine               - isManualResizeEnabled: false
23:46:02.859 [FXGL Background Thread 3 ] DEBUG Engine               - isMobile: false
23:46:02.859 [FXGL Background Thread 3 ] DEBUG Engine               - isNative: false
23:46:02.859 [FXGL Background Thread 3 ] DEBUG Engine               - isPauseMusicWhenMinimized: true
23:46:02.859 [FXGL Background Thread 3 ] DEBUG Engine               - isPreserveResizeRatio: false
23:46:02.859 [FXGL Background Thread 3 ] DEBUG Engine               - isProfilingEnabled: false
23:46:02.859 [FXGL Background Thread 3 ] DEBUG Engine               - isScaleAffectedOnResize: true
23:46:02.859 [FXGL Background Thread 3 ] DEBUG Engine               - isSingleStep: false
23:46:02.859 [FXGL Background Thread 3 ] DEBUG Engine               - isUserProfileEnabled: false
23:46:02.859 [FXGL Background Thread 3 ] DEBUG Engine               - isWindows: true
23:46:02.859 [FXGL Background Thread 3 ] DEBUG Engine               - language: ObjectProperty [value: ENGLISH]
23:46:02.859 [FXGL Background Thread 3 ] DEBUG Engine               - menuKey: ESCAPE
23:46:02.859 [FXGL Background Thread 3 ] DEBUG Engine               - mouseSensitivity: 0.2
23:46:02.859 [FXGL Background Thread 3 ] DEBUG Engine               - notificationViewClass: class com.almasb.fxgl.notification.view.XboxNotificationView
23:46:02.859 [FXGL Background Thread 3 ] DEBUG Engine               - pixelsPerMeter: 50.0
23:46:02.859 [FXGL Background Thread 3 ] DEBUG Engine               - platform: WINDOWS
23:46:02.859 [FXGL Background Thread 3 ] DEBUG Engine               - prefHeightProperty: ReadOnlyDoubleProperty [value: 720.0]
23:46:02.859 [FXGL Background Thread 3 ] DEBUG Engine               - prefWidthProperty: ReadOnlyDoubleProperty [value: 1280.0]
23:46:02.859 [FXGL Background Thread 3 ] DEBUG Engine               - profileDir: profiles/
23:46:02.859 [FXGL Background Thread 3 ] DEBUG Engine               - profileName: StringProperty [value: DEFAULT]
23:46:02.859 [FXGL Background Thread 3 ] DEBUG Engine               - randomSeed: -1
23:46:02.859 [FXGL Background Thread 3 ] DEBUG Engine               - runtimeInfo: RuntimeInfo(platform=WINDOWS, version=17.2, build=20.08.2022 16.50)
23:46:02.859 [FXGL Background Thread 3 ] DEBUG Engine               - saveFileExt: sav
23:46:02.859 [FXGL Background Thread 3 ] DEBUG Engine               - scaledHeightProp$fxgl: DoubleProperty [bound, value: 720.0]
23:46:02.859 [FXGL Background Thread 3 ] DEBUG Engine               - scaledWidthProp$fxgl: DoubleProperty [bound, value: 1280.0]
23:46:02.859 [FXGL Background Thread 3 ] DEBUG Engine               - sceneFactory: com.sunsofgod.PlatformerApp$1@46efb61d
23:46:02.859 [FXGL Background Thread 3 ] DEBUG Engine               - secondsIn24h: 60
23:46:02.859 [FXGL Background Thread 3 ] DEBUG Engine               - soundMenuBack: menu/back.wav
23:46:02.859 [FXGL Background Thread 3 ] DEBUG Engine               - soundMenuPress: menu/press.wav
23:46:02.859 [FXGL Background Thread 3 ] DEBUG Engine               - soundMenuSelect: menu/select.wav
23:46:02.859 [FXGL Background Thread 3 ] DEBUG Engine               - soundNotification: core/notification.wav
23:46:02.860 [FXGL Background Thread 3 ] DEBUG Engine               - stageStyle: DECORATED
23:46:02.860 [FXGL Background Thread 3 ] DEBUG Engine               - supportedLanguages: [ENGLISH, FRENCH, GERMAN, HUNGARIAN, RUSSIAN]
23:46:02.860 [FXGL Background Thread 3 ] DEBUG Engine               - ticksPerSecond: -1
23:46:02.860 [FXGL Background Thread 3 ] DEBUG Engine               - title: Untitled
23:46:02.860 [FXGL Background Thread 3 ] DEBUG Engine               - urlGithub: https://github.com/AlmasB/FXGL
23:46:02.860 [FXGL Background Thread 3 ] DEBUG Engine               - urlLeaderboard: http://fxgl-top.herokuapp.com/
23:46:02.860 [FXGL Background Thread 3 ] DEBUG Engine               - urlPOM: https://raw.githubusercontent.com/AlmasB/FXGL/release/README.md
23:46:02.860 [FXGL Background Thread 3 ] DEBUG Engine               - userAppClass: class com.sunsofgod.PlatformerApp
23:46:02.860 [FXGL Background Thread 3 ] DEBUG Engine               - version: 0.0
23:46:02.860 [FXGL Background Thread 3 ] DEBUG Engine               - versionCheckDays: 7
23:46:02.860 [FXGL Background Thread 3 ] DEBUG Engine               - width: 1280
23:46:02.860 [FXGL Background Thread 3 ] DEBUG Engine               - Logging services
23:46:02.860 [FXGL Background Thread 3 ] DEBUG Engine               - class com.almasb.fxgl.app.services.FXGLAssetLoaderService
23:46:02.860 [FXGL Background Thread 3 ] DEBUG Engine               - class com.almasb.fxgl.app.FXGLApplication$GameApplicationService
23:46:02.860 [FXGL Background Thread 3 ] DEBUG Engine               - class com.almasb.fxgl.app.services.FXGLDialogService
23:46:02.860 [FXGL Background Thread 3 ] DEBUG Engine               - class com.almasb.fxgl.app.services.IOTaskExecutorService
23:46:02.860 [FXGL Background Thread 3 ] DEBUG Engine               - class com.almasb.fxgl.io.FileSystemService
23:46:02.860 [FXGL Background Thread 3 ] DEBUG Engine               - class com.almasb.fxgl.localization.LocalizationService
23:46:02.860 [FXGL Background Thread 3 ] DEBUG Engine               - class com.almasb.fxgl.app.services.SystemBundleService
23:46:02.860 [FXGL Background Thread 3 ] DEBUG Engine               - class com.almasb.fxgl.profile.SaveLoadService
23:46:02.860 [FXGL Background Thread 3 ] DEBUG Engine               - class com.almasb.fxgl.ui.FXGLUIFactoryServiceProvider
23:46:02.861 [FXGL Background Thread 3 ] DEBUG Engine               - class com.almasb.fxgl.ui.FXGLDialogFactoryServiceProvider
23:46:02.861 [FXGL Background Thread 3 ] DEBUG Engine               - class com.almasb.fxgl.audio.AudioPlayer
23:46:02.861 [FXGL Background Thread 3 ] DEBUG Engine               - class com.almasb.fxgl.notification.impl.NotificationServiceProvider
23:46:02.861 [FXGL Background Thread 3 ] DEBUG Engine               - class com.almasb.fxgl.achievement.AchievementService
23:46:02.861 [FXGL Background Thread 3 ] DEBUG Engine               - class com.almasb.fxgl.cutscene.CutsceneService
23:46:02.861 [FXGL Background Thread 3 ] DEBUG Engine               - class com.almasb.fxgl.minigames.MiniGameService
23:46:02.861 [FXGL Background Thread 3 ] DEBUG Engine               - class com.almasb.fxgl.net.NetService
23:46:02.861 [FXGL Background Thread 3 ] DEBUG Engine               - class com.almasb.fxgl.app.services.UpdaterService
23:46:02.861 [FXGL Background Thread 3 ] DEBUG Engine               - class com.almasb.fxgl.dev.DevService
23:46:03.041 [JavaFX Application Thread] DEBUG PrimaryStageWindow   - Pop state: PlayerSelectScene
23:46:03.041 [JavaFX Application Thread] DEBUG Input                - Clearing active input actions
23:46:03.043 [JavaFX Application Thread] DEBUG GameApplicationServi - Removing overlay from PlayerSelectScene and adding to RiderMainMenuScene
23:46:03.045 [JavaFX Application Thread] DEBUG PrimaryStageWindow   - RiderMainMenuScene <- PlayerSelectScene
23:46:07.882 [JavaFX Application Thread] DEBUG PrimaryStageWindow   - Push state: PlayerSelectScene
23:46:07.882 [JavaFX Application Thread] DEBUG Input                - Clearing active input actions
23:46:07.883 [JavaFX Application Thread] DEBUG GameApplicationServi - Removing overlay from RiderMainMenuScene and adding to PlayerSelectScene
23:46:07.884 [JavaFX Application Thread] DEBUG PrimaryStageWindow   - RiderMainMenuScene -> PlayerSelectScene
23:46:09.319 [JavaFX Application Thread] DEBUG PrimaryStageWindow   - Pop state: PlayerSelectScene
23:46:09.319 [JavaFX Application Thread] DEBUG Input                - Clearing active input actions
23:46:09.319 [JavaFX Application Thread] DEBUG GameApplicationServi - Removing overlay from PlayerSelectScene and adding to RiderMainMenuScene
23:46:09.319 [JavaFX Application Thread] DEBUG PrimaryStageWindow   - RiderMainMenuScene <- PlayerSelectScene
23:46:10.392 [JavaFX Application Thread] DEBUG PrimaryStageWindow   - Push state: PlayerSelectScene
23:46:10.392 [JavaFX Application Thread] DEBUG Input                - Clearing active input actions
23:46:10.393 [JavaFX Application Thread] DEBUG GameApplicationServi - Removing overlay from RiderMainMenuScene and adding to PlayerSelectScene
23:46:10.393 [JavaFX Application Thread] DEBUG PrimaryStageWindow   - RiderMainMenuScene -> PlayerSelectScene
23:46:22.339 [JavaFX Application Thread] DEBUG PrimaryStageWindow   - Pop state: PlayerSelectScene
23:46:22.339 [JavaFX Application Thread] DEBUG Input                - Clearing active input actions
23:46:22.339 [JavaFX Application Thread] DEBUG GameApplicationServi - Removing overlay from PlayerSelectScene and adding to RiderMainMenuScene
23:46:22.340 [JavaFX Application Thread] DEBUG PrimaryStageWindow   - RiderMainMenuScene <- PlayerSelectScene
23:46:23.446 [JavaFX Application Thread] DEBUG PrimaryStageWindow   - Push state: PlayerSelectScene
23:46:23.446 [JavaFX Application Thread] DEBUG Input                - Clearing active input actions
23:46:23.446 [JavaFX Application Thread] DEBUG GameApplicationServi - Removing overlay from RiderMainMenuScene and adding to PlayerSelectScene
23:46:23.447 [JavaFX Application Thread] DEBUG PrimaryStageWindow   - RiderMainMenuScene -> PlayerSelectScene
23:46:30.210 [JavaFX Application Thread] DEBUG PrimaryStageWindow   - Pop state: PlayerSelectScene
23:46:30.211 [JavaFX Application Thread] DEBUG Input                - Clearing active input actions
23:46:30.211 [JavaFX Application Thread] DEBUG GameApplicationServi - Removing overlay from PlayerSelectScene and adding to RiderMainMenuScene
23:46:30.213 [JavaFX Application Thread] DEBUG PrimaryStageWindow   - RiderMainMenuScene <- PlayerSelectScene
23:46:31.235 [JavaFX Application Thread] DEBUG PrimaryStageWindow   - Push state: PlayerSelectScene
23:46:31.235 [JavaFX Application Thread] DEBUG Input                - Clearing active input actions
23:46:31.235 [JavaFX Application Thread] DEBUG GameApplicationServi - Removing overlay from RiderMainMenuScene and adding to PlayerSelectScene
23:46:31.236 [JavaFX Application Thread] DEBUG PrimaryStageWindow   - RiderMainMenuScene -> PlayerSelectScene
23:46:57.818 [JavaFX Application Thread] DEBUG FXGLApplication      - Exiting FXGL
23:46:57.819 [JavaFX Application Thread] DEBUG LoopRunner           - Stopping loop
23:46:57.819 [JavaFX Application Thread] DEBUG SystemBundleService  - Saving FXGL system data
23:46:57.820 [JavaFX Application Thread] DEBUG FileSystemAccess     - Writing to: C:\Users\jamie\OneDrive\Pictures\JavaFXGame\system\fxgl.bundle
23:46:57.821 [JavaFX Application Thread] DEBUG Async                - Shutting down background threads
23:46:57.821 [JavaFX Application Thread] DEBUG PrimaryStageWindow   - Closing main window
23:46:57.832 [JavaFX Application Thread] DEBUG Logger               - Closing Logger
