00:29:30.827 [main                     ] DEBUG Logger               - Configured Logger
00:29:30.841 [main                     ] DEBUG GameApplication      - Logging settings
Title: Untitled
Version: 0.0
Width: 1280
Height: 720
Fullscreen: false
Intro: false
Profiling: false
Single step:false
App Mode: DEVELOPER
Menu Key: ESCAPE
Stage Style: DECORATED
Scene Factory: class com.sunsofgod.PlatformerApp$1

00:29:31.107 [JavaFX Application Thread] DEBUG FXGLApplication      - Initializing FXGL
00:29:31.110 [JavaFX Application Thread] INFO  Engine               - FXGL-17.2 (20.08.2022 16.50) on WINDOWS (J:21.0.4 FX:17.0.12)
00:29:31.111 [JavaFX Application Thread] DEBUG Engine               - JRE Vendor Name: Eclipse Adoptium
00:29:31.111 [JavaFX Application Thread] DEBUG Engine               - Running on OS: Windows 11 version 10.0
00:29:31.111 [JavaFX Application Thread] DEBUG Engine               - Architecture: amd64
00:29:31.111 [JavaFX Application Thread] INFO  Engine               - Source code and latest versions at: https://github.com/AlmasB/FXGL
00:29:31.111 [JavaFX Application Thread] INFO  Engine               -       Ask questions and discuss at: https://github.com/AlmasB/FXGL/discussions
00:29:31.111 [JavaFX Application Thread] INFO  Engine               -              Join the FXGL chat at: https://gitter.im/AlmasB/FXGL
00:29:31.170 [JavaFX Application Thread] DEBUG PrimaryStageWindow   - Creating a JavaFX scene
00:29:31.198 [JavaFX Application Thread] DEBUG PrimaryStageWindow   - Target settings size: 1280.0 x 720.0
00:29:31.198 [JavaFX Application Thread] DEBUG PrimaryStageWindow   - Scaled scene size:    1280.0 x 720.0
00:29:31.198 [JavaFX Application Thread] DEBUG PrimaryStageWindow   - Scaled ratio: (1.0, 1.0)
00:29:31.199 [JavaFX Application Thread] DEBUG PrimaryStageWindow   - Set initial scene to FXGLStartupScene
00:29:31.203 [JavaFX Application Thread] DEBUG PrimaryStageWindow   - Opening main window
00:29:31.253 [JavaFX Application Thread] DEBUG PrimaryStageWindow   - Window border size: (16.0, 39.0)
00:29:31.254 [JavaFX Application Thread] DEBUG PrimaryStageWindow   - Scaled size: 1280.0 x 720.0
00:29:31.254 [JavaFX Application Thread] DEBUG PrimaryStageWindow   - Scaled ratio: (1.0, 1.0)
00:29:31.254 [JavaFX Application Thread] DEBUG PrimaryStageWindow   - Scene size: 1280.0 x 720.0
00:29:31.254 [JavaFX Application Thread] DEBUG PrimaryStageWindow   - Stage size: 1296.0 x 759.0
00:29:31.259 [FXGL Background Thread 1 ] DEBUG Engine               - Initializing environment variables
00:29:31.290 [FXGL Background Thread 1 ] DEBUG FXGLAssetLoaderServi - User app class for loading assets: class com.sunsofgod.PlatformerApp
00:29:31.290 [FXGL Background Thread 1 ] DEBUG GameApplicationServi - Applying CSS: fxgl_dark.css
00:29:31.290 [FXGL Background Thread 1 ] DEBUG FXGLAssetLoaderServi - Loading from file system: jar:file:///C:/Users/Balong/.m2/repository/com/github/almasb/fxgl/17.2/fxgl-17.2.jar!/fxglassets/ui/css/fxgl_dark.css
00:29:31.317 [FXGL Background Thread 1 ] DEBUG GameApplicationServi - Initializing application scenes
00:29:31.347 [FXGL Background Thread 1 ] WARN  FXGLAssetLoaderServi - Asset "/assets/textures/player.png" was not found!
00:29:31.347 [FXGL Background Thread 1 ] WARN  FXGLAssetLoaderServi - Failed to load IMAGE
00:29:31.362 [FXGL Background Thread 1 ] DEBUG GameWorld            - Game world initialized
00:29:31.392 [FXGL Background Thread 1 ] DEBUG PhysicsWorld         - Physics world initialized: appHeight=720, physics.ppm=50.0
00:29:31.392 [FXGL Background Thread 1 ] DEBUG PhysicsWorld         - Using strategy: BRUTE_FORCE
00:29:31.395 [FXGL Background Thread 1 ] DEBUG GameScene            - Game scene initialized: 1280x720
00:29:31.578 [FXGL Background Thread 1 ] DEBUG GameApplicationServi - Application scenes initialized
00:29:31.589 [FXGL Background Thread 1 ] DEBUG SystemBundleService  - Loading FXGL system data
00:29:31.591 [FXGL Background Thread 1 ] DEBUG FileSystemAccess     - Reading from: C:\Users\Balong\Desktop\JavaFXGame-3\system\fxgl.bundle
00:29:31.597 [FXGL Background Thread 1 ] DEBUG SystemBundleService  - Bundle FXGL: {}
00:29:31.597 [FXGL Background Thread 1 ] DEBUG UpdaterService       - Checking for updates
00:29:31.610 [FXGL Background Thread 4 ] DEBUG FXGLApplication      - Loading fonts
00:29:31.611 [FXGL Background Thread 4 ] DEBUG FXGLAssetLoaderServi - Loading from file system: jar:file:///C:/Users/Balong/.m2/repository/com/github/almasb/fxgl/17.2/fxgl-17.2.jar!/fxglassets/ui/fonts/VarelaRound-Regular.ttf
00:29:31.611 [FXGL Background Thread 1 ] DEBUG FXGLApplication      - Loading default localization
00:29:31.611 [FXGL Background Thread 1 ] DEBUG FXGLAssetLoaderServi - Loading from file system: jar:file:///C:/Users/Balong/.m2/repository/com/github/almasb/fxgl/17.2/fxgl-17.2.jar!/fxglassets/languages/english.lang
00:29:31.629 [FXGL Background Thread 1 ] INFO  FXGLApplication      - FXGL initialization took: 0.369 sec
00:29:31.630 [JavaFX Application Thread] DEBUG FXGLAssetLoaderServi - Loading from file system: jar:file:///C:/Users/Balong/.m2/repository/com/github/almasb/fxgl/17.2/fxgl-17.2.jar!/fxglassets/textures/fxgl_icon.png
00:29:31.642 [JavaFX Application Thread] DEBUG FXGLAssetLoaderServi - Loading from file system: jar:file:///C:/Users/Balong/.m2/repository/com/github/almasb/fxgl/17.2/fxgl-17.2.jar!/fxglassets/textures/fxgl_default_cursor.png
00:29:31.646 [FXGL Background Thread 4 ] DEBUG FXGLAssetLoaderServi - Loading from file system: jar:file:///C:/Users/Balong/.m2/repository/com/github/almasb/fxgl/17.2/fxgl-17.2.jar!/fxglassets/ui/fonts/Abel-Regular.ttf
00:29:31.648 [JavaFX Application Thread] DEBUG Input                - Registered new binding: Screenshot - CTRL+8
00:29:31.648 [JavaFX Application Thread] DEBUG Input                - Registered new binding: Dev Options - 1
00:29:31.649 [JavaFX Application Thread] DEBUG Input                - Registered new binding: Dev Console - 2
00:29:31.649 [JavaFX Application Thread] DEBUG Input                - Registered new binding: System info dump - CTRL+9
00:29:31.649 [JavaFX Application Thread] DEBUG Input                - Registered new binding: Restart - CTRL+R
00:29:31.650 [JavaFX Application Thread] DEBUG Input                - Registered new binding: Toggle Debug Camera - CTRL+7
00:29:31.651 [JavaFX Application Thread] DEBUG LoopRunner           - Starting loop
00:29:31.656 [FXGL Background Thread 4 ] DEBUG FXGLAssetLoaderServi - Loading from file system: jar:file:///C:/Users/Balong/.m2/repository/com/github/almasb/fxgl/17.2/fxgl-17.2.jar!/fxglassets/ui/fonts/TerminalLandMono-Regular.otf
00:29:31.662 [JavaFX Application Thread] DEBUG LoopRunner           - Initializing JavaFX AnimationTimerLoop
00:29:31.664 [JavaFX Application Thread] DEBUG Input                - Clearing active input actions
00:29:31.672 [FXGL Background Thread 4 ] DEBUG FXGLAssetLoaderServi - Loading from file system: jar:file:///C:/Users/Balong/.m2/repository/com/github/almasb/fxgl/17.2/fxgl-17.2.jar!/fxglassets/ui/fonts/Courier-Prime.ttf
00:29:31.673 [JavaFX Application Thread] DEBUG GameApplicationServi - Removing overlay from FXGLStartupScene and adding to FXGLMainMenuDummyScene
00:29:31.676 [JavaFX Application Thread] DEBUG PrimaryStageWindow   - FXGLStartupScene -> FXGLMainMenuDummyScene
00:29:31.676 [JavaFX Application Thread] DEBUG PrimaryStageWindow   - Push state: RiderMainMenuScene
00:29:31.677 [JavaFX Application Thread] DEBUG Input                - Clearing active input actions
00:29:31.680 [JavaFX Application Thread] DEBUG GameApplicationServi - Removing overlay from FXGLMainMenuDummyScene and adding to RiderMainMenuScene
00:29:31.681 [JavaFX Application Thread] DEBUG PrimaryStageWindow   - FXGLMainMenuDummyScene -> RiderMainMenuScene
00:29:31.798 [JavaFX Application Thread] DEBUG FXGLApplication      - Registering font factories with UI factory
00:29:31.907 [FXGL Background Thread 2 ] INFO  UpdaterService       - Your current version:  17.2
00:29:31.908 [FXGL Background Thread 2 ] INFO  UpdaterService       - Latest stable version: 21.1
00:29:32.324 [JavaFX Application Thread] DEBUG PrimaryStageWindow   - Push state: PlayerSelectScene
00:29:32.324 [JavaFX Application Thread] DEBUG Input                - Clearing active input actions
00:29:32.325 [JavaFX Application Thread] DEBUG GameApplicationServi - Removing overlay from RiderMainMenuScene and adding to PlayerSelectScene
00:29:32.326 [JavaFX Application Thread] DEBUG PrimaryStageWindow   - RiderMainMenuScene -> PlayerSelectScene
00:29:33.204 [JavaFX Application Thread] DEBUG PrimaryStageWindow   - Push state: LevelSelectScene
00:29:33.204 [JavaFX Application Thread] DEBUG Input                - Clearing active input actions
00:29:33.206 [JavaFX Application Thread] DEBUG GameApplicationServi - Removing overlay from PlayerSelectScene and adding to LevelSelectScene
00:29:33.207 [JavaFX Application Thread] DEBUG PrimaryStageWindow   - PlayerSelectScene -> LevelSelectScene
00:29:33.909 [JavaFX Application Thread] DEBUG PrimaryStageWindow   - Pop state: LevelSelectScene
00:29:33.909 [JavaFX Application Thread] DEBUG Input                - Clearing active input actions
00:29:33.909 [JavaFX Application Thread] DEBUG GameApplicationServi - Removing overlay from LevelSelectScene and adding to PlayerSelectScene
00:29:33.911 [JavaFX Application Thread] DEBUG PrimaryStageWindow   - PlayerSelectScene <- LevelSelectScene
00:29:34.611 [FXGL Background Thread 3 ] DEBUG Engine               - Logging environment variables
00:29:34.611 [FXGL Background Thread 3 ] DEBUG Engine               - achievements: []
00:29:34.611 [FXGL Background Thread 3 ] DEBUG Engine               - actualHeight: 720.0
00:29:34.611 [FXGL Background Thread 3 ] DEBUG Engine               - actualHeightProperty: ReadOnlyDoubleProperty [value: 720.0]
00:29:34.611 [FXGL Background Thread 3 ] DEBUG Engine               - actualWidth: 1280.0
00:29:34.611 [FXGL Background Thread 3 ] DEBUG Engine               - actualWidthProperty: ReadOnlyDoubleProperty [value: 1280.0]
00:29:34.611 [FXGL Background Thread 3 ] DEBUG Engine               - appIcon: fxgl_icon.png
00:29:34.611 [FXGL Background Thread 3 ] DEBUG Engine               - applicationMode: DEVELOPER
00:29:34.612 [FXGL Background Thread 3 ] DEBUG Engine               - cSSList: [fxgl_dark.css]
00:29:34.612 [FXGL Background Thread 3 ] DEBUG Engine               - collisionDetectionStrategy: BRUTE_FORCE
00:29:34.612 [FXGL Background Thread 3 ] DEBUG Engine               - configClass: Optional.empty
00:29:34.612 [FXGL Background Thread 3 ] DEBUG Engine               - credits: []
00:29:34.613 [FXGL Background Thread 3 ] DEBUG Engine               - defaultCursor: CursorInfo(imageName=fxgl_default_cursor.png, hotspotX=7.0, hotspotY=6.0)
00:29:34.613 [FXGL Background Thread 3 ] DEBUG Engine               - devBBoxColorProperty: ObjectProperty [value: 0xff0000ff]
00:29:34.613 [FXGL Background Thread 3 ] DEBUG Engine               - devEnableDebugCameraProperty: BooleanProperty [value: false]
00:29:34.613 [FXGL Background Thread 3 ] DEBUG Engine               - devSensorColorProperty: ObjectProperty [value: 0xffff00ff]
00:29:34.613 [FXGL Background Thread 3 ] DEBUG Engine               - devShowBBoxProperty: BooleanProperty [value: false]
00:29:34.613 [FXGL Background Thread 3 ] DEBUG Engine               - devShowPositionProperty: BooleanProperty [value: false]
00:29:34.613 [FXGL Background Thread 3 ] DEBUG Engine               - enabledMenuItems: []
00:29:34.613 [FXGL Background Thread 3 ] DEBUG Engine               - engineServices: [class com.almasb.fxgl.app.services.FXGLAssetLoaderService, class com.almasb.fxgl.app.FXGLApplication$GameApplicationService, class com.almasb.fxgl.app.services.FXGLDialogService, class com.almasb.fxgl.app.services.IOTaskExecutorService, class com.almasb.fxgl.io.FileSystemService, class com.almasb.fxgl.localization.LocalizationService, class com.almasb.fxgl.app.services.SystemBundleService, class com.almasb.fxgl.profile.SaveLoadService, class com.almasb.fxgl.ui.FXGLUIFactoryServiceProvider, class com.almasb.fxgl.ui.FXGLDialogFactoryServiceProvider, class com.almasb.fxgl.audio.AudioPlayer, class com.almasb.fxgl.notification.impl.NotificationServiceProvider, class com.almasb.fxgl.achievement.AchievementService, class com.almasb.fxgl.cutscene.CutsceneService, class com.almasb.fxgl.minigames.MiniGameService, class com.almasb.fxgl.net.NetService, class com.almasb.fxgl.app.services.UpdaterService, class com.almasb.fxgl.dev.DevService]
00:29:34.613 [FXGL Background Thread 3 ] DEBUG Engine               - fontGame: Abel-Regular.ttf
00:29:34.613 [FXGL Background Thread 3 ] DEBUG Engine               - fontMono: TerminalLandMono-Regular.otf
00:29:34.613 [FXGL Background Thread 3 ] DEBUG Engine               - fontText: Courier-Prime.ttf
00:29:34.614 [FXGL Background Thread 3 ] DEBUG Engine               - fontUI: VarelaRound-Regular.ttf
00:29:34.614 [FXGL Background Thread 3 ] DEBUG Engine               - fullScreen: BooleanProperty [value: false]
00:29:34.614 [FXGL Background Thread 3 ] DEBUG Engine               - gameDifficulty: MEDIUM
00:29:34.614 [FXGL Background Thread 3 ] DEBUG Engine               - gameDifficultyProperty: ObjectProperty [value: MEDIUM]
00:29:34.614 [FXGL Background Thread 3 ] DEBUG Engine               - globalMusicVolume: 0.5
00:29:34.614 [FXGL Background Thread 3 ] DEBUG Engine               - globalMusicVolumeProperty: DoubleProperty [value: 0.25]
00:29:34.614 [FXGL Background Thread 3 ] DEBUG Engine               - globalSoundVolume: 0.5
00:29:34.614 [FXGL Background Thread 3 ] DEBUG Engine               - globalSoundVolumeProperty: DoubleProperty [value: 0.5]
00:29:34.614 [FXGL Background Thread 3 ] DEBUG Engine               - height: 720
00:29:34.614 [FXGL Background Thread 3 ] DEBUG Engine               - is3D: false
00:29:34.614 [FXGL Background Thread 3 ] DEBUG Engine               - isAndroid: false
00:29:34.614 [FXGL Background Thread 3 ] DEBUG Engine               - isBrowser: false
00:29:34.615 [FXGL Background Thread 3 ] DEBUG Engine               - isClickFeedbackEnabled: false
00:29:34.615 [FXGL Background Thread 3 ] DEBUG Engine               - isCloseConfirmation: false
00:29:34.615 [FXGL Background Thread 3 ] DEBUG Engine               - isDesktop: true
00:29:34.615 [FXGL Background Thread 3 ] DEBUG Engine               - isDeveloperMenuEnabled: true
00:29:34.615 [FXGL Background Thread 3 ] DEBUG Engine               - isEmbedded: false
00:29:34.615 [FXGL Background Thread 3 ] DEBUG Engine               - isEntityPreloadEnabled: true
00:29:34.615 [FXGL Background Thread 3 ] DEBUG Engine               - isExperimentalTiledLargeMap: false
00:29:34.615 [FXGL Background Thread 3 ] DEBUG Engine               - isFileSystemWriteAllowed: true
00:29:34.615 [FXGL Background Thread 3 ] DEBUG Engine               - isFullScreenAllowed: false
00:29:34.615 [FXGL Background Thread 3 ] DEBUG Engine               - isFullScreenFromStart: false
00:29:34.615 [FXGL Background Thread 3 ] DEBUG Engine               - isGameMenuEnabled: true
00:29:34.615 [FXGL Background Thread 3 ] DEBUG Engine               - isIOS: false
00:29:34.615 [FXGL Background Thread 3 ] DEBUG Engine               - isIntroEnabled: false
00:29:34.615 [FXGL Background Thread 3 ] DEBUG Engine               - isLinux: false
00:29:34.615 [FXGL Background Thread 3 ] DEBUG Engine               - isMac: false
00:29:34.615 [FXGL Background Thread 3 ] DEBUG Engine               - isMainMenuEnabled: true
00:29:34.615 [FXGL Background Thread 3 ] DEBUG Engine               - isManualResizeEnabled: false
00:29:34.615 [FXGL Background Thread 3 ] DEBUG Engine               - isMobile: false
00:29:34.615 [FXGL Background Thread 3 ] DEBUG Engine               - isNative: false
00:29:34.615 [FXGL Background Thread 3 ] DEBUG Engine               - isPauseMusicWhenMinimized: true
00:29:34.615 [FXGL Background Thread 3 ] DEBUG Engine               - isPreserveResizeRatio: false
00:29:34.615 [FXGL Background Thread 3 ] DEBUG Engine               - isProfilingEnabled: false
00:29:34.615 [FXGL Background Thread 3 ] DEBUG Engine               - isScaleAffectedOnResize: true
00:29:34.615 [FXGL Background Thread 3 ] DEBUG Engine               - isSingleStep: false
00:29:34.615 [FXGL Background Thread 3 ] DEBUG Engine               - isUserProfileEnabled: false
00:29:34.615 [FXGL Background Thread 3 ] DEBUG Engine               - isWindows: true
00:29:34.615 [FXGL Background Thread 3 ] DEBUG Engine               - language: ObjectProperty [value: ENGLISH]
00:29:34.615 [FXGL Background Thread 3 ] DEBUG Engine               - menuKey: ESCAPE
00:29:34.615 [FXGL Background Thread 3 ] DEBUG Engine               - mouseSensitivity: 0.2
00:29:34.615 [FXGL Background Thread 3 ] DEBUG Engine               - notificationViewClass: class com.almasb.fxgl.notification.view.XboxNotificationView
00:29:34.615 [FXGL Background Thread 3 ] DEBUG Engine               - pixelsPerMeter: 50.0
00:29:34.615 [FXGL Background Thread 3 ] DEBUG Engine               - platform: WINDOWS
00:29:34.615 [FXGL Background Thread 3 ] DEBUG Engine               - prefHeightProperty: ReadOnlyDoubleProperty [value: 720.0]
00:29:34.615 [FXGL Background Thread 3 ] DEBUG Engine               - prefWidthProperty: ReadOnlyDoubleProperty [value: 1280.0]
00:29:34.615 [FXGL Background Thread 3 ] DEBUG Engine               - profileDir: profiles/
00:29:34.615 [FXGL Background Thread 3 ] DEBUG Engine               - profileName: StringProperty [value: DEFAULT]
00:29:34.615 [FXGL Background Thread 3 ] DEBUG Engine               - randomSeed: -1
00:29:34.616 [FXGL Background Thread 3 ] DEBUG Engine               - runtimeInfo: RuntimeInfo(platform=WINDOWS, version=17.2, build=20.08.2022 16.50)
00:29:34.616 [FXGL Background Thread 3 ] DEBUG Engine               - saveFileExt: sav
00:29:34.616 [FXGL Background Thread 3 ] DEBUG Engine               - scaledHeightProp$fxgl: DoubleProperty [bound, value: 720.0]
00:29:34.616 [FXGL Background Thread 3 ] DEBUG Engine               - scaledWidthProp$fxgl: DoubleProperty [bound, value: 1280.0]
00:29:34.616 [FXGL Background Thread 3 ] DEBUG Engine               - sceneFactory: com.sunsofgod.PlatformerApp$1@6929854a
00:29:34.616 [FXGL Background Thread 3 ] DEBUG Engine               - secondsIn24h: 60
00:29:34.616 [FXGL Background Thread 3 ] DEBUG Engine               - soundMenuBack: menu/back.wav
00:29:34.616 [FXGL Background Thread 3 ] DEBUG Engine               - soundMenuPress: menu/press.wav
00:29:34.616 [FXGL Background Thread 3 ] DEBUG Engine               - soundMenuSelect: menu/select.wav
00:29:34.616 [FXGL Background Thread 3 ] DEBUG Engine               - soundNotification: core/notification.wav
00:29:34.616 [FXGL Background Thread 3 ] DEBUG Engine               - stageStyle: DECORATED
00:29:34.616 [FXGL Background Thread 3 ] DEBUG Engine               - supportedLanguages: [ENGLISH, FRENCH, GERMAN, HUNGARIAN, RUSSIAN]
00:29:34.616 [FXGL Background Thread 3 ] DEBUG Engine               - ticksPerSecond: -1
00:29:34.616 [FXGL Background Thread 3 ] DEBUG Engine               - title: Untitled
00:29:34.616 [FXGL Background Thread 3 ] DEBUG Engine               - urlGithub: https://github.com/AlmasB/FXGL
00:29:34.616 [FXGL Background Thread 3 ] DEBUG Engine               - urlLeaderboard: http://fxgl-top.herokuapp.com/
00:29:34.616 [FXGL Background Thread 3 ] DEBUG Engine               - urlPOM: https://raw.githubusercontent.com/AlmasB/FXGL/release/README.md
00:29:34.616 [FXGL Background Thread 3 ] DEBUG Engine               - userAppClass: class com.sunsofgod.PlatformerApp
00:29:34.616 [FXGL Background Thread 3 ] DEBUG Engine               - version: 0.0
00:29:34.616 [FXGL Background Thread 3 ] DEBUG Engine               - versionCheckDays: 7
00:29:34.616 [FXGL Background Thread 3 ] DEBUG Engine               - width: 1280
00:29:34.617 [FXGL Background Thread 3 ] DEBUG Engine               - Logging services
00:29:34.617 [FXGL Background Thread 3 ] DEBUG Engine               - class com.almasb.fxgl.app.services.FXGLAssetLoaderService
00:29:34.617 [FXGL Background Thread 3 ] DEBUG Engine               - class com.almasb.fxgl.app.FXGLApplication$GameApplicationService
00:29:34.617 [FXGL Background Thread 3 ] DEBUG Engine               - class com.almasb.fxgl.app.services.FXGLDialogService
00:29:34.617 [FXGL Background Thread 3 ] DEBUG Engine               - class com.almasb.fxgl.app.services.IOTaskExecutorService
00:29:34.617 [FXGL Background Thread 3 ] DEBUG Engine               - class com.almasb.fxgl.io.FileSystemService
00:29:34.617 [FXGL Background Thread 3 ] DEBUG Engine               - class com.almasb.fxgl.localization.LocalizationService
00:29:34.617 [FXGL Background Thread 3 ] DEBUG Engine               - class com.almasb.fxgl.app.services.SystemBundleService
00:29:34.617 [FXGL Background Thread 3 ] DEBUG Engine               - class com.almasb.fxgl.profile.SaveLoadService
00:29:34.617 [FXGL Background Thread 3 ] DEBUG Engine               - class com.almasb.fxgl.ui.FXGLUIFactoryServiceProvider
00:29:34.617 [FXGL Background Thread 3 ] DEBUG Engine               - class com.almasb.fxgl.ui.FXGLDialogFactoryServiceProvider
00:29:34.617 [FXGL Background Thread 3 ] DEBUG Engine               - class com.almasb.fxgl.audio.AudioPlayer
00:29:34.617 [FXGL Background Thread 3 ] DEBUG Engine               - class com.almasb.fxgl.notification.impl.NotificationServiceProvider
00:29:34.617 [FXGL Background Thread 3 ] DEBUG Engine               - class com.almasb.fxgl.achievement.AchievementService
00:29:34.617 [FXGL Background Thread 3 ] DEBUG Engine               - class com.almasb.fxgl.cutscene.CutsceneService
00:29:34.617 [FXGL Background Thread 3 ] DEBUG Engine               - class com.almasb.fxgl.minigames.MiniGameService
00:29:34.617 [FXGL Background Thread 3 ] DEBUG Engine               - class com.almasb.fxgl.net.NetService
00:29:34.617 [FXGL Background Thread 3 ] DEBUG Engine               - class com.almasb.fxgl.app.services.UpdaterService
00:29:34.617 [FXGL Background Thread 3 ] DEBUG Engine               - class com.almasb.fxgl.dev.DevService
00:29:35.992 [JavaFX Application Thread] DEBUG PrimaryStageWindow   - Push state: LevelSelectScene
00:29:35.992 [JavaFX Application Thread] DEBUG Input                - Clearing active input actions
00:29:35.992 [JavaFX Application Thread] DEBUG GameApplicationServi - Removing overlay from PlayerSelectScene and adding to LevelSelectScene
00:29:35.992 [JavaFX Application Thread] DEBUG PrimaryStageWindow   - PlayerSelectScene -> LevelSelectScene
00:29:36.987 [JavaFX Application Thread] DEBUG Menu                 - fireNewGame()
00:29:36.987 [JavaFX Application Thread] DEBUG GameApplicationServi - Starting new game
00:29:36.987 [JavaFX Application Thread] DEBUG PrimaryStageWindow   - Pop state: LevelSelectScene
00:29:36.987 [JavaFX Application Thread] DEBUG Input                - Clearing active input actions
00:29:36.987 [JavaFX Application Thread] DEBUG GameApplicationServi - Removing overlay from LevelSelectScene and adding to PlayerSelectScene
00:29:36.988 [JavaFX Application Thread] DEBUG PrimaryStageWindow   - PlayerSelectScene <- LevelSelectScene
00:29:36.988 [JavaFX Application Thread] DEBUG PrimaryStageWindow   - Pop state: PlayerSelectScene
00:29:36.988 [JavaFX Application Thread] DEBUG Input                - Clearing active input actions
00:29:36.988 [JavaFX Application Thread] DEBUG GameApplicationServi - Removing overlay from PlayerSelectScene and adding to RiderMainMenuScene
00:29:36.988 [JavaFX Application Thread] DEBUG PrimaryStageWindow   - RiderMainMenuScene <- PlayerSelectScene
00:29:36.988 [JavaFX Application Thread] DEBUG PrimaryStageWindow   - Pop state: RiderMainMenuScene
00:29:36.988 [JavaFX Application Thread] DEBUG Input                - Clearing active input actions
00:29:36.989 [JavaFX Application Thread] DEBUG GameApplicationServi - Removing overlay from RiderMainMenuScene and adding to FXGLMainMenuDummyScene
00:29:36.989 [JavaFX Application Thread] DEBUG PrimaryStageWindow   - FXGLMainMenuDummyScene <- RiderMainMenuScene
00:29:36.989 [JavaFX Application Thread] DEBUG Input                - Clearing active input actions
00:29:36.993 [JavaFX Application Thread] DEBUG GameApplicationServi - Removing overlay from FXGLMainMenuDummyScene and adding to MainLoadingScene
00:29:36.993 [JavaFX Application Thread] DEBUG PrimaryStageWindow   - FXGLMainMenuDummyScene -> MainLoadingScene
00:29:36.993 [JavaFX Application Thread] DEBUG GameApplicationServi - Clearing previous game
00:29:36.993 [JavaFX Application Thread] DEBUG GameScene            - Clearing game scene
00:29:36.993 [JavaFX Application Thread] DEBUG GameWorld            - Clearing game world
00:29:36.993 [JavaFX Application Thread] DEBUG PhysicsWorld         - Clearing physics world
00:29:36.994 [FXGL Background Thread 2 ] DEBUG FXGLApplication      - Initializing game
00:29:37.017 [FXGL Background Thread 2 ] WARN  TMXLevelLoader       - TiledMap generated from 1.11.0. Supported version: 1.9.0. Some features may not be parsed fully.
00:29:37.022 [FXGL Background Thread 2 ] DEBUG TMXLevelLoader       - Parsed TiledMap: file:/C:/Users/Balong/Desktop/JavaFXGame-3/target/classes/assets/levels/tmx/level13.tmx
00:29:37.023 [FXGL Background Thread 2 ] DEBUG TMXLevelLoader       - Creating tile layer entities
00:29:37.024 [FXGL Background Thread 2 ] DEBUG TilesetLoader        - Loading view for layer Tile Layer 1
00:29:37.025 [FXGL Background Thread 2 ] DEBUG TilesetLoader        - Created buffer with size 1050.0x700.0
00:29:37.032 [FXGL Background Thread 2 ] DEBUG TMXLevelLoader       - Creating object layer entities
00:29:37.047 [FXGL Background Thread 2 ] DEBUG FXGLAssetLoaderServi - Loading from file system: file:/C:/Users/Balong/Desktop/JavaFXGame-3/target/classes/assets/textures/button.png
00:29:37.050 [FXGL Background Thread 2 ] DEBUG GameWorld            - Clearing removable entities
00:29:37.050 [FXGL Background Thread 2 ] DEBUG GameWorld            - Setting level: com.almasb.fxgl.entity.level.Level@15e07381
00:29:37.056 [FXGL Background Thread 2 ] DEBUG FXGLAssetLoaderServi - Loading from file system: file:/C:/Users/Balong/Desktop/JavaFXGame-3/target/classes/assets/textures/player1.png
00:29:37.061 [FXGL Background Thread 2 ] DEBUG FXGLAssetLoaderServi - Loading from file system: file:/C:/Users/Balong/Desktop/JavaFXGame-3/target/classes/assets/textures/player2.png
00:29:37.062 [FXGL Background Thread 2 ] DEBUG FXGLAssetLoaderServi - Loading from file system: file:/C:/Users/Balong/Desktop/JavaFXGame-3/target/classes/assets/textures/player3.png
00:29:37.063 [FXGL Background Thread 2 ] DEBUG FXGLAssetLoaderServi - Loading from file system: file:/C:/Users/Balong/Desktop/JavaFXGame-3/target/classes/assets/textures/player4.png
00:29:37.068 [FXGL Background Thread 2 ] DEBUG Input                - Registered new binding: Jump0 - W
00:29:37.069 [FXGL Background Thread 2 ] DEBUG Input                - Registered new binding: Left0 - A
00:29:37.069 [FXGL Background Thread 2 ] DEBUG Input                - Registered new binding: Right0 - D
00:29:37.069 [FXGL Background Thread 2 ] DEBUG Input                - Registered new binding: Use0 - E
00:29:37.069 [FXGL Background Thread 2 ] DEBUG Input                - Registered new binding: Jump1 - Up
00:29:37.069 [FXGL Background Thread 2 ] DEBUG Input                - Registered new binding: Left1 - Left
00:29:37.069 [FXGL Background Thread 2 ] DEBUG Input                - Registered new binding: Right1 - Right
00:29:37.069 [FXGL Background Thread 2 ] DEBUG Input                - Registered new binding: Use1 - Slash
00:29:37.069 [FXGL Background Thread 2 ] DEBUG Input                - Registered new binding: Jump2 - I
00:29:37.069 [FXGL Background Thread 2 ] DEBUG Input                - Registered new binding: Left2 - J
00:29:37.070 [FXGL Background Thread 2 ] DEBUG Input                - Registered new binding: Right2 - L
00:29:37.070 [FXGL Background Thread 2 ] DEBUG Input                - Registered new binding: Use2 - O
00:29:37.070 [FXGL Background Thread 2 ] DEBUG Input                - Registered new binding: Jump3 - G
00:29:37.070 [FXGL Background Thread 2 ] DEBUG Input                - Registered new binding: Left3 - V
00:29:37.070 [FXGL Background Thread 2 ] DEBUG Input                - Registered new binding: Right3 - N
00:29:37.070 [FXGL Background Thread 2 ] DEBUG Input                - Registered new binding: Use3 - H
00:29:37.071 [FXGL Background Thread 2 ] DEBUG FXGLAssetLoaderServi - Loading from file system: file:/C:/Users/Balong/Desktop/JavaFXGame-3/target/classes/assets/textures/background/manila.png
00:29:37.083 [FXGL Background Thread 2 ] INFO  FXGLApplication      - Game initialization took: 0.090 sec
00:29:37.084 [JavaFX Application Thread] DEBUG Input                - Clearing active input actions
00:29:37.087 [JavaFX Application Thread] DEBUG GameApplicationServi - Removing overlay from MainLoadingScene and adding to GameScene
00:29:37.088 [JavaFX Application Thread] DEBUG PrimaryStageWindow   - MainLoadingScene -> GameScene
00:29:51.424 [JavaFX Application Thread] WARN  TMXLevelLoader       - TiledMap generated from 1.11.0. Supported version: 1.9.0. Some features may not be parsed fully.
00:29:51.426 [JavaFX Application Thread] DEBUG TMXLevelLoader       - Parsed TiledMap: file:/C:/Users/Balong/Desktop/JavaFXGame-3/target/classes/assets/levels/tmx/level1.tmx
00:29:51.426 [JavaFX Application Thread] DEBUG TMXLevelLoader       - Creating tile layer entities
00:29:51.426 [JavaFX Application Thread] DEBUG TilesetLoader        - Loading view for layer Tile Layer 1
00:29:51.427 [JavaFX Application Thread] DEBUG TilesetLoader        - Created buffer with size 1050.0x700.0
00:29:51.434 [JavaFX Application Thread] DEBUG TMXLevelLoader       - Creating object layer entities
00:29:51.436 [JavaFX Application Thread] DEBUG GameWorld            - Clearing removable entities
00:29:51.437 [JavaFX Application Thread] DEBUG GameWorld            - Setting level: com.almasb.fxgl.entity.level.Level@61b54699
00:30:00.350 [JavaFX Application Thread] DEBUG FXGLAssetLoaderServi - Loading from file system: file:/C:/Users/Balong/Desktop/JavaFXGame-3/target/classes/assets/textures/exit_sign.png
00:30:05.856 [JavaFX Application Thread] WARN  TMXLevelLoader       - TiledMap generated from 1.11.0. Supported version: 1.9.0. Some features may not be parsed fully.
00:30:05.858 [JavaFX Application Thread] DEBUG TMXLevelLoader       - Parsed TiledMap: file:/C:/Users/Balong/Desktop/JavaFXGame-3/target/classes/assets/levels/tmx/level1.tmx
00:30:05.858 [JavaFX Application Thread] DEBUG TMXLevelLoader       - Creating tile layer entities
00:30:05.858 [JavaFX Application Thread] DEBUG TilesetLoader        - Loading view for layer Tile Layer 1
00:30:05.859 [JavaFX Application Thread] DEBUG TilesetLoader        - Created buffer with size 1050.0x700.0
00:30:05.872 [JavaFX Application Thread] DEBUG TMXLevelLoader       - Creating object layer entities
00:30:05.875 [JavaFX Application Thread] DEBUG GameWorld            - Clearing removable entities
00:30:05.875 [JavaFX Application Thread] DEBUG GameWorld            - Setting level: com.almasb.fxgl.entity.level.Level@764fd4b0
00:30:07.246 [JavaFX Application Thread] WARN  GameWorld            - Attempted to remove entity which is not active
00:30:20.208 [JavaFX Application Thread] WARN  TMXLevelLoader       - TiledMap generated from 1.11.0. Supported version: 1.9.0. Some features may not be parsed fully.
00:30:20.209 [JavaFX Application Thread] DEBUG TMXLevelLoader       - Parsed TiledMap: file:/C:/Users/Balong/Desktop/JavaFXGame-3/target/classes/assets/levels/tmx/level1.tmx
00:30:20.209 [JavaFX Application Thread] DEBUG TMXLevelLoader       - Creating tile layer entities
00:30:20.210 [JavaFX Application Thread] DEBUG TilesetLoader        - Loading view for layer Tile Layer 1
00:30:20.210 [JavaFX Application Thread] DEBUG TilesetLoader        - Created buffer with size 1050.0x700.0
00:30:20.216 [JavaFX Application Thread] DEBUG TMXLevelLoader       - Creating object layer entities
00:30:20.219 [JavaFX Application Thread] DEBUG GameWorld            - Clearing removable entities
00:30:20.219 [JavaFX Application Thread] DEBUG GameWorld            - Setting level: com.almasb.fxgl.entity.level.Level@1d7a65e8
00:30:34.543 [JavaFX Application Thread] WARN  TMXLevelLoader       - TiledMap generated from 1.11.0. Supported version: 1.9.0. Some features may not be parsed fully.
00:30:34.545 [JavaFX Application Thread] DEBUG TMXLevelLoader       - Parsed TiledMap: file:/C:/Users/Balong/Desktop/JavaFXGame-3/target/classes/assets/levels/tmx/level1.tmx
00:30:34.545 [JavaFX Application Thread] DEBUG TMXLevelLoader       - Creating tile layer entities
00:30:34.545 [JavaFX Application Thread] DEBUG TilesetLoader        - Loading view for layer Tile Layer 1
00:30:34.546 [JavaFX Application Thread] DEBUG TilesetLoader        - Created buffer with size 1050.0x700.0
00:30:34.552 [JavaFX Application Thread] DEBUG TMXLevelLoader       - Creating object layer entities
00:30:34.554 [JavaFX Application Thread] DEBUG GameWorld            - Clearing removable entities
00:30:34.554 [JavaFX Application Thread] DEBUG GameWorld            - Setting level: com.almasb.fxgl.entity.level.Level@7fcabbb6
00:30:48.879 [JavaFX Application Thread] WARN  TMXLevelLoader       - TiledMap generated from 1.11.0. Supported version: 1.9.0. Some features may not be parsed fully.
00:30:48.881 [JavaFX Application Thread] DEBUG TMXLevelLoader       - Parsed TiledMap: file:/C:/Users/Balong/Desktop/JavaFXGame-3/target/classes/assets/levels/tmx/level1.tmx
00:30:48.881 [JavaFX Application Thread] DEBUG TMXLevelLoader       - Creating tile layer entities
00:30:48.881 [JavaFX Application Thread] DEBUG TilesetLoader        - Loading view for layer Tile Layer 1
00:30:48.881 [JavaFX Application Thread] DEBUG TilesetLoader        - Created buffer with size 1050.0x700.0
00:30:48.887 [JavaFX Application Thread] DEBUG TMXLevelLoader       - Creating object layer entities
00:30:48.889 [JavaFX Application Thread] DEBUG GameWorld            - Clearing removable entities
00:30:48.889 [JavaFX Application Thread] DEBUG GameWorld            - Setting level: com.almasb.fxgl.entity.level.Level@2c263490
00:31:03.214 [JavaFX Application Thread] WARN  TMXLevelLoader       - TiledMap generated from 1.11.0. Supported version: 1.9.0. Some features may not be parsed fully.
00:31:03.215 [JavaFX Application Thread] DEBUG TMXLevelLoader       - Parsed TiledMap: file:/C:/Users/Balong/Desktop/JavaFXGame-3/target/classes/assets/levels/tmx/level1.tmx
00:31:03.215 [JavaFX Application Thread] DEBUG TMXLevelLoader       - Creating tile layer entities
00:31:03.216 [JavaFX Application Thread] DEBUG TilesetLoader        - Loading view for layer Tile Layer 1
00:31:03.216 [JavaFX Application Thread] DEBUG TilesetLoader        - Created buffer with size 1050.0x700.0
00:31:03.223 [JavaFX Application Thread] DEBUG TMXLevelLoader       - Creating object layer entities
00:31:03.225 [JavaFX Application Thread] DEBUG GameWorld            - Clearing removable entities
00:31:03.225 [JavaFX Application Thread] DEBUG GameWorld            - Setting level: com.almasb.fxgl.entity.level.Level@348cd12c
00:31:17.550 [JavaFX Application Thread] WARN  TMXLevelLoader       - TiledMap generated from 1.11.0. Supported version: 1.9.0. Some features may not be parsed fully.
00:31:17.552 [JavaFX Application Thread] DEBUG TMXLevelLoader       - Parsed TiledMap: file:/C:/Users/Balong/Desktop/JavaFXGame-3/target/classes/assets/levels/tmx/level1.tmx
00:31:17.552 [JavaFX Application Thread] DEBUG TMXLevelLoader       - Creating tile layer entities
00:31:17.552 [JavaFX Application Thread] DEBUG TilesetLoader        - Loading view for layer Tile Layer 1
00:31:17.553 [JavaFX Application Thread] DEBUG TilesetLoader        - Created buffer with size 1050.0x700.0
00:31:17.559 [JavaFX Application Thread] DEBUG TMXLevelLoader       - Creating object layer entities
00:31:17.561 [JavaFX Application Thread] DEBUG GameWorld            - Clearing removable entities
00:31:17.561 [JavaFX Application Thread] DEBUG GameWorld            - Setting level: com.almasb.fxgl.entity.level.Level@372d5354
00:31:31.886 [JavaFX Application Thread] WARN  TMXLevelLoader       - TiledMap generated from 1.11.0. Supported version: 1.9.0. Some features may not be parsed fully.
00:31:31.887 [JavaFX Application Thread] DEBUG TMXLevelLoader       - Parsed TiledMap: file:/C:/Users/Balong/Desktop/JavaFXGame-3/target/classes/assets/levels/tmx/level1.tmx
00:31:31.887 [JavaFX Application Thread] DEBUG TMXLevelLoader       - Creating tile layer entities
00:31:31.887 [JavaFX Application Thread] DEBUG TilesetLoader        - Loading view for layer Tile Layer 1
00:31:31.890 [JavaFX Application Thread] DEBUG TilesetLoader        - Created buffer with size 1050.0x700.0
00:31:31.896 [JavaFX Application Thread] DEBUG TMXLevelLoader       - Creating object layer entities
00:31:31.898 [JavaFX Application Thread] DEBUG GameWorld            - Clearing removable entities
00:31:31.899 [JavaFX Application Thread] DEBUG GameWorld            - Setting level: com.almasb.fxgl.entity.level.Level@2b7fa36b
00:31:34.798 [JavaFX Application Thread] DEBUG PrimaryStageWindow   - Push state: LevelCompletionScene
00:31:34.798 [JavaFX Application Thread] DEBUG Input                - Clearing active input actions
00:31:34.799 [JavaFX Application Thread] DEBUG GameApplicationServi - Removing overlay from GameScene and adding to LevelCompletionScene
00:31:34.799 [JavaFX Application Thread] DEBUG PrimaryStageWindow   - GameScene -> LevelCompletionScene
00:31:34.800 [JavaFX Application Thread] WARN  TMXLevelLoader       - TiledMap generated from 1.11.0. Supported version: 1.9.0. Some features may not be parsed fully.
00:31:34.801 [JavaFX Application Thread] DEBUG TMXLevelLoader       - Parsed TiledMap: file:/C:/Users/Balong/Desktop/JavaFXGame-3/target/classes/assets/levels/tmx/level14.tmx
00:31:34.801 [JavaFX Application Thread] DEBUG TMXLevelLoader       - Creating tile layer entities
00:31:34.801 [JavaFX Application Thread] DEBUG TilesetLoader        - Loading view for layer Tile Layer 1
00:31:34.801 [JavaFX Application Thread] DEBUG TilesetLoader        - Created buffer with size 1050.0x700.0
00:31:34.807 [JavaFX Application Thread] DEBUG TMXLevelLoader       - Creating object layer entities
00:31:34.809 [JavaFX Application Thread] DEBUG GameWorld            - Clearing removable entities
00:31:34.809 [JavaFX Application Thread] DEBUG GameWorld            - Setting level: com.almasb.fxgl.entity.level.Level@5d691426
00:31:37.247 [JavaFX Application Thread] DEBUG PrimaryStageWindow   - Pop state: LevelCompletionScene
00:31:37.247 [JavaFX Application Thread] DEBUG Input                - Clearing active input actions
00:31:37.247 [JavaFX Application Thread] DEBUG GameApplicationServi - Removing overlay from LevelCompletionScene and adding to GameScene
00:31:37.247 [JavaFX Application Thread] DEBUG PrimaryStageWindow   - GameScene <- LevelCompletionScene
00:31:38.974 [JavaFX Application Thread] WARN  GameWorld            - Attempted to remove entity which is not active
00:31:39.054 [JavaFX Application Thread] WARN  GameWorld            - Attempted to remove entity which is not active
00:31:39.263 [JavaFX Application Thread] DEBUG FXGLApplication      - Exiting FXGL
00:31:39.263 [JavaFX Application Thread] DEBUG LoopRunner           - Stopping loop
00:31:39.263 [JavaFX Application Thread] DEBUG SystemBundleService  - Saving FXGL system data
00:31:39.265 [JavaFX Application Thread] DEBUG FileSystemAccess     - Writing to: C:\Users\Balong\Desktop\JavaFXGame-3\system\fxgl.bundle
00:31:39.266 [JavaFX Application Thread] DEBUG Async                - Shutting down background threads
00:31:39.266 [JavaFX Application Thread] DEBUG PrimaryStageWindow   - Closing main window
00:31:39.274 [JavaFX Application Thread] DEBUG Logger               - Closing Logger
