21:12:14.082 [main                     ] DEBUG Logger               - Configured Logger
21:12:14.098 [main                     ] DEBUG GameApplication      - Logging settings
Title: Untitled
Version: 0.0
Width: 1280
Height: 720
Fullscreen: false
Intro: false
Profiling: false
Single step:false
App Mode: DEVELOPER
Menu Key: ESCAPE
Stage Style: DECORATED
Scene Factory: class com.sunsofgod.PlatformerApp$1

21:12:14.355 [JavaFX Application Thread] DEBUG FXGLApplication      - Initializing FXGL
21:12:14.357 [JavaFX Application Thread] INFO  Engine               - FXGL-17.2 (20.08.2022 16.50) on WINDOWS (J:21.0.4 FX:17.0.12)
21:12:14.358 [JavaFX Application Thread] DEBUG Engine               - JRE Vendor Name: Eclipse Adoptium
21:12:14.358 [JavaFX Application Thread] DEBUG Engine               - Running on OS: Windows 11 version 10.0
21:12:14.358 [JavaFX Application Thread] DEBUG Engine               - Architecture: amd64
21:12:14.358 [JavaFX Application Thread] INFO  Engine               - Source code and latest versions at: https://github.com/AlmasB/FXGL
21:12:14.358 [JavaFX Application Thread] INFO  Engine               -       Ask questions and discuss at: https://github.com/AlmasB/FXGL/discussions
21:12:14.358 [JavaFX Application Thread] INFO  Engine               -              Join the FXGL chat at: https://gitter.im/AlmasB/FXGL
21:12:14.429 [JavaFX Application Thread] DEBUG PrimaryStageWindow   - Creating a JavaFX scene
21:12:14.458 [JavaFX Application Thread] DEBUG PrimaryStageWindow   - Target settings size: 1280.0 x 720.0
21:12:14.459 [JavaFX Application Thread] DEBUG PrimaryStageWindow   - Scaled scene size:    1280.0 x 720.0
21:12:14.459 [JavaFX Application Thread] DEBUG PrimaryStageWindow   - Scaled ratio: (1.0, 1.0)
21:12:14.459 [JavaFX Application Thread] DEBUG PrimaryStageWindow   - Set initial scene to FXGLStartupScene
21:12:14.463 [JavaFX Application Thread] DEBUG PrimaryStageWindow   - Opening main window
21:12:14.517 [JavaFX Application Thread] DEBUG PrimaryStageWindow   - Window border size: (14.4000244140625, 37.5999755859375)
21:12:14.517 [JavaFX Application Thread] DEBUG PrimaryStageWindow   - Scaled size: 1280.0 x 720.0
21:12:14.518 [JavaFX Application Thread] DEBUG PrimaryStageWindow   - Scaled ratio: (1.0, 1.0)
21:12:14.518 [JavaFX Application Thread] DEBUG PrimaryStageWindow   - Scene size: 1280.0 x 720.0
21:12:14.518 [JavaFX Application Thread] DEBUG PrimaryStageWindow   - Stage size: 1294.4000244140625 x 757.5999755859375
21:12:14.524 [FXGL Background Thread 1 ] DEBUG Engine               - Initializing environment variables
21:12:14.557 [FXGL Background Thread 1 ] DEBUG FXGLAssetLoaderServi - User app class for loading assets: class com.sunsofgod.PlatformerApp
21:12:14.557 [FXGL Background Thread 1 ] DEBUG GameApplicationServi - Applying CSS: fxgl_dark.css
21:12:14.557 [FXGL Background Thread 1 ] DEBUG FXGLAssetLoaderServi - Loading from file system: jar:file:///C:/Users/jamie/.m2/repository/com/github/almasb/fxgl/17.2/fxgl-17.2.jar!/fxglassets/ui/css/fxgl_dark.css
21:12:14.595 [FXGL Background Thread 1 ] DEBUG GameApplicationServi - Initializing application scenes
21:12:14.632 [FXGL Background Thread 1 ] WARN  FXGLAssetLoaderServi - Asset "/assets/textures/player.png" was not found!
21:12:14.632 [FXGL Background Thread 1 ] WARN  FXGLAssetLoaderServi - Failed to load IMAGE
21:12:14.661 [FXGL Background Thread 1 ] DEBUG GameWorld            - Game world initialized
21:12:14.694 [FXGL Background Thread 1 ] DEBUG PhysicsWorld         - Physics world initialized: appHeight=720, physics.ppm=50.0
21:12:14.695 [FXGL Background Thread 1 ] DEBUG PhysicsWorld         - Using strategy: BRUTE_FORCE
21:12:14.697 [FXGL Background Thread 1 ] DEBUG GameScene            - Game scene initialized: 1280x720
21:12:14.898 [FXGL Background Thread 1 ] DEBUG GameApplicationServi - Application scenes initialized
21:12:14.911 [FXGL Background Thread 1 ] DEBUG SystemBundleService  - Loading FXGL system data
21:12:14.913 [FXGL Background Thread 1 ] DEBUG FileSystemAccess     - Reading from: C:\Users\jamie\OneDrive\Pictures\JavaFXGame\system\fxgl.bundle
21:12:14.922 [FXGL Background Thread 1 ] DEBUG SystemBundleService  - Bundle FXGL: {}
21:12:14.922 [FXGL Background Thread 1 ] DEBUG UpdaterService       - Checking for updates
21:12:14.952 [FXGL Background Thread 4 ] DEBUG FXGLApplication      - Loading fonts
21:12:14.952 [FXGL Background Thread 1 ] DEBUG FXGLApplication      - Loading default localization
21:12:14.952 [FXGL Background Thread 4 ] DEBUG FXGLAssetLoaderServi - Loading from file system: jar:file:///C:/Users/jamie/.m2/repository/com/github/almasb/fxgl/17.2/fxgl-17.2.jar!/fxglassets/ui/fonts/VarelaRound-Regular.ttf
21:12:14.953 [FXGL Background Thread 1 ] DEBUG FXGLAssetLoaderServi - Loading from file system: jar:file:///C:/Users/jamie/.m2/repository/com/github/almasb/fxgl/17.2/fxgl-17.2.jar!/fxglassets/languages/english.lang
21:12:14.970 [FXGL Background Thread 1 ] INFO  FXGLApplication      - FXGL initialization took: 0.446 sec
21:12:14.971 [JavaFX Application Thread] DEBUG FXGLAssetLoaderServi - Loading from file system: jar:file:///C:/Users/jamie/.m2/repository/com/github/almasb/fxgl/17.2/fxgl-17.2.jar!/fxglassets/textures/fxgl_icon.png
21:12:14.977 [FXGL Background Thread 4 ] DEBUG FXGLAssetLoaderServi - Loading from file system: jar:file:///C:/Users/jamie/.m2/repository/com/github/almasb/fxgl/17.2/fxgl-17.2.jar!/fxglassets/ui/fonts/Abel-Regular.ttf
21:12:14.980 [FXGL Background Thread 4 ] DEBUG FXGLAssetLoaderServi - Loading from file system: jar:file:///C:/Users/jamie/.m2/repository/com/github/almasb/fxgl/17.2/fxgl-17.2.jar!/fxglassets/ui/fonts/TerminalLandMono-Regular.otf
21:12:14.982 [FXGL Background Thread 4 ] DEBUG FXGLAssetLoaderServi - Loading from file system: jar:file:///C:/Users/jamie/.m2/repository/com/github/almasb/fxgl/17.2/fxgl-17.2.jar!/fxglassets/ui/fonts/Courier-Prime.ttf
21:12:14.987 [JavaFX Application Thread] DEBUG FXGLAssetLoaderServi - Loading from file system: jar:file:///C:/Users/jamie/.m2/repository/com/github/almasb/fxgl/17.2/fxgl-17.2.jar!/fxglassets/textures/fxgl_default_cursor.png
21:12:14.994 [JavaFX Application Thread] DEBUG Input                - Registered new binding: Screenshot - CTRL+8
21:12:14.994 [JavaFX Application Thread] DEBUG Input                - Registered new binding: Dev Options - 1
21:12:14.995 [JavaFX Application Thread] DEBUG Input                - Registered new binding: Dev Console - 2
21:12:14.995 [JavaFX Application Thread] DEBUG Input                - Registered new binding: System info dump - CTRL+9
21:12:14.995 [JavaFX Application Thread] DEBUG Input                - Registered new binding: Restart - CTRL+R
21:12:14.995 [JavaFX Application Thread] DEBUG Input                - Registered new binding: Toggle Debug Camera - CTRL+7
21:12:14.998 [JavaFX Application Thread] DEBUG LoopRunner           - Starting loop
21:12:15.009 [JavaFX Application Thread] DEBUG LoopRunner           - Initializing JavaFX AnimationTimerLoop
21:12:15.011 [JavaFX Application Thread] DEBUG Input                - Clearing active input actions
21:12:15.022 [JavaFX Application Thread] DEBUG GameApplicationServi - Removing overlay from FXGLStartupScene and adding to FXGLMainMenuDummyScene
21:12:15.025 [JavaFX Application Thread] DEBUG PrimaryStageWindow   - FXGLStartupScene -> FXGLMainMenuDummyScene
21:12:15.025 [JavaFX Application Thread] DEBUG PrimaryStageWindow   - Push state: RiderMainMenuScene
21:12:15.025 [JavaFX Application Thread] DEBUG Input                - Clearing active input actions
21:12:15.031 [JavaFX Application Thread] DEBUG GameApplicationServi - Removing overlay from FXGLMainMenuDummyScene and adding to RiderMainMenuScene
21:12:15.031 [JavaFX Application Thread] DEBUG PrimaryStageWindow   - FXGLMainMenuDummyScene -> RiderMainMenuScene
21:12:15.163 [JavaFX Application Thread] DEBUG FXGLApplication      - Registering font factories with UI factory
21:12:15.288 [FXGL Background Thread 2 ] INFO  UpdaterService       - Your current version:  17.2
21:12:15.289 [FXGL Background Thread 2 ] INFO  UpdaterService       - Latest stable version: 21.1
21:12:16.295 [JavaFX Application Thread] DEBUG PrimaryStageWindow   - Push state: PlayerSelectScene
21:12:16.295 [JavaFX Application Thread] DEBUG Input                - Clearing active input actions
21:12:16.296 [JavaFX Application Thread] DEBUG GameApplicationServi - Removing overlay from RiderMainMenuScene and adding to PlayerSelectScene
21:12:16.297 [JavaFX Application Thread] DEBUG PrimaryStageWindow   - RiderMainMenuScene -> PlayerSelectScene
21:12:17.943 [FXGL Background Thread 3 ] DEBUG Engine               - Logging environment variables
21:12:17.943 [FXGL Background Thread 3 ] DEBUG Engine               - achievements: []
21:12:17.944 [FXGL Background Thread 3 ] DEBUG Engine               - actualHeight: 720.0
21:12:17.944 [FXGL Background Thread 3 ] DEBUG Engine               - actualHeightProperty: ReadOnlyDoubleProperty [value: 720.0]
21:12:17.944 [FXGL Background Thread 3 ] DEBUG Engine               - actualWidth: 1280.0
21:12:17.944 [FXGL Background Thread 3 ] DEBUG Engine               - actualWidthProperty: ReadOnlyDoubleProperty [value: 1280.0]
21:12:17.944 [FXGL Background Thread 3 ] DEBUG Engine               - appIcon: fxgl_icon.png
21:12:17.944 [FXGL Background Thread 3 ] DEBUG Engine               - applicationMode: DEVELOPER
21:12:17.944 [FXGL Background Thread 3 ] DEBUG Engine               - cSSList: [fxgl_dark.css]
21:12:17.944 [FXGL Background Thread 3 ] DEBUG Engine               - collisionDetectionStrategy: BRUTE_FORCE
21:12:17.944 [FXGL Background Thread 3 ] DEBUG Engine               - configClass: Optional.empty
21:12:17.944 [FXGL Background Thread 3 ] DEBUG Engine               - credits: []
21:12:17.946 [FXGL Background Thread 3 ] DEBUG Engine               - defaultCursor: CursorInfo(imageName=fxgl_default_cursor.png, hotspotX=7.0, hotspotY=6.0)
21:12:17.948 [FXGL Background Thread 3 ] DEBUG Engine               - devBBoxColorProperty: ObjectProperty [value: 0xff0000ff]
21:12:17.948 [FXGL Background Thread 3 ] DEBUG Engine               - devEnableDebugCameraProperty: BooleanProperty [value: false]
21:12:17.948 [FXGL Background Thread 3 ] DEBUG Engine               - devSensorColorProperty: ObjectProperty [value: 0xffff00ff]
21:12:17.948 [FXGL Background Thread 3 ] DEBUG Engine               - devShowBBoxProperty: BooleanProperty [value: false]
21:12:17.948 [FXGL Background Thread 3 ] DEBUG Engine               - devShowPositionProperty: BooleanProperty [value: false]
21:12:17.948 [FXGL Background Thread 3 ] DEBUG Engine               - enabledMenuItems: []
21:12:17.948 [FXGL Background Thread 3 ] DEBUG Engine               - engineServices: [class com.almasb.fxgl.app.services.FXGLAssetLoaderService, class com.almasb.fxgl.app.FXGLApplication$GameApplicationService, class com.almasb.fxgl.app.services.FXGLDialogService, class com.almasb.fxgl.app.services.IOTaskExecutorService, class com.almasb.fxgl.io.FileSystemService, class com.almasb.fxgl.localization.LocalizationService, class com.almasb.fxgl.app.services.SystemBundleService, class com.almasb.fxgl.profile.SaveLoadService, class com.almasb.fxgl.ui.FXGLUIFactoryServiceProvider, class com.almasb.fxgl.ui.FXGLDialogFactoryServiceProvider, class com.almasb.fxgl.audio.AudioPlayer, class com.almasb.fxgl.notification.impl.NotificationServiceProvider, class com.almasb.fxgl.achievement.AchievementService, class com.almasb.fxgl.cutscene.CutsceneService, class com.almasb.fxgl.minigames.MiniGameService, class com.almasb.fxgl.net.NetService, class com.almasb.fxgl.app.services.UpdaterService, class com.almasb.fxgl.dev.DevService]
21:12:17.948 [FXGL Background Thread 3 ] DEBUG Engine               - fontGame: Abel-Regular.ttf
21:12:17.948 [FXGL Background Thread 3 ] DEBUG Engine               - fontMono: TerminalLandMono-Regular.otf
21:12:17.948 [FXGL Background Thread 3 ] DEBUG Engine               - fontText: Courier-Prime.ttf
21:12:17.948 [FXGL Background Thread 3 ] DEBUG Engine               - fontUI: VarelaRound-Regular.ttf
21:12:17.948 [FXGL Background Thread 3 ] DEBUG Engine               - fullScreen: BooleanProperty [value: false]
21:12:17.948 [FXGL Background Thread 3 ] DEBUG Engine               - gameDifficulty: MEDIUM
21:12:17.949 [FXGL Background Thread 3 ] DEBUG Engine               - gameDifficultyProperty: ObjectProperty [value: MEDIUM]
21:12:17.949 [FXGL Background Thread 3 ] DEBUG Engine               - globalMusicVolume: 0.5
21:12:17.949 [FXGL Background Thread 3 ] DEBUG Engine               - globalMusicVolumeProperty: DoubleProperty [value: 0.25]
21:12:17.949 [FXGL Background Thread 3 ] DEBUG Engine               - globalSoundVolume: 0.5
21:12:17.949 [FXGL Background Thread 3 ] DEBUG Engine               - globalSoundVolumeProperty: DoubleProperty [value: 0.5]
21:12:17.949 [FXGL Background Thread 3 ] DEBUG Engine               - height: 720
21:12:17.949 [FXGL Background Thread 3 ] DEBUG Engine               - is3D: false
21:12:17.949 [FXGL Background Thread 3 ] DEBUG Engine               - isAndroid: false
21:12:17.949 [FXGL Background Thread 3 ] DEBUG Engine               - isBrowser: false
21:12:17.949 [FXGL Background Thread 3 ] DEBUG Engine               - isClickFeedbackEnabled: false
21:12:17.949 [FXGL Background Thread 3 ] DEBUG Engine               - isCloseConfirmation: false
21:12:17.949 [FXGL Background Thread 3 ] DEBUG Engine               - isDesktop: true
21:12:17.949 [FXGL Background Thread 3 ] DEBUG Engine               - isDeveloperMenuEnabled: true
21:12:17.949 [FXGL Background Thread 3 ] DEBUG Engine               - isEmbedded: false
21:12:17.949 [FXGL Background Thread 3 ] DEBUG Engine               - isEntityPreloadEnabled: true
21:12:17.949 [FXGL Background Thread 3 ] DEBUG Engine               - isExperimentalTiledLargeMap: false
21:12:17.949 [FXGL Background Thread 3 ] DEBUG Engine               - isFileSystemWriteAllowed: true
21:12:17.949 [FXGL Background Thread 3 ] DEBUG Engine               - isFullScreenAllowed: false
21:12:17.949 [FXGL Background Thread 3 ] DEBUG Engine               - isFullScreenFromStart: false
21:12:17.949 [FXGL Background Thread 3 ] DEBUG Engine               - isGameMenuEnabled: true
21:12:17.949 [FXGL Background Thread 3 ] DEBUG Engine               - isIOS: false
21:12:17.949 [FXGL Background Thread 3 ] DEBUG Engine               - isIntroEnabled: false
21:12:17.949 [FXGL Background Thread 3 ] DEBUG Engine               - isLinux: false
21:12:17.949 [FXGL Background Thread 3 ] DEBUG Engine               - isMac: false
21:12:17.949 [FXGL Background Thread 3 ] DEBUG Engine               - isMainMenuEnabled: true
21:12:17.949 [FXGL Background Thread 3 ] DEBUG Engine               - isManualResizeEnabled: false
21:12:17.949 [FXGL Background Thread 3 ] DEBUG Engine               - isMobile: false
21:12:17.949 [FXGL Background Thread 3 ] DEBUG Engine               - isNative: false
21:12:17.949 [FXGL Background Thread 3 ] DEBUG Engine               - isPauseMusicWhenMinimized: true
21:12:17.949 [FXGL Background Thread 3 ] DEBUG Engine               - isPreserveResizeRatio: false
21:12:17.950 [FXGL Background Thread 3 ] DEBUG Engine               - isProfilingEnabled: false
21:12:17.950 [FXGL Background Thread 3 ] DEBUG Engine               - isScaleAffectedOnResize: true
21:12:17.950 [FXGL Background Thread 3 ] DEBUG Engine               - isSingleStep: false
21:12:17.950 [FXGL Background Thread 3 ] DEBUG Engine               - isUserProfileEnabled: false
21:12:17.950 [FXGL Background Thread 3 ] DEBUG Engine               - isWindows: true
21:12:17.950 [FXGL Background Thread 3 ] DEBUG Engine               - language: ObjectProperty [value: ENGLISH]
21:12:17.950 [FXGL Background Thread 3 ] DEBUG Engine               - menuKey: ESCAPE
21:12:17.950 [FXGL Background Thread 3 ] DEBUG Engine               - mouseSensitivity: 0.2
21:12:17.950 [FXGL Background Thread 3 ] DEBUG Engine               - notificationViewClass: class com.almasb.fxgl.notification.view.XboxNotificationView
21:12:17.950 [FXGL Background Thread 3 ] DEBUG Engine               - pixelsPerMeter: 50.0
21:12:17.950 [FXGL Background Thread 3 ] DEBUG Engine               - platform: WINDOWS
21:12:17.950 [FXGL Background Thread 3 ] DEBUG Engine               - prefHeightProperty: ReadOnlyDoubleProperty [value: 720.0]
21:12:17.950 [FXGL Background Thread 3 ] DEBUG Engine               - prefWidthProperty: ReadOnlyDoubleProperty [value: 1280.0]
21:12:17.950 [FXGL Background Thread 3 ] DEBUG Engine               - profileDir: profiles/
21:12:17.950 [FXGL Background Thread 3 ] DEBUG Engine               - profileName: StringProperty [value: DEFAULT]
21:12:17.950 [FXGL Background Thread 3 ] DEBUG Engine               - randomSeed: -1
21:12:17.950 [FXGL Background Thread 3 ] DEBUG Engine               - runtimeInfo: RuntimeInfo(platform=WINDOWS, version=17.2, build=20.08.2022 16.50)
21:12:17.950 [FXGL Background Thread 3 ] DEBUG Engine               - saveFileExt: sav
21:12:17.951 [FXGL Background Thread 3 ] DEBUG Engine               - scaledHeightProp$fxgl: DoubleProperty [bound, value: 720.0]
21:12:17.951 [FXGL Background Thread 3 ] DEBUG Engine               - scaledWidthProp$fxgl: DoubleProperty [bound, value: 1280.0]
21:12:17.951 [FXGL Background Thread 3 ] DEBUG Engine               - sceneFactory: com.sunsofgod.PlatformerApp$1@9540f36
21:12:17.951 [FXGL Background Thread 3 ] DEBUG Engine               - secondsIn24h: 60
21:12:17.951 [FXGL Background Thread 3 ] DEBUG Engine               - soundMenuBack: menu/back.wav
21:12:17.951 [FXGL Background Thread 3 ] DEBUG Engine               - soundMenuPress: menu/press.wav
21:12:17.951 [FXGL Background Thread 3 ] DEBUG Engine               - soundMenuSelect: menu/select.wav
21:12:17.951 [FXGL Background Thread 3 ] DEBUG Engine               - soundNotification: core/notification.wav
21:12:17.951 [FXGL Background Thread 3 ] DEBUG Engine               - stageStyle: DECORATED
21:12:17.951 [FXGL Background Thread 3 ] DEBUG Engine               - supportedLanguages: [ENGLISH, FRENCH, GERMAN, HUNGARIAN, RUSSIAN]
21:12:17.951 [FXGL Background Thread 3 ] DEBUG Engine               - ticksPerSecond: -1
21:12:17.951 [FXGL Background Thread 3 ] DEBUG Engine               - title: Untitled
21:12:17.951 [FXGL Background Thread 3 ] DEBUG Engine               - urlGithub: https://github.com/AlmasB/FXGL
21:12:17.951 [FXGL Background Thread 3 ] DEBUG Engine               - urlLeaderboard: http://fxgl-top.herokuapp.com/
21:12:17.951 [FXGL Background Thread 3 ] DEBUG Engine               - urlPOM: https://raw.githubusercontent.com/AlmasB/FXGL/release/README.md
21:12:17.951 [FXGL Background Thread 3 ] DEBUG Engine               - userAppClass: class com.sunsofgod.PlatformerApp
21:12:17.951 [FXGL Background Thread 3 ] DEBUG Engine               - version: 0.0
21:12:17.951 [FXGL Background Thread 3 ] DEBUG Engine               - versionCheckDays: 7
21:12:17.951 [FXGL Background Thread 3 ] DEBUG Engine               - width: 1280
21:12:17.951 [FXGL Background Thread 3 ] DEBUG Engine               - Logging services
21:12:17.951 [FXGL Background Thread 3 ] DEBUG Engine               - class com.almasb.fxgl.app.services.FXGLAssetLoaderService
21:12:17.951 [FXGL Background Thread 3 ] DEBUG Engine               - class com.almasb.fxgl.app.FXGLApplication$GameApplicationService
21:12:17.951 [FXGL Background Thread 3 ] DEBUG Engine               - class com.almasb.fxgl.app.services.FXGLDialogService
21:12:17.951 [FXGL Background Thread 3 ] DEBUG Engine               - class com.almasb.fxgl.app.services.IOTaskExecutorService
21:12:17.951 [FXGL Background Thread 3 ] DEBUG Engine               - class com.almasb.fxgl.io.FileSystemService
21:12:17.951 [FXGL Background Thread 3 ] DEBUG Engine               - class com.almasb.fxgl.localization.LocalizationService
21:12:17.951 [FXGL Background Thread 3 ] DEBUG Engine               - class com.almasb.fxgl.app.services.SystemBundleService
21:12:17.951 [FXGL Background Thread 3 ] DEBUG Engine               - class com.almasb.fxgl.profile.SaveLoadService
21:12:17.951 [FXGL Background Thread 3 ] DEBUG Engine               - class com.almasb.fxgl.ui.FXGLUIFactoryServiceProvider
21:12:17.951 [FXGL Background Thread 3 ] DEBUG Engine               - class com.almasb.fxgl.ui.FXGLDialogFactoryServiceProvider
21:12:17.951 [FXGL Background Thread 3 ] DEBUG Engine               - class com.almasb.fxgl.audio.AudioPlayer
21:12:17.951 [FXGL Background Thread 3 ] DEBUG Engine               - class com.almasb.fxgl.notification.impl.NotificationServiceProvider
21:12:17.951 [FXGL Background Thread 3 ] DEBUG Engine               - class com.almasb.fxgl.achievement.AchievementService
21:12:17.951 [FXGL Background Thread 3 ] DEBUG Engine               - class com.almasb.fxgl.cutscene.CutsceneService
21:12:17.952 [FXGL Background Thread 3 ] DEBUG Engine               - class com.almasb.fxgl.minigames.MiniGameService
21:12:17.952 [FXGL Background Thread 3 ] DEBUG Engine               - class com.almasb.fxgl.net.NetService
21:12:17.952 [FXGL Background Thread 3 ] DEBUG Engine               - class com.almasb.fxgl.app.services.UpdaterService
21:12:17.952 [FXGL Background Thread 3 ] DEBUG Engine               - class com.almasb.fxgl.dev.DevService
21:12:18.154 [JavaFX Application Thread] DEBUG PrimaryStageWindow   - Push state: LevelSelectScene
21:12:18.155 [JavaFX Application Thread] DEBUG Input                - Clearing active input actions
21:12:18.155 [JavaFX Application Thread] DEBUG GameApplicationServi - Removing overlay from PlayerSelectScene and adding to LevelSelectScene
21:12:18.157 [JavaFX Application Thread] DEBUG PrimaryStageWindow   - PlayerSelectScene -> LevelSelectScene
21:12:42.432 [JavaFX Application Thread] DEBUG FXGLApplication      - Exiting FXGL
21:12:42.432 [JavaFX Application Thread] DEBUG LoopRunner           - Stopping loop
21:12:42.432 [JavaFX Application Thread] DEBUG SystemBundleService  - Saving FXGL system data
21:12:42.434 [JavaFX Application Thread] DEBUG FileSystemAccess     - Writing to: C:\Users\jamie\OneDrive\Pictures\JavaFXGame\system\fxgl.bundle
21:12:42.435 [JavaFX Application Thread] DEBUG Async                - Shutting down background threads
21:12:42.436 [JavaFX Application Thread] DEBUG PrimaryStageWindow   - Closing main window
21:12:42.444 [JavaFX Application Thread] DEBUG Logger               - Closing Logger
