01:40:31.590 [main                     ] DEBUG Logger               - Configured Logger
01:40:31.615 [main                     ] DEBUG GameApplication      - Logging settings
Title: Untitled
Version: 0.0
Width: 1280
Height: 720
Fullscreen: false
Intro: false
Profiling: false
Single step:false
App Mode: DEVELOPER
Menu Key: ESCAPE
Stage Style: DECORATED
Scene Factory: class com.almasb.fxgl.app.scene.SceneFactory

01:40:32.061 [JavaFX Application Thread] DEBUG FXGLApplication      - Initializing FXGL
01:40:32.065 [JavaFX Application Thread] INFO  Engine               - FXGL-17.2 (20.08.2022 16.50) on MAC (J:17.0.2 FX:17.0.12)
01:40:32.065 [JavaFX Application Thread] DEBUG Engine               - JRE Vendor Name: Oracle Corporation
01:40:32.065 [JavaFX Application Thread] DEBUG Engine               - Running on OS: Mac OS X version 14.6.1
01:40:32.066 [JavaFX Application Thread] DEBUG Engine               - Architecture: aarch64
01:40:32.066 [JavaFX Application Thread] INFO  Engine               - Source code and latest versions at: https://github.com/AlmasB/FXGL
01:40:32.066 [JavaFX Application Thread] INFO  Engine               -       Ask questions and discuss at: https://github.com/AlmasB/FXGL/discussions
01:40:32.066 [JavaFX Application Thread] INFO  Engine               -              Join the FXGL chat at: https://gitter.im/AlmasB/FXGL
01:40:32.130 [JavaFX Application Thread] DEBUG PrimaryStageWindow   - Creating a JavaFX scene
01:40:32.154 [JavaFX Application Thread] DEBUG PrimaryStageWindow   - Target settings size: 1280.0 x 720.0
01:40:32.154 [JavaFX Application Thread] DEBUG PrimaryStageWindow   - Scaled scene size:    1280.0 x 720.0
01:40:32.154 [JavaFX Application Thread] DEBUG PrimaryStageWindow   - Scaled ratio: (1.0, 1.0)
01:40:32.155 [JavaFX Application Thread] DEBUG PrimaryStageWindow   - Set initial scene to FXGLStartupScene
01:40:32.158 [JavaFX Application Thread] DEBUG PrimaryStageWindow   - Opening main window
01:40:32.349 [JavaFX Application Thread] DEBUG PrimaryStageWindow   - Window border size: (0.0, 28.0)
01:40:32.349 [JavaFX Application Thread] DEBUG PrimaryStageWindow   - Scaled size: 1280.0 x 720.0
01:40:32.350 [JavaFX Application Thread] DEBUG PrimaryStageWindow   - Scaled ratio: (1.0, 1.0)
01:40:32.350 [JavaFX Application Thread] DEBUG PrimaryStageWindow   - Scene size: 1280.0 x 720.0
01:40:32.350 [JavaFX Application Thread] DEBUG PrimaryStageWindow   - Stage size: 1280.0 x 748.0
01:40:32.439 [FXGL Background Thread 1 ] DEBUG Engine               - Initializing environment variables
01:40:32.511 [FXGL Background Thread 1 ] DEBUG FXGLAssetLoaderServi - User app class for loading assets: class com.sunsofgod.PlatformerApp
01:40:32.512 [FXGL Background Thread 1 ] DEBUG GameApplicationServi - Applying CSS: fxgl_dark.css
01:40:32.512 [FXGL Background Thread 1 ] DEBUG FXGLAssetLoaderServi - Loading from file system: jar:file:///Users/aaron/.m2/repository/com/github/almasb/fxgl/17.2/fxgl-17.2.jar!/fxglassets/ui/css/fxgl_dark.css
01:40:32.576 [FXGL Background Thread 1 ] DEBUG GameApplicationServi - Initializing application scenes
01:40:32.831 [FXGL Background Thread 1 ] DEBUG GameWorld            - Game world initialized
01:40:32.868 [FXGL Background Thread 1 ] DEBUG PhysicsWorld         - Physics world initialized: appHeight=720, physics.ppm=50.0
01:40:32.868 [FXGL Background Thread 1 ] DEBUG PhysicsWorld         - Using strategy: BRUTE_FORCE
01:40:32.871 [FXGL Background Thread 1 ] DEBUG GameScene            - Game scene initialized: 1280x720
01:40:32.880 [FXGL Background Thread 1 ] DEBUG FXGL.DefaultMenu     - createMenuBodyMainMenu()
01:40:32.897 [FXGL Background Thread 1 ] DEBUG FXGL.DefaultMenu     - createOptionsMenu()
01:40:32.904 [FXGL Background Thread 1 ] DEBUG FXGLAssetLoaderServi - Loading from file system: jar:file:///Users/aaron/.m2/repository/com/github/almasb/fxgl/17.2/fxgl-17.2.jar!/fxglassets/textures/particles/smoke.png
01:40:32.985 [FXGL Background Thread 1 ] DEBUG FXGLAssetLoaderServi - Loading from file system: jar:file:///Users/aaron/.m2/repository/com/github/almasb/fxgl/17.2/fxgl-17.2.jar!/fxglassets/textures/particles/trace_horizontal.png
01:40:33.003 [FXGL Background Thread 1 ] DEBUG FXGL.DefaultMenu     - createMenuBodyGameMenu()
01:40:33.003 [FXGL Background Thread 1 ] DEBUG FXGL.DefaultMenu     - createOptionsMenu()
01:40:33.023 [FXGL Background Thread 1 ] DEBUG GameApplicationServi - Application scenes initialized
01:40:33.030 [FXGL Background Thread 1 ] DEBUG SystemBundleService  - Loading FXGL system data
01:40:33.033 [FXGL Background Thread 1 ] DEBUG FileSystemAccess     - Reading from: /Users/aaron/JavaFXGame/system/fxgl.bundle
01:40:33.038 [FXGL Background Thread 1 ] DEBUG SystemBundleService  - Bundle FXGL: {}
01:40:33.038 [FXGL Background Thread 1 ] DEBUG UpdaterService       - Checking for updates
01:40:33.042 [FXGL Background Thread 4 ] DEBUG FXGLApplication      - Loading fonts
01:40:33.042 [FXGL Background Thread 1 ] DEBUG FXGLApplication      - Loading default localization
01:40:33.043 [FXGL Background Thread 4 ] DEBUG FXGLAssetLoaderServi - Loading from file system: jar:file:///Users/aaron/.m2/repository/com/github/almasb/fxgl/17.2/fxgl-17.2.jar!/fxglassets/ui/fonts/VarelaRound-Regular.ttf
01:40:33.043 [FXGL Background Thread 1 ] DEBUG FXGLAssetLoaderServi - Loading from file system: jar:file:///Users/aaron/.m2/repository/com/github/almasb/fxgl/17.2/fxgl-17.2.jar!/fxglassets/languages/english.lang
01:40:33.051 [FXGL Background Thread 4 ] DEBUG FXGLAssetLoaderServi - Loading from file system: jar:file:///Users/aaron/.m2/repository/com/github/almasb/fxgl/17.2/fxgl-17.2.jar!/fxglassets/ui/fonts/Abel-Regular.ttf
01:40:33.053 [FXGL Background Thread 1 ] INFO  FXGLApplication      - FXGL initialization took: 0.614 sec
01:40:33.054 [FXGL Background Thread 4 ] DEBUG FXGLAssetLoaderServi - Loading from file system: jar:file:///Users/aaron/.m2/repository/com/github/almasb/fxgl/17.2/fxgl-17.2.jar!/fxglassets/ui/fonts/TerminalLandMono-Regular.otf
01:40:33.058 [JavaFX Application Thread] DEBUG Input                - Registered new binding: Left - A
01:40:33.058 [JavaFX Application Thread] DEBUG Input                - Registered new binding: Right - D
01:40:33.058 [JavaFX Application Thread] DEBUG Input                - Registered new binding: Jump - W
01:40:33.058 [JavaFX Application Thread] DEBUG Input                - Registered new binding: Use - E
01:40:33.059 [JavaFX Application Thread] DEBUG FXGLAssetLoaderServi - Loading from file system: jar:file:///Users/aaron/.m2/repository/com/github/almasb/fxgl/17.2/fxgl-17.2.jar!/fxglassets/textures/fxgl_icon.png
01:40:33.063 [FXGL Background Thread 4 ] DEBUG FXGLAssetLoaderServi - Loading from file system: jar:file:///Users/aaron/.m2/repository/com/github/almasb/fxgl/17.2/fxgl-17.2.jar!/fxglassets/ui/fonts/Courier-Prime.ttf
01:40:33.079 [JavaFX Application Thread] DEBUG FXGLAssetLoaderServi - Loading from file system: jar:file:///Users/aaron/.m2/repository/com/github/almasb/fxgl/17.2/fxgl-17.2.jar!/fxglassets/textures/fxgl_default_cursor.png
01:40:33.080 [JavaFX Application Thread] DEBUG Input                - Registered new binding: Screenshot - CTRL+8
01:40:33.081 [JavaFX Application Thread] DEBUG Input                - Registered new binding: System info dump - CTRL+9
01:40:33.081 [JavaFX Application Thread] DEBUG Input                - Registered new binding: Restart - CTRL+R
01:40:33.081 [JavaFX Application Thread] DEBUG Input                - Registered new binding: Toggle Debug Camera - CTRL+7
01:40:33.081 [JavaFX Application Thread] DEBUG LoopRunner           - Starting loop
01:40:33.082 [JavaFX Application Thread] DEBUG LoopRunner           - Initializing JavaFX AnimationTimerLoop
01:40:33.083 [JavaFX Application Thread] DEBUG Input                - Clearing active input actions
01:40:33.086 [JavaFX Application Thread] DEBUG GameApplicationServi - Removing overlay from FXGLStartupScene and adding to FXGLMainMenuDummyScene
01:40:33.086 [JavaFX Application Thread] DEBUG PrimaryStageWindow   - FXGLStartupScene -> FXGLMainMenuDummyScene
01:40:33.086 [JavaFX Application Thread] DEBUG PrimaryStageWindow   - Push state: FXGLDefaultMenu
01:40:33.087 [JavaFX Application Thread] DEBUG Input                - Clearing active input actions
01:40:33.093 [JavaFX Application Thread] DEBUG GameApplicationServi - Removing overlay from FXGLMainMenuDummyScene and adding to FXGLDefaultMenu
01:40:33.094 [JavaFX Application Thread] DEBUG PrimaryStageWindow   - FXGLMainMenuDummyScene -> FXGLDefaultMenu
01:40:33.171 [JavaFX Application Thread] DEBUG FXGLApplication      - Registering font factories with UI factory
01:40:33.762 [FXGL Background Thread 2 ] INFO  UpdaterService       - Your current version:  17.2
01:40:33.762 [FXGL Background Thread 2 ] INFO  UpdaterService       - Latest stable version: 21.1
01:40:34.722 [JavaFX Application Thread] DEBUG Menu                 - fireNewGame()
01:40:34.722 [JavaFX Application Thread] DEBUG GameApplicationServi - Starting new game
01:40:34.723 [JavaFX Application Thread] DEBUG PrimaryStageWindow   - Pop state: FXGLDefaultMenu
01:40:34.723 [JavaFX Application Thread] DEBUG Input                - Clearing active input actions
01:40:34.724 [JavaFX Application Thread] DEBUG GameApplicationServi - Removing overlay from FXGLDefaultMenu and adding to FXGLMainMenuDummyScene
01:40:34.725 [JavaFX Application Thread] DEBUG PrimaryStageWindow   - FXGLMainMenuDummyScene <- FXGLDefaultMenu
01:40:34.725 [JavaFX Application Thread] DEBUG Input                - Clearing active input actions
01:40:34.731 [JavaFX Application Thread] DEBUG GameApplicationServi - Removing overlay from FXGLMainMenuDummyScene and adding to FXGLLoadingScene
01:40:34.732 [JavaFX Application Thread] DEBUG PrimaryStageWindow   - FXGLMainMenuDummyScene -> FXGLLoadingScene
01:40:34.732 [JavaFX Application Thread] DEBUG GameApplicationServi - Clearing previous game
01:40:34.732 [JavaFX Application Thread] DEBUG GameScene            - Clearing game scene
01:40:34.732 [JavaFX Application Thread] DEBUG GameWorld            - Clearing game world
01:40:34.732 [JavaFX Application Thread] DEBUG PhysicsWorld         - Clearing physics world
01:40:34.736 [FXGL Background Thread 2 ] DEBUG FXGLApplication      - Initializing game
01:40:34.770 [FXGL Background Thread 2 ] WARN  TMXLevelLoader       - TiledMap generated from 1.11.0. Supported version: 1.9.0. Some features may not be parsed fully.
01:40:34.778 [FXGL Background Thread 2 ] DEBUG TMXLevelLoader       - Parsed TiledMap: file:/Users/aaron/JavaFXGame/target/classes/assets/levels/tmx/level1.tmx
01:40:34.780 [FXGL Background Thread 2 ] DEBUG TMXLevelLoader       - Creating tile layer entities
01:40:34.781 [FXGL Background Thread 2 ] DEBUG TilesetLoader        - Loading view for layer Tile Layer 1
01:40:34.786 [FXGL Background Thread 2 ] DEBUG TilesetLoader        - Created buffer with size 1050.0x700.0
01:40:34.815 [FXGL Background Thread 2 ] DEBUG TMXLevelLoader       - Creating object layer entities
01:40:34.836 [FXGL Background Thread 2 ] DEBUG GameWorld            - Clearing removable entities
01:40:34.836 [FXGL Background Thread 2 ] DEBUG GameWorld            - Setting level: com.almasb.fxgl.entity.level.Level@198d18dc
01:40:34.843 [FXGL Background Thread 2 ] DEBUG FXGLAssetLoaderServi - Loading from file system: file:/Users/aaron/JavaFXGame/target/classes/assets/textures/player.png
01:40:34.851 [FXGL Background Thread 2 ] DEBUG FXGLAssetLoaderServi - Loading from file system: file:/Users/aaron/JavaFXGame/target/classes/assets/textures/background/manila.png
01:40:34.863 [FXGL Background Thread 2 ] INFO  FXGLApplication      - Game initialization took: 0.127 sec
01:40:34.864 [JavaFX Application Thread] DEBUG Input                - Clearing active input actions
01:40:34.869 [JavaFX Application Thread] DEBUG GameApplicationServi - Removing overlay from FXGLLoadingScene and adding to GameScene
01:40:34.869 [JavaFX Application Thread] DEBUG PrimaryStageWindow   - FXGLLoadingScene -> GameScene
01:40:36.043 [FXGL Background Thread 3 ] DEBUG Engine               - Logging environment variables
01:40:36.044 [FXGL Background Thread 3 ] DEBUG Engine               - achievements: []
01:40:36.044 [FXGL Background Thread 3 ] DEBUG Engine               - actualHeight: 720.0
01:40:36.044 [FXGL Background Thread 3 ] DEBUG Engine               - actualHeightProperty: ReadOnlyDoubleProperty [value: 720.0]
01:40:36.045 [FXGL Background Thread 3 ] DEBUG Engine               - actualWidth: 1280.0
01:40:36.045 [FXGL Background Thread 3 ] DEBUG Engine               - actualWidthProperty: ReadOnlyDoubleProperty [value: 1280.0]
01:40:36.045 [FXGL Background Thread 3 ] DEBUG Engine               - appIcon: fxgl_icon.png
01:40:36.045 [FXGL Background Thread 3 ] DEBUG Engine               - applicationMode: DEVELOPER
01:40:36.045 [FXGL Background Thread 3 ] DEBUG Engine               - cSSList: [fxgl_dark.css]
01:40:36.045 [FXGL Background Thread 3 ] DEBUG Engine               - collisionDetectionStrategy: BRUTE_FORCE
01:40:36.045 [FXGL Background Thread 3 ] DEBUG Engine               - configClass: Optional.empty
01:40:36.045 [FXGL Background Thread 3 ] DEBUG Engine               - credits: []
01:40:36.045 [FXGL Background Thread 3 ] DEBUG Engine               - defaultCursor: CursorInfo(imageName=fxgl_default_cursor.png, hotspotX=7.0, hotspotY=6.0)
01:40:36.046 [FXGL Background Thread 3 ] DEBUG Engine               - devBBoxColorProperty: ObjectProperty [value: 0xff0000ff]
01:40:36.046 [FXGL Background Thread 3 ] DEBUG Engine               - devEnableDebugCameraProperty: BooleanProperty [value: false]
01:40:36.046 [FXGL Background Thread 3 ] DEBUG Engine               - devSensorColorProperty: ObjectProperty [value: 0xffff00ff]
01:40:36.046 [FXGL Background Thread 3 ] DEBUG Engine               - devShowBBoxProperty: BooleanProperty [value: false]
01:40:36.046 [FXGL Background Thread 3 ] DEBUG Engine               - devShowPositionProperty: BooleanProperty [value: false]
01:40:36.046 [FXGL Background Thread 3 ] DEBUG Engine               - enabledMenuItems: []
01:40:36.046 [FXGL Background Thread 3 ] DEBUG Engine               - engineServices: [class com.almasb.fxgl.app.services.FXGLAssetLoaderService, class com.almasb.fxgl.app.FXGLApplication$GameApplicationService, class com.almasb.fxgl.app.services.FXGLDialogService, class com.almasb.fxgl.app.services.IOTaskExecutorService, class com.almasb.fxgl.io.FileSystemService, class com.almasb.fxgl.localization.LocalizationService, class com.almasb.fxgl.app.services.SystemBundleService, class com.almasb.fxgl.profile.SaveLoadService, class com.almasb.fxgl.ui.FXGLUIFactoryServiceProvider, class com.almasb.fxgl.ui.FXGLDialogFactoryServiceProvider, class com.almasb.fxgl.audio.AudioPlayer, class com.almasb.fxgl.notification.impl.NotificationServiceProvider, class com.almasb.fxgl.achievement.AchievementService, class com.almasb.fxgl.cutscene.CutsceneService, class com.almasb.fxgl.minigames.MiniGameService, class com.almasb.fxgl.net.NetService, class com.almasb.fxgl.app.services.UpdaterService, class com.almasb.fxgl.dev.DevService]
01:40:36.046 [FXGL Background Thread 3 ] DEBUG Engine               - fontGame: Abel-Regular.ttf
01:40:36.046 [FXGL Background Thread 3 ] DEBUG Engine               - fontMono: TerminalLandMono-Regular.otf
01:40:36.046 [FXGL Background Thread 3 ] DEBUG Engine               - fontText: Courier-Prime.ttf
01:40:36.046 [FXGL Background Thread 3 ] DEBUG Engine               - fontUI: VarelaRound-Regular.ttf
01:40:36.046 [FXGL Background Thread 3 ] DEBUG Engine               - fullScreen: BooleanProperty [value: false]
01:40:36.046 [FXGL Background Thread 3 ] DEBUG Engine               - gameDifficulty: MEDIUM
01:40:36.046 [FXGL Background Thread 3 ] DEBUG Engine               - gameDifficultyProperty: ObjectProperty [value: MEDIUM]
01:40:36.046 [FXGL Background Thread 3 ] DEBUG Engine               - globalMusicVolume: 0.5
01:40:36.046 [FXGL Background Thread 3 ] DEBUG Engine               - globalMusicVolumeProperty: DoubleProperty [value: 0.25]
01:40:36.047 [FXGL Background Thread 3 ] DEBUG Engine               - globalSoundVolume: 0.5
01:40:36.047 [FXGL Background Thread 3 ] DEBUG Engine               - globalSoundVolumeProperty: DoubleProperty [value: 0.5]
01:40:36.047 [FXGL Background Thread 3 ] DEBUG Engine               - height: 720
01:40:36.047 [FXGL Background Thread 3 ] DEBUG Engine               - is3D: false
01:40:36.047 [FXGL Background Thread 3 ] DEBUG Engine               - isAndroid: false
01:40:36.047 [FXGL Background Thread 3 ] DEBUG Engine               - isBrowser: false
01:40:36.047 [FXGL Background Thread 3 ] DEBUG Engine               - isClickFeedbackEnabled: false
01:40:36.047 [FXGL Background Thread 3 ] DEBUG Engine               - isCloseConfirmation: false
01:40:36.047 [FXGL Background Thread 3 ] DEBUG Engine               - isDesktop: true
01:40:36.047 [FXGL Background Thread 3 ] DEBUG Engine               - isDeveloperMenuEnabled: false
01:40:36.047 [FXGL Background Thread 3 ] DEBUG Engine               - isEmbedded: false
01:40:36.047 [FXGL Background Thread 3 ] DEBUG Engine               - isEntityPreloadEnabled: true
01:40:36.047 [FXGL Background Thread 3 ] DEBUG Engine               - isExperimentalTiledLargeMap: false
01:40:36.047 [FXGL Background Thread 3 ] DEBUG Engine               - isFileSystemWriteAllowed: true
01:40:36.047 [FXGL Background Thread 3 ] DEBUG Engine               - isFullScreenAllowed: false
01:40:36.047 [FXGL Background Thread 3 ] DEBUG Engine               - isFullScreenFromStart: false
01:40:36.047 [FXGL Background Thread 3 ] DEBUG Engine               - isGameMenuEnabled: true
01:40:36.047 [FXGL Background Thread 3 ] DEBUG Engine               - isIOS: false
01:40:36.047 [FXGL Background Thread 3 ] DEBUG Engine               - isIntroEnabled: false
01:40:36.047 [FXGL Background Thread 3 ] DEBUG Engine               - isLinux: false
01:40:36.047 [FXGL Background Thread 3 ] DEBUG Engine               - isMac: true
01:40:36.047 [FXGL Background Thread 3 ] DEBUG Engine               - isMainMenuEnabled: true
01:40:36.047 [FXGL Background Thread 3 ] DEBUG Engine               - isManualResizeEnabled: false
01:40:36.047 [FXGL Background Thread 3 ] DEBUG Engine               - isMobile: false
01:40:36.048 [FXGL Background Thread 3 ] DEBUG Engine               - isNative: false
01:40:36.048 [FXGL Background Thread 3 ] DEBUG Engine               - isPauseMusicWhenMinimized: true
01:40:36.048 [FXGL Background Thread 3 ] DEBUG Engine               - isPreserveResizeRatio: false
01:40:36.048 [FXGL Background Thread 3 ] DEBUG Engine               - isProfilingEnabled: false
01:40:36.048 [FXGL Background Thread 3 ] DEBUG Engine               - isScaleAffectedOnResize: true
01:40:36.048 [FXGL Background Thread 3 ] DEBUG Engine               - isSingleStep: false
01:40:36.048 [FXGL Background Thread 3 ] DEBUG Engine               - isUserProfileEnabled: false
01:40:36.048 [FXGL Background Thread 3 ] DEBUG Engine               - isWindows: false
01:40:36.048 [FXGL Background Thread 3 ] DEBUG Engine               - language: ObjectProperty [value: ENGLISH]
01:40:36.048 [FXGL Background Thread 3 ] DEBUG Engine               - menuKey: ESCAPE
01:40:36.048 [FXGL Background Thread 3 ] DEBUG Engine               - mouseSensitivity: 0.2
01:40:36.048 [FXGL Background Thread 3 ] DEBUG Engine               - notificationViewClass: class com.almasb.fxgl.notification.view.XboxNotificationView
01:40:36.048 [FXGL Background Thread 3 ] DEBUG Engine               - pixelsPerMeter: 50.0
01:40:36.048 [FXGL Background Thread 3 ] DEBUG Engine               - platform: MAC
01:40:36.048 [FXGL Background Thread 3 ] DEBUG Engine               - prefHeightProperty: ReadOnlyDoubleProperty [value: 720.0]
01:40:36.048 [FXGL Background Thread 3 ] DEBUG Engine               - prefWidthProperty: ReadOnlyDoubleProperty [value: 1280.0]
01:40:36.048 [FXGL Background Thread 3 ] DEBUG Engine               - profileDir: profiles/
01:40:36.048 [FXGL Background Thread 3 ] DEBUG Engine               - profileName: StringProperty [value: DEFAULT]
01:40:36.048 [FXGL Background Thread 3 ] DEBUG Engine               - randomSeed: -1
01:40:36.049 [FXGL Background Thread 3 ] DEBUG Engine               - runtimeInfo: RuntimeInfo(platform=MAC, version=17.2, build=20.08.2022 16.50)
01:40:36.049 [FXGL Background Thread 3 ] DEBUG Engine               - saveFileExt: sav
01:40:36.049 [FXGL Background Thread 3 ] DEBUG Engine               - scaledHeightProp$fxgl: DoubleProperty [bound, value: 720.0]
01:40:36.049 [FXGL Background Thread 3 ] DEBUG Engine               - scaledWidthProp$fxgl: DoubleProperty [bound, value: 1280.0]
01:40:36.049 [FXGL Background Thread 3 ] DEBUG Engine               - sceneFactory: com.almasb.fxgl.app.scene.SceneFactory@2c2a165f
01:40:36.049 [FXGL Background Thread 3 ] DEBUG Engine               - secondsIn24h: 60
01:40:36.049 [FXGL Background Thread 3 ] DEBUG Engine               - soundMenuBack: menu/back.wav
01:40:36.049 [FXGL Background Thread 3 ] DEBUG Engine               - soundMenuPress: menu/press.wav
01:40:36.049 [FXGL Background Thread 3 ] DEBUG Engine               - soundMenuSelect: menu/select.wav
01:40:36.049 [FXGL Background Thread 3 ] DEBUG Engine               - soundNotification: core/notification.wav
01:40:36.049 [FXGL Background Thread 3 ] DEBUG Engine               - stageStyle: DECORATED
01:40:36.049 [FXGL Background Thread 3 ] DEBUG Engine               - supportedLanguages: [ENGLISH, FRENCH, GERMAN, HUNGARIAN, RUSSIAN]
01:40:36.049 [FXGL Background Thread 3 ] DEBUG Engine               - ticksPerSecond: -1
01:40:36.049 [FXGL Background Thread 3 ] DEBUG Engine               - title: Untitled
01:40:36.049 [FXGL Background Thread 3 ] DEBUG Engine               - urlGithub: https://github.com/AlmasB/FXGL
01:40:36.049 [FXGL Background Thread 3 ] DEBUG Engine               - urlLeaderboard: http://fxgl-top.herokuapp.com/
01:40:36.049 [FXGL Background Thread 3 ] DEBUG Engine               - urlPOM: https://raw.githubusercontent.com/AlmasB/FXGL/release/README.md
01:40:36.049 [FXGL Background Thread 3 ] DEBUG Engine               - userAppClass: class com.sunsofgod.PlatformerApp
01:40:36.049 [FXGL Background Thread 3 ] DEBUG Engine               - version: 0.0
01:40:36.049 [FXGL Background Thread 3 ] DEBUG Engine               - versionCheckDays: 7
01:40:36.049 [FXGL Background Thread 3 ] DEBUG Engine               - width: 1280
01:40:36.050 [FXGL Background Thread 3 ] DEBUG Engine               - Logging services
01:40:36.050 [FXGL Background Thread 3 ] DEBUG Engine               - class com.almasb.fxgl.app.services.FXGLAssetLoaderService
01:40:36.050 [FXGL Background Thread 3 ] DEBUG Engine               - class com.almasb.fxgl.app.FXGLApplication$GameApplicationService
01:40:36.050 [FXGL Background Thread 3 ] DEBUG Engine               - class com.almasb.fxgl.app.services.FXGLDialogService
01:40:36.050 [FXGL Background Thread 3 ] DEBUG Engine               - class com.almasb.fxgl.app.services.IOTaskExecutorService
01:40:36.050 [FXGL Background Thread 3 ] DEBUG Engine               - class com.almasb.fxgl.io.FileSystemService
01:40:36.050 [FXGL Background Thread 3 ] DEBUG Engine               - class com.almasb.fxgl.localization.LocalizationService
01:40:36.050 [FXGL Background Thread 3 ] DEBUG Engine               - class com.almasb.fxgl.app.services.SystemBundleService
01:40:36.050 [FXGL Background Thread 3 ] DEBUG Engine               - class com.almasb.fxgl.profile.SaveLoadService
01:40:36.050 [FXGL Background Thread 3 ] DEBUG Engine               - class com.almasb.fxgl.ui.FXGLUIFactoryServiceProvider
01:40:36.050 [FXGL Background Thread 3 ] DEBUG Engine               - class com.almasb.fxgl.ui.FXGLDialogFactoryServiceProvider
01:40:36.050 [FXGL Background Thread 3 ] DEBUG Engine               - class com.almasb.fxgl.audio.AudioPlayer
01:40:36.050 [FXGL Background Thread 3 ] DEBUG Engine               - class com.almasb.fxgl.notification.impl.NotificationServiceProvider
01:40:36.050 [FXGL Background Thread 3 ] DEBUG Engine               - class com.almasb.fxgl.achievement.AchievementService
01:40:36.050 [FXGL Background Thread 3 ] DEBUG Engine               - class com.almasb.fxgl.cutscene.CutsceneService
01:40:36.050 [FXGL Background Thread 3 ] DEBUG Engine               - class com.almasb.fxgl.minigames.MiniGameService
01:40:36.050 [FXGL Background Thread 3 ] DEBUG Engine               - class com.almasb.fxgl.net.NetService
01:40:36.050 [FXGL Background Thread 3 ] DEBUG Engine               - class com.almasb.fxgl.app.services.UpdaterService
01:40:36.050 [FXGL Background Thread 3 ] DEBUG Engine               - class com.almasb.fxgl.dev.DevService
01:40:39.807 [JavaFX Application Thread] DEBUG FXGLAssetLoaderServi - Loading from file system: file:/Users/aaron/JavaFXGame/target/classes/assets/textures/exit_sign.png
01:40:45.642 [JavaFX Application Thread] WARN  TMXLevelLoader       - TiledMap generated from 1.11.0. Supported version: 1.9.0. Some features may not be parsed fully.
01:40:45.644 [JavaFX Application Thread] DEBUG TMXLevelLoader       - Parsed TiledMap: file:/Users/aaron/JavaFXGame/target/classes/assets/levels/tmx/level2.tmx
01:40:45.644 [JavaFX Application Thread] DEBUG TMXLevelLoader       - Creating tile layer entities
01:40:45.645 [JavaFX Application Thread] DEBUG TilesetLoader        - Loading view for layer Tile Layer 1
01:40:45.650 [JavaFX Application Thread] DEBUG TilesetLoader        - Created buffer with size 1050.0x700.0
01:40:45.667 [JavaFX Application Thread] DEBUG TMXLevelLoader       - Creating object layer entities
01:40:45.670 [JavaFX Application Thread] DEBUG GameWorld            - Clearing removable entities
01:40:45.671 [JavaFX Application Thread] DEBUG GameWorld            - Setting level: com.almasb.fxgl.entity.level.Level@7e61738d
01:40:52.741 [JavaFX Application Thread] WARN  TMXLevelLoader       - TiledMap generated from 1.2.3. Supported version: 1.9.0. Some features may not be parsed fully.
01:40:52.743 [JavaFX Application Thread] DEBUG TMXLevelLoader       - Parsed TiledMap: file:/Users/aaron/JavaFXGame/target/classes/assets/levels/tmx/level3.tmx
01:40:52.743 [JavaFX Application Thread] DEBUG TMXLevelLoader       - Creating tile layer entities
01:40:52.744 [JavaFX Application Thread] DEBUG TilesetLoader        - Loading view for layer Tile Layer 1
01:40:52.746 [JavaFX Application Thread] DEBUG TilesetLoader        - Created buffer with size 1050.0x700.0
01:40:52.759 [JavaFX Application Thread] DEBUG TMXLevelLoader       - Creating object layer entities
01:40:52.761 [JavaFX Application Thread] DEBUG GameWorld            - Clearing removable entities
01:40:52.762 [JavaFX Application Thread] DEBUG GameWorld            - Setting level: com.almasb.fxgl.entity.level.Level@70a90326
01:41:08.582 [JavaFX Application Thread] DEBUG FXGLApplication      - Exiting FXGL
01:41:08.583 [JavaFX Application Thread] DEBUG LoopRunner           - Stopping loop
01:41:08.583 [JavaFX Application Thread] DEBUG SystemBundleService  - Saving FXGL system data
01:41:08.587 [JavaFX Application Thread] DEBUG FileSystemAccess     - Writing to: /Users/aaron/JavaFXGame/system/fxgl.bundle
01:41:08.589 [JavaFX Application Thread] DEBUG Async                - Shutting down background threads
01:41:08.589 [JavaFX Application Thread] DEBUG PrimaryStageWindow   - Closing main window
01:41:08.604 [JavaFX Application Thread] DEBUG Logger               - Closing Logger
