11:26:06.470 [main                     ] DEBUG Logger               - Configured Logger
11:26:06.490 [main                     ] DEBUG GameApplication      - Logging settings
Title: Untitled
Version: 0.0
Width: 1280
Height: 720
Fullscreen: false
Intro: false
Profiling: false
Single step:false
App Mode: DEVELOPER
Menu Key: ESCAPE
Stage Style: DECORATED
Scene Factory: class com.almasb.fxgl.app.scene.SceneFactory

11:26:06.865 [JavaFX Application Thread] DEBUG FXGLApplication      - Initializing FXGL
11:26:06.869 [JavaFX Application Thread] INFO  Engine               - FXGL-17.2 (20.08.2022 16.50) on WINDOWS (J:21.0.4 FX:17.0.12)
11:26:06.871 [JavaFX Application Thread] DEBUG Engine               - JRE Vendor Name: Eclipse Adoptium
11:26:06.871 [JavaFX Application Thread] DEBUG Engine               - Running on OS: Windows 10 version 10.0
11:26:06.871 [JavaFX Application Thread] DEBUG Engine               - Architecture: amd64
11:26:06.871 [JavaFX Application Thread] INFO  Engine               - Source code and latest versions at: https://github.com/AlmasB/FXGL
11:26:06.872 [JavaFX Application Thread] INFO  Engine               -       Ask questions and discuss at: https://github.com/AlmasB/FXGL/discussions
11:26:06.872 [JavaFX Application Thread] INFO  Engine               -              Join the FXGL chat at: https://gitter.im/AlmasB/FXGL
11:26:06.950 [JavaFX Application Thread] DEBUG PrimaryStageWindow   - Creating a JavaFX scene
11:26:06.986 [JavaFX Application Thread] DEBUG PrimaryStageWindow   - Target settings size: 1280.0 x 720.0
11:26:06.986 [JavaFX Application Thread] DEBUG PrimaryStageWindow   - Scaled scene size:    1280.0 x 720.0
11:26:06.986 [JavaFX Application Thread] DEBUG PrimaryStageWindow   - Scaled ratio: (1.0, 1.0)
11:26:06.987 [JavaFX Application Thread] DEBUG PrimaryStageWindow   - Set initial scene to FXGLStartupScene
11:26:06.993 [JavaFX Application Thread] DEBUG PrimaryStageWindow   - Opening main window
11:26:07.085 [JavaFX Application Thread] DEBUG PrimaryStageWindow   - Window border size: (16.0, 39.0)
11:26:07.086 [JavaFX Application Thread] DEBUG PrimaryStageWindow   - Scaled size: 1280.0 x 720.0
11:26:07.086 [JavaFX Application Thread] DEBUG PrimaryStageWindow   - Scaled ratio: (1.0, 1.0)
11:26:07.086 [JavaFX Application Thread] DEBUG PrimaryStageWindow   - Scene size: 1280.0 x 720.0
11:26:07.086 [JavaFX Application Thread] DEBUG PrimaryStageWindow   - Stage size: 1296.0 x 759.0
11:26:07.094 [FXGL Background Thread 1 ] DEBUG Engine               - Initializing environment variables
11:26:07.141 [FXGL Background Thread 1 ] DEBUG FXGLAssetLoaderServi - User app class for loading assets: class com.sunsofgod.PlatformerApp
11:26:07.141 [FXGL Background Thread 1 ] DEBUG GameApplicationServi - Applying CSS: fxgl_dark.css
11:26:07.142 [FXGL Background Thread 1 ] DEBUG FXGLAssetLoaderServi - Loading from file system: jar:file:///C:/Users/Admin/.m2/repository/com/github/almasb/fxgl/17.2/fxgl-17.2.jar!/fxglassets/ui/css/fxgl_dark.css
11:26:07.178 [FXGL Background Thread 1 ] DEBUG GameApplicationServi - Initializing application scenes
11:26:07.209 [FXGL Background Thread 1 ] DEBUG GameWorld            - Game world initialized
11:26:07.261 [FXGL Background Thread 1 ] DEBUG PhysicsWorld         - Physics world initialized: appHeight=720, physics.ppm=50.0
11:26:07.261 [FXGL Background Thread 1 ] DEBUG PhysicsWorld         - Using strategy: BRUTE_FORCE
11:26:07.267 [FXGL Background Thread 1 ] DEBUG GameScene            - Game scene initialized: 1280x720
11:26:07.288 [FXGL Background Thread 1 ] DEBUG FXGL.DefaultMenu     - createMenuBodyMainMenu()
11:26:07.317 [FXGL Background Thread 1 ] DEBUG FXGL.DefaultMenu     - createOptionsMenu()
11:26:07.324 [FXGL Background Thread 1 ] DEBUG FXGLAssetLoaderServi - Loading from file system: jar:file:///C:/Users/Admin/.m2/repository/com/github/almasb/fxgl/17.2/fxgl-17.2.jar!/fxglassets/textures/particles/smoke.png
11:26:07.392 [FXGL Background Thread 1 ] DEBUG FXGLAssetLoaderServi - Loading from file system: jar:file:///C:/Users/Admin/.m2/repository/com/github/almasb/fxgl/17.2/fxgl-17.2.jar!/fxglassets/textures/particles/trace_horizontal.png
11:26:07.416 [FXGL Background Thread 1 ] DEBUG FXGL.DefaultMenu     - createMenuBodyGameMenu()
11:26:07.416 [FXGL Background Thread 1 ] DEBUG FXGL.DefaultMenu     - createOptionsMenu()
11:26:07.431 [FXGL Background Thread 1 ] DEBUG GameApplicationServi - Application scenes initialized
11:26:07.442 [FXGL Background Thread 1 ] DEBUG SystemBundleService  - Loading FXGL system data
11:26:07.446 [FXGL Background Thread 1 ] DEBUG FileSystemAccess     - Reading from: C:\Users\Admin\Downloads\JavaFXGame\system\fxgl.bundle
11:26:07.456 [FXGL Background Thread 1 ] DEBUG SystemBundleService  - Bundle FXGL: {}
11:26:07.456 [FXGL Background Thread 1 ] DEBUG UpdaterService       - Checking for updates
11:26:07.460 [FXGL Background Thread 1 ] DEBUG FXGLApplication      - Loading default localization
11:26:07.460 [FXGL Background Thread 1 ] DEBUG FXGLAssetLoaderServi - Loading from file system: jar:file:///C:/Users/Admin/.m2/repository/com/github/almasb/fxgl/17.2/fxgl-17.2.jar!/fxglassets/languages/english.lang
11:26:07.460 [FXGL Background Thread 4 ] DEBUG FXGLApplication      - Loading fonts
11:26:07.463 [FXGL Background Thread 4 ] DEBUG FXGLAssetLoaderServi - Loading from file system: jar:file:///C:/Users/Admin/.m2/repository/com/github/almasb/fxgl/17.2/fxgl-17.2.jar!/fxglassets/ui/fonts/VarelaRound-Regular.ttf
11:26:07.476 [FXGL Background Thread 1 ] INFO  FXGLApplication      - FXGL initialization took: 0.382 sec
11:26:07.479 [JavaFX Application Thread] DEBUG FXGLAssetLoaderServi - Loading from file system: jar:file:///C:/Users/Admin/.m2/repository/com/github/almasb/fxgl/17.2/fxgl-17.2.jar!/fxglassets/textures/fxgl_icon.png
11:26:07.492 [JavaFX Application Thread] DEBUG FXGLAssetLoaderServi - Loading from file system: jar:file:///C:/Users/Admin/.m2/repository/com/github/almasb/fxgl/17.2/fxgl-17.2.jar!/fxglassets/textures/fxgl_default_cursor.png
11:26:07.492 [FXGL Background Thread 4 ] DEBUG FXGLAssetLoaderServi - Loading from file system: jar:file:///C:/Users/Admin/.m2/repository/com/github/almasb/fxgl/17.2/fxgl-17.2.jar!/fxglassets/ui/fonts/Abel-Regular.ttf
11:26:07.495 [FXGL Background Thread 4 ] DEBUG FXGLAssetLoaderServi - Loading from file system: jar:file:///C:/Users/Admin/.m2/repository/com/github/almasb/fxgl/17.2/fxgl-17.2.jar!/fxglassets/ui/fonts/TerminalLandMono-Regular.otf
11:26:07.500 [FXGL Background Thread 4 ] DEBUG FXGLAssetLoaderServi - Loading from file system: jar:file:///C:/Users/Admin/.m2/repository/com/github/almasb/fxgl/17.2/fxgl-17.2.jar!/fxglassets/ui/fonts/Courier-Prime.ttf
11:26:07.501 [JavaFX Application Thread] DEBUG Input                - Registered new binding: Screenshot - CTRL+8
11:26:07.504 [JavaFX Application Thread] DEBUG Input                - Registered new binding: System info dump - CTRL+9
11:26:07.506 [JavaFX Application Thread] DEBUG Input                - Registered new binding: Restart - CTRL+R
11:26:07.507 [JavaFX Application Thread] DEBUG Input                - Registered new binding: Toggle Debug Camera - CTRL+7
11:26:07.509 [JavaFX Application Thread] DEBUG LoopRunner           - Starting loop
11:26:07.509 [JavaFX Application Thread] DEBUG LoopRunner           - Initializing JavaFX AnimationTimerLoop
11:26:07.511 [JavaFX Application Thread] DEBUG Input                - Clearing active input actions
11:26:07.518 [JavaFX Application Thread] DEBUG GameApplicationServi - Removing overlay from FXGLStartupScene and adding to FXGLMainMenuDummyScene
11:26:07.518 [JavaFX Application Thread] DEBUG PrimaryStageWindow   - FXGLStartupScene -> FXGLMainMenuDummyScene
11:26:07.519 [JavaFX Application Thread] DEBUG PrimaryStageWindow   - Push state: FXGLDefaultMenu
11:26:07.522 [JavaFX Application Thread] DEBUG Input                - Clearing active input actions
11:26:07.529 [JavaFX Application Thread] DEBUG GameApplicationServi - Removing overlay from FXGLMainMenuDummyScene and adding to FXGLDefaultMenu
11:26:07.530 [JavaFX Application Thread] DEBUG PrimaryStageWindow   - FXGLMainMenuDummyScene -> FXGLDefaultMenu
11:26:07.536 [JavaFX Application Thread] DEBUG FXGLApplication      - Registering font factories with UI factory
11:26:07.757 [JavaFX Application Thread] DEBUG Menu                 - fireNewGame()
11:26:07.757 [JavaFX Application Thread] DEBUG GameApplicationServi - Starting new game
11:26:07.763 [JavaFX Application Thread] DEBUG PrimaryStageWindow   - Pop state: FXGLDefaultMenu
11:26:07.763 [JavaFX Application Thread] DEBUG Input                - Clearing active input actions
11:26:07.763 [JavaFX Application Thread] DEBUG GameApplicationServi - Removing overlay from FXGLDefaultMenu and adding to FXGLMainMenuDummyScene
11:26:07.764 [JavaFX Application Thread] DEBUG PrimaryStageWindow   - FXGLMainMenuDummyScene <- FXGLDefaultMenu
11:26:07.764 [JavaFX Application Thread] DEBUG Input                - Clearing active input actions
11:26:07.772 [JavaFX Application Thread] DEBUG GameApplicationServi - Removing overlay from FXGLMainMenuDummyScene and adding to FXGLLoadingScene
11:26:07.773 [JavaFX Application Thread] DEBUG PrimaryStageWindow   - FXGLMainMenuDummyScene -> FXGLLoadingScene
11:26:07.773 [JavaFX Application Thread] DEBUG GameApplicationServi - Clearing previous game
11:26:07.773 [JavaFX Application Thread] DEBUG GameScene            - Clearing game scene
11:26:07.773 [JavaFX Application Thread] DEBUG GameWorld            - Clearing game world
11:26:07.773 [JavaFX Application Thread] DEBUG PhysicsWorld         - Clearing physics world
11:26:07.775 [FXGL Background Thread 4 ] DEBUG FXGLApplication      - Initializing game
11:26:07.869 [FXGL Background Thread 4 ] WARN  TMXLevelLoader       - TiledMap generated from 1.11.0. Supported version: 1.9.0. Some features may not be parsed fully.
11:26:07.903 [FXGL Background Thread 4 ] DEBUG TMXLevelLoader       - Parsed TiledMap: file:/C:/Users/Admin/Downloads/JavaFXGame/target/classes/assets/levels/tmx/level1.tmx
11:26:07.904 [FXGL Background Thread 4 ] DEBUG TMXLevelLoader       - Creating tile layer entities
11:26:07.906 [FXGL Background Thread 4 ] DEBUG TilesetLoader        - Loading view for layer Tile Layer 2
11:26:07.909 [FXGL Background Thread 4 ] DEBUG TilesetLoader        - Created buffer with size 1750.0x700.0
11:26:07.956 [FXGL Background Thread 4 ] DEBUG TilesetLoader        - Loading view for layer Tile Layer 1
11:26:07.960 [FXGL Background Thread 4 ] DEBUG TilesetLoader        - Created buffer with size 1750.0x700.0
11:26:07.961 [FXGL Background Thread 4 ] DEBUG TMXLevelLoader       - Creating object layer entities
11:26:07.980 [FXGL Background Thread 4 ] DEBUG GameWorld            - Clearing removable entities
11:26:07.981 [FXGL Background Thread 4 ] DEBUG GameWorld            - Setting level: com.almasb.fxgl.entity.level.Level@65da1023
11:26:07.989 [FXGL Background Thread 4 ] DEBUG FXGLAssetLoaderServi - Loading from file system: file:/C:/Users/Admin/Downloads/JavaFXGame/target/classes/assets/textures/player.png
11:26:07.997 [FXGL Background Thread 4 ] DEBUG Input                - Registered new binding: Jump0 - W
11:26:07.997 [FXGL Background Thread 4 ] DEBUG Input                - Registered new binding: Left0 - A
11:26:07.997 [FXGL Background Thread 4 ] DEBUG Input                - Registered new binding: Right0 - D
11:26:07.997 [FXGL Background Thread 4 ] DEBUG Input                - Registered new binding: Use0 - E
11:26:07.997 [FXGL Background Thread 4 ] DEBUG Input                - Registered new binding: Jump1 - Up
11:26:07.997 [FXGL Background Thread 4 ] DEBUG Input                - Registered new binding: Left1 - Left
11:26:07.998 [FXGL Background Thread 4 ] DEBUG Input                - Registered new binding: Right1 - Right
11:26:07.998 [FXGL Background Thread 4 ] DEBUG Input                - Registered new binding: Use1 - Slash
11:26:07.998 [FXGL Background Thread 4 ] DEBUG FXGLAssetLoaderServi - Loading from file system: file:/C:/Users/Admin/Downloads/JavaFXGame/target/classes/assets/textures/background/manila.png
11:26:08.012 [FXGL Background Thread 4 ] INFO  FXGLApplication      - Game initialization took: 0.237 sec
11:26:08.018 [JavaFX Application Thread] DEBUG Input                - Clearing active input actions
11:26:08.024 [JavaFX Application Thread] DEBUG GameApplicationServi - Removing overlay from FXGLLoadingScene and adding to GameScene
11:26:08.024 [JavaFX Application Thread] DEBUG PrimaryStageWindow   - FXGLLoadingScene -> GameScene
11:26:08.089 [FXGL Background Thread 2 ] INFO  UpdaterService       - Your current version:  17.2
11:26:08.092 [FXGL Background Thread 2 ] INFO  UpdaterService       - Latest stable version: 21.1
11:26:10.115 [JavaFX Application Thread] DEBUG FXGLApplication      - Exiting FXGL
11:26:10.115 [JavaFX Application Thread] DEBUG LoopRunner           - Stopping loop
11:26:10.115 [JavaFX Application Thread] DEBUG SystemBundleService  - Saving FXGL system data
11:26:10.116 [JavaFX Application Thread] DEBUG FileSystemAccess     - Writing to: C:\Users\Admin\Downloads\JavaFXGame\system\fxgl.bundle
11:26:10.118 [JavaFX Application Thread] DEBUG Async                - Shutting down background threads
11:26:10.125 [JavaFX Application Thread] DEBUG PrimaryStageWindow   - Closing main window
11:26:10.134 [JavaFX Application Thread] DEBUG Logger               - Closing Logger
