00:20:05.743 [main                     ] DEBUG Logger               - Configured Logger
00:20:05.761 [main                     ] DEBUG GameApplication      - Logging settings
Title: Untitled
Version: 0.0
Width: 1280
Height: 720
Fullscreen: false
Intro: false
Profiling: false
Single step:false
App Mode: DEVELOPER
Menu Key: ESCAPE
Stage Style: DECORATED
Scene Factory: class com.sunsofgod.PlatformerApp$1

00:20:06.051 [JavaFX Application Thread] DEBUG FXGLApplication      - Initializing FXGL
00:20:06.054 [JavaFX Application Thread] INFO  Engine               - FXGL-17.2 (20.08.2022 16.50) on WINDOWS (J:21.0.4 FX:17.0.12)
00:20:06.054 [JavaFX Application Thread] DEBUG Engine               - JRE Vendor Name: Eclipse Adoptium
00:20:06.055 [JavaFX Application Thread] DEBUG Engine               - Running on OS: Windows 11 version 10.0
00:20:06.055 [JavaFX Application Thread] DEBUG Engine               - Architecture: amd64
00:20:06.055 [JavaFX Application Thread] INFO  Engine               - Source code and latest versions at: https://github.com/AlmasB/FXGL
00:20:06.055 [JavaFX Application Thread] INFO  Engine               -       Ask questions and discuss at: https://github.com/AlmasB/FXGL/discussions
00:20:06.055 [JavaFX Application Thread] INFO  Engine               -              Join the FXGL chat at: https://gitter.im/AlmasB/FXGL
00:20:06.114 [JavaFX Application Thread] DEBUG PrimaryStageWindow   - Creating a JavaFX scene
00:20:06.142 [JavaFX Application Thread] DEBUG PrimaryStageWindow   - Target settings size: 1280.0 x 720.0
00:20:06.142 [JavaFX Application Thread] DEBUG PrimaryStageWindow   - Scaled scene size:    1280.0 x 720.0
00:20:06.143 [JavaFX Application Thread] DEBUG PrimaryStageWindow   - Scaled ratio: (1.0, 1.0)
00:20:06.143 [JavaFX Application Thread] DEBUG PrimaryStageWindow   - Set initial scene to FXGLStartupScene
00:20:06.148 [JavaFX Application Thread] DEBUG PrimaryStageWindow   - Opening main window
00:20:06.202 [JavaFX Application Thread] DEBUG PrimaryStageWindow   - Window border size: (16.0, 39.0)
00:20:06.203 [JavaFX Application Thread] DEBUG PrimaryStageWindow   - Scaled size: 1280.0 x 720.0
00:20:06.203 [JavaFX Application Thread] DEBUG PrimaryStageWindow   - Scaled ratio: (1.0, 1.0)
00:20:06.203 [JavaFX Application Thread] DEBUG PrimaryStageWindow   - Scene size: 1280.0 x 720.0
00:20:06.203 [JavaFX Application Thread] DEBUG PrimaryStageWindow   - Stage size: 1296.0 x 759.0
00:20:06.208 [FXGL Background Thread 1 ] DEBUG Engine               - Initializing environment variables
00:20:06.240 [FXGL Background Thread 1 ] DEBUG FXGLAssetLoaderServi - User app class for loading assets: class com.sunsofgod.PlatformerApp
00:20:06.240 [FXGL Background Thread 1 ] DEBUG GameApplicationServi - Applying CSS: fxgl_dark.css
00:20:06.240 [FXGL Background Thread 1 ] DEBUG FXGLAssetLoaderServi - Loading from file system: jar:file:///C:/Users/Balong/.m2/repository/com/github/almasb/fxgl/17.2/fxgl-17.2.jar!/fxglassets/ui/css/fxgl_dark.css
00:20:06.272 [FXGL Background Thread 1 ] DEBUG GameApplicationServi - Initializing application scenes
00:20:06.303 [FXGL Background Thread 1 ] WARN  FXGLAssetLoaderServi - Asset "/assets/textures/player.png" was not found!
00:20:06.303 [FXGL Background Thread 1 ] WARN  FXGLAssetLoaderServi - Failed to load IMAGE
00:20:06.320 [FXGL Background Thread 1 ] DEBUG GameWorld            - Game world initialized
00:20:06.358 [FXGL Background Thread 1 ] DEBUG PhysicsWorld         - Physics world initialized: appHeight=720, physics.ppm=50.0
00:20:06.358 [FXGL Background Thread 1 ] DEBUG PhysicsWorld         - Using strategy: BRUTE_FORCE
00:20:06.360 [FXGL Background Thread 1 ] DEBUG GameScene            - Game scene initialized: 1280x720
00:20:06.621 [FXGL Background Thread 1 ] DEBUG FXGL.DefaultMenu     - createMenuBodyGameMenu()
00:20:06.629 [FXGL Background Thread 1 ] DEBUG FXGL.DefaultMenu     - createOptionsMenu()
00:20:06.635 [FXGL Background Thread 1 ] DEBUG FXGLAssetLoaderServi - Loading from file system: jar:file:///C:/Users/Balong/.m2/repository/com/github/almasb/fxgl/17.2/fxgl-17.2.jar!/fxglassets/textures/particles/smoke.png
00:20:06.678 [FXGL Background Thread 1 ] DEBUG FXGLAssetLoaderServi - Loading from file system: jar:file:///C:/Users/Balong/.m2/repository/com/github/almasb/fxgl/17.2/fxgl-17.2.jar!/fxglassets/textures/particles/trace_horizontal.png
00:20:06.690 [FXGL Background Thread 1 ] DEBUG GameApplicationServi - Application scenes initialized
00:20:06.698 [FXGL Background Thread 1 ] DEBUG SystemBundleService  - Loading FXGL system data
00:20:06.702 [FXGL Background Thread 1 ] DEBUG FileSystemAccess     - Reading from: C:\Users\Balong\Desktop\JavaFXGame-2\system\fxgl.bundle
00:20:06.709 [FXGL Background Thread 1 ] DEBUG SystemBundleService  - Bundle FXGL: {}
00:20:06.709 [FXGL Background Thread 1 ] DEBUG UpdaterService       - Checking for updates
00:20:06.731 [FXGL Background Thread 4 ] DEBUG FXGLApplication      - Loading fonts
00:20:06.732 [FXGL Background Thread 1 ] DEBUG FXGLApplication      - Loading default localization
00:20:06.732 [FXGL Background Thread 4 ] DEBUG FXGLAssetLoaderServi - Loading from file system: jar:file:///C:/Users/Balong/.m2/repository/com/github/almasb/fxgl/17.2/fxgl-17.2.jar!/fxglassets/ui/fonts/VarelaRound-Regular.ttf
00:20:06.732 [FXGL Background Thread 1 ] DEBUG FXGLAssetLoaderServi - Loading from file system: jar:file:///C:/Users/Balong/.m2/repository/com/github/almasb/fxgl/17.2/fxgl-17.2.jar!/fxglassets/languages/english.lang
00:20:06.744 [FXGL Background Thread 1 ] INFO  FXGLApplication      - FXGL initialization took: 0.536 sec
00:20:06.745 [JavaFX Application Thread] DEBUG FXGLAssetLoaderServi - Loading from file system: jar:file:///C:/Users/Balong/.m2/repository/com/github/almasb/fxgl/17.2/fxgl-17.2.jar!/fxglassets/textures/fxgl_icon.png
00:20:06.751 [JavaFX Application Thread] DEBUG FXGLAssetLoaderServi - Loading from file system: jar:file:///C:/Users/Balong/.m2/repository/com/github/almasb/fxgl/17.2/fxgl-17.2.jar!/fxglassets/textures/fxgl_default_cursor.png
00:20:06.759 [JavaFX Application Thread] DEBUG Input                - Registered new binding: Screenshot - CTRL+8
00:20:06.760 [JavaFX Application Thread] DEBUG Input                - Registered new binding: Dev Options - 1
00:20:06.760 [JavaFX Application Thread] DEBUG Input                - Registered new binding: Dev Console - 2
00:20:06.760 [JavaFX Application Thread] DEBUG Input                - Registered new binding: System info dump - CTRL+9
00:20:06.760 [JavaFX Application Thread] DEBUG Input                - Registered new binding: Restart - CTRL+R
00:20:06.760 [FXGL Background Thread 4 ] DEBUG FXGLAssetLoaderServi - Loading from file system: jar:file:///C:/Users/Balong/.m2/repository/com/github/almasb/fxgl/17.2/fxgl-17.2.jar!/fxglassets/ui/fonts/Abel-Regular.ttf
00:20:06.760 [JavaFX Application Thread] DEBUG Input                - Registered new binding: Toggle Debug Camera - CTRL+7
00:20:06.762 [JavaFX Application Thread] DEBUG LoopRunner           - Starting loop
00:20:06.769 [FXGL Background Thread 4 ] DEBUG FXGLAssetLoaderServi - Loading from file system: jar:file:///C:/Users/Balong/.m2/repository/com/github/almasb/fxgl/17.2/fxgl-17.2.jar!/fxglassets/ui/fonts/TerminalLandMono-Regular.otf
00:20:06.772 [JavaFX Application Thread] DEBUG LoopRunner           - Initializing JavaFX AnimationTimerLoop
00:20:06.774 [JavaFX Application Thread] DEBUG Input                - Clearing active input actions
00:20:06.781 [FXGL Background Thread 4 ] DEBUG FXGLAssetLoaderServi - Loading from file system: jar:file:///C:/Users/Balong/.m2/repository/com/github/almasb/fxgl/17.2/fxgl-17.2.jar!/fxglassets/ui/fonts/Courier-Prime.ttf
00:20:06.783 [JavaFX Application Thread] DEBUG GameApplicationServi - Removing overlay from FXGLStartupScene and adding to FXGLMainMenuDummyScene
00:20:06.785 [JavaFX Application Thread] DEBUG PrimaryStageWindow   - FXGLStartupScene -> FXGLMainMenuDummyScene
00:20:06.786 [JavaFX Application Thread] DEBUG PrimaryStageWindow   - Push state: RiderMainMenuScene
00:20:06.786 [JavaFX Application Thread] DEBUG Input                - Clearing active input actions
00:20:06.790 [JavaFX Application Thread] DEBUG GameApplicationServi - Removing overlay from FXGLMainMenuDummyScene and adding to RiderMainMenuScene
00:20:06.790 [JavaFX Application Thread] DEBUG PrimaryStageWindow   - FXGLMainMenuDummyScene -> RiderMainMenuScene
00:20:06.905 [JavaFX Application Thread] DEBUG FXGLApplication      - Registering font factories with UI factory
00:20:07.033 [FXGL Background Thread 2 ] INFO  UpdaterService       - Your current version:  17.2
00:20:07.034 [FXGL Background Thread 2 ] INFO  UpdaterService       - Latest stable version: 21.1
00:20:07.525 [JavaFX Application Thread] DEBUG PrimaryStageWindow   - Push state: PlayerSelectScene
00:20:07.525 [JavaFX Application Thread] DEBUG Input                - Clearing active input actions
00:20:07.526 [JavaFX Application Thread] DEBUG GameApplicationServi - Removing overlay from RiderMainMenuScene and adding to PlayerSelectScene
00:20:07.528 [JavaFX Application Thread] DEBUG PrimaryStageWindow   - RiderMainMenuScene -> PlayerSelectScene
00:20:09.731 [FXGL Background Thread 3 ] DEBUG Engine               - Logging environment variables
00:20:09.731 [FXGL Background Thread 3 ] DEBUG Engine               - achievements: []
00:20:09.731 [FXGL Background Thread 3 ] DEBUG Engine               - actualHeight: 720.0
00:20:09.731 [FXGL Background Thread 3 ] DEBUG Engine               - actualHeightProperty: ReadOnlyDoubleProperty [value: 720.0]
00:20:09.731 [FXGL Background Thread 3 ] DEBUG Engine               - actualWidth: 1280.0
00:20:09.731 [FXGL Background Thread 3 ] DEBUG Engine               - actualWidthProperty: ReadOnlyDoubleProperty [value: 1280.0]
00:20:09.731 [FXGL Background Thread 3 ] DEBUG Engine               - appIcon: fxgl_icon.png
00:20:09.731 [FXGL Background Thread 3 ] DEBUG Engine               - applicationMode: DEVELOPER
00:20:09.731 [FXGL Background Thread 3 ] DEBUG Engine               - cSSList: [fxgl_dark.css]
00:20:09.732 [FXGL Background Thread 3 ] DEBUG Engine               - collisionDetectionStrategy: BRUTE_FORCE
00:20:09.732 [FXGL Background Thread 3 ] DEBUG Engine               - configClass: Optional.empty
00:20:09.732 [FXGL Background Thread 3 ] DEBUG Engine               - credits: []
00:20:09.732 [FXGL Background Thread 3 ] DEBUG Engine               - defaultCursor: CursorInfo(imageName=fxgl_default_cursor.png, hotspotX=7.0, hotspotY=6.0)
00:20:09.732 [FXGL Background Thread 3 ] DEBUG Engine               - devBBoxColorProperty: ObjectProperty [value: 0xff0000ff]
00:20:09.732 [FXGL Background Thread 3 ] DEBUG Engine               - devEnableDebugCameraProperty: BooleanProperty [value: false]
00:20:09.732 [FXGL Background Thread 3 ] DEBUG Engine               - devSensorColorProperty: ObjectProperty [value: 0xffff00ff]
00:20:09.732 [FXGL Background Thread 3 ] DEBUG Engine               - devShowBBoxProperty: BooleanProperty [value: false]
00:20:09.732 [FXGL Background Thread 3 ] DEBUG Engine               - devShowPositionProperty: BooleanProperty [value: false]
00:20:09.732 [FXGL Background Thread 3 ] DEBUG Engine               - enabledMenuItems: []
00:20:09.732 [FXGL Background Thread 3 ] DEBUG Engine               - engineServices: [class com.almasb.fxgl.app.services.FXGLAssetLoaderService, class com.almasb.fxgl.app.FXGLApplication$GameApplicationService, class com.almasb.fxgl.app.services.FXGLDialogService, class com.almasb.fxgl.app.services.IOTaskExecutorService, class com.almasb.fxgl.io.FileSystemService, class com.almasb.fxgl.localization.LocalizationService, class com.almasb.fxgl.app.services.SystemBundleService, class com.almasb.fxgl.profile.SaveLoadService, class com.almasb.fxgl.ui.FXGLUIFactoryServiceProvider, class com.almasb.fxgl.ui.FXGLDialogFactoryServiceProvider, class com.almasb.fxgl.audio.AudioPlayer, class com.almasb.fxgl.notification.impl.NotificationServiceProvider, class com.almasb.fxgl.achievement.AchievementService, class com.almasb.fxgl.cutscene.CutsceneService, class com.almasb.fxgl.minigames.MiniGameService, class com.almasb.fxgl.net.NetService, class com.almasb.fxgl.app.services.UpdaterService, class com.almasb.fxgl.dev.DevService]
00:20:09.732 [FXGL Background Thread 3 ] DEBUG Engine               - fontGame: Abel-Regular.ttf
00:20:09.732 [FXGL Background Thread 3 ] DEBUG Engine               - fontMono: TerminalLandMono-Regular.otf
00:20:09.732 [FXGL Background Thread 3 ] DEBUG Engine               - fontText: Courier-Prime.ttf
00:20:09.732 [FXGL Background Thread 3 ] DEBUG Engine               - fontUI: VarelaRound-Regular.ttf
00:20:09.732 [FXGL Background Thread 3 ] DEBUG Engine               - fullScreen: BooleanProperty [value: false]
00:20:09.732 [FXGL Background Thread 3 ] DEBUG Engine               - gameDifficulty: MEDIUM
00:20:09.732 [FXGL Background Thread 3 ] DEBUG Engine               - gameDifficultyProperty: ObjectProperty [value: MEDIUM]
00:20:09.732 [FXGL Background Thread 3 ] DEBUG Engine               - globalMusicVolume: 0.5
00:20:09.732 [FXGL Background Thread 3 ] DEBUG Engine               - globalMusicVolumeProperty: DoubleProperty [value: 0.25]
00:20:09.732 [FXGL Background Thread 3 ] DEBUG Engine               - globalSoundVolume: 0.5
00:20:09.732 [FXGL Background Thread 3 ] DEBUG Engine               - globalSoundVolumeProperty: DoubleProperty [value: 0.5]
00:20:09.733 [FXGL Background Thread 3 ] DEBUG Engine               - height: 720
00:20:09.733 [FXGL Background Thread 3 ] DEBUG Engine               - is3D: false
00:20:09.733 [FXGL Background Thread 3 ] DEBUG Engine               - isAndroid: false
00:20:09.733 [FXGL Background Thread 3 ] DEBUG Engine               - isBrowser: false
00:20:09.733 [FXGL Background Thread 3 ] DEBUG Engine               - isClickFeedbackEnabled: false
00:20:09.733 [FXGL Background Thread 3 ] DEBUG Engine               - isCloseConfirmation: false
00:20:09.733 [FXGL Background Thread 3 ] DEBUG Engine               - isDesktop: true
00:20:09.733 [FXGL Background Thread 3 ] DEBUG Engine               - isDeveloperMenuEnabled: true
00:20:09.733 [FXGL Background Thread 3 ] DEBUG Engine               - isEmbedded: false
00:20:09.733 [FXGL Background Thread 3 ] DEBUG Engine               - isEntityPreloadEnabled: true
00:20:09.733 [FXGL Background Thread 3 ] DEBUG Engine               - isExperimentalTiledLargeMap: false
00:20:09.733 [FXGL Background Thread 3 ] DEBUG Engine               - isFileSystemWriteAllowed: true
00:20:09.733 [FXGL Background Thread 3 ] DEBUG Engine               - isFullScreenAllowed: false
00:20:09.733 [FXGL Background Thread 3 ] DEBUG Engine               - isFullScreenFromStart: false
00:20:09.733 [FXGL Background Thread 3 ] DEBUG Engine               - isGameMenuEnabled: true
00:20:09.733 [FXGL Background Thread 3 ] DEBUG Engine               - isIOS: false
00:20:09.733 [FXGL Background Thread 3 ] DEBUG Engine               - isIntroEnabled: false
00:20:09.733 [FXGL Background Thread 3 ] DEBUG Engine               - isLinux: false
00:20:09.733 [FXGL Background Thread 3 ] DEBUG Engine               - isMac: false
00:20:09.733 [FXGL Background Thread 3 ] DEBUG Engine               - isMainMenuEnabled: true
00:20:09.733 [FXGL Background Thread 3 ] DEBUG Engine               - isManualResizeEnabled: false
00:20:09.733 [FXGL Background Thread 3 ] DEBUG Engine               - isMobile: false
00:20:09.733 [FXGL Background Thread 3 ] DEBUG Engine               - isNative: false
00:20:09.733 [FXGL Background Thread 3 ] DEBUG Engine               - isPauseMusicWhenMinimized: true
00:20:09.733 [FXGL Background Thread 3 ] DEBUG Engine               - isPreserveResizeRatio: false
00:20:09.733 [FXGL Background Thread 3 ] DEBUG Engine               - isProfilingEnabled: false
00:20:09.735 [FXGL Background Thread 3 ] DEBUG Engine               - isScaleAffectedOnResize: true
00:20:09.735 [FXGL Background Thread 3 ] DEBUG Engine               - isSingleStep: false
00:20:09.735 [FXGL Background Thread 3 ] DEBUG Engine               - isUserProfileEnabled: false
00:20:09.735 [FXGL Background Thread 3 ] DEBUG Engine               - isWindows: true
00:20:09.735 [FXGL Background Thread 3 ] DEBUG Engine               - language: ObjectProperty [value: ENGLISH]
00:20:09.735 [FXGL Background Thread 3 ] DEBUG Engine               - menuKey: ESCAPE
00:20:09.735 [FXGL Background Thread 3 ] DEBUG Engine               - mouseSensitivity: 0.2
00:20:09.735 [FXGL Background Thread 3 ] DEBUG Engine               - notificationViewClass: class com.almasb.fxgl.notification.view.XboxNotificationView
00:20:09.735 [FXGL Background Thread 3 ] DEBUG Engine               - pixelsPerMeter: 50.0
00:20:09.735 [FXGL Background Thread 3 ] DEBUG Engine               - platform: WINDOWS
00:20:09.735 [FXGL Background Thread 3 ] DEBUG Engine               - prefHeightProperty: ReadOnlyDoubleProperty [value: 720.0]
00:20:09.735 [FXGL Background Thread 3 ] DEBUG Engine               - prefWidthProperty: ReadOnlyDoubleProperty [value: 1280.0]
00:20:09.735 [FXGL Background Thread 3 ] DEBUG Engine               - profileDir: profiles/
00:20:09.735 [FXGL Background Thread 3 ] DEBUG Engine               - profileName: StringProperty [value: DEFAULT]
00:20:09.735 [FXGL Background Thread 3 ] DEBUG Engine               - randomSeed: -1
00:20:09.735 [FXGL Background Thread 3 ] DEBUG Engine               - runtimeInfo: RuntimeInfo(platform=WINDOWS, version=17.2, build=20.08.2022 16.50)
00:20:09.735 [FXGL Background Thread 3 ] DEBUG Engine               - saveFileExt: sav
00:20:09.735 [FXGL Background Thread 3 ] DEBUG Engine               - scaledHeightProp$fxgl: DoubleProperty [bound, value: 720.0]
00:20:09.735 [FXGL Background Thread 3 ] DEBUG Engine               - scaledWidthProp$fxgl: DoubleProperty [bound, value: 1280.0]
00:20:09.735 [FXGL Background Thread 3 ] DEBUG Engine               - sceneFactory: com.sunsofgod.PlatformerApp$1@3f364400
00:20:09.735 [FXGL Background Thread 3 ] DEBUG Engine               - secondsIn24h: 60
00:20:09.735 [FXGL Background Thread 3 ] DEBUG Engine               - soundMenuBack: menu/back.wav
00:20:09.735 [FXGL Background Thread 3 ] DEBUG Engine               - soundMenuPress: menu/press.wav
00:20:09.736 [FXGL Background Thread 3 ] DEBUG Engine               - soundMenuSelect: menu/select.wav
00:20:09.736 [FXGL Background Thread 3 ] DEBUG Engine               - soundNotification: core/notification.wav
00:20:09.736 [FXGL Background Thread 3 ] DEBUG Engine               - stageStyle: DECORATED
00:20:09.736 [FXGL Background Thread 3 ] DEBUG Engine               - supportedLanguages: [ENGLISH, FRENCH, GERMAN, HUNGARIAN, RUSSIAN]
00:20:09.736 [FXGL Background Thread 3 ] DEBUG Engine               - ticksPerSecond: -1
00:20:09.736 [FXGL Background Thread 3 ] DEBUG Engine               - title: Untitled
00:20:09.736 [FXGL Background Thread 3 ] DEBUG Engine               - urlGithub: https://github.com/AlmasB/FXGL
00:20:09.736 [FXGL Background Thread 3 ] DEBUG Engine               - urlLeaderboard: http://fxgl-top.herokuapp.com/
00:20:09.736 [FXGL Background Thread 3 ] DEBUG Engine               - urlPOM: https://raw.githubusercontent.com/AlmasB/FXGL/release/README.md
00:20:09.736 [FXGL Background Thread 3 ] DEBUG Engine               - userAppClass: class com.sunsofgod.PlatformerApp
00:20:09.736 [FXGL Background Thread 3 ] DEBUG Engine               - version: 0.0
00:20:09.736 [FXGL Background Thread 3 ] DEBUG Engine               - versionCheckDays: 7
00:20:09.736 [FXGL Background Thread 3 ] DEBUG Engine               - width: 1280
00:20:09.736 [FXGL Background Thread 3 ] DEBUG Engine               - Logging services
00:20:09.736 [FXGL Background Thread 3 ] DEBUG Engine               - class com.almasb.fxgl.app.services.FXGLAssetLoaderService
00:20:09.736 [FXGL Background Thread 3 ] DEBUG Engine               - class com.almasb.fxgl.app.FXGLApplication$GameApplicationService
00:20:09.736 [FXGL Background Thread 3 ] DEBUG Engine               - class com.almasb.fxgl.app.services.FXGLDialogService
00:20:09.736 [FXGL Background Thread 3 ] DEBUG Engine               - class com.almasb.fxgl.app.services.IOTaskExecutorService
00:20:09.736 [FXGL Background Thread 3 ] DEBUG Engine               - class com.almasb.fxgl.io.FileSystemService
00:20:09.736 [FXGL Background Thread 3 ] DEBUG Engine               - class com.almasb.fxgl.localization.LocalizationService
00:20:09.736 [FXGL Background Thread 3 ] DEBUG Engine               - class com.almasb.fxgl.app.services.SystemBundleService
00:20:09.736 [FXGL Background Thread 3 ] DEBUG Engine               - class com.almasb.fxgl.profile.SaveLoadService
00:20:09.736 [FXGL Background Thread 3 ] DEBUG Engine               - class com.almasb.fxgl.ui.FXGLUIFactoryServiceProvider
00:20:09.736 [FXGL Background Thread 3 ] DEBUG Engine               - class com.almasb.fxgl.ui.FXGLDialogFactoryServiceProvider
00:20:09.736 [FXGL Background Thread 3 ] DEBUG Engine               - class com.almasb.fxgl.audio.AudioPlayer
00:20:09.736 [FXGL Background Thread 3 ] DEBUG Engine               - class com.almasb.fxgl.notification.impl.NotificationServiceProvider
00:20:09.736 [FXGL Background Thread 3 ] DEBUG Engine               - class com.almasb.fxgl.achievement.AchievementService
00:20:09.737 [FXGL Background Thread 3 ] DEBUG Engine               - class com.almasb.fxgl.cutscene.CutsceneService
00:20:09.737 [FXGL Background Thread 3 ] DEBUG Engine               - class com.almasb.fxgl.minigames.MiniGameService
00:20:09.737 [FXGL Background Thread 3 ] DEBUG Engine               - class com.almasb.fxgl.net.NetService
00:20:09.737 [FXGL Background Thread 3 ] DEBUG Engine               - class com.almasb.fxgl.app.services.UpdaterService
00:20:09.737 [FXGL Background Thread 3 ] DEBUG Engine               - class com.almasb.fxgl.dev.DevService
00:20:11.839 [JavaFX Application Thread] DEBUG FXGLApplication      - Exiting FXGL
00:20:11.840 [JavaFX Application Thread] DEBUG LoopRunner           - Stopping loop
00:20:11.840 [JavaFX Application Thread] DEBUG SystemBundleService  - Saving FXGL system data
00:20:11.841 [JavaFX Application Thread] DEBUG FileSystemAccess     - Writing to: C:\Users\Balong\Desktop\JavaFXGame-2\system\fxgl.bundle
00:20:11.842 [JavaFX Application Thread] DEBUG Async                - Shutting down background threads
00:20:11.843 [JavaFX Application Thread] DEBUG PrimaryStageWindow   - Closing main window
00:20:11.852 [JavaFX Application Thread] DEBUG Logger               - Closing Logger
