19:47:01.574 [main                     ] DEBUG Logger               - Configured Logger
19:47:01.588 [main                     ] DEBUG GameApplication      - Logging settings
Title: Untitled
Version: 0.0
Width: 1280
Height: 720
Fullscreen: false
Intro: false
Profiling: false
Single step:false
App Mode: DEVELOPER
Menu Key: ESCAPE
Stage Style: DECORATED
Scene Factory: class com.sunsofgod.PlatformerApp$1

19:47:01.820 [JavaFX Application Thread] DEBUG FXGLApplication      - Initializing FXGL
19:47:01.823 [JavaFX Application Thread] INFO  Engine               - FXGL-17.2 (20.08.2022 16.50) on MAC (J:17.0.2 FX:17.0.12)
19:47:01.823 [JavaFX Application Thread] DEBUG Engine               - JRE Vendor Name: Oracle Corporation
19:47:01.823 [JavaFX Application Thread] DEBUG Engine               - Running on OS: Mac OS X version 15.1
19:47:01.823 [JavaFX Application Thread] DEBUG Engine               - Architecture: aarch64
19:47:01.823 [JavaFX Application Thread] INFO  Engine               - Source code and latest versions at: https://github.com/AlmasB/FXGL
19:47:01.823 [JavaFX Application Thread] INFO  Engine               -       Ask questions and discuss at: https://github.com/AlmasB/FXGL/discussions
19:47:01.823 [JavaFX Application Thread] INFO  Engine               -              Join the FXGL chat at: https://gitter.im/AlmasB/FXGL
19:47:01.868 [JavaFX Application Thread] DEBUG PrimaryStageWindow   - Creating a JavaFX scene
19:47:01.887 [JavaFX Application Thread] DEBUG PrimaryStageWindow   - Target settings size: 1280.0 x 720.0
19:47:01.888 [JavaFX Application Thread] DEBUG PrimaryStageWindow   - Scaled scene size:    1280.0 x 720.0
19:47:01.888 [JavaFX Application Thread] DEBUG PrimaryStageWindow   - Scaled ratio: (1.0, 1.0)
19:47:01.888 [JavaFX Application Thread] DEBUG PrimaryStageWindow   - Set initial scene to FXGLStartupScene
19:47:01.891 [JavaFX Application Thread] DEBUG PrimaryStageWindow   - Opening main window
19:47:01.953 [JavaFX Application Thread] DEBUG PrimaryStageWindow   - Window border size: (0.0, 28.0)
19:47:01.953 [JavaFX Application Thread] DEBUG PrimaryStageWindow   - Scaled size: 1280.0 x 720.0
19:47:01.954 [JavaFX Application Thread] DEBUG PrimaryStageWindow   - Scaled ratio: (1.0, 1.0)
19:47:01.954 [JavaFX Application Thread] DEBUG PrimaryStageWindow   - Scene size: 1280.0 x 720.0
19:47:01.954 [JavaFX Application Thread] DEBUG PrimaryStageWindow   - Stage size: 1280.0 x 748.0
19:47:01.959 [FXGL Background Thread 1 ] DEBUG Engine               - Initializing environment variables
19:47:01.994 [FXGL Background Thread 1 ] DEBUG FXGLAssetLoaderServi - User app class for loading assets: class com.sunsofgod.PlatformerApp
19:47:01.995 [FXGL Background Thread 1 ] DEBUG GameApplicationServi - Applying CSS: fxgl_dark.css
19:47:01.995 [FXGL Background Thread 1 ] DEBUG FXGLAssetLoaderServi - Loading from file system: jar:file:///Users/aaron/.m2/repository/com/github/almasb/fxgl/17.2/fxgl-17.2.jar!/fxglassets/ui/css/fxgl_dark.css
19:47:02.037 [FXGL Background Thread 1 ] DEBUG GameApplicationServi - Initializing application scenes
19:47:02.119 [FXGL Background Thread 1 ] WARN  FXGLAssetLoaderServi - Asset "/assets/textures/player.png" was not found!
19:47:02.119 [FXGL Background Thread 1 ] WARN  FXGLAssetLoaderServi - Failed to load IMAGE
19:47:02.151 [FXGL Background Thread 1 ] DEBUG GameWorld            - Game world initialized
19:47:02.181 [FXGL Background Thread 1 ] DEBUG PhysicsWorld         - Physics world initialized: appHeight=720, physics.ppm=50.0
19:47:02.181 [FXGL Background Thread 1 ] DEBUG PhysicsWorld         - Using strategy: BRUTE_FORCE
19:47:02.183 [FXGL Background Thread 1 ] DEBUG GameScene            - Game scene initialized: 1280x720
19:47:02.485 [FXGL Background Thread 1 ] DEBUG FXGL.DefaultMenu     - createMenuBodyGameMenu()
19:47:02.489 [FXGL Background Thread 1 ] DEBUG FXGL.DefaultMenu     - createOptionsMenu()
19:47:02.492 [FXGL Background Thread 1 ] DEBUG FXGLAssetLoaderServi - Loading from file system: jar:file:///Users/aaron/.m2/repository/com/github/almasb/fxgl/17.2/fxgl-17.2.jar!/fxglassets/textures/particles/smoke.png
19:47:02.525 [FXGL Background Thread 1 ] DEBUG FXGLAssetLoaderServi - Loading from file system: jar:file:///Users/aaron/.m2/repository/com/github/almasb/fxgl/17.2/fxgl-17.2.jar!/fxglassets/textures/particles/trace_horizontal.png
19:47:02.531 [FXGL Background Thread 1 ] DEBUG GameApplicationServi - Application scenes initialized
19:47:02.535 [FXGL Background Thread 1 ] DEBUG SystemBundleService  - Loading FXGL system data
19:47:02.538 [FXGL Background Thread 1 ] DEBUG FileSystemAccess     - Reading from: /Users/aaron/JavaFXGame/system/fxgl.bundle
19:47:02.541 [FXGL Background Thread 1 ] DEBUG SystemBundleService  - Bundle FXGL: {}
19:47:02.541 [FXGL Background Thread 1 ] DEBUG UpdaterService       - Checking for updates
19:47:02.550 [FXGL Background Thread 4 ] DEBUG FXGLApplication      - Loading fonts
19:47:02.550 [FXGL Background Thread 1 ] DEBUG FXGLApplication      - Loading default localization
19:47:02.554 [FXGL Background Thread 4 ] DEBUG FXGLAssetLoaderServi - Loading from file system: jar:file:///Users/aaron/.m2/repository/com/github/almasb/fxgl/17.2/fxgl-17.2.jar!/fxglassets/ui/fonts/VarelaRound-Regular.ttf
19:47:02.554 [FXGL Background Thread 1 ] DEBUG FXGLAssetLoaderServi - Loading from file system: jar:file:///Users/aaron/.m2/repository/com/github/almasb/fxgl/17.2/fxgl-17.2.jar!/fxglassets/languages/english.lang
19:47:02.563 [FXGL Background Thread 4 ] DEBUG FXGLAssetLoaderServi - Loading from file system: jar:file:///Users/aaron/.m2/repository/com/github/almasb/fxgl/17.2/fxgl-17.2.jar!/fxglassets/ui/fonts/Abel-Regular.ttf
19:47:02.564 [FXGL Background Thread 1 ] INFO  FXGLApplication      - FXGL initialization took: 0.605 sec
19:47:02.565 [JavaFX Application Thread] DEBUG FXGLAssetLoaderServi - Loading from file system: jar:file:///Users/aaron/.m2/repository/com/github/almasb/fxgl/17.2/fxgl-17.2.jar!/fxglassets/textures/fxgl_icon.png
19:47:02.565 [FXGL Background Thread 4 ] DEBUG FXGLAssetLoaderServi - Loading from file system: jar:file:///Users/aaron/.m2/repository/com/github/almasb/fxgl/17.2/fxgl-17.2.jar!/fxglassets/ui/fonts/TerminalLandMono-Regular.otf
19:47:02.567 [FXGL Background Thread 4 ] DEBUG FXGLAssetLoaderServi - Loading from file system: jar:file:///Users/aaron/.m2/repository/com/github/almasb/fxgl/17.2/fxgl-17.2.jar!/fxglassets/ui/fonts/Courier-Prime.ttf
19:47:02.576 [JavaFX Application Thread] DEBUG FXGLAssetLoaderServi - Loading from file system: jar:file:///Users/aaron/.m2/repository/com/github/almasb/fxgl/17.2/fxgl-17.2.jar!/fxglassets/textures/fxgl_default_cursor.png
19:47:02.581 [JavaFX Application Thread] DEBUG Input                - Registered new binding: Screenshot - CTRL+8
19:47:02.582 [JavaFX Application Thread] DEBUG Input                - Registered new binding: Dev Options - 1
19:47:02.582 [JavaFX Application Thread] DEBUG Input                - Registered new binding: Dev Console - 2
19:47:02.582 [JavaFX Application Thread] DEBUG Input                - Registered new binding: System info dump - CTRL+9
19:47:02.582 [JavaFX Application Thread] DEBUG Input                - Registered new binding: Restart - CTRL+R
19:47:02.582 [JavaFX Application Thread] DEBUG Input                - Registered new binding: Toggle Debug Camera - CTRL+7
19:47:02.583 [JavaFX Application Thread] DEBUG LoopRunner           - Starting loop
19:47:02.588 [JavaFX Application Thread] DEBUG LoopRunner           - Initializing JavaFX AnimationTimerLoop
19:47:02.589 [JavaFX Application Thread] DEBUG Input                - Clearing active input actions
19:47:02.592 [JavaFX Application Thread] DEBUG GameApplicationServi - Removing overlay from FXGLStartupScene and adding to FXGLMainMenuDummyScene
19:47:02.593 [JavaFX Application Thread] DEBUG PrimaryStageWindow   - FXGLStartupScene -> FXGLMainMenuDummyScene
19:47:02.593 [JavaFX Application Thread] DEBUG PrimaryStageWindow   - Push state: RiderMainMenuScene
19:47:02.593 [JavaFX Application Thread] DEBUG Input                - Clearing active input actions
19:47:02.595 [JavaFX Application Thread] DEBUG GameApplicationServi - Removing overlay from FXGLMainMenuDummyScene and adding to RiderMainMenuScene
19:47:02.596 [JavaFX Application Thread] DEBUG PrimaryStageWindow   - FXGLMainMenuDummyScene -> RiderMainMenuScene
19:47:02.598 [JavaFX Application Thread] DEBUG FXGLApplication      - Registering font factories with UI factory
19:47:03.423 [JavaFX Application Thread] DEBUG PrimaryStageWindow   - Push state: PlayerSelectScene
19:47:03.423 [JavaFX Application Thread] DEBUG Input                - Clearing active input actions
19:47:03.424 [JavaFX Application Thread] DEBUG GameApplicationServi - Removing overlay from RiderMainMenuScene and adding to PlayerSelectScene
19:47:03.424 [JavaFX Application Thread] DEBUG PrimaryStageWindow   - RiderMainMenuScene -> PlayerSelectScene
19:47:05.087 [JavaFX Application Thread] DEBUG PrimaryStageWindow   - Pop state: PlayerSelectScene
19:47:05.087 [JavaFX Application Thread] DEBUG Input                - Clearing active input actions
19:47:05.088 [JavaFX Application Thread] DEBUG GameApplicationServi - Removing overlay from PlayerSelectScene and adding to RiderMainMenuScene
19:47:05.089 [JavaFX Application Thread] DEBUG PrimaryStageWindow   - RiderMainMenuScene <- PlayerSelectScene
19:47:05.301 [JavaFX Application Thread] DEBUG PrimaryStageWindow   - Push state: LevelSelectScene
19:47:05.302 [JavaFX Application Thread] DEBUG Input                - Clearing active input actions
19:47:05.302 [JavaFX Application Thread] DEBUG GameApplicationServi - Removing overlay from RiderMainMenuScene and adding to LevelSelectScene
19:47:05.302 [JavaFX Application Thread] DEBUG PrimaryStageWindow   - RiderMainMenuScene -> LevelSelectScene
19:47:05.555 [FXGL Background Thread 3 ] DEBUG Engine               - Logging environment variables
19:47:05.555 [FXGL Background Thread 3 ] DEBUG Engine               - achievements: []
19:47:05.555 [FXGL Background Thread 3 ] DEBUG Engine               - actualHeight: 720.0
19:47:05.556 [FXGL Background Thread 3 ] DEBUG Engine               - actualHeightProperty: ReadOnlyDoubleProperty [value: 720.0]
19:47:05.556 [FXGL Background Thread 3 ] DEBUG Engine               - actualWidth: 1280.0
19:47:05.556 [FXGL Background Thread 3 ] DEBUG Engine               - actualWidthProperty: ReadOnlyDoubleProperty [value: 1280.0]
19:47:05.556 [FXGL Background Thread 3 ] DEBUG Engine               - appIcon: fxgl_icon.png
19:47:05.556 [FXGL Background Thread 3 ] DEBUG Engine               - applicationMode: DEVELOPER
19:47:05.556 [FXGL Background Thread 3 ] DEBUG Engine               - cSSList: [fxgl_dark.css]
19:47:05.556 [FXGL Background Thread 3 ] DEBUG Engine               - collisionDetectionStrategy: BRUTE_FORCE
19:47:05.556 [FXGL Background Thread 3 ] DEBUG Engine               - configClass: Optional.empty
19:47:05.556 [FXGL Background Thread 3 ] DEBUG Engine               - credits: []
19:47:05.556 [FXGL Background Thread 3 ] DEBUG Engine               - defaultCursor: CursorInfo(imageName=fxgl_default_cursor.png, hotspotX=7.0, hotspotY=6.0)
19:47:05.557 [FXGL Background Thread 3 ] DEBUG Engine               - devBBoxColorProperty: ObjectProperty [value: 0xff0000ff]
19:47:05.557 [FXGL Background Thread 3 ] DEBUG Engine               - devEnableDebugCameraProperty: BooleanProperty [value: false]
19:47:05.557 [FXGL Background Thread 3 ] DEBUG Engine               - devSensorColorProperty: ObjectProperty [value: 0xffff00ff]
19:47:05.557 [FXGL Background Thread 3 ] DEBUG Engine               - devShowBBoxProperty: BooleanProperty [value: false]
19:47:05.557 [FXGL Background Thread 3 ] DEBUG Engine               - devShowPositionProperty: BooleanProperty [value: false]
19:47:05.557 [FXGL Background Thread 3 ] DEBUG Engine               - enabledMenuItems: []
19:47:05.557 [FXGL Background Thread 3 ] DEBUG Engine               - engineServices: [class com.almasb.fxgl.app.services.FXGLAssetLoaderService, class com.almasb.fxgl.app.FXGLApplication$GameApplicationService, class com.almasb.fxgl.app.services.FXGLDialogService, class com.almasb.fxgl.app.services.IOTaskExecutorService, class com.almasb.fxgl.io.FileSystemService, class com.almasb.fxgl.localization.LocalizationService, class com.almasb.fxgl.app.services.SystemBundleService, class com.almasb.fxgl.profile.SaveLoadService, class com.almasb.fxgl.ui.FXGLUIFactoryServiceProvider, class com.almasb.fxgl.ui.FXGLDialogFactoryServiceProvider, class com.almasb.fxgl.audio.AudioPlayer, class com.almasb.fxgl.notification.impl.NotificationServiceProvider, class com.almasb.fxgl.achievement.AchievementService, class com.almasb.fxgl.cutscene.CutsceneService, class com.almasb.fxgl.minigames.MiniGameService, class com.almasb.fxgl.net.NetService, class com.almasb.fxgl.app.services.UpdaterService, class com.almasb.fxgl.dev.DevService]
19:47:05.557 [FXGL Background Thread 3 ] DEBUG Engine               - fontGame: Abel-Regular.ttf
19:47:05.558 [FXGL Background Thread 3 ] DEBUG Engine               - fontMono: TerminalLandMono-Regular.otf
19:47:05.558 [FXGL Background Thread 3 ] DEBUG Engine               - fontText: Courier-Prime.ttf
19:47:05.558 [FXGL Background Thread 3 ] DEBUG Engine               - fontUI: VarelaRound-Regular.ttf
19:47:05.558 [FXGL Background Thread 3 ] DEBUG Engine               - fullScreen: BooleanProperty [value: false]
19:47:05.558 [FXGL Background Thread 3 ] DEBUG Engine               - gameDifficulty: MEDIUM
19:47:05.559 [FXGL Background Thread 3 ] DEBUG Engine               - gameDifficultyProperty: ObjectProperty [value: MEDIUM]
19:47:05.559 [FXGL Background Thread 3 ] DEBUG Engine               - globalMusicVolume: 0.5
19:47:05.559 [FXGL Background Thread 3 ] DEBUG Engine               - globalMusicVolumeProperty: DoubleProperty [value: 0.25]
19:47:05.559 [FXGL Background Thread 3 ] DEBUG Engine               - globalSoundVolume: 0.5
19:47:05.559 [FXGL Background Thread 3 ] DEBUG Engine               - globalSoundVolumeProperty: DoubleProperty [value: 0.5]
19:47:05.559 [FXGL Background Thread 3 ] DEBUG Engine               - height: 720
19:47:05.559 [FXGL Background Thread 3 ] DEBUG Engine               - is3D: false
19:47:05.559 [FXGL Background Thread 3 ] DEBUG Engine               - isAndroid: false
19:47:05.559 [FXGL Background Thread 3 ] DEBUG Engine               - isBrowser: false
19:47:05.559 [FXGL Background Thread 3 ] DEBUG Engine               - isClickFeedbackEnabled: false
19:47:05.559 [FXGL Background Thread 3 ] DEBUG Engine               - isCloseConfirmation: false
19:47:05.559 [FXGL Background Thread 3 ] DEBUG Engine               - isDesktop: true
19:47:05.560 [FXGL Background Thread 3 ] DEBUG Engine               - isDeveloperMenuEnabled: true
19:47:05.560 [FXGL Background Thread 3 ] DEBUG Engine               - isEmbedded: false
19:47:05.560 [FXGL Background Thread 3 ] DEBUG Engine               - isEntityPreloadEnabled: true
19:47:05.560 [FXGL Background Thread 3 ] DEBUG Engine               - isExperimentalTiledLargeMap: false
19:47:05.560 [FXGL Background Thread 3 ] DEBUG Engine               - isFileSystemWriteAllowed: true
19:47:05.560 [FXGL Background Thread 3 ] DEBUG Engine               - isFullScreenAllowed: false
19:47:05.560 [FXGL Background Thread 3 ] DEBUG Engine               - isFullScreenFromStart: false
19:47:05.561 [FXGL Background Thread 3 ] DEBUG Engine               - isGameMenuEnabled: true
19:47:05.561 [FXGL Background Thread 3 ] DEBUG Engine               - isIOS: false
19:47:05.561 [FXGL Background Thread 3 ] DEBUG Engine               - isIntroEnabled: false
19:47:05.561 [FXGL Background Thread 3 ] DEBUG Engine               - isLinux: false
19:47:05.561 [FXGL Background Thread 3 ] DEBUG Engine               - isMac: true
19:47:05.561 [FXGL Background Thread 3 ] DEBUG Engine               - isMainMenuEnabled: true
19:47:05.562 [FXGL Background Thread 3 ] DEBUG Engine               - isManualResizeEnabled: false
19:47:05.562 [FXGL Background Thread 3 ] DEBUG Engine               - isMobile: false
19:47:05.562 [FXGL Background Thread 3 ] DEBUG Engine               - isNative: false
19:47:05.562 [FXGL Background Thread 3 ] DEBUG Engine               - isPauseMusicWhenMinimized: true
19:47:05.562 [FXGL Background Thread 3 ] DEBUG Engine               - isPreserveResizeRatio: false
19:47:05.562 [FXGL Background Thread 3 ] DEBUG Engine               - isProfilingEnabled: false
19:47:05.562 [FXGL Background Thread 3 ] DEBUG Engine               - isScaleAffectedOnResize: true
19:47:05.562 [FXGL Background Thread 3 ] DEBUG Engine               - isSingleStep: false
19:47:05.562 [FXGL Background Thread 3 ] DEBUG Engine               - isUserProfileEnabled: false
19:47:05.562 [FXGL Background Thread 3 ] DEBUG Engine               - isWindows: false
19:47:05.562 [FXGL Background Thread 3 ] DEBUG Engine               - language: ObjectProperty [value: ENGLISH]
19:47:05.562 [FXGL Background Thread 3 ] DEBUG Engine               - menuKey: ESCAPE
19:47:05.562 [FXGL Background Thread 3 ] DEBUG Engine               - mouseSensitivity: 0.2
19:47:05.562 [FXGL Background Thread 3 ] DEBUG Engine               - notificationViewClass: class com.almasb.fxgl.notification.view.XboxNotificationView
19:47:05.563 [FXGL Background Thread 3 ] DEBUG Engine               - pixelsPerMeter: 50.0
19:47:05.563 [FXGL Background Thread 3 ] DEBUG Engine               - platform: MAC
19:47:05.563 [FXGL Background Thread 3 ] DEBUG Engine               - prefHeightProperty: ReadOnlyDoubleProperty [value: 720.0]
19:47:05.563 [FXGL Background Thread 3 ] DEBUG Engine               - prefWidthProperty: ReadOnlyDoubleProperty [value: 1280.0]
19:47:05.563 [FXGL Background Thread 3 ] DEBUG Engine               - profileDir: profiles/
19:47:05.563 [FXGL Background Thread 3 ] DEBUG Engine               - profileName: StringProperty [value: DEFAULT]
19:47:05.563 [FXGL Background Thread 3 ] DEBUG Engine               - randomSeed: -1
19:47:05.563 [FXGL Background Thread 3 ] DEBUG Engine               - runtimeInfo: RuntimeInfo(platform=MAC, version=17.2, build=20.08.2022 16.50)
19:47:05.563 [FXGL Background Thread 3 ] DEBUG Engine               - saveFileExt: sav
19:47:05.564 [FXGL Background Thread 3 ] DEBUG Engine               - scaledHeightProp$fxgl: DoubleProperty [bound, value: 720.0]
19:47:05.564 [FXGL Background Thread 3 ] DEBUG Engine               - scaledWidthProp$fxgl: DoubleProperty [bound, value: 1280.0]
19:47:05.564 [FXGL Background Thread 3 ] DEBUG Engine               - sceneFactory: com.sunsofgod.PlatformerApp$1@9ecd2ad
19:47:05.564 [FXGL Background Thread 3 ] DEBUG Engine               - secondsIn24h: 60
19:47:05.564 [FXGL Background Thread 3 ] DEBUG Engine               - soundMenuBack: menu/back.wav
19:47:05.564 [FXGL Background Thread 3 ] DEBUG Engine               - soundMenuPress: menu/press.wav
19:47:05.564 [FXGL Background Thread 3 ] DEBUG Engine               - soundMenuSelect: menu/select.wav
19:47:05.564 [FXGL Background Thread 3 ] DEBUG Engine               - soundNotification: core/notification.wav
19:47:05.564 [FXGL Background Thread 3 ] DEBUG Engine               - stageStyle: DECORATED
19:47:05.564 [FXGL Background Thread 3 ] DEBUG Engine               - supportedLanguages: [ENGLISH, FRENCH, GERMAN, HUNGARIAN, RUSSIAN]
19:47:05.564 [FXGL Background Thread 3 ] DEBUG Engine               - ticksPerSecond: -1
19:47:05.564 [FXGL Background Thread 3 ] DEBUG Engine               - title: Untitled
19:47:05.564 [FXGL Background Thread 3 ] DEBUG Engine               - urlGithub: https://github.com/AlmasB/FXGL
19:47:05.564 [FXGL Background Thread 3 ] DEBUG Engine               - urlLeaderboard: http://fxgl-top.herokuapp.com/
19:47:05.564 [FXGL Background Thread 3 ] DEBUG Engine               - urlPOM: https://raw.githubusercontent.com/AlmasB/FXGL/release/README.md
19:47:05.564 [FXGL Background Thread 3 ] DEBUG Engine               - userAppClass: class com.sunsofgod.PlatformerApp
19:47:05.565 [FXGL Background Thread 3 ] DEBUG Engine               - version: 0.0
19:47:05.565 [FXGL Background Thread 3 ] DEBUG Engine               - versionCheckDays: 7
19:47:05.565 [FXGL Background Thread 3 ] DEBUG Engine               - width: 1280
19:47:05.565 [FXGL Background Thread 3 ] DEBUG Engine               - Logging services
19:47:05.565 [FXGL Background Thread 3 ] DEBUG Engine               - class com.almasb.fxgl.app.services.FXGLAssetLoaderService
19:47:05.565 [FXGL Background Thread 3 ] DEBUG Engine               - class com.almasb.fxgl.app.FXGLApplication$GameApplicationService
19:47:05.565 [FXGL Background Thread 3 ] DEBUG Engine               - class com.almasb.fxgl.app.services.FXGLDialogService
19:47:05.565 [FXGL Background Thread 3 ] DEBUG Engine               - class com.almasb.fxgl.app.services.IOTaskExecutorService
19:47:05.565 [FXGL Background Thread 3 ] DEBUG Engine               - class com.almasb.fxgl.io.FileSystemService
19:47:05.565 [FXGL Background Thread 3 ] DEBUG Engine               - class com.almasb.fxgl.localization.LocalizationService
19:47:05.565 [FXGL Background Thread 3 ] DEBUG Engine               - class com.almasb.fxgl.app.services.SystemBundleService
19:47:05.565 [FXGL Background Thread 3 ] DEBUG Engine               - class com.almasb.fxgl.profile.SaveLoadService
19:47:05.565 [FXGL Background Thread 3 ] DEBUG Engine               - class com.almasb.fxgl.ui.FXGLUIFactoryServiceProvider
19:47:05.565 [FXGL Background Thread 3 ] DEBUG Engine               - class com.almasb.fxgl.ui.FXGLDialogFactoryServiceProvider
19:47:05.565 [FXGL Background Thread 3 ] DEBUG Engine               - class com.almasb.fxgl.audio.AudioPlayer
19:47:05.565 [FXGL Background Thread 3 ] DEBUG Engine               - class com.almasb.fxgl.notification.impl.NotificationServiceProvider
19:47:05.565 [FXGL Background Thread 3 ] DEBUG Engine               - class com.almasb.fxgl.achievement.AchievementService
19:47:05.566 [FXGL Background Thread 3 ] DEBUG Engine               - class com.almasb.fxgl.cutscene.CutsceneService
19:47:05.566 [FXGL Background Thread 3 ] DEBUG Engine               - class com.almasb.fxgl.minigames.MiniGameService
19:47:05.566 [FXGL Background Thread 3 ] DEBUG Engine               - class com.almasb.fxgl.net.NetService
19:47:05.566 [FXGL Background Thread 3 ] DEBUG Engine               - class com.almasb.fxgl.app.services.UpdaterService
19:47:05.566 [FXGL Background Thread 3 ] DEBUG Engine               - class com.almasb.fxgl.dev.DevService
19:47:07.618 [JavaFX Application Thread] DEBUG Menu                 - fireNewGame()
19:47:07.618 [JavaFX Application Thread] DEBUG GameApplicationServi - Starting new game
19:47:07.619 [JavaFX Application Thread] DEBUG PrimaryStageWindow   - Pop state: LevelSelectScene
19:47:07.619 [JavaFX Application Thread] DEBUG Input                - Clearing active input actions
19:47:07.619 [JavaFX Application Thread] DEBUG GameApplicationServi - Removing overlay from LevelSelectScene and adding to RiderMainMenuScene
19:47:07.620 [JavaFX Application Thread] DEBUG PrimaryStageWindow   - RiderMainMenuScene <- LevelSelectScene
19:47:07.620 [JavaFX Application Thread] DEBUG PrimaryStageWindow   - Pop state: RiderMainMenuScene
19:47:07.620 [JavaFX Application Thread] DEBUG Input                - Clearing active input actions
19:47:07.620 [JavaFX Application Thread] DEBUG GameApplicationServi - Removing overlay from RiderMainMenuScene and adding to FXGLMainMenuDummyScene
19:47:07.621 [JavaFX Application Thread] DEBUG PrimaryStageWindow   - FXGLMainMenuDummyScene <- RiderMainMenuScene
19:47:07.621 [JavaFX Application Thread] DEBUG Input                - Clearing active input actions
19:47:07.624 [JavaFX Application Thread] DEBUG GameApplicationServi - Removing overlay from FXGLMainMenuDummyScene and adding to MainLoadingScene
19:47:07.628 [JavaFX Application Thread] DEBUG PrimaryStageWindow   - FXGLMainMenuDummyScene -> MainLoadingScene
19:47:07.628 [JavaFX Application Thread] DEBUG GameApplicationServi - Clearing previous game
19:47:07.628 [JavaFX Application Thread] DEBUG GameScene            - Clearing game scene
19:47:07.628 [JavaFX Application Thread] DEBUG GameWorld            - Clearing game world
19:47:07.628 [JavaFX Application Thread] DEBUG PhysicsWorld         - Clearing physics world
19:47:07.629 [FXGL Background Thread 4 ] DEBUG FXGLApplication      - Initializing game
19:47:07.653 [FXGL Background Thread 4 ] WARN  TMXLevelLoader       - TiledMap generated from 1.11.0. Supported version: 1.9.0. Some features may not be parsed fully.
19:47:07.657 [FXGL Background Thread 4 ] DEBUG TMXLevelLoader       - Parsed TiledMap: file:/Users/aaron/JavaFXGame/target/classes/assets/levels/tmx/level1.tmx
19:47:07.658 [FXGL Background Thread 4 ] DEBUG TMXLevelLoader       - Creating tile layer entities
19:47:07.660 [FXGL Background Thread 4 ] DEBUG TilesetLoader        - Loading view for layer Tile Layer 1
19:47:07.662 [FXGL Background Thread 4 ] DEBUG TilesetLoader        - Created buffer with size 1050.0x700.0
19:47:07.667 [FXGL Background Thread 4 ] DEBUG TMXLevelLoader       - Creating object layer entities
19:47:07.679 [FXGL Background Thread 4 ] DEBUG FXGLAssetLoaderServi - Loading from file system: file:/Users/aaron/JavaFXGame/target/classes/assets/textures/button.png
19:47:07.683 [FXGL Background Thread 4 ] DEBUG GameWorld            - Clearing removable entities
19:47:07.683 [FXGL Background Thread 4 ] DEBUG GameWorld            - Setting level: com.almasb.fxgl.entity.level.Level@52298118
19:47:07.687 [FXGL Background Thread 4 ] DEBUG FXGLAssetLoaderServi - Loading from file system: file:/Users/aaron/JavaFXGame/target/classes/assets/textures/player1.png
19:47:07.694 [FXGL Background Thread 4 ] DEBUG Input                - Registered new binding: Jump0 - W
19:47:07.694 [FXGL Background Thread 4 ] DEBUG Input                - Registered new binding: Left0 - A
19:47:07.694 [FXGL Background Thread 4 ] DEBUG Input                - Registered new binding: Right0 - D
19:47:07.694 [FXGL Background Thread 4 ] DEBUG Input                - Registered new binding: Use0 - E
19:47:07.695 [FXGL Background Thread 4 ] DEBUG FXGLAssetLoaderServi - Loading from file system: file:/Users/aaron/JavaFXGame/target/classes/assets/textures/background/manila.png
19:47:07.702 [FXGL Background Thread 4 ] INFO  FXGLApplication      - Game initialization took: 0.073 sec
19:47:07.703 [JavaFX Application Thread] DEBUG Input                - Clearing active input actions
19:47:07.705 [JavaFX Application Thread] DEBUG GameApplicationServi - Removing overlay from MainLoadingScene and adding to GameScene
19:47:07.706 [JavaFX Application Thread] DEBUG PrimaryStageWindow   - MainLoadingScene -> GameScene
19:47:09.524 [JavaFX Application Thread] DEBUG FXGLAssetLoaderServi - Loading from file system: file:/Users/aaron/JavaFXGame/target/classes/assets/textures/exit_sign.png
19:47:09.543 [FXGL Background Thread 2 ] INFO  UpdaterService       - Your current version:  17.2
19:47:09.543 [FXGL Background Thread 2 ] INFO  UpdaterService       - Latest stable version: 21.1
19:47:12.325 [JavaFX Application Thread] WARN  TMXLevelLoader       - TiledMap generated from 1.11.0. Supported version: 1.9.0. Some features may not be parsed fully.
19:47:12.327 [JavaFX Application Thread] DEBUG TMXLevelLoader       - Parsed TiledMap: file:/Users/aaron/JavaFXGame/target/classes/assets/levels/tmx/level2.tmx
19:47:12.327 [JavaFX Application Thread] DEBUG TMXLevelLoader       - Creating tile layer entities
19:47:12.327 [JavaFX Application Thread] DEBUG TilesetLoader        - Loading view for layer Tile Layer 1
19:47:12.327 [JavaFX Application Thread] DEBUG TilesetLoader        - Created buffer with size 1050.0x700.0
19:47:12.338 [JavaFX Application Thread] DEBUG TMXLevelLoader       - Creating object layer entities
19:47:12.340 [JavaFX Application Thread] DEBUG GameWorld            - Clearing removable entities
19:47:12.341 [JavaFX Application Thread] DEBUG GameWorld            - Setting level: com.almasb.fxgl.entity.level.Level@39197487
19:47:12.539 [JavaFX Application Thread] WARN  GameWorld            - Attempted to remove entity which is not active
19:47:14.492 [JavaFX Application Thread] WARN  TMXLevelLoader       - TiledMap generated from 1.11.0. Supported version: 1.9.0. Some features may not be parsed fully.
19:47:14.494 [JavaFX Application Thread] DEBUG TMXLevelLoader       - Parsed TiledMap: file:/Users/aaron/JavaFXGame/target/classes/assets/levels/tmx/level2.tmx
19:47:14.495 [JavaFX Application Thread] DEBUG TMXLevelLoader       - Creating tile layer entities
19:47:14.495 [JavaFX Application Thread] DEBUG TilesetLoader        - Loading view for layer Tile Layer 1
19:47:14.498 [JavaFX Application Thread] DEBUG TilesetLoader        - Created buffer with size 1050.0x700.0
19:47:14.513 [JavaFX Application Thread] DEBUG TMXLevelLoader       - Creating object layer entities
19:47:14.515 [JavaFX Application Thread] DEBUG GameWorld            - Clearing removable entities
19:47:14.516 [JavaFX Application Thread] DEBUG GameWorld            - Setting level: com.almasb.fxgl.entity.level.Level@2934b0a3
19:47:15.507 [JavaFX Application Thread] WARN  TMXLevelLoader       - TiledMap generated from 1.11.0. Supported version: 1.9.0. Some features may not be parsed fully.
19:47:15.510 [JavaFX Application Thread] DEBUG TMXLevelLoader       - Parsed TiledMap: file:/Users/aaron/JavaFXGame/target/classes/assets/levels/tmx/level2.tmx
19:47:15.510 [JavaFX Application Thread] DEBUG TMXLevelLoader       - Creating tile layer entities
19:47:15.511 [JavaFX Application Thread] DEBUG TilesetLoader        - Loading view for layer Tile Layer 1
19:47:15.515 [JavaFX Application Thread] DEBUG TilesetLoader        - Created buffer with size 1050.0x700.0
19:47:15.530 [JavaFX Application Thread] DEBUG TMXLevelLoader       - Creating object layer entities
19:47:15.533 [JavaFX Application Thread] DEBUG GameWorld            - Clearing removable entities
19:47:15.533 [JavaFX Application Thread] DEBUG GameWorld            - Setting level: com.almasb.fxgl.entity.level.Level@4dee89f3
19:47:21.573 [JavaFX Application Thread] WARN  TMXLevelLoader       - TiledMap generated from 1.11.0. Supported version: 1.9.0. Some features may not be parsed fully.
19:47:21.576 [JavaFX Application Thread] DEBUG TMXLevelLoader       - Parsed TiledMap: file:/Users/aaron/JavaFXGame/target/classes/assets/levels/tmx/level3.tmx
19:47:21.576 [JavaFX Application Thread] DEBUG TMXLevelLoader       - Creating tile layer entities
19:47:21.576 [JavaFX Application Thread] DEBUG TilesetLoader        - Loading view for layer Tile Layer 1
19:47:21.581 [JavaFX Application Thread] DEBUG TilesetLoader        - Created buffer with size 1050.0x700.0
19:47:21.591 [JavaFX Application Thread] DEBUG TMXLevelLoader       - Creating object layer entities
19:47:21.595 [JavaFX Application Thread] DEBUG GameWorld            - Clearing removable entities
19:47:21.596 [JavaFX Application Thread] DEBUG GameWorld            - Setting level: com.almasb.fxgl.entity.level.Level@2df71624
19:47:28.486 [JavaFX Application Thread] DEBUG FXGLApplication      - Exiting FXGL
19:47:28.487 [JavaFX Application Thread] DEBUG LoopRunner           - Stopping loop
19:47:28.487 [JavaFX Application Thread] DEBUG SystemBundleService  - Saving FXGL system data
19:47:28.491 [JavaFX Application Thread] DEBUG FileSystemAccess     - Writing to: /Users/aaron/JavaFXGame/system/fxgl.bundle
19:47:28.493 [JavaFX Application Thread] DEBUG Async                - Shutting down background threads
19:47:28.494 [JavaFX Application Thread] DEBUG PrimaryStageWindow   - Closing main window
19:47:28.511 [JavaFX Application Thread] DEBUG Logger               - Closing Logger
