07:09:28.487 [main                     ] DEBUG Logger               - Configured Logger
07:09:28.502 [main                     ] DEBUG GameApplication      - Logging settings
Title: Untitled
Version: 0.0
Width: 1280
Height: 720
Fullscreen: false
Intro: false
Profiling: false
Single step:false
App Mode: DEVELOPER
Menu Key: ESCAPE
Stage Style: DECORATED
Scene Factory: class com.sunsofgod.PlatformerApp$1

07:09:28.772 [JavaFX Application Thread] DEBUG FXGLApplication      - Initializing FXGL
07:09:28.775 [JavaFX Application Thread] INFO  Engine               - FXGL-17.2 (20.08.2022 16.50) on WINDOWS (J:21.0.4 FX:17.0.12)
07:09:28.776 [JavaFX Application Thread] DEBUG Engine               - JRE Vendor Name: Eclipse Adoptium
07:09:28.776 [JavaFX Application Thread] DEBUG Engine               - Running on OS: Windows 11 version 10.0
07:09:28.776 [JavaFX Application Thread] DEBUG Engine               - Architecture: amd64
07:09:28.776 [JavaFX Application Thread] INFO  Engine               - Source code and latest versions at: https://github.com/AlmasB/FXGL
07:09:28.776 [JavaFX Application Thread] INFO  Engine               -       Ask questions and discuss at: https://github.com/AlmasB/FXGL/discussions
07:09:28.776 [JavaFX Application Thread] INFO  Engine               -              Join the FXGL chat at: https://gitter.im/AlmasB/FXGL
07:09:28.841 [JavaFX Application Thread] DEBUG PrimaryStageWindow   - Creating a JavaFX scene
07:09:28.870 [JavaFX Application Thread] DEBUG PrimaryStageWindow   - Target settings size: 1280.0 x 720.0
07:09:28.871 [JavaFX Application Thread] DEBUG PrimaryStageWindow   - Scaled scene size:    1280.0 x 720.0
07:09:28.871 [JavaFX Application Thread] DEBUG PrimaryStageWindow   - Scaled ratio: (1.0, 1.0)
07:09:28.871 [JavaFX Application Thread] DEBUG PrimaryStageWindow   - Set initial scene to FXGLStartupScene
07:09:28.875 [JavaFX Application Thread] DEBUG PrimaryStageWindow   - Opening main window
07:09:28.934 [JavaFX Application Thread] DEBUG PrimaryStageWindow   - Window border size: (16.0, 39.0)
07:09:28.935 [JavaFX Application Thread] DEBUG PrimaryStageWindow   - Scaled size: 1280.0 x 720.0
07:09:28.935 [JavaFX Application Thread] DEBUG PrimaryStageWindow   - Scaled ratio: (1.0, 1.0)
07:09:28.935 [JavaFX Application Thread] DEBUG PrimaryStageWindow   - Scene size: 1280.0 x 720.0
07:09:28.935 [JavaFX Application Thread] DEBUG PrimaryStageWindow   - Stage size: 1296.0 x 759.0
07:09:28.941 [FXGL Background Thread 1 ] DEBUG Engine               - Initializing environment variables
07:09:28.977 [FXGL Background Thread 1 ] DEBUG FXGLAssetLoaderServi - User app class for loading assets: class com.sunsofgod.PlatformerApp
07:09:28.977 [FXGL Background Thread 1 ] DEBUG GameApplicationServi - Applying CSS: fxgl_dark.css
07:09:28.978 [FXGL Background Thread 1 ] DEBUG FXGLAssetLoaderServi - Loading from file system: jar:file:///C:/Users/user/.m2/repository/com/github/almasb/fxgl/17.2/fxgl-17.2.jar!/fxglassets/ui/css/fxgl_dark.css
07:09:29.007 [FXGL Background Thread 1 ] DEBUG GameApplicationServi - Initializing application scenes
07:09:29.037 [FXGL Background Thread 1 ] WARN  FXGLAssetLoaderServi - Asset "/assets/textures/player.png" was not found!
07:09:29.038 [FXGL Background Thread 1 ] WARN  FXGLAssetLoaderServi - Failed to load IMAGE
07:09:29.058 [FXGL Background Thread 1 ] DEBUG GameWorld            - Game world initialized
07:09:29.102 [FXGL Background Thread 1 ] DEBUG PhysicsWorld         - Physics world initialized: appHeight=720, physics.ppm=50.0
07:09:29.102 [FXGL Background Thread 1 ] DEBUG PhysicsWorld         - Using strategy: BRUTE_FORCE
07:09:29.105 [FXGL Background Thread 1 ] DEBUG GameScene            - Game scene initialized: 1280x720
07:09:29.319 [FXGL Background Thread 1 ] DEBUG GameApplicationServi - Application scenes initialized
07:09:29.330 [FXGL Background Thread 1 ] DEBUG SystemBundleService  - Loading FXGL system data
07:09:29.333 [FXGL Background Thread 1 ] DEBUG FileSystemAccess     - Reading from: C:\Users\user\Desktop\JavaFXGame\system\fxgl.bundle
07:09:29.341 [FXGL Background Thread 1 ] DEBUG SystemBundleService  - Bundle FXGL: {}
07:09:29.341 [FXGL Background Thread 1 ] DEBUG UpdaterService       - Checking for updates
07:09:29.359 [FXGL Background Thread 4 ] DEBUG FXGLApplication      - Loading fonts
07:09:29.359 [FXGL Background Thread 1 ] DEBUG FXGLApplication      - Loading default localization
07:09:29.359 [FXGL Background Thread 4 ] DEBUG FXGLAssetLoaderServi - Loading from file system: jar:file:///C:/Users/user/.m2/repository/com/github/almasb/fxgl/17.2/fxgl-17.2.jar!/fxglassets/ui/fonts/VarelaRound-Regular.ttf
07:09:29.360 [FXGL Background Thread 1 ] DEBUG FXGLAssetLoaderServi - Loading from file system: jar:file:///C:/Users/user/.m2/repository/com/github/almasb/fxgl/17.2/fxgl-17.2.jar!/fxglassets/languages/english.lang
07:09:29.383 [FXGL Background Thread 1 ] INFO  FXGLApplication      - FXGL initialization took: 0.442 sec
07:09:29.384 [JavaFX Application Thread] DEBUG FXGLAssetLoaderServi - Loading from file system: jar:file:///C:/Users/user/.m2/repository/com/github/almasb/fxgl/17.2/fxgl-17.2.jar!/fxglassets/textures/fxgl_icon.png
07:09:29.398 [FXGL Background Thread 4 ] DEBUG FXGLAssetLoaderServi - Loading from file system: jar:file:///C:/Users/user/.m2/repository/com/github/almasb/fxgl/17.2/fxgl-17.2.jar!/fxglassets/ui/fonts/Abel-Regular.ttf
07:09:29.398 [JavaFX Application Thread] DEBUG FXGLAssetLoaderServi - Loading from file system: jar:file:///C:/Users/user/.m2/repository/com/github/almasb/fxgl/17.2/fxgl-17.2.jar!/fxglassets/textures/fxgl_default_cursor.png
07:09:29.401 [FXGL Background Thread 4 ] DEBUG FXGLAssetLoaderServi - Loading from file system: jar:file:///C:/Users/user/.m2/repository/com/github/almasb/fxgl/17.2/fxgl-17.2.jar!/fxglassets/ui/fonts/TerminalLandMono-Regular.otf
07:09:29.406 [FXGL Background Thread 4 ] DEBUG FXGLAssetLoaderServi - Loading from file system: jar:file:///C:/Users/user/.m2/repository/com/github/almasb/fxgl/17.2/fxgl-17.2.jar!/fxglassets/ui/fonts/Courier-Prime.ttf
07:09:29.408 [JavaFX Application Thread] DEBUG Input                - Registered new binding: Screenshot - CTRL+8
07:09:29.409 [JavaFX Application Thread] DEBUG Input                - Registered new binding: Dev Options - 1
07:09:29.409 [JavaFX Application Thread] DEBUG Input                - Registered new binding: Dev Console - 2
07:09:29.409 [JavaFX Application Thread] DEBUG Input                - Registered new binding: System info dump - CTRL+9
07:09:29.409 [JavaFX Application Thread] DEBUG Input                - Registered new binding: Restart - CTRL+R
07:09:29.410 [JavaFX Application Thread] DEBUG Input                - Registered new binding: Toggle Debug Camera - CTRL+7
07:09:29.411 [JavaFX Application Thread] DEBUG LoopRunner           - Starting loop
07:09:29.421 [JavaFX Application Thread] DEBUG LoopRunner           - Initializing JavaFX AnimationTimerLoop
07:09:29.423 [JavaFX Application Thread] DEBUG Input                - Clearing active input actions
07:09:29.431 [JavaFX Application Thread] DEBUG GameApplicationServi - Removing overlay from FXGLStartupScene and adding to FXGLMainMenuDummyScene
07:09:29.433 [JavaFX Application Thread] DEBUG PrimaryStageWindow   - FXGLStartupScene -> FXGLMainMenuDummyScene
07:09:29.434 [JavaFX Application Thread] DEBUG PrimaryStageWindow   - Push state: RiderMainMenuScene
07:09:29.434 [JavaFX Application Thread] DEBUG Input                - Clearing active input actions
07:09:29.439 [JavaFX Application Thread] DEBUG GameApplicationServi - Removing overlay from FXGLMainMenuDummyScene and adding to RiderMainMenuScene
07:09:29.440 [JavaFX Application Thread] DEBUG PrimaryStageWindow   - FXGLMainMenuDummyScene -> RiderMainMenuScene
07:09:29.573 [JavaFX Application Thread] DEBUG FXGLApplication      - Registering font factories with UI factory
07:09:29.694 [FXGL Background Thread 2 ] INFO  UpdaterService       - Your current version:  17.2
07:09:29.695 [FXGL Background Thread 2 ] INFO  UpdaterService       - Latest stable version: 21.1
07:09:30.478 [JavaFX Application Thread] DEBUG PrimaryStageWindow   - Push state: PlayerSelectScene
07:09:30.480 [JavaFX Application Thread] DEBUG Input                - Clearing active input actions
07:09:30.480 [JavaFX Application Thread] DEBUG GameApplicationServi - Removing overlay from RiderMainMenuScene and adding to PlayerSelectScene
07:09:30.482 [JavaFX Application Thread] DEBUG PrimaryStageWindow   - RiderMainMenuScene -> PlayerSelectScene
07:09:31.793 [JavaFX Application Thread] DEBUG PrimaryStageWindow   - Push state: LevelSelectScene
07:09:31.793 [JavaFX Application Thread] DEBUG Input                - Clearing active input actions
07:09:31.793 [JavaFX Application Thread] DEBUG GameApplicationServi - Removing overlay from PlayerSelectScene and adding to LevelSelectScene
07:09:31.794 [JavaFX Application Thread] DEBUG PrimaryStageWindow   - PlayerSelectScene -> LevelSelectScene
07:09:32.359 [FXGL Background Thread 3 ] DEBUG Engine               - Logging environment variables
07:09:32.359 [FXGL Background Thread 3 ] DEBUG Engine               - achievements: []
07:09:32.359 [FXGL Background Thread 3 ] DEBUG Engine               - actualHeight: 720.0
07:09:32.359 [FXGL Background Thread 3 ] DEBUG Engine               - actualHeightProperty: ReadOnlyDoubleProperty [value: 720.0]
07:09:32.359 [FXGL Background Thread 3 ] DEBUG Engine               - actualWidth: 1280.0
07:09:32.359 [FXGL Background Thread 3 ] DEBUG Engine               - actualWidthProperty: ReadOnlyDoubleProperty [value: 1280.0]
07:09:32.360 [FXGL Background Thread 3 ] DEBUG Engine               - appIcon: fxgl_icon.png
07:09:32.360 [FXGL Background Thread 3 ] DEBUG Engine               - applicationMode: DEVELOPER
07:09:32.360 [FXGL Background Thread 3 ] DEBUG Engine               - cSSList: [fxgl_dark.css]
07:09:32.360 [FXGL Background Thread 3 ] DEBUG Engine               - collisionDetectionStrategy: BRUTE_FORCE
07:09:32.360 [FXGL Background Thread 3 ] DEBUG Engine               - configClass: Optional.empty
07:09:32.360 [FXGL Background Thread 3 ] DEBUG Engine               - credits: []
07:09:32.361 [FXGL Background Thread 3 ] DEBUG Engine               - defaultCursor: CursorInfo(imageName=fxgl_default_cursor.png, hotspotX=7.0, hotspotY=6.0)
07:09:32.361 [FXGL Background Thread 3 ] DEBUG Engine               - devBBoxColorProperty: ObjectProperty [value: 0xff0000ff]
07:09:32.361 [FXGL Background Thread 3 ] DEBUG Engine               - devEnableDebugCameraProperty: BooleanProperty [value: false]
07:09:32.361 [FXGL Background Thread 3 ] DEBUG Engine               - devSensorColorProperty: ObjectProperty [value: 0xffff00ff]
07:09:32.361 [FXGL Background Thread 3 ] DEBUG Engine               - devShowBBoxProperty: BooleanProperty [value: false]
07:09:32.362 [FXGL Background Thread 3 ] DEBUG Engine               - devShowPositionProperty: BooleanProperty [value: false]
07:09:32.362 [FXGL Background Thread 3 ] DEBUG Engine               - enabledMenuItems: []
07:09:32.362 [FXGL Background Thread 3 ] DEBUG Engine               - engineServices: [class com.almasb.fxgl.app.services.FXGLAssetLoaderService, class com.almasb.fxgl.app.FXGLApplication$GameApplicationService, class com.almasb.fxgl.app.services.FXGLDialogService, class com.almasb.fxgl.app.services.IOTaskExecutorService, class com.almasb.fxgl.io.FileSystemService, class com.almasb.fxgl.localization.LocalizationService, class com.almasb.fxgl.app.services.SystemBundleService, class com.almasb.fxgl.profile.SaveLoadService, class com.almasb.fxgl.ui.FXGLUIFactoryServiceProvider, class com.almasb.fxgl.ui.FXGLDialogFactoryServiceProvider, class com.almasb.fxgl.audio.AudioPlayer, class com.almasb.fxgl.notification.impl.NotificationServiceProvider, class com.almasb.fxgl.achievement.AchievementService, class com.almasb.fxgl.cutscene.CutsceneService, class com.almasb.fxgl.minigames.MiniGameService, class com.almasb.fxgl.net.NetService, class com.almasb.fxgl.app.services.UpdaterService, class com.almasb.fxgl.dev.DevService]
07:09:32.362 [FXGL Background Thread 3 ] DEBUG Engine               - fontGame: Abel-Regular.ttf
07:09:32.362 [FXGL Background Thread 3 ] DEBUG Engine               - fontMono: TerminalLandMono-Regular.otf
07:09:32.362 [FXGL Background Thread 3 ] DEBUG Engine               - fontText: Courier-Prime.ttf
07:09:32.362 [FXGL Background Thread 3 ] DEBUG Engine               - fontUI: VarelaRound-Regular.ttf
07:09:32.362 [FXGL Background Thread 3 ] DEBUG Engine               - fullScreen: BooleanProperty [value: false]
07:09:32.362 [FXGL Background Thread 3 ] DEBUG Engine               - gameDifficulty: MEDIUM
07:09:32.362 [FXGL Background Thread 3 ] DEBUG Engine               - gameDifficultyProperty: ObjectProperty [value: MEDIUM]
07:09:32.362 [FXGL Background Thread 3 ] DEBUG Engine               - globalMusicVolume: 0.5
07:09:32.362 [FXGL Background Thread 3 ] DEBUG Engine               - globalMusicVolumeProperty: DoubleProperty [value: 0.25]
07:09:32.362 [FXGL Background Thread 3 ] DEBUG Engine               - globalSoundVolume: 0.5
07:09:32.362 [FXGL Background Thread 3 ] DEBUG Engine               - globalSoundVolumeProperty: DoubleProperty [value: 0.5]
07:09:32.362 [FXGL Background Thread 3 ] DEBUG Engine               - height: 720
07:09:32.362 [FXGL Background Thread 3 ] DEBUG Engine               - is3D: false
07:09:32.362 [FXGL Background Thread 3 ] DEBUG Engine               - isAndroid: false
07:09:32.362 [FXGL Background Thread 3 ] DEBUG Engine               - isBrowser: false
07:09:32.362 [FXGL Background Thread 3 ] DEBUG Engine               - isClickFeedbackEnabled: false
07:09:32.363 [FXGL Background Thread 3 ] DEBUG Engine               - isCloseConfirmation: false
07:09:32.363 [FXGL Background Thread 3 ] DEBUG Engine               - isDesktop: true
07:09:32.363 [FXGL Background Thread 3 ] DEBUG Engine               - isDeveloperMenuEnabled: true
07:09:32.363 [FXGL Background Thread 3 ] DEBUG Engine               - isEmbedded: false
07:09:32.363 [FXGL Background Thread 3 ] DEBUG Engine               - isEntityPreloadEnabled: true
07:09:32.363 [FXGL Background Thread 3 ] DEBUG Engine               - isExperimentalTiledLargeMap: false
07:09:32.363 [FXGL Background Thread 3 ] DEBUG Engine               - isFileSystemWriteAllowed: true
07:09:32.363 [FXGL Background Thread 3 ] DEBUG Engine               - isFullScreenAllowed: false
07:09:32.363 [FXGL Background Thread 3 ] DEBUG Engine               - isFullScreenFromStart: false
07:09:32.363 [FXGL Background Thread 3 ] DEBUG Engine               - isGameMenuEnabled: true
07:09:32.363 [FXGL Background Thread 3 ] DEBUG Engine               - isIOS: false
07:09:32.363 [FXGL Background Thread 3 ] DEBUG Engine               - isIntroEnabled: false
07:09:32.363 [FXGL Background Thread 3 ] DEBUG Engine               - isLinux: false
07:09:32.363 [FXGL Background Thread 3 ] DEBUG Engine               - isMac: false
07:09:32.363 [FXGL Background Thread 3 ] DEBUG Engine               - isMainMenuEnabled: true
07:09:32.363 [FXGL Background Thread 3 ] DEBUG Engine               - isManualResizeEnabled: false
07:09:32.363 [FXGL Background Thread 3 ] DEBUG Engine               - isMobile: false
07:09:32.363 [FXGL Background Thread 3 ] DEBUG Engine               - isNative: false
07:09:32.363 [FXGL Background Thread 3 ] DEBUG Engine               - isPauseMusicWhenMinimized: true
07:09:32.363 [FXGL Background Thread 3 ] DEBUG Engine               - isPreserveResizeRatio: false
07:09:32.363 [FXGL Background Thread 3 ] DEBUG Engine               - isProfilingEnabled: false
07:09:32.363 [FXGL Background Thread 3 ] DEBUG Engine               - isScaleAffectedOnResize: true
07:09:32.364 [FXGL Background Thread 3 ] DEBUG Engine               - isSingleStep: false
07:09:32.364 [FXGL Background Thread 3 ] DEBUG Engine               - isUserProfileEnabled: false
07:09:32.364 [FXGL Background Thread 3 ] DEBUG Engine               - isWindows: true
07:09:32.364 [FXGL Background Thread 3 ] DEBUG Engine               - language: ObjectProperty [value: ENGLISH]
07:09:32.364 [FXGL Background Thread 3 ] DEBUG Engine               - menuKey: ESCAPE
07:09:32.364 [FXGL Background Thread 3 ] DEBUG Engine               - mouseSensitivity: 0.2
07:09:32.364 [FXGL Background Thread 3 ] DEBUG Engine               - notificationViewClass: class com.almasb.fxgl.notification.view.XboxNotificationView
07:09:32.364 [FXGL Background Thread 3 ] DEBUG Engine               - pixelsPerMeter: 50.0
07:09:32.364 [FXGL Background Thread 3 ] DEBUG Engine               - platform: WINDOWS
07:09:32.364 [FXGL Background Thread 3 ] DEBUG Engine               - prefHeightProperty: ReadOnlyDoubleProperty [value: 720.0]
07:09:32.364 [FXGL Background Thread 3 ] DEBUG Engine               - prefWidthProperty: ReadOnlyDoubleProperty [value: 1280.0]
07:09:32.364 [FXGL Background Thread 3 ] DEBUG Engine               - profileDir: profiles/
07:09:32.364 [FXGL Background Thread 3 ] DEBUG Engine               - profileName: StringProperty [value: DEFAULT]
07:09:32.364 [FXGL Background Thread 3 ] DEBUG Engine               - randomSeed: -1
07:09:32.364 [FXGL Background Thread 3 ] DEBUG Engine               - runtimeInfo: RuntimeInfo(platform=WINDOWS, version=17.2, build=20.08.2022 16.50)
07:09:32.364 [FXGL Background Thread 3 ] DEBUG Engine               - saveFileExt: sav
07:09:32.365 [FXGL Background Thread 3 ] DEBUG Engine               - scaledHeightProp$fxgl: DoubleProperty [bound, value: 720.0]
07:09:32.365 [FXGL Background Thread 3 ] DEBUG Engine               - scaledWidthProp$fxgl: DoubleProperty [bound, value: 1280.0]
07:09:32.365 [FXGL Background Thread 3 ] DEBUG Engine               - sceneFactory: com.sunsofgod.PlatformerApp$1@48405027
07:09:32.365 [FXGL Background Thread 3 ] DEBUG Engine               - secondsIn24h: 60
07:09:32.365 [FXGL Background Thread 3 ] DEBUG Engine               - soundMenuBack: menu/back.wav
07:09:32.365 [FXGL Background Thread 3 ] DEBUG Engine               - soundMenuPress: menu/press.wav
07:09:32.365 [FXGL Background Thread 3 ] DEBUG Engine               - soundMenuSelect: menu/select.wav
07:09:32.365 [FXGL Background Thread 3 ] DEBUG Engine               - soundNotification: core/notification.wav
07:09:32.365 [FXGL Background Thread 3 ] DEBUG Engine               - stageStyle: DECORATED
07:09:32.365 [FXGL Background Thread 3 ] DEBUG Engine               - supportedLanguages: [ENGLISH, FRENCH, GERMAN, HUNGARIAN, RUSSIAN]
07:09:32.365 [FXGL Background Thread 3 ] DEBUG Engine               - ticksPerSecond: -1
07:09:32.365 [FXGL Background Thread 3 ] DEBUG Engine               - title: Untitled
07:09:32.365 [FXGL Background Thread 3 ] DEBUG Engine               - urlGithub: https://github.com/AlmasB/FXGL
07:09:32.365 [FXGL Background Thread 3 ] DEBUG Engine               - urlLeaderboard: http://fxgl-top.herokuapp.com/
07:09:32.365 [FXGL Background Thread 3 ] DEBUG Engine               - urlPOM: https://raw.githubusercontent.com/AlmasB/FXGL/release/README.md
07:09:32.365 [FXGL Background Thread 3 ] DEBUG Engine               - userAppClass: class com.sunsofgod.PlatformerApp
07:09:32.365 [FXGL Background Thread 3 ] DEBUG Engine               - version: 0.0
07:09:32.365 [FXGL Background Thread 3 ] DEBUG Engine               - versionCheckDays: 7
07:09:32.365 [FXGL Background Thread 3 ] DEBUG Engine               - width: 1280
07:09:32.365 [FXGL Background Thread 3 ] DEBUG Engine               - Logging services
07:09:32.365 [FXGL Background Thread 3 ] DEBUG Engine               - class com.almasb.fxgl.app.services.FXGLAssetLoaderService
07:09:32.365 [FXGL Background Thread 3 ] DEBUG Engine               - class com.almasb.fxgl.app.FXGLApplication$GameApplicationService
07:09:32.365 [FXGL Background Thread 3 ] DEBUG Engine               - class com.almasb.fxgl.app.services.FXGLDialogService
07:09:32.365 [FXGL Background Thread 3 ] DEBUG Engine               - class com.almasb.fxgl.app.services.IOTaskExecutorService
07:09:32.365 [FXGL Background Thread 3 ] DEBUG Engine               - class com.almasb.fxgl.io.FileSystemService
07:09:32.365 [FXGL Background Thread 3 ] DEBUG Engine               - class com.almasb.fxgl.localization.LocalizationService
07:09:32.366 [FXGL Background Thread 3 ] DEBUG Engine               - class com.almasb.fxgl.app.services.SystemBundleService
07:09:32.366 [FXGL Background Thread 3 ] DEBUG Engine               - class com.almasb.fxgl.profile.SaveLoadService
07:09:32.366 [FXGL Background Thread 3 ] DEBUG Engine               - class com.almasb.fxgl.ui.FXGLUIFactoryServiceProvider
07:09:32.366 [FXGL Background Thread 3 ] DEBUG Engine               - class com.almasb.fxgl.ui.FXGLDialogFactoryServiceProvider
07:09:32.366 [FXGL Background Thread 3 ] DEBUG Engine               - class com.almasb.fxgl.audio.AudioPlayer
07:09:32.366 [FXGL Background Thread 3 ] DEBUG Engine               - class com.almasb.fxgl.notification.impl.NotificationServiceProvider
07:09:32.366 [FXGL Background Thread 3 ] DEBUG Engine               - class com.almasb.fxgl.achievement.AchievementService
07:09:32.366 [FXGL Background Thread 3 ] DEBUG Engine               - class com.almasb.fxgl.cutscene.CutsceneService
07:09:32.366 [FXGL Background Thread 3 ] DEBUG Engine               - class com.almasb.fxgl.minigames.MiniGameService
07:09:32.366 [FXGL Background Thread 3 ] DEBUG Engine               - class com.almasb.fxgl.net.NetService
07:09:32.366 [FXGL Background Thread 3 ] DEBUG Engine               - class com.almasb.fxgl.app.services.UpdaterService
07:09:32.366 [FXGL Background Thread 3 ] DEBUG Engine               - class com.almasb.fxgl.dev.DevService
07:09:32.869 [JavaFX Application Thread] DEBUG Menu                 - fireNewGame()
07:09:32.869 [JavaFX Application Thread] DEBUG GameApplicationServi - Starting new game
07:09:32.869 [JavaFX Application Thread] DEBUG PrimaryStageWindow   - Pop state: LevelSelectScene
07:09:32.869 [JavaFX Application Thread] DEBUG Input                - Clearing active input actions
07:09:32.871 [JavaFX Application Thread] DEBUG GameApplicationServi - Removing overlay from LevelSelectScene and adding to PlayerSelectScene
07:09:32.872 [JavaFX Application Thread] DEBUG PrimaryStageWindow   - PlayerSelectScene <- LevelSelectScene
07:09:32.872 [JavaFX Application Thread] DEBUG PrimaryStageWindow   - Pop state: PlayerSelectScene
07:09:32.872 [JavaFX Application Thread] DEBUG Input                - Clearing active input actions
07:09:32.872 [JavaFX Application Thread] DEBUG GameApplicationServi - Removing overlay from PlayerSelectScene and adding to RiderMainMenuScene
07:09:32.872 [JavaFX Application Thread] DEBUG PrimaryStageWindow   - RiderMainMenuScene <- PlayerSelectScene
07:09:32.872 [JavaFX Application Thread] DEBUG PrimaryStageWindow   - Pop state: RiderMainMenuScene
07:09:32.873 [JavaFX Application Thread] DEBUG Input                - Clearing active input actions
07:09:32.873 [JavaFX Application Thread] DEBUG GameApplicationServi - Removing overlay from RiderMainMenuScene and adding to FXGLMainMenuDummyScene
07:09:32.874 [JavaFX Application Thread] DEBUG PrimaryStageWindow   - FXGLMainMenuDummyScene <- RiderMainMenuScene
07:09:32.874 [JavaFX Application Thread] DEBUG Input                - Clearing active input actions
07:09:32.878 [JavaFX Application Thread] DEBUG GameApplicationServi - Removing overlay from FXGLMainMenuDummyScene and adding to MainLoadingScene
07:09:32.878 [JavaFX Application Thread] DEBUG PrimaryStageWindow   - FXGLMainMenuDummyScene -> MainLoadingScene
07:09:32.878 [JavaFX Application Thread] DEBUG GameApplicationServi - Clearing previous game
07:09:32.878 [JavaFX Application Thread] DEBUG GameScene            - Clearing game scene
07:09:32.878 [JavaFX Application Thread] DEBUG GameWorld            - Clearing game world
07:09:32.878 [JavaFX Application Thread] DEBUG PhysicsWorld         - Clearing physics world
07:09:32.879 [FXGL Background Thread 2 ] DEBUG FXGLApplication      - Initializing game
07:09:32.908 [FXGL Background Thread 2 ] WARN  TMXLevelLoader       - TiledMap generated from 1.11.0. Supported version: 1.9.0. Some features may not be parsed fully.
07:09:32.915 [FXGL Background Thread 2 ] DEBUG TMXLevelLoader       - Parsed TiledMap: file:/C:/Users/user/Desktop/JavaFXGame/target/classes/assets/levels/tmx/level5.tmx
07:09:32.916 [FXGL Background Thread 2 ] DEBUG TMXLevelLoader       - Creating tile layer entities
07:09:32.917 [FXGL Background Thread 2 ] DEBUG TilesetLoader        - Loading view for layer Tile Layer 1
07:09:32.920 [FXGL Background Thread 2 ] DEBUG TilesetLoader        - Created buffer with size 2450.0x700.0
07:09:32.928 [FXGL Background Thread 2 ] DEBUG TMXLevelLoader       - Creating object layer entities
07:09:32.944 [FXGL Background Thread 2 ] DEBUG FXGLAssetLoaderServi - Loading from file system: file:/C:/Users/user/Desktop/JavaFXGame/target/classes/assets/textures/button.png
07:09:32.955 [FXGL Background Thread 2 ] DEBUG GameWorld            - Clearing removable entities
07:09:32.955 [FXGL Background Thread 2 ] DEBUG GameWorld            - Setting level: com.almasb.fxgl.entity.level.Level@2aaa0933
07:09:32.962 [FXGL Background Thread 2 ] DEBUG FXGLAssetLoaderServi - Loading from file system: file:/C:/Users/user/Desktop/JavaFXGame/target/classes/assets/textures/player1.png
07:09:32.968 [FXGL Background Thread 2 ] DEBUG FXGLAssetLoaderServi - Loading from file system: file:/C:/Users/user/Desktop/JavaFXGame/target/classes/assets/textures/player2.png
07:09:32.970 [FXGL Background Thread 2 ] DEBUG Input                - Clearing active input actions
07:09:32.973 [FXGL Background Thread 2 ] DEBUG Input                - Registered new binding: Jump0 - W
07:09:32.974 [FXGL Background Thread 2 ] DEBUG Input                - Registered new binding: Left0 - A
07:09:32.974 [FXGL Background Thread 2 ] DEBUG Input                - Registered new binding: Right0 - D
07:09:32.974 [FXGL Background Thread 2 ] DEBUG Input                - Registered new binding: Use0 - E
07:09:32.975 [FXGL Background Thread 2 ] DEBUG Input                - Registered new binding: Jump1 - Up
07:09:32.975 [FXGL Background Thread 2 ] DEBUG Input                - Registered new binding: Left1 - Left
07:09:32.975 [FXGL Background Thread 2 ] DEBUG Input                - Registered new binding: Right1 - Right
07:09:32.975 [FXGL Background Thread 2 ] DEBUG Input                - Registered new binding: Use1 - Slash
07:09:32.976 [FXGL Background Thread 2 ] DEBUG FXGLAssetLoaderServi - Loading from file system: file:/C:/Users/user/Desktop/JavaFXGame/target/classes/assets/textures/background/manila.png
07:09:32.990 [FXGL Background Thread 2 ] INFO  FXGLApplication      - Game initialization took: 0.110 sec
07:09:32.992 [JavaFX Application Thread] DEBUG Input                - Clearing active input actions
07:09:32.996 [JavaFX Application Thread] DEBUG GameApplicationServi - Removing overlay from MainLoadingScene and adding to GameScene
07:09:32.998 [JavaFX Application Thread] DEBUG PrimaryStageWindow   - MainLoadingScene -> GameScene
07:09:33.011 [JavaFX Application Thread] DEBUG FXGLAssetLoaderServi - Loading from file system: file:/C:/Users/user/Desktop/JavaFXGame/target/classes/assets/sounds/dead.wav
07:09:33.675 [JavaFX Application Thread] WARN  TMXLevelLoader       - TiledMap generated from 1.11.0. Supported version: 1.9.0. Some features may not be parsed fully.
07:09:33.679 [JavaFX Application Thread] DEBUG TMXLevelLoader       - Parsed TiledMap: file:/C:/Users/user/Desktop/JavaFXGame/target/classes/assets/levels/tmx/level1.tmx
07:09:33.679 [JavaFX Application Thread] DEBUG TMXLevelLoader       - Creating tile layer entities
07:09:33.679 [JavaFX Application Thread] DEBUG TilesetLoader        - Loading view for layer Tile Layer 1
07:09:33.680 [JavaFX Application Thread] DEBUG TilesetLoader        - Created buffer with size 2450.0x700.0
07:09:33.688 [JavaFX Application Thread] DEBUG TMXLevelLoader       - Creating object layer entities
07:09:33.694 [JavaFX Application Thread] DEBUG GameWorld            - Clearing removable entities
07:09:33.696 [JavaFX Application Thread] DEBUG GameWorld            - Setting level: com.almasb.fxgl.entity.level.Level@4dcbb12d
07:09:34.195 [JavaFX Application Thread] DEBUG FXGLAssetLoaderServi - Loading from file system: file:/C:/Users/user/Desktop/JavaFXGame/target/classes/assets/sounds/jump.wav
07:09:50.822 [JavaFX Application Thread] DEBUG FXGLApplication      - Exiting FXGL
07:09:50.822 [JavaFX Application Thread] DEBUG LoopRunner           - Stopping loop
07:09:50.822 [JavaFX Application Thread] DEBUG SystemBundleService  - Saving FXGL system data
07:09:50.824 [JavaFX Application Thread] DEBUG FileSystemAccess     - Writing to: C:\Users\user\Desktop\JavaFXGame\system\fxgl.bundle
07:09:50.825 [JavaFX Application Thread] DEBUG Async                - Shutting down background threads
07:09:50.825 [JavaFX Application Thread] DEBUG PrimaryStageWindow   - Closing main window
07:09:50.835 [JavaFX Application Thread] DEBUG Logger               - Closing Logger
