20:57:08.799 [main                     ] DEBUG Logger               - Configured Logger
20:57:08.817 [main                     ] DEBUG GameApplication      - Logging settings
Title: Untitled
Version: 0.0
Width: 1280
Height: 720
Fullscreen: false
Intro: false
Profiling: false
Single step:false
App Mode: DEVELOPER
Menu Key: ESCAPE
Stage Style: DECORATED
Scene Factory: class com.sunsofgod.PlatformerApp$1

20:57:09.076 [JavaFX Application Thread] DEBUG FXGLApplication      - Initializing FXGL
20:57:09.078 [JavaFX Application Thread] INFO  Engine               - FXGL-17.2 (20.08.2022 16.50) on WINDOWS (J:21.0.4 FX:17.0.12)
20:57:09.079 [JavaFX Application Thread] DEBUG Engine               - JRE Vendor Name: Eclipse Adoptium
20:57:09.079 [JavaFX Application Thread] DEBUG Engine               - Running on OS: Windows 11 version 10.0
20:57:09.079 [JavaFX Application Thread] DEBUG Engine               - Architecture: amd64
20:57:09.079 [JavaFX Application Thread] INFO  Engine               - Source code and latest versions at: https://github.com/AlmasB/FXGL
20:57:09.079 [JavaFX Application Thread] INFO  Engine               -       Ask questions and discuss at: https://github.com/AlmasB/FXGL/discussions
20:57:09.079 [JavaFX Application Thread] INFO  Engine               -              Join the FXGL chat at: https://gitter.im/AlmasB/FXGL
20:57:09.134 [JavaFX Application Thread] DEBUG PrimaryStageWindow   - Creating a JavaFX scene
20:57:09.163 [JavaFX Application Thread] DEBUG PrimaryStageWindow   - Target settings size: 1280.0 x 720.0
20:57:09.163 [JavaFX Application Thread] DEBUG PrimaryStageWindow   - Scaled scene size:    1280.0 x 720.0
20:57:09.164 [JavaFX Application Thread] DEBUG PrimaryStageWindow   - Scaled ratio: (1.0, 1.0)
20:57:09.164 [JavaFX Application Thread] DEBUG PrimaryStageWindow   - Set initial scene to FXGLStartupScene
20:57:09.168 [JavaFX Application Thread] DEBUG PrimaryStageWindow   - Opening main window
20:57:09.225 [JavaFX Application Thread] DEBUG PrimaryStageWindow   - Window border size: (16.0, 39.0)
20:57:09.225 [JavaFX Application Thread] DEBUG PrimaryStageWindow   - Scaled size: 1280.0 x 720.0
20:57:09.226 [JavaFX Application Thread] DEBUG PrimaryStageWindow   - Scaled ratio: (1.0, 1.0)
20:57:09.226 [JavaFX Application Thread] DEBUG PrimaryStageWindow   - Scene size: 1280.0 x 720.0
20:57:09.226 [JavaFX Application Thread] DEBUG PrimaryStageWindow   - Stage size: 1296.0 x 759.0
20:57:09.236 [FXGL Background Thread 1 ] DEBUG Engine               - Initializing environment variables
20:57:09.271 [FXGL Background Thread 1 ] DEBUG FXGLAssetLoaderServi - User app class for loading assets: class com.sunsofgod.PlatformerApp
20:57:09.271 [FXGL Background Thread 1 ] DEBUG GameApplicationServi - Applying CSS: fxgl_dark.css
20:57:09.272 [FXGL Background Thread 1 ] DEBUG FXGLAssetLoaderServi - Loading from file system: jar:file:///C:/Users/Balong/.m2/repository/com/github/almasb/fxgl/17.2/fxgl-17.2.jar!/fxglassets/ui/css/fxgl_dark.css
20:57:09.302 [FXGL Background Thread 1 ] DEBUG GameApplicationServi - Initializing application scenes
20:57:09.331 [FXGL Background Thread 1 ] DEBUG FXGLAssetLoaderServi - Loading from file system: file:/C:/Users/Balong/Desktop/JavaFXGame-1/target/classes/assets/textures/player.png
20:57:09.346 [FXGL Background Thread 1 ] DEBUG GameWorld            - Game world initialized
20:57:09.383 [FXGL Background Thread 1 ] DEBUG PhysicsWorld         - Physics world initialized: appHeight=720, physics.ppm=50.0
20:57:09.383 [FXGL Background Thread 1 ] DEBUG PhysicsWorld         - Using strategy: BRUTE_FORCE
20:57:09.385 [FXGL Background Thread 1 ] DEBUG GameScene            - Game scene initialized: 1280x720
20:57:09.579 [FXGL Background Thread 1 ] DEBUG FXGL.DefaultMenu     - createMenuBodyGameMenu()
20:57:09.584 [FXGL Background Thread 1 ] DEBUG FXGL.DefaultMenu     - createOptionsMenu()
20:57:09.589 [FXGL Background Thread 1 ] DEBUG FXGLAssetLoaderServi - Loading from file system: jar:file:///C:/Users/Balong/.m2/repository/com/github/almasb/fxgl/17.2/fxgl-17.2.jar!/fxglassets/textures/particles/smoke.png
20:57:09.628 [FXGL Background Thread 1 ] DEBUG FXGLAssetLoaderServi - Loading from file system: jar:file:///C:/Users/Balong/.m2/repository/com/github/almasb/fxgl/17.2/fxgl-17.2.jar!/fxglassets/textures/particles/trace_horizontal.png
20:57:09.640 [FXGL Background Thread 1 ] DEBUG GameApplicationServi - Application scenes initialized
20:57:09.648 [FXGL Background Thread 1 ] DEBUG SystemBundleService  - Loading FXGL system data
20:57:09.651 [FXGL Background Thread 1 ] DEBUG FileSystemAccess     - Reading from: C:\Users\Balong\Desktop\JavaFXGame-1\system\fxgl.bundle
20:57:09.657 [FXGL Background Thread 1 ] DEBUG SystemBundleService  - Bundle FXGL: {}
20:57:09.657 [FXGL Background Thread 1 ] DEBUG UpdaterService       - Checking for updates
20:57:09.672 [FXGL Background Thread 4 ] DEBUG FXGLApplication      - Loading fonts
20:57:09.673 [FXGL Background Thread 1 ] DEBUG FXGLApplication      - Loading default localization
20:57:09.673 [FXGL Background Thread 4 ] DEBUG FXGLAssetLoaderServi - Loading from file system: jar:file:///C:/Users/Balong/.m2/repository/com/github/almasb/fxgl/17.2/fxgl-17.2.jar!/fxglassets/ui/fonts/VarelaRound-Regular.ttf
20:57:09.673 [FXGL Background Thread 1 ] DEBUG FXGLAssetLoaderServi - Loading from file system: jar:file:///C:/Users/Balong/.m2/repository/com/github/almasb/fxgl/17.2/fxgl-17.2.jar!/fxglassets/languages/english.lang
20:57:09.686 [FXGL Background Thread 1 ] INFO  FXGLApplication      - FXGL initialization took: 0.450 sec
20:57:09.687 [JavaFX Application Thread] DEBUG FXGLAssetLoaderServi - Loading from file system: jar:file:///C:/Users/Balong/.m2/repository/com/github/almasb/fxgl/17.2/fxgl-17.2.jar!/fxglassets/textures/fxgl_icon.png
20:57:09.692 [JavaFX Application Thread] DEBUG FXGLAssetLoaderServi - Loading from file system: jar:file:///C:/Users/Balong/.m2/repository/com/github/almasb/fxgl/17.2/fxgl-17.2.jar!/fxglassets/textures/fxgl_default_cursor.png
20:57:09.697 [FXGL Background Thread 4 ] DEBUG FXGLAssetLoaderServi - Loading from file system: jar:file:///C:/Users/Balong/.m2/repository/com/github/almasb/fxgl/17.2/fxgl-17.2.jar!/fxglassets/ui/fonts/Abel-Regular.ttf
20:57:09.699 [JavaFX Application Thread] DEBUG Input                - Registered new binding: Screenshot - CTRL+8
20:57:09.699 [JavaFX Application Thread] DEBUG Input                - Registered new binding: Dev Options - 1
20:57:09.700 [JavaFX Application Thread] DEBUG Input                - Registered new binding: Dev Console - 2
20:57:09.700 [JavaFX Application Thread] DEBUG Input                - Registered new binding: System info dump - CTRL+9
20:57:09.700 [JavaFX Application Thread] DEBUG Input                - Registered new binding: Restart - CTRL+R
20:57:09.702 [JavaFX Application Thread] DEBUG Input                - Registered new binding: Toggle Debug Camera - CTRL+7
20:57:09.703 [JavaFX Application Thread] DEBUG LoopRunner           - Starting loop
20:57:09.705 [FXGL Background Thread 4 ] DEBUG FXGLAssetLoaderServi - Loading from file system: jar:file:///C:/Users/Balong/.m2/repository/com/github/almasb/fxgl/17.2/fxgl-17.2.jar!/fxglassets/ui/fonts/TerminalLandMono-Regular.otf
20:57:09.711 [JavaFX Application Thread] DEBUG LoopRunner           - Initializing JavaFX AnimationTimerLoop
20:57:09.712 [JavaFX Application Thread] DEBUG Input                - Clearing active input actions
20:57:09.720 [FXGL Background Thread 4 ] DEBUG FXGLAssetLoaderServi - Loading from file system: jar:file:///C:/Users/Balong/.m2/repository/com/github/almasb/fxgl/17.2/fxgl-17.2.jar!/fxglassets/ui/fonts/Courier-Prime.ttf
20:57:09.720 [JavaFX Application Thread] DEBUG GameApplicationServi - Removing overlay from FXGLStartupScene and adding to FXGLMainMenuDummyScene
20:57:09.722 [JavaFX Application Thread] DEBUG PrimaryStageWindow   - FXGLStartupScene -> FXGLMainMenuDummyScene
20:57:09.722 [JavaFX Application Thread] DEBUG PrimaryStageWindow   - Push state: RiderMainMenuScene
20:57:09.722 [JavaFX Application Thread] DEBUG Input                - Clearing active input actions
20:57:09.728 [JavaFX Application Thread] DEBUG GameApplicationServi - Removing overlay from FXGLMainMenuDummyScene and adding to RiderMainMenuScene
20:57:09.728 [JavaFX Application Thread] DEBUG PrimaryStageWindow   - FXGLMainMenuDummyScene -> RiderMainMenuScene
20:57:09.865 [JavaFX Application Thread] DEBUG FXGLApplication      - Registering font factories with UI factory
20:57:10.298 [FXGL Background Thread 2 ] INFO  UpdaterService       - Your current version:  17.2
20:57:10.298 [FXGL Background Thread 2 ] INFO  UpdaterService       - Latest stable version: 21.1
20:57:12.672 [FXGL Background Thread 3 ] DEBUG Engine               - Logging environment variables
20:57:12.672 [FXGL Background Thread 3 ] DEBUG Engine               - achievements: []
20:57:12.672 [FXGL Background Thread 3 ] DEBUG Engine               - actualHeight: 720.0
20:57:12.672 [FXGL Background Thread 3 ] DEBUG Engine               - actualHeightProperty: ReadOnlyDoubleProperty [value: 720.0]
20:57:12.672 [FXGL Background Thread 3 ] DEBUG Engine               - actualWidth: 1280.0
20:57:12.672 [FXGL Background Thread 3 ] DEBUG Engine               - actualWidthProperty: ReadOnlyDoubleProperty [value: 1280.0]
20:57:12.672 [FXGL Background Thread 3 ] DEBUG Engine               - appIcon: fxgl_icon.png
20:57:12.672 [FXGL Background Thread 3 ] DEBUG Engine               - applicationMode: DEVELOPER
20:57:12.673 [FXGL Background Thread 3 ] DEBUG Engine               - cSSList: [fxgl_dark.css]
20:57:12.673 [FXGL Background Thread 3 ] DEBUG Engine               - collisionDetectionStrategy: BRUTE_FORCE
20:57:12.673 [FXGL Background Thread 3 ] DEBUG Engine               - configClass: Optional.empty
20:57:12.673 [FXGL Background Thread 3 ] DEBUG Engine               - credits: []
20:57:12.673 [FXGL Background Thread 3 ] DEBUG Engine               - defaultCursor: CursorInfo(imageName=fxgl_default_cursor.png, hotspotX=7.0, hotspotY=6.0)
20:57:12.673 [FXGL Background Thread 3 ] DEBUG Engine               - devBBoxColorProperty: ObjectProperty [value: 0xff0000ff]
20:57:12.673 [FXGL Background Thread 3 ] DEBUG Engine               - devEnableDebugCameraProperty: BooleanProperty [value: false]
20:57:12.673 [FXGL Background Thread 3 ] DEBUG Engine               - devSensorColorProperty: ObjectProperty [value: 0xffff00ff]
20:57:12.673 [FXGL Background Thread 3 ] DEBUG Engine               - devShowBBoxProperty: BooleanProperty [value: false]
20:57:12.673 [FXGL Background Thread 3 ] DEBUG Engine               - devShowPositionProperty: BooleanProperty [value: false]
20:57:12.673 [FXGL Background Thread 3 ] DEBUG Engine               - enabledMenuItems: []
20:57:12.673 [FXGL Background Thread 3 ] DEBUG Engine               - engineServices: [class com.almasb.fxgl.app.services.FXGLAssetLoaderService, class com.almasb.fxgl.app.FXGLApplication$GameApplicationService, class com.almasb.fxgl.app.services.FXGLDialogService, class com.almasb.fxgl.app.services.IOTaskExecutorService, class com.almasb.fxgl.io.FileSystemService, class com.almasb.fxgl.localization.LocalizationService, class com.almasb.fxgl.app.services.SystemBundleService, class com.almasb.fxgl.profile.SaveLoadService, class com.almasb.fxgl.ui.FXGLUIFactoryServiceProvider, class com.almasb.fxgl.ui.FXGLDialogFactoryServiceProvider, class com.almasb.fxgl.audio.AudioPlayer, class com.almasb.fxgl.notification.impl.NotificationServiceProvider, class com.almasb.fxgl.achievement.AchievementService, class com.almasb.fxgl.cutscene.CutsceneService, class com.almasb.fxgl.minigames.MiniGameService, class com.almasb.fxgl.net.NetService, class com.almasb.fxgl.app.services.UpdaterService, class com.almasb.fxgl.dev.DevService]
20:57:12.673 [FXGL Background Thread 3 ] DEBUG Engine               - fontGame: Abel-Regular.ttf
20:57:12.673 [FXGL Background Thread 3 ] DEBUG Engine               - fontMono: TerminalLandMono-Regular.otf
20:57:12.673 [FXGL Background Thread 3 ] DEBUG Engine               - fontText: Courier-Prime.ttf
20:57:12.673 [FXGL Background Thread 3 ] DEBUG Engine               - fontUI: VarelaRound-Regular.ttf
20:57:12.673 [FXGL Background Thread 3 ] DEBUG Engine               - fullScreen: BooleanProperty [value: false]
20:57:12.674 [FXGL Background Thread 3 ] DEBUG Engine               - gameDifficulty: MEDIUM
20:57:12.674 [FXGL Background Thread 3 ] DEBUG Engine               - gameDifficultyProperty: ObjectProperty [value: MEDIUM]
20:57:12.674 [FXGL Background Thread 3 ] DEBUG Engine               - globalMusicVolume: 0.5
20:57:12.674 [FXGL Background Thread 3 ] DEBUG Engine               - globalMusicVolumeProperty: DoubleProperty [value: 0.25]
20:57:12.674 [FXGL Background Thread 3 ] DEBUG Engine               - globalSoundVolume: 0.5
20:57:12.674 [FXGL Background Thread 3 ] DEBUG Engine               - globalSoundVolumeProperty: DoubleProperty [value: 0.5]
20:57:12.674 [FXGL Background Thread 3 ] DEBUG Engine               - height: 720
20:57:12.674 [FXGL Background Thread 3 ] DEBUG Engine               - is3D: false
20:57:12.674 [FXGL Background Thread 3 ] DEBUG Engine               - isAndroid: false
20:57:12.674 [FXGL Background Thread 3 ] DEBUG Engine               - isBrowser: false
20:57:12.674 [FXGL Background Thread 3 ] DEBUG Engine               - isClickFeedbackEnabled: false
20:57:12.674 [FXGL Background Thread 3 ] DEBUG Engine               - isCloseConfirmation: false
20:57:12.674 [FXGL Background Thread 3 ] DEBUG Engine               - isDesktop: true
20:57:12.674 [FXGL Background Thread 3 ] DEBUG Engine               - isDeveloperMenuEnabled: true
20:57:12.674 [FXGL Background Thread 3 ] DEBUG Engine               - isEmbedded: false
20:57:12.674 [FXGL Background Thread 3 ] DEBUG Engine               - isEntityPreloadEnabled: true
20:57:12.674 [FXGL Background Thread 3 ] DEBUG Engine               - isExperimentalTiledLargeMap: false
20:57:12.674 [FXGL Background Thread 3 ] DEBUG Engine               - isFileSystemWriteAllowed: true
20:57:12.674 [FXGL Background Thread 3 ] DEBUG Engine               - isFullScreenAllowed: false
20:57:12.674 [FXGL Background Thread 3 ] DEBUG Engine               - isFullScreenFromStart: false
20:57:12.674 [FXGL Background Thread 3 ] DEBUG Engine               - isGameMenuEnabled: true
20:57:12.674 [FXGL Background Thread 3 ] DEBUG Engine               - isIOS: false
20:57:12.674 [FXGL Background Thread 3 ] DEBUG Engine               - isIntroEnabled: false
20:57:12.674 [FXGL Background Thread 3 ] DEBUG Engine               - isLinux: false
20:57:12.675 [FXGL Background Thread 3 ] DEBUG Engine               - isMac: false
20:57:12.675 [FXGL Background Thread 3 ] DEBUG Engine               - isMainMenuEnabled: true
20:57:12.675 [FXGL Background Thread 3 ] DEBUG Engine               - isManualResizeEnabled: false
20:57:12.675 [FXGL Background Thread 3 ] DEBUG Engine               - isMobile: false
20:57:12.675 [FXGL Background Thread 3 ] DEBUG Engine               - isNative: false
20:57:12.675 [FXGL Background Thread 3 ] DEBUG Engine               - isPauseMusicWhenMinimized: true
20:57:12.675 [FXGL Background Thread 3 ] DEBUG Engine               - isPreserveResizeRatio: false
20:57:12.675 [FXGL Background Thread 3 ] DEBUG Engine               - isProfilingEnabled: false
20:57:12.675 [FXGL Background Thread 3 ] DEBUG Engine               - isScaleAffectedOnResize: true
20:57:12.675 [FXGL Background Thread 3 ] DEBUG Engine               - isSingleStep: false
20:57:12.675 [FXGL Background Thread 3 ] DEBUG Engine               - isUserProfileEnabled: false
20:57:12.675 [FXGL Background Thread 3 ] DEBUG Engine               - isWindows: true
20:57:12.675 [FXGL Background Thread 3 ] DEBUG Engine               - language: ObjectProperty [value: ENGLISH]
20:57:12.675 [FXGL Background Thread 3 ] DEBUG Engine               - menuKey: ESCAPE
20:57:12.675 [FXGL Background Thread 3 ] DEBUG Engine               - mouseSensitivity: 0.2
20:57:12.675 [FXGL Background Thread 3 ] DEBUG Engine               - notificationViewClass: class com.almasb.fxgl.notification.view.XboxNotificationView
20:57:12.675 [FXGL Background Thread 3 ] DEBUG Engine               - pixelsPerMeter: 50.0
20:57:12.675 [FXGL Background Thread 3 ] DEBUG Engine               - platform: WINDOWS
20:57:12.675 [FXGL Background Thread 3 ] DEBUG Engine               - prefHeightProperty: ReadOnlyDoubleProperty [value: 720.0]
20:57:12.675 [FXGL Background Thread 3 ] DEBUG Engine               - prefWidthProperty: ReadOnlyDoubleProperty [value: 1280.0]
20:57:12.675 [FXGL Background Thread 3 ] DEBUG Engine               - profileDir: profiles/
20:57:12.675 [FXGL Background Thread 3 ] DEBUG Engine               - profileName: StringProperty [value: DEFAULT]
20:57:12.675 [FXGL Background Thread 3 ] DEBUG Engine               - randomSeed: -1
20:57:12.676 [FXGL Background Thread 3 ] DEBUG Engine               - runtimeInfo: RuntimeInfo(platform=WINDOWS, version=17.2, build=20.08.2022 16.50)
20:57:12.676 [FXGL Background Thread 3 ] DEBUG Engine               - saveFileExt: sav
20:57:12.676 [FXGL Background Thread 3 ] DEBUG Engine               - scaledHeightProp$fxgl: DoubleProperty [bound, value: 720.0]
20:57:12.676 [FXGL Background Thread 3 ] DEBUG Engine               - scaledWidthProp$fxgl: DoubleProperty [bound, value: 1280.0]
20:57:12.676 [FXGL Background Thread 3 ] DEBUG Engine               - sceneFactory: com.sunsofgod.PlatformerApp$1@5706fb5a
20:57:12.676 [FXGL Background Thread 3 ] DEBUG Engine               - secondsIn24h: 60
20:57:12.676 [FXGL Background Thread 3 ] DEBUG Engine               - soundMenuBack: menu/back.wav
20:57:12.676 [FXGL Background Thread 3 ] DEBUG Engine               - soundMenuPress: menu/press.wav
20:57:12.676 [FXGL Background Thread 3 ] DEBUG Engine               - soundMenuSelect: menu/select.wav
20:57:12.676 [FXGL Background Thread 3 ] DEBUG Engine               - soundNotification: core/notification.wav
20:57:12.676 [FXGL Background Thread 3 ] DEBUG Engine               - stageStyle: DECORATED
20:57:12.676 [FXGL Background Thread 3 ] DEBUG Engine               - supportedLanguages: [ENGLISH, FRENCH, GERMAN, HUNGARIAN, RUSSIAN]
20:57:12.676 [FXGL Background Thread 3 ] DEBUG Engine               - ticksPerSecond: -1
20:57:12.676 [FXGL Background Thread 3 ] DEBUG Engine               - title: Untitled
20:57:12.676 [FXGL Background Thread 3 ] DEBUG Engine               - urlGithub: https://github.com/AlmasB/FXGL
20:57:12.676 [FXGL Background Thread 3 ] DEBUG Engine               - urlLeaderboard: http://fxgl-top.herokuapp.com/
20:57:12.676 [FXGL Background Thread 3 ] DEBUG Engine               - urlPOM: https://raw.githubusercontent.com/AlmasB/FXGL/release/README.md
20:57:12.676 [FXGL Background Thread 3 ] DEBUG Engine               - userAppClass: class com.sunsofgod.PlatformerApp
20:57:12.676 [FXGL Background Thread 3 ] DEBUG Engine               - version: 0.0
20:57:12.676 [FXGL Background Thread 3 ] DEBUG Engine               - versionCheckDays: 7
20:57:12.676 [FXGL Background Thread 3 ] DEBUG Engine               - width: 1280
20:57:12.676 [FXGL Background Thread 3 ] DEBUG Engine               - Logging services
20:57:12.676 [FXGL Background Thread 3 ] DEBUG Engine               - class com.almasb.fxgl.app.services.FXGLAssetLoaderService
20:57:12.676 [FXGL Background Thread 3 ] DEBUG Engine               - class com.almasb.fxgl.app.FXGLApplication$GameApplicationService
20:57:12.676 [FXGL Background Thread 3 ] DEBUG Engine               - class com.almasb.fxgl.app.services.FXGLDialogService
20:57:12.676 [FXGL Background Thread 3 ] DEBUG Engine               - class com.almasb.fxgl.app.services.IOTaskExecutorService
20:57:12.676 [FXGL Background Thread 3 ] DEBUG Engine               - class com.almasb.fxgl.io.FileSystemService
20:57:12.677 [FXGL Background Thread 3 ] DEBUG Engine               - class com.almasb.fxgl.localization.LocalizationService
20:57:12.677 [FXGL Background Thread 3 ] DEBUG Engine               - class com.almasb.fxgl.app.services.SystemBundleService
20:57:12.677 [FXGL Background Thread 3 ] DEBUG Engine               - class com.almasb.fxgl.profile.SaveLoadService
20:57:12.677 [FXGL Background Thread 3 ] DEBUG Engine               - class com.almasb.fxgl.ui.FXGLUIFactoryServiceProvider
20:57:12.677 [FXGL Background Thread 3 ] DEBUG Engine               - class com.almasb.fxgl.ui.FXGLDialogFactoryServiceProvider
20:57:12.677 [FXGL Background Thread 3 ] DEBUG Engine               - class com.almasb.fxgl.audio.AudioPlayer
20:57:12.677 [FXGL Background Thread 3 ] DEBUG Engine               - class com.almasb.fxgl.notification.impl.NotificationServiceProvider
20:57:12.677 [FXGL Background Thread 3 ] DEBUG Engine               - class com.almasb.fxgl.achievement.AchievementService
20:57:12.677 [FXGL Background Thread 3 ] DEBUG Engine               - class com.almasb.fxgl.cutscene.CutsceneService
20:57:12.677 [FXGL Background Thread 3 ] DEBUG Engine               - class com.almasb.fxgl.minigames.MiniGameService
20:57:12.677 [FXGL Background Thread 3 ] DEBUG Engine               - class com.almasb.fxgl.net.NetService
20:57:12.677 [FXGL Background Thread 3 ] DEBUG Engine               - class com.almasb.fxgl.app.services.UpdaterService
20:57:12.677 [FXGL Background Thread 3 ] DEBUG Engine               - class com.almasb.fxgl.dev.DevService
20:57:25.626 [JavaFX Application Thread] DEBUG LoopRunner           - Stopping loop
20:57:25.627 [JavaFX Application Thread] FATAL FXGLApplication      - Uncaught Exception:
java.lang.NullPointerException: Cannot invoke "java.net.URL.toExternalForm()" because the return value of "java.lang.Class.getResource(String)" is null
	at com.sunsofgod/com.sunsofgod.Scenes.PlayerSelectScene.<init>(PlayerSelectScene.java:129)
	at com.sunsofgod/com.sunsofgod.Scenes.RiderMainMenuScene.lambda$2(RiderMainMenuScene.java:152)
	at javafx.base/com.sun.javafx.event.CompositeEventHandler.dispatchBubblingEvent(CompositeEventHandler.java:86)
	at javafx.base/com.sun.javafx.event.EventHandlerManager.dispatchBubblingEvent(EventHandlerManager.java:234)
	at javafx.base/com.sun.javafx.event.EventHandlerManager.dispatchBubblingEvent(EventHandlerManager.java:191)
	at javafx.base/com.sun.javafx.event.CompositeEventDispatcher.dispatchBubblingEvent(CompositeEventDispatcher.java:59)
	at javafx.base/com.sun.javafx.event.BasicEventDispatcher.dispatchEvent(BasicEventDispatcher.java:58)
	at javafx.base/com.sun.javafx.event.EventDispatchChainImpl.dispatchEvent(EventDispatchChainImpl.java:114)
	at javafx.base/com.sun.javafx.event.BasicEventDispatcher.dispatchEvent(BasicEventDispatcher.java:56)
	at javafx.base/com.sun.javafx.event.EventDispatchChainImpl.dispatchEvent(EventDispatchChainImpl.java:114)
	at javafx.base/com.sun.javafx.event.BasicEventDispatcher.dispatchEvent(BasicEventDispatcher.java:56)
	at javafx.base/com.sun.javafx.event.EventDispatchChainImpl.dispatchEvent(EventDispatchChainImpl.java:114)
	at javafx.base/com.sun.javafx.event.EventUtil.fireEventImpl(EventUtil.java:74)
	at javafx.base/com.sun.javafx.event.EventUtil.fireEvent(EventUtil.java:54)
	at javafx.base/javafx.event.Event.fireEvent(Event.java:198)
	at javafx.graphics/javafx.scene.Scene$MouseHandler.process(Scene.java:3897)
	at javafx.graphics/javafx.scene.Scene.processMouseEvent(Scene.java:1878)
	at javafx.graphics/javafx.scene.Scene$ScenePeerListener.mouseEvent(Scene.java:2623)
	at javafx.graphics/com.sun.javafx.tk.quantum.GlassViewEventHandler$MouseEventNotification.run(GlassViewEventHandler.java:411)
	at javafx.graphics/com.sun.javafx.tk.quantum.GlassViewEventHandler$MouseEventNotification.run(GlassViewEventHandler.java:301)
	at java.base/java.security.AccessController.doPrivileged(AccessController.java:400)
	at javafx.graphics/com.sun.javafx.tk.quantum.GlassViewEventHandler.lambda$handleMouseEvent$2(GlassViewEventHandler.java:450)
	at javafx.graphics/com.sun.javafx.tk.quantum.QuantumToolkit.runWithoutRenderLock(QuantumToolkit.java:423)
	at javafx.graphics/com.sun.javafx.tk.quantum.GlassViewEventHandler.handleMouseEvent(GlassViewEventHandler.java:449)
	at javafx.graphics/com.sun.glass.ui.View.handleMouseEvent(View.java:551)
	at javafx.graphics/com.sun.glass.ui.View.notifyMouse(View.java:937)
	at javafx.graphics/com.sun.glass.ui.win.WinApplication._runLoop(Native Method)
	at javafx.graphics/com.sun.glass.ui.win.WinApplication.lambda$runLoop$3(WinApplication.java:184)
	at java.base/java.lang.Thread.run(Thread.java:1583)

20:57:25.629 [JavaFX Application Thread] FATAL FXGLApplication      - Application will now exit
20:57:25.632 [JavaFX Application Thread] DEBUG PrimaryStageWindow   - Push state: ErrorSubScene
20:57:25.632 [JavaFX Application Thread] DEBUG Input                - Clearing active input actions
20:57:25.633 [JavaFX Application Thread] DEBUG GameApplicationServi - Removing overlay from RiderMainMenuScene and adding to ErrorSubScene
20:57:25.634 [JavaFX Application Thread] DEBUG PrimaryStageWindow   - RiderMainMenuScene -> ErrorSubScene
20:57:47.277 [JavaFX Application Thread] DEBUG FXGLApplication      - Exiting FXGL
20:57:47.277 [JavaFX Application Thread] DEBUG Async                - Shutting down background threads
20:57:47.277 [JavaFX Application Thread] DEBUG PrimaryStageWindow   - Closing main window
20:57:47.285 [JavaFX Application Thread] DEBUG Logger               - Closing Logger
