16:33:42.923 [main                     ] DEBUG Logger               - Configured Logger
16:33:42.935 [main                     ] DEBUG GameApplication      - Logging settings
Title: Untitled
Version: 0.0
Width: 1280
Height: 720
Fullscreen: false
Intro: false
Profiling: false
Single step:false
App Mode: DEVELOPER
Menu Key: ESCAPE
Stage Style: DECORATED
Scene Factory: class com.sunsofgod.PlatformerApp$1

16:33:43.178 [JavaFX Application Thread] DEBUG FXGLApplication      - Initializing FXGL
16:33:43.181 [JavaFX Application Thread] INFO  Engine               - FXGL-17.2 (20.08.2022 16.50) on WINDOWS (J:21.0.4 FX:17.0.12)
16:33:43.182 [JavaFX Application Thread] DEBUG Engine               - JRE Vendor Name: Eclipse Adoptium
16:33:43.182 [JavaFX Application Thread] DEBUG Engine               - Running on OS: Windows 11 version 10.0
16:33:43.182 [JavaFX Application Thread] DEBUG Engine               - Architecture: amd64
16:33:43.182 [JavaFX Application Thread] INFO  Engine               - Source code and latest versions at: https://github.com/AlmasB/FXGL
16:33:43.182 [JavaFX Application Thread] INFO  Engine               -       Ask questions and discuss at: https://github.com/AlmasB/FXGL/discussions
16:33:43.183 [JavaFX Application Thread] INFO  Engine               -              Join the FXGL chat at: https://gitter.im/AlmasB/FXGL
16:33:43.250 [JavaFX Application Thread] DEBUG PrimaryStageWindow   - Creating a JavaFX scene
16:33:43.283 [JavaFX Application Thread] DEBUG PrimaryStageWindow   - Target settings size: 1280.0 x 720.0
16:33:43.283 [JavaFX Application Thread] DEBUG PrimaryStageWindow   - Scaled scene size:    1280.0 x 720.0
16:33:43.283 [JavaFX Application Thread] DEBUG PrimaryStageWindow   - Scaled ratio: (1.0, 1.0)
16:33:43.285 [JavaFX Application Thread] DEBUG PrimaryStageWindow   - Set initial scene to FXGLStartupScene
16:33:43.290 [JavaFX Application Thread] DEBUG PrimaryStageWindow   - Opening main window
16:33:43.357 [JavaFX Application Thread] DEBUG PrimaryStageWindow   - Window border size: (16.0, 39.0)
16:33:43.357 [JavaFX Application Thread] DEBUG PrimaryStageWindow   - Scaled size: 1280.0 x 720.0
16:33:43.357 [JavaFX Application Thread] DEBUG PrimaryStageWindow   - Scaled ratio: (1.0, 1.0)
16:33:43.357 [JavaFX Application Thread] DEBUG PrimaryStageWindow   - Scene size: 1280.0 x 720.0
16:33:43.357 [JavaFX Application Thread] DEBUG PrimaryStageWindow   - Stage size: 1296.0 x 759.0
16:33:43.365 [FXGL Background Thread 1 ] DEBUG Engine               - Initializing environment variables
16:33:43.400 [FXGL Background Thread 1 ] DEBUG FXGLAssetLoaderServi - User app class for loading assets: class com.sunsofgod.PlatformerApp
16:33:43.400 [FXGL Background Thread 1 ] DEBUG GameApplicationServi - Applying CSS: fxgl_dark.css
16:33:43.401 [FXGL Background Thread 1 ] DEBUG FXGLAssetLoaderServi - Loading from file system: jar:file:///C:/Users/user/.m2/repository/com/github/almasb/fxgl/17.2/fxgl-17.2.jar!/fxglassets/ui/css/fxgl_dark.css
16:33:43.431 [FXGL Background Thread 1 ] DEBUG GameApplicationServi - Initializing application scenes
16:33:43.468 [FXGL Background Thread 1 ] WARN  FXGLAssetLoaderServi - Asset "/assets/textures/player.png" was not found!
16:33:43.469 [FXGL Background Thread 1 ] WARN  FXGLAssetLoaderServi - Failed to load IMAGE
16:33:43.486 [FXGL Background Thread 1 ] DEBUG GameWorld            - Game world initialized
16:33:43.516 [FXGL Background Thread 1 ] DEBUG PhysicsWorld         - Physics world initialized: appHeight=720, physics.ppm=50.0
16:33:43.517 [FXGL Background Thread 1 ] DEBUG PhysicsWorld         - Using strategy: BRUTE_FORCE
16:33:43.519 [FXGL Background Thread 1 ] DEBUG GameScene            - Game scene initialized: 1280x720
16:33:43.696 [FXGL Background Thread 1 ] DEBUG GameApplicationServi - Application scenes initialized
16:33:43.706 [FXGL Background Thread 1 ] DEBUG SystemBundleService  - Loading FXGL system data
16:33:43.710 [FXGL Background Thread 1 ] DEBUG FileSystemAccess     - Reading from: C:\Users\user\Desktop\JavaFXGame\system\fxgl.bundle
16:33:43.718 [FXGL Background Thread 1 ] DEBUG SystemBundleService  - Bundle FXGL: {}
16:33:43.718 [FXGL Background Thread 1 ] DEBUG UpdaterService       - Checking for updates
16:33:43.737 [FXGL Background Thread 4 ] DEBUG FXGLApplication      - Loading fonts
16:33:43.739 [FXGL Background Thread 1 ] DEBUG FXGLApplication      - Loading default localization
16:33:43.739 [FXGL Background Thread 4 ] DEBUG FXGLAssetLoaderServi - Loading from file system: jar:file:///C:/Users/user/.m2/repository/com/github/almasb/fxgl/17.2/fxgl-17.2.jar!/fxglassets/ui/fonts/VarelaRound-Regular.ttf
16:33:43.739 [FXGL Background Thread 1 ] DEBUG FXGLAssetLoaderServi - Loading from file system: jar:file:///C:/Users/user/.m2/repository/com/github/almasb/fxgl/17.2/fxgl-17.2.jar!/fxglassets/languages/english.lang
16:33:43.761 [FXGL Background Thread 1 ] INFO  FXGLApplication      - FXGL initialization took: 0.397 sec
16:33:43.762 [JavaFX Application Thread] DEBUG FXGLAssetLoaderServi - Loading from file system: jar:file:///C:/Users/user/.m2/repository/com/github/almasb/fxgl/17.2/fxgl-17.2.jar!/fxglassets/textures/fxgl_icon.png
16:33:43.775 [JavaFX Application Thread] DEBUG FXGLAssetLoaderServi - Loading from file system: jar:file:///C:/Users/user/.m2/repository/com/github/almasb/fxgl/17.2/fxgl-17.2.jar!/fxglassets/textures/fxgl_default_cursor.png
16:33:43.777 [FXGL Background Thread 4 ] DEBUG FXGLAssetLoaderServi - Loading from file system: jar:file:///C:/Users/user/.m2/repository/com/github/almasb/fxgl/17.2/fxgl-17.2.jar!/fxglassets/ui/fonts/Abel-Regular.ttf
16:33:43.781 [FXGL Background Thread 4 ] DEBUG FXGLAssetLoaderServi - Loading from file system: jar:file:///C:/Users/user/.m2/repository/com/github/almasb/fxgl/17.2/fxgl-17.2.jar!/fxglassets/ui/fonts/TerminalLandMono-Regular.otf
16:33:43.783 [JavaFX Application Thread] DEBUG Input                - Registered new binding: Screenshot - CTRL+8
16:33:43.784 [JavaFX Application Thread] DEBUG Input                - Registered new binding: Dev Options - 1
16:33:43.785 [JavaFX Application Thread] DEBUG Input                - Registered new binding: Dev Console - 2
16:33:43.785 [FXGL Background Thread 4 ] DEBUG FXGLAssetLoaderServi - Loading from file system: jar:file:///C:/Users/user/.m2/repository/com/github/almasb/fxgl/17.2/fxgl-17.2.jar!/fxglassets/ui/fonts/Courier-Prime.ttf
16:33:43.785 [JavaFX Application Thread] DEBUG Input                - Registered new binding: System info dump - CTRL+9
16:33:43.785 [JavaFX Application Thread] DEBUG Input                - Registered new binding: Restart - CTRL+R
16:33:43.786 [JavaFX Application Thread] DEBUG Input                - Registered new binding: Toggle Debug Camera - CTRL+7
16:33:43.788 [JavaFX Application Thread] DEBUG LoopRunner           - Starting loop
16:33:43.798 [JavaFX Application Thread] DEBUG LoopRunner           - Initializing JavaFX AnimationTimerLoop
16:33:43.799 [JavaFX Application Thread] DEBUG Input                - Clearing active input actions
16:33:43.803 [JavaFX Application Thread] DEBUG GameApplicationServi - Removing overlay from FXGLStartupScene and adding to FXGLMainMenuDummyScene
16:33:43.807 [JavaFX Application Thread] DEBUG PrimaryStageWindow   - FXGLStartupScene -> FXGLMainMenuDummyScene
16:33:43.807 [JavaFX Application Thread] DEBUG PrimaryStageWindow   - Push state: RiderMainMenuScene
16:33:43.807 [JavaFX Application Thread] DEBUG Input                - Clearing active input actions
16:33:43.811 [JavaFX Application Thread] DEBUG GameApplicationServi - Removing overlay from FXGLMainMenuDummyScene and adding to RiderMainMenuScene
16:33:43.812 [JavaFX Application Thread] DEBUG PrimaryStageWindow   - FXGLMainMenuDummyScene -> RiderMainMenuScene
16:33:43.947 [JavaFX Application Thread] DEBUG FXGLApplication      - Registering font factories with UI factory
16:33:44.085 [FXGL Background Thread 2 ] INFO  UpdaterService       - Your current version:  17.2
16:33:44.086 [FXGL Background Thread 2 ] INFO  UpdaterService       - Latest stable version: 21.1
16:33:45.111 [JavaFX Application Thread] DEBUG PrimaryStageWindow   - Push state: PlayerSelectScene
16:33:45.111 [JavaFX Application Thread] DEBUG Input                - Clearing active input actions
16:33:45.112 [JavaFX Application Thread] DEBUG GameApplicationServi - Removing overlay from RiderMainMenuScene and adding to PlayerSelectScene
16:33:45.113 [JavaFX Application Thread] DEBUG PrimaryStageWindow   - RiderMainMenuScene -> PlayerSelectScene
16:33:46.335 [JavaFX Application Thread] DEBUG PrimaryStageWindow   - Push state: LevelSelectScene
16:33:46.336 [JavaFX Application Thread] DEBUG Input                - Clearing active input actions
16:33:46.336 [JavaFX Application Thread] DEBUG GameApplicationServi - Removing overlay from PlayerSelectScene and adding to LevelSelectScene
16:33:46.337 [JavaFX Application Thread] DEBUG PrimaryStageWindow   - PlayerSelectScene -> LevelSelectScene
16:33:46.737 [FXGL Background Thread 3 ] DEBUG Engine               - Logging environment variables
16:33:46.737 [FXGL Background Thread 3 ] DEBUG Engine               - achievements: []
16:33:46.737 [FXGL Background Thread 3 ] DEBUG Engine               - actualHeight: 720.0
16:33:46.737 [FXGL Background Thread 3 ] DEBUG Engine               - actualHeightProperty: ReadOnlyDoubleProperty [value: 720.0]
16:33:46.738 [FXGL Background Thread 3 ] DEBUG Engine               - actualWidth: 1280.0
16:33:46.738 [FXGL Background Thread 3 ] DEBUG Engine               - actualWidthProperty: ReadOnlyDoubleProperty [value: 1280.0]
16:33:46.738 [FXGL Background Thread 3 ] DEBUG Engine               - appIcon: fxgl_icon.png
16:33:46.738 [FXGL Background Thread 3 ] DEBUG Engine               - applicationMode: DEVELOPER
16:33:46.738 [FXGL Background Thread 3 ] DEBUG Engine               - cSSList: [fxgl_dark.css]
16:33:46.738 [FXGL Background Thread 3 ] DEBUG Engine               - collisionDetectionStrategy: BRUTE_FORCE
16:33:46.738 [FXGL Background Thread 3 ] DEBUG Engine               - configClass: Optional.empty
16:33:46.738 [FXGL Background Thread 3 ] DEBUG Engine               - credits: []
16:33:46.739 [FXGL Background Thread 3 ] DEBUG Engine               - defaultCursor: CursorInfo(imageName=fxgl_default_cursor.png, hotspotX=7.0, hotspotY=6.0)
16:33:46.739 [FXGL Background Thread 3 ] DEBUG Engine               - devBBoxColorProperty: ObjectProperty [value: 0xff0000ff]
16:33:46.739 [FXGL Background Thread 3 ] DEBUG Engine               - devEnableDebugCameraProperty: BooleanProperty [value: false]
16:33:46.739 [FXGL Background Thread 3 ] DEBUG Engine               - devSensorColorProperty: ObjectProperty [value: 0xffff00ff]
16:33:46.739 [FXGL Background Thread 3 ] DEBUG Engine               - devShowBBoxProperty: BooleanProperty [value: false]
16:33:46.739 [FXGL Background Thread 3 ] DEBUG Engine               - devShowPositionProperty: BooleanProperty [value: false]
16:33:46.739 [FXGL Background Thread 3 ] DEBUG Engine               - enabledMenuItems: []
16:33:46.739 [FXGL Background Thread 3 ] DEBUG Engine               - engineServices: [class com.almasb.fxgl.app.services.FXGLAssetLoaderService, class com.almasb.fxgl.app.FXGLApplication$GameApplicationService, class com.almasb.fxgl.app.services.FXGLDialogService, class com.almasb.fxgl.app.services.IOTaskExecutorService, class com.almasb.fxgl.io.FileSystemService, class com.almasb.fxgl.localization.LocalizationService, class com.almasb.fxgl.app.services.SystemBundleService, class com.almasb.fxgl.profile.SaveLoadService, class com.almasb.fxgl.ui.FXGLUIFactoryServiceProvider, class com.almasb.fxgl.ui.FXGLDialogFactoryServiceProvider, class com.almasb.fxgl.audio.AudioPlayer, class com.almasb.fxgl.notification.impl.NotificationServiceProvider, class com.almasb.fxgl.achievement.AchievementService, class com.almasb.fxgl.cutscene.CutsceneService, class com.almasb.fxgl.minigames.MiniGameService, class com.almasb.fxgl.net.NetService, class com.almasb.fxgl.app.services.UpdaterService, class com.almasb.fxgl.dev.DevService]
16:33:46.740 [FXGL Background Thread 3 ] DEBUG Engine               - fontGame: Abel-Regular.ttf
16:33:46.740 [FXGL Background Thread 3 ] DEBUG Engine               - fontMono: TerminalLandMono-Regular.otf
16:33:46.740 [FXGL Background Thread 3 ] DEBUG Engine               - fontText: Courier-Prime.ttf
16:33:46.740 [FXGL Background Thread 3 ] DEBUG Engine               - fontUI: VarelaRound-Regular.ttf
16:33:46.740 [FXGL Background Thread 3 ] DEBUG Engine               - fullScreen: BooleanProperty [value: false]
16:33:46.740 [FXGL Background Thread 3 ] DEBUG Engine               - gameDifficulty: MEDIUM
16:33:46.740 [FXGL Background Thread 3 ] DEBUG Engine               - gameDifficultyProperty: ObjectProperty [value: MEDIUM]
16:33:46.740 [FXGL Background Thread 3 ] DEBUG Engine               - globalMusicVolume: 0.5
16:33:46.740 [FXGL Background Thread 3 ] DEBUG Engine               - globalMusicVolumeProperty: DoubleProperty [value: 0.25]
16:33:46.740 [FXGL Background Thread 3 ] DEBUG Engine               - globalSoundVolume: 0.5
16:33:46.740 [FXGL Background Thread 3 ] DEBUG Engine               - globalSoundVolumeProperty: DoubleProperty [value: 0.5]
16:33:46.740 [FXGL Background Thread 3 ] DEBUG Engine               - height: 720
16:33:46.740 [FXGL Background Thread 3 ] DEBUG Engine               - is3D: false
16:33:46.740 [FXGL Background Thread 3 ] DEBUG Engine               - isAndroid: false
16:33:46.740 [FXGL Background Thread 3 ] DEBUG Engine               - isBrowser: false
16:33:46.740 [FXGL Background Thread 3 ] DEBUG Engine               - isClickFeedbackEnabled: false
16:33:46.740 [FXGL Background Thread 3 ] DEBUG Engine               - isCloseConfirmation: false
16:33:46.740 [FXGL Background Thread 3 ] DEBUG Engine               - isDesktop: true
16:33:46.740 [FXGL Background Thread 3 ] DEBUG Engine               - isDeveloperMenuEnabled: true
16:33:46.740 [FXGL Background Thread 3 ] DEBUG Engine               - isEmbedded: false
16:33:46.740 [FXGL Background Thread 3 ] DEBUG Engine               - isEntityPreloadEnabled: true
16:33:46.740 [FXGL Background Thread 3 ] DEBUG Engine               - isExperimentalTiledLargeMap: false
16:33:46.740 [FXGL Background Thread 3 ] DEBUG Engine               - isFileSystemWriteAllowed: true
16:33:46.741 [FXGL Background Thread 3 ] DEBUG Engine               - isFullScreenAllowed: false
16:33:46.741 [FXGL Background Thread 3 ] DEBUG Engine               - isFullScreenFromStart: false
16:33:46.741 [FXGL Background Thread 3 ] DEBUG Engine               - isGameMenuEnabled: true
16:33:46.741 [FXGL Background Thread 3 ] DEBUG Engine               - isIOS: false
16:33:46.741 [FXGL Background Thread 3 ] DEBUG Engine               - isIntroEnabled: false
16:33:46.741 [FXGL Background Thread 3 ] DEBUG Engine               - isLinux: false
16:33:46.741 [FXGL Background Thread 3 ] DEBUG Engine               - isMac: false
16:33:46.741 [FXGL Background Thread 3 ] DEBUG Engine               - isMainMenuEnabled: true
16:33:46.741 [FXGL Background Thread 3 ] DEBUG Engine               - isManualResizeEnabled: false
16:33:46.741 [FXGL Background Thread 3 ] DEBUG Engine               - isMobile: false
16:33:46.741 [FXGL Background Thread 3 ] DEBUG Engine               - isNative: false
16:33:46.741 [FXGL Background Thread 3 ] DEBUG Engine               - isPauseMusicWhenMinimized: true
16:33:46.741 [FXGL Background Thread 3 ] DEBUG Engine               - isPreserveResizeRatio: false
16:33:46.741 [FXGL Background Thread 3 ] DEBUG Engine               - isProfilingEnabled: false
16:33:46.741 [FXGL Background Thread 3 ] DEBUG Engine               - isScaleAffectedOnResize: true
16:33:46.741 [FXGL Background Thread 3 ] DEBUG Engine               - isSingleStep: false
16:33:46.741 [FXGL Background Thread 3 ] DEBUG Engine               - isUserProfileEnabled: false
16:33:46.741 [FXGL Background Thread 3 ] DEBUG Engine               - isWindows: true
16:33:46.741 [FXGL Background Thread 3 ] DEBUG Engine               - language: ObjectProperty [value: ENGLISH]
16:33:46.742 [FXGL Background Thread 3 ] DEBUG Engine               - menuKey: ESCAPE
16:33:46.742 [FXGL Background Thread 3 ] DEBUG Engine               - mouseSensitivity: 0.2
16:33:46.742 [FXGL Background Thread 3 ] DEBUG Engine               - notificationViewClass: class com.almasb.fxgl.notification.view.XboxNotificationView
16:33:46.742 [FXGL Background Thread 3 ] DEBUG Engine               - pixelsPerMeter: 50.0
16:33:46.742 [FXGL Background Thread 3 ] DEBUG Engine               - platform: WINDOWS
16:33:46.742 [FXGL Background Thread 3 ] DEBUG Engine               - prefHeightProperty: ReadOnlyDoubleProperty [value: 720.0]
16:33:46.742 [FXGL Background Thread 3 ] DEBUG Engine               - prefWidthProperty: ReadOnlyDoubleProperty [value: 1280.0]
16:33:46.742 [FXGL Background Thread 3 ] DEBUG Engine               - profileDir: profiles/
16:33:46.742 [FXGL Background Thread 3 ] DEBUG Engine               - profileName: StringProperty [value: DEFAULT]
16:33:46.742 [FXGL Background Thread 3 ] DEBUG Engine               - randomSeed: -1
16:33:46.742 [FXGL Background Thread 3 ] DEBUG Engine               - runtimeInfo: RuntimeInfo(platform=WINDOWS, version=17.2, build=20.08.2022 16.50)
16:33:46.742 [FXGL Background Thread 3 ] DEBUG Engine               - saveFileExt: sav
16:33:46.742 [FXGL Background Thread 3 ] DEBUG Engine               - scaledHeightProp$fxgl: DoubleProperty [bound, value: 720.0]
16:33:46.742 [FXGL Background Thread 3 ] DEBUG Engine               - scaledWidthProp$fxgl: DoubleProperty [bound, value: 1280.0]
16:33:46.742 [FXGL Background Thread 3 ] DEBUG Engine               - sceneFactory: com.sunsofgod.PlatformerApp$1@3619f2d6
16:33:46.742 [FXGL Background Thread 3 ] DEBUG Engine               - secondsIn24h: 60
16:33:46.742 [FXGL Background Thread 3 ] DEBUG Engine               - soundMenuBack: menu/back.wav
16:33:46.742 [FXGL Background Thread 3 ] DEBUG Engine               - soundMenuPress: menu/press.wav
16:33:46.742 [FXGL Background Thread 3 ] DEBUG Engine               - soundMenuSelect: menu/select.wav
16:33:46.743 [FXGL Background Thread 3 ] DEBUG Engine               - soundNotification: core/notification.wav
16:33:46.743 [FXGL Background Thread 3 ] DEBUG Engine               - stageStyle: DECORATED
16:33:46.743 [FXGL Background Thread 3 ] DEBUG Engine               - supportedLanguages: [ENGLISH, FRENCH, GERMAN, HUNGARIAN, RUSSIAN]
16:33:46.743 [FXGL Background Thread 3 ] DEBUG Engine               - ticksPerSecond: -1
16:33:46.743 [FXGL Background Thread 3 ] DEBUG Engine               - title: Untitled
16:33:46.743 [FXGL Background Thread 3 ] DEBUG Engine               - urlGithub: https://github.com/AlmasB/FXGL
16:33:46.743 [FXGL Background Thread 3 ] DEBUG Engine               - urlLeaderboard: http://fxgl-top.herokuapp.com/
16:33:46.743 [FXGL Background Thread 3 ] DEBUG Engine               - urlPOM: https://raw.githubusercontent.com/AlmasB/FXGL/release/README.md
16:33:46.743 [FXGL Background Thread 3 ] DEBUG Engine               - userAppClass: class com.sunsofgod.PlatformerApp
16:33:46.743 [FXGL Background Thread 3 ] DEBUG Engine               - version: 0.0
16:33:46.743 [FXGL Background Thread 3 ] DEBUG Engine               - versionCheckDays: 7
16:33:46.743 [FXGL Background Thread 3 ] DEBUG Engine               - width: 1280
16:33:46.743 [FXGL Background Thread 3 ] DEBUG Engine               - Logging services
16:33:46.743 [FXGL Background Thread 3 ] DEBUG Engine               - class com.almasb.fxgl.app.services.FXGLAssetLoaderService
16:33:46.743 [FXGL Background Thread 3 ] DEBUG Engine               - class com.almasb.fxgl.app.FXGLApplication$GameApplicationService
16:33:46.743 [FXGL Background Thread 3 ] DEBUG Engine               - class com.almasb.fxgl.app.services.FXGLDialogService
16:33:46.743 [FXGL Background Thread 3 ] DEBUG Engine               - class com.almasb.fxgl.app.services.IOTaskExecutorService
16:33:46.743 [FXGL Background Thread 3 ] DEBUG Engine               - class com.almasb.fxgl.io.FileSystemService
16:33:46.743 [FXGL Background Thread 3 ] DEBUG Engine               - class com.almasb.fxgl.localization.LocalizationService
16:33:46.743 [FXGL Background Thread 3 ] DEBUG Engine               - class com.almasb.fxgl.app.services.SystemBundleService
16:33:46.743 [FXGL Background Thread 3 ] DEBUG Engine               - class com.almasb.fxgl.profile.SaveLoadService
16:33:46.743 [FXGL Background Thread 3 ] DEBUG Engine               - class com.almasb.fxgl.ui.FXGLUIFactoryServiceProvider
16:33:46.743 [FXGL Background Thread 3 ] DEBUG Engine               - class com.almasb.fxgl.ui.FXGLDialogFactoryServiceProvider
16:33:46.743 [FXGL Background Thread 3 ] DEBUG Engine               - class com.almasb.fxgl.audio.AudioPlayer
16:33:46.743 [FXGL Background Thread 3 ] DEBUG Engine               - class com.almasb.fxgl.notification.impl.NotificationServiceProvider
16:33:46.743 [FXGL Background Thread 3 ] DEBUG Engine               - class com.almasb.fxgl.achievement.AchievementService
16:33:46.743 [FXGL Background Thread 3 ] DEBUG Engine               - class com.almasb.fxgl.cutscene.CutsceneService
16:33:46.743 [FXGL Background Thread 3 ] DEBUG Engine               - class com.almasb.fxgl.minigames.MiniGameService
16:33:46.743 [FXGL Background Thread 3 ] DEBUG Engine               - class com.almasb.fxgl.net.NetService
16:33:46.743 [FXGL Background Thread 3 ] DEBUG Engine               - class com.almasb.fxgl.app.services.UpdaterService
16:33:46.743 [FXGL Background Thread 3 ] DEBUG Engine               - class com.almasb.fxgl.dev.DevService
16:33:47.052 [JavaFX Application Thread] DEBUG Menu                 - fireNewGame()
16:33:47.053 [JavaFX Application Thread] DEBUG GameApplicationServi - Starting new game
16:33:47.053 [JavaFX Application Thread] DEBUG PrimaryStageWindow   - Pop state: LevelSelectScene
16:33:47.053 [JavaFX Application Thread] DEBUG Input                - Clearing active input actions
16:33:47.053 [JavaFX Application Thread] DEBUG GameApplicationServi - Removing overlay from LevelSelectScene and adding to PlayerSelectScene
16:33:47.055 [JavaFX Application Thread] DEBUG PrimaryStageWindow   - PlayerSelectScene <- LevelSelectScene
16:33:47.056 [JavaFX Application Thread] DEBUG PrimaryStageWindow   - Pop state: PlayerSelectScene
16:33:47.056 [JavaFX Application Thread] DEBUG Input                - Clearing active input actions
16:33:47.056 [JavaFX Application Thread] DEBUG GameApplicationServi - Removing overlay from PlayerSelectScene and adding to RiderMainMenuScene
16:33:47.056 [JavaFX Application Thread] DEBUG PrimaryStageWindow   - RiderMainMenuScene <- PlayerSelectScene
16:33:47.056 [JavaFX Application Thread] DEBUG PrimaryStageWindow   - Pop state: RiderMainMenuScene
16:33:47.056 [JavaFX Application Thread] DEBUG Input                - Clearing active input actions
16:33:47.056 [JavaFX Application Thread] DEBUG GameApplicationServi - Removing overlay from RiderMainMenuScene and adding to FXGLMainMenuDummyScene
16:33:47.057 [JavaFX Application Thread] DEBUG PrimaryStageWindow   - FXGLMainMenuDummyScene <- RiderMainMenuScene
16:33:47.058 [JavaFX Application Thread] DEBUG Input                - Clearing active input actions
16:33:47.063 [JavaFX Application Thread] DEBUG GameApplicationServi - Removing overlay from FXGLMainMenuDummyScene and adding to MainLoadingScene
16:33:47.063 [JavaFX Application Thread] DEBUG PrimaryStageWindow   - FXGLMainMenuDummyScene -> MainLoadingScene
16:33:47.063 [JavaFX Application Thread] DEBUG GameApplicationServi - Clearing previous game
16:33:47.063 [JavaFX Application Thread] DEBUG GameScene            - Clearing game scene
16:33:47.063 [JavaFX Application Thread] DEBUG GameWorld            - Clearing game world
16:33:47.063 [JavaFX Application Thread] DEBUG PhysicsWorld         - Clearing physics world
16:33:47.064 [FXGL Background Thread 2 ] DEBUG FXGLApplication      - Initializing game
16:33:47.091 [FXGL Background Thread 2 ] WARN  TMXLevelLoader       - TiledMap generated from 1.11.0. Supported version: 1.9.0. Some features may not be parsed fully.
16:33:47.102 [FXGL Background Thread 2 ] DEBUG TMXLevelLoader       - Parsed TiledMap: file:/C:/Users/user/Desktop/JavaFXGame/target/classes/assets/levels/tmx/level9.tmx
16:33:47.103 [FXGL Background Thread 2 ] DEBUG TMXLevelLoader       - Creating tile layer entities
16:33:47.104 [FXGL Background Thread 2 ] DEBUG TilesetLoader        - Loading view for layer Tile Layer 1
16:33:47.117 [FXGL Background Thread 2 ] DEBUG TilesetLoader        - Created buffer with size 5950.0x1750.0
16:33:47.126 [FXGL Background Thread 2 ] DEBUG TMXLevelLoader       - Creating object layer entities
16:33:47.140 [FXGL Background Thread 2 ] DEBUG FXGLAssetLoaderServi - Loading from file system: file:/C:/Users/user/Desktop/JavaFXGame/target/classes/assets/textures/button.png
16:33:47.155 [FXGL Background Thread 2 ] DEBUG GameWorld            - Clearing removable entities
16:33:47.155 [FXGL Background Thread 2 ] DEBUG GameWorld            - Setting level: com.almasb.fxgl.entity.level.Level@1bb3f3e6
16:33:47.162 [FXGL Background Thread 2 ] DEBUG FXGLAssetLoaderServi - Loading from file system: file:/C:/Users/user/Desktop/JavaFXGame/target/classes/assets/textures/player1.png
16:33:47.168 [FXGL Background Thread 2 ] DEBUG FXGLAssetLoaderServi - Loading from file system: file:/C:/Users/user/Desktop/JavaFXGame/target/classes/assets/textures/player2.png
16:33:47.170 [FXGL Background Thread 2 ] DEBUG FXGLAssetLoaderServi - Loading from file system: file:/C:/Users/user/Desktop/JavaFXGame/target/classes/assets/textures/player3.png
16:33:47.172 [FXGL Background Thread 2 ] DEBUG Input                - Clearing active input actions
16:33:47.172 [FXGL Background Thread 2 ] DEBUG Input                - Registered new binding: Jump0 - W
16:33:47.172 [FXGL Background Thread 2 ] DEBUG Input                - Registered new binding: Left0 - A
16:33:47.173 [FXGL Background Thread 2 ] DEBUG Input                - Registered new binding: Right0 - D
16:33:47.173 [FXGL Background Thread 2 ] DEBUG Input                - Registered new binding: Use0 - E
16:33:47.173 [FXGL Background Thread 2 ] DEBUG Input                - Registered new binding: Jump1 - Up
16:33:47.173 [FXGL Background Thread 2 ] DEBUG Input                - Registered new binding: Left1 - Left
16:33:47.173 [FXGL Background Thread 2 ] DEBUG Input                - Registered new binding: Right1 - Right
16:33:47.173 [FXGL Background Thread 2 ] DEBUG Input                - Registered new binding: Use1 - Slash
16:33:47.173 [FXGL Background Thread 2 ] DEBUG Input                - Registered new binding: Jump2 - I
16:33:47.173 [FXGL Background Thread 2 ] DEBUG Input                - Registered new binding: Left2 - J
16:33:47.173 [FXGL Background Thread 2 ] DEBUG Input                - Registered new binding: Right2 - L
16:33:47.173 [FXGL Background Thread 2 ] DEBUG Input                - Registered new binding: Use2 - O
16:33:47.174 [FXGL Background Thread 2 ] DEBUG FXGLAssetLoaderServi - Loading from file system: file:/C:/Users/user/Desktop/JavaFXGame/target/classes/assets/textures/background/manila.png
16:33:47.188 [FXGL Background Thread 2 ] INFO  FXGLApplication      - Game initialization took: 0.124 sec
16:33:47.190 [JavaFX Application Thread] DEBUG Input                - Clearing active input actions
16:33:47.193 [JavaFX Application Thread] DEBUG GameApplicationServi - Removing overlay from MainLoadingScene and adding to GameScene
16:33:47.195 [JavaFX Application Thread] DEBUG PrimaryStageWindow   - MainLoadingScene -> GameScene
16:33:47.927 [JavaFX Application Thread] DEBUG FXGLAssetLoaderServi - Loading from file system: file:/C:/Users/user/Desktop/JavaFXGame/target/classes/assets/sounds/jump.wav
16:33:52.093 [JavaFX Application Thread] DEBUG FXGLApplication      - Exiting FXGL
16:33:52.093 [JavaFX Application Thread] DEBUG LoopRunner           - Stopping loop
16:33:52.093 [JavaFX Application Thread] DEBUG SystemBundleService  - Saving FXGL system data
16:33:52.095 [JavaFX Application Thread] DEBUG FileSystemAccess     - Writing to: C:\Users\user\Desktop\JavaFXGame\system\fxgl.bundle
16:33:52.096 [JavaFX Application Thread] DEBUG Async                - Shutting down background threads
16:33:52.096 [JavaFX Application Thread] DEBUG PrimaryStageWindow   - Closing main window
16:33:52.106 [JavaFX Application Thread] DEBUG Logger               - Closing Logger
