02:37:32.291 [main                     ] DEBUG Logger               - Configured Logger
02:37:32.307 [main                     ] DEBUG GameApplication      - Logging settings
Title: Untitled
Version: 0.0
Width: 1280
Height: 720
Fullscreen: false
Intro: false
Profiling: false
Single step:false
App Mode: DEVELOPER
Menu Key: ESCAPE
Stage Style: DECORATED
Scene Factory: class com.sunsofgod.PlatformerApp$1

02:37:32.577 [JavaFX Application Thread] DEBUG FXGLApplication      - Initializing FXGL
02:37:32.581 [JavaFX Application Thread] INFO  Engine               - FXGL-17.2 (20.08.2022 16.50) on WINDOWS (J:21.0.4 FX:17.0.12)
02:37:32.581 [JavaFX Application Thread] DEBUG Engine               - JRE Vendor Name: Eclipse Adoptium
02:37:32.581 [JavaFX Application Thread] DEBUG Engine               - Running on OS: Windows 11 version 10.0
02:37:32.582 [JavaFX Application Thread] DEBUG Engine               - Architecture: amd64
02:37:32.582 [JavaFX Application Thread] INFO  Engine               - Source code and latest versions at: https://github.com/AlmasB/FXGL
02:37:32.582 [JavaFX Application Thread] INFO  Engine               -       Ask questions and discuss at: https://github.com/AlmasB/FXGL/discussions
02:37:32.582 [JavaFX Application Thread] INFO  Engine               -              Join the FXGL chat at: https://gitter.im/AlmasB/FXGL
02:37:32.648 [JavaFX Application Thread] DEBUG PrimaryStageWindow   - Creating a JavaFX scene
02:37:32.678 [JavaFX Application Thread] DEBUG PrimaryStageWindow   - Target settings size: 1280.0 x 720.0
02:37:32.678 [JavaFX Application Thread] DEBUG PrimaryStageWindow   - Scaled scene size:    1280.0 x 720.0
02:37:32.678 [JavaFX Application Thread] DEBUG PrimaryStageWindow   - Scaled ratio: (1.0, 1.0)
02:37:32.679 [JavaFX Application Thread] DEBUG PrimaryStageWindow   - Set initial scene to FXGLStartupScene
02:37:32.683 [JavaFX Application Thread] DEBUG PrimaryStageWindow   - Opening main window
02:37:32.747 [JavaFX Application Thread] DEBUG PrimaryStageWindow   - Window border size: (16.0, 39.0)
02:37:32.747 [JavaFX Application Thread] DEBUG PrimaryStageWindow   - Scaled size: 1280.0 x 720.0
02:37:32.747 [JavaFX Application Thread] DEBUG PrimaryStageWindow   - Scaled ratio: (1.0, 1.0)
02:37:32.748 [JavaFX Application Thread] DEBUG PrimaryStageWindow   - Scene size: 1280.0 x 720.0
02:37:32.748 [JavaFX Application Thread] DEBUG PrimaryStageWindow   - Stage size: 1296.0 x 759.0
02:37:32.755 [FXGL Background Thread 1 ] DEBUG Engine               - Initializing environment variables
02:37:32.794 [FXGL Background Thread 1 ] DEBUG FXGLAssetLoaderServi - User app class for loading assets: class com.sunsofgod.PlatformerApp
02:37:32.794 [FXGL Background Thread 1 ] DEBUG GameApplicationServi - Applying CSS: fxgl_dark.css
02:37:32.795 [FXGL Background Thread 1 ] DEBUG FXGLAssetLoaderServi - Loading from file system: jar:file:///C:/Users/user/.m2/repository/com/github/almasb/fxgl/17.2/fxgl-17.2.jar!/fxglassets/ui/css/fxgl_dark.css
02:37:32.832 [FXGL Background Thread 1 ] DEBUG GameApplicationServi - Initializing application scenes
02:37:32.868 [FXGL Background Thread 1 ] WARN  FXGLAssetLoaderServi - Asset "/assets/textures/player.png" was not found!
02:37:32.868 [FXGL Background Thread 1 ] WARN  FXGLAssetLoaderServi - Failed to load IMAGE
02:37:32.890 [FXGL Background Thread 1 ] DEBUG GameWorld            - Game world initialized
02:37:32.924 [FXGL Background Thread 1 ] DEBUG PhysicsWorld         - Physics world initialized: appHeight=720, physics.ppm=50.0
02:37:32.924 [FXGL Background Thread 1 ] DEBUG PhysicsWorld         - Using strategy: BRUTE_FORCE
02:37:32.927 [FXGL Background Thread 1 ] DEBUG GameScene            - Game scene initialized: 1280x720
02:37:33.127 [FXGL Background Thread 1 ] DEBUG FXGL.DefaultMenu     - createMenuBodyGameMenu()
02:37:33.136 [FXGL Background Thread 1 ] DEBUG FXGL.DefaultMenu     - createOptionsMenu()
02:37:33.143 [FXGL Background Thread 1 ] DEBUG FXGLAssetLoaderServi - Loading from file system: jar:file:///C:/Users/user/.m2/repository/com/github/almasb/fxgl/17.2/fxgl-17.2.jar!/fxglassets/textures/particles/smoke.png
02:37:33.194 [FXGL Background Thread 1 ] DEBUG FXGLAssetLoaderServi - Loading from file system: jar:file:///C:/Users/user/.m2/repository/com/github/almasb/fxgl/17.2/fxgl-17.2.jar!/fxglassets/textures/particles/trace_horizontal.png
02:37:33.204 [FXGL Background Thread 1 ] DEBUG GameApplicationServi - Application scenes initialized
02:37:33.215 [FXGL Background Thread 1 ] DEBUG SystemBundleService  - Loading FXGL system data
02:37:33.219 [FXGL Background Thread 1 ] DEBUG FileSystemAccess     - Reading from: C:\Users\user\Desktop\JavaFXGame\system\fxgl.bundle
02:37:33.229 [FXGL Background Thread 1 ] DEBUG SystemBundleService  - Bundle FXGL: {}
02:37:33.229 [FXGL Background Thread 1 ] DEBUG UpdaterService       - Checking for updates
02:37:33.253 [FXGL Background Thread 4 ] DEBUG FXGLApplication      - Loading fonts
02:37:33.254 [FXGL Background Thread 1 ] DEBUG FXGLApplication      - Loading default localization
02:37:33.254 [FXGL Background Thread 4 ] DEBUG FXGLAssetLoaderServi - Loading from file system: jar:file:///C:/Users/user/.m2/repository/com/github/almasb/fxgl/17.2/fxgl-17.2.jar!/fxglassets/ui/fonts/VarelaRound-Regular.ttf
02:37:33.254 [FXGL Background Thread 1 ] DEBUG FXGLAssetLoaderServi - Loading from file system: jar:file:///C:/Users/user/.m2/repository/com/github/almasb/fxgl/17.2/fxgl-17.2.jar!/fxglassets/languages/english.lang
02:37:33.268 [FXGL Background Thread 1 ] INFO  FXGLApplication      - FXGL initialization took: 0.514 sec
02:37:33.269 [JavaFX Application Thread] DEBUG FXGLAssetLoaderServi - Loading from file system: jar:file:///C:/Users/user/.m2/repository/com/github/almasb/fxgl/17.2/fxgl-17.2.jar!/fxglassets/textures/fxgl_icon.png
02:37:33.279 [JavaFX Application Thread] DEBUG FXGLAssetLoaderServi - Loading from file system: jar:file:///C:/Users/user/.m2/repository/com/github/almasb/fxgl/17.2/fxgl-17.2.jar!/fxglassets/textures/fxgl_default_cursor.png
02:37:33.287 [FXGL Background Thread 4 ] DEBUG FXGLAssetLoaderServi - Loading from file system: jar:file:///C:/Users/user/.m2/repository/com/github/almasb/fxgl/17.2/fxgl-17.2.jar!/fxglassets/ui/fonts/Abel-Regular.ttf
02:37:33.288 [JavaFX Application Thread] DEBUG Input                - Registered new binding: Screenshot - CTRL+8
02:37:33.288 [JavaFX Application Thread] DEBUG Input                - Registered new binding: Dev Options - 1
02:37:33.288 [JavaFX Application Thread] DEBUG Input                - Registered new binding: Dev Console - 2
02:37:33.289 [JavaFX Application Thread] DEBUG Input                - Registered new binding: System info dump - CTRL+9
02:37:33.289 [JavaFX Application Thread] DEBUG Input                - Registered new binding: Restart - CTRL+R
02:37:33.289 [JavaFX Application Thread] DEBUG Input                - Registered new binding: Toggle Debug Camera - CTRL+7
02:37:33.292 [FXGL Background Thread 4 ] DEBUG FXGLAssetLoaderServi - Loading from file system: jar:file:///C:/Users/user/.m2/repository/com/github/almasb/fxgl/17.2/fxgl-17.2.jar!/fxglassets/ui/fonts/TerminalLandMono-Regular.otf
02:37:33.292 [JavaFX Application Thread] DEBUG LoopRunner           - Starting loop
02:37:33.303 [JavaFX Application Thread] DEBUG LoopRunner           - Initializing JavaFX AnimationTimerLoop
02:37:33.305 [JavaFX Application Thread] DEBUG Input                - Clearing active input actions
02:37:33.307 [FXGL Background Thread 4 ] DEBUG FXGLAssetLoaderServi - Loading from file system: jar:file:///C:/Users/user/.m2/repository/com/github/almasb/fxgl/17.2/fxgl-17.2.jar!/fxglassets/ui/fonts/Courier-Prime.ttf
02:37:33.315 [JavaFX Application Thread] DEBUG GameApplicationServi - Removing overlay from FXGLStartupScene and adding to FXGLMainMenuDummyScene
02:37:33.318 [JavaFX Application Thread] DEBUG PrimaryStageWindow   - FXGLStartupScene -> FXGLMainMenuDummyScene
02:37:33.318 [JavaFX Application Thread] DEBUG PrimaryStageWindow   - Push state: RiderMainMenuScene
02:37:33.318 [JavaFX Application Thread] DEBUG Input                - Clearing active input actions
02:37:33.323 [JavaFX Application Thread] DEBUG GameApplicationServi - Removing overlay from FXGLMainMenuDummyScene and adding to RiderMainMenuScene
02:37:33.325 [JavaFX Application Thread] DEBUG PrimaryStageWindow   - FXGLMainMenuDummyScene -> RiderMainMenuScene
02:37:33.472 [JavaFX Application Thread] DEBUG FXGLApplication      - Registering font factories with UI factory
02:37:33.600 [FXGL Background Thread 2 ] INFO  UpdaterService       - Your current version:  17.2
02:37:33.600 [FXGL Background Thread 2 ] INFO  UpdaterService       - Latest stable version: 21.1
02:37:34.069 [JavaFX Application Thread] DEBUG PrimaryStageWindow   - Push state: PlayerSelectScene
02:37:34.069 [JavaFX Application Thread] DEBUG Input                - Clearing active input actions
02:37:34.070 [JavaFX Application Thread] DEBUG GameApplicationServi - Removing overlay from RiderMainMenuScene and adding to PlayerSelectScene
02:37:34.072 [JavaFX Application Thread] DEBUG PrimaryStageWindow   - RiderMainMenuScene -> PlayerSelectScene
02:37:36.253 [FXGL Background Thread 3 ] DEBUG Engine               - Logging environment variables
02:37:36.253 [FXGL Background Thread 3 ] DEBUG Engine               - achievements: []
02:37:36.253 [FXGL Background Thread 3 ] DEBUG Engine               - actualHeight: 720.0
02:37:36.253 [FXGL Background Thread 3 ] DEBUG Engine               - actualHeightProperty: ReadOnlyDoubleProperty [value: 720.0]
02:37:36.253 [FXGL Background Thread 3 ] DEBUG Engine               - actualWidth: 1280.0
02:37:36.253 [FXGL Background Thread 3 ] DEBUG Engine               - actualWidthProperty: ReadOnlyDoubleProperty [value: 1280.0]
02:37:36.254 [FXGL Background Thread 3 ] DEBUG Engine               - appIcon: fxgl_icon.png
02:37:36.254 [FXGL Background Thread 3 ] DEBUG Engine               - applicationMode: DEVELOPER
02:37:36.254 [FXGL Background Thread 3 ] DEBUG Engine               - cSSList: [fxgl_dark.css]
02:37:36.254 [FXGL Background Thread 3 ] DEBUG Engine               - collisionDetectionStrategy: BRUTE_FORCE
02:37:36.254 [FXGL Background Thread 3 ] DEBUG Engine               - configClass: Optional.empty
02:37:36.254 [FXGL Background Thread 3 ] DEBUG Engine               - credits: []
02:37:36.254 [FXGL Background Thread 3 ] DEBUG Engine               - defaultCursor: CursorInfo(imageName=fxgl_default_cursor.png, hotspotX=7.0, hotspotY=6.0)
02:37:36.254 [FXGL Background Thread 3 ] DEBUG Engine               - devBBoxColorProperty: ObjectProperty [value: 0xff0000ff]
02:37:36.254 [FXGL Background Thread 3 ] DEBUG Engine               - devEnableDebugCameraProperty: BooleanProperty [value: false]
02:37:36.254 [FXGL Background Thread 3 ] DEBUG Engine               - devSensorColorProperty: ObjectProperty [value: 0xffff00ff]
02:37:36.254 [FXGL Background Thread 3 ] DEBUG Engine               - devShowBBoxProperty: BooleanProperty [value: false]
02:37:36.254 [FXGL Background Thread 3 ] DEBUG Engine               - devShowPositionProperty: BooleanProperty [value: false]
02:37:36.254 [FXGL Background Thread 3 ] DEBUG Engine               - enabledMenuItems: []
02:37:36.254 [FXGL Background Thread 3 ] DEBUG Engine               - engineServices: [class com.almasb.fxgl.app.services.FXGLAssetLoaderService, class com.almasb.fxgl.app.FXGLApplication$GameApplicationService, class com.almasb.fxgl.app.services.FXGLDialogService, class com.almasb.fxgl.app.services.IOTaskExecutorService, class com.almasb.fxgl.io.FileSystemService, class com.almasb.fxgl.localization.LocalizationService, class com.almasb.fxgl.app.services.SystemBundleService, class com.almasb.fxgl.profile.SaveLoadService, class com.almasb.fxgl.ui.FXGLUIFactoryServiceProvider, class com.almasb.fxgl.ui.FXGLDialogFactoryServiceProvider, class com.almasb.fxgl.audio.AudioPlayer, class com.almasb.fxgl.notification.impl.NotificationServiceProvider, class com.almasb.fxgl.achievement.AchievementService, class com.almasb.fxgl.cutscene.CutsceneService, class com.almasb.fxgl.minigames.MiniGameService, class com.almasb.fxgl.net.NetService, class com.almasb.fxgl.app.services.UpdaterService, class com.almasb.fxgl.dev.DevService]
02:37:36.254 [FXGL Background Thread 3 ] DEBUG Engine               - fontGame: Abel-Regular.ttf
02:37:36.254 [FXGL Background Thread 3 ] DEBUG Engine               - fontMono: TerminalLandMono-Regular.otf
02:37:36.255 [FXGL Background Thread 3 ] DEBUG Engine               - fontText: Courier-Prime.ttf
02:37:36.255 [FXGL Background Thread 3 ] DEBUG Engine               - fontUI: VarelaRound-Regular.ttf
02:37:36.255 [FXGL Background Thread 3 ] DEBUG Engine               - fullScreen: BooleanProperty [value: false]
02:37:36.255 [FXGL Background Thread 3 ] DEBUG Engine               - gameDifficulty: MEDIUM
02:37:36.255 [FXGL Background Thread 3 ] DEBUG Engine               - gameDifficultyProperty: ObjectProperty [value: MEDIUM]
02:37:36.255 [FXGL Background Thread 3 ] DEBUG Engine               - globalMusicVolume: 0.5
02:37:36.255 [FXGL Background Thread 3 ] DEBUG Engine               - globalMusicVolumeProperty: DoubleProperty [value: 0.25]
02:37:36.255 [FXGL Background Thread 3 ] DEBUG Engine               - globalSoundVolume: 0.5
02:37:36.255 [FXGL Background Thread 3 ] DEBUG Engine               - globalSoundVolumeProperty: DoubleProperty [value: 0.5]
02:37:36.255 [FXGL Background Thread 3 ] DEBUG Engine               - height: 720
02:37:36.255 [FXGL Background Thread 3 ] DEBUG Engine               - is3D: false
02:37:36.255 [FXGL Background Thread 3 ] DEBUG Engine               - isAndroid: false
02:37:36.255 [FXGL Background Thread 3 ] DEBUG Engine               - isBrowser: false
02:37:36.255 [FXGL Background Thread 3 ] DEBUG Engine               - isClickFeedbackEnabled: false
02:37:36.255 [FXGL Background Thread 3 ] DEBUG Engine               - isCloseConfirmation: false
02:37:36.255 [FXGL Background Thread 3 ] DEBUG Engine               - isDesktop: true
02:37:36.255 [FXGL Background Thread 3 ] DEBUG Engine               - isDeveloperMenuEnabled: true
02:37:36.255 [FXGL Background Thread 3 ] DEBUG Engine               - isEmbedded: false
02:37:36.255 [FXGL Background Thread 3 ] DEBUG Engine               - isEntityPreloadEnabled: true
02:37:36.255 [FXGL Background Thread 3 ] DEBUG Engine               - isExperimentalTiledLargeMap: false
02:37:36.255 [FXGL Background Thread 3 ] DEBUG Engine               - isFileSystemWriteAllowed: true
02:37:36.255 [FXGL Background Thread 3 ] DEBUG Engine               - isFullScreenAllowed: false
02:37:36.255 [FXGL Background Thread 3 ] DEBUG Engine               - isFullScreenFromStart: false
02:37:36.255 [FXGL Background Thread 3 ] DEBUG Engine               - isGameMenuEnabled: true
02:37:36.255 [FXGL Background Thread 3 ] DEBUG Engine               - isIOS: false
02:37:36.255 [FXGL Background Thread 3 ] DEBUG Engine               - isIntroEnabled: false
02:37:36.256 [FXGL Background Thread 3 ] DEBUG Engine               - isLinux: false
02:37:36.256 [FXGL Background Thread 3 ] DEBUG Engine               - isMac: false
02:37:36.256 [FXGL Background Thread 3 ] DEBUG Engine               - isMainMenuEnabled: true
02:37:36.256 [FXGL Background Thread 3 ] DEBUG Engine               - isManualResizeEnabled: false
02:37:36.256 [FXGL Background Thread 3 ] DEBUG Engine               - isMobile: false
02:37:36.256 [FXGL Background Thread 3 ] DEBUG Engine               - isNative: false
02:37:36.256 [FXGL Background Thread 3 ] DEBUG Engine               - isPauseMusicWhenMinimized: true
02:37:36.256 [FXGL Background Thread 3 ] DEBUG Engine               - isPreserveResizeRatio: false
02:37:36.256 [FXGL Background Thread 3 ] DEBUG Engine               - isProfilingEnabled: false
02:37:36.256 [FXGL Background Thread 3 ] DEBUG Engine               - isScaleAffectedOnResize: true
02:37:36.256 [FXGL Background Thread 3 ] DEBUG Engine               - isSingleStep: false
02:37:36.256 [FXGL Background Thread 3 ] DEBUG Engine               - isUserProfileEnabled: false
02:37:36.256 [FXGL Background Thread 3 ] DEBUG Engine               - isWindows: true
02:37:36.256 [FXGL Background Thread 3 ] DEBUG Engine               - language: ObjectProperty [value: ENGLISH]
02:37:36.257 [FXGL Background Thread 3 ] DEBUG Engine               - menuKey: ESCAPE
02:37:36.257 [FXGL Background Thread 3 ] DEBUG Engine               - mouseSensitivity: 0.2
02:37:36.257 [FXGL Background Thread 3 ] DEBUG Engine               - notificationViewClass: class com.almasb.fxgl.notification.view.XboxNotificationView
02:37:36.257 [FXGL Background Thread 3 ] DEBUG Engine               - pixelsPerMeter: 50.0
02:37:36.257 [FXGL Background Thread 3 ] DEBUG Engine               - platform: WINDOWS
02:37:36.257 [FXGL Background Thread 3 ] DEBUG Engine               - prefHeightProperty: ReadOnlyDoubleProperty [value: 720.0]
02:37:36.257 [FXGL Background Thread 3 ] DEBUG Engine               - prefWidthProperty: ReadOnlyDoubleProperty [value: 1280.0]
02:37:36.257 [FXGL Background Thread 3 ] DEBUG Engine               - profileDir: profiles/
02:37:36.257 [FXGL Background Thread 3 ] DEBUG Engine               - profileName: StringProperty [value: DEFAULT]
02:37:36.257 [FXGL Background Thread 3 ] DEBUG Engine               - randomSeed: -1
02:37:36.257 [FXGL Background Thread 3 ] DEBUG Engine               - runtimeInfo: RuntimeInfo(platform=WINDOWS, version=17.2, build=20.08.2022 16.50)
02:37:36.257 [FXGL Background Thread 3 ] DEBUG Engine               - saveFileExt: sav
02:37:36.257 [FXGL Background Thread 3 ] DEBUG Engine               - scaledHeightProp$fxgl: DoubleProperty [bound, value: 720.0]
02:37:36.257 [FXGL Background Thread 3 ] DEBUG Engine               - scaledWidthProp$fxgl: DoubleProperty [bound, value: 1280.0]
02:37:36.257 [FXGL Background Thread 3 ] DEBUG Engine               - sceneFactory: com.sunsofgod.PlatformerApp$1@7314acb4
02:37:36.257 [FXGL Background Thread 3 ] DEBUG Engine               - secondsIn24h: 60
02:37:36.257 [FXGL Background Thread 3 ] DEBUG Engine               - soundMenuBack: menu/back.wav
02:37:36.257 [FXGL Background Thread 3 ] DEBUG Engine               - soundMenuPress: menu/press.wav
02:37:36.257 [FXGL Background Thread 3 ] DEBUG Engine               - soundMenuSelect: menu/select.wav
02:37:36.257 [FXGL Background Thread 3 ] DEBUG Engine               - soundNotification: core/notification.wav
02:37:36.257 [FXGL Background Thread 3 ] DEBUG Engine               - stageStyle: DECORATED
02:37:36.257 [FXGL Background Thread 3 ] DEBUG Engine               - supportedLanguages: [ENGLISH, FRENCH, GERMAN, HUNGARIAN, RUSSIAN]
02:37:36.258 [FXGL Background Thread 3 ] DEBUG Engine               - ticksPerSecond: -1
02:37:36.258 [FXGL Background Thread 3 ] DEBUG Engine               - title: Untitled
02:37:36.258 [FXGL Background Thread 3 ] DEBUG Engine               - urlGithub: https://github.com/AlmasB/FXGL
02:37:36.258 [FXGL Background Thread 3 ] DEBUG Engine               - urlLeaderboard: http://fxgl-top.herokuapp.com/
02:37:36.258 [FXGL Background Thread 3 ] DEBUG Engine               - urlPOM: https://raw.githubusercontent.com/AlmasB/FXGL/release/README.md
02:37:36.258 [FXGL Background Thread 3 ] DEBUG Engine               - userAppClass: class com.sunsofgod.PlatformerApp
02:37:36.258 [FXGL Background Thread 3 ] DEBUG Engine               - version: 0.0
02:37:36.258 [FXGL Background Thread 3 ] DEBUG Engine               - versionCheckDays: 7
02:37:36.258 [FXGL Background Thread 3 ] DEBUG Engine               - width: 1280
02:37:36.258 [FXGL Background Thread 3 ] DEBUG Engine               - Logging services
02:37:36.258 [FXGL Background Thread 3 ] DEBUG Engine               - class com.almasb.fxgl.app.services.FXGLAssetLoaderService
02:37:36.258 [FXGL Background Thread 3 ] DEBUG Engine               - class com.almasb.fxgl.app.FXGLApplication$GameApplicationService
02:37:36.258 [FXGL Background Thread 3 ] DEBUG Engine               - class com.almasb.fxgl.app.services.FXGLDialogService
02:37:36.258 [FXGL Background Thread 3 ] DEBUG Engine               - class com.almasb.fxgl.app.services.IOTaskExecutorService
02:37:36.258 [FXGL Background Thread 3 ] DEBUG Engine               - class com.almasb.fxgl.io.FileSystemService
02:37:36.258 [FXGL Background Thread 3 ] DEBUG Engine               - class com.almasb.fxgl.localization.LocalizationService
02:37:36.258 [FXGL Background Thread 3 ] DEBUG Engine               - class com.almasb.fxgl.app.services.SystemBundleService
02:37:36.258 [FXGL Background Thread 3 ] DEBUG Engine               - class com.almasb.fxgl.profile.SaveLoadService
02:37:36.258 [FXGL Background Thread 3 ] DEBUG Engine               - class com.almasb.fxgl.ui.FXGLUIFactoryServiceProvider
02:37:36.258 [FXGL Background Thread 3 ] DEBUG Engine               - class com.almasb.fxgl.ui.FXGLDialogFactoryServiceProvider
02:37:36.259 [FXGL Background Thread 3 ] DEBUG Engine               - class com.almasb.fxgl.audio.AudioPlayer
02:37:36.259 [FXGL Background Thread 3 ] DEBUG Engine               - class com.almasb.fxgl.notification.impl.NotificationServiceProvider
02:37:36.259 [FXGL Background Thread 3 ] DEBUG Engine               - class com.almasb.fxgl.achievement.AchievementService
02:37:36.259 [FXGL Background Thread 3 ] DEBUG Engine               - class com.almasb.fxgl.cutscene.CutsceneService
02:37:36.259 [FXGL Background Thread 3 ] DEBUG Engine               - class com.almasb.fxgl.minigames.MiniGameService
02:37:36.259 [FXGL Background Thread 3 ] DEBUG Engine               - class com.almasb.fxgl.net.NetService
02:37:36.259 [FXGL Background Thread 3 ] DEBUG Engine               - class com.almasb.fxgl.app.services.UpdaterService
02:37:36.259 [FXGL Background Thread 3 ] DEBUG Engine               - class com.almasb.fxgl.dev.DevService
02:37:49.955 [JavaFX Application Thread] DEBUG PrimaryStageWindow   - Push state: LevelSelectScene
02:37:49.955 [JavaFX Application Thread] DEBUG Input                - Clearing active input actions
02:37:49.957 [JavaFX Application Thread] DEBUG GameApplicationServi - Removing overlay from PlayerSelectScene and adding to LevelSelectScene
02:37:49.959 [JavaFX Application Thread] DEBUG PrimaryStageWindow   - PlayerSelectScene -> LevelSelectScene
02:37:51.650 [JavaFX Application Thread] DEBUG Menu                 - fireNewGame()
02:37:51.650 [JavaFX Application Thread] DEBUG GameApplicationServi - Starting new game
02:37:51.650 [JavaFX Application Thread] DEBUG PrimaryStageWindow   - Pop state: LevelSelectScene
02:37:51.650 [JavaFX Application Thread] DEBUG Input                - Clearing active input actions
02:37:51.652 [JavaFX Application Thread] DEBUG GameApplicationServi - Removing overlay from LevelSelectScene and adding to PlayerSelectScene
02:37:51.653 [JavaFX Application Thread] DEBUG PrimaryStageWindow   - PlayerSelectScene <- LevelSelectScene
02:37:51.653 [JavaFX Application Thread] DEBUG PrimaryStageWindow   - Pop state: PlayerSelectScene
02:37:51.653 [JavaFX Application Thread] DEBUG Input                - Clearing active input actions
02:37:51.653 [JavaFX Application Thread] DEBUG GameApplicationServi - Removing overlay from PlayerSelectScene and adding to RiderMainMenuScene
02:37:51.653 [JavaFX Application Thread] DEBUG PrimaryStageWindow   - RiderMainMenuScene <- PlayerSelectScene
02:37:51.653 [JavaFX Application Thread] DEBUG PrimaryStageWindow   - Pop state: RiderMainMenuScene
02:37:51.653 [JavaFX Application Thread] DEBUG Input                - Clearing active input actions
02:37:51.654 [JavaFX Application Thread] DEBUG GameApplicationServi - Removing overlay from RiderMainMenuScene and adding to FXGLMainMenuDummyScene
02:37:51.654 [JavaFX Application Thread] DEBUG PrimaryStageWindow   - FXGLMainMenuDummyScene <- RiderMainMenuScene
02:37:51.654 [JavaFX Application Thread] DEBUG Input                - Clearing active input actions
02:37:51.658 [JavaFX Application Thread] DEBUG GameApplicationServi - Removing overlay from FXGLMainMenuDummyScene and adding to MainLoadingScene
02:37:51.659 [JavaFX Application Thread] DEBUG PrimaryStageWindow   - FXGLMainMenuDummyScene -> MainLoadingScene
02:37:51.659 [JavaFX Application Thread] DEBUG GameApplicationServi - Clearing previous game
02:37:51.659 [JavaFX Application Thread] DEBUG GameScene            - Clearing game scene
02:37:51.659 [JavaFX Application Thread] DEBUG GameWorld            - Clearing game world
02:37:51.659 [JavaFX Application Thread] DEBUG PhysicsWorld         - Clearing physics world
02:37:51.660 [FXGL Background Thread 2 ] DEBUG FXGLApplication      - Initializing game
02:37:51.688 [FXGL Background Thread 2 ] WARN  TMXLevelLoader       - TiledMap generated from 1.11.0. Supported version: 1.9.0. Some features may not be parsed fully.
02:37:51.693 [FXGL Background Thread 2 ] DEBUG TMXLevelLoader       - Parsed TiledMap: file:/C:/Users/user/Desktop/JavaFXGame/target/classes/assets/levels/tmx/level2.tmx
02:37:51.693 [FXGL Background Thread 2 ] DEBUG TMXLevelLoader       - Creating tile layer entities
02:37:51.694 [FXGL Background Thread 2 ] DEBUG TilesetLoader        - Loading view for layer Tile Layer 1
02:37:51.696 [FXGL Background Thread 2 ] DEBUG TilesetLoader        - Created buffer with size 1050.0x700.0
02:37:51.706 [FXGL Background Thread 2 ] DEBUG TMXLevelLoader       - Creating object layer entities
02:37:51.720 [FXGL Background Thread 2 ] DEBUG FXGLAssetLoaderServi - Loading from file system: file:/C:/Users/user/Desktop/JavaFXGame/target/classes/assets/textures/button.png
02:37:51.724 [FXGL Background Thread 2 ] DEBUG GameWorld            - Clearing removable entities
02:37:51.725 [FXGL Background Thread 2 ] DEBUG GameWorld            - Setting level: com.almasb.fxgl.entity.level.Level@62ec4685
02:37:51.733 [FXGL Background Thread 2 ] DEBUG FXGLAssetLoaderServi - Loading from file system: file:/C:/Users/user/Desktop/JavaFXGame/target/classes/assets/textures/player1.png
02:37:51.739 [FXGL Background Thread 2 ] DEBUG FXGLAssetLoaderServi - Loading from file system: file:/C:/Users/user/Desktop/JavaFXGame/target/classes/assets/textures/player2.png
02:37:51.743 [FXGL Background Thread 2 ] DEBUG FXGLAssetLoaderServi - Loading from file system: file:/C:/Users/user/Desktop/JavaFXGame/target/classes/assets/textures/player3.png
02:37:51.749 [FXGL Background Thread 2 ] DEBUG Input                - Registered new binding: Jump0 - W
02:37:51.750 [FXGL Background Thread 2 ] DEBUG Input                - Registered new binding: Left0 - A
02:37:51.750 [FXGL Background Thread 2 ] DEBUG Input                - Registered new binding: Right0 - D
02:37:51.750 [FXGL Background Thread 2 ] DEBUG Input                - Registered new binding: Use0 - E
02:37:51.750 [FXGL Background Thread 2 ] DEBUG Input                - Registered new binding: Jump1 - Up
02:37:51.750 [FXGL Background Thread 2 ] DEBUG Input                - Registered new binding: Left1 - Left
02:37:51.750 [FXGL Background Thread 2 ] DEBUG Input                - Registered new binding: Right1 - Right
02:37:51.750 [FXGL Background Thread 2 ] DEBUG Input                - Registered new binding: Use1 - Slash
02:37:51.750 [FXGL Background Thread 2 ] DEBUG Input                - Registered new binding: Jump2 - I
02:37:51.750 [FXGL Background Thread 2 ] DEBUG Input                - Registered new binding: Left2 - J
02:37:51.752 [FXGL Background Thread 2 ] DEBUG Input                - Registered new binding: Right2 - L
02:37:51.752 [FXGL Background Thread 2 ] DEBUG Input                - Registered new binding: Use2 - O
02:37:51.753 [FXGL Background Thread 2 ] DEBUG FXGLAssetLoaderServi - Loading from file system: file:/C:/Users/user/Desktop/JavaFXGame/target/classes/assets/textures/background/manila.png
02:37:51.764 [FXGL Background Thread 2 ] INFO  FXGLApplication      - Game initialization took: 0.104 sec
02:37:51.765 [JavaFX Application Thread] DEBUG Input                - Clearing active input actions
02:37:51.770 [JavaFX Application Thread] DEBUG GameApplicationServi - Removing overlay from MainLoadingScene and adding to GameScene
02:37:51.771 [JavaFX Application Thread] DEBUG PrimaryStageWindow   - MainLoadingScene -> GameScene
02:37:56.491 [JavaFX Application Thread] DEBUG FXGLAssetLoaderServi - Loading from file system: file:/C:/Users/user/Desktop/JavaFXGame/target/classes/assets/textures/exit_sign.png
02:40:51.647 [JavaFX Application Thread] WARN  TMXLevelLoader       - TiledMap generated from 1.11.0. Supported version: 1.9.0. Some features may not be parsed fully.
02:40:51.650 [JavaFX Application Thread] DEBUG TMXLevelLoader       - Parsed TiledMap: file:/C:/Users/user/Desktop/JavaFXGame/target/classes/assets/levels/tmx/level3.tmx
02:40:51.650 [JavaFX Application Thread] DEBUG TMXLevelLoader       - Creating tile layer entities
02:40:51.650 [JavaFX Application Thread] DEBUG TilesetLoader        - Loading view for layer Tile Layer 1
02:40:51.650 [JavaFX Application Thread] DEBUG TilesetLoader        - Created buffer with size 1050.0x700.0
02:40:51.660 [JavaFX Application Thread] DEBUG TMXLevelLoader       - Creating object layer entities
02:40:51.665 [JavaFX Application Thread] DEBUG GameWorld            - Clearing removable entities
02:40:51.667 [JavaFX Application Thread] DEBUG GameWorld            - Setting level: com.almasb.fxgl.entity.level.Level@2d4bdf7
02:40:54.674 [JavaFX Application Thread] DEBUG FXGLApplication      - Exiting FXGL
02:40:54.674 [JavaFX Application Thread] DEBUG LoopRunner           - Stopping loop
02:40:54.674 [JavaFX Application Thread] DEBUG SystemBundleService  - Saving FXGL system data
02:40:54.676 [JavaFX Application Thread] DEBUG FileSystemAccess     - Writing to: C:\Users\user\Desktop\JavaFXGame\system\fxgl.bundle
02:40:54.677 [JavaFX Application Thread] DEBUG Async                - Shutting down background threads
02:40:54.678 [JavaFX Application Thread] DEBUG PrimaryStageWindow   - Closing main window
02:40:54.685 [JavaFX Application Thread] DEBUG Logger               - Closing Logger
