01:26:40.101 [main                     ] DEBUG Logger               - Configured Logger
01:26:40.123 [main                     ] DEBUG GameApplication      - Logging settings
Title: Untitled
Version: 0.0
Width: 1280
Height: 720
Fullscreen: false
Intro: false
Profiling: false
Single step:false
App Mode: DEVELOPER
Menu Key: ESCAPE
Stage Style: DECORATED
Scene Factory: class com.sunsofgod.PlatformerApp$1

01:26:40.429 [JavaFX Application Thread] DEBUG FXGLApplication      - Initializing FXGL
01:26:40.432 [JavaFX Application Thread] INFO  Engine               - FXGL-17.2 (20.08.2022 16.50) on WINDOWS (J:21.0.4 FX:17.0.12)
01:26:40.433 [JavaFX Application Thread] DEBUG Engine               - JRE Vendor Name: Eclipse Adoptium
01:26:40.433 [JavaFX Application Thread] DEBUG Engine               - Running on OS: Windows 11 version 10.0
01:26:40.433 [JavaFX Application Thread] DEBUG Engine               - Architecture: amd64
01:26:40.433 [JavaFX Application Thread] INFO  Engine               - Source code and latest versions at: https://github.com/AlmasB/FXGL
01:26:40.433 [JavaFX Application Thread] INFO  Engine               -       Ask questions and discuss at: https://github.com/AlmasB/FXGL/discussions
01:26:40.435 [JavaFX Application Thread] INFO  Engine               -              Join the FXGL chat at: https://gitter.im/AlmasB/FXGL
01:26:40.519 [JavaFX Application Thread] DEBUG PrimaryStageWindow   - Creating a JavaFX scene
01:26:40.563 [JavaFX Application Thread] DEBUG PrimaryStageWindow   - Target settings size: 1280.0 x 720.0
01:26:40.564 [JavaFX Application Thread] DEBUG PrimaryStageWindow   - Scaled scene size:    1280.0 x 720.0
01:26:40.564 [JavaFX Application Thread] DEBUG PrimaryStageWindow   - Scaled ratio: (1.0, 1.0)
01:26:40.564 [JavaFX Application Thread] DEBUG PrimaryStageWindow   - Set initial scene to FXGLStartupScene
01:26:40.571 [JavaFX Application Thread] DEBUG PrimaryStageWindow   - Opening main window
01:26:40.658 [JavaFX Application Thread] DEBUG PrimaryStageWindow   - Window border size: (14.4000244140625, 37.5999755859375)
01:26:40.658 [JavaFX Application Thread] DEBUG PrimaryStageWindow   - Scaled size: 1280.0 x 720.0
01:26:40.659 [JavaFX Application Thread] DEBUG PrimaryStageWindow   - Scaled ratio: (1.0, 1.0)
01:26:40.659 [JavaFX Application Thread] DEBUG PrimaryStageWindow   - Scene size: 1280.0 x 720.0
01:26:40.659 [JavaFX Application Thread] DEBUG PrimaryStageWindow   - Stage size: 1294.4000244140625 x 757.5999755859375
01:26:40.667 [FXGL Background Thread 1 ] DEBUG Engine               - Initializing environment variables
01:26:40.739 [FXGL Background Thread 1 ] DEBUG FXGLAssetLoaderServi - User app class for loading assets: class com.sunsofgod.PlatformerApp
01:26:40.739 [FXGL Background Thread 1 ] DEBUG GameApplicationServi - Applying CSS: fxgl_dark.css
01:26:40.741 [FXGL Background Thread 1 ] DEBUG FXGLAssetLoaderServi - Loading from file system: jar:file:///C:/Users/Balong/.m2/repository/com/github/almasb/fxgl/17.2/fxgl-17.2.jar!/fxglassets/ui/css/fxgl_dark.css
01:26:40.800 [FXGL Background Thread 1 ] DEBUG GameApplicationServi - Initializing application scenes
01:26:40.857 [FXGL Background Thread 1 ] DEBUG FXGLAssetLoaderServi - Loading from file system: file:/C:/Users/Balong/Desktop/SummerJobShoppee/JavaFXGame/target/classes/assets/textures/player.png
01:26:40.882 [FXGL Background Thread 1 ] DEBUG GameWorld            - Game world initialized
01:26:40.937 [FXGL Background Thread 1 ] DEBUG PhysicsWorld         - Physics world initialized: appHeight=720, physics.ppm=50.0
01:26:40.937 [FXGL Background Thread 1 ] DEBUG PhysicsWorld         - Using strategy: BRUTE_FORCE
01:26:40.940 [FXGL Background Thread 1 ] DEBUG GameScene            - Game scene initialized: 1280x720
01:26:41.145 [FXGL Background Thread 1 ] DEBUG FXGL.DefaultMenu     - createMenuBodyGameMenu()
01:26:41.154 [FXGL Background Thread 1 ] DEBUG FXGL.DefaultMenu     - createOptionsMenu()
01:26:41.163 [FXGL Background Thread 1 ] DEBUG FXGLAssetLoaderServi - Loading from file system: jar:file:///C:/Users/Balong/.m2/repository/com/github/almasb/fxgl/17.2/fxgl-17.2.jar!/fxglassets/textures/particles/smoke.png
01:26:41.217 [FXGL Background Thread 1 ] DEBUG FXGLAssetLoaderServi - Loading from file system: jar:file:///C:/Users/Balong/.m2/repository/com/github/almasb/fxgl/17.2/fxgl-17.2.jar!/fxglassets/textures/particles/trace_horizontal.png
01:26:41.231 [FXGL Background Thread 1 ] DEBUG GameApplicationServi - Application scenes initialized
01:26:41.241 [FXGL Background Thread 1 ] DEBUG SystemBundleService  - Loading FXGL system data
01:26:41.245 [FXGL Background Thread 1 ] DEBUG FileSystemAccess     - Reading from: C:\Users\Balong\Desktop\SummerJobShoppee\JavaFXGame\system\fxgl.bundle
01:26:41.254 [FXGL Background Thread 1 ] DEBUG SystemBundleService  - Bundle FXGL: {}
01:26:41.255 [FXGL Background Thread 1 ] DEBUG UpdaterService       - Checking for updates
01:26:41.285 [FXGL Background Thread 4 ] DEBUG FXGLApplication      - Loading fonts
01:26:41.285 [FXGL Background Thread 1 ] DEBUG FXGLApplication      - Loading default localization
01:26:41.285 [FXGL Background Thread 4 ] DEBUG FXGLAssetLoaderServi - Loading from file system: jar:file:///C:/Users/Balong/.m2/repository/com/github/almasb/fxgl/17.2/fxgl-17.2.jar!/fxglassets/ui/fonts/VarelaRound-Regular.ttf
01:26:41.286 [FXGL Background Thread 1 ] DEBUG FXGLAssetLoaderServi - Loading from file system: jar:file:///C:/Users/Balong/.m2/repository/com/github/almasb/fxgl/17.2/fxgl-17.2.jar!/fxglassets/languages/english.lang
01:26:41.307 [FXGL Background Thread 1 ] INFO  FXGLApplication      - FXGL initialization took: 0.640 sec
01:26:41.309 [JavaFX Application Thread] DEBUG FXGLAssetLoaderServi - Loading from file system: jar:file:///C:/Users/Balong/.m2/repository/com/github/almasb/fxgl/17.2/fxgl-17.2.jar!/fxglassets/textures/fxgl_icon.png
01:26:41.319 [JavaFX Application Thread] DEBUG FXGLAssetLoaderServi - Loading from file system: jar:file:///C:/Users/Balong/.m2/repository/com/github/almasb/fxgl/17.2/fxgl-17.2.jar!/fxglassets/textures/fxgl_default_cursor.png
01:26:41.328 [FXGL Background Thread 4 ] DEBUG FXGLAssetLoaderServi - Loading from file system: jar:file:///C:/Users/Balong/.m2/repository/com/github/almasb/fxgl/17.2/fxgl-17.2.jar!/fxglassets/ui/fonts/Abel-Regular.ttf
01:26:41.337 [FXGL Background Thread 4 ] DEBUG FXGLAssetLoaderServi - Loading from file system: jar:file:///C:/Users/Balong/.m2/repository/com/github/almasb/fxgl/17.2/fxgl-17.2.jar!/fxglassets/ui/fonts/TerminalLandMono-Regular.otf
01:26:41.338 [JavaFX Application Thread] DEBUG Input                - Registered new binding: Screenshot - CTRL+8
01:26:41.339 [JavaFX Application Thread] DEBUG Input                - Registered new binding: Dev Options - 1
01:26:41.340 [JavaFX Application Thread] DEBUG Input                - Registered new binding: Dev Console - 2
01:26:41.341 [JavaFX Application Thread] DEBUG Input                - Registered new binding: System info dump - CTRL+9
01:26:41.342 [JavaFX Application Thread] DEBUG Input                - Registered new binding: Restart - CTRL+R
01:26:41.343 [JavaFX Application Thread] DEBUG Input                - Registered new binding: Toggle Debug Camera - CTRL+7
01:26:41.344 [FXGL Background Thread 4 ] DEBUG FXGLAssetLoaderServi - Loading from file system: jar:file:///C:/Users/Balong/.m2/repository/com/github/almasb/fxgl/17.2/fxgl-17.2.jar!/fxglassets/ui/fonts/Courier-Prime.ttf
01:26:41.348 [JavaFX Application Thread] DEBUG LoopRunner           - Starting loop
01:26:41.363 [JavaFX Application Thread] DEBUG LoopRunner           - Initializing JavaFX AnimationTimerLoop
01:26:41.365 [JavaFX Application Thread] DEBUG Input                - Clearing active input actions
01:26:41.372 [JavaFX Application Thread] DEBUG GameApplicationServi - Removing overlay from FXGLStartupScene and adding to FXGLMainMenuDummyScene
01:26:41.377 [JavaFX Application Thread] DEBUG PrimaryStageWindow   - FXGLStartupScene -> FXGLMainMenuDummyScene
01:26:41.377 [JavaFX Application Thread] DEBUG PrimaryStageWindow   - Push state: RiderMainMenuScene
01:26:41.377 [JavaFX Application Thread] DEBUG Input                - Clearing active input actions
01:26:41.381 [JavaFX Application Thread] DEBUG GameApplicationServi - Removing overlay from FXGLMainMenuDummyScene and adding to RiderMainMenuScene
01:26:41.382 [JavaFX Application Thread] DEBUG PrimaryStageWindow   - FXGLMainMenuDummyScene -> RiderMainMenuScene
01:26:41.382 [JavaFX Application Thread] DEBUG FXGLApplication      - Registering font factories with UI factory
01:26:41.807 [FXGL Background Thread 2 ] INFO  UpdaterService       - Your current version:  17.2
01:26:41.807 [FXGL Background Thread 2 ] INFO  UpdaterService       - Latest stable version: 21.1
01:26:43.944 [JavaFX Application Thread] DEBUG FXGLApplication      - Exiting FXGL
01:26:43.944 [JavaFX Application Thread] DEBUG LoopRunner           - Stopping loop
01:26:43.944 [JavaFX Application Thread] DEBUG SystemBundleService  - Saving FXGL system data
01:26:43.945 [JavaFX Application Thread] DEBUG FileSystemAccess     - Writing to: C:\Users\Balong\Desktop\SummerJobShoppee\JavaFXGame\system\fxgl.bundle
01:26:43.948 [JavaFX Application Thread] DEBUG Async                - Shutting down background threads
01:26:43.948 [JavaFX Application Thread] DEBUG PrimaryStageWindow   - Closing main window
01:26:43.967 [JavaFX Application Thread] DEBUG Logger               - Closing Logger
