01:23:08.811 [main                     ] DEBUG Logger               - Configured Logger
01:23:08.830 [main                     ] DEBUG GameApplication      - Logging settings
Title: Untitled
Version: 0.0
Width: 1280
Height: 720
Fullscreen: false
Intro: false
Profiling: false
Single step:false
App Mode: DEVELOPER
Menu Key: ESCAPE
Stage Style: DECORATED
Scene Factory: class com.almasb.fxgl.app.scene.SceneFactory

01:23:09.261 [JavaFX Application Thread] DEBUG FXGLApplication      - Initializing FXGL
01:23:09.264 [JavaFX Application Thread] INFO  Engine               - FXGL-17.2 (20.08.2022 16.50) on MAC (J:17.0.2 FX:17.0.12)
01:23:09.265 [JavaFX Application Thread] DEBUG Engine               - JRE Vendor Name: Oracle Corporation
01:23:09.265 [JavaFX Application Thread] DEBUG Engine               - Running on OS: Mac OS X version 14.6.1
01:23:09.265 [JavaFX Application Thread] DEBUG Engine               - Architecture: aarch64
01:23:09.265 [JavaFX Application Thread] INFO  Engine               - Source code and latest versions at: https://github.com/AlmasB/FXGL
01:23:09.265 [JavaFX Application Thread] INFO  Engine               -       Ask questions and discuss at: https://github.com/AlmasB/FXGL/discussions
01:23:09.265 [JavaFX Application Thread] INFO  Engine               -              Join the FXGL chat at: https://gitter.im/AlmasB/FXGL
01:23:09.327 [JavaFX Application Thread] DEBUG PrimaryStageWindow   - Creating a JavaFX scene
01:23:09.361 [JavaFX Application Thread] DEBUG PrimaryStageWindow   - Target settings size: 1280.0 x 720.0
01:23:09.361 [JavaFX Application Thread] DEBUG PrimaryStageWindow   - Scaled scene size:    1280.0 x 720.0
01:23:09.361 [JavaFX Application Thread] DEBUG PrimaryStageWindow   - Scaled ratio: (1.0, 1.0)
01:23:09.362 [JavaFX Application Thread] DEBUG PrimaryStageWindow   - Set initial scene to FXGLStartupScene
01:23:09.364 [JavaFX Application Thread] DEBUG PrimaryStageWindow   - Opening main window
01:23:09.571 [JavaFX Application Thread] DEBUG PrimaryStageWindow   - Window border size: (0.0, 28.0)
01:23:09.573 [JavaFX Application Thread] DEBUG PrimaryStageWindow   - Scaled size: 1280.0 x 720.0
01:23:09.573 [JavaFX Application Thread] DEBUG PrimaryStageWindow   - Scaled ratio: (1.0, 1.0)
01:23:09.574 [JavaFX Application Thread] DEBUG PrimaryStageWindow   - Scene size: 1280.0 x 720.0
01:23:09.574 [JavaFX Application Thread] DEBUG PrimaryStageWindow   - Stage size: 1280.0 x 748.0
01:23:09.853 [FXGL Background Thread 1 ] DEBUG Engine               - Initializing environment variables
01:23:09.981 [FXGL Background Thread 1 ] DEBUG FXGLAssetLoaderServi - User app class for loading assets: class com.sunsofgod.PlatformerApp
01:23:09.982 [FXGL Background Thread 1 ] DEBUG GameApplicationServi - Applying CSS: fxgl_dark.css
01:23:09.984 [FXGL Background Thread 1 ] DEBUG FXGLAssetLoaderServi - Loading from file system: jar:file:///Users/aaron/.m2/repository/com/github/almasb/fxgl/17.2/fxgl-17.2.jar!/fxglassets/ui/css/fxgl_dark.css
01:23:10.137 [FXGL Background Thread 1 ] DEBUG GameApplicationServi - Initializing application scenes
01:23:10.313 [FXGL Background Thread 1 ] DEBUG GameWorld            - Game world initialized
01:23:10.353 [FXGL Background Thread 1 ] DEBUG PhysicsWorld         - Physics world initialized: appHeight=720, physics.ppm=50.0
01:23:10.353 [FXGL Background Thread 1 ] DEBUG PhysicsWorld         - Using strategy: BRUTE_FORCE
01:23:10.358 [FXGL Background Thread 1 ] DEBUG GameScene            - Game scene initialized: 1280x720
01:23:10.368 [FXGL Background Thread 1 ] DEBUG FXGL.DefaultMenu     - createMenuBodyMainMenu()
01:23:10.379 [FXGL Background Thread 1 ] DEBUG FXGL.DefaultMenu     - createOptionsMenu()
01:23:10.385 [FXGL Background Thread 1 ] DEBUG FXGLAssetLoaderServi - Loading from file system: jar:file:///Users/aaron/.m2/repository/com/github/almasb/fxgl/17.2/fxgl-17.2.jar!/fxglassets/textures/particles/smoke.png
01:23:10.459 [FXGL Background Thread 1 ] DEBUG FXGLAssetLoaderServi - Loading from file system: jar:file:///Users/aaron/.m2/repository/com/github/almasb/fxgl/17.2/fxgl-17.2.jar!/fxglassets/textures/particles/trace_horizontal.png
01:23:10.481 [FXGL Background Thread 1 ] DEBUG FXGL.DefaultMenu     - createMenuBodyGameMenu()
01:23:10.482 [FXGL Background Thread 1 ] DEBUG FXGL.DefaultMenu     - createOptionsMenu()
01:23:10.500 [FXGL Background Thread 1 ] DEBUG GameApplicationServi - Application scenes initialized
01:23:10.507 [FXGL Background Thread 1 ] DEBUG SystemBundleService  - Loading FXGL system data
01:23:10.510 [FXGL Background Thread 1 ] DEBUG FileSystemAccess     - Reading from: /Users/aaron/JavaFXGame/system/fxgl.bundle
01:23:10.514 [FXGL Background Thread 1 ] DEBUG SystemBundleService  - Bundle FXGL: {}
01:23:10.514 [FXGL Background Thread 1 ] DEBUG UpdaterService       - Checking for updates
01:23:10.516 [FXGL Background Thread 4 ] DEBUG FXGLApplication      - Loading fonts
01:23:10.517 [FXGL Background Thread 4 ] DEBUG FXGLAssetLoaderServi - Loading from file system: jar:file:///Users/aaron/.m2/repository/com/github/almasb/fxgl/17.2/fxgl-17.2.jar!/fxglassets/ui/fonts/VarelaRound-Regular.ttf
01:23:10.517 [FXGL Background Thread 1 ] DEBUG FXGLApplication      - Loading default localization
01:23:10.517 [FXGL Background Thread 1 ] DEBUG FXGLAssetLoaderServi - Loading from file system: jar:file:///Users/aaron/.m2/repository/com/github/almasb/fxgl/17.2/fxgl-17.2.jar!/fxglassets/languages/english.lang
01:23:10.527 [FXGL Background Thread 4 ] DEBUG FXGLAssetLoaderServi - Loading from file system: jar:file:///Users/aaron/.m2/repository/com/github/almasb/fxgl/17.2/fxgl-17.2.jar!/fxglassets/ui/fonts/Abel-Regular.ttf
01:23:10.528 [FXGL Background Thread 1 ] INFO  FXGLApplication      - FXGL initialization took: 0.676 sec
01:23:10.530 [FXGL Background Thread 4 ] DEBUG FXGLAssetLoaderServi - Loading from file system: jar:file:///Users/aaron/.m2/repository/com/github/almasb/fxgl/17.2/fxgl-17.2.jar!/fxglassets/ui/fonts/TerminalLandMono-Regular.otf
01:23:10.534 [JavaFX Application Thread] DEBUG Input                - Registered new binding: Left - A
01:23:10.534 [JavaFX Application Thread] DEBUG Input                - Registered new binding: Right - D
01:23:10.534 [JavaFX Application Thread] DEBUG Input                - Registered new binding: Jump - W
01:23:10.534 [JavaFX Application Thread] DEBUG Input                - Registered new binding: Use - E
01:23:10.534 [JavaFX Application Thread] DEBUG FXGLAssetLoaderServi - Loading from file system: jar:file:///Users/aaron/.m2/repository/com/github/almasb/fxgl/17.2/fxgl-17.2.jar!/fxglassets/textures/fxgl_icon.png
01:23:10.537 [FXGL Background Thread 4 ] DEBUG FXGLAssetLoaderServi - Loading from file system: jar:file:///Users/aaron/.m2/repository/com/github/almasb/fxgl/17.2/fxgl-17.2.jar!/fxglassets/ui/fonts/Courier-Prime.ttf
01:23:10.553 [JavaFX Application Thread] DEBUG FXGLAssetLoaderServi - Loading from file system: jar:file:///Users/aaron/.m2/repository/com/github/almasb/fxgl/17.2/fxgl-17.2.jar!/fxglassets/textures/fxgl_default_cursor.png
01:23:10.554 [JavaFX Application Thread] DEBUG Input                - Registered new binding: Screenshot - CTRL+8
01:23:10.555 [JavaFX Application Thread] DEBUG Input                - Registered new binding: System info dump - CTRL+9
01:23:10.555 [JavaFX Application Thread] DEBUG Input                - Registered new binding: Restart - CTRL+R
01:23:10.555 [JavaFX Application Thread] DEBUG Input                - Registered new binding: Toggle Debug Camera - CTRL+7
01:23:10.556 [JavaFX Application Thread] DEBUG LoopRunner           - Starting loop
01:23:10.557 [JavaFX Application Thread] DEBUG LoopRunner           - Initializing JavaFX AnimationTimerLoop
01:23:10.558 [JavaFX Application Thread] DEBUG Input                - Clearing active input actions
01:23:10.561 [JavaFX Application Thread] DEBUG GameApplicationServi - Removing overlay from FXGLStartupScene and adding to FXGLMainMenuDummyScene
01:23:10.561 [JavaFX Application Thread] DEBUG PrimaryStageWindow   - FXGLStartupScene -> FXGLMainMenuDummyScene
01:23:10.561 [JavaFX Application Thread] DEBUG PrimaryStageWindow   - Push state: FXGLDefaultMenu
01:23:10.563 [JavaFX Application Thread] DEBUG Input                - Clearing active input actions
01:23:10.568 [JavaFX Application Thread] DEBUG GameApplicationServi - Removing overlay from FXGLMainMenuDummyScene and adding to FXGLDefaultMenu
01:23:10.569 [JavaFX Application Thread] DEBUG PrimaryStageWindow   - FXGLMainMenuDummyScene -> FXGLDefaultMenu
01:23:10.701 [JavaFX Application Thread] DEBUG FXGLApplication      - Registering font factories with UI factory
01:23:11.963 [FXGL Background Thread 2 ] INFO  UpdaterService       - Your current version:  17.2
01:23:11.963 [FXGL Background Thread 2 ] INFO  UpdaterService       - Latest stable version: 21.1
01:23:13.520 [FXGL Background Thread 3 ] DEBUG Engine               - Logging environment variables
01:23:13.522 [FXGL Background Thread 3 ] DEBUG Engine               - achievements: []
01:23:13.522 [FXGL Background Thread 3 ] DEBUG Engine               - actualHeight: 720.0
01:23:13.522 [FXGL Background Thread 3 ] DEBUG Engine               - actualHeightProperty: ReadOnlyDoubleProperty [value: 720.0]
01:23:13.522 [FXGL Background Thread 3 ] DEBUG Engine               - actualWidth: 1280.0
01:23:13.522 [FXGL Background Thread 3 ] DEBUG Engine               - actualWidthProperty: ReadOnlyDoubleProperty [value: 1280.0]
01:23:13.522 [FXGL Background Thread 3 ] DEBUG Engine               - appIcon: fxgl_icon.png
01:23:13.522 [FXGL Background Thread 3 ] DEBUG Engine               - applicationMode: DEVELOPER
01:23:13.522 [FXGL Background Thread 3 ] DEBUG Engine               - cSSList: [fxgl_dark.css]
01:23:13.522 [FXGL Background Thread 3 ] DEBUG Engine               - collisionDetectionStrategy: BRUTE_FORCE
01:23:13.522 [FXGL Background Thread 3 ] DEBUG Engine               - configClass: Optional.empty
01:23:13.523 [FXGL Background Thread 3 ] DEBUG Engine               - credits: []
01:23:13.523 [FXGL Background Thread 3 ] DEBUG Engine               - defaultCursor: CursorInfo(imageName=fxgl_default_cursor.png, hotspotX=7.0, hotspotY=6.0)
01:23:13.523 [FXGL Background Thread 3 ] DEBUG Engine               - devBBoxColorProperty: ObjectProperty [value: 0xff0000ff]
01:23:13.523 [FXGL Background Thread 3 ] DEBUG Engine               - devEnableDebugCameraProperty: BooleanProperty [value: false]
01:23:13.523 [FXGL Background Thread 3 ] DEBUG Engine               - devSensorColorProperty: ObjectProperty [value: 0xffff00ff]
01:23:13.523 [FXGL Background Thread 3 ] DEBUG Engine               - devShowBBoxProperty: BooleanProperty [value: false]
01:23:13.523 [FXGL Background Thread 3 ] DEBUG Engine               - devShowPositionProperty: BooleanProperty [value: false]
01:23:13.523 [FXGL Background Thread 3 ] DEBUG Engine               - enabledMenuItems: []
01:23:13.524 [FXGL Background Thread 3 ] DEBUG Engine               - engineServices: [class com.almasb.fxgl.app.services.FXGLAssetLoaderService, class com.almasb.fxgl.app.FXGLApplication$GameApplicationService, class com.almasb.fxgl.app.services.FXGLDialogService, class com.almasb.fxgl.app.services.IOTaskExecutorService, class com.almasb.fxgl.io.FileSystemService, class com.almasb.fxgl.localization.LocalizationService, class com.almasb.fxgl.app.services.SystemBundleService, class com.almasb.fxgl.profile.SaveLoadService, class com.almasb.fxgl.ui.FXGLUIFactoryServiceProvider, class com.almasb.fxgl.ui.FXGLDialogFactoryServiceProvider, class com.almasb.fxgl.audio.AudioPlayer, class com.almasb.fxgl.notification.impl.NotificationServiceProvider, class com.almasb.fxgl.achievement.AchievementService, class com.almasb.fxgl.cutscene.CutsceneService, class com.almasb.fxgl.minigames.MiniGameService, class com.almasb.fxgl.net.NetService, class com.almasb.fxgl.app.services.UpdaterService, class com.almasb.fxgl.dev.DevService]
01:23:13.524 [FXGL Background Thread 3 ] DEBUG Engine               - fontGame: Abel-Regular.ttf
01:23:13.524 [FXGL Background Thread 3 ] DEBUG Engine               - fontMono: TerminalLandMono-Regular.otf
01:23:13.524 [FXGL Background Thread 3 ] DEBUG Engine               - fontText: Courier-Prime.ttf
01:23:13.524 [FXGL Background Thread 3 ] DEBUG Engine               - fontUI: VarelaRound-Regular.ttf
01:23:13.524 [FXGL Background Thread 3 ] DEBUG Engine               - fullScreen: BooleanProperty [value: false]
01:23:13.524 [FXGL Background Thread 3 ] DEBUG Engine               - gameDifficulty: MEDIUM
01:23:13.524 [FXGL Background Thread 3 ] DEBUG Engine               - gameDifficultyProperty: ObjectProperty [value: MEDIUM]
01:23:13.524 [FXGL Background Thread 3 ] DEBUG Engine               - globalMusicVolume: 0.5
01:23:13.524 [FXGL Background Thread 3 ] DEBUG Engine               - globalMusicVolumeProperty: DoubleProperty [value: 0.25]
01:23:13.524 [FXGL Background Thread 3 ] DEBUG Engine               - globalSoundVolume: 0.5
01:23:13.524 [FXGL Background Thread 3 ] DEBUG Engine               - globalSoundVolumeProperty: DoubleProperty [value: 0.5]
01:23:13.524 [FXGL Background Thread 3 ] DEBUG Engine               - height: 720
01:23:13.524 [FXGL Background Thread 3 ] DEBUG Engine               - is3D: false
01:23:13.524 [FXGL Background Thread 3 ] DEBUG Engine               - isAndroid: false
01:23:13.524 [FXGL Background Thread 3 ] DEBUG Engine               - isBrowser: false
01:23:13.524 [FXGL Background Thread 3 ] DEBUG Engine               - isClickFeedbackEnabled: false
01:23:13.524 [FXGL Background Thread 3 ] DEBUG Engine               - isCloseConfirmation: false
01:23:13.525 [FXGL Background Thread 3 ] DEBUG Engine               - isDesktop: true
01:23:13.525 [FXGL Background Thread 3 ] DEBUG Engine               - isDeveloperMenuEnabled: false
01:23:13.525 [FXGL Background Thread 3 ] DEBUG Engine               - isEmbedded: false
01:23:13.525 [FXGL Background Thread 3 ] DEBUG Engine               - isEntityPreloadEnabled: true
01:23:13.525 [FXGL Background Thread 3 ] DEBUG Engine               - isExperimentalTiledLargeMap: false
01:23:13.525 [FXGL Background Thread 3 ] DEBUG Engine               - isFileSystemWriteAllowed: true
01:23:13.525 [FXGL Background Thread 3 ] DEBUG Engine               - isFullScreenAllowed: false
01:23:13.525 [FXGL Background Thread 3 ] DEBUG Engine               - isFullScreenFromStart: false
01:23:13.525 [FXGL Background Thread 3 ] DEBUG Engine               - isGameMenuEnabled: true
01:23:13.525 [FXGL Background Thread 3 ] DEBUG Engine               - isIOS: false
01:23:13.526 [FXGL Background Thread 3 ] DEBUG Engine               - isIntroEnabled: false
01:23:13.526 [FXGL Background Thread 3 ] DEBUG Engine               - isLinux: false
01:23:13.526 [FXGL Background Thread 3 ] DEBUG Engine               - isMac: true
01:23:13.526 [FXGL Background Thread 3 ] DEBUG Engine               - isMainMenuEnabled: true
01:23:13.526 [FXGL Background Thread 3 ] DEBUG Engine               - isManualResizeEnabled: false
01:23:13.526 [FXGL Background Thread 3 ] DEBUG Engine               - isMobile: false
01:23:13.526 [FXGL Background Thread 3 ] DEBUG Engine               - isNative: false
01:23:13.526 [FXGL Background Thread 3 ] DEBUG Engine               - isPauseMusicWhenMinimized: true
01:23:13.526 [FXGL Background Thread 3 ] DEBUG Engine               - isPreserveResizeRatio: false
01:23:13.526 [FXGL Background Thread 3 ] DEBUG Engine               - isProfilingEnabled: false
01:23:13.526 [FXGL Background Thread 3 ] DEBUG Engine               - isScaleAffectedOnResize: true
01:23:13.526 [FXGL Background Thread 3 ] DEBUG Engine               - isSingleStep: false
01:23:13.526 [FXGL Background Thread 3 ] DEBUG Engine               - isUserProfileEnabled: false
01:23:13.526 [FXGL Background Thread 3 ] DEBUG Engine               - isWindows: false
01:23:13.526 [FXGL Background Thread 3 ] DEBUG Engine               - language: ObjectProperty [value: ENGLISH]
01:23:13.526 [FXGL Background Thread 3 ] DEBUG Engine               - menuKey: ESCAPE
01:23:13.526 [FXGL Background Thread 3 ] DEBUG Engine               - mouseSensitivity: 0.2
01:23:13.526 [FXGL Background Thread 3 ] DEBUG Engine               - notificationViewClass: class com.almasb.fxgl.notification.view.XboxNotificationView
01:23:13.526 [FXGL Background Thread 3 ] DEBUG Engine               - pixelsPerMeter: 50.0
01:23:13.527 [FXGL Background Thread 3 ] DEBUG Engine               - platform: MAC
01:23:13.527 [FXGL Background Thread 3 ] DEBUG Engine               - prefHeightProperty: ReadOnlyDoubleProperty [value: 720.0]
01:23:13.527 [FXGL Background Thread 3 ] DEBUG Engine               - prefWidthProperty: ReadOnlyDoubleProperty [value: 1280.0]
01:23:13.527 [FXGL Background Thread 3 ] DEBUG Engine               - profileDir: profiles/
01:23:13.527 [FXGL Background Thread 3 ] DEBUG Engine               - profileName: StringProperty [value: DEFAULT]
01:23:13.527 [FXGL Background Thread 3 ] DEBUG Engine               - randomSeed: -1
01:23:13.527 [FXGL Background Thread 3 ] DEBUG Engine               - runtimeInfo: RuntimeInfo(platform=MAC, version=17.2, build=20.08.2022 16.50)
01:23:13.527 [FXGL Background Thread 3 ] DEBUG Engine               - saveFileExt: sav
01:23:13.527 [FXGL Background Thread 3 ] DEBUG Engine               - scaledHeightProp$fxgl: DoubleProperty [bound, value: 720.0]
01:23:13.527 [FXGL Background Thread 3 ] DEBUG Engine               - scaledWidthProp$fxgl: DoubleProperty [bound, value: 1280.0]
01:23:13.527 [FXGL Background Thread 3 ] DEBUG Engine               - sceneFactory: com.almasb.fxgl.app.scene.SceneFactory@299253f7
01:23:13.527 [FXGL Background Thread 3 ] DEBUG Engine               - secondsIn24h: 60
01:23:13.527 [FXGL Background Thread 3 ] DEBUG Engine               - soundMenuBack: menu/back.wav
01:23:13.527 [FXGL Background Thread 3 ] DEBUG Engine               - soundMenuPress: menu/press.wav
01:23:13.528 [FXGL Background Thread 3 ] DEBUG Engine               - soundMenuSelect: menu/select.wav
01:23:13.528 [FXGL Background Thread 3 ] DEBUG Engine               - soundNotification: core/notification.wav
01:23:13.528 [FXGL Background Thread 3 ] DEBUG Engine               - stageStyle: DECORATED
01:23:13.528 [FXGL Background Thread 3 ] DEBUG Engine               - supportedLanguages: [ENGLISH, FRENCH, GERMAN, HUNGARIAN, RUSSIAN]
01:23:13.528 [FXGL Background Thread 3 ] DEBUG Engine               - ticksPerSecond: -1
01:23:13.528 [FXGL Background Thread 3 ] DEBUG Engine               - title: Untitled
01:23:13.528 [FXGL Background Thread 3 ] DEBUG Engine               - urlGithub: https://github.com/AlmasB/FXGL
01:23:13.528 [FXGL Background Thread 3 ] DEBUG Engine               - urlLeaderboard: http://fxgl-top.herokuapp.com/
01:23:13.528 [FXGL Background Thread 3 ] DEBUG Engine               - urlPOM: https://raw.githubusercontent.com/AlmasB/FXGL/release/README.md
01:23:13.528 [FXGL Background Thread 3 ] DEBUG Engine               - userAppClass: class com.sunsofgod.PlatformerApp
01:23:13.528 [FXGL Background Thread 3 ] DEBUG Engine               - version: 0.0
01:23:13.528 [FXGL Background Thread 3 ] DEBUG Engine               - versionCheckDays: 7
01:23:13.528 [FXGL Background Thread 3 ] DEBUG Engine               - width: 1280
01:23:13.528 [FXGL Background Thread 3 ] DEBUG Engine               - Logging services
01:23:13.528 [FXGL Background Thread 3 ] DEBUG Engine               - class com.almasb.fxgl.app.services.FXGLAssetLoaderService
01:23:13.528 [FXGL Background Thread 3 ] DEBUG Engine               - class com.almasb.fxgl.app.FXGLApplication$GameApplicationService
01:23:13.528 [FXGL Background Thread 3 ] DEBUG Engine               - class com.almasb.fxgl.app.services.FXGLDialogService
01:23:13.528 [FXGL Background Thread 3 ] DEBUG Engine               - class com.almasb.fxgl.app.services.IOTaskExecutorService
01:23:13.528 [FXGL Background Thread 3 ] DEBUG Engine               - class com.almasb.fxgl.io.FileSystemService
01:23:13.529 [FXGL Background Thread 3 ] DEBUG Engine               - class com.almasb.fxgl.localization.LocalizationService
01:23:13.529 [FXGL Background Thread 3 ] DEBUG Engine               - class com.almasb.fxgl.app.services.SystemBundleService
01:23:13.529 [FXGL Background Thread 3 ] DEBUG Engine               - class com.almasb.fxgl.profile.SaveLoadService
01:23:13.529 [FXGL Background Thread 3 ] DEBUG Engine               - class com.almasb.fxgl.ui.FXGLUIFactoryServiceProvider
01:23:13.529 [FXGL Background Thread 3 ] DEBUG Engine               - class com.almasb.fxgl.ui.FXGLDialogFactoryServiceProvider
01:23:13.529 [FXGL Background Thread 3 ] DEBUG Engine               - class com.almasb.fxgl.audio.AudioPlayer
01:23:13.529 [FXGL Background Thread 3 ] DEBUG Engine               - class com.almasb.fxgl.notification.impl.NotificationServiceProvider
01:23:13.529 [FXGL Background Thread 3 ] DEBUG Engine               - class com.almasb.fxgl.achievement.AchievementService
01:23:13.529 [FXGL Background Thread 3 ] DEBUG Engine               - class com.almasb.fxgl.cutscene.CutsceneService
01:23:13.529 [FXGL Background Thread 3 ] DEBUG Engine               - class com.almasb.fxgl.minigames.MiniGameService
01:23:13.530 [FXGL Background Thread 3 ] DEBUG Engine               - class com.almasb.fxgl.net.NetService
01:23:13.530 [FXGL Background Thread 3 ] DEBUG Engine               - class com.almasb.fxgl.app.services.UpdaterService
01:23:13.530 [FXGL Background Thread 3 ] DEBUG Engine               - class com.almasb.fxgl.dev.DevService
01:23:15.790 [JavaFX Application Thread] DEBUG FXGLApplication      - Exiting FXGL
01:23:15.791 [JavaFX Application Thread] DEBUG LoopRunner           - Stopping loop
01:23:15.791 [JavaFX Application Thread] DEBUG SystemBundleService  - Saving FXGL system data
01:23:15.792 [JavaFX Application Thread] DEBUG FileSystemAccess     - Writing to: /Users/aaron/JavaFXGame/system/fxgl.bundle
01:23:15.794 [JavaFX Application Thread] DEBUG Async                - Shutting down background threads
01:23:15.794 [JavaFX Application Thread] DEBUG PrimaryStageWindow   - Closing main window
01:23:15.814 [JavaFX Application Thread] DEBUG Logger               - Closing Logger
