05:21:25.845 [main                     ] DEBUG Logger               - Configured Logger
05:21:25.859 [main                     ] DEBUG GameApplication      - Logging settings
Title: Untitled
Version: 0.0
Width: 1280
Height: 720
Fullscreen: false
Intro: false
Profiling: false
Single step:false
App Mode: DEVELOPER
Menu Key: ESCAPE
Stage Style: DECORATED
Scene Factory: class com.sunsofgod.PlatformerApp$1

05:21:26.192 [JavaFX Application Thread] DEBUG FXGLApplication      - Initializing FXGL
05:21:26.195 [JavaFX Application Thread] INFO  Engine               - FXGL-17.2 (20.08.2022 16.50) on MAC (J:17.0.2 FX:17.0.12)
05:21:26.196 [JavaFX Application Thread] DEBUG Engine               - JRE Vendor Name: Oracle Corporation
05:21:26.196 [JavaFX Application Thread] DEBUG Engine               - Running on OS: Mac OS X version 15.1
05:21:26.196 [JavaFX Application Thread] DEBUG Engine               - Architecture: aarch64
05:21:26.196 [JavaFX Application Thread] INFO  Engine               - Source code and latest versions at: https://github.com/AlmasB/FXGL
05:21:26.196 [JavaFX Application Thread] INFO  Engine               -       Ask questions and discuss at: https://github.com/AlmasB/FXGL/discussions
05:21:26.196 [JavaFX Application Thread] INFO  Engine               -              Join the FXGL chat at: https://gitter.im/AlmasB/FXGL
05:21:26.243 [JavaFX Application Thread] DEBUG PrimaryStageWindow   - Creating a JavaFX scene
05:21:26.264 [JavaFX Application Thread] DEBUG PrimaryStageWindow   - Target settings size: 1280.0 x 720.0
05:21:26.265 [JavaFX Application Thread] DEBUG PrimaryStageWindow   - Scaled scene size:    1280.0 x 720.0
05:21:26.265 [JavaFX Application Thread] DEBUG PrimaryStageWindow   - Scaled ratio: (1.0, 1.0)
05:21:26.265 [JavaFX Application Thread] DEBUG PrimaryStageWindow   - Set initial scene to FXGLStartupScene
05:21:26.268 [JavaFX Application Thread] DEBUG PrimaryStageWindow   - Opening main window
05:21:26.381 [JavaFX Application Thread] DEBUG PrimaryStageWindow   - Window border size: (0.0, 28.0)
05:21:26.381 [JavaFX Application Thread] DEBUG PrimaryStageWindow   - Scaled size: 1280.0 x 720.0
05:21:26.381 [JavaFX Application Thread] DEBUG PrimaryStageWindow   - Scaled ratio: (1.0, 1.0)
05:21:26.381 [JavaFX Application Thread] DEBUG PrimaryStageWindow   - Scene size: 1280.0 x 720.0
05:21:26.381 [JavaFX Application Thread] DEBUG PrimaryStageWindow   - Stage size: 1280.0 x 748.0
05:21:26.385 [FXGL Background Thread 1 ] DEBUG Engine               - Initializing environment variables
05:21:26.406 [FXGL Background Thread 1 ] DEBUG FXGLAssetLoaderServi - User app class for loading assets: class com.sunsofgod.PlatformerApp
05:21:26.406 [FXGL Background Thread 1 ] DEBUG GameApplicationServi - Applying CSS: fxgl_dark.css
05:21:26.406 [FXGL Background Thread 1 ] DEBUG FXGLAssetLoaderServi - Loading from file system: jar:file:///Users/aaron/.m2/repository/com/github/almasb/fxgl/17.2/fxgl-17.2.jar!/fxglassets/ui/css/fxgl_dark.css
05:21:26.465 [FXGL Background Thread 1 ] DEBUG GameApplicationServi - Initializing application scenes
05:21:26.567 [FXGL Background Thread 1 ] WARN  FXGLAssetLoaderServi - Asset "/assets/textures/player.png" was not found!
05:21:26.567 [FXGL Background Thread 1 ] WARN  FXGLAssetLoaderServi - Failed to load IMAGE
05:21:26.585 [FXGL Background Thread 1 ] DEBUG GameWorld            - Game world initialized
05:21:26.612 [FXGL Background Thread 1 ] DEBUG PhysicsWorld         - Physics world initialized: appHeight=720, physics.ppm=50.0
05:21:26.613 [FXGL Background Thread 1 ] DEBUG PhysicsWorld         - Using strategy: BRUTE_FORCE
05:21:26.614 [FXGL Background Thread 1 ] DEBUG GameScene            - Game scene initialized: 1280x720
05:21:29.625 [FXGL Background Thread 1 ] DEBUG GameApplicationServi - Application scenes initialized
05:21:29.635 [FXGL Background Thread 1 ] DEBUG SystemBundleService  - Loading FXGL system data
05:21:29.638 [FXGL Background Thread 1 ] DEBUG FileSystemAccess     - Reading from: /Users/aaron/JavaFXGame/system/fxgl.bundle
05:21:29.643 [FXGL Background Thread 1 ] DEBUG SystemBundleService  - Bundle FXGL: {}
05:21:29.643 [FXGL Background Thread 1 ] DEBUG UpdaterService       - Checking for updates
05:21:29.658 [FXGL Background Thread 4 ] DEBUG FXGLApplication      - Loading fonts
05:21:29.658 [FXGL Background Thread 4 ] DEBUG FXGLAssetLoaderServi - Loading from file system: jar:file:///Users/aaron/.m2/repository/com/github/almasb/fxgl/17.2/fxgl-17.2.jar!/fxglassets/ui/fonts/VarelaRound-Regular.ttf
05:21:29.658 [FXGL Background Thread 1 ] DEBUG FXGLApplication      - Loading default localization
05:21:29.659 [FXGL Background Thread 1 ] DEBUG FXGLAssetLoaderServi - Loading from file system: jar:file:///Users/aaron/.m2/repository/com/github/almasb/fxgl/17.2/fxgl-17.2.jar!/fxglassets/languages/english.lang
05:21:29.666 [FXGL Background Thread 4 ] DEBUG FXGLAssetLoaderServi - Loading from file system: jar:file:///Users/aaron/.m2/repository/com/github/almasb/fxgl/17.2/fxgl-17.2.jar!/fxglassets/ui/fonts/Abel-Regular.ttf
05:21:29.668 [FXGL Background Thread 1 ] INFO  FXGLApplication      - FXGL initialization took: 3.283 sec
05:21:29.669 [FXGL Background Thread 4 ] DEBUG FXGLAssetLoaderServi - Loading from file system: jar:file:///Users/aaron/.m2/repository/com/github/almasb/fxgl/17.2/fxgl-17.2.jar!/fxglassets/ui/fonts/TerminalLandMono-Regular.otf
05:21:29.669 [JavaFX Application Thread] DEBUG FXGLAssetLoaderServi - Loading from file system: jar:file:///Users/aaron/.m2/repository/com/github/almasb/fxgl/17.2/fxgl-17.2.jar!/fxglassets/textures/fxgl_icon.png
05:21:29.672 [FXGL Background Thread 4 ] DEBUG FXGLAssetLoaderServi - Loading from file system: jar:file:///Users/aaron/.m2/repository/com/github/almasb/fxgl/17.2/fxgl-17.2.jar!/fxglassets/ui/fonts/Courier-Prime.ttf
05:21:29.699 [JavaFX Application Thread] DEBUG FXGLAssetLoaderServi - Loading from file system: jar:file:///Users/aaron/.m2/repository/com/github/almasb/fxgl/17.2/fxgl-17.2.jar!/fxglassets/textures/fxgl_default_cursor.png
05:21:29.705 [JavaFX Application Thread] DEBUG Input                - Registered new binding: Screenshot - CTRL+8
05:21:29.705 [JavaFX Application Thread] DEBUG Input                - Registered new binding: Dev Options - 1
05:21:29.705 [JavaFX Application Thread] DEBUG Input                - Registered new binding: Dev Console - 2
05:21:29.705 [JavaFX Application Thread] DEBUG Input                - Registered new binding: System info dump - CTRL+9
05:21:29.705 [JavaFX Application Thread] DEBUG Input                - Registered new binding: Restart - CTRL+R
05:21:29.705 [JavaFX Application Thread] DEBUG Input                - Registered new binding: Toggle Debug Camera - CTRL+7
05:21:29.707 [JavaFX Application Thread] DEBUG LoopRunner           - Starting loop
05:21:29.714 [JavaFX Application Thread] DEBUG LoopRunner           - Initializing JavaFX AnimationTimerLoop
05:21:29.715 [JavaFX Application Thread] DEBUG Input                - Clearing active input actions
05:21:29.720 [JavaFX Application Thread] DEBUG GameApplicationServi - Removing overlay from FXGLStartupScene and adding to FXGLMainMenuDummyScene
05:21:29.722 [JavaFX Application Thread] DEBUG PrimaryStageWindow   - FXGLStartupScene -> FXGLMainMenuDummyScene
05:21:29.722 [JavaFX Application Thread] DEBUG PrimaryStageWindow   - Push state: RiderMainMenuScene
05:21:29.723 [JavaFX Application Thread] DEBUG Input                - Clearing active input actions
05:21:29.726 [JavaFX Application Thread] DEBUG GameApplicationServi - Removing overlay from FXGLMainMenuDummyScene and adding to RiderMainMenuScene
05:21:29.726 [JavaFX Application Thread] DEBUG PrimaryStageWindow   - FXGLMainMenuDummyScene -> RiderMainMenuScene
05:21:29.817 [JavaFX Application Thread] DEBUG FXGLApplication      - Registering font factories with UI factory
05:21:29.983 [FXGL Background Thread 2 ] INFO  UpdaterService       - Your current version:  17.2
05:21:29.984 [FXGL Background Thread 2 ] INFO  UpdaterService       - Latest stable version: 21.1
05:21:31.397 [JavaFX Application Thread] DEBUG PrimaryStageWindow   - Push state: PlayerSelectScene
05:21:31.397 [JavaFX Application Thread] DEBUG Input                - Clearing active input actions
05:21:31.398 [JavaFX Application Thread] DEBUG GameApplicationServi - Removing overlay from RiderMainMenuScene and adding to PlayerSelectScene
05:21:31.399 [JavaFX Application Thread] DEBUG PrimaryStageWindow   - RiderMainMenuScene -> PlayerSelectScene
05:21:32.662 [FXGL Background Thread 3 ] DEBUG Engine               - Logging environment variables
05:21:32.662 [FXGL Background Thread 3 ] DEBUG Engine               - achievements: []
05:21:32.662 [FXGL Background Thread 3 ] DEBUG Engine               - actualHeight: 720.0
05:21:32.662 [FXGL Background Thread 3 ] DEBUG Engine               - actualHeightProperty: ReadOnlyDoubleProperty [value: 720.0]
05:21:32.662 [FXGL Background Thread 3 ] DEBUG Engine               - actualWidth: 1280.0
05:21:32.662 [FXGL Background Thread 3 ] DEBUG Engine               - actualWidthProperty: ReadOnlyDoubleProperty [value: 1280.0]
05:21:32.662 [FXGL Background Thread 3 ] DEBUG Engine               - appIcon: fxgl_icon.png
05:21:32.663 [FXGL Background Thread 3 ] DEBUG Engine               - applicationMode: DEVELOPER
05:21:32.663 [FXGL Background Thread 3 ] DEBUG Engine               - cSSList: [fxgl_dark.css]
05:21:32.663 [FXGL Background Thread 3 ] DEBUG Engine               - collisionDetectionStrategy: BRUTE_FORCE
05:21:32.663 [FXGL Background Thread 3 ] DEBUG Engine               - configClass: Optional.empty
05:21:32.663 [FXGL Background Thread 3 ] DEBUG Engine               - credits: []
05:21:32.664 [FXGL Background Thread 3 ] DEBUG Engine               - defaultCursor: CursorInfo(imageName=fxgl_default_cursor.png, hotspotX=7.0, hotspotY=6.0)
05:21:32.664 [FXGL Background Thread 3 ] DEBUG Engine               - devBBoxColorProperty: ObjectProperty [value: 0xff0000ff]
05:21:32.664 [FXGL Background Thread 3 ] DEBUG Engine               - devEnableDebugCameraProperty: BooleanProperty [value: false]
05:21:32.664 [FXGL Background Thread 3 ] DEBUG Engine               - devSensorColorProperty: ObjectProperty [value: 0xffff00ff]
05:21:32.665 [FXGL Background Thread 3 ] DEBUG Engine               - devShowBBoxProperty: BooleanProperty [value: false]
05:21:32.665 [FXGL Background Thread 3 ] DEBUG Engine               - devShowPositionProperty: BooleanProperty [value: false]
05:21:32.665 [FXGL Background Thread 3 ] DEBUG Engine               - enabledMenuItems: []
05:21:32.665 [FXGL Background Thread 3 ] DEBUG Engine               - engineServices: [class com.almasb.fxgl.app.services.FXGLAssetLoaderService, class com.almasb.fxgl.app.FXGLApplication$GameApplicationService, class com.almasb.fxgl.app.services.FXGLDialogService, class com.almasb.fxgl.app.services.IOTaskExecutorService, class com.almasb.fxgl.io.FileSystemService, class com.almasb.fxgl.localization.LocalizationService, class com.almasb.fxgl.app.services.SystemBundleService, class com.almasb.fxgl.profile.SaveLoadService, class com.almasb.fxgl.ui.FXGLUIFactoryServiceProvider, class com.almasb.fxgl.ui.FXGLDialogFactoryServiceProvider, class com.almasb.fxgl.audio.AudioPlayer, class com.almasb.fxgl.notification.impl.NotificationServiceProvider, class com.almasb.fxgl.achievement.AchievementService, class com.almasb.fxgl.cutscene.CutsceneService, class com.almasb.fxgl.minigames.MiniGameService, class com.almasb.fxgl.net.NetService, class com.almasb.fxgl.app.services.UpdaterService, class com.almasb.fxgl.dev.DevService]
05:21:32.665 [FXGL Background Thread 3 ] DEBUG Engine               - fontGame: Abel-Regular.ttf
05:21:32.665 [FXGL Background Thread 3 ] DEBUG Engine               - fontMono: TerminalLandMono-Regular.otf
05:21:32.665 [FXGL Background Thread 3 ] DEBUG Engine               - fontText: Courier-Prime.ttf
05:21:32.665 [FXGL Background Thread 3 ] DEBUG Engine               - fontUI: VarelaRound-Regular.ttf
05:21:32.665 [FXGL Background Thread 3 ] DEBUG Engine               - fullScreen: BooleanProperty [value: false]
05:21:32.665 [FXGL Background Thread 3 ] DEBUG Engine               - gameDifficulty: MEDIUM
05:21:32.665 [FXGL Background Thread 3 ] DEBUG Engine               - gameDifficultyProperty: ObjectProperty [value: MEDIUM]
05:21:32.665 [FXGL Background Thread 3 ] DEBUG Engine               - globalMusicVolume: 0.5
05:21:32.665 [FXGL Background Thread 3 ] DEBUG Engine               - globalMusicVolumeProperty: DoubleProperty [value: 0.25]
05:21:32.665 [FXGL Background Thread 3 ] DEBUG Engine               - globalSoundVolume: 0.5
05:21:32.666 [FXGL Background Thread 3 ] DEBUG Engine               - globalSoundVolumeProperty: DoubleProperty [value: 0.5]
05:21:32.666 [FXGL Background Thread 3 ] DEBUG Engine               - height: 720
05:21:32.666 [FXGL Background Thread 3 ] DEBUG Engine               - is3D: false
05:21:32.666 [FXGL Background Thread 3 ] DEBUG Engine               - isAndroid: false
05:21:32.666 [FXGL Background Thread 3 ] DEBUG Engine               - isBrowser: false
05:21:32.666 [FXGL Background Thread 3 ] DEBUG Engine               - isClickFeedbackEnabled: false
05:21:32.666 [FXGL Background Thread 3 ] DEBUG Engine               - isCloseConfirmation: false
05:21:32.666 [FXGL Background Thread 3 ] DEBUG Engine               - isDesktop: true
05:21:32.666 [FXGL Background Thread 3 ] DEBUG Engine               - isDeveloperMenuEnabled: true
05:21:32.666 [FXGL Background Thread 3 ] DEBUG Engine               - isEmbedded: false
05:21:32.666 [FXGL Background Thread 3 ] DEBUG Engine               - isEntityPreloadEnabled: true
05:21:32.666 [FXGL Background Thread 3 ] DEBUG Engine               - isExperimentalTiledLargeMap: false
05:21:32.666 [FXGL Background Thread 3 ] DEBUG Engine               - isFileSystemWriteAllowed: true
05:21:32.666 [FXGL Background Thread 3 ] DEBUG Engine               - isFullScreenAllowed: false
05:21:32.666 [FXGL Background Thread 3 ] DEBUG Engine               - isFullScreenFromStart: false
05:21:32.666 [FXGL Background Thread 3 ] DEBUG Engine               - isGameMenuEnabled: true
05:21:32.667 [FXGL Background Thread 3 ] DEBUG Engine               - isIOS: false
05:21:32.667 [FXGL Background Thread 3 ] DEBUG Engine               - isIntroEnabled: false
05:21:32.667 [FXGL Background Thread 3 ] DEBUG Engine               - isLinux: false
05:21:32.667 [FXGL Background Thread 3 ] DEBUG Engine               - isMac: true
05:21:32.667 [FXGL Background Thread 3 ] DEBUG Engine               - isMainMenuEnabled: true
05:21:32.667 [FXGL Background Thread 3 ] DEBUG Engine               - isManualResizeEnabled: false
05:21:32.667 [FXGL Background Thread 3 ] DEBUG Engine               - isMobile: false
05:21:32.667 [FXGL Background Thread 3 ] DEBUG Engine               - isNative: false
05:21:32.667 [FXGL Background Thread 3 ] DEBUG Engine               - isPauseMusicWhenMinimized: true
05:21:32.667 [FXGL Background Thread 3 ] DEBUG Engine               - isPreserveResizeRatio: false
05:21:32.667 [FXGL Background Thread 3 ] DEBUG Engine               - isProfilingEnabled: false
05:21:32.667 [FXGL Background Thread 3 ] DEBUG Engine               - isScaleAffectedOnResize: true
05:21:32.667 [FXGL Background Thread 3 ] DEBUG Engine               - isSingleStep: false
05:21:32.667 [FXGL Background Thread 3 ] DEBUG Engine               - isUserProfileEnabled: false
05:21:32.667 [FXGL Background Thread 3 ] DEBUG Engine               - isWindows: false
05:21:32.667 [FXGL Background Thread 3 ] DEBUG Engine               - language: ObjectProperty [value: ENGLISH]
05:21:32.667 [FXGL Background Thread 3 ] DEBUG Engine               - menuKey: ESCAPE
05:21:32.667 [FXGL Background Thread 3 ] DEBUG Engine               - mouseSensitivity: 0.2
05:21:32.668 [FXGL Background Thread 3 ] DEBUG Engine               - notificationViewClass: class com.almasb.fxgl.notification.view.XboxNotificationView
05:21:32.668 [FXGL Background Thread 3 ] DEBUG Engine               - pixelsPerMeter: 50.0
05:21:32.668 [FXGL Background Thread 3 ] DEBUG Engine               - platform: MAC
05:21:32.668 [FXGL Background Thread 3 ] DEBUG Engine               - prefHeightProperty: ReadOnlyDoubleProperty [value: 720.0]
05:21:32.668 [FXGL Background Thread 3 ] DEBUG Engine               - prefWidthProperty: ReadOnlyDoubleProperty [value: 1280.0]
05:21:32.668 [FXGL Background Thread 3 ] DEBUG Engine               - profileDir: profiles/
05:21:32.668 [FXGL Background Thread 3 ] DEBUG Engine               - profileName: StringProperty [value: DEFAULT]
05:21:32.668 [FXGL Background Thread 3 ] DEBUG Engine               - randomSeed: -1
05:21:32.668 [FXGL Background Thread 3 ] DEBUG Engine               - runtimeInfo: RuntimeInfo(platform=MAC, version=17.2, build=20.08.2022 16.50)
05:21:32.668 [FXGL Background Thread 3 ] DEBUG Engine               - saveFileExt: sav
05:21:32.668 [FXGL Background Thread 3 ] DEBUG Engine               - scaledHeightProp$fxgl: DoubleProperty [bound, value: 720.0]
05:21:32.668 [FXGL Background Thread 3 ] DEBUG Engine               - scaledWidthProp$fxgl: DoubleProperty [bound, value: 1280.0]
05:21:32.668 [FXGL Background Thread 3 ] DEBUG Engine               - sceneFactory: com.sunsofgod.PlatformerApp$1@36f407b2
05:21:32.668 [FXGL Background Thread 3 ] DEBUG Engine               - secondsIn24h: 60
05:21:32.668 [FXGL Background Thread 3 ] DEBUG Engine               - soundMenuBack: menu/back.wav
05:21:32.668 [FXGL Background Thread 3 ] DEBUG Engine               - soundMenuPress: menu/press.wav
05:21:32.668 [FXGL Background Thread 3 ] DEBUG Engine               - soundMenuSelect: menu/select.wav
05:21:32.669 [FXGL Background Thread 3 ] DEBUG Engine               - soundNotification: core/notification.wav
05:21:32.669 [FXGL Background Thread 3 ] DEBUG Engine               - stageStyle: DECORATED
05:21:32.669 [FXGL Background Thread 3 ] DEBUG Engine               - supportedLanguages: [ENGLISH, FRENCH, GERMAN, HUNGARIAN, RUSSIAN]
05:21:32.669 [FXGL Background Thread 3 ] DEBUG Engine               - ticksPerSecond: -1
05:21:32.669 [FXGL Background Thread 3 ] DEBUG Engine               - title: Untitled
05:21:32.669 [FXGL Background Thread 3 ] DEBUG Engine               - urlGithub: https://github.com/AlmasB/FXGL
05:21:32.669 [FXGL Background Thread 3 ] DEBUG Engine               - urlLeaderboard: http://fxgl-top.herokuapp.com/
05:21:32.669 [FXGL Background Thread 3 ] DEBUG Engine               - urlPOM: https://raw.githubusercontent.com/AlmasB/FXGL/release/README.md
05:21:32.669 [FXGL Background Thread 3 ] DEBUG Engine               - userAppClass: class com.sunsofgod.PlatformerApp
05:21:32.669 [FXGL Background Thread 3 ] DEBUG Engine               - version: 0.0
05:21:32.669 [FXGL Background Thread 3 ] DEBUG Engine               - versionCheckDays: 7
05:21:32.669 [FXGL Background Thread 3 ] DEBUG Engine               - width: 1280
05:21:32.669 [FXGL Background Thread 3 ] DEBUG Engine               - Logging services
05:21:32.669 [FXGL Background Thread 3 ] DEBUG Engine               - class com.almasb.fxgl.app.services.FXGLAssetLoaderService
05:21:32.669 [FXGL Background Thread 3 ] DEBUG Engine               - class com.almasb.fxgl.app.FXGLApplication$GameApplicationService
05:21:32.669 [FXGL Background Thread 3 ] DEBUG Engine               - class com.almasb.fxgl.app.services.FXGLDialogService
05:21:32.669 [FXGL Background Thread 3 ] DEBUG Engine               - class com.almasb.fxgl.app.services.IOTaskExecutorService
05:21:32.670 [FXGL Background Thread 3 ] DEBUG Engine               - class com.almasb.fxgl.io.FileSystemService
05:21:32.670 [FXGL Background Thread 3 ] DEBUG Engine               - class com.almasb.fxgl.localization.LocalizationService
05:21:32.670 [FXGL Background Thread 3 ] DEBUG Engine               - class com.almasb.fxgl.app.services.SystemBundleService
05:21:32.670 [FXGL Background Thread 3 ] DEBUG Engine               - class com.almasb.fxgl.profile.SaveLoadService
05:21:32.670 [FXGL Background Thread 3 ] DEBUG Engine               - class com.almasb.fxgl.ui.FXGLUIFactoryServiceProvider
05:21:32.670 [FXGL Background Thread 3 ] DEBUG Engine               - class com.almasb.fxgl.ui.FXGLDialogFactoryServiceProvider
05:21:32.670 [FXGL Background Thread 3 ] DEBUG Engine               - class com.almasb.fxgl.audio.AudioPlayer
05:21:32.670 [FXGL Background Thread 3 ] DEBUG Engine               - class com.almasb.fxgl.notification.impl.NotificationServiceProvider
05:21:32.670 [FXGL Background Thread 3 ] DEBUG Engine               - class com.almasb.fxgl.achievement.AchievementService
05:21:32.670 [FXGL Background Thread 3 ] DEBUG Engine               - class com.almasb.fxgl.cutscene.CutsceneService
05:21:32.670 [FXGL Background Thread 3 ] DEBUG Engine               - class com.almasb.fxgl.minigames.MiniGameService
05:21:32.670 [FXGL Background Thread 3 ] DEBUG Engine               - class com.almasb.fxgl.net.NetService
05:21:32.670 [FXGL Background Thread 3 ] DEBUG Engine               - class com.almasb.fxgl.app.services.UpdaterService
05:21:32.670 [FXGL Background Thread 3 ] DEBUG Engine               - class com.almasb.fxgl.dev.DevService
05:21:33.553 [JavaFX Application Thread] DEBUG PrimaryStageWindow   - Push state: LevelSelectScene
05:21:33.553 [JavaFX Application Thread] DEBUG Input                - Clearing active input actions
05:21:33.554 [JavaFX Application Thread] DEBUG GameApplicationServi - Removing overlay from PlayerSelectScene and adding to LevelSelectScene
05:21:33.554 [JavaFX Application Thread] DEBUG PrimaryStageWindow   - PlayerSelectScene -> LevelSelectScene
05:21:34.598 [JavaFX Application Thread] DEBUG Menu                 - fireNewGame()
05:21:34.598 [JavaFX Application Thread] DEBUG GameApplicationServi - Starting new game
05:21:34.599 [JavaFX Application Thread] DEBUG PrimaryStageWindow   - Pop state: LevelSelectScene
05:21:34.599 [JavaFX Application Thread] DEBUG Input                - Clearing active input actions
05:21:34.599 [JavaFX Application Thread] DEBUG GameApplicationServi - Removing overlay from LevelSelectScene and adding to PlayerSelectScene
05:21:34.600 [JavaFX Application Thread] DEBUG PrimaryStageWindow   - PlayerSelectScene <- LevelSelectScene
05:21:34.600 [JavaFX Application Thread] DEBUG PrimaryStageWindow   - Pop state: PlayerSelectScene
05:21:34.601 [JavaFX Application Thread] DEBUG Input                - Clearing active input actions
05:21:34.601 [JavaFX Application Thread] DEBUG GameApplicationServi - Removing overlay from PlayerSelectScene and adding to RiderMainMenuScene
05:21:34.601 [JavaFX Application Thread] DEBUG PrimaryStageWindow   - RiderMainMenuScene <- PlayerSelectScene
05:21:34.601 [JavaFX Application Thread] DEBUG PrimaryStageWindow   - Pop state: RiderMainMenuScene
05:21:34.601 [JavaFX Application Thread] DEBUG Input                - Clearing active input actions
05:21:34.601 [JavaFX Application Thread] DEBUG GameApplicationServi - Removing overlay from RiderMainMenuScene and adding to FXGLMainMenuDummyScene
05:21:34.602 [JavaFX Application Thread] DEBUG PrimaryStageWindow   - FXGLMainMenuDummyScene <- RiderMainMenuScene
05:21:34.602 [JavaFX Application Thread] DEBUG Input                - Clearing active input actions
05:21:34.605 [JavaFX Application Thread] DEBUG GameApplicationServi - Removing overlay from FXGLMainMenuDummyScene and adding to MainLoadingScene
05:21:34.605 [JavaFX Application Thread] DEBUG PrimaryStageWindow   - FXGLMainMenuDummyScene -> MainLoadingScene
05:21:34.605 [JavaFX Application Thread] DEBUG GameApplicationServi - Clearing previous game
05:21:34.605 [JavaFX Application Thread] DEBUG GameScene            - Clearing game scene
05:21:34.605 [JavaFX Application Thread] DEBUG GameWorld            - Clearing game world
05:21:34.605 [JavaFX Application Thread] DEBUG PhysicsWorld         - Clearing physics world
05:21:34.606 [FXGL Background Thread 2 ] DEBUG FXGLApplication      - Initializing game
05:21:34.639 [FXGL Background Thread 2 ] WARN  TMXLevelLoader       - TiledMap generated from 1.11.0. Supported version: 1.9.0. Some features may not be parsed fully.
05:21:34.643 [FXGL Background Thread 2 ] DEBUG TMXLevelLoader       - Parsed TiledMap: file:/Users/aaron/JavaFXGame/target/classes/assets/levels/tmx/level9.tmx
05:21:34.643 [FXGL Background Thread 2 ] DEBUG TMXLevelLoader       - Creating tile layer entities
05:21:34.644 [FXGL Background Thread 2 ] DEBUG TilesetLoader        - Loading view for layer Tile Layer 1
05:21:34.647 [FXGL Background Thread 2 ] DEBUG TilesetLoader        - Created buffer with size 1050.0x700.0
05:21:34.657 [FXGL Background Thread 2 ] DEBUG TMXLevelLoader       - Creating object layer entities
05:21:34.672 [FXGL Background Thread 2 ] DEBUG FXGLAssetLoaderServi - Loading from file system: file:/Users/aaron/JavaFXGame/target/classes/assets/textures/button.png
05:21:34.679 [FXGL Background Thread 2 ] DEBUG GameWorld            - Clearing removable entities
05:21:34.679 [FXGL Background Thread 2 ] DEBUG GameWorld            - Setting level: com.almasb.fxgl.entity.level.Level@3ff350a6
05:21:34.687 [FXGL Background Thread 2 ] DEBUG FXGLAssetLoaderServi - Loading from file system: file:/Users/aaron/JavaFXGame/target/classes/assets/textures/player1.png
05:21:34.692 [FXGL Background Thread 2 ] DEBUG FXGLAssetLoaderServi - Loading from file system: file:/Users/aaron/JavaFXGame/target/classes/assets/textures/player2.png
05:21:34.694 [FXGL Background Thread 2 ] DEBUG FXGLAssetLoaderServi - Loading from file system: file:/Users/aaron/JavaFXGame/target/classes/assets/textures/player3.png
05:21:34.697 [FXGL Background Thread 2 ] DEBUG Input                - Clearing active input actions
05:21:34.700 [FXGL Background Thread 2 ] DEBUG Input                - Registered new binding: Jump0 - W
05:21:34.701 [FXGL Background Thread 2 ] DEBUG Input                - Registered new binding: Left0 - A
05:21:34.702 [FXGL Background Thread 2 ] DEBUG Input                - Registered new binding: Right0 - D
05:21:34.702 [FXGL Background Thread 2 ] DEBUG Input                - Registered new binding: Use0 - E
05:21:34.702 [FXGL Background Thread 2 ] DEBUG Input                - Registered new binding: Jump1 - Up
05:21:34.702 [FXGL Background Thread 2 ] DEBUG Input                - Registered new binding: Left1 - Left
05:21:34.702 [FXGL Background Thread 2 ] DEBUG Input                - Registered new binding: Right1 - Right
05:21:34.703 [FXGL Background Thread 2 ] DEBUG Input                - Registered new binding: Use1 - Slash
05:21:34.703 [FXGL Background Thread 2 ] DEBUG Input                - Registered new binding: Jump2 - I
05:21:34.703 [FXGL Background Thread 2 ] DEBUG Input                - Registered new binding: Left2 - J
05:21:34.703 [FXGL Background Thread 2 ] DEBUG Input                - Registered new binding: Right2 - L
05:21:34.703 [FXGL Background Thread 2 ] DEBUG Input                - Registered new binding: Use2 - O
05:21:34.704 [FXGL Background Thread 2 ] DEBUG FXGLAssetLoaderServi - Loading from file system: file:/Users/aaron/JavaFXGame/target/classes/assets/textures/background/manila.png
05:21:34.726 [FXGL Background Thread 2 ] INFO  FXGLApplication      - Game initialization took: 0.119 sec
05:21:34.726 [JavaFX Application Thread] DEBUG Input                - Clearing active input actions
05:21:34.729 [JavaFX Application Thread] DEBUG GameApplicationServi - Removing overlay from MainLoadingScene and adding to GameScene
05:21:34.730 [JavaFX Application Thread] DEBUG PrimaryStageWindow   - MainLoadingScene -> GameScene
05:21:35.410 [JavaFX Application Thread] DEBUG FXGLAssetLoaderServi - Loading from file system: file:/Users/aaron/JavaFXGame/target/classes/assets/sounds/jump.wav
05:21:38.970 [JavaFX Application Thread] DEBUG FXGLAssetLoaderServi - Loading from file system: file:/Users/aaron/JavaFXGame/target/classes/assets/textures/exit_sign.png
05:22:59.003 [JavaFX Application Thread] DEBUG FXGLAssetLoaderServi - Loading from file system: file:/Users/aaron/JavaFXGame/target/classes/assets/sounds/dead.wav
05:23:00.005 [JavaFX Application Thread] WARN  TMXLevelLoader       - TiledMap generated from 1.11.0. Supported version: 1.9.0. Some features may not be parsed fully.
05:23:00.009 [JavaFX Application Thread] DEBUG TMXLevelLoader       - Parsed TiledMap: file:/Users/aaron/JavaFXGame/target/classes/assets/levels/tmx/level1.tmx
05:23:00.009 [JavaFX Application Thread] DEBUG TMXLevelLoader       - Creating tile layer entities
05:23:00.010 [JavaFX Application Thread] DEBUG TilesetLoader        - Loading view for layer Tile Layer 1
05:23:00.012 [JavaFX Application Thread] DEBUG TilesetLoader        - Created buffer with size 2450.0x700.0
05:23:00.021 [JavaFX Application Thread] DEBUG TMXLevelLoader       - Creating object layer entities
05:23:00.032 [JavaFX Application Thread] DEBUG GameWorld            - Clearing removable entities
05:23:00.032 [JavaFX Application Thread] DEBUG GameWorld            - Setting level: com.almasb.fxgl.entity.level.Level@a510b53
05:23:02.582 [JavaFX Application Thread] DEBUG FXGLApplication      - Exiting FXGL
05:23:02.582 [JavaFX Application Thread] DEBUG LoopRunner           - Stopping loop
05:23:02.582 [JavaFX Application Thread] DEBUG SystemBundleService  - Saving FXGL system data
05:23:02.585 [JavaFX Application Thread] DEBUG FileSystemAccess     - Writing to: /Users/aaron/JavaFXGame/system/fxgl.bundle
05:23:02.587 [JavaFX Application Thread] DEBUG Async                - Shutting down background threads
05:23:02.587 [JavaFX Application Thread] DEBUG PrimaryStageWindow   - Closing main window
05:23:02.598 [JavaFX Application Thread] DEBUG Logger               - Closing Logger
