14:45:14.451 [main                     ] DEBUG Logger               - Configured Logger
14:45:14.465 [main                     ] DEBUG GameApplication      - Logging settings
Title: Untitled
Version: 0.0
Width: 1280
Height: 720
Fullscreen: false
Intro: false
Profiling: false
Single step:false
App Mode: DEVELOPER
Menu Key: ESCAPE
Stage Style: DECORATED
Scene Factory: class com.sunsofgod.PlatformerApp$1

14:45:14.894 [JavaFX Application Thread] DEBUG FXGLApplication      - Initializing FXGL
14:45:14.896 [JavaFX Application Thread] INFO  Engine               - FXGL-17.2 (20.08.2022 16.50) on MAC (J:17.0.2 FX:17.0.12)
14:45:14.897 [JavaFX Application Thread] DEBUG Engine               - JRE Vendor Name: Oracle Corporation
14:45:14.897 [JavaFX Application Thread] DEBUG Engine               - Running on OS: Mac OS X version 15.1
14:45:14.897 [JavaFX Application Thread] DEBUG Engine               - Architecture: aarch64
14:45:14.897 [JavaFX Application Thread] INFO  Engine               - Source code and latest versions at: https://github.com/AlmasB/FXGL
14:45:14.897 [JavaFX Application Thread] INFO  Engine               -       Ask questions and discuss at: https://github.com/AlmasB/FXGL/discussions
14:45:14.897 [JavaFX Application Thread] INFO  Engine               -              Join the FXGL chat at: https://gitter.im/AlmasB/FXGL
14:45:14.944 [JavaFX Application Thread] DEBUG PrimaryStageWindow   - Creating a JavaFX scene
14:45:14.969 [JavaFX Application Thread] DEBUG PrimaryStageWindow   - Target settings size: 1280.0 x 720.0
14:45:14.969 [JavaFX Application Thread] DEBUG PrimaryStageWindow   - Scaled scene size:    1280.0 x 720.0
14:45:14.969 [JavaFX Application Thread] DEBUG PrimaryStageWindow   - Scaled ratio: (1.0, 1.0)
14:45:14.969 [JavaFX Application Thread] DEBUG PrimaryStageWindow   - Set initial scene to FXGLStartupScene
14:45:14.973 [JavaFX Application Thread] DEBUG PrimaryStageWindow   - Opening main window
14:45:15.141 [JavaFX Application Thread] DEBUG PrimaryStageWindow   - Window border size: (0.0, 28.0)
14:45:15.141 [JavaFX Application Thread] DEBUG PrimaryStageWindow   - Scaled size: 1280.0 x 720.0
14:45:15.141 [JavaFX Application Thread] DEBUG PrimaryStageWindow   - Scaled ratio: (1.0, 1.0)
14:45:15.142 [JavaFX Application Thread] DEBUG PrimaryStageWindow   - Scene size: 1280.0 x 720.0
14:45:15.142 [JavaFX Application Thread] DEBUG PrimaryStageWindow   - Stage size: 1280.0 x 748.0
14:45:15.165 [FXGL Background Thread 1 ] DEBUG Engine               - Initializing environment variables
14:45:15.198 [FXGL Background Thread 1 ] DEBUG FXGLAssetLoaderServi - User app class for loading assets: class com.sunsofgod.PlatformerApp
14:45:15.198 [FXGL Background Thread 1 ] DEBUG GameApplicationServi - Applying CSS: fxgl_dark.css
14:45:15.198 [FXGL Background Thread 1 ] DEBUG FXGLAssetLoaderServi - Loading from file system: jar:file:///Users/aaron/.m2/repository/com/github/almasb/fxgl/17.2/fxgl-17.2.jar!/fxglassets/ui/css/fxgl_dark.css
14:45:15.234 [FXGL Background Thread 1 ] DEBUG GameApplicationServi - Initializing application scenes
14:45:15.482 [FXGL Background Thread 1 ] WARN  FXGLAssetLoaderServi - Asset "/assets/textures/player.png" was not found!
14:45:15.482 [FXGL Background Thread 1 ] WARN  FXGLAssetLoaderServi - Failed to load IMAGE
14:45:15.500 [FXGL Background Thread 1 ] DEBUG GameWorld            - Game world initialized
14:45:15.526 [FXGL Background Thread 1 ] DEBUG PhysicsWorld         - Physics world initialized: appHeight=720, physics.ppm=50.0
14:45:15.526 [FXGL Background Thread 1 ] DEBUG PhysicsWorld         - Using strategy: BRUTE_FORCE
14:45:15.528 [FXGL Background Thread 1 ] DEBUG GameScene            - Game scene initialized: 1280x720
14:45:15.996 [FXGL Background Thread 1 ] DEBUG GameApplicationServi - Application scenes initialized
14:45:16.006 [FXGL Background Thread 1 ] DEBUG SystemBundleService  - Loading FXGL system data
14:45:16.009 [FXGL Background Thread 1 ] DEBUG FileSystemAccess     - Reading from: /Users/aaron/JavaFXGame/system/fxgl.bundle
14:45:16.013 [FXGL Background Thread 1 ] DEBUG SystemBundleService  - Bundle FXGL: {}
14:45:16.013 [FXGL Background Thread 1 ] DEBUG UpdaterService       - Checking for updates
14:45:16.025 [FXGL Background Thread 4 ] DEBUG FXGLApplication      - Loading fonts
14:45:16.025 [FXGL Background Thread 4 ] DEBUG FXGLAssetLoaderServi - Loading from file system: jar:file:///Users/aaron/.m2/repository/com/github/almasb/fxgl/17.2/fxgl-17.2.jar!/fxglassets/ui/fonts/VarelaRound-Regular.ttf
14:45:16.025 [FXGL Background Thread 1 ] DEBUG FXGLApplication      - Loading default localization
14:45:16.026 [FXGL Background Thread 1 ] DEBUG FXGLAssetLoaderServi - Loading from file system: jar:file:///Users/aaron/.m2/repository/com/github/almasb/fxgl/17.2/fxgl-17.2.jar!/fxglassets/languages/english.lang
14:45:16.035 [FXGL Background Thread 4 ] DEBUG FXGLAssetLoaderServi - Loading from file system: jar:file:///Users/aaron/.m2/repository/com/github/almasb/fxgl/17.2/fxgl-17.2.jar!/fxglassets/ui/fonts/Abel-Regular.ttf
14:45:16.036 [FXGL Background Thread 1 ] INFO  FXGLApplication      - FXGL initialization took: 0.871 sec
14:45:16.036 [JavaFX Application Thread] DEBUG FXGLAssetLoaderServi - Loading from file system: jar:file:///Users/aaron/.m2/repository/com/github/almasb/fxgl/17.2/fxgl-17.2.jar!/fxglassets/textures/fxgl_icon.png
14:45:16.037 [FXGL Background Thread 4 ] DEBUG FXGLAssetLoaderServi - Loading from file system: jar:file:///Users/aaron/.m2/repository/com/github/almasb/fxgl/17.2/fxgl-17.2.jar!/fxglassets/ui/fonts/TerminalLandMono-Regular.otf
14:45:16.049 [FXGL Background Thread 4 ] DEBUG FXGLAssetLoaderServi - Loading from file system: jar:file:///Users/aaron/.m2/repository/com/github/almasb/fxgl/17.2/fxgl-17.2.jar!/fxglassets/ui/fonts/Courier-Prime.ttf
14:45:16.062 [JavaFX Application Thread] DEBUG FXGLAssetLoaderServi - Loading from file system: jar:file:///Users/aaron/.m2/repository/com/github/almasb/fxgl/17.2/fxgl-17.2.jar!/fxglassets/textures/fxgl_default_cursor.png
14:45:16.067 [JavaFX Application Thread] DEBUG Input                - Registered new binding: Screenshot - CTRL+8
14:45:16.067 [JavaFX Application Thread] DEBUG Input                - Registered new binding: Dev Options - 1
14:45:16.067 [JavaFX Application Thread] DEBUG Input                - Registered new binding: Dev Console - 2
14:45:16.067 [JavaFX Application Thread] DEBUG Input                - Registered new binding: System info dump - CTRL+9
14:45:16.067 [JavaFX Application Thread] DEBUG Input                - Registered new binding: Restart - CTRL+R
14:45:16.067 [JavaFX Application Thread] DEBUG Input                - Registered new binding: Toggle Debug Camera - CTRL+7
14:45:16.068 [JavaFX Application Thread] DEBUG LoopRunner           - Starting loop
14:45:16.073 [JavaFX Application Thread] DEBUG LoopRunner           - Initializing JavaFX AnimationTimerLoop
14:45:16.074 [JavaFX Application Thread] DEBUG Input                - Clearing active input actions
14:45:16.078 [JavaFX Application Thread] DEBUG GameApplicationServi - Removing overlay from FXGLStartupScene and adding to FXGLMainMenuDummyScene
14:45:16.079 [JavaFX Application Thread] DEBUG PrimaryStageWindow   - FXGLStartupScene -> FXGLMainMenuDummyScene
14:45:16.079 [JavaFX Application Thread] DEBUG PrimaryStageWindow   - Push state: RiderMainMenuScene
14:45:16.079 [JavaFX Application Thread] DEBUG Input                - Clearing active input actions
14:45:16.082 [JavaFX Application Thread] DEBUG GameApplicationServi - Removing overlay from FXGLMainMenuDummyScene and adding to RiderMainMenuScene
14:45:16.082 [JavaFX Application Thread] DEBUG PrimaryStageWindow   - FXGLMainMenuDummyScene -> RiderMainMenuScene
14:45:16.161 [JavaFX Application Thread] DEBUG FXGLApplication      - Registering font factories with UI factory
14:45:16.309 [FXGL Background Thread 2 ] INFO  UpdaterService       - Your current version:  17.2
14:45:16.309 [FXGL Background Thread 2 ] INFO  UpdaterService       - Latest stable version: 21.1
14:45:18.681 [JavaFX Application Thread] DEBUG PrimaryStageWindow   - Push state: PlayerSelectScene
14:45:18.681 [JavaFX Application Thread] DEBUG Input                - Clearing active input actions
14:45:18.681 [JavaFX Application Thread] DEBUG GameApplicationServi - Removing overlay from RiderMainMenuScene and adding to PlayerSelectScene
14:45:18.682 [JavaFX Application Thread] DEBUG PrimaryStageWindow   - RiderMainMenuScene -> PlayerSelectScene
14:45:19.027 [FXGL Background Thread 3 ] DEBUG Engine               - Logging environment variables
14:45:19.028 [FXGL Background Thread 3 ] DEBUG Engine               - achievements: []
14:45:19.028 [FXGL Background Thread 3 ] DEBUG Engine               - actualHeight: 720.0
14:45:19.028 [FXGL Background Thread 3 ] DEBUG Engine               - actualHeightProperty: ReadOnlyDoubleProperty [value: 720.0]
14:45:19.028 [FXGL Background Thread 3 ] DEBUG Engine               - actualWidth: 1280.0
14:45:19.028 [FXGL Background Thread 3 ] DEBUG Engine               - actualWidthProperty: ReadOnlyDoubleProperty [value: 1280.0]
14:45:19.028 [FXGL Background Thread 3 ] DEBUG Engine               - appIcon: fxgl_icon.png
14:45:19.029 [FXGL Background Thread 3 ] DEBUG Engine               - applicationMode: DEVELOPER
14:45:19.029 [FXGL Background Thread 3 ] DEBUG Engine               - cSSList: [fxgl_dark.css]
14:45:19.029 [FXGL Background Thread 3 ] DEBUG Engine               - collisionDetectionStrategy: BRUTE_FORCE
14:45:19.029 [FXGL Background Thread 3 ] DEBUG Engine               - configClass: Optional.empty
14:45:19.029 [FXGL Background Thread 3 ] DEBUG Engine               - credits: []
14:45:19.030 [FXGL Background Thread 3 ] DEBUG Engine               - defaultCursor: CursorInfo(imageName=fxgl_default_cursor.png, hotspotX=7.0, hotspotY=6.0)
14:45:19.030 [FXGL Background Thread 3 ] DEBUG Engine               - devBBoxColorProperty: ObjectProperty [value: 0xff0000ff]
14:45:19.030 [FXGL Background Thread 3 ] DEBUG Engine               - devEnableDebugCameraProperty: BooleanProperty [value: false]
14:45:19.030 [FXGL Background Thread 3 ] DEBUG Engine               - devSensorColorProperty: ObjectProperty [value: 0xffff00ff]
14:45:19.031 [FXGL Background Thread 3 ] DEBUG Engine               - devShowBBoxProperty: BooleanProperty [value: false]
14:45:19.031 [FXGL Background Thread 3 ] DEBUG Engine               - devShowPositionProperty: BooleanProperty [value: false]
14:45:19.031 [FXGL Background Thread 3 ] DEBUG Engine               - enabledMenuItems: []
14:45:19.031 [FXGL Background Thread 3 ] DEBUG Engine               - engineServices: [class com.almasb.fxgl.app.services.FXGLAssetLoaderService, class com.almasb.fxgl.app.FXGLApplication$GameApplicationService, class com.almasb.fxgl.app.services.FXGLDialogService, class com.almasb.fxgl.app.services.IOTaskExecutorService, class com.almasb.fxgl.io.FileSystemService, class com.almasb.fxgl.localization.LocalizationService, class com.almasb.fxgl.app.services.SystemBundleService, class com.almasb.fxgl.profile.SaveLoadService, class com.almasb.fxgl.ui.FXGLUIFactoryServiceProvider, class com.almasb.fxgl.ui.FXGLDialogFactoryServiceProvider, class com.almasb.fxgl.audio.AudioPlayer, class com.almasb.fxgl.notification.impl.NotificationServiceProvider, class com.almasb.fxgl.achievement.AchievementService, class com.almasb.fxgl.cutscene.CutsceneService, class com.almasb.fxgl.minigames.MiniGameService, class com.almasb.fxgl.net.NetService, class com.almasb.fxgl.app.services.UpdaterService, class com.almasb.fxgl.dev.DevService]
14:45:19.031 [FXGL Background Thread 3 ] DEBUG Engine               - fontGame: Abel-Regular.ttf
14:45:19.031 [FXGL Background Thread 3 ] DEBUG Engine               - fontMono: TerminalLandMono-Regular.otf
14:45:19.031 [FXGL Background Thread 3 ] DEBUG Engine               - fontText: Courier-Prime.ttf
14:45:19.031 [FXGL Background Thread 3 ] DEBUG Engine               - fontUI: VarelaRound-Regular.ttf
14:45:19.031 [FXGL Background Thread 3 ] DEBUG Engine               - fullScreen: BooleanProperty [value: false]
14:45:19.031 [FXGL Background Thread 3 ] DEBUG Engine               - gameDifficulty: MEDIUM
14:45:19.031 [FXGL Background Thread 3 ] DEBUG Engine               - gameDifficultyProperty: ObjectProperty [value: MEDIUM]
14:45:19.031 [FXGL Background Thread 3 ] DEBUG Engine               - globalMusicVolume: 0.5
14:45:19.031 [FXGL Background Thread 3 ] DEBUG Engine               - globalMusicVolumeProperty: DoubleProperty [value: 0.25]
14:45:19.032 [FXGL Background Thread 3 ] DEBUG Engine               - globalSoundVolume: 0.5
14:45:19.032 [FXGL Background Thread 3 ] DEBUG Engine               - globalSoundVolumeProperty: DoubleProperty [value: 0.5]
14:45:19.032 [FXGL Background Thread 3 ] DEBUG Engine               - height: 720
14:45:19.032 [FXGL Background Thread 3 ] DEBUG Engine               - is3D: false
14:45:19.032 [FXGL Background Thread 3 ] DEBUG Engine               - isAndroid: false
14:45:19.032 [FXGL Background Thread 3 ] DEBUG Engine               - isBrowser: false
14:45:19.032 [FXGL Background Thread 3 ] DEBUG Engine               - isClickFeedbackEnabled: false
14:45:19.032 [FXGL Background Thread 3 ] DEBUG Engine               - isCloseConfirmation: false
14:45:19.032 [FXGL Background Thread 3 ] DEBUG Engine               - isDesktop: true
14:45:19.032 [FXGL Background Thread 3 ] DEBUG Engine               - isDeveloperMenuEnabled: true
14:45:19.032 [FXGL Background Thread 3 ] DEBUG Engine               - isEmbedded: false
14:45:19.032 [FXGL Background Thread 3 ] DEBUG Engine               - isEntityPreloadEnabled: true
14:45:19.032 [FXGL Background Thread 3 ] DEBUG Engine               - isExperimentalTiledLargeMap: false
14:45:19.032 [FXGL Background Thread 3 ] DEBUG Engine               - isFileSystemWriteAllowed: true
14:45:19.032 [FXGL Background Thread 3 ] DEBUG Engine               - isFullScreenAllowed: false
14:45:19.033 [FXGL Background Thread 3 ] DEBUG Engine               - isFullScreenFromStart: false
14:45:19.033 [FXGL Background Thread 3 ] DEBUG Engine               - isGameMenuEnabled: true
14:45:19.033 [FXGL Background Thread 3 ] DEBUG Engine               - isIOS: false
14:45:19.033 [FXGL Background Thread 3 ] DEBUG Engine               - isIntroEnabled: false
14:45:19.033 [FXGL Background Thread 3 ] DEBUG Engine               - isLinux: false
14:45:19.033 [FXGL Background Thread 3 ] DEBUG Engine               - isMac: true
14:45:19.033 [FXGL Background Thread 3 ] DEBUG Engine               - isMainMenuEnabled: true
14:45:19.033 [FXGL Background Thread 3 ] DEBUG Engine               - isManualResizeEnabled: false
14:45:19.033 [FXGL Background Thread 3 ] DEBUG Engine               - isMobile: false
14:45:19.033 [FXGL Background Thread 3 ] DEBUG Engine               - isNative: false
14:45:19.033 [FXGL Background Thread 3 ] DEBUG Engine               - isPauseMusicWhenMinimized: true
14:45:19.033 [FXGL Background Thread 3 ] DEBUG Engine               - isPreserveResizeRatio: false
14:45:19.033 [FXGL Background Thread 3 ] DEBUG Engine               - isProfilingEnabled: false
14:45:19.033 [FXGL Background Thread 3 ] DEBUG Engine               - isScaleAffectedOnResize: true
14:45:19.033 [FXGL Background Thread 3 ] DEBUG Engine               - isSingleStep: false
14:45:19.034 [FXGL Background Thread 3 ] DEBUG Engine               - isUserProfileEnabled: false
14:45:19.034 [FXGL Background Thread 3 ] DEBUG Engine               - isWindows: false
14:45:19.034 [FXGL Background Thread 3 ] DEBUG Engine               - language: ObjectProperty [value: ENGLISH]
14:45:19.034 [FXGL Background Thread 3 ] DEBUG Engine               - menuKey: ESCAPE
14:45:19.034 [FXGL Background Thread 3 ] DEBUG Engine               - mouseSensitivity: 0.2
14:45:19.034 [FXGL Background Thread 3 ] DEBUG Engine               - notificationViewClass: class com.almasb.fxgl.notification.view.XboxNotificationView
14:45:19.034 [FXGL Background Thread 3 ] DEBUG Engine               - pixelsPerMeter: 50.0
14:45:19.034 [FXGL Background Thread 3 ] DEBUG Engine               - platform: MAC
14:45:19.034 [FXGL Background Thread 3 ] DEBUG Engine               - prefHeightProperty: ReadOnlyDoubleProperty [value: 720.0]
14:45:19.034 [FXGL Background Thread 3 ] DEBUG Engine               - prefWidthProperty: ReadOnlyDoubleProperty [value: 1280.0]
14:45:19.034 [FXGL Background Thread 3 ] DEBUG Engine               - profileDir: profiles/
14:45:19.034 [FXGL Background Thread 3 ] DEBUG Engine               - profileName: StringProperty [value: DEFAULT]
14:45:19.035 [FXGL Background Thread 3 ] DEBUG Engine               - randomSeed: -1
14:45:19.035 [FXGL Background Thread 3 ] DEBUG Engine               - runtimeInfo: RuntimeInfo(platform=MAC, version=17.2, build=20.08.2022 16.50)
14:45:19.035 [FXGL Background Thread 3 ] DEBUG Engine               - saveFileExt: sav
14:45:19.035 [FXGL Background Thread 3 ] DEBUG Engine               - scaledHeightProp$fxgl: DoubleProperty [bound, value: 720.0]
14:45:19.035 [FXGL Background Thread 3 ] DEBUG Engine               - scaledWidthProp$fxgl: DoubleProperty [bound, value: 1280.0]
14:45:19.035 [FXGL Background Thread 3 ] DEBUG Engine               - sceneFactory: com.sunsofgod.PlatformerApp$1@d076902
14:45:19.035 [FXGL Background Thread 3 ] DEBUG Engine               - secondsIn24h: 60
14:45:19.035 [FXGL Background Thread 3 ] DEBUG Engine               - soundMenuBack: menu/back.wav
14:45:19.035 [FXGL Background Thread 3 ] DEBUG Engine               - soundMenuPress: menu/press.wav
14:45:19.035 [FXGL Background Thread 3 ] DEBUG Engine               - soundMenuSelect: menu/select.wav
14:45:19.036 [FXGL Background Thread 3 ] DEBUG Engine               - soundNotification: core/notification.wav
14:45:19.036 [FXGL Background Thread 3 ] DEBUG Engine               - stageStyle: DECORATED
14:45:19.036 [FXGL Background Thread 3 ] DEBUG Engine               - supportedLanguages: [ENGLISH, FRENCH, GERMAN, HUNGARIAN, RUSSIAN]
14:45:19.036 [FXGL Background Thread 3 ] DEBUG Engine               - ticksPerSecond: -1
14:45:19.036 [FXGL Background Thread 3 ] DEBUG Engine               - title: Untitled
14:45:19.036 [FXGL Background Thread 3 ] DEBUG Engine               - urlGithub: https://github.com/AlmasB/FXGL
14:45:19.036 [FXGL Background Thread 3 ] DEBUG Engine               - urlLeaderboard: http://fxgl-top.herokuapp.com/
14:45:19.036 [FXGL Background Thread 3 ] DEBUG Engine               - urlPOM: https://raw.githubusercontent.com/AlmasB/FXGL/release/README.md
14:45:19.036 [FXGL Background Thread 3 ] DEBUG Engine               - userAppClass: class com.sunsofgod.PlatformerApp
14:45:19.036 [FXGL Background Thread 3 ] DEBUG Engine               - version: 0.0
14:45:19.036 [FXGL Background Thread 3 ] DEBUG Engine               - versionCheckDays: 7
14:45:19.036 [FXGL Background Thread 3 ] DEBUG Engine               - width: 1280
14:45:19.036 [FXGL Background Thread 3 ] DEBUG Engine               - Logging services
14:45:19.036 [FXGL Background Thread 3 ] DEBUG Engine               - class com.almasb.fxgl.app.services.FXGLAssetLoaderService
14:45:19.036 [FXGL Background Thread 3 ] DEBUG Engine               - class com.almasb.fxgl.app.FXGLApplication$GameApplicationService
14:45:19.036 [FXGL Background Thread 3 ] DEBUG Engine               - class com.almasb.fxgl.app.services.FXGLDialogService
14:45:19.037 [FXGL Background Thread 3 ] DEBUG Engine               - class com.almasb.fxgl.app.services.IOTaskExecutorService
14:45:19.037 [FXGL Background Thread 3 ] DEBUG Engine               - class com.almasb.fxgl.io.FileSystemService
14:45:19.037 [FXGL Background Thread 3 ] DEBUG Engine               - class com.almasb.fxgl.localization.LocalizationService
14:45:19.037 [FXGL Background Thread 3 ] DEBUG Engine               - class com.almasb.fxgl.app.services.SystemBundleService
14:45:19.037 [FXGL Background Thread 3 ] DEBUG Engine               - class com.almasb.fxgl.profile.SaveLoadService
14:45:19.037 [FXGL Background Thread 3 ] DEBUG Engine               - class com.almasb.fxgl.ui.FXGLUIFactoryServiceProvider
14:45:19.037 [FXGL Background Thread 3 ] DEBUG Engine               - class com.almasb.fxgl.ui.FXGLDialogFactoryServiceProvider
14:45:19.037 [FXGL Background Thread 3 ] DEBUG Engine               - class com.almasb.fxgl.audio.AudioPlayer
14:45:19.037 [FXGL Background Thread 3 ] DEBUG Engine               - class com.almasb.fxgl.notification.impl.NotificationServiceProvider
14:45:19.037 [FXGL Background Thread 3 ] DEBUG Engine               - class com.almasb.fxgl.achievement.AchievementService
14:45:19.037 [FXGL Background Thread 3 ] DEBUG Engine               - class com.almasb.fxgl.cutscene.CutsceneService
14:45:19.037 [FXGL Background Thread 3 ] DEBUG Engine               - class com.almasb.fxgl.minigames.MiniGameService
14:45:19.037 [FXGL Background Thread 3 ] DEBUG Engine               - class com.almasb.fxgl.net.NetService
14:45:19.037 [FXGL Background Thread 3 ] DEBUG Engine               - class com.almasb.fxgl.app.services.UpdaterService
14:45:19.038 [FXGL Background Thread 3 ] DEBUG Engine               - class com.almasb.fxgl.dev.DevService
14:45:22.786 [JavaFX Application Thread] DEBUG PrimaryStageWindow   - Push state: LevelSelectScene
14:45:22.786 [JavaFX Application Thread] DEBUG Input                - Clearing active input actions
14:45:22.787 [JavaFX Application Thread] DEBUG GameApplicationServi - Removing overlay from PlayerSelectScene and adding to LevelSelectScene
14:45:22.788 [JavaFX Application Thread] DEBUG PrimaryStageWindow   - PlayerSelectScene -> LevelSelectScene
14:45:24.667 [JavaFX Application Thread] DEBUG Menu                 - fireNewGame()
14:45:24.667 [JavaFX Application Thread] DEBUG GameApplicationServi - Starting new game
14:45:24.668 [JavaFX Application Thread] DEBUG PrimaryStageWindow   - Pop state: LevelSelectScene
14:45:24.669 [JavaFX Application Thread] DEBUG Input                - Clearing active input actions
14:45:24.669 [JavaFX Application Thread] DEBUG GameApplicationServi - Removing overlay from LevelSelectScene and adding to PlayerSelectScene
14:45:24.670 [JavaFX Application Thread] DEBUG PrimaryStageWindow   - PlayerSelectScene <- LevelSelectScene
14:45:24.671 [JavaFX Application Thread] DEBUG PrimaryStageWindow   - Pop state: PlayerSelectScene
14:45:24.671 [JavaFX Application Thread] DEBUG Input                - Clearing active input actions
14:45:24.671 [JavaFX Application Thread] DEBUG GameApplicationServi - Removing overlay from PlayerSelectScene and adding to RiderMainMenuScene
14:45:24.671 [JavaFX Application Thread] DEBUG PrimaryStageWindow   - RiderMainMenuScene <- PlayerSelectScene
14:45:24.671 [JavaFX Application Thread] DEBUG PrimaryStageWindow   - Pop state: RiderMainMenuScene
14:45:24.671 [JavaFX Application Thread] DEBUG Input                - Clearing active input actions
14:45:24.672 [JavaFX Application Thread] DEBUG GameApplicationServi - Removing overlay from RiderMainMenuScene and adding to FXGLMainMenuDummyScene
14:45:24.673 [JavaFX Application Thread] DEBUG PrimaryStageWindow   - FXGLMainMenuDummyScene <- RiderMainMenuScene
14:45:24.673 [JavaFX Application Thread] DEBUG Input                - Clearing active input actions
14:45:24.677 [JavaFX Application Thread] DEBUG GameApplicationServi - Removing overlay from FXGLMainMenuDummyScene and adding to MainLoadingScene
14:45:24.678 [JavaFX Application Thread] DEBUG PrimaryStageWindow   - FXGLMainMenuDummyScene -> MainLoadingScene
14:45:24.678 [JavaFX Application Thread] DEBUG GameApplicationServi - Clearing previous game
14:45:24.678 [JavaFX Application Thread] DEBUG GameScene            - Clearing game scene
14:45:24.678 [JavaFX Application Thread] DEBUG GameWorld            - Clearing game world
14:45:24.678 [JavaFX Application Thread] DEBUG PhysicsWorld         - Clearing physics world
14:45:24.679 [FXGL Background Thread 2 ] DEBUG FXGLApplication      - Initializing game
14:45:24.704 [FXGL Background Thread 2 ] WARN  TMXLevelLoader       - TiledMap generated from 1.11.0. Supported version: 1.9.0. Some features may not be parsed fully.
14:45:24.710 [FXGL Background Thread 2 ] DEBUG TMXLevelLoader       - Parsed TiledMap: file:/Users/aaron/JavaFXGame/target/classes/assets/levels/tmx/level5.tmx
14:45:24.711 [FXGL Background Thread 2 ] DEBUG TMXLevelLoader       - Creating tile layer entities
14:45:24.712 [FXGL Background Thread 2 ] DEBUG TilesetLoader        - Loading view for layer Tile Layer 1
14:45:24.714 [FXGL Background Thread 2 ] DEBUG TilesetLoader        - Created buffer with size 2450.0x700.0
14:45:24.730 [FXGL Background Thread 2 ] DEBUG TMXLevelLoader       - Creating object layer entities
14:45:24.746 [FXGL Background Thread 2 ] DEBUG FXGLAssetLoaderServi - Loading from file system: file:/Users/aaron/JavaFXGame/target/classes/assets/textures/button.png
14:45:24.765 [FXGL Background Thread 2 ] DEBUG GameWorld            - Clearing removable entities
14:45:24.765 [FXGL Background Thread 2 ] DEBUG GameWorld            - Setting level: com.almasb.fxgl.entity.level.Level@3db9ab35
14:45:24.770 [FXGL Background Thread 2 ] DEBUG FXGLAssetLoaderServi - Loading from file system: file:/Users/aaron/JavaFXGame/target/classes/assets/textures/player1.png
14:45:24.775 [FXGL Background Thread 2 ] DEBUG FXGLAssetLoaderServi - Loading from file system: file:/Users/aaron/JavaFXGame/target/classes/assets/textures/player2.png
14:45:24.776 [FXGL Background Thread 2 ] DEBUG Input                - Clearing active input actions
14:45:24.777 [FXGL Background Thread 2 ] DEBUG Input                - Registered new binding: Jump0 - W
14:45:24.777 [FXGL Background Thread 2 ] DEBUG Input                - Registered new binding: Left0 - A
14:45:24.778 [FXGL Background Thread 2 ] DEBUG Input                - Registered new binding: Right0 - D
14:45:24.778 [FXGL Background Thread 2 ] DEBUG Input                - Registered new binding: Use0 - E
14:45:24.778 [FXGL Background Thread 2 ] DEBUG Input                - Registered new binding: Jump1 - Up
14:45:24.778 [FXGL Background Thread 2 ] DEBUG Input                - Registered new binding: Left1 - Left
14:45:24.778 [FXGL Background Thread 2 ] DEBUG Input                - Registered new binding: Right1 - Right
14:45:24.778 [FXGL Background Thread 2 ] DEBUG Input                - Registered new binding: Use1 - Slash
14:45:24.778 [FXGL Background Thread 2 ] DEBUG FXGLAssetLoaderServi - Loading from file system: file:/Users/aaron/JavaFXGame/target/classes/assets/textures/background/manila.png
14:45:24.795 [FXGL Background Thread 2 ] INFO  FXGLApplication      - Game initialization took: 0.116 sec
14:45:24.796 [JavaFX Application Thread] DEBUG Input                - Clearing active input actions
14:45:24.798 [JavaFX Application Thread] DEBUG GameApplicationServi - Removing overlay from MainLoadingScene and adding to GameScene
14:45:24.799 [JavaFX Application Thread] DEBUG PrimaryStageWindow   - MainLoadingScene -> GameScene
14:45:24.801 [JavaFX Application Thread] DEBUG LoopRunner           - Stopping loop
14:45:24.802 [JavaFX Application Thread] FATAL FXGLApplication      - Uncaught Exception:
java.lang.Error: Unresolved compilation problem: 
	topPlayers cannot be resolved to a variable

	at com.sunsofgod/com.sunsofgod.PlayerComponent.onUpdate(PlayerComponent.java:121)
	at com.almasb.fxgl.entity@17.2/com.almasb.fxgl.entity.Entity$ComponentMap.update(Entity.java:60)
	at com.almasb.fxgl.entity@17.2/com.almasb.fxgl.entity.Entity.update(Entity.java:248)
	at com.almasb.fxgl.entity@17.2/com.almasb.fxgl.entity.GameWorld.onUpdate(GameWorld.kt:177)
	at com.almasb.fxgl.all@17.2/com.almasb.fxgl.app.scene.GameScene.step(GameScene.kt:228)
	at com.almasb.fxgl.all@17.2/com.almasb.fxgl.app.scene.GameScene.onUpdate(GameScene.kt:224)
	at com.almasb.fxgl.scene@17.2/com.almasb.fxgl.scene.Scene.update(Scene.kt:105)
	at com.almasb.fxgl.all@17.2/com.almasb.fxgl.app.MainWindow$update$1.invoke(MainWindow.kt:115)
	at com.almasb.fxgl.all@17.2/com.almasb.fxgl.app.MainWindow$update$1.invoke(MainWindow.kt:115)
	at com.almasb.fxgl.core@17.2/com.almasb.fxgl.core.fsm.StateMachine.runOnActiveStates(StateMachine.kt:69)
	at com.almasb.fxgl.all@17.2/com.almasb.fxgl.app.MainWindow.update(MainWindow.kt:115)
	at com.almasb.fxgl.all@17.2/com.almasb.fxgl.app.FXGLApplication$GameApplicationService.onUpdate(FXGLApplication.kt:426)
	at com.almasb.fxgl.all@17.2/com.almasb.fxgl.app.Engine.loop(Engine.kt:134)
	at com.almasb.fxgl.all@17.2/com.almasb.fxgl.app.Engine.access$loop(Engine.kt:24)
	at com.almasb.fxgl.all@17.2/com.almasb.fxgl.app.Engine$loop$1.invoke(Engine.kt:28)
	at com.almasb.fxgl.all@17.2/com.almasb.fxgl.app.Engine$loop$1.invoke(Engine.kt:28)
	at com.almasb.fxgl.all@17.2/com.almasb.fxgl.app.LoopRunner.frame(LoopRunner.kt:103)
	at com.almasb.fxgl.all@17.2/com.almasb.fxgl.app.LoopRunner.access$frame(LoopRunner.kt:23)
	at com.almasb.fxgl.all@17.2/com.almasb.fxgl.app.LoopRunner$impl$2$1.onTick(LoopRunner.kt:57)
	at com.almasb.fxgl.all@17.2/com.almasb.fxgl.app.AnimationTimerLoop$timer$1.handle(LoopRunner.kt:137)
	at javafx.graphics/javafx.animation.AnimationTimer$AnimationTimerReceiver.lambda$handle$0(AnimationTimer.java:58)
	at java.base/java.security.AccessController.doPrivileged(AccessController.java:399)
	at javafx.graphics/javafx.animation.AnimationTimer$AnimationTimerReceiver.handle(AnimationTimer.java:57)
	at javafx.graphics/com.sun.scenario.animation.AbstractPrimaryTimer.timePulseImpl(AbstractPrimaryTimer.java:356)
	at javafx.graphics/com.sun.scenario.animation.AbstractPrimaryTimer$MainLoop.run(AbstractPrimaryTimer.java:266)
	at javafx.graphics/com.sun.javafx.tk.quantum.QuantumToolkit.pulse(QuantumToolkit.java:570)
	at javafx.graphics/com.sun.javafx.tk.quantum.QuantumToolkit.pulse(QuantumToolkit.java:554)
	at javafx.graphics/com.sun.javafx.tk.quantum.QuantumToolkit.pulseFromQueue(QuantumToolkit.java:547)
	at javafx.graphics/com.sun.javafx.tk.quantum.QuantumToolkit.lambda$runToolkit$11(QuantumToolkit.java:352)
	at javafx.graphics/com.sun.glass.ui.InvokeLaterDispatcher$Future.run(InvokeLaterDispatcher.java:96)

14:45:24.802 [JavaFX Application Thread] FATAL FXGLApplication      - Application will now exit
14:45:24.805 [JavaFX Application Thread] DEBUG PrimaryStageWindow   - Push state: ErrorSubScene
14:45:24.805 [JavaFX Application Thread] DEBUG Input                - Clearing active input actions
14:45:24.806 [JavaFX Application Thread] DEBUG GameApplicationServi - Removing overlay from GameScene and adding to ErrorSubScene
14:45:24.806 [JavaFX Application Thread] DEBUG PrimaryStageWindow   - GameScene -> ErrorSubScene
14:45:28.646 [JavaFX Application Thread] DEBUG FXGLApplication      - Exiting FXGL
14:45:28.646 [JavaFX Application Thread] DEBUG Async                - Shutting down background threads
14:45:28.646 [JavaFX Application Thread] DEBUG PrimaryStageWindow   - Closing main window
14:45:28.668 [JavaFX Application Thread] DEBUG Logger               - Closing Logger
