15:48:06.675 [main                     ] DEBUG Logger               - Configured Logger
15:48:06.689 [main                     ] DEBUG GameApplication      - Logging settings
Title: Untitled
Version: 0.0
Width: 1280
Height: 720
Fullscreen: false
Intro: false
Profiling: false
Single step:false
App Mode: DEVELOPER
Menu Key: ESCAPE
Stage Style: DECORATED
Scene Factory: class com.sunsofgod.PlatformerApp$1

15:48:06.958 [JavaFX Application Thread] DEBUG FXGLApplication      - Initializing FXGL
15:48:06.961 [JavaFX Application Thread] INFO  Engine               - FXGL-17.2 (20.08.2022 16.50) on WINDOWS (J:21.0.4 FX:17.0.12)
15:48:06.961 [JavaFX Application Thread] DEBUG Engine               - JRE Vendor Name: Eclipse Adoptium
15:48:06.961 [JavaFX Application Thread] DEBUG Engine               - Running on OS: Windows 11 version 10.0
15:48:06.961 [JavaFX Application Thread] DEBUG Engine               - Architecture: amd64
15:48:06.961 [JavaFX Application Thread] INFO  Engine               - Source code and latest versions at: https://github.com/AlmasB/FXGL
15:48:06.961 [JavaFX Application Thread] INFO  Engine               -       Ask questions and discuss at: https://github.com/AlmasB/FXGL/discussions
15:48:06.962 [JavaFX Application Thread] INFO  Engine               -              Join the FXGL chat at: https://gitter.im/AlmasB/FXGL
15:48:07.024 [JavaFX Application Thread] DEBUG PrimaryStageWindow   - Creating a JavaFX scene
15:48:07.053 [JavaFX Application Thread] DEBUG PrimaryStageWindow   - Target settings size: 1280.0 x 720.0
15:48:07.054 [JavaFX Application Thread] DEBUG PrimaryStageWindow   - Scaled scene size:    1280.0 x 720.0
15:48:07.054 [JavaFX Application Thread] DEBUG PrimaryStageWindow   - Scaled ratio: (1.0, 1.0)
15:48:07.054 [JavaFX Application Thread] DEBUG PrimaryStageWindow   - Set initial scene to FXGLStartupScene
15:48:07.058 [JavaFX Application Thread] DEBUG PrimaryStageWindow   - Opening main window
15:48:07.119 [JavaFX Application Thread] DEBUG PrimaryStageWindow   - Window border size: (16.0, 39.0)
15:48:07.119 [JavaFX Application Thread] DEBUG PrimaryStageWindow   - Scaled size: 1280.0 x 720.0
15:48:07.119 [JavaFX Application Thread] DEBUG PrimaryStageWindow   - Scaled ratio: (1.0, 1.0)
15:48:07.119 [JavaFX Application Thread] DEBUG PrimaryStageWindow   - Scene size: 1280.0 x 720.0
15:48:07.120 [JavaFX Application Thread] DEBUG PrimaryStageWindow   - Stage size: 1296.0 x 759.0
15:48:07.125 [FXGL Background Thread 1 ] DEBUG Engine               - Initializing environment variables
15:48:07.157 [FXGL Background Thread 1 ] DEBUG FXGLAssetLoaderServi - User app class for loading assets: class com.sunsofgod.PlatformerApp
15:48:07.157 [FXGL Background Thread 1 ] DEBUG GameApplicationServi - Applying CSS: fxgl_dark.css
15:48:07.158 [FXGL Background Thread 1 ] DEBUG FXGLAssetLoaderServi - Loading from file system: jar:file:///C:/Users/user/.m2/repository/com/github/almasb/fxgl/17.2/fxgl-17.2.jar!/fxglassets/ui/css/fxgl_dark.css
15:48:07.187 [FXGL Background Thread 1 ] DEBUG GameApplicationServi - Initializing application scenes
15:48:07.219 [FXGL Background Thread 1 ] WARN  FXGLAssetLoaderServi - Asset "/assets/textures/player.png" was not found!
15:48:07.219 [FXGL Background Thread 1 ] WARN  FXGLAssetLoaderServi - Failed to load IMAGE
15:48:07.235 [FXGL Background Thread 1 ] DEBUG GameWorld            - Game world initialized
15:48:07.266 [FXGL Background Thread 1 ] DEBUG PhysicsWorld         - Physics world initialized: appHeight=720, physics.ppm=50.0
15:48:07.267 [FXGL Background Thread 1 ] DEBUG PhysicsWorld         - Using strategy: BRUTE_FORCE
15:48:07.269 [FXGL Background Thread 1 ] DEBUG GameScene            - Game scene initialized: 1280x720
15:48:07.470 [FXGL Background Thread 1 ] DEBUG FXGL.DefaultMenu     - createMenuBodyGameMenu()
15:48:07.480 [FXGL Background Thread 1 ] DEBUG FXGL.DefaultMenu     - createOptionsMenu()
15:48:07.486 [FXGL Background Thread 1 ] DEBUG FXGLAssetLoaderServi - Loading from file system: jar:file:///C:/Users/user/.m2/repository/com/github/almasb/fxgl/17.2/fxgl-17.2.jar!/fxglassets/textures/particles/smoke.png
15:48:07.524 [FXGL Background Thread 1 ] DEBUG FXGLAssetLoaderServi - Loading from file system: jar:file:///C:/Users/user/.m2/repository/com/github/almasb/fxgl/17.2/fxgl-17.2.jar!/fxglassets/textures/particles/trace_horizontal.png
15:48:07.534 [FXGL Background Thread 1 ] DEBUG GameApplicationServi - Application scenes initialized
15:48:07.543 [FXGL Background Thread 1 ] DEBUG SystemBundleService  - Loading FXGL system data
15:48:07.546 [FXGL Background Thread 1 ] DEBUG FileSystemAccess     - Reading from: C:\Users\user\Desktop\JavaFXGame\system\fxgl.bundle
15:48:07.554 [FXGL Background Thread 1 ] DEBUG SystemBundleService  - Bundle FXGL: {}
15:48:07.554 [FXGL Background Thread 1 ] DEBUG UpdaterService       - Checking for updates
15:48:07.578 [FXGL Background Thread 4 ] DEBUG FXGLApplication      - Loading fonts
15:48:07.579 [FXGL Background Thread 1 ] DEBUG FXGLApplication      - Loading default localization
15:48:07.579 [FXGL Background Thread 4 ] DEBUG FXGLAssetLoaderServi - Loading from file system: jar:file:///C:/Users/user/.m2/repository/com/github/almasb/fxgl/17.2/fxgl-17.2.jar!/fxglassets/ui/fonts/VarelaRound-Regular.ttf
15:48:07.579 [FXGL Background Thread 1 ] DEBUG FXGLAssetLoaderServi - Loading from file system: jar:file:///C:/Users/user/.m2/repository/com/github/almasb/fxgl/17.2/fxgl-17.2.jar!/fxglassets/languages/english.lang
15:48:07.592 [FXGL Background Thread 1 ] INFO  FXGLApplication      - FXGL initialization took: 0.466 sec
15:48:07.593 [JavaFX Application Thread] DEBUG FXGLAssetLoaderServi - Loading from file system: jar:file:///C:/Users/user/.m2/repository/com/github/almasb/fxgl/17.2/fxgl-17.2.jar!/fxglassets/textures/fxgl_icon.png
15:48:07.598 [JavaFX Application Thread] DEBUG FXGLAssetLoaderServi - Loading from file system: jar:file:///C:/Users/user/.m2/repository/com/github/almasb/fxgl/17.2/fxgl-17.2.jar!/fxglassets/textures/fxgl_default_cursor.png
15:48:07.604 [FXGL Background Thread 4 ] DEBUG FXGLAssetLoaderServi - Loading from file system: jar:file:///C:/Users/user/.m2/repository/com/github/almasb/fxgl/17.2/fxgl-17.2.jar!/fxglassets/ui/fonts/Abel-Regular.ttf
15:48:07.607 [JavaFX Application Thread] DEBUG Input                - Registered new binding: Screenshot - CTRL+8
15:48:07.607 [JavaFX Application Thread] DEBUG Input                - Registered new binding: Dev Options - 1
15:48:07.608 [JavaFX Application Thread] DEBUG Input                - Registered new binding: Dev Console - 2
15:48:07.608 [JavaFX Application Thread] DEBUG Input                - Registered new binding: System info dump - CTRL+9
15:48:07.608 [JavaFX Application Thread] DEBUG Input                - Registered new binding: Restart - CTRL+R
15:48:07.608 [FXGL Background Thread 4 ] DEBUG FXGLAssetLoaderServi - Loading from file system: jar:file:///C:/Users/user/.m2/repository/com/github/almasb/fxgl/17.2/fxgl-17.2.jar!/fxglassets/ui/fonts/TerminalLandMono-Regular.otf
15:48:07.609 [JavaFX Application Thread] DEBUG Input                - Registered new binding: Toggle Debug Camera - CTRL+7
15:48:07.611 [JavaFX Application Thread] DEBUG LoopRunner           - Starting loop
15:48:07.611 [FXGL Background Thread 4 ] DEBUG FXGLAssetLoaderServi - Loading from file system: jar:file:///C:/Users/user/.m2/repository/com/github/almasb/fxgl/17.2/fxgl-17.2.jar!/fxglassets/ui/fonts/Courier-Prime.ttf
15:48:07.619 [JavaFX Application Thread] DEBUG LoopRunner           - Initializing JavaFX AnimationTimerLoop
15:48:07.621 [JavaFX Application Thread] DEBUG Input                - Clearing active input actions
15:48:07.629 [JavaFX Application Thread] DEBUG GameApplicationServi - Removing overlay from FXGLStartupScene and adding to FXGLMainMenuDummyScene
15:48:07.632 [JavaFX Application Thread] DEBUG PrimaryStageWindow   - FXGLStartupScene -> FXGLMainMenuDummyScene
15:48:07.632 [JavaFX Application Thread] DEBUG PrimaryStageWindow   - Push state: RiderMainMenuScene
15:48:07.633 [JavaFX Application Thread] DEBUG Input                - Clearing active input actions
15:48:07.636 [JavaFX Application Thread] DEBUG GameApplicationServi - Removing overlay from FXGLMainMenuDummyScene and adding to RiderMainMenuScene
15:48:07.637 [JavaFX Application Thread] DEBUG PrimaryStageWindow   - FXGLMainMenuDummyScene -> RiderMainMenuScene
15:48:07.756 [JavaFX Application Thread] DEBUG FXGLApplication      - Registering font factories with UI factory
15:48:07.888 [FXGL Background Thread 2 ] INFO  UpdaterService       - Your current version:  17.2
15:48:07.888 [FXGL Background Thread 2 ] INFO  UpdaterService       - Latest stable version: 21.1
15:48:08.498 [JavaFX Application Thread] DEBUG PrimaryStageWindow   - Push state: PlayerSelectScene
15:48:08.498 [JavaFX Application Thread] DEBUG Input                - Clearing active input actions
15:48:08.499 [JavaFX Application Thread] DEBUG GameApplicationServi - Removing overlay from RiderMainMenuScene and adding to PlayerSelectScene
15:48:08.500 [JavaFX Application Thread] DEBUG PrimaryStageWindow   - RiderMainMenuScene -> PlayerSelectScene
15:48:09.762 [JavaFX Application Thread] DEBUG PrimaryStageWindow   - Push state: LevelSelectScene
15:48:09.762 [JavaFX Application Thread] DEBUG Input                - Clearing active input actions
15:48:09.763 [JavaFX Application Thread] DEBUG GameApplicationServi - Removing overlay from PlayerSelectScene and adding to LevelSelectScene
15:48:09.763 [JavaFX Application Thread] DEBUG PrimaryStageWindow   - PlayerSelectScene -> LevelSelectScene
15:48:10.578 [FXGL Background Thread 3 ] DEBUG Engine               - Logging environment variables
15:48:10.578 [FXGL Background Thread 3 ] DEBUG Engine               - achievements: []
15:48:10.578 [FXGL Background Thread 3 ] DEBUG Engine               - actualHeight: 720.0
15:48:10.578 [FXGL Background Thread 3 ] DEBUG Engine               - actualHeightProperty: ReadOnlyDoubleProperty [value: 720.0]
15:48:10.578 [FXGL Background Thread 3 ] DEBUG Engine               - actualWidth: 1280.0
15:48:10.578 [FXGL Background Thread 3 ] DEBUG Engine               - actualWidthProperty: ReadOnlyDoubleProperty [value: 1280.0]
15:48:10.579 [FXGL Background Thread 3 ] DEBUG Engine               - appIcon: fxgl_icon.png
15:48:10.579 [FXGL Background Thread 3 ] DEBUG Engine               - applicationMode: DEVELOPER
15:48:10.579 [FXGL Background Thread 3 ] DEBUG Engine               - cSSList: [fxgl_dark.css]
15:48:10.579 [FXGL Background Thread 3 ] DEBUG Engine               - collisionDetectionStrategy: BRUTE_FORCE
15:48:10.579 [FXGL Background Thread 3 ] DEBUG Engine               - configClass: Optional.empty
15:48:10.579 [FXGL Background Thread 3 ] DEBUG Engine               - credits: []
15:48:10.579 [FXGL Background Thread 3 ] DEBUG Engine               - defaultCursor: CursorInfo(imageName=fxgl_default_cursor.png, hotspotX=7.0, hotspotY=6.0)
15:48:10.579 [FXGL Background Thread 3 ] DEBUG Engine               - devBBoxColorProperty: ObjectProperty [value: 0xff0000ff]
15:48:10.579 [FXGL Background Thread 3 ] DEBUG Engine               - devEnableDebugCameraProperty: BooleanProperty [value: false]
15:48:10.579 [FXGL Background Thread 3 ] DEBUG Engine               - devSensorColorProperty: ObjectProperty [value: 0xffff00ff]
15:48:10.579 [FXGL Background Thread 3 ] DEBUG Engine               - devShowBBoxProperty: BooleanProperty [value: false]
15:48:10.579 [FXGL Background Thread 3 ] DEBUG Engine               - devShowPositionProperty: BooleanProperty [value: false]
15:48:10.579 [FXGL Background Thread 3 ] DEBUG Engine               - enabledMenuItems: []
15:48:10.579 [FXGL Background Thread 3 ] DEBUG Engine               - engineServices: [class com.almasb.fxgl.app.services.FXGLAssetLoaderService, class com.almasb.fxgl.app.FXGLApplication$GameApplicationService, class com.almasb.fxgl.app.services.FXGLDialogService, class com.almasb.fxgl.app.services.IOTaskExecutorService, class com.almasb.fxgl.io.FileSystemService, class com.almasb.fxgl.localization.LocalizationService, class com.almasb.fxgl.app.services.SystemBundleService, class com.almasb.fxgl.profile.SaveLoadService, class com.almasb.fxgl.ui.FXGLUIFactoryServiceProvider, class com.almasb.fxgl.ui.FXGLDialogFactoryServiceProvider, class com.almasb.fxgl.audio.AudioPlayer, class com.almasb.fxgl.notification.impl.NotificationServiceProvider, class com.almasb.fxgl.achievement.AchievementService, class com.almasb.fxgl.cutscene.CutsceneService, class com.almasb.fxgl.minigames.MiniGameService, class com.almasb.fxgl.net.NetService, class com.almasb.fxgl.app.services.UpdaterService, class com.almasb.fxgl.dev.DevService]
15:48:10.579 [FXGL Background Thread 3 ] DEBUG Engine               - fontGame: Abel-Regular.ttf
15:48:10.580 [FXGL Background Thread 3 ] DEBUG Engine               - fontMono: TerminalLandMono-Regular.otf
15:48:10.580 [FXGL Background Thread 3 ] DEBUG Engine               - fontText: Courier-Prime.ttf
15:48:10.580 [FXGL Background Thread 3 ] DEBUG Engine               - fontUI: VarelaRound-Regular.ttf
15:48:10.580 [FXGL Background Thread 3 ] DEBUG Engine               - fullScreen: BooleanProperty [value: false]
15:48:10.580 [FXGL Background Thread 3 ] DEBUG Engine               - gameDifficulty: MEDIUM
15:48:10.580 [FXGL Background Thread 3 ] DEBUG Engine               - gameDifficultyProperty: ObjectProperty [value: MEDIUM]
15:48:10.580 [FXGL Background Thread 3 ] DEBUG Engine               - globalMusicVolume: 0.5
15:48:10.580 [FXGL Background Thread 3 ] DEBUG Engine               - globalMusicVolumeProperty: DoubleProperty [value: 0.25]
15:48:10.580 [FXGL Background Thread 3 ] DEBUG Engine               - globalSoundVolume: 0.5
15:48:10.580 [FXGL Background Thread 3 ] DEBUG Engine               - globalSoundVolumeProperty: DoubleProperty [value: 0.5]
15:48:10.580 [FXGL Background Thread 3 ] DEBUG Engine               - height: 720
15:48:10.580 [FXGL Background Thread 3 ] DEBUG Engine               - is3D: false
15:48:10.580 [FXGL Background Thread 3 ] DEBUG Engine               - isAndroid: false
15:48:10.580 [FXGL Background Thread 3 ] DEBUG Engine               - isBrowser: false
15:48:10.580 [FXGL Background Thread 3 ] DEBUG Engine               - isClickFeedbackEnabled: false
15:48:10.580 [FXGL Background Thread 3 ] DEBUG Engine               - isCloseConfirmation: false
15:48:10.580 [FXGL Background Thread 3 ] DEBUG Engine               - isDesktop: true
15:48:10.580 [FXGL Background Thread 3 ] DEBUG Engine               - isDeveloperMenuEnabled: true
15:48:10.580 [FXGL Background Thread 3 ] DEBUG Engine               - isEmbedded: false
15:48:10.580 [FXGL Background Thread 3 ] DEBUG Engine               - isEntityPreloadEnabled: true
15:48:10.580 [FXGL Background Thread 3 ] DEBUG Engine               - isExperimentalTiledLargeMap: false
15:48:10.580 [FXGL Background Thread 3 ] DEBUG Engine               - isFileSystemWriteAllowed: true
15:48:10.580 [FXGL Background Thread 3 ] DEBUG Engine               - isFullScreenAllowed: false
15:48:10.580 [FXGL Background Thread 3 ] DEBUG Engine               - isFullScreenFromStart: false
15:48:10.581 [FXGL Background Thread 3 ] DEBUG Engine               - isGameMenuEnabled: true
15:48:10.581 [FXGL Background Thread 3 ] DEBUG Engine               - isIOS: false
15:48:10.581 [FXGL Background Thread 3 ] DEBUG Engine               - isIntroEnabled: false
15:48:10.581 [FXGL Background Thread 3 ] DEBUG Engine               - isLinux: false
15:48:10.581 [FXGL Background Thread 3 ] DEBUG Engine               - isMac: false
15:48:10.581 [FXGL Background Thread 3 ] DEBUG Engine               - isMainMenuEnabled: true
15:48:10.581 [FXGL Background Thread 3 ] DEBUG Engine               - isManualResizeEnabled: false
15:48:10.581 [FXGL Background Thread 3 ] DEBUG Engine               - isMobile: false
15:48:10.581 [FXGL Background Thread 3 ] DEBUG Engine               - isNative: false
15:48:10.581 [FXGL Background Thread 3 ] DEBUG Engine               - isPauseMusicWhenMinimized: true
15:48:10.581 [FXGL Background Thread 3 ] DEBUG Engine               - isPreserveResizeRatio: false
15:48:10.581 [FXGL Background Thread 3 ] DEBUG Engine               - isProfilingEnabled: false
15:48:10.581 [FXGL Background Thread 3 ] DEBUG Engine               - isScaleAffectedOnResize: true
15:48:10.581 [FXGL Background Thread 3 ] DEBUG Engine               - isSingleStep: false
15:48:10.581 [FXGL Background Thread 3 ] DEBUG Engine               - isUserProfileEnabled: false
15:48:10.581 [FXGL Background Thread 3 ] DEBUG Engine               - isWindows: true
15:48:10.581 [FXGL Background Thread 3 ] DEBUG Engine               - language: ObjectProperty [value: ENGLISH]
15:48:10.581 [FXGL Background Thread 3 ] DEBUG Engine               - menuKey: ESCAPE
15:48:10.581 [FXGL Background Thread 3 ] DEBUG Engine               - mouseSensitivity: 0.2
15:48:10.581 [FXGL Background Thread 3 ] DEBUG Engine               - notificationViewClass: class com.almasb.fxgl.notification.view.XboxNotificationView
15:48:10.581 [FXGL Background Thread 3 ] DEBUG Engine               - pixelsPerMeter: 50.0
15:48:10.581 [FXGL Background Thread 3 ] DEBUG Engine               - platform: WINDOWS
15:48:10.581 [FXGL Background Thread 3 ] DEBUG Engine               - prefHeightProperty: ReadOnlyDoubleProperty [value: 720.0]
15:48:10.581 [FXGL Background Thread 3 ] DEBUG Engine               - prefWidthProperty: ReadOnlyDoubleProperty [value: 1280.0]
15:48:10.582 [FXGL Background Thread 3 ] DEBUG Engine               - profileDir: profiles/
15:48:10.582 [FXGL Background Thread 3 ] DEBUG Engine               - profileName: StringProperty [value: DEFAULT]
15:48:10.582 [FXGL Background Thread 3 ] DEBUG Engine               - randomSeed: -1
15:48:10.582 [FXGL Background Thread 3 ] DEBUG Engine               - runtimeInfo: RuntimeInfo(platform=WINDOWS, version=17.2, build=20.08.2022 16.50)
15:48:10.582 [FXGL Background Thread 3 ] DEBUG Engine               - saveFileExt: sav
15:48:10.582 [FXGL Background Thread 3 ] DEBUG Engine               - scaledHeightProp$fxgl: DoubleProperty [bound, value: 720.0]
15:48:10.582 [FXGL Background Thread 3 ] DEBUG Engine               - scaledWidthProp$fxgl: DoubleProperty [bound, value: 1280.0]
15:48:10.582 [FXGL Background Thread 3 ] DEBUG Engine               - sceneFactory: com.sunsofgod.PlatformerApp$1@56c90960
15:48:10.582 [FXGL Background Thread 3 ] DEBUG Engine               - secondsIn24h: 60
15:48:10.582 [FXGL Background Thread 3 ] DEBUG Engine               - soundMenuBack: menu/back.wav
15:48:10.582 [FXGL Background Thread 3 ] DEBUG Engine               - soundMenuPress: menu/press.wav
15:48:10.582 [FXGL Background Thread 3 ] DEBUG Engine               - soundMenuSelect: menu/select.wav
15:48:10.582 [FXGL Background Thread 3 ] DEBUG Engine               - soundNotification: core/notification.wav
15:48:10.582 [FXGL Background Thread 3 ] DEBUG Engine               - stageStyle: DECORATED
15:48:10.583 [FXGL Background Thread 3 ] DEBUG Engine               - supportedLanguages: [ENGLISH, FRENCH, GERMAN, HUNGARIAN, RUSSIAN]
15:48:10.583 [FXGL Background Thread 3 ] DEBUG Engine               - ticksPerSecond: -1
15:48:10.583 [FXGL Background Thread 3 ] DEBUG Engine               - title: Untitled
15:48:10.583 [FXGL Background Thread 3 ] DEBUG Engine               - urlGithub: https://github.com/AlmasB/FXGL
15:48:10.583 [FXGL Background Thread 3 ] DEBUG Engine               - urlLeaderboard: http://fxgl-top.herokuapp.com/
15:48:10.583 [FXGL Background Thread 3 ] DEBUG Engine               - urlPOM: https://raw.githubusercontent.com/AlmasB/FXGL/release/README.md
15:48:10.583 [FXGL Background Thread 3 ] DEBUG Engine               - userAppClass: class com.sunsofgod.PlatformerApp
15:48:10.583 [FXGL Background Thread 3 ] DEBUG Engine               - version: 0.0
15:48:10.583 [FXGL Background Thread 3 ] DEBUG Engine               - versionCheckDays: 7
15:48:10.583 [FXGL Background Thread 3 ] DEBUG Engine               - width: 1280
15:48:10.583 [FXGL Background Thread 3 ] DEBUG Engine               - Logging services
15:48:10.583 [FXGL Background Thread 3 ] DEBUG Engine               - class com.almasb.fxgl.app.services.FXGLAssetLoaderService
15:48:10.583 [FXGL Background Thread 3 ] DEBUG Engine               - class com.almasb.fxgl.app.FXGLApplication$GameApplicationService
15:48:10.583 [FXGL Background Thread 3 ] DEBUG Engine               - class com.almasb.fxgl.app.services.FXGLDialogService
15:48:10.583 [FXGL Background Thread 3 ] DEBUG Engine               - class com.almasb.fxgl.app.services.IOTaskExecutorService
15:48:10.583 [FXGL Background Thread 3 ] DEBUG Engine               - class com.almasb.fxgl.io.FileSystemService
15:48:10.583 [FXGL Background Thread 3 ] DEBUG Engine               - class com.almasb.fxgl.localization.LocalizationService
15:48:10.583 [FXGL Background Thread 3 ] DEBUG Engine               - class com.almasb.fxgl.app.services.SystemBundleService
15:48:10.583 [FXGL Background Thread 3 ] DEBUG Engine               - class com.almasb.fxgl.profile.SaveLoadService
15:48:10.583 [FXGL Background Thread 3 ] DEBUG Engine               - class com.almasb.fxgl.ui.FXGLUIFactoryServiceProvider
15:48:10.583 [FXGL Background Thread 3 ] DEBUG Engine               - class com.almasb.fxgl.ui.FXGLDialogFactoryServiceProvider
15:48:10.583 [FXGL Background Thread 3 ] DEBUG Engine               - class com.almasb.fxgl.audio.AudioPlayer
15:48:10.583 [FXGL Background Thread 3 ] DEBUG Engine               - class com.almasb.fxgl.notification.impl.NotificationServiceProvider
15:48:10.583 [FXGL Background Thread 3 ] DEBUG Engine               - class com.almasb.fxgl.achievement.AchievementService
15:48:10.583 [FXGL Background Thread 3 ] DEBUG Engine               - class com.almasb.fxgl.cutscene.CutsceneService
15:48:10.583 [FXGL Background Thread 3 ] DEBUG Engine               - class com.almasb.fxgl.minigames.MiniGameService
15:48:10.583 [FXGL Background Thread 3 ] DEBUG Engine               - class com.almasb.fxgl.net.NetService
15:48:10.583 [FXGL Background Thread 3 ] DEBUG Engine               - class com.almasb.fxgl.app.services.UpdaterService
15:48:10.583 [FXGL Background Thread 3 ] DEBUG Engine               - class com.almasb.fxgl.dev.DevService
15:48:16.875 [JavaFX Application Thread] DEBUG PrimaryStageWindow   - Pop state: LevelSelectScene
15:48:16.875 [JavaFX Application Thread] DEBUG Input                - Clearing active input actions
15:48:16.876 [JavaFX Application Thread] DEBUG GameApplicationServi - Removing overlay from LevelSelectScene and adding to PlayerSelectScene
15:48:16.877 [JavaFX Application Thread] DEBUG PrimaryStageWindow   - PlayerSelectScene <- LevelSelectScene
15:48:18.617 [JavaFX Application Thread] DEBUG PrimaryStageWindow   - Push state: LevelSelectScene
15:48:18.617 [JavaFX Application Thread] DEBUG Input                - Clearing active input actions
15:48:18.617 [JavaFX Application Thread] DEBUG GameApplicationServi - Removing overlay from PlayerSelectScene and adding to LevelSelectScene
15:48:18.618 [JavaFX Application Thread] DEBUG PrimaryStageWindow   - PlayerSelectScene -> LevelSelectScene
15:48:19.568 [JavaFX Application Thread] DEBUG PrimaryStageWindow   - Pop state: LevelSelectScene
15:48:19.568 [JavaFX Application Thread] DEBUG Input                - Clearing active input actions
15:48:19.568 [JavaFX Application Thread] DEBUG GameApplicationServi - Removing overlay from LevelSelectScene and adding to PlayerSelectScene
15:48:19.569 [JavaFX Application Thread] DEBUG PrimaryStageWindow   - PlayerSelectScene <- LevelSelectScene
15:48:21.064 [JavaFX Application Thread] DEBUG PrimaryStageWindow   - Push state: LevelSelectScene
15:48:21.066 [JavaFX Application Thread] DEBUG Input                - Clearing active input actions
15:48:21.066 [JavaFX Application Thread] DEBUG GameApplicationServi - Removing overlay from PlayerSelectScene and adding to LevelSelectScene
15:48:21.067 [JavaFX Application Thread] DEBUG PrimaryStageWindow   - PlayerSelectScene -> LevelSelectScene
15:48:23.528 [JavaFX Application Thread] DEBUG FXGLApplication      - Exiting FXGL
15:48:23.528 [JavaFX Application Thread] DEBUG LoopRunner           - Stopping loop
15:48:23.528 [JavaFX Application Thread] DEBUG SystemBundleService  - Saving FXGL system data
15:48:23.530 [JavaFX Application Thread] DEBUG FileSystemAccess     - Writing to: C:\Users\user\Desktop\JavaFXGame\system\fxgl.bundle
15:48:23.532 [JavaFX Application Thread] DEBUG Async                - Shutting down background threads
15:48:23.532 [JavaFX Application Thread] DEBUG PrimaryStageWindow   - Closing main window
15:48:23.542 [JavaFX Application Thread] DEBUG Logger               - Closing Logger
