13:14:39.948 [main                     ] DEBUG Logger               - Configured Logger
13:14:39.970 [main                     ] DEBUG GameApplication      - Logging settings
Title: Untitled
Version: 0.0
Width: 1280
Height: 720
Fullscreen: false
Intro: false
Profiling: false
Single step:false
App Mode: DEVELOPER
Menu Key: ESCAPE
Stage Style: DECORATED
Scene Factory: class com.sunsofgod.PlatformerApp$1

13:14:40.257 [JavaFX Application Thread] DEBUG FXGLApplication      - Initializing FXGL
13:14:40.262 [JavaFX Application Thread] INFO  Engine               - FXGL-17.2 (20.08.2022 16.50) on WINDOWS (J:21.0.4 FX:17.0.12)
13:14:40.262 [JavaFX Application Thread] DEBUG Engine               - JRE Vendor Name: Eclipse Adoptium
13:14:40.262 [JavaFX Application Thread] DEBUG Engine               - Running on OS: Windows 11 version 10.0
13:14:40.262 [JavaFX Application Thread] DEBUG Engine               - Architecture: amd64
13:14:40.262 [JavaFX Application Thread] INFO  Engine               - Source code and latest versions at: https://github.com/AlmasB/FXGL
13:14:40.262 [JavaFX Application Thread] INFO  Engine               -       Ask questions and discuss at: https://github.com/AlmasB/FXGL/discussions
13:14:40.263 [JavaFX Application Thread] INFO  Engine               -              Join the FXGL chat at: https://gitter.im/AlmasB/FXGL
13:14:40.337 [JavaFX Application Thread] DEBUG PrimaryStageWindow   - Creating a JavaFX scene
13:14:40.373 [JavaFX Application Thread] DEBUG PrimaryStageWindow   - Target settings size: 1280.0 x 720.0
13:14:40.373 [JavaFX Application Thread] DEBUG PrimaryStageWindow   - Scaled scene size:    1280.0 x 720.0
13:14:40.374 [JavaFX Application Thread] DEBUG PrimaryStageWindow   - Scaled ratio: (1.0, 1.0)
13:14:40.376 [JavaFX Application Thread] DEBUG PrimaryStageWindow   - Set initial scene to FXGLStartupScene
13:14:40.381 [JavaFX Application Thread] DEBUG PrimaryStageWindow   - Opening main window
13:14:40.454 [JavaFX Application Thread] DEBUG PrimaryStageWindow   - Window border size: (14.4000244140625, 37.5999755859375)
13:14:40.454 [JavaFX Application Thread] DEBUG PrimaryStageWindow   - Scaled size: 1280.0 x 720.0
13:14:40.454 [JavaFX Application Thread] DEBUG PrimaryStageWindow   - Scaled ratio: (1.0, 1.0)
13:14:40.454 [JavaFX Application Thread] DEBUG PrimaryStageWindow   - Scene size: 1280.0 x 720.0
13:14:40.454 [JavaFX Application Thread] DEBUG PrimaryStageWindow   - Stage size: 1294.4000244140625 x 757.5999755859375
13:14:40.460 [FXGL Background Thread 1 ] DEBUG Engine               - Initializing environment variables
13:14:40.504 [FXGL Background Thread 1 ] DEBUG FXGLAssetLoaderServi - User app class for loading assets: class com.sunsofgod.PlatformerApp
13:14:40.505 [FXGL Background Thread 1 ] DEBUG GameApplicationServi - Applying CSS: fxgl_dark.css
13:14:40.506 [FXGL Background Thread 1 ] DEBUG FXGLAssetLoaderServi - Loading from file system: jar:file:///C:/Users/Balong/.m2/repository/com/github/almasb/fxgl/17.2/fxgl-17.2.jar!/fxglassets/ui/css/fxgl_dark.css
13:14:40.553 [FXGL Background Thread 1 ] DEBUG GameApplicationServi - Initializing application scenes
13:14:40.599 [FXGL Background Thread 1 ] DEBUG FXGLAssetLoaderServi - Loading from file system: file:/C:/Users/Balong/Desktop/SummerJobShoppee/JavaFXGame/target/classes/assets/textures/player.png
13:14:40.622 [FXGL Background Thread 1 ] DEBUG GameWorld            - Game world initialized
13:14:40.671 [FXGL Background Thread 1 ] DEBUG PhysicsWorld         - Physics world initialized: appHeight=720, physics.ppm=50.0
13:14:40.671 [FXGL Background Thread 1 ] DEBUG PhysicsWorld         - Using strategy: BRUTE_FORCE
13:14:40.674 [FXGL Background Thread 1 ] DEBUG GameScene            - Game scene initialized: 1280x720
13:14:40.782 [FXGL Background Thread 1 ] DEBUG FXGL.DefaultMenu     - createMenuBodyGameMenu()
13:14:40.791 [FXGL Background Thread 1 ] DEBUG FXGL.DefaultMenu     - createOptionsMenu()
13:14:40.798 [FXGL Background Thread 1 ] DEBUG FXGLAssetLoaderServi - Loading from file system: jar:file:///C:/Users/Balong/.m2/repository/com/github/almasb/fxgl/17.2/fxgl-17.2.jar!/fxglassets/textures/particles/smoke.png
13:14:40.850 [FXGL Background Thread 1 ] DEBUG FXGLAssetLoaderServi - Loading from file system: jar:file:///C:/Users/Balong/.m2/repository/com/github/almasb/fxgl/17.2/fxgl-17.2.jar!/fxglassets/textures/particles/trace_horizontal.png
13:14:40.862 [FXGL Background Thread 1 ] DEBUG GameApplicationServi - Application scenes initialized
13:14:40.873 [FXGL Background Thread 1 ] DEBUG SystemBundleService  - Loading FXGL system data
13:14:40.877 [FXGL Background Thread 1 ] DEBUG FileSystemAccess     - Reading from: C:\Users\Balong\Desktop\SummerJobShoppee\JavaFXGame\system\fxgl.bundle
13:14:40.887 [FXGL Background Thread 1 ] DEBUG SystemBundleService  - Bundle FXGL: {}
13:14:40.887 [FXGL Background Thread 1 ] DEBUG UpdaterService       - Checking for updates
13:14:40.911 [FXGL Background Thread 4 ] DEBUG FXGLApplication      - Loading fonts
13:14:40.912 [FXGL Background Thread 1 ] DEBUG FXGLApplication      - Loading default localization
13:14:40.912 [FXGL Background Thread 4 ] DEBUG FXGLAssetLoaderServi - Loading from file system: jar:file:///C:/Users/Balong/.m2/repository/com/github/almasb/fxgl/17.2/fxgl-17.2.jar!/fxglassets/ui/fonts/VarelaRound-Regular.ttf
13:14:40.912 [FXGL Background Thread 1 ] DEBUG FXGLAssetLoaderServi - Loading from file system: jar:file:///C:/Users/Balong/.m2/repository/com/github/almasb/fxgl/17.2/fxgl-17.2.jar!/fxglassets/languages/english.lang
13:14:40.927 [FXGL Background Thread 1 ] INFO  FXGLApplication      - FXGL initialization took: 0.467 sec
13:14:40.929 [JavaFX Application Thread] DEBUG FXGLAssetLoaderServi - Loading from file system: jar:file:///C:/Users/Balong/.m2/repository/com/github/almasb/fxgl/17.2/fxgl-17.2.jar!/fxglassets/textures/fxgl_icon.png
13:14:40.941 [JavaFX Application Thread] DEBUG FXGLAssetLoaderServi - Loading from file system: jar:file:///C:/Users/Balong/.m2/repository/com/github/almasb/fxgl/17.2/fxgl-17.2.jar!/fxglassets/textures/fxgl_default_cursor.png
13:14:40.947 [FXGL Background Thread 4 ] DEBUG FXGLAssetLoaderServi - Loading from file system: jar:file:///C:/Users/Balong/.m2/repository/com/github/almasb/fxgl/17.2/fxgl-17.2.jar!/fxglassets/ui/fonts/Abel-Regular.ttf
13:14:40.953 [FXGL Background Thread 4 ] DEBUG FXGLAssetLoaderServi - Loading from file system: jar:file:///C:/Users/Balong/.m2/repository/com/github/almasb/fxgl/17.2/fxgl-17.2.jar!/fxglassets/ui/fonts/TerminalLandMono-Regular.otf
13:14:40.955 [JavaFX Application Thread] DEBUG Input                - Registered new binding: Screenshot - CTRL+8
13:14:40.955 [JavaFX Application Thread] DEBUG Input                - Registered new binding: Dev Options - 1
13:14:40.956 [JavaFX Application Thread] DEBUG Input                - Registered new binding: Dev Console - 2
13:14:40.956 [JavaFX Application Thread] DEBUG Input                - Registered new binding: System info dump - CTRL+9
13:14:40.958 [JavaFX Application Thread] DEBUG Input                - Registered new binding: Restart - CTRL+R
13:14:40.959 [FXGL Background Thread 4 ] DEBUG FXGLAssetLoaderServi - Loading from file system: jar:file:///C:/Users/Balong/.m2/repository/com/github/almasb/fxgl/17.2/fxgl-17.2.jar!/fxglassets/ui/fonts/Courier-Prime.ttf
13:14:40.959 [JavaFX Application Thread] DEBUG Input                - Registered new binding: Toggle Debug Camera - CTRL+7
13:14:40.963 [JavaFX Application Thread] DEBUG LoopRunner           - Starting loop
13:14:40.977 [JavaFX Application Thread] DEBUG LoopRunner           - Initializing JavaFX AnimationTimerLoop
13:14:40.979 [JavaFX Application Thread] DEBUG Input                - Clearing active input actions
13:14:40.987 [JavaFX Application Thread] DEBUG GameApplicationServi - Removing overlay from FXGLStartupScene and adding to FXGLMainMenuDummyScene
13:14:40.990 [JavaFX Application Thread] DEBUG PrimaryStageWindow   - FXGLStartupScene -> FXGLMainMenuDummyScene
13:14:40.990 [JavaFX Application Thread] DEBUG PrimaryStageWindow   - Push state: RiderMainMenuScene
13:14:40.990 [JavaFX Application Thread] DEBUG Input                - Clearing active input actions
13:14:40.995 [JavaFX Application Thread] DEBUG GameApplicationServi - Removing overlay from FXGLMainMenuDummyScene and adding to RiderMainMenuScene
13:14:40.995 [JavaFX Application Thread] DEBUG PrimaryStageWindow   - FXGLMainMenuDummyScene -> RiderMainMenuScene
13:14:40.997 [JavaFX Application Thread] DEBUG FXGLApplication      - Registering font factories with UI factory
13:14:41.660 [FXGL Background Thread 2 ] INFO  UpdaterService       - Your current version:  17.2
13:14:41.660 [FXGL Background Thread 2 ] INFO  UpdaterService       - Latest stable version: 21.1
13:14:43.910 [FXGL Background Thread 3 ] DEBUG Engine               - Logging environment variables
13:14:43.911 [FXGL Background Thread 3 ] DEBUG Engine               - achievements: []
13:14:43.911 [FXGL Background Thread 3 ] DEBUG Engine               - actualHeight: 720.0
13:14:43.911 [FXGL Background Thread 3 ] DEBUG Engine               - actualHeightProperty: ReadOnlyDoubleProperty [value: 720.0]
13:14:43.912 [FXGL Background Thread 3 ] DEBUG Engine               - actualWidth: 1280.0
13:14:43.912 [FXGL Background Thread 3 ] DEBUG Engine               - actualWidthProperty: ReadOnlyDoubleProperty [value: 1280.0]
13:14:43.912 [FXGL Background Thread 3 ] DEBUG Engine               - appIcon: fxgl_icon.png
13:14:43.912 [FXGL Background Thread 3 ] DEBUG Engine               - applicationMode: DEVELOPER
13:14:43.912 [FXGL Background Thread 3 ] DEBUG Engine               - cSSList: [fxgl_dark.css]
13:14:43.912 [FXGL Background Thread 3 ] DEBUG Engine               - collisionDetectionStrategy: BRUTE_FORCE
13:14:43.912 [FXGL Background Thread 3 ] DEBUG Engine               - configClass: Optional.empty
13:14:43.912 [FXGL Background Thread 3 ] DEBUG Engine               - credits: []
13:14:43.912 [FXGL Background Thread 3 ] DEBUG Engine               - defaultCursor: CursorInfo(imageName=fxgl_default_cursor.png, hotspotX=7.0, hotspotY=6.0)
13:14:43.913 [FXGL Background Thread 3 ] DEBUG Engine               - devBBoxColorProperty: ObjectProperty [value: 0xff0000ff]
13:14:43.913 [FXGL Background Thread 3 ] DEBUG Engine               - devEnableDebugCameraProperty: BooleanProperty [value: false]
13:14:43.913 [FXGL Background Thread 3 ] DEBUG Engine               - devSensorColorProperty: ObjectProperty [value: 0xffff00ff]
13:14:43.913 [FXGL Background Thread 3 ] DEBUG Engine               - devShowBBoxProperty: BooleanProperty [value: false]
13:14:43.913 [FXGL Background Thread 3 ] DEBUG Engine               - devShowPositionProperty: BooleanProperty [value: false]
13:14:43.913 [FXGL Background Thread 3 ] DEBUG Engine               - enabledMenuItems: []
13:14:43.913 [FXGL Background Thread 3 ] DEBUG Engine               - engineServices: [class com.almasb.fxgl.app.services.FXGLAssetLoaderService, class com.almasb.fxgl.app.FXGLApplication$GameApplicationService, class com.almasb.fxgl.app.services.FXGLDialogService, class com.almasb.fxgl.app.services.IOTaskExecutorService, class com.almasb.fxgl.io.FileSystemService, class com.almasb.fxgl.localization.LocalizationService, class com.almasb.fxgl.app.services.SystemBundleService, class com.almasb.fxgl.profile.SaveLoadService, class com.almasb.fxgl.ui.FXGLUIFactoryServiceProvider, class com.almasb.fxgl.ui.FXGLDialogFactoryServiceProvider, class com.almasb.fxgl.audio.AudioPlayer, class com.almasb.fxgl.notification.impl.NotificationServiceProvider, class com.almasb.fxgl.achievement.AchievementService, class com.almasb.fxgl.cutscene.CutsceneService, class com.almasb.fxgl.minigames.MiniGameService, class com.almasb.fxgl.net.NetService, class com.almasb.fxgl.app.services.UpdaterService, class com.almasb.fxgl.dev.DevService]
13:14:43.913 [FXGL Background Thread 3 ] DEBUG Engine               - fontGame: Abel-Regular.ttf
13:14:43.913 [FXGL Background Thread 3 ] DEBUG Engine               - fontMono: TerminalLandMono-Regular.otf
13:14:43.914 [FXGL Background Thread 3 ] DEBUG Engine               - fontText: Courier-Prime.ttf
13:14:43.914 [FXGL Background Thread 3 ] DEBUG Engine               - fontUI: VarelaRound-Regular.ttf
13:14:43.914 [FXGL Background Thread 3 ] DEBUG Engine               - fullScreen: BooleanProperty [value: false]
13:14:43.914 [FXGL Background Thread 3 ] DEBUG Engine               - gameDifficulty: MEDIUM
13:14:43.914 [FXGL Background Thread 3 ] DEBUG Engine               - gameDifficultyProperty: ObjectProperty [value: MEDIUM]
13:14:43.914 [FXGL Background Thread 3 ] DEBUG Engine               - globalMusicVolume: 0.5
13:14:43.914 [FXGL Background Thread 3 ] DEBUG Engine               - globalMusicVolumeProperty: DoubleProperty [value: 0.25]
13:14:43.914 [FXGL Background Thread 3 ] DEBUG Engine               - globalSoundVolume: 0.5
13:14:43.914 [FXGL Background Thread 3 ] DEBUG Engine               - globalSoundVolumeProperty: DoubleProperty [value: 0.5]
13:14:43.914 [FXGL Background Thread 3 ] DEBUG Engine               - height: 720
13:14:43.914 [FXGL Background Thread 3 ] DEBUG Engine               - is3D: false
13:14:43.914 [FXGL Background Thread 3 ] DEBUG Engine               - isAndroid: false
13:14:43.914 [FXGL Background Thread 3 ] DEBUG Engine               - isBrowser: false
13:14:43.914 [FXGL Background Thread 3 ] DEBUG Engine               - isClickFeedbackEnabled: false
13:14:43.914 [FXGL Background Thread 3 ] DEBUG Engine               - isCloseConfirmation: false
13:14:43.914 [FXGL Background Thread 3 ] DEBUG Engine               - isDesktop: true
13:14:43.914 [FXGL Background Thread 3 ] DEBUG Engine               - isDeveloperMenuEnabled: true
13:14:43.914 [FXGL Background Thread 3 ] DEBUG Engine               - isEmbedded: false
13:14:43.915 [FXGL Background Thread 3 ] DEBUG Engine               - isEntityPreloadEnabled: true
13:14:43.915 [FXGL Background Thread 3 ] DEBUG Engine               - isExperimentalTiledLargeMap: false
13:14:43.915 [FXGL Background Thread 3 ] DEBUG Engine               - isFileSystemWriteAllowed: true
13:14:43.915 [FXGL Background Thread 3 ] DEBUG Engine               - isFullScreenAllowed: false
13:14:43.915 [FXGL Background Thread 3 ] DEBUG Engine               - isFullScreenFromStart: false
13:14:43.915 [FXGL Background Thread 3 ] DEBUG Engine               - isGameMenuEnabled: true
13:14:43.915 [FXGL Background Thread 3 ] DEBUG Engine               - isIOS: false
13:14:43.915 [FXGL Background Thread 3 ] DEBUG Engine               - isIntroEnabled: false
13:14:43.915 [FXGL Background Thread 3 ] DEBUG Engine               - isLinux: false
13:14:43.915 [FXGL Background Thread 3 ] DEBUG Engine               - isMac: false
13:14:43.915 [FXGL Background Thread 3 ] DEBUG Engine               - isMainMenuEnabled: true
13:14:43.915 [FXGL Background Thread 3 ] DEBUG Engine               - isManualResizeEnabled: false
13:14:43.915 [FXGL Background Thread 3 ] DEBUG Engine               - isMobile: false
13:14:43.915 [FXGL Background Thread 3 ] DEBUG Engine               - isNative: false
13:14:43.915 [FXGL Background Thread 3 ] DEBUG Engine               - isPauseMusicWhenMinimized: true
13:14:43.915 [FXGL Background Thread 3 ] DEBUG Engine               - isPreserveResizeRatio: false
13:14:43.915 [FXGL Background Thread 3 ] DEBUG Engine               - isProfilingEnabled: false
13:14:43.915 [FXGL Background Thread 3 ] DEBUG Engine               - isScaleAffectedOnResize: true
13:14:43.915 [FXGL Background Thread 3 ] DEBUG Engine               - isSingleStep: false
13:14:43.915 [FXGL Background Thread 3 ] DEBUG Engine               - isUserProfileEnabled: false
13:14:43.916 [FXGL Background Thread 3 ] DEBUG Engine               - isWindows: true
13:14:43.916 [FXGL Background Thread 3 ] DEBUG Engine               - language: ObjectProperty [value: ENGLISH]
13:14:43.916 [FXGL Background Thread 3 ] DEBUG Engine               - menuKey: ESCAPE
13:14:43.916 [FXGL Background Thread 3 ] DEBUG Engine               - mouseSensitivity: 0.2
13:14:43.916 [FXGL Background Thread 3 ] DEBUG Engine               - notificationViewClass: class com.almasb.fxgl.notification.view.XboxNotificationView
13:14:43.916 [FXGL Background Thread 3 ] DEBUG Engine               - pixelsPerMeter: 50.0
13:14:43.916 [FXGL Background Thread 3 ] DEBUG Engine               - platform: WINDOWS
13:14:43.917 [FXGL Background Thread 3 ] DEBUG Engine               - prefHeightProperty: ReadOnlyDoubleProperty [value: 720.0]
13:14:43.917 [FXGL Background Thread 3 ] DEBUG Engine               - prefWidthProperty: ReadOnlyDoubleProperty [value: 1280.0]
13:14:43.917 [FXGL Background Thread 3 ] DEBUG Engine               - profileDir: profiles/
13:14:43.917 [FXGL Background Thread 3 ] DEBUG Engine               - profileName: StringProperty [value: DEFAULT]
13:14:43.917 [FXGL Background Thread 3 ] DEBUG Engine               - randomSeed: -1
13:14:43.917 [FXGL Background Thread 3 ] DEBUG Engine               - runtimeInfo: RuntimeInfo(platform=WINDOWS, version=17.2, build=20.08.2022 16.50)
13:14:43.917 [FXGL Background Thread 3 ] DEBUG Engine               - saveFileExt: sav
13:14:43.917 [FXGL Background Thread 3 ] DEBUG Engine               - scaledHeightProp$fxgl: DoubleProperty [bound, value: 720.0]
13:14:43.917 [FXGL Background Thread 3 ] DEBUG Engine               - scaledWidthProp$fxgl: DoubleProperty [bound, value: 1280.0]
13:14:43.917 [FXGL Background Thread 3 ] DEBUG Engine               - sceneFactory: com.sunsofgod.PlatformerApp$1@2e7ce17e
13:14:43.917 [FXGL Background Thread 3 ] DEBUG Engine               - secondsIn24h: 60
13:14:43.918 [FXGL Background Thread 3 ] DEBUG Engine               - soundMenuBack: menu/back.wav
13:14:43.918 [FXGL Background Thread 3 ] DEBUG Engine               - soundMenuPress: menu/press.wav
13:14:43.918 [FXGL Background Thread 3 ] DEBUG Engine               - soundMenuSelect: menu/select.wav
13:14:43.918 [FXGL Background Thread 3 ] DEBUG Engine               - soundNotification: core/notification.wav
13:14:43.918 [FXGL Background Thread 3 ] DEBUG Engine               - stageStyle: DECORATED
13:14:43.918 [FXGL Background Thread 3 ] DEBUG Engine               - supportedLanguages: [ENGLISH, FRENCH, GERMAN, HUNGARIAN, RUSSIAN]
13:14:43.918 [FXGL Background Thread 3 ] DEBUG Engine               - ticksPerSecond: -1
13:14:43.918 [FXGL Background Thread 3 ] DEBUG Engine               - title: Untitled
13:14:43.918 [FXGL Background Thread 3 ] DEBUG Engine               - urlGithub: https://github.com/AlmasB/FXGL
13:14:43.918 [FXGL Background Thread 3 ] DEBUG Engine               - urlLeaderboard: http://fxgl-top.herokuapp.com/
13:14:43.918 [FXGL Background Thread 3 ] DEBUG Engine               - urlPOM: https://raw.githubusercontent.com/AlmasB/FXGL/release/README.md
13:14:43.918 [FXGL Background Thread 3 ] DEBUG Engine               - userAppClass: class com.sunsofgod.PlatformerApp
13:14:43.918 [FXGL Background Thread 3 ] DEBUG Engine               - version: 0.0
13:14:43.918 [FXGL Background Thread 3 ] DEBUG Engine               - versionCheckDays: 7
13:14:43.918 [FXGL Background Thread 3 ] DEBUG Engine               - width: 1280
13:14:43.919 [FXGL Background Thread 3 ] DEBUG Engine               - Logging services
13:14:43.919 [FXGL Background Thread 3 ] DEBUG Engine               - class com.almasb.fxgl.app.services.FXGLAssetLoaderService
13:14:43.919 [FXGL Background Thread 3 ] DEBUG Engine               - class com.almasb.fxgl.app.FXGLApplication$GameApplicationService
13:14:43.919 [FXGL Background Thread 3 ] DEBUG Engine               - class com.almasb.fxgl.app.services.FXGLDialogService
13:14:43.919 [FXGL Background Thread 3 ] DEBUG Engine               - class com.almasb.fxgl.app.services.IOTaskExecutorService
13:14:43.919 [FXGL Background Thread 3 ] DEBUG Engine               - class com.almasb.fxgl.io.FileSystemService
13:14:43.919 [FXGL Background Thread 3 ] DEBUG Engine               - class com.almasb.fxgl.localization.LocalizationService
13:14:43.919 [FXGL Background Thread 3 ] DEBUG Engine               - class com.almasb.fxgl.app.services.SystemBundleService
13:14:43.919 [FXGL Background Thread 3 ] DEBUG Engine               - class com.almasb.fxgl.profile.SaveLoadService
13:14:43.919 [FXGL Background Thread 3 ] DEBUG Engine               - class com.almasb.fxgl.ui.FXGLUIFactoryServiceProvider
13:14:43.919 [FXGL Background Thread 3 ] DEBUG Engine               - class com.almasb.fxgl.ui.FXGLDialogFactoryServiceProvider
13:14:43.919 [FXGL Background Thread 3 ] DEBUG Engine               - class com.almasb.fxgl.audio.AudioPlayer
13:14:43.919 [FXGL Background Thread 3 ] DEBUG Engine               - class com.almasb.fxgl.notification.impl.NotificationServiceProvider
13:14:43.919 [FXGL Background Thread 3 ] DEBUG Engine               - class com.almasb.fxgl.achievement.AchievementService
13:14:43.919 [FXGL Background Thread 3 ] DEBUG Engine               - class com.almasb.fxgl.cutscene.CutsceneService
13:14:43.919 [FXGL Background Thread 3 ] DEBUG Engine               - class com.almasb.fxgl.minigames.MiniGameService
13:14:43.919 [FXGL Background Thread 3 ] DEBUG Engine               - class com.almasb.fxgl.net.NetService
13:14:43.919 [FXGL Background Thread 3 ] DEBUG Engine               - class com.almasb.fxgl.app.services.UpdaterService
13:14:43.919 [FXGL Background Thread 3 ] DEBUG Engine               - class com.almasb.fxgl.dev.DevService
13:15:32.999 [JavaFX Application Thread] DEBUG FXGLApplication      - Exiting FXGL
13:15:32.999 [JavaFX Application Thread] DEBUG LoopRunner           - Stopping loop
13:15:32.999 [JavaFX Application Thread] DEBUG SystemBundleService  - Saving FXGL system data
13:15:33.002 [JavaFX Application Thread] DEBUG FileSystemAccess     - Writing to: C:\Users\Balong\Desktop\SummerJobShoppee\JavaFXGame\system\fxgl.bundle
13:15:33.005 [JavaFX Application Thread] DEBUG Async                - Shutting down background threads
13:15:33.005 [JavaFX Application Thread] DEBUG PrimaryStageWindow   - Closing main window
13:15:33.025 [JavaFX Application Thread] DEBUG Logger               - Closing Logger
