13:52:01.446 [main                     ] DEBUG Logger               - Configured Logger
13:52:01.464 [main                     ] DEBUG GameApplication      - Logging settings
Title: Untitled
Version: 0.0
Width: 1280
Height: 720
Fullscreen: false
Intro: false
Profiling: false
Single step:false
App Mode: DEVELOPER
Menu Key: ESCAPE
Stage Style: DECORATED
Scene Factory: class com.sunsofgod.PlatformerApp$1

13:52:01.720 [JavaFX Application Thread] DEBUG FXGLApplication      - Initializing FXGL
13:52:01.724 [JavaFX Application Thread] INFO  Engine               - FXGL-17.2 (20.08.2022 16.50) on WINDOWS (J:21.0.4 FX:17.0.12)
13:52:01.724 [JavaFX Application Thread] DEBUG Engine               - JRE Vendor Name: Eclipse Adoptium
13:52:01.724 [JavaFX Application Thread] DEBUG Engine               - Running on OS: Windows 11 version 10.0
13:52:01.724 [JavaFX Application Thread] DEBUG Engine               - Architecture: amd64
13:52:01.724 [JavaFX Application Thread] INFO  Engine               - Source code and latest versions at: https://github.com/AlmasB/FXGL
13:52:01.724 [JavaFX Application Thread] INFO  Engine               -       Ask questions and discuss at: https://github.com/AlmasB/FXGL/discussions
13:52:01.725 [JavaFX Application Thread] INFO  Engine               -              Join the FXGL chat at: https://gitter.im/AlmasB/FXGL
13:52:01.778 [JavaFX Application Thread] DEBUG PrimaryStageWindow   - Creating a JavaFX scene
13:52:01.804 [JavaFX Application Thread] DEBUG PrimaryStageWindow   - Target settings size: 1280.0 x 720.0
13:52:01.805 [JavaFX Application Thread] DEBUG PrimaryStageWindow   - Scaled scene size:    1280.0 x 720.0
13:52:01.805 [JavaFX Application Thread] DEBUG PrimaryStageWindow   - Scaled ratio: (1.0, 1.0)
13:52:01.806 [JavaFX Application Thread] DEBUG PrimaryStageWindow   - Set initial scene to FXGLStartupScene
13:52:01.809 [JavaFX Application Thread] DEBUG PrimaryStageWindow   - Opening main window
13:52:01.863 [JavaFX Application Thread] DEBUG PrimaryStageWindow   - Window border size: (16.0, 39.0)
13:52:01.863 [JavaFX Application Thread] DEBUG PrimaryStageWindow   - Scaled size: 1280.0 x 720.0
13:52:01.863 [JavaFX Application Thread] DEBUG PrimaryStageWindow   - Scaled ratio: (1.0, 1.0)
13:52:01.864 [JavaFX Application Thread] DEBUG PrimaryStageWindow   - Scene size: 1280.0 x 720.0
13:52:01.864 [JavaFX Application Thread] DEBUG PrimaryStageWindow   - Stage size: 1296.0 x 759.0
13:52:01.868 [FXGL Background Thread 1 ] DEBUG Engine               - Initializing environment variables
13:52:01.897 [FXGL Background Thread 1 ] DEBUG FXGLAssetLoaderServi - User app class for loading assets: class com.sunsofgod.PlatformerApp
13:52:01.897 [FXGL Background Thread 1 ] DEBUG GameApplicationServi - Applying CSS: fxgl_dark.css
13:52:01.898 [FXGL Background Thread 1 ] DEBUG FXGLAssetLoaderServi - Loading from file system: jar:file:///C:/Users/Balong/.m2/repository/com/github/almasb/fxgl/17.2/fxgl-17.2.jar!/fxglassets/ui/css/fxgl_dark.css
13:52:01.928 [FXGL Background Thread 1 ] DEBUG GameApplicationServi - Initializing application scenes
13:52:01.956 [FXGL Background Thread 1 ] DEBUG FXGLAssetLoaderServi - Loading from file system: file:/C:/Users/Balong/Desktop/JavaFXGame-1/target/classes/assets/textures/player.png
13:52:01.970 [FXGL Background Thread 1 ] DEBUG GameWorld            - Game world initialized
13:52:02.005 [FXGL Background Thread 1 ] DEBUG PhysicsWorld         - Physics world initialized: appHeight=720, physics.ppm=50.0
13:52:02.006 [FXGL Background Thread 1 ] DEBUG PhysicsWorld         - Using strategy: BRUTE_FORCE
13:52:02.008 [FXGL Background Thread 1 ] DEBUG GameScene            - Game scene initialized: 1280x720
13:52:02.175 [FXGL Background Thread 1 ] DEBUG FXGL.DefaultMenu     - createMenuBodyGameMenu()
13:52:02.180 [FXGL Background Thread 1 ] DEBUG FXGL.DefaultMenu     - createOptionsMenu()
13:52:02.185 [FXGL Background Thread 1 ] DEBUG FXGLAssetLoaderServi - Loading from file system: jar:file:///C:/Users/Balong/.m2/repository/com/github/almasb/fxgl/17.2/fxgl-17.2.jar!/fxglassets/textures/particles/smoke.png
13:52:02.227 [FXGL Background Thread 1 ] DEBUG FXGLAssetLoaderServi - Loading from file system: jar:file:///C:/Users/Balong/.m2/repository/com/github/almasb/fxgl/17.2/fxgl-17.2.jar!/fxglassets/textures/particles/trace_horizontal.png
13:52:02.236 [FXGL Background Thread 1 ] DEBUG GameApplicationServi - Application scenes initialized
13:52:02.244 [FXGL Background Thread 1 ] DEBUG SystemBundleService  - Loading FXGL system data
13:52:02.247 [FXGL Background Thread 1 ] DEBUG FileSystemAccess     - Reading from: C:\Users\Balong\Desktop\JavaFXGame-1\system\fxgl.bundle
13:52:02.253 [FXGL Background Thread 1 ] DEBUG SystemBundleService  - Bundle FXGL: {}
13:52:02.253 [FXGL Background Thread 1 ] DEBUG UpdaterService       - Checking for updates
13:52:02.266 [FXGL Background Thread 4 ] DEBUG FXGLApplication      - Loading fonts
13:52:02.266 [FXGL Background Thread 1 ] DEBUG FXGLApplication      - Loading default localization
13:52:02.266 [FXGL Background Thread 4 ] DEBUG FXGLAssetLoaderServi - Loading from file system: jar:file:///C:/Users/Balong/.m2/repository/com/github/almasb/fxgl/17.2/fxgl-17.2.jar!/fxglassets/ui/fonts/VarelaRound-Regular.ttf
13:52:02.267 [FXGL Background Thread 1 ] DEBUG FXGLAssetLoaderServi - Loading from file system: jar:file:///C:/Users/Balong/.m2/repository/com/github/almasb/fxgl/17.2/fxgl-17.2.jar!/fxglassets/languages/english.lang
13:52:02.280 [FXGL Background Thread 1 ] INFO  FXGLApplication      - FXGL initialization took: 0.412 sec
13:52:02.281 [JavaFX Application Thread] DEBUG FXGLAssetLoaderServi - Loading from file system: jar:file:///C:/Users/Balong/.m2/repository/com/github/almasb/fxgl/17.2/fxgl-17.2.jar!/fxglassets/textures/fxgl_icon.png
13:52:02.287 [JavaFX Application Thread] DEBUG FXGLAssetLoaderServi - Loading from file system: jar:file:///C:/Users/Balong/.m2/repository/com/github/almasb/fxgl/17.2/fxgl-17.2.jar!/fxglassets/textures/fxgl_default_cursor.png
13:52:02.293 [JavaFX Application Thread] DEBUG Input                - Registered new binding: Screenshot - CTRL+8
13:52:02.293 [JavaFX Application Thread] DEBUG Input                - Registered new binding: Dev Options - 1
13:52:02.293 [JavaFX Application Thread] DEBUG Input                - Registered new binding: Dev Console - 2
13:52:02.294 [JavaFX Application Thread] DEBUG Input                - Registered new binding: System info dump - CTRL+9
13:52:02.294 [JavaFX Application Thread] DEBUG Input                - Registered new binding: Restart - CTRL+R
13:52:02.294 [FXGL Background Thread 4 ] DEBUG FXGLAssetLoaderServi - Loading from file system: jar:file:///C:/Users/Balong/.m2/repository/com/github/almasb/fxgl/17.2/fxgl-17.2.jar!/fxglassets/ui/fonts/Abel-Regular.ttf
13:52:02.294 [JavaFX Application Thread] DEBUG Input                - Registered new binding: Toggle Debug Camera - CTRL+7
13:52:02.296 [JavaFX Application Thread] DEBUG LoopRunner           - Starting loop
13:52:02.302 [FXGL Background Thread 4 ] DEBUG FXGLAssetLoaderServi - Loading from file system: jar:file:///C:/Users/Balong/.m2/repository/com/github/almasb/fxgl/17.2/fxgl-17.2.jar!/fxglassets/ui/fonts/TerminalLandMono-Regular.otf
13:52:02.305 [JavaFX Application Thread] DEBUG LoopRunner           - Initializing JavaFX AnimationTimerLoop
13:52:02.306 [JavaFX Application Thread] DEBUG Input                - Clearing active input actions
13:52:02.311 [FXGL Background Thread 4 ] DEBUG FXGLAssetLoaderServi - Loading from file system: jar:file:///C:/Users/Balong/.m2/repository/com/github/almasb/fxgl/17.2/fxgl-17.2.jar!/fxglassets/ui/fonts/Courier-Prime.ttf
13:52:02.313 [JavaFX Application Thread] DEBUG GameApplicationServi - Removing overlay from FXGLStartupScene and adding to FXGLMainMenuDummyScene
13:52:02.317 [JavaFX Application Thread] DEBUG PrimaryStageWindow   - FXGLStartupScene -> FXGLMainMenuDummyScene
13:52:02.317 [JavaFX Application Thread] DEBUG PrimaryStageWindow   - Push state: RiderMainMenuScene
13:52:02.317 [JavaFX Application Thread] DEBUG Input                - Clearing active input actions
13:52:02.321 [JavaFX Application Thread] DEBUG GameApplicationServi - Removing overlay from FXGLMainMenuDummyScene and adding to RiderMainMenuScene
13:52:02.322 [JavaFX Application Thread] DEBUG PrimaryStageWindow   - FXGLMainMenuDummyScene -> RiderMainMenuScene
13:52:02.441 [JavaFX Application Thread] DEBUG FXGLApplication      - Registering font factories with UI factory
13:52:02.552 [FXGL Background Thread 2 ] INFO  UpdaterService       - Your current version:  17.2
13:52:02.552 [FXGL Background Thread 2 ] INFO  UpdaterService       - Latest stable version: 21.1
13:52:04.430 [JavaFX Application Thread] DEBUG FXGLApplication      - Exiting FXGL
13:52:04.430 [JavaFX Application Thread] DEBUG LoopRunner           - Stopping loop
13:52:04.430 [JavaFX Application Thread] DEBUG SystemBundleService  - Saving FXGL system data
13:52:04.431 [JavaFX Application Thread] DEBUG FileSystemAccess     - Writing to: C:\Users\Balong\Desktop\JavaFXGame-1\system\fxgl.bundle
13:52:04.433 [JavaFX Application Thread] DEBUG Async                - Shutting down background threads
13:52:04.433 [JavaFX Application Thread] DEBUG PrimaryStageWindow   - Closing main window
13:52:04.442 [JavaFX Application Thread] DEBUG Logger               - Closing Logger
