18:10:47.101 [main                     ] DEBUG Logger               - Configured Logger
18:10:47.118 [main                     ] DEBUG GameApplication      - Logging settings
Title: Untitled
Version: 0.0
Width: 1280
Height: 720
Fullscreen: false
Intro: false
Profiling: false
Single step:false
App Mode: DEVELOPER
Menu Key: ESCAPE
Stage Style: DECORATED
Scene Factory: class com.sunsofgod.PlatformerApp$1

18:10:47.461 [JavaFX Application Thread] DEBUG FXGLApplication      - Initializing FXGL
18:10:47.465 [JavaFX Application Thread] INFO  Engine               - FXGL-17.2 (20.08.2022 16.50) on WINDOWS (J:21.0.4 FX:17.0.12)
18:10:47.465 [JavaFX Application Thread] DEBUG Engine               - JRE Vendor Name: Eclipse Adoptium
18:10:47.466 [JavaFX Application Thread] DEBUG Engine               - Running on OS: Windows 11 version 10.0
18:10:47.466 [JavaFX Application Thread] DEBUG Engine               - Architecture: amd64
18:10:47.466 [JavaFX Application Thread] INFO  Engine               - Source code and latest versions at: https://github.com/AlmasB/FXGL
18:10:47.466 [JavaFX Application Thread] INFO  Engine               -       Ask questions and discuss at: https://github.com/AlmasB/FXGL/discussions
18:10:47.466 [JavaFX Application Thread] INFO  Engine               -              Join the FXGL chat at: https://gitter.im/AlmasB/FXGL
18:10:47.545 [JavaFX Application Thread] DEBUG PrimaryStageWindow   - Creating a JavaFX scene
18:10:47.582 [JavaFX Application Thread] DEBUG PrimaryStageWindow   - Target settings size: 1280.0 x 720.0
18:10:47.583 [JavaFX Application Thread] DEBUG PrimaryStageWindow   - Scaled scene size:    1280.0 x 720.0
18:10:47.583 [JavaFX Application Thread] DEBUG PrimaryStageWindow   - Scaled ratio: (1.0, 1.0)
18:10:47.583 [JavaFX Application Thread] DEBUG PrimaryStageWindow   - Set initial scene to FXGLStartupScene
18:10:47.589 [JavaFX Application Thread] DEBUG PrimaryStageWindow   - Opening main window
18:10:47.676 [JavaFX Application Thread] DEBUG PrimaryStageWindow   - Window border size: (14.4000244140625, 37.5999755859375)
18:10:47.676 [JavaFX Application Thread] DEBUG PrimaryStageWindow   - Scaled size: 1280.0 x 720.0
18:10:47.676 [JavaFX Application Thread] DEBUG PrimaryStageWindow   - Scaled ratio: (1.0, 1.0)
18:10:47.676 [JavaFX Application Thread] DEBUG PrimaryStageWindow   - Scene size: 1280.0 x 720.0
18:10:47.676 [JavaFX Application Thread] DEBUG PrimaryStageWindow   - Stage size: 1294.4000244140625 x 757.5999755859375
18:10:47.684 [FXGL Background Thread 1 ] DEBUG Engine               - Initializing environment variables
18:10:47.723 [FXGL Background Thread 1 ] DEBUG FXGLAssetLoaderServi - User app class for loading assets: class com.sunsofgod.PlatformerApp
18:10:47.724 [FXGL Background Thread 1 ] DEBUG GameApplicationServi - Applying CSS: fxgl_dark.css
18:10:47.724 [FXGL Background Thread 1 ] DEBUG FXGLAssetLoaderServi - Loading from file system: jar:file:///C:/Users/jamie/.m2/repository/com/github/almasb/fxgl/17.2/fxgl-17.2.jar!/fxglassets/ui/css/fxgl_dark.css
18:10:47.760 [FXGL Background Thread 1 ] DEBUG GameApplicationServi - Initializing application scenes
18:10:47.801 [FXGL Background Thread 1 ] WARN  FXGLAssetLoaderServi - Asset "/assets/textures/player.png" was not found!
18:10:47.802 [FXGL Background Thread 1 ] WARN  FXGLAssetLoaderServi - Failed to load IMAGE
18:10:47.829 [FXGL Background Thread 1 ] DEBUG GameWorld            - Game world initialized
18:10:47.866 [FXGL Background Thread 1 ] DEBUG PhysicsWorld         - Physics world initialized: appHeight=720, physics.ppm=50.0
18:10:47.866 [FXGL Background Thread 1 ] DEBUG PhysicsWorld         - Using strategy: BRUTE_FORCE
18:10:47.870 [FXGL Background Thread 1 ] DEBUG GameScene            - Game scene initialized: 1280x720
18:10:48.394 [FXGL Background Thread 1 ] DEBUG GameApplicationServi - Application scenes initialized
18:10:48.408 [FXGL Background Thread 1 ] DEBUG SystemBundleService  - Loading FXGL system data
18:10:48.412 [FXGL Background Thread 1 ] DEBUG FileSystemAccess     - Reading from: C:\Users\jamie\OneDrive\Pictures\JavaFXGame\system\fxgl.bundle
18:10:48.422 [FXGL Background Thread 1 ] DEBUG SystemBundleService  - Bundle FXGL: {}
18:10:48.422 [FXGL Background Thread 1 ] DEBUG UpdaterService       - Checking for updates
18:10:48.456 [FXGL Background Thread 4 ] DEBUG FXGLApplication      - Loading fonts
18:10:48.457 [FXGL Background Thread 1 ] DEBUG FXGLApplication      - Loading default localization
18:10:48.457 [FXGL Background Thread 4 ] DEBUG FXGLAssetLoaderServi - Loading from file system: jar:file:///C:/Users/jamie/.m2/repository/com/github/almasb/fxgl/17.2/fxgl-17.2.jar!/fxglassets/ui/fonts/VarelaRound-Regular.ttf
18:10:48.458 [FXGL Background Thread 1 ] DEBUG FXGLAssetLoaderServi - Loading from file system: jar:file:///C:/Users/jamie/.m2/repository/com/github/almasb/fxgl/17.2/fxgl-17.2.jar!/fxglassets/languages/english.lang
18:10:48.487 [FXGL Background Thread 1 ] INFO  FXGLApplication      - FXGL initialization took: 0.803 sec
18:10:48.488 [JavaFX Application Thread] DEBUG FXGLAssetLoaderServi - Loading from file system: jar:file:///C:/Users/jamie/.m2/repository/com/github/almasb/fxgl/17.2/fxgl-17.2.jar!/fxglassets/textures/fxgl_icon.png
18:10:48.490 [FXGL Background Thread 4 ] DEBUG FXGLAssetLoaderServi - Loading from file system: jar:file:///C:/Users/jamie/.m2/repository/com/github/almasb/fxgl/17.2/fxgl-17.2.jar!/fxglassets/ui/fonts/Abel-Regular.ttf
18:10:48.496 [FXGL Background Thread 4 ] DEBUG FXGLAssetLoaderServi - Loading from file system: jar:file:///C:/Users/jamie/.m2/repository/com/github/almasb/fxgl/17.2/fxgl-17.2.jar!/fxglassets/ui/fonts/TerminalLandMono-Regular.otf
18:10:48.500 [FXGL Background Thread 4 ] DEBUG FXGLAssetLoaderServi - Loading from file system: jar:file:///C:/Users/jamie/.m2/repository/com/github/almasb/fxgl/17.2/fxgl-17.2.jar!/fxglassets/ui/fonts/Courier-Prime.ttf
18:10:48.503 [JavaFX Application Thread] DEBUG FXGLAssetLoaderServi - Loading from file system: jar:file:///C:/Users/jamie/.m2/repository/com/github/almasb/fxgl/17.2/fxgl-17.2.jar!/fxglassets/textures/fxgl_default_cursor.png
18:10:48.513 [JavaFX Application Thread] DEBUG Input                - Registered new binding: Screenshot - CTRL+8
18:10:48.514 [JavaFX Application Thread] DEBUG Input                - Registered new binding: Dev Options - 1
18:10:48.514 [JavaFX Application Thread] DEBUG Input                - Registered new binding: Dev Console - 2
18:10:48.514 [JavaFX Application Thread] DEBUG Input                - Registered new binding: System info dump - CTRL+9
18:10:48.515 [JavaFX Application Thread] DEBUG Input                - Registered new binding: Restart - CTRL+R
18:10:48.515 [JavaFX Application Thread] DEBUG Input                - Registered new binding: Toggle Debug Camera - CTRL+7
18:10:48.518 [JavaFX Application Thread] DEBUG LoopRunner           - Starting loop
18:10:48.537 [JavaFX Application Thread] DEBUG LoopRunner           - Initializing JavaFX AnimationTimerLoop
18:10:48.541 [JavaFX Application Thread] DEBUG Input                - Clearing active input actions
18:10:48.550 [JavaFX Application Thread] DEBUG GameApplicationServi - Removing overlay from FXGLStartupScene and adding to FXGLMainMenuDummyScene
18:10:48.554 [JavaFX Application Thread] DEBUG PrimaryStageWindow   - FXGLStartupScene -> FXGLMainMenuDummyScene
18:10:48.554 [JavaFX Application Thread] DEBUG PrimaryStageWindow   - Push state: RiderMainMenuScene
18:10:48.554 [JavaFX Application Thread] DEBUG Input                - Clearing active input actions
18:10:48.561 [JavaFX Application Thread] DEBUG GameApplicationServi - Removing overlay from FXGLMainMenuDummyScene and adding to RiderMainMenuScene
18:10:48.563 [JavaFX Application Thread] DEBUG PrimaryStageWindow   - FXGLMainMenuDummyScene -> RiderMainMenuScene
18:10:48.718 [JavaFX Application Thread] DEBUG FXGLApplication      - Registering font factories with UI factory
18:10:49.349 [FXGL Background Thread 2 ] INFO  UpdaterService       - Your current version:  17.2
18:10:49.350 [FXGL Background Thread 2 ] INFO  UpdaterService       - Latest stable version: 21.1
18:10:50.046 [JavaFX Application Thread] DEBUG PrimaryStageWindow   - Push state: PlayerSelectScene
18:10:50.046 [JavaFX Application Thread] DEBUG Input                - Clearing active input actions
18:10:50.047 [JavaFX Application Thread] DEBUG GameApplicationServi - Removing overlay from RiderMainMenuScene and adding to PlayerSelectScene
18:10:50.048 [JavaFX Application Thread] DEBUG PrimaryStageWindow   - RiderMainMenuScene -> PlayerSelectScene
18:10:51.448 [FXGL Background Thread 3 ] DEBUG Engine               - Logging environment variables
18:10:51.448 [FXGL Background Thread 3 ] DEBUG Engine               - achievements: []
18:10:51.448 [FXGL Background Thread 3 ] DEBUG Engine               - actualHeight: 720.0
18:10:51.448 [FXGL Background Thread 3 ] DEBUG Engine               - actualHeightProperty: ReadOnlyDoubleProperty [value: 720.0]
18:10:51.449 [FXGL Background Thread 3 ] DEBUG Engine               - actualWidth: 1280.0
18:10:51.449 [FXGL Background Thread 3 ] DEBUG Engine               - actualWidthProperty: ReadOnlyDoubleProperty [value: 1280.0]
18:10:51.449 [FXGL Background Thread 3 ] DEBUG Engine               - appIcon: fxgl_icon.png
18:10:51.449 [FXGL Background Thread 3 ] DEBUG Engine               - applicationMode: DEVELOPER
18:10:51.449 [FXGL Background Thread 3 ] DEBUG Engine               - cSSList: [fxgl_dark.css]
18:10:51.449 [FXGL Background Thread 3 ] DEBUG Engine               - collisionDetectionStrategy: BRUTE_FORCE
18:10:51.449 [FXGL Background Thread 3 ] DEBUG Engine               - configClass: Optional.empty
18:10:51.449 [FXGL Background Thread 3 ] DEBUG Engine               - credits: []
18:10:51.450 [FXGL Background Thread 3 ] DEBUG Engine               - defaultCursor: CursorInfo(imageName=fxgl_default_cursor.png, hotspotX=7.0, hotspotY=6.0)
18:10:51.450 [FXGL Background Thread 3 ] DEBUG Engine               - devBBoxColorProperty: ObjectProperty [value: 0xff0000ff]
18:10:51.450 [FXGL Background Thread 3 ] DEBUG Engine               - devEnableDebugCameraProperty: BooleanProperty [value: false]
18:10:51.450 [FXGL Background Thread 3 ] DEBUG Engine               - devSensorColorProperty: ObjectProperty [value: 0xffff00ff]
18:10:51.450 [FXGL Background Thread 3 ] DEBUG Engine               - devShowBBoxProperty: BooleanProperty [value: false]
18:10:51.450 [FXGL Background Thread 3 ] DEBUG Engine               - devShowPositionProperty: BooleanProperty [value: false]
18:10:51.450 [FXGL Background Thread 3 ] DEBUG Engine               - enabledMenuItems: []
18:10:51.450 [FXGL Background Thread 3 ] DEBUG Engine               - engineServices: [class com.almasb.fxgl.app.services.FXGLAssetLoaderService, class com.almasb.fxgl.app.FXGLApplication$GameApplicationService, class com.almasb.fxgl.app.services.FXGLDialogService, class com.almasb.fxgl.app.services.IOTaskExecutorService, class com.almasb.fxgl.io.FileSystemService, class com.almasb.fxgl.localization.LocalizationService, class com.almasb.fxgl.app.services.SystemBundleService, class com.almasb.fxgl.profile.SaveLoadService, class com.almasb.fxgl.ui.FXGLUIFactoryServiceProvider, class com.almasb.fxgl.ui.FXGLDialogFactoryServiceProvider, class com.almasb.fxgl.audio.AudioPlayer, class com.almasb.fxgl.notification.impl.NotificationServiceProvider, class com.almasb.fxgl.achievement.AchievementService, class com.almasb.fxgl.cutscene.CutsceneService, class com.almasb.fxgl.minigames.MiniGameService, class com.almasb.fxgl.net.NetService, class com.almasb.fxgl.app.services.UpdaterService, class com.almasb.fxgl.dev.DevService]
18:10:51.452 [FXGL Background Thread 3 ] DEBUG Engine               - fontGame: Abel-Regular.ttf
18:10:51.452 [FXGL Background Thread 3 ] DEBUG Engine               - fontMono: TerminalLandMono-Regular.otf
18:10:51.452 [FXGL Background Thread 3 ] DEBUG Engine               - fontText: Courier-Prime.ttf
18:10:51.452 [FXGL Background Thread 3 ] DEBUG Engine               - fontUI: VarelaRound-Regular.ttf
18:10:51.452 [FXGL Background Thread 3 ] DEBUG Engine               - fullScreen: BooleanProperty [value: false]
18:10:51.452 [FXGL Background Thread 3 ] DEBUG Engine               - gameDifficulty: MEDIUM
18:10:51.452 [FXGL Background Thread 3 ] DEBUG Engine               - gameDifficultyProperty: ObjectProperty [value: MEDIUM]
18:10:51.452 [FXGL Background Thread 3 ] DEBUG Engine               - globalMusicVolume: 0.5
18:10:51.452 [FXGL Background Thread 3 ] DEBUG Engine               - globalMusicVolumeProperty: DoubleProperty [value: 0.25]
18:10:51.452 [FXGL Background Thread 3 ] DEBUG Engine               - globalSoundVolume: 0.5
18:10:51.452 [FXGL Background Thread 3 ] DEBUG Engine               - globalSoundVolumeProperty: DoubleProperty [value: 0.5]
18:10:51.452 [FXGL Background Thread 3 ] DEBUG Engine               - height: 720
18:10:51.452 [FXGL Background Thread 3 ] DEBUG Engine               - is3D: false
18:10:51.452 [FXGL Background Thread 3 ] DEBUG Engine               - isAndroid: false
18:10:51.452 [FXGL Background Thread 3 ] DEBUG Engine               - isBrowser: false
18:10:51.452 [FXGL Background Thread 3 ] DEBUG Engine               - isClickFeedbackEnabled: false
18:10:51.452 [FXGL Background Thread 3 ] DEBUG Engine               - isCloseConfirmation: false
18:10:51.452 [FXGL Background Thread 3 ] DEBUG Engine               - isDesktop: true
18:10:51.452 [FXGL Background Thread 3 ] DEBUG Engine               - isDeveloperMenuEnabled: true
18:10:51.452 [FXGL Background Thread 3 ] DEBUG Engine               - isEmbedded: false
18:10:51.452 [FXGL Background Thread 3 ] DEBUG Engine               - isEntityPreloadEnabled: true
18:10:51.452 [FXGL Background Thread 3 ] DEBUG Engine               - isExperimentalTiledLargeMap: false
18:10:51.452 [FXGL Background Thread 3 ] DEBUG Engine               - isFileSystemWriteAllowed: true
18:10:51.452 [FXGL Background Thread 3 ] DEBUG Engine               - isFullScreenAllowed: false
18:10:51.452 [FXGL Background Thread 3 ] DEBUG Engine               - isFullScreenFromStart: false
18:10:51.452 [FXGL Background Thread 3 ] DEBUG Engine               - isGameMenuEnabled: true
18:10:51.452 [FXGL Background Thread 3 ] DEBUG Engine               - isIOS: false
18:10:51.452 [FXGL Background Thread 3 ] DEBUG Engine               - isIntroEnabled: false
18:10:51.452 [FXGL Background Thread 3 ] DEBUG Engine               - isLinux: false
18:10:51.452 [FXGL Background Thread 3 ] DEBUG Engine               - isMac: false
18:10:51.452 [FXGL Background Thread 3 ] DEBUG Engine               - isMainMenuEnabled: true
18:10:51.452 [FXGL Background Thread 3 ] DEBUG Engine               - isManualResizeEnabled: false
18:10:51.452 [FXGL Background Thread 3 ] DEBUG Engine               - isMobile: false
18:10:51.452 [FXGL Background Thread 3 ] DEBUG Engine               - isNative: false
18:10:51.452 [FXGL Background Thread 3 ] DEBUG Engine               - isPauseMusicWhenMinimized: true
18:10:51.452 [FXGL Background Thread 3 ] DEBUG Engine               - isPreserveResizeRatio: false
18:10:51.452 [FXGL Background Thread 3 ] DEBUG Engine               - isProfilingEnabled: false
18:10:51.452 [FXGL Background Thread 3 ] DEBUG Engine               - isScaleAffectedOnResize: true
18:10:51.452 [FXGL Background Thread 3 ] DEBUG Engine               - isSingleStep: false
18:10:51.452 [FXGL Background Thread 3 ] DEBUG Engine               - isUserProfileEnabled: false
18:10:51.452 [FXGL Background Thread 3 ] DEBUG Engine               - isWindows: true
18:10:51.452 [FXGL Background Thread 3 ] DEBUG Engine               - language: ObjectProperty [value: ENGLISH]
18:10:51.453 [FXGL Background Thread 3 ] DEBUG Engine               - menuKey: ESCAPE
18:10:51.453 [FXGL Background Thread 3 ] DEBUG Engine               - mouseSensitivity: 0.2
18:10:51.453 [FXGL Background Thread 3 ] DEBUG Engine               - notificationViewClass: class com.almasb.fxgl.notification.view.XboxNotificationView
18:10:51.453 [FXGL Background Thread 3 ] DEBUG Engine               - pixelsPerMeter: 50.0
18:10:51.453 [FXGL Background Thread 3 ] DEBUG Engine               - platform: WINDOWS
18:10:51.453 [FXGL Background Thread 3 ] DEBUG Engine               - prefHeightProperty: ReadOnlyDoubleProperty [value: 720.0]
18:10:51.453 [FXGL Background Thread 3 ] DEBUG Engine               - prefWidthProperty: ReadOnlyDoubleProperty [value: 1280.0]
18:10:51.453 [FXGL Background Thread 3 ] DEBUG Engine               - profileDir: profiles/
18:10:51.453 [FXGL Background Thread 3 ] DEBUG Engine               - profileName: StringProperty [value: DEFAULT]
18:10:51.453 [FXGL Background Thread 3 ] DEBUG Engine               - randomSeed: -1
18:10:51.453 [FXGL Background Thread 3 ] DEBUG Engine               - runtimeInfo: RuntimeInfo(platform=WINDOWS, version=17.2, build=20.08.2022 16.50)
18:10:51.453 [FXGL Background Thread 3 ] DEBUG Engine               - saveFileExt: sav
18:10:51.453 [FXGL Background Thread 3 ] DEBUG Engine               - scaledHeightProp$fxgl: DoubleProperty [bound, value: 720.0]
18:10:51.453 [FXGL Background Thread 3 ] DEBUG Engine               - scaledWidthProp$fxgl: DoubleProperty [bound, value: 1280.0]
18:10:51.453 [FXGL Background Thread 3 ] DEBUG Engine               - sceneFactory: com.sunsofgod.PlatformerApp$1@a24f598
18:10:51.453 [FXGL Background Thread 3 ] DEBUG Engine               - secondsIn24h: 60
18:10:51.453 [FXGL Background Thread 3 ] DEBUG Engine               - soundMenuBack: menu/back.wav
18:10:51.453 [FXGL Background Thread 3 ] DEBUG Engine               - soundMenuPress: menu/press.wav
18:10:51.453 [FXGL Background Thread 3 ] DEBUG Engine               - soundMenuSelect: menu/select.wav
18:10:51.453 [FXGL Background Thread 3 ] DEBUG Engine               - soundNotification: core/notification.wav
18:10:51.453 [FXGL Background Thread 3 ] DEBUG Engine               - stageStyle: DECORATED
18:10:51.453 [FXGL Background Thread 3 ] DEBUG Engine               - supportedLanguages: [ENGLISH, FRENCH, GERMAN, HUNGARIAN, RUSSIAN]
18:10:51.453 [FXGL Background Thread 3 ] DEBUG Engine               - ticksPerSecond: -1
18:10:51.453 [FXGL Background Thread 3 ] DEBUG Engine               - title: Untitled
18:10:51.453 [FXGL Background Thread 3 ] DEBUG Engine               - urlGithub: https://github.com/AlmasB/FXGL
18:10:51.454 [FXGL Background Thread 3 ] DEBUG Engine               - urlLeaderboard: http://fxgl-top.herokuapp.com/
18:10:51.454 [FXGL Background Thread 3 ] DEBUG Engine               - urlPOM: https://raw.githubusercontent.com/AlmasB/FXGL/release/README.md
18:10:51.454 [FXGL Background Thread 3 ] DEBUG Engine               - userAppClass: class com.sunsofgod.PlatformerApp
18:10:51.454 [FXGL Background Thread 3 ] DEBUG Engine               - version: 0.0
18:10:51.454 [FXGL Background Thread 3 ] DEBUG Engine               - versionCheckDays: 7
18:10:51.454 [FXGL Background Thread 3 ] DEBUG Engine               - width: 1280
18:10:51.454 [FXGL Background Thread 3 ] DEBUG Engine               - Logging services
18:10:51.454 [FXGL Background Thread 3 ] DEBUG Engine               - class com.almasb.fxgl.app.services.FXGLAssetLoaderService
18:10:51.454 [FXGL Background Thread 3 ] DEBUG Engine               - class com.almasb.fxgl.app.FXGLApplication$GameApplicationService
18:10:51.454 [FXGL Background Thread 3 ] DEBUG Engine               - class com.almasb.fxgl.app.services.FXGLDialogService
18:10:51.454 [FXGL Background Thread 3 ] DEBUG Engine               - class com.almasb.fxgl.app.services.IOTaskExecutorService
18:10:51.454 [FXGL Background Thread 3 ] DEBUG Engine               - class com.almasb.fxgl.io.FileSystemService
18:10:51.454 [FXGL Background Thread 3 ] DEBUG Engine               - class com.almasb.fxgl.localization.LocalizationService
18:10:51.454 [FXGL Background Thread 3 ] DEBUG Engine               - class com.almasb.fxgl.app.services.SystemBundleService
18:10:51.454 [FXGL Background Thread 3 ] DEBUG Engine               - class com.almasb.fxgl.profile.SaveLoadService
18:10:51.454 [FXGL Background Thread 3 ] DEBUG Engine               - class com.almasb.fxgl.ui.FXGLUIFactoryServiceProvider
18:10:51.454 [FXGL Background Thread 3 ] DEBUG Engine               - class com.almasb.fxgl.ui.FXGLDialogFactoryServiceProvider
18:10:51.454 [FXGL Background Thread 3 ] DEBUG Engine               - class com.almasb.fxgl.audio.AudioPlayer
18:10:51.454 [FXGL Background Thread 3 ] DEBUG Engine               - class com.almasb.fxgl.notification.impl.NotificationServiceProvider
18:10:51.454 [FXGL Background Thread 3 ] DEBUG Engine               - class com.almasb.fxgl.achievement.AchievementService
18:10:51.454 [FXGL Background Thread 3 ] DEBUG Engine               - class com.almasb.fxgl.cutscene.CutsceneService
18:10:51.454 [FXGL Background Thread 3 ] DEBUG Engine               - class com.almasb.fxgl.minigames.MiniGameService
18:10:51.454 [FXGL Background Thread 3 ] DEBUG Engine               - class com.almasb.fxgl.net.NetService
18:10:51.454 [FXGL Background Thread 3 ] DEBUG Engine               - class com.almasb.fxgl.app.services.UpdaterService
18:10:51.454 [FXGL Background Thread 3 ] DEBUG Engine               - class com.almasb.fxgl.dev.DevService
18:11:00.743 [JavaFX Application Thread] DEBUG PrimaryStageWindow   - Push state: LevelSelectScene
18:11:00.743 [JavaFX Application Thread] DEBUG Input                - Clearing active input actions
18:11:00.744 [JavaFX Application Thread] DEBUG GameApplicationServi - Removing overlay from PlayerSelectScene and adding to LevelSelectScene
18:11:00.745 [JavaFX Application Thread] DEBUG PrimaryStageWindow   - PlayerSelectScene -> LevelSelectScene
18:11:24.879 [JavaFX Application Thread] DEBUG PrimaryStageWindow   - Pop state: LevelSelectScene
18:11:24.879 [JavaFX Application Thread] DEBUG Input                - Clearing active input actions
18:11:24.880 [JavaFX Application Thread] DEBUG GameApplicationServi - Removing overlay from LevelSelectScene and adding to PlayerSelectScene
18:11:24.881 [JavaFX Application Thread] DEBUG PrimaryStageWindow   - PlayerSelectScene <- LevelSelectScene
18:11:28.338 [JavaFX Application Thread] DEBUG PrimaryStageWindow   - Push state: LevelSelectScene
18:11:28.338 [JavaFX Application Thread] DEBUG Input                - Clearing active input actions
18:11:28.338 [JavaFX Application Thread] DEBUG GameApplicationServi - Removing overlay from PlayerSelectScene and adding to LevelSelectScene
18:11:28.339 [JavaFX Application Thread] DEBUG PrimaryStageWindow   - PlayerSelectScene -> LevelSelectScene
18:11:33.975 [JavaFX Application Thread] DEBUG PrimaryStageWindow   - Pop state: LevelSelectScene
18:11:33.976 [JavaFX Application Thread] DEBUG Input                - Clearing active input actions
18:11:33.977 [JavaFX Application Thread] DEBUG GameApplicationServi - Removing overlay from LevelSelectScene and adding to PlayerSelectScene
18:11:33.978 [JavaFX Application Thread] DEBUG PrimaryStageWindow   - PlayerSelectScene <- LevelSelectScene
18:11:38.026 [JavaFX Application Thread] DEBUG PrimaryStageWindow   - Push state: LevelSelectScene
18:11:38.026 [JavaFX Application Thread] DEBUG Input                - Clearing active input actions
18:11:38.026 [JavaFX Application Thread] DEBUG GameApplicationServi - Removing overlay from PlayerSelectScene and adding to LevelSelectScene
18:11:38.027 [JavaFX Application Thread] DEBUG PrimaryStageWindow   - PlayerSelectScene -> LevelSelectScene
18:11:41.173 [JavaFX Application Thread] DEBUG PrimaryStageWindow   - Pop state: LevelSelectScene
18:11:41.173 [JavaFX Application Thread] DEBUG Input                - Clearing active input actions
18:11:41.174 [JavaFX Application Thread] DEBUG GameApplicationServi - Removing overlay from LevelSelectScene and adding to PlayerSelectScene
18:11:41.176 [JavaFX Application Thread] DEBUG PrimaryStageWindow   - PlayerSelectScene <- LevelSelectScene
18:11:44.374 [JavaFX Application Thread] DEBUG PrimaryStageWindow   - Push state: LevelSelectScene
18:11:44.374 [JavaFX Application Thread] DEBUG Input                - Clearing active input actions
18:11:44.374 [JavaFX Application Thread] DEBUG GameApplicationServi - Removing overlay from PlayerSelectScene and adding to LevelSelectScene
18:11:44.375 [JavaFX Application Thread] DEBUG PrimaryStageWindow   - PlayerSelectScene -> LevelSelectScene
18:11:55.859 [JavaFX Application Thread] DEBUG PrimaryStageWindow   - Pop state: LevelSelectScene
18:11:55.859 [JavaFX Application Thread] DEBUG Input                - Clearing active input actions
18:11:55.859 [JavaFX Application Thread] DEBUG GameApplicationServi - Removing overlay from LevelSelectScene and adding to PlayerSelectScene
18:11:55.859 [JavaFX Application Thread] DEBUG PrimaryStageWindow   - PlayerSelectScene <- LevelSelectScene
18:11:58.810 [JavaFX Application Thread] DEBUG PrimaryStageWindow   - Push state: LevelSelectScene
18:11:58.812 [JavaFX Application Thread] DEBUG Input                - Clearing active input actions
18:11:58.812 [JavaFX Application Thread] DEBUG GameApplicationServi - Removing overlay from PlayerSelectScene and adding to LevelSelectScene
18:11:58.812 [JavaFX Application Thread] DEBUG PrimaryStageWindow   - PlayerSelectScene -> LevelSelectScene
18:12:02.311 [JavaFX Application Thread] DEBUG PrimaryStageWindow   - Pop state: LevelSelectScene
18:12:02.311 [JavaFX Application Thread] DEBUG Input                - Clearing active input actions
18:12:02.313 [JavaFX Application Thread] DEBUG GameApplicationServi - Removing overlay from LevelSelectScene and adding to PlayerSelectScene
18:12:02.313 [JavaFX Application Thread] DEBUG PrimaryStageWindow   - PlayerSelectScene <- LevelSelectScene
18:12:04.740 [JavaFX Application Thread] DEBUG PrimaryStageWindow   - Push state: LevelSelectScene
18:12:04.741 [JavaFX Application Thread] DEBUG Input                - Clearing active input actions
18:12:04.741 [JavaFX Application Thread] DEBUG GameApplicationServi - Removing overlay from PlayerSelectScene and adding to LevelSelectScene
18:12:04.741 [JavaFX Application Thread] DEBUG PrimaryStageWindow   - PlayerSelectScene -> LevelSelectScene
18:12:10.218 [JavaFX Application Thread] DEBUG PrimaryStageWindow   - Pop state: LevelSelectScene
18:12:10.218 [JavaFX Application Thread] DEBUG Input                - Clearing active input actions
18:12:10.218 [JavaFX Application Thread] DEBUG GameApplicationServi - Removing overlay from LevelSelectScene and adding to PlayerSelectScene
18:12:10.219 [JavaFX Application Thread] DEBUG PrimaryStageWindow   - PlayerSelectScene <- LevelSelectScene
18:12:15.563 [JavaFX Application Thread] DEBUG PrimaryStageWindow   - Push state: LevelSelectScene
18:12:15.563 [JavaFX Application Thread] DEBUG Input                - Clearing active input actions
18:12:15.563 [JavaFX Application Thread] DEBUG GameApplicationServi - Removing overlay from PlayerSelectScene and adding to LevelSelectScene
18:12:15.564 [JavaFX Application Thread] DEBUG PrimaryStageWindow   - PlayerSelectScene -> LevelSelectScene
18:12:25.354 [JavaFX Application Thread] DEBUG PrimaryStageWindow   - Pop state: LevelSelectScene
18:12:25.355 [JavaFX Application Thread] DEBUG Input                - Clearing active input actions
18:12:25.355 [JavaFX Application Thread] DEBUG GameApplicationServi - Removing overlay from LevelSelectScene and adding to PlayerSelectScene
18:12:25.356 [JavaFX Application Thread] DEBUG PrimaryStageWindow   - PlayerSelectScene <- LevelSelectScene
18:12:26.824 [JavaFX Application Thread] DEBUG PrimaryStageWindow   - Push state: LevelSelectScene
18:12:26.824 [JavaFX Application Thread] DEBUG Input                - Clearing active input actions
18:12:26.824 [JavaFX Application Thread] DEBUG GameApplicationServi - Removing overlay from PlayerSelectScene and adding to LevelSelectScene
18:12:26.824 [JavaFX Application Thread] DEBUG PrimaryStageWindow   - PlayerSelectScene -> LevelSelectScene
18:12:30.247 [JavaFX Application Thread] DEBUG PrimaryStageWindow   - Pop state: LevelSelectScene
18:12:30.247 [JavaFX Application Thread] DEBUG Input                - Clearing active input actions
18:12:30.248 [JavaFX Application Thread] DEBUG GameApplicationServi - Removing overlay from LevelSelectScene and adding to PlayerSelectScene
18:12:30.248 [JavaFX Application Thread] DEBUG PrimaryStageWindow   - PlayerSelectScene <- LevelSelectScene
18:12:34.757 [JavaFX Application Thread] DEBUG PrimaryStageWindow   - Push state: LevelSelectScene
18:12:34.757 [JavaFX Application Thread] DEBUG Input                - Clearing active input actions
18:12:34.757 [JavaFX Application Thread] DEBUG GameApplicationServi - Removing overlay from PlayerSelectScene and adding to LevelSelectScene
18:12:34.757 [JavaFX Application Thread] DEBUG PrimaryStageWindow   - PlayerSelectScene -> LevelSelectScene
18:12:44.158 [JavaFX Application Thread] DEBUG Menu                 - fireNewGame()
18:12:44.159 [JavaFX Application Thread] DEBUG GameApplicationServi - Starting new game
18:12:44.159 [JavaFX Application Thread] DEBUG PrimaryStageWindow   - Pop state: LevelSelectScene
18:12:44.159 [JavaFX Application Thread] DEBUG Input                - Clearing active input actions
18:12:44.159 [JavaFX Application Thread] DEBUG GameApplicationServi - Removing overlay from LevelSelectScene and adding to PlayerSelectScene
18:12:44.159 [JavaFX Application Thread] DEBUG PrimaryStageWindow   - PlayerSelectScene <- LevelSelectScene
18:12:44.160 [JavaFX Application Thread] DEBUG PrimaryStageWindow   - Pop state: PlayerSelectScene
18:12:44.160 [JavaFX Application Thread] DEBUG Input                - Clearing active input actions
18:12:44.160 [JavaFX Application Thread] DEBUG GameApplicationServi - Removing overlay from PlayerSelectScene and adding to RiderMainMenuScene
18:12:44.160 [JavaFX Application Thread] DEBUG PrimaryStageWindow   - RiderMainMenuScene <- PlayerSelectScene
18:12:44.160 [JavaFX Application Thread] DEBUG PrimaryStageWindow   - Pop state: RiderMainMenuScene
18:12:44.160 [JavaFX Application Thread] DEBUG Input                - Clearing active input actions
18:12:44.160 [JavaFX Application Thread] DEBUG GameApplicationServi - Removing overlay from RiderMainMenuScene and adding to FXGLMainMenuDummyScene
18:12:44.160 [JavaFX Application Thread] DEBUG PrimaryStageWindow   - FXGLMainMenuDummyScene <- RiderMainMenuScene
18:12:44.160 [JavaFX Application Thread] DEBUG Input                - Clearing active input actions
18:12:44.173 [JavaFX Application Thread] DEBUG GameApplicationServi - Removing overlay from FXGLMainMenuDummyScene and adding to MainLoadingScene
18:12:44.174 [JavaFX Application Thread] DEBUG PrimaryStageWindow   - FXGLMainMenuDummyScene -> MainLoadingScene
18:12:44.174 [JavaFX Application Thread] DEBUG GameApplicationServi - Clearing previous game
18:12:44.174 [JavaFX Application Thread] DEBUG GameScene            - Clearing game scene
18:12:44.174 [JavaFX Application Thread] DEBUG GameWorld            - Clearing game world
18:12:44.174 [JavaFX Application Thread] DEBUG PhysicsWorld         - Clearing physics world
18:12:44.177 [FXGL Background Thread 5 ] DEBUG FXGLApplication      - Initializing game
18:12:44.225 [FXGL Background Thread 5 ] WARN  TMXLevelLoader       - TiledMap generated from 1.11.0. Supported version: 1.9.0. Some features may not be parsed fully.
18:12:44.238 [FXGL Background Thread 5 ] DEBUG TMXLevelLoader       - Parsed TiledMap: file:/C:/Users/jamie/OneDrive/Pictures/JavaFXGame/target/classes/assets/levels/tmx/level8.tmx
18:12:44.239 [FXGL Background Thread 5 ] DEBUG TMXLevelLoader       - Creating tile layer entities
18:12:44.240 [FXGL Background Thread 5 ] DEBUG TilesetLoader        - Loading view for layer Tile Layer 1
18:12:44.240 [FXGL Background Thread 5 ] DEBUG TilesetLoader        - Created buffer with size 1050.0x700.0
18:12:44.250 [FXGL Background Thread 5 ] DEBUG TMXLevelLoader       - Creating object layer entities
18:12:44.269 [FXGL Background Thread 5 ] DEBUG FXGLAssetLoaderServi - Loading from file system: file:/C:/Users/jamie/OneDrive/Pictures/JavaFXGame/target/classes/assets/textures/button.png
18:12:44.283 [FXGL Background Thread 5 ] DEBUG GameWorld            - Clearing removable entities
18:12:44.284 [FXGL Background Thread 5 ] DEBUG GameWorld            - Setting level: com.almasb.fxgl.entity.level.Level@5bf2b7f5
18:12:44.293 [FXGL Background Thread 5 ] DEBUG FXGLAssetLoaderServi - Loading from file system: file:/C:/Users/jamie/OneDrive/Pictures/JavaFXGame/target/classes/assets/textures/player3.png
18:12:44.300 [FXGL Background Thread 5 ] DEBUG FXGLAssetLoaderServi - Loading from file system: file:/C:/Users/jamie/OneDrive/Pictures/JavaFXGame/target/classes/assets/textures/player4.png
18:12:44.307 [FXGL Background Thread 5 ] DEBUG Input                - Registered new binding: Jump0 - W
18:12:44.307 [FXGL Background Thread 5 ] DEBUG Input                - Registered new binding: Left0 - A
18:12:44.307 [FXGL Background Thread 5 ] DEBUG Input                - Registered new binding: Right0 - D
18:12:44.307 [FXGL Background Thread 5 ] DEBUG Input                - Registered new binding: Use0 - E
18:12:44.308 [FXGL Background Thread 5 ] DEBUG Input                - Registered new binding: Jump1 - Up
18:12:44.308 [FXGL Background Thread 5 ] DEBUG Input                - Registered new binding: Left1 - Left
18:12:44.308 [FXGL Background Thread 5 ] DEBUG Input                - Registered new binding: Right1 - Right
18:12:44.308 [FXGL Background Thread 5 ] DEBUG Input                - Registered new binding: Use1 - Slash
18:12:44.309 [FXGL Background Thread 5 ] DEBUG FXGLAssetLoaderServi - Loading from file system: file:/C:/Users/jamie/OneDrive/Pictures/JavaFXGame/target/classes/assets/textures/background/manila.png
18:12:44.323 [FXGL Background Thread 5 ] INFO  FXGLApplication      - Game initialization took: 0.146 sec
18:12:44.324 [JavaFX Application Thread] DEBUG Input                - Clearing active input actions
18:12:44.331 [JavaFX Application Thread] DEBUG GameApplicationServi - Removing overlay from MainLoadingScene and adding to GameScene
18:12:44.332 [JavaFX Application Thread] DEBUG PrimaryStageWindow   - MainLoadingScene -> GameScene
18:12:51.934 [JavaFX Application Thread] DEBUG FXGLAssetLoaderServi - Loading from file system: file:/C:/Users/jamie/OneDrive/Pictures/JavaFXGame/target/classes/assets/textures/exit_sign.png
18:12:55.420 [JavaFX Application Thread] DEBUG PrimaryStageWindow   - Push state: PauseMenuScene
18:12:55.421 [JavaFX Application Thread] DEBUG Input                - Clearing active input actions
18:12:55.421 [JavaFX Application Thread] DEBUG GameApplicationServi - Removing overlay from GameScene and adding to PauseMenuScene
18:12:55.422 [JavaFX Application Thread] DEBUG PrimaryStageWindow   - GameScene -> PauseMenuScene
18:12:56.347 [JavaFX Application Thread] DEBUG PrimaryStageWindow   - Pop state: PauseMenuScene
18:12:56.347 [JavaFX Application Thread] DEBUG Input                - Clearing active input actions
18:12:56.348 [JavaFX Application Thread] DEBUG GameApplicationServi - Removing overlay from PauseMenuScene and adding to GameScene
18:12:56.348 [JavaFX Application Thread] DEBUG PrimaryStageWindow   - GameScene <- PauseMenuScene
18:13:02.883 [JavaFX Application Thread] WARN  TMXLevelLoader       - TiledMap generated from 1.11.0. Supported version: 1.9.0. Some features may not be parsed fully.
18:13:02.887 [JavaFX Application Thread] DEBUG TMXLevelLoader       - Parsed TiledMap: file:/C:/Users/jamie/OneDrive/Pictures/JavaFXGame/target/classes/assets/levels/tmx/level4.tmx
18:13:02.887 [JavaFX Application Thread] DEBUG TMXLevelLoader       - Creating tile layer entities
18:13:02.888 [JavaFX Application Thread] DEBUG TilesetLoader        - Loading view for layer Tile Layer 1
18:13:02.889 [JavaFX Application Thread] DEBUG TilesetLoader        - Created buffer with size 1050.0x700.0
18:13:02.898 [JavaFX Application Thread] DEBUG TMXLevelLoader       - Creating object layer entities
18:13:02.900 [JavaFX Application Thread] DEBUG GameWorld            - Clearing removable entities
18:13:02.901 [JavaFX Application Thread] DEBUG GameWorld            - Setting level: com.almasb.fxgl.entity.level.Level@44c82a7a
18:13:20.531 [JavaFX Application Thread] WARN  TMXLevelLoader       - TiledMap generated from 1.11.0. Supported version: 1.9.0. Some features may not be parsed fully.
18:13:20.534 [JavaFX Application Thread] DEBUG TMXLevelLoader       - Parsed TiledMap: file:/C:/Users/jamie/OneDrive/Pictures/JavaFXGame/target/classes/assets/levels/tmx/level4.tmx
18:13:20.535 [JavaFX Application Thread] DEBUG TMXLevelLoader       - Creating tile layer entities
18:13:20.535 [JavaFX Application Thread] DEBUG TilesetLoader        - Loading view for layer Tile Layer 1
18:13:20.536 [JavaFX Application Thread] DEBUG TilesetLoader        - Created buffer with size 1050.0x700.0
18:13:20.546 [JavaFX Application Thread] DEBUG TMXLevelLoader       - Creating object layer entities
18:13:20.549 [JavaFX Application Thread] DEBUG GameWorld            - Clearing removable entities
18:13:20.549 [JavaFX Application Thread] DEBUG GameWorld            - Setting level: com.almasb.fxgl.entity.level.Level@3cb16833
18:13:29.402 [JavaFX Application Thread] DEBUG PrimaryStageWindow   - Push state: PauseMenuScene
18:13:29.402 [JavaFX Application Thread] DEBUG Input                - Clearing active input actions
18:13:29.402 [JavaFX Application Thread] DEBUG GameApplicationServi - Removing overlay from GameScene and adding to PauseMenuScene
18:13:29.403 [JavaFX Application Thread] DEBUG PrimaryStageWindow   - GameScene -> PauseMenuScene
18:13:34.564 [JavaFX Application Thread] DEBUG PrimaryStageWindow   - Pop state: PauseMenuScene
18:13:34.564 [JavaFX Application Thread] DEBUG Input                - Clearing active input actions
18:13:34.564 [JavaFX Application Thread] DEBUG GameApplicationServi - Removing overlay from PauseMenuScene and adding to GameScene
18:13:34.565 [JavaFX Application Thread] DEBUG PrimaryStageWindow   - GameScene <- PauseMenuScene
18:13:43.328 [JavaFX Application Thread] WARN  TMXLevelLoader       - TiledMap generated from 1.11.0. Supported version: 1.9.0. Some features may not be parsed fully.
18:13:43.330 [JavaFX Application Thread] DEBUG TMXLevelLoader       - Parsed TiledMap: file:/C:/Users/jamie/OneDrive/Pictures/JavaFXGame/target/classes/assets/levels/tmx/level4.tmx
18:13:43.330 [JavaFX Application Thread] DEBUG TMXLevelLoader       - Creating tile layer entities
18:13:43.330 [JavaFX Application Thread] DEBUG TilesetLoader        - Loading view for layer Tile Layer 1
18:13:43.330 [JavaFX Application Thread] DEBUG TilesetLoader        - Created buffer with size 1050.0x700.0
18:13:43.340 [JavaFX Application Thread] DEBUG TMXLevelLoader       - Creating object layer entities
18:13:43.343 [JavaFX Application Thread] DEBUG GameWorld            - Clearing removable entities
18:13:43.343 [JavaFX Application Thread] DEBUG GameWorld            - Setting level: com.almasb.fxgl.entity.level.Level@3a6e3f0f
18:14:00.976 [JavaFX Application Thread] WARN  TMXLevelLoader       - TiledMap generated from 1.11.0. Supported version: 1.9.0. Some features may not be parsed fully.
18:14:00.977 [JavaFX Application Thread] DEBUG TMXLevelLoader       - Parsed TiledMap: file:/C:/Users/jamie/OneDrive/Pictures/JavaFXGame/target/classes/assets/levels/tmx/level4.tmx
18:14:00.977 [JavaFX Application Thread] DEBUG TMXLevelLoader       - Creating tile layer entities
18:14:00.977 [JavaFX Application Thread] DEBUG TilesetLoader        - Loading view for layer Tile Layer 1
18:14:00.978 [JavaFX Application Thread] DEBUG TilesetLoader        - Created buffer with size 1050.0x700.0
18:14:00.985 [JavaFX Application Thread] DEBUG TMXLevelLoader       - Creating object layer entities
18:14:00.986 [JavaFX Application Thread] DEBUG GameWorld            - Clearing removable entities
18:14:00.987 [JavaFX Application Thread] DEBUG GameWorld            - Setting level: com.almasb.fxgl.entity.level.Level@20630e56
18:14:18.624 [JavaFX Application Thread] WARN  TMXLevelLoader       - TiledMap generated from 1.11.0. Supported version: 1.9.0. Some features may not be parsed fully.
18:14:18.625 [JavaFX Application Thread] DEBUG TMXLevelLoader       - Parsed TiledMap: file:/C:/Users/jamie/OneDrive/Pictures/JavaFXGame/target/classes/assets/levels/tmx/level4.tmx
18:14:18.625 [JavaFX Application Thread] DEBUG TMXLevelLoader       - Creating tile layer entities
18:14:18.626 [JavaFX Application Thread] DEBUG TilesetLoader        - Loading view for layer Tile Layer 1
18:14:18.626 [JavaFX Application Thread] DEBUG TilesetLoader        - Created buffer with size 1050.0x700.0
18:14:18.633 [JavaFX Application Thread] DEBUG TMXLevelLoader       - Creating object layer entities
18:14:18.636 [JavaFX Application Thread] DEBUG GameWorld            - Clearing removable entities
18:14:18.636 [JavaFX Application Thread] DEBUG GameWorld            - Setting level: com.almasb.fxgl.entity.level.Level@3aba6c9b
18:14:36.256 [JavaFX Application Thread] WARN  TMXLevelLoader       - TiledMap generated from 1.11.0. Supported version: 1.9.0. Some features may not be parsed fully.
18:14:36.257 [JavaFX Application Thread] DEBUG TMXLevelLoader       - Parsed TiledMap: file:/C:/Users/jamie/OneDrive/Pictures/JavaFXGame/target/classes/assets/levels/tmx/level4.tmx
18:14:36.257 [JavaFX Application Thread] DEBUG TMXLevelLoader       - Creating tile layer entities
18:14:36.257 [JavaFX Application Thread] DEBUG TilesetLoader        - Loading view for layer Tile Layer 1
18:14:36.257 [JavaFX Application Thread] DEBUG TilesetLoader        - Created buffer with size 1050.0x700.0
18:14:36.266 [JavaFX Application Thread] DEBUG TMXLevelLoader       - Creating object layer entities
18:14:36.268 [JavaFX Application Thread] DEBUG GameWorld            - Clearing removable entities
18:14:36.268 [JavaFX Application Thread] DEBUG GameWorld            - Setting level: com.almasb.fxgl.entity.level.Level@3fdf90b8
18:14:47.892 [JavaFX Application Thread] DEBUG FXGLApplication      - Exiting FXGL
18:14:47.892 [JavaFX Application Thread] DEBUG LoopRunner           - Stopping loop
18:14:47.892 [JavaFX Application Thread] DEBUG SystemBundleService  - Saving FXGL system data
18:14:47.894 [JavaFX Application Thread] DEBUG FileSystemAccess     - Writing to: C:\Users\jamie\OneDrive\Pictures\JavaFXGame\system\fxgl.bundle
18:14:47.896 [JavaFX Application Thread] DEBUG Async                - Shutting down background threads
18:14:47.896 [JavaFX Application Thread] DEBUG PrimaryStageWindow   - Closing main window
18:14:47.907 [JavaFX Application Thread] DEBUG Logger               - Closing Logger
