23:51:12.301 [main                     ] DEBUG Logger               - Configured Logger
23:51:12.319 [main                     ] DEBUG GameApplication      - Logging settings
Title: Untitled
Version: 0.0
Width: 1280
Height: 720
Fullscreen: false
Intro: false
Profiling: false
Single step:false
App Mode: DEVELOPER
Menu Key: ESCAPE
Stage Style: DECORATED
Scene Factory: class com.sunsofgod.PlatformerApp$1

23:51:12.580 [JavaFX Application Thread] DEBUG FXGLApplication      - Initializing FXGL
23:51:12.583 [JavaFX Application Thread] INFO  Engine               - FXGL-17.2 (20.08.2022 16.50) on WINDOWS (J:21.0.4 FX:17.0.12)
23:51:12.584 [JavaFX Application Thread] DEBUG Engine               - JRE Vendor Name: Eclipse Adoptium
23:51:12.584 [JavaFX Application Thread] DEBUG Engine               - Running on OS: Windows 11 version 10.0
23:51:12.584 [JavaFX Application Thread] DEBUG Engine               - Architecture: amd64
23:51:12.584 [JavaFX Application Thread] INFO  Engine               - Source code and latest versions at: https://github.com/AlmasB/FXGL
23:51:12.584 [JavaFX Application Thread] INFO  Engine               -       Ask questions and discuss at: https://github.com/AlmasB/FXGL/discussions
23:51:12.584 [JavaFX Application Thread] INFO  Engine               -              Join the FXGL chat at: https://gitter.im/AlmasB/FXGL
23:51:12.648 [JavaFX Application Thread] DEBUG PrimaryStageWindow   - Creating a JavaFX scene
23:51:12.682 [JavaFX Application Thread] DEBUG PrimaryStageWindow   - Target settings size: 1280.0 x 720.0
23:51:12.683 [JavaFX Application Thread] DEBUG PrimaryStageWindow   - Scaled scene size:    1280.0 x 720.0
23:51:12.683 [JavaFX Application Thread] DEBUG PrimaryStageWindow   - Scaled ratio: (1.0, 1.0)
23:51:12.683 [JavaFX Application Thread] DEBUG PrimaryStageWindow   - Set initial scene to FXGLStartupScene
23:51:12.687 [JavaFX Application Thread] DEBUG PrimaryStageWindow   - Opening main window
23:51:12.751 [JavaFX Application Thread] DEBUG PrimaryStageWindow   - Window border size: (14.4000244140625, 37.5999755859375)
23:51:12.752 [JavaFX Application Thread] DEBUG PrimaryStageWindow   - Scaled size: 1280.0 x 720.0
23:51:12.752 [JavaFX Application Thread] DEBUG PrimaryStageWindow   - Scaled ratio: (1.0, 1.0)
23:51:12.752 [JavaFX Application Thread] DEBUG PrimaryStageWindow   - Scene size: 1280.0 x 720.0
23:51:12.752 [JavaFX Application Thread] DEBUG PrimaryStageWindow   - Stage size: 1294.4000244140625 x 757.5999755859375
23:51:12.758 [FXGL Background Thread 1 ] DEBUG Engine               - Initializing environment variables
23:51:12.793 [FXGL Background Thread 1 ] DEBUG FXGLAssetLoaderServi - User app class for loading assets: class com.sunsofgod.PlatformerApp
23:51:12.793 [FXGL Background Thread 1 ] DEBUG GameApplicationServi - Applying CSS: fxgl_dark.css
23:51:12.794 [FXGL Background Thread 1 ] DEBUG FXGLAssetLoaderServi - Loading from file system: jar:file:///C:/Users/jamie/.m2/repository/com/github/almasb/fxgl/17.2/fxgl-17.2.jar!/fxglassets/ui/css/fxgl_dark.css
23:51:12.831 [FXGL Background Thread 1 ] DEBUG GameApplicationServi - Initializing application scenes
23:51:12.867 [FXGL Background Thread 1 ] WARN  FXGLAssetLoaderServi - Asset "/assets/textures/player.png" was not found!
23:51:12.867 [FXGL Background Thread 1 ] WARN  FXGLAssetLoaderServi - Failed to load IMAGE
23:51:12.889 [FXGL Background Thread 1 ] DEBUG GameWorld            - Game world initialized
23:51:12.933 [FXGL Background Thread 1 ] DEBUG PhysicsWorld         - Physics world initialized: appHeight=720, physics.ppm=50.0
23:51:12.933 [FXGL Background Thread 1 ] DEBUG PhysicsWorld         - Using strategy: BRUTE_FORCE
23:51:12.936 [FXGL Background Thread 1 ] DEBUG GameScene            - Game scene initialized: 1280x720
23:51:13.194 [FXGL Background Thread 1 ] DEBUG FXGL.DefaultMenu     - createMenuBodyGameMenu()
23:51:13.203 [FXGL Background Thread 1 ] DEBUG FXGL.DefaultMenu     - createOptionsMenu()
23:51:13.208 [FXGL Background Thread 1 ] DEBUG FXGLAssetLoaderServi - Loading from file system: jar:file:///C:/Users/jamie/.m2/repository/com/github/almasb/fxgl/17.2/fxgl-17.2.jar!/fxglassets/textures/particles/smoke.png
23:51:13.250 [FXGL Background Thread 1 ] DEBUG FXGLAssetLoaderServi - Loading from file system: jar:file:///C:/Users/jamie/.m2/repository/com/github/almasb/fxgl/17.2/fxgl-17.2.jar!/fxglassets/textures/particles/trace_horizontal.png
23:51:13.266 [FXGL Background Thread 1 ] DEBUG GameApplicationServi - Application scenes initialized
23:51:13.275 [FXGL Background Thread 1 ] DEBUG SystemBundleService  - Loading FXGL system data
23:51:13.278 [FXGL Background Thread 1 ] DEBUG FileSystemAccess     - Reading from: C:\Users\jamie\OneDrive\Pictures\JavaFXGame\system\fxgl.bundle
23:51:13.287 [FXGL Background Thread 1 ] DEBUG SystemBundleService  - Bundle FXGL: {}
23:51:13.287 [FXGL Background Thread 1 ] DEBUG UpdaterService       - Checking for updates
23:51:13.313 [FXGL Background Thread 4 ] DEBUG FXGLApplication      - Loading fonts
23:51:13.314 [FXGL Background Thread 1 ] DEBUG FXGLApplication      - Loading default localization
23:51:13.314 [FXGL Background Thread 4 ] DEBUG FXGLAssetLoaderServi - Loading from file system: jar:file:///C:/Users/jamie/.m2/repository/com/github/almasb/fxgl/17.2/fxgl-17.2.jar!/fxglassets/ui/fonts/VarelaRound-Regular.ttf
23:51:13.314 [FXGL Background Thread 1 ] DEBUG FXGLAssetLoaderServi - Loading from file system: jar:file:///C:/Users/jamie/.m2/repository/com/github/almasb/fxgl/17.2/fxgl-17.2.jar!/fxglassets/languages/english.lang
23:51:13.327 [FXGL Background Thread 1 ] INFO  FXGLApplication      - FXGL initialization took: 0.569 sec
23:51:13.328 [JavaFX Application Thread] DEBUG FXGLAssetLoaderServi - Loading from file system: jar:file:///C:/Users/jamie/.m2/repository/com/github/almasb/fxgl/17.2/fxgl-17.2.jar!/fxglassets/textures/fxgl_icon.png
23:51:13.340 [FXGL Background Thread 4 ] DEBUG FXGLAssetLoaderServi - Loading from file system: jar:file:///C:/Users/jamie/.m2/repository/com/github/almasb/fxgl/17.2/fxgl-17.2.jar!/fxglassets/ui/fonts/Abel-Regular.ttf
23:51:13.343 [FXGL Background Thread 4 ] DEBUG FXGLAssetLoaderServi - Loading from file system: jar:file:///C:/Users/jamie/.m2/repository/com/github/almasb/fxgl/17.2/fxgl-17.2.jar!/fxglassets/ui/fonts/TerminalLandMono-Regular.otf
23:51:13.343 [JavaFX Application Thread] DEBUG FXGLAssetLoaderServi - Loading from file system: jar:file:///C:/Users/jamie/.m2/repository/com/github/almasb/fxgl/17.2/fxgl-17.2.jar!/fxglassets/textures/fxgl_default_cursor.png
23:51:13.349 [FXGL Background Thread 4 ] DEBUG FXGLAssetLoaderServi - Loading from file system: jar:file:///C:/Users/jamie/.m2/repository/com/github/almasb/fxgl/17.2/fxgl-17.2.jar!/fxglassets/ui/fonts/Courier-Prime.ttf
23:51:13.359 [JavaFX Application Thread] DEBUG Input                - Registered new binding: Screenshot - CTRL+8
23:51:13.359 [JavaFX Application Thread] DEBUG Input                - Registered new binding: Dev Options - 1
23:51:13.360 [JavaFX Application Thread] DEBUG Input                - Registered new binding: Dev Console - 2
23:51:13.360 [JavaFX Application Thread] DEBUG Input                - Registered new binding: System info dump - CTRL+9
23:51:13.361 [JavaFX Application Thread] DEBUG Input                - Registered new binding: Restart - CTRL+R
23:51:13.361 [JavaFX Application Thread] DEBUG Input                - Registered new binding: Toggle Debug Camera - CTRL+7
23:51:13.364 [JavaFX Application Thread] DEBUG LoopRunner           - Starting loop
23:51:13.374 [JavaFX Application Thread] DEBUG LoopRunner           - Initializing JavaFX AnimationTimerLoop
23:51:13.376 [JavaFX Application Thread] DEBUG Input                - Clearing active input actions
23:51:13.389 [JavaFX Application Thread] DEBUG GameApplicationServi - Removing overlay from FXGLStartupScene and adding to FXGLMainMenuDummyScene
23:51:13.394 [JavaFX Application Thread] DEBUG PrimaryStageWindow   - FXGLStartupScene -> FXGLMainMenuDummyScene
23:51:13.395 [JavaFX Application Thread] DEBUG PrimaryStageWindow   - Push state: RiderMainMenuScene
23:51:13.395 [JavaFX Application Thread] DEBUG Input                - Clearing active input actions
23:51:13.403 [JavaFX Application Thread] DEBUG GameApplicationServi - Removing overlay from FXGLMainMenuDummyScene and adding to RiderMainMenuScene
23:51:13.405 [JavaFX Application Thread] DEBUG PrimaryStageWindow   - FXGLMainMenuDummyScene -> RiderMainMenuScene
23:51:13.546 [JavaFX Application Thread] DEBUG FXGLApplication      - Registering font factories with UI factory
23:51:13.962 [FXGL Background Thread 2 ] INFO  UpdaterService       - Your current version:  17.2
23:51:13.963 [FXGL Background Thread 2 ] INFO  UpdaterService       - Latest stable version: 21.1
23:51:14.540 [JavaFX Application Thread] DEBUG PrimaryStageWindow   - Push state: PlayerSelectScene
23:51:14.540 [JavaFX Application Thread] DEBUG Input                - Clearing active input actions
23:51:14.541 [JavaFX Application Thread] DEBUG GameApplicationServi - Removing overlay from RiderMainMenuScene and adding to PlayerSelectScene
23:51:14.543 [JavaFX Application Thread] DEBUG PrimaryStageWindow   - RiderMainMenuScene -> PlayerSelectScene
23:51:16.313 [FXGL Background Thread 3 ] DEBUG Engine               - Logging environment variables
23:51:16.313 [FXGL Background Thread 3 ] DEBUG Engine               - achievements: []
23:51:16.313 [FXGL Background Thread 3 ] DEBUG Engine               - actualHeight: 720.0
23:51:16.313 [FXGL Background Thread 3 ] DEBUG Engine               - actualHeightProperty: ReadOnlyDoubleProperty [value: 720.0]
23:51:16.313 [FXGL Background Thread 3 ] DEBUG Engine               - actualWidth: 1280.0
23:51:16.313 [FXGL Background Thread 3 ] DEBUG Engine               - actualWidthProperty: ReadOnlyDoubleProperty [value: 1280.0]
23:51:16.313 [FXGL Background Thread 3 ] DEBUG Engine               - appIcon: fxgl_icon.png
23:51:16.313 [FXGL Background Thread 3 ] DEBUG Engine               - applicationMode: DEVELOPER
23:51:16.314 [FXGL Background Thread 3 ] DEBUG Engine               - cSSList: [fxgl_dark.css]
23:51:16.314 [FXGL Background Thread 3 ] DEBUG Engine               - collisionDetectionStrategy: BRUTE_FORCE
23:51:16.314 [FXGL Background Thread 3 ] DEBUG Engine               - configClass: Optional.empty
23:51:16.314 [FXGL Background Thread 3 ] DEBUG Engine               - credits: []
23:51:16.314 [FXGL Background Thread 3 ] DEBUG Engine               - defaultCursor: CursorInfo(imageName=fxgl_default_cursor.png, hotspotX=7.0, hotspotY=6.0)
23:51:16.314 [FXGL Background Thread 3 ] DEBUG Engine               - devBBoxColorProperty: ObjectProperty [value: 0xff0000ff]
23:51:16.314 [FXGL Background Thread 3 ] DEBUG Engine               - devEnableDebugCameraProperty: BooleanProperty [value: false]
23:51:16.314 [FXGL Background Thread 3 ] DEBUG Engine               - devSensorColorProperty: ObjectProperty [value: 0xffff00ff]
23:51:16.314 [FXGL Background Thread 3 ] DEBUG Engine               - devShowBBoxProperty: BooleanProperty [value: false]
23:51:16.314 [FXGL Background Thread 3 ] DEBUG Engine               - devShowPositionProperty: BooleanProperty [value: false]
23:51:16.314 [FXGL Background Thread 3 ] DEBUG Engine               - enabledMenuItems: []
23:51:16.315 [FXGL Background Thread 3 ] DEBUG Engine               - engineServices: [class com.almasb.fxgl.app.services.FXGLAssetLoaderService, class com.almasb.fxgl.app.FXGLApplication$GameApplicationService, class com.almasb.fxgl.app.services.FXGLDialogService, class com.almasb.fxgl.app.services.IOTaskExecutorService, class com.almasb.fxgl.io.FileSystemService, class com.almasb.fxgl.localization.LocalizationService, class com.almasb.fxgl.app.services.SystemBundleService, class com.almasb.fxgl.profile.SaveLoadService, class com.almasb.fxgl.ui.FXGLUIFactoryServiceProvider, class com.almasb.fxgl.ui.FXGLDialogFactoryServiceProvider, class com.almasb.fxgl.audio.AudioPlayer, class com.almasb.fxgl.notification.impl.NotificationServiceProvider, class com.almasb.fxgl.achievement.AchievementService, class com.almasb.fxgl.cutscene.CutsceneService, class com.almasb.fxgl.minigames.MiniGameService, class com.almasb.fxgl.net.NetService, class com.almasb.fxgl.app.services.UpdaterService, class com.almasb.fxgl.dev.DevService]
23:51:16.315 [FXGL Background Thread 3 ] DEBUG Engine               - fontGame: Abel-Regular.ttf
23:51:16.315 [FXGL Background Thread 3 ] DEBUG Engine               - fontMono: TerminalLandMono-Regular.otf
23:51:16.315 [FXGL Background Thread 3 ] DEBUG Engine               - fontText: Courier-Prime.ttf
23:51:16.315 [FXGL Background Thread 3 ] DEBUG Engine               - fontUI: VarelaRound-Regular.ttf
23:51:16.315 [FXGL Background Thread 3 ] DEBUG Engine               - fullScreen: BooleanProperty [value: false]
23:51:16.315 [FXGL Background Thread 3 ] DEBUG Engine               - gameDifficulty: MEDIUM
23:51:16.315 [FXGL Background Thread 3 ] DEBUG Engine               - gameDifficultyProperty: ObjectProperty [value: MEDIUM]
23:51:16.315 [FXGL Background Thread 3 ] DEBUG Engine               - globalMusicVolume: 0.5
23:51:16.315 [FXGL Background Thread 3 ] DEBUG Engine               - globalMusicVolumeProperty: DoubleProperty [value: 0.25]
23:51:16.315 [FXGL Background Thread 3 ] DEBUG Engine               - globalSoundVolume: 0.5
23:51:16.315 [FXGL Background Thread 3 ] DEBUG Engine               - globalSoundVolumeProperty: DoubleProperty [value: 0.5]
23:51:16.315 [FXGL Background Thread 3 ] DEBUG Engine               - height: 720
23:51:16.315 [FXGL Background Thread 3 ] DEBUG Engine               - is3D: false
23:51:16.315 [FXGL Background Thread 3 ] DEBUG Engine               - isAndroid: false
23:51:16.315 [FXGL Background Thread 3 ] DEBUG Engine               - isBrowser: false
23:51:16.315 [FXGL Background Thread 3 ] DEBUG Engine               - isClickFeedbackEnabled: false
23:51:16.315 [FXGL Background Thread 3 ] DEBUG Engine               - isCloseConfirmation: false
23:51:16.315 [FXGL Background Thread 3 ] DEBUG Engine               - isDesktop: true
23:51:16.315 [FXGL Background Thread 3 ] DEBUG Engine               - isDeveloperMenuEnabled: true
23:51:16.315 [FXGL Background Thread 3 ] DEBUG Engine               - isEmbedded: false
23:51:16.315 [FXGL Background Thread 3 ] DEBUG Engine               - isEntityPreloadEnabled: true
23:51:16.315 [FXGL Background Thread 3 ] DEBUG Engine               - isExperimentalTiledLargeMap: false
23:51:16.315 [FXGL Background Thread 3 ] DEBUG Engine               - isFileSystemWriteAllowed: true
23:51:16.316 [FXGL Background Thread 3 ] DEBUG Engine               - isFullScreenAllowed: false
23:51:16.316 [FXGL Background Thread 3 ] DEBUG Engine               - isFullScreenFromStart: false
23:51:16.316 [FXGL Background Thread 3 ] DEBUG Engine               - isGameMenuEnabled: true
23:51:16.316 [FXGL Background Thread 3 ] DEBUG Engine               - isIOS: false
23:51:16.316 [FXGL Background Thread 3 ] DEBUG Engine               - isIntroEnabled: false
23:51:16.316 [FXGL Background Thread 3 ] DEBUG Engine               - isLinux: false
23:51:16.316 [FXGL Background Thread 3 ] DEBUG Engine               - isMac: false
23:51:16.316 [FXGL Background Thread 3 ] DEBUG Engine               - isMainMenuEnabled: true
23:51:16.316 [FXGL Background Thread 3 ] DEBUG Engine               - isManualResizeEnabled: false
23:51:16.316 [FXGL Background Thread 3 ] DEBUG Engine               - isMobile: false
23:51:16.316 [FXGL Background Thread 3 ] DEBUG Engine               - isNative: false
23:51:16.316 [FXGL Background Thread 3 ] DEBUG Engine               - isPauseMusicWhenMinimized: true
23:51:16.316 [FXGL Background Thread 3 ] DEBUG Engine               - isPreserveResizeRatio: false
23:51:16.316 [FXGL Background Thread 3 ] DEBUG Engine               - isProfilingEnabled: false
23:51:16.316 [FXGL Background Thread 3 ] DEBUG Engine               - isScaleAffectedOnResize: true
23:51:16.316 [FXGL Background Thread 3 ] DEBUG Engine               - isSingleStep: false
23:51:16.316 [FXGL Background Thread 3 ] DEBUG Engine               - isUserProfileEnabled: false
23:51:16.316 [FXGL Background Thread 3 ] DEBUG Engine               - isWindows: true
23:51:16.316 [FXGL Background Thread 3 ] DEBUG Engine               - language: ObjectProperty [value: ENGLISH]
23:51:16.316 [FXGL Background Thread 3 ] DEBUG Engine               - menuKey: ESCAPE
23:51:16.316 [FXGL Background Thread 3 ] DEBUG Engine               - mouseSensitivity: 0.2
23:51:16.316 [FXGL Background Thread 3 ] DEBUG Engine               - notificationViewClass: class com.almasb.fxgl.notification.view.XboxNotificationView
23:51:16.316 [FXGL Background Thread 3 ] DEBUG Engine               - pixelsPerMeter: 50.0
23:51:16.316 [FXGL Background Thread 3 ] DEBUG Engine               - platform: WINDOWS
23:51:16.316 [FXGL Background Thread 3 ] DEBUG Engine               - prefHeightProperty: ReadOnlyDoubleProperty [value: 720.0]
23:51:16.316 [FXGL Background Thread 3 ] DEBUG Engine               - prefWidthProperty: ReadOnlyDoubleProperty [value: 1280.0]
23:51:16.316 [FXGL Background Thread 3 ] DEBUG Engine               - profileDir: profiles/
23:51:16.316 [FXGL Background Thread 3 ] DEBUG Engine               - profileName: StringProperty [value: DEFAULT]
23:51:16.316 [FXGL Background Thread 3 ] DEBUG Engine               - randomSeed: -1
23:51:16.317 [FXGL Background Thread 3 ] DEBUG Engine               - runtimeInfo: RuntimeInfo(platform=WINDOWS, version=17.2, build=20.08.2022 16.50)
23:51:16.317 [FXGL Background Thread 3 ] DEBUG Engine               - saveFileExt: sav
23:51:16.317 [FXGL Background Thread 3 ] DEBUG Engine               - scaledHeightProp$fxgl: DoubleProperty [bound, value: 720.0]
23:51:16.317 [FXGL Background Thread 3 ] DEBUG Engine               - scaledWidthProp$fxgl: DoubleProperty [bound, value: 1280.0]
23:51:16.317 [FXGL Background Thread 3 ] DEBUG Engine               - sceneFactory: com.sunsofgod.PlatformerApp$1@45076211
23:51:16.317 [FXGL Background Thread 3 ] DEBUG Engine               - secondsIn24h: 60
23:51:16.317 [FXGL Background Thread 3 ] DEBUG Engine               - soundMenuBack: menu/back.wav
23:51:16.317 [FXGL Background Thread 3 ] DEBUG Engine               - soundMenuPress: menu/press.wav
23:51:16.317 [FXGL Background Thread 3 ] DEBUG Engine               - soundMenuSelect: menu/select.wav
23:51:16.317 [FXGL Background Thread 3 ] DEBUG Engine               - soundNotification: core/notification.wav
23:51:16.317 [FXGL Background Thread 3 ] DEBUG Engine               - stageStyle: DECORATED
23:51:16.317 [FXGL Background Thread 3 ] DEBUG Engine               - supportedLanguages: [ENGLISH, FRENCH, GERMAN, HUNGARIAN, RUSSIAN]
23:51:16.317 [FXGL Background Thread 3 ] DEBUG Engine               - ticksPerSecond: -1
23:51:16.317 [FXGL Background Thread 3 ] DEBUG Engine               - title: Untitled
23:51:16.317 [FXGL Background Thread 3 ] DEBUG Engine               - urlGithub: https://github.com/AlmasB/FXGL
23:51:16.317 [FXGL Background Thread 3 ] DEBUG Engine               - urlLeaderboard: http://fxgl-top.herokuapp.com/
23:51:16.317 [FXGL Background Thread 3 ] DEBUG Engine               - urlPOM: https://raw.githubusercontent.com/AlmasB/FXGL/release/README.md
23:51:16.317 [FXGL Background Thread 3 ] DEBUG Engine               - userAppClass: class com.sunsofgod.PlatformerApp
23:51:16.317 [FXGL Background Thread 3 ] DEBUG Engine               - version: 0.0
23:51:16.317 [FXGL Background Thread 3 ] DEBUG Engine               - versionCheckDays: 7
23:51:16.317 [FXGL Background Thread 3 ] DEBUG Engine               - width: 1280
23:51:16.317 [FXGL Background Thread 3 ] DEBUG Engine               - Logging services
23:51:16.317 [FXGL Background Thread 3 ] DEBUG Engine               - class com.almasb.fxgl.app.services.FXGLAssetLoaderService
23:51:16.317 [FXGL Background Thread 3 ] DEBUG Engine               - class com.almasb.fxgl.app.FXGLApplication$GameApplicationService
23:51:16.317 [FXGL Background Thread 3 ] DEBUG Engine               - class com.almasb.fxgl.app.services.FXGLDialogService
23:51:16.317 [FXGL Background Thread 3 ] DEBUG Engine               - class com.almasb.fxgl.app.services.IOTaskExecutorService
23:51:16.317 [FXGL Background Thread 3 ] DEBUG Engine               - class com.almasb.fxgl.io.FileSystemService
23:51:16.317 [FXGL Background Thread 3 ] DEBUG Engine               - class com.almasb.fxgl.localization.LocalizationService
23:51:16.317 [FXGL Background Thread 3 ] DEBUG Engine               - class com.almasb.fxgl.app.services.SystemBundleService
23:51:16.317 [FXGL Background Thread 3 ] DEBUG Engine               - class com.almasb.fxgl.profile.SaveLoadService
23:51:16.317 [FXGL Background Thread 3 ] DEBUG Engine               - class com.almasb.fxgl.ui.FXGLUIFactoryServiceProvider
23:51:16.317 [FXGL Background Thread 3 ] DEBUG Engine               - class com.almasb.fxgl.ui.FXGLDialogFactoryServiceProvider
23:51:16.318 [FXGL Background Thread 3 ] DEBUG Engine               - class com.almasb.fxgl.audio.AudioPlayer
23:51:16.318 [FXGL Background Thread 3 ] DEBUG Engine               - class com.almasb.fxgl.notification.impl.NotificationServiceProvider
23:51:16.318 [FXGL Background Thread 3 ] DEBUG Engine               - class com.almasb.fxgl.achievement.AchievementService
23:51:16.318 [FXGL Background Thread 3 ] DEBUG Engine               - class com.almasb.fxgl.cutscene.CutsceneService
23:51:16.318 [FXGL Background Thread 3 ] DEBUG Engine               - class com.almasb.fxgl.minigames.MiniGameService
23:51:16.318 [FXGL Background Thread 3 ] DEBUG Engine               - class com.almasb.fxgl.net.NetService
23:51:16.318 [FXGL Background Thread 3 ] DEBUG Engine               - class com.almasb.fxgl.app.services.UpdaterService
23:51:16.318 [FXGL Background Thread 3 ] DEBUG Engine               - class com.almasb.fxgl.dev.DevService
23:51:16.829 [JavaFX Application Thread] DEBUG PrimaryStageWindow   - Pop state: PlayerSelectScene
23:51:16.829 [JavaFX Application Thread] DEBUG Input                - Clearing active input actions
23:51:16.831 [JavaFX Application Thread] DEBUG GameApplicationServi - Removing overlay from PlayerSelectScene and adding to RiderMainMenuScene
23:51:16.831 [JavaFX Application Thread] DEBUG PrimaryStageWindow   - RiderMainMenuScene <- PlayerSelectScene
23:51:17.088 [JavaFX Application Thread] DEBUG PrimaryStageWindow   - Push state: LevelSelectScene
23:51:17.088 [JavaFX Application Thread] DEBUG Input                - Clearing active input actions
23:51:17.089 [JavaFX Application Thread] DEBUG GameApplicationServi - Removing overlay from RiderMainMenuScene and adding to LevelSelectScene
23:51:17.090 [JavaFX Application Thread] DEBUG PrimaryStageWindow   - RiderMainMenuScene -> LevelSelectScene
23:51:40.321 [JavaFX Application Thread] DEBUG Menu                 - fireNewGame()
23:51:40.322 [JavaFX Application Thread] DEBUG GameApplicationServi - Starting new game
23:51:40.322 [JavaFX Application Thread] DEBUG PrimaryStageWindow   - Pop state: LevelSelectScene
23:51:40.322 [JavaFX Application Thread] DEBUG Input                - Clearing active input actions
23:51:40.322 [JavaFX Application Thread] DEBUG GameApplicationServi - Removing overlay from LevelSelectScene and adding to RiderMainMenuScene
23:51:40.323 [JavaFX Application Thread] DEBUG PrimaryStageWindow   - RiderMainMenuScene <- LevelSelectScene
23:51:40.323 [JavaFX Application Thread] DEBUG PrimaryStageWindow   - Pop state: RiderMainMenuScene
23:51:40.323 [JavaFX Application Thread] DEBUG Input                - Clearing active input actions
23:51:40.323 [JavaFX Application Thread] DEBUG GameApplicationServi - Removing overlay from RiderMainMenuScene and adding to FXGLMainMenuDummyScene
23:51:40.323 [JavaFX Application Thread] DEBUG PrimaryStageWindow   - FXGLMainMenuDummyScene <- RiderMainMenuScene
23:51:40.323 [JavaFX Application Thread] DEBUG Input                - Clearing active input actions
23:51:40.329 [JavaFX Application Thread] DEBUG GameApplicationServi - Removing overlay from FXGLMainMenuDummyScene and adding to MainLoadingScene
23:51:40.332 [JavaFX Application Thread] DEBUG PrimaryStageWindow   - FXGLMainMenuDummyScene -> MainLoadingScene
23:51:40.332 [JavaFX Application Thread] DEBUG GameApplicationServi - Clearing previous game
23:51:40.332 [JavaFX Application Thread] DEBUG GameScene            - Clearing game scene
23:51:40.332 [JavaFX Application Thread] DEBUG GameWorld            - Clearing game world
23:51:40.332 [JavaFX Application Thread] DEBUG PhysicsWorld         - Clearing physics world
23:51:40.333 [FXGL Background Thread 2 ] DEBUG FXGLApplication      - Initializing game
23:51:40.359 [FXGL Background Thread 2 ] WARN  TMXLevelLoader       - TiledMap generated from 1.11.0. Supported version: 1.9.0. Some features may not be parsed fully.
23:51:40.365 [FXGL Background Thread 2 ] DEBUG TMXLevelLoader       - Parsed TiledMap: file:/C:/Users/jamie/OneDrive/Pictures/JavaFXGame/target/classes/assets/levels/tmx/level1.tmx
23:51:40.365 [FXGL Background Thread 2 ] DEBUG TMXLevelLoader       - Creating tile layer entities
23:51:40.366 [FXGL Background Thread 2 ] DEBUG TilesetLoader        - Loading view for layer Tile Layer 1
23:51:40.368 [FXGL Background Thread 2 ] DEBUG TilesetLoader        - Created buffer with size 1050.0x700.0
23:51:40.379 [FXGL Background Thread 2 ] DEBUG TMXLevelLoader       - Creating object layer entities
23:51:40.396 [FXGL Background Thread 2 ] DEBUG FXGLAssetLoaderServi - Loading from file system: file:/C:/Users/jamie/OneDrive/Pictures/JavaFXGame/target/classes/assets/textures/button.png
23:51:40.399 [FXGL Background Thread 2 ] DEBUG GameWorld            - Clearing removable entities
23:51:40.399 [FXGL Background Thread 2 ] DEBUG GameWorld            - Setting level: com.almasb.fxgl.entity.level.Level@66d47133
23:51:40.406 [FXGL Background Thread 2 ] DEBUG FXGLAssetLoaderServi - Loading from file system: file:/C:/Users/jamie/OneDrive/Pictures/JavaFXGame/target/classes/assets/textures/player2.png
23:51:40.414 [FXGL Background Thread 2 ] DEBUG Input                - Registered new binding: Jump0 - W
23:51:40.415 [FXGL Background Thread 2 ] DEBUG Input                - Registered new binding: Left0 - A
23:51:40.415 [FXGL Background Thread 2 ] DEBUG Input                - Registered new binding: Right0 - D
23:51:40.415 [FXGL Background Thread 2 ] DEBUG Input                - Registered new binding: Use0 - E
23:51:40.416 [FXGL Background Thread 2 ] DEBUG FXGLAssetLoaderServi - Loading from file system: file:/C:/Users/jamie/OneDrive/Pictures/JavaFXGame/target/classes/assets/textures/background/manila.png
23:51:40.436 [FXGL Background Thread 2 ] INFO  FXGLApplication      - Game initialization took: 0.102 sec
23:51:40.437 [JavaFX Application Thread] DEBUG Input                - Clearing active input actions
23:51:40.441 [JavaFX Application Thread] DEBUG GameApplicationServi - Removing overlay from MainLoadingScene and adding to GameScene
23:51:40.443 [JavaFX Application Thread] DEBUG PrimaryStageWindow   - MainLoadingScene -> GameScene
23:51:43.033 [JavaFX Application Thread] DEBUG PrimaryStageWindow   - Push state: FXGLDefaultMenu
23:51:43.034 [JavaFX Application Thread] DEBUG Input                - Clearing active input actions
23:51:43.036 [JavaFX Application Thread] DEBUG GameApplicationServi - Removing overlay from GameScene and adding to FXGLDefaultMenu
23:51:43.036 [JavaFX Application Thread] DEBUG PrimaryStageWindow   - GameScene -> FXGLDefaultMenu
23:51:45.289 [JavaFX Application Thread] DEBUG Menu                 - fireExitToMainMenu()
23:51:45.290 [JavaFX Application Thread] DEBUG PrimaryStageWindow   - Push state: DialogSubScene
23:51:45.290 [JavaFX Application Thread] DEBUG Input                - Clearing active input actions
23:51:45.290 [JavaFX Application Thread] DEBUG GameApplicationServi - Removing overlay from FXGLDefaultMenu and adding to DialogSubScene
23:51:45.291 [JavaFX Application Thread] DEBUG PrimaryStageWindow   - FXGLDefaultMenu -> DialogSubScene
23:51:46.021 [JavaFX Application Thread] DEBUG PrimaryStageWindow   - Pop state: DialogSubScene
23:51:46.021 [JavaFX Application Thread] DEBUG Input                - Clearing active input actions
23:51:46.022 [JavaFX Application Thread] DEBUG GameApplicationServi - Removing overlay from DialogSubScene and adding to FXGLDefaultMenu
23:51:46.022 [JavaFX Application Thread] DEBUG PrimaryStageWindow   - FXGLDefaultMenu <- DialogSubScene
23:51:46.023 [JavaFX Application Thread] DEBUG PrimaryStageWindow   - Pop state: FXGLDefaultMenu
23:51:46.023 [JavaFX Application Thread] DEBUG Input                - Clearing active input actions
23:51:46.023 [JavaFX Application Thread] DEBUG GameApplicationServi - Removing overlay from FXGLDefaultMenu and adding to GameScene
23:51:46.023 [JavaFX Application Thread] DEBUG PrimaryStageWindow   - GameScene <- FXGLDefaultMenu
23:51:46.024 [JavaFX Application Thread] DEBUG Input                - Clearing active input actions
23:51:46.029 [JavaFX Application Thread] DEBUG GameApplicationServi - Removing overlay from GameScene and adding to FXGLMainMenuDummyScene
23:51:46.030 [JavaFX Application Thread] DEBUG PrimaryStageWindow   - GameScene -> FXGLMainMenuDummyScene
23:51:46.030 [JavaFX Application Thread] DEBUG PrimaryStageWindow   - Push state: RiderMainMenuScene
23:51:46.031 [JavaFX Application Thread] DEBUG Input                - Clearing active input actions
23:51:46.031 [JavaFX Application Thread] DEBUG GameApplicationServi - Removing overlay from FXGLMainMenuDummyScene and adding to RiderMainMenuScene
23:51:46.031 [JavaFX Application Thread] DEBUG PrimaryStageWindow   - FXGLMainMenuDummyScene -> RiderMainMenuScene
23:51:46.875 [JavaFX Application Thread] DEBUG PrimaryStageWindow   - Push state: PlayerSelectScene
23:51:46.875 [JavaFX Application Thread] DEBUG Input                - Clearing active input actions
23:51:46.877 [JavaFX Application Thread] DEBUG GameApplicationServi - Removing overlay from RiderMainMenuScene and adding to PlayerSelectScene
23:51:46.879 [JavaFX Application Thread] DEBUG PrimaryStageWindow   - RiderMainMenuScene -> PlayerSelectScene
23:51:49.004 [JavaFX Application Thread] DEBUG PrimaryStageWindow   - Pop state: PlayerSelectScene
23:51:49.004 [JavaFX Application Thread] DEBUG Input                - Clearing active input actions
23:51:49.005 [JavaFX Application Thread] DEBUG GameApplicationServi - Removing overlay from PlayerSelectScene and adding to RiderMainMenuScene
23:51:49.007 [JavaFX Application Thread] DEBUG PrimaryStageWindow   - RiderMainMenuScene <- PlayerSelectScene
23:51:49.249 [JavaFX Application Thread] DEBUG PrimaryStageWindow   - Push state: LevelSelectScene
23:51:49.250 [JavaFX Application Thread] DEBUG Input                - Clearing active input actions
23:51:49.252 [JavaFX Application Thread] DEBUG GameApplicationServi - Removing overlay from RiderMainMenuScene and adding to LevelSelectScene
23:51:49.253 [JavaFX Application Thread] DEBUG PrimaryStageWindow   - RiderMainMenuScene -> LevelSelectScene
23:51:58.920 [JavaFX Application Thread] DEBUG Menu                 - fireNewGame()
23:51:58.920 [JavaFX Application Thread] DEBUG GameApplicationServi - Starting new game
23:51:58.920 [JavaFX Application Thread] DEBUG PrimaryStageWindow   - Pop state: LevelSelectScene
23:51:58.920 [JavaFX Application Thread] DEBUG Input                - Clearing active input actions
23:51:58.922 [JavaFX Application Thread] DEBUG GameApplicationServi - Removing overlay from LevelSelectScene and adding to RiderMainMenuScene
23:51:58.923 [JavaFX Application Thread] DEBUG PrimaryStageWindow   - RiderMainMenuScene <- LevelSelectScene
23:51:58.923 [JavaFX Application Thread] DEBUG PrimaryStageWindow   - Pop state: RiderMainMenuScene
23:51:58.923 [JavaFX Application Thread] DEBUG Input                - Clearing active input actions
23:51:58.923 [JavaFX Application Thread] DEBUG GameApplicationServi - Removing overlay from RiderMainMenuScene and adding to FXGLMainMenuDummyScene
23:51:58.923 [JavaFX Application Thread] DEBUG PrimaryStageWindow   - FXGLMainMenuDummyScene <- RiderMainMenuScene
23:51:58.923 [JavaFX Application Thread] DEBUG Input                - Clearing active input actions
23:51:58.935 [JavaFX Application Thread] DEBUG GameApplicationServi - Removing overlay from FXGLMainMenuDummyScene and adding to MainLoadingScene
23:51:58.938 [JavaFX Application Thread] DEBUG PrimaryStageWindow   - FXGLMainMenuDummyScene -> MainLoadingScene
23:51:58.939 [JavaFX Application Thread] DEBUG GameApplicationServi - Clearing previous game
23:51:58.939 [JavaFX Application Thread] DEBUG GameScene            - Clearing game scene
23:51:58.939 [JavaFX Application Thread] DEBUG GameWorld            - Clearing game world
23:51:58.942 [JavaFX Application Thread] DEBUG PhysicsWorld         - Clearing physics world
23:51:58.943 [FXGL Background Thread 2 ] DEBUG FXGLApplication      - Initializing game
23:51:58.945 [FXGL Background Thread 2 ] WARN  TMXLevelLoader       - TiledMap generated from 1.11.0. Supported version: 1.9.0. Some features may not be parsed fully.
23:51:58.948 [FXGL Background Thread 2 ] DEBUG TMXLevelLoader       - Parsed TiledMap: file:/C:/Users/jamie/OneDrive/Pictures/JavaFXGame/target/classes/assets/levels/tmx/level3.tmx
23:51:58.948 [FXGL Background Thread 2 ] DEBUG TMXLevelLoader       - Creating tile layer entities
23:51:58.949 [FXGL Background Thread 2 ] DEBUG TilesetLoader        - Loading view for layer Tile Layer 1
23:51:58.949 [FXGL Background Thread 2 ] DEBUG TilesetLoader        - Created buffer with size 1050.0x700.0
23:51:58.958 [FXGL Background Thread 2 ] DEBUG TMXLevelLoader       - Creating object layer entities
23:51:58.964 [FXGL Background Thread 2 ] DEBUG GameWorld            - Clearing removable entities
23:51:58.964 [FXGL Background Thread 2 ] DEBUG GameWorld            - Setting level: com.almasb.fxgl.entity.level.Level@1a40a077
23:51:58.967 [FXGL Background Thread 2 ] DEBUG FXGLAssetLoaderServi - Loading from file system: file:/C:/Users/jamie/OneDrive/Pictures/JavaFXGame/target/classes/assets/textures/player3.png
23:51:58.972 [JavaFX Application Thread] DEBUG LoopRunner           - Stopping loop
23:51:58.976 [JavaFX Application Thread] FATAL FXGLApplication      - Uncaught Exception:
java.lang.RuntimeException: Initialization failed
	at com.almasb.fxgl.all@17.2/com.almasb.fxgl.app.FXGLApplication$InitAppTask.failed(FXGLApplication.kt:343)
	at javafx.graphics/javafx.concurrent.Task.setState(Task.java:710)
	at javafx.graphics/javafx.concurrent.Task$TaskCallable.lambda$call$2(Task.java:1456)
	at javafx.graphics/com.sun.javafx.application.PlatformImpl.lambda$runLater$10(PlatformImpl.java:457)
	at java.base/java.security.AccessController.doPrivileged(AccessController.java:400)
	at javafx.graphics/com.sun.javafx.application.PlatformImpl.lambda$runLater$11(PlatformImpl.java:456)
	at javafx.graphics/com.sun.glass.ui.InvokeLaterDispatcher$Future.run(InvokeLaterDispatcher.java:96)
	at javafx.graphics/com.sun.glass.ui.win.WinApplication._runLoop(Native Method)
	at javafx.graphics/com.sun.glass.ui.win.WinApplication.lambda$runLoop$3(WinApplication.java:184)
	at java.base/java.lang.Thread.run(Thread.java:1583)
Caused by: java.lang.IllegalArgumentException: Action already exists: Jump0
	at com.almasb.fxgl.core@17.2/com.almasb.fxgl.input.Input.addBinding(Input.kt:511)
	at com.almasb.fxgl.core@17.2/com.almasb.fxgl.input.Input.addAction(Input.kt:507)
	at com.almasb.fxgl.core@17.2/com.almasb.fxgl.input.Input.addAction$default(Input.kt:504)
	at com.almasb.fxgl.core@17.2/com.almasb.fxgl.input.Input.addAction(Input.kt)
	at com.sunsofgod/com.sunsofgod.PlatformerApp.bindKeys(PlatformerApp.java:120)
	at com.sunsofgod/com.sunsofgod.PlatformerApp.initGame(PlatformerApp.java:295)
	at com.almasb.fxgl.all@17.2/com.almasb.fxgl.app.FXGLApplication$InitAppTask.initGame(FXGLApplication.kt:339)
	at com.almasb.fxgl.all@17.2/com.almasb.fxgl.app.FXGLApplication$InitAppTask.call(FXGLApplication.kt:319)
	at com.almasb.fxgl.all@17.2/com.almasb.fxgl.app.FXGLApplication$InitAppTask.call(FXGLApplication.kt:311)
	at javafx.graphics/javafx.concurrent.Task$TaskCallable.call(Task.java:1426)
	at java.base/java.util.concurrent.FutureTask.run(FutureTask.java:317)
	at java.base/java.util.concurrent.Executors$RunnableAdapter.call(Executors.java:572)
	at java.base/java.util.concurrent.FutureTask.run(FutureTask.java:317)
	at java.base/java.util.concurrent.ThreadPoolExecutor.runWorker(ThreadPoolExecutor.java:1144)
	at java.base/java.util.concurrent.ThreadPoolExecutor$Worker.run(ThreadPoolExecutor.java:642)
	... 1 more

23:51:58.978 [JavaFX Application Thread] FATAL FXGLApplication      - Application will now exit
23:51:58.987 [JavaFX Application Thread] DEBUG PrimaryStageWindow   - Push state: ErrorSubScene
23:51:58.988 [JavaFX Application Thread] DEBUG Input                - Clearing active input actions
23:51:58.988 [JavaFX Application Thread] DEBUG GameApplicationServi - Removing overlay from MainLoadingScene and adding to ErrorSubScene
23:51:58.989 [JavaFX Application Thread] DEBUG PrimaryStageWindow   - MainLoadingScene -> ErrorSubScene
23:52:00.784 [JavaFX Application Thread] DEBUG FXGLApplication      - Exiting FXGL
23:52:00.784 [JavaFX Application Thread] DEBUG Async                - Shutting down background threads
23:52:00.784 [JavaFX Application Thread] DEBUG PrimaryStageWindow   - Closing main window
23:52:00.793 [JavaFX Application Thread] DEBUG Logger               - Closing Logger
