21:21:25.680 [main                     ] DEBUG Logger               - Configured Logger
21:21:25.696 [main                     ] DEBUG GameApplication      - Logging settings
Title: Untitled
Version: 0.0
Width: 1280
Height: 720
Fullscreen: false
Intro: false
Profiling: false
Single step:false
App Mode: DEVELOPER
Menu Key: ESCAPE
Stage Style: DECORATED
Scene Factory: class com.sunsofgod.PlatformerApp$1

21:21:25.931 [JavaFX Application Thread] DEBUG FXGLApplication      - Initializing FXGL
21:21:25.933 [JavaFX Application Thread] INFO  Engine               - FXGL-17.2 (20.08.2022 16.50) on WINDOWS (J:21.0.4 FX:17.0.12)
21:21:25.933 [JavaFX Application Thread] DEBUG Engine               - JRE Vendor Name: Eclipse Adoptium
21:21:25.935 [JavaFX Application Thread] DEBUG Engine               - Running on OS: Windows 11 version 10.0
21:21:25.935 [JavaFX Application Thread] DEBUG Engine               - Architecture: amd64
21:21:25.935 [JavaFX Application Thread] INFO  Engine               - Source code and latest versions at: https://github.com/AlmasB/FXGL
21:21:25.935 [JavaFX Application Thread] INFO  Engine               -       Ask questions and discuss at: https://github.com/AlmasB/FXGL/discussions
21:21:25.935 [JavaFX Application Thread] INFO  Engine               -              Join the FXGL chat at: https://gitter.im/AlmasB/FXGL
21:21:25.996 [JavaFX Application Thread] DEBUG PrimaryStageWindow   - Creating a JavaFX scene
21:21:26.030 [JavaFX Application Thread] DEBUG PrimaryStageWindow   - Target settings size: 1280.0 x 720.0
21:21:26.030 [JavaFX Application Thread] DEBUG PrimaryStageWindow   - Scaled scene size:    1280.0 x 720.0
21:21:26.030 [JavaFX Application Thread] DEBUG PrimaryStageWindow   - Scaled ratio: (1.0, 1.0)
21:21:26.031 [JavaFX Application Thread] DEBUG PrimaryStageWindow   - Set initial scene to FXGLStartupScene
21:21:26.035 [JavaFX Application Thread] DEBUG PrimaryStageWindow   - Opening main window
21:21:26.094 [JavaFX Application Thread] DEBUG PrimaryStageWindow   - Window border size: (14.4000244140625, 37.5999755859375)
21:21:26.094 [JavaFX Application Thread] DEBUG PrimaryStageWindow   - Scaled size: 1280.0 x 720.0
21:21:26.094 [JavaFX Application Thread] DEBUG PrimaryStageWindow   - Scaled ratio: (1.0, 1.0)
21:21:26.094 [JavaFX Application Thread] DEBUG PrimaryStageWindow   - Scene size: 1280.0 x 720.0
21:21:26.094 [JavaFX Application Thread] DEBUG PrimaryStageWindow   - Stage size: 1294.4000244140625 x 757.5999755859375
21:21:26.100 [FXGL Background Thread 1 ] DEBUG Engine               - Initializing environment variables
21:21:26.131 [FXGL Background Thread 1 ] DEBUG FXGLAssetLoaderServi - User app class for loading assets: class com.sunsofgod.PlatformerApp
21:21:26.131 [FXGL Background Thread 1 ] DEBUG GameApplicationServi - Applying CSS: fxgl_dark.css
21:21:26.132 [FXGL Background Thread 1 ] DEBUG FXGLAssetLoaderServi - Loading from file system: jar:file:///C:/Users/jamie/.m2/repository/com/github/almasb/fxgl/17.2/fxgl-17.2.jar!/fxglassets/ui/css/fxgl_dark.css
21:21:26.162 [FXGL Background Thread 1 ] DEBUG GameApplicationServi - Initializing application scenes
21:21:26.193 [FXGL Background Thread 1 ] WARN  FXGLAssetLoaderServi - Asset "/assets/textures/player.png" was not found!
21:21:26.194 [FXGL Background Thread 1 ] WARN  FXGLAssetLoaderServi - Failed to load IMAGE
21:21:26.222 [FXGL Background Thread 1 ] DEBUG GameWorld            - Game world initialized
21:21:26.254 [FXGL Background Thread 1 ] DEBUG PhysicsWorld         - Physics world initialized: appHeight=720, physics.ppm=50.0
21:21:26.254 [FXGL Background Thread 1 ] DEBUG PhysicsWorld         - Using strategy: BRUTE_FORCE
21:21:26.257 [FXGL Background Thread 1 ] DEBUG GameScene            - Game scene initialized: 1280x720
21:21:26.445 [FXGL Background Thread 1 ] DEBUG GameApplicationServi - Application scenes initialized
21:21:26.454 [FXGL Background Thread 1 ] DEBUG SystemBundleService  - Loading FXGL system data
21:21:26.458 [FXGL Background Thread 1 ] DEBUG FileSystemAccess     - Reading from: C:\Users\jamie\OneDrive\Pictures\JavaFXGame\system\fxgl.bundle
21:21:26.464 [FXGL Background Thread 1 ] DEBUG SystemBundleService  - Bundle FXGL: {}
21:21:26.464 [FXGL Background Thread 1 ] DEBUG UpdaterService       - Checking for updates
21:21:26.487 [FXGL Background Thread 4 ] DEBUG FXGLApplication      - Loading fonts
21:21:26.488 [FXGL Background Thread 4 ] DEBUG FXGLAssetLoaderServi - Loading from file system: jar:file:///C:/Users/jamie/.m2/repository/com/github/almasb/fxgl/17.2/fxgl-17.2.jar!/fxglassets/ui/fonts/VarelaRound-Regular.ttf
21:21:26.488 [FXGL Background Thread 1 ] DEBUG FXGLApplication      - Loading default localization
21:21:26.490 [FXGL Background Thread 1 ] DEBUG FXGLAssetLoaderServi - Loading from file system: jar:file:///C:/Users/jamie/.m2/repository/com/github/almasb/fxgl/17.2/fxgl-17.2.jar!/fxglassets/languages/english.lang
21:21:26.506 [FXGL Background Thread 1 ] INFO  FXGLApplication      - FXGL initialization took: 0.406 sec
21:21:26.507 [JavaFX Application Thread] DEBUG FXGLAssetLoaderServi - Loading from file system: jar:file:///C:/Users/jamie/.m2/repository/com/github/almasb/fxgl/17.2/fxgl-17.2.jar!/fxglassets/textures/fxgl_icon.png
21:21:26.513 [FXGL Background Thread 4 ] DEBUG FXGLAssetLoaderServi - Loading from file system: jar:file:///C:/Users/jamie/.m2/repository/com/github/almasb/fxgl/17.2/fxgl-17.2.jar!/fxglassets/ui/fonts/Abel-Regular.ttf
21:21:26.515 [FXGL Background Thread 4 ] DEBUG FXGLAssetLoaderServi - Loading from file system: jar:file:///C:/Users/jamie/.m2/repository/com/github/almasb/fxgl/17.2/fxgl-17.2.jar!/fxglassets/ui/fonts/TerminalLandMono-Regular.otf
21:21:26.518 [FXGL Background Thread 4 ] DEBUG FXGLAssetLoaderServi - Loading from file system: jar:file:///C:/Users/jamie/.m2/repository/com/github/almasb/fxgl/17.2/fxgl-17.2.jar!/fxglassets/ui/fonts/Courier-Prime.ttf
21:21:26.520 [JavaFX Application Thread] DEBUG FXGLAssetLoaderServi - Loading from file system: jar:file:///C:/Users/jamie/.m2/repository/com/github/almasb/fxgl/17.2/fxgl-17.2.jar!/fxglassets/textures/fxgl_default_cursor.png
21:21:26.528 [JavaFX Application Thread] DEBUG Input                - Registered new binding: Screenshot - CTRL+8
21:21:26.529 [JavaFX Application Thread] DEBUG Input                - Registered new binding: Dev Options - 1
21:21:26.529 [JavaFX Application Thread] DEBUG Input                - Registered new binding: Dev Console - 2
21:21:26.529 [JavaFX Application Thread] DEBUG Input                - Registered new binding: System info dump - CTRL+9
21:21:26.529 [JavaFX Application Thread] DEBUG Input                - Registered new binding: Restart - CTRL+R
21:21:26.530 [JavaFX Application Thread] DEBUG Input                - Registered new binding: Toggle Debug Camera - CTRL+7
21:21:26.531 [JavaFX Application Thread] DEBUG LoopRunner           - Starting loop
21:21:26.542 [JavaFX Application Thread] DEBUG LoopRunner           - Initializing JavaFX AnimationTimerLoop
21:21:26.543 [JavaFX Application Thread] DEBUG Input                - Clearing active input actions
21:21:26.554 [JavaFX Application Thread] DEBUG GameApplicationServi - Removing overlay from FXGLStartupScene and adding to FXGLMainMenuDummyScene
21:21:26.558 [JavaFX Application Thread] DEBUG PrimaryStageWindow   - FXGLStartupScene -> FXGLMainMenuDummyScene
21:21:26.558 [JavaFX Application Thread] DEBUG PrimaryStageWindow   - Push state: RiderMainMenuScene
21:21:26.558 [JavaFX Application Thread] DEBUG Input                - Clearing active input actions
21:21:26.564 [JavaFX Application Thread] DEBUG GameApplicationServi - Removing overlay from FXGLMainMenuDummyScene and adding to RiderMainMenuScene
21:21:26.564 [JavaFX Application Thread] DEBUG PrimaryStageWindow   - FXGLMainMenuDummyScene -> RiderMainMenuScene
21:21:26.694 [JavaFX Application Thread] DEBUG FXGLApplication      - Registering font factories with UI factory
21:21:26.818 [FXGL Background Thread 2 ] INFO  UpdaterService       - Your current version:  17.2
21:21:26.820 [FXGL Background Thread 2 ] INFO  UpdaterService       - Latest stable version: 21.1
21:21:27.634 [JavaFX Application Thread] DEBUG PrimaryStageWindow   - Push state: PlayerSelectScene
21:21:27.634 [JavaFX Application Thread] DEBUG Input                - Clearing active input actions
21:21:27.635 [JavaFX Application Thread] DEBUG GameApplicationServi - Removing overlay from RiderMainMenuScene and adding to PlayerSelectScene
21:21:27.637 [JavaFX Application Thread] DEBUG PrimaryStageWindow   - RiderMainMenuScene -> PlayerSelectScene
21:21:29.481 [FXGL Background Thread 3 ] DEBUG Engine               - Logging environment variables
21:21:29.481 [FXGL Background Thread 3 ] DEBUG Engine               - achievements: []
21:21:29.481 [FXGL Background Thread 3 ] DEBUG Engine               - actualHeight: 720.0
21:21:29.481 [FXGL Background Thread 3 ] DEBUG Engine               - actualHeightProperty: ReadOnlyDoubleProperty [value: 720.0]
21:21:29.481 [FXGL Background Thread 3 ] DEBUG Engine               - actualWidth: 1280.0
21:21:29.481 [FXGL Background Thread 3 ] DEBUG Engine               - actualWidthProperty: ReadOnlyDoubleProperty [value: 1280.0]
21:21:29.481 [FXGL Background Thread 3 ] DEBUG Engine               - appIcon: fxgl_icon.png
21:21:29.482 [FXGL Background Thread 3 ] DEBUG Engine               - applicationMode: DEVELOPER
21:21:29.482 [FXGL Background Thread 3 ] DEBUG Engine               - cSSList: [fxgl_dark.css]
21:21:29.482 [FXGL Background Thread 3 ] DEBUG Engine               - collisionDetectionStrategy: BRUTE_FORCE
21:21:29.482 [FXGL Background Thread 3 ] DEBUG Engine               - configClass: Optional.empty
21:21:29.482 [FXGL Background Thread 3 ] DEBUG Engine               - credits: []
21:21:29.483 [FXGL Background Thread 3 ] DEBUG Engine               - defaultCursor: CursorInfo(imageName=fxgl_default_cursor.png, hotspotX=7.0, hotspotY=6.0)
21:21:29.483 [FXGL Background Thread 3 ] DEBUG Engine               - devBBoxColorProperty: ObjectProperty [value: 0xff0000ff]
21:21:29.483 [FXGL Background Thread 3 ] DEBUG Engine               - devEnableDebugCameraProperty: BooleanProperty [value: false]
21:21:29.483 [FXGL Background Thread 3 ] DEBUG Engine               - devSensorColorProperty: ObjectProperty [value: 0xffff00ff]
21:21:29.483 [FXGL Background Thread 3 ] DEBUG Engine               - devShowBBoxProperty: BooleanProperty [value: false]
21:21:29.483 [FXGL Background Thread 3 ] DEBUG Engine               - devShowPositionProperty: BooleanProperty [value: false]
21:21:29.483 [FXGL Background Thread 3 ] DEBUG Engine               - enabledMenuItems: []
21:21:29.483 [FXGL Background Thread 3 ] DEBUG Engine               - engineServices: [class com.almasb.fxgl.app.services.FXGLAssetLoaderService, class com.almasb.fxgl.app.FXGLApplication$GameApplicationService, class com.almasb.fxgl.app.services.FXGLDialogService, class com.almasb.fxgl.app.services.IOTaskExecutorService, class com.almasb.fxgl.io.FileSystemService, class com.almasb.fxgl.localization.LocalizationService, class com.almasb.fxgl.app.services.SystemBundleService, class com.almasb.fxgl.profile.SaveLoadService, class com.almasb.fxgl.ui.FXGLUIFactoryServiceProvider, class com.almasb.fxgl.ui.FXGLDialogFactoryServiceProvider, class com.almasb.fxgl.audio.AudioPlayer, class com.almasb.fxgl.notification.impl.NotificationServiceProvider, class com.almasb.fxgl.achievement.AchievementService, class com.almasb.fxgl.cutscene.CutsceneService, class com.almasb.fxgl.minigames.MiniGameService, class com.almasb.fxgl.net.NetService, class com.almasb.fxgl.app.services.UpdaterService, class com.almasb.fxgl.dev.DevService]
21:21:29.483 [FXGL Background Thread 3 ] DEBUG Engine               - fontGame: Abel-Regular.ttf
21:21:29.483 [FXGL Background Thread 3 ] DEBUG Engine               - fontMono: TerminalLandMono-Regular.otf
21:21:29.483 [FXGL Background Thread 3 ] DEBUG Engine               - fontText: Courier-Prime.ttf
21:21:29.483 [FXGL Background Thread 3 ] DEBUG Engine               - fontUI: VarelaRound-Regular.ttf
21:21:29.483 [FXGL Background Thread 3 ] DEBUG Engine               - fullScreen: BooleanProperty [value: false]
21:21:29.483 [FXGL Background Thread 3 ] DEBUG Engine               - gameDifficulty: MEDIUM
21:21:29.484 [FXGL Background Thread 3 ] DEBUG Engine               - gameDifficultyProperty: ObjectProperty [value: MEDIUM]
21:21:29.484 [FXGL Background Thread 3 ] DEBUG Engine               - globalMusicVolume: 0.5
21:21:29.484 [FXGL Background Thread 3 ] DEBUG Engine               - globalMusicVolumeProperty: DoubleProperty [value: 0.25]
21:21:29.484 [FXGL Background Thread 3 ] DEBUG Engine               - globalSoundVolume: 0.5
21:21:29.484 [FXGL Background Thread 3 ] DEBUG Engine               - globalSoundVolumeProperty: DoubleProperty [value: 0.5]
21:21:29.484 [FXGL Background Thread 3 ] DEBUG Engine               - height: 720
21:21:29.484 [FXGL Background Thread 3 ] DEBUG Engine               - is3D: false
21:21:29.484 [FXGL Background Thread 3 ] DEBUG Engine               - isAndroid: false
21:21:29.484 [FXGL Background Thread 3 ] DEBUG Engine               - isBrowser: false
21:21:29.484 [FXGL Background Thread 3 ] DEBUG Engine               - isClickFeedbackEnabled: false
21:21:29.484 [FXGL Background Thread 3 ] DEBUG Engine               - isCloseConfirmation: false
21:21:29.484 [FXGL Background Thread 3 ] DEBUG Engine               - isDesktop: true
21:21:29.484 [FXGL Background Thread 3 ] DEBUG Engine               - isDeveloperMenuEnabled: true
21:21:29.484 [FXGL Background Thread 3 ] DEBUG Engine               - isEmbedded: false
21:21:29.484 [FXGL Background Thread 3 ] DEBUG Engine               - isEntityPreloadEnabled: true
21:21:29.484 [FXGL Background Thread 3 ] DEBUG Engine               - isExperimentalTiledLargeMap: false
21:21:29.484 [FXGL Background Thread 3 ] DEBUG Engine               - isFileSystemWriteAllowed: true
21:21:29.484 [FXGL Background Thread 3 ] DEBUG Engine               - isFullScreenAllowed: false
21:21:29.484 [FXGL Background Thread 3 ] DEBUG Engine               - isFullScreenFromStart: false
21:21:29.484 [FXGL Background Thread 3 ] DEBUG Engine               - isGameMenuEnabled: true
21:21:29.484 [FXGL Background Thread 3 ] DEBUG Engine               - isIOS: false
21:21:29.484 [FXGL Background Thread 3 ] DEBUG Engine               - isIntroEnabled: false
21:21:29.484 [FXGL Background Thread 3 ] DEBUG Engine               - isLinux: false
21:21:29.484 [FXGL Background Thread 3 ] DEBUG Engine               - isMac: false
21:21:29.484 [FXGL Background Thread 3 ] DEBUG Engine               - isMainMenuEnabled: true
21:21:29.484 [FXGL Background Thread 3 ] DEBUG Engine               - isManualResizeEnabled: false
21:21:29.484 [FXGL Background Thread 3 ] DEBUG Engine               - isMobile: false
21:21:29.484 [FXGL Background Thread 3 ] DEBUG Engine               - isNative: false
21:21:29.485 [FXGL Background Thread 3 ] DEBUG Engine               - isPauseMusicWhenMinimized: true
21:21:29.485 [FXGL Background Thread 3 ] DEBUG Engine               - isPreserveResizeRatio: false
21:21:29.485 [FXGL Background Thread 3 ] DEBUG Engine               - isProfilingEnabled: false
21:21:29.485 [FXGL Background Thread 3 ] DEBUG Engine               - isScaleAffectedOnResize: true
21:21:29.485 [FXGL Background Thread 3 ] DEBUG Engine               - isSingleStep: false
21:21:29.485 [FXGL Background Thread 3 ] DEBUG Engine               - isUserProfileEnabled: false
21:21:29.485 [FXGL Background Thread 3 ] DEBUG Engine               - isWindows: true
21:21:29.485 [FXGL Background Thread 3 ] DEBUG Engine               - language: ObjectProperty [value: ENGLISH]
21:21:29.485 [FXGL Background Thread 3 ] DEBUG Engine               - menuKey: ESCAPE
21:21:29.485 [FXGL Background Thread 3 ] DEBUG Engine               - mouseSensitivity: 0.2
21:21:29.485 [FXGL Background Thread 3 ] DEBUG Engine               - notificationViewClass: class com.almasb.fxgl.notification.view.XboxNotificationView
21:21:29.485 [FXGL Background Thread 3 ] DEBUG Engine               - pixelsPerMeter: 50.0
21:21:29.485 [FXGL Background Thread 3 ] DEBUG Engine               - platform: WINDOWS
21:21:29.485 [FXGL Background Thread 3 ] DEBUG Engine               - prefHeightProperty: ReadOnlyDoubleProperty [value: 720.0]
21:21:29.485 [FXGL Background Thread 3 ] DEBUG Engine               - prefWidthProperty: ReadOnlyDoubleProperty [value: 1280.0]
21:21:29.485 [FXGL Background Thread 3 ] DEBUG Engine               - profileDir: profiles/
21:21:29.485 [FXGL Background Thread 3 ] DEBUG Engine               - profileName: StringProperty [value: DEFAULT]
21:21:29.485 [FXGL Background Thread 3 ] DEBUG Engine               - randomSeed: -1
21:21:29.485 [FXGL Background Thread 3 ] DEBUG Engine               - runtimeInfo: RuntimeInfo(platform=WINDOWS, version=17.2, build=20.08.2022 16.50)
21:21:29.485 [FXGL Background Thread 3 ] DEBUG Engine               - saveFileExt: sav
21:21:29.485 [FXGL Background Thread 3 ] DEBUG Engine               - scaledHeightProp$fxgl: DoubleProperty [bound, value: 720.0]
21:21:29.485 [FXGL Background Thread 3 ] DEBUG Engine               - scaledWidthProp$fxgl: DoubleProperty [bound, value: 1280.0]
21:21:29.488 [FXGL Background Thread 3 ] DEBUG Engine               - sceneFactory: com.sunsofgod.PlatformerApp$1@23238479
21:21:29.488 [FXGL Background Thread 3 ] DEBUG Engine               - secondsIn24h: 60
21:21:29.488 [FXGL Background Thread 3 ] DEBUG Engine               - soundMenuBack: menu/back.wav
21:21:29.488 [FXGL Background Thread 3 ] DEBUG Engine               - soundMenuPress: menu/press.wav
21:21:29.488 [FXGL Background Thread 3 ] DEBUG Engine               - soundMenuSelect: menu/select.wav
21:21:29.488 [FXGL Background Thread 3 ] DEBUG Engine               - soundNotification: core/notification.wav
21:21:29.488 [FXGL Background Thread 3 ] DEBUG Engine               - stageStyle: DECORATED
21:21:29.488 [FXGL Background Thread 3 ] DEBUG Engine               - supportedLanguages: [ENGLISH, FRENCH, GERMAN, HUNGARIAN, RUSSIAN]
21:21:29.488 [FXGL Background Thread 3 ] DEBUG Engine               - ticksPerSecond: -1
21:21:29.488 [FXGL Background Thread 3 ] DEBUG Engine               - title: Untitled
21:21:29.488 [FXGL Background Thread 3 ] DEBUG Engine               - urlGithub: https://github.com/AlmasB/FXGL
21:21:29.489 [FXGL Background Thread 3 ] DEBUG Engine               - urlLeaderboard: http://fxgl-top.herokuapp.com/
21:21:29.489 [FXGL Background Thread 3 ] DEBUG Engine               - urlPOM: https://raw.githubusercontent.com/AlmasB/FXGL/release/README.md
21:21:29.489 [FXGL Background Thread 3 ] DEBUG Engine               - userAppClass: class com.sunsofgod.PlatformerApp
21:21:29.489 [FXGL Background Thread 3 ] DEBUG Engine               - version: 0.0
21:21:29.489 [FXGL Background Thread 3 ] DEBUG Engine               - versionCheckDays: 7
21:21:29.489 [FXGL Background Thread 3 ] DEBUG Engine               - width: 1280
21:21:29.489 [FXGL Background Thread 3 ] DEBUG Engine               - Logging services
21:21:29.489 [FXGL Background Thread 3 ] DEBUG Engine               - class com.almasb.fxgl.app.services.FXGLAssetLoaderService
21:21:29.489 [FXGL Background Thread 3 ] DEBUG Engine               - class com.almasb.fxgl.app.FXGLApplication$GameApplicationService
21:21:29.489 [FXGL Background Thread 3 ] DEBUG Engine               - class com.almasb.fxgl.app.services.FXGLDialogService
21:21:29.489 [FXGL Background Thread 3 ] DEBUG Engine               - class com.almasb.fxgl.app.services.IOTaskExecutorService
21:21:29.489 [FXGL Background Thread 3 ] DEBUG Engine               - class com.almasb.fxgl.io.FileSystemService
21:21:29.489 [FXGL Background Thread 3 ] DEBUG Engine               - class com.almasb.fxgl.localization.LocalizationService
21:21:29.489 [FXGL Background Thread 3 ] DEBUG Engine               - class com.almasb.fxgl.app.services.SystemBundleService
21:21:29.489 [FXGL Background Thread 3 ] DEBUG Engine               - class com.almasb.fxgl.profile.SaveLoadService
21:21:29.489 [FXGL Background Thread 3 ] DEBUG Engine               - class com.almasb.fxgl.ui.FXGLUIFactoryServiceProvider
21:21:29.489 [FXGL Background Thread 3 ] DEBUG Engine               - class com.almasb.fxgl.ui.FXGLDialogFactoryServiceProvider
21:21:29.489 [FXGL Background Thread 3 ] DEBUG Engine               - class com.almasb.fxgl.audio.AudioPlayer
21:21:29.489 [FXGL Background Thread 3 ] DEBUG Engine               - class com.almasb.fxgl.notification.impl.NotificationServiceProvider
21:21:29.489 [FXGL Background Thread 3 ] DEBUG Engine               - class com.almasb.fxgl.achievement.AchievementService
21:21:29.489 [FXGL Background Thread 3 ] DEBUG Engine               - class com.almasb.fxgl.cutscene.CutsceneService
21:21:29.489 [FXGL Background Thread 3 ] DEBUG Engine               - class com.almasb.fxgl.minigames.MiniGameService
21:21:29.489 [FXGL Background Thread 3 ] DEBUG Engine               - class com.almasb.fxgl.net.NetService
21:21:29.489 [FXGL Background Thread 3 ] DEBUG Engine               - class com.almasb.fxgl.app.services.UpdaterService
21:21:29.489 [FXGL Background Thread 3 ] DEBUG Engine               - class com.almasb.fxgl.dev.DevService
21:21:29.632 [JavaFX Application Thread] DEBUG PrimaryStageWindow   - Push state: LevelSelectScene
21:21:29.632 [JavaFX Application Thread] DEBUG Input                - Clearing active input actions
21:21:29.633 [JavaFX Application Thread] DEBUG GameApplicationServi - Removing overlay from PlayerSelectScene and adding to LevelSelectScene
21:21:29.634 [JavaFX Application Thread] DEBUG PrimaryStageWindow   - PlayerSelectScene -> LevelSelectScene
21:21:38.514 [JavaFX Application Thread] DEBUG PrimaryStageWindow   - Pop state: LevelSelectScene
21:21:38.514 [JavaFX Application Thread] DEBUG Input                - Clearing active input actions
21:21:38.514 [JavaFX Application Thread] DEBUG GameApplicationServi - Removing overlay from LevelSelectScene and adding to PlayerSelectScene
21:21:38.515 [JavaFX Application Thread] DEBUG PrimaryStageWindow   - PlayerSelectScene <- LevelSelectScene
21:21:40.282 [JavaFX Application Thread] DEBUG PrimaryStageWindow   - Push state: LevelSelectScene
21:21:40.283 [JavaFX Application Thread] DEBUG Input                - Clearing active input actions
21:21:40.283 [JavaFX Application Thread] DEBUG GameApplicationServi - Removing overlay from PlayerSelectScene and adding to LevelSelectScene
21:21:40.284 [JavaFX Application Thread] DEBUG PrimaryStageWindow   - PlayerSelectScene -> LevelSelectScene
21:21:50.395 [JavaFX Application Thread] DEBUG FXGLApplication      - Exiting FXGL
21:21:50.396 [JavaFX Application Thread] DEBUG LoopRunner           - Stopping loop
21:21:50.396 [JavaFX Application Thread] DEBUG SystemBundleService  - Saving FXGL system data
21:21:50.398 [JavaFX Application Thread] DEBUG FileSystemAccess     - Writing to: C:\Users\jamie\OneDrive\Pictures\JavaFXGame\system\fxgl.bundle
21:21:50.399 [JavaFX Application Thread] DEBUG Async                - Shutting down background threads
21:21:50.399 [JavaFX Application Thread] DEBUG PrimaryStageWindow   - Closing main window
21:21:50.408 [JavaFX Application Thread] DEBUG Logger               - Closing Logger
