15:59:37.385 [main                     ] DEBUG Logger               - Configured Logger
15:59:37.401 [main                     ] DEBUG GameApplication      - Logging settings
Title: Untitled
Version: 0.0
Width: 1280
Height: 720
Fullscreen: false
Intro: false
Profiling: false
Single step:false
App Mode: DEVELOPER
Menu Key: ESCAPE
Stage Style: DECORATED
Scene Factory: class com.sunsofgod.PlatformerApp$1

15:59:37.676 [JavaFX Application Thread] DEBUG FXGLApplication      - Initializing FXGL
15:59:37.679 [JavaFX Application Thread] INFO  Engine               - FXGL-17.2 (20.08.2022 16.50) on WINDOWS (J:21.0.4 FX:17.0.12)
15:59:37.679 [JavaFX Application Thread] DEBUG Engine               - JRE Vendor Name: Eclipse Adoptium
15:59:37.679 [JavaFX Application Thread] DEBUG Engine               - Running on OS: Windows 11 version 10.0
15:59:37.680 [JavaFX Application Thread] DEBUG Engine               - Architecture: amd64
15:59:37.680 [JavaFX Application Thread] INFO  Engine               - Source code and latest versions at: https://github.com/AlmasB/FXGL
15:59:37.680 [JavaFX Application Thread] INFO  Engine               -       Ask questions and discuss at: https://github.com/AlmasB/FXGL/discussions
15:59:37.680 [JavaFX Application Thread] INFO  Engine               -              Join the FXGL chat at: https://gitter.im/AlmasB/FXGL
15:59:37.737 [JavaFX Application Thread] DEBUG PrimaryStageWindow   - Creating a JavaFX scene
15:59:37.766 [JavaFX Application Thread] DEBUG PrimaryStageWindow   - Target settings size: 1280.0 x 720.0
15:59:37.766 [JavaFX Application Thread] DEBUG PrimaryStageWindow   - Scaled scene size:    1280.0 x 720.0
15:59:37.766 [JavaFX Application Thread] DEBUG PrimaryStageWindow   - Scaled ratio: (1.0, 1.0)
15:59:37.767 [JavaFX Application Thread] DEBUG PrimaryStageWindow   - Set initial scene to FXGLStartupScene
15:59:37.771 [JavaFX Application Thread] DEBUG PrimaryStageWindow   - Opening main window
15:59:37.828 [JavaFX Application Thread] DEBUG PrimaryStageWindow   - Window border size: (16.0, 39.0)
15:59:37.828 [JavaFX Application Thread] DEBUG PrimaryStageWindow   - Scaled size: 1280.0 x 720.0
15:59:37.828 [JavaFX Application Thread] DEBUG PrimaryStageWindow   - Scaled ratio: (1.0, 1.0)
15:59:37.829 [JavaFX Application Thread] DEBUG PrimaryStageWindow   - Scene size: 1280.0 x 720.0
15:59:37.829 [JavaFX Application Thread] DEBUG PrimaryStageWindow   - Stage size: 1296.0 x 759.0
15:59:37.839 [FXGL Background Thread 1 ] DEBUG Engine               - Initializing environment variables
15:59:37.877 [FXGL Background Thread 1 ] DEBUG FXGLAssetLoaderServi - User app class for loading assets: class com.sunsofgod.PlatformerApp
15:59:37.877 [FXGL Background Thread 1 ] DEBUG GameApplicationServi - Applying CSS: fxgl_dark.css
15:59:37.878 [FXGL Background Thread 1 ] DEBUG FXGLAssetLoaderServi - Loading from file system: jar:file:///C:/Users/Balong/.m2/repository/com/github/almasb/fxgl/17.2/fxgl-17.2.jar!/fxglassets/ui/css/fxgl_dark.css
15:59:37.913 [FXGL Background Thread 1 ] DEBUG GameApplicationServi - Initializing application scenes
15:59:37.947 [FXGL Background Thread 1 ] WARN  FXGLAssetLoaderServi - Asset "/assets/textures/player.png" was not found!
15:59:37.948 [FXGL Background Thread 1 ] WARN  FXGLAssetLoaderServi - Failed to load IMAGE
15:59:37.964 [FXGL Background Thread 1 ] DEBUG GameWorld            - Game world initialized
15:59:38.008 [FXGL Background Thread 1 ] DEBUG PhysicsWorld         - Physics world initialized: appHeight=720, physics.ppm=50.0
15:59:38.008 [FXGL Background Thread 1 ] DEBUG PhysicsWorld         - Using strategy: BRUTE_FORCE
15:59:38.011 [FXGL Background Thread 1 ] DEBUG GameScene            - Game scene initialized: 1280x720
15:59:38.294 [FXGL Background Thread 1 ] DEBUG GameApplicationServi - Application scenes initialized
15:59:38.304 [FXGL Background Thread 1 ] DEBUG SystemBundleService  - Loading FXGL system data
15:59:38.307 [FXGL Background Thread 1 ] DEBUG FileSystemAccess     - Reading from: C:\Users\Balong\Desktop\JavaFXGame-3\system\fxgl.bundle
15:59:38.314 [FXGL Background Thread 1 ] DEBUG SystemBundleService  - Bundle FXGL: {}
15:59:38.314 [FXGL Background Thread 1 ] DEBUG UpdaterService       - Checking for updates
15:59:38.329 [FXGL Background Thread 4 ] DEBUG FXGLApplication      - Loading fonts
15:59:38.329 [FXGL Background Thread 1 ] DEBUG FXGLApplication      - Loading default localization
15:59:38.329 [FXGL Background Thread 4 ] DEBUG FXGLAssetLoaderServi - Loading from file system: jar:file:///C:/Users/Balong/.m2/repository/com/github/almasb/fxgl/17.2/fxgl-17.2.jar!/fxglassets/ui/fonts/VarelaRound-Regular.ttf
15:59:38.329 [FXGL Background Thread 1 ] DEBUG FXGLAssetLoaderServi - Loading from file system: jar:file:///C:/Users/Balong/.m2/repository/com/github/almasb/fxgl/17.2/fxgl-17.2.jar!/fxglassets/languages/english.lang
15:59:38.347 [FXGL Background Thread 1 ] INFO  FXGLApplication      - FXGL initialization took: 0.508 sec
15:59:38.347 [JavaFX Application Thread] DEBUG FXGLAssetLoaderServi - Loading from file system: jar:file:///C:/Users/Balong/.m2/repository/com/github/almasb/fxgl/17.2/fxgl-17.2.jar!/fxglassets/textures/fxgl_icon.png
15:59:38.359 [JavaFX Application Thread] DEBUG FXGLAssetLoaderServi - Loading from file system: jar:file:///C:/Users/Balong/.m2/repository/com/github/almasb/fxgl/17.2/fxgl-17.2.jar!/fxglassets/textures/fxgl_default_cursor.png
15:59:38.365 [FXGL Background Thread 4 ] DEBUG FXGLAssetLoaderServi - Loading from file system: jar:file:///C:/Users/Balong/.m2/repository/com/github/almasb/fxgl/17.2/fxgl-17.2.jar!/fxglassets/ui/fonts/Abel-Regular.ttf
15:59:38.367 [JavaFX Application Thread] DEBUG Input                - Registered new binding: Screenshot - CTRL+8
15:59:38.367 [JavaFX Application Thread] DEBUG Input                - Registered new binding: Dev Options - 1
15:59:38.367 [JavaFX Application Thread] DEBUG Input                - Registered new binding: Dev Console - 2
15:59:38.367 [JavaFX Application Thread] DEBUG Input                - Registered new binding: System info dump - CTRL+9
15:59:38.368 [JavaFX Application Thread] DEBUG Input                - Registered new binding: Restart - CTRL+R
15:59:38.368 [JavaFX Application Thread] DEBUG Input                - Registered new binding: Toggle Debug Camera - CTRL+7
15:59:38.370 [JavaFX Application Thread] DEBUG LoopRunner           - Starting loop
15:59:38.376 [FXGL Background Thread 4 ] DEBUG FXGLAssetLoaderServi - Loading from file system: jar:file:///C:/Users/Balong/.m2/repository/com/github/almasb/fxgl/17.2/fxgl-17.2.jar!/fxglassets/ui/fonts/TerminalLandMono-Regular.otf
15:59:38.382 [JavaFX Application Thread] DEBUG LoopRunner           - Initializing JavaFX AnimationTimerLoop
15:59:38.384 [JavaFX Application Thread] DEBUG Input                - Clearing active input actions
15:59:38.391 [FXGL Background Thread 4 ] DEBUG FXGLAssetLoaderServi - Loading from file system: jar:file:///C:/Users/Balong/.m2/repository/com/github/almasb/fxgl/17.2/fxgl-17.2.jar!/fxglassets/ui/fonts/Courier-Prime.ttf
15:59:38.394 [JavaFX Application Thread] DEBUG GameApplicationServi - Removing overlay from FXGLStartupScene and adding to FXGLMainMenuDummyScene
15:59:38.398 [JavaFX Application Thread] DEBUG PrimaryStageWindow   - FXGLStartupScene -> FXGLMainMenuDummyScene
15:59:38.398 [JavaFX Application Thread] DEBUG PrimaryStageWindow   - Push state: RiderMainMenuScene
15:59:38.398 [JavaFX Application Thread] DEBUG Input                - Clearing active input actions
15:59:38.402 [JavaFX Application Thread] DEBUG GameApplicationServi - Removing overlay from FXGLMainMenuDummyScene and adding to RiderMainMenuScene
15:59:38.403 [JavaFX Application Thread] DEBUG PrimaryStageWindow   - FXGLMainMenuDummyScene -> RiderMainMenuScene
15:59:38.530 [JavaFX Application Thread] DEBUG FXGLApplication      - Registering font factories with UI factory
15:59:38.653 [FXGL Background Thread 2 ] INFO  UpdaterService       - Your current version:  17.2
15:59:38.653 [FXGL Background Thread 2 ] INFO  UpdaterService       - Latest stable version: 21.1
15:59:41.328 [FXGL Background Thread 3 ] DEBUG Engine               - Logging environment variables
15:59:41.328 [FXGL Background Thread 3 ] DEBUG Engine               - achievements: []
15:59:41.328 [FXGL Background Thread 3 ] DEBUG Engine               - actualHeight: 720.0
15:59:41.328 [FXGL Background Thread 3 ] DEBUG Engine               - actualHeightProperty: ReadOnlyDoubleProperty [value: 720.0]
15:59:41.328 [FXGL Background Thread 3 ] DEBUG Engine               - actualWidth: 1280.0
15:59:41.328 [FXGL Background Thread 3 ] DEBUG Engine               - actualWidthProperty: ReadOnlyDoubleProperty [value: 1280.0]
15:59:41.329 [FXGL Background Thread 3 ] DEBUG Engine               - appIcon: fxgl_icon.png
15:59:41.329 [FXGL Background Thread 3 ] DEBUG Engine               - applicationMode: DEVELOPER
15:59:41.329 [FXGL Background Thread 3 ] DEBUG Engine               - cSSList: [fxgl_dark.css]
15:59:41.329 [FXGL Background Thread 3 ] DEBUG Engine               - collisionDetectionStrategy: BRUTE_FORCE
15:59:41.329 [FXGL Background Thread 3 ] DEBUG Engine               - configClass: Optional.empty
15:59:41.329 [FXGL Background Thread 3 ] DEBUG Engine               - credits: []
15:59:41.330 [FXGL Background Thread 3 ] DEBUG Engine               - defaultCursor: CursorInfo(imageName=fxgl_default_cursor.png, hotspotX=7.0, hotspotY=6.0)
15:59:41.330 [FXGL Background Thread 3 ] DEBUG Engine               - devBBoxColorProperty: ObjectProperty [value: 0xff0000ff]
15:59:41.330 [FXGL Background Thread 3 ] DEBUG Engine               - devEnableDebugCameraProperty: BooleanProperty [value: false]
15:59:41.330 [FXGL Background Thread 3 ] DEBUG Engine               - devSensorColorProperty: ObjectProperty [value: 0xffff00ff]
15:59:41.330 [FXGL Background Thread 3 ] DEBUG Engine               - devShowBBoxProperty: BooleanProperty [value: false]
15:59:41.330 [FXGL Background Thread 3 ] DEBUG Engine               - devShowPositionProperty: BooleanProperty [value: false]
15:59:41.330 [FXGL Background Thread 3 ] DEBUG Engine               - enabledMenuItems: []
15:59:41.330 [FXGL Background Thread 3 ] DEBUG Engine               - engineServices: [class com.almasb.fxgl.app.services.FXGLAssetLoaderService, class com.almasb.fxgl.app.FXGLApplication$GameApplicationService, class com.almasb.fxgl.app.services.FXGLDialogService, class com.almasb.fxgl.app.services.IOTaskExecutorService, class com.almasb.fxgl.io.FileSystemService, class com.almasb.fxgl.localization.LocalizationService, class com.almasb.fxgl.app.services.SystemBundleService, class com.almasb.fxgl.profile.SaveLoadService, class com.almasb.fxgl.ui.FXGLUIFactoryServiceProvider, class com.almasb.fxgl.ui.FXGLDialogFactoryServiceProvider, class com.almasb.fxgl.audio.AudioPlayer, class com.almasb.fxgl.notification.impl.NotificationServiceProvider, class com.almasb.fxgl.achievement.AchievementService, class com.almasb.fxgl.cutscene.CutsceneService, class com.almasb.fxgl.minigames.MiniGameService, class com.almasb.fxgl.net.NetService, class com.almasb.fxgl.app.services.UpdaterService, class com.almasb.fxgl.dev.DevService]
15:59:41.330 [FXGL Background Thread 3 ] DEBUG Engine               - fontGame: Abel-Regular.ttf
15:59:41.330 [FXGL Background Thread 3 ] DEBUG Engine               - fontMono: TerminalLandMono-Regular.otf
15:59:41.330 [FXGL Background Thread 3 ] DEBUG Engine               - fontText: Courier-Prime.ttf
15:59:41.331 [FXGL Background Thread 3 ] DEBUG Engine               - fontUI: VarelaRound-Regular.ttf
15:59:41.331 [FXGL Background Thread 3 ] DEBUG Engine               - fullScreen: BooleanProperty [value: false]
15:59:41.331 [FXGL Background Thread 3 ] DEBUG Engine               - gameDifficulty: MEDIUM
15:59:41.331 [FXGL Background Thread 3 ] DEBUG Engine               - gameDifficultyProperty: ObjectProperty [value: MEDIUM]
15:59:41.331 [FXGL Background Thread 3 ] DEBUG Engine               - globalMusicVolume: 0.5
15:59:41.331 [FXGL Background Thread 3 ] DEBUG Engine               - globalMusicVolumeProperty: DoubleProperty [value: 0.25]
15:59:41.331 [FXGL Background Thread 3 ] DEBUG Engine               - globalSoundVolume: 0.5
15:59:41.331 [FXGL Background Thread 3 ] DEBUG Engine               - globalSoundVolumeProperty: DoubleProperty [value: 0.5]
15:59:41.331 [FXGL Background Thread 3 ] DEBUG Engine               - height: 720
15:59:41.331 [FXGL Background Thread 3 ] DEBUG Engine               - is3D: false
15:59:41.331 [FXGL Background Thread 3 ] DEBUG Engine               - isAndroid: false
15:59:41.331 [FXGL Background Thread 3 ] DEBUG Engine               - isBrowser: false
15:59:41.331 [FXGL Background Thread 3 ] DEBUG Engine               - isClickFeedbackEnabled: false
15:59:41.331 [FXGL Background Thread 3 ] DEBUG Engine               - isCloseConfirmation: false
15:59:41.331 [FXGL Background Thread 3 ] DEBUG Engine               - isDesktop: true
15:59:41.331 [FXGL Background Thread 3 ] DEBUG Engine               - isDeveloperMenuEnabled: true
15:59:41.331 [FXGL Background Thread 3 ] DEBUG Engine               - isEmbedded: false
15:59:41.331 [FXGL Background Thread 3 ] DEBUG Engine               - isEntityPreloadEnabled: true
15:59:41.331 [FXGL Background Thread 3 ] DEBUG Engine               - isExperimentalTiledLargeMap: false
15:59:41.331 [FXGL Background Thread 3 ] DEBUG Engine               - isFileSystemWriteAllowed: true
15:59:41.331 [FXGL Background Thread 3 ] DEBUG Engine               - isFullScreenAllowed: false
15:59:41.332 [FXGL Background Thread 3 ] DEBUG Engine               - isFullScreenFromStart: false
15:59:41.332 [FXGL Background Thread 3 ] DEBUG Engine               - isGameMenuEnabled: true
15:59:41.332 [FXGL Background Thread 3 ] DEBUG Engine               - isIOS: false
15:59:41.332 [FXGL Background Thread 3 ] DEBUG Engine               - isIntroEnabled: false
15:59:41.332 [FXGL Background Thread 3 ] DEBUG Engine               - isLinux: false
15:59:41.332 [FXGL Background Thread 3 ] DEBUG Engine               - isMac: false
15:59:41.332 [FXGL Background Thread 3 ] DEBUG Engine               - isMainMenuEnabled: true
15:59:41.332 [FXGL Background Thread 3 ] DEBUG Engine               - isManualResizeEnabled: false
15:59:41.332 [FXGL Background Thread 3 ] DEBUG Engine               - isMobile: false
15:59:41.332 [FXGL Background Thread 3 ] DEBUG Engine               - isNative: false
15:59:41.332 [FXGL Background Thread 3 ] DEBUG Engine               - isPauseMusicWhenMinimized: true
15:59:41.332 [FXGL Background Thread 3 ] DEBUG Engine               - isPreserveResizeRatio: false
15:59:41.332 [FXGL Background Thread 3 ] DEBUG Engine               - isProfilingEnabled: false
15:59:41.332 [FXGL Background Thread 3 ] DEBUG Engine               - isScaleAffectedOnResize: true
15:59:41.332 [FXGL Background Thread 3 ] DEBUG Engine               - isSingleStep: false
15:59:41.332 [FXGL Background Thread 3 ] DEBUG Engine               - isUserProfileEnabled: false
15:59:41.332 [FXGL Background Thread 3 ] DEBUG Engine               - isWindows: true
15:59:41.332 [FXGL Background Thread 3 ] DEBUG Engine               - language: ObjectProperty [value: ENGLISH]
15:59:41.332 [FXGL Background Thread 3 ] DEBUG Engine               - menuKey: ESCAPE
15:59:41.332 [FXGL Background Thread 3 ] DEBUG Engine               - mouseSensitivity: 0.2
15:59:41.332 [FXGL Background Thread 3 ] DEBUG Engine               - notificationViewClass: class com.almasb.fxgl.notification.view.XboxNotificationView
15:59:41.332 [FXGL Background Thread 3 ] DEBUG Engine               - pixelsPerMeter: 50.0
15:59:41.332 [FXGL Background Thread 3 ] DEBUG Engine               - platform: WINDOWS
15:59:41.332 [FXGL Background Thread 3 ] DEBUG Engine               - prefHeightProperty: ReadOnlyDoubleProperty [value: 720.0]
15:59:41.333 [FXGL Background Thread 3 ] DEBUG Engine               - prefWidthProperty: ReadOnlyDoubleProperty [value: 1280.0]
15:59:41.333 [FXGL Background Thread 3 ] DEBUG Engine               - profileDir: profiles/
15:59:41.333 [FXGL Background Thread 3 ] DEBUG Engine               - profileName: StringProperty [value: DEFAULT]
15:59:41.333 [FXGL Background Thread 3 ] DEBUG Engine               - randomSeed: -1
15:59:41.333 [FXGL Background Thread 3 ] DEBUG Engine               - runtimeInfo: RuntimeInfo(platform=WINDOWS, version=17.2, build=20.08.2022 16.50)
15:59:41.333 [FXGL Background Thread 3 ] DEBUG Engine               - saveFileExt: sav
15:59:41.333 [FXGL Background Thread 3 ] DEBUG Engine               - scaledHeightProp$fxgl: DoubleProperty [bound, value: 720.0]
15:59:41.333 [FXGL Background Thread 3 ] DEBUG Engine               - scaledWidthProp$fxgl: DoubleProperty [bound, value: 1280.0]
15:59:41.333 [FXGL Background Thread 3 ] DEBUG Engine               - sceneFactory: com.sunsofgod.PlatformerApp$1@2d8d6417
15:59:41.333 [FXGL Background Thread 3 ] DEBUG Engine               - secondsIn24h: 60
15:59:41.333 [FXGL Background Thread 3 ] DEBUG Engine               - soundMenuBack: menu/back.wav
15:59:41.333 [FXGL Background Thread 3 ] DEBUG Engine               - soundMenuPress: menu/press.wav
15:59:41.333 [FXGL Background Thread 3 ] DEBUG Engine               - soundMenuSelect: menu/select.wav
15:59:41.333 [FXGL Background Thread 3 ] DEBUG Engine               - soundNotification: core/notification.wav
15:59:41.333 [FXGL Background Thread 3 ] DEBUG Engine               - stageStyle: DECORATED
15:59:41.333 [FXGL Background Thread 3 ] DEBUG Engine               - supportedLanguages: [ENGLISH, FRENCH, GERMAN, HUNGARIAN, RUSSIAN]
15:59:41.333 [FXGL Background Thread 3 ] DEBUG Engine               - ticksPerSecond: -1
15:59:41.334 [FXGL Background Thread 3 ] DEBUG Engine               - title: Untitled
15:59:41.334 [FXGL Background Thread 3 ] DEBUG Engine               - urlGithub: https://github.com/AlmasB/FXGL
15:59:41.334 [FXGL Background Thread 3 ] DEBUG Engine               - urlLeaderboard: http://fxgl-top.herokuapp.com/
15:59:41.334 [FXGL Background Thread 3 ] DEBUG Engine               - urlPOM: https://raw.githubusercontent.com/AlmasB/FXGL/release/README.md
15:59:41.334 [FXGL Background Thread 3 ] DEBUG Engine               - userAppClass: class com.sunsofgod.PlatformerApp
15:59:41.334 [FXGL Background Thread 3 ] DEBUG Engine               - version: 0.0
15:59:41.334 [FXGL Background Thread 3 ] DEBUG Engine               - versionCheckDays: 7
15:59:41.334 [FXGL Background Thread 3 ] DEBUG Engine               - width: 1280
15:59:41.334 [FXGL Background Thread 3 ] DEBUG Engine               - Logging services
15:59:41.334 [FXGL Background Thread 3 ] DEBUG Engine               - class com.almasb.fxgl.app.services.FXGLAssetLoaderService
15:59:41.334 [FXGL Background Thread 3 ] DEBUG Engine               - class com.almasb.fxgl.app.FXGLApplication$GameApplicationService
15:59:41.334 [FXGL Background Thread 3 ] DEBUG Engine               - class com.almasb.fxgl.app.services.FXGLDialogService
15:59:41.334 [FXGL Background Thread 3 ] DEBUG Engine               - class com.almasb.fxgl.app.services.IOTaskExecutorService
15:59:41.334 [FXGL Background Thread 3 ] DEBUG Engine               - class com.almasb.fxgl.io.FileSystemService
15:59:41.334 [FXGL Background Thread 3 ] DEBUG Engine               - class com.almasb.fxgl.localization.LocalizationService
15:59:41.334 [FXGL Background Thread 3 ] DEBUG Engine               - class com.almasb.fxgl.app.services.SystemBundleService
15:59:41.334 [FXGL Background Thread 3 ] DEBUG Engine               - class com.almasb.fxgl.profile.SaveLoadService
15:59:41.334 [FXGL Background Thread 3 ] DEBUG Engine               - class com.almasb.fxgl.ui.FXGLUIFactoryServiceProvider
15:59:41.334 [FXGL Background Thread 3 ] DEBUG Engine               - class com.almasb.fxgl.ui.FXGLDialogFactoryServiceProvider
15:59:41.334 [FXGL Background Thread 3 ] DEBUG Engine               - class com.almasb.fxgl.audio.AudioPlayer
15:59:41.334 [FXGL Background Thread 3 ] DEBUG Engine               - class com.almasb.fxgl.notification.impl.NotificationServiceProvider
15:59:41.334 [FXGL Background Thread 3 ] DEBUG Engine               - class com.almasb.fxgl.achievement.AchievementService
15:59:41.334 [FXGL Background Thread 3 ] DEBUG Engine               - class com.almasb.fxgl.cutscene.CutsceneService
15:59:41.335 [FXGL Background Thread 3 ] DEBUG Engine               - class com.almasb.fxgl.minigames.MiniGameService
15:59:41.335 [FXGL Background Thread 3 ] DEBUG Engine               - class com.almasb.fxgl.net.NetService
15:59:41.335 [FXGL Background Thread 3 ] DEBUG Engine               - class com.almasb.fxgl.app.services.UpdaterService
15:59:41.335 [FXGL Background Thread 3 ] DEBUG Engine               - class com.almasb.fxgl.dev.DevService
16:00:00.537 [JavaFX Application Thread] DEBUG FXGLApplication      - Exiting FXGL
16:00:00.537 [JavaFX Application Thread] DEBUG LoopRunner           - Stopping loop
16:00:00.537 [JavaFX Application Thread] DEBUG SystemBundleService  - Saving FXGL system data
16:00:00.539 [JavaFX Application Thread] DEBUG FileSystemAccess     - Writing to: C:\Users\Balong\Desktop\JavaFXGame-3\system\fxgl.bundle
16:00:00.540 [JavaFX Application Thread] DEBUG Async                - Shutting down background threads
16:00:00.540 [JavaFX Application Thread] DEBUG PrimaryStageWindow   - Closing main window
16:00:00.548 [JavaFX Application Thread] DEBUG Logger               - Closing Logger
