14:49:15.518 [main                     ] DEBUG Logger               - Configured Logger
14:49:15.535 [main                     ] DEBUG GameApplication      - Logging settings
Title: Untitled
Version: 0.0
Width: 1280
Height: 720
Fullscreen: false
Intro: false
Profiling: false
Single step:false
App Mode: DEVELOPER
Menu Key: ESCAPE
Stage Style: DECORATED
Scene Factory: class com.sunsofgod.PlatformerApp$1

14:49:15.733 [JavaFX Application Thread] DEBUG FXGLApplication      - Initializing FXGL
14:49:15.736 [JavaFX Application Thread] INFO  Engine               - FXGL-17.2 (20.08.2022 16.50) on MAC (J:17.0.2 FX:17.0.12)
14:49:15.736 [JavaFX Application Thread] DEBUG Engine               - JRE Vendor Name: Oracle Corporation
14:49:15.736 [JavaFX Application Thread] DEBUG Engine               - Running on OS: Mac OS X version 15.1
14:49:15.737 [JavaFX Application Thread] DEBUG Engine               - Architecture: aarch64
14:49:15.737 [JavaFX Application Thread] INFO  Engine               - Source code and latest versions at: https://github.com/AlmasB/FXGL
14:49:15.737 [JavaFX Application Thread] INFO  Engine               -       Ask questions and discuss at: https://github.com/AlmasB/FXGL/discussions
14:49:15.737 [JavaFX Application Thread] INFO  Engine               -              Join the FXGL chat at: https://gitter.im/AlmasB/FXGL
14:49:15.776 [JavaFX Application Thread] DEBUG PrimaryStageWindow   - Creating a JavaFX scene
14:49:15.795 [JavaFX Application Thread] DEBUG PrimaryStageWindow   - Target settings size: 1280.0 x 720.0
14:49:15.795 [JavaFX Application Thread] DEBUG PrimaryStageWindow   - Scaled scene size:    1280.0 x 720.0
14:49:15.795 [JavaFX Application Thread] DEBUG PrimaryStageWindow   - Scaled ratio: (1.0, 1.0)
14:49:15.796 [JavaFX Application Thread] DEBUG PrimaryStageWindow   - Set initial scene to FXGLStartupScene
14:49:15.798 [JavaFX Application Thread] DEBUG PrimaryStageWindow   - Opening main window
14:49:15.854 [JavaFX Application Thread] DEBUG PrimaryStageWindow   - Window border size: (0.0, 28.0)
14:49:15.854 [JavaFX Application Thread] DEBUG PrimaryStageWindow   - Scaled size: 1280.0 x 720.0
14:49:15.854 [JavaFX Application Thread] DEBUG PrimaryStageWindow   - Scaled ratio: (1.0, 1.0)
14:49:15.854 [JavaFX Application Thread] DEBUG PrimaryStageWindow   - Scene size: 1280.0 x 720.0
14:49:15.854 [JavaFX Application Thread] DEBUG PrimaryStageWindow   - Stage size: 1280.0 x 748.0
14:49:15.859 [FXGL Background Thread 1 ] DEBUG Engine               - Initializing environment variables
14:49:15.879 [FXGL Background Thread 1 ] DEBUG FXGLAssetLoaderServi - User app class for loading assets: class com.sunsofgod.PlatformerApp
14:49:15.879 [FXGL Background Thread 1 ] DEBUG GameApplicationServi - Applying CSS: fxgl_dark.css
14:49:15.879 [FXGL Background Thread 1 ] DEBUG FXGLAssetLoaderServi - Loading from file system: jar:file:///Users/aaron/.m2/repository/com/github/almasb/fxgl/17.2/fxgl-17.2.jar!/fxglassets/ui/css/fxgl_dark.css
14:49:15.908 [FXGL Background Thread 1 ] DEBUG GameApplicationServi - Initializing application scenes
14:49:16.027 [FXGL Background Thread 1 ] WARN  FXGLAssetLoaderServi - Asset "/assets/textures/player.png" was not found!
14:49:16.027 [FXGL Background Thread 1 ] WARN  FXGLAssetLoaderServi - Failed to load IMAGE
14:49:16.064 [FXGL Background Thread 1 ] DEBUG GameWorld            - Game world initialized
14:49:16.094 [FXGL Background Thread 1 ] DEBUG PhysicsWorld         - Physics world initialized: appHeight=720, physics.ppm=50.0
14:49:16.094 [FXGL Background Thread 1 ] DEBUG PhysicsWorld         - Using strategy: BRUTE_FORCE
14:49:16.096 [FXGL Background Thread 1 ] DEBUG GameScene            - Game scene initialized: 1280x720
14:49:16.334 [FXGL Background Thread 1 ] DEBUG GameApplicationServi - Application scenes initialized
14:49:16.342 [FXGL Background Thread 1 ] DEBUG SystemBundleService  - Loading FXGL system data
14:49:16.344 [FXGL Background Thread 1 ] DEBUG FileSystemAccess     - Reading from: /Users/aaron/JavaFXGame/system/fxgl.bundle
14:49:16.347 [FXGL Background Thread 1 ] DEBUG SystemBundleService  - Bundle FXGL: {}
14:49:16.347 [FXGL Background Thread 1 ] DEBUG UpdaterService       - Checking for updates
14:49:16.357 [FXGL Background Thread 4 ] DEBUG FXGLApplication      - Loading fonts
14:49:16.357 [FXGL Background Thread 1 ] DEBUG FXGLApplication      - Loading default localization
14:49:16.357 [FXGL Background Thread 4 ] DEBUG FXGLAssetLoaderServi - Loading from file system: jar:file:///Users/aaron/.m2/repository/com/github/almasb/fxgl/17.2/fxgl-17.2.jar!/fxglassets/ui/fonts/VarelaRound-Regular.ttf
14:49:16.358 [FXGL Background Thread 1 ] DEBUG FXGLAssetLoaderServi - Loading from file system: jar:file:///Users/aaron/.m2/repository/com/github/almasb/fxgl/17.2/fxgl-17.2.jar!/fxglassets/languages/english.lang
14:49:16.363 [FXGL Background Thread 4 ] DEBUG FXGLAssetLoaderServi - Loading from file system: jar:file:///Users/aaron/.m2/repository/com/github/almasb/fxgl/17.2/fxgl-17.2.jar!/fxglassets/ui/fonts/Abel-Regular.ttf
14:49:16.365 [FXGL Background Thread 4 ] DEBUG FXGLAssetLoaderServi - Loading from file system: jar:file:///Users/aaron/.m2/repository/com/github/almasb/fxgl/17.2/fxgl-17.2.jar!/fxglassets/ui/fonts/TerminalLandMono-Regular.otf
14:49:16.371 [FXGL Background Thread 1 ] INFO  FXGLApplication      - FXGL initialization took: 0.511 sec
14:49:16.371 [FXGL Background Thread 4 ] DEBUG FXGLAssetLoaderServi - Loading from file system: jar:file:///Users/aaron/.m2/repository/com/github/almasb/fxgl/17.2/fxgl-17.2.jar!/fxglassets/ui/fonts/Courier-Prime.ttf
14:49:16.372 [JavaFX Application Thread] DEBUG FXGLAssetLoaderServi - Loading from file system: jar:file:///Users/aaron/.m2/repository/com/github/almasb/fxgl/17.2/fxgl-17.2.jar!/fxglassets/textures/fxgl_icon.png
14:49:16.386 [JavaFX Application Thread] DEBUG FXGLAssetLoaderServi - Loading from file system: jar:file:///Users/aaron/.m2/repository/com/github/almasb/fxgl/17.2/fxgl-17.2.jar!/fxglassets/textures/fxgl_default_cursor.png
14:49:16.391 [JavaFX Application Thread] DEBUG Input                - Registered new binding: Screenshot - CTRL+8
14:49:16.391 [JavaFX Application Thread] DEBUG Input                - Registered new binding: Dev Options - 1
14:49:16.391 [JavaFX Application Thread] DEBUG Input                - Registered new binding: Dev Console - 2
14:49:16.391 [JavaFX Application Thread] DEBUG Input                - Registered new binding: System info dump - CTRL+9
14:49:16.391 [JavaFX Application Thread] DEBUG Input                - Registered new binding: Restart - CTRL+R
14:49:16.391 [JavaFX Application Thread] DEBUG Input                - Registered new binding: Toggle Debug Camera - CTRL+7
14:49:16.392 [JavaFX Application Thread] DEBUG LoopRunner           - Starting loop
14:49:16.397 [JavaFX Application Thread] DEBUG LoopRunner           - Initializing JavaFX AnimationTimerLoop
14:49:16.398 [JavaFX Application Thread] DEBUG Input                - Clearing active input actions
14:49:16.401 [JavaFX Application Thread] DEBUG GameApplicationServi - Removing overlay from FXGLStartupScene and adding to FXGLMainMenuDummyScene
14:49:16.403 [JavaFX Application Thread] DEBUG PrimaryStageWindow   - FXGLStartupScene -> FXGLMainMenuDummyScene
14:49:16.403 [JavaFX Application Thread] DEBUG PrimaryStageWindow   - Push state: RiderMainMenuScene
14:49:16.403 [JavaFX Application Thread] DEBUG Input                - Clearing active input actions
14:49:16.405 [JavaFX Application Thread] DEBUG GameApplicationServi - Removing overlay from FXGLMainMenuDummyScene and adding to RiderMainMenuScene
14:49:16.405 [JavaFX Application Thread] DEBUG PrimaryStageWindow   - FXGLMainMenuDummyScene -> RiderMainMenuScene
14:49:16.408 [JavaFX Application Thread] DEBUG FXGLApplication      - Registering font factories with UI factory
14:49:16.604 [FXGL Background Thread 2 ] INFO  UpdaterService       - Your current version:  17.2
14:49:16.605 [FXGL Background Thread 2 ] INFO  UpdaterService       - Latest stable version: 21.1
14:49:17.472 [JavaFX Application Thread] DEBUG PrimaryStageWindow   - Push state: PlayerSelectScene
14:49:17.472 [JavaFX Application Thread] DEBUG Input                - Clearing active input actions
14:49:17.472 [JavaFX Application Thread] DEBUG GameApplicationServi - Removing overlay from RiderMainMenuScene and adding to PlayerSelectScene
14:49:17.473 [JavaFX Application Thread] DEBUG PrimaryStageWindow   - RiderMainMenuScene -> PlayerSelectScene
14:49:18.918 [JavaFX Application Thread] DEBUG PrimaryStageWindow   - Push state: LevelSelectScene
14:49:18.918 [JavaFX Application Thread] DEBUG Input                - Clearing active input actions
14:49:18.920 [JavaFX Application Thread] DEBUG GameApplicationServi - Removing overlay from PlayerSelectScene and adding to LevelSelectScene
14:49:18.921 [JavaFX Application Thread] DEBUG PrimaryStageWindow   - PlayerSelectScene -> LevelSelectScene
14:49:19.359 [FXGL Background Thread 3 ] DEBUG Engine               - Logging environment variables
14:49:19.360 [FXGL Background Thread 3 ] DEBUG Engine               - achievements: []
14:49:19.360 [FXGL Background Thread 3 ] DEBUG Engine               - actualHeight: 720.0
14:49:19.360 [FXGL Background Thread 3 ] DEBUG Engine               - actualHeightProperty: ReadOnlyDoubleProperty [value: 720.0]
14:49:19.360 [FXGL Background Thread 3 ] DEBUG Engine               - actualWidth: 1280.0
14:49:19.360 [FXGL Background Thread 3 ] DEBUG Engine               - actualWidthProperty: ReadOnlyDoubleProperty [value: 1280.0]
14:49:19.360 [FXGL Background Thread 3 ] DEBUG Engine               - appIcon: fxgl_icon.png
14:49:19.360 [FXGL Background Thread 3 ] DEBUG Engine               - applicationMode: DEVELOPER
14:49:19.360 [FXGL Background Thread 3 ] DEBUG Engine               - cSSList: [fxgl_dark.css]
14:49:19.360 [FXGL Background Thread 3 ] DEBUG Engine               - collisionDetectionStrategy: BRUTE_FORCE
14:49:19.360 [FXGL Background Thread 3 ] DEBUG Engine               - configClass: Optional.empty
14:49:19.361 [FXGL Background Thread 3 ] DEBUG Engine               - credits: []
14:49:19.362 [FXGL Background Thread 3 ] DEBUG Engine               - defaultCursor: CursorInfo(imageName=fxgl_default_cursor.png, hotspotX=7.0, hotspotY=6.0)
14:49:19.362 [FXGL Background Thread 3 ] DEBUG Engine               - devBBoxColorProperty: ObjectProperty [value: 0xff0000ff]
14:49:19.362 [FXGL Background Thread 3 ] DEBUG Engine               - devEnableDebugCameraProperty: BooleanProperty [value: false]
14:49:19.362 [FXGL Background Thread 3 ] DEBUG Engine               - devSensorColorProperty: ObjectProperty [value: 0xffff00ff]
14:49:19.362 [FXGL Background Thread 3 ] DEBUG Engine               - devShowBBoxProperty: BooleanProperty [value: false]
14:49:19.362 [FXGL Background Thread 3 ] DEBUG Engine               - devShowPositionProperty: BooleanProperty [value: false]
14:49:19.362 [FXGL Background Thread 3 ] DEBUG Engine               - enabledMenuItems: []
14:49:19.363 [FXGL Background Thread 3 ] DEBUG Engine               - engineServices: [class com.almasb.fxgl.app.services.FXGLAssetLoaderService, class com.almasb.fxgl.app.FXGLApplication$GameApplicationService, class com.almasb.fxgl.app.services.FXGLDialogService, class com.almasb.fxgl.app.services.IOTaskExecutorService, class com.almasb.fxgl.io.FileSystemService, class com.almasb.fxgl.localization.LocalizationService, class com.almasb.fxgl.app.services.SystemBundleService, class com.almasb.fxgl.profile.SaveLoadService, class com.almasb.fxgl.ui.FXGLUIFactoryServiceProvider, class com.almasb.fxgl.ui.FXGLDialogFactoryServiceProvider, class com.almasb.fxgl.audio.AudioPlayer, class com.almasb.fxgl.notification.impl.NotificationServiceProvider, class com.almasb.fxgl.achievement.AchievementService, class com.almasb.fxgl.cutscene.CutsceneService, class com.almasb.fxgl.minigames.MiniGameService, class com.almasb.fxgl.net.NetService, class com.almasb.fxgl.app.services.UpdaterService, class com.almasb.fxgl.dev.DevService]
14:49:19.363 [FXGL Background Thread 3 ] DEBUG Engine               - fontGame: Abel-Regular.ttf
14:49:19.363 [FXGL Background Thread 3 ] DEBUG Engine               - fontMono: TerminalLandMono-Regular.otf
14:49:19.363 [FXGL Background Thread 3 ] DEBUG Engine               - fontText: Courier-Prime.ttf
14:49:19.363 [FXGL Background Thread 3 ] DEBUG Engine               - fontUI: VarelaRound-Regular.ttf
14:49:19.363 [FXGL Background Thread 3 ] DEBUG Engine               - fullScreen: BooleanProperty [value: false]
14:49:19.363 [FXGL Background Thread 3 ] DEBUG Engine               - gameDifficulty: MEDIUM
14:49:19.363 [FXGL Background Thread 3 ] DEBUG Engine               - gameDifficultyProperty: ObjectProperty [value: MEDIUM]
14:49:19.364 [FXGL Background Thread 3 ] DEBUG Engine               - globalMusicVolume: 0.5
14:49:19.364 [FXGL Background Thread 3 ] DEBUG Engine               - globalMusicVolumeProperty: DoubleProperty [value: 0.25]
14:49:19.364 [FXGL Background Thread 3 ] DEBUG Engine               - globalSoundVolume: 0.5
14:49:19.364 [FXGL Background Thread 3 ] DEBUG Engine               - globalSoundVolumeProperty: DoubleProperty [value: 0.5]
14:49:19.364 [FXGL Background Thread 3 ] DEBUG Engine               - height: 720
14:49:19.364 [FXGL Background Thread 3 ] DEBUG Engine               - is3D: false
14:49:19.364 [FXGL Background Thread 3 ] DEBUG Engine               - isAndroid: false
14:49:19.365 [FXGL Background Thread 3 ] DEBUG Engine               - isBrowser: false
14:49:19.365 [FXGL Background Thread 3 ] DEBUG Engine               - isClickFeedbackEnabled: false
14:49:19.365 [FXGL Background Thread 3 ] DEBUG Engine               - isCloseConfirmation: false
14:49:19.365 [FXGL Background Thread 3 ] DEBUG Engine               - isDesktop: true
14:49:19.365 [FXGL Background Thread 3 ] DEBUG Engine               - isDeveloperMenuEnabled: true
14:49:19.365 [FXGL Background Thread 3 ] DEBUG Engine               - isEmbedded: false
14:49:19.365 [FXGL Background Thread 3 ] DEBUG Engine               - isEntityPreloadEnabled: true
14:49:19.365 [FXGL Background Thread 3 ] DEBUG Engine               - isExperimentalTiledLargeMap: false
14:49:19.365 [FXGL Background Thread 3 ] DEBUG Engine               - isFileSystemWriteAllowed: true
14:49:19.365 [FXGL Background Thread 3 ] DEBUG Engine               - isFullScreenAllowed: false
14:49:19.366 [FXGL Background Thread 3 ] DEBUG Engine               - isFullScreenFromStart: false
14:49:19.366 [FXGL Background Thread 3 ] DEBUG Engine               - isGameMenuEnabled: true
14:49:19.366 [FXGL Background Thread 3 ] DEBUG Engine               - isIOS: false
14:49:19.366 [FXGL Background Thread 3 ] DEBUG Engine               - isIntroEnabled: false
14:49:19.366 [FXGL Background Thread 3 ] DEBUG Engine               - isLinux: false
14:49:19.366 [FXGL Background Thread 3 ] DEBUG Engine               - isMac: true
14:49:19.366 [FXGL Background Thread 3 ] DEBUG Engine               - isMainMenuEnabled: true
14:49:19.366 [FXGL Background Thread 3 ] DEBUG Engine               - isManualResizeEnabled: false
14:49:19.366 [FXGL Background Thread 3 ] DEBUG Engine               - isMobile: false
14:49:19.366 [FXGL Background Thread 3 ] DEBUG Engine               - isNative: false
14:49:19.366 [FXGL Background Thread 3 ] DEBUG Engine               - isPauseMusicWhenMinimized: true
14:49:19.366 [FXGL Background Thread 3 ] DEBUG Engine               - isPreserveResizeRatio: false
14:49:19.366 [FXGL Background Thread 3 ] DEBUG Engine               - isProfilingEnabled: false
14:49:19.367 [FXGL Background Thread 3 ] DEBUG Engine               - isScaleAffectedOnResize: true
14:49:19.367 [FXGL Background Thread 3 ] DEBUG Engine               - isSingleStep: false
14:49:19.367 [FXGL Background Thread 3 ] DEBUG Engine               - isUserProfileEnabled: false
14:49:19.368 [FXGL Background Thread 3 ] DEBUG Engine               - isWindows: false
14:49:19.368 [FXGL Background Thread 3 ] DEBUG Engine               - language: ObjectProperty [value: ENGLISH]
14:49:19.368 [FXGL Background Thread 3 ] DEBUG Engine               - menuKey: ESCAPE
14:49:19.368 [FXGL Background Thread 3 ] DEBUG Engine               - mouseSensitivity: 0.2
14:49:19.368 [FXGL Background Thread 3 ] DEBUG Engine               - notificationViewClass: class com.almasb.fxgl.notification.view.XboxNotificationView
14:49:19.368 [FXGL Background Thread 3 ] DEBUG Engine               - pixelsPerMeter: 50.0
14:49:19.368 [FXGL Background Thread 3 ] DEBUG Engine               - platform: MAC
14:49:19.368 [FXGL Background Thread 3 ] DEBUG Engine               - prefHeightProperty: ReadOnlyDoubleProperty [value: 720.0]
14:49:19.368 [FXGL Background Thread 3 ] DEBUG Engine               - prefWidthProperty: ReadOnlyDoubleProperty [value: 1280.0]
14:49:19.368 [FXGL Background Thread 3 ] DEBUG Engine               - profileDir: profiles/
14:49:19.368 [FXGL Background Thread 3 ] DEBUG Engine               - profileName: StringProperty [value: DEFAULT]
14:49:19.368 [FXGL Background Thread 3 ] DEBUG Engine               - randomSeed: -1
14:49:19.369 [FXGL Background Thread 3 ] DEBUG Engine               - runtimeInfo: RuntimeInfo(platform=MAC, version=17.2, build=20.08.2022 16.50)
14:49:19.370 [FXGL Background Thread 3 ] DEBUG Engine               - saveFileExt: sav
14:49:19.370 [FXGL Background Thread 3 ] DEBUG Engine               - scaledHeightProp$fxgl: DoubleProperty [bound, value: 720.0]
14:49:19.370 [FXGL Background Thread 3 ] DEBUG Engine               - scaledWidthProp$fxgl: DoubleProperty [bound, value: 1280.0]
14:49:19.370 [FXGL Background Thread 3 ] DEBUG Engine               - sceneFactory: com.sunsofgod.PlatformerApp$1@1b9b56ca
14:49:19.370 [FXGL Background Thread 3 ] DEBUG Engine               - secondsIn24h: 60
14:49:19.370 [FXGL Background Thread 3 ] DEBUG Engine               - soundMenuBack: menu/back.wav
14:49:19.370 [FXGL Background Thread 3 ] DEBUG Engine               - soundMenuPress: menu/press.wav
14:49:19.370 [FXGL Background Thread 3 ] DEBUG Engine               - soundMenuSelect: menu/select.wav
14:49:19.370 [FXGL Background Thread 3 ] DEBUG Engine               - soundNotification: core/notification.wav
14:49:19.370 [FXGL Background Thread 3 ] DEBUG Engine               - stageStyle: DECORATED
14:49:19.370 [FXGL Background Thread 3 ] DEBUG Engine               - supportedLanguages: [ENGLISH, FRENCH, GERMAN, HUNGARIAN, RUSSIAN]
14:49:19.371 [FXGL Background Thread 3 ] DEBUG Engine               - ticksPerSecond: -1
14:49:19.371 [FXGL Background Thread 3 ] DEBUG Engine               - title: Untitled
14:49:19.371 [FXGL Background Thread 3 ] DEBUG Engine               - urlGithub: https://github.com/AlmasB/FXGL
14:49:19.371 [FXGL Background Thread 3 ] DEBUG Engine               - urlLeaderboard: http://fxgl-top.herokuapp.com/
14:49:19.371 [FXGL Background Thread 3 ] DEBUG Engine               - urlPOM: https://raw.githubusercontent.com/AlmasB/FXGL/release/README.md
14:49:19.371 [FXGL Background Thread 3 ] DEBUG Engine               - userAppClass: class com.sunsofgod.PlatformerApp
14:49:19.371 [FXGL Background Thread 3 ] DEBUG Engine               - version: 0.0
14:49:19.371 [FXGL Background Thread 3 ] DEBUG Engine               - versionCheckDays: 7
14:49:19.371 [FXGL Background Thread 3 ] DEBUG Engine               - width: 1280
14:49:19.371 [FXGL Background Thread 3 ] DEBUG Engine               - Logging services
14:49:19.371 [FXGL Background Thread 3 ] DEBUG Engine               - class com.almasb.fxgl.app.services.FXGLAssetLoaderService
14:49:19.371 [FXGL Background Thread 3 ] DEBUG Engine               - class com.almasb.fxgl.app.FXGLApplication$GameApplicationService
14:49:19.371 [FXGL Background Thread 3 ] DEBUG Engine               - class com.almasb.fxgl.app.services.FXGLDialogService
14:49:19.371 [FXGL Background Thread 3 ] DEBUG Engine               - class com.almasb.fxgl.app.services.IOTaskExecutorService
14:49:19.371 [FXGL Background Thread 3 ] DEBUG Engine               - class com.almasb.fxgl.io.FileSystemService
14:49:19.371 [FXGL Background Thread 3 ] DEBUG Engine               - class com.almasb.fxgl.localization.LocalizationService
14:49:19.371 [FXGL Background Thread 3 ] DEBUG Engine               - class com.almasb.fxgl.app.services.SystemBundleService
14:49:19.371 [FXGL Background Thread 3 ] DEBUG Engine               - class com.almasb.fxgl.profile.SaveLoadService
14:49:19.371 [FXGL Background Thread 3 ] DEBUG Engine               - class com.almasb.fxgl.ui.FXGLUIFactoryServiceProvider
14:49:19.372 [FXGL Background Thread 3 ] DEBUG Engine               - class com.almasb.fxgl.ui.FXGLDialogFactoryServiceProvider
14:49:19.372 [FXGL Background Thread 3 ] DEBUG Engine               - class com.almasb.fxgl.audio.AudioPlayer
14:49:19.372 [FXGL Background Thread 3 ] DEBUG Engine               - class com.almasb.fxgl.notification.impl.NotificationServiceProvider
14:49:19.372 [FXGL Background Thread 3 ] DEBUG Engine               - class com.almasb.fxgl.achievement.AchievementService
14:49:19.372 [FXGL Background Thread 3 ] DEBUG Engine               - class com.almasb.fxgl.cutscene.CutsceneService
14:49:19.372 [FXGL Background Thread 3 ] DEBUG Engine               - class com.almasb.fxgl.minigames.MiniGameService
14:49:19.372 [FXGL Background Thread 3 ] DEBUG Engine               - class com.almasb.fxgl.net.NetService
14:49:19.372 [FXGL Background Thread 3 ] DEBUG Engine               - class com.almasb.fxgl.app.services.UpdaterService
14:49:19.372 [FXGL Background Thread 3 ] DEBUG Engine               - class com.almasb.fxgl.dev.DevService
14:49:19.872 [JavaFX Application Thread] DEBUG Menu                 - fireNewGame()
14:49:19.873 [JavaFX Application Thread] DEBUG GameApplicationServi - Starting new game
14:49:19.873 [JavaFX Application Thread] DEBUG PrimaryStageWindow   - Pop state: LevelSelectScene
14:49:19.873 [JavaFX Application Thread] DEBUG Input                - Clearing active input actions
14:49:19.874 [JavaFX Application Thread] DEBUG GameApplicationServi - Removing overlay from LevelSelectScene and adding to PlayerSelectScene
14:49:19.875 [JavaFX Application Thread] DEBUG PrimaryStageWindow   - PlayerSelectScene <- LevelSelectScene
14:49:19.875 [JavaFX Application Thread] DEBUG PrimaryStageWindow   - Pop state: PlayerSelectScene
14:49:19.875 [JavaFX Application Thread] DEBUG Input                - Clearing active input actions
14:49:19.875 [JavaFX Application Thread] DEBUG GameApplicationServi - Removing overlay from PlayerSelectScene and adding to RiderMainMenuScene
14:49:19.875 [JavaFX Application Thread] DEBUG PrimaryStageWindow   - RiderMainMenuScene <- PlayerSelectScene
14:49:19.875 [JavaFX Application Thread] DEBUG PrimaryStageWindow   - Pop state: RiderMainMenuScene
14:49:19.875 [JavaFX Application Thread] DEBUG Input                - Clearing active input actions
14:49:19.875 [JavaFX Application Thread] DEBUG GameApplicationServi - Removing overlay from RiderMainMenuScene and adding to FXGLMainMenuDummyScene
14:49:19.876 [JavaFX Application Thread] DEBUG PrimaryStageWindow   - FXGLMainMenuDummyScene <- RiderMainMenuScene
14:49:19.876 [JavaFX Application Thread] DEBUG Input                - Clearing active input actions
14:49:19.879 [JavaFX Application Thread] DEBUG GameApplicationServi - Removing overlay from FXGLMainMenuDummyScene and adding to MainLoadingScene
14:49:19.879 [JavaFX Application Thread] DEBUG PrimaryStageWindow   - FXGLMainMenuDummyScene -> MainLoadingScene
14:49:19.879 [JavaFX Application Thread] DEBUG GameApplicationServi - Clearing previous game
14:49:19.879 [JavaFX Application Thread] DEBUG GameScene            - Clearing game scene
14:49:19.879 [JavaFX Application Thread] DEBUG GameWorld            - Clearing game world
14:49:19.879 [JavaFX Application Thread] DEBUG PhysicsWorld         - Clearing physics world
14:49:19.880 [FXGL Background Thread 2 ] DEBUG FXGLApplication      - Initializing game
14:49:19.906 [FXGL Background Thread 2 ] WARN  TMXLevelLoader       - TiledMap generated from 1.11.0. Supported version: 1.9.0. Some features may not be parsed fully.
14:49:19.912 [FXGL Background Thread 2 ] DEBUG TMXLevelLoader       - Parsed TiledMap: file:/Users/aaron/JavaFXGame/target/classes/assets/levels/tmx/level1.tmx
14:49:19.913 [FXGL Background Thread 2 ] DEBUG TMXLevelLoader       - Creating tile layer entities
14:49:19.914 [FXGL Background Thread 2 ] DEBUG TilesetLoader        - Loading view for layer Tile Layer 1
14:49:19.916 [FXGL Background Thread 2 ] DEBUG TilesetLoader        - Created buffer with size 2450.0x700.0
14:49:19.931 [FXGL Background Thread 2 ] DEBUG TMXLevelLoader       - Creating object layer entities
14:49:19.943 [FXGL Background Thread 2 ] DEBUG FXGLAssetLoaderServi - Loading from file system: file:/Users/aaron/JavaFXGame/target/classes/assets/textures/button.png
14:49:19.959 [FXGL Background Thread 2 ] DEBUG GameWorld            - Clearing removable entities
14:49:19.960 [FXGL Background Thread 2 ] DEBUG GameWorld            - Setting level: com.almasb.fxgl.entity.level.Level@21131588
14:49:19.966 [FXGL Background Thread 2 ] DEBUG FXGLAssetLoaderServi - Loading from file system: file:/Users/aaron/JavaFXGame/target/classes/assets/textures/player1.png
14:49:19.971 [FXGL Background Thread 2 ] DEBUG Input                - Clearing active input actions
14:49:19.971 [FXGL Background Thread 2 ] DEBUG Input                - Registered new binding: Jump0 - W
14:49:19.971 [FXGL Background Thread 2 ] DEBUG Input                - Registered new binding: Left0 - A
14:49:19.971 [FXGL Background Thread 2 ] DEBUG Input                - Registered new binding: Right0 - D
14:49:19.971 [FXGL Background Thread 2 ] DEBUG Input                - Registered new binding: Use0 - E
14:49:19.972 [FXGL Background Thread 2 ] DEBUG FXGLAssetLoaderServi - Loading from file system: file:/Users/aaron/JavaFXGame/target/classes/assets/textures/background/manila.png
14:49:19.985 [FXGL Background Thread 2 ] INFO  FXGLApplication      - Game initialization took: 0.105 sec
14:49:19.986 [JavaFX Application Thread] DEBUG Input                - Clearing active input actions
14:49:19.989 [JavaFX Application Thread] DEBUG GameApplicationServi - Removing overlay from MainLoadingScene and adding to GameScene
14:49:19.990 [JavaFX Application Thread] DEBUG PrimaryStageWindow   - MainLoadingScene -> GameScene
14:49:21.759 [JavaFX Application Thread] DEBUG FXGLAssetLoaderServi - Loading from file system: file:/Users/aaron/JavaFXGame/target/classes/assets/sounds/jump.wav
14:49:56.307 [JavaFX Application Thread] DEBUG PrimaryStageWindow   - Push state: LevelCompletionScene
14:49:56.307 [JavaFX Application Thread] DEBUG Input                - Clearing active input actions
14:49:56.307 [JavaFX Application Thread] DEBUG GameApplicationServi - Removing overlay from GameScene and adding to LevelCompletionScene
14:49:56.308 [JavaFX Application Thread] DEBUG PrimaryStageWindow   - GameScene -> LevelCompletionScene
14:49:56.310 [JavaFX Application Thread] WARN  TMXLevelLoader       - TiledMap generated from 1.11.0. Supported version: 1.9.0. Some features may not be parsed fully.
14:49:56.315 [JavaFX Application Thread] DEBUG TMXLevelLoader       - Parsed TiledMap: file:/Users/aaron/JavaFXGame/target/classes/assets/levels/tmx/level2.tmx
14:49:56.316 [JavaFX Application Thread] DEBUG TMXLevelLoader       - Creating tile layer entities
14:49:56.316 [JavaFX Application Thread] DEBUG TilesetLoader        - Loading view for layer BG
14:49:56.317 [JavaFX Application Thread] DEBUG TilesetLoader        - Created buffer with size 4200.0x700.0
14:49:56.326 [JavaFX Application Thread] DEBUG TilesetLoader        - Loading view for layer Tile Layer 1
14:49:56.327 [JavaFX Application Thread] DEBUG TilesetLoader        - Created buffer with size 4200.0x700.0
14:49:56.328 [JavaFX Application Thread] DEBUG TMXLevelLoader       - Creating object layer entities
14:49:56.339 [JavaFX Application Thread] DEBUG GameWorld            - Clearing removable entities
14:49:56.341 [JavaFX Application Thread] DEBUG GameWorld            - Setting level: com.almasb.fxgl.entity.level.Level@57e36205
14:51:14.756 [JavaFX Application Thread] DEBUG FXGLApplication      - Exiting FXGL
14:51:14.756 [JavaFX Application Thread] DEBUG LoopRunner           - Stopping loop
14:51:14.756 [JavaFX Application Thread] DEBUG SystemBundleService  - Saving FXGL system data
14:51:14.760 [JavaFX Application Thread] DEBUG FileSystemAccess     - Writing to: /Users/aaron/JavaFXGame/system/fxgl.bundle
14:51:14.762 [JavaFX Application Thread] DEBUG Async                - Shutting down background threads
14:51:14.762 [JavaFX Application Thread] DEBUG PrimaryStageWindow   - Closing main window
14:51:14.773 [JavaFX Application Thread] DEBUG Logger               - Closing Logger
