03:46:20.825 [main                     ] DEBUG Logger               - Configured Logger
03:46:20.842 [main                     ] DEBUG GameApplication      - Logging settings
Title: Untitled
Version: 0.0
Width: 1280
Height: 720
Fullscreen: false
Intro: false
Profiling: false
Single step:false
App Mode: DEVELOPER
Menu Key: ESCAPE
Stage Style: DECORATED
Scene Factory: class com.sunsofgod.PlatformerApp$1

03:46:21.137 [JavaFX Application Thread] DEBUG FXGLApplication      - Initializing FXGL
03:46:21.141 [JavaFX Application Thread] INFO  Engine               - FXGL-17.2 (20.08.2022 16.50) on WINDOWS (J:21.0.4 FX:17.0.12)
03:46:21.141 [JavaFX Application Thread] DEBUG Engine               - JRE Vendor Name: Eclipse Adoptium
03:46:21.141 [JavaFX Application Thread] DEBUG Engine               - Running on OS: Windows 11 version 10.0
03:46:21.141 [JavaFX Application Thread] DEBUG Engine               - Architecture: amd64
03:46:21.142 [JavaFX Application Thread] INFO  Engine               - Source code and latest versions at: https://github.com/AlmasB/FXGL
03:46:21.142 [JavaFX Application Thread] INFO  Engine               -       Ask questions and discuss at: https://github.com/AlmasB/FXGL/discussions
03:46:21.142 [JavaFX Application Thread] INFO  Engine               -              Join the FXGL chat at: https://gitter.im/AlmasB/FXGL
03:46:21.210 [JavaFX Application Thread] DEBUG PrimaryStageWindow   - Creating a JavaFX scene
03:46:21.244 [JavaFX Application Thread] DEBUG PrimaryStageWindow   - Target settings size: 1280.0 x 720.0
03:46:21.244 [JavaFX Application Thread] DEBUG PrimaryStageWindow   - Scaled scene size:    1280.0 x 720.0
03:46:21.244 [JavaFX Application Thread] DEBUG PrimaryStageWindow   - Scaled ratio: (1.0, 1.0)
03:46:21.245 [JavaFX Application Thread] DEBUG PrimaryStageWindow   - Set initial scene to FXGLStartupScene
03:46:21.248 [JavaFX Application Thread] DEBUG PrimaryStageWindow   - Opening main window
03:46:21.312 [JavaFX Application Thread] DEBUG PrimaryStageWindow   - Window border size: (16.0, 39.0)
03:46:21.312 [JavaFX Application Thread] DEBUG PrimaryStageWindow   - Scaled size: 1280.0 x 720.0
03:46:21.312 [JavaFX Application Thread] DEBUG PrimaryStageWindow   - Scaled ratio: (1.0, 1.0)
03:46:21.313 [JavaFX Application Thread] DEBUG PrimaryStageWindow   - Scene size: 1280.0 x 720.0
03:46:21.313 [JavaFX Application Thread] DEBUG PrimaryStageWindow   - Stage size: 1296.0 x 759.0
03:46:21.318 [FXGL Background Thread 1 ] DEBUG Engine               - Initializing environment variables
03:46:21.355 [FXGL Background Thread 1 ] DEBUG FXGLAssetLoaderServi - User app class for loading assets: class com.sunsofgod.PlatformerApp
03:46:21.355 [FXGL Background Thread 1 ] DEBUG GameApplicationServi - Applying CSS: fxgl_dark.css
03:46:21.355 [FXGL Background Thread 1 ] DEBUG FXGLAssetLoaderServi - Loading from file system: jar:file:///C:/Users/user/.m2/repository/com/github/almasb/fxgl/17.2/fxgl-17.2.jar!/fxglassets/ui/css/fxgl_dark.css
03:46:21.386 [FXGL Background Thread 1 ] DEBUG GameApplicationServi - Initializing application scenes
03:46:21.425 [FXGL Background Thread 1 ] WARN  FXGLAssetLoaderServi - Asset "/assets/textures/player.png" was not found!
03:46:21.425 [FXGL Background Thread 1 ] WARN  FXGLAssetLoaderServi - Failed to load IMAGE
03:46:21.445 [FXGL Background Thread 1 ] DEBUG GameWorld            - Game world initialized
03:46:21.480 [FXGL Background Thread 1 ] DEBUG PhysicsWorld         - Physics world initialized: appHeight=720, physics.ppm=50.0
03:46:21.480 [FXGL Background Thread 1 ] DEBUG PhysicsWorld         - Using strategy: BRUTE_FORCE
03:46:21.483 [FXGL Background Thread 1 ] DEBUG GameScene            - Game scene initialized: 1280x720
03:46:21.684 [FXGL Background Thread 1 ] DEBUG FXGL.DefaultMenu     - createMenuBodyGameMenu()
03:46:21.695 [FXGL Background Thread 1 ] DEBUG FXGL.DefaultMenu     - createOptionsMenu()
03:46:21.704 [FXGL Background Thread 1 ] DEBUG FXGLAssetLoaderServi - Loading from file system: jar:file:///C:/Users/user/.m2/repository/com/github/almasb/fxgl/17.2/fxgl-17.2.jar!/fxglassets/textures/particles/smoke.png
03:46:21.760 [FXGL Background Thread 1 ] DEBUG FXGLAssetLoaderServi - Loading from file system: jar:file:///C:/Users/user/.m2/repository/com/github/almasb/fxgl/17.2/fxgl-17.2.jar!/fxglassets/textures/particles/trace_horizontal.png
03:46:21.772 [FXGL Background Thread 1 ] DEBUG GameApplicationServi - Application scenes initialized
03:46:21.784 [FXGL Background Thread 1 ] DEBUG SystemBundleService  - Loading FXGL system data
03:46:21.788 [FXGL Background Thread 1 ] DEBUG FileSystemAccess     - Reading from: C:\Users\user\Desktop\JavaFXGame\system\fxgl.bundle
03:46:21.796 [FXGL Background Thread 1 ] DEBUG SystemBundleService  - Bundle FXGL: {}
03:46:21.796 [FXGL Background Thread 1 ] DEBUG UpdaterService       - Checking for updates
03:46:21.822 [FXGL Background Thread 4 ] DEBUG FXGLApplication      - Loading fonts
03:46:21.822 [FXGL Background Thread 1 ] DEBUG FXGLApplication      - Loading default localization
03:46:21.822 [FXGL Background Thread 4 ] DEBUG FXGLAssetLoaderServi - Loading from file system: jar:file:///C:/Users/user/.m2/repository/com/github/almasb/fxgl/17.2/fxgl-17.2.jar!/fxglassets/ui/fonts/VarelaRound-Regular.ttf
03:46:21.822 [FXGL Background Thread 1 ] DEBUG FXGLAssetLoaderServi - Loading from file system: jar:file:///C:/Users/user/.m2/repository/com/github/almasb/fxgl/17.2/fxgl-17.2.jar!/fxglassets/languages/english.lang
03:46:21.835 [FXGL Background Thread 1 ] INFO  FXGLApplication      - FXGL initialization took: 0.516 sec
03:46:21.836 [JavaFX Application Thread] DEBUG FXGLAssetLoaderServi - Loading from file system: jar:file:///C:/Users/user/.m2/repository/com/github/almasb/fxgl/17.2/fxgl-17.2.jar!/fxglassets/textures/fxgl_icon.png
03:46:21.846 [JavaFX Application Thread] DEBUG FXGLAssetLoaderServi - Loading from file system: jar:file:///C:/Users/user/.m2/repository/com/github/almasb/fxgl/17.2/fxgl-17.2.jar!/fxglassets/textures/fxgl_default_cursor.png
03:46:21.856 [FXGL Background Thread 4 ] DEBUG FXGLAssetLoaderServi - Loading from file system: jar:file:///C:/Users/user/.m2/repository/com/github/almasb/fxgl/17.2/fxgl-17.2.jar!/fxglassets/ui/fonts/Abel-Regular.ttf
03:46:21.856 [JavaFX Application Thread] DEBUG Input                - Registered new binding: Screenshot - CTRL+8
03:46:21.856 [JavaFX Application Thread] DEBUG Input                - Registered new binding: Dev Options - 1
03:46:21.857 [JavaFX Application Thread] DEBUG Input                - Registered new binding: Dev Console - 2
03:46:21.857 [JavaFX Application Thread] DEBUG Input                - Registered new binding: System info dump - CTRL+9
03:46:21.857 [JavaFX Application Thread] DEBUG Input                - Registered new binding: Restart - CTRL+R
03:46:21.858 [JavaFX Application Thread] DEBUG Input                - Registered new binding: Toggle Debug Camera - CTRL+7
03:46:21.860 [FXGL Background Thread 4 ] DEBUG FXGLAssetLoaderServi - Loading from file system: jar:file:///C:/Users/user/.m2/repository/com/github/almasb/fxgl/17.2/fxgl-17.2.jar!/fxglassets/ui/fonts/TerminalLandMono-Regular.otf
03:46:21.861 [JavaFX Application Thread] DEBUG LoopRunner           - Starting loop
03:46:21.863 [FXGL Background Thread 4 ] DEBUG FXGLAssetLoaderServi - Loading from file system: jar:file:///C:/Users/user/.m2/repository/com/github/almasb/fxgl/17.2/fxgl-17.2.jar!/fxglassets/ui/fonts/Courier-Prime.ttf
03:46:21.870 [JavaFX Application Thread] DEBUG LoopRunner           - Initializing JavaFX AnimationTimerLoop
03:46:21.873 [JavaFX Application Thread] DEBUG Input                - Clearing active input actions
03:46:21.882 [JavaFX Application Thread] DEBUG GameApplicationServi - Removing overlay from FXGLStartupScene and adding to FXGLMainMenuDummyScene
03:46:21.885 [JavaFX Application Thread] DEBUG PrimaryStageWindow   - FXGLStartupScene -> FXGLMainMenuDummyScene
03:46:21.885 [JavaFX Application Thread] DEBUG PrimaryStageWindow   - Push state: RiderMainMenuScene
03:46:21.885 [JavaFX Application Thread] DEBUG Input                - Clearing active input actions
03:46:21.890 [JavaFX Application Thread] DEBUG GameApplicationServi - Removing overlay from FXGLMainMenuDummyScene and adding to RiderMainMenuScene
03:46:21.891 [JavaFX Application Thread] DEBUG PrimaryStageWindow   - FXGLMainMenuDummyScene -> RiderMainMenuScene
03:46:22.052 [JavaFX Application Thread] DEBUG FXGLApplication      - Registering font factories with UI factory
03:46:22.204 [FXGL Background Thread 2 ] INFO  UpdaterService       - Your current version:  17.2
03:46:22.205 [FXGL Background Thread 2 ] INFO  UpdaterService       - Latest stable version: 21.1
03:46:22.931 [JavaFX Application Thread] DEBUG PrimaryStageWindow   - Push state: PlayerSelectScene
03:46:22.931 [JavaFX Application Thread] DEBUG Input                - Clearing active input actions
03:46:22.932 [JavaFX Application Thread] DEBUG GameApplicationServi - Removing overlay from RiderMainMenuScene and adding to PlayerSelectScene
03:46:22.933 [JavaFX Application Thread] DEBUG PrimaryStageWindow   - RiderMainMenuScene -> PlayerSelectScene
03:46:24.659 [JavaFX Application Thread] DEBUG PrimaryStageWindow   - Push state: LevelSelectScene
03:46:24.659 [JavaFX Application Thread] DEBUG Input                - Clearing active input actions
03:46:24.660 [JavaFX Application Thread] DEBUG GameApplicationServi - Removing overlay from PlayerSelectScene and adding to LevelSelectScene
03:46:24.661 [JavaFX Application Thread] DEBUG PrimaryStageWindow   - PlayerSelectScene -> LevelSelectScene
03:46:24.821 [FXGL Background Thread 3 ] DEBUG Engine               - Logging environment variables
03:46:24.821 [FXGL Background Thread 3 ] DEBUG Engine               - achievements: []
03:46:24.821 [FXGL Background Thread 3 ] DEBUG Engine               - actualHeight: 720.0
03:46:24.821 [FXGL Background Thread 3 ] DEBUG Engine               - actualHeightProperty: ReadOnlyDoubleProperty [value: 720.0]
03:46:24.821 [FXGL Background Thread 3 ] DEBUG Engine               - actualWidth: 1280.0
03:46:24.821 [FXGL Background Thread 3 ] DEBUG Engine               - actualWidthProperty: ReadOnlyDoubleProperty [value: 1280.0]
03:46:24.822 [FXGL Background Thread 3 ] DEBUG Engine               - appIcon: fxgl_icon.png
03:46:24.822 [FXGL Background Thread 3 ] DEBUG Engine               - applicationMode: DEVELOPER
03:46:24.822 [FXGL Background Thread 3 ] DEBUG Engine               - cSSList: [fxgl_dark.css]
03:46:24.822 [FXGL Background Thread 3 ] DEBUG Engine               - collisionDetectionStrategy: BRUTE_FORCE
03:46:24.822 [FXGL Background Thread 3 ] DEBUG Engine               - configClass: Optional.empty
03:46:24.822 [FXGL Background Thread 3 ] DEBUG Engine               - credits: []
03:46:24.823 [FXGL Background Thread 3 ] DEBUG Engine               - defaultCursor: CursorInfo(imageName=fxgl_default_cursor.png, hotspotX=7.0, hotspotY=6.0)
03:46:24.823 [FXGL Background Thread 3 ] DEBUG Engine               - devBBoxColorProperty: ObjectProperty [value: 0xff0000ff]
03:46:24.823 [FXGL Background Thread 3 ] DEBUG Engine               - devEnableDebugCameraProperty: BooleanProperty [value: false]
03:46:24.823 [FXGL Background Thread 3 ] DEBUG Engine               - devSensorColorProperty: ObjectProperty [value: 0xffff00ff]
03:46:24.823 [FXGL Background Thread 3 ] DEBUG Engine               - devShowBBoxProperty: BooleanProperty [value: false]
03:46:24.823 [FXGL Background Thread 3 ] DEBUG Engine               - devShowPositionProperty: BooleanProperty [value: false]
03:46:24.823 [FXGL Background Thread 3 ] DEBUG Engine               - enabledMenuItems: []
03:46:24.823 [FXGL Background Thread 3 ] DEBUG Engine               - engineServices: [class com.almasb.fxgl.app.services.FXGLAssetLoaderService, class com.almasb.fxgl.app.FXGLApplication$GameApplicationService, class com.almasb.fxgl.app.services.FXGLDialogService, class com.almasb.fxgl.app.services.IOTaskExecutorService, class com.almasb.fxgl.io.FileSystemService, class com.almasb.fxgl.localization.LocalizationService, class com.almasb.fxgl.app.services.SystemBundleService, class com.almasb.fxgl.profile.SaveLoadService, class com.almasb.fxgl.ui.FXGLUIFactoryServiceProvider, class com.almasb.fxgl.ui.FXGLDialogFactoryServiceProvider, class com.almasb.fxgl.audio.AudioPlayer, class com.almasb.fxgl.notification.impl.NotificationServiceProvider, class com.almasb.fxgl.achievement.AchievementService, class com.almasb.fxgl.cutscene.CutsceneService, class com.almasb.fxgl.minigames.MiniGameService, class com.almasb.fxgl.net.NetService, class com.almasb.fxgl.app.services.UpdaterService, class com.almasb.fxgl.dev.DevService]
03:46:24.823 [FXGL Background Thread 3 ] DEBUG Engine               - fontGame: Abel-Regular.ttf
03:46:24.823 [FXGL Background Thread 3 ] DEBUG Engine               - fontMono: TerminalLandMono-Regular.otf
03:46:24.823 [FXGL Background Thread 3 ] DEBUG Engine               - fontText: Courier-Prime.ttf
03:46:24.823 [FXGL Background Thread 3 ] DEBUG Engine               - fontUI: VarelaRound-Regular.ttf
03:46:24.824 [FXGL Background Thread 3 ] DEBUG Engine               - fullScreen: BooleanProperty [value: false]
03:46:24.824 [FXGL Background Thread 3 ] DEBUG Engine               - gameDifficulty: MEDIUM
03:46:24.824 [FXGL Background Thread 3 ] DEBUG Engine               - gameDifficultyProperty: ObjectProperty [value: MEDIUM]
03:46:24.824 [FXGL Background Thread 3 ] DEBUG Engine               - globalMusicVolume: 0.5
03:46:24.824 [FXGL Background Thread 3 ] DEBUG Engine               - globalMusicVolumeProperty: DoubleProperty [value: 0.25]
03:46:24.824 [FXGL Background Thread 3 ] DEBUG Engine               - globalSoundVolume: 0.5
03:46:24.824 [FXGL Background Thread 3 ] DEBUG Engine               - globalSoundVolumeProperty: DoubleProperty [value: 0.5]
03:46:24.824 [FXGL Background Thread 3 ] DEBUG Engine               - height: 720
03:46:24.824 [FXGL Background Thread 3 ] DEBUG Engine               - is3D: false
03:46:24.824 [FXGL Background Thread 3 ] DEBUG Engine               - isAndroid: false
03:46:24.824 [FXGL Background Thread 3 ] DEBUG Engine               - isBrowser: false
03:46:24.824 [FXGL Background Thread 3 ] DEBUG Engine               - isClickFeedbackEnabled: false
03:46:24.824 [FXGL Background Thread 3 ] DEBUG Engine               - isCloseConfirmation: false
03:46:24.824 [FXGL Background Thread 3 ] DEBUG Engine               - isDesktop: true
03:46:24.824 [FXGL Background Thread 3 ] DEBUG Engine               - isDeveloperMenuEnabled: true
03:46:24.824 [FXGL Background Thread 3 ] DEBUG Engine               - isEmbedded: false
03:46:24.825 [FXGL Background Thread 3 ] DEBUG Engine               - isEntityPreloadEnabled: true
03:46:24.825 [FXGL Background Thread 3 ] DEBUG Engine               - isExperimentalTiledLargeMap: false
03:46:24.825 [FXGL Background Thread 3 ] DEBUG Engine               - isFileSystemWriteAllowed: true
03:46:24.825 [FXGL Background Thread 3 ] DEBUG Engine               - isFullScreenAllowed: false
03:46:24.825 [FXGL Background Thread 3 ] DEBUG Engine               - isFullScreenFromStart: false
03:46:24.825 [FXGL Background Thread 3 ] DEBUG Engine               - isGameMenuEnabled: true
03:46:24.825 [FXGL Background Thread 3 ] DEBUG Engine               - isIOS: false
03:46:24.825 [FXGL Background Thread 3 ] DEBUG Engine               - isIntroEnabled: false
03:46:24.825 [FXGL Background Thread 3 ] DEBUG Engine               - isLinux: false
03:46:24.825 [FXGL Background Thread 3 ] DEBUG Engine               - isMac: false
03:46:24.825 [FXGL Background Thread 3 ] DEBUG Engine               - isMainMenuEnabled: true
03:46:24.825 [FXGL Background Thread 3 ] DEBUG Engine               - isManualResizeEnabled: false
03:46:24.825 [FXGL Background Thread 3 ] DEBUG Engine               - isMobile: false
03:46:24.825 [FXGL Background Thread 3 ] DEBUG Engine               - isNative: false
03:46:24.825 [FXGL Background Thread 3 ] DEBUG Engine               - isPauseMusicWhenMinimized: true
03:46:24.825 [FXGL Background Thread 3 ] DEBUG Engine               - isPreserveResizeRatio: false
03:46:24.825 [FXGL Background Thread 3 ] DEBUG Engine               - isProfilingEnabled: false
03:46:24.825 [FXGL Background Thread 3 ] DEBUG Engine               - isScaleAffectedOnResize: true
03:46:24.825 [FXGL Background Thread 3 ] DEBUG Engine               - isSingleStep: false
03:46:24.825 [FXGL Background Thread 3 ] DEBUG Engine               - isUserProfileEnabled: false
03:46:24.825 [FXGL Background Thread 3 ] DEBUG Engine               - isWindows: true
03:46:24.825 [FXGL Background Thread 3 ] DEBUG Engine               - language: ObjectProperty [value: ENGLISH]
03:46:24.825 [FXGL Background Thread 3 ] DEBUG Engine               - menuKey: ESCAPE
03:46:24.825 [FXGL Background Thread 3 ] DEBUG Engine               - mouseSensitivity: 0.2
03:46:24.825 [FXGL Background Thread 3 ] DEBUG Engine               - notificationViewClass: class com.almasb.fxgl.notification.view.XboxNotificationView
03:46:24.826 [FXGL Background Thread 3 ] DEBUG Engine               - pixelsPerMeter: 50.0
03:46:24.826 [FXGL Background Thread 3 ] DEBUG Engine               - platform: WINDOWS
03:46:24.826 [FXGL Background Thread 3 ] DEBUG Engine               - prefHeightProperty: ReadOnlyDoubleProperty [value: 720.0]
03:46:24.826 [FXGL Background Thread 3 ] DEBUG Engine               - prefWidthProperty: ReadOnlyDoubleProperty [value: 1280.0]
03:46:24.826 [FXGL Background Thread 3 ] DEBUG Engine               - profileDir: profiles/
03:46:24.826 [FXGL Background Thread 3 ] DEBUG Engine               - profileName: StringProperty [value: DEFAULT]
03:46:24.826 [FXGL Background Thread 3 ] DEBUG Engine               - randomSeed: -1
03:46:24.826 [FXGL Background Thread 3 ] DEBUG Engine               - runtimeInfo: RuntimeInfo(platform=WINDOWS, version=17.2, build=20.08.2022 16.50)
03:46:24.826 [FXGL Background Thread 3 ] DEBUG Engine               - saveFileExt: sav
03:46:24.826 [FXGL Background Thread 3 ] DEBUG Engine               - scaledHeightProp$fxgl: DoubleProperty [bound, value: 720.0]
03:46:24.826 [FXGL Background Thread 3 ] DEBUG Engine               - scaledWidthProp$fxgl: DoubleProperty [bound, value: 1280.0]
03:46:24.826 [FXGL Background Thread 3 ] DEBUG Engine               - sceneFactory: com.sunsofgod.PlatformerApp$1@20fd79c4
03:46:24.826 [FXGL Background Thread 3 ] DEBUG Engine               - secondsIn24h: 60
03:46:24.826 [FXGL Background Thread 3 ] DEBUG Engine               - soundMenuBack: menu/back.wav
03:46:24.826 [FXGL Background Thread 3 ] DEBUG Engine               - soundMenuPress: menu/press.wav
03:46:24.826 [FXGL Background Thread 3 ] DEBUG Engine               - soundMenuSelect: menu/select.wav
03:46:24.826 [FXGL Background Thread 3 ] DEBUG Engine               - soundNotification: core/notification.wav
03:46:24.826 [FXGL Background Thread 3 ] DEBUG Engine               - stageStyle: DECORATED
03:46:24.826 [FXGL Background Thread 3 ] DEBUG Engine               - supportedLanguages: [ENGLISH, FRENCH, GERMAN, HUNGARIAN, RUSSIAN]
03:46:24.826 [FXGL Background Thread 3 ] DEBUG Engine               - ticksPerSecond: -1
03:46:24.826 [FXGL Background Thread 3 ] DEBUG Engine               - title: Untitled
03:46:24.826 [FXGL Background Thread 3 ] DEBUG Engine               - urlGithub: https://github.com/AlmasB/FXGL
03:46:24.826 [FXGL Background Thread 3 ] DEBUG Engine               - urlLeaderboard: http://fxgl-top.herokuapp.com/
03:46:24.826 [FXGL Background Thread 3 ] DEBUG Engine               - urlPOM: https://raw.githubusercontent.com/AlmasB/FXGL/release/README.md
03:46:24.826 [FXGL Background Thread 3 ] DEBUG Engine               - userAppClass: class com.sunsofgod.PlatformerApp
03:46:24.826 [FXGL Background Thread 3 ] DEBUG Engine               - version: 0.0
03:46:24.826 [FXGL Background Thread 3 ] DEBUG Engine               - versionCheckDays: 7
03:46:24.826 [FXGL Background Thread 3 ] DEBUG Engine               - width: 1280
03:46:24.826 [FXGL Background Thread 3 ] DEBUG Engine               - Logging services
03:46:24.826 [FXGL Background Thread 3 ] DEBUG Engine               - class com.almasb.fxgl.app.services.FXGLAssetLoaderService
03:46:24.826 [FXGL Background Thread 3 ] DEBUG Engine               - class com.almasb.fxgl.app.FXGLApplication$GameApplicationService
03:46:24.826 [FXGL Background Thread 3 ] DEBUG Engine               - class com.almasb.fxgl.app.services.FXGLDialogService
03:46:24.826 [FXGL Background Thread 3 ] DEBUG Engine               - class com.almasb.fxgl.app.services.IOTaskExecutorService
03:46:24.826 [FXGL Background Thread 3 ] DEBUG Engine               - class com.almasb.fxgl.io.FileSystemService
03:46:24.828 [FXGL Background Thread 3 ] DEBUG Engine               - class com.almasb.fxgl.localization.LocalizationService
03:46:24.828 [FXGL Background Thread 3 ] DEBUG Engine               - class com.almasb.fxgl.app.services.SystemBundleService
03:46:24.828 [FXGL Background Thread 3 ] DEBUG Engine               - class com.almasb.fxgl.profile.SaveLoadService
03:46:24.828 [FXGL Background Thread 3 ] DEBUG Engine               - class com.almasb.fxgl.ui.FXGLUIFactoryServiceProvider
03:46:24.828 [FXGL Background Thread 3 ] DEBUG Engine               - class com.almasb.fxgl.ui.FXGLDialogFactoryServiceProvider
03:46:24.828 [FXGL Background Thread 3 ] DEBUG Engine               - class com.almasb.fxgl.audio.AudioPlayer
03:46:24.828 [FXGL Background Thread 3 ] DEBUG Engine               - class com.almasb.fxgl.notification.impl.NotificationServiceProvider
03:46:24.828 [FXGL Background Thread 3 ] DEBUG Engine               - class com.almasb.fxgl.achievement.AchievementService
03:46:24.828 [FXGL Background Thread 3 ] DEBUG Engine               - class com.almasb.fxgl.cutscene.CutsceneService
03:46:24.828 [FXGL Background Thread 3 ] DEBUG Engine               - class com.almasb.fxgl.minigames.MiniGameService
03:46:24.828 [FXGL Background Thread 3 ] DEBUG Engine               - class com.almasb.fxgl.net.NetService
03:46:24.828 [FXGL Background Thread 3 ] DEBUG Engine               - class com.almasb.fxgl.app.services.UpdaterService
03:46:24.828 [FXGL Background Thread 3 ] DEBUG Engine               - class com.almasb.fxgl.dev.DevService
03:46:26.265 [JavaFX Application Thread] DEBUG Menu                 - fireNewGame()
03:46:26.265 [JavaFX Application Thread] DEBUG GameApplicationServi - Starting new game
03:46:26.265 [JavaFX Application Thread] DEBUG PrimaryStageWindow   - Pop state: LevelSelectScene
03:46:26.265 [JavaFX Application Thread] DEBUG Input                - Clearing active input actions
03:46:26.266 [JavaFX Application Thread] DEBUG GameApplicationServi - Removing overlay from LevelSelectScene and adding to PlayerSelectScene
03:46:26.267 [JavaFX Application Thread] DEBUG PrimaryStageWindow   - PlayerSelectScene <- LevelSelectScene
03:46:26.267 [JavaFX Application Thread] DEBUG PrimaryStageWindow   - Pop state: PlayerSelectScene
03:46:26.267 [JavaFX Application Thread] DEBUG Input                - Clearing active input actions
03:46:26.267 [JavaFX Application Thread] DEBUG GameApplicationServi - Removing overlay from PlayerSelectScene and adding to RiderMainMenuScene
03:46:26.267 [JavaFX Application Thread] DEBUG PrimaryStageWindow   - RiderMainMenuScene <- PlayerSelectScene
03:46:26.267 [JavaFX Application Thread] DEBUG PrimaryStageWindow   - Pop state: RiderMainMenuScene
03:46:26.267 [JavaFX Application Thread] DEBUG Input                - Clearing active input actions
03:46:26.267 [JavaFX Application Thread] DEBUG GameApplicationServi - Removing overlay from RiderMainMenuScene and adding to FXGLMainMenuDummyScene
03:46:26.268 [JavaFX Application Thread] DEBUG PrimaryStageWindow   - FXGLMainMenuDummyScene <- RiderMainMenuScene
03:46:26.268 [JavaFX Application Thread] DEBUG Input                - Clearing active input actions
03:46:26.271 [JavaFX Application Thread] DEBUG GameApplicationServi - Removing overlay from FXGLMainMenuDummyScene and adding to MainLoadingScene
03:46:26.272 [JavaFX Application Thread] DEBUG PrimaryStageWindow   - FXGLMainMenuDummyScene -> MainLoadingScene
03:46:26.272 [JavaFX Application Thread] DEBUG GameApplicationServi - Clearing previous game
03:46:26.272 [JavaFX Application Thread] DEBUG GameScene            - Clearing game scene
03:46:26.272 [JavaFX Application Thread] DEBUG GameWorld            - Clearing game world
03:46:26.272 [JavaFX Application Thread] DEBUG PhysicsWorld         - Clearing physics world
03:46:26.273 [FXGL Background Thread 2 ] DEBUG FXGLApplication      - Initializing game
03:46:26.301 [FXGL Background Thread 2 ] WARN  TMXLevelLoader       - TiledMap generated from 1.11.0. Supported version: 1.9.0. Some features may not be parsed fully.
03:46:26.306 [FXGL Background Thread 2 ] DEBUG TMXLevelLoader       - Parsed TiledMap: file:/C:/Users/user/Desktop/JavaFXGame/target/classes/assets/levels/tmx/level2.tmx
03:46:26.307 [FXGL Background Thread 2 ] DEBUG TMXLevelLoader       - Creating tile layer entities
03:46:26.307 [FXGL Background Thread 2 ] DEBUG TilesetLoader        - Loading view for layer Tile Layer 1
03:46:26.309 [FXGL Background Thread 2 ] DEBUG TilesetLoader        - Created buffer with size 1050.0x700.0
03:46:26.316 [FXGL Background Thread 2 ] DEBUG TMXLevelLoader       - Creating object layer entities
03:46:26.329 [FXGL Background Thread 2 ] DEBUG FXGLAssetLoaderServi - Loading from file system: file:/C:/Users/user/Desktop/JavaFXGame/target/classes/assets/textures/button.png
03:46:26.334 [FXGL Background Thread 2 ] DEBUG GameWorld            - Clearing removable entities
03:46:26.334 [FXGL Background Thread 2 ] DEBUG GameWorld            - Setting level: com.almasb.fxgl.entity.level.Level@50b7ba13
03:46:26.339 [FXGL Background Thread 2 ] DEBUG FXGLAssetLoaderServi - Loading from file system: file:/C:/Users/user/Desktop/JavaFXGame/target/classes/assets/textures/player1.png
03:46:26.346 [FXGL Background Thread 2 ] DEBUG FXGLAssetLoaderServi - Loading from file system: file:/C:/Users/user/Desktop/JavaFXGame/target/classes/assets/textures/player2.png
03:46:26.348 [FXGL Background Thread 2 ] DEBUG FXGLAssetLoaderServi - Loading from file system: file:/C:/Users/user/Desktop/JavaFXGame/target/classes/assets/textures/player3.png
03:46:26.355 [FXGL Background Thread 2 ] DEBUG Input                - Registered new binding: Jump0 - W
03:46:26.356 [FXGL Background Thread 2 ] DEBUG Input                - Registered new binding: Left0 - A
03:46:26.356 [FXGL Background Thread 2 ] DEBUG Input                - Registered new binding: Right0 - D
03:46:26.356 [FXGL Background Thread 2 ] DEBUG Input                - Registered new binding: Use0 - E
03:46:26.356 [FXGL Background Thread 2 ] DEBUG Input                - Registered new binding: Jump1 - Up
03:46:26.357 [FXGL Background Thread 2 ] DEBUG Input                - Registered new binding: Left1 - Left
03:46:26.357 [FXGL Background Thread 2 ] DEBUG Input                - Registered new binding: Right1 - Right
03:46:26.357 [FXGL Background Thread 2 ] DEBUG Input                - Registered new binding: Use1 - Slash
03:46:26.357 [FXGL Background Thread 2 ] DEBUG Input                - Registered new binding: Jump2 - I
03:46:26.357 [FXGL Background Thread 2 ] DEBUG Input                - Registered new binding: Left2 - J
03:46:26.357 [FXGL Background Thread 2 ] DEBUG Input                - Registered new binding: Right2 - L
03:46:26.357 [FXGL Background Thread 2 ] DEBUG Input                - Registered new binding: Use2 - O
03:46:26.358 [FXGL Background Thread 2 ] DEBUG FXGLAssetLoaderServi - Loading from file system: file:/C:/Users/user/Desktop/JavaFXGame/target/classes/assets/textures/background/manila.png
03:46:26.370 [FXGL Background Thread 2 ] INFO  FXGLApplication      - Game initialization took: 0.097 sec
03:46:26.370 [JavaFX Application Thread] DEBUG Input                - Clearing active input actions
03:46:26.374 [JavaFX Application Thread] DEBUG GameApplicationServi - Removing overlay from MainLoadingScene and adding to GameScene
03:46:26.376 [JavaFX Application Thread] DEBUG PrimaryStageWindow   - MainLoadingScene -> GameScene
03:46:29.000 [JavaFX Application Thread] DEBUG FXGLApplication      - Exiting FXGL
03:46:29.000 [JavaFX Application Thread] DEBUG LoopRunner           - Stopping loop
03:46:29.000 [JavaFX Application Thread] DEBUG SystemBundleService  - Saving FXGL system data
03:46:29.002 [JavaFX Application Thread] DEBUG FileSystemAccess     - Writing to: C:\Users\user\Desktop\JavaFXGame\system\fxgl.bundle
03:46:29.005 [JavaFX Application Thread] DEBUG Async                - Shutting down background threads
03:46:29.005 [JavaFX Application Thread] DEBUG PrimaryStageWindow   - Closing main window
03:46:29.015 [JavaFX Application Thread] DEBUG Logger               - Closing Logger
