19:33:20.798 [main                     ] DEBUG Logger               - Configured Logger
19:33:20.830 [main                     ] DEBUG GameApplication      - Logging settings
Title: Untitled
Version: 0.0
Width: 1280
Height: 720
Fullscreen: false
Intro: false
Profiling: false
Single step:false
App Mode: DEVELOPER
Menu Key: ESCAPE
Stage Style: DECORATED
Scene Factory: class com.almasb.fxgl.app.scene.SceneFactory

19:33:21.242 [JavaFX Application Thread] DEBUG FXGLApplication      - Initializing FXGL
19:33:21.247 [JavaFX Application Thread] INFO  Engine               - FXGL-17.2 (20.08.2022 16.50) on WINDOWS (J:21.0.4 FX:17.0.12)
19:33:21.248 [JavaFX Application Thread] DEBUG Engine               - JRE Vendor Name: Eclipse Adoptium
19:33:21.248 [JavaFX Application Thread] DEBUG Engine               - Running on OS: Windows 11 version 10.0
19:33:21.249 [JavaFX Application Thread] DEBUG Engine               - Architecture: amd64
19:33:21.249 [JavaFX Application Thread] INFO  Engine               - Source code and latest versions at: https://github.com/AlmasB/FXGL
19:33:21.249 [JavaFX Application Thread] INFO  Engine               -       Ask questions and discuss at: https://github.com/AlmasB/FXGL/discussions
19:33:21.250 [JavaFX Application Thread] INFO  Engine               -              Join the FXGL chat at: https://gitter.im/AlmasB/FXGL
19:33:21.357 [JavaFX Application Thread] DEBUG PrimaryStageWindow   - Creating a JavaFX scene
19:33:21.408 [JavaFX Application Thread] DEBUG PrimaryStageWindow   - Target settings size: 1280.0 x 720.0
19:33:21.409 [JavaFX Application Thread] DEBUG PrimaryStageWindow   - Scaled scene size:    1280.0 x 720.0
19:33:21.409 [JavaFX Application Thread] DEBUG PrimaryStageWindow   - Scaled ratio: (1.0, 1.0)
19:33:21.410 [JavaFX Application Thread] DEBUG PrimaryStageWindow   - Set initial scene to FXGLStartupScene
19:33:21.420 [JavaFX Application Thread] DEBUG PrimaryStageWindow   - Opening main window
19:33:21.508 [JavaFX Application Thread] DEBUG PrimaryStageWindow   - Window border size: (16.0, 39.0)
19:33:21.508 [JavaFX Application Thread] DEBUG PrimaryStageWindow   - Scaled size: 1280.0 x 720.0
19:33:21.509 [JavaFX Application Thread] DEBUG PrimaryStageWindow   - Scaled ratio: (1.0, 1.0)
19:33:21.509 [JavaFX Application Thread] DEBUG PrimaryStageWindow   - Scene size: 1280.0 x 720.0
19:33:21.509 [JavaFX Application Thread] DEBUG PrimaryStageWindow   - Stage size: 1296.0 x 759.0
19:33:21.520 [FXGL Background Thread 1 ] DEBUG Engine               - Initializing environment variables
19:33:21.600 [FXGL Background Thread 1 ] DEBUG FXGLAssetLoaderServi - User app class for loading assets: class com.sunsofgod.PlatformerApp
19:33:21.601 [FXGL Background Thread 1 ] DEBUG GameApplicationServi - Applying CSS: fxgl_dark.css
19:33:21.602 [FXGL Background Thread 1 ] DEBUG FXGLAssetLoaderServi - Loading from file system: jar:file:///C:/Users/gclm4/.m2/repository/com/github/almasb/fxgl/17.2/fxgl-17.2.jar!/fxglassets/ui/css/fxgl_dark.css
19:33:21.670 [FXGL Background Thread 1 ] DEBUG GameApplicationServi - Initializing application scenes
19:33:21.712 [FXGL Background Thread 1 ] DEBUG GameWorld            - Game world initialized
19:33:21.803 [FXGL Background Thread 1 ] DEBUG PhysicsWorld         - Physics world initialized: appHeight=720, physics.ppm=50.0
19:33:21.804 [FXGL Background Thread 1 ] DEBUG PhysicsWorld         - Using strategy: BRUTE_FORCE
19:33:21.810 [FXGL Background Thread 1 ] DEBUG GameScene            - Game scene initialized: 1280x720
19:33:21.824 [FXGL Background Thread 1 ] DEBUG FXGL.DefaultMenu     - createMenuBodyMainMenu()
19:33:21.838 [FXGL Background Thread 1 ] DEBUG FXGL.DefaultMenu     - createOptionsMenu()
19:33:21.849 [FXGL Background Thread 1 ] DEBUG FXGLAssetLoaderServi - Loading from file system: jar:file:///C:/Users/gclm4/.m2/repository/com/github/almasb/fxgl/17.2/fxgl-17.2.jar!/fxglassets/textures/particles/smoke.png
19:33:21.961 [FXGL Background Thread 1 ] DEBUG FXGLAssetLoaderServi - Loading from file system: jar:file:///C:/Users/gclm4/.m2/repository/com/github/almasb/fxgl/17.2/fxgl-17.2.jar!/fxglassets/textures/particles/trace_horizontal.png
19:33:22.004 [FXGL Background Thread 1 ] DEBUG FXGL.DefaultMenu     - createMenuBodyGameMenu()
19:33:22.006 [FXGL Background Thread 1 ] DEBUG FXGL.DefaultMenu     - createOptionsMenu()
19:33:22.026 [FXGL Background Thread 1 ] DEBUG GameApplicationServi - Application scenes initialized
19:33:22.042 [FXGL Background Thread 1 ] DEBUG SystemBundleService  - Loading FXGL system data
19:33:22.047 [FXGL Background Thread 1 ] DEBUG FileSystemAccess     - Reading from: C:\Users\gclm4\OneDrive\Desktop\JavaFXGame\system\fxgl.bundle
19:33:22.058 [FXGL Background Thread 1 ] DEBUG SystemBundleService  - Bundle FXGL: {}
19:33:22.059 [FXGL Background Thread 1 ] DEBUG UpdaterService       - Checking for updates
19:33:22.063 [FXGL Background Thread 4 ] DEBUG FXGLApplication      - Loading fonts
19:33:22.064 [FXGL Background Thread 1 ] DEBUG FXGLApplication      - Loading default localization
19:33:22.064 [FXGL Background Thread 4 ] DEBUG FXGLAssetLoaderServi - Loading from file system: jar:file:///C:/Users/gclm4/.m2/repository/com/github/almasb/fxgl/17.2/fxgl-17.2.jar!/fxglassets/ui/fonts/VarelaRound-Regular.ttf
19:33:22.064 [FXGL Background Thread 1 ] DEBUG FXGLAssetLoaderServi - Loading from file system: jar:file:///C:/Users/gclm4/.m2/repository/com/github/almasb/fxgl/17.2/fxgl-17.2.jar!/fxglassets/languages/english.lang
19:33:22.093 [FXGL Background Thread 1 ] INFO  FXGLApplication      - FXGL initialization took: 0.573 sec
19:33:22.096 [JavaFX Application Thread] DEBUG FXGLAssetLoaderServi - Loading from file system: jar:file:///C:/Users/gclm4/.m2/repository/com/github/almasb/fxgl/17.2/fxgl-17.2.jar!/fxglassets/textures/fxgl_icon.png
19:33:22.113 [FXGL Background Thread 4 ] DEBUG FXGLAssetLoaderServi - Loading from file system: jar:file:///C:/Users/gclm4/.m2/repository/com/github/almasb/fxgl/17.2/fxgl-17.2.jar!/fxglassets/ui/fonts/Abel-Regular.ttf
19:33:22.118 [FXGL Background Thread 4 ] DEBUG FXGLAssetLoaderServi - Loading from file system: jar:file:///C:/Users/gclm4/.m2/repository/com/github/almasb/fxgl/17.2/fxgl-17.2.jar!/fxglassets/ui/fonts/TerminalLandMono-Regular.otf
19:33:22.125 [FXGL Background Thread 4 ] DEBUG FXGLAssetLoaderServi - Loading from file system: jar:file:///C:/Users/gclm4/.m2/repository/com/github/almasb/fxgl/17.2/fxgl-17.2.jar!/fxglassets/ui/fonts/Courier-Prime.ttf
19:33:22.127 [JavaFX Application Thread] DEBUG FXGLAssetLoaderServi - Loading from file system: jar:file:///C:/Users/gclm4/.m2/repository/com/github/almasb/fxgl/17.2/fxgl-17.2.jar!/fxglassets/textures/fxgl_default_cursor.png
19:33:22.148 [JavaFX Application Thread] DEBUG Input                - Registered new binding: Screenshot - CTRL+8
19:33:22.149 [JavaFX Application Thread] DEBUG Input                - Registered new binding: System info dump - CTRL+9
19:33:22.149 [JavaFX Application Thread] DEBUG Input                - Registered new binding: Restart - CTRL+R
19:33:22.150 [JavaFX Application Thread] DEBUG Input                - Registered new binding: Toggle Debug Camera - CTRL+7
19:33:22.154 [JavaFX Application Thread] DEBUG LoopRunner           - Starting loop
19:33:22.154 [JavaFX Application Thread] DEBUG LoopRunner           - Initializing JavaFX AnimationTimerLoop
19:33:22.160 [JavaFX Application Thread] DEBUG Input                - Clearing active input actions
19:33:22.170 [JavaFX Application Thread] DEBUG GameApplicationServi - Removing overlay from FXGLStartupScene and adding to FXGLMainMenuDummyScene
19:33:22.171 [JavaFX Application Thread] DEBUG PrimaryStageWindow   - FXGLStartupScene -> FXGLMainMenuDummyScene
19:33:22.171 [JavaFX Application Thread] DEBUG PrimaryStageWindow   - Push state: FXGLDefaultMenu
19:33:22.179 [JavaFX Application Thread] DEBUG Input                - Clearing active input actions
19:33:22.188 [JavaFX Application Thread] DEBUG GameApplicationServi - Removing overlay from FXGLMainMenuDummyScene and adding to FXGLDefaultMenu
19:33:22.189 [JavaFX Application Thread] DEBUG PrimaryStageWindow   - FXGLMainMenuDummyScene -> FXGLDefaultMenu
19:33:22.199 [JavaFX Application Thread] DEBUG FXGLApplication      - Registering font factories with UI factory
19:33:22.797 [FXGL Background Thread 2 ] INFO  UpdaterService       - Your current version:  17.2
19:33:22.797 [FXGL Background Thread 2 ] INFO  UpdaterService       - Latest stable version: 21.1
19:33:23.121 [JavaFX Application Thread] DEBUG Menu                 - fireNewGame()
19:33:23.121 [JavaFX Application Thread] DEBUG GameApplicationServi - Starting new game
19:33:23.123 [JavaFX Application Thread] DEBUG PrimaryStageWindow   - Pop state: FXGLDefaultMenu
19:33:23.123 [JavaFX Application Thread] DEBUG Input                - Clearing active input actions
19:33:23.125 [JavaFX Application Thread] DEBUG GameApplicationServi - Removing overlay from FXGLDefaultMenu and adding to FXGLMainMenuDummyScene
19:33:23.126 [JavaFX Application Thread] DEBUG PrimaryStageWindow   - FXGLMainMenuDummyScene <- FXGLDefaultMenu
19:33:23.126 [JavaFX Application Thread] DEBUG Input                - Clearing active input actions
19:33:23.146 [JavaFX Application Thread] DEBUG GameApplicationServi - Removing overlay from FXGLMainMenuDummyScene and adding to FXGLLoadingScene
19:33:23.146 [JavaFX Application Thread] DEBUG PrimaryStageWindow   - FXGLMainMenuDummyScene -> FXGLLoadingScene
19:33:23.146 [JavaFX Application Thread] DEBUG GameApplicationServi - Clearing previous game
19:33:23.147 [JavaFX Application Thread] DEBUG GameScene            - Clearing game scene
19:33:23.147 [JavaFX Application Thread] DEBUG GameWorld            - Clearing game world
19:33:23.147 [JavaFX Application Thread] DEBUG PhysicsWorld         - Clearing physics world
19:33:23.149 [FXGL Background Thread 2 ] DEBUG FXGLApplication      - Initializing game
19:33:23.216 [FXGL Background Thread 2 ] WARN  TMXLevelLoader       - TiledMap generated from 1.11.0. Supported version: 1.9.0. Some features may not be parsed fully.
19:33:23.228 [FXGL Background Thread 2 ] DEBUG TMXLevelLoader       - Parsed TiledMap: file:/C:/Users/gclm4/OneDrive/Desktop/JavaFXGame/target/classes/assets/levels/tmx/level1.tmx
19:33:23.230 [FXGL Background Thread 2 ] DEBUG TMXLevelLoader       - Creating tile layer entities
19:33:23.233 [FXGL Background Thread 2 ] DEBUG TilesetLoader        - Loading view for layer Tile Layer 1
19:33:23.237 [FXGL Background Thread 2 ] DEBUG TilesetLoader        - Created buffer with size 1050.0x700.0
19:33:23.276 [FXGL Background Thread 2 ] DEBUG TMXLevelLoader       - Creating object layer entities
19:33:23.327 [FXGL Background Thread 2 ] DEBUG GameWorld            - Clearing removable entities
19:33:23.327 [FXGL Background Thread 2 ] DEBUG GameWorld            - Setting level: com.almasb.fxgl.entity.level.Level@710f33d
19:33:23.340 [FXGL Background Thread 2 ] DEBUG FXGLAssetLoaderServi - Loading from file system: file:/C:/Users/gclm4/OneDrive/Desktop/JavaFXGame/target/classes/assets/textures/player.png
19:33:23.353 [JavaFX Application Thread] DEBUG LoopRunner           - Stopping loop
19:33:23.356 [JavaFX Application Thread] FATAL FXGLApplication      - Uncaught Exception:
java.lang.RuntimeException: Initialization failed
	at com.almasb.fxgl.all@17.2/com.almasb.fxgl.app.FXGLApplication$InitAppTask.failed(FXGLApplication.kt:343)
	at javafx.graphics/javafx.concurrent.Task.setState(Task.java:710)
	at javafx.graphics/javafx.concurrent.Task$TaskCallable.lambda$call$2(Task.java:1456)
	at javafx.graphics/com.sun.javafx.application.PlatformImpl.lambda$runLater$10(PlatformImpl.java:457)
	at java.base/java.security.AccessController.doPrivileged(AccessController.java:400)
	at javafx.graphics/com.sun.javafx.application.PlatformImpl.lambda$runLater$11(PlatformImpl.java:456)
	at javafx.graphics/com.sun.glass.ui.InvokeLaterDispatcher$Future.run(InvokeLaterDispatcher.java:96)
	at javafx.graphics/com.sun.glass.ui.win.WinApplication._runLoop(Native Method)
	at javafx.graphics/com.sun.glass.ui.win.WinApplication.lambda$runLoop$3(WinApplication.java:184)
	at java.base/java.lang.Thread.run(Thread.java:1583)
Caused by: java.lang.IllegalStateException: Physics not initialized yet! Use setOnPhysicsInitialized() instead
	at com.almasb.fxgl.entity@17.2/com.almasb.fxgl.physics.PhysicsComponent.getBody(PhysicsComponent.java:87)
	at com.almasb.fxgl.entity@17.2/com.almasb.fxgl.physics.PhysicsComponent.setAngularVelocity(PhysicsComponent.java:248)
	at com.sunsofgod/com.sunsofgod.PlayerComponent.onAdded(PlayerComponent.java:44)
	at com.almasb.fxgl.entity@17.2/com.almasb.fxgl.entity.Entity.addComponentNoChecks(Entity.java:401)
	at com.almasb.fxgl.entity@17.2/com.almasb.fxgl.entity.Entity.addComponent(Entity.java:393)
	at com.almasb.fxgl.all@17.2/com.almasb.fxgl.dsl.EntityBuilder.with(EntityBuilder.kt:202)
	at com.sunsofgod/com.sunsofgod.PlatformerFactory.newPlayer(PlatformerFactory.java:101)
	at java.base/jdk.internal.reflect.DirectMethodHandleAccessor.invoke(DirectMethodHandleAccessor.java:103)
	at java.base/java.lang.reflect.Method.invoke(Method.java:580)
	at com.almasb.fxgl.core@17.2/com.almasb.fxgl.core.reflect.ReflectionUtils.call(ReflectionUtils.java:104)
	at com.almasb.fxgl.core@17.2/com.almasb.fxgl.core.reflect.ReflectionUtils.lambda$mapToFunction$3(ReflectionUtils.java:111)
	at com.almasb.fxgl.entity@17.2/com.almasb.fxgl.entity.GameWorld$create$2.invoke(GameWorld.kt:430)
	at com.almasb.fxgl.entity@17.2/com.almasb.fxgl.entity.GameWorld$create$2.invoke(GameWorld.kt:430)
	at com.almasb.fxgl.core@17.2/com.almasb.fxgl.core.util.DSLKt.tryCatchRoot(DSL.kt:34)
	at com.almasb.fxgl.entity@17.2/com.almasb.fxgl.entity.GameWorld.create(GameWorld.kt:430)
	at com.almasb.fxgl.entity@17.2/com.almasb.fxgl.entity.GameWorld.spawn(GameWorld.kt:396)
	at com.almasb.fxgl.entity@17.2/com.almasb.fxgl.entity.GameWorld.spawn(GameWorld.kt:384)
	at com.almasb.fxgl.all@17.2/com.almasb.fxgl.dsl.FXGL$Companion.spawn(FXGL.kt:557)
	at com.almasb.fxgl.all@17.2/com.almasb.fxgl.dsl.FXGL.spawn(FXGL.kt)
	at com.sunsofgod/com.sunsofgod.PlatformerApp.initGame(PlatformerApp.java:157)
	at com.almasb.fxgl.all@17.2/com.almasb.fxgl.app.FXGLApplication$InitAppTask.initGame(FXGLApplication.kt:339)
	at com.almasb.fxgl.all@17.2/com.almasb.fxgl.app.FXGLApplication$InitAppTask.call(FXGLApplication.kt:319)
	at com.almasb.fxgl.all@17.2/com.almasb.fxgl.app.FXGLApplication$InitAppTask.call(FXGLApplication.kt:311)
	at javafx.graphics/javafx.concurrent.Task$TaskCallable.call(Task.java:1426)
	at java.base/java.util.concurrent.FutureTask.run(FutureTask.java:317)
	at java.base/java.util.concurrent.Executors$RunnableAdapter.call(Executors.java:572)
	at java.base/java.util.concurrent.FutureTask.run(FutureTask.java:317)
	at java.base/java.util.concurrent.ThreadPoolExecutor.runWorker(ThreadPoolExecutor.java:1144)
	at java.base/java.util.concurrent.ThreadPoolExecutor$Worker.run(ThreadPoolExecutor.java:642)
	... 1 more

19:33:23.361 [JavaFX Application Thread] FATAL FXGLApplication      - Application will now exit
19:33:23.383 [JavaFX Application Thread] DEBUG PrimaryStageWindow   - Push state: ErrorSubScene
19:33:23.383 [JavaFX Application Thread] DEBUG Input                - Clearing active input actions
19:33:23.387 [JavaFX Application Thread] DEBUG GameApplicationServi - Removing overlay from FXGLLoadingScene and adding to ErrorSubScene
19:33:23.388 [JavaFX Application Thread] DEBUG PrimaryStageWindow   - FXGLLoadingScene -> ErrorSubScene
19:33:25.062 [FXGL Background Thread 3 ] DEBUG Engine               - Logging environment variables
19:33:25.064 [FXGL Background Thread 3 ] DEBUG Engine               - achievements: []
19:33:25.064 [FXGL Background Thread 3 ] DEBUG Engine               - actualHeight: 720.0
19:33:25.064 [FXGL Background Thread 3 ] DEBUG Engine               - actualHeightProperty: ReadOnlyDoubleProperty [value: 720.0]
19:33:25.064 [FXGL Background Thread 3 ] DEBUG Engine               - actualWidth: 1280.0
19:33:25.065 [FXGL Background Thread 3 ] DEBUG Engine               - actualWidthProperty: ReadOnlyDoubleProperty [value: 1280.0]
19:33:25.065 [FXGL Background Thread 3 ] DEBUG Engine               - appIcon: fxgl_icon.png
19:33:25.065 [FXGL Background Thread 3 ] DEBUG Engine               - applicationMode: DEVELOPER
19:33:25.065 [FXGL Background Thread 3 ] DEBUG Engine               - cSSList: [fxgl_dark.css]
19:33:25.066 [FXGL Background Thread 3 ] DEBUG Engine               - collisionDetectionStrategy: BRUTE_FORCE
19:33:25.066 [FXGL Background Thread 3 ] DEBUG Engine               - configClass: Optional.empty
19:33:25.066 [FXGL Background Thread 3 ] DEBUG Engine               - credits: []
19:33:25.067 [FXGL Background Thread 3 ] DEBUG Engine               - defaultCursor: CursorInfo(imageName=fxgl_default_cursor.png, hotspotX=7.0, hotspotY=6.0)
19:33:25.069 [FXGL Background Thread 3 ] DEBUG Engine               - devBBoxColorProperty: ObjectProperty [value: 0xff0000ff]
19:33:25.069 [FXGL Background Thread 3 ] DEBUG Engine               - devEnableDebugCameraProperty: BooleanProperty [value: false]
19:33:25.069 [FXGL Background Thread 3 ] DEBUG Engine               - devSensorColorProperty: ObjectProperty [value: 0xffff00ff]
19:33:25.070 [FXGL Background Thread 3 ] DEBUG Engine               - devShowBBoxProperty: BooleanProperty [value: false]
19:33:25.070 [FXGL Background Thread 3 ] DEBUG Engine               - devShowPositionProperty: BooleanProperty [value: false]
19:33:25.070 [FXGL Background Thread 3 ] DEBUG Engine               - enabledMenuItems: []
19:33:25.071 [FXGL Background Thread 3 ] DEBUG Engine               - engineServices: [class com.almasb.fxgl.app.services.FXGLAssetLoaderService, class com.almasb.fxgl.app.FXGLApplication$GameApplicationService, class com.almasb.fxgl.app.services.FXGLDialogService, class com.almasb.fxgl.app.services.IOTaskExecutorService, class com.almasb.fxgl.io.FileSystemService, class com.almasb.fxgl.localization.LocalizationService, class com.almasb.fxgl.app.services.SystemBundleService, class com.almasb.fxgl.profile.SaveLoadService, class com.almasb.fxgl.ui.FXGLUIFactoryServiceProvider, class com.almasb.fxgl.ui.FXGLDialogFactoryServiceProvider, class com.almasb.fxgl.audio.AudioPlayer, class com.almasb.fxgl.notification.impl.NotificationServiceProvider, class com.almasb.fxgl.achievement.AchievementService, class com.almasb.fxgl.cutscene.CutsceneService, class com.almasb.fxgl.minigames.MiniGameService, class com.almasb.fxgl.net.NetService, class com.almasb.fxgl.app.services.UpdaterService, class com.almasb.fxgl.dev.DevService]
19:33:25.071 [FXGL Background Thread 3 ] DEBUG Engine               - fontGame: Abel-Regular.ttf
19:33:25.071 [FXGL Background Thread 3 ] DEBUG Engine               - fontMono: TerminalLandMono-Regular.otf
19:33:25.071 [FXGL Background Thread 3 ] DEBUG Engine               - fontText: Courier-Prime.ttf
19:33:25.072 [FXGL Background Thread 3 ] DEBUG Engine               - fontUI: VarelaRound-Regular.ttf
19:33:25.072 [FXGL Background Thread 3 ] DEBUG Engine               - fullScreen: BooleanProperty [value: false]
19:33:25.072 [FXGL Background Thread 3 ] DEBUG Engine               - gameDifficulty: MEDIUM
19:33:25.073 [FXGL Background Thread 3 ] DEBUG Engine               - gameDifficultyProperty: ObjectProperty [value: MEDIUM]
19:33:25.073 [FXGL Background Thread 3 ] DEBUG Engine               - globalMusicVolume: 0.5
19:33:25.073 [FXGL Background Thread 3 ] DEBUG Engine               - globalMusicVolumeProperty: DoubleProperty [value: 0.25]
19:33:25.074 [FXGL Background Thread 3 ] DEBUG Engine               - globalSoundVolume: 0.5
19:33:25.074 [FXGL Background Thread 3 ] DEBUG Engine               - globalSoundVolumeProperty: DoubleProperty [value: 0.5]
19:33:25.074 [FXGL Background Thread 3 ] DEBUG Engine               - height: 720
19:33:25.074 [FXGL Background Thread 3 ] DEBUG Engine               - is3D: false
19:33:25.074 [FXGL Background Thread 3 ] DEBUG Engine               - isAndroid: false
19:33:25.075 [FXGL Background Thread 3 ] DEBUG Engine               - isBrowser: false
19:33:25.075 [FXGL Background Thread 3 ] DEBUG Engine               - isClickFeedbackEnabled: false
19:33:25.075 [FXGL Background Thread 3 ] DEBUG Engine               - isCloseConfirmation: false
19:33:25.075 [FXGL Background Thread 3 ] DEBUG Engine               - isDesktop: true
19:33:25.075 [FXGL Background Thread 3 ] DEBUG Engine               - isDeveloperMenuEnabled: false
19:33:25.075 [FXGL Background Thread 3 ] DEBUG Engine               - isEmbedded: false
19:33:25.076 [FXGL Background Thread 3 ] DEBUG Engine               - isEntityPreloadEnabled: true
19:33:25.076 [FXGL Background Thread 3 ] DEBUG Engine               - isExperimentalTiledLargeMap: false
19:33:25.076 [FXGL Background Thread 3 ] DEBUG Engine               - isFileSystemWriteAllowed: true
19:33:25.076 [FXGL Background Thread 3 ] DEBUG Engine               - isFullScreenAllowed: false
19:33:25.076 [FXGL Background Thread 3 ] DEBUG Engine               - isFullScreenFromStart: false
19:33:25.076 [FXGL Background Thread 3 ] DEBUG Engine               - isGameMenuEnabled: true
19:33:25.076 [FXGL Background Thread 3 ] DEBUG Engine               - isIOS: false
19:33:25.077 [FXGL Background Thread 3 ] DEBUG Engine               - isIntroEnabled: false
19:33:25.077 [FXGL Background Thread 3 ] DEBUG Engine               - isLinux: false
19:33:25.077 [FXGL Background Thread 3 ] DEBUG Engine               - isMac: false
19:33:25.077 [FXGL Background Thread 3 ] DEBUG Engine               - isMainMenuEnabled: true
19:33:25.077 [FXGL Background Thread 3 ] DEBUG Engine               - isManualResizeEnabled: false
19:33:25.077 [FXGL Background Thread 3 ] DEBUG Engine               - isMobile: false
19:33:25.078 [FXGL Background Thread 3 ] DEBUG Engine               - isNative: false
19:33:25.078 [FXGL Background Thread 3 ] DEBUG Engine               - isPauseMusicWhenMinimized: true
19:33:25.078 [FXGL Background Thread 3 ] DEBUG Engine               - isPreserveResizeRatio: false
19:33:25.078 [FXGL Background Thread 3 ] DEBUG Engine               - isProfilingEnabled: false
19:33:25.078 [FXGL Background Thread 3 ] DEBUG Engine               - isScaleAffectedOnResize: true
19:33:25.078 [FXGL Background Thread 3 ] DEBUG Engine               - isSingleStep: false
19:33:25.078 [FXGL Background Thread 3 ] DEBUG Engine               - isUserProfileEnabled: false
19:33:25.079 [FXGL Background Thread 3 ] DEBUG Engine               - isWindows: true
19:33:25.079 [FXGL Background Thread 3 ] DEBUG Engine               - language: ObjectProperty [value: ENGLISH]
19:33:25.079 [FXGL Background Thread 3 ] DEBUG Engine               - menuKey: ESCAPE
19:33:25.079 [FXGL Background Thread 3 ] DEBUG Engine               - mouseSensitivity: 0.2
19:33:25.080 [FXGL Background Thread 3 ] DEBUG Engine               - notificationViewClass: class com.almasb.fxgl.notification.view.XboxNotificationView
19:33:25.080 [FXGL Background Thread 3 ] DEBUG Engine               - pixelsPerMeter: 50.0
19:33:25.080 [FXGL Background Thread 3 ] DEBUG Engine               - platform: WINDOWS
19:33:25.080 [FXGL Background Thread 3 ] DEBUG Engine               - prefHeightProperty: ReadOnlyDoubleProperty [value: 720.0]
19:33:25.081 [FXGL Background Thread 3 ] DEBUG Engine               - prefWidthProperty: ReadOnlyDoubleProperty [value: 1280.0]
19:33:25.081 [FXGL Background Thread 3 ] DEBUG Engine               - profileDir: profiles/
19:33:25.081 [FXGL Background Thread 3 ] DEBUG Engine               - profileName: StringProperty [value: DEFAULT]
19:33:25.081 [FXGL Background Thread 3 ] DEBUG Engine               - randomSeed: -1
19:33:25.082 [FXGL Background Thread 3 ] DEBUG Engine               - runtimeInfo: RuntimeInfo(platform=WINDOWS, version=17.2, build=20.08.2022 16.50)
19:33:25.083 [FXGL Background Thread 3 ] DEBUG Engine               - saveFileExt: sav
19:33:25.083 [FXGL Background Thread 3 ] DEBUG Engine               - scaledHeightProp$fxgl: DoubleProperty [bound, value: 720.0]
19:33:25.083 [FXGL Background Thread 3 ] DEBUG Engine               - scaledWidthProp$fxgl: DoubleProperty [bound, value: 1280.0]
19:33:25.084 [FXGL Background Thread 3 ] DEBUG Engine               - sceneFactory: com.almasb.fxgl.app.scene.SceneFactory@7a60d78b
19:33:25.084 [FXGL Background Thread 3 ] DEBUG Engine               - secondsIn24h: 60
19:33:25.084 [FXGL Background Thread 3 ] DEBUG Engine               - soundMenuBack: menu/back.wav
19:33:25.084 [FXGL Background Thread 3 ] DEBUG Engine               - soundMenuPress: menu/press.wav
19:33:25.084 [FXGL Background Thread 3 ] DEBUG Engine               - soundMenuSelect: menu/select.wav
19:33:25.085 [FXGL Background Thread 3 ] DEBUG Engine               - soundNotification: core/notification.wav
19:33:25.085 [FXGL Background Thread 3 ] DEBUG Engine               - stageStyle: DECORATED
19:33:25.085 [FXGL Background Thread 3 ] DEBUG Engine               - supportedLanguages: [ENGLISH, FRENCH, GERMAN, HUNGARIAN, RUSSIAN]
19:33:25.085 [FXGL Background Thread 3 ] DEBUG Engine               - ticksPerSecond: -1
19:33:25.086 [FXGL Background Thread 3 ] DEBUG Engine               - title: Untitled
19:33:25.086 [FXGL Background Thread 3 ] DEBUG Engine               - urlGithub: https://github.com/AlmasB/FXGL
19:33:25.086 [FXGL Background Thread 3 ] DEBUG Engine               - urlLeaderboard: http://fxgl-top.herokuapp.com/
19:33:25.086 [FXGL Background Thread 3 ] DEBUG Engine               - urlPOM: https://raw.githubusercontent.com/AlmasB/FXGL/release/README.md
19:33:25.086 [FXGL Background Thread 3 ] DEBUG Engine               - userAppClass: class com.sunsofgod.PlatformerApp
19:33:25.086 [FXGL Background Thread 3 ] DEBUG Engine               - version: 0.0
19:33:25.087 [FXGL Background Thread 3 ] DEBUG Engine               - versionCheckDays: 7
19:33:25.087 [FXGL Background Thread 3 ] DEBUG Engine               - width: 1280
19:33:25.087 [FXGL Background Thread 3 ] DEBUG Engine               - Logging services
19:33:25.087 [FXGL Background Thread 3 ] DEBUG Engine               - class com.almasb.fxgl.app.services.FXGLAssetLoaderService
19:33:25.087 [FXGL Background Thread 3 ] DEBUG Engine               - class com.almasb.fxgl.app.FXGLApplication$GameApplicationService
19:33:25.087 [FXGL Background Thread 3 ] DEBUG Engine               - class com.almasb.fxgl.app.services.FXGLDialogService
19:33:25.088 [FXGL Background Thread 3 ] DEBUG Engine               - class com.almasb.fxgl.app.services.IOTaskExecutorService
19:33:25.088 [FXGL Background Thread 3 ] DEBUG Engine               - class com.almasb.fxgl.io.FileSystemService
19:33:25.088 [FXGL Background Thread 3 ] DEBUG Engine               - class com.almasb.fxgl.localization.LocalizationService
19:33:25.088 [FXGL Background Thread 3 ] DEBUG Engine               - class com.almasb.fxgl.app.services.SystemBundleService
19:33:25.088 [FXGL Background Thread 3 ] DEBUG Engine               - class com.almasb.fxgl.profile.SaveLoadService
19:33:25.088 [FXGL Background Thread 3 ] DEBUG Engine               - class com.almasb.fxgl.ui.FXGLUIFactoryServiceProvider
19:33:25.088 [FXGL Background Thread 3 ] DEBUG Engine               - class com.almasb.fxgl.ui.FXGLDialogFactoryServiceProvider
19:33:25.089 [FXGL Background Thread 3 ] DEBUG Engine               - class com.almasb.fxgl.audio.AudioPlayer
19:33:25.089 [FXGL Background Thread 3 ] DEBUG Engine               - class com.almasb.fxgl.notification.impl.NotificationServiceProvider
19:33:25.089 [FXGL Background Thread 3 ] DEBUG Engine               - class com.almasb.fxgl.achievement.AchievementService
19:33:25.089 [FXGL Background Thread 3 ] DEBUG Engine               - class com.almasb.fxgl.cutscene.CutsceneService
19:33:25.089 [FXGL Background Thread 3 ] DEBUG Engine               - class com.almasb.fxgl.minigames.MiniGameService
19:33:25.089 [FXGL Background Thread 3 ] DEBUG Engine               - class com.almasb.fxgl.net.NetService
19:33:25.089 [FXGL Background Thread 3 ] DEBUG Engine               - class com.almasb.fxgl.app.services.UpdaterService
19:33:25.089 [FXGL Background Thread 3 ] DEBUG Engine               - class com.almasb.fxgl.dev.DevService
19:33:26.457 [JavaFX Application Thread] DEBUG FXGLApplication      - Exiting FXGL
19:33:26.457 [JavaFX Application Thread] DEBUG Async                - Shutting down background threads
19:33:26.457 [JavaFX Application Thread] DEBUG PrimaryStageWindow   - Closing main window
19:33:26.479 [JavaFX Application Thread] DEBUG Logger               - Closing Logger
