00:04:22.033 [main                     ] DEBUG Logger               - Configured Logger
00:04:22.056 [main                     ] DEBUG GameApplication      - Logging settings
Title: Untitled
Version: 0.0
Width: 1280
Height: 720
Fullscreen: false
Intro: false
Profiling: false
Single step:false
App Mode: DEVELOPER
Menu Key: ESCAPE
Stage Style: DECORATED
Scene Factory: class com.sunsofgod.PlatformerApp$1

00:04:22.337 [JavaFX Application Thread] DEBUG FXGLApplication      - Initializing FXGL
00:04:22.340 [JavaFX Application Thread] INFO  Engine               - FXGL-17.2 (20.08.2022 16.50) on WINDOWS (J:21.0.4 FX:17.0.12)
00:04:22.340 [JavaFX Application Thread] DEBUG Engine               - JRE Vendor Name: Eclipse Adoptium
00:04:22.340 [JavaFX Application Thread] DEBUG Engine               - Running on OS: Windows 11 version 10.0
00:04:22.340 [JavaFX Application Thread] DEBUG Engine               - Architecture: amd64
00:04:22.341 [JavaFX Application Thread] INFO  Engine               - Source code and latest versions at: https://github.com/AlmasB/FXGL
00:04:22.341 [JavaFX Application Thread] INFO  Engine               -       Ask questions and discuss at: https://github.com/AlmasB/FXGL/discussions
00:04:22.341 [JavaFX Application Thread] INFO  Engine               -              Join the FXGL chat at: https://gitter.im/AlmasB/FXGL
00:04:22.402 [JavaFX Application Thread] DEBUG PrimaryStageWindow   - Creating a JavaFX scene
00:04:22.433 [JavaFX Application Thread] DEBUG PrimaryStageWindow   - Target settings size: 1280.0 x 720.0
00:04:22.433 [JavaFX Application Thread] DEBUG PrimaryStageWindow   - Scaled scene size:    1280.0 x 720.0
00:04:22.434 [JavaFX Application Thread] DEBUG PrimaryStageWindow   - Scaled ratio: (1.0, 1.0)
00:04:22.434 [JavaFX Application Thread] DEBUG PrimaryStageWindow   - Set initial scene to FXGLStartupScene
00:04:22.440 [JavaFX Application Thread] DEBUG PrimaryStageWindow   - Opening main window
00:04:22.499 [JavaFX Application Thread] DEBUG PrimaryStageWindow   - Window border size: (16.0, 39.0)
00:04:22.499 [JavaFX Application Thread] DEBUG PrimaryStageWindow   - Scaled size: 1280.0 x 720.0
00:04:22.499 [JavaFX Application Thread] DEBUG PrimaryStageWindow   - Scaled ratio: (1.0, 1.0)
00:04:22.500 [JavaFX Application Thread] DEBUG PrimaryStageWindow   - Scene size: 1280.0 x 720.0
00:04:22.500 [JavaFX Application Thread] DEBUG PrimaryStageWindow   - Stage size: 1296.0 x 759.0
00:04:22.505 [FXGL Background Thread 1 ] DEBUG Engine               - Initializing environment variables
00:04:22.536 [FXGL Background Thread 1 ] DEBUG FXGLAssetLoaderServi - User app class for loading assets: class com.sunsofgod.PlatformerApp
00:04:22.537 [FXGL Background Thread 1 ] DEBUG GameApplicationServi - Applying CSS: fxgl_dark.css
00:04:22.537 [FXGL Background Thread 1 ] DEBUG FXGLAssetLoaderServi - Loading from file system: jar:file:///C:/Users/Balong/.m2/repository/com/github/almasb/fxgl/17.2/fxgl-17.2.jar!/fxglassets/ui/css/fxgl_dark.css
00:04:22.569 [FXGL Background Thread 1 ] DEBUG GameApplicationServi - Initializing application scenes
00:04:22.600 [FXGL Background Thread 1 ] WARN  FXGLAssetLoaderServi - Asset "/assets/textures/player.png" was not found!
00:04:22.600 [FXGL Background Thread 1 ] WARN  FXGLAssetLoaderServi - Failed to load IMAGE
00:04:22.618 [FXGL Background Thread 1 ] DEBUG GameWorld            - Game world initialized
00:04:22.657 [FXGL Background Thread 1 ] DEBUG PhysicsWorld         - Physics world initialized: appHeight=720, physics.ppm=50.0
00:04:22.657 [FXGL Background Thread 1 ] DEBUG PhysicsWorld         - Using strategy: BRUTE_FORCE
00:04:22.659 [FXGL Background Thread 1 ] DEBUG GameScene            - Game scene initialized: 1280x720
00:04:22.905 [FXGL Background Thread 1 ] DEBUG FXGL.DefaultMenu     - createMenuBodyGameMenu()
00:04:22.913 [FXGL Background Thread 1 ] DEBUG FXGL.DefaultMenu     - createOptionsMenu()
00:04:22.917 [FXGL Background Thread 1 ] DEBUG FXGLAssetLoaderServi - Loading from file system: jar:file:///C:/Users/Balong/.m2/repository/com/github/almasb/fxgl/17.2/fxgl-17.2.jar!/fxglassets/textures/particles/smoke.png
00:04:22.955 [FXGL Background Thread 1 ] DEBUG FXGLAssetLoaderServi - Loading from file system: jar:file:///C:/Users/Balong/.m2/repository/com/github/almasb/fxgl/17.2/fxgl-17.2.jar!/fxglassets/textures/particles/trace_horizontal.png
00:04:22.963 [FXGL Background Thread 1 ] DEBUG GameApplicationServi - Application scenes initialized
00:04:22.973 [FXGL Background Thread 1 ] DEBUG SystemBundleService  - Loading FXGL system data
00:04:22.976 [FXGL Background Thread 1 ] DEBUG FileSystemAccess     - Reading from: C:\Users\Balong\Desktop\JavaFXGame-2\system\fxgl.bundle
00:04:22.983 [FXGL Background Thread 1 ] DEBUG SystemBundleService  - Bundle FXGL: {}
00:04:22.983 [FXGL Background Thread 1 ] DEBUG UpdaterService       - Checking for updates
00:04:23.005 [FXGL Background Thread 4 ] DEBUG FXGLApplication      - Loading fonts
00:04:23.005 [FXGL Background Thread 1 ] DEBUG FXGLApplication      - Loading default localization
00:04:23.005 [FXGL Background Thread 4 ] DEBUG FXGLAssetLoaderServi - Loading from file system: jar:file:///C:/Users/Balong/.m2/repository/com/github/almasb/fxgl/17.2/fxgl-17.2.jar!/fxglassets/ui/fonts/VarelaRound-Regular.ttf
00:04:23.005 [FXGL Background Thread 1 ] DEBUG FXGLAssetLoaderServi - Loading from file system: jar:file:///C:/Users/Balong/.m2/repository/com/github/almasb/fxgl/17.2/fxgl-17.2.jar!/fxglassets/languages/english.lang
00:04:23.020 [FXGL Background Thread 1 ] INFO  FXGLApplication      - FXGL initialization took: 0.514 sec
00:04:23.020 [JavaFX Application Thread] DEBUG FXGLAssetLoaderServi - Loading from file system: jar:file:///C:/Users/Balong/.m2/repository/com/github/almasb/fxgl/17.2/fxgl-17.2.jar!/fxglassets/textures/fxgl_icon.png
00:04:23.027 [JavaFX Application Thread] DEBUG FXGLAssetLoaderServi - Loading from file system: jar:file:///C:/Users/Balong/.m2/repository/com/github/almasb/fxgl/17.2/fxgl-17.2.jar!/fxglassets/textures/fxgl_default_cursor.png
00:04:23.035 [FXGL Background Thread 4 ] DEBUG FXGLAssetLoaderServi - Loading from file system: jar:file:///C:/Users/Balong/.m2/repository/com/github/almasb/fxgl/17.2/fxgl-17.2.jar!/fxglassets/ui/fonts/Abel-Regular.ttf
00:04:23.037 [JavaFX Application Thread] DEBUG Input                - Registered new binding: Screenshot - CTRL+8
00:04:23.037 [JavaFX Application Thread] DEBUG Input                - Registered new binding: Dev Options - 1
00:04:23.037 [JavaFX Application Thread] DEBUG Input                - Registered new binding: Dev Console - 2
00:04:23.037 [JavaFX Application Thread] DEBUG Input                - Registered new binding: System info dump - CTRL+9
00:04:23.038 [JavaFX Application Thread] DEBUG Input                - Registered new binding: Restart - CTRL+R
00:04:23.038 [JavaFX Application Thread] DEBUG Input                - Registered new binding: Toggle Debug Camera - CTRL+7
00:04:23.040 [JavaFX Application Thread] DEBUG LoopRunner           - Starting loop
00:04:23.044 [FXGL Background Thread 4 ] DEBUG FXGLAssetLoaderServi - Loading from file system: jar:file:///C:/Users/Balong/.m2/repository/com/github/almasb/fxgl/17.2/fxgl-17.2.jar!/fxglassets/ui/fonts/TerminalLandMono-Regular.otf
00:04:23.049 [JavaFX Application Thread] DEBUG LoopRunner           - Initializing JavaFX AnimationTimerLoop
00:04:23.051 [JavaFX Application Thread] DEBUG Input                - Clearing active input actions
00:04:23.058 [FXGL Background Thread 4 ] DEBUG FXGLAssetLoaderServi - Loading from file system: jar:file:///C:/Users/Balong/.m2/repository/com/github/almasb/fxgl/17.2/fxgl-17.2.jar!/fxglassets/ui/fonts/Courier-Prime.ttf
00:04:23.060 [JavaFX Application Thread] DEBUG GameApplicationServi - Removing overlay from FXGLStartupScene and adding to FXGLMainMenuDummyScene
00:04:23.062 [JavaFX Application Thread] DEBUG PrimaryStageWindow   - FXGLStartupScene -> FXGLMainMenuDummyScene
00:04:23.062 [JavaFX Application Thread] DEBUG PrimaryStageWindow   - Push state: RiderMainMenuScene
00:04:23.062 [JavaFX Application Thread] DEBUG Input                - Clearing active input actions
00:04:23.066 [JavaFX Application Thread] DEBUG GameApplicationServi - Removing overlay from FXGLMainMenuDummyScene and adding to RiderMainMenuScene
00:04:23.066 [JavaFX Application Thread] DEBUG PrimaryStageWindow   - FXGLMainMenuDummyScene -> RiderMainMenuScene
00:04:23.186 [JavaFX Application Thread] DEBUG FXGLApplication      - Registering font factories with UI factory
00:04:23.322 [FXGL Background Thread 2 ] INFO  UpdaterService       - Your current version:  17.2
00:04:23.322 [FXGL Background Thread 2 ] INFO  UpdaterService       - Latest stable version: 21.1
00:04:23.769 [JavaFX Application Thread] DEBUG PrimaryStageWindow   - Push state: PlayerSelectScene
00:04:23.769 [JavaFX Application Thread] DEBUG Input                - Clearing active input actions
00:04:23.770 [JavaFX Application Thread] DEBUG GameApplicationServi - Removing overlay from RiderMainMenuScene and adding to PlayerSelectScene
00:04:23.770 [JavaFX Application Thread] DEBUG PrimaryStageWindow   - RiderMainMenuScene -> PlayerSelectScene
00:04:25.925 [JavaFX Application Thread] DEBUG FXGLApplication      - Exiting FXGL
00:04:25.925 [JavaFX Application Thread] DEBUG LoopRunner           - Stopping loop
00:04:25.925 [JavaFX Application Thread] DEBUG SystemBundleService  - Saving FXGL system data
00:04:25.926 [JavaFX Application Thread] DEBUG FileSystemAccess     - Writing to: C:\Users\Balong\Desktop\JavaFXGame-2\system\fxgl.bundle
00:04:25.928 [JavaFX Application Thread] DEBUG Async                - Shutting down background threads
00:04:25.928 [JavaFX Application Thread] DEBUG PrimaryStageWindow   - Closing main window
00:04:25.936 [JavaFX Application Thread] DEBUG Logger               - Closing Logger
