10:45:04.106 [main                     ] DEBUG Logger               - Configured Logger
10:45:04.125 [main                     ] DEBUG GameApplication      - Logging settings
Title: Untitled
Version: 0.0
Width: 1280
Height: 720
Fullscreen: false
Intro: false
Profiling: false
Single step:false
App Mode: DEVELOPER
Menu Key: ESCAPE
Stage Style: DECORATED
Scene Factory: class com.sunsofgod.PlatformerApp$1

10:45:04.400 [JavaFX Application Thread] DEBUG FXGLApplication      - Initializing FXGL
10:45:04.403 [JavaFX Application Thread] INFO  Engine               - FXGL-17.2 (20.08.2022 16.50) on WINDOWS (J:21.0.4 FX:17.0.12)
10:45:04.404 [JavaFX Application Thread] DEBUG Engine               - JRE Vendor Name: Eclipse Adoptium
10:45:04.404 [JavaFX Application Thread] DEBUG Engine               - Running on OS: Windows 11 version 10.0
10:45:04.404 [JavaFX Application Thread] DEBUG Engine               - Architecture: amd64
10:45:04.404 [JavaFX Application Thread] INFO  Engine               - Source code and latest versions at: https://github.com/AlmasB/FXGL
10:45:04.404 [JavaFX Application Thread] INFO  Engine               -       Ask questions and discuss at: https://github.com/AlmasB/FXGL/discussions
10:45:04.404 [JavaFX Application Thread] INFO  Engine               -              Join the FXGL chat at: https://gitter.im/AlmasB/FXGL
10:45:04.466 [JavaFX Application Thread] DEBUG PrimaryStageWindow   - Creating a JavaFX scene
10:45:04.497 [JavaFX Application Thread] DEBUG PrimaryStageWindow   - Target settings size: 1280.0 x 720.0
10:45:04.497 [JavaFX Application Thread] DEBUG PrimaryStageWindow   - Scaled scene size:    1280.0 x 720.0
10:45:04.497 [JavaFX Application Thread] DEBUG PrimaryStageWindow   - Scaled ratio: (1.0, 1.0)
10:45:04.498 [JavaFX Application Thread] DEBUG PrimaryStageWindow   - Set initial scene to FXGLStartupScene
10:45:04.503 [JavaFX Application Thread] DEBUG PrimaryStageWindow   - Opening main window
10:45:04.562 [JavaFX Application Thread] DEBUG PrimaryStageWindow   - Window border size: (16.0, 39.0)
10:45:04.562 [JavaFX Application Thread] DEBUG PrimaryStageWindow   - Scaled size: 1280.0 x 720.0
10:45:04.563 [JavaFX Application Thread] DEBUG PrimaryStageWindow   - Scaled ratio: (1.0, 1.0)
10:45:04.563 [JavaFX Application Thread] DEBUG PrimaryStageWindow   - Scene size: 1280.0 x 720.0
10:45:04.563 [JavaFX Application Thread] DEBUG PrimaryStageWindow   - Stage size: 1296.0 x 759.0
10:45:04.568 [FXGL Background Thread 1 ] DEBUG Engine               - Initializing environment variables
10:45:04.604 [FXGL Background Thread 1 ] DEBUG FXGLAssetLoaderServi - User app class for loading assets: class com.sunsofgod.PlatformerApp
10:45:04.604 [FXGL Background Thread 1 ] DEBUG GameApplicationServi - Applying CSS: fxgl_dark.css
10:45:04.604 [FXGL Background Thread 1 ] DEBUG FXGLAssetLoaderServi - Loading from file system: jar:file:///C:/Users/user/.m2/repository/com/github/almasb/fxgl/17.2/fxgl-17.2.jar!/fxglassets/ui/css/fxgl_dark.css
10:45:04.638 [FXGL Background Thread 1 ] DEBUG GameApplicationServi - Initializing application scenes
10:45:04.672 [FXGL Background Thread 1 ] DEBUG FXGLAssetLoaderServi - Loading from file system: file:/C:/Users/user/Desktop/JavaFXGame/target/classes/assets/textures/player.png
10:45:04.689 [FXGL Background Thread 1 ] DEBUG GameWorld            - Game world initialized
10:45:04.726 [FXGL Background Thread 1 ] DEBUG PhysicsWorld         - Physics world initialized: appHeight=720, physics.ppm=50.0
10:45:04.726 [FXGL Background Thread 1 ] DEBUG PhysicsWorld         - Using strategy: BRUTE_FORCE
10:45:04.728 [FXGL Background Thread 1 ] DEBUG GameScene            - Game scene initialized: 1280x720
10:45:04.741 [FXGL Background Thread 1 ] DEBUG FXGL.DefaultMenu     - createMenuBodyGameMenu()
10:45:04.750 [FXGL Background Thread 1 ] DEBUG FXGL.DefaultMenu     - createOptionsMenu()
10:45:04.757 [FXGL Background Thread 1 ] DEBUG FXGLAssetLoaderServi - Loading from file system: jar:file:///C:/Users/user/.m2/repository/com/github/almasb/fxgl/17.2/fxgl-17.2.jar!/fxglassets/textures/particles/smoke.png
10:45:04.805 [FXGL Background Thread 1 ] DEBUG FXGLAssetLoaderServi - Loading from file system: jar:file:///C:/Users/user/.m2/repository/com/github/almasb/fxgl/17.2/fxgl-17.2.jar!/fxglassets/textures/particles/trace_horizontal.png
10:45:04.824 [FXGL Background Thread 1 ] DEBUG GameApplicationServi - Application scenes initialized
10:45:04.834 [FXGL Background Thread 1 ] DEBUG SystemBundleService  - Loading FXGL system data
10:45:04.838 [FXGL Background Thread 1 ] DEBUG FileSystemAccess     - Reading from: C:\Users\user\Desktop\JavaFXGame\system\fxgl.bundle
10:45:04.845 [FXGL Background Thread 1 ] DEBUG SystemBundleService  - Bundle FXGL: {}
10:45:04.845 [FXGL Background Thread 1 ] DEBUG UpdaterService       - Checking for updates
10:45:04.861 [FXGL Background Thread 4 ] DEBUG FXGLApplication      - Loading fonts
10:45:04.861 [FXGL Background Thread 1 ] DEBUG FXGLApplication      - Loading default localization
10:45:04.861 [FXGL Background Thread 4 ] DEBUG FXGLAssetLoaderServi - Loading from file system: jar:file:///C:/Users/user/.m2/repository/com/github/almasb/fxgl/17.2/fxgl-17.2.jar!/fxglassets/ui/fonts/VarelaRound-Regular.ttf
10:45:04.861 [FXGL Background Thread 1 ] DEBUG FXGLAssetLoaderServi - Loading from file system: jar:file:///C:/Users/user/.m2/repository/com/github/almasb/fxgl/17.2/fxgl-17.2.jar!/fxglassets/languages/english.lang
10:45:04.873 [FXGL Background Thread 1 ] INFO  FXGLApplication      - FXGL initialization took: 0.305 sec
10:45:04.874 [JavaFX Application Thread] DEBUG FXGLAssetLoaderServi - Loading from file system: jar:file:///C:/Users/user/.m2/repository/com/github/almasb/fxgl/17.2/fxgl-17.2.jar!/fxglassets/textures/fxgl_icon.png
10:45:04.884 [FXGL Background Thread 4 ] DEBUG FXGLAssetLoaderServi - Loading from file system: jar:file:///C:/Users/user/.m2/repository/com/github/almasb/fxgl/17.2/fxgl-17.2.jar!/fxglassets/ui/fonts/Abel-Regular.ttf
10:45:04.887 [FXGL Background Thread 4 ] DEBUG FXGLAssetLoaderServi - Loading from file system: jar:file:///C:/Users/user/.m2/repository/com/github/almasb/fxgl/17.2/fxgl-17.2.jar!/fxglassets/ui/fonts/TerminalLandMono-Regular.otf
10:45:04.888 [JavaFX Application Thread] DEBUG FXGLAssetLoaderServi - Loading from file system: jar:file:///C:/Users/user/.m2/repository/com/github/almasb/fxgl/17.2/fxgl-17.2.jar!/fxglassets/textures/fxgl_default_cursor.png
10:45:04.890 [FXGL Background Thread 4 ] DEBUG FXGLAssetLoaderServi - Loading from file system: jar:file:///C:/Users/user/.m2/repository/com/github/almasb/fxgl/17.2/fxgl-17.2.jar!/fxglassets/ui/fonts/Courier-Prime.ttf
10:45:04.897 [JavaFX Application Thread] DEBUG Input                - Registered new binding: Screenshot - CTRL+8
10:45:04.897 [JavaFX Application Thread] DEBUG Input                - Registered new binding: Dev Options - 1
10:45:04.897 [JavaFX Application Thread] DEBUG Input                - Registered new binding: Dev Console - 2
10:45:04.898 [JavaFX Application Thread] DEBUG Input                - Registered new binding: System info dump - CTRL+9
10:45:04.898 [JavaFX Application Thread] DEBUG Input                - Registered new binding: Restart - CTRL+R
10:45:04.898 [JavaFX Application Thread] DEBUG Input                - Registered new binding: Toggle Debug Camera - CTRL+7
10:45:04.900 [JavaFX Application Thread] DEBUG LoopRunner           - Starting loop
10:45:04.909 [JavaFX Application Thread] DEBUG LoopRunner           - Initializing JavaFX AnimationTimerLoop
10:45:04.911 [JavaFX Application Thread] DEBUG Input                - Clearing active input actions
10:45:04.917 [JavaFX Application Thread] DEBUG GameApplicationServi - Removing overlay from FXGLStartupScene and adding to FXGLMainMenuDummyScene
10:45:04.920 [JavaFX Application Thread] DEBUG PrimaryStageWindow   - FXGLStartupScene -> FXGLMainMenuDummyScene
10:45:04.920 [JavaFX Application Thread] DEBUG PrimaryStageWindow   - Push state: RiderMainMenuScene
10:45:04.920 [JavaFX Application Thread] DEBUG Input                - Clearing active input actions
10:45:04.924 [JavaFX Application Thread] DEBUG GameApplicationServi - Removing overlay from FXGLMainMenuDummyScene and adding to RiderMainMenuScene
10:45:04.924 [JavaFX Application Thread] DEBUG PrimaryStageWindow   - FXGLMainMenuDummyScene -> RiderMainMenuScene
10:45:04.925 [JavaFX Application Thread] DEBUG FXGLApplication      - Registering font factories with UI factory
10:45:05.178 [FXGL Background Thread 2 ] INFO  UpdaterService       - Your current version:  17.2
10:45:05.178 [FXGL Background Thread 2 ] INFO  UpdaterService       - Latest stable version: 21.1
10:45:06.312 [JavaFX Application Thread] DEBUG PrimaryStageWindow   - Push state: PlayerSelectScene
10:45:06.312 [JavaFX Application Thread] DEBUG Input                - Clearing active input actions
10:45:06.312 [JavaFX Application Thread] DEBUG GameApplicationServi - Removing overlay from RiderMainMenuScene and adding to PlayerSelectScene
10:45:06.313 [JavaFX Application Thread] DEBUG PrimaryStageWindow   - RiderMainMenuScene -> PlayerSelectScene
10:45:06.694 [JavaFX Application Thread] DEBUG PrimaryStageWindow   - Push state: LevelSelectScene
10:45:06.694 [JavaFX Application Thread] DEBUG Input                - Clearing active input actions
10:45:06.695 [JavaFX Application Thread] DEBUG GameApplicationServi - Removing overlay from PlayerSelectScene and adding to LevelSelectScene
10:45:06.696 [JavaFX Application Thread] DEBUG PrimaryStageWindow   - PlayerSelectScene -> LevelSelectScene
10:45:07.070 [JavaFX Application Thread] DEBUG Menu                 - fireNewGame()
10:45:07.070 [JavaFX Application Thread] DEBUG GameApplicationServi - Starting new game
10:45:07.070 [JavaFX Application Thread] DEBUG PrimaryStageWindow   - Pop state: LevelSelectScene
10:45:07.070 [JavaFX Application Thread] DEBUG Input                - Clearing active input actions
10:45:07.071 [JavaFX Application Thread] DEBUG GameApplicationServi - Removing overlay from LevelSelectScene and adding to PlayerSelectScene
10:45:07.072 [JavaFX Application Thread] DEBUG PrimaryStageWindow   - PlayerSelectScene <- LevelSelectScene
10:45:07.072 [JavaFX Application Thread] DEBUG PrimaryStageWindow   - Pop state: PlayerSelectScene
10:45:07.072 [JavaFX Application Thread] DEBUG Input                - Clearing active input actions
10:45:07.072 [JavaFX Application Thread] DEBUG GameApplicationServi - Removing overlay from PlayerSelectScene and adding to RiderMainMenuScene
10:45:07.073 [JavaFX Application Thread] DEBUG PrimaryStageWindow   - RiderMainMenuScene <- PlayerSelectScene
10:45:07.073 [JavaFX Application Thread] DEBUG PrimaryStageWindow   - Pop state: RiderMainMenuScene
10:45:07.073 [JavaFX Application Thread] DEBUG Input                - Clearing active input actions
10:45:07.073 [JavaFX Application Thread] DEBUG GameApplicationServi - Removing overlay from RiderMainMenuScene and adding to FXGLMainMenuDummyScene
10:45:07.074 [JavaFX Application Thread] DEBUG PrimaryStageWindow   - FXGLMainMenuDummyScene <- RiderMainMenuScene
10:45:07.074 [JavaFX Application Thread] DEBUG Input                - Clearing active input actions
10:45:07.078 [JavaFX Application Thread] DEBUG GameApplicationServi - Removing overlay from FXGLMainMenuDummyScene and adding to MainLoadingScene
10:45:07.079 [JavaFX Application Thread] DEBUG PrimaryStageWindow   - FXGLMainMenuDummyScene -> MainLoadingScene
10:45:07.079 [JavaFX Application Thread] DEBUG GameApplicationServi - Clearing previous game
10:45:07.079 [JavaFX Application Thread] DEBUG GameScene            - Clearing game scene
10:45:07.079 [JavaFX Application Thread] DEBUG GameWorld            - Clearing game world
10:45:07.079 [JavaFX Application Thread] DEBUG PhysicsWorld         - Clearing physics world
10:45:07.080 [FXGL Background Thread 2 ] DEBUG FXGLApplication      - Initializing game
10:45:07.110 [FXGL Background Thread 2 ] WARN  TMXLevelLoader       - TiledMap generated from 1.11.0. Supported version: 1.9.0. Some features may not be parsed fully.
10:45:07.115 [FXGL Background Thread 2 ] DEBUG TMXLevelLoader       - Parsed TiledMap: file:/C:/Users/user/Desktop/JavaFXGame/target/classes/assets/levels/tmx/level1.tmx
10:45:07.116 [FXGL Background Thread 2 ] DEBUG TMXLevelLoader       - Creating tile layer entities
10:45:07.117 [FXGL Background Thread 2 ] DEBUG TilesetLoader        - Loading view for layer Tile Layer 1
10:45:07.117 [FXGL Background Thread 2 ] DEBUG TilesetLoader        - Created buffer with size 1050.0x700.0
10:45:07.133 [FXGL Background Thread 2 ] DEBUG TMXLevelLoader       - Creating object layer entities
10:45:07.151 [FXGL Background Thread 2 ] DEBUG GameWorld            - Clearing removable entities
10:45:07.152 [FXGL Background Thread 2 ] DEBUG GameWorld            - Setting level: com.almasb.fxgl.entity.level.Level@23fe346f
10:45:07.165 [FXGL Background Thread 2 ] DEBUG Input                - Registered new binding: Jump0 - W
10:45:07.165 [FXGL Background Thread 2 ] DEBUG Input                - Registered new binding: Left0 - A
10:45:07.166 [FXGL Background Thread 2 ] DEBUG Input                - Registered new binding: Right0 - D
10:45:07.166 [FXGL Background Thread 2 ] DEBUG Input                - Registered new binding: Use0 - E
10:45:07.166 [FXGL Background Thread 2 ] DEBUG Input                - Registered new binding: Jump1 - Up
10:45:07.166 [FXGL Background Thread 2 ] DEBUG Input                - Registered new binding: Left1 - Left
10:45:07.166 [FXGL Background Thread 2 ] DEBUG Input                - Registered new binding: Right1 - Right
10:45:07.166 [FXGL Background Thread 2 ] DEBUG Input                - Registered new binding: Use1 - Slash
10:45:07.167 [FXGL Background Thread 2 ] DEBUG FXGLAssetLoaderServi - Loading from file system: file:/C:/Users/user/Desktop/JavaFXGame/target/classes/assets/textures/background/manila.png
10:45:07.178 [FXGL Background Thread 2 ] INFO  FXGLApplication      - Game initialization took: 0.099 sec
10:45:07.179 [JavaFX Application Thread] DEBUG Input                - Clearing active input actions
10:45:07.184 [JavaFX Application Thread] DEBUG GameApplicationServi - Removing overlay from MainLoadingScene and adding to GameScene
10:45:07.185 [JavaFX Application Thread] DEBUG PrimaryStageWindow   - MainLoadingScene -> GameScene
10:45:07.860 [FXGL Background Thread 3 ] DEBUG Engine               - Logging environment variables
10:45:07.860 [FXGL Background Thread 3 ] DEBUG Engine               - achievements: []
10:45:07.860 [FXGL Background Thread 3 ] DEBUG Engine               - actualHeight: 720.0
10:45:07.860 [FXGL Background Thread 3 ] DEBUG Engine               - actualHeightProperty: ReadOnlyDoubleProperty [value: 720.0]
10:45:07.860 [FXGL Background Thread 3 ] DEBUG Engine               - actualWidth: 1280.0
10:45:07.860 [FXGL Background Thread 3 ] DEBUG Engine               - actualWidthProperty: ReadOnlyDoubleProperty [value: 1280.0]
10:45:07.860 [FXGL Background Thread 3 ] DEBUG Engine               - appIcon: fxgl_icon.png
10:45:07.860 [FXGL Background Thread 3 ] DEBUG Engine               - applicationMode: DEVELOPER
10:45:07.860 [FXGL Background Thread 3 ] DEBUG Engine               - cSSList: [fxgl_dark.css]
10:45:07.860 [FXGL Background Thread 3 ] DEBUG Engine               - collisionDetectionStrategy: BRUTE_FORCE
10:45:07.860 [FXGL Background Thread 3 ] DEBUG Engine               - configClass: Optional.empty
10:45:07.860 [FXGL Background Thread 3 ] DEBUG Engine               - credits: []
10:45:07.861 [FXGL Background Thread 3 ] DEBUG Engine               - defaultCursor: CursorInfo(imageName=fxgl_default_cursor.png, hotspotX=7.0, hotspotY=6.0)
10:45:07.861 [FXGL Background Thread 3 ] DEBUG Engine               - devBBoxColorProperty: ObjectProperty [value: 0xff0000ff]
10:45:07.861 [FXGL Background Thread 3 ] DEBUG Engine               - devEnableDebugCameraProperty: BooleanProperty [value: false]
10:45:07.861 [FXGL Background Thread 3 ] DEBUG Engine               - devSensorColorProperty: ObjectProperty [value: 0xffff00ff]
10:45:07.861 [FXGL Background Thread 3 ] DEBUG Engine               - devShowBBoxProperty: BooleanProperty [value: false]
10:45:07.861 [FXGL Background Thread 3 ] DEBUG Engine               - devShowPositionProperty: BooleanProperty [value: false]
10:45:07.861 [FXGL Background Thread 3 ] DEBUG Engine               - enabledMenuItems: []
10:45:07.861 [FXGL Background Thread 3 ] DEBUG Engine               - engineServices: [class com.almasb.fxgl.app.services.FXGLAssetLoaderService, class com.almasb.fxgl.app.FXGLApplication$GameApplicationService, class com.almasb.fxgl.app.services.FXGLDialogService, class com.almasb.fxgl.app.services.IOTaskExecutorService, class com.almasb.fxgl.io.FileSystemService, class com.almasb.fxgl.localization.LocalizationService, class com.almasb.fxgl.app.services.SystemBundleService, class com.almasb.fxgl.profile.SaveLoadService, class com.almasb.fxgl.ui.FXGLUIFactoryServiceProvider, class com.almasb.fxgl.ui.FXGLDialogFactoryServiceProvider, class com.almasb.fxgl.audio.AudioPlayer, class com.almasb.fxgl.notification.impl.NotificationServiceProvider, class com.almasb.fxgl.achievement.AchievementService, class com.almasb.fxgl.cutscene.CutsceneService, class com.almasb.fxgl.minigames.MiniGameService, class com.almasb.fxgl.net.NetService, class com.almasb.fxgl.app.services.UpdaterService, class com.almasb.fxgl.dev.DevService]
10:45:07.861 [FXGL Background Thread 3 ] DEBUG Engine               - fontGame: Abel-Regular.ttf
10:45:07.861 [FXGL Background Thread 3 ] DEBUG Engine               - fontMono: TerminalLandMono-Regular.otf
10:45:07.861 [FXGL Background Thread 3 ] DEBUG Engine               - fontText: Courier-Prime.ttf
10:45:07.861 [FXGL Background Thread 3 ] DEBUG Engine               - fontUI: VarelaRound-Regular.ttf
10:45:07.861 [FXGL Background Thread 3 ] DEBUG Engine               - fullScreen: BooleanProperty [value: false]
10:45:07.861 [FXGL Background Thread 3 ] DEBUG Engine               - gameDifficulty: MEDIUM
10:45:07.861 [FXGL Background Thread 3 ] DEBUG Engine               - gameDifficultyProperty: ObjectProperty [value: MEDIUM]
10:45:07.861 [FXGL Background Thread 3 ] DEBUG Engine               - globalMusicVolume: 0.5
10:45:07.862 [FXGL Background Thread 3 ] DEBUG Engine               - globalMusicVolumeProperty: DoubleProperty [value: 0.25]
10:45:07.862 [FXGL Background Thread 3 ] DEBUG Engine               - globalSoundVolume: 0.5
10:45:07.862 [FXGL Background Thread 3 ] DEBUG Engine               - globalSoundVolumeProperty: DoubleProperty [value: 0.5]
10:45:07.862 [FXGL Background Thread 3 ] DEBUG Engine               - height: 720
10:45:07.862 [FXGL Background Thread 3 ] DEBUG Engine               - is3D: false
10:45:07.862 [FXGL Background Thread 3 ] DEBUG Engine               - isAndroid: false
10:45:07.862 [FXGL Background Thread 3 ] DEBUG Engine               - isBrowser: false
10:45:07.862 [FXGL Background Thread 3 ] DEBUG Engine               - isClickFeedbackEnabled: false
10:45:07.862 [FXGL Background Thread 3 ] DEBUG Engine               - isCloseConfirmation: false
10:45:07.862 [FXGL Background Thread 3 ] DEBUG Engine               - isDesktop: true
10:45:07.862 [FXGL Background Thread 3 ] DEBUG Engine               - isDeveloperMenuEnabled: true
10:45:07.862 [FXGL Background Thread 3 ] DEBUG Engine               - isEmbedded: false
10:45:07.862 [FXGL Background Thread 3 ] DEBUG Engine               - isEntityPreloadEnabled: true
10:45:07.862 [FXGL Background Thread 3 ] DEBUG Engine               - isExperimentalTiledLargeMap: false
10:45:07.862 [FXGL Background Thread 3 ] DEBUG Engine               - isFileSystemWriteAllowed: true
10:45:07.862 [FXGL Background Thread 3 ] DEBUG Engine               - isFullScreenAllowed: false
10:45:07.862 [FXGL Background Thread 3 ] DEBUG Engine               - isFullScreenFromStart: false
10:45:07.862 [FXGL Background Thread 3 ] DEBUG Engine               - isGameMenuEnabled: true
10:45:07.862 [FXGL Background Thread 3 ] DEBUG Engine               - isIOS: false
10:45:07.862 [FXGL Background Thread 3 ] DEBUG Engine               - isIntroEnabled: false
10:45:07.862 [FXGL Background Thread 3 ] DEBUG Engine               - isLinux: false
10:45:07.863 [FXGL Background Thread 3 ] DEBUG Engine               - isMac: false
10:45:07.863 [FXGL Background Thread 3 ] DEBUG Engine               - isMainMenuEnabled: true
10:45:07.863 [FXGL Background Thread 3 ] DEBUG Engine               - isManualResizeEnabled: false
10:45:07.863 [FXGL Background Thread 3 ] DEBUG Engine               - isMobile: false
10:45:07.863 [FXGL Background Thread 3 ] DEBUG Engine               - isNative: false
10:45:07.863 [FXGL Background Thread 3 ] DEBUG Engine               - isPauseMusicWhenMinimized: true
10:45:07.863 [FXGL Background Thread 3 ] DEBUG Engine               - isPreserveResizeRatio: false
10:45:07.863 [FXGL Background Thread 3 ] DEBUG Engine               - isProfilingEnabled: false
10:45:07.863 [FXGL Background Thread 3 ] DEBUG Engine               - isScaleAffectedOnResize: true
10:45:07.863 [FXGL Background Thread 3 ] DEBUG Engine               - isSingleStep: false
10:45:07.863 [FXGL Background Thread 3 ] DEBUG Engine               - isUserProfileEnabled: false
10:45:07.863 [FXGL Background Thread 3 ] DEBUG Engine               - isWindows: true
10:45:07.863 [FXGL Background Thread 3 ] DEBUG Engine               - language: ObjectProperty [value: ENGLISH]
10:45:07.863 [FXGL Background Thread 3 ] DEBUG Engine               - menuKey: ESCAPE
10:45:07.863 [FXGL Background Thread 3 ] DEBUG Engine               - mouseSensitivity: 0.2
10:45:07.863 [FXGL Background Thread 3 ] DEBUG Engine               - notificationViewClass: class com.almasb.fxgl.notification.view.XboxNotificationView
10:45:07.863 [FXGL Background Thread 3 ] DEBUG Engine               - pixelsPerMeter: 50.0
10:45:07.863 [FXGL Background Thread 3 ] DEBUG Engine               - platform: WINDOWS
10:45:07.864 [FXGL Background Thread 3 ] DEBUG Engine               - prefHeightProperty: ReadOnlyDoubleProperty [value: 720.0]
10:45:07.864 [FXGL Background Thread 3 ] DEBUG Engine               - prefWidthProperty: ReadOnlyDoubleProperty [value: 1280.0]
10:45:07.864 [FXGL Background Thread 3 ] DEBUG Engine               - profileDir: profiles/
10:45:07.864 [FXGL Background Thread 3 ] DEBUG Engine               - profileName: StringProperty [value: DEFAULT]
10:45:07.864 [FXGL Background Thread 3 ] DEBUG Engine               - randomSeed: -1
10:45:07.864 [FXGL Background Thread 3 ] DEBUG Engine               - runtimeInfo: RuntimeInfo(platform=WINDOWS, version=17.2, build=20.08.2022 16.50)
10:45:07.864 [FXGL Background Thread 3 ] DEBUG Engine               - saveFileExt: sav
10:45:07.864 [FXGL Background Thread 3 ] DEBUG Engine               - scaledHeightProp$fxgl: DoubleProperty [bound, value: 720.0]
10:45:07.864 [FXGL Background Thread 3 ] DEBUG Engine               - scaledWidthProp$fxgl: DoubleProperty [bound, value: 1280.0]
10:45:07.864 [FXGL Background Thread 3 ] DEBUG Engine               - sceneFactory: com.sunsofgod.PlatformerApp$1@5f7e285e
10:45:07.864 [FXGL Background Thread 3 ] DEBUG Engine               - secondsIn24h: 60
10:45:07.864 [FXGL Background Thread 3 ] DEBUG Engine               - soundMenuBack: menu/back.wav
10:45:07.864 [FXGL Background Thread 3 ] DEBUG Engine               - soundMenuPress: menu/press.wav
10:45:07.864 [FXGL Background Thread 3 ] DEBUG Engine               - soundMenuSelect: menu/select.wav
10:45:07.864 [FXGL Background Thread 3 ] DEBUG Engine               - soundNotification: core/notification.wav
10:45:07.864 [FXGL Background Thread 3 ] DEBUG Engine               - stageStyle: DECORATED
10:45:07.864 [FXGL Background Thread 3 ] DEBUG Engine               - supportedLanguages: [ENGLISH, FRENCH, GERMAN, HUNGARIAN, RUSSIAN]
10:45:07.864 [FXGL Background Thread 3 ] DEBUG Engine               - ticksPerSecond: -1
10:45:07.864 [FXGL Background Thread 3 ] DEBUG Engine               - title: Untitled
10:45:07.865 [FXGL Background Thread 3 ] DEBUG Engine               - urlGithub: https://github.com/AlmasB/FXGL
10:45:07.865 [FXGL Background Thread 3 ] DEBUG Engine               - urlLeaderboard: http://fxgl-top.herokuapp.com/
10:45:07.865 [FXGL Background Thread 3 ] DEBUG Engine               - urlPOM: https://raw.githubusercontent.com/AlmasB/FXGL/release/README.md
10:45:07.865 [FXGL Background Thread 3 ] DEBUG Engine               - userAppClass: class com.sunsofgod.PlatformerApp
10:45:07.865 [FXGL Background Thread 3 ] DEBUG Engine               - version: 0.0
10:45:07.865 [FXGL Background Thread 3 ] DEBUG Engine               - versionCheckDays: 7
10:45:07.865 [FXGL Background Thread 3 ] DEBUG Engine               - width: 1280
10:45:07.865 [FXGL Background Thread 3 ] DEBUG Engine               - Logging services
10:45:07.865 [FXGL Background Thread 3 ] DEBUG Engine               - class com.almasb.fxgl.app.services.FXGLAssetLoaderService
10:45:07.865 [FXGL Background Thread 3 ] DEBUG Engine               - class com.almasb.fxgl.app.FXGLApplication$GameApplicationService
10:45:07.865 [FXGL Background Thread 3 ] DEBUG Engine               - class com.almasb.fxgl.app.services.FXGLDialogService
10:45:07.865 [FXGL Background Thread 3 ] DEBUG Engine               - class com.almasb.fxgl.app.services.IOTaskExecutorService
10:45:07.865 [FXGL Background Thread 3 ] DEBUG Engine               - class com.almasb.fxgl.io.FileSystemService
10:45:07.865 [FXGL Background Thread 3 ] DEBUG Engine               - class com.almasb.fxgl.localization.LocalizationService
10:45:07.865 [FXGL Background Thread 3 ] DEBUG Engine               - class com.almasb.fxgl.app.services.SystemBundleService
10:45:07.865 [FXGL Background Thread 3 ] DEBUG Engine               - class com.almasb.fxgl.profile.SaveLoadService
10:45:07.865 [FXGL Background Thread 3 ] DEBUG Engine               - class com.almasb.fxgl.ui.FXGLUIFactoryServiceProvider
10:45:07.865 [FXGL Background Thread 3 ] DEBUG Engine               - class com.almasb.fxgl.ui.FXGLDialogFactoryServiceProvider
10:45:07.865 [FXGL Background Thread 3 ] DEBUG Engine               - class com.almasb.fxgl.audio.AudioPlayer
10:45:07.865 [FXGL Background Thread 3 ] DEBUG Engine               - class com.almasb.fxgl.notification.impl.NotificationServiceProvider
10:45:07.865 [FXGL Background Thread 3 ] DEBUG Engine               - class com.almasb.fxgl.achievement.AchievementService
10:45:07.865 [FXGL Background Thread 3 ] DEBUG Engine               - class com.almasb.fxgl.cutscene.CutsceneService
10:45:07.865 [FXGL Background Thread 3 ] DEBUG Engine               - class com.almasb.fxgl.minigames.MiniGameService
10:45:07.865 [FXGL Background Thread 3 ] DEBUG Engine               - class com.almasb.fxgl.net.NetService
10:45:07.865 [FXGL Background Thread 3 ] DEBUG Engine               - class com.almasb.fxgl.app.services.UpdaterService
10:45:07.865 [FXGL Background Thread 3 ] DEBUG Engine               - class com.almasb.fxgl.dev.DevService
10:45:17.738 [JavaFX Application Thread] WARN  TMXLevelLoader       - TiledMap generated from 1.11.0. Supported version: 1.9.0. Some features may not be parsed fully.
10:45:17.740 [JavaFX Application Thread] DEBUG TMXLevelLoader       - Parsed TiledMap: file:/C:/Users/user/Desktop/JavaFXGame/target/classes/assets/levels/tmx/level1.tmx
10:45:17.740 [JavaFX Application Thread] DEBUG TMXLevelLoader       - Creating tile layer entities
10:45:17.741 [JavaFX Application Thread] DEBUG TilesetLoader        - Loading view for layer Tile Layer 1
10:45:17.741 [JavaFX Application Thread] DEBUG TilesetLoader        - Created buffer with size 1050.0x700.0
10:45:17.782 [JavaFX Application Thread] DEBUG TMXLevelLoader       - Creating object layer entities
10:45:17.784 [JavaFX Application Thread] DEBUG GameWorld            - Clearing removable entities
10:45:17.785 [JavaFX Application Thread] DEBUG GameWorld            - Setting level: com.almasb.fxgl.entity.level.Level@764a9f06
10:45:19.757 [JavaFX Application Thread] DEBUG FXGLApplication      - Exiting FXGL
10:45:19.757 [JavaFX Application Thread] DEBUG LoopRunner           - Stopping loop
10:45:19.757 [JavaFX Application Thread] DEBUG SystemBundleService  - Saving FXGL system data
10:45:19.759 [JavaFX Application Thread] DEBUG FileSystemAccess     - Writing to: C:\Users\user\Desktop\JavaFXGame\system\fxgl.bundle
10:45:19.760 [JavaFX Application Thread] DEBUG Async                - Shutting down background threads
10:45:19.761 [JavaFX Application Thread] DEBUG PrimaryStageWindow   - Closing main window
10:45:19.770 [JavaFX Application Thread] DEBUG Logger               - Closing Logger
