01:32:02.329 [main                     ] DEBUG Logger               - Configured Logger
01:32:02.359 [main                     ] DEBUG GameApplication      - Logging settings
Title: Untitled
Version: 0.0
Width: 1280
Height: 720
Fullscreen: false
Intro: false
Profiling: false
Single step:false
App Mode: DEVELOPER
Menu Key: ESCAPE
Stage Style: DECORATED
Scene Factory: class com.sunsofgod.PlatformerApp$1

01:32:02.726 [JavaFX Application Thread] DEBUG FXGLApplication      - Initializing FXGL
01:32:02.733 [JavaFX Application Thread] INFO  Engine               - FXGL-17.2 (20.08.2022 16.50) on WINDOWS (J:21.0.4 FX:17.0.12)
01:32:02.734 [JavaFX Application Thread] DEBUG Engine               - JRE Vendor Name: Eclipse Adoptium
01:32:02.734 [JavaFX Application Thread] DEBUG Engine               - Running on OS: Windows 11 version 10.0
01:32:02.734 [JavaFX Application Thread] DEBUG Engine               - Architecture: amd64
01:32:02.734 [JavaFX Application Thread] INFO  Engine               - Source code and latest versions at: https://github.com/AlmasB/FXGL
01:32:02.735 [JavaFX Application Thread] INFO  Engine               -       Ask questions and discuss at: https://github.com/AlmasB/FXGL/discussions
01:32:02.735 [JavaFX Application Thread] INFO  Engine               -              Join the FXGL chat at: https://gitter.im/AlmasB/FXGL
01:32:02.837 [JavaFX Application Thread] DEBUG PrimaryStageWindow   - Creating a JavaFX scene
01:32:02.898 [JavaFX Application Thread] DEBUG PrimaryStageWindow   - Target settings size: 1280.0 x 720.0
01:32:02.898 [JavaFX Application Thread] DEBUG PrimaryStageWindow   - Scaled scene size:    1280.0 x 720.0
01:32:02.898 [JavaFX Application Thread] DEBUG PrimaryStageWindow   - Scaled ratio: (1.0, 1.0)
01:32:02.900 [JavaFX Application Thread] DEBUG PrimaryStageWindow   - Set initial scene to FXGLStartupScene
01:32:02.913 [JavaFX Application Thread] DEBUG PrimaryStageWindow   - Opening main window
01:32:03.012 [JavaFX Application Thread] DEBUG PrimaryStageWindow   - Window border size: (14.4000244140625, 37.5999755859375)
01:32:03.012 [JavaFX Application Thread] DEBUG PrimaryStageWindow   - Scaled size: 1280.0 x 720.0
01:32:03.013 [JavaFX Application Thread] DEBUG PrimaryStageWindow   - Scaled ratio: (1.0, 1.0)
01:32:03.013 [JavaFX Application Thread] DEBUG PrimaryStageWindow   - Scene size: 1280.0 x 720.0
01:32:03.014 [JavaFX Application Thread] DEBUG PrimaryStageWindow   - Stage size: 1294.4000244140625 x 757.5999755859375
01:32:03.022 [FXGL Background Thread 1 ] DEBUG Engine               - Initializing environment variables
01:32:03.080 [FXGL Background Thread 1 ] DEBUG FXGLAssetLoaderServi - User app class for loading assets: class com.sunsofgod.PlatformerApp
01:32:03.080 [FXGL Background Thread 1 ] DEBUG GameApplicationServi - Applying CSS: fxgl_dark.css
01:32:03.083 [FXGL Background Thread 1 ] DEBUG FXGLAssetLoaderServi - Loading from file system: jar:file:///C:/Users/Balong/.m2/repository/com/github/almasb/fxgl/17.2/fxgl-17.2.jar!/fxglassets/ui/css/fxgl_dark.css
01:32:03.139 [FXGL Background Thread 1 ] DEBUG GameApplicationServi - Initializing application scenes
01:32:03.192 [FXGL Background Thread 1 ] DEBUG FXGLAssetLoaderServi - Loading from file system: file:/C:/Users/Balong/Desktop/SummerJobShoppee/JavaFXGame/target/classes/assets/textures/player.png
01:32:03.215 [FXGL Background Thread 1 ] DEBUG GameWorld            - Game world initialized
01:32:03.270 [FXGL Background Thread 1 ] DEBUG PhysicsWorld         - Physics world initialized: appHeight=720, physics.ppm=50.0
01:32:03.270 [FXGL Background Thread 1 ] DEBUG PhysicsWorld         - Using strategy: BRUTE_FORCE
01:32:03.275 [FXGL Background Thread 1 ] DEBUG GameScene            - Game scene initialized: 1280x720
01:32:03.561 [FXGL Background Thread 1 ] DEBUG FXGL.DefaultMenu     - createMenuBodyGameMenu()
01:32:03.569 [FXGL Background Thread 1 ] DEBUG FXGL.DefaultMenu     - createOptionsMenu()
01:32:03.578 [FXGL Background Thread 1 ] DEBUG FXGLAssetLoaderServi - Loading from file system: jar:file:///C:/Users/Balong/.m2/repository/com/github/almasb/fxgl/17.2/fxgl-17.2.jar!/fxglassets/textures/particles/smoke.png
01:32:03.632 [FXGL Background Thread 1 ] DEBUG FXGLAssetLoaderServi - Loading from file system: jar:file:///C:/Users/Balong/.m2/repository/com/github/almasb/fxgl/17.2/fxgl-17.2.jar!/fxglassets/textures/particles/trace_horizontal.png
01:32:03.643 [FXGL Background Thread 1 ] DEBUG GameApplicationServi - Application scenes initialized
01:32:03.657 [FXGL Background Thread 1 ] DEBUG SystemBundleService  - Loading FXGL system data
01:32:03.662 [FXGL Background Thread 1 ] DEBUG FileSystemAccess     - Reading from: C:\Users\Balong\Desktop\SummerJobShoppee\JavaFXGame\system\fxgl.bundle
01:32:03.672 [FXGL Background Thread 1 ] DEBUG SystemBundleService  - Bundle FXGL: {}
01:32:03.672 [FXGL Background Thread 1 ] DEBUG UpdaterService       - Checking for updates
01:32:03.701 [FXGL Background Thread 4 ] DEBUG FXGLApplication      - Loading fonts
01:32:03.701 [FXGL Background Thread 1 ] DEBUG FXGLApplication      - Loading default localization
01:32:03.701 [FXGL Background Thread 4 ] DEBUG FXGLAssetLoaderServi - Loading from file system: jar:file:///C:/Users/Balong/.m2/repository/com/github/almasb/fxgl/17.2/fxgl-17.2.jar!/fxglassets/ui/fonts/VarelaRound-Regular.ttf
01:32:03.702 [FXGL Background Thread 1 ] DEBUG FXGLAssetLoaderServi - Loading from file system: jar:file:///C:/Users/Balong/.m2/repository/com/github/almasb/fxgl/17.2/fxgl-17.2.jar!/fxglassets/languages/english.lang
01:32:03.719 [FXGL Background Thread 1 ] INFO  FXGLApplication      - FXGL initialization took: 0.697 sec
01:32:03.721 [JavaFX Application Thread] DEBUG FXGLAssetLoaderServi - Loading from file system: jar:file:///C:/Users/Balong/.m2/repository/com/github/almasb/fxgl/17.2/fxgl-17.2.jar!/fxglassets/textures/fxgl_icon.png
01:32:03.731 [JavaFX Application Thread] DEBUG FXGLAssetLoaderServi - Loading from file system: jar:file:///C:/Users/Balong/.m2/repository/com/github/almasb/fxgl/17.2/fxgl-17.2.jar!/fxglassets/textures/fxgl_default_cursor.png
01:32:03.736 [FXGL Background Thread 4 ] DEBUG FXGLAssetLoaderServi - Loading from file system: jar:file:///C:/Users/Balong/.m2/repository/com/github/almasb/fxgl/17.2/fxgl-17.2.jar!/fxglassets/ui/fonts/Abel-Regular.ttf
01:32:03.742 [FXGL Background Thread 4 ] DEBUG FXGLAssetLoaderServi - Loading from file system: jar:file:///C:/Users/Balong/.m2/repository/com/github/almasb/fxgl/17.2/fxgl-17.2.jar!/fxglassets/ui/fonts/TerminalLandMono-Regular.otf
01:32:03.744 [JavaFX Application Thread] DEBUG Input                - Registered new binding: Screenshot - CTRL+8
01:32:03.745 [JavaFX Application Thread] DEBUG Input                - Registered new binding: Dev Options - 1
01:32:03.745 [JavaFX Application Thread] DEBUG Input                - Registered new binding: Dev Console - 2
01:32:03.746 [JavaFX Application Thread] DEBUG Input                - Registered new binding: System info dump - CTRL+9
01:32:03.746 [JavaFX Application Thread] DEBUG Input                - Registered new binding: Restart - CTRL+R
01:32:03.747 [JavaFX Application Thread] DEBUG Input                - Registered new binding: Toggle Debug Camera - CTRL+7
01:32:03.754 [JavaFX Application Thread] DEBUG LoopRunner           - Starting loop
01:32:03.774 [JavaFX Application Thread] DEBUG LoopRunner           - Initializing JavaFX AnimationTimerLoop
01:32:03.777 [JavaFX Application Thread] DEBUG Input                - Clearing active input actions
01:32:03.786 [JavaFX Application Thread] DEBUG GameApplicationServi - Removing overlay from FXGLStartupScene and adding to FXGLMainMenuDummyScene
01:32:03.791 [JavaFX Application Thread] DEBUG PrimaryStageWindow   - FXGLStartupScene -> FXGLMainMenuDummyScene
01:32:03.793 [JavaFX Application Thread] DEBUG PrimaryStageWindow   - Push state: RiderMainMenuScene
01:32:03.793 [JavaFX Application Thread] DEBUG Input                - Clearing active input actions
01:32:03.796 [JavaFX Application Thread] DEBUG GameApplicationServi - Removing overlay from FXGLMainMenuDummyScene and adding to RiderMainMenuScene
01:32:03.797 [JavaFX Application Thread] DEBUG PrimaryStageWindow   - FXGLMainMenuDummyScene -> RiderMainMenuScene
01:32:03.797 [JavaFX Application Thread] DEBUG FXGLApplication      - Registering font factories with UI factory
01:32:04.182 [FXGL Background Thread 2 ] INFO  UpdaterService       - Your current version:  17.2
01:32:04.184 [FXGL Background Thread 2 ] INFO  UpdaterService       - Latest stable version: 21.1
01:32:06.028 [JavaFX Application Thread] DEBUG FXGLApplication      - Exiting FXGL
01:32:06.028 [JavaFX Application Thread] DEBUG LoopRunner           - Stopping loop
01:32:06.028 [JavaFX Application Thread] DEBUG SystemBundleService  - Saving FXGL system data
01:32:06.030 [JavaFX Application Thread] DEBUG FileSystemAccess     - Writing to: C:\Users\Balong\Desktop\SummerJobShoppee\JavaFXGame\system\fxgl.bundle
01:32:06.032 [JavaFX Application Thread] DEBUG Async                - Shutting down background threads
01:32:06.032 [JavaFX Application Thread] DEBUG PrimaryStageWindow   - Closing main window
01:32:06.049 [JavaFX Application Thread] DEBUG Logger               - Closing Logger
