21:20:02.479 [main                     ] DEBUG Logger               - Configured Logger
21:20:02.495 [main                     ] DEBUG GameApplication      - Logging settings
Title: Untitled
Version: 0.0
Width: 1280
Height: 720
Fullscreen: false
Intro: false
Profiling: false
Single step:false
App Mode: DEVELOPER
Menu Key: ESCAPE
Stage Style: DECORATED
Scene Factory: class com.sunsofgod.PlatformerApp$1

21:20:02.733 [JavaFX Application Thread] DEBUG FXGLApplication      - Initializing FXGL
21:20:02.735 [JavaFX Application Thread] INFO  Engine               - FXGL-17.2 (20.08.2022 16.50) on WINDOWS (J:21.0.4 FX:17.0.12)
21:20:02.736 [JavaFX Application Thread] DEBUG Engine               - JRE Vendor Name: Eclipse Adoptium
21:20:02.736 [JavaFX Application Thread] DEBUG Engine               - Running on OS: Windows 11 version 10.0
21:20:02.736 [JavaFX Application Thread] DEBUG Engine               - Architecture: amd64
21:20:02.736 [JavaFX Application Thread] INFO  Engine               - Source code and latest versions at: https://github.com/AlmasB/FXGL
21:20:02.736 [JavaFX Application Thread] INFO  Engine               -       Ask questions and discuss at: https://github.com/AlmasB/FXGL/discussions
21:20:02.736 [JavaFX Application Thread] INFO  Engine               -              Join the FXGL chat at: https://gitter.im/AlmasB/FXGL
21:20:02.799 [JavaFX Application Thread] DEBUG PrimaryStageWindow   - Creating a JavaFX scene
21:20:02.829 [JavaFX Application Thread] DEBUG PrimaryStageWindow   - Target settings size: 1280.0 x 720.0
21:20:02.829 [JavaFX Application Thread] DEBUG PrimaryStageWindow   - Scaled scene size:    1280.0 x 720.0
21:20:02.829 [JavaFX Application Thread] DEBUG PrimaryStageWindow   - Scaled ratio: (1.0, 1.0)
21:20:02.830 [JavaFX Application Thread] DEBUG PrimaryStageWindow   - Set initial scene to FXGLStartupScene
21:20:02.835 [JavaFX Application Thread] DEBUG PrimaryStageWindow   - Opening main window
21:20:02.891 [JavaFX Application Thread] DEBUG PrimaryStageWindow   - Window border size: (14.4000244140625, 37.5999755859375)
21:20:02.891 [JavaFX Application Thread] DEBUG PrimaryStageWindow   - Scaled size: 1280.0 x 720.0
21:20:02.891 [JavaFX Application Thread] DEBUG PrimaryStageWindow   - Scaled ratio: (1.0, 1.0)
21:20:02.891 [JavaFX Application Thread] DEBUG PrimaryStageWindow   - Scene size: 1280.0 x 720.0
21:20:02.891 [JavaFX Application Thread] DEBUG PrimaryStageWindow   - Stage size: 1294.4000244140625 x 757.5999755859375
21:20:02.897 [FXGL Background Thread 1 ] DEBUG Engine               - Initializing environment variables
21:20:02.930 [FXGL Background Thread 1 ] DEBUG FXGLAssetLoaderServi - User app class for loading assets: class com.sunsofgod.PlatformerApp
21:20:02.931 [FXGL Background Thread 1 ] DEBUG GameApplicationServi - Applying CSS: fxgl_dark.css
21:20:02.931 [FXGL Background Thread 1 ] DEBUG FXGLAssetLoaderServi - Loading from file system: jar:file:///C:/Users/jamie/.m2/repository/com/github/almasb/fxgl/17.2/fxgl-17.2.jar!/fxglassets/ui/css/fxgl_dark.css
21:20:02.965 [FXGL Background Thread 1 ] DEBUG GameApplicationServi - Initializing application scenes
21:20:02.997 [FXGL Background Thread 1 ] WARN  FXGLAssetLoaderServi - Asset "/assets/textures/player.png" was not found!
21:20:02.998 [FXGL Background Thread 1 ] WARN  FXGLAssetLoaderServi - Failed to load IMAGE
21:20:03.025 [FXGL Background Thread 1 ] DEBUG GameWorld            - Game world initialized
21:20:03.058 [FXGL Background Thread 1 ] DEBUG PhysicsWorld         - Physics world initialized: appHeight=720, physics.ppm=50.0
21:20:03.059 [FXGL Background Thread 1 ] DEBUG PhysicsWorld         - Using strategy: BRUTE_FORCE
21:20:03.061 [FXGL Background Thread 1 ] DEBUG GameScene            - Game scene initialized: 1280x720
21:20:03.255 [FXGL Background Thread 1 ] DEBUG GameApplicationServi - Application scenes initialized
21:20:03.266 [FXGL Background Thread 1 ] DEBUG SystemBundleService  - Loading FXGL system data
21:20:03.268 [FXGL Background Thread 1 ] DEBUG FileSystemAccess     - Reading from: C:\Users\jamie\OneDrive\Pictures\JavaFXGame\system\fxgl.bundle
21:20:03.276 [FXGL Background Thread 1 ] DEBUG SystemBundleService  - Bundle FXGL: {}
21:20:03.276 [FXGL Background Thread 1 ] DEBUG UpdaterService       - Checking for updates
21:20:03.293 [FXGL Background Thread 4 ] DEBUG FXGLApplication      - Loading fonts
21:20:03.294 [FXGL Background Thread 1 ] DEBUG FXGLApplication      - Loading default localization
21:20:03.294 [FXGL Background Thread 4 ] DEBUG FXGLAssetLoaderServi - Loading from file system: jar:file:///C:/Users/jamie/.m2/repository/com/github/almasb/fxgl/17.2/fxgl-17.2.jar!/fxglassets/ui/fonts/VarelaRound-Regular.ttf
21:20:03.299 [FXGL Background Thread 1 ] DEBUG FXGLAssetLoaderServi - Loading from file system: jar:file:///C:/Users/jamie/.m2/repository/com/github/almasb/fxgl/17.2/fxgl-17.2.jar!/fxglassets/languages/english.lang
21:20:03.315 [FXGL Background Thread 1 ] INFO  FXGLApplication      - FXGL initialization took: 0.417 sec
21:20:03.316 [JavaFX Application Thread] DEBUG FXGLAssetLoaderServi - Loading from file system: jar:file:///C:/Users/jamie/.m2/repository/com/github/almasb/fxgl/17.2/fxgl-17.2.jar!/fxglassets/textures/fxgl_icon.png
21:20:03.327 [FXGL Background Thread 4 ] DEBUG FXGLAssetLoaderServi - Loading from file system: jar:file:///C:/Users/jamie/.m2/repository/com/github/almasb/fxgl/17.2/fxgl-17.2.jar!/fxglassets/ui/fonts/Abel-Regular.ttf
21:20:03.328 [JavaFX Application Thread] DEBUG FXGLAssetLoaderServi - Loading from file system: jar:file:///C:/Users/jamie/.m2/repository/com/github/almasb/fxgl/17.2/fxgl-17.2.jar!/fxglassets/textures/fxgl_default_cursor.png
21:20:03.330 [FXGL Background Thread 4 ] DEBUG FXGLAssetLoaderServi - Loading from file system: jar:file:///C:/Users/jamie/.m2/repository/com/github/almasb/fxgl/17.2/fxgl-17.2.jar!/fxglassets/ui/fonts/TerminalLandMono-Regular.otf
21:20:03.334 [FXGL Background Thread 4 ] DEBUG FXGLAssetLoaderServi - Loading from file system: jar:file:///C:/Users/jamie/.m2/repository/com/github/almasb/fxgl/17.2/fxgl-17.2.jar!/fxglassets/ui/fonts/Courier-Prime.ttf
21:20:03.337 [JavaFX Application Thread] DEBUG Input                - Registered new binding: Screenshot - CTRL+8
21:20:03.337 [JavaFX Application Thread] DEBUG Input                - Registered new binding: Dev Options - 1
21:20:03.337 [JavaFX Application Thread] DEBUG Input                - Registered new binding: Dev Console - 2
21:20:03.337 [JavaFX Application Thread] DEBUG Input                - Registered new binding: System info dump - CTRL+9
21:20:03.338 [JavaFX Application Thread] DEBUG Input                - Registered new binding: Restart - CTRL+R
21:20:03.338 [JavaFX Application Thread] DEBUG Input                - Registered new binding: Toggle Debug Camera - CTRL+7
21:20:03.341 [JavaFX Application Thread] DEBUG LoopRunner           - Starting loop
21:20:03.352 [JavaFX Application Thread] DEBUG LoopRunner           - Initializing JavaFX AnimationTimerLoop
21:20:03.354 [JavaFX Application Thread] DEBUG Input                - Clearing active input actions
21:20:03.362 [JavaFX Application Thread] DEBUG GameApplicationServi - Removing overlay from FXGLStartupScene and adding to FXGLMainMenuDummyScene
21:20:03.367 [JavaFX Application Thread] DEBUG PrimaryStageWindow   - FXGLStartupScene -> FXGLMainMenuDummyScene
21:20:03.367 [JavaFX Application Thread] DEBUG PrimaryStageWindow   - Push state: RiderMainMenuScene
21:20:03.368 [JavaFX Application Thread] DEBUG Input                - Clearing active input actions
21:20:03.373 [JavaFX Application Thread] DEBUG GameApplicationServi - Removing overlay from FXGLMainMenuDummyScene and adding to RiderMainMenuScene
21:20:03.373 [JavaFX Application Thread] DEBUG PrimaryStageWindow   - FXGLMainMenuDummyScene -> RiderMainMenuScene
21:20:03.504 [JavaFX Application Thread] DEBUG FXGLApplication      - Registering font factories with UI factory
21:20:03.616 [FXGL Background Thread 2 ] INFO  UpdaterService       - Your current version:  17.2
21:20:03.617 [FXGL Background Thread 2 ] INFO  UpdaterService       - Latest stable version: 21.1
21:20:04.392 [JavaFX Application Thread] DEBUG PrimaryStageWindow   - Push state: PlayerSelectScene
21:20:04.392 [JavaFX Application Thread] DEBUG Input                - Clearing active input actions
21:20:04.392 [JavaFX Application Thread] DEBUG GameApplicationServi - Removing overlay from RiderMainMenuScene and adding to PlayerSelectScene
21:20:04.394 [JavaFX Application Thread] DEBUG PrimaryStageWindow   - RiderMainMenuScene -> PlayerSelectScene
21:20:06.161 [JavaFX Application Thread] DEBUG PrimaryStageWindow   - Push state: LevelSelectScene
21:20:06.161 [JavaFX Application Thread] DEBUG Input                - Clearing active input actions
21:20:06.162 [JavaFX Application Thread] DEBUG GameApplicationServi - Removing overlay from PlayerSelectScene and adding to LevelSelectScene
21:20:06.162 [JavaFX Application Thread] DEBUG PrimaryStageWindow   - PlayerSelectScene -> LevelSelectScene
21:20:06.293 [FXGL Background Thread 3 ] DEBUG Engine               - Logging environment variables
21:20:06.294 [FXGL Background Thread 3 ] DEBUG Engine               - achievements: []
21:20:06.294 [FXGL Background Thread 3 ] DEBUG Engine               - actualHeight: 720.0
21:20:06.294 [FXGL Background Thread 3 ] DEBUG Engine               - actualHeightProperty: ReadOnlyDoubleProperty [value: 720.0]
21:20:06.294 [FXGL Background Thread 3 ] DEBUG Engine               - actualWidth: 1280.0
21:20:06.294 [FXGL Background Thread 3 ] DEBUG Engine               - actualWidthProperty: ReadOnlyDoubleProperty [value: 1280.0]
21:20:06.294 [FXGL Background Thread 3 ] DEBUG Engine               - appIcon: fxgl_icon.png
21:20:06.294 [FXGL Background Thread 3 ] DEBUG Engine               - applicationMode: DEVELOPER
21:20:06.295 [FXGL Background Thread 3 ] DEBUG Engine               - cSSList: [fxgl_dark.css]
21:20:06.295 [FXGL Background Thread 3 ] DEBUG Engine               - collisionDetectionStrategy: BRUTE_FORCE
21:20:06.295 [FXGL Background Thread 3 ] DEBUG Engine               - configClass: Optional.empty
21:20:06.295 [FXGL Background Thread 3 ] DEBUG Engine               - credits: []
21:20:06.296 [FXGL Background Thread 3 ] DEBUG Engine               - defaultCursor: CursorInfo(imageName=fxgl_default_cursor.png, hotspotX=7.0, hotspotY=6.0)
21:20:06.296 [FXGL Background Thread 3 ] DEBUG Engine               - devBBoxColorProperty: ObjectProperty [value: 0xff0000ff]
21:20:06.297 [FXGL Background Thread 3 ] DEBUG Engine               - devEnableDebugCameraProperty: BooleanProperty [value: false]
21:20:06.297 [FXGL Background Thread 3 ] DEBUG Engine               - devSensorColorProperty: ObjectProperty [value: 0xffff00ff]
21:20:06.297 [FXGL Background Thread 3 ] DEBUG Engine               - devShowBBoxProperty: BooleanProperty [value: false]
21:20:06.297 [FXGL Background Thread 3 ] DEBUG Engine               - devShowPositionProperty: BooleanProperty [value: false]
21:20:06.297 [FXGL Background Thread 3 ] DEBUG Engine               - enabledMenuItems: []
21:20:06.297 [FXGL Background Thread 3 ] DEBUG Engine               - engineServices: [class com.almasb.fxgl.app.services.FXGLAssetLoaderService, class com.almasb.fxgl.app.FXGLApplication$GameApplicationService, class com.almasb.fxgl.app.services.FXGLDialogService, class com.almasb.fxgl.app.services.IOTaskExecutorService, class com.almasb.fxgl.io.FileSystemService, class com.almasb.fxgl.localization.LocalizationService, class com.almasb.fxgl.app.services.SystemBundleService, class com.almasb.fxgl.profile.SaveLoadService, class com.almasb.fxgl.ui.FXGLUIFactoryServiceProvider, class com.almasb.fxgl.ui.FXGLDialogFactoryServiceProvider, class com.almasb.fxgl.audio.AudioPlayer, class com.almasb.fxgl.notification.impl.NotificationServiceProvider, class com.almasb.fxgl.achievement.AchievementService, class com.almasb.fxgl.cutscene.CutsceneService, class com.almasb.fxgl.minigames.MiniGameService, class com.almasb.fxgl.net.NetService, class com.almasb.fxgl.app.services.UpdaterService, class com.almasb.fxgl.dev.DevService]
21:20:06.297 [FXGL Background Thread 3 ] DEBUG Engine               - fontGame: Abel-Regular.ttf
21:20:06.297 [FXGL Background Thread 3 ] DEBUG Engine               - fontMono: TerminalLandMono-Regular.otf
21:20:06.297 [FXGL Background Thread 3 ] DEBUG Engine               - fontText: Courier-Prime.ttf
21:20:06.297 [FXGL Background Thread 3 ] DEBUG Engine               - fontUI: VarelaRound-Regular.ttf
21:20:06.297 [FXGL Background Thread 3 ] DEBUG Engine               - fullScreen: BooleanProperty [value: false]
21:20:06.297 [FXGL Background Thread 3 ] DEBUG Engine               - gameDifficulty: MEDIUM
21:20:06.297 [FXGL Background Thread 3 ] DEBUG Engine               - gameDifficultyProperty: ObjectProperty [value: MEDIUM]
21:20:06.297 [FXGL Background Thread 3 ] DEBUG Engine               - globalMusicVolume: 0.5
21:20:06.297 [FXGL Background Thread 3 ] DEBUG Engine               - globalMusicVolumeProperty: DoubleProperty [value: 0.25]
21:20:06.297 [FXGL Background Thread 3 ] DEBUG Engine               - globalSoundVolume: 0.5
21:20:06.297 [FXGL Background Thread 3 ] DEBUG Engine               - globalSoundVolumeProperty: DoubleProperty [value: 0.5]
21:20:06.297 [FXGL Background Thread 3 ] DEBUG Engine               - height: 720
21:20:06.297 [FXGL Background Thread 3 ] DEBUG Engine               - is3D: false
21:20:06.297 [FXGL Background Thread 3 ] DEBUG Engine               - isAndroid: false
21:20:06.297 [FXGL Background Thread 3 ] DEBUG Engine               - isBrowser: false
21:20:06.297 [FXGL Background Thread 3 ] DEBUG Engine               - isClickFeedbackEnabled: false
21:20:06.297 [FXGL Background Thread 3 ] DEBUG Engine               - isCloseConfirmation: false
21:20:06.297 [FXGL Background Thread 3 ] DEBUG Engine               - isDesktop: true
21:20:06.297 [FXGL Background Thread 3 ] DEBUG Engine               - isDeveloperMenuEnabled: true
21:20:06.297 [FXGL Background Thread 3 ] DEBUG Engine               - isEmbedded: false
21:20:06.298 [FXGL Background Thread 3 ] DEBUG Engine               - isEntityPreloadEnabled: true
21:20:06.298 [FXGL Background Thread 3 ] DEBUG Engine               - isExperimentalTiledLargeMap: false
21:20:06.298 [FXGL Background Thread 3 ] DEBUG Engine               - isFileSystemWriteAllowed: true
21:20:06.298 [FXGL Background Thread 3 ] DEBUG Engine               - isFullScreenAllowed: false
21:20:06.298 [FXGL Background Thread 3 ] DEBUG Engine               - isFullScreenFromStart: false
21:20:06.298 [FXGL Background Thread 3 ] DEBUG Engine               - isGameMenuEnabled: true
21:20:06.298 [FXGL Background Thread 3 ] DEBUG Engine               - isIOS: false
21:20:06.298 [FXGL Background Thread 3 ] DEBUG Engine               - isIntroEnabled: false
21:20:06.298 [FXGL Background Thread 3 ] DEBUG Engine               - isLinux: false
21:20:06.298 [FXGL Background Thread 3 ] DEBUG Engine               - isMac: false
21:20:06.298 [FXGL Background Thread 3 ] DEBUG Engine               - isMainMenuEnabled: true
21:20:06.298 [FXGL Background Thread 3 ] DEBUG Engine               - isManualResizeEnabled: false
21:20:06.298 [FXGL Background Thread 3 ] DEBUG Engine               - isMobile: false
21:20:06.298 [FXGL Background Thread 3 ] DEBUG Engine               - isNative: false
21:20:06.298 [FXGL Background Thread 3 ] DEBUG Engine               - isPauseMusicWhenMinimized: true
21:20:06.298 [FXGL Background Thread 3 ] DEBUG Engine               - isPreserveResizeRatio: false
21:20:06.298 [FXGL Background Thread 3 ] DEBUG Engine               - isProfilingEnabled: false
21:20:06.298 [FXGL Background Thread 3 ] DEBUG Engine               - isScaleAffectedOnResize: true
21:20:06.298 [FXGL Background Thread 3 ] DEBUG Engine               - isSingleStep: false
21:20:06.298 [FXGL Background Thread 3 ] DEBUG Engine               - isUserProfileEnabled: false
21:20:06.298 [FXGL Background Thread 3 ] DEBUG Engine               - isWindows: true
21:20:06.298 [FXGL Background Thread 3 ] DEBUG Engine               - language: ObjectProperty [value: ENGLISH]
21:20:06.298 [FXGL Background Thread 3 ] DEBUG Engine               - menuKey: ESCAPE
21:20:06.298 [FXGL Background Thread 3 ] DEBUG Engine               - mouseSensitivity: 0.2
21:20:06.298 [FXGL Background Thread 3 ] DEBUG Engine               - notificationViewClass: class com.almasb.fxgl.notification.view.XboxNotificationView
21:20:06.298 [FXGL Background Thread 3 ] DEBUG Engine               - pixelsPerMeter: 50.0
21:20:06.298 [FXGL Background Thread 3 ] DEBUG Engine               - platform: WINDOWS
21:20:06.298 [FXGL Background Thread 3 ] DEBUG Engine               - prefHeightProperty: ReadOnlyDoubleProperty [value: 720.0]
21:20:06.298 [FXGL Background Thread 3 ] DEBUG Engine               - prefWidthProperty: ReadOnlyDoubleProperty [value: 1280.0]
21:20:06.298 [FXGL Background Thread 3 ] DEBUG Engine               - profileDir: profiles/
21:20:06.298 [FXGL Background Thread 3 ] DEBUG Engine               - profileName: StringProperty [value: DEFAULT]
21:20:06.298 [FXGL Background Thread 3 ] DEBUG Engine               - randomSeed: -1
21:20:06.299 [FXGL Background Thread 3 ] DEBUG Engine               - runtimeInfo: RuntimeInfo(platform=WINDOWS, version=17.2, build=20.08.2022 16.50)
21:20:06.299 [FXGL Background Thread 3 ] DEBUG Engine               - saveFileExt: sav
21:20:06.299 [FXGL Background Thread 3 ] DEBUG Engine               - scaledHeightProp$fxgl: DoubleProperty [bound, value: 720.0]
21:20:06.299 [FXGL Background Thread 3 ] DEBUG Engine               - scaledWidthProp$fxgl: DoubleProperty [bound, value: 1280.0]
21:20:06.299 [FXGL Background Thread 3 ] DEBUG Engine               - sceneFactory: com.sunsofgod.PlatformerApp$1@1ad312bf
21:20:06.299 [FXGL Background Thread 3 ] DEBUG Engine               - secondsIn24h: 60
21:20:06.299 [FXGL Background Thread 3 ] DEBUG Engine               - soundMenuBack: menu/back.wav
21:20:06.299 [FXGL Background Thread 3 ] DEBUG Engine               - soundMenuPress: menu/press.wav
21:20:06.299 [FXGL Background Thread 3 ] DEBUG Engine               - soundMenuSelect: menu/select.wav
21:20:06.299 [FXGL Background Thread 3 ] DEBUG Engine               - soundNotification: core/notification.wav
21:20:06.299 [FXGL Background Thread 3 ] DEBUG Engine               - stageStyle: DECORATED
21:20:06.299 [FXGL Background Thread 3 ] DEBUG Engine               - supportedLanguages: [ENGLISH, FRENCH, GERMAN, HUNGARIAN, RUSSIAN]
21:20:06.299 [FXGL Background Thread 3 ] DEBUG Engine               - ticksPerSecond: -1
21:20:06.299 [FXGL Background Thread 3 ] DEBUG Engine               - title: Untitled
21:20:06.299 [FXGL Background Thread 3 ] DEBUG Engine               - urlGithub: https://github.com/AlmasB/FXGL
21:20:06.299 [FXGL Background Thread 3 ] DEBUG Engine               - urlLeaderboard: http://fxgl-top.herokuapp.com/
21:20:06.299 [FXGL Background Thread 3 ] DEBUG Engine               - urlPOM: https://raw.githubusercontent.com/AlmasB/FXGL/release/README.md
21:20:06.299 [FXGL Background Thread 3 ] DEBUG Engine               - userAppClass: class com.sunsofgod.PlatformerApp
21:20:06.299 [FXGL Background Thread 3 ] DEBUG Engine               - version: 0.0
21:20:06.300 [FXGL Background Thread 3 ] DEBUG Engine               - versionCheckDays: 7
21:20:06.300 [FXGL Background Thread 3 ] DEBUG Engine               - width: 1280
21:20:06.300 [FXGL Background Thread 3 ] DEBUG Engine               - Logging services
21:20:06.300 [FXGL Background Thread 3 ] DEBUG Engine               - class com.almasb.fxgl.app.services.FXGLAssetLoaderService
21:20:06.300 [FXGL Background Thread 3 ] DEBUG Engine               - class com.almasb.fxgl.app.FXGLApplication$GameApplicationService
21:20:06.300 [FXGL Background Thread 3 ] DEBUG Engine               - class com.almasb.fxgl.app.services.FXGLDialogService
21:20:06.300 [FXGL Background Thread 3 ] DEBUG Engine               - class com.almasb.fxgl.app.services.IOTaskExecutorService
21:20:06.300 [FXGL Background Thread 3 ] DEBUG Engine               - class com.almasb.fxgl.io.FileSystemService
21:20:06.300 [FXGL Background Thread 3 ] DEBUG Engine               - class com.almasb.fxgl.localization.LocalizationService
21:20:06.300 [FXGL Background Thread 3 ] DEBUG Engine               - class com.almasb.fxgl.app.services.SystemBundleService
21:20:06.300 [FXGL Background Thread 3 ] DEBUG Engine               - class com.almasb.fxgl.profile.SaveLoadService
21:20:06.300 [FXGL Background Thread 3 ] DEBUG Engine               - class com.almasb.fxgl.ui.FXGLUIFactoryServiceProvider
21:20:06.300 [FXGL Background Thread 3 ] DEBUG Engine               - class com.almasb.fxgl.ui.FXGLDialogFactoryServiceProvider
21:20:06.300 [FXGL Background Thread 3 ] DEBUG Engine               - class com.almasb.fxgl.audio.AudioPlayer
21:20:06.300 [FXGL Background Thread 3 ] DEBUG Engine               - class com.almasb.fxgl.notification.impl.NotificationServiceProvider
21:20:06.300 [FXGL Background Thread 3 ] DEBUG Engine               - class com.almasb.fxgl.achievement.AchievementService
21:20:06.300 [FXGL Background Thread 3 ] DEBUG Engine               - class com.almasb.fxgl.cutscene.CutsceneService
21:20:06.300 [FXGL Background Thread 3 ] DEBUG Engine               - class com.almasb.fxgl.minigames.MiniGameService
21:20:06.300 [FXGL Background Thread 3 ] DEBUG Engine               - class com.almasb.fxgl.net.NetService
21:20:06.300 [FXGL Background Thread 3 ] DEBUG Engine               - class com.almasb.fxgl.app.services.UpdaterService
21:20:06.300 [FXGL Background Thread 3 ] DEBUG Engine               - class com.almasb.fxgl.dev.DevService
21:20:08.671 [JavaFX Application Thread] DEBUG LoopRunner           - Stopping loop
21:20:08.673 [JavaFX Application Thread] FATAL FXGLApplication      - Uncaught Exception:
java.lang.NullPointerException: Cannot invoke "java.net.URL.toExternalForm()" because the return value of "java.lang.Class.getResource(String)" is null
	at com.sunsofgod/com.sunsofgod.Scenes.LevelSelectScene.checkCompletedClicked(LevelSelectScene.java:498)
	at com.sunsofgod/com.sunsofgod.Scenes.LevelSelectScene.lambda$4(LevelSelectScene.java:338)
	at javafx.base/com.sun.javafx.event.CompositeEventHandler.dispatchBubblingEvent(CompositeEventHandler.java:86)
	at javafx.base/com.sun.javafx.event.EventHandlerManager.dispatchBubblingEvent(EventHandlerManager.java:234)
	at javafx.base/com.sun.javafx.event.EventHandlerManager.dispatchBubblingEvent(EventHandlerManager.java:191)
	at javafx.base/com.sun.javafx.event.CompositeEventDispatcher.dispatchBubblingEvent(CompositeEventDispatcher.java:59)
	at javafx.base/com.sun.javafx.event.BasicEventDispatcher.dispatchEvent(BasicEventDispatcher.java:58)
	at javafx.base/com.sun.javafx.event.EventDispatchChainImpl.dispatchEvent(EventDispatchChainImpl.java:114)
	at javafx.base/com.sun.javafx.event.BasicEventDispatcher.dispatchEvent(BasicEventDispatcher.java:56)
	at javafx.base/com.sun.javafx.event.EventDispatchChainImpl.dispatchEvent(EventDispatchChainImpl.java:114)
	at javafx.base/com.sun.javafx.event.BasicEventDispatcher.dispatchEvent(BasicEventDispatcher.java:56)
	at javafx.base/com.sun.javafx.event.EventDispatchChainImpl.dispatchEvent(EventDispatchChainImpl.java:114)
	at javafx.base/com.sun.javafx.event.EventUtil.fireEventImpl(EventUtil.java:74)
	at javafx.base/com.sun.javafx.event.EventUtil.fireEvent(EventUtil.java:49)
	at javafx.base/javafx.event.Event.fireEvent(Event.java:198)
	at javafx.graphics/javafx.scene.Node.fireEvent(Node.java:8792)
	at javafx.controls/javafx.scene.control.Button.fire(Button.java:203)
	at javafx.controls/com.sun.javafx.scene.control.behavior.ButtonBehavior.mouseReleased(ButtonBehavior.java:208)
	at javafx.controls/com.sun.javafx.scene.control.inputmap.InputMap.handle(InputMap.java:274)
	at javafx.base/com.sun.javafx.event.CompositeEventHandler$NormalEventHandlerRecord.handleBubblingEvent(CompositeEventHandler.java:247)
	at javafx.base/com.sun.javafx.event.CompositeEventHandler.dispatchBubblingEvent(CompositeEventHandler.java:80)
	at javafx.base/com.sun.javafx.event.EventHandlerManager.dispatchBubblingEvent(EventHandlerManager.java:234)
	at javafx.base/com.sun.javafx.event.EventHandlerManager.dispatchBubblingEvent(EventHandlerManager.java:191)
	at javafx.base/com.sun.javafx.event.CompositeEventDispatcher.dispatchBubblingEvent(CompositeEventDispatcher.java:59)
	at javafx.base/com.sun.javafx.event.BasicEventDispatcher.dispatchEvent(BasicEventDispatcher.java:58)
	at javafx.base/com.sun.javafx.event.EventDispatchChainImpl.dispatchEvent(EventDispatchChainImpl.java:114)
	at javafx.base/com.sun.javafx.event.BasicEventDispatcher.dispatchEvent(BasicEventDispatcher.java:56)
	at javafx.base/com.sun.javafx.event.EventDispatchChainImpl.dispatchEvent(EventDispatchChainImpl.java:114)
	at javafx.base/com.sun.javafx.event.BasicEventDispatcher.dispatchEvent(BasicEventDispatcher.java:56)
	at javafx.base/com.sun.javafx.event.EventDispatchChainImpl.dispatchEvent(EventDispatchChainImpl.java:114)
	at javafx.base/com.sun.javafx.event.EventUtil.fireEventImpl(EventUtil.java:74)
	at javafx.base/com.sun.javafx.event.EventUtil.fireEvent(EventUtil.java:54)
	at javafx.base/javafx.event.Event.fireEvent(Event.java:198)
	at javafx.graphics/javafx.scene.Scene$MouseHandler.process(Scene.java:3897)
	at javafx.graphics/javafx.scene.Scene.processMouseEvent(Scene.java:1878)
	at javafx.graphics/javafx.scene.Scene$ScenePeerListener.mouseEvent(Scene.java:2623)
	at javafx.graphics/com.sun.javafx.tk.quantum.GlassViewEventHandler$MouseEventNotification.run(GlassViewEventHandler.java:411)
	at javafx.graphics/com.sun.javafx.tk.quantum.GlassViewEventHandler$MouseEventNotification.run(GlassViewEventHandler.java:301)
	at java.base/java.security.AccessController.doPrivileged(AccessController.java:400)
	at javafx.graphics/com.sun.javafx.tk.quantum.GlassViewEventHandler.lambda$handleMouseEvent$2(GlassViewEventHandler.java:450)
	at javafx.graphics/com.sun.javafx.tk.quantum.QuantumToolkit.runWithoutRenderLock(QuantumToolkit.java:423)
	at javafx.graphics/com.sun.javafx.tk.quantum.GlassViewEventHandler.handleMouseEvent(GlassViewEventHandler.java:449)
	at javafx.graphics/com.sun.glass.ui.View.handleMouseEvent(View.java:551)
	at javafx.graphics/com.sun.glass.ui.View.notifyMouse(View.java:937)
	at javafx.graphics/com.sun.glass.ui.win.WinApplication._runLoop(Native Method)
	at javafx.graphics/com.sun.glass.ui.win.WinApplication.lambda$runLoop$3(WinApplication.java:184)
	at java.base/java.lang.Thread.run(Thread.java:1583)

21:20:08.677 [JavaFX Application Thread] FATAL FXGLApplication      - Application will now exit
21:20:08.680 [JavaFX Application Thread] DEBUG PrimaryStageWindow   - Push state: ErrorSubScene
21:20:08.680 [JavaFX Application Thread] DEBUG Input                - Clearing active input actions
21:20:08.680 [JavaFX Application Thread] DEBUG GameApplicationServi - Removing overlay from LevelSelectScene and adding to ErrorSubScene
21:20:08.682 [JavaFX Application Thread] DEBUG PrimaryStageWindow   - LevelSelectScene -> ErrorSubScene
21:20:18.237 [JavaFX Application Thread] DEBUG FXGLApplication      - Exiting FXGL
21:20:18.237 [JavaFX Application Thread] DEBUG Async                - Shutting down background threads
21:20:18.237 [JavaFX Application Thread] DEBUG PrimaryStageWindow   - Closing main window
21:20:18.253 [JavaFX Application Thread] DEBUG Logger               - Closing Logger
