16:15:47.565 [main                     ] DEBUG Logger               - Configured Logger
16:15:47.578 [main                     ] DEBUG GameApplication      - Logging settings
Title: Untitled
Version: 0.0
Width: 1280
Height: 720
Fullscreen: false
Intro: false
Profiling: false
Single step:false
App Mode: DEVELOPER
Menu Key: ESCAPE
Stage Style: DECORATED
Scene Factory: class com.sunsofgod.PlatformerApp$1

16:15:47.817 [JavaFX Application Thread] DEBUG FXGLApplication      - Initializing FXGL
16:15:47.821 [JavaFX Application Thread] INFO  Engine               - FXGL-17.2 (20.08.2022 16.50) on WINDOWS (J:21.0.4 FX:17.0.12)
16:15:47.821 [JavaFX Application Thread] DEBUG Engine               - JRE Vendor Name: Eclipse Adoptium
16:15:47.821 [JavaFX Application Thread] DEBUG Engine               - Running on OS: Windows 11 version 10.0
16:15:47.821 [JavaFX Application Thread] DEBUG Engine               - Architecture: amd64
16:15:47.821 [JavaFX Application Thread] INFO  Engine               - Source code and latest versions at: https://github.com/AlmasB/FXGL
16:15:47.821 [JavaFX Application Thread] INFO  Engine               -       Ask questions and discuss at: https://github.com/AlmasB/FXGL/discussions
16:15:47.822 [JavaFX Application Thread] INFO  Engine               -              Join the FXGL chat at: https://gitter.im/AlmasB/FXGL
16:15:47.883 [JavaFX Application Thread] DEBUG PrimaryStageWindow   - Creating a JavaFX scene
16:15:47.914 [JavaFX Application Thread] DEBUG PrimaryStageWindow   - Target settings size: 1280.0 x 720.0
16:15:47.914 [JavaFX Application Thread] DEBUG PrimaryStageWindow   - Scaled scene size:    1280.0 x 720.0
16:15:47.914 [JavaFX Application Thread] DEBUG PrimaryStageWindow   - Scaled ratio: (1.0, 1.0)
16:15:47.915 [JavaFX Application Thread] DEBUG PrimaryStageWindow   - Set initial scene to FXGLStartupScene
16:15:47.919 [JavaFX Application Thread] DEBUG PrimaryStageWindow   - Opening main window
16:15:47.980 [JavaFX Application Thread] DEBUG PrimaryStageWindow   - Window border size: (16.0, 39.0)
16:15:47.980 [JavaFX Application Thread] DEBUG PrimaryStageWindow   - Scaled size: 1280.0 x 720.0
16:15:47.980 [JavaFX Application Thread] DEBUG PrimaryStageWindow   - Scaled ratio: (1.0, 1.0)
16:15:47.980 [JavaFX Application Thread] DEBUG PrimaryStageWindow   - Scene size: 1280.0 x 720.0
16:15:47.980 [JavaFX Application Thread] DEBUG PrimaryStageWindow   - Stage size: 1296.0 x 759.0
16:15:47.986 [FXGL Background Thread 1 ] DEBUG Engine               - Initializing environment variables
16:15:48.019 [FXGL Background Thread 1 ] DEBUG FXGLAssetLoaderServi - User app class for loading assets: class com.sunsofgod.PlatformerApp
16:15:48.019 [FXGL Background Thread 1 ] DEBUG GameApplicationServi - Applying CSS: fxgl_dark.css
16:15:48.019 [FXGL Background Thread 1 ] DEBUG FXGLAssetLoaderServi - Loading from file system: jar:file:///C:/Users/user/.m2/repository/com/github/almasb/fxgl/17.2/fxgl-17.2.jar!/fxglassets/ui/css/fxgl_dark.css
16:15:48.047 [FXGL Background Thread 1 ] DEBUG GameApplicationServi - Initializing application scenes
16:15:48.082 [FXGL Background Thread 1 ] WARN  FXGLAssetLoaderServi - Asset "/assets/textures/player.png" was not found!
16:15:48.082 [FXGL Background Thread 1 ] WARN  FXGLAssetLoaderServi - Failed to load IMAGE
16:15:48.099 [FXGL Background Thread 1 ] DEBUG GameWorld            - Game world initialized
16:15:48.131 [FXGL Background Thread 1 ] DEBUG PhysicsWorld         - Physics world initialized: appHeight=720, physics.ppm=50.0
16:15:48.131 [FXGL Background Thread 1 ] DEBUG PhysicsWorld         - Using strategy: BRUTE_FORCE
16:15:48.133 [FXGL Background Thread 1 ] DEBUG GameScene            - Game scene initialized: 1280x720
16:15:48.306 [FXGL Background Thread 1 ] DEBUG GameApplicationServi - Application scenes initialized
16:15:48.317 [FXGL Background Thread 1 ] DEBUG SystemBundleService  - Loading FXGL system data
16:15:48.320 [FXGL Background Thread 1 ] DEBUG FileSystemAccess     - Reading from: C:\Users\user\Desktop\JavaFXGame\system\fxgl.bundle
16:15:48.328 [FXGL Background Thread 1 ] DEBUG SystemBundleService  - Bundle FXGL: {}
16:15:48.328 [FXGL Background Thread 1 ] DEBUG UpdaterService       - Checking for updates
16:15:48.346 [FXGL Background Thread 4 ] DEBUG FXGLApplication      - Loading fonts
16:15:48.346 [FXGL Background Thread 1 ] DEBUG FXGLApplication      - Loading default localization
16:15:48.346 [FXGL Background Thread 4 ] DEBUG FXGLAssetLoaderServi - Loading from file system: jar:file:///C:/Users/user/.m2/repository/com/github/almasb/fxgl/17.2/fxgl-17.2.jar!/fxglassets/ui/fonts/VarelaRound-Regular.ttf
16:15:48.346 [FXGL Background Thread 1 ] DEBUG FXGLAssetLoaderServi - Loading from file system: jar:file:///C:/Users/user/.m2/repository/com/github/almasb/fxgl/17.2/fxgl-17.2.jar!/fxglassets/languages/english.lang
16:15:48.367 [FXGL Background Thread 1 ] INFO  FXGLApplication      - FXGL initialization took: 0.381 sec
16:15:48.368 [JavaFX Application Thread] DEBUG FXGLAssetLoaderServi - Loading from file system: jar:file:///C:/Users/user/.m2/repository/com/github/almasb/fxgl/17.2/fxgl-17.2.jar!/fxglassets/textures/fxgl_icon.png
16:15:48.382 [FXGL Background Thread 4 ] DEBUG FXGLAssetLoaderServi - Loading from file system: jar:file:///C:/Users/user/.m2/repository/com/github/almasb/fxgl/17.2/fxgl-17.2.jar!/fxglassets/ui/fonts/Abel-Regular.ttf
16:15:48.383 [JavaFX Application Thread] DEBUG FXGLAssetLoaderServi - Loading from file system: jar:file:///C:/Users/user/.m2/repository/com/github/almasb/fxgl/17.2/fxgl-17.2.jar!/fxglassets/textures/fxgl_default_cursor.png
16:15:48.386 [FXGL Background Thread 4 ] DEBUG FXGLAssetLoaderServi - Loading from file system: jar:file:///C:/Users/user/.m2/repository/com/github/almasb/fxgl/17.2/fxgl-17.2.jar!/fxglassets/ui/fonts/TerminalLandMono-Regular.otf
16:15:48.389 [FXGL Background Thread 4 ] DEBUG FXGLAssetLoaderServi - Loading from file system: jar:file:///C:/Users/user/.m2/repository/com/github/almasb/fxgl/17.2/fxgl-17.2.jar!/fxglassets/ui/fonts/Courier-Prime.ttf
16:15:48.392 [JavaFX Application Thread] DEBUG Input                - Registered new binding: Screenshot - CTRL+8
16:15:48.392 [JavaFX Application Thread] DEBUG Input                - Registered new binding: Dev Options - 1
16:15:48.392 [JavaFX Application Thread] DEBUG Input                - Registered new binding: Dev Console - 2
16:15:48.392 [JavaFX Application Thread] DEBUG Input                - Registered new binding: System info dump - CTRL+9
16:15:48.393 [JavaFX Application Thread] DEBUG Input                - Registered new binding: Restart - CTRL+R
16:15:48.394 [JavaFX Application Thread] DEBUG Input                - Registered new binding: Toggle Debug Camera - CTRL+7
16:15:48.396 [JavaFX Application Thread] DEBUG LoopRunner           - Starting loop
16:15:48.404 [JavaFX Application Thread] DEBUG LoopRunner           - Initializing JavaFX AnimationTimerLoop
16:15:48.406 [JavaFX Application Thread] DEBUG Input                - Clearing active input actions
16:15:48.412 [JavaFX Application Thread] DEBUG GameApplicationServi - Removing overlay from FXGLStartupScene and adding to FXGLMainMenuDummyScene
16:15:48.414 [JavaFX Application Thread] DEBUG PrimaryStageWindow   - FXGLStartupScene -> FXGLMainMenuDummyScene
16:15:48.414 [JavaFX Application Thread] DEBUG PrimaryStageWindow   - Push state: RiderMainMenuScene
16:15:48.414 [JavaFX Application Thread] DEBUG Input                - Clearing active input actions
16:15:48.418 [JavaFX Application Thread] DEBUG GameApplicationServi - Removing overlay from FXGLMainMenuDummyScene and adding to RiderMainMenuScene
16:15:48.418 [JavaFX Application Thread] DEBUG PrimaryStageWindow   - FXGLMainMenuDummyScene -> RiderMainMenuScene
16:15:48.572 [JavaFX Application Thread] DEBUG FXGLApplication      - Registering font factories with UI factory
16:15:48.722 [FXGL Background Thread 2 ] INFO  UpdaterService       - Your current version:  17.2
16:15:48.722 [FXGL Background Thread 2 ] INFO  UpdaterService       - Latest stable version: 21.1
16:15:49.392 [JavaFX Application Thread] DEBUG PrimaryStageWindow   - Push state: PlayerSelectScene
16:15:49.392 [JavaFX Application Thread] DEBUG Input                - Clearing active input actions
16:15:49.393 [JavaFX Application Thread] DEBUG GameApplicationServi - Removing overlay from RiderMainMenuScene and adding to PlayerSelectScene
16:15:49.394 [JavaFX Application Thread] DEBUG PrimaryStageWindow   - RiderMainMenuScene -> PlayerSelectScene
16:15:51.010 [JavaFX Application Thread] DEBUG PrimaryStageWindow   - Push state: LevelSelectScene
16:15:51.010 [JavaFX Application Thread] DEBUG Input                - Clearing active input actions
16:15:51.011 [JavaFX Application Thread] DEBUG GameApplicationServi - Removing overlay from PlayerSelectScene and adding to LevelSelectScene
16:15:51.013 [JavaFX Application Thread] DEBUG PrimaryStageWindow   - PlayerSelectScene -> LevelSelectScene
16:15:51.345 [FXGL Background Thread 3 ] DEBUG Engine               - Logging environment variables
16:15:51.345 [FXGL Background Thread 3 ] DEBUG Engine               - achievements: []
16:15:51.345 [FXGL Background Thread 3 ] DEBUG Engine               - actualHeight: 720.0
16:15:51.345 [FXGL Background Thread 3 ] DEBUG Engine               - actualHeightProperty: ReadOnlyDoubleProperty [value: 720.0]
16:15:51.345 [FXGL Background Thread 3 ] DEBUG Engine               - actualWidth: 1280.0
16:15:51.345 [FXGL Background Thread 3 ] DEBUG Engine               - actualWidthProperty: ReadOnlyDoubleProperty [value: 1280.0]
16:15:51.345 [FXGL Background Thread 3 ] DEBUG Engine               - appIcon: fxgl_icon.png
16:15:51.345 [FXGL Background Thread 3 ] DEBUG Engine               - applicationMode: DEVELOPER
16:15:51.346 [FXGL Background Thread 3 ] DEBUG Engine               - cSSList: [fxgl_dark.css]
16:15:51.346 [FXGL Background Thread 3 ] DEBUG Engine               - collisionDetectionStrategy: BRUTE_FORCE
16:15:51.346 [FXGL Background Thread 3 ] DEBUG Engine               - configClass: Optional.empty
16:15:51.346 [FXGL Background Thread 3 ] DEBUG Engine               - credits: []
16:15:51.347 [FXGL Background Thread 3 ] DEBUG Engine               - defaultCursor: CursorInfo(imageName=fxgl_default_cursor.png, hotspotX=7.0, hotspotY=6.0)
16:15:51.347 [FXGL Background Thread 3 ] DEBUG Engine               - devBBoxColorProperty: ObjectProperty [value: 0xff0000ff]
16:15:51.347 [FXGL Background Thread 3 ] DEBUG Engine               - devEnableDebugCameraProperty: BooleanProperty [value: false]
16:15:51.347 [FXGL Background Thread 3 ] DEBUG Engine               - devSensorColorProperty: ObjectProperty [value: 0xffff00ff]
16:15:51.347 [FXGL Background Thread 3 ] DEBUG Engine               - devShowBBoxProperty: BooleanProperty [value: false]
16:15:51.347 [FXGL Background Thread 3 ] DEBUG Engine               - devShowPositionProperty: BooleanProperty [value: false]
16:15:51.347 [FXGL Background Thread 3 ] DEBUG Engine               - enabledMenuItems: []
16:15:51.347 [FXGL Background Thread 3 ] DEBUG Engine               - engineServices: [class com.almasb.fxgl.app.services.FXGLAssetLoaderService, class com.almasb.fxgl.app.FXGLApplication$GameApplicationService, class com.almasb.fxgl.app.services.FXGLDialogService, class com.almasb.fxgl.app.services.IOTaskExecutorService, class com.almasb.fxgl.io.FileSystemService, class com.almasb.fxgl.localization.LocalizationService, class com.almasb.fxgl.app.services.SystemBundleService, class com.almasb.fxgl.profile.SaveLoadService, class com.almasb.fxgl.ui.FXGLUIFactoryServiceProvider, class com.almasb.fxgl.ui.FXGLDialogFactoryServiceProvider, class com.almasb.fxgl.audio.AudioPlayer, class com.almasb.fxgl.notification.impl.NotificationServiceProvider, class com.almasb.fxgl.achievement.AchievementService, class com.almasb.fxgl.cutscene.CutsceneService, class com.almasb.fxgl.minigames.MiniGameService, class com.almasb.fxgl.net.NetService, class com.almasb.fxgl.app.services.UpdaterService, class com.almasb.fxgl.dev.DevService]
16:15:51.348 [FXGL Background Thread 3 ] DEBUG Engine               - fontGame: Abel-Regular.ttf
16:15:51.348 [FXGL Background Thread 3 ] DEBUG Engine               - fontMono: TerminalLandMono-Regular.otf
16:15:51.348 [FXGL Background Thread 3 ] DEBUG Engine               - fontText: Courier-Prime.ttf
16:15:51.348 [FXGL Background Thread 3 ] DEBUG Engine               - fontUI: VarelaRound-Regular.ttf
16:15:51.348 [FXGL Background Thread 3 ] DEBUG Engine               - fullScreen: BooleanProperty [value: false]
16:15:51.348 [FXGL Background Thread 3 ] DEBUG Engine               - gameDifficulty: MEDIUM
16:15:51.348 [FXGL Background Thread 3 ] DEBUG Engine               - gameDifficultyProperty: ObjectProperty [value: MEDIUM]
16:15:51.348 [FXGL Background Thread 3 ] DEBUG Engine               - globalMusicVolume: 0.5
16:15:51.348 [FXGL Background Thread 3 ] DEBUG Engine               - globalMusicVolumeProperty: DoubleProperty [value: 0.25]
16:15:51.348 [FXGL Background Thread 3 ] DEBUG Engine               - globalSoundVolume: 0.5
16:15:51.348 [FXGL Background Thread 3 ] DEBUG Engine               - globalSoundVolumeProperty: DoubleProperty [value: 0.5]
16:15:51.348 [FXGL Background Thread 3 ] DEBUG Engine               - height: 720
16:15:51.348 [FXGL Background Thread 3 ] DEBUG Engine               - is3D: false
16:15:51.348 [FXGL Background Thread 3 ] DEBUG Engine               - isAndroid: false
16:15:51.348 [FXGL Background Thread 3 ] DEBUG Engine               - isBrowser: false
16:15:51.348 [FXGL Background Thread 3 ] DEBUG Engine               - isClickFeedbackEnabled: false
16:15:51.348 [FXGL Background Thread 3 ] DEBUG Engine               - isCloseConfirmation: false
16:15:51.348 [FXGL Background Thread 3 ] DEBUG Engine               - isDesktop: true
16:15:51.348 [FXGL Background Thread 3 ] DEBUG Engine               - isDeveloperMenuEnabled: true
16:15:51.348 [FXGL Background Thread 3 ] DEBUG Engine               - isEmbedded: false
16:15:51.348 [FXGL Background Thread 3 ] DEBUG Engine               - isEntityPreloadEnabled: true
16:15:51.348 [FXGL Background Thread 3 ] DEBUG Engine               - isExperimentalTiledLargeMap: false
16:15:51.349 [FXGL Background Thread 3 ] DEBUG Engine               - isFileSystemWriteAllowed: true
16:15:51.349 [FXGL Background Thread 3 ] DEBUG Engine               - isFullScreenAllowed: false
16:15:51.349 [FXGL Background Thread 3 ] DEBUG Engine               - isFullScreenFromStart: false
16:15:51.349 [FXGL Background Thread 3 ] DEBUG Engine               - isGameMenuEnabled: true
16:15:51.349 [FXGL Background Thread 3 ] DEBUG Engine               - isIOS: false
16:15:51.349 [FXGL Background Thread 3 ] DEBUG Engine               - isIntroEnabled: false
16:15:51.349 [FXGL Background Thread 3 ] DEBUG Engine               - isLinux: false
16:15:51.349 [FXGL Background Thread 3 ] DEBUG Engine               - isMac: false
16:15:51.349 [FXGL Background Thread 3 ] DEBUG Engine               - isMainMenuEnabled: true
16:15:51.349 [FXGL Background Thread 3 ] DEBUG Engine               - isManualResizeEnabled: false
16:15:51.349 [FXGL Background Thread 3 ] DEBUG Engine               - isMobile: false
16:15:51.349 [FXGL Background Thread 3 ] DEBUG Engine               - isNative: false
16:15:51.349 [FXGL Background Thread 3 ] DEBUG Engine               - isPauseMusicWhenMinimized: true
16:15:51.349 [FXGL Background Thread 3 ] DEBUG Engine               - isPreserveResizeRatio: false
16:15:51.349 [FXGL Background Thread 3 ] DEBUG Engine               - isProfilingEnabled: false
16:15:51.349 [FXGL Background Thread 3 ] DEBUG Engine               - isScaleAffectedOnResize: true
16:15:51.349 [FXGL Background Thread 3 ] DEBUG Engine               - isSingleStep: false
16:15:51.349 [FXGL Background Thread 3 ] DEBUG Engine               - isUserProfileEnabled: false
16:15:51.349 [FXGL Background Thread 3 ] DEBUG Engine               - isWindows: true
16:15:51.349 [FXGL Background Thread 3 ] DEBUG Engine               - language: ObjectProperty [value: ENGLISH]
16:15:51.349 [FXGL Background Thread 3 ] DEBUG Engine               - menuKey: ESCAPE
16:15:51.350 [FXGL Background Thread 3 ] DEBUG Engine               - mouseSensitivity: 0.2
16:15:51.350 [FXGL Background Thread 3 ] DEBUG Engine               - notificationViewClass: class com.almasb.fxgl.notification.view.XboxNotificationView
16:15:51.350 [FXGL Background Thread 3 ] DEBUG Engine               - pixelsPerMeter: 50.0
16:15:51.350 [FXGL Background Thread 3 ] DEBUG Engine               - platform: WINDOWS
16:15:51.350 [FXGL Background Thread 3 ] DEBUG Engine               - prefHeightProperty: ReadOnlyDoubleProperty [value: 720.0]
16:15:51.350 [FXGL Background Thread 3 ] DEBUG Engine               - prefWidthProperty: ReadOnlyDoubleProperty [value: 1280.0]
16:15:51.350 [FXGL Background Thread 3 ] DEBUG Engine               - profileDir: profiles/
16:15:51.350 [FXGL Background Thread 3 ] DEBUG Engine               - profileName: StringProperty [value: DEFAULT]
16:15:51.350 [FXGL Background Thread 3 ] DEBUG Engine               - randomSeed: -1
16:15:51.350 [FXGL Background Thread 3 ] DEBUG Engine               - runtimeInfo: RuntimeInfo(platform=WINDOWS, version=17.2, build=20.08.2022 16.50)
16:15:51.350 [FXGL Background Thread 3 ] DEBUG Engine               - saveFileExt: sav
16:15:51.350 [FXGL Background Thread 3 ] DEBUG Engine               - scaledHeightProp$fxgl: DoubleProperty [bound, value: 720.0]
16:15:51.350 [FXGL Background Thread 3 ] DEBUG Engine               - scaledWidthProp$fxgl: DoubleProperty [bound, value: 1280.0]
16:15:51.350 [FXGL Background Thread 3 ] DEBUG Engine               - sceneFactory: com.sunsofgod.PlatformerApp$1@74a3d108
16:15:51.350 [FXGL Background Thread 3 ] DEBUG Engine               - secondsIn24h: 60
16:15:51.350 [FXGL Background Thread 3 ] DEBUG Engine               - soundMenuBack: menu/back.wav
16:15:51.350 [FXGL Background Thread 3 ] DEBUG Engine               - soundMenuPress: menu/press.wav
16:15:51.351 [FXGL Background Thread 3 ] DEBUG Engine               - soundMenuSelect: menu/select.wav
16:15:51.351 [FXGL Background Thread 3 ] DEBUG Engine               - soundNotification: core/notification.wav
16:15:51.351 [FXGL Background Thread 3 ] DEBUG Engine               - stageStyle: DECORATED
16:15:51.351 [FXGL Background Thread 3 ] DEBUG Engine               - supportedLanguages: [ENGLISH, FRENCH, GERMAN, HUNGARIAN, RUSSIAN]
16:15:51.351 [FXGL Background Thread 3 ] DEBUG Engine               - ticksPerSecond: -1
16:15:51.351 [FXGL Background Thread 3 ] DEBUG Engine               - title: Untitled
16:15:51.351 [FXGL Background Thread 3 ] DEBUG Engine               - urlGithub: https://github.com/AlmasB/FXGL
16:15:51.351 [FXGL Background Thread 3 ] DEBUG Engine               - urlLeaderboard: http://fxgl-top.herokuapp.com/
16:15:51.351 [FXGL Background Thread 3 ] DEBUG Engine               - urlPOM: https://raw.githubusercontent.com/AlmasB/FXGL/release/README.md
16:15:51.351 [FXGL Background Thread 3 ] DEBUG Engine               - userAppClass: class com.sunsofgod.PlatformerApp
16:15:51.351 [FXGL Background Thread 3 ] DEBUG Engine               - version: 0.0
16:15:51.351 [FXGL Background Thread 3 ] DEBUG Engine               - versionCheckDays: 7
16:15:51.351 [FXGL Background Thread 3 ] DEBUG Engine               - width: 1280
16:15:51.351 [FXGL Background Thread 3 ] DEBUG Engine               - Logging services
16:15:51.351 [FXGL Background Thread 3 ] DEBUG Engine               - class com.almasb.fxgl.app.services.FXGLAssetLoaderService
16:15:51.351 [FXGL Background Thread 3 ] DEBUG Engine               - class com.almasb.fxgl.app.FXGLApplication$GameApplicationService
16:15:51.351 [FXGL Background Thread 3 ] DEBUG Engine               - class com.almasb.fxgl.app.services.FXGLDialogService
16:15:51.351 [FXGL Background Thread 3 ] DEBUG Engine               - class com.almasb.fxgl.app.services.IOTaskExecutorService
16:15:51.351 [FXGL Background Thread 3 ] DEBUG Engine               - class com.almasb.fxgl.io.FileSystemService
16:15:51.351 [FXGL Background Thread 3 ] DEBUG Engine               - class com.almasb.fxgl.localization.LocalizationService
16:15:51.351 [FXGL Background Thread 3 ] DEBUG Engine               - class com.almasb.fxgl.app.services.SystemBundleService
16:15:51.351 [FXGL Background Thread 3 ] DEBUG Engine               - class com.almasb.fxgl.profile.SaveLoadService
16:15:51.351 [FXGL Background Thread 3 ] DEBUG Engine               - class com.almasb.fxgl.ui.FXGLUIFactoryServiceProvider
16:15:51.351 [FXGL Background Thread 3 ] DEBUG Engine               - class com.almasb.fxgl.ui.FXGLDialogFactoryServiceProvider
16:15:51.351 [FXGL Background Thread 3 ] DEBUG Engine               - class com.almasb.fxgl.audio.AudioPlayer
16:15:51.351 [FXGL Background Thread 3 ] DEBUG Engine               - class com.almasb.fxgl.notification.impl.NotificationServiceProvider
16:15:51.351 [FXGL Background Thread 3 ] DEBUG Engine               - class com.almasb.fxgl.achievement.AchievementService
16:15:51.351 [FXGL Background Thread 3 ] DEBUG Engine               - class com.almasb.fxgl.cutscene.CutsceneService
16:15:51.351 [FXGL Background Thread 3 ] DEBUG Engine               - class com.almasb.fxgl.minigames.MiniGameService
16:15:51.351 [FXGL Background Thread 3 ] DEBUG Engine               - class com.almasb.fxgl.net.NetService
16:15:51.351 [FXGL Background Thread 3 ] DEBUG Engine               - class com.almasb.fxgl.app.services.UpdaterService
16:15:51.351 [FXGL Background Thread 3 ] DEBUG Engine               - class com.almasb.fxgl.dev.DevService
16:15:51.820 [JavaFX Application Thread] DEBUG Menu                 - fireNewGame()
16:15:51.820 [JavaFX Application Thread] DEBUG GameApplicationServi - Starting new game
16:15:51.820 [JavaFX Application Thread] DEBUG PrimaryStageWindow   - Pop state: LevelSelectScene
16:15:51.820 [JavaFX Application Thread] DEBUG Input                - Clearing active input actions
16:15:51.821 [JavaFX Application Thread] DEBUG GameApplicationServi - Removing overlay from LevelSelectScene and adding to PlayerSelectScene
16:15:51.822 [JavaFX Application Thread] DEBUG PrimaryStageWindow   - PlayerSelectScene <- LevelSelectScene
16:15:51.822 [JavaFX Application Thread] DEBUG PrimaryStageWindow   - Pop state: PlayerSelectScene
16:15:51.822 [JavaFX Application Thread] DEBUG Input                - Clearing active input actions
16:15:51.822 [JavaFX Application Thread] DEBUG GameApplicationServi - Removing overlay from PlayerSelectScene and adding to RiderMainMenuScene
16:15:51.822 [JavaFX Application Thread] DEBUG PrimaryStageWindow   - RiderMainMenuScene <- PlayerSelectScene
16:15:51.822 [JavaFX Application Thread] DEBUG PrimaryStageWindow   - Pop state: RiderMainMenuScene
16:15:51.822 [JavaFX Application Thread] DEBUG Input                - Clearing active input actions
16:15:51.823 [JavaFX Application Thread] DEBUG GameApplicationServi - Removing overlay from RiderMainMenuScene and adding to FXGLMainMenuDummyScene
16:15:51.823 [JavaFX Application Thread] DEBUG PrimaryStageWindow   - FXGLMainMenuDummyScene <- RiderMainMenuScene
16:15:51.824 [JavaFX Application Thread] DEBUG Input                - Clearing active input actions
16:15:51.829 [JavaFX Application Thread] DEBUG GameApplicationServi - Removing overlay from FXGLMainMenuDummyScene and adding to MainLoadingScene
16:15:51.829 [JavaFX Application Thread] DEBUG PrimaryStageWindow   - FXGLMainMenuDummyScene -> MainLoadingScene
16:15:51.829 [JavaFX Application Thread] DEBUG GameApplicationServi - Clearing previous game
16:15:51.829 [JavaFX Application Thread] DEBUG GameScene            - Clearing game scene
16:15:51.830 [JavaFX Application Thread] DEBUG GameWorld            - Clearing game world
16:15:51.830 [JavaFX Application Thread] DEBUG PhysicsWorld         - Clearing physics world
16:15:51.831 [FXGL Background Thread 2 ] DEBUG FXGLApplication      - Initializing game
16:15:51.860 [FXGL Background Thread 2 ] WARN  TMXLevelLoader       - TiledMap generated from 1.11.0. Supported version: 1.9.0. Some features may not be parsed fully.
16:15:51.868 [FXGL Background Thread 2 ] DEBUG TMXLevelLoader       - Parsed TiledMap: file:/C:/Users/user/Desktop/JavaFXGame/target/classes/assets/levels/tmx/level9.tmx
16:15:51.869 [FXGL Background Thread 2 ] DEBUG TMXLevelLoader       - Creating tile layer entities
16:15:51.870 [FXGL Background Thread 2 ] DEBUG TilesetLoader        - Loading view for layer Tile Layer 1
16:15:51.873 [FXGL Background Thread 2 ] DEBUG TilesetLoader        - Created buffer with size 2450.0x700.0
16:15:51.882 [FXGL Background Thread 2 ] DEBUG TMXLevelLoader       - Creating object layer entities
16:15:51.898 [FXGL Background Thread 2 ] DEBUG FXGLAssetLoaderServi - Loading from file system: file:/C:/Users/user/Desktop/JavaFXGame/target/classes/assets/textures/button.png
16:15:51.914 [FXGL Background Thread 2 ] DEBUG GameWorld            - Clearing removable entities
16:15:51.914 [FXGL Background Thread 2 ] DEBUG GameWorld            - Setting level: com.almasb.fxgl.entity.level.Level@55a78f58
16:15:51.921 [FXGL Background Thread 2 ] DEBUG FXGLAssetLoaderServi - Loading from file system: file:/C:/Users/user/Desktop/JavaFXGame/target/classes/assets/textures/player1.png
16:15:51.928 [FXGL Background Thread 2 ] DEBUG FXGLAssetLoaderServi - Loading from file system: file:/C:/Users/user/Desktop/JavaFXGame/target/classes/assets/textures/player2.png
16:15:51.930 [FXGL Background Thread 2 ] DEBUG FXGLAssetLoaderServi - Loading from file system: file:/C:/Users/user/Desktop/JavaFXGame/target/classes/assets/textures/player3.png
16:15:51.932 [FXGL Background Thread 2 ] DEBUG Input                - Clearing active input actions
16:15:51.932 [FXGL Background Thread 2 ] DEBUG Input                - Registered new binding: Jump0 - W
16:15:51.933 [FXGL Background Thread 2 ] DEBUG Input                - Registered new binding: Left0 - A
16:15:51.933 [FXGL Background Thread 2 ] DEBUG Input                - Registered new binding: Right0 - D
16:15:51.933 [FXGL Background Thread 2 ] DEBUG Input                - Registered new binding: Use0 - E
16:15:51.933 [FXGL Background Thread 2 ] DEBUG Input                - Registered new binding: Jump1 - Up
16:15:51.933 [FXGL Background Thread 2 ] DEBUG Input                - Registered new binding: Left1 - Left
16:15:51.933 [FXGL Background Thread 2 ] DEBUG Input                - Registered new binding: Right1 - Right
16:15:51.933 [FXGL Background Thread 2 ] DEBUG Input                - Registered new binding: Use1 - Slash
16:15:51.933 [FXGL Background Thread 2 ] DEBUG Input                - Registered new binding: Jump2 - I
16:15:51.933 [FXGL Background Thread 2 ] DEBUG Input                - Registered new binding: Left2 - J
16:15:51.933 [FXGL Background Thread 2 ] DEBUG Input                - Registered new binding: Right2 - L
16:15:51.933 [FXGL Background Thread 2 ] DEBUG Input                - Registered new binding: Use2 - O
16:15:51.934 [FXGL Background Thread 2 ] DEBUG FXGLAssetLoaderServi - Loading from file system: file:/C:/Users/user/Desktop/JavaFXGame/target/classes/assets/textures/background/manila.png
16:15:51.949 [FXGL Background Thread 2 ] INFO  FXGLApplication      - Game initialization took: 0.119 sec
16:15:51.950 [JavaFX Application Thread] DEBUG Input                - Clearing active input actions
16:15:51.955 [JavaFX Application Thread] DEBUG GameApplicationServi - Removing overlay from MainLoadingScene and adding to GameScene
16:15:51.956 [JavaFX Application Thread] DEBUG PrimaryStageWindow   - MainLoadingScene -> GameScene
16:15:52.780 [JavaFX Application Thread] DEBUG FXGLAssetLoaderServi - Loading from file system: file:/C:/Users/user/Desktop/JavaFXGame/target/classes/assets/sounds/jump.wav
16:16:00.867 [JavaFX Application Thread] DEBUG FXGLApplication      - Exiting FXGL
16:16:00.867 [JavaFX Application Thread] DEBUG LoopRunner           - Stopping loop
16:16:00.867 [JavaFX Application Thread] DEBUG SystemBundleService  - Saving FXGL system data
16:16:00.869 [JavaFX Application Thread] DEBUG FileSystemAccess     - Writing to: C:\Users\user\Desktop\JavaFXGame\system\fxgl.bundle
16:16:00.871 [JavaFX Application Thread] DEBUG Async                - Shutting down background threads
16:16:00.871 [JavaFX Application Thread] DEBUG PrimaryStageWindow   - Closing main window
16:16:00.881 [JavaFX Application Thread] DEBUG Logger               - Closing Logger
