22:22:06.563 [main                     ] DEBUG Logger               - Configured Logger
22:22:06.582 [main                     ] DEBUG GameApplication      - Logging settings
Title: Untitled
Version: 0.0
Width: 1280
Height: 720
Fullscreen: false
Intro: false
Profiling: false
Single step:false
App Mode: DEVELOPER
Menu Key: ESCAPE
Stage Style: DECORATED
Scene Factory: class com.sunsofgod.PlatformerApp$1

22:22:06.861 [JavaFX Application Thread] DEBUG FXGLApplication      - Initializing FXGL
22:22:06.864 [JavaFX Application Thread] INFO  Engine               - FXGL-17.2 (20.08.2022 16.50) on WINDOWS (J:21.0.4 FX:17.0.12)
22:22:06.865 [JavaFX Application Thread] DEBUG Engine               - JRE Vendor Name: Eclipse Adoptium
22:22:06.865 [JavaFX Application Thread] DEBUG Engine               - Running on OS: Windows 11 version 10.0
22:22:06.865 [JavaFX Application Thread] DEBUG Engine               - Architecture: amd64
22:22:06.865 [JavaFX Application Thread] INFO  Engine               - Source code and latest versions at: https://github.com/AlmasB/FXGL
22:22:06.865 [JavaFX Application Thread] INFO  Engine               -       Ask questions and discuss at: https://github.com/AlmasB/FXGL/discussions
22:22:06.865 [JavaFX Application Thread] INFO  Engine               -              Join the FXGL chat at: https://gitter.im/AlmasB/FXGL
22:22:06.929 [JavaFX Application Thread] DEBUG PrimaryStageWindow   - Creating a JavaFX scene
22:22:06.962 [JavaFX Application Thread] DEBUG PrimaryStageWindow   - Target settings size: 1280.0 x 720.0
22:22:06.962 [JavaFX Application Thread] DEBUG PrimaryStageWindow   - Scaled scene size:    1280.0 x 720.0
22:22:06.962 [JavaFX Application Thread] DEBUG PrimaryStageWindow   - Scaled ratio: (1.0, 1.0)
22:22:06.963 [JavaFX Application Thread] DEBUG PrimaryStageWindow   - Set initial scene to FXGLStartupScene
22:22:06.969 [JavaFX Application Thread] DEBUG PrimaryStageWindow   - Opening main window
22:22:07.028 [JavaFX Application Thread] DEBUG PrimaryStageWindow   - Window border size: (16.0, 39.0)
22:22:07.029 [JavaFX Application Thread] DEBUG PrimaryStageWindow   - Scaled size: 1280.0 x 720.0
22:22:07.029 [JavaFX Application Thread] DEBUG PrimaryStageWindow   - Scaled ratio: (1.0, 1.0)
22:22:07.029 [JavaFX Application Thread] DEBUG PrimaryStageWindow   - Scene size: 1280.0 x 720.0
22:22:07.029 [JavaFX Application Thread] DEBUG PrimaryStageWindow   - Stage size: 1296.0 x 759.0
22:22:07.035 [FXGL Background Thread 1 ] DEBUG Engine               - Initializing environment variables
22:22:07.073 [FXGL Background Thread 1 ] DEBUG FXGLAssetLoaderServi - User app class for loading assets: class com.sunsofgod.PlatformerApp
22:22:07.073 [FXGL Background Thread 1 ] DEBUG GameApplicationServi - Applying CSS: fxgl_dark.css
22:22:07.074 [FXGL Background Thread 1 ] DEBUG FXGLAssetLoaderServi - Loading from file system: jar:file:///C:/Users/user/.m2/repository/com/github/almasb/fxgl/17.2/fxgl-17.2.jar!/fxglassets/ui/css/fxgl_dark.css
22:22:07.108 [FXGL Background Thread 1 ] DEBUG GameApplicationServi - Initializing application scenes
22:22:07.142 [FXGL Background Thread 1 ] WARN  FXGLAssetLoaderServi - Asset "/assets/textures/player.png" was not found!
22:22:07.142 [FXGL Background Thread 1 ] WARN  FXGLAssetLoaderServi - Failed to load IMAGE
22:22:07.162 [FXGL Background Thread 1 ] DEBUG GameWorld            - Game world initialized
22:22:07.200 [FXGL Background Thread 1 ] DEBUG PhysicsWorld         - Physics world initialized: appHeight=720, physics.ppm=50.0
22:22:07.201 [FXGL Background Thread 1 ] DEBUG PhysicsWorld         - Using strategy: BRUTE_FORCE
22:22:07.203 [FXGL Background Thread 1 ] DEBUG GameScene            - Game scene initialized: 1280x720
22:22:07.471 [FXGL Background Thread 1 ] DEBUG FXGL.DefaultMenu     - createMenuBodyGameMenu()
22:22:07.479 [FXGL Background Thread 1 ] DEBUG FXGL.DefaultMenu     - createOptionsMenu()
22:22:07.484 [FXGL Background Thread 1 ] DEBUG FXGLAssetLoaderServi - Loading from file system: jar:file:///C:/Users/user/.m2/repository/com/github/almasb/fxgl/17.2/fxgl-17.2.jar!/fxglassets/textures/particles/smoke.png
22:22:07.529 [FXGL Background Thread 1 ] DEBUG FXGLAssetLoaderServi - Loading from file system: jar:file:///C:/Users/user/.m2/repository/com/github/almasb/fxgl/17.2/fxgl-17.2.jar!/fxglassets/textures/particles/trace_horizontal.png
22:22:07.568 [FXGL Background Thread 1 ] DEBUG GameApplicationServi - Application scenes initialized
22:22:07.578 [FXGL Background Thread 1 ] DEBUG SystemBundleService  - Loading FXGL system data
22:22:07.581 [FXGL Background Thread 1 ] DEBUG FileSystemAccess     - Reading from: C:\Users\user\Desktop\JavaFXGame\system\fxgl.bundle
22:22:07.588 [FXGL Background Thread 1 ] DEBUG SystemBundleService  - Bundle FXGL: {}
22:22:07.588 [FXGL Background Thread 1 ] DEBUG UpdaterService       - Checking for updates
22:22:07.616 [FXGL Background Thread 4 ] DEBUG FXGLApplication      - Loading fonts
22:22:07.616 [FXGL Background Thread 1 ] DEBUG FXGLApplication      - Loading default localization
22:22:07.616 [FXGL Background Thread 4 ] DEBUG FXGLAssetLoaderServi - Loading from file system: jar:file:///C:/Users/user/.m2/repository/com/github/almasb/fxgl/17.2/fxgl-17.2.jar!/fxglassets/ui/fonts/VarelaRound-Regular.ttf
22:22:07.616 [FXGL Background Thread 1 ] DEBUG FXGLAssetLoaderServi - Loading from file system: jar:file:///C:/Users/user/.m2/repository/com/github/almasb/fxgl/17.2/fxgl-17.2.jar!/fxglassets/languages/english.lang
22:22:07.630 [FXGL Background Thread 1 ] INFO  FXGLApplication      - FXGL initialization took: 0.595 sec
22:22:07.631 [JavaFX Application Thread] DEBUG FXGLAssetLoaderServi - Loading from file system: jar:file:///C:/Users/user/.m2/repository/com/github/almasb/fxgl/17.2/fxgl-17.2.jar!/fxglassets/textures/fxgl_icon.png
22:22:07.643 [FXGL Background Thread 4 ] DEBUG FXGLAssetLoaderServi - Loading from file system: jar:file:///C:/Users/user/.m2/repository/com/github/almasb/fxgl/17.2/fxgl-17.2.jar!/fxglassets/ui/fonts/Abel-Regular.ttf
22:22:07.647 [FXGL Background Thread 4 ] DEBUG FXGLAssetLoaderServi - Loading from file system: jar:file:///C:/Users/user/.m2/repository/com/github/almasb/fxgl/17.2/fxgl-17.2.jar!/fxglassets/ui/fonts/TerminalLandMono-Regular.otf
22:22:07.648 [JavaFX Application Thread] DEBUG FXGLAssetLoaderServi - Loading from file system: jar:file:///C:/Users/user/.m2/repository/com/github/almasb/fxgl/17.2/fxgl-17.2.jar!/fxglassets/textures/fxgl_default_cursor.png
22:22:07.650 [FXGL Background Thread 4 ] DEBUG FXGLAssetLoaderServi - Loading from file system: jar:file:///C:/Users/user/.m2/repository/com/github/almasb/fxgl/17.2/fxgl-17.2.jar!/fxglassets/ui/fonts/Courier-Prime.ttf
22:22:07.654 [JavaFX Application Thread] DEBUG Input                - Registered new binding: Screenshot - CTRL+8
22:22:07.655 [JavaFX Application Thread] DEBUG Input                - Registered new binding: Dev Options - 1
22:22:07.655 [JavaFX Application Thread] DEBUG Input                - Registered new binding: Dev Console - 2
22:22:07.656 [JavaFX Application Thread] DEBUG Input                - Registered new binding: System info dump - CTRL+9
22:22:07.656 [JavaFX Application Thread] DEBUG Input                - Registered new binding: Restart - CTRL+R
22:22:07.656 [JavaFX Application Thread] DEBUG Input                - Registered new binding: Toggle Debug Camera - CTRL+7
22:22:07.658 [JavaFX Application Thread] DEBUG LoopRunner           - Starting loop
22:22:07.666 [JavaFX Application Thread] DEBUG LoopRunner           - Initializing JavaFX AnimationTimerLoop
22:22:07.667 [JavaFX Application Thread] DEBUG Input                - Clearing active input actions
22:22:07.675 [JavaFX Application Thread] DEBUG GameApplicationServi - Removing overlay from FXGLStartupScene and adding to FXGLMainMenuDummyScene
22:22:07.678 [JavaFX Application Thread] DEBUG PrimaryStageWindow   - FXGLStartupScene -> FXGLMainMenuDummyScene
22:22:07.678 [JavaFX Application Thread] DEBUG PrimaryStageWindow   - Push state: RiderMainMenuScene
22:22:07.678 [JavaFX Application Thread] DEBUG Input                - Clearing active input actions
22:22:07.683 [JavaFX Application Thread] DEBUG GameApplicationServi - Removing overlay from FXGLMainMenuDummyScene and adding to RiderMainMenuScene
22:22:07.683 [JavaFX Application Thread] DEBUG PrimaryStageWindow   - FXGLMainMenuDummyScene -> RiderMainMenuScene
22:22:07.806 [JavaFX Application Thread] DEBUG FXGLApplication      - Registering font factories with UI factory
22:22:07.955 [FXGL Background Thread 2 ] INFO  UpdaterService       - Your current version:  17.2
22:22:07.956 [FXGL Background Thread 2 ] INFO  UpdaterService       - Latest stable version: 21.1
22:22:08.566 [JavaFX Application Thread] DEBUG PrimaryStageWindow   - Push state: PlayerSelectScene
22:22:08.567 [JavaFX Application Thread] DEBUG Input                - Clearing active input actions
22:22:08.567 [JavaFX Application Thread] DEBUG GameApplicationServi - Removing overlay from RiderMainMenuScene and adding to PlayerSelectScene
22:22:08.569 [JavaFX Application Thread] DEBUG PrimaryStageWindow   - RiderMainMenuScene -> PlayerSelectScene
22:22:10.617 [FXGL Background Thread 3 ] DEBUG Engine               - Logging environment variables
22:22:10.617 [FXGL Background Thread 3 ] DEBUG Engine               - achievements: []
22:22:10.617 [FXGL Background Thread 3 ] DEBUG Engine               - actualHeight: 720.0
22:22:10.618 [FXGL Background Thread 3 ] DEBUG Engine               - actualHeightProperty: ReadOnlyDoubleProperty [value: 720.0]
22:22:10.618 [FXGL Background Thread 3 ] DEBUG Engine               - actualWidth: 1280.0
22:22:10.618 [FXGL Background Thread 3 ] DEBUG Engine               - actualWidthProperty: ReadOnlyDoubleProperty [value: 1280.0]
22:22:10.618 [FXGL Background Thread 3 ] DEBUG Engine               - appIcon: fxgl_icon.png
22:22:10.618 [FXGL Background Thread 3 ] DEBUG Engine               - applicationMode: DEVELOPER
22:22:10.618 [FXGL Background Thread 3 ] DEBUG Engine               - cSSList: [fxgl_dark.css]
22:22:10.618 [FXGL Background Thread 3 ] DEBUG Engine               - collisionDetectionStrategy: BRUTE_FORCE
22:22:10.618 [FXGL Background Thread 3 ] DEBUG Engine               - configClass: Optional.empty
22:22:10.618 [FXGL Background Thread 3 ] DEBUG Engine               - credits: []
22:22:10.618 [FXGL Background Thread 3 ] DEBUG Engine               - defaultCursor: CursorInfo(imageName=fxgl_default_cursor.png, hotspotX=7.0, hotspotY=6.0)
22:22:10.618 [FXGL Background Thread 3 ] DEBUG Engine               - devBBoxColorProperty: ObjectProperty [value: 0xff0000ff]
22:22:10.618 [FXGL Background Thread 3 ] DEBUG Engine               - devEnableDebugCameraProperty: BooleanProperty [value: false]
22:22:10.619 [FXGL Background Thread 3 ] DEBUG Engine               - devSensorColorProperty: ObjectProperty [value: 0xffff00ff]
22:22:10.619 [FXGL Background Thread 3 ] DEBUG Engine               - devShowBBoxProperty: BooleanProperty [value: false]
22:22:10.619 [FXGL Background Thread 3 ] DEBUG Engine               - devShowPositionProperty: BooleanProperty [value: false]
22:22:10.619 [FXGL Background Thread 3 ] DEBUG Engine               - enabledMenuItems: []
22:22:10.619 [FXGL Background Thread 3 ] DEBUG Engine               - engineServices: [class com.almasb.fxgl.app.services.FXGLAssetLoaderService, class com.almasb.fxgl.app.FXGLApplication$GameApplicationService, class com.almasb.fxgl.app.services.FXGLDialogService, class com.almasb.fxgl.app.services.IOTaskExecutorService, class com.almasb.fxgl.io.FileSystemService, class com.almasb.fxgl.localization.LocalizationService, class com.almasb.fxgl.app.services.SystemBundleService, class com.almasb.fxgl.profile.SaveLoadService, class com.almasb.fxgl.ui.FXGLUIFactoryServiceProvider, class com.almasb.fxgl.ui.FXGLDialogFactoryServiceProvider, class com.almasb.fxgl.audio.AudioPlayer, class com.almasb.fxgl.notification.impl.NotificationServiceProvider, class com.almasb.fxgl.achievement.AchievementService, class com.almasb.fxgl.cutscene.CutsceneService, class com.almasb.fxgl.minigames.MiniGameService, class com.almasb.fxgl.net.NetService, class com.almasb.fxgl.app.services.UpdaterService, class com.almasb.fxgl.dev.DevService]
22:22:10.619 [FXGL Background Thread 3 ] DEBUG Engine               - fontGame: Abel-Regular.ttf
22:22:10.619 [FXGL Background Thread 3 ] DEBUG Engine               - fontMono: TerminalLandMono-Regular.otf
22:22:10.619 [FXGL Background Thread 3 ] DEBUG Engine               - fontText: Courier-Prime.ttf
22:22:10.619 [FXGL Background Thread 3 ] DEBUG Engine               - fontUI: VarelaRound-Regular.ttf
22:22:10.619 [FXGL Background Thread 3 ] DEBUG Engine               - fullScreen: BooleanProperty [value: false]
22:22:10.619 [FXGL Background Thread 3 ] DEBUG Engine               - gameDifficulty: MEDIUM
22:22:10.619 [FXGL Background Thread 3 ] DEBUG Engine               - gameDifficultyProperty: ObjectProperty [value: MEDIUM]
22:22:10.619 [FXGL Background Thread 3 ] DEBUG Engine               - globalMusicVolume: 0.5
22:22:10.619 [FXGL Background Thread 3 ] DEBUG Engine               - globalMusicVolumeProperty: DoubleProperty [value: 0.25]
22:22:10.619 [FXGL Background Thread 3 ] DEBUG Engine               - globalSoundVolume: 0.5
22:22:10.619 [FXGL Background Thread 3 ] DEBUG Engine               - globalSoundVolumeProperty: DoubleProperty [value: 0.5]
22:22:10.619 [FXGL Background Thread 3 ] DEBUG Engine               - height: 720
22:22:10.619 [FXGL Background Thread 3 ] DEBUG Engine               - is3D: false
22:22:10.619 [FXGL Background Thread 3 ] DEBUG Engine               - isAndroid: false
22:22:10.619 [FXGL Background Thread 3 ] DEBUG Engine               - isBrowser: false
22:22:10.619 [FXGL Background Thread 3 ] DEBUG Engine               - isClickFeedbackEnabled: false
22:22:10.620 [FXGL Background Thread 3 ] DEBUG Engine               - isCloseConfirmation: false
22:22:10.620 [FXGL Background Thread 3 ] DEBUG Engine               - isDesktop: true
22:22:10.620 [FXGL Background Thread 3 ] DEBUG Engine               - isDeveloperMenuEnabled: true
22:22:10.620 [FXGL Background Thread 3 ] DEBUG Engine               - isEmbedded: false
22:22:10.620 [FXGL Background Thread 3 ] DEBUG Engine               - isEntityPreloadEnabled: true
22:22:10.620 [FXGL Background Thread 3 ] DEBUG Engine               - isExperimentalTiledLargeMap: false
22:22:10.620 [FXGL Background Thread 3 ] DEBUG Engine               - isFileSystemWriteAllowed: true
22:22:10.620 [FXGL Background Thread 3 ] DEBUG Engine               - isFullScreenAllowed: false
22:22:10.620 [FXGL Background Thread 3 ] DEBUG Engine               - isFullScreenFromStart: false
22:22:10.620 [FXGL Background Thread 3 ] DEBUG Engine               - isGameMenuEnabled: true
22:22:10.620 [FXGL Background Thread 3 ] DEBUG Engine               - isIOS: false
22:22:10.620 [FXGL Background Thread 3 ] DEBUG Engine               - isIntroEnabled: false
22:22:10.620 [FXGL Background Thread 3 ] DEBUG Engine               - isLinux: false
22:22:10.620 [FXGL Background Thread 3 ] DEBUG Engine               - isMac: false
22:22:10.620 [FXGL Background Thread 3 ] DEBUG Engine               - isMainMenuEnabled: true
22:22:10.620 [FXGL Background Thread 3 ] DEBUG Engine               - isManualResizeEnabled: false
22:22:10.620 [FXGL Background Thread 3 ] DEBUG Engine               - isMobile: false
22:22:10.620 [FXGL Background Thread 3 ] DEBUG Engine               - isNative: false
22:22:10.620 [FXGL Background Thread 3 ] DEBUG Engine               - isPauseMusicWhenMinimized: true
22:22:10.620 [FXGL Background Thread 3 ] DEBUG Engine               - isPreserveResizeRatio: false
22:22:10.620 [FXGL Background Thread 3 ] DEBUG Engine               - isProfilingEnabled: false
22:22:10.620 [FXGL Background Thread 3 ] DEBUG Engine               - isScaleAffectedOnResize: true
22:22:10.620 [FXGL Background Thread 3 ] DEBUG Engine               - isSingleStep: false
22:22:10.620 [FXGL Background Thread 3 ] DEBUG Engine               - isUserProfileEnabled: false
22:22:10.620 [FXGL Background Thread 3 ] DEBUG Engine               - isWindows: true
22:22:10.621 [FXGL Background Thread 3 ] DEBUG Engine               - language: ObjectProperty [value: ENGLISH]
22:22:10.621 [FXGL Background Thread 3 ] DEBUG Engine               - menuKey: ESCAPE
22:22:10.621 [FXGL Background Thread 3 ] DEBUG Engine               - mouseSensitivity: 0.2
22:22:10.621 [FXGL Background Thread 3 ] DEBUG Engine               - notificationViewClass: class com.almasb.fxgl.notification.view.XboxNotificationView
22:22:10.621 [FXGL Background Thread 3 ] DEBUG Engine               - pixelsPerMeter: 50.0
22:22:10.621 [FXGL Background Thread 3 ] DEBUG Engine               - platform: WINDOWS
22:22:10.621 [FXGL Background Thread 3 ] DEBUG Engine               - prefHeightProperty: ReadOnlyDoubleProperty [value: 720.0]
22:22:10.621 [FXGL Background Thread 3 ] DEBUG Engine               - prefWidthProperty: ReadOnlyDoubleProperty [value: 1280.0]
22:22:10.621 [FXGL Background Thread 3 ] DEBUG Engine               - profileDir: profiles/
22:22:10.621 [FXGL Background Thread 3 ] DEBUG Engine               - profileName: StringProperty [value: DEFAULT]
22:22:10.621 [FXGL Background Thread 3 ] DEBUG Engine               - randomSeed: -1
22:22:10.621 [FXGL Background Thread 3 ] DEBUG Engine               - runtimeInfo: RuntimeInfo(platform=WINDOWS, version=17.2, build=20.08.2022 16.50)
22:22:10.621 [FXGL Background Thread 3 ] DEBUG Engine               - saveFileExt: sav
22:22:10.621 [FXGL Background Thread 3 ] DEBUG Engine               - scaledHeightProp$fxgl: DoubleProperty [bound, value: 720.0]
22:22:10.621 [FXGL Background Thread 3 ] DEBUG Engine               - scaledWidthProp$fxgl: DoubleProperty [bound, value: 1280.0]
22:22:10.621 [FXGL Background Thread 3 ] DEBUG Engine               - sceneFactory: com.sunsofgod.PlatformerApp$1@6fed5d82
22:22:10.621 [FXGL Background Thread 3 ] DEBUG Engine               - secondsIn24h: 60
22:22:10.621 [FXGL Background Thread 3 ] DEBUG Engine               - soundMenuBack: menu/back.wav
22:22:10.621 [FXGL Background Thread 3 ] DEBUG Engine               - soundMenuPress: menu/press.wav
22:22:10.621 [FXGL Background Thread 3 ] DEBUG Engine               - soundMenuSelect: menu/select.wav
22:22:10.621 [FXGL Background Thread 3 ] DEBUG Engine               - soundNotification: core/notification.wav
22:22:10.621 [FXGL Background Thread 3 ] DEBUG Engine               - stageStyle: DECORATED
22:22:10.621 [FXGL Background Thread 3 ] DEBUG Engine               - supportedLanguages: [ENGLISH, FRENCH, GERMAN, HUNGARIAN, RUSSIAN]
22:22:10.621 [FXGL Background Thread 3 ] DEBUG Engine               - ticksPerSecond: -1
22:22:10.621 [FXGL Background Thread 3 ] DEBUG Engine               - title: Untitled
22:22:10.621 [FXGL Background Thread 3 ] DEBUG Engine               - urlGithub: https://github.com/AlmasB/FXGL
22:22:10.621 [FXGL Background Thread 3 ] DEBUG Engine               - urlLeaderboard: http://fxgl-top.herokuapp.com/
22:22:10.621 [FXGL Background Thread 3 ] DEBUG Engine               - urlPOM: https://raw.githubusercontent.com/AlmasB/FXGL/release/README.md
22:22:10.621 [FXGL Background Thread 3 ] DEBUG Engine               - userAppClass: class com.sunsofgod.PlatformerApp
22:22:10.621 [FXGL Background Thread 3 ] DEBUG Engine               - version: 0.0
22:22:10.621 [FXGL Background Thread 3 ] DEBUG Engine               - versionCheckDays: 7
22:22:10.621 [FXGL Background Thread 3 ] DEBUG Engine               - width: 1280
22:22:10.621 [FXGL Background Thread 3 ] DEBUG Engine               - Logging services
22:22:10.622 [FXGL Background Thread 3 ] DEBUG Engine               - class com.almasb.fxgl.app.services.FXGLAssetLoaderService
22:22:10.622 [FXGL Background Thread 3 ] DEBUG Engine               - class com.almasb.fxgl.app.FXGLApplication$GameApplicationService
22:22:10.622 [FXGL Background Thread 3 ] DEBUG Engine               - class com.almasb.fxgl.app.services.FXGLDialogService
22:22:10.622 [FXGL Background Thread 3 ] DEBUG Engine               - class com.almasb.fxgl.app.services.IOTaskExecutorService
22:22:10.622 [FXGL Background Thread 3 ] DEBUG Engine               - class com.almasb.fxgl.io.FileSystemService
22:22:10.622 [FXGL Background Thread 3 ] DEBUG Engine               - class com.almasb.fxgl.localization.LocalizationService
22:22:10.622 [FXGL Background Thread 3 ] DEBUG Engine               - class com.almasb.fxgl.app.services.SystemBundleService
22:22:10.622 [FXGL Background Thread 3 ] DEBUG Engine               - class com.almasb.fxgl.profile.SaveLoadService
22:22:10.622 [FXGL Background Thread 3 ] DEBUG Engine               - class com.almasb.fxgl.ui.FXGLUIFactoryServiceProvider
22:22:10.622 [FXGL Background Thread 3 ] DEBUG Engine               - class com.almasb.fxgl.ui.FXGLDialogFactoryServiceProvider
22:22:10.622 [FXGL Background Thread 3 ] DEBUG Engine               - class com.almasb.fxgl.audio.AudioPlayer
22:22:10.622 [FXGL Background Thread 3 ] DEBUG Engine               - class com.almasb.fxgl.notification.impl.NotificationServiceProvider
22:22:10.622 [FXGL Background Thread 3 ] DEBUG Engine               - class com.almasb.fxgl.achievement.AchievementService
22:22:10.622 [FXGL Background Thread 3 ] DEBUG Engine               - class com.almasb.fxgl.cutscene.CutsceneService
22:22:10.622 [FXGL Background Thread 3 ] DEBUG Engine               - class com.almasb.fxgl.minigames.MiniGameService
22:22:10.622 [FXGL Background Thread 3 ] DEBUG Engine               - class com.almasb.fxgl.net.NetService
22:22:10.622 [FXGL Background Thread 3 ] DEBUG Engine               - class com.almasb.fxgl.app.services.UpdaterService
22:22:10.622 [FXGL Background Thread 3 ] DEBUG Engine               - class com.almasb.fxgl.dev.DevService
22:22:11.075 [JavaFX Application Thread] DEBUG PrimaryStageWindow   - Pop state: PlayerSelectScene
22:22:11.075 [JavaFX Application Thread] DEBUG Input                - Clearing active input actions
22:22:11.076 [JavaFX Application Thread] DEBUG GameApplicationServi - Removing overlay from PlayerSelectScene and adding to RiderMainMenuScene
22:22:11.077 [JavaFX Application Thread] DEBUG PrimaryStageWindow   - RiderMainMenuScene <- PlayerSelectScene
22:22:11.378 [JavaFX Application Thread] DEBUG PrimaryStageWindow   - Push state: LevelSelectScene
22:22:11.378 [JavaFX Application Thread] DEBUG Input                - Clearing active input actions
22:22:11.379 [JavaFX Application Thread] DEBUG GameApplicationServi - Removing overlay from RiderMainMenuScene and adding to LevelSelectScene
22:22:11.379 [JavaFX Application Thread] DEBUG PrimaryStageWindow   - RiderMainMenuScene -> LevelSelectScene
22:22:12.779 [JavaFX Application Thread] DEBUG Menu                 - fireNewGame()
22:22:12.779 [JavaFX Application Thread] DEBUG GameApplicationServi - Starting new game
22:22:12.779 [JavaFX Application Thread] DEBUG PrimaryStageWindow   - Pop state: LevelSelectScene
22:22:12.779 [JavaFX Application Thread] DEBUG Input                - Clearing active input actions
22:22:12.780 [JavaFX Application Thread] DEBUG GameApplicationServi - Removing overlay from LevelSelectScene and adding to RiderMainMenuScene
22:22:12.781 [JavaFX Application Thread] DEBUG PrimaryStageWindow   - RiderMainMenuScene <- LevelSelectScene
22:22:12.781 [JavaFX Application Thread] DEBUG PrimaryStageWindow   - Pop state: RiderMainMenuScene
22:22:12.781 [JavaFX Application Thread] DEBUG Input                - Clearing active input actions
22:22:12.781 [JavaFX Application Thread] DEBUG GameApplicationServi - Removing overlay from RiderMainMenuScene and adding to FXGLMainMenuDummyScene
22:22:12.781 [JavaFX Application Thread] DEBUG PrimaryStageWindow   - FXGLMainMenuDummyScene <- RiderMainMenuScene
22:22:12.781 [JavaFX Application Thread] DEBUG Input                - Clearing active input actions
22:22:12.785 [JavaFX Application Thread] DEBUG GameApplicationServi - Removing overlay from FXGLMainMenuDummyScene and adding to MainLoadingScene
22:22:12.788 [JavaFX Application Thread] DEBUG PrimaryStageWindow   - FXGLMainMenuDummyScene -> MainLoadingScene
22:22:12.788 [JavaFX Application Thread] DEBUG GameApplicationServi - Clearing previous game
22:22:12.788 [JavaFX Application Thread] DEBUG GameScene            - Clearing game scene
22:22:12.788 [JavaFX Application Thread] DEBUG GameWorld            - Clearing game world
22:22:12.789 [JavaFX Application Thread] DEBUG PhysicsWorld         - Clearing physics world
22:22:12.790 [FXGL Background Thread 2 ] DEBUG FXGLApplication      - Initializing game
22:22:12.814 [FXGL Background Thread 2 ] WARN  TMXLevelLoader       - TiledMap generated from 1.11.0. Supported version: 1.9.0. Some features may not be parsed fully.
22:22:12.818 [FXGL Background Thread 2 ] DEBUG TMXLevelLoader       - Parsed TiledMap: file:/C:/Users/user/Desktop/JavaFXGame/target/classes/assets/levels/tmx/level1.tmx
22:22:12.819 [FXGL Background Thread 2 ] DEBUG TMXLevelLoader       - Creating tile layer entities
22:22:12.820 [FXGL Background Thread 2 ] DEBUG TilesetLoader        - Loading view for layer Tile Layer 1
22:22:12.820 [FXGL Background Thread 2 ] DEBUG TilesetLoader        - Created buffer with size 1050.0x700.0
22:22:12.828 [FXGL Background Thread 2 ] DEBUG TMXLevelLoader       - Creating object layer entities
22:22:12.842 [FXGL Background Thread 2 ] DEBUG FXGLAssetLoaderServi - Loading from file system: file:/C:/Users/user/Desktop/JavaFXGame/target/classes/assets/textures/button.png
22:22:12.845 [FXGL Background Thread 2 ] DEBUG GameWorld            - Clearing removable entities
22:22:12.845 [FXGL Background Thread 2 ] DEBUG GameWorld            - Setting level: com.almasb.fxgl.entity.level.Level@48a25456
22:22:12.850 [FXGL Background Thread 2 ] DEBUG FXGLAssetLoaderServi - Loading from file system: file:/C:/Users/user/Desktop/JavaFXGame/target/classes/assets/textures/player1.png
22:22:12.857 [FXGL Background Thread 2 ] DEBUG FXGLAssetLoaderServi - Loading from file system: file:/C:/Users/user/Desktop/JavaFXGame/target/classes/assets/textures/player3.png
22:22:12.862 [FXGL Background Thread 2 ] DEBUG Input                - Registered new binding: Jump0 - W
22:22:12.863 [FXGL Background Thread 2 ] DEBUG Input                - Registered new binding: Left0 - A
22:22:12.863 [FXGL Background Thread 2 ] DEBUG Input                - Registered new binding: Right0 - D
22:22:12.863 [FXGL Background Thread 2 ] DEBUG Input                - Registered new binding: Use0 - E
22:22:12.863 [FXGL Background Thread 2 ] DEBUG Input                - Registered new binding: Jump1 - Up
22:22:12.863 [FXGL Background Thread 2 ] DEBUG Input                - Registered new binding: Left1 - Left
22:22:12.863 [FXGL Background Thread 2 ] DEBUG Input                - Registered new binding: Right1 - Right
22:22:12.863 [FXGL Background Thread 2 ] DEBUG Input                - Registered new binding: Use1 - Slash
22:22:12.865 [FXGL Background Thread 2 ] DEBUG FXGLAssetLoaderServi - Loading from file system: file:/C:/Users/user/Desktop/JavaFXGame/target/classes/assets/textures/background/manila.png
22:22:12.876 [FXGL Background Thread 2 ] INFO  FXGLApplication      - Game initialization took: 0.086 sec
22:22:12.877 [JavaFX Application Thread] DEBUG Input                - Clearing active input actions
22:22:12.880 [JavaFX Application Thread] DEBUG GameApplicationServi - Removing overlay from MainLoadingScene and adding to GameScene
22:22:12.881 [JavaFX Application Thread] DEBUG PrimaryStageWindow   - MainLoadingScene -> GameScene
22:22:20.851 [JavaFX Application Thread] WARN  TMXLevelLoader       - TiledMap generated from 1.11.0. Supported version: 1.9.0. Some features may not be parsed fully.
22:22:20.853 [JavaFX Application Thread] DEBUG TMXLevelLoader       - Parsed TiledMap: file:/C:/Users/user/Desktop/JavaFXGame/target/classes/assets/levels/tmx/level1.tmx
22:22:20.853 [JavaFX Application Thread] DEBUG TMXLevelLoader       - Creating tile layer entities
22:22:20.853 [JavaFX Application Thread] DEBUG TilesetLoader        - Loading view for layer Tile Layer 1
22:22:20.853 [JavaFX Application Thread] DEBUG TilesetLoader        - Created buffer with size 1050.0x700.0
22:22:20.860 [JavaFX Application Thread] DEBUG TMXLevelLoader       - Creating object layer entities
22:22:20.863 [JavaFX Application Thread] DEBUG GameWorld            - Clearing removable entities
22:22:20.865 [JavaFX Application Thread] DEBUG GameWorld            - Setting level: com.almasb.fxgl.entity.level.Level@7c324f2b
22:22:22.286 [JavaFX Application Thread] WARN  GameWorld            - Attempted to remove entity which is not active
22:22:22.539 [JavaFX Application Thread] DEBUG FXGLApplication      - Exiting FXGL
22:22:22.539 [JavaFX Application Thread] DEBUG LoopRunner           - Stopping loop
22:22:22.539 [JavaFX Application Thread] DEBUG SystemBundleService  - Saving FXGL system data
22:22:22.540 [JavaFX Application Thread] DEBUG FileSystemAccess     - Writing to: C:\Users\user\Desktop\JavaFXGame\system\fxgl.bundle
22:22:22.542 [JavaFX Application Thread] DEBUG Async                - Shutting down background threads
22:22:22.542 [JavaFX Application Thread] DEBUG PrimaryStageWindow   - Closing main window
22:22:22.551 [JavaFX Application Thread] DEBUG Logger               - Closing Logger
