20:50:46.386 [main                     ] DEBUG Logger               - Configured Logger
20:50:46.402 [main                     ] DEBUG GameApplication      - Logging settings
Title: Untitled
Version: 0.0
Width: 1280
Height: 720
Fullscreen: false
Intro: false
Profiling: false
Single step:false
App Mode: DEVELOPER
Menu Key: ESCAPE
Stage Style: DECORATED
Scene Factory: class com.sunsofgod.PlatformerApp$1

20:50:46.686 [JavaFX Application Thread] DEBUG FXGLApplication      - Initializing FXGL
20:50:46.689 [JavaFX Application Thread] INFO  Engine               - FXGL-17.2 (20.08.2022 16.50) on WINDOWS (J:21.0.4 FX:17.0.12)
20:50:46.689 [JavaFX Application Thread] DEBUG Engine               - JRE Vendor Name: Eclipse Adoptium
20:50:46.689 [JavaFX Application Thread] DEBUG Engine               - Running on OS: Windows 11 version 10.0
20:50:46.689 [JavaFX Application Thread] DEBUG Engine               - Architecture: amd64
20:50:46.689 [JavaFX Application Thread] INFO  Engine               - Source code and latest versions at: https://github.com/AlmasB/FXGL
20:50:46.689 [JavaFX Application Thread] INFO  Engine               -       Ask questions and discuss at: https://github.com/AlmasB/FXGL/discussions
20:50:46.690 [JavaFX Application Thread] INFO  Engine               -              Join the FXGL chat at: https://gitter.im/AlmasB/FXGL
20:50:46.749 [JavaFX Application Thread] DEBUG PrimaryStageWindow   - Creating a JavaFX scene
20:50:46.781 [JavaFX Application Thread] DEBUG PrimaryStageWindow   - Target settings size: 1280.0 x 720.0
20:50:46.782 [JavaFX Application Thread] DEBUG PrimaryStageWindow   - Scaled scene size:    1280.0 x 720.0
20:50:46.782 [JavaFX Application Thread] DEBUG PrimaryStageWindow   - Scaled ratio: (1.0, 1.0)
20:50:46.782 [JavaFX Application Thread] DEBUG PrimaryStageWindow   - Set initial scene to FXGLStartupScene
20:50:46.787 [JavaFX Application Thread] DEBUG PrimaryStageWindow   - Opening main window
20:50:46.847 [JavaFX Application Thread] DEBUG PrimaryStageWindow   - Window border size: (16.0, 39.0)
20:50:46.847 [JavaFX Application Thread] DEBUG PrimaryStageWindow   - Scaled size: 1280.0 x 720.0
20:50:46.847 [JavaFX Application Thread] DEBUG PrimaryStageWindow   - Scaled ratio: (1.0, 1.0)
20:50:46.848 [JavaFX Application Thread] DEBUG PrimaryStageWindow   - Scene size: 1280.0 x 720.0
20:50:46.848 [JavaFX Application Thread] DEBUG PrimaryStageWindow   - Stage size: 1296.0 x 759.0
20:50:46.853 [FXGL Background Thread 1 ] DEBUG Engine               - Initializing environment variables
20:50:46.887 [FXGL Background Thread 1 ] DEBUG FXGLAssetLoaderServi - User app class for loading assets: class com.sunsofgod.PlatformerApp
20:50:46.887 [FXGL Background Thread 1 ] DEBUG GameApplicationServi - Applying CSS: fxgl_dark.css
20:50:46.887 [FXGL Background Thread 1 ] DEBUG FXGLAssetLoaderServi - Loading from file system: jar:file:///C:/Users/user/.m2/repository/com/github/almasb/fxgl/17.2/fxgl-17.2.jar!/fxglassets/ui/css/fxgl_dark.css
20:50:46.923 [FXGL Background Thread 1 ] DEBUG GameApplicationServi - Initializing application scenes
20:50:46.957 [FXGL Background Thread 1 ] WARN  FXGLAssetLoaderServi - Asset "/assets/textures/player.png" was not found!
20:50:46.958 [FXGL Background Thread 1 ] WARN  FXGLAssetLoaderServi - Failed to load IMAGE
20:50:46.977 [FXGL Background Thread 1 ] DEBUG GameWorld            - Game world initialized
20:50:47.017 [FXGL Background Thread 1 ] DEBUG PhysicsWorld         - Physics world initialized: appHeight=720, physics.ppm=50.0
20:50:47.018 [FXGL Background Thread 1 ] DEBUG PhysicsWorld         - Using strategy: BRUTE_FORCE
20:50:47.021 [FXGL Background Thread 1 ] DEBUG GameScene            - Game scene initialized: 1280x720
20:50:47.283 [FXGL Background Thread 1 ] DEBUG FXGL.DefaultMenu     - createMenuBodyGameMenu()
20:50:47.291 [FXGL Background Thread 1 ] DEBUG FXGL.DefaultMenu     - createOptionsMenu()
20:50:47.296 [FXGL Background Thread 1 ] DEBUG FXGLAssetLoaderServi - Loading from file system: jar:file:///C:/Users/user/.m2/repository/com/github/almasb/fxgl/17.2/fxgl-17.2.jar!/fxglassets/textures/particles/smoke.png
20:50:47.337 [FXGL Background Thread 1 ] DEBUG FXGLAssetLoaderServi - Loading from file system: jar:file:///C:/Users/user/.m2/repository/com/github/almasb/fxgl/17.2/fxgl-17.2.jar!/fxglassets/textures/particles/trace_horizontal.png
20:50:47.349 [FXGL Background Thread 1 ] DEBUG GameApplicationServi - Application scenes initialized
20:50:47.357 [FXGL Background Thread 1 ] DEBUG SystemBundleService  - Loading FXGL system data
20:50:47.362 [FXGL Background Thread 1 ] DEBUG FileSystemAccess     - Reading from: C:\Users\user\Desktop\JavaFXGame\system\fxgl.bundle
20:50:47.370 [FXGL Background Thread 1 ] DEBUG SystemBundleService  - Bundle FXGL: {}
20:50:47.370 [FXGL Background Thread 1 ] DEBUG UpdaterService       - Checking for updates
20:50:47.391 [FXGL Background Thread 4 ] DEBUG FXGLApplication      - Loading fonts
20:50:47.391 [FXGL Background Thread 1 ] DEBUG FXGLApplication      - Loading default localization
20:50:47.392 [FXGL Background Thread 4 ] DEBUG FXGLAssetLoaderServi - Loading from file system: jar:file:///C:/Users/user/.m2/repository/com/github/almasb/fxgl/17.2/fxgl-17.2.jar!/fxglassets/ui/fonts/VarelaRound-Regular.ttf
20:50:47.392 [FXGL Background Thread 1 ] DEBUG FXGLAssetLoaderServi - Loading from file system: jar:file:///C:/Users/user/.m2/repository/com/github/almasb/fxgl/17.2/fxgl-17.2.jar!/fxglassets/languages/english.lang
20:50:47.402 [FXGL Background Thread 1 ] INFO  FXGLApplication      - FXGL initialization took: 0.549 sec
20:50:47.403 [JavaFX Application Thread] DEBUG FXGLAssetLoaderServi - Loading from file system: jar:file:///C:/Users/user/.m2/repository/com/github/almasb/fxgl/17.2/fxgl-17.2.jar!/fxglassets/textures/fxgl_icon.png
20:50:47.408 [JavaFX Application Thread] DEBUG FXGLAssetLoaderServi - Loading from file system: jar:file:///C:/Users/user/.m2/repository/com/github/almasb/fxgl/17.2/fxgl-17.2.jar!/fxglassets/textures/fxgl_default_cursor.png
20:50:47.415 [JavaFX Application Thread] DEBUG Input                - Registered new binding: Screenshot - CTRL+8
20:50:47.415 [JavaFX Application Thread] DEBUG Input                - Registered new binding: Dev Options - 1
20:50:47.417 [JavaFX Application Thread] DEBUG Input                - Registered new binding: Dev Console - 2
20:50:47.417 [JavaFX Application Thread] DEBUG Input                - Registered new binding: System info dump - CTRL+9
20:50:47.417 [JavaFX Application Thread] DEBUG Input                - Registered new binding: Restart - CTRL+R
20:50:47.418 [JavaFX Application Thread] DEBUG Input                - Registered new binding: Toggle Debug Camera - CTRL+7
20:50:47.420 [JavaFX Application Thread] DEBUG LoopRunner           - Starting loop
20:50:47.421 [FXGL Background Thread 4 ] DEBUG FXGLAssetLoaderServi - Loading from file system: jar:file:///C:/Users/user/.m2/repository/com/github/almasb/fxgl/17.2/fxgl-17.2.jar!/fxglassets/ui/fonts/Abel-Regular.ttf
20:50:47.430 [JavaFX Application Thread] DEBUG LoopRunner           - Initializing JavaFX AnimationTimerLoop
20:50:47.431 [JavaFX Application Thread] DEBUG Input                - Clearing active input actions
20:50:47.433 [FXGL Background Thread 4 ] DEBUG FXGLAssetLoaderServi - Loading from file system: jar:file:///C:/Users/user/.m2/repository/com/github/almasb/fxgl/17.2/fxgl-17.2.jar!/fxglassets/ui/fonts/TerminalLandMono-Regular.otf
20:50:47.437 [FXGL Background Thread 4 ] DEBUG FXGLAssetLoaderServi - Loading from file system: jar:file:///C:/Users/user/.m2/repository/com/github/almasb/fxgl/17.2/fxgl-17.2.jar!/fxglassets/ui/fonts/Courier-Prime.ttf
20:50:47.441 [JavaFX Application Thread] DEBUG GameApplicationServi - Removing overlay from FXGLStartupScene and adding to FXGLMainMenuDummyScene
20:50:47.444 [JavaFX Application Thread] DEBUG PrimaryStageWindow   - FXGLStartupScene -> FXGLMainMenuDummyScene
20:50:47.444 [JavaFX Application Thread] DEBUG PrimaryStageWindow   - Push state: RiderMainMenuScene
20:50:47.444 [JavaFX Application Thread] DEBUG Input                - Clearing active input actions
20:50:47.448 [JavaFX Application Thread] DEBUG GameApplicationServi - Removing overlay from FXGLMainMenuDummyScene and adding to RiderMainMenuScene
20:50:47.448 [JavaFX Application Thread] DEBUG PrimaryStageWindow   - FXGLMainMenuDummyScene -> RiderMainMenuScene
20:50:47.589 [JavaFX Application Thread] DEBUG FXGLApplication      - Registering font factories with UI factory
20:50:47.762 [FXGL Background Thread 2 ] INFO  UpdaterService       - Your current version:  17.2
20:50:47.763 [FXGL Background Thread 2 ] INFO  UpdaterService       - Latest stable version: 21.1
20:50:49.283 [JavaFX Application Thread] DEBUG PrimaryStageWindow   - Push state: PlayerSelectScene
20:50:49.283 [JavaFX Application Thread] DEBUG Input                - Clearing active input actions
20:50:49.284 [JavaFX Application Thread] DEBUG GameApplicationServi - Removing overlay from RiderMainMenuScene and adding to PlayerSelectScene
20:50:49.285 [JavaFX Application Thread] DEBUG PrimaryStageWindow   - RiderMainMenuScene -> PlayerSelectScene
20:50:50.391 [FXGL Background Thread 3 ] DEBUG Engine               - Logging environment variables
20:50:50.391 [FXGL Background Thread 3 ] DEBUG Engine               - achievements: []
20:50:50.391 [FXGL Background Thread 3 ] DEBUG Engine               - actualHeight: 720.0
20:50:50.391 [FXGL Background Thread 3 ] DEBUG Engine               - actualHeightProperty: ReadOnlyDoubleProperty [value: 720.0]
20:50:50.391 [FXGL Background Thread 3 ] DEBUG Engine               - actualWidth: 1280.0
20:50:50.391 [FXGL Background Thread 3 ] DEBUG Engine               - actualWidthProperty: ReadOnlyDoubleProperty [value: 1280.0]
20:50:50.391 [FXGL Background Thread 3 ] DEBUG Engine               - appIcon: fxgl_icon.png
20:50:50.391 [FXGL Background Thread 3 ] DEBUG Engine               - applicationMode: DEVELOPER
20:50:50.391 [FXGL Background Thread 3 ] DEBUG Engine               - cSSList: [fxgl_dark.css]
20:50:50.391 [FXGL Background Thread 3 ] DEBUG Engine               - collisionDetectionStrategy: BRUTE_FORCE
20:50:50.391 [FXGL Background Thread 3 ] DEBUG Engine               - configClass: Optional.empty
20:50:50.391 [FXGL Background Thread 3 ] DEBUG Engine               - credits: []
20:50:50.393 [FXGL Background Thread 3 ] DEBUG Engine               - defaultCursor: CursorInfo(imageName=fxgl_default_cursor.png, hotspotX=7.0, hotspotY=6.0)
20:50:50.393 [FXGL Background Thread 3 ] DEBUG Engine               - devBBoxColorProperty: ObjectProperty [value: 0xff0000ff]
20:50:50.393 [FXGL Background Thread 3 ] DEBUG Engine               - devEnableDebugCameraProperty: BooleanProperty [value: false]
20:50:50.393 [FXGL Background Thread 3 ] DEBUG Engine               - devSensorColorProperty: ObjectProperty [value: 0xffff00ff]
20:50:50.393 [FXGL Background Thread 3 ] DEBUG Engine               - devShowBBoxProperty: BooleanProperty [value: false]
20:50:50.393 [FXGL Background Thread 3 ] DEBUG Engine               - devShowPositionProperty: BooleanProperty [value: false]
20:50:50.393 [FXGL Background Thread 3 ] DEBUG Engine               - enabledMenuItems: []
20:50:50.393 [FXGL Background Thread 3 ] DEBUG Engine               - engineServices: [class com.almasb.fxgl.app.services.FXGLAssetLoaderService, class com.almasb.fxgl.app.FXGLApplication$GameApplicationService, class com.almasb.fxgl.app.services.FXGLDialogService, class com.almasb.fxgl.app.services.IOTaskExecutorService, class com.almasb.fxgl.io.FileSystemService, class com.almasb.fxgl.localization.LocalizationService, class com.almasb.fxgl.app.services.SystemBundleService, class com.almasb.fxgl.profile.SaveLoadService, class com.almasb.fxgl.ui.FXGLUIFactoryServiceProvider, class com.almasb.fxgl.ui.FXGLDialogFactoryServiceProvider, class com.almasb.fxgl.audio.AudioPlayer, class com.almasb.fxgl.notification.impl.NotificationServiceProvider, class com.almasb.fxgl.achievement.AchievementService, class com.almasb.fxgl.cutscene.CutsceneService, class com.almasb.fxgl.minigames.MiniGameService, class com.almasb.fxgl.net.NetService, class com.almasb.fxgl.app.services.UpdaterService, class com.almasb.fxgl.dev.DevService]
20:50:50.393 [FXGL Background Thread 3 ] DEBUG Engine               - fontGame: Abel-Regular.ttf
20:50:50.393 [FXGL Background Thread 3 ] DEBUG Engine               - fontMono: TerminalLandMono-Regular.otf
20:50:50.393 [FXGL Background Thread 3 ] DEBUG Engine               - fontText: Courier-Prime.ttf
20:50:50.393 [FXGL Background Thread 3 ] DEBUG Engine               - fontUI: VarelaRound-Regular.ttf
20:50:50.393 [FXGL Background Thread 3 ] DEBUG Engine               - fullScreen: BooleanProperty [value: false]
20:50:50.393 [FXGL Background Thread 3 ] DEBUG Engine               - gameDifficulty: MEDIUM
20:50:50.393 [FXGL Background Thread 3 ] DEBUG Engine               - gameDifficultyProperty: ObjectProperty [value: MEDIUM]
20:50:50.394 [FXGL Background Thread 3 ] DEBUG Engine               - globalMusicVolume: 0.5
20:50:50.394 [FXGL Background Thread 3 ] DEBUG Engine               - globalMusicVolumeProperty: DoubleProperty [value: 0.25]
20:50:50.394 [FXGL Background Thread 3 ] DEBUG Engine               - globalSoundVolume: 0.5
20:50:50.394 [FXGL Background Thread 3 ] DEBUG Engine               - globalSoundVolumeProperty: DoubleProperty [value: 0.5]
20:50:50.394 [FXGL Background Thread 3 ] DEBUG Engine               - height: 720
20:50:50.394 [FXGL Background Thread 3 ] DEBUG Engine               - is3D: false
20:50:50.394 [FXGL Background Thread 3 ] DEBUG Engine               - isAndroid: false
20:50:50.394 [FXGL Background Thread 3 ] DEBUG Engine               - isBrowser: false
20:50:50.394 [FXGL Background Thread 3 ] DEBUG Engine               - isClickFeedbackEnabled: false
20:50:50.394 [FXGL Background Thread 3 ] DEBUG Engine               - isCloseConfirmation: false
20:50:50.394 [FXGL Background Thread 3 ] DEBUG Engine               - isDesktop: true
20:50:50.394 [FXGL Background Thread 3 ] DEBUG Engine               - isDeveloperMenuEnabled: true
20:50:50.394 [FXGL Background Thread 3 ] DEBUG Engine               - isEmbedded: false
20:50:50.394 [FXGL Background Thread 3 ] DEBUG Engine               - isEntityPreloadEnabled: true
20:50:50.394 [FXGL Background Thread 3 ] DEBUG Engine               - isExperimentalTiledLargeMap: false
20:50:50.394 [FXGL Background Thread 3 ] DEBUG Engine               - isFileSystemWriteAllowed: true
20:50:50.394 [FXGL Background Thread 3 ] DEBUG Engine               - isFullScreenAllowed: false
20:50:50.394 [FXGL Background Thread 3 ] DEBUG Engine               - isFullScreenFromStart: false
20:50:50.394 [FXGL Background Thread 3 ] DEBUG Engine               - isGameMenuEnabled: true
20:50:50.394 [FXGL Background Thread 3 ] DEBUG Engine               - isIOS: false
20:50:50.394 [FXGL Background Thread 3 ] DEBUG Engine               - isIntroEnabled: false
20:50:50.394 [FXGL Background Thread 3 ] DEBUG Engine               - isLinux: false
20:50:50.394 [FXGL Background Thread 3 ] DEBUG Engine               - isMac: false
20:50:50.395 [FXGL Background Thread 3 ] DEBUG Engine               - isMainMenuEnabled: true
20:50:50.395 [FXGL Background Thread 3 ] DEBUG Engine               - isManualResizeEnabled: false
20:50:50.395 [FXGL Background Thread 3 ] DEBUG Engine               - isMobile: false
20:50:50.395 [FXGL Background Thread 3 ] DEBUG Engine               - isNative: false
20:50:50.395 [FXGL Background Thread 3 ] DEBUG Engine               - isPauseMusicWhenMinimized: true
20:50:50.395 [FXGL Background Thread 3 ] DEBUG Engine               - isPreserveResizeRatio: false
20:50:50.395 [FXGL Background Thread 3 ] DEBUG Engine               - isProfilingEnabled: false
20:50:50.395 [FXGL Background Thread 3 ] DEBUG Engine               - isScaleAffectedOnResize: true
20:50:50.395 [FXGL Background Thread 3 ] DEBUG Engine               - isSingleStep: false
20:50:50.395 [FXGL Background Thread 3 ] DEBUG Engine               - isUserProfileEnabled: false
20:50:50.395 [FXGL Background Thread 3 ] DEBUG Engine               - isWindows: true
20:50:50.395 [FXGL Background Thread 3 ] DEBUG Engine               - language: ObjectProperty [value: ENGLISH]
20:50:50.395 [FXGL Background Thread 3 ] DEBUG Engine               - menuKey: ESCAPE
20:50:50.395 [FXGL Background Thread 3 ] DEBUG Engine               - mouseSensitivity: 0.2
20:50:50.395 [FXGL Background Thread 3 ] DEBUG Engine               - notificationViewClass: class com.almasb.fxgl.notification.view.XboxNotificationView
20:50:50.395 [FXGL Background Thread 3 ] DEBUG Engine               - pixelsPerMeter: 50.0
20:50:50.395 [FXGL Background Thread 3 ] DEBUG Engine               - platform: WINDOWS
20:50:50.395 [FXGL Background Thread 3 ] DEBUG Engine               - prefHeightProperty: ReadOnlyDoubleProperty [value: 720.0]
20:50:50.395 [FXGL Background Thread 3 ] DEBUG Engine               - prefWidthProperty: ReadOnlyDoubleProperty [value: 1280.0]
20:50:50.395 [FXGL Background Thread 3 ] DEBUG Engine               - profileDir: profiles/
20:50:50.395 [FXGL Background Thread 3 ] DEBUG Engine               - profileName: StringProperty [value: DEFAULT]
20:50:50.395 [FXGL Background Thread 3 ] DEBUG Engine               - randomSeed: -1
20:50:50.396 [FXGL Background Thread 3 ] DEBUG Engine               - runtimeInfo: RuntimeInfo(platform=WINDOWS, version=17.2, build=20.08.2022 16.50)
20:50:50.396 [FXGL Background Thread 3 ] DEBUG Engine               - saveFileExt: sav
20:50:50.396 [FXGL Background Thread 3 ] DEBUG Engine               - scaledHeightProp$fxgl: DoubleProperty [bound, value: 720.0]
20:50:50.396 [FXGL Background Thread 3 ] DEBUG Engine               - scaledWidthProp$fxgl: DoubleProperty [bound, value: 1280.0]
20:50:50.396 [FXGL Background Thread 3 ] DEBUG Engine               - sceneFactory: com.sunsofgod.PlatformerApp$1@32366840
20:50:50.396 [FXGL Background Thread 3 ] DEBUG Engine               - secondsIn24h: 60
20:50:50.396 [FXGL Background Thread 3 ] DEBUG Engine               - soundMenuBack: menu/back.wav
20:50:50.396 [FXGL Background Thread 3 ] DEBUG Engine               - soundMenuPress: menu/press.wav
20:50:50.396 [FXGL Background Thread 3 ] DEBUG Engine               - soundMenuSelect: menu/select.wav
20:50:50.396 [FXGL Background Thread 3 ] DEBUG Engine               - soundNotification: core/notification.wav
20:50:50.396 [FXGL Background Thread 3 ] DEBUG Engine               - stageStyle: DECORATED
20:50:50.396 [FXGL Background Thread 3 ] DEBUG Engine               - supportedLanguages: [ENGLISH, FRENCH, GERMAN, HUNGARIAN, RUSSIAN]
20:50:50.396 [FXGL Background Thread 3 ] DEBUG Engine               - ticksPerSecond: -1
20:50:50.396 [FXGL Background Thread 3 ] DEBUG Engine               - title: Untitled
20:50:50.396 [FXGL Background Thread 3 ] DEBUG Engine               - urlGithub: https://github.com/AlmasB/FXGL
20:50:50.396 [FXGL Background Thread 3 ] DEBUG Engine               - urlLeaderboard: http://fxgl-top.herokuapp.com/
20:50:50.396 [FXGL Background Thread 3 ] DEBUG Engine               - urlPOM: https://raw.githubusercontent.com/AlmasB/FXGL/release/README.md
20:50:50.396 [FXGL Background Thread 3 ] DEBUG Engine               - userAppClass: class com.sunsofgod.PlatformerApp
20:50:50.396 [FXGL Background Thread 3 ] DEBUG Engine               - version: 0.0
20:50:50.396 [FXGL Background Thread 3 ] DEBUG Engine               - versionCheckDays: 7
20:50:50.396 [FXGL Background Thread 3 ] DEBUG Engine               - width: 1280
20:50:50.396 [FXGL Background Thread 3 ] DEBUG Engine               - Logging services
20:50:50.396 [FXGL Background Thread 3 ] DEBUG Engine               - class com.almasb.fxgl.app.services.FXGLAssetLoaderService
20:50:50.397 [FXGL Background Thread 3 ] DEBUG Engine               - class com.almasb.fxgl.app.FXGLApplication$GameApplicationService
20:50:50.397 [FXGL Background Thread 3 ] DEBUG Engine               - class com.almasb.fxgl.app.services.FXGLDialogService
20:50:50.397 [FXGL Background Thread 3 ] DEBUG Engine               - class com.almasb.fxgl.app.services.IOTaskExecutorService
20:50:50.397 [FXGL Background Thread 3 ] DEBUG Engine               - class com.almasb.fxgl.io.FileSystemService
20:50:50.397 [FXGL Background Thread 3 ] DEBUG Engine               - class com.almasb.fxgl.localization.LocalizationService
20:50:50.397 [FXGL Background Thread 3 ] DEBUG Engine               - class com.almasb.fxgl.app.services.SystemBundleService
20:50:50.397 [FXGL Background Thread 3 ] DEBUG Engine               - class com.almasb.fxgl.profile.SaveLoadService
20:50:50.397 [FXGL Background Thread 3 ] DEBUG Engine               - class com.almasb.fxgl.ui.FXGLUIFactoryServiceProvider
20:50:50.397 [FXGL Background Thread 3 ] DEBUG Engine               - class com.almasb.fxgl.ui.FXGLDialogFactoryServiceProvider
20:50:50.397 [FXGL Background Thread 3 ] DEBUG Engine               - class com.almasb.fxgl.audio.AudioPlayer
20:50:50.397 [FXGL Background Thread 3 ] DEBUG Engine               - class com.almasb.fxgl.notification.impl.NotificationServiceProvider
20:50:50.397 [FXGL Background Thread 3 ] DEBUG Engine               - class com.almasb.fxgl.achievement.AchievementService
20:50:50.397 [FXGL Background Thread 3 ] DEBUG Engine               - class com.almasb.fxgl.cutscene.CutsceneService
20:50:50.397 [FXGL Background Thread 3 ] DEBUG Engine               - class com.almasb.fxgl.minigames.MiniGameService
20:50:50.397 [FXGL Background Thread 3 ] DEBUG Engine               - class com.almasb.fxgl.net.NetService
20:50:50.397 [FXGL Background Thread 3 ] DEBUG Engine               - class com.almasb.fxgl.app.services.UpdaterService
20:50:50.397 [FXGL Background Thread 3 ] DEBUG Engine               - class com.almasb.fxgl.dev.DevService
20:50:51.170 [JavaFX Application Thread] DEBUG PrimaryStageWindow   - Pop state: PlayerSelectScene
20:50:51.171 [JavaFX Application Thread] DEBUG Input                - Clearing active input actions
20:50:51.171 [JavaFX Application Thread] DEBUG GameApplicationServi - Removing overlay from PlayerSelectScene and adding to RiderMainMenuScene
20:50:51.173 [JavaFX Application Thread] DEBUG PrimaryStageWindow   - RiderMainMenuScene <- PlayerSelectScene
20:50:51.299 [JavaFX Application Thread] DEBUG PrimaryStageWindow   - Push state: WorldSelectScene
20:50:51.299 [JavaFX Application Thread] DEBUG Input                - Clearing active input actions
20:50:51.300 [JavaFX Application Thread] DEBUG GameApplicationServi - Removing overlay from RiderMainMenuScene and adding to WorldSelectScene
20:50:51.300 [JavaFX Application Thread] DEBUG PrimaryStageWindow   - RiderMainMenuScene -> WorldSelectScene
20:50:52.269 [JavaFX Application Thread] DEBUG PrimaryStageWindow   - Pop state: WorldSelectScene
20:50:52.269 [JavaFX Application Thread] DEBUG Input                - Clearing active input actions
20:50:52.269 [JavaFX Application Thread] DEBUG GameApplicationServi - Removing overlay from WorldSelectScene and adding to RiderMainMenuScene
20:50:52.270 [JavaFX Application Thread] DEBUG PrimaryStageWindow   - RiderMainMenuScene <- WorldSelectScene
20:50:52.586 [JavaFX Application Thread] DEBUG PrimaryStageWindow   - Push state: LevelSelectScene
20:50:52.586 [JavaFX Application Thread] DEBUG Input                - Clearing active input actions
20:50:52.587 [JavaFX Application Thread] DEBUG GameApplicationServi - Removing overlay from RiderMainMenuScene and adding to LevelSelectScene
20:50:52.587 [JavaFX Application Thread] DEBUG PrimaryStageWindow   - RiderMainMenuScene -> LevelSelectScene
20:51:17.754 [JavaFX Application Thread] DEBUG FXGLApplication      - Exiting FXGL
20:51:17.754 [JavaFX Application Thread] DEBUG LoopRunner           - Stopping loop
20:51:17.754 [JavaFX Application Thread] DEBUG SystemBundleService  - Saving FXGL system data
20:51:17.756 [JavaFX Application Thread] DEBUG FileSystemAccess     - Writing to: C:\Users\user\Desktop\JavaFXGame\system\fxgl.bundle
20:51:17.758 [JavaFX Application Thread] DEBUG Async                - Shutting down background threads
20:51:17.758 [JavaFX Application Thread] DEBUG PrimaryStageWindow   - Closing main window
20:51:17.768 [JavaFX Application Thread] DEBUG Logger               - Closing Logger
