19:33:37.283 [main                     ] DEBUG Logger               - Configured Logger
19:33:37.316 [main                     ] DEBUG GameApplication      - Logging settings
Title: Untitled
Version: 0.0
Width: 1280
Height: 720
Fullscreen: false
Intro: false
Profiling: false
Single step:false
App Mode: DEVELOPER
Menu Key: ESCAPE
Stage Style: DECORATED
Scene Factory: class com.almasb.fxgl.app.scene.SceneFactory

19:33:37.759 [JavaFX Application Thread] DEBUG FXGLApplication      - Initializing FXGL
19:33:37.765 [JavaFX Application Thread] INFO  Engine               - FXGL-17.2 (20.08.2022 16.50) on WINDOWS (J:21.0.4 FX:17.0.12)
19:33:37.766 [JavaFX Application Thread] DEBUG Engine               - JRE Vendor Name: Eclipse Adoptium
19:33:37.766 [JavaFX Application Thread] DEBUG Engine               - Running on OS: Windows 11 version 10.0
19:33:37.766 [JavaFX Application Thread] DEBUG Engine               - Architecture: amd64
19:33:37.767 [JavaFX Application Thread] INFO  Engine               - Source code and latest versions at: https://github.com/AlmasB/FXGL
19:33:37.767 [JavaFX Application Thread] INFO  Engine               -       Ask questions and discuss at: https://github.com/AlmasB/FXGL/discussions
19:33:37.768 [JavaFX Application Thread] INFO  Engine               -              Join the FXGL chat at: https://gitter.im/AlmasB/FXGL
19:33:37.874 [JavaFX Application Thread] DEBUG PrimaryStageWindow   - Creating a JavaFX scene
19:33:37.948 [JavaFX Application Thread] DEBUG PrimaryStageWindow   - Target settings size: 1280.0 x 720.0
19:33:37.948 [JavaFX Application Thread] DEBUG PrimaryStageWindow   - Scaled scene size:    1280.0 x 720.0
19:33:37.949 [JavaFX Application Thread] DEBUG PrimaryStageWindow   - Scaled ratio: (1.0, 1.0)
19:33:37.950 [JavaFX Application Thread] DEBUG PrimaryStageWindow   - Set initial scene to FXGLStartupScene
19:33:37.959 [JavaFX Application Thread] DEBUG PrimaryStageWindow   - Opening main window
19:33:38.053 [JavaFX Application Thread] DEBUG PrimaryStageWindow   - Window border size: (16.0, 39.0)
19:33:38.053 [JavaFX Application Thread] DEBUG PrimaryStageWindow   - Scaled size: 1280.0 x 720.0
19:33:38.054 [JavaFX Application Thread] DEBUG PrimaryStageWindow   - Scaled ratio: (1.0, 1.0)
19:33:38.054 [JavaFX Application Thread] DEBUG PrimaryStageWindow   - Scene size: 1280.0 x 720.0
19:33:38.055 [JavaFX Application Thread] DEBUG PrimaryStageWindow   - Stage size: 1296.0 x 759.0
19:33:38.070 [FXGL Background Thread 1 ] DEBUG Engine               - Initializing environment variables
19:33:38.149 [FXGL Background Thread 1 ] DEBUG FXGLAssetLoaderServi - User app class for loading assets: class com.sunsofgod.PlatformerApp
19:33:38.150 [FXGL Background Thread 1 ] DEBUG GameApplicationServi - Applying CSS: fxgl_dark.css
19:33:38.151 [FXGL Background Thread 1 ] DEBUG FXGLAssetLoaderServi - Loading from file system: jar:file:///C:/Users/gclm4/.m2/repository/com/github/almasb/fxgl/17.2/fxgl-17.2.jar!/fxglassets/ui/css/fxgl_dark.css
19:33:38.231 [FXGL Background Thread 1 ] DEBUG GameApplicationServi - Initializing application scenes
19:33:38.293 [FXGL Background Thread 1 ] DEBUG GameWorld            - Game world initialized
19:33:38.396 [FXGL Background Thread 1 ] DEBUG PhysicsWorld         - Physics world initialized: appHeight=720, physics.ppm=50.0
19:33:38.397 [FXGL Background Thread 1 ] DEBUG PhysicsWorld         - Using strategy: BRUTE_FORCE
19:33:38.402 [FXGL Background Thread 1 ] DEBUG GameScene            - Game scene initialized: 1280x720
19:33:38.426 [FXGL Background Thread 1 ] DEBUG FXGL.DefaultMenu     - createMenuBodyMainMenu()
19:33:38.469 [FXGL Background Thread 1 ] DEBUG FXGL.DefaultMenu     - createOptionsMenu()
19:33:38.492 [FXGL Background Thread 1 ] DEBUG FXGLAssetLoaderServi - Loading from file system: jar:file:///C:/Users/gclm4/.m2/repository/com/github/almasb/fxgl/17.2/fxgl-17.2.jar!/fxglassets/textures/particles/smoke.png
19:33:38.616 [FXGL Background Thread 1 ] DEBUG FXGLAssetLoaderServi - Loading from file system: jar:file:///C:/Users/gclm4/.m2/repository/com/github/almasb/fxgl/17.2/fxgl-17.2.jar!/fxglassets/textures/particles/trace_horizontal.png
19:33:38.659 [FXGL Background Thread 1 ] DEBUG FXGL.DefaultMenu     - createMenuBodyGameMenu()
19:33:38.661 [FXGL Background Thread 1 ] DEBUG FXGL.DefaultMenu     - createOptionsMenu()
19:33:38.680 [FXGL Background Thread 1 ] DEBUG GameApplicationServi - Application scenes initialized
19:33:38.699 [FXGL Background Thread 1 ] DEBUG SystemBundleService  - Loading FXGL system data
19:33:38.705 [FXGL Background Thread 1 ] DEBUG FileSystemAccess     - Reading from: C:\Users\gclm4\OneDrive\Desktop\JavaFXGame\system\fxgl.bundle
19:33:38.717 [FXGL Background Thread 1 ] DEBUG SystemBundleService  - Bundle FXGL: {}
19:33:38.717 [FXGL Background Thread 1 ] DEBUG UpdaterService       - Checking for updates
19:33:38.721 [FXGL Background Thread 4 ] DEBUG FXGLApplication      - Loading fonts
19:33:38.722 [FXGL Background Thread 4 ] DEBUG FXGLAssetLoaderServi - Loading from file system: jar:file:///C:/Users/gclm4/.m2/repository/com/github/almasb/fxgl/17.2/fxgl-17.2.jar!/fxglassets/ui/fonts/VarelaRound-Regular.ttf
19:33:38.722 [FXGL Background Thread 1 ] DEBUG FXGLApplication      - Loading default localization
19:33:38.722 [FXGL Background Thread 1 ] DEBUG FXGLAssetLoaderServi - Loading from file system: jar:file:///C:/Users/gclm4/.m2/repository/com/github/almasb/fxgl/17.2/fxgl-17.2.jar!/fxglassets/languages/english.lang
19:33:38.752 [FXGL Background Thread 1 ] INFO  FXGLApplication      - FXGL initialization took: 0.682 sec
19:33:38.754 [JavaFX Application Thread] DEBUG FXGLAssetLoaderServi - Loading from file system: jar:file:///C:/Users/gclm4/.m2/repository/com/github/almasb/fxgl/17.2/fxgl-17.2.jar!/fxglassets/textures/fxgl_icon.png
19:33:38.775 [FXGL Background Thread 4 ] DEBUG FXGLAssetLoaderServi - Loading from file system: jar:file:///C:/Users/gclm4/.m2/repository/com/github/almasb/fxgl/17.2/fxgl-17.2.jar!/fxglassets/ui/fonts/Abel-Regular.ttf
19:33:38.781 [FXGL Background Thread 4 ] DEBUG FXGLAssetLoaderServi - Loading from file system: jar:file:///C:/Users/gclm4/.m2/repository/com/github/almasb/fxgl/17.2/fxgl-17.2.jar!/fxglassets/ui/fonts/TerminalLandMono-Regular.otf
19:33:38.787 [JavaFX Application Thread] DEBUG FXGLAssetLoaderServi - Loading from file system: jar:file:///C:/Users/gclm4/.m2/repository/com/github/almasb/fxgl/17.2/fxgl-17.2.jar!/fxglassets/textures/fxgl_default_cursor.png
19:33:38.788 [FXGL Background Thread 4 ] DEBUG FXGLAssetLoaderServi - Loading from file system: jar:file:///C:/Users/gclm4/.m2/repository/com/github/almasb/fxgl/17.2/fxgl-17.2.jar!/fxglassets/ui/fonts/Courier-Prime.ttf
19:33:38.808 [JavaFX Application Thread] DEBUG Input                - Registered new binding: Screenshot - CTRL+8
19:33:38.809 [JavaFX Application Thread] DEBUG Input                - Registered new binding: System info dump - CTRL+9
19:33:38.809 [JavaFX Application Thread] DEBUG Input                - Registered new binding: Restart - CTRL+R
19:33:38.810 [JavaFX Application Thread] DEBUG Input                - Registered new binding: Toggle Debug Camera - CTRL+7
19:33:38.813 [JavaFX Application Thread] DEBUG LoopRunner           - Starting loop
19:33:38.813 [JavaFX Application Thread] DEBUG LoopRunner           - Initializing JavaFX AnimationTimerLoop
19:33:38.818 [JavaFX Application Thread] DEBUG Input                - Clearing active input actions
19:33:38.828 [JavaFX Application Thread] DEBUG GameApplicationServi - Removing overlay from FXGLStartupScene and adding to FXGLMainMenuDummyScene
19:33:38.828 [JavaFX Application Thread] DEBUG PrimaryStageWindow   - FXGLStartupScene -> FXGLMainMenuDummyScene
19:33:38.829 [JavaFX Application Thread] DEBUG PrimaryStageWindow   - Push state: FXGLDefaultMenu
19:33:38.835 [JavaFX Application Thread] DEBUG Input                - Clearing active input actions
19:33:38.846 [JavaFX Application Thread] DEBUG GameApplicationServi - Removing overlay from FXGLMainMenuDummyScene and adding to FXGLDefaultMenu
19:33:38.847 [JavaFX Application Thread] DEBUG PrimaryStageWindow   - FXGLMainMenuDummyScene -> FXGLDefaultMenu
19:33:38.856 [JavaFX Application Thread] DEBUG FXGLApplication      - Registering font factories with UI factory
19:33:39.430 [FXGL Background Thread 2 ] INFO  UpdaterService       - Your current version:  17.2
19:33:39.430 [FXGL Background Thread 2 ] INFO  UpdaterService       - Latest stable version: 21.1
19:33:39.685 [JavaFX Application Thread] DEBUG Menu                 - fireNewGame()
19:33:39.685 [JavaFX Application Thread] DEBUG GameApplicationServi - Starting new game
19:33:39.687 [JavaFX Application Thread] DEBUG PrimaryStageWindow   - Pop state: FXGLDefaultMenu
19:33:39.687 [JavaFX Application Thread] DEBUG Input                - Clearing active input actions
19:33:39.690 [JavaFX Application Thread] DEBUG GameApplicationServi - Removing overlay from FXGLDefaultMenu and adding to FXGLMainMenuDummyScene
19:33:39.690 [JavaFX Application Thread] DEBUG PrimaryStageWindow   - FXGLMainMenuDummyScene <- FXGLDefaultMenu
19:33:39.691 [JavaFX Application Thread] DEBUG Input                - Clearing active input actions
19:33:39.708 [JavaFX Application Thread] DEBUG GameApplicationServi - Removing overlay from FXGLMainMenuDummyScene and adding to FXGLLoadingScene
19:33:39.708 [JavaFX Application Thread] DEBUG PrimaryStageWindow   - FXGLMainMenuDummyScene -> FXGLLoadingScene
19:33:39.708 [JavaFX Application Thread] DEBUG GameApplicationServi - Clearing previous game
19:33:39.708 [JavaFX Application Thread] DEBUG GameScene            - Clearing game scene
19:33:39.708 [JavaFX Application Thread] DEBUG GameWorld            - Clearing game world
19:33:39.708 [JavaFX Application Thread] DEBUG PhysicsWorld         - Clearing physics world
19:33:39.710 [FXGL Background Thread 2 ] DEBUG FXGLApplication      - Initializing game
19:33:39.767 [FXGL Background Thread 2 ] WARN  TMXLevelLoader       - TiledMap generated from 1.11.0. Supported version: 1.9.0. Some features may not be parsed fully.
19:33:39.779 [FXGL Background Thread 2 ] DEBUG TMXLevelLoader       - Parsed TiledMap: file:/C:/Users/gclm4/OneDrive/Desktop/JavaFXGame/target/classes/assets/levels/tmx/level1.tmx
19:33:39.780 [FXGL Background Thread 2 ] DEBUG TMXLevelLoader       - Creating tile layer entities
19:33:39.783 [FXGL Background Thread 2 ] DEBUG TilesetLoader        - Loading view for layer Tile Layer 1
19:33:39.786 [FXGL Background Thread 2 ] DEBUG TilesetLoader        - Created buffer with size 1050.0x700.0
19:33:39.825 [FXGL Background Thread 2 ] DEBUG TMXLevelLoader       - Creating object layer entities
19:33:39.858 [FXGL Background Thread 2 ] DEBUG GameWorld            - Clearing removable entities
19:33:39.859 [FXGL Background Thread 2 ] DEBUG GameWorld            - Setting level: com.almasb.fxgl.entity.level.Level@5b6c099
19:33:39.869 [FXGL Background Thread 2 ] DEBUG FXGLAssetLoaderServi - Loading from file system: file:/C:/Users/gclm4/OneDrive/Desktop/JavaFXGame/target/classes/assets/textures/player.png
19:33:39.883 [FXGL Background Thread 2 ] DEBUG Input                - Registered new binding: Jump0 - W
19:33:39.883 [FXGL Background Thread 2 ] DEBUG Input                - Registered new binding: Left0 - A
19:33:39.884 [FXGL Background Thread 2 ] DEBUG Input                - Registered new binding: Right0 - D
19:33:39.884 [FXGL Background Thread 2 ] DEBUG Input                - Registered new binding: Use0 - E
19:33:39.885 [FXGL Background Thread 2 ] DEBUG Input                - Registered new binding: Jump1 - Up
19:33:39.885 [FXGL Background Thread 2 ] DEBUG Input                - Registered new binding: Left1 - Left
19:33:39.885 [FXGL Background Thread 2 ] DEBUG Input                - Registered new binding: Right1 - Right
19:33:39.885 [FXGL Background Thread 2 ] DEBUG Input                - Registered new binding: Use1 - Slash
19:33:39.887 [FXGL Background Thread 2 ] DEBUG FXGLAssetLoaderServi - Loading from file system: file:/C:/Users/gclm4/OneDrive/Desktop/JavaFXGame/target/classes/assets/textures/background/manila.png
19:33:39.909 [FXGL Background Thread 2 ] INFO  FXGLApplication      - Game initialization took: 0.199 sec
19:33:39.916 [JavaFX Application Thread] DEBUG Input                - Clearing active input actions
19:33:39.934 [JavaFX Application Thread] DEBUG GameApplicationServi - Removing overlay from FXGLLoadingScene and adding to GameScene
19:33:39.935 [JavaFX Application Thread] DEBUG PrimaryStageWindow   - FXGLLoadingScene -> GameScene
19:33:41.261 [JavaFX Application Thread] DEBUG FXGLApplication      - Exiting FXGL
19:33:41.261 [JavaFX Application Thread] DEBUG LoopRunner           - Stopping loop
19:33:41.261 [JavaFX Application Thread] DEBUG SystemBundleService  - Saving FXGL system data
19:33:41.263 [JavaFX Application Thread] DEBUG FileSystemAccess     - Writing to: C:\Users\gclm4\OneDrive\Desktop\JavaFXGame\system\fxgl.bundle
19:33:41.266 [JavaFX Application Thread] DEBUG Async                - Shutting down background threads
19:33:41.266 [JavaFX Application Thread] DEBUG PrimaryStageWindow   - Closing main window
19:33:41.287 [JavaFX Application Thread] DEBUG Logger               - Closing Logger
