01:43:10.678 [main                     ] DEBUG Logger               - Configured Logger
01:43:10.692 [main                     ] DEBUG GameApplication      - Logging settings
Title: Untitled
Version: 0.0
Width: 1280
Height: 720
Fullscreen: false
Intro: false
Profiling: false
Single step:false
App Mode: DEVELOPER
Menu Key: ESCAPE
Stage Style: DECORATED
Scene Factory: class com.sunsofgod.PlatformerApp$1

01:43:10.948 [JavaFX Application Thread] DEBUG FXGLApplication      - Initializing FXGL
01:43:10.951 [JavaFX Application Thread] INFO  Engine               - FXGL-17.2 (20.08.2022 16.50) on WINDOWS (J:21.0.4 FX:17.0.12)
01:43:10.951 [JavaFX Application Thread] DEBUG Engine               - JRE Vendor Name: Eclipse Adoptium
01:43:10.951 [JavaFX Application Thread] DEBUG Engine               - Running on OS: Windows 11 version 10.0
01:43:10.951 [JavaFX Application Thread] DEBUG Engine               - Architecture: amd64
01:43:10.951 [JavaFX Application Thread] INFO  Engine               - Source code and latest versions at: https://github.com/AlmasB/FXGL
01:43:10.952 [JavaFX Application Thread] INFO  Engine               -       Ask questions and discuss at: https://github.com/AlmasB/FXGL/discussions
01:43:10.952 [JavaFX Application Thread] INFO  Engine               -              Join the FXGL chat at: https://gitter.im/AlmasB/FXGL
01:43:11.023 [JavaFX Application Thread] DEBUG PrimaryStageWindow   - Creating a JavaFX scene
01:43:11.057 [JavaFX Application Thread] DEBUG PrimaryStageWindow   - Target settings size: 1280.0 x 720.0
01:43:11.057 [JavaFX Application Thread] DEBUG PrimaryStageWindow   - Scaled scene size:    1280.0 x 720.0
01:43:11.057 [JavaFX Application Thread] DEBUG PrimaryStageWindow   - Scaled ratio: (1.0, 1.0)
01:43:11.058 [JavaFX Application Thread] DEBUG PrimaryStageWindow   - Set initial scene to FXGLStartupScene
01:43:11.063 [JavaFX Application Thread] DEBUG PrimaryStageWindow   - Opening main window
01:43:11.129 [JavaFX Application Thread] DEBUG PrimaryStageWindow   - Window border size: (14.4000244140625, 37.5999755859375)
01:43:11.129 [JavaFX Application Thread] DEBUG PrimaryStageWindow   - Scaled size: 1280.0 x 720.0
01:43:11.129 [JavaFX Application Thread] DEBUG PrimaryStageWindow   - Scaled ratio: (1.0, 1.0)
01:43:11.130 [JavaFX Application Thread] DEBUG PrimaryStageWindow   - Scene size: 1280.0 x 720.0
01:43:11.130 [JavaFX Application Thread] DEBUG PrimaryStageWindow   - Stage size: 1294.4000244140625 x 757.5999755859375
01:43:11.136 [FXGL Background Thread 1 ] DEBUG Engine               - Initializing environment variables
01:43:11.175 [FXGL Background Thread 1 ] DEBUG FXGLAssetLoaderServi - User app class for loading assets: class com.sunsofgod.PlatformerApp
01:43:11.175 [FXGL Background Thread 1 ] DEBUG GameApplicationServi - Applying CSS: fxgl_dark.css
01:43:11.176 [FXGL Background Thread 1 ] DEBUG FXGLAssetLoaderServi - Loading from file system: jar:file:///C:/Users/jamie/.m2/repository/com/github/almasb/fxgl/17.2/fxgl-17.2.jar!/fxglassets/ui/css/fxgl_dark.css
01:43:11.207 [FXGL Background Thread 1 ] DEBUG GameApplicationServi - Initializing application scenes
01:43:11.242 [FXGL Background Thread 1 ] WARN  FXGLAssetLoaderServi - Asset "/assets/textures/player.png" was not found!
01:43:11.242 [FXGL Background Thread 1 ] WARN  FXGLAssetLoaderServi - Failed to load IMAGE
01:43:11.274 [FXGL Background Thread 1 ] DEBUG GameWorld            - Game world initialized
01:43:11.308 [FXGL Background Thread 1 ] DEBUG PhysicsWorld         - Physics world initialized: appHeight=720, physics.ppm=50.0
01:43:11.309 [FXGL Background Thread 1 ] DEBUG PhysicsWorld         - Using strategy: BRUTE_FORCE
01:43:11.311 [FXGL Background Thread 1 ] DEBUG GameScene            - Game scene initialized: 1280x720
01:43:11.516 [FXGL Background Thread 1 ] DEBUG GameApplicationServi - Application scenes initialized
01:43:11.528 [FXGL Background Thread 1 ] DEBUG SystemBundleService  - Loading FXGL system data
01:43:11.531 [FXGL Background Thread 1 ] DEBUG FileSystemAccess     - Reading from: C:\Users\jamie\OneDrive\Pictures\JavaFXGame\system\fxgl.bundle
01:43:11.538 [FXGL Background Thread 1 ] DEBUG SystemBundleService  - Bundle FXGL: {}
01:43:11.538 [FXGL Background Thread 1 ] DEBUG UpdaterService       - Checking for updates
01:43:11.570 [FXGL Background Thread 4 ] DEBUG FXGLApplication      - Loading fonts
01:43:11.570 [FXGL Background Thread 1 ] DEBUG FXGLApplication      - Loading default localization
01:43:11.570 [FXGL Background Thread 4 ] DEBUG FXGLAssetLoaderServi - Loading from file system: jar:file:///C:/Users/jamie/.m2/repository/com/github/almasb/fxgl/17.2/fxgl-17.2.jar!/fxglassets/ui/fonts/VarelaRound-Regular.ttf
01:43:11.572 [FXGL Background Thread 1 ] DEBUG FXGLAssetLoaderServi - Loading from file system: jar:file:///C:/Users/jamie/.m2/repository/com/github/almasb/fxgl/17.2/fxgl-17.2.jar!/fxglassets/languages/english.lang
01:43:11.585 [FXGL Background Thread 1 ] INFO  FXGLApplication      - FXGL initialization took: 0.449 sec
01:43:11.586 [JavaFX Application Thread] DEBUG FXGLAssetLoaderServi - Loading from file system: jar:file:///C:/Users/jamie/.m2/repository/com/github/almasb/fxgl/17.2/fxgl-17.2.jar!/fxglassets/textures/fxgl_icon.png
01:43:11.594 [FXGL Background Thread 4 ] DEBUG FXGLAssetLoaderServi - Loading from file system: jar:file:///C:/Users/jamie/.m2/repository/com/github/almasb/fxgl/17.2/fxgl-17.2.jar!/fxglassets/ui/fonts/Abel-Regular.ttf
01:43:11.596 [FXGL Background Thread 4 ] DEBUG FXGLAssetLoaderServi - Loading from file system: jar:file:///C:/Users/jamie/.m2/repository/com/github/almasb/fxgl/17.2/fxgl-17.2.jar!/fxglassets/ui/fonts/TerminalLandMono-Regular.otf
01:43:11.600 [FXGL Background Thread 4 ] DEBUG FXGLAssetLoaderServi - Loading from file system: jar:file:///C:/Users/jamie/.m2/repository/com/github/almasb/fxgl/17.2/fxgl-17.2.jar!/fxglassets/ui/fonts/Courier-Prime.ttf
01:43:11.600 [JavaFX Application Thread] DEBUG FXGLAssetLoaderServi - Loading from file system: jar:file:///C:/Users/jamie/.m2/repository/com/github/almasb/fxgl/17.2/fxgl-17.2.jar!/fxglassets/textures/fxgl_default_cursor.png
01:43:11.607 [JavaFX Application Thread] DEBUG Input                - Registered new binding: Screenshot - CTRL+8
01:43:11.607 [JavaFX Application Thread] DEBUG Input                - Registered new binding: Dev Options - 1
01:43:11.608 [JavaFX Application Thread] DEBUG Input                - Registered new binding: Dev Console - 2
01:43:11.608 [JavaFX Application Thread] DEBUG Input                - Registered new binding: System info dump - CTRL+9
01:43:11.608 [JavaFX Application Thread] DEBUG Input                - Registered new binding: Restart - CTRL+R
01:43:11.609 [JavaFX Application Thread] DEBUG Input                - Registered new binding: Toggle Debug Camera - CTRL+7
01:43:11.611 [JavaFX Application Thread] DEBUG LoopRunner           - Starting loop
01:43:11.622 [JavaFX Application Thread] DEBUG LoopRunner           - Initializing JavaFX AnimationTimerLoop
01:43:11.624 [JavaFX Application Thread] DEBUG Input                - Clearing active input actions
01:43:11.632 [JavaFX Application Thread] DEBUG GameApplicationServi - Removing overlay from FXGLStartupScene and adding to FXGLMainMenuDummyScene
01:43:11.635 [JavaFX Application Thread] DEBUG PrimaryStageWindow   - FXGLStartupScene -> FXGLMainMenuDummyScene
01:43:11.635 [JavaFX Application Thread] DEBUG PrimaryStageWindow   - Push state: RiderMainMenuScene
01:43:11.635 [JavaFX Application Thread] DEBUG Input                - Clearing active input actions
01:43:11.639 [JavaFX Application Thread] DEBUG GameApplicationServi - Removing overlay from FXGLMainMenuDummyScene and adding to RiderMainMenuScene
01:43:11.641 [JavaFX Application Thread] DEBUG PrimaryStageWindow   - FXGLMainMenuDummyScene -> RiderMainMenuScene
01:43:11.789 [JavaFX Application Thread] DEBUG FXGLApplication      - Registering font factories with UI factory
01:43:11.943 [FXGL Background Thread 2 ] INFO  UpdaterService       - Your current version:  17.2
01:43:11.943 [FXGL Background Thread 2 ] INFO  UpdaterService       - Latest stable version: 21.1
01:43:12.936 [JavaFX Application Thread] DEBUG PrimaryStageWindow   - Push state: PlayerSelectScene
01:43:12.936 [JavaFX Application Thread] DEBUG Input                - Clearing active input actions
01:43:12.937 [JavaFX Application Thread] DEBUG GameApplicationServi - Removing overlay from RiderMainMenuScene and adding to PlayerSelectScene
01:43:12.938 [JavaFX Application Thread] DEBUG PrimaryStageWindow   - RiderMainMenuScene -> PlayerSelectScene
01:43:14.570 [FXGL Background Thread 3 ] DEBUG Engine               - Logging environment variables
01:43:14.570 [FXGL Background Thread 3 ] DEBUG Engine               - achievements: []
01:43:14.570 [FXGL Background Thread 3 ] DEBUG Engine               - actualHeight: 720.0
01:43:14.570 [FXGL Background Thread 3 ] DEBUG Engine               - actualHeightProperty: ReadOnlyDoubleProperty [value: 720.0]
01:43:14.570 [FXGL Background Thread 3 ] DEBUG Engine               - actualWidth: 1280.0
01:43:14.570 [FXGL Background Thread 3 ] DEBUG Engine               - actualWidthProperty: ReadOnlyDoubleProperty [value: 1280.0]
01:43:14.570 [FXGL Background Thread 3 ] DEBUG Engine               - appIcon: fxgl_icon.png
01:43:14.570 [FXGL Background Thread 3 ] DEBUG Engine               - applicationMode: DEVELOPER
01:43:14.571 [FXGL Background Thread 3 ] DEBUG Engine               - cSSList: [fxgl_dark.css]
01:43:14.571 [FXGL Background Thread 3 ] DEBUG Engine               - collisionDetectionStrategy: BRUTE_FORCE
01:43:14.571 [FXGL Background Thread 3 ] DEBUG Engine               - configClass: Optional.empty
01:43:14.571 [FXGL Background Thread 3 ] DEBUG Engine               - credits: []
01:43:14.572 [FXGL Background Thread 3 ] DEBUG Engine               - defaultCursor: CursorInfo(imageName=fxgl_default_cursor.png, hotspotX=7.0, hotspotY=6.0)
01:43:14.572 [FXGL Background Thread 3 ] DEBUG Engine               - devBBoxColorProperty: ObjectProperty [value: 0xff0000ff]
01:43:14.572 [FXGL Background Thread 3 ] DEBUG Engine               - devEnableDebugCameraProperty: BooleanProperty [value: false]
01:43:14.572 [FXGL Background Thread 3 ] DEBUG Engine               - devSensorColorProperty: ObjectProperty [value: 0xffff00ff]
01:43:14.572 [FXGL Background Thread 3 ] DEBUG Engine               - devShowBBoxProperty: BooleanProperty [value: false]
01:43:14.572 [FXGL Background Thread 3 ] DEBUG Engine               - devShowPositionProperty: BooleanProperty [value: false]
01:43:14.573 [FXGL Background Thread 3 ] DEBUG Engine               - enabledMenuItems: []
01:43:14.573 [FXGL Background Thread 3 ] DEBUG Engine               - engineServices: [class com.almasb.fxgl.app.services.FXGLAssetLoaderService, class com.almasb.fxgl.app.FXGLApplication$GameApplicationService, class com.almasb.fxgl.app.services.FXGLDialogService, class com.almasb.fxgl.app.services.IOTaskExecutorService, class com.almasb.fxgl.io.FileSystemService, class com.almasb.fxgl.localization.LocalizationService, class com.almasb.fxgl.app.services.SystemBundleService, class com.almasb.fxgl.profile.SaveLoadService, class com.almasb.fxgl.ui.FXGLUIFactoryServiceProvider, class com.almasb.fxgl.ui.FXGLDialogFactoryServiceProvider, class com.almasb.fxgl.audio.AudioPlayer, class com.almasb.fxgl.notification.impl.NotificationServiceProvider, class com.almasb.fxgl.achievement.AchievementService, class com.almasb.fxgl.cutscene.CutsceneService, class com.almasb.fxgl.minigames.MiniGameService, class com.almasb.fxgl.net.NetService, class com.almasb.fxgl.app.services.UpdaterService, class com.almasb.fxgl.dev.DevService]
01:43:14.573 [FXGL Background Thread 3 ] DEBUG Engine               - fontGame: Abel-Regular.ttf
01:43:14.573 [FXGL Background Thread 3 ] DEBUG Engine               - fontMono: TerminalLandMono-Regular.otf
01:43:14.573 [FXGL Background Thread 3 ] DEBUG Engine               - fontText: Courier-Prime.ttf
01:43:14.573 [FXGL Background Thread 3 ] DEBUG Engine               - fontUI: VarelaRound-Regular.ttf
01:43:14.573 [FXGL Background Thread 3 ] DEBUG Engine               - fullScreen: BooleanProperty [value: false]
01:43:14.573 [FXGL Background Thread 3 ] DEBUG Engine               - gameDifficulty: MEDIUM
01:43:14.573 [FXGL Background Thread 3 ] DEBUG Engine               - gameDifficultyProperty: ObjectProperty [value: MEDIUM]
01:43:14.573 [FXGL Background Thread 3 ] DEBUG Engine               - globalMusicVolume: 0.5
01:43:14.573 [FXGL Background Thread 3 ] DEBUG Engine               - globalMusicVolumeProperty: DoubleProperty [value: 0.25]
01:43:14.573 [FXGL Background Thread 3 ] DEBUG Engine               - globalSoundVolume: 0.5
01:43:14.573 [FXGL Background Thread 3 ] DEBUG Engine               - globalSoundVolumeProperty: DoubleProperty [value: 0.5]
01:43:14.573 [FXGL Background Thread 3 ] DEBUG Engine               - height: 720
01:43:14.573 [FXGL Background Thread 3 ] DEBUG Engine               - is3D: false
01:43:14.573 [FXGL Background Thread 3 ] DEBUG Engine               - isAndroid: false
01:43:14.573 [FXGL Background Thread 3 ] DEBUG Engine               - isBrowser: false
01:43:14.573 [FXGL Background Thread 3 ] DEBUG Engine               - isClickFeedbackEnabled: false
01:43:14.573 [FXGL Background Thread 3 ] DEBUG Engine               - isCloseConfirmation: false
01:43:14.573 [FXGL Background Thread 3 ] DEBUG Engine               - isDesktop: true
01:43:14.573 [FXGL Background Thread 3 ] DEBUG Engine               - isDeveloperMenuEnabled: true
01:43:14.573 [FXGL Background Thread 3 ] DEBUG Engine               - isEmbedded: false
01:43:14.573 [FXGL Background Thread 3 ] DEBUG Engine               - isEntityPreloadEnabled: true
01:43:14.573 [FXGL Background Thread 3 ] DEBUG Engine               - isExperimentalTiledLargeMap: false
01:43:14.573 [FXGL Background Thread 3 ] DEBUG Engine               - isFileSystemWriteAllowed: true
01:43:14.574 [FXGL Background Thread 3 ] DEBUG Engine               - isFullScreenAllowed: false
01:43:14.574 [FXGL Background Thread 3 ] DEBUG Engine               - isFullScreenFromStart: false
01:43:14.574 [FXGL Background Thread 3 ] DEBUG Engine               - isGameMenuEnabled: true
01:43:14.574 [FXGL Background Thread 3 ] DEBUG Engine               - isIOS: false
01:43:14.574 [FXGL Background Thread 3 ] DEBUG Engine               - isIntroEnabled: false
01:43:14.574 [FXGL Background Thread 3 ] DEBUG Engine               - isLinux: false
01:43:14.574 [FXGL Background Thread 3 ] DEBUG Engine               - isMac: false
01:43:14.574 [FXGL Background Thread 3 ] DEBUG Engine               - isMainMenuEnabled: true
01:43:14.574 [FXGL Background Thread 3 ] DEBUG Engine               - isManualResizeEnabled: false
01:43:14.574 [FXGL Background Thread 3 ] DEBUG Engine               - isMobile: false
01:43:14.574 [FXGL Background Thread 3 ] DEBUG Engine               - isNative: false
01:43:14.574 [FXGL Background Thread 3 ] DEBUG Engine               - isPauseMusicWhenMinimized: true
01:43:14.574 [FXGL Background Thread 3 ] DEBUG Engine               - isPreserveResizeRatio: false
01:43:14.574 [FXGL Background Thread 3 ] DEBUG Engine               - isProfilingEnabled: false
01:43:14.574 [FXGL Background Thread 3 ] DEBUG Engine               - isScaleAffectedOnResize: true
01:43:14.574 [FXGL Background Thread 3 ] DEBUG Engine               - isSingleStep: false
01:43:14.574 [FXGL Background Thread 3 ] DEBUG Engine               - isUserProfileEnabled: false
01:43:14.574 [FXGL Background Thread 3 ] DEBUG Engine               - isWindows: true
01:43:14.574 [FXGL Background Thread 3 ] DEBUG Engine               - language: ObjectProperty [value: ENGLISH]
01:43:14.574 [FXGL Background Thread 3 ] DEBUG Engine               - menuKey: ESCAPE
01:43:14.574 [FXGL Background Thread 3 ] DEBUG Engine               - mouseSensitivity: 0.2
01:43:14.574 [FXGL Background Thread 3 ] DEBUG Engine               - notificationViewClass: class com.almasb.fxgl.notification.view.XboxNotificationView
01:43:14.574 [FXGL Background Thread 3 ] DEBUG Engine               - pixelsPerMeter: 50.0
01:43:14.574 [FXGL Background Thread 3 ] DEBUG Engine               - platform: WINDOWS
01:43:14.574 [FXGL Background Thread 3 ] DEBUG Engine               - prefHeightProperty: ReadOnlyDoubleProperty [value: 720.0]
01:43:14.574 [FXGL Background Thread 3 ] DEBUG Engine               - prefWidthProperty: ReadOnlyDoubleProperty [value: 1280.0]
01:43:14.574 [FXGL Background Thread 3 ] DEBUG Engine               - profileDir: profiles/
01:43:14.574 [FXGL Background Thread 3 ] DEBUG Engine               - profileName: StringProperty [value: DEFAULT]
01:43:14.575 [FXGL Background Thread 3 ] DEBUG Engine               - randomSeed: -1
01:43:14.575 [FXGL Background Thread 3 ] DEBUG Engine               - runtimeInfo: RuntimeInfo(platform=WINDOWS, version=17.2, build=20.08.2022 16.50)
01:43:14.575 [FXGL Background Thread 3 ] DEBUG Engine               - saveFileExt: sav
01:43:14.575 [FXGL Background Thread 3 ] DEBUG Engine               - scaledHeightProp$fxgl: DoubleProperty [bound, value: 720.0]
01:43:14.575 [FXGL Background Thread 3 ] DEBUG Engine               - scaledWidthProp$fxgl: DoubleProperty [bound, value: 1280.0]
01:43:14.575 [FXGL Background Thread 3 ] DEBUG Engine               - sceneFactory: com.sunsofgod.PlatformerApp$1@3b6faf2b
01:43:14.575 [FXGL Background Thread 3 ] DEBUG Engine               - secondsIn24h: 60
01:43:14.575 [FXGL Background Thread 3 ] DEBUG Engine               - soundMenuBack: menu/back.wav
01:43:14.575 [FXGL Background Thread 3 ] DEBUG Engine               - soundMenuPress: menu/press.wav
01:43:14.575 [FXGL Background Thread 3 ] DEBUG Engine               - soundMenuSelect: menu/select.wav
01:43:14.575 [FXGL Background Thread 3 ] DEBUG Engine               - soundNotification: core/notification.wav
01:43:14.575 [FXGL Background Thread 3 ] DEBUG Engine               - stageStyle: DECORATED
01:43:14.575 [FXGL Background Thread 3 ] DEBUG Engine               - supportedLanguages: [ENGLISH, FRENCH, GERMAN, HUNGARIAN, RUSSIAN]
01:43:14.575 [FXGL Background Thread 3 ] DEBUG Engine               - ticksPerSecond: -1
01:43:14.575 [FXGL Background Thread 3 ] DEBUG Engine               - title: Untitled
01:43:14.575 [FXGL Background Thread 3 ] DEBUG Engine               - urlGithub: https://github.com/AlmasB/FXGL
01:43:14.575 [FXGL Background Thread 3 ] DEBUG Engine               - urlLeaderboard: http://fxgl-top.herokuapp.com/
01:43:14.575 [FXGL Background Thread 3 ] DEBUG Engine               - urlPOM: https://raw.githubusercontent.com/AlmasB/FXGL/release/README.md
01:43:14.575 [FXGL Background Thread 3 ] DEBUG Engine               - userAppClass: class com.sunsofgod.PlatformerApp
01:43:14.575 [FXGL Background Thread 3 ] DEBUG Engine               - version: 0.0
01:43:14.575 [FXGL Background Thread 3 ] DEBUG Engine               - versionCheckDays: 7
01:43:14.575 [FXGL Background Thread 3 ] DEBUG Engine               - width: 1280
01:43:14.575 [FXGL Background Thread 3 ] DEBUG Engine               - Logging services
01:43:14.575 [FXGL Background Thread 3 ] DEBUG Engine               - class com.almasb.fxgl.app.services.FXGLAssetLoaderService
01:43:14.575 [FXGL Background Thread 3 ] DEBUG Engine               - class com.almasb.fxgl.app.FXGLApplication$GameApplicationService
01:43:14.575 [FXGL Background Thread 3 ] DEBUG Engine               - class com.almasb.fxgl.app.services.FXGLDialogService
01:43:14.575 [FXGL Background Thread 3 ] DEBUG Engine               - class com.almasb.fxgl.app.services.IOTaskExecutorService
01:43:14.575 [FXGL Background Thread 3 ] DEBUG Engine               - class com.almasb.fxgl.io.FileSystemService
01:43:14.576 [FXGL Background Thread 3 ] DEBUG Engine               - class com.almasb.fxgl.localization.LocalizationService
01:43:14.576 [FXGL Background Thread 3 ] DEBUG Engine               - class com.almasb.fxgl.app.services.SystemBundleService
01:43:14.576 [FXGL Background Thread 3 ] DEBUG Engine               - class com.almasb.fxgl.profile.SaveLoadService
01:43:14.576 [FXGL Background Thread 3 ] DEBUG Engine               - class com.almasb.fxgl.ui.FXGLUIFactoryServiceProvider
01:43:14.576 [FXGL Background Thread 3 ] DEBUG Engine               - class com.almasb.fxgl.ui.FXGLDialogFactoryServiceProvider
01:43:14.576 [FXGL Background Thread 3 ] DEBUG Engine               - class com.almasb.fxgl.audio.AudioPlayer
01:43:14.576 [FXGL Background Thread 3 ] DEBUG Engine               - class com.almasb.fxgl.notification.impl.NotificationServiceProvider
01:43:14.576 [FXGL Background Thread 3 ] DEBUG Engine               - class com.almasb.fxgl.achievement.AchievementService
01:43:14.576 [FXGL Background Thread 3 ] DEBUG Engine               - class com.almasb.fxgl.cutscene.CutsceneService
01:43:14.576 [FXGL Background Thread 3 ] DEBUG Engine               - class com.almasb.fxgl.minigames.MiniGameService
01:43:14.576 [FXGL Background Thread 3 ] DEBUG Engine               - class com.almasb.fxgl.net.NetService
01:43:14.576 [FXGL Background Thread 3 ] DEBUG Engine               - class com.almasb.fxgl.app.services.UpdaterService
01:43:14.576 [FXGL Background Thread 3 ] DEBUG Engine               - class com.almasb.fxgl.dev.DevService
01:43:15.347 [JavaFX Application Thread] DEBUG PrimaryStageWindow   - Push state: LevelSelectScene
01:43:15.347 [JavaFX Application Thread] DEBUG Input                - Clearing active input actions
01:43:15.349 [JavaFX Application Thread] DEBUG GameApplicationServi - Removing overlay from PlayerSelectScene and adding to LevelSelectScene
01:43:15.350 [JavaFX Application Thread] DEBUG PrimaryStageWindow   - PlayerSelectScene -> LevelSelectScene
01:43:17.377 [JavaFX Application Thread] DEBUG Menu                 - fireNewGame()
01:43:17.378 [JavaFX Application Thread] DEBUG GameApplicationServi - Starting new game
01:43:17.379 [JavaFX Application Thread] DEBUG PrimaryStageWindow   - Pop state: LevelSelectScene
01:43:17.379 [JavaFX Application Thread] DEBUG Input                - Clearing active input actions
01:43:17.380 [JavaFX Application Thread] DEBUG GameApplicationServi - Removing overlay from LevelSelectScene and adding to PlayerSelectScene
01:43:17.381 [JavaFX Application Thread] DEBUG PrimaryStageWindow   - PlayerSelectScene <- LevelSelectScene
01:43:17.381 [JavaFX Application Thread] DEBUG PrimaryStageWindow   - Pop state: PlayerSelectScene
01:43:17.381 [JavaFX Application Thread] DEBUG Input                - Clearing active input actions
01:43:17.381 [JavaFX Application Thread] DEBUG GameApplicationServi - Removing overlay from PlayerSelectScene and adding to RiderMainMenuScene
01:43:17.381 [JavaFX Application Thread] DEBUG PrimaryStageWindow   - RiderMainMenuScene <- PlayerSelectScene
01:43:17.381 [JavaFX Application Thread] DEBUG PrimaryStageWindow   - Pop state: RiderMainMenuScene
01:43:17.381 [JavaFX Application Thread] DEBUG Input                - Clearing active input actions
01:43:17.381 [JavaFX Application Thread] DEBUG GameApplicationServi - Removing overlay from RiderMainMenuScene and adding to FXGLMainMenuDummyScene
01:43:17.381 [JavaFX Application Thread] DEBUG PrimaryStageWindow   - FXGLMainMenuDummyScene <- RiderMainMenuScene
01:43:17.382 [JavaFX Application Thread] DEBUG Input                - Clearing active input actions
01:43:17.386 [JavaFX Application Thread] DEBUG GameApplicationServi - Removing overlay from FXGLMainMenuDummyScene and adding to MainLoadingScene
01:43:17.387 [JavaFX Application Thread] DEBUG PrimaryStageWindow   - FXGLMainMenuDummyScene -> MainLoadingScene
01:43:17.387 [JavaFX Application Thread] DEBUG GameApplicationServi - Clearing previous game
01:43:17.387 [JavaFX Application Thread] DEBUG GameScene            - Clearing game scene
01:43:17.387 [JavaFX Application Thread] DEBUG GameWorld            - Clearing game world
01:43:17.387 [JavaFX Application Thread] DEBUG PhysicsWorld         - Clearing physics world
01:43:17.390 [FXGL Background Thread 2 ] DEBUG FXGLApplication      - Initializing game
01:43:17.413 [FXGL Background Thread 2 ] WARN  TMXLevelLoader       - TiledMap generated from 1.11.0. Supported version: 1.9.0. Some features may not be parsed fully.
01:43:17.420 [FXGL Background Thread 2 ] DEBUG TMXLevelLoader       - Parsed TiledMap: file:/C:/Users/jamie/OneDrive/Pictures/JavaFXGame/target/classes/assets/levels/tmx/level1.tmx
01:43:17.421 [FXGL Background Thread 2 ] DEBUG TMXLevelLoader       - Creating tile layer entities
01:43:17.422 [FXGL Background Thread 2 ] DEBUG TilesetLoader        - Loading view for layer Tile Layer 1
01:43:17.423 [FXGL Background Thread 2 ] DEBUG TilesetLoader        - Created buffer with size 2450.0x700.0
01:43:17.432 [FXGL Background Thread 2 ] DEBUG TMXLevelLoader       - Creating object layer entities
01:43:17.449 [FXGL Background Thread 2 ] DEBUG FXGLAssetLoaderServi - Loading from file system: file:/C:/Users/jamie/OneDrive/Pictures/JavaFXGame/target/classes/assets/textures/button.png
01:43:17.456 [FXGL Background Thread 2 ] DEBUG GameWorld            - Clearing removable entities
01:43:17.456 [FXGL Background Thread 2 ] DEBUG GameWorld            - Setting level: com.almasb.fxgl.entity.level.Level@50eb381
01:43:17.463 [FXGL Background Thread 2 ] DEBUG FXGLAssetLoaderServi - Loading from file system: file:/C:/Users/jamie/OneDrive/Pictures/JavaFXGame/target/classes/assets/textures/player2.png
01:43:17.471 [FXGL Background Thread 2 ] DEBUG Input                - Registered new binding: Jump0 - W
01:43:17.472 [FXGL Background Thread 2 ] DEBUG Input                - Registered new binding: Left0 - A
01:43:17.472 [FXGL Background Thread 2 ] DEBUG Input                - Registered new binding: Right0 - D
01:43:17.472 [FXGL Background Thread 2 ] DEBUG Input                - Registered new binding: Use0 - E
01:43:17.473 [FXGL Background Thread 2 ] DEBUG FXGLAssetLoaderServi - Loading from file system: file:/C:/Users/jamie/OneDrive/Pictures/JavaFXGame/target/classes/assets/textures/background/manila.png
01:43:17.487 [FXGL Background Thread 2 ] INFO  FXGLApplication      - Game initialization took: 0.097 sec
01:43:17.490 [JavaFX Application Thread] DEBUG Input                - Clearing active input actions
01:43:17.493 [JavaFX Application Thread] DEBUG GameApplicationServi - Removing overlay from MainLoadingScene and adding to GameScene
01:43:17.494 [JavaFX Application Thread] DEBUG PrimaryStageWindow   - MainLoadingScene -> GameScene
01:43:17.931 [JavaFX Application Thread] DEBUG FXGLAssetLoaderServi - Loading from file system: file:/C:/Users/jamie/OneDrive/Pictures/JavaFXGame/target/classes/assets/sounds/land.wav
01:43:19.392 [JavaFX Application Thread] DEBUG FXGLAssetLoaderServi - Loading from file system: file:/C:/Users/jamie/OneDrive/Pictures/JavaFXGame/target/classes/assets/sounds/jump.wav
01:43:52.251 [JavaFX Application Thread] DEBUG FXGLAssetLoaderServi - Loading from file system: file:/C:/Users/jamie/OneDrive/Pictures/JavaFXGame/target/classes/assets/sounds/dead.wav
01:43:53.261 [JavaFX Application Thread] WARN  TMXLevelLoader       - TiledMap generated from 1.11.0. Supported version: 1.9.0. Some features may not be parsed fully.
01:43:53.266 [JavaFX Application Thread] DEBUG TMXLevelLoader       - Parsed TiledMap: file:/C:/Users/jamie/OneDrive/Pictures/JavaFXGame/target/classes/assets/levels/tmx/level1.tmx
01:43:53.266 [JavaFX Application Thread] DEBUG TMXLevelLoader       - Creating tile layer entities
01:43:53.266 [JavaFX Application Thread] DEBUG TilesetLoader        - Loading view for layer Tile Layer 1
01:43:53.268 [JavaFX Application Thread] DEBUG TilesetLoader        - Created buffer with size 2450.0x700.0
01:43:53.275 [JavaFX Application Thread] DEBUG TMXLevelLoader       - Creating object layer entities
01:43:53.280 [JavaFX Application Thread] DEBUG GameWorld            - Clearing removable entities
01:43:53.282 [JavaFX Application Thread] DEBUG GameWorld            - Setting level: com.almasb.fxgl.entity.level.Level@3387423f
01:44:05.391 [JavaFX Application Thread] WARN  TMXLevelLoader       - TiledMap generated from 1.11.0. Supported version: 1.9.0. Some features may not be parsed fully.
01:44:05.393 [JavaFX Application Thread] DEBUG TMXLevelLoader       - Parsed TiledMap: file:/C:/Users/jamie/OneDrive/Pictures/JavaFXGame/target/classes/assets/levels/tmx/level1.tmx
01:44:05.393 [JavaFX Application Thread] DEBUG TMXLevelLoader       - Creating tile layer entities
01:44:05.393 [JavaFX Application Thread] DEBUG TilesetLoader        - Loading view for layer Tile Layer 1
01:44:05.397 [JavaFX Application Thread] DEBUG TilesetLoader        - Created buffer with size 2450.0x700.0
01:44:05.404 [JavaFX Application Thread] DEBUG TMXLevelLoader       - Creating object layer entities
01:44:05.408 [JavaFX Application Thread] DEBUG GameWorld            - Clearing removable entities
01:44:05.410 [JavaFX Application Thread] DEBUG GameWorld            - Setting level: com.almasb.fxgl.entity.level.Level@7dea5ab8
01:44:17.518 [JavaFX Application Thread] WARN  TMXLevelLoader       - TiledMap generated from 1.11.0. Supported version: 1.9.0. Some features may not be parsed fully.
01:44:17.519 [JavaFX Application Thread] DEBUG TMXLevelLoader       - Parsed TiledMap: file:/C:/Users/jamie/OneDrive/Pictures/JavaFXGame/target/classes/assets/levels/tmx/level1.tmx
01:44:17.519 [JavaFX Application Thread] DEBUG TMXLevelLoader       - Creating tile layer entities
01:44:17.519 [JavaFX Application Thread] DEBUG TilesetLoader        - Loading view for layer Tile Layer 1
01:44:17.520 [JavaFX Application Thread] DEBUG TilesetLoader        - Created buffer with size 2450.0x700.0
01:44:17.527 [JavaFX Application Thread] DEBUG TMXLevelLoader       - Creating object layer entities
01:44:17.532 [JavaFX Application Thread] DEBUG GameWorld            - Clearing removable entities
01:44:17.533 [JavaFX Application Thread] DEBUG GameWorld            - Setting level: com.almasb.fxgl.entity.level.Level@237de9d9
01:44:29.641 [JavaFX Application Thread] WARN  TMXLevelLoader       - TiledMap generated from 1.11.0. Supported version: 1.9.0. Some features may not be parsed fully.
01:44:29.642 [JavaFX Application Thread] DEBUG TMXLevelLoader       - Parsed TiledMap: file:/C:/Users/jamie/OneDrive/Pictures/JavaFXGame/target/classes/assets/levels/tmx/level1.tmx
01:44:29.642 [JavaFX Application Thread] DEBUG TMXLevelLoader       - Creating tile layer entities
01:44:29.643 [JavaFX Application Thread] DEBUG TilesetLoader        - Loading view for layer Tile Layer 1
01:44:29.643 [JavaFX Application Thread] DEBUG TilesetLoader        - Created buffer with size 2450.0x700.0
01:44:29.651 [JavaFX Application Thread] DEBUG TMXLevelLoader       - Creating object layer entities
01:44:29.654 [JavaFX Application Thread] DEBUG GameWorld            - Clearing removable entities
01:44:29.656 [JavaFX Application Thread] DEBUG GameWorld            - Setting level: com.almasb.fxgl.entity.level.Level@4e6b0328
01:44:41.766 [JavaFX Application Thread] WARN  TMXLevelLoader       - TiledMap generated from 1.11.0. Supported version: 1.9.0. Some features may not be parsed fully.
01:44:41.767 [JavaFX Application Thread] DEBUG TMXLevelLoader       - Parsed TiledMap: file:/C:/Users/jamie/OneDrive/Pictures/JavaFXGame/target/classes/assets/levels/tmx/level1.tmx
01:44:41.767 [JavaFX Application Thread] DEBUG TMXLevelLoader       - Creating tile layer entities
01:44:41.767 [JavaFX Application Thread] DEBUG TilesetLoader        - Loading view for layer Tile Layer 1
01:44:41.769 [JavaFX Application Thread] DEBUG TilesetLoader        - Created buffer with size 2450.0x700.0
01:44:41.775 [JavaFX Application Thread] DEBUG TMXLevelLoader       - Creating object layer entities
01:44:41.780 [JavaFX Application Thread] DEBUG GameWorld            - Clearing removable entities
01:44:41.781 [JavaFX Application Thread] DEBUG GameWorld            - Setting level: com.almasb.fxgl.entity.level.Level@39e33dae
01:44:53.891 [JavaFX Application Thread] WARN  TMXLevelLoader       - TiledMap generated from 1.11.0. Supported version: 1.9.0. Some features may not be parsed fully.
01:44:53.893 [JavaFX Application Thread] DEBUG TMXLevelLoader       - Parsed TiledMap: file:/C:/Users/jamie/OneDrive/Pictures/JavaFXGame/target/classes/assets/levels/tmx/level1.tmx
01:44:53.893 [JavaFX Application Thread] DEBUG TMXLevelLoader       - Creating tile layer entities
01:44:53.893 [JavaFX Application Thread] DEBUG TilesetLoader        - Loading view for layer Tile Layer 1
01:44:53.893 [JavaFX Application Thread] DEBUG TilesetLoader        - Created buffer with size 2450.0x700.0
01:44:53.900 [JavaFX Application Thread] DEBUG TMXLevelLoader       - Creating object layer entities
01:44:53.904 [JavaFX Application Thread] DEBUG GameWorld            - Clearing removable entities
01:44:53.904 [JavaFX Application Thread] DEBUG GameWorld            - Setting level: com.almasb.fxgl.entity.level.Level@ee2cfb
01:44:58.473 [JavaFX Application Thread] DEBUG PrimaryStageWindow   - Push state: PauseMenuScene
01:44:58.473 [JavaFX Application Thread] DEBUG Input                - Clearing active input actions
01:44:58.473 [JavaFX Application Thread] DEBUG GameApplicationServi - Removing overlay from GameScene and adding to PauseMenuScene
01:44:58.474 [JavaFX Application Thread] DEBUG PrimaryStageWindow   - GameScene -> PauseMenuScene
01:45:07.338 [JavaFX Application Thread] DEBUG PrimaryStageWindow   - Pop state: PauseMenuScene
01:45:07.338 [JavaFX Application Thread] DEBUG Input                - Clearing active input actions
01:45:07.338 [JavaFX Application Thread] DEBUG GameApplicationServi - Removing overlay from PauseMenuScene and adding to GameScene
01:45:07.338 [JavaFX Application Thread] DEBUG PrimaryStageWindow   - GameScene <- PauseMenuScene
01:45:07.585 [JavaFX Application Thread] DEBUG PrimaryStageWindow   - Push state: PauseMenuScene
01:45:07.585 [JavaFX Application Thread] DEBUG Input                - Clearing active input actions
01:45:07.585 [JavaFX Application Thread] DEBUG GameApplicationServi - Removing overlay from GameScene and adding to PauseMenuScene
01:45:07.586 [JavaFX Application Thread] DEBUG PrimaryStageWindow   - GameScene -> PauseMenuScene
01:45:09.732 [JavaFX Application Thread] DEBUG FXGLApplication      - Exiting FXGL
01:45:09.732 [JavaFX Application Thread] DEBUG LoopRunner           - Stopping loop
01:45:09.732 [JavaFX Application Thread] DEBUG SystemBundleService  - Saving FXGL system data
01:45:09.734 [JavaFX Application Thread] DEBUG FileSystemAccess     - Writing to: C:\Users\jamie\OneDrive\Pictures\JavaFXGame\system\fxgl.bundle
01:45:09.735 [JavaFX Application Thread] DEBUG Async                - Shutting down background threads
01:45:09.735 [JavaFX Application Thread] DEBUG PrimaryStageWindow   - Closing main window
01:45:09.743 [JavaFX Application Thread] DEBUG Logger               - Closing Logger
