14:42:11.248 [main                     ] DEBUG Logger               - Configured Logger
14:42:11.263 [main                     ] DEBUG GameApplication      - Logging settings
Title: Untitled
Version: 0.0
Width: 1280
Height: 720
Fullscreen: false
Intro: false
Profiling: false
Single step:false
App Mode: DEVELOPER
Menu Key: ESCAPE
Stage Style: DECORATED
Scene Factory: class com.sunsofgod.PlatformerApp$1

14:42:11.529 [JavaFX Application Thread] DEBUG FXGLApplication      - Initializing FXGL
14:42:11.532 [JavaFX Application Thread] INFO  Engine               - FXGL-17.2 (20.08.2022 16.50) on WINDOWS (J:21.0.4 FX:17.0.12)
14:42:11.533 [JavaFX Application Thread] DEBUG Engine               - JRE Vendor Name: Eclipse Adoptium
14:42:11.533 [JavaFX Application Thread] DEBUG Engine               - Running on OS: Windows 11 version 10.0
14:42:11.533 [JavaFX Application Thread] DEBUG Engine               - Architecture: amd64
14:42:11.533 [JavaFX Application Thread] INFO  Engine               - Source code and latest versions at: https://github.com/AlmasB/FXGL
14:42:11.533 [JavaFX Application Thread] INFO  Engine               -       Ask questions and discuss at: https://github.com/AlmasB/FXGL/discussions
14:42:11.533 [JavaFX Application Thread] INFO  Engine               -              Join the FXGL chat at: https://gitter.im/AlmasB/FXGL
14:42:11.594 [JavaFX Application Thread] DEBUG PrimaryStageWindow   - Creating a JavaFX scene
14:42:11.624 [JavaFX Application Thread] DEBUG PrimaryStageWindow   - Target settings size: 1280.0 x 720.0
14:42:11.625 [JavaFX Application Thread] DEBUG PrimaryStageWindow   - Scaled scene size:    1280.0 x 720.0
14:42:11.625 [JavaFX Application Thread] DEBUG PrimaryStageWindow   - Scaled ratio: (1.0, 1.0)
14:42:11.625 [JavaFX Application Thread] DEBUG PrimaryStageWindow   - Set initial scene to FXGLStartupScene
14:42:11.630 [JavaFX Application Thread] DEBUG PrimaryStageWindow   - Opening main window
14:42:11.692 [JavaFX Application Thread] DEBUG PrimaryStageWindow   - Window border size: (16.0, 39.0)
14:42:11.694 [JavaFX Application Thread] DEBUG PrimaryStageWindow   - Scaled size: 1280.0 x 720.0
14:42:11.694 [JavaFX Application Thread] DEBUG PrimaryStageWindow   - Scaled ratio: (1.0, 1.0)
14:42:11.694 [JavaFX Application Thread] DEBUG PrimaryStageWindow   - Scene size: 1280.0 x 720.0
14:42:11.694 [JavaFX Application Thread] DEBUG PrimaryStageWindow   - Stage size: 1296.0 x 759.0
14:42:11.699 [FXGL Background Thread 1 ] DEBUG Engine               - Initializing environment variables
14:42:11.732 [FXGL Background Thread 1 ] DEBUG FXGLAssetLoaderServi - User app class for loading assets: class com.sunsofgod.PlatformerApp
14:42:11.732 [FXGL Background Thread 1 ] DEBUG GameApplicationServi - Applying CSS: fxgl_dark.css
14:42:11.733 [FXGL Background Thread 1 ] DEBUG FXGLAssetLoaderServi - Loading from file system: jar:file:///C:/Users/user/.m2/repository/com/github/almasb/fxgl/17.2/fxgl-17.2.jar!/fxglassets/ui/css/fxgl_dark.css
14:42:11.762 [FXGL Background Thread 1 ] DEBUG GameApplicationServi - Initializing application scenes
14:42:11.795 [FXGL Background Thread 1 ] WARN  FXGLAssetLoaderServi - Asset "/assets/textures/player.png" was not found!
14:42:11.795 [FXGL Background Thread 1 ] WARN  FXGLAssetLoaderServi - Failed to load IMAGE
14:42:11.814 [FXGL Background Thread 1 ] DEBUG GameWorld            - Game world initialized
14:42:11.845 [FXGL Background Thread 1 ] DEBUG PhysicsWorld         - Physics world initialized: appHeight=720, physics.ppm=50.0
14:42:11.845 [FXGL Background Thread 1 ] DEBUG PhysicsWorld         - Using strategy: BRUTE_FORCE
14:42:11.848 [FXGL Background Thread 1 ] DEBUG GameScene            - Game scene initialized: 1280x720
14:42:12.057 [FXGL Background Thread 1 ] DEBUG GameApplicationServi - Application scenes initialized
14:42:12.068 [FXGL Background Thread 1 ] DEBUG SystemBundleService  - Loading FXGL system data
14:42:12.071 [FXGL Background Thread 1 ] DEBUG FileSystemAccess     - Reading from: C:\Users\user\Desktop\JavaFXGame\system\fxgl.bundle
14:42:12.078 [FXGL Background Thread 1 ] DEBUG SystemBundleService  - Bundle FXGL: {}
14:42:12.078 [FXGL Background Thread 1 ] DEBUG UpdaterService       - Checking for updates
14:42:12.096 [FXGL Background Thread 4 ] DEBUG FXGLApplication      - Loading fonts
14:42:12.096 [FXGL Background Thread 1 ] DEBUG FXGLApplication      - Loading default localization
14:42:12.096 [FXGL Background Thread 4 ] DEBUG FXGLAssetLoaderServi - Loading from file system: jar:file:///C:/Users/user/.m2/repository/com/github/almasb/fxgl/17.2/fxgl-17.2.jar!/fxglassets/ui/fonts/VarelaRound-Regular.ttf
14:42:12.096 [FXGL Background Thread 1 ] DEBUG FXGLAssetLoaderServi - Loading from file system: jar:file:///C:/Users/user/.m2/repository/com/github/almasb/fxgl/17.2/fxgl-17.2.jar!/fxglassets/languages/english.lang
14:42:12.120 [FXGL Background Thread 1 ] INFO  FXGLApplication      - FXGL initialization took: 0.421 sec
14:42:12.122 [JavaFX Application Thread] DEBUG FXGLAssetLoaderServi - Loading from file system: jar:file:///C:/Users/user/.m2/repository/com/github/almasb/fxgl/17.2/fxgl-17.2.jar!/fxglassets/textures/fxgl_icon.png
14:42:12.138 [JavaFX Application Thread] DEBUG FXGLAssetLoaderServi - Loading from file system: jar:file:///C:/Users/user/.m2/repository/com/github/almasb/fxgl/17.2/fxgl-17.2.jar!/fxglassets/textures/fxgl_default_cursor.png
14:42:12.138 [FXGL Background Thread 4 ] DEBUG FXGLAssetLoaderServi - Loading from file system: jar:file:///C:/Users/user/.m2/repository/com/github/almasb/fxgl/17.2/fxgl-17.2.jar!/fxglassets/ui/fonts/Abel-Regular.ttf
14:42:12.141 [FXGL Background Thread 4 ] DEBUG FXGLAssetLoaderServi - Loading from file system: jar:file:///C:/Users/user/.m2/repository/com/github/almasb/fxgl/17.2/fxgl-17.2.jar!/fxglassets/ui/fonts/TerminalLandMono-Regular.otf
14:42:12.145 [FXGL Background Thread 4 ] DEBUG FXGLAssetLoaderServi - Loading from file system: jar:file:///C:/Users/user/.m2/repository/com/github/almasb/fxgl/17.2/fxgl-17.2.jar!/fxglassets/ui/fonts/Courier-Prime.ttf
14:42:12.146 [JavaFX Application Thread] DEBUG Input                - Registered new binding: Screenshot - CTRL+8
14:42:12.147 [JavaFX Application Thread] DEBUG Input                - Registered new binding: Dev Options - 1
14:42:12.147 [JavaFX Application Thread] DEBUG Input                - Registered new binding: Dev Console - 2
14:42:12.147 [JavaFX Application Thread] DEBUG Input                - Registered new binding: System info dump - CTRL+9
14:42:12.147 [JavaFX Application Thread] DEBUG Input                - Registered new binding: Restart - CTRL+R
14:42:12.148 [JavaFX Application Thread] DEBUG Input                - Registered new binding: Toggle Debug Camera - CTRL+7
14:42:12.150 [JavaFX Application Thread] DEBUG LoopRunner           - Starting loop
14:42:12.160 [JavaFX Application Thread] DEBUG LoopRunner           - Initializing JavaFX AnimationTimerLoop
14:42:12.162 [JavaFX Application Thread] DEBUG Input                - Clearing active input actions
14:42:12.168 [JavaFX Application Thread] DEBUG GameApplicationServi - Removing overlay from FXGLStartupScene and adding to FXGLMainMenuDummyScene
14:42:12.171 [JavaFX Application Thread] DEBUG PrimaryStageWindow   - FXGLStartupScene -> FXGLMainMenuDummyScene
14:42:12.171 [JavaFX Application Thread] DEBUG PrimaryStageWindow   - Push state: RiderMainMenuScene
14:42:12.171 [JavaFX Application Thread] DEBUG Input                - Clearing active input actions
14:42:12.175 [JavaFX Application Thread] DEBUG GameApplicationServi - Removing overlay from FXGLMainMenuDummyScene and adding to RiderMainMenuScene
14:42:12.176 [JavaFX Application Thread] DEBUG PrimaryStageWindow   - FXGLMainMenuDummyScene -> RiderMainMenuScene
14:42:12.312 [JavaFX Application Thread] DEBUG FXGLApplication      - Registering font factories with UI factory
14:42:12.448 [FXGL Background Thread 2 ] INFO  UpdaterService       - Your current version:  17.2
14:42:12.449 [FXGL Background Thread 2 ] INFO  UpdaterService       - Latest stable version: 21.1
14:42:13.195 [JavaFX Application Thread] DEBUG PrimaryStageWindow   - Push state: PlayerSelectScene
14:42:13.196 [JavaFX Application Thread] DEBUG Input                - Clearing active input actions
14:42:13.196 [JavaFX Application Thread] DEBUG GameApplicationServi - Removing overlay from RiderMainMenuScene and adding to PlayerSelectScene
14:42:13.198 [JavaFX Application Thread] DEBUG PrimaryStageWindow   - RiderMainMenuScene -> PlayerSelectScene
14:42:14.317 [JavaFX Application Thread] DEBUG PrimaryStageWindow   - Push state: LevelSelectScene
14:42:14.317 [JavaFX Application Thread] DEBUG Input                - Clearing active input actions
14:42:14.318 [JavaFX Application Thread] DEBUG GameApplicationServi - Removing overlay from PlayerSelectScene and adding to LevelSelectScene
14:42:14.319 [JavaFX Application Thread] DEBUG PrimaryStageWindow   - PlayerSelectScene -> LevelSelectScene
14:42:14.888 [JavaFX Application Thread] DEBUG Menu                 - fireNewGame()
14:42:14.888 [JavaFX Application Thread] DEBUG GameApplicationServi - Starting new game
14:42:14.888 [JavaFX Application Thread] DEBUG PrimaryStageWindow   - Pop state: LevelSelectScene
14:42:14.888 [JavaFX Application Thread] DEBUG Input                - Clearing active input actions
14:42:14.889 [JavaFX Application Thread] DEBUG GameApplicationServi - Removing overlay from LevelSelectScene and adding to PlayerSelectScene
14:42:14.890 [JavaFX Application Thread] DEBUG PrimaryStageWindow   - PlayerSelectScene <- LevelSelectScene
14:42:14.890 [JavaFX Application Thread] DEBUG PrimaryStageWindow   - Pop state: PlayerSelectScene
14:42:14.890 [JavaFX Application Thread] DEBUG Input                - Clearing active input actions
14:42:14.891 [JavaFX Application Thread] DEBUG GameApplicationServi - Removing overlay from PlayerSelectScene and adding to RiderMainMenuScene
14:42:14.891 [JavaFX Application Thread] DEBUG PrimaryStageWindow   - RiderMainMenuScene <- PlayerSelectScene
14:42:14.891 [JavaFX Application Thread] DEBUG PrimaryStageWindow   - Pop state: RiderMainMenuScene
14:42:14.891 [JavaFX Application Thread] DEBUG Input                - Clearing active input actions
14:42:14.891 [JavaFX Application Thread] DEBUG GameApplicationServi - Removing overlay from RiderMainMenuScene and adding to FXGLMainMenuDummyScene
14:42:14.892 [JavaFX Application Thread] DEBUG PrimaryStageWindow   - FXGLMainMenuDummyScene <- RiderMainMenuScene
14:42:14.892 [JavaFX Application Thread] DEBUG Input                - Clearing active input actions
14:42:14.897 [JavaFX Application Thread] DEBUG GameApplicationServi - Removing overlay from FXGLMainMenuDummyScene and adding to MainLoadingScene
14:42:14.897 [JavaFX Application Thread] DEBUG PrimaryStageWindow   - FXGLMainMenuDummyScene -> MainLoadingScene
14:42:14.897 [JavaFX Application Thread] DEBUG GameApplicationServi - Clearing previous game
14:42:14.897 [JavaFX Application Thread] DEBUG GameScene            - Clearing game scene
14:42:14.897 [JavaFX Application Thread] DEBUG GameWorld            - Clearing game world
14:42:14.897 [JavaFX Application Thread] DEBUG PhysicsWorld         - Clearing physics world
14:42:14.899 [FXGL Background Thread 2 ] DEBUG FXGLApplication      - Initializing game
14:42:14.931 [FXGL Background Thread 2 ] WARN  TMXLevelLoader       - TiledMap generated from 1.11.0. Supported version: 1.9.0. Some features may not be parsed fully.
14:42:14.941 [FXGL Background Thread 2 ] DEBUG TMXLevelLoader       - Parsed TiledMap: file:/C:/Users/user/Desktop/JavaFXGame/target/classes/assets/levels/tmx/level5.tmx
14:42:14.942 [FXGL Background Thread 2 ] DEBUG TMXLevelLoader       - Creating tile layer entities
14:42:14.943 [FXGL Background Thread 2 ] DEBUG TilesetLoader        - Loading view for layer Tile Layer 1
14:42:14.948 [FXGL Background Thread 2 ] DEBUG TilesetLoader        - Created buffer with size 2450.0x700.0
14:42:14.959 [FXGL Background Thread 2 ] DEBUG TMXLevelLoader       - Creating object layer entities
14:42:14.980 [FXGL Background Thread 2 ] DEBUG FXGLAssetLoaderServi - Loading from file system: file:/C:/Users/user/Desktop/JavaFXGame/target/classes/assets/textures/button.png
14:42:14.989 [FXGL Background Thread 2 ] DEBUG GameWorld            - Clearing removable entities
14:42:14.989 [FXGL Background Thread 2 ] DEBUG GameWorld            - Setting level: com.almasb.fxgl.entity.level.Level@15457181
14:42:14.997 [FXGL Background Thread 2 ] DEBUG FXGLAssetLoaderServi - Loading from file system: file:/C:/Users/user/Desktop/JavaFXGame/target/classes/assets/textures/player1.png
14:42:15.003 [FXGL Background Thread 2 ] DEBUG FXGLAssetLoaderServi - Loading from file system: file:/C:/Users/user/Desktop/JavaFXGame/target/classes/assets/textures/player2.png
14:42:15.006 [FXGL Background Thread 2 ] DEBUG Input                - Clearing active input actions
14:42:15.009 [FXGL Background Thread 2 ] DEBUG Input                - Registered new binding: Jump0 - W
14:42:15.010 [FXGL Background Thread 2 ] DEBUG Input                - Registered new binding: Left0 - A
14:42:15.010 [FXGL Background Thread 2 ] DEBUG Input                - Registered new binding: Right0 - D
14:42:15.010 [FXGL Background Thread 2 ] DEBUG Input                - Registered new binding: Use0 - E
14:42:15.011 [FXGL Background Thread 2 ] DEBUG Input                - Registered new binding: Jump1 - Up
14:42:15.011 [FXGL Background Thread 2 ] DEBUG Input                - Registered new binding: Left1 - Left
14:42:15.011 [FXGL Background Thread 2 ] DEBUG Input                - Registered new binding: Right1 - Right
14:42:15.011 [FXGL Background Thread 2 ] DEBUG Input                - Registered new binding: Use1 - Slash
14:42:15.012 [FXGL Background Thread 2 ] DEBUG FXGLAssetLoaderServi - Loading from file system: file:/C:/Users/user/Desktop/JavaFXGame/target/classes/assets/textures/background/manila.png
14:42:15.028 [FXGL Background Thread 2 ] INFO  FXGLApplication      - Game initialization took: 0.129 sec
14:42:15.029 [JavaFX Application Thread] DEBUG Input                - Clearing active input actions
14:42:15.032 [JavaFX Application Thread] DEBUG GameApplicationServi - Removing overlay from MainLoadingScene and adding to GameScene
14:42:15.034 [JavaFX Application Thread] DEBUG PrimaryStageWindow   - MainLoadingScene -> GameScene
14:42:15.095 [FXGL Background Thread 3 ] DEBUG Engine               - Logging environment variables
14:42:15.095 [FXGL Background Thread 3 ] DEBUG Engine               - achievements: []
14:42:15.095 [FXGL Background Thread 3 ] DEBUG Engine               - actualHeight: 720.0
14:42:15.095 [FXGL Background Thread 3 ] DEBUG Engine               - actualHeightProperty: ReadOnlyDoubleProperty [value: 720.0]
14:42:15.095 [FXGL Background Thread 3 ] DEBUG Engine               - actualWidth: 1280.0
14:42:15.095 [FXGL Background Thread 3 ] DEBUG Engine               - actualWidthProperty: ReadOnlyDoubleProperty [value: 1280.0]
14:42:15.095 [FXGL Background Thread 3 ] DEBUG Engine               - appIcon: fxgl_icon.png
14:42:15.095 [FXGL Background Thread 3 ] DEBUG Engine               - applicationMode: DEVELOPER
14:42:15.096 [FXGL Background Thread 3 ] DEBUG Engine               - cSSList: [fxgl_dark.css]
14:42:15.096 [FXGL Background Thread 3 ] DEBUG Engine               - collisionDetectionStrategy: BRUTE_FORCE
14:42:15.096 [FXGL Background Thread 3 ] DEBUG Engine               - configClass: Optional.empty
14:42:15.096 [FXGL Background Thread 3 ] DEBUG Engine               - credits: []
14:42:15.096 [FXGL Background Thread 3 ] DEBUG Engine               - defaultCursor: CursorInfo(imageName=fxgl_default_cursor.png, hotspotX=7.0, hotspotY=6.0)
14:42:15.096 [FXGL Background Thread 3 ] DEBUG Engine               - devBBoxColorProperty: ObjectProperty [value: 0xff0000ff]
14:42:15.096 [FXGL Background Thread 3 ] DEBUG Engine               - devEnableDebugCameraProperty: BooleanProperty [value: false]
14:42:15.096 [FXGL Background Thread 3 ] DEBUG Engine               - devSensorColorProperty: ObjectProperty [value: 0xffff00ff]
14:42:15.096 [FXGL Background Thread 3 ] DEBUG Engine               - devShowBBoxProperty: BooleanProperty [value: false]
14:42:15.096 [FXGL Background Thread 3 ] DEBUG Engine               - devShowPositionProperty: BooleanProperty [value: false]
14:42:15.096 [FXGL Background Thread 3 ] DEBUG Engine               - enabledMenuItems: []
14:42:15.096 [FXGL Background Thread 3 ] DEBUG Engine               - engineServices: [class com.almasb.fxgl.app.services.FXGLAssetLoaderService, class com.almasb.fxgl.app.FXGLApplication$GameApplicationService, class com.almasb.fxgl.app.services.FXGLDialogService, class com.almasb.fxgl.app.services.IOTaskExecutorService, class com.almasb.fxgl.io.FileSystemService, class com.almasb.fxgl.localization.LocalizationService, class com.almasb.fxgl.app.services.SystemBundleService, class com.almasb.fxgl.profile.SaveLoadService, class com.almasb.fxgl.ui.FXGLUIFactoryServiceProvider, class com.almasb.fxgl.ui.FXGLDialogFactoryServiceProvider, class com.almasb.fxgl.audio.AudioPlayer, class com.almasb.fxgl.notification.impl.NotificationServiceProvider, class com.almasb.fxgl.achievement.AchievementService, class com.almasb.fxgl.cutscene.CutsceneService, class com.almasb.fxgl.minigames.MiniGameService, class com.almasb.fxgl.net.NetService, class com.almasb.fxgl.app.services.UpdaterService, class com.almasb.fxgl.dev.DevService]
14:42:15.096 [FXGL Background Thread 3 ] DEBUG Engine               - fontGame: Abel-Regular.ttf
14:42:15.096 [FXGL Background Thread 3 ] DEBUG Engine               - fontMono: TerminalLandMono-Regular.otf
14:42:15.096 [FXGL Background Thread 3 ] DEBUG Engine               - fontText: Courier-Prime.ttf
14:42:15.096 [FXGL Background Thread 3 ] DEBUG Engine               - fontUI: VarelaRound-Regular.ttf
14:42:15.096 [FXGL Background Thread 3 ] DEBUG Engine               - fullScreen: BooleanProperty [value: false]
14:42:15.096 [FXGL Background Thread 3 ] DEBUG Engine               - gameDifficulty: MEDIUM
14:42:15.097 [FXGL Background Thread 3 ] DEBUG Engine               - gameDifficultyProperty: ObjectProperty [value: MEDIUM]
14:42:15.097 [FXGL Background Thread 3 ] DEBUG Engine               - globalMusicVolume: 0.5
14:42:15.097 [FXGL Background Thread 3 ] DEBUG Engine               - globalMusicVolumeProperty: DoubleProperty [value: 0.25]
14:42:15.097 [FXGL Background Thread 3 ] DEBUG Engine               - globalSoundVolume: 0.5
14:42:15.097 [FXGL Background Thread 3 ] DEBUG Engine               - globalSoundVolumeProperty: DoubleProperty [value: 0.5]
14:42:15.097 [FXGL Background Thread 3 ] DEBUG Engine               - height: 720
14:42:15.097 [FXGL Background Thread 3 ] DEBUG Engine               - is3D: false
14:42:15.097 [FXGL Background Thread 3 ] DEBUG Engine               - isAndroid: false
14:42:15.097 [FXGL Background Thread 3 ] DEBUG Engine               - isBrowser: false
14:42:15.097 [FXGL Background Thread 3 ] DEBUG Engine               - isClickFeedbackEnabled: false
14:42:15.097 [FXGL Background Thread 3 ] DEBUG Engine               - isCloseConfirmation: false
14:42:15.097 [FXGL Background Thread 3 ] DEBUG Engine               - isDesktop: true
14:42:15.097 [FXGL Background Thread 3 ] DEBUG Engine               - isDeveloperMenuEnabled: true
14:42:15.097 [FXGL Background Thread 3 ] DEBUG Engine               - isEmbedded: false
14:42:15.097 [FXGL Background Thread 3 ] DEBUG Engine               - isEntityPreloadEnabled: true
14:42:15.097 [FXGL Background Thread 3 ] DEBUG Engine               - isExperimentalTiledLargeMap: false
14:42:15.097 [FXGL Background Thread 3 ] DEBUG Engine               - isFileSystemWriteAllowed: true
14:42:15.097 [FXGL Background Thread 3 ] DEBUG Engine               - isFullScreenAllowed: false
14:42:15.098 [FXGL Background Thread 3 ] DEBUG Engine               - isFullScreenFromStart: false
14:42:15.098 [FXGL Background Thread 3 ] DEBUG Engine               - isGameMenuEnabled: true
14:42:15.098 [FXGL Background Thread 3 ] DEBUG Engine               - isIOS: false
14:42:15.098 [FXGL Background Thread 3 ] DEBUG Engine               - isIntroEnabled: false
14:42:15.098 [FXGL Background Thread 3 ] DEBUG Engine               - isLinux: false
14:42:15.098 [FXGL Background Thread 3 ] DEBUG Engine               - isMac: false
14:42:15.098 [FXGL Background Thread 3 ] DEBUG Engine               - isMainMenuEnabled: true
14:42:15.098 [FXGL Background Thread 3 ] DEBUG Engine               - isManualResizeEnabled: false
14:42:15.098 [FXGL Background Thread 3 ] DEBUG Engine               - isMobile: false
14:42:15.098 [FXGL Background Thread 3 ] DEBUG Engine               - isNative: false
14:42:15.098 [FXGL Background Thread 3 ] DEBUG Engine               - isPauseMusicWhenMinimized: true
14:42:15.098 [FXGL Background Thread 3 ] DEBUG Engine               - isPreserveResizeRatio: false
14:42:15.098 [FXGL Background Thread 3 ] DEBUG Engine               - isProfilingEnabled: false
14:42:15.098 [FXGL Background Thread 3 ] DEBUG Engine               - isScaleAffectedOnResize: true
14:42:15.098 [FXGL Background Thread 3 ] DEBUG Engine               - isSingleStep: false
14:42:15.098 [FXGL Background Thread 3 ] DEBUG Engine               - isUserProfileEnabled: false
14:42:15.098 [FXGL Background Thread 3 ] DEBUG Engine               - isWindows: true
14:42:15.098 [FXGL Background Thread 3 ] DEBUG Engine               - language: ObjectProperty [value: ENGLISH]
14:42:15.098 [FXGL Background Thread 3 ] DEBUG Engine               - menuKey: ESCAPE
14:42:15.098 [FXGL Background Thread 3 ] DEBUG Engine               - mouseSensitivity: 0.2
14:42:15.098 [FXGL Background Thread 3 ] DEBUG Engine               - notificationViewClass: class com.almasb.fxgl.notification.view.XboxNotificationView
14:42:15.098 [FXGL Background Thread 3 ] DEBUG Engine               - pixelsPerMeter: 50.0
14:42:15.098 [FXGL Background Thread 3 ] DEBUG Engine               - platform: WINDOWS
14:42:15.098 [FXGL Background Thread 3 ] DEBUG Engine               - prefHeightProperty: ReadOnlyDoubleProperty [value: 720.0]
14:42:15.098 [FXGL Background Thread 3 ] DEBUG Engine               - prefWidthProperty: ReadOnlyDoubleProperty [value: 1280.0]
14:42:15.098 [FXGL Background Thread 3 ] DEBUG Engine               - profileDir: profiles/
14:42:15.098 [FXGL Background Thread 3 ] DEBUG Engine               - profileName: StringProperty [value: DEFAULT]
14:42:15.098 [FXGL Background Thread 3 ] DEBUG Engine               - randomSeed: -1
14:42:15.100 [FXGL Background Thread 3 ] DEBUG Engine               - runtimeInfo: RuntimeInfo(platform=WINDOWS, version=17.2, build=20.08.2022 16.50)
14:42:15.100 [FXGL Background Thread 3 ] DEBUG Engine               - saveFileExt: sav
14:42:15.100 [FXGL Background Thread 3 ] DEBUG Engine               - scaledHeightProp$fxgl: DoubleProperty [bound, value: 720.0]
14:42:15.100 [FXGL Background Thread 3 ] DEBUG Engine               - scaledWidthProp$fxgl: DoubleProperty [bound, value: 1280.0]
14:42:15.100 [FXGL Background Thread 3 ] DEBUG Engine               - sceneFactory: com.sunsofgod.PlatformerApp$1@76515ee1
14:42:15.100 [FXGL Background Thread 3 ] DEBUG Engine               - secondsIn24h: 60
14:42:15.100 [FXGL Background Thread 3 ] DEBUG Engine               - soundMenuBack: menu/back.wav
14:42:15.100 [FXGL Background Thread 3 ] DEBUG Engine               - soundMenuPress: menu/press.wav
14:42:15.100 [FXGL Background Thread 3 ] DEBUG Engine               - soundMenuSelect: menu/select.wav
14:42:15.100 [FXGL Background Thread 3 ] DEBUG Engine               - soundNotification: core/notification.wav
14:42:15.100 [FXGL Background Thread 3 ] DEBUG Engine               - stageStyle: DECORATED
14:42:15.100 [FXGL Background Thread 3 ] DEBUG Engine               - supportedLanguages: [ENGLISH, FRENCH, GERMAN, HUNGARIAN, RUSSIAN]
14:42:15.100 [FXGL Background Thread 3 ] DEBUG Engine               - ticksPerSecond: -1
14:42:15.100 [FXGL Background Thread 3 ] DEBUG Engine               - title: Untitled
14:42:15.100 [FXGL Background Thread 3 ] DEBUG Engine               - urlGithub: https://github.com/AlmasB/FXGL
14:42:15.100 [FXGL Background Thread 3 ] DEBUG Engine               - urlLeaderboard: http://fxgl-top.herokuapp.com/
14:42:15.100 [FXGL Background Thread 3 ] DEBUG Engine               - urlPOM: https://raw.githubusercontent.com/AlmasB/FXGL/release/README.md
14:42:15.100 [FXGL Background Thread 3 ] DEBUG Engine               - userAppClass: class com.sunsofgod.PlatformerApp
14:42:15.100 [FXGL Background Thread 3 ] DEBUG Engine               - version: 0.0
14:42:15.100 [FXGL Background Thread 3 ] DEBUG Engine               - versionCheckDays: 7
14:42:15.101 [FXGL Background Thread 3 ] DEBUG Engine               - width: 1280
14:42:15.101 [FXGL Background Thread 3 ] DEBUG Engine               - Logging services
14:42:15.101 [FXGL Background Thread 3 ] DEBUG Engine               - class com.almasb.fxgl.app.services.FXGLAssetLoaderService
14:42:15.101 [FXGL Background Thread 3 ] DEBUG Engine               - class com.almasb.fxgl.app.FXGLApplication$GameApplicationService
14:42:15.101 [FXGL Background Thread 3 ] DEBUG Engine               - class com.almasb.fxgl.app.services.FXGLDialogService
14:42:15.101 [FXGL Background Thread 3 ] DEBUG Engine               - class com.almasb.fxgl.app.services.IOTaskExecutorService
14:42:15.101 [FXGL Background Thread 3 ] DEBUG Engine               - class com.almasb.fxgl.io.FileSystemService
14:42:15.101 [FXGL Background Thread 3 ] DEBUG Engine               - class com.almasb.fxgl.localization.LocalizationService
14:42:15.101 [FXGL Background Thread 3 ] DEBUG Engine               - class com.almasb.fxgl.app.services.SystemBundleService
14:42:15.101 [FXGL Background Thread 3 ] DEBUG Engine               - class com.almasb.fxgl.profile.SaveLoadService
14:42:15.101 [FXGL Background Thread 3 ] DEBUG Engine               - class com.almasb.fxgl.ui.FXGLUIFactoryServiceProvider
14:42:15.101 [FXGL Background Thread 3 ] DEBUG Engine               - class com.almasb.fxgl.ui.FXGLDialogFactoryServiceProvider
14:42:15.101 [FXGL Background Thread 3 ] DEBUG Engine               - class com.almasb.fxgl.audio.AudioPlayer
14:42:15.101 [FXGL Background Thread 3 ] DEBUG Engine               - class com.almasb.fxgl.notification.impl.NotificationServiceProvider
14:42:15.101 [FXGL Background Thread 3 ] DEBUG Engine               - class com.almasb.fxgl.achievement.AchievementService
14:42:15.101 [FXGL Background Thread 3 ] DEBUG Engine               - class com.almasb.fxgl.cutscene.CutsceneService
14:42:15.101 [FXGL Background Thread 3 ] DEBUG Engine               - class com.almasb.fxgl.minigames.MiniGameService
14:42:15.101 [FXGL Background Thread 3 ] DEBUG Engine               - class com.almasb.fxgl.net.NetService
14:42:15.101 [FXGL Background Thread 3 ] DEBUG Engine               - class com.almasb.fxgl.app.services.UpdaterService
14:42:15.101 [FXGL Background Thread 3 ] DEBUG Engine               - class com.almasb.fxgl.dev.DevService
14:42:15.751 [JavaFX Application Thread] DEBUG FXGLAssetLoaderServi - Loading from file system: file:/C:/Users/user/Desktop/JavaFXGame/target/classes/assets/sounds/jump.wav
14:42:16.498 [JavaFX Application Thread] DEBUG PrimaryStageWindow   - Push state: LevelCompletionScene
14:42:16.498 [JavaFX Application Thread] DEBUG Input                - Clearing active input actions
14:42:16.498 [JavaFX Application Thread] DEBUG GameApplicationServi - Removing overlay from GameScene and adding to LevelCompletionScene
14:42:16.499 [JavaFX Application Thread] DEBUG PrimaryStageWindow   - GameScene -> LevelCompletionScene
14:42:16.500 [JavaFX Application Thread] WARN  TMXLevelLoader       - TiledMap generated from 1.11.0. Supported version: 1.9.0. Some features may not be parsed fully.
14:42:16.507 [JavaFX Application Thread] DEBUG TMXLevelLoader       - Parsed TiledMap: file:/C:/Users/user/Desktop/JavaFXGame/target/classes/assets/levels/tmx/level6.tmx
14:42:16.507 [JavaFX Application Thread] DEBUG TMXLevelLoader       - Creating tile layer entities
14:42:16.508 [JavaFX Application Thread] DEBUG TilesetLoader        - Loading view for layer BG
14:42:16.513 [JavaFX Application Thread] DEBUG TilesetLoader        - Created buffer with size 4200.0x700.0
14:42:16.523 [JavaFX Application Thread] DEBUG TilesetLoader        - Loading view for layer Tile Layer 1
14:42:16.529 [JavaFX Application Thread] DEBUG TilesetLoader        - Created buffer with size 4200.0x700.0
14:42:16.530 [JavaFX Application Thread] DEBUG TMXLevelLoader       - Creating object layer entities
14:42:16.540 [JavaFX Application Thread] DEBUG GameWorld            - Clearing removable entities
14:42:16.542 [JavaFX Application Thread] DEBUG GameWorld            - Setting level: com.almasb.fxgl.entity.level.Level@1c1c289c
14:42:17.544 [JavaFX Application Thread] DEBUG PrimaryStageWindow   - Pop state: LevelCompletionScene
14:42:17.544 [JavaFX Application Thread] DEBUG Input                - Clearing active input actions
14:42:17.544 [JavaFX Application Thread] DEBUG GameApplicationServi - Removing overlay from LevelCompletionScene and adding to GameScene
14:42:17.545 [JavaFX Application Thread] DEBUG PrimaryStageWindow   - GameScene <- LevelCompletionScene
14:42:20.084 [JavaFX Application Thread] DEBUG PrimaryStageWindow   - Push state: LevelCompletionScene
14:42:20.084 [JavaFX Application Thread] DEBUG Input                - Clearing active input actions
14:42:20.085 [JavaFX Application Thread] DEBUG GameApplicationServi - Removing overlay from GameScene and adding to LevelCompletionScene
14:42:20.085 [JavaFX Application Thread] DEBUG PrimaryStageWindow   - GameScene -> LevelCompletionScene
14:42:20.087 [JavaFX Application Thread] WARN  TMXLevelLoader       - TiledMap generated from 1.11.0. Supported version: 1.9.0. Some features may not be parsed fully.
14:42:20.091 [JavaFX Application Thread] DEBUG TMXLevelLoader       - Parsed TiledMap: file:/C:/Users/user/Desktop/JavaFXGame/target/classes/assets/levels/tmx/level7.tmx
14:42:20.091 [JavaFX Application Thread] DEBUG TMXLevelLoader       - Creating tile layer entities
14:42:20.092 [JavaFX Application Thread] DEBUG TilesetLoader        - Loading view for layer BG
14:42:20.094 [JavaFX Application Thread] DEBUG TilesetLoader        - Created buffer with size 4200.0x700.0
14:42:20.102 [JavaFX Application Thread] DEBUG TilesetLoader        - Loading view for layer Physical
14:42:20.106 [JavaFX Application Thread] DEBUG TilesetLoader        - Created buffer with size 4200.0x700.0
14:42:20.108 [JavaFX Application Thread] DEBUG TMXLevelLoader       - Creating object layer entities
14:42:20.112 [JavaFX Application Thread] DEBUG GameWorld            - Clearing removable entities
14:42:20.115 [JavaFX Application Thread] DEBUG GameWorld            - Setting level: com.almasb.fxgl.entity.level.Level@5ef03e81
14:42:20.784 [JavaFX Application Thread] DEBUG PrimaryStageWindow   - Pop state: LevelCompletionScene
14:42:20.784 [JavaFX Application Thread] DEBUG Input                - Clearing active input actions
14:42:20.784 [JavaFX Application Thread] DEBUG GameApplicationServi - Removing overlay from LevelCompletionScene and adding to GameScene
14:42:20.784 [JavaFX Application Thread] DEBUG PrimaryStageWindow   - GameScene <- LevelCompletionScene
14:42:29.993 [JavaFX Application Thread] DEBUG PrimaryStageWindow   - Push state: LevelCompletionScene
14:42:29.994 [JavaFX Application Thread] DEBUG Input                - Clearing active input actions
14:42:29.994 [JavaFX Application Thread] DEBUG GameApplicationServi - Removing overlay from GameScene and adding to LevelCompletionScene
14:42:29.994 [JavaFX Application Thread] DEBUG PrimaryStageWindow   - GameScene -> LevelCompletionScene
14:42:29.995 [JavaFX Application Thread] WARN  TMXLevelLoader       - TiledMap generated from 1.11.0. Supported version: 1.9.0. Some features may not be parsed fully.
14:42:29.996 [JavaFX Application Thread] DEBUG TMXLevelLoader       - Parsed TiledMap: file:/C:/Users/user/Desktop/JavaFXGame/target/classes/assets/levels/tmx/level8.tmx
14:42:29.996 [JavaFX Application Thread] DEBUG TMXLevelLoader       - Creating tile layer entities
14:42:29.997 [JavaFX Application Thread] DEBUG TilesetLoader        - Loading view for layer Tile Layer 1
14:42:30.000 [JavaFX Application Thread] DEBUG TilesetLoader        - Created buffer with size 1050.0x700.0
14:42:30.007 [JavaFX Application Thread] DEBUG TMXLevelLoader       - Creating object layer entities
14:42:30.010 [JavaFX Application Thread] DEBUG GameWorld            - Clearing removable entities
14:42:30.011 [JavaFX Application Thread] DEBUG GameWorld            - Setting level: com.almasb.fxgl.entity.level.Level@635a3ec1
14:42:30.768 [JavaFX Application Thread] DEBUG PrimaryStageWindow   - Pop state: LevelCompletionScene
14:42:30.768 [JavaFX Application Thread] DEBUG Input                - Clearing active input actions
14:42:30.768 [JavaFX Application Thread] DEBUG GameApplicationServi - Removing overlay from LevelCompletionScene and adding to GameScene
14:42:30.769 [JavaFX Application Thread] DEBUG PrimaryStageWindow   - GameScene <- LevelCompletionScene
14:42:34.585 [JavaFX Application Thread] DEBUG PrimaryStageWindow   - Push state: LevelCompletionScene
14:42:34.585 [JavaFX Application Thread] DEBUG Input                - Clearing active input actions
14:42:34.585 [JavaFX Application Thread] DEBUG GameApplicationServi - Removing overlay from GameScene and adding to LevelCompletionScene
14:42:34.586 [JavaFX Application Thread] DEBUG PrimaryStageWindow   - GameScene -> LevelCompletionScene
14:42:34.587 [JavaFX Application Thread] WARN  TMXLevelLoader       - TiledMap generated from 1.11.0. Supported version: 1.9.0. Some features may not be parsed fully.
14:42:34.589 [JavaFX Application Thread] DEBUG TMXLevelLoader       - Parsed TiledMap: file:/C:/Users/user/Desktop/JavaFXGame/target/classes/assets/levels/tmx/level9.tmx
14:42:34.589 [JavaFX Application Thread] DEBUG TMXLevelLoader       - Creating tile layer entities
14:42:34.589 [JavaFX Application Thread] DEBUG TilesetLoader        - Loading view for layer Tile Layer 1
14:42:34.590 [JavaFX Application Thread] DEBUG TilesetLoader        - Created buffer with size 2450.0x700.0
14:42:34.596 [JavaFX Application Thread] DEBUG TMXLevelLoader       - Creating object layer entities
14:42:34.600 [JavaFX Application Thread] DEBUG GameWorld            - Clearing removable entities
14:42:34.601 [JavaFX Application Thread] DEBUG GameWorld            - Setting level: com.almasb.fxgl.entity.level.Level@785891c9
14:42:37.295 [JavaFX Application Thread] DEBUG PrimaryStageWindow   - Pop state: LevelCompletionScene
14:42:37.295 [JavaFX Application Thread] DEBUG Input                - Clearing active input actions
14:42:37.295 [JavaFX Application Thread] DEBUG GameApplicationServi - Removing overlay from LevelCompletionScene and adding to GameScene
14:42:37.297 [JavaFX Application Thread] DEBUG PrimaryStageWindow   - GameScene <- LevelCompletionScene
14:42:37.618 [JavaFX Application Thread] WARN  GameWorld            - Attempted to remove entity which is not active
14:42:38.267 [JavaFX Application Thread] WARN  GameWorld            - Attempted to remove entity which is not active
14:42:39.385 [JavaFX Application Thread] DEBUG PrimaryStageWindow   - Push state: LevelCompletionScene
14:42:39.385 [JavaFX Application Thread] DEBUG Input                - Clearing active input actions
14:42:39.385 [JavaFX Application Thread] DEBUG GameApplicationServi - Removing overlay from GameScene and adding to LevelCompletionScene
14:42:39.385 [JavaFX Application Thread] DEBUG PrimaryStageWindow   - GameScene -> LevelCompletionScene
14:42:39.387 [JavaFX Application Thread] WARN  TMXLevelLoader       - TiledMap generated from 1.11.0. Supported version: 1.9.0. Some features may not be parsed fully.
14:42:39.390 [JavaFX Application Thread] DEBUG TMXLevelLoader       - Parsed TiledMap: file:/C:/Users/user/Desktop/JavaFXGame/target/classes/assets/levels/tmx/level10.tmx
14:42:39.390 [JavaFX Application Thread] DEBUG TMXLevelLoader       - Creating tile layer entities
14:42:39.391 [JavaFX Application Thread] DEBUG TilesetLoader        - Loading view for layer BG
14:42:39.396 [JavaFX Application Thread] DEBUG TilesetLoader        - Created buffer with size 4200.0x700.0
14:42:39.405 [JavaFX Application Thread] DEBUG TilesetLoader        - Loading view for layer Tile Layer 1
14:42:39.406 [JavaFX Application Thread] DEBUG TilesetLoader        - Created buffer with size 4200.0x700.0
14:42:39.407 [JavaFX Application Thread] DEBUG TMXLevelLoader       - Creating object layer entities
14:42:39.413 [JavaFX Application Thread] DEBUG GameWorld            - Clearing removable entities
14:42:39.414 [JavaFX Application Thread] DEBUG GameWorld            - Setting level: com.almasb.fxgl.entity.level.Level@3f44e678
14:42:40.335 [JavaFX Application Thread] DEBUG PrimaryStageWindow   - Pop state: LevelCompletionScene
14:42:40.335 [JavaFX Application Thread] DEBUG Input                - Clearing active input actions
14:42:40.336 [JavaFX Application Thread] DEBUG GameApplicationServi - Removing overlay from LevelCompletionScene and adding to GameScene
14:42:40.336 [JavaFX Application Thread] DEBUG PrimaryStageWindow   - GameScene <- LevelCompletionScene
14:42:46.699 [JavaFX Application Thread] DEBUG PrimaryStageWindow   - Push state: LevelCompletionScene
14:42:46.700 [JavaFX Application Thread] DEBUG Input                - Clearing active input actions
14:42:46.700 [JavaFX Application Thread] DEBUG GameApplicationServi - Removing overlay from GameScene and adding to LevelCompletionScene
14:42:46.700 [JavaFX Application Thread] DEBUG PrimaryStageWindow   - GameScene -> LevelCompletionScene
14:42:46.702 [JavaFX Application Thread] WARN  TMXLevelLoader       - TiledMap generated from 1.11.0. Supported version: 1.9.0. Some features may not be parsed fully.
14:42:46.704 [JavaFX Application Thread] DEBUG TMXLevelLoader       - Parsed TiledMap: file:/C:/Users/user/Desktop/JavaFXGame/target/classes/assets/levels/tmx/level11.tmx
14:42:46.704 [JavaFX Application Thread] DEBUG TMXLevelLoader       - Creating tile layer entities
14:42:46.704 [JavaFX Application Thread] DEBUG TilesetLoader        - Loading view for layer BG
14:42:46.705 [JavaFX Application Thread] DEBUG TilesetLoader        - Created buffer with size 4200.0x700.0
14:42:46.715 [JavaFX Application Thread] DEBUG TilesetLoader        - Loading view for layer Physical
14:42:46.721 [JavaFX Application Thread] DEBUG TilesetLoader        - Created buffer with size 4200.0x700.0
14:42:46.722 [JavaFX Application Thread] DEBUG TMXLevelLoader       - Creating object layer entities
14:42:46.728 [JavaFX Application Thread] DEBUG GameWorld            - Clearing removable entities
14:42:46.730 [JavaFX Application Thread] DEBUG GameWorld            - Setting level: com.almasb.fxgl.entity.level.Level@becd533
14:42:47.640 [JavaFX Application Thread] DEBUG PrimaryStageWindow   - Pop state: LevelCompletionScene
14:42:47.640 [JavaFX Application Thread] DEBUG Input                - Clearing active input actions
14:42:47.640 [JavaFX Application Thread] DEBUG GameApplicationServi - Removing overlay from LevelCompletionScene and adding to GameScene
14:42:47.641 [JavaFX Application Thread] DEBUG PrimaryStageWindow   - GameScene <- LevelCompletionScene
14:42:48.367 [JavaFX Application Thread] DEBUG FXGLApplication      - Exiting FXGL
14:42:48.367 [JavaFX Application Thread] DEBUG LoopRunner           - Stopping loop
14:42:48.367 [JavaFX Application Thread] DEBUG SystemBundleService  - Saving FXGL system data
14:42:48.369 [JavaFX Application Thread] DEBUG FileSystemAccess     - Writing to: C:\Users\user\Desktop\JavaFXGame\system\fxgl.bundle
14:42:48.371 [JavaFX Application Thread] DEBUG Async                - Shutting down background threads
14:42:48.372 [JavaFX Application Thread] DEBUG PrimaryStageWindow   - Closing main window
14:42:48.381 [JavaFX Application Thread] DEBUG Logger               - Closing Logger
