18:47:58.296 [main                     ] DEBUG Logger               - Configured Logger
18:47:58.369 [main                     ] DEBUG GameApplication      - Logging settings
Title: Untitled
Version: 0.0
Width: 1280
Height: 720
Fullscreen: false
Intro: false
Profiling: false
Single step:false
App Mode: DEVELOPER
Menu Key: ESCAPE
Stage Style: DECORATED
Scene Factory: class com.sunsofgod.PlatformerApp$1

18:47:59.262 [JavaFX Application Thread] DEBUG FXGLApplication      - Initializing FXGL
18:47:59.276 [JavaFX Application Thread] INFO  Engine               - FXGL-17.2 (20.08.2022 16.50) on WINDOWS (J:17.0.11 FX:17.0.12)
18:47:59.278 [JavaFX Application Thread] DEBUG Engine               - JRE Vendor Name: Eclipse Adoptium
18:47:59.279 [JavaFX Application Thread] DEBUG Engine               - Running on OS: Windows 11 version 10.0
18:47:59.279 [JavaFX Application Thread] DEBUG Engine               - Architecture: amd64
18:47:59.279 [JavaFX Application Thread] INFO  Engine               - Source code and latest versions at: https://github.com/AlmasB/FXGL
18:47:59.280 [JavaFX Application Thread] INFO  Engine               -       Ask questions and discuss at: https://github.com/AlmasB/FXGL/discussions
18:47:59.280 [JavaFX Application Thread] INFO  Engine               -              Join the FXGL chat at: https://gitter.im/AlmasB/FXGL
18:47:59.474 [JavaFX Application Thread] DEBUG PrimaryStageWindow   - Creating a JavaFX scene
18:47:59.566 [JavaFX Application Thread] DEBUG PrimaryStageWindow   - Target settings size: 1280.0 x 720.0
18:47:59.567 [JavaFX Application Thread] DEBUG PrimaryStageWindow   - Scaled scene size:    1280.0 x 720.0
18:47:59.567 [JavaFX Application Thread] DEBUG PrimaryStageWindow   - Scaled ratio: (1.0, 1.0)
18:47:59.569 [JavaFX Application Thread] DEBUG PrimaryStageWindow   - Set initial scene to FXGLStartupScene
18:47:59.582 [JavaFX Application Thread] DEBUG PrimaryStageWindow   - Opening main window
18:47:59.743 [JavaFX Application Thread] DEBUG PrimaryStageWindow   - Window border size: (14.4000244140625, 37.5999755859375)
18:47:59.744 [JavaFX Application Thread] DEBUG PrimaryStageWindow   - Scaled size: 1280.0 x 720.0
18:47:59.744 [JavaFX Application Thread] DEBUG PrimaryStageWindow   - Scaled ratio: (1.0, 1.0)
18:47:59.744 [JavaFX Application Thread] DEBUG PrimaryStageWindow   - Scene size: 1280.0 x 720.0
18:47:59.744 [JavaFX Application Thread] DEBUG PrimaryStageWindow   - Stage size: 1294.4000244140625 x 757.5999755859375
18:47:59.762 [FXGL Background Thread 1 ] DEBUG Engine               - Initializing environment variables
18:47:59.855 [FXGL Background Thread 1 ] DEBUG FXGLAssetLoaderServi - User app class for loading assets: class com.sunsofgod.PlatformerApp
18:47:59.855 [FXGL Background Thread 1 ] DEBUG GameApplicationServi - Applying CSS: fxgl_dark.css
18:47:59.858 [FXGL Background Thread 1 ] DEBUG FXGLAssetLoaderServi - Loading from file system: jar:file:///C:/Users/Patrick/.m2/repository/com/github/almasb/fxgl/17.2/fxgl-17.2.jar!/fxglassets/ui/css/fxgl_dark.css
18:47:59.991 [FXGL Background Thread 1 ] DEBUG GameApplicationServi - Initializing application scenes
18:48:00.104 [FXGL Background Thread 1 ] WARN  FXGLAssetLoaderServi - Asset "/assets/textures/player.png" was not found!
18:48:00.106 [FXGL Background Thread 1 ] WARN  FXGLAssetLoaderServi - Failed to load IMAGE
18:48:00.188 [FXGL Background Thread 1 ] DEBUG GameWorld            - Game world initialized
18:48:00.324 [FXGL Background Thread 1 ] DEBUG PhysicsWorld         - Physics world initialized: appHeight=720, physics.ppm=50.0
18:48:00.325 [FXGL Background Thread 1 ] DEBUG PhysicsWorld         - Using strategy: BRUTE_FORCE
18:48:00.341 [FXGL Background Thread 1 ] DEBUG GameScene            - Game scene initialized: 1280x720
18:48:01.103 [FXGL Background Thread 1 ] DEBUG FXGL.DefaultMenu     - createMenuBodyGameMenu()
18:48:01.134 [FXGL Background Thread 1 ] DEBUG FXGL.DefaultMenu     - createOptionsMenu()
18:48:01.167 [FXGL Background Thread 1 ] DEBUG FXGLAssetLoaderServi - Loading from file system: jar:file:///C:/Users/Patrick/.m2/repository/com/github/almasb/fxgl/17.2/fxgl-17.2.jar!/fxglassets/textures/particles/smoke.png
18:48:01.356 [FXGL Background Thread 1 ] DEBUG FXGLAssetLoaderServi - Loading from file system: jar:file:///C:/Users/Patrick/.m2/repository/com/github/almasb/fxgl/17.2/fxgl-17.2.jar!/fxglassets/textures/particles/trace_horizontal.png
18:48:01.408 [FXGL Background Thread 1 ] DEBUG GameApplicationServi - Application scenes initialized
18:48:01.454 [FXGL Background Thread 1 ] DEBUG SystemBundleService  - Loading FXGL system data
18:48:01.473 [FXGL Background Thread 1 ] DEBUG FileSystemAccess     - Reading from: C:\Users\Patrick\Desktop\Remote Repositories\JavaFXGame\system\fxgl.bundle
18:48:01.501 [FXGL Background Thread 1 ] DEBUG SystemBundleService  - Bundle FXGL: {}
18:48:01.502 [FXGL Background Thread 1 ] DEBUG UpdaterService       - Checking for updates
18:48:01.610 [FXGL Background Thread 4 ] DEBUG FXGLApplication      - Loading fonts
18:48:01.611 [FXGL Background Thread 1 ] DEBUG FXGLApplication      - Loading default localization
18:48:01.611 [FXGL Background Thread 4 ] DEBUG FXGLAssetLoaderServi - Loading from file system: jar:file:///C:/Users/Patrick/.m2/repository/com/github/almasb/fxgl/17.2/fxgl-17.2.jar!/fxglassets/ui/fonts/VarelaRound-Regular.ttf
18:48:01.613 [FXGL Background Thread 1 ] DEBUG FXGLAssetLoaderServi - Loading from file system: jar:file:///C:/Users/Patrick/.m2/repository/com/github/almasb/fxgl/17.2/fxgl-17.2.jar!/fxglassets/languages/english.lang
18:48:01.674 [FXGL Background Thread 1 ] INFO  FXGLApplication      - FXGL initialization took: 1.910 sec
18:48:01.678 [JavaFX Application Thread] DEBUG FXGLAssetLoaderServi - Loading from file system: jar:file:///C:/Users/Patrick/.m2/repository/com/github/almasb/fxgl/17.2/fxgl-17.2.jar!/fxglassets/textures/fxgl_icon.png
18:48:01.702 [JavaFX Application Thread] DEBUG FXGLAssetLoaderServi - Loading from file system: jar:file:///C:/Users/Patrick/.m2/repository/com/github/almasb/fxgl/17.2/fxgl-17.2.jar!/fxglassets/textures/fxgl_default_cursor.png
18:48:01.732 [JavaFX Application Thread] DEBUG Input                - Registered new binding: Screenshot - CTRL+8
18:48:01.733 [JavaFX Application Thread] DEBUG Input                - Registered new binding: Dev Options - 1
18:48:01.734 [JavaFX Application Thread] DEBUG Input                - Registered new binding: Dev Console - 2
18:48:01.736 [JavaFX Application Thread] DEBUG Input                - Registered new binding: System info dump - CTRL+9
18:48:01.737 [JavaFX Application Thread] DEBUG Input                - Registered new binding: Restart - CTRL+R
18:48:01.739 [JavaFX Application Thread] DEBUG Input                - Registered new binding: Toggle Debug Camera - CTRL+7
18:48:01.751 [JavaFX Application Thread] DEBUG LoopRunner           - Starting loop
18:48:01.806 [JavaFX Application Thread] DEBUG LoopRunner           - Initializing JavaFX AnimationTimerLoop
18:48:01.816 [JavaFX Application Thread] DEBUG Input                - Clearing active input actions
18:48:01.835 [JavaFX Application Thread] DEBUG GameApplicationServi - Removing overlay from FXGLStartupScene and adding to FXGLMainMenuDummyScene
18:48:01.842 [FXGL Background Thread 4 ] DEBUG FXGLAssetLoaderServi - Loading from file system: jar:file:///C:/Users/Patrick/.m2/repository/com/github/almasb/fxgl/17.2/fxgl-17.2.jar!/fxglassets/ui/fonts/Abel-Regular.ttf
18:48:01.852 [JavaFX Application Thread] DEBUG PrimaryStageWindow   - FXGLStartupScene -> FXGLMainMenuDummyScene
18:48:01.852 [JavaFX Application Thread] DEBUG PrimaryStageWindow   - Push state: RiderMainMenuScene
18:48:01.853 [JavaFX Application Thread] DEBUG Input                - Clearing active input actions
18:48:01.869 [JavaFX Application Thread] DEBUG GameApplicationServi - Removing overlay from FXGLMainMenuDummyScene and adding to RiderMainMenuScene
18:48:01.871 [JavaFX Application Thread] DEBUG PrimaryStageWindow   - FXGLMainMenuDummyScene -> RiderMainMenuScene
18:48:01.879 [FXGL Background Thread 4 ] DEBUG FXGLAssetLoaderServi - Loading from file system: jar:file:///C:/Users/Patrick/.m2/repository/com/github/almasb/fxgl/17.2/fxgl-17.2.jar!/fxglassets/ui/fonts/TerminalLandMono-Regular.otf
18:48:01.917 [FXGL Background Thread 4 ] DEBUG FXGLAssetLoaderServi - Loading from file system: jar:file:///C:/Users/Patrick/.m2/repository/com/github/almasb/fxgl/17.2/fxgl-17.2.jar!/fxglassets/ui/fonts/Courier-Prime.ttf
18:48:02.892 [FXGL Background Thread 2 ] INFO  UpdaterService       - Your current version:  17.2
18:48:02.907 [FXGL Background Thread 2 ] INFO  UpdaterService       - Latest stable version: 21.1
18:48:03.324 [JavaFX Application Thread] DEBUG PrimaryStageWindow   - Push state: PlayerSelectScene
18:48:03.325 [JavaFX Application Thread] DEBUG Input                - Clearing active input actions
18:48:03.329 [JavaFX Application Thread] DEBUG GameApplicationServi - Removing overlay from RiderMainMenuScene and adding to PlayerSelectScene
18:48:03.336 [JavaFX Application Thread] DEBUG PrimaryStageWindow   - RiderMainMenuScene -> PlayerSelectScene
18:48:03.393 [JavaFX Application Thread] DEBUG FXGLApplication      - Registering font factories with UI factory
18:48:04.607 [FXGL Background Thread 3 ] DEBUG Engine               - Logging environment variables
18:48:04.610 [FXGL Background Thread 3 ] DEBUG Engine               - achievements: []
18:48:04.612 [FXGL Background Thread 3 ] DEBUG Engine               - actualHeight: 720.0
18:48:04.612 [FXGL Background Thread 3 ] DEBUG Engine               - actualHeightProperty: ReadOnlyDoubleProperty [value: 720.0]
18:48:04.613 [FXGL Background Thread 3 ] DEBUG Engine               - actualWidth: 1280.0
18:48:04.613 [FXGL Background Thread 3 ] DEBUG Engine               - actualWidthProperty: ReadOnlyDoubleProperty [value: 1280.0]
18:48:04.613 [FXGL Background Thread 3 ] DEBUG Engine               - appIcon: fxgl_icon.png
18:48:04.613 [FXGL Background Thread 3 ] DEBUG Engine               - applicationMode: DEVELOPER
18:48:04.614 [FXGL Background Thread 3 ] DEBUG Engine               - cSSList: [fxgl_dark.css]
18:48:04.614 [FXGL Background Thread 3 ] DEBUG Engine               - collisionDetectionStrategy: BRUTE_FORCE
18:48:04.614 [FXGL Background Thread 3 ] DEBUG Engine               - configClass: Optional.empty
18:48:04.614 [FXGL Background Thread 3 ] DEBUG Engine               - credits: []
18:48:04.616 [FXGL Background Thread 3 ] DEBUG Engine               - defaultCursor: CursorInfo(imageName=fxgl_default_cursor.png, hotspotX=7.0, hotspotY=6.0)
18:48:04.617 [FXGL Background Thread 3 ] DEBUG Engine               - devBBoxColorProperty: ObjectProperty [value: 0xff0000ff]
18:48:04.618 [FXGL Background Thread 3 ] DEBUG Engine               - devEnableDebugCameraProperty: BooleanProperty [value: false]
18:48:04.618 [FXGL Background Thread 3 ] DEBUG Engine               - devSensorColorProperty: ObjectProperty [value: 0xffff00ff]
18:48:04.618 [FXGL Background Thread 3 ] DEBUG Engine               - devShowBBoxProperty: BooleanProperty [value: false]
18:48:04.618 [FXGL Background Thread 3 ] DEBUG Engine               - devShowPositionProperty: BooleanProperty [value: false]
18:48:04.619 [FXGL Background Thread 3 ] DEBUG Engine               - enabledMenuItems: []
18:48:04.619 [FXGL Background Thread 3 ] DEBUG Engine               - engineServices: [class com.almasb.fxgl.app.services.FXGLAssetLoaderService, class com.almasb.fxgl.app.FXGLApplication$GameApplicationService, class com.almasb.fxgl.app.services.FXGLDialogService, class com.almasb.fxgl.app.services.IOTaskExecutorService, class com.almasb.fxgl.io.FileSystemService, class com.almasb.fxgl.localization.LocalizationService, class com.almasb.fxgl.app.services.SystemBundleService, class com.almasb.fxgl.profile.SaveLoadService, class com.almasb.fxgl.ui.FXGLUIFactoryServiceProvider, class com.almasb.fxgl.ui.FXGLDialogFactoryServiceProvider, class com.almasb.fxgl.audio.AudioPlayer, class com.almasb.fxgl.notification.impl.NotificationServiceProvider, class com.almasb.fxgl.achievement.AchievementService, class com.almasb.fxgl.cutscene.CutsceneService, class com.almasb.fxgl.minigames.MiniGameService, class com.almasb.fxgl.net.NetService, class com.almasb.fxgl.app.services.UpdaterService, class com.almasb.fxgl.dev.DevService]
18:48:04.619 [FXGL Background Thread 3 ] DEBUG Engine               - fontGame: Abel-Regular.ttf
18:48:04.619 [FXGL Background Thread 3 ] DEBUG Engine               - fontMono: TerminalLandMono-Regular.otf
18:48:04.620 [FXGL Background Thread 3 ] DEBUG Engine               - fontText: Courier-Prime.ttf
18:48:04.620 [FXGL Background Thread 3 ] DEBUG Engine               - fontUI: VarelaRound-Regular.ttf
18:48:04.620 [FXGL Background Thread 3 ] DEBUG Engine               - fullScreen: BooleanProperty [value: false]
18:48:04.620 [FXGL Background Thread 3 ] DEBUG Engine               - gameDifficulty: MEDIUM
18:48:04.621 [FXGL Background Thread 3 ] DEBUG Engine               - gameDifficultyProperty: ObjectProperty [value: MEDIUM]
18:48:04.621 [FXGL Background Thread 3 ] DEBUG Engine               - globalMusicVolume: 0.5
18:48:04.621 [FXGL Background Thread 3 ] DEBUG Engine               - globalMusicVolumeProperty: DoubleProperty [value: 0.25]
18:48:04.621 [FXGL Background Thread 3 ] DEBUG Engine               - globalSoundVolume: 0.5
18:48:04.621 [FXGL Background Thread 3 ] DEBUG Engine               - globalSoundVolumeProperty: DoubleProperty [value: 0.5]
18:48:04.622 [FXGL Background Thread 3 ] DEBUG Engine               - height: 720
18:48:04.622 [FXGL Background Thread 3 ] DEBUG Engine               - is3D: false
18:48:04.622 [FXGL Background Thread 3 ] DEBUG Engine               - isAndroid: false
18:48:04.622 [FXGL Background Thread 3 ] DEBUG Engine               - isBrowser: false
18:48:04.622 [FXGL Background Thread 3 ] DEBUG Engine               - isClickFeedbackEnabled: false
18:48:04.623 [FXGL Background Thread 3 ] DEBUG Engine               - isCloseConfirmation: false
18:48:04.623 [FXGL Background Thread 3 ] DEBUG Engine               - isDesktop: true
18:48:04.623 [FXGL Background Thread 3 ] DEBUG Engine               - isDeveloperMenuEnabled: true
18:48:04.623 [FXGL Background Thread 3 ] DEBUG Engine               - isEmbedded: false
18:48:04.623 [FXGL Background Thread 3 ] DEBUG Engine               - isEntityPreloadEnabled: true
18:48:04.623 [FXGL Background Thread 3 ] DEBUG Engine               - isExperimentalTiledLargeMap: false
18:48:04.623 [FXGL Background Thread 3 ] DEBUG Engine               - isFileSystemWriteAllowed: true
18:48:04.624 [FXGL Background Thread 3 ] DEBUG Engine               - isFullScreenAllowed: false
18:48:04.624 [FXGL Background Thread 3 ] DEBUG Engine               - isFullScreenFromStart: false
18:48:04.624 [FXGL Background Thread 3 ] DEBUG Engine               - isGameMenuEnabled: true
18:48:04.624 [FXGL Background Thread 3 ] DEBUG Engine               - isIOS: false
18:48:04.624 [FXGL Background Thread 3 ] DEBUG Engine               - isIntroEnabled: false
18:48:04.625 [FXGL Background Thread 3 ] DEBUG Engine               - isLinux: false
18:48:04.625 [FXGL Background Thread 3 ] DEBUG Engine               - isMac: false
18:48:04.625 [FXGL Background Thread 3 ] DEBUG Engine               - isMainMenuEnabled: true
18:48:04.625 [FXGL Background Thread 3 ] DEBUG Engine               - isManualResizeEnabled: false
18:48:04.625 [FXGL Background Thread 3 ] DEBUG Engine               - isMobile: false
18:48:04.625 [FXGL Background Thread 3 ] DEBUG Engine               - isNative: false
18:48:04.626 [FXGL Background Thread 3 ] DEBUG Engine               - isPauseMusicWhenMinimized: true
18:48:04.626 [FXGL Background Thread 3 ] DEBUG Engine               - isPreserveResizeRatio: false
18:48:04.626 [FXGL Background Thread 3 ] DEBUG Engine               - isProfilingEnabled: false
18:48:04.626 [FXGL Background Thread 3 ] DEBUG Engine               - isScaleAffectedOnResize: true
18:48:04.626 [FXGL Background Thread 3 ] DEBUG Engine               - isSingleStep: false
18:48:04.626 [FXGL Background Thread 3 ] DEBUG Engine               - isUserProfileEnabled: false
18:48:04.626 [FXGL Background Thread 3 ] DEBUG Engine               - isWindows: true
18:48:04.626 [FXGL Background Thread 3 ] DEBUG Engine               - language: ObjectProperty [value: ENGLISH]
18:48:04.628 [FXGL Background Thread 3 ] DEBUG Engine               - menuKey: ESCAPE
18:48:04.628 [FXGL Background Thread 3 ] DEBUG Engine               - mouseSensitivity: 0.2
18:48:04.628 [FXGL Background Thread 3 ] DEBUG Engine               - notificationViewClass: class com.almasb.fxgl.notification.view.XboxNotificationView
18:48:04.629 [FXGL Background Thread 3 ] DEBUG Engine               - pixelsPerMeter: 50.0
18:48:04.629 [FXGL Background Thread 3 ] DEBUG Engine               - platform: WINDOWS
18:48:04.629 [FXGL Background Thread 3 ] DEBUG Engine               - prefHeightProperty: ReadOnlyDoubleProperty [value: 720.0]
18:48:04.629 [FXGL Background Thread 3 ] DEBUG Engine               - prefWidthProperty: ReadOnlyDoubleProperty [value: 1280.0]
18:48:04.630 [FXGL Background Thread 3 ] DEBUG Engine               - profileDir: profiles/
18:48:04.630 [FXGL Background Thread 3 ] DEBUG Engine               - profileName: StringProperty [value: DEFAULT]
18:48:04.631 [FXGL Background Thread 3 ] DEBUG Engine               - randomSeed: -1
18:48:04.633 [FXGL Background Thread 3 ] DEBUG Engine               - runtimeInfo: RuntimeInfo(platform=WINDOWS, version=17.2, build=20.08.2022 16.50)
18:48:04.634 [FXGL Background Thread 3 ] DEBUG Engine               - saveFileExt: sav
18:48:04.634 [FXGL Background Thread 3 ] DEBUG Engine               - scaledHeightProp$fxgl: DoubleProperty [bound, value: 720.0]
18:48:04.634 [FXGL Background Thread 3 ] DEBUG Engine               - scaledWidthProp$fxgl: DoubleProperty [bound, value: 1280.0]
18:48:04.634 [FXGL Background Thread 3 ] DEBUG Engine               - sceneFactory: com.sunsofgod.PlatformerApp$1@7c409f81
18:48:04.635 [FXGL Background Thread 3 ] DEBUG Engine               - secondsIn24h: 60
18:48:04.635 [FXGL Background Thread 3 ] DEBUG Engine               - soundMenuBack: menu/back.wav
18:48:04.635 [FXGL Background Thread 3 ] DEBUG Engine               - soundMenuPress: menu/press.wav
18:48:04.635 [FXGL Background Thread 3 ] DEBUG Engine               - soundMenuSelect: menu/select.wav
18:48:04.635 [FXGL Background Thread 3 ] DEBUG Engine               - soundNotification: core/notification.wav
18:48:04.636 [FXGL Background Thread 3 ] DEBUG Engine               - stageStyle: DECORATED
18:48:04.636 [FXGL Background Thread 3 ] DEBUG Engine               - supportedLanguages: [ENGLISH, FRENCH, GERMAN, HUNGARIAN, RUSSIAN]
18:48:04.636 [FXGL Background Thread 3 ] DEBUG Engine               - ticksPerSecond: -1
18:48:04.636 [FXGL Background Thread 3 ] DEBUG Engine               - title: Untitled
18:48:04.636 [FXGL Background Thread 3 ] DEBUG Engine               - urlGithub: https://github.com/AlmasB/FXGL
18:48:04.637 [FXGL Background Thread 3 ] DEBUG Engine               - urlLeaderboard: http://fxgl-top.herokuapp.com/
18:48:04.637 [FXGL Background Thread 3 ] DEBUG Engine               - urlPOM: https://raw.githubusercontent.com/AlmasB/FXGL/release/README.md
18:48:04.637 [FXGL Background Thread 3 ] DEBUG Engine               - userAppClass: class com.sunsofgod.PlatformerApp
18:48:04.637 [FXGL Background Thread 3 ] DEBUG Engine               - version: 0.0
18:48:04.637 [FXGL Background Thread 3 ] DEBUG Engine               - versionCheckDays: 7
18:48:04.637 [FXGL Background Thread 3 ] DEBUG Engine               - width: 1280
18:48:04.639 [FXGL Background Thread 3 ] DEBUG Engine               - Logging services
18:48:04.640 [FXGL Background Thread 3 ] DEBUG Engine               - class com.almasb.fxgl.app.services.FXGLAssetLoaderService
18:48:04.640 [FXGL Background Thread 3 ] DEBUG Engine               - class com.almasb.fxgl.app.FXGLApplication$GameApplicationService
18:48:04.640 [FXGL Background Thread 3 ] DEBUG Engine               - class com.almasb.fxgl.app.services.FXGLDialogService
18:48:04.640 [FXGL Background Thread 3 ] DEBUG Engine               - class com.almasb.fxgl.app.services.IOTaskExecutorService
18:48:04.640 [FXGL Background Thread 3 ] DEBUG Engine               - class com.almasb.fxgl.io.FileSystemService
18:48:04.641 [FXGL Background Thread 3 ] DEBUG Engine               - class com.almasb.fxgl.localization.LocalizationService
18:48:04.641 [FXGL Background Thread 3 ] DEBUG Engine               - class com.almasb.fxgl.app.services.SystemBundleService
18:48:04.641 [FXGL Background Thread 3 ] DEBUG Engine               - class com.almasb.fxgl.profile.SaveLoadService
18:48:04.641 [FXGL Background Thread 3 ] DEBUG Engine               - class com.almasb.fxgl.ui.FXGLUIFactoryServiceProvider
18:48:04.641 [FXGL Background Thread 3 ] DEBUG Engine               - class com.almasb.fxgl.ui.FXGLDialogFactoryServiceProvider
18:48:04.641 [FXGL Background Thread 3 ] DEBUG Engine               - class com.almasb.fxgl.audio.AudioPlayer
18:48:04.641 [FXGL Background Thread 3 ] DEBUG Engine               - class com.almasb.fxgl.notification.impl.NotificationServiceProvider
18:48:04.642 [FXGL Background Thread 3 ] DEBUG Engine               - class com.almasb.fxgl.achievement.AchievementService
18:48:04.642 [FXGL Background Thread 3 ] DEBUG Engine               - class com.almasb.fxgl.cutscene.CutsceneService
18:48:04.642 [FXGL Background Thread 3 ] DEBUG Engine               - class com.almasb.fxgl.minigames.MiniGameService
18:48:04.642 [FXGL Background Thread 3 ] DEBUG Engine               - class com.almasb.fxgl.net.NetService
18:48:04.642 [FXGL Background Thread 3 ] DEBUG Engine               - class com.almasb.fxgl.app.services.UpdaterService
18:48:04.642 [FXGL Background Thread 3 ] DEBUG Engine               - class com.almasb.fxgl.dev.DevService
18:48:06.105 [JavaFX Application Thread] DEBUG PrimaryStageWindow   - Push state: LevelSelectScene
18:48:06.105 [JavaFX Application Thread] DEBUG Input                - Clearing active input actions
18:48:06.106 [JavaFX Application Thread] DEBUG GameApplicationServi - Removing overlay from PlayerSelectScene and adding to LevelSelectScene
18:48:06.109 [JavaFX Application Thread] DEBUG PrimaryStageWindow   - PlayerSelectScene -> LevelSelectScene
18:48:07.484 [JavaFX Application Thread] DEBUG Menu                 - fireNewGame()
18:48:07.485 [JavaFX Application Thread] DEBUG GameApplicationServi - Starting new game
18:48:07.489 [JavaFX Application Thread] DEBUG PrimaryStageWindow   - Pop state: LevelSelectScene
18:48:07.489 [JavaFX Application Thread] DEBUG Input                - Clearing active input actions
18:48:07.495 [JavaFX Application Thread] DEBUG GameApplicationServi - Removing overlay from LevelSelectScene and adding to PlayerSelectScene
18:48:07.499 [JavaFX Application Thread] DEBUG PrimaryStageWindow   - PlayerSelectScene <- LevelSelectScene
18:48:07.500 [JavaFX Application Thread] DEBUG PrimaryStageWindow   - Pop state: PlayerSelectScene
18:48:07.501 [JavaFX Application Thread] DEBUG Input                - Clearing active input actions
18:48:07.502 [JavaFX Application Thread] DEBUG GameApplicationServi - Removing overlay from PlayerSelectScene and adding to RiderMainMenuScene
18:48:07.503 [JavaFX Application Thread] DEBUG PrimaryStageWindow   - RiderMainMenuScene <- PlayerSelectScene
18:48:07.503 [JavaFX Application Thread] DEBUG PrimaryStageWindow   - Pop state: RiderMainMenuScene
18:48:07.504 [JavaFX Application Thread] DEBUG Input                - Clearing active input actions
18:48:07.505 [JavaFX Application Thread] DEBUG GameApplicationServi - Removing overlay from RiderMainMenuScene and adding to FXGLMainMenuDummyScene
18:48:07.513 [JavaFX Application Thread] DEBUG PrimaryStageWindow   - FXGLMainMenuDummyScene <- RiderMainMenuScene
18:48:07.515 [JavaFX Application Thread] DEBUG Input                - Clearing active input actions
18:48:07.533 [JavaFX Application Thread] DEBUG GameApplicationServi - Removing overlay from FXGLMainMenuDummyScene and adding to MainLoadingScene
18:48:07.535 [JavaFX Application Thread] DEBUG PrimaryStageWindow   - FXGLMainMenuDummyScene -> MainLoadingScene
18:48:07.536 [JavaFX Application Thread] DEBUG GameApplicationServi - Clearing previous game
18:48:07.536 [JavaFX Application Thread] DEBUG GameScene            - Clearing game scene
18:48:07.536 [JavaFX Application Thread] DEBUG GameWorld            - Clearing game world
18:48:07.537 [JavaFX Application Thread] DEBUG PhysicsWorld         - Clearing physics world
18:48:07.542 [FXGL Background Thread 2 ] DEBUG FXGLApplication      - Initializing game
18:48:07.745 [FXGL Background Thread 2 ] WARN  TMXLevelLoader       - TiledMap generated from 1.11.0. Supported version: 1.9.0. Some features may not be parsed fully.
18:48:07.799 [FXGL Background Thread 2 ] DEBUG TMXLevelLoader       - Parsed TiledMap: file:/C:/Users/Patrick/Desktop/Remote%20Repositories/JavaFXGame/target/classes/assets/levels/tmx/level4.tmx
18:48:07.802 [FXGL Background Thread 2 ] DEBUG TMXLevelLoader       - Creating tile layer entities
18:48:07.804 [FXGL Background Thread 2 ] DEBUG TilesetLoader        - Loading view for layer BG
18:48:07.810 [FXGL Background Thread 2 ] DEBUG TilesetLoader        - Created buffer with size 3500.0x700.0
18:48:07.838 [FXGL Background Thread 2 ] DEBUG TilesetLoader        - Loading view for layer Physical
18:48:07.841 [FXGL Background Thread 2 ] DEBUG TilesetLoader        - Created buffer with size 3500.0x700.0
18:48:07.848 [FXGL Background Thread 2 ] DEBUG TMXLevelLoader       - Creating object layer entities
18:48:07.952 [FXGL Background Thread 2 ] DEBUG GameWorld            - Clearing removable entities
18:48:07.953 [FXGL Background Thread 2 ] DEBUG GameWorld            - Setting level: com.almasb.fxgl.entity.level.Level@606810ce
18:48:07.984 [FXGL Background Thread 2 ] DEBUG FXGLAssetLoaderServi - Loading from file system: file:/C:/Users/Patrick/Desktop/Remote%20Repositories/JavaFXGame/target/classes/assets/textures/player4.png
18:48:08.020 [FXGL Background Thread 2 ] DEBUG Input                - Registered new binding: Jump0 - W
18:48:08.020 [FXGL Background Thread 2 ] DEBUG Input                - Registered new binding: Left0 - A
18:48:08.020 [FXGL Background Thread 2 ] DEBUG Input                - Registered new binding: Right0 - D
18:48:08.021 [FXGL Background Thread 2 ] DEBUG Input                - Registered new binding: Use0 - E
18:48:08.022 [FXGL Background Thread 2 ] DEBUG FXGLAssetLoaderServi - Loading from file system: file:/C:/Users/Patrick/Desktop/Remote%20Repositories/JavaFXGame/target/classes/assets/textures/background/manila.png
18:48:08.068 [FXGL Background Thread 2 ] INFO  FXGLApplication      - Game initialization took: 0.526 sec
18:48:08.071 [JavaFX Application Thread] DEBUG Input                - Clearing active input actions
18:48:08.083 [JavaFX Application Thread] DEBUG GameApplicationServi - Removing overlay from MainLoadingScene and adding to GameScene
18:48:08.086 [JavaFX Application Thread] DEBUG PrimaryStageWindow   - MainLoadingScene -> GameScene
18:48:08.439 [JavaFX Application Thread] DEBUG FXGLAssetLoaderServi - Loading from file system: file:/C:/Users/Patrick/Desktop/Remote%20Repositories/JavaFXGame/target/classes/assets/sounds/land.wav
18:48:09.128 [JavaFX Application Thread] DEBUG FXGLAssetLoaderServi - Loading from file system: file:/C:/Users/Patrick/Desktop/Remote%20Repositories/JavaFXGame/target/classes/assets/sounds/jump.wav
18:48:19.433 [JavaFX Application Thread] DEBUG FXGLAssetLoaderServi - Loading from file system: file:/C:/Users/Patrick/Desktop/Remote%20Repositories/JavaFXGame/target/classes/assets/sounds/dead.wav
18:48:20.541 [JavaFX Application Thread] WARN  TMXLevelLoader       - TiledMap generated from 1.11.0. Supported version: 1.9.0. Some features may not be parsed fully.
18:48:20.563 [JavaFX Application Thread] DEBUG TMXLevelLoader       - Parsed TiledMap: file:/C:/Users/Patrick/Desktop/Remote%20Repositories/JavaFXGame/target/classes/assets/levels/tmx/level4.tmx
18:48:20.563 [JavaFX Application Thread] DEBUG TMXLevelLoader       - Creating tile layer entities
18:48:20.565 [JavaFX Application Thread] DEBUG TilesetLoader        - Loading view for layer BG
18:48:20.572 [JavaFX Application Thread] DEBUG TilesetLoader        - Created buffer with size 3500.0x700.0
18:48:20.611 [JavaFX Application Thread] DEBUG TilesetLoader        - Loading view for layer Physical
18:48:20.618 [JavaFX Application Thread] DEBUG TilesetLoader        - Created buffer with size 3500.0x700.0
18:48:20.625 [JavaFX Application Thread] DEBUG TMXLevelLoader       - Creating object layer entities
18:48:20.679 [JavaFX Application Thread] DEBUG GameWorld            - Clearing removable entities
18:48:20.695 [JavaFX Application Thread] DEBUG GameWorld            - Setting level: com.almasb.fxgl.entity.level.Level@5a24538f
18:48:21.798 [JavaFX Application Thread] WARN  TMXLevelLoader       - TiledMap generated from 1.11.0. Supported version: 1.9.0. Some features may not be parsed fully.
18:48:21.819 [JavaFX Application Thread] DEBUG TMXLevelLoader       - Parsed TiledMap: file:/C:/Users/Patrick/Desktop/Remote%20Repositories/JavaFXGame/target/classes/assets/levels/tmx/level4.tmx
18:48:21.820 [JavaFX Application Thread] DEBUG TMXLevelLoader       - Creating tile layer entities
18:48:21.821 [JavaFX Application Thread] DEBUG TilesetLoader        - Loading view for layer BG
18:48:21.825 [JavaFX Application Thread] DEBUG TilesetLoader        - Created buffer with size 3500.0x700.0
18:48:21.864 [JavaFX Application Thread] DEBUG TilesetLoader        - Loading view for layer Physical
18:48:21.884 [JavaFX Application Thread] DEBUG TilesetLoader        - Created buffer with size 3500.0x700.0
18:48:21.889 [JavaFX Application Thread] DEBUG TMXLevelLoader       - Creating object layer entities
18:48:21.925 [JavaFX Application Thread] DEBUG GameWorld            - Clearing removable entities
18:48:21.935 [JavaFX Application Thread] DEBUG GameWorld            - Setting level: com.almasb.fxgl.entity.level.Level@73a51e53
18:48:33.719 [JavaFX Application Thread] WARN  TMXLevelLoader       - TiledMap generated from 1.11.0. Supported version: 1.9.0. Some features may not be parsed fully.
18:48:33.804 [JavaFX Application Thread] DEBUG TMXLevelLoader       - Parsed TiledMap: file:/C:/Users/Patrick/Desktop/Remote%20Repositories/JavaFXGame/target/classes/assets/levels/tmx/level4.tmx
18:48:33.808 [JavaFX Application Thread] DEBUG TMXLevelLoader       - Creating tile layer entities
18:48:33.816 [JavaFX Application Thread] DEBUG TilesetLoader        - Loading view for layer BG
18:48:33.820 [JavaFX Application Thread] DEBUG TilesetLoader        - Created buffer with size 3500.0x700.0
18:48:33.865 [JavaFX Application Thread] DEBUG TilesetLoader        - Loading view for layer Physical
18:48:33.882 [JavaFX Application Thread] DEBUG TilesetLoader        - Created buffer with size 3500.0x700.0
18:48:33.887 [JavaFX Application Thread] DEBUG TMXLevelLoader       - Creating object layer entities
18:48:33.913 [JavaFX Application Thread] DEBUG GameWorld            - Clearing removable entities
18:48:33.918 [JavaFX Application Thread] DEBUG GameWorld            - Setting level: com.almasb.fxgl.entity.level.Level@238b301d
18:48:34.886 [JavaFX Application Thread] WARN  TMXLevelLoader       - TiledMap generated from 1.11.0. Supported version: 1.9.0. Some features may not be parsed fully.
18:48:34.895 [JavaFX Application Thread] DEBUG TMXLevelLoader       - Parsed TiledMap: file:/C:/Users/Patrick/Desktop/Remote%20Repositories/JavaFXGame/target/classes/assets/levels/tmx/level4.tmx
18:48:34.896 [JavaFX Application Thread] DEBUG TMXLevelLoader       - Creating tile layer entities
18:48:34.896 [JavaFX Application Thread] DEBUG TilesetLoader        - Loading view for layer BG
18:48:34.917 [JavaFX Application Thread] DEBUG TilesetLoader        - Created buffer with size 3500.0x700.0
18:48:34.953 [JavaFX Application Thread] DEBUG TilesetLoader        - Loading view for layer Physical
18:48:34.967 [JavaFX Application Thread] DEBUG TilesetLoader        - Created buffer with size 3500.0x700.0
18:48:34.973 [JavaFX Application Thread] DEBUG TMXLevelLoader       - Creating object layer entities
18:48:34.999 [JavaFX Application Thread] DEBUG GameWorld            - Clearing removable entities
18:48:35.004 [JavaFX Application Thread] DEBUG GameWorld            - Setting level: com.almasb.fxgl.entity.level.Level@79478f71
18:48:35.311 [JavaFX Application Thread] DEBUG FXGLApplication      - Exiting FXGL
18:48:35.312 [JavaFX Application Thread] DEBUG LoopRunner           - Stopping loop
18:48:35.312 [JavaFX Application Thread] DEBUG SystemBundleService  - Saving FXGL system data
18:48:35.318 [JavaFX Application Thread] DEBUG FileSystemAccess     - Writing to: C:\Users\Patrick\Desktop\Remote Repositories\JavaFXGame\system\fxgl.bundle
18:48:35.327 [JavaFX Application Thread] DEBUG Async                - Shutting down background threads
18:48:35.328 [JavaFX Application Thread] DEBUG PrimaryStageWindow   - Closing main window
18:48:35.436 [JavaFX Application Thread] DEBUG Logger               - Closing Logger
