14:07:38.976 [main                     ] DEBUG Logger               - Configured Logger
14:07:38.992 [main                     ] DEBUG GameApplication      - Logging settings
Title: Untitled
Version: 0.0
Width: 1280
Height: 720
Fullscreen: false
Intro: false
Profiling: false
Single step:false
App Mode: DEVELOPER
Menu Key: ESCAPE
Stage Style: DECORATED
Scene Factory: class com.sunsofgod.PlatformerApp$1

14:07:39.260 [JavaFX Application Thread] DEBUG FXGLApplication      - Initializing FXGL
14:07:39.263 [JavaFX Application Thread] INFO  Engine               - FXGL-17.2 (20.08.2022 16.50) on WINDOWS (J:21.0.4 FX:17.0.12)
14:07:39.263 [JavaFX Application Thread] DEBUG Engine               - JRE Vendor Name: Eclipse Adoptium
14:07:39.264 [JavaFX Application Thread] DEBUG Engine               - Running on OS: Windows 11 version 10.0
14:07:39.264 [JavaFX Application Thread] DEBUG Engine               - Architecture: amd64
14:07:39.264 [JavaFX Application Thread] INFO  Engine               - Source code and latest versions at: https://github.com/AlmasB/FXGL
14:07:39.264 [JavaFX Application Thread] INFO  Engine               -       Ask questions and discuss at: https://github.com/AlmasB/FXGL/discussions
14:07:39.264 [JavaFX Application Thread] INFO  Engine               -              Join the FXGL chat at: https://gitter.im/AlmasB/FXGL
14:07:39.325 [JavaFX Application Thread] DEBUG PrimaryStageWindow   - Creating a JavaFX scene
14:07:39.354 [JavaFX Application Thread] DEBUG PrimaryStageWindow   - Target settings size: 1280.0 x 720.0
14:07:39.354 [JavaFX Application Thread] DEBUG PrimaryStageWindow   - Scaled scene size:    1280.0 x 720.0
14:07:39.354 [JavaFX Application Thread] DEBUG PrimaryStageWindow   - Scaled ratio: (1.0, 1.0)
14:07:39.355 [JavaFX Application Thread] DEBUG PrimaryStageWindow   - Set initial scene to FXGLStartupScene
14:07:39.359 [JavaFX Application Thread] DEBUG PrimaryStageWindow   - Opening main window
14:07:39.416 [JavaFX Application Thread] DEBUG PrimaryStageWindow   - Window border size: (16.0, 39.0)
14:07:39.416 [JavaFX Application Thread] DEBUG PrimaryStageWindow   - Scaled size: 1280.0 x 720.0
14:07:39.416 [JavaFX Application Thread] DEBUG PrimaryStageWindow   - Scaled ratio: (1.0, 1.0)
14:07:39.417 [JavaFX Application Thread] DEBUG PrimaryStageWindow   - Scene size: 1280.0 x 720.0
14:07:39.417 [JavaFX Application Thread] DEBUG PrimaryStageWindow   - Stage size: 1296.0 x 759.0
14:07:39.422 [FXGL Background Thread 1 ] DEBUG Engine               - Initializing environment variables
14:07:39.454 [FXGL Background Thread 1 ] DEBUG FXGLAssetLoaderServi - User app class for loading assets: class com.sunsofgod.PlatformerApp
14:07:39.456 [FXGL Background Thread 1 ] DEBUG GameApplicationServi - Applying CSS: fxgl_dark.css
14:07:39.456 [FXGL Background Thread 1 ] DEBUG FXGLAssetLoaderServi - Loading from file system: jar:file:///C:/Users/user/.m2/repository/com/github/almasb/fxgl/17.2/fxgl-17.2.jar!/fxglassets/ui/css/fxgl_dark.css
14:07:39.483 [FXGL Background Thread 1 ] DEBUG GameApplicationServi - Initializing application scenes
14:07:39.515 [FXGL Background Thread 1 ] WARN  FXGLAssetLoaderServi - Asset "/assets/textures/player.png" was not found!
14:07:39.515 [FXGL Background Thread 1 ] WARN  FXGLAssetLoaderServi - Failed to load IMAGE
14:07:39.532 [FXGL Background Thread 1 ] DEBUG GameWorld            - Game world initialized
14:07:39.563 [FXGL Background Thread 1 ] DEBUG PhysicsWorld         - Physics world initialized: appHeight=720, physics.ppm=50.0
14:07:39.563 [FXGL Background Thread 1 ] DEBUG PhysicsWorld         - Using strategy: BRUTE_FORCE
14:07:39.565 [FXGL Background Thread 1 ] DEBUG GameScene            - Game scene initialized: 1280x720
14:07:39.740 [FXGL Background Thread 1 ] DEBUG FXGL.DefaultMenu     - createMenuBodyGameMenu()
14:07:39.747 [FXGL Background Thread 1 ] DEBUG FXGL.DefaultMenu     - createOptionsMenu()
14:07:39.753 [FXGL Background Thread 1 ] DEBUG FXGLAssetLoaderServi - Loading from file system: jar:file:///C:/Users/user/.m2/repository/com/github/almasb/fxgl/17.2/fxgl-17.2.jar!/fxglassets/textures/particles/smoke.png
14:07:39.793 [FXGL Background Thread 1 ] DEBUG FXGLAssetLoaderServi - Loading from file system: jar:file:///C:/Users/user/.m2/repository/com/github/almasb/fxgl/17.2/fxgl-17.2.jar!/fxglassets/textures/particles/trace_horizontal.png
14:07:39.809 [FXGL Background Thread 1 ] DEBUG GameApplicationServi - Application scenes initialized
14:07:39.817 [FXGL Background Thread 1 ] DEBUG SystemBundleService  - Loading FXGL system data
14:07:39.820 [FXGL Background Thread 1 ] DEBUG FileSystemAccess     - Reading from: C:\Users\user\Desktop\JavaFXGame\system\fxgl.bundle
14:07:39.828 [FXGL Background Thread 1 ] DEBUG SystemBundleService  - Bundle FXGL: {}
14:07:39.829 [FXGL Background Thread 1 ] DEBUG UpdaterService       - Checking for updates
14:07:39.850 [FXGL Background Thread 4 ] DEBUG FXGLApplication      - Loading fonts
14:07:39.850 [FXGL Background Thread 1 ] DEBUG FXGLApplication      - Loading default localization
14:07:39.852 [FXGL Background Thread 4 ] DEBUG FXGLAssetLoaderServi - Loading from file system: jar:file:///C:/Users/user/.m2/repository/com/github/almasb/fxgl/17.2/fxgl-17.2.jar!/fxglassets/ui/fonts/VarelaRound-Regular.ttf
14:07:39.852 [FXGL Background Thread 1 ] DEBUG FXGLAssetLoaderServi - Loading from file system: jar:file:///C:/Users/user/.m2/repository/com/github/almasb/fxgl/17.2/fxgl-17.2.jar!/fxglassets/languages/english.lang
14:07:39.864 [FXGL Background Thread 1 ] INFO  FXGLApplication      - FXGL initialization took: 0.442 sec
14:07:39.865 [JavaFX Application Thread] DEBUG FXGLAssetLoaderServi - Loading from file system: jar:file:///C:/Users/user/.m2/repository/com/github/almasb/fxgl/17.2/fxgl-17.2.jar!/fxglassets/textures/fxgl_icon.png
14:07:39.880 [FXGL Background Thread 4 ] DEBUG FXGLAssetLoaderServi - Loading from file system: jar:file:///C:/Users/user/.m2/repository/com/github/almasb/fxgl/17.2/fxgl-17.2.jar!/fxglassets/ui/fonts/Abel-Regular.ttf
14:07:39.881 [JavaFX Application Thread] DEBUG FXGLAssetLoaderServi - Loading from file system: jar:file:///C:/Users/user/.m2/repository/com/github/almasb/fxgl/17.2/fxgl-17.2.jar!/fxglassets/textures/fxgl_default_cursor.png
14:07:39.883 [FXGL Background Thread 4 ] DEBUG FXGLAssetLoaderServi - Loading from file system: jar:file:///C:/Users/user/.m2/repository/com/github/almasb/fxgl/17.2/fxgl-17.2.jar!/fxglassets/ui/fonts/TerminalLandMono-Regular.otf
14:07:39.887 [FXGL Background Thread 4 ] DEBUG FXGLAssetLoaderServi - Loading from file system: jar:file:///C:/Users/user/.m2/repository/com/github/almasb/fxgl/17.2/fxgl-17.2.jar!/fxglassets/ui/fonts/Courier-Prime.ttf
14:07:39.888 [JavaFX Application Thread] DEBUG Input                - Registered new binding: Screenshot - CTRL+8
14:07:39.888 [JavaFX Application Thread] DEBUG Input                - Registered new binding: Dev Options - 1
14:07:39.889 [JavaFX Application Thread] DEBUG Input                - Registered new binding: Dev Console - 2
14:07:39.889 [JavaFX Application Thread] DEBUG Input                - Registered new binding: System info dump - CTRL+9
14:07:39.889 [JavaFX Application Thread] DEBUG Input                - Registered new binding: Restart - CTRL+R
14:07:39.890 [JavaFX Application Thread] DEBUG Input                - Registered new binding: Toggle Debug Camera - CTRL+7
14:07:39.892 [JavaFX Application Thread] DEBUG LoopRunner           - Starting loop
14:07:39.902 [JavaFX Application Thread] DEBUG LoopRunner           - Initializing JavaFX AnimationTimerLoop
14:07:39.903 [JavaFX Application Thread] DEBUG Input                - Clearing active input actions
14:07:39.912 [JavaFX Application Thread] DEBUG GameApplicationServi - Removing overlay from FXGLStartupScene and adding to FXGLMainMenuDummyScene
14:07:39.915 [JavaFX Application Thread] DEBUG PrimaryStageWindow   - FXGLStartupScene -> FXGLMainMenuDummyScene
14:07:39.915 [JavaFX Application Thread] DEBUG PrimaryStageWindow   - Push state: RiderMainMenuScene
14:07:39.915 [JavaFX Application Thread] DEBUG Input                - Clearing active input actions
14:07:39.919 [JavaFX Application Thread] DEBUG GameApplicationServi - Removing overlay from FXGLMainMenuDummyScene and adding to RiderMainMenuScene
14:07:39.920 [JavaFX Application Thread] DEBUG PrimaryStageWindow   - FXGLMainMenuDummyScene -> RiderMainMenuScene
14:07:40.039 [JavaFX Application Thread] DEBUG FXGLApplication      - Registering font factories with UI factory
14:07:40.176 [FXGL Background Thread 2 ] INFO  UpdaterService       - Your current version:  17.2
14:07:40.177 [FXGL Background Thread 2 ] INFO  UpdaterService       - Latest stable version: 21.1
14:07:40.559 [JavaFX Application Thread] DEBUG PrimaryStageWindow   - Push state: PlayerSelectScene
14:07:40.559 [JavaFX Application Thread] DEBUG Input                - Clearing active input actions
14:07:40.560 [JavaFX Application Thread] DEBUG GameApplicationServi - Removing overlay from RiderMainMenuScene and adding to PlayerSelectScene
14:07:40.561 [JavaFX Application Thread] DEBUG PrimaryStageWindow   - RiderMainMenuScene -> PlayerSelectScene
14:07:41.810 [JavaFX Application Thread] DEBUG PrimaryStageWindow   - Push state: LevelSelectScene
14:07:41.810 [JavaFX Application Thread] DEBUG Input                - Clearing active input actions
14:07:41.811 [JavaFX Application Thread] DEBUG GameApplicationServi - Removing overlay from PlayerSelectScene and adding to LevelSelectScene
14:07:41.812 [JavaFX Application Thread] DEBUG PrimaryStageWindow   - PlayerSelectScene -> LevelSelectScene
14:07:42.280 [JavaFX Application Thread] DEBUG Menu                 - fireNewGame()
14:07:42.281 [JavaFX Application Thread] DEBUG GameApplicationServi - Starting new game
14:07:42.281 [JavaFX Application Thread] DEBUG PrimaryStageWindow   - Pop state: LevelSelectScene
14:07:42.281 [JavaFX Application Thread] DEBUG Input                - Clearing active input actions
14:07:42.282 [JavaFX Application Thread] DEBUG GameApplicationServi - Removing overlay from LevelSelectScene and adding to PlayerSelectScene
14:07:42.282 [JavaFX Application Thread] DEBUG PrimaryStageWindow   - PlayerSelectScene <- LevelSelectScene
14:07:42.283 [JavaFX Application Thread] DEBUG PrimaryStageWindow   - Pop state: PlayerSelectScene
14:07:42.283 [JavaFX Application Thread] DEBUG Input                - Clearing active input actions
14:07:42.283 [JavaFX Application Thread] DEBUG GameApplicationServi - Removing overlay from PlayerSelectScene and adding to RiderMainMenuScene
14:07:42.283 [JavaFX Application Thread] DEBUG PrimaryStageWindow   - RiderMainMenuScene <- PlayerSelectScene
14:07:42.283 [JavaFX Application Thread] DEBUG PrimaryStageWindow   - Pop state: RiderMainMenuScene
14:07:42.283 [JavaFX Application Thread] DEBUG Input                - Clearing active input actions
14:07:42.283 [JavaFX Application Thread] DEBUG GameApplicationServi - Removing overlay from RiderMainMenuScene and adding to FXGLMainMenuDummyScene
14:07:42.284 [JavaFX Application Thread] DEBUG PrimaryStageWindow   - FXGLMainMenuDummyScene <- RiderMainMenuScene
14:07:42.284 [JavaFX Application Thread] DEBUG Input                - Clearing active input actions
14:07:42.288 [JavaFX Application Thread] DEBUG GameApplicationServi - Removing overlay from FXGLMainMenuDummyScene and adding to MainLoadingScene
14:07:42.288 [JavaFX Application Thread] DEBUG PrimaryStageWindow   - FXGLMainMenuDummyScene -> MainLoadingScene
14:07:42.289 [JavaFX Application Thread] DEBUG GameApplicationServi - Clearing previous game
14:07:42.289 [JavaFX Application Thread] DEBUG GameScene            - Clearing game scene
14:07:42.289 [JavaFX Application Thread] DEBUG GameWorld            - Clearing game world
14:07:42.289 [JavaFX Application Thread] DEBUG PhysicsWorld         - Clearing physics world
14:07:42.290 [FXGL Background Thread 2 ] DEBUG FXGLApplication      - Initializing game
14:07:42.314 [FXGL Background Thread 2 ] WARN  TMXLevelLoader       - TiledMap generated from 1.11.0. Supported version: 1.9.0. Some features may not be parsed fully.
14:07:42.319 [FXGL Background Thread 2 ] DEBUG TMXLevelLoader       - Parsed TiledMap: file:/C:/Users/user/Desktop/JavaFXGame/target/classes/assets/levels/tmx/level5.tmx
14:07:42.320 [FXGL Background Thread 2 ] DEBUG TMXLevelLoader       - Creating tile layer entities
14:07:42.320 [FXGL Background Thread 2 ] DEBUG TilesetLoader        - Loading view for layer Tile Layer 1
14:07:42.321 [FXGL Background Thread 2 ] DEBUG TilesetLoader        - Created buffer with size 1050.0x700.0
14:07:42.329 [FXGL Background Thread 2 ] DEBUG TMXLevelLoader       - Creating object layer entities
14:07:42.344 [FXGL Background Thread 2 ] DEBUG FXGLAssetLoaderServi - Loading from file system: file:/C:/Users/user/Desktop/JavaFXGame/target/classes/assets/textures/button.png
14:07:42.347 [FXGL Background Thread 2 ] DEBUG GameWorld            - Clearing removable entities
14:07:42.348 [FXGL Background Thread 2 ] DEBUG GameWorld            - Setting level: com.almasb.fxgl.entity.level.Level@434a21da
14:07:42.352 [FXGL Background Thread 2 ] DEBUG FXGLAssetLoaderServi - Loading from file system: file:/C:/Users/user/Desktop/JavaFXGame/target/classes/assets/textures/player1.png
14:07:42.358 [FXGL Background Thread 2 ] DEBUG FXGLAssetLoaderServi - Loading from file system: file:/C:/Users/user/Desktop/JavaFXGame/target/classes/assets/textures/player2.png
14:07:42.363 [FXGL Background Thread 2 ] DEBUG Input                - Registered new binding: Jump0 - W
14:07:42.364 [FXGL Background Thread 2 ] DEBUG Input                - Registered new binding: Left0 - A
14:07:42.364 [FXGL Background Thread 2 ] DEBUG Input                - Registered new binding: Right0 - D
14:07:42.364 [FXGL Background Thread 2 ] DEBUG Input                - Registered new binding: Use0 - E
14:07:42.364 [FXGL Background Thread 2 ] DEBUG Input                - Registered new binding: Jump1 - Up
14:07:42.364 [FXGL Background Thread 2 ] DEBUG Input                - Registered new binding: Left1 - Left
14:07:42.365 [FXGL Background Thread 2 ] DEBUG Input                - Registered new binding: Right1 - Right
14:07:42.365 [FXGL Background Thread 2 ] DEBUG Input                - Registered new binding: Use1 - Slash
14:07:42.365 [FXGL Background Thread 2 ] DEBUG FXGLAssetLoaderServi - Loading from file system: file:/C:/Users/user/Desktop/JavaFXGame/target/classes/assets/textures/background/manila.png
14:07:42.376 [FXGL Background Thread 2 ] INFO  FXGLApplication      - Game initialization took: 0.086 sec
14:07:42.380 [JavaFX Application Thread] DEBUG Input                - Clearing active input actions
14:07:42.383 [JavaFX Application Thread] DEBUG GameApplicationServi - Removing overlay from MainLoadingScene and adding to GameScene
14:07:42.384 [JavaFX Application Thread] DEBUG PrimaryStageWindow   - MainLoadingScene -> GameScene
14:07:42.851 [FXGL Background Thread 3 ] DEBUG Engine               - Logging environment variables
14:07:42.851 [FXGL Background Thread 3 ] DEBUG Engine               - achievements: []
14:07:42.851 [FXGL Background Thread 3 ] DEBUG Engine               - actualHeight: 720.0
14:07:42.851 [FXGL Background Thread 3 ] DEBUG Engine               - actualHeightProperty: ReadOnlyDoubleProperty [value: 720.0]
14:07:42.851 [FXGL Background Thread 3 ] DEBUG Engine               - actualWidth: 1280.0
14:07:42.851 [FXGL Background Thread 3 ] DEBUG Engine               - actualWidthProperty: ReadOnlyDoubleProperty [value: 1280.0]
14:07:42.852 [FXGL Background Thread 3 ] DEBUG Engine               - appIcon: fxgl_icon.png
14:07:42.852 [FXGL Background Thread 3 ] DEBUG Engine               - applicationMode: DEVELOPER
14:07:42.852 [FXGL Background Thread 3 ] DEBUG Engine               - cSSList: [fxgl_dark.css]
14:07:42.852 [FXGL Background Thread 3 ] DEBUG Engine               - collisionDetectionStrategy: BRUTE_FORCE
14:07:42.852 [FXGL Background Thread 3 ] DEBUG Engine               - configClass: Optional.empty
14:07:42.852 [FXGL Background Thread 3 ] DEBUG Engine               - credits: []
14:07:42.852 [FXGL Background Thread 3 ] DEBUG Engine               - defaultCursor: CursorInfo(imageName=fxgl_default_cursor.png, hotspotX=7.0, hotspotY=6.0)
14:07:42.852 [FXGL Background Thread 3 ] DEBUG Engine               - devBBoxColorProperty: ObjectProperty [value: 0xff0000ff]
14:07:42.852 [FXGL Background Thread 3 ] DEBUG Engine               - devEnableDebugCameraProperty: BooleanProperty [value: false]
14:07:42.852 [FXGL Background Thread 3 ] DEBUG Engine               - devSensorColorProperty: ObjectProperty [value: 0xffff00ff]
14:07:42.852 [FXGL Background Thread 3 ] DEBUG Engine               - devShowBBoxProperty: BooleanProperty [value: false]
14:07:42.852 [FXGL Background Thread 3 ] DEBUG Engine               - devShowPositionProperty: BooleanProperty [value: false]
14:07:42.852 [FXGL Background Thread 3 ] DEBUG Engine               - enabledMenuItems: []
14:07:42.852 [FXGL Background Thread 3 ] DEBUG Engine               - engineServices: [class com.almasb.fxgl.app.services.FXGLAssetLoaderService, class com.almasb.fxgl.app.FXGLApplication$GameApplicationService, class com.almasb.fxgl.app.services.FXGLDialogService, class com.almasb.fxgl.app.services.IOTaskExecutorService, class com.almasb.fxgl.io.FileSystemService, class com.almasb.fxgl.localization.LocalizationService, class com.almasb.fxgl.app.services.SystemBundleService, class com.almasb.fxgl.profile.SaveLoadService, class com.almasb.fxgl.ui.FXGLUIFactoryServiceProvider, class com.almasb.fxgl.ui.FXGLDialogFactoryServiceProvider, class com.almasb.fxgl.audio.AudioPlayer, class com.almasb.fxgl.notification.impl.NotificationServiceProvider, class com.almasb.fxgl.achievement.AchievementService, class com.almasb.fxgl.cutscene.CutsceneService, class com.almasb.fxgl.minigames.MiniGameService, class com.almasb.fxgl.net.NetService, class com.almasb.fxgl.app.services.UpdaterService, class com.almasb.fxgl.dev.DevService]
14:07:42.852 [FXGL Background Thread 3 ] DEBUG Engine               - fontGame: Abel-Regular.ttf
14:07:42.852 [FXGL Background Thread 3 ] DEBUG Engine               - fontMono: TerminalLandMono-Regular.otf
14:07:42.852 [FXGL Background Thread 3 ] DEBUG Engine               - fontText: Courier-Prime.ttf
14:07:42.852 [FXGL Background Thread 3 ] DEBUG Engine               - fontUI: VarelaRound-Regular.ttf
14:07:42.853 [FXGL Background Thread 3 ] DEBUG Engine               - fullScreen: BooleanProperty [value: false]
14:07:42.853 [FXGL Background Thread 3 ] DEBUG Engine               - gameDifficulty: MEDIUM
14:07:42.853 [FXGL Background Thread 3 ] DEBUG Engine               - gameDifficultyProperty: ObjectProperty [value: MEDIUM]
14:07:42.853 [FXGL Background Thread 3 ] DEBUG Engine               - globalMusicVolume: 0.5
14:07:42.853 [FXGL Background Thread 3 ] DEBUG Engine               - globalMusicVolumeProperty: DoubleProperty [value: 0.25]
14:07:42.853 [FXGL Background Thread 3 ] DEBUG Engine               - globalSoundVolume: 0.5
14:07:42.853 [FXGL Background Thread 3 ] DEBUG Engine               - globalSoundVolumeProperty: DoubleProperty [value: 0.5]
14:07:42.853 [FXGL Background Thread 3 ] DEBUG Engine               - height: 720
14:07:42.853 [FXGL Background Thread 3 ] DEBUG Engine               - is3D: false
14:07:42.853 [FXGL Background Thread 3 ] DEBUG Engine               - isAndroid: false
14:07:42.853 [FXGL Background Thread 3 ] DEBUG Engine               - isBrowser: false
14:07:42.853 [FXGL Background Thread 3 ] DEBUG Engine               - isClickFeedbackEnabled: false
14:07:42.853 [FXGL Background Thread 3 ] DEBUG Engine               - isCloseConfirmation: false
14:07:42.853 [FXGL Background Thread 3 ] DEBUG Engine               - isDesktop: true
14:07:42.853 [FXGL Background Thread 3 ] DEBUG Engine               - isDeveloperMenuEnabled: true
14:07:42.853 [FXGL Background Thread 3 ] DEBUG Engine               - isEmbedded: false
14:07:42.853 [FXGL Background Thread 3 ] DEBUG Engine               - isEntityPreloadEnabled: true
14:07:42.853 [FXGL Background Thread 3 ] DEBUG Engine               - isExperimentalTiledLargeMap: false
14:07:42.853 [FXGL Background Thread 3 ] DEBUG Engine               - isFileSystemWriteAllowed: true
14:07:42.853 [FXGL Background Thread 3 ] DEBUG Engine               - isFullScreenAllowed: false
14:07:42.853 [FXGL Background Thread 3 ] DEBUG Engine               - isFullScreenFromStart: false
14:07:42.853 [FXGL Background Thread 3 ] DEBUG Engine               - isGameMenuEnabled: true
14:07:42.853 [FXGL Background Thread 3 ] DEBUG Engine               - isIOS: false
14:07:42.853 [FXGL Background Thread 3 ] DEBUG Engine               - isIntroEnabled: false
14:07:42.853 [FXGL Background Thread 3 ] DEBUG Engine               - isLinux: false
14:07:42.853 [FXGL Background Thread 3 ] DEBUG Engine               - isMac: false
14:07:42.853 [FXGL Background Thread 3 ] DEBUG Engine               - isMainMenuEnabled: true
14:07:42.853 [FXGL Background Thread 3 ] DEBUG Engine               - isManualResizeEnabled: false
14:07:42.854 [FXGL Background Thread 3 ] DEBUG Engine               - isMobile: false
14:07:42.854 [FXGL Background Thread 3 ] DEBUG Engine               - isNative: false
14:07:42.854 [FXGL Background Thread 3 ] DEBUG Engine               - isPauseMusicWhenMinimized: true
14:07:42.854 [FXGL Background Thread 3 ] DEBUG Engine               - isPreserveResizeRatio: false
14:07:42.854 [FXGL Background Thread 3 ] DEBUG Engine               - isProfilingEnabled: false
14:07:42.854 [FXGL Background Thread 3 ] DEBUG Engine               - isScaleAffectedOnResize: true
14:07:42.854 [FXGL Background Thread 3 ] DEBUG Engine               - isSingleStep: false
14:07:42.854 [FXGL Background Thread 3 ] DEBUG Engine               - isUserProfileEnabled: false
14:07:42.854 [FXGL Background Thread 3 ] DEBUG Engine               - isWindows: true
14:07:42.854 [FXGL Background Thread 3 ] DEBUG Engine               - language: ObjectProperty [value: ENGLISH]
14:07:42.854 [FXGL Background Thread 3 ] DEBUG Engine               - menuKey: ESCAPE
14:07:42.854 [FXGL Background Thread 3 ] DEBUG Engine               - mouseSensitivity: 0.2
14:07:42.854 [FXGL Background Thread 3 ] DEBUG Engine               - notificationViewClass: class com.almasb.fxgl.notification.view.XboxNotificationView
14:07:42.854 [FXGL Background Thread 3 ] DEBUG Engine               - pixelsPerMeter: 50.0
14:07:42.854 [FXGL Background Thread 3 ] DEBUG Engine               - platform: WINDOWS
14:07:42.854 [FXGL Background Thread 3 ] DEBUG Engine               - prefHeightProperty: ReadOnlyDoubleProperty [value: 720.0]
14:07:42.854 [FXGL Background Thread 3 ] DEBUG Engine               - prefWidthProperty: ReadOnlyDoubleProperty [value: 1280.0]
14:07:42.854 [FXGL Background Thread 3 ] DEBUG Engine               - profileDir: profiles/
14:07:42.854 [FXGL Background Thread 3 ] DEBUG Engine               - profileName: StringProperty [value: DEFAULT]
14:07:42.854 [FXGL Background Thread 3 ] DEBUG Engine               - randomSeed: -1
14:07:42.855 [FXGL Background Thread 3 ] DEBUG Engine               - runtimeInfo: RuntimeInfo(platform=WINDOWS, version=17.2, build=20.08.2022 16.50)
14:07:42.855 [FXGL Background Thread 3 ] DEBUG Engine               - saveFileExt: sav
14:07:42.855 [FXGL Background Thread 3 ] DEBUG Engine               - scaledHeightProp$fxgl: DoubleProperty [bound, value: 720.0]
14:07:42.855 [FXGL Background Thread 3 ] DEBUG Engine               - scaledWidthProp$fxgl: DoubleProperty [bound, value: 1280.0]
14:07:42.855 [FXGL Background Thread 3 ] DEBUG Engine               - sceneFactory: com.sunsofgod.PlatformerApp$1@84a3ac6
14:07:42.855 [FXGL Background Thread 3 ] DEBUG Engine               - secondsIn24h: 60
14:07:42.855 [FXGL Background Thread 3 ] DEBUG Engine               - soundMenuBack: menu/back.wav
14:07:42.855 [FXGL Background Thread 3 ] DEBUG Engine               - soundMenuPress: menu/press.wav
14:07:42.855 [FXGL Background Thread 3 ] DEBUG Engine               - soundMenuSelect: menu/select.wav
14:07:42.855 [FXGL Background Thread 3 ] DEBUG Engine               - soundNotification: core/notification.wav
14:07:42.855 [FXGL Background Thread 3 ] DEBUG Engine               - stageStyle: DECORATED
14:07:42.855 [FXGL Background Thread 3 ] DEBUG Engine               - supportedLanguages: [ENGLISH, FRENCH, GERMAN, HUNGARIAN, RUSSIAN]
14:07:42.855 [FXGL Background Thread 3 ] DEBUG Engine               - ticksPerSecond: -1
14:07:42.855 [FXGL Background Thread 3 ] DEBUG Engine               - title: Untitled
14:07:42.855 [FXGL Background Thread 3 ] DEBUG Engine               - urlGithub: https://github.com/AlmasB/FXGL
14:07:42.855 [FXGL Background Thread 3 ] DEBUG Engine               - urlLeaderboard: http://fxgl-top.herokuapp.com/
14:07:42.855 [FXGL Background Thread 3 ] DEBUG Engine               - urlPOM: https://raw.githubusercontent.com/AlmasB/FXGL/release/README.md
14:07:42.855 [FXGL Background Thread 3 ] DEBUG Engine               - userAppClass: class com.sunsofgod.PlatformerApp
14:07:42.855 [FXGL Background Thread 3 ] DEBUG Engine               - version: 0.0
14:07:42.855 [FXGL Background Thread 3 ] DEBUG Engine               - versionCheckDays: 7
14:07:42.855 [FXGL Background Thread 3 ] DEBUG Engine               - width: 1280
14:07:42.855 [FXGL Background Thread 3 ] DEBUG Engine               - Logging services
14:07:42.855 [FXGL Background Thread 3 ] DEBUG Engine               - class com.almasb.fxgl.app.services.FXGLAssetLoaderService
14:07:42.855 [FXGL Background Thread 3 ] DEBUG Engine               - class com.almasb.fxgl.app.FXGLApplication$GameApplicationService
14:07:42.855 [FXGL Background Thread 3 ] DEBUG Engine               - class com.almasb.fxgl.app.services.FXGLDialogService
14:07:42.855 [FXGL Background Thread 3 ] DEBUG Engine               - class com.almasb.fxgl.app.services.IOTaskExecutorService
14:07:42.855 [FXGL Background Thread 3 ] DEBUG Engine               - class com.almasb.fxgl.io.FileSystemService
14:07:42.856 [FXGL Background Thread 3 ] DEBUG Engine               - class com.almasb.fxgl.localization.LocalizationService
14:07:42.856 [FXGL Background Thread 3 ] DEBUG Engine               - class com.almasb.fxgl.app.services.SystemBundleService
14:07:42.856 [FXGL Background Thread 3 ] DEBUG Engine               - class com.almasb.fxgl.profile.SaveLoadService
14:07:42.856 [FXGL Background Thread 3 ] DEBUG Engine               - class com.almasb.fxgl.ui.FXGLUIFactoryServiceProvider
14:07:42.856 [FXGL Background Thread 3 ] DEBUG Engine               - class com.almasb.fxgl.ui.FXGLDialogFactoryServiceProvider
14:07:42.856 [FXGL Background Thread 3 ] DEBUG Engine               - class com.almasb.fxgl.audio.AudioPlayer
14:07:42.856 [FXGL Background Thread 3 ] DEBUG Engine               - class com.almasb.fxgl.notification.impl.NotificationServiceProvider
14:07:42.856 [FXGL Background Thread 3 ] DEBUG Engine               - class com.almasb.fxgl.achievement.AchievementService
14:07:42.856 [FXGL Background Thread 3 ] DEBUG Engine               - class com.almasb.fxgl.cutscene.CutsceneService
14:07:42.856 [FXGL Background Thread 3 ] DEBUG Engine               - class com.almasb.fxgl.minigames.MiniGameService
14:07:42.856 [FXGL Background Thread 3 ] DEBUG Engine               - class com.almasb.fxgl.net.NetService
14:07:42.856 [FXGL Background Thread 3 ] DEBUG Engine               - class com.almasb.fxgl.app.services.UpdaterService
14:07:42.856 [FXGL Background Thread 3 ] DEBUG Engine               - class com.almasb.fxgl.dev.DevService
14:07:47.664 [JavaFX Application Thread] WARN  TMXLevelLoader       - TiledMap generated from 1.11.0. Supported version: 1.9.0. Some features may not be parsed fully.
14:07:47.666 [JavaFX Application Thread] DEBUG TMXLevelLoader       - Parsed TiledMap: file:/C:/Users/user/Desktop/JavaFXGame/target/classes/assets/levels/tmx/level6.tmx
14:07:47.666 [JavaFX Application Thread] DEBUG TMXLevelLoader       - Creating tile layer entities
14:07:47.666 [JavaFX Application Thread] DEBUG TilesetLoader        - Loading view for layer Tile Layer 1
14:07:47.667 [JavaFX Application Thread] DEBUG TilesetLoader        - Created buffer with size 1050.0x700.0
14:07:47.674 [JavaFX Application Thread] DEBUG TMXLevelLoader       - Creating object layer entities
14:07:47.677 [JavaFX Application Thread] DEBUG GameWorld            - Clearing removable entities
14:07:47.678 [JavaFX Application Thread] DEBUG GameWorld            - Setting level: com.almasb.fxgl.entity.level.Level@55dc4e88
14:07:48.471 [JavaFX Application Thread] DEBUG FXGLApplication      - Exiting FXGL
14:07:48.471 [JavaFX Application Thread] DEBUG LoopRunner           - Stopping loop
14:07:48.471 [JavaFX Application Thread] DEBUG SystemBundleService  - Saving FXGL system data
14:07:48.473 [JavaFX Application Thread] DEBUG FileSystemAccess     - Writing to: C:\Users\user\Desktop\JavaFXGame\system\fxgl.bundle
14:07:48.474 [JavaFX Application Thread] DEBUG Async                - Shutting down background threads
14:07:48.475 [JavaFX Application Thread] DEBUG PrimaryStageWindow   - Closing main window
14:07:48.483 [JavaFX Application Thread] DEBUG Logger               - Closing Logger
