02:13:18.410 [main                     ] DEBUG Logger               - Configured Logger
02:13:18.430 [main                     ] DEBUG GameApplication      - Logging settings
Title: Untitled
Version: 0.0
Width: 1280
Height: 720
Fullscreen: false
Intro: false
Profiling: false
Single step:false
App Mode: DEVELOPER
Menu Key: ESCAPE
Stage Style: DECORATED
Scene Factory: class com.sunsofgod.PlatformerApp$2

02:13:18.771 [JavaFX Application Thread] DEBUG FXGLApplication      - Initializing FXGL
02:13:18.775 [JavaFX Application Thread] INFO  Engine               - FXGL-17.2 (20.08.2022 16.50) on WINDOWS (J:22.0.1 FX:17.0.12)
02:13:18.775 [JavaFX Application Thread] DEBUG Engine               - JRE Vendor Name: Oracle Corporation
02:13:18.776 [JavaFX Application Thread] DEBUG Engine               - Running on OS: Windows 11 version 10.0
02:13:18.776 [JavaFX Application Thread] DEBUG Engine               - Architecture: amd64
02:13:18.776 [JavaFX Application Thread] INFO  Engine               - Source code and latest versions at: https://github.com/AlmasB/FXGL
02:13:18.776 [JavaFX Application Thread] INFO  Engine               -       Ask questions and discuss at: https://github.com/AlmasB/FXGL/discussions
02:13:18.776 [JavaFX Application Thread] INFO  Engine               -              Join the FXGL chat at: https://gitter.im/AlmasB/FXGL
02:13:18.859 [JavaFX Application Thread] DEBUG PrimaryStageWindow   - Creating a JavaFX scene
02:13:18.898 [JavaFX Application Thread] DEBUG PrimaryStageWindow   - Target settings size: 1280.0 x 720.0
02:13:18.898 [JavaFX Application Thread] DEBUG PrimaryStageWindow   - Scaled scene size:    1280.0 x 720.0
02:13:18.899 [JavaFX Application Thread] DEBUG PrimaryStageWindow   - Scaled ratio: (1.0, 1.0)
02:13:18.899 [JavaFX Application Thread] DEBUG PrimaryStageWindow   - Set initial scene to FXGLStartupScene
02:13:18.906 [JavaFX Application Thread] DEBUG PrimaryStageWindow   - Opening main window
02:13:18.975 [JavaFX Application Thread] DEBUG PrimaryStageWindow   - Window border size: (14.6666259765625, 37.33331298828125)
02:13:18.975 [JavaFX Application Thread] DEBUG PrimaryStageWindow   - Scaled size: 1280.0 x 720.0
02:13:18.976 [JavaFX Application Thread] DEBUG PrimaryStageWindow   - Scaled ratio: (1.0, 1.0)
02:13:18.976 [JavaFX Application Thread] DEBUG PrimaryStageWindow   - Scene size: 1280.0 x 720.0
02:13:18.976 [JavaFX Application Thread] DEBUG PrimaryStageWindow   - Stage size: 1294.6666259765625 x 757.3333129882812
02:13:18.983 [FXGL Background Thread 1 ] DEBUG Engine               - Initializing environment variables
02:13:19.045 [FXGL Background Thread 1 ] DEBUG FXGLAssetLoaderServi - User app class for loading assets: class com.sunsofgod.PlatformerApp
02:13:19.046 [FXGL Background Thread 1 ] DEBUG GameApplicationServi - Applying CSS: fxgl_dark.css
02:13:19.047 [FXGL Background Thread 1 ] DEBUG FXGLAssetLoaderServi - Loading from file system: jar:file:///C:/Users/Neric/.m2/repository/com/github/almasb/fxgl/17.2/fxgl-17.2.jar!/fxglassets/ui/css/fxgl_dark.css
02:13:19.092 [FXGL Background Thread 1 ] DEBUG GameApplicationServi - Initializing application scenes
02:13:19.146 [FXGL Background Thread 1 ] WARN  FXGLAssetLoaderServi - Asset "/assets/textures/player.png" was not found!
02:13:19.147 [FXGL Background Thread 1 ] WARN  FXGLAssetLoaderServi - Failed to load IMAGE
02:13:19.192 [FXGL Background Thread 1 ] DEBUG GameWorld            - Game world initialized
02:13:19.241 [FXGL Background Thread 1 ] DEBUG PhysicsWorld         - Physics world initialized: appHeight=720, physics.ppm=50.0
02:13:19.241 [FXGL Background Thread 1 ] DEBUG PhysicsWorld         - Using strategy: BRUTE_FORCE
02:13:19.244 [FXGL Background Thread 1 ] DEBUG GameScene            - Game scene initialized: 1280x720
02:13:19.631 [FXGL Background Thread 1 ] DEBUG FXGL.DefaultMenu     - createMenuBodyGameMenu()
02:13:19.641 [FXGL Background Thread 1 ] DEBUG FXGL.DefaultMenu     - createOptionsMenu()
02:13:19.647 [FXGL Background Thread 1 ] DEBUG FXGLAssetLoaderServi - Loading from file system: jar:file:///C:/Users/Neric/.m2/repository/com/github/almasb/fxgl/17.2/fxgl-17.2.jar!/fxglassets/textures/particles/smoke.png
02:13:19.690 [FXGL Background Thread 1 ] DEBUG FXGLAssetLoaderServi - Loading from file system: jar:file:///C:/Users/Neric/.m2/repository/com/github/almasb/fxgl/17.2/fxgl-17.2.jar!/fxglassets/textures/particles/trace_horizontal.png
02:13:19.700 [FXGL Background Thread 1 ] DEBUG GameApplicationServi - Application scenes initialized
02:13:19.720 [FXGL Background Thread 1 ] DEBUG SystemBundleService  - Loading FXGL system data
02:13:19.723 [FXGL Background Thread 1 ] DEBUG FileSystemAccess     - Reading from: C:\Users\Neric\Desktop\JavaFXGame\system\fxgl.bundle
02:13:19.732 [FXGL Background Thread 1 ] DEBUG SystemBundleService  - Bundle FXGL: {}
02:13:19.733 [FXGL Background Thread 1 ] DEBUG UpdaterService       - Checking for updates
02:13:19.754 [FXGL Background Thread 4 ] DEBUG FXGLApplication      - Loading fonts
02:13:19.755 [FXGL Background Thread 4 ] DEBUG FXGLAssetLoaderServi - Loading from file system: jar:file:///C:/Users/Neric/.m2/repository/com/github/almasb/fxgl/17.2/fxgl-17.2.jar!/fxglassets/ui/fonts/VarelaRound-Regular.ttf
02:13:19.754 [FXGL Background Thread 1 ] DEBUG FXGLApplication      - Loading default localization
02:13:19.755 [FXGL Background Thread 1 ] DEBUG FXGLAssetLoaderServi - Loading from file system: jar:file:///C:/Users/Neric/.m2/repository/com/github/almasb/fxgl/17.2/fxgl-17.2.jar!/fxglassets/languages/english.lang
02:13:19.784 [FXGL Background Thread 1 ] INFO  FXGLApplication      - FXGL initialization took: 0.800 sec
02:13:19.785 [JavaFX Application Thread] DEBUG FXGLAssetLoaderServi - Loading from file system: jar:file:///C:/Users/Neric/.m2/repository/com/github/almasb/fxgl/17.2/fxgl-17.2.jar!/fxglassets/textures/fxgl_icon.png
02:13:19.795 [JavaFX Application Thread] DEBUG FXGLAssetLoaderServi - Loading from file system: jar:file:///C:/Users/Neric/.m2/repository/com/github/almasb/fxgl/17.2/fxgl-17.2.jar!/fxglassets/textures/fxgl_default_cursor.png
02:13:19.800 [FXGL Background Thread 4 ] DEBUG FXGLAssetLoaderServi - Loading from file system: jar:file:///C:/Users/Neric/.m2/repository/com/github/almasb/fxgl/17.2/fxgl-17.2.jar!/fxglassets/ui/fonts/Abel-Regular.ttf
02:13:19.806 [FXGL Background Thread 4 ] DEBUG FXGLAssetLoaderServi - Loading from file system: jar:file:///C:/Users/Neric/.m2/repository/com/github/almasb/fxgl/17.2/fxgl-17.2.jar!/fxglassets/ui/fonts/TerminalLandMono-Regular.otf
02:13:19.808 [JavaFX Application Thread] DEBUG Input                - Registered new binding: Screenshot - CTRL+8
02:13:19.808 [JavaFX Application Thread] DEBUG Input                - Registered new binding: Dev Options - 1
02:13:19.809 [JavaFX Application Thread] DEBUG Input                - Registered new binding: Dev Console - 2
02:13:19.809 [JavaFX Application Thread] DEBUG Input                - Registered new binding: System info dump - CTRL+9
02:13:19.809 [JavaFX Application Thread] DEBUG Input                - Registered new binding: Restart - CTRL+R
02:13:19.810 [JavaFX Application Thread] DEBUG Input                - Registered new binding: Toggle Debug Camera - CTRL+7
02:13:19.812 [FXGL Background Thread 4 ] DEBUG FXGLAssetLoaderServi - Loading from file system: jar:file:///C:/Users/Neric/.m2/repository/com/github/almasb/fxgl/17.2/fxgl-17.2.jar!/fxglassets/ui/fonts/Courier-Prime.ttf
02:13:19.814 [JavaFX Application Thread] DEBUG LoopRunner           - Starting loop
02:13:19.828 [JavaFX Application Thread] DEBUG LoopRunner           - Initializing JavaFX AnimationTimerLoop
02:13:19.830 [JavaFX Application Thread] DEBUG Input                - Clearing active input actions
02:13:19.843 [JavaFX Application Thread] DEBUG GameApplicationServi - Removing overlay from FXGLStartupScene and adding to FXGLMainMenuDummyScene
02:13:19.849 [JavaFX Application Thread] DEBUG PrimaryStageWindow   - FXGLStartupScene -> FXGLMainMenuDummyScene
02:13:19.849 [JavaFX Application Thread] DEBUG PrimaryStageWindow   - Push state: RiderMainMenuScene
02:13:19.849 [JavaFX Application Thread] DEBUG Input                - Clearing active input actions
02:13:19.855 [JavaFX Application Thread] DEBUG GameApplicationServi - Removing overlay from FXGLMainMenuDummyScene and adding to RiderMainMenuScene
02:13:19.856 [JavaFX Application Thread] DEBUG PrimaryStageWindow   - FXGLMainMenuDummyScene -> RiderMainMenuScene
02:13:20.001 [JavaFX Application Thread] DEBUG FXGLApplication      - Registering font factories with UI factory
02:13:20.152 [FXGL Background Thread 2 ] INFO  UpdaterService       - Your current version:  17.2
02:13:20.152 [FXGL Background Thread 2 ] INFO  UpdaterService       - Latest stable version: 21.1
02:13:22.753 [FXGL Background Thread 3 ] DEBUG Engine               - Logging environment variables
02:13:22.753 [FXGL Background Thread 3 ] DEBUG Engine               - achievements: []
02:13:22.754 [FXGL Background Thread 3 ] DEBUG Engine               - actualHeight: 720.0
02:13:22.754 [FXGL Background Thread 3 ] DEBUG Engine               - actualHeightProperty: ReadOnlyDoubleProperty [value: 720.0]
02:13:22.754 [FXGL Background Thread 3 ] DEBUG Engine               - actualWidth: 1280.0
02:13:22.754 [FXGL Background Thread 3 ] DEBUG Engine               - actualWidthProperty: ReadOnlyDoubleProperty [value: 1280.0]
02:13:22.754 [FXGL Background Thread 3 ] DEBUG Engine               - appIcon: fxgl_icon.png
02:13:22.754 [FXGL Background Thread 3 ] DEBUG Engine               - applicationMode: DEVELOPER
02:13:22.754 [FXGL Background Thread 3 ] DEBUG Engine               - cSSList: [fxgl_dark.css]
02:13:22.754 [FXGL Background Thread 3 ] DEBUG Engine               - collisionDetectionStrategy: BRUTE_FORCE
02:13:22.754 [FXGL Background Thread 3 ] DEBUG Engine               - configClass: Optional.empty
02:13:22.754 [FXGL Background Thread 3 ] DEBUG Engine               - credits: []
02:13:22.755 [FXGL Background Thread 3 ] DEBUG Engine               - defaultCursor: CursorInfo(imageName=fxgl_default_cursor.png, hotspotX=7.0, hotspotY=6.0)
02:13:22.755 [FXGL Background Thread 3 ] DEBUG Engine               - devBBoxColorProperty: ObjectProperty [value: 0xff0000ff]
02:13:22.755 [FXGL Background Thread 3 ] DEBUG Engine               - devEnableDebugCameraProperty: BooleanProperty [value: false]
02:13:22.755 [FXGL Background Thread 3 ] DEBUG Engine               - devSensorColorProperty: ObjectProperty [value: 0xffff00ff]
02:13:22.755 [FXGL Background Thread 3 ] DEBUG Engine               - devShowBBoxProperty: BooleanProperty [value: false]
02:13:22.755 [FXGL Background Thread 3 ] DEBUG Engine               - devShowPositionProperty: BooleanProperty [value: false]
02:13:22.755 [FXGL Background Thread 3 ] DEBUG Engine               - enabledMenuItems: []
02:13:22.755 [FXGL Background Thread 3 ] DEBUG Engine               - engineServices: [class com.almasb.fxgl.app.services.FXGLAssetLoaderService, class com.almasb.fxgl.app.FXGLApplication$GameApplicationService, class com.almasb.fxgl.app.services.FXGLDialogService, class com.almasb.fxgl.app.services.IOTaskExecutorService, class com.almasb.fxgl.io.FileSystemService, class com.almasb.fxgl.localization.LocalizationService, class com.almasb.fxgl.app.services.SystemBundleService, class com.almasb.fxgl.profile.SaveLoadService, class com.almasb.fxgl.ui.FXGLUIFactoryServiceProvider, class com.almasb.fxgl.ui.FXGLDialogFactoryServiceProvider, class com.almasb.fxgl.audio.AudioPlayer, class com.almasb.fxgl.notification.impl.NotificationServiceProvider, class com.almasb.fxgl.achievement.AchievementService, class com.almasb.fxgl.cutscene.CutsceneService, class com.almasb.fxgl.minigames.MiniGameService, class com.almasb.fxgl.net.NetService, class com.almasb.fxgl.app.services.UpdaterService, class com.almasb.fxgl.dev.DevService]
02:13:22.755 [FXGL Background Thread 3 ] DEBUG Engine               - fontGame: Abel-Regular.ttf
02:13:22.756 [FXGL Background Thread 3 ] DEBUG Engine               - fontMono: TerminalLandMono-Regular.otf
02:13:22.756 [FXGL Background Thread 3 ] DEBUG Engine               - fontText: Courier-Prime.ttf
02:13:22.756 [FXGL Background Thread 3 ] DEBUG Engine               - fontUI: VarelaRound-Regular.ttf
02:13:22.756 [FXGL Background Thread 3 ] DEBUG Engine               - fullScreen: BooleanProperty [value: false]
02:13:22.756 [FXGL Background Thread 3 ] DEBUG Engine               - gameDifficulty: MEDIUM
02:13:22.756 [FXGL Background Thread 3 ] DEBUG Engine               - gameDifficultyProperty: ObjectProperty [value: MEDIUM]
02:13:22.756 [FXGL Background Thread 3 ] DEBUG Engine               - globalMusicVolume: 0.5
02:13:22.756 [FXGL Background Thread 3 ] DEBUG Engine               - globalMusicVolumeProperty: DoubleProperty [value: 0.25]
02:13:22.756 [FXGL Background Thread 3 ] DEBUG Engine               - globalSoundVolume: 0.5
02:13:22.756 [FXGL Background Thread 3 ] DEBUG Engine               - globalSoundVolumeProperty: DoubleProperty [value: 0.5]
02:13:22.756 [FXGL Background Thread 3 ] DEBUG Engine               - height: 720
02:13:22.756 [FXGL Background Thread 3 ] DEBUG Engine               - is3D: false
02:13:22.756 [FXGL Background Thread 3 ] DEBUG Engine               - isAndroid: false
02:13:22.756 [FXGL Background Thread 3 ] DEBUG Engine               - isBrowser: false
02:13:22.756 [FXGL Background Thread 3 ] DEBUG Engine               - isClickFeedbackEnabled: false
02:13:22.756 [FXGL Background Thread 3 ] DEBUG Engine               - isCloseConfirmation: false
02:13:22.756 [FXGL Background Thread 3 ] DEBUG Engine               - isDesktop: true
02:13:22.756 [FXGL Background Thread 3 ] DEBUG Engine               - isDeveloperMenuEnabled: true
02:13:22.756 [FXGL Background Thread 3 ] DEBUG Engine               - isEmbedded: false
02:13:22.756 [FXGL Background Thread 3 ] DEBUG Engine               - isEntityPreloadEnabled: true
02:13:22.756 [FXGL Background Thread 3 ] DEBUG Engine               - isExperimentalTiledLargeMap: false
02:13:22.756 [FXGL Background Thread 3 ] DEBUG Engine               - isFileSystemWriteAllowed: true
02:13:22.756 [FXGL Background Thread 3 ] DEBUG Engine               - isFullScreenAllowed: false
02:13:22.756 [FXGL Background Thread 3 ] DEBUG Engine               - isFullScreenFromStart: false
02:13:22.756 [FXGL Background Thread 3 ] DEBUG Engine               - isGameMenuEnabled: true
02:13:22.756 [FXGL Background Thread 3 ] DEBUG Engine               - isIOS: false
02:13:22.756 [FXGL Background Thread 3 ] DEBUG Engine               - isIntroEnabled: false
02:13:22.756 [FXGL Background Thread 3 ] DEBUG Engine               - isLinux: false
02:13:22.756 [FXGL Background Thread 3 ] DEBUG Engine               - isMac: false
02:13:22.756 [FXGL Background Thread 3 ] DEBUG Engine               - isMainMenuEnabled: true
02:13:22.758 [FXGL Background Thread 3 ] DEBUG Engine               - isManualResizeEnabled: false
02:13:22.758 [FXGL Background Thread 3 ] DEBUG Engine               - isMobile: false
02:13:22.758 [FXGL Background Thread 3 ] DEBUG Engine               - isNative: false
02:13:22.758 [FXGL Background Thread 3 ] DEBUG Engine               - isPauseMusicWhenMinimized: true
02:13:22.758 [FXGL Background Thread 3 ] DEBUG Engine               - isPreserveResizeRatio: false
02:13:22.758 [FXGL Background Thread 3 ] DEBUG Engine               - isProfilingEnabled: false
02:13:22.758 [FXGL Background Thread 3 ] DEBUG Engine               - isScaleAffectedOnResize: true
02:13:22.758 [FXGL Background Thread 3 ] DEBUG Engine               - isSingleStep: false
02:13:22.758 [FXGL Background Thread 3 ] DEBUG Engine               - isUserProfileEnabled: false
02:13:22.758 [FXGL Background Thread 3 ] DEBUG Engine               - isWindows: true
02:13:22.758 [FXGL Background Thread 3 ] DEBUG Engine               - language: ObjectProperty [value: ENGLISH]
02:13:22.758 [FXGL Background Thread 3 ] DEBUG Engine               - menuKey: ESCAPE
02:13:22.758 [FXGL Background Thread 3 ] DEBUG Engine               - mouseSensitivity: 0.2
02:13:22.758 [FXGL Background Thread 3 ] DEBUG Engine               - notificationViewClass: class com.almasb.fxgl.notification.view.XboxNotificationView
02:13:22.758 [FXGL Background Thread 3 ] DEBUG Engine               - pixelsPerMeter: 50.0
02:13:22.758 [FXGL Background Thread 3 ] DEBUG Engine               - platform: WINDOWS
02:13:22.758 [FXGL Background Thread 3 ] DEBUG Engine               - prefHeightProperty: ReadOnlyDoubleProperty [value: 720.0]
02:13:22.758 [FXGL Background Thread 3 ] DEBUG Engine               - prefWidthProperty: ReadOnlyDoubleProperty [value: 1280.0]
02:13:22.758 [FXGL Background Thread 3 ] DEBUG Engine               - profileDir: profiles/
02:13:22.759 [FXGL Background Thread 3 ] DEBUG Engine               - profileName: StringProperty [value: DEFAULT]
02:13:22.759 [FXGL Background Thread 3 ] DEBUG Engine               - randomSeed: -1
02:13:22.759 [FXGL Background Thread 3 ] DEBUG Engine               - runtimeInfo: RuntimeInfo(platform=WINDOWS, version=17.2, build=20.08.2022 16.50)
02:13:22.759 [FXGL Background Thread 3 ] DEBUG Engine               - saveFileExt: sav
02:13:22.759 [FXGL Background Thread 3 ] DEBUG Engine               - scaledHeightProp$fxgl: DoubleProperty [bound, value: 720.0]
02:13:22.759 [FXGL Background Thread 3 ] DEBUG Engine               - scaledWidthProp$fxgl: DoubleProperty [bound, value: 1280.0]
02:13:22.759 [FXGL Background Thread 3 ] DEBUG Engine               - sceneFactory: com.sunsofgod.PlatformerApp$2@4a113353
02:13:22.759 [FXGL Background Thread 3 ] DEBUG Engine               - secondsIn24h: 60
02:13:22.759 [FXGL Background Thread 3 ] DEBUG Engine               - soundMenuBack: menu/back.wav
02:13:22.759 [FXGL Background Thread 3 ] DEBUG Engine               - soundMenuPress: menu/press.wav
02:13:22.759 [FXGL Background Thread 3 ] DEBUG Engine               - soundMenuSelect: menu/select.wav
02:13:22.759 [FXGL Background Thread 3 ] DEBUG Engine               - soundNotification: core/notification.wav
02:13:22.759 [FXGL Background Thread 3 ] DEBUG Engine               - stageStyle: DECORATED
02:13:22.759 [FXGL Background Thread 3 ] DEBUG Engine               - supportedLanguages: [ENGLISH, FRENCH, GERMAN, HUNGARIAN, RUSSIAN]
02:13:22.759 [FXGL Background Thread 3 ] DEBUG Engine               - ticksPerSecond: -1
02:13:22.760 [FXGL Background Thread 3 ] DEBUG Engine               - title: Untitled
02:13:22.760 [FXGL Background Thread 3 ] DEBUG Engine               - urlGithub: https://github.com/AlmasB/FXGL
02:13:22.760 [FXGL Background Thread 3 ] DEBUG Engine               - urlLeaderboard: http://fxgl-top.herokuapp.com/
02:13:22.760 [FXGL Background Thread 3 ] DEBUG Engine               - urlPOM: https://raw.githubusercontent.com/AlmasB/FXGL/release/README.md
02:13:22.760 [FXGL Background Thread 3 ] DEBUG Engine               - userAppClass: class com.sunsofgod.PlatformerApp
02:13:22.760 [FXGL Background Thread 3 ] DEBUG Engine               - version: 0.0
02:13:22.760 [FXGL Background Thread 3 ] DEBUG Engine               - versionCheckDays: 7
02:13:22.760 [FXGL Background Thread 3 ] DEBUG Engine               - width: 1280
02:13:22.760 [FXGL Background Thread 3 ] DEBUG Engine               - Logging services
02:13:22.760 [FXGL Background Thread 3 ] DEBUG Engine               - class com.almasb.fxgl.app.services.FXGLAssetLoaderService
02:13:22.760 [FXGL Background Thread 3 ] DEBUG Engine               - class com.almasb.fxgl.app.FXGLApplication$GameApplicationService
02:13:22.760 [FXGL Background Thread 3 ] DEBUG Engine               - class com.almasb.fxgl.app.services.FXGLDialogService
02:13:22.760 [FXGL Background Thread 3 ] DEBUG Engine               - class com.almasb.fxgl.app.services.IOTaskExecutorService
02:13:22.760 [FXGL Background Thread 3 ] DEBUG Engine               - class com.almasb.fxgl.io.FileSystemService
02:13:22.760 [FXGL Background Thread 3 ] DEBUG Engine               - class com.almasb.fxgl.localization.LocalizationService
02:13:22.760 [FXGL Background Thread 3 ] DEBUG Engine               - class com.almasb.fxgl.app.services.SystemBundleService
02:13:22.760 [FXGL Background Thread 3 ] DEBUG Engine               - class com.almasb.fxgl.profile.SaveLoadService
02:13:22.760 [FXGL Background Thread 3 ] DEBUG Engine               - class com.almasb.fxgl.ui.FXGLUIFactoryServiceProvider
02:13:22.760 [FXGL Background Thread 3 ] DEBUG Engine               - class com.almasb.fxgl.ui.FXGLDialogFactoryServiceProvider
02:13:22.760 [FXGL Background Thread 3 ] DEBUG Engine               - class com.almasb.fxgl.audio.AudioPlayer
02:13:22.760 [FXGL Background Thread 3 ] DEBUG Engine               - class com.almasb.fxgl.notification.impl.NotificationServiceProvider
02:13:22.760 [FXGL Background Thread 3 ] DEBUG Engine               - class com.almasb.fxgl.achievement.AchievementService
02:13:22.760 [FXGL Background Thread 3 ] DEBUG Engine               - class com.almasb.fxgl.cutscene.CutsceneService
02:13:22.760 [FXGL Background Thread 3 ] DEBUG Engine               - class com.almasb.fxgl.minigames.MiniGameService
02:13:22.761 [FXGL Background Thread 3 ] DEBUG Engine               - class com.almasb.fxgl.net.NetService
02:13:22.761 [FXGL Background Thread 3 ] DEBUG Engine               - class com.almasb.fxgl.app.services.UpdaterService
02:13:22.761 [FXGL Background Thread 3 ] DEBUG Engine               - class com.almasb.fxgl.dev.DevService
02:13:30.620 [JavaFX Application Thread] DEBUG PrimaryStageWindow   - Push state: PlayerSelectScene
02:13:30.621 [JavaFX Application Thread] DEBUG Input                - Clearing active input actions
02:13:30.622 [JavaFX Application Thread] DEBUG GameApplicationServi - Removing overlay from RiderMainMenuScene and adding to PlayerSelectScene
02:13:30.623 [JavaFX Application Thread] DEBUG PrimaryStageWindow   - RiderMainMenuScene -> PlayerSelectScene
02:13:32.270 [JavaFX Application Thread] DEBUG PrimaryStageWindow   - Pop state: PlayerSelectScene
02:13:32.270 [JavaFX Application Thread] DEBUG Input                - Clearing active input actions
02:13:32.271 [JavaFX Application Thread] DEBUG GameApplicationServi - Removing overlay from PlayerSelectScene and adding to RiderMainMenuScene
02:13:32.274 [JavaFX Application Thread] DEBUG PrimaryStageWindow   - RiderMainMenuScene <- PlayerSelectScene
02:13:32.420 [JavaFX Application Thread] DEBUG PrimaryStageWindow   - Push state: WorldSelectScene
02:13:32.421 [JavaFX Application Thread] DEBUG Input                - Clearing active input actions
02:13:32.422 [JavaFX Application Thread] DEBUG GameApplicationServi - Removing overlay from RiderMainMenuScene and adding to WorldSelectScene
02:13:32.422 [JavaFX Application Thread] DEBUG PrimaryStageWindow   - RiderMainMenuScene -> WorldSelectScene
02:13:33.847 [JavaFX Application Thread] DEBUG PrimaryStageWindow   - Pop state: WorldSelectScene
02:13:33.847 [JavaFX Application Thread] DEBUG Input                - Clearing active input actions
02:13:33.847 [JavaFX Application Thread] DEBUG GameApplicationServi - Removing overlay from WorldSelectScene and adding to RiderMainMenuScene
02:13:33.848 [JavaFX Application Thread] DEBUG PrimaryStageWindow   - RiderMainMenuScene <- WorldSelectScene
02:13:34.129 [JavaFX Application Thread] DEBUG PrimaryStageWindow   - Push state: LevelSelectScene
02:13:34.129 [JavaFX Application Thread] DEBUG Input                - Clearing active input actions
02:13:34.129 [JavaFX Application Thread] DEBUG GameApplicationServi - Removing overlay from RiderMainMenuScene and adding to LevelSelectScene
02:13:34.130 [JavaFX Application Thread] DEBUG PrimaryStageWindow   - RiderMainMenuScene -> LevelSelectScene
02:13:36.903 [JavaFX Application Thread] DEBUG Menu                 - fireNewGame()
02:13:36.903 [JavaFX Application Thread] DEBUG GameApplicationServi - Starting new game
02:13:36.903 [JavaFX Application Thread] DEBUG PrimaryStageWindow   - Pop state: LevelSelectScene
02:13:36.903 [JavaFX Application Thread] DEBUG Input                - Clearing active input actions
02:13:36.904 [JavaFX Application Thread] DEBUG GameApplicationServi - Removing overlay from LevelSelectScene and adding to RiderMainMenuScene
02:13:36.905 [JavaFX Application Thread] DEBUG PrimaryStageWindow   - RiderMainMenuScene <- LevelSelectScene
02:13:36.905 [JavaFX Application Thread] DEBUG PrimaryStageWindow   - Pop state: RiderMainMenuScene
02:13:36.905 [JavaFX Application Thread] DEBUG Input                - Clearing active input actions
02:13:36.905 [JavaFX Application Thread] DEBUG GameApplicationServi - Removing overlay from RiderMainMenuScene and adding to FXGLMainMenuDummyScene
02:13:36.905 [JavaFX Application Thread] DEBUG PrimaryStageWindow   - FXGLMainMenuDummyScene <- RiderMainMenuScene
02:13:36.905 [JavaFX Application Thread] DEBUG Input                - Clearing active input actions
02:13:36.914 [JavaFX Application Thread] DEBUG GameApplicationServi - Removing overlay from FXGLMainMenuDummyScene and adding to MainLoadingScene
02:13:36.916 [JavaFX Application Thread] DEBUG PrimaryStageWindow   - FXGLMainMenuDummyScene -> MainLoadingScene
02:13:36.916 [JavaFX Application Thread] DEBUG GameApplicationServi - Clearing previous game
02:13:36.916 [JavaFX Application Thread] DEBUG GameScene            - Clearing game scene
02:13:36.916 [JavaFX Application Thread] DEBUG GameWorld            - Clearing game world
02:13:36.917 [JavaFX Application Thread] DEBUG PhysicsWorld         - Clearing physics world
02:13:36.919 [FXGL Background Thread 2 ] DEBUG FXGLApplication      - Initializing game
02:13:36.991 [FXGL Background Thread 2 ] WARN  TMXLevelLoader       - TiledMap generated from 1.11.0. Supported version: 1.9.0. Some features may not be parsed fully.
02:13:37.018 [FXGL Background Thread 2 ] DEBUG TMXLevelLoader       - Parsed TiledMap: file:/C:/Users/Neric/Desktop/JavaFXGame/target/classes/assets/levels/tmx/level1.tmx
02:13:37.019 [FXGL Background Thread 2 ] DEBUG TMXLevelLoader       - Creating tile layer entities
02:13:37.022 [FXGL Background Thread 2 ] DEBUG TilesetLoader        - Loading view for layer Tile Layer 1
02:13:37.039 [FXGL Background Thread 2 ] DEBUG TilesetLoader        - Created buffer with size 5950.0x1750.0
02:13:37.067 [FXGL Background Thread 2 ] DEBUG TMXLevelLoader       - Creating object layer entities
02:13:37.087 [FXGL Background Thread 2 ] DEBUG FXGLAssetLoaderServi - Loading from file system: file:/C:/Users/Neric/Desktop/JavaFXGame/target/classes/assets/textures/button.png
02:13:37.116 [FXGL Background Thread 2 ] WARN  TMXLevelLoader       - Parse error
java.lang.IllegalArgumentException: No EntityFactory has a method annotated @Spawns(spawnpoint)
	at com.almasb.fxgl.entity@17.2/com.almasb.fxgl.entity.GameWorld.create(GameWorld.kt:413)
	at com.almasb.fxgl.entity@17.2/com.almasb.fxgl.entity.level.tiled.TMXLevelLoader.createObjectLayerEntities(TMXLevelLoader.kt:155)
	at com.almasb.fxgl.entity@17.2/com.almasb.fxgl.entity.level.tiled.TMXLevelLoader.load(TMXLevelLoader.kt:60)
	at com.almasb.fxgl.all@17.2/com.almasb.fxgl.app.services.FXGLAssetLoaderService.loadLevel(FXGLAssetLoaderService.kt:446)
	at com.almasb.fxgl.all@17.2/com.almasb.fxgl.dsl.FXGL$Companion.setLevelFromMap(FXGL.kt:634)
	at com.almasb.fxgl.all@17.2/com.almasb.fxgl.dsl.FXGL.setLevelFromMap(FXGL.kt)
	at com.sunsofgod/com.sunsofgod.PlatformerApp.setLevel(PlatformerApp.java:419)
	at com.sunsofgod/com.sunsofgod.PlatformerApp.nextLevel(PlatformerApp.java:388)
	at com.sunsofgod/com.sunsofgod.PlatformerApp.initGame(PlatformerApp.java:245)
	at com.almasb.fxgl.all@17.2/com.almasb.fxgl.app.FXGLApplication$InitAppTask.initGame(FXGLApplication.kt:339)
	at com.almasb.fxgl.all@17.2/com.almasb.fxgl.app.FXGLApplication$InitAppTask.call(FXGLApplication.kt:319)
	at com.almasb.fxgl.all@17.2/com.almasb.fxgl.app.FXGLApplication$InitAppTask.call(FXGLApplication.kt:311)
	at javafx.graphics/javafx.concurrent.Task$TaskCallable.call(Task.java:1426)
	at java.base/java.util.concurrent.FutureTask.run(FutureTask.java:317)
	at java.base/java.util.concurrent.Executors$RunnableAdapter.call(Executors.java:572)
	at java.base/java.util.concurrent.FutureTask.run(FutureTask.java:317)
	at java.base/java.util.concurrent.ThreadPoolExecutor.runWorker(ThreadPoolExecutor.java:1144)
	at java.base/java.util.concurrent.ThreadPoolExecutor$Worker.run(ThreadPoolExecutor.java:642)
	at java.base/java.lang.Thread.run(Thread.java:1570)

02:13:37.120 [JavaFX Application Thread] DEBUG LoopRunner           - Stopping loop
02:13:37.122 [JavaFX Application Thread] FATAL FXGLApplication      - Uncaught Exception:
java.lang.RuntimeException: Initialization failed
	at com.almasb.fxgl.all@17.2/com.almasb.fxgl.app.FXGLApplication$InitAppTask.failed(FXGLApplication.kt:343)
	at javafx.graphics/javafx.concurrent.Task.setState(Task.java:710)
	at javafx.graphics/javafx.concurrent.Task$TaskCallable.lambda$call$2(Task.java:1456)
	at javafx.graphics/com.sun.javafx.application.PlatformImpl.lambda$runLater$10(PlatformImpl.java:457)
	at java.base/java.security.AccessController.doPrivileged(AccessController.java:400)
	at javafx.graphics/com.sun.javafx.application.PlatformImpl.lambda$runLater$11(PlatformImpl.java:456)
	at javafx.graphics/com.sun.glass.ui.InvokeLaterDispatcher$Future.run(InvokeLaterDispatcher.java:96)
	at javafx.graphics/com.sun.glass.ui.win.WinApplication._runLoop(Native Method)
	at javafx.graphics/com.sun.glass.ui.win.WinApplication.lambda$runLoop$3(WinApplication.java:184)
	at java.base/java.lang.Thread.run(Thread.java:1570)
Caused by: com.almasb.fxgl.entity.level.LevelLoadingException: No EntityFactory has a method annotated @Spawns(spawnpoint)
	at com.almasb.fxgl.entity@17.2/com.almasb.fxgl.entity.level.tiled.TMXLevelLoader.load(TMXLevelLoader.kt:78)
	at com.almasb.fxgl.all@17.2/com.almasb.fxgl.app.services.FXGLAssetLoaderService.loadLevel(FXGLAssetLoaderService.kt:446)
	at com.almasb.fxgl.all@17.2/com.almasb.fxgl.dsl.FXGL$Companion.setLevelFromMap(FXGL.kt:634)
	at com.almasb.fxgl.all@17.2/com.almasb.fxgl.dsl.FXGL.setLevelFromMap(FXGL.kt)
	at com.sunsofgod/com.sunsofgod.PlatformerApp.setLevel(PlatformerApp.java:419)
	at com.sunsofgod/com.sunsofgod.PlatformerApp.nextLevel(PlatformerApp.java:388)
	at com.sunsofgod/com.sunsofgod.PlatformerApp.initGame(PlatformerApp.java:245)
	at com.almasb.fxgl.all@17.2/com.almasb.fxgl.app.FXGLApplication$InitAppTask.initGame(FXGLApplication.kt:339)
	at com.almasb.fxgl.all@17.2/com.almasb.fxgl.app.FXGLApplication$InitAppTask.call(FXGLApplication.kt:319)
	at com.almasb.fxgl.all@17.2/com.almasb.fxgl.app.FXGLApplication$InitAppTask.call(FXGLApplication.kt:311)
	at javafx.graphics/javafx.concurrent.Task$TaskCallable.call(Task.java:1426)
	at java.base/java.util.concurrent.FutureTask.run(FutureTask.java:317)
	at java.base/java.util.concurrent.Executors$RunnableAdapter.call(Executors.java:572)
	at java.base/java.util.concurrent.FutureTask.run(FutureTask.java:317)
	at java.base/java.util.concurrent.ThreadPoolExecutor.runWorker(ThreadPoolExecutor.java:1144)
	at java.base/java.util.concurrent.ThreadPoolExecutor$Worker.run(ThreadPoolExecutor.java:642)
	... 1 more
Caused by: java.lang.IllegalArgumentException: No EntityFactory has a method annotated @Spawns(spawnpoint)
	at com.almasb.fxgl.entity@17.2/com.almasb.fxgl.entity.GameWorld.create(GameWorld.kt:413)
	at com.almasb.fxgl.entity@17.2/com.almasb.fxgl.entity.level.tiled.TMXLevelLoader.createObjectLayerEntities(TMXLevelLoader.kt:155)
	at com.almasb.fxgl.entity@17.2/com.almasb.fxgl.entity.level.tiled.TMXLevelLoader.load(TMXLevelLoader.kt:60)
	... 16 more

02:13:37.124 [JavaFX Application Thread] FATAL FXGLApplication      - Application will now exit
02:13:37.132 [JavaFX Application Thread] DEBUG PrimaryStageWindow   - Push state: ErrorSubScene
02:13:37.132 [JavaFX Application Thread] DEBUG Input                - Clearing active input actions
02:13:37.132 [JavaFX Application Thread] DEBUG GameApplicationServi - Removing overlay from MainLoadingScene and adding to ErrorSubScene
02:13:37.133 [JavaFX Application Thread] DEBUG PrimaryStageWindow   - MainLoadingScene -> ErrorSubScene
02:13:38.638 [JavaFX Application Thread] DEBUG FXGLApplication      - Exiting FXGL
02:13:38.638 [JavaFX Application Thread] DEBUG Async                - Shutting down background threads
02:13:38.638 [JavaFX Application Thread] DEBUG PrimaryStageWindow   - Closing main window
02:13:38.655 [JavaFX Application Thread] DEBUG Logger               - Closing Logger
