<<<<<<< HEAD
23:52:04.885 [main                     ] DEBUG Logger               - Configured Logger
23:52:04.902 [main                     ] DEBUG GameApplication      - Logging settings
=======
23:51:40.846 [main                     ] DEBUG Logger               - Configured Logger
23:51:40.859 [main                     ] DEBUG GameApplication      - Logging settings
>>>>>>> 175a70d (with Encapsulation)
Title: Untitled
Version: 0.0
Width: 1280
Height: 720
Fullscreen: false
Intro: false
Profiling: false
Single step:false
App Mode: DEVELOPER
Menu Key: ESCAPE
Stage Style: DECORATED
Scene Factory: class com.sunsofgod.PlatformerApp$1

<<<<<<< HEAD
23:52:05.155 [JavaFX Application Thread] DEBUG FXGLApplication      - Initializing FXGL
23:52:05.159 [JavaFX Application Thread] INFO  Engine               - FXGL-17.2 (20.08.2022 16.50) on WINDOWS (J:21.0.4 FX:17.0.12)
23:52:05.159 [JavaFX Application Thread] DEBUG Engine               - JRE Vendor Name: Eclipse Adoptium
23:52:05.160 [JavaFX Application Thread] DEBUG Engine               - Running on OS: Windows 11 version 10.0
23:52:05.160 [JavaFX Application Thread] DEBUG Engine               - Architecture: amd64
23:52:05.160 [JavaFX Application Thread] INFO  Engine               - Source code and latest versions at: https://github.com/AlmasB/FXGL
23:52:05.160 [JavaFX Application Thread] INFO  Engine               -       Ask questions and discuss at: https://github.com/AlmasB/FXGL/discussions
23:52:05.160 [JavaFX Application Thread] INFO  Engine               -              Join the FXGL chat at: https://gitter.im/AlmasB/FXGL
23:52:05.222 [JavaFX Application Thread] DEBUG PrimaryStageWindow   - Creating a JavaFX scene
23:52:05.257 [JavaFX Application Thread] DEBUG PrimaryStageWindow   - Target settings size: 1280.0 x 720.0
23:52:05.257 [JavaFX Application Thread] DEBUG PrimaryStageWindow   - Scaled scene size:    1280.0 x 720.0
23:52:05.257 [JavaFX Application Thread] DEBUG PrimaryStageWindow   - Scaled ratio: (1.0, 1.0)
23:52:05.258 [JavaFX Application Thread] DEBUG PrimaryStageWindow   - Set initial scene to FXGLStartupScene
23:52:05.263 [JavaFX Application Thread] DEBUG PrimaryStageWindow   - Opening main window
23:52:05.325 [JavaFX Application Thread] DEBUG PrimaryStageWindow   - Window border size: (14.4000244140625, 37.5999755859375)
23:52:05.325 [JavaFX Application Thread] DEBUG PrimaryStageWindow   - Scaled size: 1280.0 x 720.0
23:52:05.326 [JavaFX Application Thread] DEBUG PrimaryStageWindow   - Scaled ratio: (1.0, 1.0)
23:52:05.326 [JavaFX Application Thread] DEBUG PrimaryStageWindow   - Scene size: 1280.0 x 720.0
23:52:05.326 [JavaFX Application Thread] DEBUG PrimaryStageWindow   - Stage size: 1294.4000244140625 x 757.5999755859375
23:52:05.332 [FXGL Background Thread 1 ] DEBUG Engine               - Initializing environment variables
23:52:05.367 [FXGL Background Thread 1 ] DEBUG FXGLAssetLoaderServi - User app class for loading assets: class com.sunsofgod.PlatformerApp
23:52:05.367 [FXGL Background Thread 1 ] DEBUG GameApplicationServi - Applying CSS: fxgl_dark.css
23:52:05.368 [FXGL Background Thread 1 ] DEBUG FXGLAssetLoaderServi - Loading from file system: jar:file:///C:/Users/jamie/.m2/repository/com/github/almasb/fxgl/17.2/fxgl-17.2.jar!/fxglassets/ui/css/fxgl_dark.css
23:52:05.407 [FXGL Background Thread 1 ] DEBUG GameApplicationServi - Initializing application scenes
23:52:05.444 [FXGL Background Thread 1 ] WARN  FXGLAssetLoaderServi - Asset "/assets/textures/player.png" was not found!
23:52:05.445 [FXGL Background Thread 1 ] WARN  FXGLAssetLoaderServi - Failed to load IMAGE
23:52:05.466 [FXGL Background Thread 1 ] DEBUG GameWorld            - Game world initialized
23:52:05.509 [FXGL Background Thread 1 ] DEBUG PhysicsWorld         - Physics world initialized: appHeight=720, physics.ppm=50.0
23:52:05.510 [FXGL Background Thread 1 ] DEBUG PhysicsWorld         - Using strategy: BRUTE_FORCE
23:52:05.513 [FXGL Background Thread 1 ] DEBUG GameScene            - Game scene initialized: 1280x720
23:52:05.777 [FXGL Background Thread 1 ] DEBUG FXGL.DefaultMenu     - createMenuBodyGameMenu()
23:52:05.785 [FXGL Background Thread 1 ] DEBUG FXGL.DefaultMenu     - createOptionsMenu()
23:52:05.790 [FXGL Background Thread 1 ] DEBUG FXGLAssetLoaderServi - Loading from file system: jar:file:///C:/Users/jamie/.m2/repository/com/github/almasb/fxgl/17.2/fxgl-17.2.jar!/fxglassets/textures/particles/smoke.png
23:52:05.828 [FXGL Background Thread 1 ] DEBUG FXGLAssetLoaderServi - Loading from file system: jar:file:///C:/Users/jamie/.m2/repository/com/github/almasb/fxgl/17.2/fxgl-17.2.jar!/fxglassets/textures/particles/trace_horizontal.png
23:52:05.838 [FXGL Background Thread 1 ] DEBUG GameApplicationServi - Application scenes initialized
23:52:05.848 [FXGL Background Thread 1 ] DEBUG SystemBundleService  - Loading FXGL system data
23:52:05.853 [FXGL Background Thread 1 ] DEBUG FileSystemAccess     - Reading from: C:\Users\jamie\OneDrive\Pictures\JavaFXGame\system\fxgl.bundle
23:52:05.862 [FXGL Background Thread 1 ] DEBUG SystemBundleService  - Bundle FXGL: {}
23:52:05.862 [FXGL Background Thread 1 ] DEBUG UpdaterService       - Checking for updates
23:52:05.887 [FXGL Background Thread 4 ] DEBUG FXGLApplication      - Loading fonts
23:52:05.887 [FXGL Background Thread 1 ] DEBUG FXGLApplication      - Loading default localization
23:52:05.887 [FXGL Background Thread 4 ] DEBUG FXGLAssetLoaderServi - Loading from file system: jar:file:///C:/Users/jamie/.m2/repository/com/github/almasb/fxgl/17.2/fxgl-17.2.jar!/fxglassets/ui/fonts/VarelaRound-Regular.ttf
23:52:05.888 [FXGL Background Thread 1 ] DEBUG FXGLAssetLoaderServi - Loading from file system: jar:file:///C:/Users/jamie/.m2/repository/com/github/almasb/fxgl/17.2/fxgl-17.2.jar!/fxglassets/languages/english.lang
23:52:05.901 [FXGL Background Thread 1 ] INFO  FXGLApplication      - FXGL initialization took: 0.569 sec
23:52:05.902 [JavaFX Application Thread] DEBUG FXGLAssetLoaderServi - Loading from file system: jar:file:///C:/Users/jamie/.m2/repository/com/github/almasb/fxgl/17.2/fxgl-17.2.jar!/fxglassets/textures/fxgl_icon.png
23:52:05.911 [JavaFX Application Thread] DEBUG FXGLAssetLoaderServi - Loading from file system: jar:file:///C:/Users/jamie/.m2/repository/com/github/almasb/fxgl/17.2/fxgl-17.2.jar!/fxglassets/textures/fxgl_default_cursor.png
23:52:05.916 [FXGL Background Thread 4 ] DEBUG FXGLAssetLoaderServi - Loading from file system: jar:file:///C:/Users/jamie/.m2/repository/com/github/almasb/fxgl/17.2/fxgl-17.2.jar!/fxglassets/ui/fonts/Abel-Regular.ttf
23:52:05.919 [FXGL Background Thread 4 ] DEBUG FXGLAssetLoaderServi - Loading from file system: jar:file:///C:/Users/jamie/.m2/repository/com/github/almasb/fxgl/17.2/fxgl-17.2.jar!/fxglassets/ui/fonts/TerminalLandMono-Regular.otf
23:52:05.921 [JavaFX Application Thread] DEBUG Input                - Registered new binding: Screenshot - CTRL+8
23:52:05.923 [JavaFX Application Thread] DEBUG Input                - Registered new binding: Dev Options - 1
23:52:05.923 [JavaFX Application Thread] DEBUG Input                - Registered new binding: Dev Console - 2
23:52:05.924 [FXGL Background Thread 4 ] DEBUG FXGLAssetLoaderServi - Loading from file system: jar:file:///C:/Users/jamie/.m2/repository/com/github/almasb/fxgl/17.2/fxgl-17.2.jar!/fxglassets/ui/fonts/Courier-Prime.ttf
23:52:05.924 [JavaFX Application Thread] DEBUG Input                - Registered new binding: System info dump - CTRL+9
23:52:05.924 [JavaFX Application Thread] DEBUG Input                - Registered new binding: Restart - CTRL+R
23:52:05.925 [JavaFX Application Thread] DEBUG Input                - Registered new binding: Toggle Debug Camera - CTRL+7
23:52:05.927 [JavaFX Application Thread] DEBUG LoopRunner           - Starting loop
23:52:05.940 [JavaFX Application Thread] DEBUG LoopRunner           - Initializing JavaFX AnimationTimerLoop
23:52:05.944 [JavaFX Application Thread] DEBUG Input                - Clearing active input actions
23:52:05.955 [JavaFX Application Thread] DEBUG GameApplicationServi - Removing overlay from FXGLStartupScene and adding to FXGLMainMenuDummyScene
23:52:05.958 [JavaFX Application Thread] DEBUG PrimaryStageWindow   - FXGLStartupScene -> FXGLMainMenuDummyScene
23:52:05.960 [JavaFX Application Thread] DEBUG PrimaryStageWindow   - Push state: RiderMainMenuScene
23:52:05.960 [JavaFX Application Thread] DEBUG Input                - Clearing active input actions
23:52:05.964 [JavaFX Application Thread] DEBUG GameApplicationServi - Removing overlay from FXGLMainMenuDummyScene and adding to RiderMainMenuScene
23:52:05.965 [JavaFX Application Thread] DEBUG PrimaryStageWindow   - FXGLMainMenuDummyScene -> RiderMainMenuScene
23:52:06.111 [JavaFX Application Thread] DEBUG FXGLApplication      - Registering font factories with UI factory
23:52:06.226 [FXGL Background Thread 2 ] INFO  UpdaterService       - Your current version:  17.2
23:52:06.226 [FXGL Background Thread 2 ] INFO  UpdaterService       - Latest stable version: 21.1
23:52:07.706 [JavaFX Application Thread] DEBUG FXGLApplication      - Exiting FXGL
23:52:07.706 [JavaFX Application Thread] DEBUG LoopRunner           - Stopping loop
23:52:07.707 [JavaFX Application Thread] DEBUG SystemBundleService  - Saving FXGL system data
23:52:07.708 [JavaFX Application Thread] DEBUG FileSystemAccess     - Writing to: C:\Users\jamie\OneDrive\Pictures\JavaFXGame\system\fxgl.bundle
23:52:07.711 [JavaFX Application Thread] DEBUG Async                - Shutting down background threads
23:52:07.711 [JavaFX Application Thread] DEBUG PrimaryStageWindow   - Closing main window
23:52:07.720 [JavaFX Application Thread] DEBUG Logger               - Closing Logger
=======
23:51:41.128 [JavaFX Application Thread] DEBUG FXGLApplication      - Initializing FXGL
23:51:41.130 [JavaFX Application Thread] INFO  Engine               - FXGL-17.2 (20.08.2022 16.50) on MAC (J:17.0.2 FX:17.0.12)
23:51:41.130 [JavaFX Application Thread] DEBUG Engine               - JRE Vendor Name: Oracle Corporation
23:51:41.130 [JavaFX Application Thread] DEBUG Engine               - Running on OS: Mac OS X version 15.1
23:51:41.130 [JavaFX Application Thread] DEBUG Engine               - Architecture: aarch64
23:51:41.131 [JavaFX Application Thread] INFO  Engine               - Source code and latest versions at: https://github.com/AlmasB/FXGL
23:51:41.131 [JavaFX Application Thread] INFO  Engine               -       Ask questions and discuss at: https://github.com/AlmasB/FXGL/discussions
23:51:41.131 [JavaFX Application Thread] INFO  Engine               -              Join the FXGL chat at: https://gitter.im/AlmasB/FXGL
23:51:41.177 [JavaFX Application Thread] DEBUG PrimaryStageWindow   - Creating a JavaFX scene
23:51:41.195 [JavaFX Application Thread] DEBUG PrimaryStageWindow   - Target settings size: 1280.0 x 720.0
23:51:41.195 [JavaFX Application Thread] DEBUG PrimaryStageWindow   - Scaled scene size:    1280.0 x 720.0
23:51:41.195 [JavaFX Application Thread] DEBUG PrimaryStageWindow   - Scaled ratio: (1.0, 1.0)
23:51:41.196 [JavaFX Application Thread] DEBUG PrimaryStageWindow   - Set initial scene to FXGLStartupScene
23:51:41.198 [JavaFX Application Thread] DEBUG PrimaryStageWindow   - Opening main window
23:51:41.308 [JavaFX Application Thread] DEBUG PrimaryStageWindow   - Window border size: (0.0, 28.0)
23:51:41.308 [JavaFX Application Thread] DEBUG PrimaryStageWindow   - Scaled size: 1280.0 x 720.0
23:51:41.308 [JavaFX Application Thread] DEBUG PrimaryStageWindow   - Scaled ratio: (1.0, 1.0)
23:51:41.308 [JavaFX Application Thread] DEBUG PrimaryStageWindow   - Scene size: 1280.0 x 720.0
23:51:41.308 [JavaFX Application Thread] DEBUG PrimaryStageWindow   - Stage size: 1280.0 x 748.0
23:51:41.323 [FXGL Background Thread 1 ] DEBUG Engine               - Initializing environment variables
23:51:41.344 [FXGL Background Thread 1 ] DEBUG FXGLAssetLoaderServi - User app class for loading assets: class com.sunsofgod.PlatformerApp
23:51:41.344 [FXGL Background Thread 1 ] DEBUG GameApplicationServi - Applying CSS: fxgl_dark.css
23:51:41.345 [FXGL Background Thread 1 ] DEBUG FXGLAssetLoaderServi - Loading from file system: jar:file:///Users/aaron/.m2/repository/com/github/almasb/fxgl/17.2/fxgl-17.2.jar!/fxglassets/ui/css/fxgl_dark.css
23:51:41.371 [FXGL Background Thread 1 ] DEBUG GameApplicationServi - Initializing application scenes
23:51:41.509 [FXGL Background Thread 1 ] WARN  FXGLAssetLoaderServi - Asset "/assets/textures/player.png" was not found!
23:51:41.511 [FXGL Background Thread 1 ] WARN  FXGLAssetLoaderServi - Failed to load IMAGE
23:51:41.539 [FXGL Background Thread 1 ] DEBUG GameWorld            - Game world initialized
23:51:41.566 [FXGL Background Thread 1 ] DEBUG PhysicsWorld         - Physics world initialized: appHeight=720, physics.ppm=50.0
23:51:41.566 [FXGL Background Thread 1 ] DEBUG PhysicsWorld         - Using strategy: BRUTE_FORCE
23:51:41.568 [FXGL Background Thread 1 ] DEBUG GameScene            - Game scene initialized: 1280x720
23:51:41.978 [FXGL Background Thread 1 ] DEBUG FXGL.DefaultMenu     - createMenuBodyGameMenu()
23:51:41.984 [FXGL Background Thread 1 ] DEBUG FXGL.DefaultMenu     - createOptionsMenu()
23:51:41.987 [FXGL Background Thread 1 ] DEBUG FXGLAssetLoaderServi - Loading from file system: jar:file:///Users/aaron/.m2/repository/com/github/almasb/fxgl/17.2/fxgl-17.2.jar!/fxglassets/textures/particles/smoke.png
23:51:42.022 [FXGL Background Thread 1 ] DEBUG FXGLAssetLoaderServi - Loading from file system: jar:file:///Users/aaron/.m2/repository/com/github/almasb/fxgl/17.2/fxgl-17.2.jar!/fxglassets/textures/particles/trace_horizontal.png
23:51:42.029 [FXGL Background Thread 1 ] DEBUG GameApplicationServi - Application scenes initialized
23:51:42.037 [FXGL Background Thread 1 ] DEBUG SystemBundleService  - Loading FXGL system data
23:51:42.040 [FXGL Background Thread 1 ] DEBUG FileSystemAccess     - Reading from: /Users/aaron/JavaFXGame/system/fxgl.bundle
23:51:42.048 [FXGL Background Thread 1 ] DEBUG SystemBundleService  - Bundle FXGL: {}
23:51:42.048 [FXGL Background Thread 1 ] DEBUG UpdaterService       - Checking for updates
23:51:42.063 [FXGL Background Thread 4 ] DEBUG FXGLApplication      - Loading fonts
23:51:42.063 [FXGL Background Thread 1 ] DEBUG FXGLApplication      - Loading default localization
23:51:42.063 [FXGL Background Thread 4 ] DEBUG FXGLAssetLoaderServi - Loading from file system: jar:file:///Users/aaron/.m2/repository/com/github/almasb/fxgl/17.2/fxgl-17.2.jar!/fxglassets/ui/fonts/VarelaRound-Regular.ttf
23:51:42.063 [FXGL Background Thread 1 ] DEBUG FXGLAssetLoaderServi - Loading from file system: jar:file:///Users/aaron/.m2/repository/com/github/almasb/fxgl/17.2/fxgl-17.2.jar!/fxglassets/languages/english.lang
23:51:42.080 [FXGL Background Thread 4 ] DEBUG FXGLAssetLoaderServi - Loading from file system: jar:file:///Users/aaron/.m2/repository/com/github/almasb/fxgl/17.2/fxgl-17.2.jar!/fxglassets/ui/fonts/Abel-Regular.ttf
23:51:42.082 [FXGL Background Thread 4 ] DEBUG FXGLAssetLoaderServi - Loading from file system: jar:file:///Users/aaron/.m2/repository/com/github/almasb/fxgl/17.2/fxgl-17.2.jar!/fxglassets/ui/fonts/TerminalLandMono-Regular.otf
23:51:42.085 [FXGL Background Thread 1 ] INFO  FXGLApplication      - FXGL initialization took: 0.762 sec
23:51:42.086 [JavaFX Application Thread] DEBUG FXGLAssetLoaderServi - Loading from file system: jar:file:///Users/aaron/.m2/repository/com/github/almasb/fxgl/17.2/fxgl-17.2.jar!/fxglassets/textures/fxgl_icon.png
23:51:42.087 [FXGL Background Thread 4 ] DEBUG FXGLAssetLoaderServi - Loading from file system: jar:file:///Users/aaron/.m2/repository/com/github/almasb/fxgl/17.2/fxgl-17.2.jar!/fxglassets/ui/fonts/Courier-Prime.ttf
23:51:42.102 [JavaFX Application Thread] DEBUG FXGLAssetLoaderServi - Loading from file system: jar:file:///Users/aaron/.m2/repository/com/github/almasb/fxgl/17.2/fxgl-17.2.jar!/fxglassets/textures/fxgl_default_cursor.png
23:51:42.107 [JavaFX Application Thread] DEBUG Input                - Registered new binding: Screenshot - CTRL+8
23:51:42.107 [JavaFX Application Thread] DEBUG Input                - Registered new binding: Dev Options - 1
23:51:42.107 [JavaFX Application Thread] DEBUG Input                - Registered new binding: Dev Console - 2
23:51:42.107 [JavaFX Application Thread] DEBUG Input                - Registered new binding: System info dump - CTRL+9
23:51:42.107 [JavaFX Application Thread] DEBUG Input                - Registered new binding: Restart - CTRL+R
23:51:42.107 [JavaFX Application Thread] DEBUG Input                - Registered new binding: Toggle Debug Camera - CTRL+7
23:51:42.108 [JavaFX Application Thread] DEBUG LoopRunner           - Starting loop
23:51:42.114 [JavaFX Application Thread] DEBUG LoopRunner           - Initializing JavaFX AnimationTimerLoop
23:51:42.114 [JavaFX Application Thread] DEBUG Input                - Clearing active input actions
23:51:42.117 [JavaFX Application Thread] DEBUG GameApplicationServi - Removing overlay from FXGLStartupScene and adding to FXGLMainMenuDummyScene
23:51:42.119 [JavaFX Application Thread] DEBUG PrimaryStageWindow   - FXGLStartupScene -> FXGLMainMenuDummyScene
23:51:42.119 [JavaFX Application Thread] DEBUG PrimaryStageWindow   - Push state: RiderMainMenuScene
23:51:42.119 [JavaFX Application Thread] DEBUG Input                - Clearing active input actions
23:51:42.122 [JavaFX Application Thread] DEBUG GameApplicationServi - Removing overlay from FXGLMainMenuDummyScene and adding to RiderMainMenuScene
23:51:42.122 [JavaFX Application Thread] DEBUG PrimaryStageWindow   - FXGLMainMenuDummyScene -> RiderMainMenuScene
23:51:42.132 [JavaFX Application Thread] DEBUG FXGLApplication      - Registering font factories with UI factory
23:51:42.374 [FXGL Background Thread 2 ] INFO  UpdaterService       - Your current version:  17.2
23:51:42.374 [FXGL Background Thread 2 ] INFO  UpdaterService       - Latest stable version: 21.1
23:51:43.144 [JavaFX Application Thread] DEBUG PrimaryStageWindow   - Push state: PlayerSelectScene
23:51:43.144 [JavaFX Application Thread] DEBUG Input                - Clearing active input actions
23:51:43.144 [JavaFX Application Thread] DEBUG GameApplicationServi - Removing overlay from RiderMainMenuScene and adding to PlayerSelectScene
23:51:43.145 [JavaFX Application Thread] DEBUG PrimaryStageWindow   - RiderMainMenuScene -> PlayerSelectScene
23:51:45.067 [FXGL Background Thread 3 ] DEBUG Engine               - Logging environment variables
23:51:45.067 [FXGL Background Thread 3 ] DEBUG Engine               - achievements: []
23:51:45.067 [FXGL Background Thread 3 ] DEBUG Engine               - actualHeight: 720.0
23:51:45.068 [FXGL Background Thread 3 ] DEBUG Engine               - actualHeightProperty: ReadOnlyDoubleProperty [value: 720.0]
23:51:45.068 [FXGL Background Thread 3 ] DEBUG Engine               - actualWidth: 1280.0
23:51:45.068 [FXGL Background Thread 3 ] DEBUG Engine               - actualWidthProperty: ReadOnlyDoubleProperty [value: 1280.0]
23:51:45.068 [FXGL Background Thread 3 ] DEBUG Engine               - appIcon: fxgl_icon.png
23:51:45.068 [FXGL Background Thread 3 ] DEBUG Engine               - applicationMode: DEVELOPER
23:51:45.068 [FXGL Background Thread 3 ] DEBUG Engine               - cSSList: [fxgl_dark.css]
23:51:45.068 [FXGL Background Thread 3 ] DEBUG Engine               - collisionDetectionStrategy: BRUTE_FORCE
23:51:45.068 [FXGL Background Thread 3 ] DEBUG Engine               - configClass: Optional.empty
23:51:45.068 [FXGL Background Thread 3 ] DEBUG Engine               - credits: []
23:51:45.069 [FXGL Background Thread 3 ] DEBUG Engine               - defaultCursor: CursorInfo(imageName=fxgl_default_cursor.png, hotspotX=7.0, hotspotY=6.0)
23:51:45.069 [FXGL Background Thread 3 ] DEBUG Engine               - devBBoxColorProperty: ObjectProperty [value: 0xff0000ff]
23:51:45.069 [FXGL Background Thread 3 ] DEBUG Engine               - devEnableDebugCameraProperty: BooleanProperty [value: false]
23:51:45.070 [FXGL Background Thread 3 ] DEBUG Engine               - devSensorColorProperty: ObjectProperty [value: 0xffff00ff]
23:51:45.070 [FXGL Background Thread 3 ] DEBUG Engine               - devShowBBoxProperty: BooleanProperty [value: false]
23:51:45.070 [FXGL Background Thread 3 ] DEBUG Engine               - devShowPositionProperty: BooleanProperty [value: false]
23:51:45.070 [FXGL Background Thread 3 ] DEBUG Engine               - enabledMenuItems: []
23:51:45.070 [FXGL Background Thread 3 ] DEBUG Engine               - engineServices: [class com.almasb.fxgl.app.services.FXGLAssetLoaderService, class com.almasb.fxgl.app.FXGLApplication$GameApplicationService, class com.almasb.fxgl.app.services.FXGLDialogService, class com.almasb.fxgl.app.services.IOTaskExecutorService, class com.almasb.fxgl.io.FileSystemService, class com.almasb.fxgl.localization.LocalizationService, class com.almasb.fxgl.app.services.SystemBundleService, class com.almasb.fxgl.profile.SaveLoadService, class com.almasb.fxgl.ui.FXGLUIFactoryServiceProvider, class com.almasb.fxgl.ui.FXGLDialogFactoryServiceProvider, class com.almasb.fxgl.audio.AudioPlayer, class com.almasb.fxgl.notification.impl.NotificationServiceProvider, class com.almasb.fxgl.achievement.AchievementService, class com.almasb.fxgl.cutscene.CutsceneService, class com.almasb.fxgl.minigames.MiniGameService, class com.almasb.fxgl.net.NetService, class com.almasb.fxgl.app.services.UpdaterService, class com.almasb.fxgl.dev.DevService]
23:51:45.070 [FXGL Background Thread 3 ] DEBUG Engine               - fontGame: Abel-Regular.ttf
23:51:45.070 [FXGL Background Thread 3 ] DEBUG Engine               - fontMono: TerminalLandMono-Regular.otf
23:51:45.070 [FXGL Background Thread 3 ] DEBUG Engine               - fontText: Courier-Prime.ttf
23:51:45.070 [FXGL Background Thread 3 ] DEBUG Engine               - fontUI: VarelaRound-Regular.ttf
23:51:45.070 [FXGL Background Thread 3 ] DEBUG Engine               - fullScreen: BooleanProperty [value: false]
23:51:45.070 [FXGL Background Thread 3 ] DEBUG Engine               - gameDifficulty: MEDIUM
23:51:45.070 [FXGL Background Thread 3 ] DEBUG Engine               - gameDifficultyProperty: ObjectProperty [value: MEDIUM]
23:51:45.070 [FXGL Background Thread 3 ] DEBUG Engine               - globalMusicVolume: 0.5
23:51:45.070 [FXGL Background Thread 3 ] DEBUG Engine               - globalMusicVolumeProperty: DoubleProperty [value: 0.25]
23:51:45.071 [FXGL Background Thread 3 ] DEBUG Engine               - globalSoundVolume: 0.5
23:51:45.071 [FXGL Background Thread 3 ] DEBUG Engine               - globalSoundVolumeProperty: DoubleProperty [value: 0.5]
23:51:45.071 [FXGL Background Thread 3 ] DEBUG Engine               - height: 720
23:51:45.071 [FXGL Background Thread 3 ] DEBUG Engine               - is3D: false
23:51:45.071 [FXGL Background Thread 3 ] DEBUG Engine               - isAndroid: false
23:51:45.071 [FXGL Background Thread 3 ] DEBUG Engine               - isBrowser: false
23:51:45.071 [FXGL Background Thread 3 ] DEBUG Engine               - isClickFeedbackEnabled: false
23:51:45.071 [FXGL Background Thread 3 ] DEBUG Engine               - isCloseConfirmation: false
23:51:45.071 [FXGL Background Thread 3 ] DEBUG Engine               - isDesktop: true
23:51:45.071 [FXGL Background Thread 3 ] DEBUG Engine               - isDeveloperMenuEnabled: true
23:51:45.071 [FXGL Background Thread 3 ] DEBUG Engine               - isEmbedded: false
23:51:45.071 [FXGL Background Thread 3 ] DEBUG Engine               - isEntityPreloadEnabled: true
23:51:45.071 [FXGL Background Thread 3 ] DEBUG Engine               - isExperimentalTiledLargeMap: false
23:51:45.071 [FXGL Background Thread 3 ] DEBUG Engine               - isFileSystemWriteAllowed: true
23:51:45.071 [FXGL Background Thread 3 ] DEBUG Engine               - isFullScreenAllowed: false
23:51:45.071 [FXGL Background Thread 3 ] DEBUG Engine               - isFullScreenFromStart: false
23:51:45.071 [FXGL Background Thread 3 ] DEBUG Engine               - isGameMenuEnabled: true
23:51:45.071 [FXGL Background Thread 3 ] DEBUG Engine               - isIOS: false
23:51:45.072 [FXGL Background Thread 3 ] DEBUG Engine               - isIntroEnabled: false
23:51:45.072 [FXGL Background Thread 3 ] DEBUG Engine               - isLinux: false
23:51:45.072 [FXGL Background Thread 3 ] DEBUG Engine               - isMac: true
23:51:45.072 [FXGL Background Thread 3 ] DEBUG Engine               - isMainMenuEnabled: true
23:51:45.072 [FXGL Background Thread 3 ] DEBUG Engine               - isManualResizeEnabled: false
23:51:45.072 [FXGL Background Thread 3 ] DEBUG Engine               - isMobile: false
23:51:45.072 [FXGL Background Thread 3 ] DEBUG Engine               - isNative: false
23:51:45.072 [FXGL Background Thread 3 ] DEBUG Engine               - isPauseMusicWhenMinimized: true
23:51:45.072 [FXGL Background Thread 3 ] DEBUG Engine               - isPreserveResizeRatio: false
23:51:45.072 [FXGL Background Thread 3 ] DEBUG Engine               - isProfilingEnabled: false
23:51:45.072 [FXGL Background Thread 3 ] DEBUG Engine               - isScaleAffectedOnResize: true
23:51:45.072 [FXGL Background Thread 3 ] DEBUG Engine               - isSingleStep: false
23:51:45.072 [FXGL Background Thread 3 ] DEBUG Engine               - isUserProfileEnabled: false
23:51:45.072 [FXGL Background Thread 3 ] DEBUG Engine               - isWindows: false
23:51:45.072 [FXGL Background Thread 3 ] DEBUG Engine               - language: ObjectProperty [value: ENGLISH]
23:51:45.072 [FXGL Background Thread 3 ] DEBUG Engine               - menuKey: ESCAPE
23:51:45.072 [FXGL Background Thread 3 ] DEBUG Engine               - mouseSensitivity: 0.2
23:51:45.073 [FXGL Background Thread 3 ] DEBUG Engine               - notificationViewClass: class com.almasb.fxgl.notification.view.XboxNotificationView
23:51:45.073 [FXGL Background Thread 3 ] DEBUG Engine               - pixelsPerMeter: 50.0
23:51:45.073 [FXGL Background Thread 3 ] DEBUG Engine               - platform: MAC
23:51:45.073 [FXGL Background Thread 3 ] DEBUG Engine               - prefHeightProperty: ReadOnlyDoubleProperty [value: 720.0]
23:51:45.073 [FXGL Background Thread 3 ] DEBUG Engine               - prefWidthProperty: ReadOnlyDoubleProperty [value: 1280.0]
23:51:45.073 [FXGL Background Thread 3 ] DEBUG Engine               - profileDir: profiles/
23:51:45.073 [FXGL Background Thread 3 ] DEBUG Engine               - profileName: StringProperty [value: DEFAULT]
23:51:45.073 [FXGL Background Thread 3 ] DEBUG Engine               - randomSeed: -1
23:51:45.074 [FXGL Background Thread 3 ] DEBUG Engine               - runtimeInfo: RuntimeInfo(platform=MAC, version=17.2, build=20.08.2022 16.50)
23:51:45.074 [FXGL Background Thread 3 ] DEBUG Engine               - saveFileExt: sav
23:51:45.074 [FXGL Background Thread 3 ] DEBUG Engine               - scaledHeightProp$fxgl: DoubleProperty [bound, value: 720.0]
23:51:45.074 [FXGL Background Thread 3 ] DEBUG Engine               - scaledWidthProp$fxgl: DoubleProperty [bound, value: 1280.0]
23:51:45.074 [FXGL Background Thread 3 ] DEBUG Engine               - sceneFactory: com.sunsofgod.PlatformerApp$1@3aad6b2c
23:51:45.074 [FXGL Background Thread 3 ] DEBUG Engine               - secondsIn24h: 60
23:51:45.074 [FXGL Background Thread 3 ] DEBUG Engine               - soundMenuBack: menu/back.wav
23:51:45.074 [FXGL Background Thread 3 ] DEBUG Engine               - soundMenuPress: menu/press.wav
23:51:45.074 [FXGL Background Thread 3 ] DEBUG Engine               - soundMenuSelect: menu/select.wav
23:51:45.074 [FXGL Background Thread 3 ] DEBUG Engine               - soundNotification: core/notification.wav
23:51:45.074 [FXGL Background Thread 3 ] DEBUG Engine               - stageStyle: DECORATED
23:51:45.074 [FXGL Background Thread 3 ] DEBUG Engine               - supportedLanguages: [ENGLISH, FRENCH, GERMAN, HUNGARIAN, RUSSIAN]
23:51:45.074 [FXGL Background Thread 3 ] DEBUG Engine               - ticksPerSecond: -1
23:51:45.074 [FXGL Background Thread 3 ] DEBUG Engine               - title: Untitled
23:51:45.074 [FXGL Background Thread 3 ] DEBUG Engine               - urlGithub: https://github.com/AlmasB/FXGL
23:51:45.074 [FXGL Background Thread 3 ] DEBUG Engine               - urlLeaderboard: http://fxgl-top.herokuapp.com/
23:51:45.074 [FXGL Background Thread 3 ] DEBUG Engine               - urlPOM: https://raw.githubusercontent.com/AlmasB/FXGL/release/README.md
23:51:45.074 [FXGL Background Thread 3 ] DEBUG Engine               - userAppClass: class com.sunsofgod.PlatformerApp
23:51:45.074 [FXGL Background Thread 3 ] DEBUG Engine               - version: 0.0
23:51:45.074 [FXGL Background Thread 3 ] DEBUG Engine               - versionCheckDays: 7
23:51:45.075 [FXGL Background Thread 3 ] DEBUG Engine               - width: 1280
23:51:45.075 [FXGL Background Thread 3 ] DEBUG Engine               - Logging services
23:51:45.075 [FXGL Background Thread 3 ] DEBUG Engine               - class com.almasb.fxgl.app.services.FXGLAssetLoaderService
23:51:45.075 [FXGL Background Thread 3 ] DEBUG Engine               - class com.almasb.fxgl.app.FXGLApplication$GameApplicationService
23:51:45.075 [FXGL Background Thread 3 ] DEBUG Engine               - class com.almasb.fxgl.app.services.FXGLDialogService
23:51:45.075 [FXGL Background Thread 3 ] DEBUG Engine               - class com.almasb.fxgl.app.services.IOTaskExecutorService
23:51:45.075 [FXGL Background Thread 3 ] DEBUG Engine               - class com.almasb.fxgl.io.FileSystemService
23:51:45.075 [FXGL Background Thread 3 ] DEBUG Engine               - class com.almasb.fxgl.localization.LocalizationService
23:51:45.075 [FXGL Background Thread 3 ] DEBUG Engine               - class com.almasb.fxgl.app.services.SystemBundleService
23:51:45.075 [FXGL Background Thread 3 ] DEBUG Engine               - class com.almasb.fxgl.profile.SaveLoadService
23:51:45.075 [FXGL Background Thread 3 ] DEBUG Engine               - class com.almasb.fxgl.ui.FXGLUIFactoryServiceProvider
23:51:45.075 [FXGL Background Thread 3 ] DEBUG Engine               - class com.almasb.fxgl.ui.FXGLDialogFactoryServiceProvider
23:51:45.075 [FXGL Background Thread 3 ] DEBUG Engine               - class com.almasb.fxgl.audio.AudioPlayer
23:51:45.075 [FXGL Background Thread 3 ] DEBUG Engine               - class com.almasb.fxgl.notification.impl.NotificationServiceProvider
23:51:45.075 [FXGL Background Thread 3 ] DEBUG Engine               - class com.almasb.fxgl.achievement.AchievementService
23:51:45.076 [FXGL Background Thread 3 ] DEBUG Engine               - class com.almasb.fxgl.cutscene.CutsceneService
23:51:45.076 [FXGL Background Thread 3 ] DEBUG Engine               - class com.almasb.fxgl.minigames.MiniGameService
23:51:45.076 [FXGL Background Thread 3 ] DEBUG Engine               - class com.almasb.fxgl.net.NetService
23:51:45.076 [FXGL Background Thread 3 ] DEBUG Engine               - class com.almasb.fxgl.app.services.UpdaterService
23:51:45.076 [FXGL Background Thread 3 ] DEBUG Engine               - class com.almasb.fxgl.dev.DevService
23:51:47.068 [JavaFX Application Thread] DEBUG PrimaryStageWindow   - Push state: LevelSelectScene
23:51:47.068 [JavaFX Application Thread] DEBUG Input                - Clearing active input actions
23:51:47.069 [JavaFX Application Thread] DEBUG GameApplicationServi - Removing overlay from PlayerSelectScene and adding to LevelSelectScene
23:51:47.069 [JavaFX Application Thread] DEBUG PrimaryStageWindow   - PlayerSelectScene -> LevelSelectScene
23:52:07.889 [JavaFX Application Thread] DEBUG FXGLApplication      - Exiting FXGL
23:52:07.890 [JavaFX Application Thread] DEBUG LoopRunner           - Stopping loop
23:52:07.890 [JavaFX Application Thread] DEBUG SystemBundleService  - Saving FXGL system data
23:52:07.892 [JavaFX Application Thread] DEBUG FileSystemAccess     - Writing to: /Users/aaron/JavaFXGame/system/fxgl.bundle
23:52:07.893 [JavaFX Application Thread] DEBUG Async                - Shutting down background threads
23:52:07.893 [JavaFX Application Thread] DEBUG PrimaryStageWindow   - Closing main window
23:52:07.899 [JavaFX Application Thread] DEBUG Logger               - Closing Logger
>>>>>>> 175a70d (with Encapsulation)
