23:42:58.734 [main                     ] DEBUG Logger               - Configured Logger
23:42:58.748 [main                     ] DEBUG GameApplication      - Logging settings
Title: Untitled
Version: 0.0
Width: 1280
Height: 720
Fullscreen: false
Intro: false
Profiling: false
Single step:false
App Mode: DEVELOPER
Menu Key: ESCAPE
Stage Style: DECORATED
Scene Factory: class com.sunsofgod.PlatformerApp$1

23:42:59.177 [JavaFX Application Thread] DEBUG FXGLApplication      - Initializing FXGL
23:42:59.181 [JavaFX Application Thread] INFO  Engine               - FXGL-17.2 (20.08.2022 16.50) on MAC (J:17.0.2 FX:17.0.12)
23:42:59.181 [JavaFX Application Thread] DEBUG Engine               - JRE Vendor Name: Oracle Corporation
23:42:59.181 [JavaFX Application Thread] DEBUG Engine               - Running on OS: Mac OS X version 15.1
23:42:59.181 [JavaFX Application Thread] DEBUG Engine               - Architecture: aarch64
23:42:59.181 [JavaFX Application Thread] INFO  Engine               - Source code and latest versions at: https://github.com/AlmasB/FXGL
23:42:59.181 [JavaFX Application Thread] INFO  Engine               -       Ask questions and discuss at: https://github.com/AlmasB/FXGL/discussions
23:42:59.182 [JavaFX Application Thread] INFO  Engine               -              Join the FXGL chat at: https://gitter.im/AlmasB/FXGL
23:42:59.251 [JavaFX Application Thread] DEBUG PrimaryStageWindow   - Creating a JavaFX scene
23:42:59.300 [JavaFX Application Thread] DEBUG PrimaryStageWindow   - Target settings size: 1280.0 x 720.0
23:42:59.301 [JavaFX Application Thread] DEBUG PrimaryStageWindow   - Scaled scene size:    1280.0 x 720.0
23:42:59.301 [JavaFX Application Thread] DEBUG PrimaryStageWindow   - Scaled ratio: (1.0, 1.0)
23:42:59.302 [JavaFX Application Thread] DEBUG PrimaryStageWindow   - Set initial scene to FXGLStartupScene
23:42:59.306 [JavaFX Application Thread] DEBUG PrimaryStageWindow   - Opening main window
23:42:59.461 [JavaFX Application Thread] DEBUG PrimaryStageWindow   - Window border size: (0.0, 28.0)
23:42:59.461 [JavaFX Application Thread] DEBUG PrimaryStageWindow   - Scaled size: 1280.0 x 720.0
23:42:59.461 [JavaFX Application Thread] DEBUG PrimaryStageWindow   - Scaled ratio: (1.0, 1.0)
23:42:59.462 [JavaFX Application Thread] DEBUG PrimaryStageWindow   - Scene size: 1280.0 x 720.0
23:42:59.462 [JavaFX Application Thread] DEBUG PrimaryStageWindow   - Stage size: 1280.0 x 748.0
23:42:59.531 [FXGL Background Thread 1 ] DEBUG Engine               - Initializing environment variables
23:42:59.572 [FXGL Background Thread 1 ] DEBUG FXGLAssetLoaderServi - User app class for loading assets: class com.sunsofgod.PlatformerApp
23:42:59.572 [FXGL Background Thread 1 ] DEBUG GameApplicationServi - Applying CSS: fxgl_dark.css
23:42:59.572 [FXGL Background Thread 1 ] DEBUG FXGLAssetLoaderServi - Loading from file system: jar:file:///Users/aaron/.m2/repository/com/github/almasb/fxgl/17.2/fxgl-17.2.jar!/fxglassets/ui/css/fxgl_dark.css
23:42:59.662 [FXGL Background Thread 1 ] DEBUG GameApplicationServi - Initializing application scenes
23:42:59.903 [FXGL Background Thread 1 ] WARN  FXGLAssetLoaderServi - Asset "/assets/textures/player.png" was not found!
23:42:59.903 [FXGL Background Thread 1 ] WARN  FXGLAssetLoaderServi - Failed to load IMAGE
23:42:59.920 [FXGL Background Thread 1 ] DEBUG GameWorld            - Game world initialized
23:42:59.977 [FXGL Background Thread 1 ] DEBUG PhysicsWorld         - Physics world initialized: appHeight=720, physics.ppm=50.0
23:42:59.977 [FXGL Background Thread 1 ] DEBUG PhysicsWorld         - Using strategy: BRUTE_FORCE
23:42:59.981 [FXGL Background Thread 1 ] DEBUG GameScene            - Game scene initialized: 1280x720
23:43:00.456 [FXGL Background Thread 1 ] DEBUG FXGL.DefaultMenu     - createMenuBodyGameMenu()
23:43:00.461 [FXGL Background Thread 1 ] DEBUG FXGL.DefaultMenu     - createOptionsMenu()
23:43:00.466 [FXGL Background Thread 1 ] DEBUG FXGLAssetLoaderServi - Loading from file system: jar:file:///Users/aaron/.m2/repository/com/github/almasb/fxgl/17.2/fxgl-17.2.jar!/fxglassets/textures/particles/smoke.png
23:43:00.503 [FXGL Background Thread 1 ] DEBUG FXGLAssetLoaderServi - Loading from file system: jar:file:///Users/aaron/.m2/repository/com/github/almasb/fxgl/17.2/fxgl-17.2.jar!/fxglassets/textures/particles/trace_horizontal.png
23:43:00.517 [FXGL Background Thread 1 ] DEBUG GameApplicationServi - Application scenes initialized
23:43:00.524 [FXGL Background Thread 1 ] DEBUG SystemBundleService  - Loading FXGL system data
23:43:00.527 [FXGL Background Thread 1 ] DEBUG FileSystemAccess     - Reading from: /Users/aaron/JavaFXGame/system/fxgl.bundle
23:43:00.534 [FXGL Background Thread 1 ] DEBUG SystemBundleService  - Bundle FXGL: {}
23:43:00.535 [FXGL Background Thread 1 ] DEBUG UpdaterService       - Checking for updates
23:43:00.548 [FXGL Background Thread 4 ] DEBUG FXGLApplication      - Loading fonts
23:43:00.549 [FXGL Background Thread 4 ] DEBUG FXGLAssetLoaderServi - Loading from file system: jar:file:///Users/aaron/.m2/repository/com/github/almasb/fxgl/17.2/fxgl-17.2.jar!/fxglassets/ui/fonts/VarelaRound-Regular.ttf
23:43:00.549 [FXGL Background Thread 1 ] DEBUG FXGLApplication      - Loading default localization
23:43:00.549 [FXGL Background Thread 1 ] DEBUG FXGLAssetLoaderServi - Loading from file system: jar:file:///Users/aaron/.m2/repository/com/github/almasb/fxgl/17.2/fxgl-17.2.jar!/fxglassets/languages/english.lang
23:43:00.561 [FXGL Background Thread 4 ] DEBUG FXGLAssetLoaderServi - Loading from file system: jar:file:///Users/aaron/.m2/repository/com/github/almasb/fxgl/17.2/fxgl-17.2.jar!/fxglassets/ui/fonts/Abel-Regular.ttf
23:43:00.565 [FXGL Background Thread 4 ] DEBUG FXGLAssetLoaderServi - Loading from file system: jar:file:///Users/aaron/.m2/repository/com/github/almasb/fxgl/17.2/fxgl-17.2.jar!/fxglassets/ui/fonts/TerminalLandMono-Regular.otf
23:43:00.568 [FXGL Background Thread 1 ] INFO  FXGLApplication      - FXGL initialization took: 1.037 sec
23:43:00.570 [JavaFX Application Thread] DEBUG FXGLAssetLoaderServi - Loading from file system: jar:file:///Users/aaron/.m2/repository/com/github/almasb/fxgl/17.2/fxgl-17.2.jar!/fxglassets/textures/fxgl_icon.png
23:43:00.571 [FXGL Background Thread 4 ] DEBUG FXGLAssetLoaderServi - Loading from file system: jar:file:///Users/aaron/.m2/repository/com/github/almasb/fxgl/17.2/fxgl-17.2.jar!/fxglassets/ui/fonts/Courier-Prime.ttf
23:43:00.586 [JavaFX Application Thread] DEBUG FXGLAssetLoaderServi - Loading from file system: jar:file:///Users/aaron/.m2/repository/com/github/almasb/fxgl/17.2/fxgl-17.2.jar!/fxglassets/textures/fxgl_default_cursor.png
23:43:00.592 [JavaFX Application Thread] DEBUG Input                - Registered new binding: Screenshot - CTRL+8
23:43:00.592 [JavaFX Application Thread] DEBUG Input                - Registered new binding: Dev Options - 1
23:43:00.592 [JavaFX Application Thread] DEBUG Input                - Registered new binding: Dev Console - 2
23:43:00.592 [JavaFX Application Thread] DEBUG Input                - Registered new binding: System info dump - CTRL+9
23:43:00.593 [JavaFX Application Thread] DEBUG Input                - Registered new binding: Restart - CTRL+R
23:43:00.593 [JavaFX Application Thread] DEBUG Input                - Registered new binding: Toggle Debug Camera - CTRL+7
23:43:00.594 [JavaFX Application Thread] DEBUG LoopRunner           - Starting loop
23:43:00.600 [JavaFX Application Thread] DEBUG LoopRunner           - Initializing JavaFX AnimationTimerLoop
23:43:00.601 [JavaFX Application Thread] DEBUG Input                - Clearing active input actions
23:43:00.604 [JavaFX Application Thread] DEBUG GameApplicationServi - Removing overlay from FXGLStartupScene and adding to FXGLMainMenuDummyScene
23:43:00.605 [JavaFX Application Thread] DEBUG PrimaryStageWindow   - FXGLStartupScene -> FXGLMainMenuDummyScene
23:43:00.605 [JavaFX Application Thread] DEBUG PrimaryStageWindow   - Push state: RiderMainMenuScene
23:43:00.605 [JavaFX Application Thread] DEBUG Input                - Clearing active input actions
23:43:00.607 [JavaFX Application Thread] DEBUG GameApplicationServi - Removing overlay from FXGLMainMenuDummyScene and adding to RiderMainMenuScene
23:43:00.608 [JavaFX Application Thread] DEBUG PrimaryStageWindow   - FXGLMainMenuDummyScene -> RiderMainMenuScene
23:43:00.617 [JavaFX Application Thread] DEBUG FXGLApplication      - Registering font factories with UI factory
23:43:01.593 [FXGL Background Thread 2 ] INFO  UpdaterService       - Your current version:  17.2
23:43:01.594 [FXGL Background Thread 2 ] INFO  UpdaterService       - Latest stable version: 21.1
23:43:02.009 [JavaFX Application Thread] DEBUG PrimaryStageWindow   - Push state: PlayerSelectScene
23:43:02.009 [JavaFX Application Thread] DEBUG Input                - Clearing active input actions
23:43:02.010 [JavaFX Application Thread] DEBUG GameApplicationServi - Removing overlay from RiderMainMenuScene and adding to PlayerSelectScene
23:43:02.011 [JavaFX Application Thread] DEBUG PrimaryStageWindow   - RiderMainMenuScene -> PlayerSelectScene
23:43:03.556 [FXGL Background Thread 3 ] DEBUG Engine               - Logging environment variables
23:43:03.579 [FXGL Background Thread 3 ] DEBUG Engine               - achievements: []
23:43:03.582 [FXGL Background Thread 3 ] DEBUG Engine               - actualHeight: 720.0
23:43:03.583 [FXGL Background Thread 3 ] DEBUG Engine               - actualHeightProperty: ReadOnlyDoubleProperty [value: 720.0]
23:43:03.583 [FXGL Background Thread 3 ] DEBUG Engine               - actualWidth: 1280.0
23:43:03.584 [FXGL Background Thread 3 ] DEBUG Engine               - actualWidthProperty: ReadOnlyDoubleProperty [value: 1280.0]
23:43:03.585 [FXGL Background Thread 3 ] DEBUG Engine               - appIcon: fxgl_icon.png
23:43:03.585 [FXGL Background Thread 3 ] DEBUG Engine               - applicationMode: DEVELOPER
23:43:03.585 [FXGL Background Thread 3 ] DEBUG Engine               - cSSList: [fxgl_dark.css]
23:43:03.586 [FXGL Background Thread 3 ] DEBUG Engine               - collisionDetectionStrategy: BRUTE_FORCE
23:43:03.589 [FXGL Background Thread 3 ] DEBUG Engine               - configClass: Optional.empty
23:43:03.590 [FXGL Background Thread 3 ] DEBUG Engine               - credits: []
23:43:03.591 [FXGL Background Thread 3 ] DEBUG Engine               - defaultCursor: CursorInfo(imageName=fxgl_default_cursor.png, hotspotX=7.0, hotspotY=6.0)
23:43:03.591 [FXGL Background Thread 3 ] DEBUG Engine               - devBBoxColorProperty: ObjectProperty [value: 0xff0000ff]
23:43:03.591 [FXGL Background Thread 3 ] DEBUG Engine               - devEnableDebugCameraProperty: BooleanProperty [value: false]
23:43:03.592 [FXGL Background Thread 3 ] DEBUG Engine               - devSensorColorProperty: ObjectProperty [value: 0xffff00ff]
23:43:03.592 [FXGL Background Thread 3 ] DEBUG Engine               - devShowBBoxProperty: BooleanProperty [value: false]
23:43:03.592 [FXGL Background Thread 3 ] DEBUG Engine               - devShowPositionProperty: BooleanProperty [value: false]
23:43:03.592 [FXGL Background Thread 3 ] DEBUG Engine               - enabledMenuItems: []
23:43:03.592 [FXGL Background Thread 3 ] DEBUG Engine               - engineServices: [class com.almasb.fxgl.app.services.FXGLAssetLoaderService, class com.almasb.fxgl.app.FXGLApplication$GameApplicationService, class com.almasb.fxgl.app.services.FXGLDialogService, class com.almasb.fxgl.app.services.IOTaskExecutorService, class com.almasb.fxgl.io.FileSystemService, class com.almasb.fxgl.localization.LocalizationService, class com.almasb.fxgl.app.services.SystemBundleService, class com.almasb.fxgl.profile.SaveLoadService, class com.almasb.fxgl.ui.FXGLUIFactoryServiceProvider, class com.almasb.fxgl.ui.FXGLDialogFactoryServiceProvider, class com.almasb.fxgl.audio.AudioPlayer, class com.almasb.fxgl.notification.impl.NotificationServiceProvider, class com.almasb.fxgl.achievement.AchievementService, class com.almasb.fxgl.cutscene.CutsceneService, class com.almasb.fxgl.minigames.MiniGameService, class com.almasb.fxgl.net.NetService, class com.almasb.fxgl.app.services.UpdaterService, class com.almasb.fxgl.dev.DevService]
23:43:03.592 [FXGL Background Thread 3 ] DEBUG Engine               - fontGame: Abel-Regular.ttf
23:43:03.593 [FXGL Background Thread 3 ] DEBUG Engine               - fontMono: TerminalLandMono-Regular.otf
23:43:03.593 [FXGL Background Thread 3 ] DEBUG Engine               - fontText: Courier-Prime.ttf
23:43:03.593 [FXGL Background Thread 3 ] DEBUG Engine               - fontUI: VarelaRound-Regular.ttf
23:43:03.593 [FXGL Background Thread 3 ] DEBUG Engine               - fullScreen: BooleanProperty [value: false]
23:43:03.593 [FXGL Background Thread 3 ] DEBUG Engine               - gameDifficulty: MEDIUM
23:43:03.593 [FXGL Background Thread 3 ] DEBUG Engine               - gameDifficultyProperty: ObjectProperty [value: MEDIUM]
23:43:03.593 [FXGL Background Thread 3 ] DEBUG Engine               - globalMusicVolume: 0.5
23:43:03.594 [FXGL Background Thread 3 ] DEBUG Engine               - globalMusicVolumeProperty: DoubleProperty [value: 0.25]
23:43:03.594 [FXGL Background Thread 3 ] DEBUG Engine               - globalSoundVolume: 0.5
23:43:03.594 [FXGL Background Thread 3 ] DEBUG Engine               - globalSoundVolumeProperty: DoubleProperty [value: 0.5]
23:43:03.594 [FXGL Background Thread 3 ] DEBUG Engine               - height: 720
23:43:03.594 [FXGL Background Thread 3 ] DEBUG Engine               - is3D: false
23:43:03.594 [FXGL Background Thread 3 ] DEBUG Engine               - isAndroid: false
23:43:03.594 [FXGL Background Thread 3 ] DEBUG Engine               - isBrowser: false
23:43:03.595 [FXGL Background Thread 3 ] DEBUG Engine               - isClickFeedbackEnabled: false
23:43:03.595 [FXGL Background Thread 3 ] DEBUG Engine               - isCloseConfirmation: false
23:43:03.595 [FXGL Background Thread 3 ] DEBUG Engine               - isDesktop: true
23:43:03.595 [FXGL Background Thread 3 ] DEBUG Engine               - isDeveloperMenuEnabled: true
23:43:03.595 [FXGL Background Thread 3 ] DEBUG Engine               - isEmbedded: false
23:43:03.595 [FXGL Background Thread 3 ] DEBUG Engine               - isEntityPreloadEnabled: true
23:43:03.595 [FXGL Background Thread 3 ] DEBUG Engine               - isExperimentalTiledLargeMap: false
23:43:03.596 [FXGL Background Thread 3 ] DEBUG Engine               - isFileSystemWriteAllowed: true
23:43:03.596 [FXGL Background Thread 3 ] DEBUG Engine               - isFullScreenAllowed: false
23:43:03.596 [FXGL Background Thread 3 ] DEBUG Engine               - isFullScreenFromStart: false
23:43:03.596 [FXGL Background Thread 3 ] DEBUG Engine               - isGameMenuEnabled: true
23:43:03.596 [FXGL Background Thread 3 ] DEBUG Engine               - isIOS: false
23:43:03.596 [FXGL Background Thread 3 ] DEBUG Engine               - isIntroEnabled: false
23:43:03.596 [FXGL Background Thread 3 ] DEBUG Engine               - isLinux: false
23:43:03.596 [FXGL Background Thread 3 ] DEBUG Engine               - isMac: true
23:43:03.596 [FXGL Background Thread 3 ] DEBUG Engine               - isMainMenuEnabled: true
23:43:03.596 [FXGL Background Thread 3 ] DEBUG Engine               - isManualResizeEnabled: false
23:43:03.596 [FXGL Background Thread 3 ] DEBUG Engine               - isMobile: false
23:43:03.597 [FXGL Background Thread 3 ] DEBUG Engine               - isNative: false
23:43:03.597 [FXGL Background Thread 3 ] DEBUG Engine               - isPauseMusicWhenMinimized: true
23:43:03.597 [FXGL Background Thread 3 ] DEBUG Engine               - isPreserveResizeRatio: false
23:43:03.597 [FXGL Background Thread 3 ] DEBUG Engine               - isProfilingEnabled: false
23:43:03.597 [FXGL Background Thread 3 ] DEBUG Engine               - isScaleAffectedOnResize: true
23:43:03.597 [FXGL Background Thread 3 ] DEBUG Engine               - isSingleStep: false
23:43:03.597 [FXGL Background Thread 3 ] DEBUG Engine               - isUserProfileEnabled: false
23:43:03.598 [FXGL Background Thread 3 ] DEBUG Engine               - isWindows: false
23:43:03.598 [FXGL Background Thread 3 ] DEBUG Engine               - language: ObjectProperty [value: ENGLISH]
23:43:03.598 [FXGL Background Thread 3 ] DEBUG Engine               - menuKey: ESCAPE
23:43:03.598 [FXGL Background Thread 3 ] DEBUG Engine               - mouseSensitivity: 0.2
23:43:03.598 [FXGL Background Thread 3 ] DEBUG Engine               - notificationViewClass: class com.almasb.fxgl.notification.view.XboxNotificationView
23:43:03.598 [FXGL Background Thread 3 ] DEBUG Engine               - pixelsPerMeter: 50.0
23:43:03.598 [FXGL Background Thread 3 ] DEBUG Engine               - platform: MAC
23:43:03.599 [FXGL Background Thread 3 ] DEBUG Engine               - prefHeightProperty: ReadOnlyDoubleProperty [value: 720.0]
23:43:03.599 [FXGL Background Thread 3 ] DEBUG Engine               - prefWidthProperty: ReadOnlyDoubleProperty [value: 1280.0]
23:43:03.599 [FXGL Background Thread 3 ] DEBUG Engine               - profileDir: profiles/
23:43:03.600 [FXGL Background Thread 3 ] DEBUG Engine               - profileName: StringProperty [value: DEFAULT]
23:43:03.600 [FXGL Background Thread 3 ] DEBUG Engine               - randomSeed: -1
23:43:03.600 [FXGL Background Thread 3 ] DEBUG Engine               - runtimeInfo: RuntimeInfo(platform=MAC, version=17.2, build=20.08.2022 16.50)
23:43:03.601 [FXGL Background Thread 3 ] DEBUG Engine               - saveFileExt: sav
23:43:03.601 [FXGL Background Thread 3 ] DEBUG Engine               - scaledHeightProp$fxgl: DoubleProperty [bound, value: 720.0]
23:43:03.601 [FXGL Background Thread 3 ] DEBUG Engine               - scaledWidthProp$fxgl: DoubleProperty [bound, value: 1280.0]
23:43:03.601 [FXGL Background Thread 3 ] DEBUG Engine               - sceneFactory: com.sunsofgod.PlatformerApp$1@4ef527ba
23:43:03.601 [FXGL Background Thread 3 ] DEBUG Engine               - secondsIn24h: 60
23:43:03.601 [FXGL Background Thread 3 ] DEBUG Engine               - soundMenuBack: menu/back.wav
23:43:03.601 [FXGL Background Thread 3 ] DEBUG Engine               - soundMenuPress: menu/press.wav
23:43:03.601 [FXGL Background Thread 3 ] DEBUG Engine               - soundMenuSelect: menu/select.wav
23:43:03.606 [FXGL Background Thread 3 ] DEBUG Engine               - soundNotification: core/notification.wav
23:43:03.606 [FXGL Background Thread 3 ] DEBUG Engine               - stageStyle: DECORATED
23:43:03.606 [FXGL Background Thread 3 ] DEBUG Engine               - supportedLanguages: [ENGLISH, FRENCH, GERMAN, HUNGARIAN, RUSSIAN]
23:43:03.606 [FXGL Background Thread 3 ] DEBUG Engine               - ticksPerSecond: -1
23:43:03.606 [FXGL Background Thread 3 ] DEBUG Engine               - title: Untitled
23:43:03.606 [FXGL Background Thread 3 ] DEBUG Engine               - urlGithub: https://github.com/AlmasB/FXGL
23:43:03.607 [FXGL Background Thread 3 ] DEBUG Engine               - urlLeaderboard: http://fxgl-top.herokuapp.com/
23:43:03.607 [FXGL Background Thread 3 ] DEBUG Engine               - urlPOM: https://raw.githubusercontent.com/AlmasB/FXGL/release/README.md
23:43:03.607 [FXGL Background Thread 3 ] DEBUG Engine               - userAppClass: class com.sunsofgod.PlatformerApp
23:43:03.607 [FXGL Background Thread 3 ] DEBUG Engine               - version: 0.0
23:43:03.607 [FXGL Background Thread 3 ] DEBUG Engine               - versionCheckDays: 7
23:43:03.607 [FXGL Background Thread 3 ] DEBUG Engine               - width: 1280
23:43:03.607 [FXGL Background Thread 3 ] DEBUG Engine               - Logging services
23:43:03.621 [FXGL Background Thread 3 ] DEBUG Engine               - class com.almasb.fxgl.app.services.FXGLAssetLoaderService
23:43:03.622 [FXGL Background Thread 3 ] DEBUG Engine               - class com.almasb.fxgl.app.FXGLApplication$GameApplicationService
23:43:03.623 [FXGL Background Thread 3 ] DEBUG Engine               - class com.almasb.fxgl.app.services.FXGLDialogService
23:43:03.624 [FXGL Background Thread 3 ] DEBUG Engine               - class com.almasb.fxgl.app.services.IOTaskExecutorService
23:43:03.624 [FXGL Background Thread 3 ] DEBUG Engine               - class com.almasb.fxgl.io.FileSystemService
23:43:03.624 [FXGL Background Thread 3 ] DEBUG Engine               - class com.almasb.fxgl.localization.LocalizationService
23:43:03.624 [FXGL Background Thread 3 ] DEBUG Engine               - class com.almasb.fxgl.app.services.SystemBundleService
23:43:03.624 [FXGL Background Thread 3 ] DEBUG Engine               - class com.almasb.fxgl.profile.SaveLoadService
23:43:03.624 [FXGL Background Thread 3 ] DEBUG Engine               - class com.almasb.fxgl.ui.FXGLUIFactoryServiceProvider
23:43:03.624 [FXGL Background Thread 3 ] DEBUG Engine               - class com.almasb.fxgl.ui.FXGLDialogFactoryServiceProvider
23:43:03.624 [FXGL Background Thread 3 ] DEBUG Engine               - class com.almasb.fxgl.audio.AudioPlayer
23:43:03.624 [FXGL Background Thread 3 ] DEBUG Engine               - class com.almasb.fxgl.notification.impl.NotificationServiceProvider
23:43:03.624 [FXGL Background Thread 3 ] DEBUG Engine               - class com.almasb.fxgl.achievement.AchievementService
23:43:03.629 [FXGL Background Thread 3 ] DEBUG Engine               - class com.almasb.fxgl.cutscene.CutsceneService
23:43:03.630 [FXGL Background Thread 3 ] DEBUG Engine               - class com.almasb.fxgl.minigames.MiniGameService
23:43:03.630 [FXGL Background Thread 3 ] DEBUG Engine               - class com.almasb.fxgl.net.NetService
23:43:03.630 [FXGL Background Thread 3 ] DEBUG Engine               - class com.almasb.fxgl.app.services.UpdaterService
23:43:03.630 [FXGL Background Thread 3 ] DEBUG Engine               - class com.almasb.fxgl.dev.DevService
23:43:14.816 [JavaFX Application Thread] DEBUG PrimaryStageWindow   - Pop state: PlayerSelectScene
23:43:14.817 [JavaFX Application Thread] DEBUG Input                - Clearing active input actions
23:43:14.818 [JavaFX Application Thread] DEBUG GameApplicationServi - Removing overlay from PlayerSelectScene and adding to RiderMainMenuScene
23:43:14.821 [JavaFX Application Thread] DEBUG PrimaryStageWindow   - RiderMainMenuScene <- PlayerSelectScene
23:43:15.036 [JavaFX Application Thread] DEBUG PrimaryStageWindow   - Push state: LevelSelectScene
23:43:15.036 [JavaFX Application Thread] DEBUG Input                - Clearing active input actions
23:43:15.037 [JavaFX Application Thread] DEBUG GameApplicationServi - Removing overlay from RiderMainMenuScene and adding to LevelSelectScene
23:43:15.037 [JavaFX Application Thread] DEBUG PrimaryStageWindow   - RiderMainMenuScene -> LevelSelectScene
23:43:17.180 [JavaFX Application Thread] DEBUG Menu                 - fireNewGame()
23:43:17.180 [JavaFX Application Thread] DEBUG GameApplicationServi - Starting new game
23:43:17.180 [JavaFX Application Thread] DEBUG PrimaryStageWindow   - Pop state: LevelSelectScene
23:43:17.180 [JavaFX Application Thread] DEBUG Input                - Clearing active input actions
23:43:17.181 [JavaFX Application Thread] DEBUG GameApplicationServi - Removing overlay from LevelSelectScene and adding to RiderMainMenuScene
23:43:17.182 [JavaFX Application Thread] DEBUG PrimaryStageWindow   - RiderMainMenuScene <- LevelSelectScene
23:43:17.182 [JavaFX Application Thread] DEBUG PrimaryStageWindow   - Pop state: RiderMainMenuScene
23:43:17.182 [JavaFX Application Thread] DEBUG Input                - Clearing active input actions
23:43:17.182 [JavaFX Application Thread] DEBUG GameApplicationServi - Removing overlay from RiderMainMenuScene and adding to FXGLMainMenuDummyScene
23:43:17.182 [JavaFX Application Thread] DEBUG PrimaryStageWindow   - FXGLMainMenuDummyScene <- RiderMainMenuScene
23:43:17.183 [JavaFX Application Thread] DEBUG Input                - Clearing active input actions
23:43:17.186 [JavaFX Application Thread] DEBUG GameApplicationServi - Removing overlay from FXGLMainMenuDummyScene and adding to MainLoadingScene
23:43:17.190 [JavaFX Application Thread] DEBUG PrimaryStageWindow   - FXGLMainMenuDummyScene -> MainLoadingScene
23:43:17.190 [JavaFX Application Thread] DEBUG GameApplicationServi - Clearing previous game
23:43:17.190 [JavaFX Application Thread] DEBUG GameScene            - Clearing game scene
23:43:17.190 [JavaFX Application Thread] DEBUG GameWorld            - Clearing game world
23:43:17.190 [JavaFX Application Thread] DEBUG PhysicsWorld         - Clearing physics world
23:43:17.192 [FXGL Background Thread 2 ] DEBUG FXGLApplication      - Initializing game
23:43:17.222 [FXGL Background Thread 2 ] WARN  TMXLevelLoader       - TiledMap generated from 1.11.0. Supported version: 1.9.0. Some features may not be parsed fully.
23:43:17.227 [FXGL Background Thread 2 ] DEBUG TMXLevelLoader       - Parsed TiledMap: file:/Users/aaron/JavaFXGame/target/classes/assets/levels/tmx/level1.tmx
23:43:17.228 [FXGL Background Thread 2 ] DEBUG TMXLevelLoader       - Creating tile layer entities
23:43:17.229 [FXGL Background Thread 2 ] DEBUG TilesetLoader        - Loading view for layer Tile Layer 1
23:43:17.229 [FXGL Background Thread 2 ] DEBUG TilesetLoader        - Created buffer with size 1050.0x700.0
23:43:17.238 [FXGL Background Thread 2 ] DEBUG TMXLevelLoader       - Creating object layer entities
23:43:17.249 [FXGL Background Thread 2 ] DEBUG FXGLAssetLoaderServi - Loading from file system: file:/Users/aaron/JavaFXGame/target/classes/assets/textures/button.png
23:43:17.254 [FXGL Background Thread 2 ] DEBUG GameWorld            - Clearing removable entities
23:43:17.254 [FXGL Background Thread 2 ] DEBUG GameWorld            - Setting level: com.almasb.fxgl.entity.level.Level@2dcecc70
23:43:17.257 [FXGL Background Thread 2 ] DEBUG FXGLAssetLoaderServi - Loading from file system: file:/Users/aaron/JavaFXGame/target/classes/assets/textures/player1.png
23:43:17.261 [FXGL Background Thread 2 ] DEBUG FXGLAssetLoaderServi - Loading from file system: file:/Users/aaron/JavaFXGame/target/classes/assets/textures/player3.png
23:43:17.266 [FXGL Background Thread 2 ] DEBUG Input                - Registered new binding: Jump0 - W
23:43:17.267 [FXGL Background Thread 2 ] DEBUG Input                - Registered new binding: Left0 - A
23:43:17.267 [FXGL Background Thread 2 ] DEBUG Input                - Registered new binding: Right0 - D
23:43:17.267 [FXGL Background Thread 2 ] DEBUG Input                - Registered new binding: Use0 - E
23:43:17.268 [FXGL Background Thread 2 ] DEBUG Input                - Registered new binding: Jump1 - Up
23:43:17.268 [FXGL Background Thread 2 ] DEBUG Input                - Registered new binding: Left1 - Left
23:43:17.268 [FXGL Background Thread 2 ] DEBUG Input                - Registered new binding: Right1 - Right
23:43:17.268 [FXGL Background Thread 2 ] DEBUG Input                - Registered new binding: Use1 - Slash
23:43:17.269 [FXGL Background Thread 2 ] DEBUG FXGLAssetLoaderServi - Loading from file system: file:/Users/aaron/JavaFXGame/target/classes/assets/textures/background/manila.png
23:43:17.283 [FXGL Background Thread 2 ] INFO  FXGLApplication      - Game initialization took: 0.090 sec
23:43:17.284 [JavaFX Application Thread] DEBUG Input                - Clearing active input actions
23:43:17.286 [JavaFX Application Thread] DEBUG GameApplicationServi - Removing overlay from MainLoadingScene and adding to GameScene
23:43:17.287 [JavaFX Application Thread] DEBUG PrimaryStageWindow   - MainLoadingScene -> GameScene
23:43:23.535 [JavaFX Application Thread] DEBUG FXGLAssetLoaderServi - Loading from file system: file:/Users/aaron/JavaFXGame/target/classes/assets/textures/exit_sign.png
23:43:23.875 [JavaFX Application Thread] WARN  TMXLevelLoader       - TiledMap generated from 1.11.0. Supported version: 1.9.0. Some features may not be parsed fully.
23:43:23.877 [JavaFX Application Thread] DEBUG TMXLevelLoader       - Parsed TiledMap: file:/Users/aaron/JavaFXGame/target/classes/assets/levels/tmx/level2.tmx
23:43:23.877 [JavaFX Application Thread] DEBUG TMXLevelLoader       - Creating tile layer entities
23:43:23.877 [JavaFX Application Thread] DEBUG TilesetLoader        - Loading view for layer Tile Layer 1
23:43:23.878 [JavaFX Application Thread] DEBUG TilesetLoader        - Created buffer with size 1050.0x700.0
23:43:23.891 [JavaFX Application Thread] DEBUG TMXLevelLoader       - Creating object layer entities
23:43:23.893 [JavaFX Application Thread] DEBUG GameWorld            - Clearing removable entities
23:43:23.897 [JavaFX Application Thread] DEBUG GameWorld            - Setting level: com.almasb.fxgl.entity.level.Level@27ee8f89
23:43:24.685 [JavaFX Application Thread] WARN  GameWorld            - Attempted to remove entity which is not active
23:43:25.118 [JavaFX Application Thread] WARN  GameWorld            - Attempted to remove entity which is not active
23:43:25.585 [JavaFX Application Thread] WARN  GameWorld            - Attempted to remove entity which is not active
23:43:25.935 [JavaFX Application Thread] WARN  GameWorld            - Attempted to remove entity which is not active
23:43:28.876 [JavaFX Application Thread] WARN  TMXLevelLoader       - TiledMap generated from 1.11.0. Supported version: 1.9.0. Some features may not be parsed fully.
23:43:28.879 [JavaFX Application Thread] DEBUG TMXLevelLoader       - Parsed TiledMap: file:/Users/aaron/JavaFXGame/target/classes/assets/levels/tmx/level3.tmx
23:43:28.879 [JavaFX Application Thread] DEBUG TMXLevelLoader       - Creating tile layer entities
23:43:28.880 [JavaFX Application Thread] DEBUG TilesetLoader        - Loading view for layer Tile Layer 1
23:43:28.881 [JavaFX Application Thread] DEBUG TilesetLoader        - Created buffer with size 1050.0x700.0
23:43:28.894 [JavaFX Application Thread] DEBUG TMXLevelLoader       - Creating object layer entities
23:43:28.900 [JavaFX Application Thread] DEBUG GameWorld            - Clearing removable entities
23:43:28.900 [JavaFX Application Thread] DEBUG GameWorld            - Setting level: com.almasb.fxgl.entity.level.Level@557bc2d0
23:43:34.986 [JavaFX Application Thread] WARN  TMXLevelLoader       - TiledMap generated from 1.11.0. Supported version: 1.9.0. Some features may not be parsed fully.
23:43:34.988 [JavaFX Application Thread] DEBUG TMXLevelLoader       - Parsed TiledMap: file:/Users/aaron/JavaFXGame/target/classes/assets/levels/tmx/level3.tmx
23:43:34.988 [JavaFX Application Thread] DEBUG TMXLevelLoader       - Creating tile layer entities
23:43:34.989 [JavaFX Application Thread] DEBUG TilesetLoader        - Loading view for layer Tile Layer 1
23:43:34.990 [JavaFX Application Thread] DEBUG TilesetLoader        - Created buffer with size 1050.0x700.0
23:43:34.997 [JavaFX Application Thread] DEBUG TMXLevelLoader       - Creating object layer entities
23:43:35.000 [JavaFX Application Thread] DEBUG GameWorld            - Clearing removable entities
23:43:35.001 [JavaFX Application Thread] DEBUG GameWorld            - Setting level: com.almasb.fxgl.entity.level.Level@1e8f4e16
23:43:35.235 [JavaFX Application Thread] WARN  GameWorld            - Attempted to remove entity which is not active
23:44:00.871 [JavaFX Application Thread] WARN  TMXLevelLoader       - TiledMap generated from 1.11.0. Supported version: 1.9.0. Some features may not be parsed fully.
23:44:00.874 [JavaFX Application Thread] DEBUG TMXLevelLoader       - Parsed TiledMap: file:/Users/aaron/JavaFXGame/target/classes/assets/levels/tmx/level4.tmx
23:44:00.874 [JavaFX Application Thread] DEBUG TMXLevelLoader       - Creating tile layer entities
23:44:00.874 [JavaFX Application Thread] DEBUG TilesetLoader        - Loading view for layer Tile Layer 1
23:44:00.876 [JavaFX Application Thread] DEBUG TilesetLoader        - Created buffer with size 1050.0x700.0
23:44:00.891 [JavaFX Application Thread] DEBUG TMXLevelLoader       - Creating object layer entities
23:44:00.895 [JavaFX Application Thread] DEBUG GameWorld            - Clearing removable entities
23:44:00.896 [JavaFX Application Thread] DEBUG GameWorld            - Setting level: com.almasb.fxgl.entity.level.Level@28d27422
23:44:01.234 [JavaFX Application Thread] WARN  GameWorld            - Attempted to remove entity which is not active
23:44:06.602 [JavaFX Application Thread] WARN  TMXLevelLoader       - TiledMap generated from 1.11.0. Supported version: 1.9.0. Some features may not be parsed fully.
23:44:06.603 [JavaFX Application Thread] DEBUG TMXLevelLoader       - Parsed TiledMap: file:/Users/aaron/JavaFXGame/target/classes/assets/levels/tmx/level4.tmx
23:44:06.603 [JavaFX Application Thread] DEBUG TMXLevelLoader       - Creating tile layer entities
23:44:06.603 [JavaFX Application Thread] DEBUG TilesetLoader        - Loading view for layer Tile Layer 1
23:44:06.604 [JavaFX Application Thread] DEBUG TilesetLoader        - Created buffer with size 1050.0x700.0
23:44:06.615 [JavaFX Application Thread] DEBUG TMXLevelLoader       - Creating object layer entities
23:44:06.616 [JavaFX Application Thread] DEBUG GameWorld            - Clearing removable entities
23:44:06.617 [JavaFX Application Thread] DEBUG GameWorld            - Setting level: com.almasb.fxgl.entity.level.Level@12e3cfa8
23:44:07.619 [JavaFX Application Thread] WARN  TMXLevelLoader       - TiledMap generated from 1.11.0. Supported version: 1.9.0. Some features may not be parsed fully.
23:44:07.621 [JavaFX Application Thread] DEBUG TMXLevelLoader       - Parsed TiledMap: file:/Users/aaron/JavaFXGame/target/classes/assets/levels/tmx/level4.tmx
23:44:07.621 [JavaFX Application Thread] DEBUG TMXLevelLoader       - Creating tile layer entities
23:44:07.622 [JavaFX Application Thread] DEBUG TilesetLoader        - Loading view for layer Tile Layer 1
23:44:07.623 [JavaFX Application Thread] DEBUG TilesetLoader        - Created buffer with size 1050.0x700.0
23:44:07.628 [JavaFX Application Thread] DEBUG TMXLevelLoader       - Creating object layer entities
23:44:07.629 [JavaFX Application Thread] DEBUG GameWorld            - Clearing removable entities
23:44:07.630 [JavaFX Application Thread] DEBUG GameWorld            - Setting level: com.almasb.fxgl.entity.level.Level@32c000bc
23:44:09.465 [JavaFX Application Thread] DEBUG FXGLApplication      - Exiting FXGL
23:44:09.466 [JavaFX Application Thread] DEBUG LoopRunner           - Stopping loop
23:44:09.466 [JavaFX Application Thread] DEBUG SystemBundleService  - Saving FXGL system data
23:44:09.470 [JavaFX Application Thread] DEBUG FileSystemAccess     - Writing to: /Users/aaron/JavaFXGame/system/fxgl.bundle
23:44:09.473 [JavaFX Application Thread] DEBUG Async                - Shutting down background threads
23:44:09.473 [JavaFX Application Thread] DEBUG PrimaryStageWindow   - Closing main window
23:44:09.501 [JavaFX Application Thread] DEBUG Logger               - Closing Logger
