16:49:58.544 [main                     ] DEBUG Logger               - Configured Logger
16:49:58.558 [main                     ] DEBUG GameApplication      - Logging settings
Title: Untitled
Version: 0.0
Width: 1280
Height: 720
Fullscreen: false
Intro: false
Profiling: false
Single step:false
App Mode: DEVELOPER
Menu Key: ESCAPE
Stage Style: DECORATED
Scene Factory: class com.sunsofgod.PlatformerApp$1

16:49:59.068 [JavaFX Application Thread] DEBUG FXGLApplication      - Initializing FXGL
16:49:59.071 [JavaFX Application Thread] INFO  Engine               - FXGL-17.2 (20.08.2022 16.50) on MAC (J:17.0.2 FX:17.0.12)
16:49:59.071 [JavaFX Application Thread] DEBUG Engine               - JRE Vendor Name: Oracle Corporation
16:49:59.071 [JavaFX Application Thread] DEBUG Engine               - Running on OS: Mac OS X version 15.1
16:49:59.072 [JavaFX Application Thread] DEBUG Engine               - Architecture: aarch64
16:49:59.072 [JavaFX Application Thread] INFO  Engine               - Source code and latest versions at: https://github.com/AlmasB/FXGL
16:49:59.072 [JavaFX Application Thread] INFO  Engine               -       Ask questions and discuss at: https://github.com/AlmasB/FXGL/discussions
16:49:59.072 [JavaFX Application Thread] INFO  Engine               -              Join the FXGL chat at: https://gitter.im/AlmasB/FXGL
16:49:59.126 [JavaFX Application Thread] DEBUG PrimaryStageWindow   - Creating a JavaFX scene
16:49:59.150 [JavaFX Application Thread] DEBUG PrimaryStageWindow   - Target settings size: 1280.0 x 720.0
16:49:59.150 [JavaFX Application Thread] DEBUG PrimaryStageWindow   - Scaled scene size:    1280.0 x 720.0
16:49:59.151 [JavaFX Application Thread] DEBUG PrimaryStageWindow   - Scaled ratio: (1.0, 1.0)
16:49:59.151 [JavaFX Application Thread] DEBUG PrimaryStageWindow   - Set initial scene to FXGLStartupScene
16:49:59.154 [JavaFX Application Thread] DEBUG PrimaryStageWindow   - Opening main window
16:49:59.339 [JavaFX Application Thread] DEBUG PrimaryStageWindow   - Window border size: (0.0, 28.0)
16:49:59.339 [JavaFX Application Thread] DEBUG PrimaryStageWindow   - Scaled size: 1280.0 x 720.0
16:49:59.339 [JavaFX Application Thread] DEBUG PrimaryStageWindow   - Scaled ratio: (1.0, 1.0)
16:49:59.340 [JavaFX Application Thread] DEBUG PrimaryStageWindow   - Scene size: 1280.0 x 720.0
16:49:59.340 [JavaFX Application Thread] DEBUG PrimaryStageWindow   - Stage size: 1280.0 x 748.0
16:49:59.348 [FXGL Background Thread 1 ] DEBUG Engine               - Initializing environment variables
16:49:59.378 [FXGL Background Thread 1 ] DEBUG FXGLAssetLoaderServi - User app class for loading assets: class com.sunsofgod.PlatformerApp
16:49:59.379 [FXGL Background Thread 1 ] DEBUG GameApplicationServi - Applying CSS: fxgl_dark.css
16:49:59.381 [FXGL Background Thread 1 ] DEBUG FXGLAssetLoaderServi - Loading from file system: jar:file:///Users/aaron/.m2/repository/com/github/almasb/fxgl/17.2/fxgl-17.2.jar!/fxglassets/ui/css/fxgl_dark.css
16:49:59.413 [FXGL Background Thread 1 ] DEBUG GameApplicationServi - Initializing application scenes
16:49:59.598 [FXGL Background Thread 1 ] WARN  FXGLAssetLoaderServi - Asset "/assets/textures/player.png" was not found!
16:49:59.598 [FXGL Background Thread 1 ] WARN  FXGLAssetLoaderServi - Failed to load IMAGE
16:49:59.622 [FXGL Background Thread 1 ] DEBUG GameWorld            - Game world initialized
16:49:59.650 [FXGL Background Thread 1 ] DEBUG PhysicsWorld         - Physics world initialized: appHeight=720, physics.ppm=50.0
16:49:59.650 [FXGL Background Thread 1 ] DEBUG PhysicsWorld         - Using strategy: BRUTE_FORCE
16:49:59.653 [FXGL Background Thread 1 ] DEBUG GameScene            - Game scene initialized: 1280x720
16:50:00.145 [FXGL Background Thread 1 ] DEBUG GameApplicationServi - Application scenes initialized
16:50:00.154 [FXGL Background Thread 1 ] DEBUG SystemBundleService  - Loading FXGL system data
16:50:00.157 [FXGL Background Thread 1 ] DEBUG FileSystemAccess     - Reading from: /Users/aaron/JavaFXGame/system/fxgl.bundle
16:50:00.162 [FXGL Background Thread 1 ] DEBUG SystemBundleService  - Bundle FXGL: {}
16:50:00.162 [FXGL Background Thread 1 ] DEBUG UpdaterService       - Checking for updates
16:50:00.178 [FXGL Background Thread 4 ] DEBUG FXGLApplication      - Loading fonts
16:50:00.178 [FXGL Background Thread 4 ] DEBUG FXGLAssetLoaderServi - Loading from file system: jar:file:///Users/aaron/.m2/repository/com/github/almasb/fxgl/17.2/fxgl-17.2.jar!/fxglassets/ui/fonts/VarelaRound-Regular.ttf
16:50:00.178 [FXGL Background Thread 1 ] DEBUG FXGLApplication      - Loading default localization
16:50:00.179 [FXGL Background Thread 1 ] DEBUG FXGLAssetLoaderServi - Loading from file system: jar:file:///Users/aaron/.m2/repository/com/github/almasb/fxgl/17.2/fxgl-17.2.jar!/fxglassets/languages/english.lang
16:50:00.191 [FXGL Background Thread 1 ] INFO  FXGLApplication      - FXGL initialization took: 0.843 sec
16:50:00.192 [FXGL Background Thread 4 ] DEBUG FXGLAssetLoaderServi - Loading from file system: jar:file:///Users/aaron/.m2/repository/com/github/almasb/fxgl/17.2/fxgl-17.2.jar!/fxglassets/ui/fonts/Abel-Regular.ttf
16:50:00.192 [JavaFX Application Thread] DEBUG FXGLAssetLoaderServi - Loading from file system: jar:file:///Users/aaron/.m2/repository/com/github/almasb/fxgl/17.2/fxgl-17.2.jar!/fxglassets/textures/fxgl_icon.png
16:50:00.195 [FXGL Background Thread 4 ] DEBUG FXGLAssetLoaderServi - Loading from file system: jar:file:///Users/aaron/.m2/repository/com/github/almasb/fxgl/17.2/fxgl-17.2.jar!/fxglassets/ui/fonts/TerminalLandMono-Regular.otf
16:50:00.209 [FXGL Background Thread 4 ] DEBUG FXGLAssetLoaderServi - Loading from file system: jar:file:///Users/aaron/.m2/repository/com/github/almasb/fxgl/17.2/fxgl-17.2.jar!/fxglassets/ui/fonts/Courier-Prime.ttf
16:50:00.222 [JavaFX Application Thread] DEBUG FXGLAssetLoaderServi - Loading from file system: jar:file:///Users/aaron/.m2/repository/com/github/almasb/fxgl/17.2/fxgl-17.2.jar!/fxglassets/textures/fxgl_default_cursor.png
16:50:00.228 [JavaFX Application Thread] DEBUG Input                - Registered new binding: Screenshot - CTRL+8
16:50:00.228 [JavaFX Application Thread] DEBUG Input                - Registered new binding: Dev Options - 1
16:50:00.229 [JavaFX Application Thread] DEBUG Input                - Registered new binding: Dev Console - 2
16:50:00.229 [JavaFX Application Thread] DEBUG Input                - Registered new binding: System info dump - CTRL+9
16:50:00.229 [JavaFX Application Thread] DEBUG Input                - Registered new binding: Restart - CTRL+R
16:50:00.229 [JavaFX Application Thread] DEBUG Input                - Registered new binding: Toggle Debug Camera - CTRL+7
16:50:00.230 [JavaFX Application Thread] DEBUG LoopRunner           - Starting loop
16:50:00.239 [JavaFX Application Thread] DEBUG LoopRunner           - Initializing JavaFX AnimationTimerLoop
16:50:00.240 [JavaFX Application Thread] DEBUG Input                - Clearing active input actions
16:50:00.244 [JavaFX Application Thread] DEBUG GameApplicationServi - Removing overlay from FXGLStartupScene and adding to FXGLMainMenuDummyScene
16:50:00.246 [JavaFX Application Thread] DEBUG PrimaryStageWindow   - FXGLStartupScene -> FXGLMainMenuDummyScene
16:50:00.246 [JavaFX Application Thread] DEBUG PrimaryStageWindow   - Push state: RiderMainMenuScene
16:50:00.246 [JavaFX Application Thread] DEBUG Input                - Clearing active input actions
16:50:00.249 [JavaFX Application Thread] DEBUG GameApplicationServi - Removing overlay from FXGLMainMenuDummyScene and adding to RiderMainMenuScene
16:50:00.249 [JavaFX Application Thread] DEBUG PrimaryStageWindow   - FXGLMainMenuDummyScene -> RiderMainMenuScene
16:50:00.392 [JavaFX Application Thread] DEBUG FXGLApplication      - Registering font factories with UI factory
16:50:00.684 [FXGL Background Thread 2 ] INFO  UpdaterService       - Your current version:  17.2
16:50:00.684 [FXGL Background Thread 2 ] INFO  UpdaterService       - Latest stable version: 21.1
16:50:03.180 [FXGL Background Thread 3 ] DEBUG Engine               - Logging environment variables
16:50:03.181 [FXGL Background Thread 3 ] DEBUG Engine               - achievements: []
16:50:03.182 [FXGL Background Thread 3 ] DEBUG Engine               - actualHeight: 720.0
16:50:03.182 [FXGL Background Thread 3 ] DEBUG Engine               - actualHeightProperty: ReadOnlyDoubleProperty [value: 720.0]
16:50:03.182 [FXGL Background Thread 3 ] DEBUG Engine               - actualWidth: 1280.0
16:50:03.182 [FXGL Background Thread 3 ] DEBUG Engine               - actualWidthProperty: ReadOnlyDoubleProperty [value: 1280.0]
16:50:03.182 [FXGL Background Thread 3 ] DEBUG Engine               - appIcon: fxgl_icon.png
16:50:03.182 [FXGL Background Thread 3 ] DEBUG Engine               - applicationMode: DEVELOPER
16:50:03.183 [FXGL Background Thread 3 ] DEBUG Engine               - cSSList: [fxgl_dark.css]
16:50:03.183 [FXGL Background Thread 3 ] DEBUG Engine               - collisionDetectionStrategy: BRUTE_FORCE
16:50:03.183 [FXGL Background Thread 3 ] DEBUG Engine               - configClass: Optional.empty
16:50:03.183 [FXGL Background Thread 3 ] DEBUG Engine               - credits: []
16:50:03.185 [FXGL Background Thread 3 ] DEBUG Engine               - defaultCursor: CursorInfo(imageName=fxgl_default_cursor.png, hotspotX=7.0, hotspotY=6.0)
16:50:03.186 [FXGL Background Thread 3 ] DEBUG Engine               - devBBoxColorProperty: ObjectProperty [value: 0xff0000ff]
16:50:03.186 [FXGL Background Thread 3 ] DEBUG Engine               - devEnableDebugCameraProperty: BooleanProperty [value: false]
16:50:03.186 [FXGL Background Thread 3 ] DEBUG Engine               - devSensorColorProperty: ObjectProperty [value: 0xffff00ff]
16:50:03.186 [FXGL Background Thread 3 ] DEBUG Engine               - devShowBBoxProperty: BooleanProperty [value: false]
16:50:03.186 [FXGL Background Thread 3 ] DEBUG Engine               - devShowPositionProperty: BooleanProperty [value: false]
16:50:03.186 [FXGL Background Thread 3 ] DEBUG Engine               - enabledMenuItems: []
16:50:03.186 [FXGL Background Thread 3 ] DEBUG Engine               - engineServices: [class com.almasb.fxgl.app.services.FXGLAssetLoaderService, class com.almasb.fxgl.app.FXGLApplication$GameApplicationService, class com.almasb.fxgl.app.services.FXGLDialogService, class com.almasb.fxgl.app.services.IOTaskExecutorService, class com.almasb.fxgl.io.FileSystemService, class com.almasb.fxgl.localization.LocalizationService, class com.almasb.fxgl.app.services.SystemBundleService, class com.almasb.fxgl.profile.SaveLoadService, class com.almasb.fxgl.ui.FXGLUIFactoryServiceProvider, class com.almasb.fxgl.ui.FXGLDialogFactoryServiceProvider, class com.almasb.fxgl.audio.AudioPlayer, class com.almasb.fxgl.notification.impl.NotificationServiceProvider, class com.almasb.fxgl.achievement.AchievementService, class com.almasb.fxgl.cutscene.CutsceneService, class com.almasb.fxgl.minigames.MiniGameService, class com.almasb.fxgl.net.NetService, class com.almasb.fxgl.app.services.UpdaterService, class com.almasb.fxgl.dev.DevService]
16:50:03.186 [FXGL Background Thread 3 ] DEBUG Engine               - fontGame: Abel-Regular.ttf
16:50:03.186 [FXGL Background Thread 3 ] DEBUG Engine               - fontMono: TerminalLandMono-Regular.otf
16:50:03.186 [FXGL Background Thread 3 ] DEBUG Engine               - fontText: Courier-Prime.ttf
16:50:03.187 [FXGL Background Thread 3 ] DEBUG Engine               - fontUI: VarelaRound-Regular.ttf
16:50:03.187 [FXGL Background Thread 3 ] DEBUG Engine               - fullScreen: BooleanProperty [value: false]
16:50:03.187 [FXGL Background Thread 3 ] DEBUG Engine               - gameDifficulty: MEDIUM
16:50:03.187 [FXGL Background Thread 3 ] DEBUG Engine               - gameDifficultyProperty: ObjectProperty [value: MEDIUM]
16:50:03.187 [FXGL Background Thread 3 ] DEBUG Engine               - globalMusicVolume: 0.5
16:50:03.188 [FXGL Background Thread 3 ] DEBUG Engine               - globalMusicVolumeProperty: DoubleProperty [value: 0.25]
16:50:03.188 [FXGL Background Thread 3 ] DEBUG Engine               - globalSoundVolume: 0.5
16:50:03.188 [FXGL Background Thread 3 ] DEBUG Engine               - globalSoundVolumeProperty: DoubleProperty [value: 0.5]
16:50:03.188 [FXGL Background Thread 3 ] DEBUG Engine               - height: 720
16:50:03.188 [FXGL Background Thread 3 ] DEBUG Engine               - is3D: false
16:50:03.188 [FXGL Background Thread 3 ] DEBUG Engine               - isAndroid: false
16:50:03.188 [FXGL Background Thread 3 ] DEBUG Engine               - isBrowser: false
16:50:03.188 [FXGL Background Thread 3 ] DEBUG Engine               - isClickFeedbackEnabled: false
16:50:03.188 [FXGL Background Thread 3 ] DEBUG Engine               - isCloseConfirmation: false
16:50:03.189 [FXGL Background Thread 3 ] DEBUG Engine               - isDesktop: true
16:50:03.189 [FXGL Background Thread 3 ] DEBUG Engine               - isDeveloperMenuEnabled: true
16:50:03.189 [FXGL Background Thread 3 ] DEBUG Engine               - isEmbedded: false
16:50:03.189 [FXGL Background Thread 3 ] DEBUG Engine               - isEntityPreloadEnabled: true
16:50:03.189 [FXGL Background Thread 3 ] DEBUG Engine               - isExperimentalTiledLargeMap: false
16:50:03.189 [FXGL Background Thread 3 ] DEBUG Engine               - isFileSystemWriteAllowed: true
16:50:03.189 [FXGL Background Thread 3 ] DEBUG Engine               - isFullScreenAllowed: false
16:50:03.189 [FXGL Background Thread 3 ] DEBUG Engine               - isFullScreenFromStart: false
16:50:03.189 [FXGL Background Thread 3 ] DEBUG Engine               - isGameMenuEnabled: true
16:50:03.189 [FXGL Background Thread 3 ] DEBUG Engine               - isIOS: false
16:50:03.189 [FXGL Background Thread 3 ] DEBUG Engine               - isIntroEnabled: false
16:50:03.189 [FXGL Background Thread 3 ] DEBUG Engine               - isLinux: false
16:50:03.190 [FXGL Background Thread 3 ] DEBUG Engine               - isMac: true
16:50:03.190 [FXGL Background Thread 3 ] DEBUG Engine               - isMainMenuEnabled: true
16:50:03.190 [FXGL Background Thread 3 ] DEBUG Engine               - isManualResizeEnabled: false
16:50:03.190 [FXGL Background Thread 3 ] DEBUG Engine               - isMobile: false
16:50:03.190 [FXGL Background Thread 3 ] DEBUG Engine               - isNative: false
16:50:03.190 [FXGL Background Thread 3 ] DEBUG Engine               - isPauseMusicWhenMinimized: true
16:50:03.190 [FXGL Background Thread 3 ] DEBUG Engine               - isPreserveResizeRatio: false
16:50:03.190 [FXGL Background Thread 3 ] DEBUG Engine               - isProfilingEnabled: false
16:50:03.190 [FXGL Background Thread 3 ] DEBUG Engine               - isScaleAffectedOnResize: true
16:50:03.190 [FXGL Background Thread 3 ] DEBUG Engine               - isSingleStep: false
16:50:03.190 [FXGL Background Thread 3 ] DEBUG Engine               - isUserProfileEnabled: false
16:50:03.190 [FXGL Background Thread 3 ] DEBUG Engine               - isWindows: false
16:50:03.190 [FXGL Background Thread 3 ] DEBUG Engine               - language: ObjectProperty [value: ENGLISH]
16:50:03.191 [FXGL Background Thread 3 ] DEBUG Engine               - menuKey: ESCAPE
16:50:03.191 [FXGL Background Thread 3 ] DEBUG Engine               - mouseSensitivity: 0.2
16:50:03.191 [FXGL Background Thread 3 ] DEBUG Engine               - notificationViewClass: class com.almasb.fxgl.notification.view.XboxNotificationView
16:50:03.191 [FXGL Background Thread 3 ] DEBUG Engine               - pixelsPerMeter: 50.0
16:50:03.191 [FXGL Background Thread 3 ] DEBUG Engine               - platform: MAC
16:50:03.191 [FXGL Background Thread 3 ] DEBUG Engine               - prefHeightProperty: ReadOnlyDoubleProperty [value: 720.0]
16:50:03.191 [FXGL Background Thread 3 ] DEBUG Engine               - prefWidthProperty: ReadOnlyDoubleProperty [value: 1280.0]
16:50:03.191 [FXGL Background Thread 3 ] DEBUG Engine               - profileDir: profiles/
16:50:03.192 [FXGL Background Thread 3 ] DEBUG Engine               - profileName: StringProperty [value: DEFAULT]
16:50:03.192 [FXGL Background Thread 3 ] DEBUG Engine               - randomSeed: -1
16:50:03.192 [FXGL Background Thread 3 ] DEBUG Engine               - runtimeInfo: RuntimeInfo(platform=MAC, version=17.2, build=20.08.2022 16.50)
16:50:03.192 [FXGL Background Thread 3 ] DEBUG Engine               - saveFileExt: sav
16:50:03.192 [FXGL Background Thread 3 ] DEBUG Engine               - scaledHeightProp$fxgl: DoubleProperty [bound, value: 720.0]
16:50:03.192 [FXGL Background Thread 3 ] DEBUG Engine               - scaledWidthProp$fxgl: DoubleProperty [bound, value: 1280.0]
16:50:03.192 [FXGL Background Thread 3 ] DEBUG Engine               - sceneFactory: com.sunsofgod.PlatformerApp$1@60593819
16:50:03.192 [FXGL Background Thread 3 ] DEBUG Engine               - secondsIn24h: 60
16:50:03.192 [FXGL Background Thread 3 ] DEBUG Engine               - soundMenuBack: menu/back.wav
16:50:03.193 [FXGL Background Thread 3 ] DEBUG Engine               - soundMenuPress: menu/press.wav
16:50:03.193 [FXGL Background Thread 3 ] DEBUG Engine               - soundMenuSelect: menu/select.wav
16:50:03.193 [FXGL Background Thread 3 ] DEBUG Engine               - soundNotification: core/notification.wav
16:50:03.193 [FXGL Background Thread 3 ] DEBUG Engine               - stageStyle: DECORATED
16:50:03.193 [FXGL Background Thread 3 ] DEBUG Engine               - supportedLanguages: [ENGLISH, FRENCH, GERMAN, HUNGARIAN, RUSSIAN]
16:50:03.193 [FXGL Background Thread 3 ] DEBUG Engine               - ticksPerSecond: -1
16:50:03.193 [FXGL Background Thread 3 ] DEBUG Engine               - title: Untitled
16:50:03.193 [FXGL Background Thread 3 ] DEBUG Engine               - urlGithub: https://github.com/AlmasB/FXGL
16:50:03.193 [FXGL Background Thread 3 ] DEBUG Engine               - urlLeaderboard: http://fxgl-top.herokuapp.com/
16:50:03.193 [FXGL Background Thread 3 ] DEBUG Engine               - urlPOM: https://raw.githubusercontent.com/AlmasB/FXGL/release/README.md
16:50:03.193 [FXGL Background Thread 3 ] DEBUG Engine               - userAppClass: class com.sunsofgod.PlatformerApp
16:50:03.193 [FXGL Background Thread 3 ] DEBUG Engine               - version: 0.0
16:50:03.193 [FXGL Background Thread 3 ] DEBUG Engine               - versionCheckDays: 7
16:50:03.193 [FXGL Background Thread 3 ] DEBUG Engine               - width: 1280
16:50:03.193 [FXGL Background Thread 3 ] DEBUG Engine               - Logging services
16:50:03.193 [FXGL Background Thread 3 ] DEBUG Engine               - class com.almasb.fxgl.app.services.FXGLAssetLoaderService
16:50:03.194 [FXGL Background Thread 3 ] DEBUG Engine               - class com.almasb.fxgl.app.FXGLApplication$GameApplicationService
16:50:03.194 [FXGL Background Thread 3 ] DEBUG Engine               - class com.almasb.fxgl.app.services.FXGLDialogService
16:50:03.194 [FXGL Background Thread 3 ] DEBUG Engine               - class com.almasb.fxgl.app.services.IOTaskExecutorService
16:50:03.194 [FXGL Background Thread 3 ] DEBUG Engine               - class com.almasb.fxgl.io.FileSystemService
16:50:03.194 [FXGL Background Thread 3 ] DEBUG Engine               - class com.almasb.fxgl.localization.LocalizationService
16:50:03.194 [FXGL Background Thread 3 ] DEBUG Engine               - class com.almasb.fxgl.app.services.SystemBundleService
16:50:03.195 [FXGL Background Thread 3 ] DEBUG Engine               - class com.almasb.fxgl.profile.SaveLoadService
16:50:03.195 [FXGL Background Thread 3 ] DEBUG Engine               - class com.almasb.fxgl.ui.FXGLUIFactoryServiceProvider
16:50:03.195 [FXGL Background Thread 3 ] DEBUG Engine               - class com.almasb.fxgl.ui.FXGLDialogFactoryServiceProvider
16:50:03.195 [FXGL Background Thread 3 ] DEBUG Engine               - class com.almasb.fxgl.audio.AudioPlayer
16:50:03.195 [FXGL Background Thread 3 ] DEBUG Engine               - class com.almasb.fxgl.notification.impl.NotificationServiceProvider
16:50:03.195 [FXGL Background Thread 3 ] DEBUG Engine               - class com.almasb.fxgl.achievement.AchievementService
16:50:03.195 [FXGL Background Thread 3 ] DEBUG Engine               - class com.almasb.fxgl.cutscene.CutsceneService
16:50:03.195 [FXGL Background Thread 3 ] DEBUG Engine               - class com.almasb.fxgl.minigames.MiniGameService
16:50:03.195 [FXGL Background Thread 3 ] DEBUG Engine               - class com.almasb.fxgl.net.NetService
16:50:03.195 [FXGL Background Thread 3 ] DEBUG Engine               - class com.almasb.fxgl.app.services.UpdaterService
16:50:03.195 [FXGL Background Thread 3 ] DEBUG Engine               - class com.almasb.fxgl.dev.DevService
16:50:14.750 [JavaFX Application Thread] DEBUG PrimaryStageWindow   - Push state: PlayerSelectScene
16:50:14.750 [JavaFX Application Thread] DEBUG Input                - Clearing active input actions
16:50:14.750 [JavaFX Application Thread] DEBUG GameApplicationServi - Removing overlay from RiderMainMenuScene and adding to PlayerSelectScene
16:50:14.752 [JavaFX Application Thread] DEBUG PrimaryStageWindow   - RiderMainMenuScene -> PlayerSelectScene
16:50:16.230 [JavaFX Application Thread] DEBUG PrimaryStageWindow   - Push state: LevelSelectScene
16:50:16.231 [JavaFX Application Thread] DEBUG Input                - Clearing active input actions
16:50:16.231 [JavaFX Application Thread] DEBUG GameApplicationServi - Removing overlay from PlayerSelectScene and adding to LevelSelectScene
16:50:16.232 [JavaFX Application Thread] DEBUG PrimaryStageWindow   - PlayerSelectScene -> LevelSelectScene
16:50:17.094 [JavaFX Application Thread] DEBUG Menu                 - fireNewGame()
16:50:17.094 [JavaFX Application Thread] DEBUG GameApplicationServi - Starting new game
16:50:17.095 [JavaFX Application Thread] DEBUG PrimaryStageWindow   - Pop state: LevelSelectScene
16:50:17.095 [JavaFX Application Thread] DEBUG Input                - Clearing active input actions
16:50:17.096 [JavaFX Application Thread] DEBUG GameApplicationServi - Removing overlay from LevelSelectScene and adding to PlayerSelectScene
16:50:17.097 [JavaFX Application Thread] DEBUG PrimaryStageWindow   - PlayerSelectScene <- LevelSelectScene
16:50:17.097 [JavaFX Application Thread] DEBUG PrimaryStageWindow   - Pop state: PlayerSelectScene
16:50:17.098 [JavaFX Application Thread] DEBUG Input                - Clearing active input actions
16:50:17.098 [JavaFX Application Thread] DEBUG GameApplicationServi - Removing overlay from PlayerSelectScene and adding to RiderMainMenuScene
16:50:17.098 [JavaFX Application Thread] DEBUG PrimaryStageWindow   - RiderMainMenuScene <- PlayerSelectScene
16:50:17.098 [JavaFX Application Thread] DEBUG PrimaryStageWindow   - Pop state: RiderMainMenuScene
16:50:17.098 [JavaFX Application Thread] DEBUG Input                - Clearing active input actions
16:50:17.098 [JavaFX Application Thread] DEBUG GameApplicationServi - Removing overlay from RiderMainMenuScene and adding to FXGLMainMenuDummyScene
16:50:17.099 [JavaFX Application Thread] DEBUG PrimaryStageWindow   - FXGLMainMenuDummyScene <- RiderMainMenuScene
16:50:17.099 [JavaFX Application Thread] DEBUG Input                - Clearing active input actions
16:50:17.103 [JavaFX Application Thread] DEBUG GameApplicationServi - Removing overlay from FXGLMainMenuDummyScene and adding to MainLoadingScene
16:50:17.103 [JavaFX Application Thread] DEBUG PrimaryStageWindow   - FXGLMainMenuDummyScene -> MainLoadingScene
16:50:17.103 [JavaFX Application Thread] DEBUG GameApplicationServi - Clearing previous game
16:50:17.103 [JavaFX Application Thread] DEBUG GameScene            - Clearing game scene
16:50:17.103 [JavaFX Application Thread] DEBUG GameWorld            - Clearing game world
16:50:17.104 [JavaFX Application Thread] DEBUG PhysicsWorld         - Clearing physics world
16:50:17.105 [FXGL Background Thread 2 ] DEBUG FXGLApplication      - Initializing game
16:50:17.149 [FXGL Background Thread 2 ] WARN  TMXLevelLoader       - TiledMap generated from 1.11.0. Supported version: 1.9.0. Some features may not be parsed fully.
16:50:17.156 [FXGL Background Thread 2 ] DEBUG TMXLevelLoader       - Parsed TiledMap: file:/Users/aaron/JavaFXGame/target/classes/assets/levels/tmx/level5.tmx
16:50:17.157 [FXGL Background Thread 2 ] DEBUG TMXLevelLoader       - Creating tile layer entities
16:50:17.158 [FXGL Background Thread 2 ] DEBUG TilesetLoader        - Loading view for layer Tile Layer 1
16:50:17.162 [FXGL Background Thread 2 ] DEBUG TilesetLoader        - Created buffer with size 2450.0x700.0
16:50:17.175 [FXGL Background Thread 2 ] DEBUG TMXLevelLoader       - Creating object layer entities
16:50:17.195 [FXGL Background Thread 2 ] DEBUG FXGLAssetLoaderServi - Loading from file system: file:/Users/aaron/JavaFXGame/target/classes/assets/textures/button.png
16:50:17.213 [FXGL Background Thread 2 ] DEBUG GameWorld            - Clearing removable entities
16:50:17.213 [FXGL Background Thread 2 ] DEBUG GameWorld            - Setting level: com.almasb.fxgl.entity.level.Level@2f0d2f69
16:50:17.221 [FXGL Background Thread 2 ] DEBUG FXGLAssetLoaderServi - Loading from file system: file:/Users/aaron/JavaFXGame/target/classes/assets/textures/player1.png
16:50:17.226 [FXGL Background Thread 2 ] DEBUG FXGLAssetLoaderServi - Loading from file system: file:/Users/aaron/JavaFXGame/target/classes/assets/textures/player2.png
16:50:17.228 [FXGL Background Thread 2 ] DEBUG Input                - Clearing active input actions
16:50:17.228 [FXGL Background Thread 2 ] DEBUG Input                - Registered new binding: Jump0 - W
16:50:17.229 [FXGL Background Thread 2 ] DEBUG Input                - Registered new binding: Left0 - A
16:50:17.229 [FXGL Background Thread 2 ] DEBUG Input                - Registered new binding: Right0 - D
16:50:17.229 [FXGL Background Thread 2 ] DEBUG Input                - Registered new binding: Use0 - E
16:50:17.229 [FXGL Background Thread 2 ] DEBUG Input                - Registered new binding: Jump1 - Up
16:50:17.229 [FXGL Background Thread 2 ] DEBUG Input                - Registered new binding: Left1 - Left
16:50:17.229 [FXGL Background Thread 2 ] DEBUG Input                - Registered new binding: Right1 - Right
16:50:17.229 [FXGL Background Thread 2 ] DEBUG Input                - Registered new binding: Use1 - Slash
16:50:17.230 [FXGL Background Thread 2 ] DEBUG FXGLAssetLoaderServi - Loading from file system: file:/Users/aaron/JavaFXGame/target/classes/assets/textures/background/building.png
16:50:17.252 [FXGL Background Thread 2 ] INFO  FXGLApplication      - Game initialization took: 0.146 sec
16:50:17.252 [JavaFX Application Thread] DEBUG Input                - Clearing active input actions
16:50:17.255 [JavaFX Application Thread] DEBUG GameApplicationServi - Removing overlay from MainLoadingScene and adding to GameScene
16:50:17.256 [JavaFX Application Thread] DEBUG PrimaryStageWindow   - MainLoadingScene -> GameScene
16:50:17.902 [JavaFX Application Thread] DEBUG FXGLAssetLoaderServi - Loading from file system: file:/Users/aaron/JavaFXGame/target/classes/assets/sounds/jump.wav
16:50:56.641 [JavaFX Application Thread] DEBUG PrimaryStageWindow   - Push state: LevelCompletionScene
16:50:56.641 [JavaFX Application Thread] DEBUG Input                - Clearing active input actions
16:50:56.641 [JavaFX Application Thread] DEBUG GameApplicationServi - Removing overlay from GameScene and adding to LevelCompletionScene
16:50:56.642 [JavaFX Application Thread] DEBUG PrimaryStageWindow   - GameScene -> LevelCompletionScene
16:50:56.643 [JavaFX Application Thread] WARN  TMXLevelLoader       - TiledMap generated from 1.11.0. Supported version: 1.9.0. Some features may not be parsed fully.
16:50:56.649 [JavaFX Application Thread] DEBUG TMXLevelLoader       - Parsed TiledMap: file:/Users/aaron/JavaFXGame/target/classes/assets/levels/tmx/level6.tmx
16:50:56.649 [JavaFX Application Thread] DEBUG TMXLevelLoader       - Creating tile layer entities
16:50:56.651 [JavaFX Application Thread] DEBUG TilesetLoader        - Loading view for layer BG
16:50:56.653 [JavaFX Application Thread] DEBUG TilesetLoader        - Created buffer with size 4200.0x700.0
16:50:56.662 [JavaFX Application Thread] DEBUG TilesetLoader        - Loading view for layer Tile Layer 1
16:50:56.664 [JavaFX Application Thread] DEBUG TilesetLoader        - Created buffer with size 4200.0x700.0
16:50:56.689 [JavaFX Application Thread] DEBUG TMXLevelLoader       - Creating object layer entities
16:50:56.697 [JavaFX Application Thread] DEBUG GameWorld            - Clearing removable entities
16:50:56.700 [JavaFX Application Thread] DEBUG GameWorld            - Setting level: com.almasb.fxgl.entity.level.Level@31e47400
16:50:56.701 [JavaFX Application Thread] DEBUG FXGLAssetLoaderServi - Loading from file system: file:/Users/aaron/JavaFXGame/target/classes/assets/textures/background/manila.png
16:50:57.768 [JavaFX Application Thread] DEBUG PrimaryStageWindow   - Pop state: LevelCompletionScene
16:50:57.769 [JavaFX Application Thread] DEBUG Input                - Clearing active input actions
16:50:57.770 [JavaFX Application Thread] DEBUG GameApplicationServi - Removing overlay from LevelCompletionScene and adding to GameScene
16:50:57.771 [JavaFX Application Thread] DEBUG PrimaryStageWindow   - GameScene <- LevelCompletionScene
16:51:27.190 [JavaFX Application Thread] DEBUG PrimaryStageWindow   - Push state: LevelCompletionScene
16:51:27.190 [JavaFX Application Thread] DEBUG Input                - Clearing active input actions
16:51:27.190 [JavaFX Application Thread] DEBUG GameApplicationServi - Removing overlay from GameScene and adding to LevelCompletionScene
16:51:27.191 [JavaFX Application Thread] DEBUG PrimaryStageWindow   - GameScene -> LevelCompletionScene
16:51:27.193 [JavaFX Application Thread] WARN  TMXLevelLoader       - TiledMap generated from 1.11.0. Supported version: 1.9.0. Some features may not be parsed fully.
16:51:27.199 [JavaFX Application Thread] DEBUG TMXLevelLoader       - Parsed TiledMap: file:/Users/aaron/JavaFXGame/target/classes/assets/levels/tmx/level7.tmx
16:51:27.200 [JavaFX Application Thread] DEBUG TMXLevelLoader       - Creating tile layer entities
16:51:27.200 [JavaFX Application Thread] DEBUG TilesetLoader        - Loading view for layer BG
16:51:27.201 [JavaFX Application Thread] DEBUG TilesetLoader        - Created buffer with size 4200.0x700.0
16:51:27.219 [JavaFX Application Thread] DEBUG TilesetLoader        - Loading view for layer Physical
16:51:27.221 [JavaFX Application Thread] DEBUG TilesetLoader        - Created buffer with size 4200.0x700.0
16:51:27.223 [JavaFX Application Thread] DEBUG TMXLevelLoader       - Creating object layer entities
16:51:27.231 [JavaFX Application Thread] DEBUG GameWorld            - Clearing removable entities
16:51:27.234 [JavaFX Application Thread] DEBUG GameWorld            - Setting level: com.almasb.fxgl.entity.level.Level@5ee8d920
16:51:28.020 [JavaFX Application Thread] DEBUG PrimaryStageWindow   - Pop state: LevelCompletionScene
16:51:28.020 [JavaFX Application Thread] DEBUG Input                - Clearing active input actions
16:51:28.020 [JavaFX Application Thread] DEBUG GameApplicationServi - Removing overlay from LevelCompletionScene and adding to GameScene
16:51:28.020 [JavaFX Application Thread] DEBUG PrimaryStageWindow   - GameScene <- LevelCompletionScene
16:51:57.134 [JavaFX Application Thread] DEBUG PrimaryStageWindow   - Push state: LevelCompletionScene
16:51:57.135 [JavaFX Application Thread] DEBUG Input                - Clearing active input actions
16:51:57.136 [JavaFX Application Thread] DEBUG GameApplicationServi - Removing overlay from GameScene and adding to LevelCompletionScene
16:51:57.136 [JavaFX Application Thread] DEBUG PrimaryStageWindow   - GameScene -> LevelCompletionScene
16:51:57.141 [JavaFX Application Thread] WARN  TMXLevelLoader       - TiledMap generated from 1.11.0. Supported version: 1.9.0. Some features may not be parsed fully.
16:51:57.143 [JavaFX Application Thread] DEBUG TMXLevelLoader       - Parsed TiledMap: file:/Users/aaron/JavaFXGame/target/classes/assets/levels/tmx/level8.tmx
16:51:57.143 [JavaFX Application Thread] DEBUG TMXLevelLoader       - Creating tile layer entities
16:51:57.144 [JavaFX Application Thread] DEBUG TilesetLoader        - Loading view for layer Tile Layer 1
16:51:57.149 [JavaFX Application Thread] DEBUG TilesetLoader        - Created buffer with size 1050.0x700.0
16:51:57.158 [JavaFX Application Thread] DEBUG TMXLevelLoader       - Creating object layer entities
16:51:57.161 [JavaFX Application Thread] DEBUG GameWorld            - Clearing removable entities
16:51:57.163 [JavaFX Application Thread] DEBUG GameWorld            - Setting level: com.almasb.fxgl.entity.level.Level@74533210
16:51:58.637 [JavaFX Application Thread] DEBUG PrimaryStageWindow   - Pop state: LevelCompletionScene
16:51:58.637 [JavaFX Application Thread] DEBUG Input                - Clearing active input actions
16:51:58.638 [JavaFX Application Thread] DEBUG GameApplicationServi - Removing overlay from LevelCompletionScene and adding to GameScene
16:51:58.639 [JavaFX Application Thread] DEBUG PrimaryStageWindow   - GameScene <- LevelCompletionScene
16:52:02.281 [JavaFX Application Thread] DEBUG FXGLApplication      - Exiting FXGL
16:52:02.281 [JavaFX Application Thread] DEBUG LoopRunner           - Stopping loop
16:52:02.281 [JavaFX Application Thread] DEBUG SystemBundleService  - Saving FXGL system data
16:52:02.284 [JavaFX Application Thread] DEBUG FileSystemAccess     - Writing to: /Users/aaron/JavaFXGame/system/fxgl.bundle
16:52:02.286 [JavaFX Application Thread] DEBUG Async                - Shutting down background threads
16:52:02.287 [JavaFX Application Thread] DEBUG PrimaryStageWindow   - Closing main window
16:52:02.305 [JavaFX Application Thread] DEBUG Logger               - Closing Logger
