02:07:11.907 [main                     ] DEBUG Logger               - Configured Logger
02:07:11.922 [main                     ] DEBUG GameApplication      - Logging settings
Title: Untitled
Version: 0.0
Width: 1280
Height: 720
Fullscreen: false
Intro: false
Profiling: false
Single step:false
App Mode: DEVELOPER
Menu Key: ESCAPE
Stage Style: DECORATED
Scene Factory: class com.sunsofgod.PlatformerApp$1

02:07:12.209 [JavaFX Application Thread] DEBUG FXGLApplication      - Initializing FXGL
02:07:12.212 [JavaFX Application Thread] INFO  Engine               - FXGL-17.2 (20.08.2022 16.50) on WINDOWS (J:21.0.4 FX:17.0.12)
02:07:12.213 [JavaFX Application Thread] DEBUG Engine               - JRE Vendor Name: Eclipse Adoptium
02:07:12.213 [JavaFX Application Thread] DEBUG Engine               - Running on OS: Windows 11 version 10.0
02:07:12.213 [JavaFX Application Thread] DEBUG Engine               - Architecture: amd64
02:07:12.213 [JavaFX Application Thread] INFO  Engine               - Source code and latest versions at: https://github.com/AlmasB/FXGL
02:07:12.213 [JavaFX Application Thread] INFO  Engine               -       Ask questions and discuss at: https://github.com/AlmasB/FXGL/discussions
02:07:12.214 [JavaFX Application Thread] INFO  Engine               -              Join the FXGL chat at: https://gitter.im/AlmasB/FXGL
02:07:12.279 [JavaFX Application Thread] DEBUG PrimaryStageWindow   - Creating a JavaFX scene
02:07:12.308 [JavaFX Application Thread] DEBUG PrimaryStageWindow   - Target settings size: 1280.0 x 720.0
02:07:12.308 [JavaFX Application Thread] DEBUG PrimaryStageWindow   - Scaled scene size:    1280.0 x 720.0
02:07:12.308 [JavaFX Application Thread] DEBUG PrimaryStageWindow   - Scaled ratio: (1.0, 1.0)
02:07:12.309 [JavaFX Application Thread] DEBUG PrimaryStageWindow   - Set initial scene to FXGLStartupScene
02:07:12.313 [JavaFX Application Thread] DEBUG PrimaryStageWindow   - Opening main window
02:07:12.366 [JavaFX Application Thread] DEBUG PrimaryStageWindow   - Window border size: (16.0, 39.0)
02:07:12.366 [JavaFX Application Thread] DEBUG PrimaryStageWindow   - Scaled size: 1280.0 x 720.0
02:07:12.367 [JavaFX Application Thread] DEBUG PrimaryStageWindow   - Scaled ratio: (1.0, 1.0)
02:07:12.367 [JavaFX Application Thread] DEBUG PrimaryStageWindow   - Scene size: 1280.0 x 720.0
02:07:12.367 [JavaFX Application Thread] DEBUG PrimaryStageWindow   - Stage size: 1296.0 x 759.0
02:07:12.372 [FXGL Background Thread 1 ] DEBUG Engine               - Initializing environment variables
02:07:12.400 [FXGL Background Thread 1 ] DEBUG FXGLAssetLoaderServi - User app class for loading assets: class com.sunsofgod.PlatformerApp
02:07:12.400 [FXGL Background Thread 1 ] DEBUG GameApplicationServi - Applying CSS: fxgl_dark.css
02:07:12.400 [FXGL Background Thread 1 ] DEBUG FXGLAssetLoaderServi - Loading from file system: jar:file:///C:/Users/Balong/.m2/repository/com/github/almasb/fxgl/17.2/fxgl-17.2.jar!/fxglassets/ui/css/fxgl_dark.css
02:07:12.429 [FXGL Background Thread 1 ] DEBUG GameApplicationServi - Initializing application scenes
02:07:12.461 [FXGL Background Thread 1 ] WARN  FXGLAssetLoaderServi - Asset "/assets/textures/player.png" was not found!
02:07:12.461 [FXGL Background Thread 1 ] WARN  FXGLAssetLoaderServi - Failed to load IMAGE
02:07:12.479 [FXGL Background Thread 1 ] DEBUG GameWorld            - Game world initialized
02:07:12.511 [FXGL Background Thread 1 ] DEBUG PhysicsWorld         - Physics world initialized: appHeight=720, physics.ppm=50.0
02:07:12.511 [FXGL Background Thread 1 ] DEBUG PhysicsWorld         - Using strategy: BRUTE_FORCE
02:07:12.514 [FXGL Background Thread 1 ] DEBUG GameScene            - Game scene initialized: 1280x720
02:07:12.717 [FXGL Background Thread 1 ] DEBUG GameApplicationServi - Application scenes initialized
02:07:12.728 [FXGL Background Thread 1 ] DEBUG SystemBundleService  - Loading FXGL system data
02:07:12.730 [FXGL Background Thread 1 ] DEBUG FileSystemAccess     - Reading from: C:\Users\Balong\Desktop\JavaFXGame-3\system\fxgl.bundle
02:07:12.736 [FXGL Background Thread 1 ] DEBUG SystemBundleService  - Bundle FXGL: {}
02:07:12.736 [FXGL Background Thread 1 ] DEBUG UpdaterService       - Checking for updates
02:07:12.751 [FXGL Background Thread 4 ] DEBUG FXGLApplication      - Loading fonts
02:07:12.751 [FXGL Background Thread 1 ] DEBUG FXGLApplication      - Loading default localization
02:07:12.751 [FXGL Background Thread 4 ] DEBUG FXGLAssetLoaderServi - Loading from file system: jar:file:///C:/Users/Balong/.m2/repository/com/github/almasb/fxgl/17.2/fxgl-17.2.jar!/fxglassets/ui/fonts/VarelaRound-Regular.ttf
02:07:12.753 [FXGL Background Thread 1 ] DEBUG FXGLAssetLoaderServi - Loading from file system: jar:file:///C:/Users/Balong/.m2/repository/com/github/almasb/fxgl/17.2/fxgl-17.2.jar!/fxglassets/languages/english.lang
02:07:12.775 [FXGL Background Thread 1 ] INFO  FXGLApplication      - FXGL initialization took: 0.404 sec
02:07:12.776 [JavaFX Application Thread] DEBUG FXGLAssetLoaderServi - Loading from file system: jar:file:///C:/Users/Balong/.m2/repository/com/github/almasb/fxgl/17.2/fxgl-17.2.jar!/fxglassets/textures/fxgl_icon.png
02:07:12.789 [JavaFX Application Thread] DEBUG FXGLAssetLoaderServi - Loading from file system: jar:file:///C:/Users/Balong/.m2/repository/com/github/almasb/fxgl/17.2/fxgl-17.2.jar!/fxglassets/textures/fxgl_default_cursor.png
02:07:12.795 [FXGL Background Thread 4 ] DEBUG FXGLAssetLoaderServi - Loading from file system: jar:file:///C:/Users/Balong/.m2/repository/com/github/almasb/fxgl/17.2/fxgl-17.2.jar!/fxglassets/ui/fonts/Abel-Regular.ttf
02:07:12.798 [JavaFX Application Thread] DEBUG Input                - Registered new binding: Screenshot - CTRL+8
02:07:12.798 [JavaFX Application Thread] DEBUG Input                - Registered new binding: Dev Options - 1
02:07:12.798 [JavaFX Application Thread] DEBUG Input                - Registered new binding: Dev Console - 2
02:07:12.799 [JavaFX Application Thread] DEBUG Input                - Registered new binding: System info dump - CTRL+9
02:07:12.799 [JavaFX Application Thread] DEBUG Input                - Registered new binding: Restart - CTRL+R
02:07:12.799 [JavaFX Application Thread] DEBUG Input                - Registered new binding: Toggle Debug Camera - CTRL+7
02:07:12.801 [JavaFX Application Thread] DEBUG LoopRunner           - Starting loop
02:07:12.805 [FXGL Background Thread 4 ] DEBUG FXGLAssetLoaderServi - Loading from file system: jar:file:///C:/Users/Balong/.m2/repository/com/github/almasb/fxgl/17.2/fxgl-17.2.jar!/fxglassets/ui/fonts/TerminalLandMono-Regular.otf
02:07:12.810 [JavaFX Application Thread] DEBUG LoopRunner           - Initializing JavaFX AnimationTimerLoop
02:07:12.811 [JavaFX Application Thread] DEBUG Input                - Clearing active input actions
02:07:12.819 [JavaFX Application Thread] DEBUG GameApplicationServi - Removing overlay from FXGLStartupScene and adding to FXGLMainMenuDummyScene
02:07:12.820 [FXGL Background Thread 4 ] DEBUG FXGLAssetLoaderServi - Loading from file system: jar:file:///C:/Users/Balong/.m2/repository/com/github/almasb/fxgl/17.2/fxgl-17.2.jar!/fxglassets/ui/fonts/Courier-Prime.ttf
02:07:12.823 [JavaFX Application Thread] DEBUG PrimaryStageWindow   - FXGLStartupScene -> FXGLMainMenuDummyScene
02:07:12.823 [JavaFX Application Thread] DEBUG PrimaryStageWindow   - Push state: RiderMainMenuScene
02:07:12.823 [JavaFX Application Thread] DEBUG Input                - Clearing active input actions
02:07:12.828 [JavaFX Application Thread] DEBUG GameApplicationServi - Removing overlay from FXGLMainMenuDummyScene and adding to RiderMainMenuScene
02:07:12.828 [JavaFX Application Thread] DEBUG PrimaryStageWindow   - FXGLMainMenuDummyScene -> RiderMainMenuScene
02:07:12.949 [JavaFX Application Thread] DEBUG FXGLApplication      - Registering font factories with UI factory
02:07:13.059 [FXGL Background Thread 2 ] INFO  UpdaterService       - Your current version:  17.2
02:07:13.059 [FXGL Background Thread 2 ] INFO  UpdaterService       - Latest stable version: 21.1
02:07:13.334 [JavaFX Application Thread] DEBUG FXGLApplication      - Exiting FXGL
02:07:13.334 [JavaFX Application Thread] DEBUG LoopRunner           - Stopping loop
02:07:13.334 [JavaFX Application Thread] DEBUG SystemBundleService  - Saving FXGL system data
02:07:13.336 [JavaFX Application Thread] DEBUG FileSystemAccess     - Writing to: C:\Users\Balong\Desktop\JavaFXGame-3\system\fxgl.bundle
02:07:13.337 [JavaFX Application Thread] DEBUG Async                - Shutting down background threads
02:07:13.337 [JavaFX Application Thread] DEBUG PrimaryStageWindow   - Closing main window
02:07:13.346 [JavaFX Application Thread] DEBUG Logger               - Closing Logger
