23:24:52.874 [main                     ] DEBUG Logger               - Configured Logger
23:24:52.889 [main                     ] DEBUG GameApplication      - Logging settings
Title: Untitled
Version: 0.0
Width: 1280
Height: 720
Fullscreen: false
Intro: false
Profiling: false
Single step:false
App Mode: DEVELOPER
Menu Key: ESCAPE
Stage Style: DECORATED
Scene Factory: class com.sunsofgod.PlatformerApp$1

23:24:53.105 [JavaFX Application Thread] DEBUG FXGLApplication      - Initializing FXGL
23:24:53.108 [JavaFX Application Thread] INFO  Engine               - FXGL-17.2 (20.08.2022 16.50) on MAC (J:17.0.2 FX:17.0.12)
23:24:53.108 [JavaFX Application Thread] DEBUG Engine               - JRE Vendor Name: Oracle Corporation
23:24:53.108 [JavaFX Application Thread] DEBUG Engine               - Running on OS: Mac OS X version 15.1
23:24:53.108 [JavaFX Application Thread] DEBUG Engine               - Architecture: aarch64
23:24:53.108 [JavaFX Application Thread] INFO  Engine               - Source code and latest versions at: https://github.com/AlmasB/FXGL
23:24:53.109 [JavaFX Application Thread] INFO  Engine               -       Ask questions and discuss at: https://github.com/AlmasB/FXGL/discussions
23:24:53.109 [JavaFX Application Thread] INFO  Engine               -              Join the FXGL chat at: https://gitter.im/AlmasB/FXGL
23:24:53.154 [JavaFX Application Thread] DEBUG PrimaryStageWindow   - Creating a JavaFX scene
23:24:53.175 [JavaFX Application Thread] DEBUG PrimaryStageWindow   - Target settings size: 1280.0 x 720.0
23:24:53.175 [JavaFX Application Thread] DEBUG PrimaryStageWindow   - Scaled scene size:    1280.0 x 720.0
23:24:53.175 [JavaFX Application Thread] DEBUG PrimaryStageWindow   - Scaled ratio: (1.0, 1.0)
23:24:53.175 [JavaFX Application Thread] DEBUG PrimaryStageWindow   - Set initial scene to FXGLStartupScene
23:24:53.178 [JavaFX Application Thread] DEBUG PrimaryStageWindow   - Opening main window
23:24:53.283 [JavaFX Application Thread] DEBUG PrimaryStageWindow   - Window border size: (0.0, 28.0)
23:24:53.283 [JavaFX Application Thread] DEBUG PrimaryStageWindow   - Scaled size: 1280.0 x 720.0
23:24:53.283 [JavaFX Application Thread] DEBUG PrimaryStageWindow   - Scaled ratio: (1.0, 1.0)
23:24:53.283 [JavaFX Application Thread] DEBUG PrimaryStageWindow   - Scene size: 1280.0 x 720.0
23:24:53.283 [JavaFX Application Thread] DEBUG PrimaryStageWindow   - Stage size: 1280.0 x 748.0
23:24:53.289 [FXGL Background Thread 1 ] DEBUG Engine               - Initializing environment variables
23:24:53.315 [FXGL Background Thread 1 ] DEBUG FXGLAssetLoaderServi - User app class for loading assets: class com.sunsofgod.PlatformerApp
23:24:53.315 [FXGL Background Thread 1 ] DEBUG GameApplicationServi - Applying CSS: fxgl_dark.css
23:24:53.315 [FXGL Background Thread 1 ] DEBUG FXGLAssetLoaderServi - Loading from file system: jar:file:///Users/aaron/.m2/repository/com/github/almasb/fxgl/17.2/fxgl-17.2.jar!/fxglassets/ui/css/fxgl_dark.css
23:24:53.337 [FXGL Background Thread 1 ] DEBUG GameApplicationServi - Initializing application scenes
23:24:53.486 [FXGL Background Thread 1 ] DEBUG FXGLAssetLoaderServi - Loading from file system: file:/Users/aaron/JavaFXGame/target/classes/assets/textures/player.png
23:24:53.504 [FXGL Background Thread 1 ] DEBUG GameWorld            - Game world initialized
23:24:53.531 [FXGL Background Thread 1 ] DEBUG PhysicsWorld         - Physics world initialized: appHeight=720, physics.ppm=50.0
23:24:53.531 [FXGL Background Thread 1 ] DEBUG PhysicsWorld         - Using strategy: BRUTE_FORCE
23:24:53.533 [FXGL Background Thread 1 ] DEBUG GameScene            - Game scene initialized: 1280x720
23:24:53.815 [FXGL Background Thread 1 ] DEBUG FXGL.DefaultMenu     - createMenuBodyGameMenu()
23:24:53.821 [FXGL Background Thread 1 ] DEBUG FXGL.DefaultMenu     - createOptionsMenu()
23:24:53.825 [FXGL Background Thread 1 ] DEBUG FXGLAssetLoaderServi - Loading from file system: jar:file:///Users/aaron/.m2/repository/com/github/almasb/fxgl/17.2/fxgl-17.2.jar!/fxglassets/textures/particles/smoke.png
23:24:53.863 [FXGL Background Thread 1 ] DEBUG FXGLAssetLoaderServi - Loading from file system: jar:file:///Users/aaron/.m2/repository/com/github/almasb/fxgl/17.2/fxgl-17.2.jar!/fxglassets/textures/particles/trace_horizontal.png
23:24:53.870 [FXGL Background Thread 1 ] DEBUG GameApplicationServi - Application scenes initialized
23:24:53.875 [FXGL Background Thread 1 ] DEBUG SystemBundleService  - Loading FXGL system data
23:24:53.878 [FXGL Background Thread 1 ] DEBUG FileSystemAccess     - Reading from: /Users/aaron/JavaFXGame/system/fxgl.bundle
23:24:53.882 [FXGL Background Thread 1 ] DEBUG SystemBundleService  - Bundle FXGL: {}
23:24:53.882 [FXGL Background Thread 1 ] DEBUG UpdaterService       - Checking for updates
23:24:53.906 [FXGL Background Thread 4 ] DEBUG FXGLApplication      - Loading fonts
23:24:53.906 [FXGL Background Thread 4 ] DEBUG FXGLAssetLoaderServi - Loading from file system: jar:file:///Users/aaron/.m2/repository/com/github/almasb/fxgl/17.2/fxgl-17.2.jar!/fxglassets/ui/fonts/VarelaRound-Regular.ttf
23:24:53.907 [FXGL Background Thread 1 ] DEBUG FXGLApplication      - Loading default localization
23:24:53.907 [FXGL Background Thread 1 ] DEBUG FXGLAssetLoaderServi - Loading from file system: jar:file:///Users/aaron/.m2/repository/com/github/almasb/fxgl/17.2/fxgl-17.2.jar!/fxglassets/languages/english.lang
23:24:53.918 [FXGL Background Thread 4 ] DEBUG FXGLAssetLoaderServi - Loading from file system: jar:file:///Users/aaron/.m2/repository/com/github/almasb/fxgl/17.2/fxgl-17.2.jar!/fxglassets/ui/fonts/Abel-Regular.ttf
23:24:53.919 [FXGL Background Thread 1 ] INFO  FXGLApplication      - FXGL initialization took: 0.630 sec
23:24:53.920 [JavaFX Application Thread] DEBUG FXGLAssetLoaderServi - Loading from file system: jar:file:///Users/aaron/.m2/repository/com/github/almasb/fxgl/17.2/fxgl-17.2.jar!/fxglassets/textures/fxgl_icon.png
23:24:53.921 [FXGL Background Thread 4 ] DEBUG FXGLAssetLoaderServi - Loading from file system: jar:file:///Users/aaron/.m2/repository/com/github/almasb/fxgl/17.2/fxgl-17.2.jar!/fxglassets/ui/fonts/TerminalLandMono-Regular.otf
23:24:53.929 [FXGL Background Thread 4 ] DEBUG FXGLAssetLoaderServi - Loading from file system: jar:file:///Users/aaron/.m2/repository/com/github/almasb/fxgl/17.2/fxgl-17.2.jar!/fxglassets/ui/fonts/Courier-Prime.ttf
23:24:53.937 [JavaFX Application Thread] DEBUG FXGLAssetLoaderServi - Loading from file system: jar:file:///Users/aaron/.m2/repository/com/github/almasb/fxgl/17.2/fxgl-17.2.jar!/fxglassets/textures/fxgl_default_cursor.png
23:24:53.943 [JavaFX Application Thread] DEBUG Input                - Registered new binding: Screenshot - CTRL+8
23:24:53.943 [JavaFX Application Thread] DEBUG Input                - Registered new binding: Dev Options - 1
23:24:53.943 [JavaFX Application Thread] DEBUG Input                - Registered new binding: Dev Console - 2
23:24:53.943 [JavaFX Application Thread] DEBUG Input                - Registered new binding: System info dump - CTRL+9
23:24:53.943 [JavaFX Application Thread] DEBUG Input                - Registered new binding: Restart - CTRL+R
23:24:53.943 [JavaFX Application Thread] DEBUG Input                - Registered new binding: Toggle Debug Camera - CTRL+7
23:24:53.944 [JavaFX Application Thread] DEBUG LoopRunner           - Starting loop
23:24:53.952 [JavaFX Application Thread] DEBUG LoopRunner           - Initializing JavaFX AnimationTimerLoop
23:24:53.953 [JavaFX Application Thread] DEBUG Input                - Clearing active input actions
23:24:53.956 [JavaFX Application Thread] DEBUG GameApplicationServi - Removing overlay from FXGLStartupScene and adding to FXGLMainMenuDummyScene
23:24:53.958 [JavaFX Application Thread] DEBUG PrimaryStageWindow   - FXGLStartupScene -> FXGLMainMenuDummyScene
23:24:53.958 [JavaFX Application Thread] DEBUG PrimaryStageWindow   - Push state: RiderMainMenuScene
23:24:53.958 [JavaFX Application Thread] DEBUG Input                - Clearing active input actions
23:24:53.961 [JavaFX Application Thread] DEBUG GameApplicationServi - Removing overlay from FXGLMainMenuDummyScene and adding to RiderMainMenuScene
23:24:53.961 [JavaFX Application Thread] DEBUG PrimaryStageWindow   - FXGLMainMenuDummyScene -> RiderMainMenuScene
23:24:54.064 [JavaFX Application Thread] DEBUG FXGLApplication      - Registering font factories with UI factory
23:24:54.241 [FXGL Background Thread 2 ] INFO  UpdaterService       - Your current version:  17.2
23:24:54.241 [FXGL Background Thread 2 ] INFO  UpdaterService       - Latest stable version: 21.1
23:24:54.687 [JavaFX Application Thread] DEBUG PrimaryStageWindow   - Push state: PlayerSelectScene
23:24:54.687 [JavaFX Application Thread] DEBUG Input                - Clearing active input actions
23:24:54.687 [JavaFX Application Thread] DEBUG GameApplicationServi - Removing overlay from RiderMainMenuScene and adding to PlayerSelectScene
23:24:54.688 [JavaFX Application Thread] DEBUG PrimaryStageWindow   - RiderMainMenuScene -> PlayerSelectScene
23:24:56.325 [JavaFX Application Thread] DEBUG PrimaryStageWindow   - Pop state: PlayerSelectScene
23:24:56.325 [JavaFX Application Thread] DEBUG Input                - Clearing active input actions
23:24:56.326 [JavaFX Application Thread] DEBUG GameApplicationServi - Removing overlay from PlayerSelectScene and adding to RiderMainMenuScene
23:24:56.327 [JavaFX Application Thread] DEBUG PrimaryStageWindow   - RiderMainMenuScene <- PlayerSelectScene
23:24:56.426 [JavaFX Application Thread] DEBUG PrimaryStageWindow   - Push state: WorldSelectScene
23:24:56.426 [JavaFX Application Thread] DEBUG Input                - Clearing active input actions
23:24:56.426 [JavaFX Application Thread] DEBUG GameApplicationServi - Removing overlay from RiderMainMenuScene and adding to WorldSelectScene
23:24:56.427 [JavaFX Application Thread] DEBUG PrimaryStageWindow   - RiderMainMenuScene -> WorldSelectScene
23:24:56.609 [JavaFX Application Thread] DEBUG PrimaryStageWindow   - Pop state: WorldSelectScene
23:24:56.609 [JavaFX Application Thread] DEBUG Input                - Clearing active input actions
23:24:56.610 [JavaFX Application Thread] DEBUG GameApplicationServi - Removing overlay from WorldSelectScene and adding to RiderMainMenuScene
23:24:56.611 [JavaFX Application Thread] DEBUG PrimaryStageWindow   - RiderMainMenuScene <- WorldSelectScene
23:24:56.686 [JavaFX Application Thread] DEBUG PrimaryStageWindow   - Push state: LevelSelectScene
23:24:56.686 [JavaFX Application Thread] DEBUG Input                - Clearing active input actions
23:24:56.686 [JavaFX Application Thread] DEBUG GameApplicationServi - Removing overlay from RiderMainMenuScene and adding to LevelSelectScene
23:24:56.686 [JavaFX Application Thread] DEBUG PrimaryStageWindow   - RiderMainMenuScene -> LevelSelectScene
23:24:56.909 [FXGL Background Thread 3 ] DEBUG Engine               - Logging environment variables
23:24:56.909 [FXGL Background Thread 3 ] DEBUG Engine               - achievements: []
23:24:56.909 [FXGL Background Thread 3 ] DEBUG Engine               - actualHeight: 720.0
23:24:56.910 [FXGL Background Thread 3 ] DEBUG Engine               - actualHeightProperty: ReadOnlyDoubleProperty [value: 720.0]
23:24:56.910 [FXGL Background Thread 3 ] DEBUG Engine               - actualWidth: 1280.0
23:24:56.910 [FXGL Background Thread 3 ] DEBUG Engine               - actualWidthProperty: ReadOnlyDoubleProperty [value: 1280.0]
23:24:56.910 [FXGL Background Thread 3 ] DEBUG Engine               - appIcon: fxgl_icon.png
23:24:56.910 [FXGL Background Thread 3 ] DEBUG Engine               - applicationMode: DEVELOPER
23:24:56.910 [FXGL Background Thread 3 ] DEBUG Engine               - cSSList: [fxgl_dark.css]
23:24:56.910 [FXGL Background Thread 3 ] DEBUG Engine               - collisionDetectionStrategy: BRUTE_FORCE
23:24:56.910 [FXGL Background Thread 3 ] DEBUG Engine               - configClass: Optional.empty
23:24:56.910 [FXGL Background Thread 3 ] DEBUG Engine               - credits: []
23:24:56.911 [FXGL Background Thread 3 ] DEBUG Engine               - defaultCursor: CursorInfo(imageName=fxgl_default_cursor.png, hotspotX=7.0, hotspotY=6.0)
23:24:56.911 [FXGL Background Thread 3 ] DEBUG Engine               - devBBoxColorProperty: ObjectProperty [value: 0xff0000ff]
23:24:56.911 [FXGL Background Thread 3 ] DEBUG Engine               - devEnableDebugCameraProperty: BooleanProperty [value: false]
23:24:56.911 [FXGL Background Thread 3 ] DEBUG Engine               - devSensorColorProperty: ObjectProperty [value: 0xffff00ff]
23:24:56.912 [FXGL Background Thread 3 ] DEBUG Engine               - devShowBBoxProperty: BooleanProperty [value: false]
23:24:56.912 [FXGL Background Thread 3 ] DEBUG Engine               - devShowPositionProperty: BooleanProperty [value: false]
23:24:56.912 [FXGL Background Thread 3 ] DEBUG Engine               - enabledMenuItems: []
23:24:56.912 [FXGL Background Thread 3 ] DEBUG Engine               - engineServices: [class com.almasb.fxgl.app.services.FXGLAssetLoaderService, class com.almasb.fxgl.app.FXGLApplication$GameApplicationService, class com.almasb.fxgl.app.services.FXGLDialogService, class com.almasb.fxgl.app.services.IOTaskExecutorService, class com.almasb.fxgl.io.FileSystemService, class com.almasb.fxgl.localization.LocalizationService, class com.almasb.fxgl.app.services.SystemBundleService, class com.almasb.fxgl.profile.SaveLoadService, class com.almasb.fxgl.ui.FXGLUIFactoryServiceProvider, class com.almasb.fxgl.ui.FXGLDialogFactoryServiceProvider, class com.almasb.fxgl.audio.AudioPlayer, class com.almasb.fxgl.notification.impl.NotificationServiceProvider, class com.almasb.fxgl.achievement.AchievementService, class com.almasb.fxgl.cutscene.CutsceneService, class com.almasb.fxgl.minigames.MiniGameService, class com.almasb.fxgl.net.NetService, class com.almasb.fxgl.app.services.UpdaterService, class com.almasb.fxgl.dev.DevService]
23:24:56.912 [FXGL Background Thread 3 ] DEBUG Engine               - fontGame: Abel-Regular.ttf
23:24:56.912 [FXGL Background Thread 3 ] DEBUG Engine               - fontMono: TerminalLandMono-Regular.otf
23:24:56.912 [FXGL Background Thread 3 ] DEBUG Engine               - fontText: Courier-Prime.ttf
23:24:56.912 [FXGL Background Thread 3 ] DEBUG Engine               - fontUI: VarelaRound-Regular.ttf
23:24:56.912 [FXGL Background Thread 3 ] DEBUG Engine               - fullScreen: BooleanProperty [value: false]
23:24:56.912 [FXGL Background Thread 3 ] DEBUG Engine               - gameDifficulty: MEDIUM
23:24:56.912 [FXGL Background Thread 3 ] DEBUG Engine               - gameDifficultyProperty: ObjectProperty [value: MEDIUM]
23:24:56.912 [FXGL Background Thread 3 ] DEBUG Engine               - globalMusicVolume: 0.5
23:24:56.912 [FXGL Background Thread 3 ] DEBUG Engine               - globalMusicVolumeProperty: DoubleProperty [value: 0.25]
23:24:56.912 [FXGL Background Thread 3 ] DEBUG Engine               - globalSoundVolume: 0.5
23:24:56.913 [FXGL Background Thread 3 ] DEBUG Engine               - globalSoundVolumeProperty: DoubleProperty [value: 0.5]
23:24:56.913 [FXGL Background Thread 3 ] DEBUG Engine               - height: 720
23:24:56.913 [FXGL Background Thread 3 ] DEBUG Engine               - is3D: false
23:24:56.913 [FXGL Background Thread 3 ] DEBUG Engine               - isAndroid: false
23:24:56.913 [FXGL Background Thread 3 ] DEBUG Engine               - isBrowser: false
23:24:56.913 [FXGL Background Thread 3 ] DEBUG Engine               - isClickFeedbackEnabled: false
23:24:56.913 [FXGL Background Thread 3 ] DEBUG Engine               - isCloseConfirmation: false
23:24:56.913 [FXGL Background Thread 3 ] DEBUG Engine               - isDesktop: true
23:24:56.913 [FXGL Background Thread 3 ] DEBUG Engine               - isDeveloperMenuEnabled: true
23:24:56.913 [FXGL Background Thread 3 ] DEBUG Engine               - isEmbedded: false
23:24:56.914 [FXGL Background Thread 3 ] DEBUG Engine               - isEntityPreloadEnabled: true
23:24:56.914 [FXGL Background Thread 3 ] DEBUG Engine               - isExperimentalTiledLargeMap: false
23:24:56.914 [FXGL Background Thread 3 ] DEBUG Engine               - isFileSystemWriteAllowed: true
23:24:56.914 [FXGL Background Thread 3 ] DEBUG Engine               - isFullScreenAllowed: false
23:24:56.914 [FXGL Background Thread 3 ] DEBUG Engine               - isFullScreenFromStart: false
23:24:56.914 [FXGL Background Thread 3 ] DEBUG Engine               - isGameMenuEnabled: true
23:24:56.914 [FXGL Background Thread 3 ] DEBUG Engine               - isIOS: false
23:24:56.914 [FXGL Background Thread 3 ] DEBUG Engine               - isIntroEnabled: false
23:24:56.914 [FXGL Background Thread 3 ] DEBUG Engine               - isLinux: false
23:24:56.914 [FXGL Background Thread 3 ] DEBUG Engine               - isMac: true
23:24:56.914 [FXGL Background Thread 3 ] DEBUG Engine               - isMainMenuEnabled: true
23:24:56.914 [FXGL Background Thread 3 ] DEBUG Engine               - isManualResizeEnabled: false
23:24:56.914 [FXGL Background Thread 3 ] DEBUG Engine               - isMobile: false
23:24:56.914 [FXGL Background Thread 3 ] DEBUG Engine               - isNative: false
23:24:56.914 [FXGL Background Thread 3 ] DEBUG Engine               - isPauseMusicWhenMinimized: true
23:24:56.914 [FXGL Background Thread 3 ] DEBUG Engine               - isPreserveResizeRatio: false
23:24:56.915 [FXGL Background Thread 3 ] DEBUG Engine               - isProfilingEnabled: false
23:24:56.915 [FXGL Background Thread 3 ] DEBUG Engine               - isScaleAffectedOnResize: true
23:24:56.915 [FXGL Background Thread 3 ] DEBUG Engine               - isSingleStep: false
23:24:56.915 [FXGL Background Thread 3 ] DEBUG Engine               - isUserProfileEnabled: false
23:24:56.915 [FXGL Background Thread 3 ] DEBUG Engine               - isWindows: false
23:24:56.915 [FXGL Background Thread 3 ] DEBUG Engine               - language: ObjectProperty [value: ENGLISH]
23:24:56.915 [FXGL Background Thread 3 ] DEBUG Engine               - menuKey: ESCAPE
23:24:56.915 [FXGL Background Thread 3 ] DEBUG Engine               - mouseSensitivity: 0.2
23:24:56.915 [FXGL Background Thread 3 ] DEBUG Engine               - notificationViewClass: class com.almasb.fxgl.notification.view.XboxNotificationView
23:24:56.915 [FXGL Background Thread 3 ] DEBUG Engine               - pixelsPerMeter: 50.0
23:24:56.915 [FXGL Background Thread 3 ] DEBUG Engine               - platform: MAC
23:24:56.915 [FXGL Background Thread 3 ] DEBUG Engine               - prefHeightProperty: ReadOnlyDoubleProperty [value: 720.0]
23:24:56.915 [FXGL Background Thread 3 ] DEBUG Engine               - prefWidthProperty: ReadOnlyDoubleProperty [value: 1280.0]
23:24:56.915 [FXGL Background Thread 3 ] DEBUG Engine               - profileDir: profiles/
23:24:56.916 [FXGL Background Thread 3 ] DEBUG Engine               - profileName: StringProperty [value: DEFAULT]
23:24:56.916 [FXGL Background Thread 3 ] DEBUG Engine               - randomSeed: -1
23:24:56.916 [FXGL Background Thread 3 ] DEBUG Engine               - runtimeInfo: RuntimeInfo(platform=MAC, version=17.2, build=20.08.2022 16.50)
23:24:56.916 [FXGL Background Thread 3 ] DEBUG Engine               - saveFileExt: sav
23:24:56.916 [FXGL Background Thread 3 ] DEBUG Engine               - scaledHeightProp$fxgl: DoubleProperty [bound, value: 720.0]
23:24:56.916 [FXGL Background Thread 3 ] DEBUG Engine               - scaledWidthProp$fxgl: DoubleProperty [bound, value: 1280.0]
23:24:56.916 [FXGL Background Thread 3 ] DEBUG Engine               - sceneFactory: com.sunsofgod.PlatformerApp$1@1a13fb0c
23:24:56.916 [FXGL Background Thread 3 ] DEBUG Engine               - secondsIn24h: 60
23:24:56.916 [FXGL Background Thread 3 ] DEBUG Engine               - soundMenuBack: menu/back.wav
23:24:56.916 [FXGL Background Thread 3 ] DEBUG Engine               - soundMenuPress: menu/press.wav
23:24:56.916 [FXGL Background Thread 3 ] DEBUG Engine               - soundMenuSelect: menu/select.wav
23:24:56.917 [FXGL Background Thread 3 ] DEBUG Engine               - soundNotification: core/notification.wav
23:24:56.917 [FXGL Background Thread 3 ] DEBUG Engine               - stageStyle: DECORATED
23:24:56.917 [FXGL Background Thread 3 ] DEBUG Engine               - supportedLanguages: [ENGLISH, FRENCH, GERMAN, HUNGARIAN, RUSSIAN]
23:24:56.917 [FXGL Background Thread 3 ] DEBUG Engine               - ticksPerSecond: -1
23:24:56.917 [FXGL Background Thread 3 ] DEBUG Engine               - title: Untitled
23:24:56.917 [FXGL Background Thread 3 ] DEBUG Engine               - urlGithub: https://github.com/AlmasB/FXGL
23:24:56.917 [FXGL Background Thread 3 ] DEBUG Engine               - urlLeaderboard: http://fxgl-top.herokuapp.com/
23:24:56.917 [FXGL Background Thread 3 ] DEBUG Engine               - urlPOM: https://raw.githubusercontent.com/AlmasB/FXGL/release/README.md
23:24:56.917 [FXGL Background Thread 3 ] DEBUG Engine               - userAppClass: class com.sunsofgod.PlatformerApp
23:24:56.917 [FXGL Background Thread 3 ] DEBUG Engine               - version: 0.0
23:24:56.917 [FXGL Background Thread 3 ] DEBUG Engine               - versionCheckDays: 7
23:24:56.917 [FXGL Background Thread 3 ] DEBUG Engine               - width: 1280
23:24:56.917 [FXGL Background Thread 3 ] DEBUG Engine               - Logging services
23:24:56.917 [FXGL Background Thread 3 ] DEBUG Engine               - class com.almasb.fxgl.app.services.FXGLAssetLoaderService
23:24:56.917 [FXGL Background Thread 3 ] DEBUG Engine               - class com.almasb.fxgl.app.FXGLApplication$GameApplicationService
23:24:56.917 [FXGL Background Thread 3 ] DEBUG Engine               - class com.almasb.fxgl.app.services.FXGLDialogService
23:24:56.917 [FXGL Background Thread 3 ] DEBUG Engine               - class com.almasb.fxgl.app.services.IOTaskExecutorService
23:24:56.917 [FXGL Background Thread 3 ] DEBUG Engine               - class com.almasb.fxgl.io.FileSystemService
23:24:56.917 [FXGL Background Thread 3 ] DEBUG Engine               - class com.almasb.fxgl.localization.LocalizationService
23:24:56.917 [FXGL Background Thread 3 ] DEBUG Engine               - class com.almasb.fxgl.app.services.SystemBundleService
23:24:56.917 [FXGL Background Thread 3 ] DEBUG Engine               - class com.almasb.fxgl.profile.SaveLoadService
23:24:56.917 [FXGL Background Thread 3 ] DEBUG Engine               - class com.almasb.fxgl.ui.FXGLUIFactoryServiceProvider
23:24:56.917 [FXGL Background Thread 3 ] DEBUG Engine               - class com.almasb.fxgl.ui.FXGLDialogFactoryServiceProvider
23:24:56.918 [FXGL Background Thread 3 ] DEBUG Engine               - class com.almasb.fxgl.audio.AudioPlayer
23:24:56.918 [FXGL Background Thread 3 ] DEBUG Engine               - class com.almasb.fxgl.notification.impl.NotificationServiceProvider
23:24:56.918 [FXGL Background Thread 3 ] DEBUG Engine               - class com.almasb.fxgl.achievement.AchievementService
23:24:56.918 [FXGL Background Thread 3 ] DEBUG Engine               - class com.almasb.fxgl.cutscene.CutsceneService
23:24:56.918 [FXGL Background Thread 3 ] DEBUG Engine               - class com.almasb.fxgl.minigames.MiniGameService
23:24:56.918 [FXGL Background Thread 3 ] DEBUG Engine               - class com.almasb.fxgl.net.NetService
23:24:56.918 [FXGL Background Thread 3 ] DEBUG Engine               - class com.almasb.fxgl.app.services.UpdaterService
23:24:56.918 [FXGL Background Thread 3 ] DEBUG Engine               - class com.almasb.fxgl.dev.DevService
23:24:57.368 [JavaFX Application Thread] DEBUG Menu                 - fireNewGame()
23:24:57.368 [JavaFX Application Thread] DEBUG GameApplicationServi - Starting new game
23:24:57.369 [JavaFX Application Thread] DEBUG PrimaryStageWindow   - Pop state: LevelSelectScene
23:24:57.369 [JavaFX Application Thread] DEBUG Input                - Clearing active input actions
23:24:57.369 [JavaFX Application Thread] DEBUG GameApplicationServi - Removing overlay from LevelSelectScene and adding to RiderMainMenuScene
23:24:57.370 [JavaFX Application Thread] DEBUG PrimaryStageWindow   - RiderMainMenuScene <- LevelSelectScene
23:24:57.370 [JavaFX Application Thread] DEBUG PrimaryStageWindow   - Pop state: RiderMainMenuScene
23:24:57.370 [JavaFX Application Thread] DEBUG Input                - Clearing active input actions
23:24:57.371 [JavaFX Application Thread] DEBUG GameApplicationServi - Removing overlay from RiderMainMenuScene and adding to FXGLMainMenuDummyScene
23:24:57.371 [JavaFX Application Thread] DEBUG PrimaryStageWindow   - FXGLMainMenuDummyScene <- RiderMainMenuScene
23:24:57.371 [JavaFX Application Thread] DEBUG Input                - Clearing active input actions
23:24:57.376 [JavaFX Application Thread] DEBUG GameApplicationServi - Removing overlay from FXGLMainMenuDummyScene and adding to MainLoadingScene
23:24:57.381 [JavaFX Application Thread] DEBUG PrimaryStageWindow   - FXGLMainMenuDummyScene -> MainLoadingScene
23:24:57.381 [JavaFX Application Thread] DEBUG GameApplicationServi - Clearing previous game
23:24:57.381 [JavaFX Application Thread] DEBUG GameScene            - Clearing game scene
23:24:57.381 [JavaFX Application Thread] DEBUG GameWorld            - Clearing game world
23:24:57.381 [JavaFX Application Thread] DEBUG PhysicsWorld         - Clearing physics world
23:24:57.382 [FXGL Background Thread 2 ] DEBUG FXGLApplication      - Initializing game
23:24:57.412 [FXGL Background Thread 2 ] WARN  TMXLevelLoader       - TiledMap generated from 1.11.0. Supported version: 1.9.0. Some features may not be parsed fully.
23:24:57.416 [FXGL Background Thread 2 ] DEBUG TMXLevelLoader       - Parsed TiledMap: file:/Users/aaron/JavaFXGame/target/classes/assets/levels/tmx/level1.tmx
23:24:57.417 [FXGL Background Thread 2 ] DEBUG TMXLevelLoader       - Creating tile layer entities
23:24:57.418 [FXGL Background Thread 2 ] DEBUG TilesetLoader        - Loading view for layer Tile Layer 1
23:24:57.421 [FXGL Background Thread 2 ] DEBUG TilesetLoader        - Created buffer with size 1050.0x700.0
23:24:57.430 [FXGL Background Thread 2 ] DEBUG TMXLevelLoader       - Creating object layer entities
23:24:57.439 [FXGL Background Thread 2 ] DEBUG GameWorld            - Clearing removable entities
23:24:57.439 [FXGL Background Thread 2 ] DEBUG GameWorld            - Setting level: com.almasb.fxgl.entity.level.Level@30d77638
23:24:57.446 [FXGL Background Thread 2 ] DEBUG Input                - Registered new binding: Jump0 - W
23:24:57.446 [FXGL Background Thread 2 ] DEBUG Input                - Registered new binding: Left0 - A
23:24:57.446 [FXGL Background Thread 2 ] DEBUG Input                - Registered new binding: Right0 - D
23:24:57.446 [FXGL Background Thread 2 ] DEBUG Input                - Registered new binding: Use0 - E
23:24:57.446 [FXGL Background Thread 2 ] DEBUG Input                - Registered new binding: Jump1 - Up
23:24:57.447 [FXGL Background Thread 2 ] DEBUG Input                - Registered new binding: Left1 - Left
23:24:57.447 [FXGL Background Thread 2 ] DEBUG Input                - Registered new binding: Right1 - Right
23:24:57.447 [FXGL Background Thread 2 ] DEBUG Input                - Registered new binding: Use1 - Slash
23:24:57.447 [FXGL Background Thread 2 ] DEBUG FXGLAssetLoaderServi - Loading from file system: file:/Users/aaron/JavaFXGame/target/classes/assets/textures/background/manila.png
23:24:57.457 [FXGL Background Thread 2 ] INFO  FXGLApplication      - Game initialization took: 0.075 sec
23:24:57.458 [JavaFX Application Thread] DEBUG Input                - Clearing active input actions
23:24:57.460 [JavaFX Application Thread] DEBUG GameApplicationServi - Removing overlay from MainLoadingScene and adding to GameScene
23:24:57.461 [JavaFX Application Thread] DEBUG PrimaryStageWindow   - MainLoadingScene -> GameScene
23:25:20.404 [JavaFX Application Thread] WARN  TMXLevelLoader       - TiledMap generated from 1.11.0. Supported version: 1.9.0. Some features may not be parsed fully.
23:25:20.406 [JavaFX Application Thread] DEBUG TMXLevelLoader       - Parsed TiledMap: file:/Users/aaron/JavaFXGame/target/classes/assets/levels/tmx/level1.tmx
23:25:20.407 [JavaFX Application Thread] DEBUG TMXLevelLoader       - Creating tile layer entities
23:25:20.407 [JavaFX Application Thread] DEBUG TilesetLoader        - Loading view for layer Tile Layer 1
23:25:20.408 [JavaFX Application Thread] DEBUG TilesetLoader        - Created buffer with size 1050.0x700.0
23:25:20.417 [JavaFX Application Thread] DEBUG TMXLevelLoader       - Creating object layer entities
23:25:20.419 [JavaFX Application Thread] DEBUG GameWorld            - Clearing removable entities
23:25:20.420 [JavaFX Application Thread] DEBUG GameWorld            - Setting level: com.almasb.fxgl.entity.level.Level@2e9b49bf
23:25:21.635 [JavaFX Application Thread] WARN  GameWorld            - Attempted to remove entity which is not active
23:25:41.757 [JavaFX Application Thread] WARN  TMXLevelLoader       - TiledMap generated from 1.11.0. Supported version: 1.9.0. Some features may not be parsed fully.
23:25:41.760 [JavaFX Application Thread] DEBUG TMXLevelLoader       - Parsed TiledMap: file:/Users/aaron/JavaFXGame/target/classes/assets/levels/tmx/level1.tmx
23:25:41.760 [JavaFX Application Thread] DEBUG TMXLevelLoader       - Creating tile layer entities
23:25:41.761 [JavaFX Application Thread] DEBUG TilesetLoader        - Loading view for layer Tile Layer 1
23:25:41.764 [JavaFX Application Thread] DEBUG TilesetLoader        - Created buffer with size 1050.0x700.0
23:25:41.775 [JavaFX Application Thread] DEBUG TMXLevelLoader       - Creating object layer entities
23:25:41.782 [JavaFX Application Thread] DEBUG GameWorld            - Clearing removable entities
23:25:41.783 [JavaFX Application Thread] DEBUG GameWorld            - Setting level: com.almasb.fxgl.entity.level.Level@2017d3e0
23:26:31.503 [JavaFX Application Thread] DEBUG FXGLApplication      - Exiting FXGL
23:26:31.508 [JavaFX Application Thread] DEBUG LoopRunner           - Stopping loop
23:26:31.509 [JavaFX Application Thread] DEBUG SystemBundleService  - Saving FXGL system data
23:26:31.519 [JavaFX Application Thread] DEBUG FileSystemAccess     - Writing to: /Users/aaron/JavaFXGame/system/fxgl.bundle
23:26:31.525 [JavaFX Application Thread] DEBUG Async                - Shutting down background threads
23:26:31.526 [JavaFX Application Thread] DEBUG PrimaryStageWindow   - Closing main window
23:26:31.539 [JavaFX Application Thread] DEBUG Logger               - Closing Logger
