21:58:18.982 [main                     ] DEBUG Logger               - Configured Logger
21:58:19.000 [main                     ] DEBUG GameApplication      - Logging settings
Title: Untitled
Version: 0.0
Width: 1280
Height: 720
Fullscreen: false
Intro: false
Profiling: false
Single step:false
App Mode: DEVELOPER
Menu Key: ESCAPE
Stage Style: DECORATED
Scene Factory: class com.sunsofgod.PlatformerApp$1

21:58:19.259 [JavaFX Application Thread] DEBUG FXGLApplication      - Initializing FXGL
21:58:19.262 [JavaFX Application Thread] INFO  Engine               - FXGL-17.2 (20.08.2022 16.50) on WINDOWS (J:21.0.4 FX:17.0.12)
21:58:19.262 [JavaFX Application Thread] DEBUG Engine               - JRE Vendor Name: Eclipse Adoptium
21:58:19.262 [JavaFX Application Thread] DEBUG Engine               - Running on OS: Windows 11 version 10.0
21:58:19.262 [JavaFX Application Thread] DEBUG Engine               - Architecture: amd64
21:58:19.262 [JavaFX Application Thread] INFO  Engine               - Source code and latest versions at: https://github.com/AlmasB/FXGL
21:58:19.263 [JavaFX Application Thread] INFO  Engine               -       Ask questions and discuss at: https://github.com/AlmasB/FXGL/discussions
21:58:19.263 [JavaFX Application Thread] INFO  Engine               -              Join the FXGL chat at: https://gitter.im/AlmasB/FXGL
21:58:19.316 [JavaFX Application Thread] DEBUG PrimaryStageWindow   - Creating a JavaFX scene
21:58:19.343 [JavaFX Application Thread] DEBUG PrimaryStageWindow   - Target settings size: 1280.0 x 720.0
21:58:19.343 [JavaFX Application Thread] DEBUG PrimaryStageWindow   - Scaled scene size:    1280.0 x 720.0
21:58:19.344 [JavaFX Application Thread] DEBUG PrimaryStageWindow   - Scaled ratio: (1.0, 1.0)
21:58:19.344 [JavaFX Application Thread] DEBUG PrimaryStageWindow   - Set initial scene to FXGLStartupScene
21:58:19.348 [JavaFX Application Thread] DEBUG PrimaryStageWindow   - Opening main window
21:58:19.397 [JavaFX Application Thread] DEBUG PrimaryStageWindow   - Window border size: (16.0, 39.0)
21:58:19.397 [JavaFX Application Thread] DEBUG PrimaryStageWindow   - Scaled size: 1280.0 x 720.0
21:58:19.398 [JavaFX Application Thread] DEBUG PrimaryStageWindow   - Scaled ratio: (1.0, 1.0)
21:58:19.398 [JavaFX Application Thread] DEBUG PrimaryStageWindow   - Scene size: 1280.0 x 720.0
21:58:19.398 [JavaFX Application Thread] DEBUG PrimaryStageWindow   - Stage size: 1296.0 x 759.0
21:58:19.402 [FXGL Background Thread 1 ] DEBUG Engine               - Initializing environment variables
21:58:19.432 [FXGL Background Thread 1 ] DEBUG FXGLAssetLoaderServi - User app class for loading assets: class com.sunsofgod.PlatformerApp
21:58:19.432 [FXGL Background Thread 1 ] DEBUG GameApplicationServi - Applying CSS: fxgl_dark.css
21:58:19.432 [FXGL Background Thread 1 ] DEBUG FXGLAssetLoaderServi - Loading from file system: jar:file:///C:/Users/Balong/.m2/repository/com/github/almasb/fxgl/17.2/fxgl-17.2.jar!/fxglassets/ui/css/fxgl_dark.css
21:58:19.463 [FXGL Background Thread 1 ] DEBUG GameApplicationServi - Initializing application scenes
21:58:19.490 [FXGL Background Thread 1 ] DEBUG FXGLAssetLoaderServi - Loading from file system: file:/C:/Users/Balong/Desktop/JavaFXGame-1/target/classes/assets/textures/player.png
21:58:19.506 [FXGL Background Thread 1 ] DEBUG GameWorld            - Game world initialized
21:58:19.541 [FXGL Background Thread 1 ] DEBUG PhysicsWorld         - Physics world initialized: appHeight=720, physics.ppm=50.0
21:58:19.542 [FXGL Background Thread 1 ] DEBUG PhysicsWorld         - Using strategy: BRUTE_FORCE
21:58:19.544 [FXGL Background Thread 1 ] DEBUG GameScene            - Game scene initialized: 1280x720
21:58:19.711 [FXGL Background Thread 1 ] DEBUG FXGL.DefaultMenu     - createMenuBodyGameMenu()
21:58:19.717 [FXGL Background Thread 1 ] DEBUG FXGL.DefaultMenu     - createOptionsMenu()
21:58:19.721 [FXGL Background Thread 1 ] DEBUG FXGLAssetLoaderServi - Loading from file system: jar:file:///C:/Users/Balong/.m2/repository/com/github/almasb/fxgl/17.2/fxgl-17.2.jar!/fxglassets/textures/particles/smoke.png
21:58:19.765 [FXGL Background Thread 1 ] DEBUG FXGLAssetLoaderServi - Loading from file system: jar:file:///C:/Users/Balong/.m2/repository/com/github/almasb/fxgl/17.2/fxgl-17.2.jar!/fxglassets/textures/particles/trace_horizontal.png
21:58:19.780 [FXGL Background Thread 1 ] DEBUG GameApplicationServi - Application scenes initialized
21:58:19.788 [FXGL Background Thread 1 ] DEBUG SystemBundleService  - Loading FXGL system data
21:58:19.791 [FXGL Background Thread 1 ] DEBUG FileSystemAccess     - Reading from: C:\Users\Balong\Desktop\JavaFXGame-1\system\fxgl.bundle
21:58:19.799 [FXGL Background Thread 1 ] DEBUG SystemBundleService  - Bundle FXGL: {}
21:58:19.799 [FXGL Background Thread 1 ] DEBUG UpdaterService       - Checking for updates
21:58:19.815 [FXGL Background Thread 4 ] DEBUG FXGLApplication      - Loading fonts
21:58:19.815 [FXGL Background Thread 1 ] DEBUG FXGLApplication      - Loading default localization
21:58:19.815 [FXGL Background Thread 4 ] DEBUG FXGLAssetLoaderServi - Loading from file system: jar:file:///C:/Users/Balong/.m2/repository/com/github/almasb/fxgl/17.2/fxgl-17.2.jar!/fxglassets/ui/fonts/VarelaRound-Regular.ttf
21:58:19.816 [FXGL Background Thread 1 ] DEBUG FXGLAssetLoaderServi - Loading from file system: jar:file:///C:/Users/Balong/.m2/repository/com/github/almasb/fxgl/17.2/fxgl-17.2.jar!/fxglassets/languages/english.lang
21:58:19.829 [FXGL Background Thread 1 ] INFO  FXGLApplication      - FXGL initialization took: 0.427 sec
21:58:19.830 [JavaFX Application Thread] DEBUG FXGLAssetLoaderServi - Loading from file system: jar:file:///C:/Users/Balong/.m2/repository/com/github/almasb/fxgl/17.2/fxgl-17.2.jar!/fxglassets/textures/fxgl_icon.png
21:58:19.842 [FXGL Background Thread 4 ] DEBUG FXGLAssetLoaderServi - Loading from file system: jar:file:///C:/Users/Balong/.m2/repository/com/github/almasb/fxgl/17.2/fxgl-17.2.jar!/fxglassets/ui/fonts/Abel-Regular.ttf
21:58:19.845 [JavaFX Application Thread] DEBUG FXGLAssetLoaderServi - Loading from file system: jar:file:///C:/Users/Balong/.m2/repository/com/github/almasb/fxgl/17.2/fxgl-17.2.jar!/fxglassets/textures/fxgl_default_cursor.png
21:58:19.851 [FXGL Background Thread 4 ] DEBUG FXGLAssetLoaderServi - Loading from file system: jar:file:///C:/Users/Balong/.m2/repository/com/github/almasb/fxgl/17.2/fxgl-17.2.jar!/fxglassets/ui/fonts/TerminalLandMono-Regular.otf
21:58:19.851 [JavaFX Application Thread] DEBUG Input                - Registered new binding: Screenshot - CTRL+8
21:58:19.852 [JavaFX Application Thread] DEBUG Input                - Registered new binding: Dev Options - 1
21:58:19.852 [JavaFX Application Thread] DEBUG Input                - Registered new binding: Dev Console - 2
21:58:19.852 [JavaFX Application Thread] DEBUG Input                - Registered new binding: System info dump - CTRL+9
21:58:19.852 [JavaFX Application Thread] DEBUG Input                - Registered new binding: Restart - CTRL+R
21:58:19.853 [JavaFX Application Thread] DEBUG Input                - Registered new binding: Toggle Debug Camera - CTRL+7
21:58:19.854 [JavaFX Application Thread] DEBUG LoopRunner           - Starting loop
21:58:19.859 [FXGL Background Thread 4 ] DEBUG FXGLAssetLoaderServi - Loading from file system: jar:file:///C:/Users/Balong/.m2/repository/com/github/almasb/fxgl/17.2/fxgl-17.2.jar!/fxglassets/ui/fonts/Courier-Prime.ttf
21:58:19.863 [JavaFX Application Thread] DEBUG LoopRunner           - Initializing JavaFX AnimationTimerLoop
21:58:19.864 [JavaFX Application Thread] DEBUG Input                - Clearing active input actions
21:58:19.871 [JavaFX Application Thread] DEBUG GameApplicationServi - Removing overlay from FXGLStartupScene and adding to FXGLMainMenuDummyScene
21:58:19.875 [JavaFX Application Thread] DEBUG PrimaryStageWindow   - FXGLStartupScene -> FXGLMainMenuDummyScene
21:58:19.875 [JavaFX Application Thread] DEBUG PrimaryStageWindow   - Push state: RiderMainMenuScene
21:58:19.875 [JavaFX Application Thread] DEBUG Input                - Clearing active input actions
21:58:19.879 [JavaFX Application Thread] DEBUG GameApplicationServi - Removing overlay from FXGLMainMenuDummyScene and adding to RiderMainMenuScene
21:58:19.879 [JavaFX Application Thread] DEBUG PrimaryStageWindow   - FXGLMainMenuDummyScene -> RiderMainMenuScene
21:58:19.996 [JavaFX Application Thread] DEBUG FXGLApplication      - Registering font factories with UI factory
21:58:20.119 [FXGL Background Thread 2 ] INFO  UpdaterService       - Your current version:  17.2
21:58:20.119 [FXGL Background Thread 2 ] INFO  UpdaterService       - Latest stable version: 21.1
21:58:20.460 [JavaFX Application Thread] DEBUG PrimaryStageWindow   - Push state: PlayerSelectScene
21:58:20.460 [JavaFX Application Thread] DEBUG Input                - Clearing active input actions
21:58:20.460 [JavaFX Application Thread] DEBUG GameApplicationServi - Removing overlay from RiderMainMenuScene and adding to PlayerSelectScene
21:58:20.461 [JavaFX Application Thread] DEBUG PrimaryStageWindow   - RiderMainMenuScene -> PlayerSelectScene
21:58:21.368 [JavaFX Application Thread] DEBUG PrimaryStageWindow   - Push state: LevelSelectScene
21:58:21.369 [JavaFX Application Thread] DEBUG Input                - Clearing active input actions
21:58:21.369 [JavaFX Application Thread] DEBUG GameApplicationServi - Removing overlay from PlayerSelectScene and adding to LevelSelectScene
21:58:21.371 [JavaFX Application Thread] DEBUG PrimaryStageWindow   - PlayerSelectScene -> LevelSelectScene
21:58:21.809 [JavaFX Application Thread] DEBUG Menu                 - fireNewGame()
21:58:21.809 [JavaFX Application Thread] DEBUG GameApplicationServi - Starting new game
21:58:21.810 [JavaFX Application Thread] DEBUG PrimaryStageWindow   - Pop state: LevelSelectScene
21:58:21.810 [JavaFX Application Thread] DEBUG Input                - Clearing active input actions
21:58:21.810 [JavaFX Application Thread] DEBUG GameApplicationServi - Removing overlay from LevelSelectScene and adding to PlayerSelectScene
21:58:21.811 [JavaFX Application Thread] DEBUG PrimaryStageWindow   - PlayerSelectScene <- LevelSelectScene
21:58:21.811 [JavaFX Application Thread] DEBUG PrimaryStageWindow   - Pop state: PlayerSelectScene
21:58:21.811 [JavaFX Application Thread] DEBUG Input                - Clearing active input actions
21:58:21.811 [JavaFX Application Thread] DEBUG GameApplicationServi - Removing overlay from PlayerSelectScene and adding to RiderMainMenuScene
21:58:21.812 [JavaFX Application Thread] DEBUG PrimaryStageWindow   - RiderMainMenuScene <- PlayerSelectScene
21:58:21.812 [JavaFX Application Thread] DEBUG PrimaryStageWindow   - Pop state: RiderMainMenuScene
21:58:21.812 [JavaFX Application Thread] DEBUG Input                - Clearing active input actions
21:58:21.812 [JavaFX Application Thread] DEBUG GameApplicationServi - Removing overlay from RiderMainMenuScene and adding to FXGLMainMenuDummyScene
21:58:21.813 [JavaFX Application Thread] DEBUG PrimaryStageWindow   - FXGLMainMenuDummyScene <- RiderMainMenuScene
21:58:21.813 [JavaFX Application Thread] DEBUG Input                - Clearing active input actions
21:58:21.818 [JavaFX Application Thread] DEBUG GameApplicationServi - Removing overlay from FXGLMainMenuDummyScene and adding to MainLoadingScene
21:58:21.819 [JavaFX Application Thread] DEBUG PrimaryStageWindow   - FXGLMainMenuDummyScene -> MainLoadingScene
21:58:21.819 [JavaFX Application Thread] DEBUG GameApplicationServi - Clearing previous game
21:58:21.819 [JavaFX Application Thread] DEBUG GameScene            - Clearing game scene
21:58:21.819 [JavaFX Application Thread] DEBUG GameWorld            - Clearing game world
21:58:21.819 [JavaFX Application Thread] DEBUG PhysicsWorld         - Clearing physics world
21:58:21.820 [FXGL Background Thread 2 ] DEBUG FXGLApplication      - Initializing game
21:58:21.843 [FXGL Background Thread 2 ] WARN  TMXLevelLoader       - TiledMap generated from 1.2.3. Supported version: 1.9.0. Some features may not be parsed fully.
21:58:21.847 [FXGL Background Thread 2 ] DEBUG TMXLevelLoader       - Parsed TiledMap: file:/C:/Users/Balong/Desktop/JavaFXGame-1/target/classes/assets/levels/tmx/level4.tmx
21:58:21.848 [FXGL Background Thread 2 ] DEBUG TMXLevelLoader       - Creating tile layer entities
21:58:21.849 [FXGL Background Thread 2 ] DEBUG TilesetLoader        - Loading view for layer Tile Layer 1
21:58:21.851 [FXGL Background Thread 2 ] DEBUG TilesetLoader        - Created buffer with size 1050.0x700.0
21:58:21.862 [FXGL Background Thread 2 ] DEBUG TMXLevelLoader       - Creating object layer entities
21:58:21.875 [FXGL Background Thread 2 ] DEBUG FXGLAssetLoaderServi - Loading from file system: file:/C:/Users/Balong/Desktop/JavaFXGame-1/target/classes/assets/textures/button.png
21:58:21.878 [FXGL Background Thread 2 ] DEBUG GameWorld            - Clearing removable entities
21:58:21.878 [FXGL Background Thread 2 ] DEBUG GameWorld            - Setting level: com.almasb.fxgl.entity.level.Level@8e72a6d
21:58:21.895 [FXGL Background Thread 2 ] DEBUG Input                - Registered new binding: Jump0 - W
21:58:21.895 [FXGL Background Thread 2 ] DEBUG Input                - Registered new binding: Left0 - A
21:58:21.895 [FXGL Background Thread 2 ] DEBUG Input                - Registered new binding: Right0 - D
21:58:21.896 [FXGL Background Thread 2 ] DEBUG Input                - Registered new binding: Use0 - E
21:58:21.896 [FXGL Background Thread 2 ] DEBUG Input                - Registered new binding: Jump1 - Up
21:58:21.896 [FXGL Background Thread 2 ] DEBUG Input                - Registered new binding: Left1 - Left
21:58:21.896 [FXGL Background Thread 2 ] DEBUG Input                - Registered new binding: Right1 - Right
21:58:21.896 [FXGL Background Thread 2 ] DEBUG Input                - Registered new binding: Use1 - Slash
21:58:21.896 [FXGL Background Thread 2 ] DEBUG FXGLAssetLoaderServi - Loading from file system: file:/C:/Users/Balong/Desktop/JavaFXGame-1/target/classes/assets/textures/background/manila.png
21:58:21.909 [FXGL Background Thread 2 ] INFO  FXGLApplication      - Game initialization took: 0.089 sec
21:58:21.910 [JavaFX Application Thread] DEBUG Input                - Clearing active input actions
21:58:21.913 [JavaFX Application Thread] DEBUG GameApplicationServi - Removing overlay from MainLoadingScene and adding to GameScene
21:58:21.914 [JavaFX Application Thread] DEBUG PrimaryStageWindow   - MainLoadingScene -> GameScene
21:58:22.815 [FXGL Background Thread 3 ] DEBUG Engine               - Logging environment variables
21:58:22.815 [FXGL Background Thread 3 ] DEBUG Engine               - achievements: []
21:58:22.815 [FXGL Background Thread 3 ] DEBUG Engine               - actualHeight: 720.0
21:58:22.815 [FXGL Background Thread 3 ] DEBUG Engine               - actualHeightProperty: ReadOnlyDoubleProperty [value: 720.0]
21:58:22.815 [FXGL Background Thread 3 ] DEBUG Engine               - actualWidth: 1280.0
21:58:22.815 [FXGL Background Thread 3 ] DEBUG Engine               - actualWidthProperty: ReadOnlyDoubleProperty [value: 1280.0]
21:58:22.815 [FXGL Background Thread 3 ] DEBUG Engine               - appIcon: fxgl_icon.png
21:58:22.815 [FXGL Background Thread 3 ] DEBUG Engine               - applicationMode: DEVELOPER
21:58:22.816 [FXGL Background Thread 3 ] DEBUG Engine               - cSSList: [fxgl_dark.css]
21:58:22.816 [FXGL Background Thread 3 ] DEBUG Engine               - collisionDetectionStrategy: BRUTE_FORCE
21:58:22.816 [FXGL Background Thread 3 ] DEBUG Engine               - configClass: Optional.empty
21:58:22.816 [FXGL Background Thread 3 ] DEBUG Engine               - credits: []
21:58:22.816 [FXGL Background Thread 3 ] DEBUG Engine               - defaultCursor: CursorInfo(imageName=fxgl_default_cursor.png, hotspotX=7.0, hotspotY=6.0)
21:58:22.816 [FXGL Background Thread 3 ] DEBUG Engine               - devBBoxColorProperty: ObjectProperty [value: 0xff0000ff]
21:58:22.816 [FXGL Background Thread 3 ] DEBUG Engine               - devEnableDebugCameraProperty: BooleanProperty [value: false]
21:58:22.816 [FXGL Background Thread 3 ] DEBUG Engine               - devSensorColorProperty: ObjectProperty [value: 0xffff00ff]
21:58:22.816 [FXGL Background Thread 3 ] DEBUG Engine               - devShowBBoxProperty: BooleanProperty [value: false]
21:58:22.816 [FXGL Background Thread 3 ] DEBUG Engine               - devShowPositionProperty: BooleanProperty [value: false]
21:58:22.816 [FXGL Background Thread 3 ] DEBUG Engine               - enabledMenuItems: []
21:58:22.816 [FXGL Background Thread 3 ] DEBUG Engine               - engineServices: [class com.almasb.fxgl.app.services.FXGLAssetLoaderService, class com.almasb.fxgl.app.FXGLApplication$GameApplicationService, class com.almasb.fxgl.app.services.FXGLDialogService, class com.almasb.fxgl.app.services.IOTaskExecutorService, class com.almasb.fxgl.io.FileSystemService, class com.almasb.fxgl.localization.LocalizationService, class com.almasb.fxgl.app.services.SystemBundleService, class com.almasb.fxgl.profile.SaveLoadService, class com.almasb.fxgl.ui.FXGLUIFactoryServiceProvider, class com.almasb.fxgl.ui.FXGLDialogFactoryServiceProvider, class com.almasb.fxgl.audio.AudioPlayer, class com.almasb.fxgl.notification.impl.NotificationServiceProvider, class com.almasb.fxgl.achievement.AchievementService, class com.almasb.fxgl.cutscene.CutsceneService, class com.almasb.fxgl.minigames.MiniGameService, class com.almasb.fxgl.net.NetService, class com.almasb.fxgl.app.services.UpdaterService, class com.almasb.fxgl.dev.DevService]
21:58:22.816 [FXGL Background Thread 3 ] DEBUG Engine               - fontGame: Abel-Regular.ttf
21:58:22.816 [FXGL Background Thread 3 ] DEBUG Engine               - fontMono: TerminalLandMono-Regular.otf
21:58:22.816 [FXGL Background Thread 3 ] DEBUG Engine               - fontText: Courier-Prime.ttf
21:58:22.816 [FXGL Background Thread 3 ] DEBUG Engine               - fontUI: VarelaRound-Regular.ttf
21:58:22.816 [FXGL Background Thread 3 ] DEBUG Engine               - fullScreen: BooleanProperty [value: false]
21:58:22.816 [FXGL Background Thread 3 ] DEBUG Engine               - gameDifficulty: MEDIUM
21:58:22.816 [FXGL Background Thread 3 ] DEBUG Engine               - gameDifficultyProperty: ObjectProperty [value: MEDIUM]
21:58:22.816 [FXGL Background Thread 3 ] DEBUG Engine               - globalMusicVolume: 0.5
21:58:22.817 [FXGL Background Thread 3 ] DEBUG Engine               - globalMusicVolumeProperty: DoubleProperty [value: 0.25]
21:58:22.817 [FXGL Background Thread 3 ] DEBUG Engine               - globalSoundVolume: 0.5
21:58:22.817 [FXGL Background Thread 3 ] DEBUG Engine               - globalSoundVolumeProperty: DoubleProperty [value: 0.5]
21:58:22.817 [FXGL Background Thread 3 ] DEBUG Engine               - height: 720
21:58:22.817 [FXGL Background Thread 3 ] DEBUG Engine               - is3D: false
21:58:22.817 [FXGL Background Thread 3 ] DEBUG Engine               - isAndroid: false
21:58:22.817 [FXGL Background Thread 3 ] DEBUG Engine               - isBrowser: false
21:58:22.817 [FXGL Background Thread 3 ] DEBUG Engine               - isClickFeedbackEnabled: false
21:58:22.817 [FXGL Background Thread 3 ] DEBUG Engine               - isCloseConfirmation: false
21:58:22.817 [FXGL Background Thread 3 ] DEBUG Engine               - isDesktop: true
21:58:22.817 [FXGL Background Thread 3 ] DEBUG Engine               - isDeveloperMenuEnabled: true
21:58:22.817 [FXGL Background Thread 3 ] DEBUG Engine               - isEmbedded: false
21:58:22.817 [FXGL Background Thread 3 ] DEBUG Engine               - isEntityPreloadEnabled: true
21:58:22.817 [FXGL Background Thread 3 ] DEBUG Engine               - isExperimentalTiledLargeMap: false
21:58:22.817 [FXGL Background Thread 3 ] DEBUG Engine               - isFileSystemWriteAllowed: true
21:58:22.817 [FXGL Background Thread 3 ] DEBUG Engine               - isFullScreenAllowed: false
21:58:22.817 [FXGL Background Thread 3 ] DEBUG Engine               - isFullScreenFromStart: false
21:58:22.817 [FXGL Background Thread 3 ] DEBUG Engine               - isGameMenuEnabled: true
21:58:22.817 [FXGL Background Thread 3 ] DEBUG Engine               - isIOS: false
21:58:22.817 [FXGL Background Thread 3 ] DEBUG Engine               - isIntroEnabled: false
21:58:22.817 [FXGL Background Thread 3 ] DEBUG Engine               - isLinux: false
21:58:22.817 [FXGL Background Thread 3 ] DEBUG Engine               - isMac: false
21:58:22.817 [FXGL Background Thread 3 ] DEBUG Engine               - isMainMenuEnabled: true
21:58:22.817 [FXGL Background Thread 3 ] DEBUG Engine               - isManualResizeEnabled: false
21:58:22.817 [FXGL Background Thread 3 ] DEBUG Engine               - isMobile: false
21:58:22.817 [FXGL Background Thread 3 ] DEBUG Engine               - isNative: false
21:58:22.818 [FXGL Background Thread 3 ] DEBUG Engine               - isPauseMusicWhenMinimized: true
21:58:22.818 [FXGL Background Thread 3 ] DEBUG Engine               - isPreserveResizeRatio: false
21:58:22.818 [FXGL Background Thread 3 ] DEBUG Engine               - isProfilingEnabled: false
21:58:22.818 [FXGL Background Thread 3 ] DEBUG Engine               - isScaleAffectedOnResize: true
21:58:22.818 [FXGL Background Thread 3 ] DEBUG Engine               - isSingleStep: false
21:58:22.818 [FXGL Background Thread 3 ] DEBUG Engine               - isUserProfileEnabled: false
21:58:22.818 [FXGL Background Thread 3 ] DEBUG Engine               - isWindows: true
21:58:22.818 [FXGL Background Thread 3 ] DEBUG Engine               - language: ObjectProperty [value: ENGLISH]
21:58:22.818 [FXGL Background Thread 3 ] DEBUG Engine               - menuKey: ESCAPE
21:58:22.818 [FXGL Background Thread 3 ] DEBUG Engine               - mouseSensitivity: 0.2
21:58:22.818 [FXGL Background Thread 3 ] DEBUG Engine               - notificationViewClass: class com.almasb.fxgl.notification.view.XboxNotificationView
21:58:22.818 [FXGL Background Thread 3 ] DEBUG Engine               - pixelsPerMeter: 50.0
21:58:22.818 [FXGL Background Thread 3 ] DEBUG Engine               - platform: WINDOWS
21:58:22.818 [FXGL Background Thread 3 ] DEBUG Engine               - prefHeightProperty: ReadOnlyDoubleProperty [value: 720.0]
21:58:22.818 [FXGL Background Thread 3 ] DEBUG Engine               - prefWidthProperty: ReadOnlyDoubleProperty [value: 1280.0]
21:58:22.818 [FXGL Background Thread 3 ] DEBUG Engine               - profileDir: profiles/
21:58:22.818 [FXGL Background Thread 3 ] DEBUG Engine               - profileName: StringProperty [value: DEFAULT]
21:58:22.818 [FXGL Background Thread 3 ] DEBUG Engine               - randomSeed: -1
21:58:22.818 [FXGL Background Thread 3 ] DEBUG Engine               - runtimeInfo: RuntimeInfo(platform=WINDOWS, version=17.2, build=20.08.2022 16.50)
21:58:22.818 [FXGL Background Thread 3 ] DEBUG Engine               - saveFileExt: sav
21:58:22.818 [FXGL Background Thread 3 ] DEBUG Engine               - scaledHeightProp$fxgl: DoubleProperty [bound, value: 720.0]
21:58:22.818 [FXGL Background Thread 3 ] DEBUG Engine               - scaledWidthProp$fxgl: DoubleProperty [bound, value: 1280.0]
21:58:22.818 [FXGL Background Thread 3 ] DEBUG Engine               - sceneFactory: com.sunsofgod.PlatformerApp$1@1d90743b
21:58:22.819 [FXGL Background Thread 3 ] DEBUG Engine               - secondsIn24h: 60
21:58:22.819 [FXGL Background Thread 3 ] DEBUG Engine               - soundMenuBack: menu/back.wav
21:58:22.819 [FXGL Background Thread 3 ] DEBUG Engine               - soundMenuPress: menu/press.wav
21:58:22.819 [FXGL Background Thread 3 ] DEBUG Engine               - soundMenuSelect: menu/select.wav
21:58:22.819 [FXGL Background Thread 3 ] DEBUG Engine               - soundNotification: core/notification.wav
21:58:22.819 [FXGL Background Thread 3 ] DEBUG Engine               - stageStyle: DECORATED
21:58:22.819 [FXGL Background Thread 3 ] DEBUG Engine               - supportedLanguages: [ENGLISH, FRENCH, GERMAN, HUNGARIAN, RUSSIAN]
21:58:22.819 [FXGL Background Thread 3 ] DEBUG Engine               - ticksPerSecond: -1
21:58:22.819 [FXGL Background Thread 3 ] DEBUG Engine               - title: Untitled
21:58:22.819 [FXGL Background Thread 3 ] DEBUG Engine               - urlGithub: https://github.com/AlmasB/FXGL
21:58:22.819 [FXGL Background Thread 3 ] DEBUG Engine               - urlLeaderboard: http://fxgl-top.herokuapp.com/
21:58:22.819 [FXGL Background Thread 3 ] DEBUG Engine               - urlPOM: https://raw.githubusercontent.com/AlmasB/FXGL/release/README.md
21:58:22.819 [FXGL Background Thread 3 ] DEBUG Engine               - userAppClass: class com.sunsofgod.PlatformerApp
21:58:22.819 [FXGL Background Thread 3 ] DEBUG Engine               - version: 0.0
21:58:22.819 [FXGL Background Thread 3 ] DEBUG Engine               - versionCheckDays: 7
21:58:22.819 [FXGL Background Thread 3 ] DEBUG Engine               - width: 1280
21:58:22.819 [FXGL Background Thread 3 ] DEBUG Engine               - Logging services
21:58:22.819 [FXGL Background Thread 3 ] DEBUG Engine               - class com.almasb.fxgl.app.services.FXGLAssetLoaderService
21:58:22.819 [FXGL Background Thread 3 ] DEBUG Engine               - class com.almasb.fxgl.app.FXGLApplication$GameApplicationService
21:58:22.819 [FXGL Background Thread 3 ] DEBUG Engine               - class com.almasb.fxgl.app.services.FXGLDialogService
21:58:22.819 [FXGL Background Thread 3 ] DEBUG Engine               - class com.almasb.fxgl.app.services.IOTaskExecutorService
21:58:22.819 [FXGL Background Thread 3 ] DEBUG Engine               - class com.almasb.fxgl.io.FileSystemService
21:58:22.819 [FXGL Background Thread 3 ] DEBUG Engine               - class com.almasb.fxgl.localization.LocalizationService
21:58:22.819 [FXGL Background Thread 3 ] DEBUG Engine               - class com.almasb.fxgl.app.services.SystemBundleService
21:58:22.819 [FXGL Background Thread 3 ] DEBUG Engine               - class com.almasb.fxgl.profile.SaveLoadService
21:58:22.819 [FXGL Background Thread 3 ] DEBUG Engine               - class com.almasb.fxgl.ui.FXGLUIFactoryServiceProvider
21:58:22.819 [FXGL Background Thread 3 ] DEBUG Engine               - class com.almasb.fxgl.ui.FXGLDialogFactoryServiceProvider
21:58:22.819 [FXGL Background Thread 3 ] DEBUG Engine               - class com.almasb.fxgl.audio.AudioPlayer
21:58:22.819 [FXGL Background Thread 3 ] DEBUG Engine               - class com.almasb.fxgl.notification.impl.NotificationServiceProvider
21:58:22.819 [FXGL Background Thread 3 ] DEBUG Engine               - class com.almasb.fxgl.achievement.AchievementService
21:58:22.819 [FXGL Background Thread 3 ] DEBUG Engine               - class com.almasb.fxgl.cutscene.CutsceneService
21:58:22.819 [FXGL Background Thread 3 ] DEBUG Engine               - class com.almasb.fxgl.minigames.MiniGameService
21:58:22.819 [FXGL Background Thread 3 ] DEBUG Engine               - class com.almasb.fxgl.net.NetService
21:58:22.819 [FXGL Background Thread 3 ] DEBUG Engine               - class com.almasb.fxgl.app.services.UpdaterService
21:58:22.819 [FXGL Background Thread 3 ] DEBUG Engine               - class com.almasb.fxgl.dev.DevService
21:58:23.334 [JavaFX Application Thread] DEBUG LoopRunner           - Stopping loop
21:58:23.334 [JavaFX Application Thread] FATAL FXGLApplication      - Uncaught Exception:
java.lang.NullPointerException
	at com.almasb.fxgl.core@17.2/com.almasb.fxgl.texture.AnimationChannel.getFrameData(AnimationChannel.kt:97)
	at com.almasb.fxgl.core@17.2/com.almasb.fxgl.texture.AnimatedTexture.updateImage(AnimatedTexture.kt:149)
	at com.almasb.fxgl.core@17.2/com.almasb.fxgl.texture.AnimatedTexture.updateAnimation$lambda-1(AnimatedTexture.kt:175)
	at com.almasb.fxgl.core@17.2/com.almasb.fxgl.animation.AnimationBuilder$buildAnimation$1.onProgress(AnimationBuilder.kt:97)
	at com.almasb.fxgl.core@17.2/com.almasb.fxgl.animation.Animation.start(Animation.kt:65)
	at com.almasb.fxgl.core@17.2/com.almasb.fxgl.texture.AnimatedTexture.loopAnimationChannel(AnimatedTexture.kt:85)
	at com.sunsofgod/com.sunsofgod.PlayerComponent.onUpdate(PlayerComponent.java:88)
	at com.almasb.fxgl.entity@17.2/com.almasb.fxgl.entity.Entity$ComponentMap.update(Entity.java:60)
	at com.almasb.fxgl.entity@17.2/com.almasb.fxgl.entity.Entity.update(Entity.java:248)
	at com.almasb.fxgl.entity@17.2/com.almasb.fxgl.entity.GameWorld.onUpdate(GameWorld.kt:177)
	at com.almasb.fxgl.all@17.2/com.almasb.fxgl.app.scene.GameScene.step(GameScene.kt:228)
	at com.almasb.fxgl.all@17.2/com.almasb.fxgl.app.scene.GameScene.onUpdate(GameScene.kt:224)
	at com.almasb.fxgl.scene@17.2/com.almasb.fxgl.scene.Scene.update(Scene.kt:105)
	at com.almasb.fxgl.all@17.2/com.almasb.fxgl.app.MainWindow$update$1.invoke(MainWindow.kt:115)
	at com.almasb.fxgl.all@17.2/com.almasb.fxgl.app.MainWindow$update$1.invoke(MainWindow.kt:115)
	at com.almasb.fxgl.core@17.2/com.almasb.fxgl.core.fsm.StateMachine.runOnActiveStates(StateMachine.kt:69)
	at com.almasb.fxgl.all@17.2/com.almasb.fxgl.app.MainWindow.update(MainWindow.kt:115)
	at com.almasb.fxgl.all@17.2/com.almasb.fxgl.app.FXGLApplication$GameApplicationService.onUpdate(FXGLApplication.kt:426)
	at com.almasb.fxgl.all@17.2/com.almasb.fxgl.app.Engine.loop(Engine.kt:134)
	at com.almasb.fxgl.all@17.2/com.almasb.fxgl.app.Engine.access$loop(Engine.kt:24)
	at com.almasb.fxgl.all@17.2/com.almasb.fxgl.app.Engine$loop$1.invoke(Engine.kt:28)
	at com.almasb.fxgl.all@17.2/com.almasb.fxgl.app.Engine$loop$1.invoke(Engine.kt:28)
	at com.almasb.fxgl.all@17.2/com.almasb.fxgl.app.LoopRunner.frame(LoopRunner.kt:103)
	at com.almasb.fxgl.all@17.2/com.almasb.fxgl.app.LoopRunner.access$frame(LoopRunner.kt:23)
	at com.almasb.fxgl.all@17.2/com.almasb.fxgl.app.LoopRunner$impl$2$1.onTick(LoopRunner.kt:57)
	at com.almasb.fxgl.all@17.2/com.almasb.fxgl.app.AnimationTimerLoop$timer$1.handle(LoopRunner.kt:137)
	at javafx.graphics/javafx.animation.AnimationTimer$AnimationTimerReceiver.lambda$handle$0(AnimationTimer.java:58)
	at java.base/java.security.AccessController.doPrivileged(AccessController.java:400)
	at javafx.graphics/javafx.animation.AnimationTimer$AnimationTimerReceiver.handle(AnimationTimer.java:57)
	at javafx.graphics/com.sun.scenario.animation.AbstractPrimaryTimer.timePulseImpl(AbstractPrimaryTimer.java:356)
	at javafx.graphics/com.sun.scenario.animation.AbstractPrimaryTimer$MainLoop.run(AbstractPrimaryTimer.java:266)
	at javafx.graphics/com.sun.javafx.tk.quantum.QuantumToolkit.pulse(QuantumToolkit.java:570)
	at javafx.graphics/com.sun.javafx.tk.quantum.QuantumToolkit.pulse(QuantumToolkit.java:554)
	at javafx.graphics/com.sun.javafx.tk.quantum.QuantumToolkit.pulseFromQueue(QuantumToolkit.java:547)
	at javafx.graphics/com.sun.javafx.tk.quantum.QuantumToolkit.lambda$runToolkit$11(QuantumToolkit.java:352)
	at javafx.graphics/com.sun.glass.ui.InvokeLaterDispatcher$Future.run(InvokeLaterDispatcher.java:96)
	at javafx.graphics/com.sun.glass.ui.win.WinApplication._runLoop(Native Method)
	at javafx.graphics/com.sun.glass.ui.win.WinApplication.lambda$runLoop$3(WinApplication.java:184)
	at java.base/java.lang.Thread.run(Thread.java:1583)

21:58:23.336 [JavaFX Application Thread] FATAL FXGLApplication      - Application will now exit
21:58:23.339 [JavaFX Application Thread] DEBUG PrimaryStageWindow   - Push state: ErrorSubScene
21:58:23.339 [JavaFX Application Thread] DEBUG Input                - Clearing active input actions
21:58:23.340 [JavaFX Application Thread] DEBUG GameApplicationServi - Removing overlay from GameScene and adding to ErrorSubScene
21:58:23.340 [JavaFX Application Thread] DEBUG PrimaryStageWindow   - GameScene -> ErrorSubScene
21:58:30.757 [JavaFX Application Thread] DEBUG FXGLApplication      - Exiting FXGL
21:58:30.757 [JavaFX Application Thread] DEBUG Async                - Shutting down background threads
21:58:30.757 [JavaFX Application Thread] DEBUG PrimaryStageWindow   - Closing main window
21:58:30.764 [JavaFX Application Thread] DEBUG Logger               - Closing Logger
