23:32:01.427 [main                     ] DEBUG Logger               - Configured Logger
23:32:01.441 [main                     ] DEBUG GameApplication      - Logging settings
Title: Untitled
Version: 0.0
Width: 1280
Height: 720
Fullscreen: false
Intro: false
Profiling: false
Single step:false
App Mode: DEVELOPER
Menu Key: ESCAPE
Stage Style: DECORATED
Scene Factory: class com.sunsofgod.PlatformerApp$1

23:32:01.671 [JavaFX Application Thread] DEBUG FXGLApplication      - Initializing FXGL
23:32:01.674 [JavaFX Application Thread] INFO  Engine               - FXGL-17.2 (20.08.2022 16.50) on MAC (J:17.0.2 FX:17.0.12)
23:32:01.674 [JavaFX Application Thread] DEBUG Engine               - JRE Vendor Name: Oracle Corporation
23:32:01.674 [JavaFX Application Thread] DEBUG Engine               - Running on OS: Mac OS X version 15.1
23:32:01.674 [JavaFX Application Thread] DEBUG Engine               - Architecture: aarch64
23:32:01.674 [JavaFX Application Thread] INFO  Engine               - Source code and latest versions at: https://github.com/AlmasB/FXGL
23:32:01.674 [JavaFX Application Thread] INFO  Engine               -       Ask questions and discuss at: https://github.com/AlmasB/FXGL/discussions
23:32:01.674 [JavaFX Application Thread] INFO  Engine               -              Join the FXGL chat at: https://gitter.im/AlmasB/FXGL
23:32:01.712 [JavaFX Application Thread] DEBUG PrimaryStageWindow   - Creating a JavaFX scene
23:32:01.732 [JavaFX Application Thread] DEBUG PrimaryStageWindow   - Target settings size: 1280.0 x 720.0
23:32:01.733 [JavaFX Application Thread] DEBUG PrimaryStageWindow   - Scaled scene size:    1280.0 x 720.0
23:32:01.733 [JavaFX Application Thread] DEBUG PrimaryStageWindow   - Scaled ratio: (1.0, 1.0)
23:32:01.733 [JavaFX Application Thread] DEBUG PrimaryStageWindow   - Set initial scene to FXGLStartupScene
23:32:01.736 [JavaFX Application Thread] DEBUG PrimaryStageWindow   - Opening main window
23:32:01.805 [JavaFX Application Thread] DEBUG PrimaryStageWindow   - Window border size: (0.0, 28.0)
23:32:01.805 [JavaFX Application Thread] DEBUG PrimaryStageWindow   - Scaled size: 1280.0 x 720.0
23:32:01.806 [JavaFX Application Thread] DEBUG PrimaryStageWindow   - Scaled ratio: (1.0, 1.0)
23:32:01.806 [JavaFX Application Thread] DEBUG PrimaryStageWindow   - Scene size: 1280.0 x 720.0
23:32:01.806 [JavaFX Application Thread] DEBUG PrimaryStageWindow   - Stage size: 1280.0 x 748.0
23:32:01.819 [FXGL Background Thread 1 ] DEBUG Engine               - Initializing environment variables
23:32:01.864 [FXGL Background Thread 1 ] DEBUG FXGLAssetLoaderServi - User app class for loading assets: class com.sunsofgod.PlatformerApp
23:32:01.864 [FXGL Background Thread 1 ] DEBUG GameApplicationServi - Applying CSS: fxgl_dark.css
23:32:01.865 [FXGL Background Thread 1 ] DEBUG FXGLAssetLoaderServi - Loading from file system: jar:file:///Users/aaron/.m2/repository/com/github/almasb/fxgl/17.2/fxgl-17.2.jar!/fxglassets/ui/css/fxgl_dark.css
23:32:02.013 [FXGL Background Thread 1 ] DEBUG GameApplicationServi - Initializing application scenes
23:32:02.099 [FXGL Background Thread 1 ] DEBUG FXGLAssetLoaderServi - Loading from file system: file:/Users/aaron/JavaFXGame/target/classes/assets/textures/player.png
23:32:02.109 [FXGL Background Thread 1 ] DEBUG GameWorld            - Game world initialized
23:32:02.138 [FXGL Background Thread 1 ] DEBUG PhysicsWorld         - Physics world initialized: appHeight=720, physics.ppm=50.0
23:32:02.138 [FXGL Background Thread 1 ] DEBUG PhysicsWorld         - Using strategy: BRUTE_FORCE
23:32:02.140 [FXGL Background Thread 1 ] DEBUG GameScene            - Game scene initialized: 1280x720
23:32:02.442 [FXGL Background Thread 1 ] DEBUG FXGL.DefaultMenu     - createMenuBodyGameMenu()
23:32:02.448 [FXGL Background Thread 1 ] DEBUG FXGL.DefaultMenu     - createOptionsMenu()
23:32:02.452 [FXGL Background Thread 1 ] DEBUG FXGLAssetLoaderServi - Loading from file system: jar:file:///Users/aaron/.m2/repository/com/github/almasb/fxgl/17.2/fxgl-17.2.jar!/fxglassets/textures/particles/smoke.png
23:32:02.490 [FXGL Background Thread 1 ] DEBUG FXGLAssetLoaderServi - Loading from file system: jar:file:///Users/aaron/.m2/repository/com/github/almasb/fxgl/17.2/fxgl-17.2.jar!/fxglassets/textures/particles/trace_horizontal.png
23:32:02.498 [FXGL Background Thread 1 ] DEBUG GameApplicationServi - Application scenes initialized
23:32:02.504 [FXGL Background Thread 1 ] DEBUG SystemBundleService  - Loading FXGL system data
23:32:02.506 [FXGL Background Thread 1 ] DEBUG FileSystemAccess     - Reading from: /Users/aaron/JavaFXGame/system/fxgl.bundle
23:32:02.510 [FXGL Background Thread 1 ] DEBUG SystemBundleService  - Bundle FXGL: {}
23:32:02.511 [FXGL Background Thread 1 ] DEBUG UpdaterService       - Checking for updates
23:32:02.527 [FXGL Background Thread 4 ] DEBUG FXGLApplication      - Loading fonts
23:32:02.527 [FXGL Background Thread 1 ] DEBUG FXGLApplication      - Loading default localization
23:32:02.528 [FXGL Background Thread 4 ] DEBUG FXGLAssetLoaderServi - Loading from file system: jar:file:///Users/aaron/.m2/repository/com/github/almasb/fxgl/17.2/fxgl-17.2.jar!/fxglassets/ui/fonts/VarelaRound-Regular.ttf
23:32:02.528 [FXGL Background Thread 1 ] DEBUG FXGLAssetLoaderServi - Loading from file system: jar:file:///Users/aaron/.m2/repository/com/github/almasb/fxgl/17.2/fxgl-17.2.jar!/fxglassets/languages/english.lang
23:32:02.537 [FXGL Background Thread 4 ] DEBUG FXGLAssetLoaderServi - Loading from file system: jar:file:///Users/aaron/.m2/repository/com/github/almasb/fxgl/17.2/fxgl-17.2.jar!/fxglassets/ui/fonts/Abel-Regular.ttf
23:32:02.537 [FXGL Background Thread 1 ] INFO  FXGLApplication      - FXGL initialization took: 0.719 sec
23:32:02.538 [JavaFX Application Thread] DEBUG FXGLAssetLoaderServi - Loading from file system: jar:file:///Users/aaron/.m2/repository/com/github/almasb/fxgl/17.2/fxgl-17.2.jar!/fxglassets/textures/fxgl_icon.png
23:32:02.539 [FXGL Background Thread 4 ] DEBUG FXGLAssetLoaderServi - Loading from file system: jar:file:///Users/aaron/.m2/repository/com/github/almasb/fxgl/17.2/fxgl-17.2.jar!/fxglassets/ui/fonts/TerminalLandMono-Regular.otf
23:32:02.541 [FXGL Background Thread 4 ] DEBUG FXGLAssetLoaderServi - Loading from file system: jar:file:///Users/aaron/.m2/repository/com/github/almasb/fxgl/17.2/fxgl-17.2.jar!/fxglassets/ui/fonts/Courier-Prime.ttf
23:32:02.553 [JavaFX Application Thread] DEBUG FXGLAssetLoaderServi - Loading from file system: jar:file:///Users/aaron/.m2/repository/com/github/almasb/fxgl/17.2/fxgl-17.2.jar!/fxglassets/textures/fxgl_default_cursor.png
23:32:02.557 [JavaFX Application Thread] DEBUG Input                - Registered new binding: Screenshot - CTRL+8
23:32:02.557 [JavaFX Application Thread] DEBUG Input                - Registered new binding: Dev Options - 1
23:32:02.558 [JavaFX Application Thread] DEBUG Input                - Registered new binding: Dev Console - 2
23:32:02.558 [JavaFX Application Thread] DEBUG Input                - Registered new binding: System info dump - CTRL+9
23:32:02.558 [JavaFX Application Thread] DEBUG Input                - Registered new binding: Restart - CTRL+R
23:32:02.558 [JavaFX Application Thread] DEBUG Input                - Registered new binding: Toggle Debug Camera - CTRL+7
23:32:02.560 [JavaFX Application Thread] DEBUG LoopRunner           - Starting loop
23:32:02.565 [JavaFX Application Thread] DEBUG LoopRunner           - Initializing JavaFX AnimationTimerLoop
23:32:02.566 [JavaFX Application Thread] DEBUG Input                - Clearing active input actions
23:32:02.570 [JavaFX Application Thread] DEBUG GameApplicationServi - Removing overlay from FXGLStartupScene and adding to FXGLMainMenuDummyScene
23:32:02.571 [JavaFX Application Thread] DEBUG PrimaryStageWindow   - FXGLStartupScene -> FXGLMainMenuDummyScene
23:32:02.572 [JavaFX Application Thread] DEBUG PrimaryStageWindow   - Push state: RiderMainMenuScene
23:32:02.572 [JavaFX Application Thread] DEBUG Input                - Clearing active input actions
23:32:02.574 [JavaFX Application Thread] DEBUG GameApplicationServi - Removing overlay from FXGLMainMenuDummyScene and adding to RiderMainMenuScene
23:32:02.574 [JavaFX Application Thread] DEBUG PrimaryStageWindow   - FXGLMainMenuDummyScene -> RiderMainMenuScene
23:32:02.581 [JavaFX Application Thread] DEBUG FXGLApplication      - Registering font factories with UI factory
23:32:02.843 [FXGL Background Thread 2 ] INFO  UpdaterService       - Your current version:  17.2
23:32:02.843 [FXGL Background Thread 2 ] INFO  UpdaterService       - Latest stable version: 21.1
23:32:03.288 [JavaFX Application Thread] DEBUG PrimaryStageWindow   - Push state: PlayerSelectScene
23:32:03.288 [JavaFX Application Thread] DEBUG Input                - Clearing active input actions
23:32:03.288 [JavaFX Application Thread] DEBUG GameApplicationServi - Removing overlay from RiderMainMenuScene and adding to PlayerSelectScene
23:32:03.289 [JavaFX Application Thread] DEBUG PrimaryStageWindow   - RiderMainMenuScene -> PlayerSelectScene
23:32:04.373 [JavaFX Application Thread] DEBUG PrimaryStageWindow   - Pop state: PlayerSelectScene
23:32:04.373 [JavaFX Application Thread] DEBUG Input                - Clearing active input actions
23:32:04.374 [JavaFX Application Thread] DEBUG GameApplicationServi - Removing overlay from PlayerSelectScene and adding to RiderMainMenuScene
23:32:04.375 [JavaFX Application Thread] DEBUG PrimaryStageWindow   - RiderMainMenuScene <- PlayerSelectScene
23:32:04.468 [JavaFX Application Thread] DEBUG PrimaryStageWindow   - Push state: WorldSelectScene
23:32:04.468 [JavaFX Application Thread] DEBUG Input                - Clearing active input actions
23:32:04.469 [JavaFX Application Thread] DEBUG GameApplicationServi - Removing overlay from RiderMainMenuScene and adding to WorldSelectScene
23:32:04.469 [JavaFX Application Thread] DEBUG PrimaryStageWindow   - RiderMainMenuScene -> WorldSelectScene
23:32:04.664 [JavaFX Application Thread] DEBUG PrimaryStageWindow   - Pop state: WorldSelectScene
23:32:04.664 [JavaFX Application Thread] DEBUG Input                - Clearing active input actions
23:32:04.665 [JavaFX Application Thread] DEBUG GameApplicationServi - Removing overlay from WorldSelectScene and adding to RiderMainMenuScene
23:32:04.666 [JavaFX Application Thread] DEBUG PrimaryStageWindow   - RiderMainMenuScene <- WorldSelectScene
23:32:04.745 [JavaFX Application Thread] DEBUG PrimaryStageWindow   - Push state: LevelSelectScene
23:32:04.746 [JavaFX Application Thread] DEBUG Input                - Clearing active input actions
23:32:04.746 [JavaFX Application Thread] DEBUG GameApplicationServi - Removing overlay from RiderMainMenuScene and adding to LevelSelectScene
23:32:04.746 [JavaFX Application Thread] DEBUG PrimaryStageWindow   - RiderMainMenuScene -> LevelSelectScene
23:32:05.453 [JavaFX Application Thread] DEBUG Menu                 - fireNewGame()
23:32:05.453 [JavaFX Application Thread] DEBUG GameApplicationServi - Starting new game
23:32:05.453 [JavaFX Application Thread] DEBUG PrimaryStageWindow   - Pop state: LevelSelectScene
23:32:05.453 [JavaFX Application Thread] DEBUG Input                - Clearing active input actions
23:32:05.453 [JavaFX Application Thread] DEBUG GameApplicationServi - Removing overlay from LevelSelectScene and adding to RiderMainMenuScene
23:32:05.454 [JavaFX Application Thread] DEBUG PrimaryStageWindow   - RiderMainMenuScene <- LevelSelectScene
23:32:05.454 [JavaFX Application Thread] DEBUG PrimaryStageWindow   - Pop state: RiderMainMenuScene
23:32:05.454 [JavaFX Application Thread] DEBUG Input                - Clearing active input actions
23:32:05.454 [JavaFX Application Thread] DEBUG GameApplicationServi - Removing overlay from RiderMainMenuScene and adding to FXGLMainMenuDummyScene
23:32:05.454 [JavaFX Application Thread] DEBUG PrimaryStageWindow   - FXGLMainMenuDummyScene <- RiderMainMenuScene
23:32:05.455 [JavaFX Application Thread] DEBUG Input                - Clearing active input actions
23:32:05.458 [JavaFX Application Thread] DEBUG GameApplicationServi - Removing overlay from FXGLMainMenuDummyScene and adding to MainLoadingScene
23:32:05.460 [JavaFX Application Thread] DEBUG PrimaryStageWindow   - FXGLMainMenuDummyScene -> MainLoadingScene
23:32:05.461 [JavaFX Application Thread] DEBUG GameApplicationServi - Clearing previous game
23:32:05.461 [JavaFX Application Thread] DEBUG GameScene            - Clearing game scene
23:32:05.461 [JavaFX Application Thread] DEBUG GameWorld            - Clearing game world
23:32:05.461 [JavaFX Application Thread] DEBUG PhysicsWorld         - Clearing physics world
23:32:05.462 [FXGL Background Thread 2 ] DEBUG FXGLApplication      - Initializing game
23:32:05.491 [FXGL Background Thread 2 ] WARN  TMXLevelLoader       - TiledMap generated from 1.11.0. Supported version: 1.9.0. Some features may not be parsed fully.
23:32:05.496 [FXGL Background Thread 2 ] DEBUG TMXLevelLoader       - Parsed TiledMap: file:/Users/aaron/JavaFXGame/target/classes/assets/levels/tmx/level1.tmx
23:32:05.496 [FXGL Background Thread 2 ] DEBUG TMXLevelLoader       - Creating tile layer entities
23:32:05.497 [FXGL Background Thread 2 ] DEBUG TilesetLoader        - Loading view for layer Tile Layer 1
23:32:05.500 [FXGL Background Thread 2 ] DEBUG TilesetLoader        - Created buffer with size 1050.0x700.0
23:32:05.509 [FXGL Background Thread 2 ] DEBUG TMXLevelLoader       - Creating object layer entities
23:32:05.517 [FXGL Background Thread 2 ] DEBUG GameWorld            - Clearing removable entities
23:32:05.518 [FXGL Background Thread 2 ] DEBUG GameWorld            - Setting level: com.almasb.fxgl.entity.level.Level@6cd3010f
23:32:05.525 [FXGL Background Thread 2 ] DEBUG Input                - Registered new binding: Jump0 - W
23:32:05.526 [FXGL Background Thread 2 ] DEBUG Input                - Registered new binding: Left0 - A
23:32:05.526 [FXGL Background Thread 2 ] DEBUG Input                - Registered new binding: Right0 - D
23:32:05.526 [FXGL Background Thread 2 ] DEBUG Input                - Registered new binding: Use0 - E
23:32:05.527 [FXGL Background Thread 2 ] DEBUG Input                - Registered new binding: Jump1 - Up
23:32:05.527 [FXGL Background Thread 2 ] DEBUG Input                - Registered new binding: Left1 - Left
23:32:05.527 [FXGL Background Thread 3 ] DEBUG Engine               - Logging environment variables
23:32:05.527 [FXGL Background Thread 2 ] DEBUG Input                - Registered new binding: Right1 - Right
23:32:05.527 [FXGL Background Thread 2 ] DEBUG Input                - Registered new binding: Use1 - Slash
23:32:05.527 [FXGL Background Thread 3 ] DEBUG Engine               - achievements: []
23:32:05.527 [FXGL Background Thread 3 ] DEBUG Engine               - actualHeight: 720.0
23:32:05.528 [FXGL Background Thread 3 ] DEBUG Engine               - actualHeightProperty: ReadOnlyDoubleProperty [value: 720.0]
23:32:05.528 [FXGL Background Thread 3 ] DEBUG Engine               - actualWidth: 1280.0
23:32:05.528 [FXGL Background Thread 3 ] DEBUG Engine               - actualWidthProperty: ReadOnlyDoubleProperty [value: 1280.0]
23:32:05.528 [FXGL Background Thread 3 ] DEBUG Engine               - appIcon: fxgl_icon.png
23:32:05.528 [FXGL Background Thread 2 ] DEBUG FXGLAssetLoaderServi - Loading from file system: file:/Users/aaron/JavaFXGame/target/classes/assets/textures/background/manila.png
23:32:05.528 [FXGL Background Thread 3 ] DEBUG Engine               - applicationMode: DEVELOPER
23:32:05.528 [FXGL Background Thread 3 ] DEBUG Engine               - cSSList: [fxgl_dark.css]
23:32:05.528 [FXGL Background Thread 3 ] DEBUG Engine               - collisionDetectionStrategy: BRUTE_FORCE
23:32:05.528 [FXGL Background Thread 3 ] DEBUG Engine               - configClass: Optional.empty
23:32:05.530 [FXGL Background Thread 3 ] DEBUG Engine               - credits: []
23:32:05.530 [FXGL Background Thread 3 ] DEBUG Engine               - defaultCursor: CursorInfo(imageName=fxgl_default_cursor.png, hotspotX=7.0, hotspotY=6.0)
23:32:05.530 [FXGL Background Thread 3 ] DEBUG Engine               - devBBoxColorProperty: ObjectProperty [value: 0xff0000ff]
23:32:05.530 [FXGL Background Thread 3 ] DEBUG Engine               - devEnableDebugCameraProperty: BooleanProperty [value: false]
23:32:05.531 [FXGL Background Thread 3 ] DEBUG Engine               - devSensorColorProperty: ObjectProperty [value: 0xffff00ff]
23:32:05.531 [FXGL Background Thread 3 ] DEBUG Engine               - devShowBBoxProperty: BooleanProperty [value: false]
23:32:05.531 [FXGL Background Thread 3 ] DEBUG Engine               - devShowPositionProperty: BooleanProperty [value: false]
23:32:05.531 [FXGL Background Thread 3 ] DEBUG Engine               - enabledMenuItems: []
23:32:05.531 [FXGL Background Thread 3 ] DEBUG Engine               - engineServices: [class com.almasb.fxgl.app.services.FXGLAssetLoaderService, class com.almasb.fxgl.app.FXGLApplication$GameApplicationService, class com.almasb.fxgl.app.services.FXGLDialogService, class com.almasb.fxgl.app.services.IOTaskExecutorService, class com.almasb.fxgl.io.FileSystemService, class com.almasb.fxgl.localization.LocalizationService, class com.almasb.fxgl.app.services.SystemBundleService, class com.almasb.fxgl.profile.SaveLoadService, class com.almasb.fxgl.ui.FXGLUIFactoryServiceProvider, class com.almasb.fxgl.ui.FXGLDialogFactoryServiceProvider, class com.almasb.fxgl.audio.AudioPlayer, class com.almasb.fxgl.notification.impl.NotificationServiceProvider, class com.almasb.fxgl.achievement.AchievementService, class com.almasb.fxgl.cutscene.CutsceneService, class com.almasb.fxgl.minigames.MiniGameService, class com.almasb.fxgl.net.NetService, class com.almasb.fxgl.app.services.UpdaterService, class com.almasb.fxgl.dev.DevService]
23:32:05.531 [FXGL Background Thread 3 ] DEBUG Engine               - fontGame: Abel-Regular.ttf
23:32:05.531 [FXGL Background Thread 3 ] DEBUG Engine               - fontMono: TerminalLandMono-Regular.otf
23:32:05.531 [FXGL Background Thread 3 ] DEBUG Engine               - fontText: Courier-Prime.ttf
23:32:05.531 [FXGL Background Thread 3 ] DEBUG Engine               - fontUI: VarelaRound-Regular.ttf
23:32:05.532 [FXGL Background Thread 3 ] DEBUG Engine               - fullScreen: BooleanProperty [value: false]
23:32:05.532 [FXGL Background Thread 3 ] DEBUG Engine               - gameDifficulty: MEDIUM
23:32:05.532 [FXGL Background Thread 3 ] DEBUG Engine               - gameDifficultyProperty: ObjectProperty [value: MEDIUM]
23:32:05.532 [FXGL Background Thread 3 ] DEBUG Engine               - globalMusicVolume: 0.5
23:32:05.532 [FXGL Background Thread 3 ] DEBUG Engine               - globalMusicVolumeProperty: DoubleProperty [value: 0.25]
23:32:05.532 [FXGL Background Thread 3 ] DEBUG Engine               - globalSoundVolume: 0.5
23:32:05.532 [FXGL Background Thread 3 ] DEBUG Engine               - globalSoundVolumeProperty: DoubleProperty [value: 0.5]
23:32:05.532 [FXGL Background Thread 3 ] DEBUG Engine               - height: 720
23:32:05.532 [FXGL Background Thread 3 ] DEBUG Engine               - is3D: false
23:32:05.532 [FXGL Background Thread 3 ] DEBUG Engine               - isAndroid: false
23:32:05.532 [FXGL Background Thread 3 ] DEBUG Engine               - isBrowser: false
23:32:05.532 [FXGL Background Thread 3 ] DEBUG Engine               - isClickFeedbackEnabled: false
23:32:05.532 [FXGL Background Thread 3 ] DEBUG Engine               - isCloseConfirmation: false
23:32:05.532 [FXGL Background Thread 3 ] DEBUG Engine               - isDesktop: true
23:32:05.532 [FXGL Background Thread 3 ] DEBUG Engine               - isDeveloperMenuEnabled: true
23:32:05.533 [FXGL Background Thread 3 ] DEBUG Engine               - isEmbedded: false
23:32:05.533 [FXGL Background Thread 3 ] DEBUG Engine               - isEntityPreloadEnabled: true
23:32:05.533 [FXGL Background Thread 3 ] DEBUG Engine               - isExperimentalTiledLargeMap: false
23:32:05.533 [FXGL Background Thread 3 ] DEBUG Engine               - isFileSystemWriteAllowed: true
23:32:05.533 [FXGL Background Thread 3 ] DEBUG Engine               - isFullScreenAllowed: false
23:32:05.533 [FXGL Background Thread 3 ] DEBUG Engine               - isFullScreenFromStart: false
23:32:05.533 [FXGL Background Thread 3 ] DEBUG Engine               - isGameMenuEnabled: true
23:32:05.533 [FXGL Background Thread 3 ] DEBUG Engine               - isIOS: false
23:32:05.533 [FXGL Background Thread 3 ] DEBUG Engine               - isIntroEnabled: false
23:32:05.533 [FXGL Background Thread 3 ] DEBUG Engine               - isLinux: false
23:32:05.533 [FXGL Background Thread 3 ] DEBUG Engine               - isMac: true
23:32:05.533 [FXGL Background Thread 3 ] DEBUG Engine               - isMainMenuEnabled: true
23:32:05.533 [FXGL Background Thread 3 ] DEBUG Engine               - isManualResizeEnabled: false
23:32:05.533 [FXGL Background Thread 3 ] DEBUG Engine               - isMobile: false
23:32:05.533 [FXGL Background Thread 3 ] DEBUG Engine               - isNative: false
23:32:05.533 [FXGL Background Thread 3 ] DEBUG Engine               - isPauseMusicWhenMinimized: true
23:32:05.533 [FXGL Background Thread 3 ] DEBUG Engine               - isPreserveResizeRatio: false
23:32:05.534 [FXGL Background Thread 3 ] DEBUG Engine               - isProfilingEnabled: false
23:32:05.534 [FXGL Background Thread 3 ] DEBUG Engine               - isScaleAffectedOnResize: true
23:32:05.534 [FXGL Background Thread 3 ] DEBUG Engine               - isSingleStep: false
23:32:05.534 [FXGL Background Thread 3 ] DEBUG Engine               - isUserProfileEnabled: false
23:32:05.534 [FXGL Background Thread 3 ] DEBUG Engine               - isWindows: false
23:32:05.534 [FXGL Background Thread 3 ] DEBUG Engine               - language: ObjectProperty [value: ENGLISH]
23:32:05.534 [FXGL Background Thread 3 ] DEBUG Engine               - menuKey: ESCAPE
23:32:05.534 [FXGL Background Thread 3 ] DEBUG Engine               - mouseSensitivity: 0.2
23:32:05.534 [FXGL Background Thread 3 ] DEBUG Engine               - notificationViewClass: class com.almasb.fxgl.notification.view.XboxNotificationView
23:32:05.534 [FXGL Background Thread 3 ] DEBUG Engine               - pixelsPerMeter: 50.0
23:32:05.534 [FXGL Background Thread 3 ] DEBUG Engine               - platform: MAC
23:32:05.534 [FXGL Background Thread 3 ] DEBUG Engine               - prefHeightProperty: ReadOnlyDoubleProperty [value: 720.0]
23:32:05.534 [FXGL Background Thread 3 ] DEBUG Engine               - prefWidthProperty: ReadOnlyDoubleProperty [value: 1280.0]
23:32:05.534 [FXGL Background Thread 3 ] DEBUG Engine               - profileDir: profiles/
23:32:05.535 [FXGL Background Thread 3 ] DEBUG Engine               - profileName: StringProperty [value: DEFAULT]
23:32:05.535 [FXGL Background Thread 3 ] DEBUG Engine               - randomSeed: -1
23:32:05.535 [FXGL Background Thread 3 ] DEBUG Engine               - runtimeInfo: RuntimeInfo(platform=MAC, version=17.2, build=20.08.2022 16.50)
23:32:05.535 [FXGL Background Thread 3 ] DEBUG Engine               - saveFileExt: sav
23:32:05.536 [FXGL Background Thread 3 ] DEBUG Engine               - scaledHeightProp$fxgl: DoubleProperty [bound, value: 720.0]
23:32:05.536 [FXGL Background Thread 3 ] DEBUG Engine               - scaledWidthProp$fxgl: DoubleProperty [bound, value: 1280.0]
23:32:05.536 [FXGL Background Thread 3 ] DEBUG Engine               - sceneFactory: com.sunsofgod.PlatformerApp$1@1003541d
23:32:05.536 [FXGL Background Thread 3 ] DEBUG Engine               - secondsIn24h: 60
23:32:05.536 [FXGL Background Thread 3 ] DEBUG Engine               - soundMenuBack: menu/back.wav
23:32:05.536 [FXGL Background Thread 3 ] DEBUG Engine               - soundMenuPress: menu/press.wav
23:32:05.536 [FXGL Background Thread 3 ] DEBUG Engine               - soundMenuSelect: menu/select.wav
23:32:05.536 [FXGL Background Thread 3 ] DEBUG Engine               - soundNotification: core/notification.wav
23:32:05.536 [FXGL Background Thread 3 ] DEBUG Engine               - stageStyle: DECORATED
23:32:05.537 [FXGL Background Thread 3 ] DEBUG Engine               - supportedLanguages: [ENGLISH, FRENCH, GERMAN, HUNGARIAN, RUSSIAN]
23:32:05.537 [FXGL Background Thread 3 ] DEBUG Engine               - ticksPerSecond: -1
23:32:05.537 [FXGL Background Thread 3 ] DEBUG Engine               - title: Untitled
23:32:05.537 [FXGL Background Thread 3 ] DEBUG Engine               - urlGithub: https://github.com/AlmasB/FXGL
23:32:05.537 [FXGL Background Thread 3 ] DEBUG Engine               - urlLeaderboard: http://fxgl-top.herokuapp.com/
23:32:05.537 [FXGL Background Thread 3 ] DEBUG Engine               - urlPOM: https://raw.githubusercontent.com/AlmasB/FXGL/release/README.md
23:32:05.537 [FXGL Background Thread 3 ] DEBUG Engine               - userAppClass: class com.sunsofgod.PlatformerApp
23:32:05.537 [FXGL Background Thread 3 ] DEBUG Engine               - version: 0.0
23:32:05.537 [FXGL Background Thread 3 ] DEBUG Engine               - versionCheckDays: 7
23:32:05.537 [FXGL Background Thread 3 ] DEBUG Engine               - width: 1280
23:32:05.537 [FXGL Background Thread 3 ] DEBUG Engine               - Logging services
23:32:05.537 [FXGL Background Thread 3 ] DEBUG Engine               - class com.almasb.fxgl.app.services.FXGLAssetLoaderService
23:32:05.538 [FXGL Background Thread 3 ] DEBUG Engine               - class com.almasb.fxgl.app.FXGLApplication$GameApplicationService
23:32:05.538 [FXGL Background Thread 3 ] DEBUG Engine               - class com.almasb.fxgl.app.services.FXGLDialogService
23:32:05.538 [FXGL Background Thread 3 ] DEBUG Engine               - class com.almasb.fxgl.app.services.IOTaskExecutorService
23:32:05.538 [FXGL Background Thread 3 ] DEBUG Engine               - class com.almasb.fxgl.io.FileSystemService
23:32:05.538 [FXGL Background Thread 3 ] DEBUG Engine               - class com.almasb.fxgl.localization.LocalizationService
23:32:05.538 [FXGL Background Thread 3 ] DEBUG Engine               - class com.almasb.fxgl.app.services.SystemBundleService
23:32:05.538 [FXGL Background Thread 3 ] DEBUG Engine               - class com.almasb.fxgl.profile.SaveLoadService
23:32:05.538 [FXGL Background Thread 3 ] DEBUG Engine               - class com.almasb.fxgl.ui.FXGLUIFactoryServiceProvider
23:32:05.538 [FXGL Background Thread 3 ] DEBUG Engine               - class com.almasb.fxgl.ui.FXGLDialogFactoryServiceProvider
23:32:05.538 [FXGL Background Thread 3 ] DEBUG Engine               - class com.almasb.fxgl.audio.AudioPlayer
23:32:05.538 [FXGL Background Thread 3 ] DEBUG Engine               - class com.almasb.fxgl.notification.impl.NotificationServiceProvider
23:32:05.538 [FXGL Background Thread 3 ] DEBUG Engine               - class com.almasb.fxgl.achievement.AchievementService
23:32:05.538 [FXGL Background Thread 3 ] DEBUG Engine               - class com.almasb.fxgl.cutscene.CutsceneService
23:32:05.538 [FXGL Background Thread 3 ] DEBUG Engine               - class com.almasb.fxgl.minigames.MiniGameService
23:32:05.538 [FXGL Background Thread 3 ] DEBUG Engine               - class com.almasb.fxgl.net.NetService
23:32:05.538 [FXGL Background Thread 3 ] DEBUG Engine               - class com.almasb.fxgl.app.services.UpdaterService
23:32:05.538 [FXGL Background Thread 3 ] DEBUG Engine               - class com.almasb.fxgl.dev.DevService
23:32:05.540 [FXGL Background Thread 2 ] INFO  FXGLApplication      - Game initialization took: 0.078 sec
23:32:05.548 [JavaFX Application Thread] DEBUG Input                - Clearing active input actions
23:32:05.550 [JavaFX Application Thread] DEBUG GameApplicationServi - Removing overlay from MainLoadingScene and adding to GameScene
23:32:05.551 [JavaFX Application Thread] DEBUG PrimaryStageWindow   - MainLoadingScene -> GameScene
23:32:27.374 [JavaFX Application Thread] WARN  TMXLevelLoader       - TiledMap generated from 1.11.0. Supported version: 1.9.0. Some features may not be parsed fully.
23:32:27.378 [JavaFX Application Thread] DEBUG TMXLevelLoader       - Parsed TiledMap: file:/Users/aaron/JavaFXGame/target/classes/assets/levels/tmx/level1.tmx
23:32:27.378 [JavaFX Application Thread] DEBUG TMXLevelLoader       - Creating tile layer entities
23:32:27.379 [JavaFX Application Thread] DEBUG TilesetLoader        - Loading view for layer Tile Layer 1
23:32:27.398 [JavaFX Application Thread] DEBUG TilesetLoader        - Created buffer with size 1050.0x700.0
23:32:27.414 [JavaFX Application Thread] DEBUG TMXLevelLoader       - Creating object layer entities
23:32:27.417 [JavaFX Application Thread] DEBUG GameWorld            - Clearing removable entities
23:32:27.417 [JavaFX Application Thread] DEBUG GameWorld            - Setting level: com.almasb.fxgl.entity.level.Level@75902ae6
23:32:45.271 [JavaFX Application Thread] DEBUG FXGLApplication      - Exiting FXGL
23:32:45.272 [JavaFX Application Thread] DEBUG LoopRunner           - Stopping loop
23:32:45.272 [JavaFX Application Thread] DEBUG SystemBundleService  - Saving FXGL system data
23:32:45.278 [JavaFX Application Thread] DEBUG FileSystemAccess     - Writing to: /Users/aaron/JavaFXGame/system/fxgl.bundle
23:32:45.281 [JavaFX Application Thread] DEBUG Async                - Shutting down background threads
23:32:45.282 [JavaFX Application Thread] DEBUG PrimaryStageWindow   - Closing main window
23:32:45.296 [JavaFX Application Thread] DEBUG Logger               - Closing Logger
