19:37:12.428 [main                     ] DEBUG Logger               - Configured Logger
19:37:12.441 [main                     ] DEBUG GameApplication      - Logging settings
Title: Untitled
Version: 0.0
Width: 1280
Height: 720
Fullscreen: false
Intro: false
Profiling: false
Single step:false
App Mode: DEVELOPER
Menu Key: ESCAPE
Stage Style: DECORATED
Scene Factory: class com.sunsofgod.PlatformerApp$1

19:37:12.676 [JavaFX Application Thread] DEBUG FXGLApplication      - Initializing FXGL
19:37:12.679 [JavaFX Application Thread] INFO  Engine               - FXGL-17.2 (20.08.2022 16.50) on MAC (J:17.0.2 FX:17.0.12)
19:37:12.679 [JavaFX Application Thread] DEBUG Engine               - JRE Vendor Name: Oracle Corporation
19:37:12.679 [JavaFX Application Thread] DEBUG Engine               - Running on OS: Mac OS X version 15.1
19:37:12.679 [JavaFX Application Thread] DEBUG Engine               - Architecture: aarch64
19:37:12.679 [JavaFX Application Thread] INFO  Engine               - Source code and latest versions at: https://github.com/AlmasB/FXGL
19:37:12.680 [JavaFX Application Thread] INFO  Engine               -       Ask questions and discuss at: https://github.com/AlmasB/FXGL/discussions
19:37:12.680 [JavaFX Application Thread] INFO  Engine               -              Join the FXGL chat at: https://gitter.im/AlmasB/FXGL
19:37:12.727 [JavaFX Application Thread] DEBUG PrimaryStageWindow   - Creating a JavaFX scene
19:37:12.746 [JavaFX Application Thread] DEBUG PrimaryStageWindow   - Target settings size: 1280.0 x 720.0
19:37:12.746 [JavaFX Application Thread] DEBUG PrimaryStageWindow   - Scaled scene size:    1280.0 x 720.0
19:37:12.746 [JavaFX Application Thread] DEBUG PrimaryStageWindow   - Scaled ratio: (1.0, 1.0)
19:37:12.746 [JavaFX Application Thread] DEBUG PrimaryStageWindow   - Set initial scene to FXGLStartupScene
19:37:12.749 [JavaFX Application Thread] DEBUG PrimaryStageWindow   - Opening main window
19:37:12.811 [JavaFX Application Thread] DEBUG PrimaryStageWindow   - Window border size: (0.0, 28.0)
19:37:12.811 [JavaFX Application Thread] DEBUG PrimaryStageWindow   - Scaled size: 1280.0 x 720.0
19:37:12.812 [JavaFX Application Thread] DEBUG PrimaryStageWindow   - Scaled ratio: (1.0, 1.0)
19:37:12.812 [JavaFX Application Thread] DEBUG PrimaryStageWindow   - Scene size: 1280.0 x 720.0
19:37:12.812 [JavaFX Application Thread] DEBUG PrimaryStageWindow   - Stage size: 1280.0 x 748.0
19:37:12.817 [FXGL Background Thread 1 ] DEBUG Engine               - Initializing environment variables
19:37:12.842 [FXGL Background Thread 1 ] DEBUG FXGLAssetLoaderServi - User app class for loading assets: class com.sunsofgod.PlatformerApp
19:37:12.843 [FXGL Background Thread 1 ] DEBUG GameApplicationServi - Applying CSS: fxgl_dark.css
19:37:12.843 [FXGL Background Thread 1 ] DEBUG FXGLAssetLoaderServi - Loading from file system: jar:file:///Users/aaron/.m2/repository/com/github/almasb/fxgl/17.2/fxgl-17.2.jar!/fxglassets/ui/css/fxgl_dark.css
19:37:12.878 [FXGL Background Thread 1 ] DEBUG GameApplicationServi - Initializing application scenes
19:37:12.957 [FXGL Background Thread 1 ] WARN  FXGLAssetLoaderServi - Asset "/assets/textures/player.png" was not found!
19:37:12.957 [FXGL Background Thread 1 ] WARN  FXGLAssetLoaderServi - Failed to load IMAGE
19:37:12.971 [FXGL Background Thread 1 ] DEBUG GameWorld            - Game world initialized
19:37:13.008 [FXGL Background Thread 1 ] DEBUG PhysicsWorld         - Physics world initialized: appHeight=720, physics.ppm=50.0
19:37:13.008 [FXGL Background Thread 1 ] DEBUG PhysicsWorld         - Using strategy: BRUTE_FORCE
19:37:13.010 [FXGL Background Thread 1 ] DEBUG GameScene            - Game scene initialized: 1280x720
19:37:13.382 [FXGL Background Thread 1 ] DEBUG FXGL.DefaultMenu     - createMenuBodyGameMenu()
19:37:13.387 [FXGL Background Thread 1 ] DEBUG FXGL.DefaultMenu     - createOptionsMenu()
19:37:13.390 [FXGL Background Thread 1 ] DEBUG FXGLAssetLoaderServi - Loading from file system: jar:file:///Users/aaron/.m2/repository/com/github/almasb/fxgl/17.2/fxgl-17.2.jar!/fxglassets/textures/particles/smoke.png
19:37:13.421 [FXGL Background Thread 1 ] DEBUG FXGLAssetLoaderServi - Loading from file system: jar:file:///Users/aaron/.m2/repository/com/github/almasb/fxgl/17.2/fxgl-17.2.jar!/fxglassets/textures/particles/trace_horizontal.png
19:37:13.429 [FXGL Background Thread 1 ] DEBUG GameApplicationServi - Application scenes initialized
19:37:13.434 [FXGL Background Thread 1 ] DEBUG SystemBundleService  - Loading FXGL system data
19:37:13.436 [FXGL Background Thread 1 ] DEBUG FileSystemAccess     - Reading from: /Users/aaron/JavaFXGame/system/fxgl.bundle
19:37:13.439 [FXGL Background Thread 1 ] DEBUG SystemBundleService  - Bundle FXGL: {}
19:37:13.440 [FXGL Background Thread 1 ] DEBUG UpdaterService       - Checking for updates
19:37:13.449 [FXGL Background Thread 4 ] DEBUG FXGLApplication      - Loading fonts
19:37:13.450 [FXGL Background Thread 1 ] DEBUG FXGLApplication      - Loading default localization
19:37:13.450 [FXGL Background Thread 4 ] DEBUG FXGLAssetLoaderServi - Loading from file system: jar:file:///Users/aaron/.m2/repository/com/github/almasb/fxgl/17.2/fxgl-17.2.jar!/fxglassets/ui/fonts/VarelaRound-Regular.ttf
19:37:13.450 [FXGL Background Thread 1 ] DEBUG FXGLAssetLoaderServi - Loading from file system: jar:file:///Users/aaron/.m2/repository/com/github/almasb/fxgl/17.2/fxgl-17.2.jar!/fxglassets/languages/english.lang
19:37:13.462 [FXGL Background Thread 4 ] DEBUG FXGLAssetLoaderServi - Loading from file system: jar:file:///Users/aaron/.m2/repository/com/github/almasb/fxgl/17.2/fxgl-17.2.jar!/fxglassets/ui/fonts/Abel-Regular.ttf
19:37:13.464 [FXGL Background Thread 1 ] INFO  FXGLApplication      - FXGL initialization took: 0.646 sec
19:37:13.464 [FXGL Background Thread 4 ] DEBUG FXGLAssetLoaderServi - Loading from file system: jar:file:///Users/aaron/.m2/repository/com/github/almasb/fxgl/17.2/fxgl-17.2.jar!/fxglassets/ui/fonts/TerminalLandMono-Regular.otf
19:37:13.464 [JavaFX Application Thread] DEBUG FXGLAssetLoaderServi - Loading from file system: jar:file:///Users/aaron/.m2/repository/com/github/almasb/fxgl/17.2/fxgl-17.2.jar!/fxglassets/textures/fxgl_icon.png
19:37:13.467 [FXGL Background Thread 4 ] DEBUG FXGLAssetLoaderServi - Loading from file system: jar:file:///Users/aaron/.m2/repository/com/github/almasb/fxgl/17.2/fxgl-17.2.jar!/fxglassets/ui/fonts/Courier-Prime.ttf
19:37:13.476 [JavaFX Application Thread] DEBUG FXGLAssetLoaderServi - Loading from file system: jar:file:///Users/aaron/.m2/repository/com/github/almasb/fxgl/17.2/fxgl-17.2.jar!/fxglassets/textures/fxgl_default_cursor.png
19:37:13.480 [JavaFX Application Thread] DEBUG Input                - Registered new binding: Screenshot - CTRL+8
19:37:13.481 [JavaFX Application Thread] DEBUG Input                - Registered new binding: Dev Options - 1
19:37:13.481 [JavaFX Application Thread] DEBUG Input                - Registered new binding: Dev Console - 2
19:37:13.481 [JavaFX Application Thread] DEBUG Input                - Registered new binding: System info dump - CTRL+9
19:37:13.481 [JavaFX Application Thread] DEBUG Input                - Registered new binding: Restart - CTRL+R
19:37:13.481 [JavaFX Application Thread] DEBUG Input                - Registered new binding: Toggle Debug Camera - CTRL+7
19:37:13.482 [JavaFX Application Thread] DEBUG LoopRunner           - Starting loop
19:37:13.487 [JavaFX Application Thread] DEBUG LoopRunner           - Initializing JavaFX AnimationTimerLoop
19:37:13.488 [JavaFX Application Thread] DEBUG Input                - Clearing active input actions
19:37:13.491 [JavaFX Application Thread] DEBUG GameApplicationServi - Removing overlay from FXGLStartupScene and adding to FXGLMainMenuDummyScene
19:37:13.492 [JavaFX Application Thread] DEBUG PrimaryStageWindow   - FXGLStartupScene -> FXGLMainMenuDummyScene
19:37:13.492 [JavaFX Application Thread] DEBUG PrimaryStageWindow   - Push state: RiderMainMenuScene
19:37:13.492 [JavaFX Application Thread] DEBUG Input                - Clearing active input actions
19:37:13.494 [JavaFX Application Thread] DEBUG GameApplicationServi - Removing overlay from FXGLMainMenuDummyScene and adding to RiderMainMenuScene
19:37:13.495 [JavaFX Application Thread] DEBUG PrimaryStageWindow   - FXGLMainMenuDummyScene -> RiderMainMenuScene
19:37:13.498 [JavaFX Application Thread] DEBUG FXGLApplication      - Registering font factories with UI factory
19:37:14.157 [JavaFX Application Thread] DEBUG PrimaryStageWindow   - Push state: PlayerSelectScene
19:37:14.157 [JavaFX Application Thread] DEBUG Input                - Clearing active input actions
19:37:14.158 [JavaFX Application Thread] DEBUG GameApplicationServi - Removing overlay from RiderMainMenuScene and adding to PlayerSelectScene
19:37:14.158 [JavaFX Application Thread] DEBUG PrimaryStageWindow   - RiderMainMenuScene -> PlayerSelectScene
19:37:14.226 [FXGL Background Thread 2 ] INFO  UpdaterService       - Your current version:  17.2
19:37:14.226 [FXGL Background Thread 2 ] INFO  UpdaterService       - Latest stable version: 21.1
19:37:15.249 [JavaFX Application Thread] DEBUG PrimaryStageWindow   - Pop state: PlayerSelectScene
19:37:15.249 [JavaFX Application Thread] DEBUG Input                - Clearing active input actions
19:37:15.250 [JavaFX Application Thread] DEBUG GameApplicationServi - Removing overlay from PlayerSelectScene and adding to RiderMainMenuScene
19:37:15.250 [JavaFX Application Thread] DEBUG PrimaryStageWindow   - RiderMainMenuScene <- PlayerSelectScene
19:37:15.450 [JavaFX Application Thread] DEBUG PrimaryStageWindow   - Push state: LevelSelectScene
19:37:15.450 [JavaFX Application Thread] DEBUG Input                - Clearing active input actions
19:37:15.451 [JavaFX Application Thread] DEBUG GameApplicationServi - Removing overlay from RiderMainMenuScene and adding to LevelSelectScene
19:37:15.451 [JavaFX Application Thread] DEBUG PrimaryStageWindow   - RiderMainMenuScene -> LevelSelectScene
19:37:16.453 [FXGL Background Thread 3 ] DEBUG Engine               - Logging environment variables
19:37:16.453 [FXGL Background Thread 3 ] DEBUG Engine               - achievements: []
19:37:16.453 [FXGL Background Thread 3 ] DEBUG Engine               - actualHeight: 720.0
19:37:16.453 [FXGL Background Thread 3 ] DEBUG Engine               - actualHeightProperty: ReadOnlyDoubleProperty [value: 720.0]
19:37:16.454 [FXGL Background Thread 3 ] DEBUG Engine               - actualWidth: 1280.0
19:37:16.454 [FXGL Background Thread 3 ] DEBUG Engine               - actualWidthProperty: ReadOnlyDoubleProperty [value: 1280.0]
19:37:16.454 [FXGL Background Thread 3 ] DEBUG Engine               - appIcon: fxgl_icon.png
19:37:16.454 [FXGL Background Thread 3 ] DEBUG Engine               - applicationMode: DEVELOPER
19:37:16.454 [FXGL Background Thread 3 ] DEBUG Engine               - cSSList: [fxgl_dark.css]
19:37:16.454 [FXGL Background Thread 3 ] DEBUG Engine               - collisionDetectionStrategy: BRUTE_FORCE
19:37:16.454 [FXGL Background Thread 3 ] DEBUG Engine               - configClass: Optional.empty
19:37:16.454 [FXGL Background Thread 3 ] DEBUG Engine               - credits: []
19:37:16.455 [FXGL Background Thread 3 ] DEBUG Engine               - defaultCursor: CursorInfo(imageName=fxgl_default_cursor.png, hotspotX=7.0, hotspotY=6.0)
19:37:16.455 [FXGL Background Thread 3 ] DEBUG Engine               - devBBoxColorProperty: ObjectProperty [value: 0xff0000ff]
19:37:16.455 [FXGL Background Thread 3 ] DEBUG Engine               - devEnableDebugCameraProperty: BooleanProperty [value: false]
19:37:16.455 [FXGL Background Thread 3 ] DEBUG Engine               - devSensorColorProperty: ObjectProperty [value: 0xffff00ff]
19:37:16.455 [FXGL Background Thread 3 ] DEBUG Engine               - devShowBBoxProperty: BooleanProperty [value: false]
19:37:16.455 [FXGL Background Thread 3 ] DEBUG Engine               - devShowPositionProperty: BooleanProperty [value: false]
19:37:16.455 [FXGL Background Thread 3 ] DEBUG Engine               - enabledMenuItems: []
19:37:16.455 [FXGL Background Thread 3 ] DEBUG Engine               - engineServices: [class com.almasb.fxgl.app.services.FXGLAssetLoaderService, class com.almasb.fxgl.app.FXGLApplication$GameApplicationService, class com.almasb.fxgl.app.services.FXGLDialogService, class com.almasb.fxgl.app.services.IOTaskExecutorService, class com.almasb.fxgl.io.FileSystemService, class com.almasb.fxgl.localization.LocalizationService, class com.almasb.fxgl.app.services.SystemBundleService, class com.almasb.fxgl.profile.SaveLoadService, class com.almasb.fxgl.ui.FXGLUIFactoryServiceProvider, class com.almasb.fxgl.ui.FXGLDialogFactoryServiceProvider, class com.almasb.fxgl.audio.AudioPlayer, class com.almasb.fxgl.notification.impl.NotificationServiceProvider, class com.almasb.fxgl.achievement.AchievementService, class com.almasb.fxgl.cutscene.CutsceneService, class com.almasb.fxgl.minigames.MiniGameService, class com.almasb.fxgl.net.NetService, class com.almasb.fxgl.app.services.UpdaterService, class com.almasb.fxgl.dev.DevService]
19:37:16.456 [FXGL Background Thread 3 ] DEBUG Engine               - fontGame: Abel-Regular.ttf
19:37:16.456 [FXGL Background Thread 3 ] DEBUG Engine               - fontMono: TerminalLandMono-Regular.otf
19:37:16.456 [FXGL Background Thread 3 ] DEBUG Engine               - fontText: Courier-Prime.ttf
19:37:16.456 [FXGL Background Thread 3 ] DEBUG Engine               - fontUI: VarelaRound-Regular.ttf
19:37:16.456 [FXGL Background Thread 3 ] DEBUG Engine               - fullScreen: BooleanProperty [value: false]
19:37:16.456 [FXGL Background Thread 3 ] DEBUG Engine               - gameDifficulty: MEDIUM
19:37:16.456 [FXGL Background Thread 3 ] DEBUG Engine               - gameDifficultyProperty: ObjectProperty [value: MEDIUM]
19:37:16.456 [FXGL Background Thread 3 ] DEBUG Engine               - globalMusicVolume: 0.5
19:37:16.456 [FXGL Background Thread 3 ] DEBUG Engine               - globalMusicVolumeProperty: DoubleProperty [value: 0.25]
19:37:16.456 [FXGL Background Thread 3 ] DEBUG Engine               - globalSoundVolume: 0.5
19:37:16.456 [FXGL Background Thread 3 ] DEBUG Engine               - globalSoundVolumeProperty: DoubleProperty [value: 0.5]
19:37:16.456 [FXGL Background Thread 3 ] DEBUG Engine               - height: 720
19:37:16.456 [FXGL Background Thread 3 ] DEBUG Engine               - is3D: false
19:37:16.456 [FXGL Background Thread 3 ] DEBUG Engine               - isAndroid: false
19:37:16.457 [FXGL Background Thread 3 ] DEBUG Engine               - isBrowser: false
19:37:16.457 [FXGL Background Thread 3 ] DEBUG Engine               - isClickFeedbackEnabled: false
19:37:16.457 [FXGL Background Thread 3 ] DEBUG Engine               - isCloseConfirmation: false
19:37:16.457 [FXGL Background Thread 3 ] DEBUG Engine               - isDesktop: true
19:37:16.457 [FXGL Background Thread 3 ] DEBUG Engine               - isDeveloperMenuEnabled: true
19:37:16.457 [FXGL Background Thread 3 ] DEBUG Engine               - isEmbedded: false
19:37:16.457 [FXGL Background Thread 3 ] DEBUG Engine               - isEntityPreloadEnabled: true
19:37:16.457 [FXGL Background Thread 3 ] DEBUG Engine               - isExperimentalTiledLargeMap: false
19:37:16.457 [FXGL Background Thread 3 ] DEBUG Engine               - isFileSystemWriteAllowed: true
19:37:16.457 [FXGL Background Thread 3 ] DEBUG Engine               - isFullScreenAllowed: false
19:37:16.457 [FXGL Background Thread 3 ] DEBUG Engine               - isFullScreenFromStart: false
19:37:16.458 [FXGL Background Thread 3 ] DEBUG Engine               - isGameMenuEnabled: true
19:37:16.458 [FXGL Background Thread 3 ] DEBUG Engine               - isIOS: false
19:37:16.458 [FXGL Background Thread 3 ] DEBUG Engine               - isIntroEnabled: false
19:37:16.458 [FXGL Background Thread 3 ] DEBUG Engine               - isLinux: false
19:37:16.458 [FXGL Background Thread 3 ] DEBUG Engine               - isMac: true
19:37:16.458 [FXGL Background Thread 3 ] DEBUG Engine               - isMainMenuEnabled: true
19:37:16.458 [FXGL Background Thread 3 ] DEBUG Engine               - isManualResizeEnabled: false
19:37:16.458 [FXGL Background Thread 3 ] DEBUG Engine               - isMobile: false
19:37:16.458 [FXGL Background Thread 3 ] DEBUG Engine               - isNative: false
19:37:16.458 [FXGL Background Thread 3 ] DEBUG Engine               - isPauseMusicWhenMinimized: true
19:37:16.458 [FXGL Background Thread 3 ] DEBUG Engine               - isPreserveResizeRatio: false
19:37:16.458 [FXGL Background Thread 3 ] DEBUG Engine               - isProfilingEnabled: false
19:37:16.458 [FXGL Background Thread 3 ] DEBUG Engine               - isScaleAffectedOnResize: true
19:37:16.459 [FXGL Background Thread 3 ] DEBUG Engine               - isSingleStep: false
19:37:16.459 [FXGL Background Thread 3 ] DEBUG Engine               - isUserProfileEnabled: false
19:37:16.459 [FXGL Background Thread 3 ] DEBUG Engine               - isWindows: false
19:37:16.459 [FXGL Background Thread 3 ] DEBUG Engine               - language: ObjectProperty [value: ENGLISH]
19:37:16.459 [FXGL Background Thread 3 ] DEBUG Engine               - menuKey: ESCAPE
19:37:16.459 [FXGL Background Thread 3 ] DEBUG Engine               - mouseSensitivity: 0.2
19:37:16.459 [FXGL Background Thread 3 ] DEBUG Engine               - notificationViewClass: class com.almasb.fxgl.notification.view.XboxNotificationView
19:37:16.459 [FXGL Background Thread 3 ] DEBUG Engine               - pixelsPerMeter: 50.0
19:37:16.459 [FXGL Background Thread 3 ] DEBUG Engine               - platform: MAC
19:37:16.459 [FXGL Background Thread 3 ] DEBUG Engine               - prefHeightProperty: ReadOnlyDoubleProperty [value: 720.0]
19:37:16.459 [FXGL Background Thread 3 ] DEBUG Engine               - prefWidthProperty: ReadOnlyDoubleProperty [value: 1280.0]
19:37:16.459 [FXGL Background Thread 3 ] DEBUG Engine               - profileDir: profiles/
19:37:16.459 [FXGL Background Thread 3 ] DEBUG Engine               - profileName: StringProperty [value: DEFAULT]
19:37:16.459 [FXGL Background Thread 3 ] DEBUG Engine               - randomSeed: -1
19:37:16.460 [FXGL Background Thread 3 ] DEBUG Engine               - runtimeInfo: RuntimeInfo(platform=MAC, version=17.2, build=20.08.2022 16.50)
19:37:16.460 [FXGL Background Thread 3 ] DEBUG Engine               - saveFileExt: sav
19:37:16.460 [FXGL Background Thread 3 ] DEBUG Engine               - scaledHeightProp$fxgl: DoubleProperty [bound, value: 720.0]
19:37:16.460 [FXGL Background Thread 3 ] DEBUG Engine               - scaledWidthProp$fxgl: DoubleProperty [bound, value: 1280.0]
19:37:16.460 [FXGL Background Thread 3 ] DEBUG Engine               - sceneFactory: com.sunsofgod.PlatformerApp$1@9bbf8b5
19:37:16.460 [FXGL Background Thread 3 ] DEBUG Engine               - secondsIn24h: 60
19:37:16.460 [FXGL Background Thread 3 ] DEBUG Engine               - soundMenuBack: menu/back.wav
19:37:16.460 [FXGL Background Thread 3 ] DEBUG Engine               - soundMenuPress: menu/press.wav
19:37:16.460 [FXGL Background Thread 3 ] DEBUG Engine               - soundMenuSelect: menu/select.wav
19:37:16.460 [FXGL Background Thread 3 ] DEBUG Engine               - soundNotification: core/notification.wav
19:37:16.460 [FXGL Background Thread 3 ] DEBUG Engine               - stageStyle: DECORATED
19:37:16.460 [FXGL Background Thread 3 ] DEBUG Engine               - supportedLanguages: [ENGLISH, FRENCH, GERMAN, HUNGARIAN, RUSSIAN]
19:37:16.460 [FXGL Background Thread 3 ] DEBUG Engine               - ticksPerSecond: -1
19:37:16.460 [FXGL Background Thread 3 ] DEBUG Engine               - title: Untitled
19:37:16.461 [FXGL Background Thread 3 ] DEBUG Engine               - urlGithub: https://github.com/AlmasB/FXGL
19:37:16.461 [FXGL Background Thread 3 ] DEBUG Engine               - urlLeaderboard: http://fxgl-top.herokuapp.com/
19:37:16.461 [FXGL Background Thread 3 ] DEBUG Engine               - urlPOM: https://raw.githubusercontent.com/AlmasB/FXGL/release/README.md
19:37:16.461 [FXGL Background Thread 3 ] DEBUG Engine               - userAppClass: class com.sunsofgod.PlatformerApp
19:37:16.461 [FXGL Background Thread 3 ] DEBUG Engine               - version: 0.0
19:37:16.461 [FXGL Background Thread 3 ] DEBUG Engine               - versionCheckDays: 7
19:37:16.461 [FXGL Background Thread 3 ] DEBUG Engine               - width: 1280
19:37:16.461 [FXGL Background Thread 3 ] DEBUG Engine               - Logging services
19:37:16.461 [FXGL Background Thread 3 ] DEBUG Engine               - class com.almasb.fxgl.app.services.FXGLAssetLoaderService
19:37:16.461 [FXGL Background Thread 3 ] DEBUG Engine               - class com.almasb.fxgl.app.FXGLApplication$GameApplicationService
19:37:16.461 [FXGL Background Thread 3 ] DEBUG Engine               - class com.almasb.fxgl.app.services.FXGLDialogService
19:37:16.461 [FXGL Background Thread 3 ] DEBUG Engine               - class com.almasb.fxgl.app.services.IOTaskExecutorService
19:37:16.461 [FXGL Background Thread 3 ] DEBUG Engine               - class com.almasb.fxgl.io.FileSystemService
19:37:16.461 [FXGL Background Thread 3 ] DEBUG Engine               - class com.almasb.fxgl.localization.LocalizationService
19:37:16.461 [FXGL Background Thread 3 ] DEBUG Engine               - class com.almasb.fxgl.app.services.SystemBundleService
19:37:16.461 [FXGL Background Thread 3 ] DEBUG Engine               - class com.almasb.fxgl.profile.SaveLoadService
19:37:16.461 [FXGL Background Thread 3 ] DEBUG Engine               - class com.almasb.fxgl.ui.FXGLUIFactoryServiceProvider
19:37:16.461 [FXGL Background Thread 3 ] DEBUG Engine               - class com.almasb.fxgl.ui.FXGLDialogFactoryServiceProvider
19:37:16.461 [FXGL Background Thread 3 ] DEBUG Engine               - class com.almasb.fxgl.audio.AudioPlayer
19:37:16.461 [FXGL Background Thread 3 ] DEBUG Engine               - class com.almasb.fxgl.notification.impl.NotificationServiceProvider
19:37:16.462 [FXGL Background Thread 3 ] DEBUG Engine               - class com.almasb.fxgl.achievement.AchievementService
19:37:16.462 [FXGL Background Thread 3 ] DEBUG Engine               - class com.almasb.fxgl.cutscene.CutsceneService
19:37:16.462 [FXGL Background Thread 3 ] DEBUG Engine               - class com.almasb.fxgl.minigames.MiniGameService
19:37:16.462 [FXGL Background Thread 3 ] DEBUG Engine               - class com.almasb.fxgl.net.NetService
19:37:16.462 [FXGL Background Thread 3 ] DEBUG Engine               - class com.almasb.fxgl.app.services.UpdaterService
19:37:16.462 [FXGL Background Thread 3 ] DEBUG Engine               - class com.almasb.fxgl.dev.DevService
19:37:16.949 [JavaFX Application Thread] DEBUG Menu                 - fireNewGame()
19:37:16.949 [JavaFX Application Thread] DEBUG GameApplicationServi - Starting new game
19:37:16.949 [JavaFX Application Thread] DEBUG PrimaryStageWindow   - Pop state: LevelSelectScene
19:37:16.949 [JavaFX Application Thread] DEBUG Input                - Clearing active input actions
19:37:16.950 [JavaFX Application Thread] DEBUG GameApplicationServi - Removing overlay from LevelSelectScene and adding to RiderMainMenuScene
19:37:16.951 [JavaFX Application Thread] DEBUG PrimaryStageWindow   - RiderMainMenuScene <- LevelSelectScene
19:37:16.951 [JavaFX Application Thread] DEBUG PrimaryStageWindow   - Pop state: RiderMainMenuScene
19:37:16.951 [JavaFX Application Thread] DEBUG Input                - Clearing active input actions
19:37:16.951 [JavaFX Application Thread] DEBUG GameApplicationServi - Removing overlay from RiderMainMenuScene and adding to FXGLMainMenuDummyScene
19:37:16.951 [JavaFX Application Thread] DEBUG PrimaryStageWindow   - FXGLMainMenuDummyScene <- RiderMainMenuScene
19:37:16.951 [JavaFX Application Thread] DEBUG Input                - Clearing active input actions
19:37:16.954 [JavaFX Application Thread] DEBUG GameApplicationServi - Removing overlay from FXGLMainMenuDummyScene and adding to MainLoadingScene
19:37:16.957 [JavaFX Application Thread] DEBUG PrimaryStageWindow   - FXGLMainMenuDummyScene -> MainLoadingScene
19:37:16.957 [JavaFX Application Thread] DEBUG GameApplicationServi - Clearing previous game
19:37:16.957 [JavaFX Application Thread] DEBUG GameScene            - Clearing game scene
19:37:16.957 [JavaFX Application Thread] DEBUG GameWorld            - Clearing game world
19:37:16.957 [JavaFX Application Thread] DEBUG PhysicsWorld         - Clearing physics world
19:37:16.958 [FXGL Background Thread 2 ] DEBUG FXGLApplication      - Initializing game
19:37:16.979 [FXGL Background Thread 2 ] WARN  TMXLevelLoader       - TiledMap generated from 1.11.0. Supported version: 1.9.0. Some features may not be parsed fully.
19:37:16.982 [FXGL Background Thread 2 ] DEBUG TMXLevelLoader       - Parsed TiledMap: file:/Users/aaron/JavaFXGame/target/classes/assets/levels/tmx/level1.tmx
19:37:16.982 [FXGL Background Thread 2 ] DEBUG TMXLevelLoader       - Creating tile layer entities
19:37:16.983 [FXGL Background Thread 2 ] DEBUG TilesetLoader        - Loading view for layer Tile Layer 1
19:37:16.984 [FXGL Background Thread 2 ] DEBUG TilesetLoader        - Created buffer with size 1050.0x700.0
19:37:16.991 [FXGL Background Thread 2 ] DEBUG TMXLevelLoader       - Creating object layer entities
19:37:17.000 [FXGL Background Thread 2 ] DEBUG FXGLAssetLoaderServi - Loading from file system: file:/Users/aaron/JavaFXGame/target/classes/assets/textures/button.png
19:37:17.004 [FXGL Background Thread 2 ] DEBUG GameWorld            - Clearing removable entities
19:37:17.005 [FXGL Background Thread 2 ] DEBUG GameWorld            - Setting level: com.almasb.fxgl.entity.level.Level@419750f4
19:37:17.008 [FXGL Background Thread 2 ] DEBUG FXGLAssetLoaderServi - Loading from file system: file:/Users/aaron/JavaFXGame/target/classes/assets/textures/player1.png
19:37:17.015 [FXGL Background Thread 2 ] DEBUG Input                - Registered new binding: Jump0 - W
19:37:17.015 [FXGL Background Thread 2 ] DEBUG Input                - Registered new binding: Left0 - A
19:37:17.015 [FXGL Background Thread 2 ] DEBUG Input                - Registered new binding: Right0 - D
19:37:17.016 [FXGL Background Thread 2 ] DEBUG Input                - Registered new binding: Use0 - E
19:37:17.016 [FXGL Background Thread 2 ] DEBUG FXGLAssetLoaderServi - Loading from file system: file:/Users/aaron/JavaFXGame/target/classes/assets/textures/background/manila.png
19:37:17.024 [FXGL Background Thread 2 ] INFO  FXGLApplication      - Game initialization took: 0.065 sec
19:37:17.024 [JavaFX Application Thread] DEBUG Input                - Clearing active input actions
19:37:17.027 [JavaFX Application Thread] DEBUG GameApplicationServi - Removing overlay from MainLoadingScene and adding to GameScene
19:37:17.028 [JavaFX Application Thread] DEBUG PrimaryStageWindow   - MainLoadingScene -> GameScene
19:37:19.278 [JavaFX Application Thread] WARN  TMXLevelLoader       - TiledMap generated from 1.11.0. Supported version: 1.9.0. Some features may not be parsed fully.
19:37:19.281 [JavaFX Application Thread] DEBUG TMXLevelLoader       - Parsed TiledMap: file:/Users/aaron/JavaFXGame/target/classes/assets/levels/tmx/level2.tmx
19:37:19.281 [JavaFX Application Thread] DEBUG TMXLevelLoader       - Creating tile layer entities
19:37:19.282 [JavaFX Application Thread] DEBUG TilesetLoader        - Loading view for layer Tile Layer 1
19:37:19.285 [JavaFX Application Thread] DEBUG TilesetLoader        - Created buffer with size 1050.0x700.0
19:37:19.296 [JavaFX Application Thread] DEBUG TMXLevelLoader       - Creating object layer entities
19:37:19.301 [JavaFX Application Thread] DEBUG GameWorld            - Clearing removable entities
19:37:19.304 [JavaFX Application Thread] DEBUG GameWorld            - Setting level: com.almasb.fxgl.entity.level.Level@4ca224e4
19:37:19.305 [JavaFX Application Thread] DEBUG LoopRunner           - Stopping loop
19:37:19.306 [JavaFX Application Thread] FATAL FXGLApplication      - Uncaught Exception:
java.lang.IllegalArgumentException: Property keyEntity does not exist
	at com.almasb.fxgl.core@17.2/com.almasb.fxgl.core.collection.PropertyMap.get(PropertyMap.kt:251)
	at com.almasb.fxgl.core@17.2/com.almasb.fxgl.core.collection.PropertyMap.objectProperty(PropertyMap.kt:169)
	at com.almasb.fxgl.core@17.2/com.almasb.fxgl.core.collection.PropertyMap.getObject(PropertyMap.kt:158)
	at com.almasb.fxgl.entity@17.2/com.almasb.fxgl.entity.Entity.getObject(Entity.java:328)
	at com.sunsofgod/com.sunsofgod.PlayerButtonHandler.onCollisionEnd(PlayerButtonHandler.java:28)
	at com.almasb.fxgl.entity@17.2/com.almasb.fxgl.physics.CollisionPair.collisionEnd(CollisionPair.java:45)
	at com.almasb.fxgl.entity@17.2/com.almasb.fxgl.physics.PhysicsWorld.notifyCollisions(PhysicsWorld.java:479)
	at com.almasb.fxgl.entity@17.2/com.almasb.fxgl.physics.PhysicsWorld.onUpdate(PhysicsWorld.java:180)
	at com.almasb.fxgl.all@17.2/com.almasb.fxgl.app.scene.GameScene.step(GameScene.kt:229)
	at com.almasb.fxgl.all@17.2/com.almasb.fxgl.app.scene.GameScene.onUpdate(GameScene.kt:224)
	at com.almasb.fxgl.scene@17.2/com.almasb.fxgl.scene.Scene.update(Scene.kt:105)
	at com.almasb.fxgl.all@17.2/com.almasb.fxgl.app.MainWindow$update$1.invoke(MainWindow.kt:115)
	at com.almasb.fxgl.all@17.2/com.almasb.fxgl.app.MainWindow$update$1.invoke(MainWindow.kt:115)
	at com.almasb.fxgl.core@17.2/com.almasb.fxgl.core.fsm.StateMachine.runOnActiveStates(StateMachine.kt:69)
	at com.almasb.fxgl.all@17.2/com.almasb.fxgl.app.MainWindow.update(MainWindow.kt:115)
	at com.almasb.fxgl.all@17.2/com.almasb.fxgl.app.FXGLApplication$GameApplicationService.onUpdate(FXGLApplication.kt:426)
	at com.almasb.fxgl.all@17.2/com.almasb.fxgl.app.Engine.loop(Engine.kt:134)
	at com.almasb.fxgl.all@17.2/com.almasb.fxgl.app.Engine.access$loop(Engine.kt:24)
	at com.almasb.fxgl.all@17.2/com.almasb.fxgl.app.Engine$loop$1.invoke(Engine.kt:28)
	at com.almasb.fxgl.all@17.2/com.almasb.fxgl.app.Engine$loop$1.invoke(Engine.kt:28)
	at com.almasb.fxgl.all@17.2/com.almasb.fxgl.app.LoopRunner.frame(LoopRunner.kt:103)
	at com.almasb.fxgl.all@17.2/com.almasb.fxgl.app.LoopRunner.access$frame(LoopRunner.kt:23)
	at com.almasb.fxgl.all@17.2/com.almasb.fxgl.app.LoopRunner$impl$2$1.onTick(LoopRunner.kt:57)
	at com.almasb.fxgl.all@17.2/com.almasb.fxgl.app.AnimationTimerLoop$timer$1.handle(LoopRunner.kt:137)
	at javafx.graphics/javafx.animation.AnimationTimer$AnimationTimerReceiver.lambda$handle$0(AnimationTimer.java:58)
	at java.base/java.security.AccessController.doPrivileged(AccessController.java:399)
	at javafx.graphics/javafx.animation.AnimationTimer$AnimationTimerReceiver.handle(AnimationTimer.java:57)
	at javafx.graphics/com.sun.scenario.animation.AbstractPrimaryTimer.timePulseImpl(AbstractPrimaryTimer.java:356)
	at javafx.graphics/com.sun.scenario.animation.AbstractPrimaryTimer$MainLoop.run(AbstractPrimaryTimer.java:266)
	at javafx.graphics/com.sun.javafx.tk.quantum.QuantumToolkit.pulse(QuantumToolkit.java:570)
	at javafx.graphics/com.sun.javafx.tk.quantum.QuantumToolkit.pulse(QuantumToolkit.java:554)
	at javafx.graphics/com.sun.javafx.tk.quantum.QuantumToolkit.pulseFromQueue(QuantumToolkit.java:547)
	at javafx.graphics/com.sun.javafx.tk.quantum.QuantumToolkit.lambda$runToolkit$11(QuantumToolkit.java:352)
	at javafx.graphics/com.sun.glass.ui.InvokeLaterDispatcher$Future.run(InvokeLaterDispatcher.java:96)

19:37:19.307 [JavaFX Application Thread] FATAL FXGLApplication      - Application will now exit
19:37:19.311 [JavaFX Application Thread] DEBUG PrimaryStageWindow   - Push state: ErrorSubScene
19:37:19.311 [JavaFX Application Thread] DEBUG Input                - Clearing active input actions
19:37:19.311 [JavaFX Application Thread] DEBUG GameApplicationServi - Removing overlay from GameScene and adding to ErrorSubScene
19:37:19.312 [JavaFX Application Thread] DEBUG PrimaryStageWindow   - GameScene -> ErrorSubScene
19:37:23.715 [JavaFX Application Thread] DEBUG FXGLApplication      - Exiting FXGL
19:37:23.715 [JavaFX Application Thread] DEBUG Async                - Shutting down background threads
19:37:23.715 [JavaFX Application Thread] DEBUG PrimaryStageWindow   - Closing main window
19:37:23.748 [JavaFX Application Thread] DEBUG Logger               - Closing Logger
