02:13:46.475 [main                     ] DEBUG Logger               - Configured Logger
02:13:46.493 [main                     ] DEBUG GameApplication      - Logging settings
Title: Untitled
Version: 0.0
Width: 1280
Height: 720
Fullscreen: false
Intro: false
Profiling: false
Single step:false
App Mode: DEVELOPER
Menu Key: ESCAPE
Stage Style: DECORATED
Scene Factory: class com.sunsofgod.PlatformerApp$2

02:13:46.755 [JavaFX Application Thread] DEBUG FXGLApplication      - Initializing FXGL
02:13:46.758 [JavaFX Application Thread] INFO  Engine               - FXGL-17.2 (20.08.2022 16.50) on WINDOWS (J:22.0.1 FX:17.0.12)
02:13:46.758 [JavaFX Application Thread] DEBUG Engine               - JRE Vendor Name: Oracle Corporation
02:13:46.758 [JavaFX Application Thread] DEBUG Engine               - Running on OS: Windows 11 version 10.0
02:13:46.758 [JavaFX Application Thread] DEBUG Engine               - Architecture: amd64
02:13:46.758 [JavaFX Application Thread] INFO  Engine               - Source code and latest versions at: https://github.com/AlmasB/FXGL
02:13:46.759 [JavaFX Application Thread] INFO  Engine               -       Ask questions and discuss at: https://github.com/AlmasB/FXGL/discussions
02:13:46.759 [JavaFX Application Thread] INFO  Engine               -              Join the FXGL chat at: https://gitter.im/AlmasB/FXGL
02:13:46.825 [JavaFX Application Thread] DEBUG PrimaryStageWindow   - Creating a JavaFX scene
02:13:46.864 [JavaFX Application Thread] DEBUG PrimaryStageWindow   - Target settings size: 1280.0 x 720.0
02:13:46.865 [JavaFX Application Thread] DEBUG PrimaryStageWindow   - Scaled scene size:    1280.0 x 720.0
02:13:46.865 [JavaFX Application Thread] DEBUG PrimaryStageWindow   - Scaled ratio: (1.0, 1.0)
02:13:46.866 [JavaFX Application Thread] DEBUG PrimaryStageWindow   - Set initial scene to FXGLStartupScene
02:13:46.872 [JavaFX Application Thread] DEBUG PrimaryStageWindow   - Opening main window
02:13:46.946 [JavaFX Application Thread] DEBUG PrimaryStageWindow   - Window border size: (14.6666259765625, 37.33331298828125)
02:13:46.946 [JavaFX Application Thread] DEBUG PrimaryStageWindow   - Scaled size: 1280.0 x 720.0
02:13:46.946 [JavaFX Application Thread] DEBUG PrimaryStageWindow   - Scaled ratio: (1.0, 1.0)
02:13:46.946 [JavaFX Application Thread] DEBUG PrimaryStageWindow   - Scene size: 1280.0 x 720.0
02:13:46.947 [JavaFX Application Thread] DEBUG PrimaryStageWindow   - Stage size: 1294.6666259765625 x 757.3333129882812
02:13:46.954 [FXGL Background Thread 1 ] DEBUG Engine               - Initializing environment variables
02:13:47.012 [FXGL Background Thread 1 ] DEBUG FXGLAssetLoaderServi - User app class for loading assets: class com.sunsofgod.PlatformerApp
02:13:47.012 [FXGL Background Thread 1 ] DEBUG GameApplicationServi - Applying CSS: fxgl_dark.css
02:13:47.013 [FXGL Background Thread 1 ] DEBUG FXGLAssetLoaderServi - Loading from file system: jar:file:///C:/Users/Neric/.m2/repository/com/github/almasb/fxgl/17.2/fxgl-17.2.jar!/fxglassets/ui/css/fxgl_dark.css
02:13:47.055 [FXGL Background Thread 1 ] DEBUG GameApplicationServi - Initializing application scenes
02:13:47.105 [FXGL Background Thread 1 ] WARN  FXGLAssetLoaderServi - Asset "/assets/textures/player.png" was not found!
02:13:47.106 [FXGL Background Thread 1 ] WARN  FXGLAssetLoaderServi - Failed to load IMAGE
02:13:47.143 [FXGL Background Thread 1 ] DEBUG GameWorld            - Game world initialized
02:13:47.188 [FXGL Background Thread 1 ] DEBUG PhysicsWorld         - Physics world initialized: appHeight=720, physics.ppm=50.0
02:13:47.188 [FXGL Background Thread 1 ] DEBUG PhysicsWorld         - Using strategy: BRUTE_FORCE
02:13:47.191 [FXGL Background Thread 1 ] DEBUG GameScene            - Game scene initialized: 1280x720
02:13:47.503 [FXGL Background Thread 1 ] DEBUG FXGL.DefaultMenu     - createMenuBodyGameMenu()
02:13:47.512 [FXGL Background Thread 1 ] DEBUG FXGL.DefaultMenu     - createOptionsMenu()
02:13:47.518 [FXGL Background Thread 1 ] DEBUG FXGLAssetLoaderServi - Loading from file system: jar:file:///C:/Users/Neric/.m2/repository/com/github/almasb/fxgl/17.2/fxgl-17.2.jar!/fxglassets/textures/particles/smoke.png
02:13:47.561 [FXGL Background Thread 1 ] DEBUG FXGLAssetLoaderServi - Loading from file system: jar:file:///C:/Users/Neric/.m2/repository/com/github/almasb/fxgl/17.2/fxgl-17.2.jar!/fxglassets/textures/particles/trace_horizontal.png
02:13:47.575 [FXGL Background Thread 1 ] DEBUG GameApplicationServi - Application scenes initialized
02:13:47.586 [FXGL Background Thread 1 ] DEBUG SystemBundleService  - Loading FXGL system data
02:13:47.591 [FXGL Background Thread 1 ] DEBUG FileSystemAccess     - Reading from: C:\Users\Neric\Desktop\JavaFXGame\system\fxgl.bundle
02:13:47.598 [FXGL Background Thread 1 ] DEBUG SystemBundleService  - Bundle FXGL: {}
02:13:47.598 [FXGL Background Thread 1 ] DEBUG UpdaterService       - Checking for updates
02:13:47.618 [FXGL Background Thread 4 ] DEBUG FXGLApplication      - Loading fonts
02:13:47.619 [FXGL Background Thread 1 ] DEBUG FXGLApplication      - Loading default localization
02:13:47.619 [FXGL Background Thread 4 ] DEBUG FXGLAssetLoaderServi - Loading from file system: jar:file:///C:/Users/Neric/.m2/repository/com/github/almasb/fxgl/17.2/fxgl-17.2.jar!/fxglassets/ui/fonts/VarelaRound-Regular.ttf
02:13:47.619 [FXGL Background Thread 1 ] DEBUG FXGLAssetLoaderServi - Loading from file system: jar:file:///C:/Users/Neric/.m2/repository/com/github/almasb/fxgl/17.2/fxgl-17.2.jar!/fxglassets/languages/english.lang
02:13:47.647 [FXGL Background Thread 1 ] INFO  FXGLApplication      - FXGL initialization took: 0.694 sec
02:13:47.650 [JavaFX Application Thread] DEBUG FXGLAssetLoaderServi - Loading from file system: jar:file:///C:/Users/Neric/.m2/repository/com/github/almasb/fxgl/17.2/fxgl-17.2.jar!/fxglassets/textures/fxgl_icon.png
02:13:47.661 [JavaFX Application Thread] DEBUG FXGLAssetLoaderServi - Loading from file system: jar:file:///C:/Users/Neric/.m2/repository/com/github/almasb/fxgl/17.2/fxgl-17.2.jar!/fxglassets/textures/fxgl_default_cursor.png
02:13:47.673 [FXGL Background Thread 4 ] DEBUG FXGLAssetLoaderServi - Loading from file system: jar:file:///C:/Users/Neric/.m2/repository/com/github/almasb/fxgl/17.2/fxgl-17.2.jar!/fxglassets/ui/fonts/Abel-Regular.ttf
02:13:47.677 [JavaFX Application Thread] DEBUG Input                - Registered new binding: Screenshot - CTRL+8
02:13:47.678 [JavaFX Application Thread] DEBUG Input                - Registered new binding: Dev Options - 1
02:13:47.678 [JavaFX Application Thread] DEBUG Input                - Registered new binding: Dev Console - 2
02:13:47.679 [JavaFX Application Thread] DEBUG Input                - Registered new binding: System info dump - CTRL+9
02:13:47.679 [JavaFX Application Thread] DEBUG Input                - Registered new binding: Restart - CTRL+R
02:13:47.680 [JavaFX Application Thread] DEBUG Input                - Registered new binding: Toggle Debug Camera - CTRL+7
02:13:47.680 [FXGL Background Thread 4 ] DEBUG FXGLAssetLoaderServi - Loading from file system: jar:file:///C:/Users/Neric/.m2/repository/com/github/almasb/fxgl/17.2/fxgl-17.2.jar!/fxglassets/ui/fonts/TerminalLandMono-Regular.otf
02:13:47.684 [JavaFX Application Thread] DEBUG LoopRunner           - Starting loop
02:13:47.686 [FXGL Background Thread 4 ] DEBUG FXGLAssetLoaderServi - Loading from file system: jar:file:///C:/Users/Neric/.m2/repository/com/github/almasb/fxgl/17.2/fxgl-17.2.jar!/fxglassets/ui/fonts/Courier-Prime.ttf
02:13:47.698 [JavaFX Application Thread] DEBUG LoopRunner           - Initializing JavaFX AnimationTimerLoop
02:13:47.702 [JavaFX Application Thread] DEBUG Input                - Clearing active input actions
02:13:47.715 [JavaFX Application Thread] DEBUG GameApplicationServi - Removing overlay from FXGLStartupScene and adding to FXGLMainMenuDummyScene
02:13:47.718 [JavaFX Application Thread] DEBUG PrimaryStageWindow   - FXGLStartupScene -> FXGLMainMenuDummyScene
02:13:47.718 [JavaFX Application Thread] DEBUG PrimaryStageWindow   - Push state: RiderMainMenuScene
02:13:47.719 [JavaFX Application Thread] DEBUG Input                - Clearing active input actions
02:13:47.725 [JavaFX Application Thread] DEBUG GameApplicationServi - Removing overlay from FXGLMainMenuDummyScene and adding to RiderMainMenuScene
02:13:47.726 [JavaFX Application Thread] DEBUG PrimaryStageWindow   - FXGLMainMenuDummyScene -> RiderMainMenuScene
02:13:47.863 [JavaFX Application Thread] DEBUG FXGLApplication      - Registering font factories with UI factory
02:13:48.053 [FXGL Background Thread 2 ] INFO  UpdaterService       - Your current version:  17.2
02:13:48.053 [FXGL Background Thread 2 ] INFO  UpdaterService       - Latest stable version: 21.1
02:13:49.001 [JavaFX Application Thread] DEBUG PrimaryStageWindow   - Push state: PlayerSelectScene
02:13:49.002 [JavaFX Application Thread] DEBUG Input                - Clearing active input actions
02:13:49.003 [JavaFX Application Thread] DEBUG GameApplicationServi - Removing overlay from RiderMainMenuScene and adding to PlayerSelectScene
02:13:49.004 [JavaFX Application Thread] DEBUG PrimaryStageWindow   - RiderMainMenuScene -> PlayerSelectScene
02:13:50.616 [JavaFX Application Thread] DEBUG PrimaryStageWindow   - Pop state: PlayerSelectScene
02:13:50.616 [JavaFX Application Thread] DEBUG Input                - Clearing active input actions
02:13:50.618 [JavaFX Application Thread] DEBUG GameApplicationServi - Removing overlay from PlayerSelectScene and adding to RiderMainMenuScene
02:13:50.618 [FXGL Background Thread 3 ] DEBUG Engine               - Logging environment variables
02:13:50.618 [FXGL Background Thread 3 ] DEBUG Engine               - achievements: []
02:13:50.618 [FXGL Background Thread 3 ] DEBUG Engine               - actualHeight: 720.0
02:13:50.619 [FXGL Background Thread 3 ] DEBUG Engine               - actualHeightProperty: ReadOnlyDoubleProperty [value: 720.0]
02:13:50.619 [FXGL Background Thread 3 ] DEBUG Engine               - actualWidth: 1280.0
02:13:50.619 [FXGL Background Thread 3 ] DEBUG Engine               - actualWidthProperty: ReadOnlyDoubleProperty [value: 1280.0]
02:13:50.619 [FXGL Background Thread 3 ] DEBUG Engine               - appIcon: fxgl_icon.png
02:13:50.619 [FXGL Background Thread 3 ] DEBUG Engine               - applicationMode: DEVELOPER
02:13:50.619 [FXGL Background Thread 3 ] DEBUG Engine               - cSSList: [fxgl_dark.css]
02:13:50.619 [FXGL Background Thread 3 ] DEBUG Engine               - collisionDetectionStrategy: BRUTE_FORCE
02:13:50.619 [FXGL Background Thread 3 ] DEBUG Engine               - configClass: Optional.empty
02:13:50.619 [FXGL Background Thread 3 ] DEBUG Engine               - credits: []
02:13:50.620 [FXGL Background Thread 3 ] DEBUG Engine               - defaultCursor: CursorInfo(imageName=fxgl_default_cursor.png, hotspotX=7.0, hotspotY=6.0)
02:13:50.620 [FXGL Background Thread 3 ] DEBUG Engine               - devBBoxColorProperty: ObjectProperty [value: 0xff0000ff]
02:13:50.620 [FXGL Background Thread 3 ] DEBUG Engine               - devEnableDebugCameraProperty: BooleanProperty [value: false]
02:13:50.621 [FXGL Background Thread 3 ] DEBUG Engine               - devSensorColorProperty: ObjectProperty [value: 0xffff00ff]
02:13:50.621 [FXGL Background Thread 3 ] DEBUG Engine               - devShowBBoxProperty: BooleanProperty [value: false]
02:13:50.621 [FXGL Background Thread 3 ] DEBUG Engine               - devShowPositionProperty: BooleanProperty [value: false]
02:13:50.621 [FXGL Background Thread 3 ] DEBUG Engine               - enabledMenuItems: []
02:13:50.621 [FXGL Background Thread 3 ] DEBUG Engine               - engineServices: [class com.almasb.fxgl.app.services.FXGLAssetLoaderService, class com.almasb.fxgl.app.FXGLApplication$GameApplicationService, class com.almasb.fxgl.app.services.FXGLDialogService, class com.almasb.fxgl.app.services.IOTaskExecutorService, class com.almasb.fxgl.io.FileSystemService, class com.almasb.fxgl.localization.LocalizationService, class com.almasb.fxgl.app.services.SystemBundleService, class com.almasb.fxgl.profile.SaveLoadService, class com.almasb.fxgl.ui.FXGLUIFactoryServiceProvider, class com.almasb.fxgl.ui.FXGLDialogFactoryServiceProvider, class com.almasb.fxgl.audio.AudioPlayer, class com.almasb.fxgl.notification.impl.NotificationServiceProvider, class com.almasb.fxgl.achievement.AchievementService, class com.almasb.fxgl.cutscene.CutsceneService, class com.almasb.fxgl.minigames.MiniGameService, class com.almasb.fxgl.net.NetService, class com.almasb.fxgl.app.services.UpdaterService, class com.almasb.fxgl.dev.DevService]
02:13:50.621 [FXGL Background Thread 3 ] DEBUG Engine               - fontGame: Abel-Regular.ttf
02:13:50.621 [FXGL Background Thread 3 ] DEBUG Engine               - fontMono: TerminalLandMono-Regular.otf
02:13:50.621 [FXGL Background Thread 3 ] DEBUG Engine               - fontText: Courier-Prime.ttf
02:13:50.621 [FXGL Background Thread 3 ] DEBUG Engine               - fontUI: VarelaRound-Regular.ttf
02:13:50.621 [FXGL Background Thread 3 ] DEBUG Engine               - fullScreen: BooleanProperty [value: false]
02:13:50.621 [FXGL Background Thread 3 ] DEBUG Engine               - gameDifficulty: MEDIUM
02:13:50.621 [FXGL Background Thread 3 ] DEBUG Engine               - gameDifficultyProperty: ObjectProperty [value: MEDIUM]
02:13:50.621 [FXGL Background Thread 3 ] DEBUG Engine               - globalMusicVolume: 0.5
02:13:50.621 [FXGL Background Thread 3 ] DEBUG Engine               - globalMusicVolumeProperty: DoubleProperty [value: 0.25]
02:13:50.622 [FXGL Background Thread 3 ] DEBUG Engine               - globalSoundVolume: 0.5
02:13:50.622 [FXGL Background Thread 3 ] DEBUG Engine               - globalSoundVolumeProperty: DoubleProperty [value: 0.5]
02:13:50.622 [FXGL Background Thread 3 ] DEBUG Engine               - height: 720
02:13:50.622 [FXGL Background Thread 3 ] DEBUG Engine               - is3D: false
02:13:50.622 [FXGL Background Thread 3 ] DEBUG Engine               - isAndroid: false
02:13:50.622 [FXGL Background Thread 3 ] DEBUG Engine               - isBrowser: false
02:13:50.622 [FXGL Background Thread 3 ] DEBUG Engine               - isClickFeedbackEnabled: false
02:13:50.622 [FXGL Background Thread 3 ] DEBUG Engine               - isCloseConfirmation: false
02:13:50.622 [FXGL Background Thread 3 ] DEBUG Engine               - isDesktop: true
02:13:50.622 [FXGL Background Thread 3 ] DEBUG Engine               - isDeveloperMenuEnabled: true
02:13:50.622 [FXGL Background Thread 3 ] DEBUG Engine               - isEmbedded: false
02:13:50.622 [FXGL Background Thread 3 ] DEBUG Engine               - isEntityPreloadEnabled: true
02:13:50.622 [FXGL Background Thread 3 ] DEBUG Engine               - isExperimentalTiledLargeMap: false
02:13:50.622 [FXGL Background Thread 3 ] DEBUG Engine               - isFileSystemWriteAllowed: true
02:13:50.622 [FXGL Background Thread 3 ] DEBUG Engine               - isFullScreenAllowed: false
02:13:50.622 [FXGL Background Thread 3 ] DEBUG Engine               - isFullScreenFromStart: false
02:13:50.622 [FXGL Background Thread 3 ] DEBUG Engine               - isGameMenuEnabled: true
02:13:50.623 [FXGL Background Thread 3 ] DEBUG Engine               - isIOS: false
02:13:50.623 [FXGL Background Thread 3 ] DEBUG Engine               - isIntroEnabled: false
02:13:50.623 [FXGL Background Thread 3 ] DEBUG Engine               - isLinux: false
02:13:50.623 [FXGL Background Thread 3 ] DEBUG Engine               - isMac: false
02:13:50.623 [FXGL Background Thread 3 ] DEBUG Engine               - isMainMenuEnabled: true
02:13:50.623 [FXGL Background Thread 3 ] DEBUG Engine               - isManualResizeEnabled: false
02:13:50.623 [FXGL Background Thread 3 ] DEBUG Engine               - isMobile: false
02:13:50.623 [FXGL Background Thread 3 ] DEBUG Engine               - isNative: false
02:13:50.623 [FXGL Background Thread 3 ] DEBUG Engine               - isPauseMusicWhenMinimized: true
02:13:50.623 [FXGL Background Thread 3 ] DEBUG Engine               - isPreserveResizeRatio: false
02:13:50.623 [FXGL Background Thread 3 ] DEBUG Engine               - isProfilingEnabled: false
02:13:50.623 [FXGL Background Thread 3 ] DEBUG Engine               - isScaleAffectedOnResize: true
02:13:50.623 [FXGL Background Thread 3 ] DEBUG Engine               - isSingleStep: false
02:13:50.623 [FXGL Background Thread 3 ] DEBUG Engine               - isUserProfileEnabled: false
02:13:50.623 [FXGL Background Thread 3 ] DEBUG Engine               - isWindows: true
02:13:50.623 [FXGL Background Thread 3 ] DEBUG Engine               - language: ObjectProperty [value: ENGLISH]
02:13:50.623 [FXGL Background Thread 3 ] DEBUG Engine               - menuKey: ESCAPE
02:13:50.624 [FXGL Background Thread 3 ] DEBUG Engine               - mouseSensitivity: 0.2
02:13:50.624 [FXGL Background Thread 3 ] DEBUG Engine               - notificationViewClass: class com.almasb.fxgl.notification.view.XboxNotificationView
02:13:50.624 [FXGL Background Thread 3 ] DEBUG Engine               - pixelsPerMeter: 50.0
02:13:50.624 [FXGL Background Thread 3 ] DEBUG Engine               - platform: WINDOWS
02:13:50.624 [FXGL Background Thread 3 ] DEBUG Engine               - prefHeightProperty: ReadOnlyDoubleProperty [value: 720.0]
02:13:50.624 [FXGL Background Thread 3 ] DEBUG Engine               - prefWidthProperty: ReadOnlyDoubleProperty [value: 1280.0]
02:13:50.624 [FXGL Background Thread 3 ] DEBUG Engine               - profileDir: profiles/
02:13:50.624 [FXGL Background Thread 3 ] DEBUG Engine               - profileName: StringProperty [value: DEFAULT]
02:13:50.624 [FXGL Background Thread 3 ] DEBUG Engine               - randomSeed: -1
02:13:50.624 [FXGL Background Thread 3 ] DEBUG Engine               - runtimeInfo: RuntimeInfo(platform=WINDOWS, version=17.2, build=20.08.2022 16.50)
02:13:50.624 [FXGL Background Thread 3 ] DEBUG Engine               - saveFileExt: sav
02:13:50.624 [FXGL Background Thread 3 ] DEBUG Engine               - scaledHeightProp$fxgl: DoubleProperty [bound, value: 720.0]
02:13:50.624 [FXGL Background Thread 3 ] DEBUG Engine               - scaledWidthProp$fxgl: DoubleProperty [bound, value: 1280.0]
02:13:50.625 [FXGL Background Thread 3 ] DEBUG Engine               - sceneFactory: com.sunsofgod.PlatformerApp$2@50ec583
02:13:50.626 [FXGL Background Thread 3 ] DEBUG Engine               - secondsIn24h: 60
02:13:50.626 [FXGL Background Thread 3 ] DEBUG Engine               - soundMenuBack: menu/back.wav
02:13:50.626 [FXGL Background Thread 3 ] DEBUG Engine               - soundMenuPress: menu/press.wav
02:13:50.626 [FXGL Background Thread 3 ] DEBUG Engine               - soundMenuSelect: menu/select.wav
02:13:50.626 [FXGL Background Thread 3 ] DEBUG Engine               - soundNotification: core/notification.wav
02:13:50.626 [FXGL Background Thread 3 ] DEBUG Engine               - stageStyle: DECORATED
02:13:50.626 [FXGL Background Thread 3 ] DEBUG Engine               - supportedLanguages: [ENGLISH, FRENCH, GERMAN, HUNGARIAN, RUSSIAN]
02:13:50.626 [FXGL Background Thread 3 ] DEBUG Engine               - ticksPerSecond: -1
02:13:50.627 [FXGL Background Thread 3 ] DEBUG Engine               - title: Untitled
02:13:50.627 [FXGL Background Thread 3 ] DEBUG Engine               - urlGithub: https://github.com/AlmasB/FXGL
02:13:50.627 [FXGL Background Thread 3 ] DEBUG Engine               - urlLeaderboard: http://fxgl-top.herokuapp.com/
02:13:50.627 [FXGL Background Thread 3 ] DEBUG Engine               - urlPOM: https://raw.githubusercontent.com/AlmasB/FXGL/release/README.md
02:13:50.627 [FXGL Background Thread 3 ] DEBUG Engine               - userAppClass: class com.sunsofgod.PlatformerApp
02:13:50.627 [FXGL Background Thread 3 ] DEBUG Engine               - version: 0.0
02:13:50.627 [FXGL Background Thread 3 ] DEBUG Engine               - versionCheckDays: 7
02:13:50.627 [FXGL Background Thread 3 ] DEBUG Engine               - width: 1280
02:13:50.627 [FXGL Background Thread 3 ] DEBUG Engine               - Logging services
02:13:50.627 [FXGL Background Thread 3 ] DEBUG Engine               - class com.almasb.fxgl.app.services.FXGLAssetLoaderService
02:13:50.627 [FXGL Background Thread 3 ] DEBUG Engine               - class com.almasb.fxgl.app.FXGLApplication$GameApplicationService
02:13:50.627 [FXGL Background Thread 3 ] DEBUG Engine               - class com.almasb.fxgl.app.services.FXGLDialogService
02:13:50.627 [FXGL Background Thread 3 ] DEBUG Engine               - class com.almasb.fxgl.app.services.IOTaskExecutorService
02:13:50.627 [FXGL Background Thread 3 ] DEBUG Engine               - class com.almasb.fxgl.io.FileSystemService
02:13:50.627 [FXGL Background Thread 3 ] DEBUG Engine               - class com.almasb.fxgl.localization.LocalizationService
02:13:50.627 [FXGL Background Thread 3 ] DEBUG Engine               - class com.almasb.fxgl.app.services.SystemBundleService
02:13:50.628 [FXGL Background Thread 3 ] DEBUG Engine               - class com.almasb.fxgl.profile.SaveLoadService
02:13:50.628 [FXGL Background Thread 3 ] DEBUG Engine               - class com.almasb.fxgl.ui.FXGLUIFactoryServiceProvider
02:13:50.628 [FXGL Background Thread 3 ] DEBUG Engine               - class com.almasb.fxgl.ui.FXGLDialogFactoryServiceProvider
02:13:50.628 [FXGL Background Thread 3 ] DEBUG Engine               - class com.almasb.fxgl.audio.AudioPlayer
02:13:50.628 [FXGL Background Thread 3 ] DEBUG Engine               - class com.almasb.fxgl.notification.impl.NotificationServiceProvider
02:13:50.628 [FXGL Background Thread 3 ] DEBUG Engine               - class com.almasb.fxgl.achievement.AchievementService
02:13:50.628 [FXGL Background Thread 3 ] DEBUG Engine               - class com.almasb.fxgl.cutscene.CutsceneService
02:13:50.628 [FXGL Background Thread 3 ] DEBUG Engine               - class com.almasb.fxgl.minigames.MiniGameService
02:13:50.628 [FXGL Background Thread 3 ] DEBUG Engine               - class com.almasb.fxgl.net.NetService
02:13:50.628 [FXGL Background Thread 3 ] DEBUG Engine               - class com.almasb.fxgl.app.services.UpdaterService
02:13:50.628 [FXGL Background Thread 3 ] DEBUG Engine               - class com.almasb.fxgl.dev.DevService
02:13:50.796 [JavaFX Application Thread] DEBUG PrimaryStageWindow   - Push state: WorldSelectScene
02:13:50.797 [JavaFX Application Thread] DEBUG Input                - Clearing active input actions
02:13:50.799 [JavaFX Application Thread] DEBUG GameApplicationServi - Removing overlay from RiderMainMenuScene and adding to WorldSelectScene
02:13:50.799 [JavaFX Application Thread] DEBUG PrimaryStageWindow   - RiderMainMenuScene -> WorldSelectScene
02:13:52.223 [JavaFX Application Thread] DEBUG PrimaryStageWindow   - Pop state: WorldSelectScene
02:13:52.223 [JavaFX Application Thread] DEBUG Input                - Clearing active input actions
02:13:52.224 [JavaFX Application Thread] DEBUG GameApplicationServi - Removing overlay from WorldSelectScene and adding to RiderMainMenuScene
02:13:52.225 [JavaFX Application Thread] DEBUG PrimaryStageWindow   - RiderMainMenuScene <- WorldSelectScene
02:13:52.511 [JavaFX Application Thread] DEBUG PrimaryStageWindow   - Push state: LevelSelectScene
02:13:52.511 [JavaFX Application Thread] DEBUG Input                - Clearing active input actions
02:13:52.512 [JavaFX Application Thread] DEBUG GameApplicationServi - Removing overlay from RiderMainMenuScene and adding to LevelSelectScene
02:13:52.512 [JavaFX Application Thread] DEBUG PrimaryStageWindow   - RiderMainMenuScene -> LevelSelectScene
02:14:03.800 [JavaFX Application Thread] DEBUG Menu                 - fireNewGame()
02:14:03.800 [JavaFX Application Thread] DEBUG GameApplicationServi - Starting new game
02:14:03.800 [JavaFX Application Thread] DEBUG PrimaryStageWindow   - Pop state: LevelSelectScene
02:14:03.800 [JavaFX Application Thread] DEBUG Input                - Clearing active input actions
02:14:03.801 [JavaFX Application Thread] DEBUG GameApplicationServi - Removing overlay from LevelSelectScene and adding to RiderMainMenuScene
02:14:03.801 [JavaFX Application Thread] DEBUG PrimaryStageWindow   - RiderMainMenuScene <- LevelSelectScene
02:14:03.802 [JavaFX Application Thread] DEBUG PrimaryStageWindow   - Pop state: RiderMainMenuScene
02:14:03.802 [JavaFX Application Thread] DEBUG Input                - Clearing active input actions
02:14:03.802 [JavaFX Application Thread] DEBUG GameApplicationServi - Removing overlay from RiderMainMenuScene and adding to FXGLMainMenuDummyScene
02:14:03.802 [JavaFX Application Thread] DEBUG PrimaryStageWindow   - FXGLMainMenuDummyScene <- RiderMainMenuScene
02:14:03.803 [JavaFX Application Thread] DEBUG Input                - Clearing active input actions
02:14:03.811 [JavaFX Application Thread] DEBUG GameApplicationServi - Removing overlay from FXGLMainMenuDummyScene and adding to MainLoadingScene
02:14:03.815 [JavaFX Application Thread] DEBUG PrimaryStageWindow   - FXGLMainMenuDummyScene -> MainLoadingScene
02:14:03.815 [JavaFX Application Thread] DEBUG GameApplicationServi - Clearing previous game
02:14:03.815 [JavaFX Application Thread] DEBUG GameScene            - Clearing game scene
02:14:03.815 [JavaFX Application Thread] DEBUG GameWorld            - Clearing game world
02:14:03.815 [JavaFX Application Thread] DEBUG PhysicsWorld         - Clearing physics world
02:14:03.817 [FXGL Background Thread 2 ] DEBUG FXGLApplication      - Initializing game
02:14:03.889 [FXGL Background Thread 2 ] WARN  TMXLevelLoader       - TiledMap generated from 1.11.0. Supported version: 1.9.0. Some features may not be parsed fully.
02:14:03.913 [FXGL Background Thread 2 ] DEBUG TMXLevelLoader       - Parsed TiledMap: file:/C:/Users/Neric/Desktop/JavaFXGame/target/classes/assets/levels/tmx/level1.tmx
02:14:03.914 [FXGL Background Thread 2 ] DEBUG TMXLevelLoader       - Creating tile layer entities
02:14:03.917 [FXGL Background Thread 2 ] DEBUG TilesetLoader        - Loading view for layer Tile Layer 1
02:14:03.931 [FXGL Background Thread 2 ] DEBUG TilesetLoader        - Created buffer with size 5950.0x1750.0
02:14:03.962 [FXGL Background Thread 2 ] DEBUG TMXLevelLoader       - Creating object layer entities
02:14:03.982 [FXGL Background Thread 2 ] DEBUG FXGLAssetLoaderServi - Loading from file system: file:/C:/Users/Neric/Desktop/JavaFXGame/target/classes/assets/textures/button.png
02:14:04.010 [FXGL Background Thread 2 ] WARN  TMXLevelLoader       - Parse error
java.lang.IllegalArgumentException: No EntityFactory has a method annotated @Spawns(spawnpoint)
	at com.almasb.fxgl.entity@17.2/com.almasb.fxgl.entity.GameWorld.create(GameWorld.kt:413)
	at com.almasb.fxgl.entity@17.2/com.almasb.fxgl.entity.level.tiled.TMXLevelLoader.createObjectLayerEntities(TMXLevelLoader.kt:155)
	at com.almasb.fxgl.entity@17.2/com.almasb.fxgl.entity.level.tiled.TMXLevelLoader.load(TMXLevelLoader.kt:60)
	at com.almasb.fxgl.all@17.2/com.almasb.fxgl.app.services.FXGLAssetLoaderService.loadLevel(FXGLAssetLoaderService.kt:446)
	at com.almasb.fxgl.all@17.2/com.almasb.fxgl.dsl.FXGL$Companion.setLevelFromMap(FXGL.kt:634)
	at com.almasb.fxgl.all@17.2/com.almasb.fxgl.dsl.FXGL.setLevelFromMap(FXGL.kt)
	at com.sunsofgod/com.sunsofgod.PlatformerApp.setLevel(PlatformerApp.java:419)
	at com.sunsofgod/com.sunsofgod.PlatformerApp.nextLevel(PlatformerApp.java:388)
	at com.sunsofgod/com.sunsofgod.PlatformerApp.initGame(PlatformerApp.java:245)
	at com.almasb.fxgl.all@17.2/com.almasb.fxgl.app.FXGLApplication$InitAppTask.initGame(FXGLApplication.kt:339)
	at com.almasb.fxgl.all@17.2/com.almasb.fxgl.app.FXGLApplication$InitAppTask.call(FXGLApplication.kt:319)
	at com.almasb.fxgl.all@17.2/com.almasb.fxgl.app.FXGLApplication$InitAppTask.call(FXGLApplication.kt:311)
	at javafx.graphics/javafx.concurrent.Task$TaskCallable.call(Task.java:1426)
	at java.base/java.util.concurrent.FutureTask.run(FutureTask.java:317)
	at java.base/java.util.concurrent.Executors$RunnableAdapter.call(Executors.java:572)
	at java.base/java.util.concurrent.FutureTask.run(FutureTask.java:317)
	at java.base/java.util.concurrent.ThreadPoolExecutor.runWorker(ThreadPoolExecutor.java:1144)
	at java.base/java.util.concurrent.ThreadPoolExecutor$Worker.run(ThreadPoolExecutor.java:642)
	at java.base/java.lang.Thread.run(Thread.java:1570)

02:14:04.015 [JavaFX Application Thread] DEBUG LoopRunner           - Stopping loop
02:14:04.016 [JavaFX Application Thread] FATAL FXGLApplication      - Uncaught Exception:
java.lang.RuntimeException: Initialization failed
	at com.almasb.fxgl.all@17.2/com.almasb.fxgl.app.FXGLApplication$InitAppTask.failed(FXGLApplication.kt:343)
	at javafx.graphics/javafx.concurrent.Task.setState(Task.java:710)
	at javafx.graphics/javafx.concurrent.Task$TaskCallable.lambda$call$2(Task.java:1456)
	at javafx.graphics/com.sun.javafx.application.PlatformImpl.lambda$runLater$10(PlatformImpl.java:457)
	at java.base/java.security.AccessController.doPrivileged(AccessController.java:400)
	at javafx.graphics/com.sun.javafx.application.PlatformImpl.lambda$runLater$11(PlatformImpl.java:456)
	at javafx.graphics/com.sun.glass.ui.InvokeLaterDispatcher$Future.run(InvokeLaterDispatcher.java:96)
	at javafx.graphics/com.sun.glass.ui.win.WinApplication._runLoop(Native Method)
	at javafx.graphics/com.sun.glass.ui.win.WinApplication.lambda$runLoop$3(WinApplication.java:184)
	at java.base/java.lang.Thread.run(Thread.java:1570)
Caused by: com.almasb.fxgl.entity.level.LevelLoadingException: No EntityFactory has a method annotated @Spawns(spawnpoint)
	at com.almasb.fxgl.entity@17.2/com.almasb.fxgl.entity.level.tiled.TMXLevelLoader.load(TMXLevelLoader.kt:78)
	at com.almasb.fxgl.all@17.2/com.almasb.fxgl.app.services.FXGLAssetLoaderService.loadLevel(FXGLAssetLoaderService.kt:446)
	at com.almasb.fxgl.all@17.2/com.almasb.fxgl.dsl.FXGL$Companion.setLevelFromMap(FXGL.kt:634)
	at com.almasb.fxgl.all@17.2/com.almasb.fxgl.dsl.FXGL.setLevelFromMap(FXGL.kt)
	at com.sunsofgod/com.sunsofgod.PlatformerApp.setLevel(PlatformerApp.java:419)
	at com.sunsofgod/com.sunsofgod.PlatformerApp.nextLevel(PlatformerApp.java:388)
	at com.sunsofgod/com.sunsofgod.PlatformerApp.initGame(PlatformerApp.java:245)
	at com.almasb.fxgl.all@17.2/com.almasb.fxgl.app.FXGLApplication$InitAppTask.initGame(FXGLApplication.kt:339)
	at com.almasb.fxgl.all@17.2/com.almasb.fxgl.app.FXGLApplication$InitAppTask.call(FXGLApplication.kt:319)
	at com.almasb.fxgl.all@17.2/com.almasb.fxgl.app.FXGLApplication$InitAppTask.call(FXGLApplication.kt:311)
	at javafx.graphics/javafx.concurrent.Task$TaskCallable.call(Task.java:1426)
	at java.base/java.util.concurrent.FutureTask.run(FutureTask.java:317)
	at java.base/java.util.concurrent.Executors$RunnableAdapter.call(Executors.java:572)
	at java.base/java.util.concurrent.FutureTask.run(FutureTask.java:317)
	at java.base/java.util.concurrent.ThreadPoolExecutor.runWorker(ThreadPoolExecutor.java:1144)
	at java.base/java.util.concurrent.ThreadPoolExecutor$Worker.run(ThreadPoolExecutor.java:642)
	... 1 more
Caused by: java.lang.IllegalArgumentException: No EntityFactory has a method annotated @Spawns(spawnpoint)
	at com.almasb.fxgl.entity@17.2/com.almasb.fxgl.entity.GameWorld.create(GameWorld.kt:413)
	at com.almasb.fxgl.entity@17.2/com.almasb.fxgl.entity.level.tiled.TMXLevelLoader.createObjectLayerEntities(TMXLevelLoader.kt:155)
	at com.almasb.fxgl.entity@17.2/com.almasb.fxgl.entity.level.tiled.TMXLevelLoader.load(TMXLevelLoader.kt:60)
	... 16 more

02:14:04.018 [JavaFX Application Thread] FATAL FXGLApplication      - Application will now exit
02:14:04.025 [JavaFX Application Thread] DEBUG PrimaryStageWindow   - Push state: ErrorSubScene
02:14:04.025 [JavaFX Application Thread] DEBUG Input                - Clearing active input actions
02:14:04.025 [JavaFX Application Thread] DEBUG GameApplicationServi - Removing overlay from MainLoadingScene and adding to ErrorSubScene
02:14:04.025 [JavaFX Application Thread] DEBUG PrimaryStageWindow   - MainLoadingScene -> ErrorSubScene
02:14:09.222 [JavaFX Application Thread] DEBUG FXGLApplication      - Exiting FXGL
02:14:09.223 [JavaFX Application Thread] DEBUG Async                - Shutting down background threads
02:14:09.223 [JavaFX Application Thread] DEBUG PrimaryStageWindow   - Closing main window
02:14:09.238 [JavaFX Application Thread] DEBUG Logger               - Closing Logger
