22:40:34.095 [main                     ] DEBUG Logger               - Configured Logger
22:40:34.122 [main                     ] DEBUG GameApplication      - Logging settings
Title: Untitled
Version: 0.0
Width: 1280
Height: 720
Fullscreen: false
Intro: false
Profiling: false
Single step:false
App Mode: DEVELOPER
Menu Key: ESCAPE
Stage Style: DECORATED
Scene Factory: class com.sunsofgod.PlatformerApp$2

22:40:34.598 [JavaFX Application Thread] DEBUG FXGLApplication      - Initializing FXGL
22:40:34.601 [JavaFX Application Thread] INFO  Engine               - FXGL-17.2 (20.08.2022 16.50) on WINDOWS (J:22.0.1 FX:17.0.12)
22:40:34.602 [JavaFX Application Thread] DEBUG Engine               - JRE Vendor Name: Oracle Corporation
22:40:34.602 [JavaFX Application Thread] DEBUG Engine               - Running on OS: Windows 11 version 10.0
22:40:34.602 [JavaFX Application Thread] DEBUG Engine               - Architecture: amd64
22:40:34.602 [JavaFX Application Thread] INFO  Engine               - Source code and latest versions at: https://github.com/AlmasB/FXGL
22:40:34.602 [JavaFX Application Thread] INFO  Engine               -       Ask questions and discuss at: https://github.com/AlmasB/FXGL/discussions
22:40:34.603 [JavaFX Application Thread] INFO  Engine               -              Join the FXGL chat at: https://gitter.im/AlmasB/FXGL
22:40:34.733 [JavaFX Application Thread] DEBUG PrimaryStageWindow   - Creating a JavaFX scene
22:40:34.796 [JavaFX Application Thread] DEBUG PrimaryStageWindow   - Target settings size: 1280.0 x 720.0
22:40:34.797 [JavaFX Application Thread] DEBUG PrimaryStageWindow   - Scaled scene size:    1280.0 x 720.0
22:40:34.797 [JavaFX Application Thread] DEBUG PrimaryStageWindow   - Scaled ratio: (1.0, 1.0)
22:40:34.797 [JavaFX Application Thread] DEBUG PrimaryStageWindow   - Set initial scene to FXGLStartupScene
22:40:34.802 [JavaFX Application Thread] DEBUG PrimaryStageWindow   - Opening main window
22:40:34.912 [JavaFX Application Thread] DEBUG PrimaryStageWindow   - Window border size: (14.6666259765625, 37.33331298828125)
22:40:34.913 [JavaFX Application Thread] DEBUG PrimaryStageWindow   - Scaled size: 1280.0 x 720.0
22:40:34.913 [JavaFX Application Thread] DEBUG PrimaryStageWindow   - Scaled ratio: (1.0, 1.0)
22:40:34.914 [JavaFX Application Thread] DEBUG PrimaryStageWindow   - Scene size: 1280.0 x 720.0
22:40:34.914 [JavaFX Application Thread] DEBUG PrimaryStageWindow   - Stage size: 1294.6666259765625 x 757.3333129882812
22:40:34.924 [FXGL Background Thread 1 ] DEBUG Engine               - Initializing environment variables
22:40:35.022 [FXGL Background Thread 1 ] DEBUG FXGLAssetLoaderServi - User app class for loading assets: class com.sunsofgod.PlatformerApp
22:40:35.022 [FXGL Background Thread 1 ] DEBUG GameApplicationServi - Applying CSS: fxgl_dark.css
22:40:35.025 [FXGL Background Thread 1 ] DEBUG FXGLAssetLoaderServi - Loading from file system: jar:file:///C:/Users/Neric/.m2/repository/com/github/almasb/fxgl/17.2/fxgl-17.2.jar!/fxglassets/ui/css/fxgl_dark.css
22:40:35.090 [FXGL Background Thread 1 ] DEBUG GameApplicationServi - Initializing application scenes
22:40:35.198 [FXGL Background Thread 1 ] WARN  FXGLAssetLoaderServi - Asset "/assets/textures/player.png" was not found!
22:40:35.199 [FXGL Background Thread 1 ] WARN  FXGLAssetLoaderServi - Failed to load IMAGE
22:40:35.264 [FXGL Background Thread 1 ] DEBUG GameWorld            - Game world initialized
22:40:35.320 [FXGL Background Thread 1 ] DEBUG PhysicsWorld         - Physics world initialized: appHeight=720, physics.ppm=50.0
22:40:35.321 [FXGL Background Thread 1 ] DEBUG PhysicsWorld         - Using strategy: BRUTE_FORCE
22:40:35.325 [FXGL Background Thread 1 ] DEBUG GameScene            - Game scene initialized: 1280x720
22:40:35.808 [FXGL Background Thread 1 ] DEBUG FXGL.DefaultMenu     - createMenuBodyGameMenu()
22:40:35.825 [FXGL Background Thread 1 ] DEBUG FXGL.DefaultMenu     - createOptionsMenu()
22:40:35.831 [FXGL Background Thread 1 ] DEBUG FXGLAssetLoaderServi - Loading from file system: jar:file:///C:/Users/Neric/.m2/repository/com/github/almasb/fxgl/17.2/fxgl-17.2.jar!/fxglassets/textures/particles/smoke.png
22:40:35.895 [FXGL Background Thread 1 ] DEBUG FXGLAssetLoaderServi - Loading from file system: jar:file:///C:/Users/Neric/.m2/repository/com/github/almasb/fxgl/17.2/fxgl-17.2.jar!/fxglassets/textures/particles/trace_horizontal.png
22:40:35.916 [FXGL Background Thread 1 ] DEBUG GameApplicationServi - Application scenes initialized
22:40:35.931 [FXGL Background Thread 1 ] DEBUG SystemBundleService  - Loading FXGL system data
22:40:35.935 [FXGL Background Thread 1 ] DEBUG FileSystemAccess     - Reading from: C:\Users\Neric\Desktop\JavaFXGame\system\fxgl.bundle
22:40:35.944 [FXGL Background Thread 1 ] DEBUG SystemBundleService  - Bundle FXGL: {}
22:40:35.944 [FXGL Background Thread 1 ] DEBUG UpdaterService       - Checking for updates
22:40:35.974 [FXGL Background Thread 4 ] DEBUG FXGLApplication      - Loading fonts
22:40:35.974 [FXGL Background Thread 1 ] DEBUG FXGLApplication      - Loading default localization
22:40:35.974 [FXGL Background Thread 4 ] DEBUG FXGLAssetLoaderServi - Loading from file system: jar:file:///C:/Users/Neric/.m2/repository/com/github/almasb/fxgl/17.2/fxgl-17.2.jar!/fxglassets/ui/fonts/VarelaRound-Regular.ttf
22:40:35.975 [FXGL Background Thread 1 ] DEBUG FXGLAssetLoaderServi - Loading from file system: jar:file:///C:/Users/Neric/.m2/repository/com/github/almasb/fxgl/17.2/fxgl-17.2.jar!/fxglassets/languages/english.lang
22:40:36.019 [FXGL Background Thread 1 ] INFO  FXGLApplication      - FXGL initialization took: 1.095 sec
22:40:36.022 [JavaFX Application Thread] DEBUG FXGLAssetLoaderServi - Loading from file system: jar:file:///C:/Users/Neric/.m2/repository/com/github/almasb/fxgl/17.2/fxgl-17.2.jar!/fxglassets/textures/fxgl_icon.png
22:40:36.040 [JavaFX Application Thread] DEBUG FXGLAssetLoaderServi - Loading from file system: jar:file:///C:/Users/Neric/.m2/repository/com/github/almasb/fxgl/17.2/fxgl-17.2.jar!/fxglassets/textures/fxgl_default_cursor.png
22:40:36.042 [FXGL Background Thread 4 ] DEBUG FXGLAssetLoaderServi - Loading from file system: jar:file:///C:/Users/Neric/.m2/repository/com/github/almasb/fxgl/17.2/fxgl-17.2.jar!/fxglassets/ui/fonts/Abel-Regular.ttf
22:40:36.050 [FXGL Background Thread 4 ] DEBUG FXGLAssetLoaderServi - Loading from file system: jar:file:///C:/Users/Neric/.m2/repository/com/github/almasb/fxgl/17.2/fxgl-17.2.jar!/fxglassets/ui/fonts/TerminalLandMono-Regular.otf
22:40:36.056 [JavaFX Application Thread] DEBUG Input                - Registered new binding: Screenshot - CTRL+8
22:40:36.057 [JavaFX Application Thread] DEBUG Input                - Registered new binding: Dev Options - 1
22:40:36.060 [JavaFX Application Thread] DEBUG Input                - Registered new binding: Dev Console - 2
22:40:36.061 [JavaFX Application Thread] DEBUG Input                - Registered new binding: System info dump - CTRL+9
22:40:36.061 [FXGL Background Thread 4 ] DEBUG FXGLAssetLoaderServi - Loading from file system: jar:file:///C:/Users/Neric/.m2/repository/com/github/almasb/fxgl/17.2/fxgl-17.2.jar!/fxglassets/ui/fonts/Courier-Prime.ttf
22:40:36.061 [JavaFX Application Thread] DEBUG Input                - Registered new binding: Restart - CTRL+R
22:40:36.062 [JavaFX Application Thread] DEBUG Input                - Registered new binding: Toggle Debug Camera - CTRL+7
22:40:36.065 [JavaFX Application Thread] DEBUG LoopRunner           - Starting loop
22:40:36.092 [JavaFX Application Thread] DEBUG LoopRunner           - Initializing JavaFX AnimationTimerLoop
22:40:36.095 [JavaFX Application Thread] DEBUG Input                - Clearing active input actions
22:40:36.102 [JavaFX Application Thread] DEBUG GameApplicationServi - Removing overlay from FXGLStartupScene and adding to FXGLMainMenuDummyScene
22:40:36.106 [JavaFX Application Thread] DEBUG PrimaryStageWindow   - FXGLStartupScene -> FXGLMainMenuDummyScene
22:40:36.107 [JavaFX Application Thread] DEBUG PrimaryStageWindow   - Push state: RiderMainMenuScene
22:40:36.109 [JavaFX Application Thread] DEBUG Input                - Clearing active input actions
22:40:36.120 [JavaFX Application Thread] DEBUG GameApplicationServi - Removing overlay from FXGLMainMenuDummyScene and adding to RiderMainMenuScene
22:40:36.123 [JavaFX Application Thread] DEBUG PrimaryStageWindow   - FXGLMainMenuDummyScene -> RiderMainMenuScene
22:40:36.276 [JavaFX Application Thread] DEBUG FXGLApplication      - Registering font factories with UI factory
22:40:36.503 [FXGL Background Thread 2 ] INFO  UpdaterService       - Your current version:  17.2
22:40:36.505 [FXGL Background Thread 2 ] INFO  UpdaterService       - Latest stable version: 21.1
22:40:37.944 [JavaFX Application Thread] DEBUG PrimaryStageWindow   - Push state: PlayerSelectScene
22:40:37.945 [JavaFX Application Thread] DEBUG Input                - Clearing active input actions
22:40:37.947 [JavaFX Application Thread] DEBUG GameApplicationServi - Removing overlay from RiderMainMenuScene and adding to PlayerSelectScene
22:40:37.950 [JavaFX Application Thread] DEBUG PrimaryStageWindow   - RiderMainMenuScene -> PlayerSelectScene
22:40:38.973 [FXGL Background Thread 3 ] DEBUG Engine               - Logging environment variables
22:40:38.973 [FXGL Background Thread 3 ] DEBUG Engine               - achievements: []
22:40:38.973 [FXGL Background Thread 3 ] DEBUG Engine               - actualHeight: 720.0
22:40:38.974 [FXGL Background Thread 3 ] DEBUG Engine               - actualHeightProperty: ReadOnlyDoubleProperty [value: 720.0]
22:40:38.974 [FXGL Background Thread 3 ] DEBUG Engine               - actualWidth: 1280.0
22:40:38.974 [FXGL Background Thread 3 ] DEBUG Engine               - actualWidthProperty: ReadOnlyDoubleProperty [value: 1280.0]
22:40:38.974 [FXGL Background Thread 3 ] DEBUG Engine               - appIcon: fxgl_icon.png
22:40:38.974 [FXGL Background Thread 3 ] DEBUG Engine               - applicationMode: DEVELOPER
22:40:38.974 [FXGL Background Thread 3 ] DEBUG Engine               - cSSList: [fxgl_dark.css]
22:40:38.974 [FXGL Background Thread 3 ] DEBUG Engine               - collisionDetectionStrategy: BRUTE_FORCE
22:40:38.974 [FXGL Background Thread 3 ] DEBUG Engine               - configClass: Optional.empty
22:40:38.974 [FXGL Background Thread 3 ] DEBUG Engine               - credits: []
22:40:38.975 [FXGL Background Thread 3 ] DEBUG Engine               - defaultCursor: CursorInfo(imageName=fxgl_default_cursor.png, hotspotX=7.0, hotspotY=6.0)
22:40:38.975 [FXGL Background Thread 3 ] DEBUG Engine               - devBBoxColorProperty: ObjectProperty [value: 0xff0000ff]
22:40:38.976 [FXGL Background Thread 3 ] DEBUG Engine               - devEnableDebugCameraProperty: BooleanProperty [value: false]
22:40:38.976 [FXGL Background Thread 3 ] DEBUG Engine               - devSensorColorProperty: ObjectProperty [value: 0xffff00ff]
22:40:38.976 [FXGL Background Thread 3 ] DEBUG Engine               - devShowBBoxProperty: BooleanProperty [value: false]
22:40:38.976 [FXGL Background Thread 3 ] DEBUG Engine               - devShowPositionProperty: BooleanProperty [value: false]
22:40:38.976 [FXGL Background Thread 3 ] DEBUG Engine               - enabledMenuItems: []
22:40:38.976 [FXGL Background Thread 3 ] DEBUG Engine               - engineServices: [class com.almasb.fxgl.app.services.FXGLAssetLoaderService, class com.almasb.fxgl.app.FXGLApplication$GameApplicationService, class com.almasb.fxgl.app.services.FXGLDialogService, class com.almasb.fxgl.app.services.IOTaskExecutorService, class com.almasb.fxgl.io.FileSystemService, class com.almasb.fxgl.localization.LocalizationService, class com.almasb.fxgl.app.services.SystemBundleService, class com.almasb.fxgl.profile.SaveLoadService, class com.almasb.fxgl.ui.FXGLUIFactoryServiceProvider, class com.almasb.fxgl.ui.FXGLDialogFactoryServiceProvider, class com.almasb.fxgl.audio.AudioPlayer, class com.almasb.fxgl.notification.impl.NotificationServiceProvider, class com.almasb.fxgl.achievement.AchievementService, class com.almasb.fxgl.cutscene.CutsceneService, class com.almasb.fxgl.minigames.MiniGameService, class com.almasb.fxgl.net.NetService, class com.almasb.fxgl.app.services.UpdaterService, class com.almasb.fxgl.dev.DevService]
22:40:38.976 [FXGL Background Thread 3 ] DEBUG Engine               - fontGame: Abel-Regular.ttf
22:40:38.976 [FXGL Background Thread 3 ] DEBUG Engine               - fontMono: TerminalLandMono-Regular.otf
22:40:38.976 [FXGL Background Thread 3 ] DEBUG Engine               - fontText: Courier-Prime.ttf
22:40:38.977 [FXGL Background Thread 3 ] DEBUG Engine               - fontUI: VarelaRound-Regular.ttf
22:40:38.977 [FXGL Background Thread 3 ] DEBUG Engine               - fullScreen: BooleanProperty [value: false]
22:40:38.977 [FXGL Background Thread 3 ] DEBUG Engine               - gameDifficulty: MEDIUM
22:40:38.977 [FXGL Background Thread 3 ] DEBUG Engine               - gameDifficultyProperty: ObjectProperty [value: MEDIUM]
22:40:38.977 [FXGL Background Thread 3 ] DEBUG Engine               - globalMusicVolume: 0.5
22:40:38.977 [FXGL Background Thread 3 ] DEBUG Engine               - globalMusicVolumeProperty: DoubleProperty [value: 0.25]
22:40:38.977 [FXGL Background Thread 3 ] DEBUG Engine               - globalSoundVolume: 0.5
22:40:38.977 [FXGL Background Thread 3 ] DEBUG Engine               - globalSoundVolumeProperty: DoubleProperty [value: 0.5]
22:40:38.978 [FXGL Background Thread 3 ] DEBUG Engine               - height: 720
22:40:38.978 [FXGL Background Thread 3 ] DEBUG Engine               - is3D: false
22:40:38.978 [FXGL Background Thread 3 ] DEBUG Engine               - isAndroid: false
22:40:38.978 [FXGL Background Thread 3 ] DEBUG Engine               - isBrowser: false
22:40:38.978 [FXGL Background Thread 3 ] DEBUG Engine               - isClickFeedbackEnabled: false
22:40:38.978 [FXGL Background Thread 3 ] DEBUG Engine               - isCloseConfirmation: false
22:40:38.978 [FXGL Background Thread 3 ] DEBUG Engine               - isDesktop: true
22:40:38.979 [FXGL Background Thread 3 ] DEBUG Engine               - isDeveloperMenuEnabled: true
22:40:38.979 [FXGL Background Thread 3 ] DEBUG Engine               - isEmbedded: false
22:40:38.979 [FXGL Background Thread 3 ] DEBUG Engine               - isEntityPreloadEnabled: true
22:40:38.979 [FXGL Background Thread 3 ] DEBUG Engine               - isExperimentalTiledLargeMap: false
22:40:38.979 [FXGL Background Thread 3 ] DEBUG Engine               - isFileSystemWriteAllowed: true
22:40:38.979 [FXGL Background Thread 3 ] DEBUG Engine               - isFullScreenAllowed: false
22:40:38.979 [FXGL Background Thread 3 ] DEBUG Engine               - isFullScreenFromStart: false
22:40:38.979 [FXGL Background Thread 3 ] DEBUG Engine               - isGameMenuEnabled: true
22:40:38.979 [FXGL Background Thread 3 ] DEBUG Engine               - isIOS: false
22:40:38.979 [FXGL Background Thread 3 ] DEBUG Engine               - isIntroEnabled: false
22:40:38.979 [FXGL Background Thread 3 ] DEBUG Engine               - isLinux: false
22:40:38.979 [FXGL Background Thread 3 ] DEBUG Engine               - isMac: false
22:40:38.979 [FXGL Background Thread 3 ] DEBUG Engine               - isMainMenuEnabled: true
22:40:38.979 [FXGL Background Thread 3 ] DEBUG Engine               - isManualResizeEnabled: false
22:40:38.980 [FXGL Background Thread 3 ] DEBUG Engine               - isMobile: false
22:40:38.980 [FXGL Background Thread 3 ] DEBUG Engine               - isNative: false
22:40:38.980 [FXGL Background Thread 3 ] DEBUG Engine               - isPauseMusicWhenMinimized: true
22:40:38.980 [FXGL Background Thread 3 ] DEBUG Engine               - isPreserveResizeRatio: false
22:40:38.980 [FXGL Background Thread 3 ] DEBUG Engine               - isProfilingEnabled: false
22:40:38.980 [FXGL Background Thread 3 ] DEBUG Engine               - isScaleAffectedOnResize: true
22:40:38.980 [FXGL Background Thread 3 ] DEBUG Engine               - isSingleStep: false
22:40:38.980 [FXGL Background Thread 3 ] DEBUG Engine               - isUserProfileEnabled: false
22:40:38.980 [FXGL Background Thread 3 ] DEBUG Engine               - isWindows: true
22:40:38.980 [FXGL Background Thread 3 ] DEBUG Engine               - language: ObjectProperty [value: ENGLISH]
22:40:38.980 [FXGL Background Thread 3 ] DEBUG Engine               - menuKey: ESCAPE
22:40:38.980 [FXGL Background Thread 3 ] DEBUG Engine               - mouseSensitivity: 0.2
22:40:38.980 [FXGL Background Thread 3 ] DEBUG Engine               - notificationViewClass: class com.almasb.fxgl.notification.view.XboxNotificationView
22:40:38.980 [FXGL Background Thread 3 ] DEBUG Engine               - pixelsPerMeter: 50.0
22:40:38.980 [FXGL Background Thread 3 ] DEBUG Engine               - platform: WINDOWS
22:40:38.980 [FXGL Background Thread 3 ] DEBUG Engine               - prefHeightProperty: ReadOnlyDoubleProperty [value: 720.0]
22:40:38.981 [FXGL Background Thread 3 ] DEBUG Engine               - prefWidthProperty: ReadOnlyDoubleProperty [value: 1280.0]
22:40:38.981 [FXGL Background Thread 3 ] DEBUG Engine               - profileDir: profiles/
22:40:38.981 [FXGL Background Thread 3 ] DEBUG Engine               - profileName: StringProperty [value: DEFAULT]
22:40:38.981 [FXGL Background Thread 3 ] DEBUG Engine               - randomSeed: -1
22:40:38.982 [FXGL Background Thread 3 ] DEBUG Engine               - runtimeInfo: RuntimeInfo(platform=WINDOWS, version=17.2, build=20.08.2022 16.50)
22:40:38.982 [FXGL Background Thread 3 ] DEBUG Engine               - saveFileExt: sav
22:40:38.983 [FXGL Background Thread 3 ] DEBUG Engine               - scaledHeightProp$fxgl: DoubleProperty [bound, value: 720.0]
22:40:38.983 [FXGL Background Thread 3 ] DEBUG Engine               - scaledWidthProp$fxgl: DoubleProperty [bound, value: 1280.0]
22:40:38.983 [FXGL Background Thread 3 ] DEBUG Engine               - sceneFactory: com.sunsofgod.PlatformerApp$2@7ec46511
22:40:38.983 [FXGL Background Thread 3 ] DEBUG Engine               - secondsIn24h: 60
22:40:38.983 [FXGL Background Thread 3 ] DEBUG Engine               - soundMenuBack: menu/back.wav
22:40:38.983 [FXGL Background Thread 3 ] DEBUG Engine               - soundMenuPress: menu/press.wav
22:40:38.983 [FXGL Background Thread 3 ] DEBUG Engine               - soundMenuSelect: menu/select.wav
22:40:38.983 [FXGL Background Thread 3 ] DEBUG Engine               - soundNotification: core/notification.wav
22:40:38.983 [FXGL Background Thread 3 ] DEBUG Engine               - stageStyle: DECORATED
22:40:38.983 [FXGL Background Thread 3 ] DEBUG Engine               - supportedLanguages: [ENGLISH, FRENCH, GERMAN, HUNGARIAN, RUSSIAN]
22:40:38.984 [FXGL Background Thread 3 ] DEBUG Engine               - ticksPerSecond: -1
22:40:38.984 [FXGL Background Thread 3 ] DEBUG Engine               - title: Untitled
22:40:38.984 [FXGL Background Thread 3 ] DEBUG Engine               - urlGithub: https://github.com/AlmasB/FXGL
22:40:38.984 [FXGL Background Thread 3 ] DEBUG Engine               - urlLeaderboard: http://fxgl-top.herokuapp.com/
22:40:38.984 [FXGL Background Thread 3 ] DEBUG Engine               - urlPOM: https://raw.githubusercontent.com/AlmasB/FXGL/release/README.md
22:40:38.984 [FXGL Background Thread 3 ] DEBUG Engine               - userAppClass: class com.sunsofgod.PlatformerApp
22:40:38.984 [FXGL Background Thread 3 ] DEBUG Engine               - version: 0.0
22:40:38.984 [FXGL Background Thread 3 ] DEBUG Engine               - versionCheckDays: 7
22:40:38.984 [FXGL Background Thread 3 ] DEBUG Engine               - width: 1280
22:40:38.984 [FXGL Background Thread 3 ] DEBUG Engine               - Logging services
22:40:38.984 [FXGL Background Thread 3 ] DEBUG Engine               - class com.almasb.fxgl.app.services.FXGLAssetLoaderService
22:40:38.984 [FXGL Background Thread 3 ] DEBUG Engine               - class com.almasb.fxgl.app.FXGLApplication$GameApplicationService
22:40:38.984 [FXGL Background Thread 3 ] DEBUG Engine               - class com.almasb.fxgl.app.services.FXGLDialogService
22:40:38.985 [FXGL Background Thread 3 ] DEBUG Engine               - class com.almasb.fxgl.app.services.IOTaskExecutorService
22:40:38.985 [FXGL Background Thread 3 ] DEBUG Engine               - class com.almasb.fxgl.io.FileSystemService
22:40:38.985 [FXGL Background Thread 3 ] DEBUG Engine               - class com.almasb.fxgl.localization.LocalizationService
22:40:38.985 [FXGL Background Thread 3 ] DEBUG Engine               - class com.almasb.fxgl.app.services.SystemBundleService
22:40:38.985 [FXGL Background Thread 3 ] DEBUG Engine               - class com.almasb.fxgl.profile.SaveLoadService
22:40:38.985 [FXGL Background Thread 3 ] DEBUG Engine               - class com.almasb.fxgl.ui.FXGLUIFactoryServiceProvider
22:40:38.985 [FXGL Background Thread 3 ] DEBUG Engine               - class com.almasb.fxgl.ui.FXGLDialogFactoryServiceProvider
22:40:38.985 [FXGL Background Thread 3 ] DEBUG Engine               - class com.almasb.fxgl.audio.AudioPlayer
22:40:38.985 [FXGL Background Thread 3 ] DEBUG Engine               - class com.almasb.fxgl.notification.impl.NotificationServiceProvider
22:40:38.985 [FXGL Background Thread 3 ] DEBUG Engine               - class com.almasb.fxgl.achievement.AchievementService
22:40:38.985 [FXGL Background Thread 3 ] DEBUG Engine               - class com.almasb.fxgl.cutscene.CutsceneService
22:40:38.985 [FXGL Background Thread 3 ] DEBUG Engine               - class com.almasb.fxgl.minigames.MiniGameService
22:40:38.986 [FXGL Background Thread 3 ] DEBUG Engine               - class com.almasb.fxgl.net.NetService
22:40:38.986 [FXGL Background Thread 3 ] DEBUG Engine               - class com.almasb.fxgl.app.services.UpdaterService
22:40:38.986 [FXGL Background Thread 3 ] DEBUG Engine               - class com.almasb.fxgl.dev.DevService
22:40:48.410 [JavaFX Application Thread] DEBUG PrimaryStageWindow   - Pop state: PlayerSelectScene
22:40:48.411 [JavaFX Application Thread] DEBUG Input                - Clearing active input actions
22:40:48.415 [JavaFX Application Thread] DEBUG GameApplicationServi - Removing overlay from PlayerSelectScene and adding to RiderMainMenuScene
22:40:48.422 [JavaFX Application Thread] DEBUG PrimaryStageWindow   - RiderMainMenuScene <- PlayerSelectScene
22:40:48.637 [JavaFX Application Thread] DEBUG PrimaryStageWindow   - Push state: WorldSelectScene
22:40:48.637 [JavaFX Application Thread] DEBUG Input                - Clearing active input actions
22:40:48.639 [JavaFX Application Thread] DEBUG GameApplicationServi - Removing overlay from RiderMainMenuScene and adding to WorldSelectScene
22:40:48.640 [JavaFX Application Thread] DEBUG PrimaryStageWindow   - RiderMainMenuScene -> WorldSelectScene
22:40:50.064 [JavaFX Application Thread] DEBUG PrimaryStageWindow   - Pop state: WorldSelectScene
22:40:50.064 [JavaFX Application Thread] DEBUG Input                - Clearing active input actions
22:40:50.065 [JavaFX Application Thread] DEBUG GameApplicationServi - Removing overlay from WorldSelectScene and adding to RiderMainMenuScene
22:40:50.067 [JavaFX Application Thread] DEBUG PrimaryStageWindow   - RiderMainMenuScene <- WorldSelectScene
22:40:50.442 [JavaFX Application Thread] DEBUG PrimaryStageWindow   - Push state: LevelSelectScene
22:40:50.442 [JavaFX Application Thread] DEBUG Input                - Clearing active input actions
22:40:50.442 [JavaFX Application Thread] DEBUG GameApplicationServi - Removing overlay from RiderMainMenuScene and adding to LevelSelectScene
22:40:50.443 [JavaFX Application Thread] DEBUG PrimaryStageWindow   - RiderMainMenuScene -> LevelSelectScene
22:40:54.425 [JavaFX Application Thread] DEBUG Menu                 - fireNewGame()
22:40:54.426 [JavaFX Application Thread] DEBUG GameApplicationServi - Starting new game
22:40:54.426 [JavaFX Application Thread] DEBUG PrimaryStageWindow   - Pop state: LevelSelectScene
22:40:54.426 [JavaFX Application Thread] DEBUG Input                - Clearing active input actions
22:40:54.428 [JavaFX Application Thread] DEBUG GameApplicationServi - Removing overlay from LevelSelectScene and adding to RiderMainMenuScene
22:40:54.429 [JavaFX Application Thread] DEBUG PrimaryStageWindow   - RiderMainMenuScene <- LevelSelectScene
22:40:54.429 [JavaFX Application Thread] DEBUG PrimaryStageWindow   - Pop state: RiderMainMenuScene
22:40:54.429 [JavaFX Application Thread] DEBUG Input                - Clearing active input actions
22:40:54.429 [JavaFX Application Thread] DEBUG GameApplicationServi - Removing overlay from RiderMainMenuScene and adding to FXGLMainMenuDummyScene
22:40:54.429 [JavaFX Application Thread] DEBUG PrimaryStageWindow   - FXGLMainMenuDummyScene <- RiderMainMenuScene
22:40:54.430 [JavaFX Application Thread] DEBUG Input                - Clearing active input actions
22:40:54.438 [JavaFX Application Thread] DEBUG GameApplicationServi - Removing overlay from FXGLMainMenuDummyScene and adding to MainLoadingScene
22:40:54.444 [JavaFX Application Thread] DEBUG PrimaryStageWindow   - FXGLMainMenuDummyScene -> MainLoadingScene
22:40:54.445 [JavaFX Application Thread] DEBUG GameApplicationServi - Clearing previous game
22:40:54.445 [JavaFX Application Thread] DEBUG GameScene            - Clearing game scene
22:40:54.445 [JavaFX Application Thread] DEBUG GameWorld            - Clearing game world
22:40:54.445 [JavaFX Application Thread] DEBUG PhysicsWorld         - Clearing physics world
22:40:54.448 [FXGL Background Thread 2 ] DEBUG FXGLApplication      - Initializing game
22:40:54.563 [FXGL Background Thread 2 ] WARN  TMXLevelLoader       - TiledMap generated from 1.11.0. Supported version: 1.9.0. Some features may not be parsed fully.
22:40:54.582 [FXGL Background Thread 2 ] DEBUG TMXLevelLoader       - Parsed TiledMap: file:/C:/Users/Neric/Desktop/JavaFXGame/target/classes/assets/levels/tmx/level1.tmx
22:40:54.584 [FXGL Background Thread 2 ] DEBUG TMXLevelLoader       - Creating tile layer entities
22:40:54.590 [FXGL Background Thread 2 ] DEBUG TilesetLoader        - Loading view for layer Tile Layer 1
22:40:54.594 [FXGL Background Thread 2 ] DEBUG TilesetLoader        - Created buffer with size 1050.0x700.0
22:40:54.610 [FXGL Background Thread 2 ] DEBUG TMXLevelLoader       - Creating object layer entities
22:40:54.643 [FXGL Background Thread 2 ] DEBUG GameWorld            - Clearing removable entities
22:40:54.643 [FXGL Background Thread 2 ] DEBUG GameWorld            - Setting level: com.almasb.fxgl.entity.level.Level@4e264c68
22:40:54.659 [FXGL Background Thread 2 ] DEBUG FXGLAssetLoaderServi - Loading from file system: file:/C:/Users/Neric/Desktop/JavaFXGame/target/classes/assets/textures/player1.png
22:40:54.675 [FXGL Background Thread 2 ] DEBUG FXGLAssetLoaderServi - Loading from file system: file:/C:/Users/Neric/Desktop/JavaFXGame/target/classes/assets/textures/player2.png
22:40:54.683 [FXGL Background Thread 2 ] DEBUG FXGLAssetLoaderServi - Loading from file system: file:/C:/Users/Neric/Desktop/JavaFXGame/target/classes/assets/textures/player3.png
22:40:54.689 [FXGL Background Thread 2 ] DEBUG FXGLAssetLoaderServi - Loading from file system: file:/C:/Users/Neric/Desktop/JavaFXGame/target/classes/assets/textures/player4.png
22:40:54.698 [FXGL Background Thread 2 ] DEBUG Input                - Registered new binding: Jump0 - W
22:40:54.700 [FXGL Background Thread 2 ] DEBUG Input                - Registered new binding: Left0 - A
22:40:54.701 [FXGL Background Thread 2 ] DEBUG Input                - Registered new binding: Right0 - D
22:40:54.701 [FXGL Background Thread 2 ] DEBUG Input                - Registered new binding: Use0 - E
22:40:54.702 [FXGL Background Thread 2 ] DEBUG Input                - Registered new binding: Jump1 - Up
22:40:54.702 [FXGL Background Thread 2 ] DEBUG Input                - Registered new binding: Left1 - Left
22:40:54.702 [FXGL Background Thread 2 ] DEBUG Input                - Registered new binding: Right1 - Right
22:40:54.702 [FXGL Background Thread 2 ] DEBUG Input                - Registered new binding: Use1 - Slash
22:40:54.702 [FXGL Background Thread 2 ] DEBUG Input                - Registered new binding: Jump2 - I
22:40:54.702 [FXGL Background Thread 2 ] DEBUG Input                - Registered new binding: Left2 - J
22:40:54.702 [FXGL Background Thread 2 ] DEBUG Input                - Registered new binding: Right2 - L
22:40:54.702 [FXGL Background Thread 2 ] DEBUG Input                - Registered new binding: Use2 - O
22:40:54.702 [FXGL Background Thread 2 ] DEBUG Input                - Registered new binding: Jump3 - G
22:40:54.702 [FXGL Background Thread 2 ] DEBUG Input                - Registered new binding: Left3 - V
22:40:54.702 [FXGL Background Thread 2 ] DEBUG Input                - Registered new binding: Right3 - N
22:40:54.702 [FXGL Background Thread 2 ] DEBUG Input                - Registered new binding: Use3 - H
22:40:54.704 [FXGL Background Thread 2 ] DEBUG FXGLAssetLoaderServi - Loading from file system: file:/C:/Users/Neric/Desktop/JavaFXGame/target/classes/assets/textures/background/manila.png
22:40:54.724 [FXGL Background Thread 2 ] INFO  FXGLApplication      - Game initialization took: 0.276 sec
22:40:54.726 [JavaFX Application Thread] DEBUG Input                - Clearing active input actions
22:40:54.732 [JavaFX Application Thread] DEBUG GameApplicationServi - Removing overlay from MainLoadingScene and adding to GameScene
22:40:54.733 [JavaFX Application Thread] DEBUG PrimaryStageWindow   - MainLoadingScene -> GameScene
22:41:18.809 [JavaFX Application Thread] DEBUG FXGLAssetLoaderServi - Loading from file system: file:/C:/Users/Neric/Desktop/JavaFXGame/target/classes/assets/textures/exit_sign.png
22:41:27.213 [JavaFX Application Thread] WARN  TMXLevelLoader       - TiledMap generated from 1.11.0. Supported version: 1.9.0. Some features may not be parsed fully.
22:41:27.219 [JavaFX Application Thread] DEBUG TMXLevelLoader       - Parsed TiledMap: file:/C:/Users/Neric/Desktop/JavaFXGame/target/classes/assets/levels/tmx/level2.tmx
22:41:27.219 [JavaFX Application Thread] DEBUG TMXLevelLoader       - Creating tile layer entities
22:41:27.220 [JavaFX Application Thread] DEBUG TilesetLoader        - Loading view for layer Tile Layer 1
22:41:27.222 [JavaFX Application Thread] DEBUG TilesetLoader        - Created buffer with size 1050.0x700.0
22:41:27.236 [JavaFX Application Thread] DEBUG TMXLevelLoader       - Creating object layer entities
22:41:27.238 [JavaFX Application Thread] DEBUG GameWorld            - Clearing removable entities
22:41:27.241 [JavaFX Application Thread] DEBUG GameWorld            - Setting level: com.almasb.fxgl.entity.level.Level@2eea38fb
22:41:28.705 [JavaFX Application Thread] DEBUG FXGLApplication      - Exiting FXGL
22:41:28.705 [JavaFX Application Thread] DEBUG LoopRunner           - Stopping loop
22:41:28.705 [JavaFX Application Thread] DEBUG SystemBundleService  - Saving FXGL system data
22:41:28.708 [JavaFX Application Thread] DEBUG FileSystemAccess     - Writing to: C:\Users\Neric\Desktop\JavaFXGame\system\fxgl.bundle
22:41:28.711 [JavaFX Application Thread] DEBUG Async                - Shutting down background threads
22:41:28.712 [JavaFX Application Thread] DEBUG PrimaryStageWindow   - Closing main window
22:41:28.732 [JavaFX Application Thread] DEBUG Logger               - Closing Logger
