01:25:57.652 [main                     ] DEBUG Logger               - Configured Logger
01:25:57.667 [main                     ] DEBUG GameApplication      - Logging settings
Title: Untitled
Version: 0.0
Width: 1280
Height: 720
Fullscreen: false
Intro: false
Profiling: false
Single step:false
App Mode: DEVELOPER
Menu Key: ESCAPE
Stage Style: DECORATED
Scene Factory: class com.sunsofgod.PlatformerApp$1

01:25:57.935 [JavaFX Application Thread] DEBUG FXGLApplication      - Initializing FXGL
01:25:57.938 [JavaFX Application Thread] INFO  Engine               - FXGL-17.2 (20.08.2022 16.50) on WINDOWS (J:21.0.4 FX:17.0.12)
01:25:57.938 [JavaFX Application Thread] DEBUG Engine               - JRE Vendor Name: Eclipse Adoptium
01:25:57.938 [JavaFX Application Thread] DEBUG Engine               - Running on OS: Windows 11 version 10.0
01:25:57.938 [JavaFX Application Thread] DEBUG Engine               - Architecture: amd64
01:25:57.938 [JavaFX Application Thread] INFO  Engine               - Source code and latest versions at: https://github.com/AlmasB/FXGL
01:25:57.938 [JavaFX Application Thread] INFO  Engine               -       Ask questions and discuss at: https://github.com/AlmasB/FXGL/discussions
01:25:57.939 [JavaFX Application Thread] INFO  Engine               -              Join the FXGL chat at: https://gitter.im/AlmasB/FXGL
01:25:57.997 [JavaFX Application Thread] DEBUG PrimaryStageWindow   - Creating a JavaFX scene
01:25:58.024 [JavaFX Application Thread] DEBUG PrimaryStageWindow   - Target settings size: 1280.0 x 720.0
01:25:58.024 [JavaFX Application Thread] DEBUG PrimaryStageWindow   - Scaled scene size:    1280.0 x 720.0
01:25:58.024 [JavaFX Application Thread] DEBUG PrimaryStageWindow   - Scaled ratio: (1.0, 1.0)
01:25:58.025 [JavaFX Application Thread] DEBUG PrimaryStageWindow   - Set initial scene to FXGLStartupScene
01:25:58.029 [JavaFX Application Thread] DEBUG PrimaryStageWindow   - Opening main window
01:25:58.082 [JavaFX Application Thread] DEBUG PrimaryStageWindow   - Window border size: (16.0, 39.0)
01:25:58.082 [JavaFX Application Thread] DEBUG PrimaryStageWindow   - Scaled size: 1280.0 x 720.0
01:25:58.082 [JavaFX Application Thread] DEBUG PrimaryStageWindow   - Scaled ratio: (1.0, 1.0)
01:25:58.082 [JavaFX Application Thread] DEBUG PrimaryStageWindow   - Scene size: 1280.0 x 720.0
01:25:58.082 [JavaFX Application Thread] DEBUG PrimaryStageWindow   - Stage size: 1296.0 x 759.0
01:25:58.087 [FXGL Background Thread 1 ] DEBUG Engine               - Initializing environment variables
01:25:58.117 [FXGL Background Thread 1 ] DEBUG FXGLAssetLoaderServi - User app class for loading assets: class com.sunsofgod.PlatformerApp
01:25:58.117 [FXGL Background Thread 1 ] DEBUG GameApplicationServi - Applying CSS: fxgl_dark.css
01:25:58.118 [FXGL Background Thread 1 ] DEBUG FXGLAssetLoaderServi - Loading from file system: jar:file:///C:/Users/Balong/.m2/repository/com/github/almasb/fxgl/17.2/fxgl-17.2.jar!/fxglassets/ui/css/fxgl_dark.css
01:25:58.146 [FXGL Background Thread 1 ] DEBUG GameApplicationServi - Initializing application scenes
01:25:58.173 [FXGL Background Thread 1 ] WARN  FXGLAssetLoaderServi - Asset "/assets/textures/player.png" was not found!
01:25:58.174 [FXGL Background Thread 1 ] WARN  FXGLAssetLoaderServi - Failed to load IMAGE
01:25:58.189 [FXGL Background Thread 1 ] DEBUG GameWorld            - Game world initialized
01:25:58.219 [FXGL Background Thread 1 ] DEBUG PhysicsWorld         - Physics world initialized: appHeight=720, physics.ppm=50.0
01:25:58.219 [FXGL Background Thread 1 ] DEBUG PhysicsWorld         - Using strategy: BRUTE_FORCE
01:25:58.222 [FXGL Background Thread 1 ] DEBUG GameScene            - Game scene initialized: 1280x720
01:25:58.407 [FXGL Background Thread 1 ] DEBUG GameApplicationServi - Application scenes initialized
01:25:58.417 [FXGL Background Thread 1 ] DEBUG SystemBundleService  - Loading FXGL system data
01:25:58.419 [FXGL Background Thread 1 ] DEBUG FileSystemAccess     - Reading from: C:\Users\Balong\Desktop\JavaFXGame-3\system\fxgl.bundle
01:25:58.426 [FXGL Background Thread 1 ] DEBUG SystemBundleService  - Bundle FXGL: {}
01:25:58.426 [FXGL Background Thread 1 ] DEBUG UpdaterService       - Checking for updates
01:25:58.446 [FXGL Background Thread 4 ] DEBUG FXGLApplication      - Loading fonts
01:25:58.447 [FXGL Background Thread 4 ] DEBUG FXGLAssetLoaderServi - Loading from file system: jar:file:///C:/Users/Balong/.m2/repository/com/github/almasb/fxgl/17.2/fxgl-17.2.jar!/fxglassets/ui/fonts/VarelaRound-Regular.ttf
01:25:58.447 [FXGL Background Thread 1 ] DEBUG FXGLApplication      - Loading default localization
01:25:58.448 [FXGL Background Thread 1 ] DEBUG FXGLAssetLoaderServi - Loading from file system: jar:file:///C:/Users/Balong/.m2/repository/com/github/almasb/fxgl/17.2/fxgl-17.2.jar!/fxglassets/languages/english.lang
01:25:58.460 [FXGL Background Thread 1 ] INFO  FXGLApplication      - FXGL initialization took: 0.374 sec
01:25:58.461 [JavaFX Application Thread] DEBUG FXGLAssetLoaderServi - Loading from file system: jar:file:///C:/Users/Balong/.m2/repository/com/github/almasb/fxgl/17.2/fxgl-17.2.jar!/fxglassets/textures/fxgl_icon.png
01:25:58.474 [JavaFX Application Thread] DEBUG FXGLAssetLoaderServi - Loading from file system: jar:file:///C:/Users/Balong/.m2/repository/com/github/almasb/fxgl/17.2/fxgl-17.2.jar!/fxglassets/textures/fxgl_default_cursor.png
01:25:58.479 [FXGL Background Thread 4 ] DEBUG FXGLAssetLoaderServi - Loading from file system: jar:file:///C:/Users/Balong/.m2/repository/com/github/almasb/fxgl/17.2/fxgl-17.2.jar!/fxglassets/ui/fonts/Abel-Regular.ttf
01:25:58.481 [JavaFX Application Thread] DEBUG Input                - Registered new binding: Screenshot - CTRL+8
01:25:58.481 [JavaFX Application Thread] DEBUG Input                - Registered new binding: Dev Options - 1
01:25:58.481 [JavaFX Application Thread] DEBUG Input                - Registered new binding: Dev Console - 2
01:25:58.481 [JavaFX Application Thread] DEBUG Input                - Registered new binding: System info dump - CTRL+9
01:25:58.482 [JavaFX Application Thread] DEBUG Input                - Registered new binding: Restart - CTRL+R
01:25:58.482 [JavaFX Application Thread] DEBUG Input                - Registered new binding: Toggle Debug Camera - CTRL+7
01:25:58.484 [JavaFX Application Thread] DEBUG LoopRunner           - Starting loop
01:25:58.488 [FXGL Background Thread 4 ] DEBUG FXGLAssetLoaderServi - Loading from file system: jar:file:///C:/Users/Balong/.m2/repository/com/github/almasb/fxgl/17.2/fxgl-17.2.jar!/fxglassets/ui/fonts/TerminalLandMono-Regular.otf
01:25:58.494 [JavaFX Application Thread] DEBUG LoopRunner           - Initializing JavaFX AnimationTimerLoop
01:25:58.495 [JavaFX Application Thread] DEBUG Input                - Clearing active input actions
01:25:58.502 [JavaFX Application Thread] DEBUG GameApplicationServi - Removing overlay from FXGLStartupScene and adding to FXGLMainMenuDummyScene
01:25:58.502 [FXGL Background Thread 4 ] DEBUG FXGLAssetLoaderServi - Loading from file system: jar:file:///C:/Users/Balong/.m2/repository/com/github/almasb/fxgl/17.2/fxgl-17.2.jar!/fxglassets/ui/fonts/Courier-Prime.ttf
01:25:58.505 [JavaFX Application Thread] DEBUG PrimaryStageWindow   - FXGLStartupScene -> FXGLMainMenuDummyScene
01:25:58.505 [JavaFX Application Thread] DEBUG PrimaryStageWindow   - Push state: RiderMainMenuScene
01:25:58.505 [JavaFX Application Thread] DEBUG Input                - Clearing active input actions
01:25:58.509 [JavaFX Application Thread] DEBUG GameApplicationServi - Removing overlay from FXGLMainMenuDummyScene and adding to RiderMainMenuScene
01:25:58.509 [JavaFX Application Thread] DEBUG PrimaryStageWindow   - FXGLMainMenuDummyScene -> RiderMainMenuScene
01:25:58.621 [JavaFX Application Thread] DEBUG FXGLApplication      - Registering font factories with UI factory
01:25:58.727 [FXGL Background Thread 2 ] INFO  UpdaterService       - Your current version:  17.2
01:25:58.727 [FXGL Background Thread 2 ] INFO  UpdaterService       - Latest stable version: 21.1
01:25:59.085 [JavaFX Application Thread] DEBUG PrimaryStageWindow   - Push state: PlayerSelectScene
01:25:59.085 [JavaFX Application Thread] DEBUG Input                - Clearing active input actions
01:25:59.085 [JavaFX Application Thread] DEBUG GameApplicationServi - Removing overlay from RiderMainMenuScene and adding to PlayerSelectScene
01:25:59.087 [JavaFX Application Thread] DEBUG PrimaryStageWindow   - RiderMainMenuScene -> PlayerSelectScene
01:26:00.524 [JavaFX Application Thread] DEBUG PrimaryStageWindow   - Push state: LevelSelectScene
01:26:00.524 [JavaFX Application Thread] DEBUG Input                - Clearing active input actions
01:26:00.525 [JavaFX Application Thread] DEBUG GameApplicationServi - Removing overlay from PlayerSelectScene and adding to LevelSelectScene
01:26:00.527 [JavaFX Application Thread] DEBUG PrimaryStageWindow   - PlayerSelectScene -> LevelSelectScene
01:26:01.156 [JavaFX Application Thread] DEBUG Menu                 - fireNewGame()
01:26:01.157 [JavaFX Application Thread] DEBUG GameApplicationServi - Starting new game
01:26:01.157 [JavaFX Application Thread] DEBUG PrimaryStageWindow   - Pop state: LevelSelectScene
01:26:01.157 [JavaFX Application Thread] DEBUG Input                - Clearing active input actions
01:26:01.158 [JavaFX Application Thread] DEBUG GameApplicationServi - Removing overlay from LevelSelectScene and adding to PlayerSelectScene
01:26:01.159 [JavaFX Application Thread] DEBUG PrimaryStageWindow   - PlayerSelectScene <- LevelSelectScene
01:26:01.159 [JavaFX Application Thread] DEBUG PrimaryStageWindow   - Pop state: PlayerSelectScene
01:26:01.159 [JavaFX Application Thread] DEBUG Input                - Clearing active input actions
01:26:01.159 [JavaFX Application Thread] DEBUG GameApplicationServi - Removing overlay from PlayerSelectScene and adding to RiderMainMenuScene
01:26:01.159 [JavaFX Application Thread] DEBUG PrimaryStageWindow   - RiderMainMenuScene <- PlayerSelectScene
01:26:01.159 [JavaFX Application Thread] DEBUG PrimaryStageWindow   - Pop state: RiderMainMenuScene
01:26:01.159 [JavaFX Application Thread] DEBUG Input                - Clearing active input actions
01:26:01.159 [JavaFX Application Thread] DEBUG GameApplicationServi - Removing overlay from RiderMainMenuScene and adding to FXGLMainMenuDummyScene
01:26:01.160 [JavaFX Application Thread] DEBUG PrimaryStageWindow   - FXGLMainMenuDummyScene <- RiderMainMenuScene
01:26:01.160 [JavaFX Application Thread] DEBUG Input                - Clearing active input actions
01:26:01.164 [JavaFX Application Thread] DEBUG GameApplicationServi - Removing overlay from FXGLMainMenuDummyScene and adding to MainLoadingScene
01:26:01.164 [JavaFX Application Thread] DEBUG PrimaryStageWindow   - FXGLMainMenuDummyScene -> MainLoadingScene
01:26:01.164 [JavaFX Application Thread] DEBUG GameApplicationServi - Clearing previous game
01:26:01.164 [JavaFX Application Thread] DEBUG GameScene            - Clearing game scene
01:26:01.165 [JavaFX Application Thread] DEBUG GameWorld            - Clearing game world
01:26:01.165 [JavaFX Application Thread] DEBUG PhysicsWorld         - Clearing physics world
01:26:01.166 [FXGL Background Thread 2 ] DEBUG FXGLApplication      - Initializing game
01:26:01.190 [FXGL Background Thread 2 ] WARN  TMXLevelLoader       - TiledMap generated from 1.11.0. Supported version: 1.9.0. Some features may not be parsed fully.
01:26:01.195 [FXGL Background Thread 2 ] DEBUG TMXLevelLoader       - Parsed TiledMap: file:/C:/Users/Balong/Desktop/JavaFXGame-3/target/classes/assets/levels/tmx/level1.tmx
01:26:01.196 [FXGL Background Thread 2 ] DEBUG TMXLevelLoader       - Creating tile layer entities
01:26:01.197 [FXGL Background Thread 2 ] DEBUG TilesetLoader        - Loading view for layer Tile Layer 1
01:26:01.198 [FXGL Background Thread 2 ] DEBUG TilesetLoader        - Created buffer with size 1050.0x700.0
01:26:01.204 [FXGL Background Thread 2 ] DEBUG TMXLevelLoader       - Creating object layer entities
01:26:01.218 [FXGL Background Thread 2 ] DEBUG FXGLAssetLoaderServi - Loading from file system: file:/C:/Users/Balong/Desktop/JavaFXGame-3/target/classes/assets/textures/button.png
01:26:01.226 [FXGL Background Thread 2 ] DEBUG GameWorld            - Clearing removable entities
01:26:01.227 [FXGL Background Thread 2 ] DEBUG GameWorld            - Setting level: com.almasb.fxgl.entity.level.Level@a403eb5
01:26:01.231 [FXGL Background Thread 2 ] DEBUG FXGLAssetLoaderServi - Loading from file system: file:/C:/Users/Balong/Desktop/JavaFXGame-3/target/classes/assets/textures/player1.png
01:26:01.240 [FXGL Background Thread 2 ] DEBUG Input                - Registered new binding: Jump0 - W
01:26:01.241 [FXGL Background Thread 2 ] DEBUG Input                - Registered new binding: Left0 - A
01:26:01.241 [FXGL Background Thread 2 ] DEBUG Input                - Registered new binding: Right0 - D
01:26:01.241 [FXGL Background Thread 2 ] DEBUG Input                - Registered new binding: Use0 - E
01:26:01.242 [FXGL Background Thread 2 ] DEBUG FXGLAssetLoaderServi - Loading from file system: file:/C:/Users/Balong/Desktop/JavaFXGame-3/target/classes/assets/textures/background/manila.png
01:26:01.253 [FXGL Background Thread 2 ] INFO  FXGLApplication      - Game initialization took: 0.088 sec
01:26:01.254 [JavaFX Application Thread] DEBUG Input                - Clearing active input actions
01:26:01.257 [JavaFX Application Thread] DEBUG GameApplicationServi - Removing overlay from MainLoadingScene and adding to GameScene
01:26:01.260 [JavaFX Application Thread] DEBUG PrimaryStageWindow   - MainLoadingScene -> GameScene
01:26:01.441 [FXGL Background Thread 3 ] DEBUG Engine               - Logging environment variables
01:26:01.441 [FXGL Background Thread 3 ] DEBUG Engine               - achievements: []
01:26:01.441 [FXGL Background Thread 3 ] DEBUG Engine               - actualHeight: 720.0
01:26:01.441 [FXGL Background Thread 3 ] DEBUG Engine               - actualHeightProperty: ReadOnlyDoubleProperty [value: 720.0]
01:26:01.441 [FXGL Background Thread 3 ] DEBUG Engine               - actualWidth: 1280.0
01:26:01.441 [FXGL Background Thread 3 ] DEBUG Engine               - actualWidthProperty: ReadOnlyDoubleProperty [value: 1280.0]
01:26:01.441 [FXGL Background Thread 3 ] DEBUG Engine               - appIcon: fxgl_icon.png
01:26:01.441 [FXGL Background Thread 3 ] DEBUG Engine               - applicationMode: DEVELOPER
01:26:01.441 [FXGL Background Thread 3 ] DEBUG Engine               - cSSList: [fxgl_dark.css]
01:26:01.441 [FXGL Background Thread 3 ] DEBUG Engine               - collisionDetectionStrategy: BRUTE_FORCE
01:26:01.441 [FXGL Background Thread 3 ] DEBUG Engine               - configClass: Optional.empty
01:26:01.441 [FXGL Background Thread 3 ] DEBUG Engine               - credits: []
01:26:01.442 [FXGL Background Thread 3 ] DEBUG Engine               - defaultCursor: CursorInfo(imageName=fxgl_default_cursor.png, hotspotX=7.0, hotspotY=6.0)
01:26:01.442 [FXGL Background Thread 3 ] DEBUG Engine               - devBBoxColorProperty: ObjectProperty [value: 0xff0000ff]
01:26:01.442 [FXGL Background Thread 3 ] DEBUG Engine               - devEnableDebugCameraProperty: BooleanProperty [value: false]
01:26:01.442 [FXGL Background Thread 3 ] DEBUG Engine               - devSensorColorProperty: ObjectProperty [value: 0xffff00ff]
01:26:01.442 [FXGL Background Thread 3 ] DEBUG Engine               - devShowBBoxProperty: BooleanProperty [value: false]
01:26:01.442 [FXGL Background Thread 3 ] DEBUG Engine               - devShowPositionProperty: BooleanProperty [value: false]
01:26:01.442 [FXGL Background Thread 3 ] DEBUG Engine               - enabledMenuItems: []
01:26:01.442 [FXGL Background Thread 3 ] DEBUG Engine               - engineServices: [class com.almasb.fxgl.app.services.FXGLAssetLoaderService, class com.almasb.fxgl.app.FXGLApplication$GameApplicationService, class com.almasb.fxgl.app.services.FXGLDialogService, class com.almasb.fxgl.app.services.IOTaskExecutorService, class com.almasb.fxgl.io.FileSystemService, class com.almasb.fxgl.localization.LocalizationService, class com.almasb.fxgl.app.services.SystemBundleService, class com.almasb.fxgl.profile.SaveLoadService, class com.almasb.fxgl.ui.FXGLUIFactoryServiceProvider, class com.almasb.fxgl.ui.FXGLDialogFactoryServiceProvider, class com.almasb.fxgl.audio.AudioPlayer, class com.almasb.fxgl.notification.impl.NotificationServiceProvider, class com.almasb.fxgl.achievement.AchievementService, class com.almasb.fxgl.cutscene.CutsceneService, class com.almasb.fxgl.minigames.MiniGameService, class com.almasb.fxgl.net.NetService, class com.almasb.fxgl.app.services.UpdaterService, class com.almasb.fxgl.dev.DevService]
01:26:01.442 [FXGL Background Thread 3 ] DEBUG Engine               - fontGame: Abel-Regular.ttf
01:26:01.442 [FXGL Background Thread 3 ] DEBUG Engine               - fontMono: TerminalLandMono-Regular.otf
01:26:01.442 [FXGL Background Thread 3 ] DEBUG Engine               - fontText: Courier-Prime.ttf
01:26:01.442 [FXGL Background Thread 3 ] DEBUG Engine               - fontUI: VarelaRound-Regular.ttf
01:26:01.442 [FXGL Background Thread 3 ] DEBUG Engine               - fullScreen: BooleanProperty [value: false]
01:26:01.442 [FXGL Background Thread 3 ] DEBUG Engine               - gameDifficulty: MEDIUM
01:26:01.442 [FXGL Background Thread 3 ] DEBUG Engine               - gameDifficultyProperty: ObjectProperty [value: MEDIUM]
01:26:01.442 [FXGL Background Thread 3 ] DEBUG Engine               - globalMusicVolume: 0.5
01:26:01.442 [FXGL Background Thread 3 ] DEBUG Engine               - globalMusicVolumeProperty: DoubleProperty [value: 0.25]
01:26:01.442 [FXGL Background Thread 3 ] DEBUG Engine               - globalSoundVolume: 0.5
01:26:01.442 [FXGL Background Thread 3 ] DEBUG Engine               - globalSoundVolumeProperty: DoubleProperty [value: 0.5]
01:26:01.443 [FXGL Background Thread 3 ] DEBUG Engine               - height: 720
01:26:01.443 [FXGL Background Thread 3 ] DEBUG Engine               - is3D: false
01:26:01.443 [FXGL Background Thread 3 ] DEBUG Engine               - isAndroid: false
01:26:01.443 [FXGL Background Thread 3 ] DEBUG Engine               - isBrowser: false
01:26:01.443 [FXGL Background Thread 3 ] DEBUG Engine               - isClickFeedbackEnabled: false
01:26:01.443 [FXGL Background Thread 3 ] DEBUG Engine               - isCloseConfirmation: false
01:26:01.443 [FXGL Background Thread 3 ] DEBUG Engine               - isDesktop: true
01:26:01.443 [FXGL Background Thread 3 ] DEBUG Engine               - isDeveloperMenuEnabled: true
01:26:01.443 [FXGL Background Thread 3 ] DEBUG Engine               - isEmbedded: false
01:26:01.443 [FXGL Background Thread 3 ] DEBUG Engine               - isEntityPreloadEnabled: true
01:26:01.443 [FXGL Background Thread 3 ] DEBUG Engine               - isExperimentalTiledLargeMap: false
01:26:01.443 [FXGL Background Thread 3 ] DEBUG Engine               - isFileSystemWriteAllowed: true
01:26:01.443 [FXGL Background Thread 3 ] DEBUG Engine               - isFullScreenAllowed: false
01:26:01.443 [FXGL Background Thread 3 ] DEBUG Engine               - isFullScreenFromStart: false
01:26:01.443 [FXGL Background Thread 3 ] DEBUG Engine               - isGameMenuEnabled: true
01:26:01.443 [FXGL Background Thread 3 ] DEBUG Engine               - isIOS: false
01:26:01.443 [FXGL Background Thread 3 ] DEBUG Engine               - isIntroEnabled: false
01:26:01.443 [FXGL Background Thread 3 ] DEBUG Engine               - isLinux: false
01:26:01.443 [FXGL Background Thread 3 ] DEBUG Engine               - isMac: false
01:26:01.443 [FXGL Background Thread 3 ] DEBUG Engine               - isMainMenuEnabled: true
01:26:01.443 [FXGL Background Thread 3 ] DEBUG Engine               - isManualResizeEnabled: false
01:26:01.443 [FXGL Background Thread 3 ] DEBUG Engine               - isMobile: false
01:26:01.443 [FXGL Background Thread 3 ] DEBUG Engine               - isNative: false
01:26:01.443 [FXGL Background Thread 3 ] DEBUG Engine               - isPauseMusicWhenMinimized: true
01:26:01.443 [FXGL Background Thread 3 ] DEBUG Engine               - isPreserveResizeRatio: false
01:26:01.443 [FXGL Background Thread 3 ] DEBUG Engine               - isProfilingEnabled: false
01:26:01.443 [FXGL Background Thread 3 ] DEBUG Engine               - isScaleAffectedOnResize: true
01:26:01.443 [FXGL Background Thread 3 ] DEBUG Engine               - isSingleStep: false
01:26:01.443 [FXGL Background Thread 3 ] DEBUG Engine               - isUserProfileEnabled: false
01:26:01.443 [FXGL Background Thread 3 ] DEBUG Engine               - isWindows: true
01:26:01.443 [FXGL Background Thread 3 ] DEBUG Engine               - language: ObjectProperty [value: ENGLISH]
01:26:01.443 [FXGL Background Thread 3 ] DEBUG Engine               - menuKey: ESCAPE
01:26:01.444 [FXGL Background Thread 3 ] DEBUG Engine               - mouseSensitivity: 0.2
01:26:01.444 [FXGL Background Thread 3 ] DEBUG Engine               - notificationViewClass: class com.almasb.fxgl.notification.view.XboxNotificationView
01:26:01.444 [FXGL Background Thread 3 ] DEBUG Engine               - pixelsPerMeter: 50.0
01:26:01.444 [FXGL Background Thread 3 ] DEBUG Engine               - platform: WINDOWS
01:26:01.444 [FXGL Background Thread 3 ] DEBUG Engine               - prefHeightProperty: ReadOnlyDoubleProperty [value: 720.0]
01:26:01.444 [FXGL Background Thread 3 ] DEBUG Engine               - prefWidthProperty: ReadOnlyDoubleProperty [value: 1280.0]
01:26:01.444 [FXGL Background Thread 3 ] DEBUG Engine               - profileDir: profiles/
01:26:01.444 [FXGL Background Thread 3 ] DEBUG Engine               - profileName: StringProperty [value: DEFAULT]
01:26:01.444 [FXGL Background Thread 3 ] DEBUG Engine               - randomSeed: -1
01:26:01.444 [FXGL Background Thread 3 ] DEBUG Engine               - runtimeInfo: RuntimeInfo(platform=WINDOWS, version=17.2, build=20.08.2022 16.50)
01:26:01.444 [FXGL Background Thread 3 ] DEBUG Engine               - saveFileExt: sav
01:26:01.444 [FXGL Background Thread 3 ] DEBUG Engine               - scaledHeightProp$fxgl: DoubleProperty [bound, value: 720.0]
01:26:01.444 [FXGL Background Thread 3 ] DEBUG Engine               - scaledWidthProp$fxgl: DoubleProperty [bound, value: 1280.0]
01:26:01.444 [FXGL Background Thread 3 ] DEBUG Engine               - sceneFactory: com.sunsofgod.PlatformerApp$1@49ec0f7a
01:26:01.444 [FXGL Background Thread 3 ] DEBUG Engine               - secondsIn24h: 60
01:26:01.444 [FXGL Background Thread 3 ] DEBUG Engine               - soundMenuBack: menu/back.wav
01:26:01.444 [FXGL Background Thread 3 ] DEBUG Engine               - soundMenuPress: menu/press.wav
01:26:01.444 [FXGL Background Thread 3 ] DEBUG Engine               - soundMenuSelect: menu/select.wav
01:26:01.445 [FXGL Background Thread 3 ] DEBUG Engine               - soundNotification: core/notification.wav
01:26:01.445 [FXGL Background Thread 3 ] DEBUG Engine               - stageStyle: DECORATED
01:26:01.445 [FXGL Background Thread 3 ] DEBUG Engine               - supportedLanguages: [ENGLISH, FRENCH, GERMAN, HUNGARIAN, RUSSIAN]
01:26:01.445 [FXGL Background Thread 3 ] DEBUG Engine               - ticksPerSecond: -1
01:26:01.445 [FXGL Background Thread 3 ] DEBUG Engine               - title: Untitled
01:26:01.445 [FXGL Background Thread 3 ] DEBUG Engine               - urlGithub: https://github.com/AlmasB/FXGL
01:26:01.445 [FXGL Background Thread 3 ] DEBUG Engine               - urlLeaderboard: http://fxgl-top.herokuapp.com/
01:26:01.445 [FXGL Background Thread 3 ] DEBUG Engine               - urlPOM: https://raw.githubusercontent.com/AlmasB/FXGL/release/README.md
01:26:01.445 [FXGL Background Thread 3 ] DEBUG Engine               - userAppClass: class com.sunsofgod.PlatformerApp
01:26:01.445 [FXGL Background Thread 3 ] DEBUG Engine               - version: 0.0
01:26:01.445 [FXGL Background Thread 3 ] DEBUG Engine               - versionCheckDays: 7
01:26:01.445 [FXGL Background Thread 3 ] DEBUG Engine               - width: 1280
01:26:01.445 [FXGL Background Thread 3 ] DEBUG Engine               - Logging services
01:26:01.445 [FXGL Background Thread 3 ] DEBUG Engine               - class com.almasb.fxgl.app.services.FXGLAssetLoaderService
01:26:01.445 [FXGL Background Thread 3 ] DEBUG Engine               - class com.almasb.fxgl.app.FXGLApplication$GameApplicationService
01:26:01.446 [FXGL Background Thread 3 ] DEBUG Engine               - class com.almasb.fxgl.app.services.FXGLDialogService
01:26:01.446 [FXGL Background Thread 3 ] DEBUG Engine               - class com.almasb.fxgl.app.services.IOTaskExecutorService
01:26:01.446 [FXGL Background Thread 3 ] DEBUG Engine               - class com.almasb.fxgl.io.FileSystemService
01:26:01.446 [FXGL Background Thread 3 ] DEBUG Engine               - class com.almasb.fxgl.localization.LocalizationService
01:26:01.446 [FXGL Background Thread 3 ] DEBUG Engine               - class com.almasb.fxgl.app.services.SystemBundleService
01:26:01.446 [FXGL Background Thread 3 ] DEBUG Engine               - class com.almasb.fxgl.profile.SaveLoadService
01:26:01.446 [FXGL Background Thread 3 ] DEBUG Engine               - class com.almasb.fxgl.ui.FXGLUIFactoryServiceProvider
01:26:01.446 [FXGL Background Thread 3 ] DEBUG Engine               - class com.almasb.fxgl.ui.FXGLDialogFactoryServiceProvider
01:26:01.446 [FXGL Background Thread 3 ] DEBUG Engine               - class com.almasb.fxgl.audio.AudioPlayer
01:26:01.446 [FXGL Background Thread 3 ] DEBUG Engine               - class com.almasb.fxgl.notification.impl.NotificationServiceProvider
01:26:01.446 [FXGL Background Thread 3 ] DEBUG Engine               - class com.almasb.fxgl.achievement.AchievementService
01:26:01.446 [FXGL Background Thread 3 ] DEBUG Engine               - class com.almasb.fxgl.cutscene.CutsceneService
01:26:01.446 [FXGL Background Thread 3 ] DEBUG Engine               - class com.almasb.fxgl.minigames.MiniGameService
01:26:01.446 [FXGL Background Thread 3 ] DEBUG Engine               - class com.almasb.fxgl.net.NetService
01:26:01.446 [FXGL Background Thread 3 ] DEBUG Engine               - class com.almasb.fxgl.app.services.UpdaterService
01:26:01.446 [FXGL Background Thread 3 ] DEBUG Engine               - class com.almasb.fxgl.dev.DevService
01:26:02.969 [JavaFX Application Thread] DEBUG FXGLAssetLoaderServi - Loading from file system: file:/C:/Users/Balong/Desktop/JavaFXGame-3/target/classes/assets/textures/exit_sign.png
01:26:05.898 [JavaFX Application Thread] DEBUG PrimaryStageWindow   - Push state: LevelCompletionScene
01:26:05.898 [JavaFX Application Thread] DEBUG Input                - Clearing active input actions
01:26:05.898 [JavaFX Application Thread] DEBUG GameApplicationServi - Removing overlay from GameScene and adding to LevelCompletionScene
01:26:05.899 [JavaFX Application Thread] DEBUG PrimaryStageWindow   - GameScene -> LevelCompletionScene
01:26:05.900 [JavaFX Application Thread] WARN  TMXLevelLoader       - TiledMap generated from 1.11.0. Supported version: 1.9.0. Some features may not be parsed fully.
01:26:05.901 [JavaFX Application Thread] DEBUG TMXLevelLoader       - Parsed TiledMap: file:/C:/Users/Balong/Desktop/JavaFXGame-3/target/classes/assets/levels/tmx/level2.tmx
01:26:05.902 [JavaFX Application Thread] DEBUG TMXLevelLoader       - Creating tile layer entities
01:26:05.902 [JavaFX Application Thread] DEBUG TilesetLoader        - Loading view for layer Tile Layer 1
01:26:05.902 [JavaFX Application Thread] DEBUG TilesetLoader        - Created buffer with size 1050.0x700.0
01:26:05.909 [JavaFX Application Thread] DEBUG TMXLevelLoader       - Creating object layer entities
01:26:05.911 [JavaFX Application Thread] DEBUG GameWorld            - Clearing removable entities
01:26:05.912 [JavaFX Application Thread] DEBUG GameWorld            - Setting level: com.almasb.fxgl.entity.level.Level@7ec74e0
01:26:08.293 [JavaFX Application Thread] DEBUG PrimaryStageWindow   - Pop state: LevelCompletionScene
01:26:08.293 [JavaFX Application Thread] DEBUG Input                - Clearing active input actions
01:26:08.294 [JavaFX Application Thread] DEBUG GameApplicationServi - Removing overlay from LevelCompletionScene and adding to GameScene
01:26:08.294 [JavaFX Application Thread] DEBUG PrimaryStageWindow   - GameScene <- LevelCompletionScene
01:26:08.834 [JavaFX Application Thread] DEBUG PrimaryStageWindow   - Push state: PauseMenuScene
01:26:08.834 [JavaFX Application Thread] DEBUG Input                - Clearing active input actions
01:26:08.834 [JavaFX Application Thread] DEBUG GameApplicationServi - Removing overlay from GameScene and adding to PauseMenuScene
01:26:08.834 [JavaFX Application Thread] DEBUG PrimaryStageWindow   - GameScene -> PauseMenuScene
01:26:11.059 [JavaFX Application Thread] DEBUG PrimaryStageWindow   - Pop state: PauseMenuScene
01:26:11.059 [JavaFX Application Thread] DEBUG Input                - Clearing active input actions
01:26:11.059 [JavaFX Application Thread] DEBUG GameApplicationServi - Removing overlay from PauseMenuScene and adding to GameScene
01:26:11.060 [JavaFX Application Thread] DEBUG PrimaryStageWindow   - GameScene <- PauseMenuScene
01:26:11.091 [JavaFX Application Thread] DEBUG PrimaryStageWindow   - Push state: RiderMainMenuScene
01:26:11.091 [JavaFX Application Thread] DEBUG Input                - Clearing active input actions
01:26:11.091 [JavaFX Application Thread] DEBUG GameApplicationServi - Removing overlay from GameScene and adding to RiderMainMenuScene
01:26:11.092 [JavaFX Application Thread] DEBUG PrimaryStageWindow   - GameScene -> RiderMainMenuScene
01:26:12.455 [JavaFX Application Thread] DEBUG PrimaryStageWindow   - Push state: PlayerSelectScene
01:26:12.456 [JavaFX Application Thread] DEBUG Input                - Clearing active input actions
01:26:12.456 [JavaFX Application Thread] DEBUG GameApplicationServi - Removing overlay from RiderMainMenuScene and adding to PlayerSelectScene
01:26:12.456 [JavaFX Application Thread] DEBUG PrimaryStageWindow   - RiderMainMenuScene -> PlayerSelectScene
01:26:14.489 [JavaFX Application Thread] DEBUG PrimaryStageWindow   - Push state: LevelSelectScene
01:26:14.489 [JavaFX Application Thread] DEBUG Input                - Clearing active input actions
01:26:14.489 [JavaFX Application Thread] DEBUG GameApplicationServi - Removing overlay from PlayerSelectScene and adding to LevelSelectScene
01:26:14.490 [JavaFX Application Thread] DEBUG PrimaryStageWindow   - PlayerSelectScene -> LevelSelectScene
01:26:15.954 [JavaFX Application Thread] DEBUG Menu                 - fireNewGame()
01:26:15.954 [JavaFX Application Thread] DEBUG GameApplicationServi - Starting new game
01:26:15.954 [JavaFX Application Thread] DEBUG PrimaryStageWindow   - Pop state: LevelSelectScene
01:26:15.955 [JavaFX Application Thread] DEBUG Input                - Clearing active input actions
01:26:15.955 [JavaFX Application Thread] DEBUG GameApplicationServi - Removing overlay from LevelSelectScene and adding to PlayerSelectScene
01:26:15.955 [JavaFX Application Thread] DEBUG PrimaryStageWindow   - PlayerSelectScene <- LevelSelectScene
01:26:15.955 [JavaFX Application Thread] DEBUG PrimaryStageWindow   - Pop state: PlayerSelectScene
01:26:15.955 [JavaFX Application Thread] DEBUG Input                - Clearing active input actions
01:26:15.955 [JavaFX Application Thread] DEBUG GameApplicationServi - Removing overlay from PlayerSelectScene and adding to RiderMainMenuScene
01:26:15.955 [JavaFX Application Thread] DEBUG PrimaryStageWindow   - RiderMainMenuScene <- PlayerSelectScene
01:26:15.955 [JavaFX Application Thread] DEBUG PrimaryStageWindow   - Pop state: RiderMainMenuScene
01:26:15.955 [JavaFX Application Thread] DEBUG Input                - Clearing active input actions
01:26:15.956 [JavaFX Application Thread] DEBUG GameApplicationServi - Removing overlay from RiderMainMenuScene and adding to GameScene
01:26:15.956 [JavaFX Application Thread] DEBUG PrimaryStageWindow   - GameScene <- RiderMainMenuScene
01:26:15.956 [JavaFX Application Thread] DEBUG Input                - Clearing active input actions
01:26:15.959 [JavaFX Application Thread] DEBUG GameApplicationServi - Removing overlay from GameScene and adding to MainLoadingScene
01:26:15.959 [JavaFX Application Thread] DEBUG PrimaryStageWindow   - GameScene -> MainLoadingScene
01:26:15.959 [JavaFX Application Thread] DEBUG GameApplicationServi - Clearing previous game
01:26:15.959 [JavaFX Application Thread] DEBUG GameScene            - Clearing game scene
01:26:15.959 [JavaFX Application Thread] DEBUG GameWorld            - Clearing game world
01:26:15.959 [JavaFX Application Thread] DEBUG PhysicsWorld         - Clearing physics world
01:26:15.960 [FXGL Background Thread 2 ] DEBUG FXGLApplication      - Initializing game
01:26:15.961 [FXGL Background Thread 2 ] WARN  TMXLevelLoader       - TiledMap generated from 1.11.0. Supported version: 1.9.0. Some features may not be parsed fully.
01:26:15.963 [FXGL Background Thread 2 ] DEBUG TMXLevelLoader       - Parsed TiledMap: file:/C:/Users/Balong/Desktop/JavaFXGame-3/target/classes/assets/levels/tmx/level15.tmx
01:26:15.963 [FXGL Background Thread 2 ] DEBUG TMXLevelLoader       - Creating tile layer entities
01:26:15.963 [FXGL Background Thread 2 ] DEBUG TilesetLoader        - Loading view for layer Tile Layer 1
01:26:15.964 [FXGL Background Thread 2 ] DEBUG TilesetLoader        - Created buffer with size 1050.0x700.0
01:26:15.969 [FXGL Background Thread 2 ] DEBUG TMXLevelLoader       - Creating object layer entities
01:26:15.972 [FXGL Background Thread 2 ] DEBUG GameWorld            - Clearing removable entities
01:26:15.972 [FXGL Background Thread 2 ] DEBUG GameWorld            - Setting level: com.almasb.fxgl.entity.level.Level@1c2ee235
01:26:15.973 [FXGL Background Thread 2 ] DEBUG FXGLAssetLoaderServi - Loading from file system: file:/C:/Users/Balong/Desktop/JavaFXGame-3/target/classes/assets/textures/player2.png
01:26:15.975 [FXGL Background Thread 2 ] DEBUG FXGLAssetLoaderServi - Loading from file system: file:/C:/Users/Balong/Desktop/JavaFXGame-3/target/classes/assets/textures/player3.png
01:26:15.976 [FXGL Background Thread 2 ] DEBUG FXGLAssetLoaderServi - Loading from file system: file:/C:/Users/Balong/Desktop/JavaFXGame-3/target/classes/assets/textures/player4.png
01:26:15.981 [JavaFX Application Thread] DEBUG LoopRunner           - Stopping loop
01:26:15.982 [JavaFX Application Thread] FATAL FXGLApplication      - Uncaught Exception:
java.lang.RuntimeException: Initialization failed
	at com.almasb.fxgl.all@17.2/com.almasb.fxgl.app.FXGLApplication$InitAppTask.failed(FXGLApplication.kt:343)
	at javafx.graphics/javafx.concurrent.Task.setState(Task.java:710)
	at javafx.graphics/javafx.concurrent.Task$TaskCallable.lambda$call$2(Task.java:1456)
	at javafx.graphics/com.sun.javafx.application.PlatformImpl.lambda$runLater$10(PlatformImpl.java:457)
	at java.base/java.security.AccessController.doPrivileged(AccessController.java:400)
	at javafx.graphics/com.sun.javafx.application.PlatformImpl.lambda$runLater$11(PlatformImpl.java:456)
	at javafx.graphics/com.sun.glass.ui.InvokeLaterDispatcher$Future.run(InvokeLaterDispatcher.java:96)
	at javafx.graphics/com.sun.glass.ui.win.WinApplication._runLoop(Native Method)
	at javafx.graphics/com.sun.glass.ui.win.WinApplication.lambda$runLoop$3(WinApplication.java:184)
	at java.base/java.lang.Thread.run(Thread.java:1583)
Caused by: java.lang.IllegalArgumentException: Action already exists: Jump0
	at com.almasb.fxgl.core@17.2/com.almasb.fxgl.input.Input.addBinding(Input.kt:511)
	at com.almasb.fxgl.core@17.2/com.almasb.fxgl.input.Input.addAction(Input.kt:507)
	at com.almasb.fxgl.core@17.2/com.almasb.fxgl.input.Input.addAction$default(Input.kt:504)
	at com.almasb.fxgl.core@17.2/com.almasb.fxgl.input.Input.addAction(Input.kt)
	at com.sunsofgod/com.sunsofgod.PlatformerApp.bindKeys(PlatformerApp.java:147)
	at com.sunsofgod/com.sunsofgod.PlatformerApp.initGame(PlatformerApp.java:411)
	at com.almasb.fxgl.all@17.2/com.almasb.fxgl.app.FXGLApplication$InitAppTask.initGame(FXGLApplication.kt:339)
	at com.almasb.fxgl.all@17.2/com.almasb.fxgl.app.FXGLApplication$InitAppTask.call(FXGLApplication.kt:319)
	at com.almasb.fxgl.all@17.2/com.almasb.fxgl.app.FXGLApplication$InitAppTask.call(FXGLApplication.kt:311)
	at javafx.graphics/javafx.concurrent.Task$TaskCallable.call(Task.java:1426)
	at java.base/java.util.concurrent.FutureTask.run(FutureTask.java:317)
	at java.base/java.util.concurrent.Executors$RunnableAdapter.call(Executors.java:572)
	at java.base/java.util.concurrent.FutureTask.run(FutureTask.java:317)
	at java.base/java.util.concurrent.ThreadPoolExecutor.runWorker(ThreadPoolExecutor.java:1144)
	at java.base/java.util.concurrent.ThreadPoolExecutor$Worker.run(ThreadPoolExecutor.java:642)
	... 1 more

01:26:15.984 [JavaFX Application Thread] FATAL FXGLApplication      - Application will now exit
01:26:15.986 [JavaFX Application Thread] DEBUG PrimaryStageWindow   - Push state: ErrorSubScene
01:26:15.987 [JavaFX Application Thread] DEBUG Input                - Clearing active input actions
01:26:15.987 [JavaFX Application Thread] DEBUG GameApplicationServi - Removing overlay from MainLoadingScene and adding to ErrorSubScene
01:26:15.987 [JavaFX Application Thread] DEBUG PrimaryStageWindow   - MainLoadingScene -> ErrorSubScene
01:26:36.815 [JavaFX Application Thread] DEBUG FXGLApplication      - Exiting FXGL
01:26:36.815 [JavaFX Application Thread] DEBUG Async                - Shutting down background threads
01:26:36.815 [JavaFX Application Thread] DEBUG PrimaryStageWindow   - Closing main window
01:26:36.824 [JavaFX Application Thread] DEBUG Logger               - Closing Logger
