02:54:42.348 [main                     ] DEBUG Logger               - Configured Logger
02:54:42.363 [main                     ] DEBUG GameApplication      - Logging settings
Title: Untitled
Version: 0.0
Width: 1280
Height: 720
Fullscreen: false
Intro: false
Profiling: false
Single step:false
App Mode: DEVELOPER
Menu Key: ESCAPE
Stage Style: DECORATED
Scene Factory: class com.sunsofgod.PlatformerApp$1

02:54:42.612 [JavaFX Application Thread] DEBUG FXGLApplication      - Initializing FXGL
02:54:42.615 [JavaFX Application Thread] INFO  Engine               - FXGL-17.2 (20.08.2022 16.50) on WINDOWS (J:21.0.4 FX:17.0.12)
02:54:42.616 [JavaFX Application Thread] DEBUG Engine               - JRE Vendor Name: Eclipse Adoptium
02:54:42.616 [JavaFX Application Thread] DEBUG Engine               - Running on OS: Windows 11 version 10.0
02:54:42.616 [JavaFX Application Thread] DEBUG Engine               - Architecture: amd64
02:54:42.616 [JavaFX Application Thread] INFO  Engine               - Source code and latest versions at: https://github.com/AlmasB/FXGL
02:54:42.616 [JavaFX Application Thread] INFO  Engine               -       Ask questions and discuss at: https://github.com/AlmasB/FXGL/discussions
02:54:42.616 [JavaFX Application Thread] INFO  Engine               -              Join the FXGL chat at: https://gitter.im/AlmasB/FXGL
02:54:42.682 [JavaFX Application Thread] DEBUG PrimaryStageWindow   - Creating a JavaFX scene
02:54:42.713 [JavaFX Application Thread] DEBUG PrimaryStageWindow   - Target settings size: 1280.0 x 720.0
02:54:42.713 [JavaFX Application Thread] DEBUG PrimaryStageWindow   - Scaled scene size:    1280.0 x 720.0
02:54:42.713 [JavaFX Application Thread] DEBUG PrimaryStageWindow   - Scaled ratio: (1.0, 1.0)
02:54:42.714 [JavaFX Application Thread] DEBUG PrimaryStageWindow   - Set initial scene to FXGLStartupScene
02:54:42.718 [JavaFX Application Thread] DEBUG PrimaryStageWindow   - Opening main window
02:54:42.777 [JavaFX Application Thread] DEBUG PrimaryStageWindow   - Window border size: (14.4000244140625, 37.5999755859375)
02:54:42.777 [JavaFX Application Thread] DEBUG PrimaryStageWindow   - Scaled size: 1280.0 x 720.0
02:54:42.778 [JavaFX Application Thread] DEBUG PrimaryStageWindow   - Scaled ratio: (1.0, 1.0)
02:54:42.778 [JavaFX Application Thread] DEBUG PrimaryStageWindow   - Scene size: 1280.0 x 720.0
02:54:42.778 [JavaFX Application Thread] DEBUG PrimaryStageWindow   - Stage size: 1294.4000244140625 x 757.5999755859375
02:54:42.783 [FXGL Background Thread 1 ] DEBUG Engine               - Initializing environment variables
02:54:42.815 [FXGL Background Thread 1 ] DEBUG FXGLAssetLoaderServi - User app class for loading assets: class com.sunsofgod.PlatformerApp
02:54:42.815 [FXGL Background Thread 1 ] DEBUG GameApplicationServi - Applying CSS: fxgl_dark.css
02:54:42.816 [FXGL Background Thread 1 ] DEBUG FXGLAssetLoaderServi - Loading from file system: jar:file:///C:/Users/jamie/.m2/repository/com/github/almasb/fxgl/17.2/fxgl-17.2.jar!/fxglassets/ui/css/fxgl_dark.css
02:54:42.847 [FXGL Background Thread 1 ] DEBUG GameApplicationServi - Initializing application scenes
02:54:42.880 [FXGL Background Thread 1 ] WARN  FXGLAssetLoaderServi - Asset "/assets/textures/player.png" was not found!
02:54:42.881 [FXGL Background Thread 1 ] WARN  FXGLAssetLoaderServi - Failed to load IMAGE
02:54:42.908 [FXGL Background Thread 1 ] DEBUG GameWorld            - Game world initialized
02:54:42.939 [FXGL Background Thread 1 ] DEBUG PhysicsWorld         - Physics world initialized: appHeight=720, physics.ppm=50.0
02:54:42.939 [FXGL Background Thread 1 ] DEBUG PhysicsWorld         - Using strategy: BRUTE_FORCE
02:54:42.942 [FXGL Background Thread 1 ] DEBUG GameScene            - Game scene initialized: 1280x720
02:54:43.132 [FXGL Background Thread 1 ] DEBUG GameApplicationServi - Application scenes initialized
02:54:43.142 [FXGL Background Thread 1 ] DEBUG SystemBundleService  - Loading FXGL system data
02:54:43.145 [FXGL Background Thread 1 ] DEBUG FileSystemAccess     - Reading from: C:\Users\jamie\OneDrive\Pictures\JavaFXGame\system\fxgl.bundle
02:54:43.152 [FXGL Background Thread 1 ] DEBUG SystemBundleService  - Bundle FXGL: {}
02:54:43.152 [FXGL Background Thread 1 ] DEBUG UpdaterService       - Checking for updates
02:54:43.170 [FXGL Background Thread 4 ] DEBUG FXGLApplication      - Loading fonts
02:54:43.175 [FXGL Background Thread 4 ] DEBUG FXGLAssetLoaderServi - Loading from file system: jar:file:///C:/Users/jamie/.m2/repository/com/github/almasb/fxgl/17.2/fxgl-17.2.jar!/fxglassets/ui/fonts/VarelaRound-Regular.ttf
02:54:43.176 [FXGL Background Thread 1 ] DEBUG FXGLApplication      - Loading default localization
02:54:43.176 [FXGL Background Thread 1 ] DEBUG FXGLAssetLoaderServi - Loading from file system: jar:file:///C:/Users/jamie/.m2/repository/com/github/almasb/fxgl/17.2/fxgl-17.2.jar!/fxglassets/languages/english.lang
02:54:43.190 [FXGL Background Thread 1 ] INFO  FXGLApplication      - FXGL initialization took: 0.407 sec
02:54:43.191 [JavaFX Application Thread] DEBUG FXGLAssetLoaderServi - Loading from file system: jar:file:///C:/Users/jamie/.m2/repository/com/github/almasb/fxgl/17.2/fxgl-17.2.jar!/fxglassets/textures/fxgl_icon.png
02:54:43.201 [FXGL Background Thread 4 ] DEBUG FXGLAssetLoaderServi - Loading from file system: jar:file:///C:/Users/jamie/.m2/repository/com/github/almasb/fxgl/17.2/fxgl-17.2.jar!/fxglassets/ui/fonts/Abel-Regular.ttf
02:54:43.204 [FXGL Background Thread 4 ] DEBUG FXGLAssetLoaderServi - Loading from file system: jar:file:///C:/Users/jamie/.m2/repository/com/github/almasb/fxgl/17.2/fxgl-17.2.jar!/fxglassets/ui/fonts/TerminalLandMono-Regular.otf
02:54:43.206 [JavaFX Application Thread] DEBUG FXGLAssetLoaderServi - Loading from file system: jar:file:///C:/Users/jamie/.m2/repository/com/github/almasb/fxgl/17.2/fxgl-17.2.jar!/fxglassets/textures/fxgl_default_cursor.png
02:54:43.207 [FXGL Background Thread 4 ] DEBUG FXGLAssetLoaderServi - Loading from file system: jar:file:///C:/Users/jamie/.m2/repository/com/github/almasb/fxgl/17.2/fxgl-17.2.jar!/fxglassets/ui/fonts/Courier-Prime.ttf
02:54:43.216 [JavaFX Application Thread] DEBUG Input                - Registered new binding: Screenshot - CTRL+8
02:54:43.217 [JavaFX Application Thread] DEBUG Input                - Registered new binding: Dev Options - 1
02:54:43.217 [JavaFX Application Thread] DEBUG Input                - Registered new binding: Dev Console - 2
02:54:43.217 [JavaFX Application Thread] DEBUG Input                - Registered new binding: System info dump - CTRL+9
02:54:43.217 [JavaFX Application Thread] DEBUG Input                - Registered new binding: Restart - CTRL+R
02:54:43.218 [JavaFX Application Thread] DEBUG Input                - Registered new binding: Toggle Debug Camera - CTRL+7
02:54:43.220 [JavaFX Application Thread] DEBUG LoopRunner           - Starting loop
02:54:43.230 [JavaFX Application Thread] DEBUG LoopRunner           - Initializing JavaFX AnimationTimerLoop
02:54:43.232 [JavaFX Application Thread] DEBUG Input                - Clearing active input actions
02:54:43.239 [JavaFX Application Thread] DEBUG GameApplicationServi - Removing overlay from FXGLStartupScene and adding to FXGLMainMenuDummyScene
02:54:43.244 [JavaFX Application Thread] DEBUG PrimaryStageWindow   - FXGLStartupScene -> FXGLMainMenuDummyScene
02:54:43.245 [JavaFX Application Thread] DEBUG PrimaryStageWindow   - Push state: RiderMainMenuScene
02:54:43.245 [JavaFX Application Thread] DEBUG Input                - Clearing active input actions
02:54:43.251 [JavaFX Application Thread] DEBUG GameApplicationServi - Removing overlay from FXGLMainMenuDummyScene and adding to RiderMainMenuScene
02:54:43.252 [JavaFX Application Thread] DEBUG PrimaryStageWindow   - FXGLMainMenuDummyScene -> RiderMainMenuScene
02:54:43.383 [JavaFX Application Thread] DEBUG FXGLApplication      - Registering font factories with UI factory
02:54:43.496 [FXGL Background Thread 2 ] INFO  UpdaterService       - Your current version:  17.2
02:54:43.498 [FXGL Background Thread 2 ] INFO  UpdaterService       - Latest stable version: 21.1
02:54:44.857 [JavaFX Application Thread] DEBUG PrimaryStageWindow   - Push state: PlayerSelectScene
02:54:44.857 [JavaFX Application Thread] DEBUG Input                - Clearing active input actions
02:54:44.858 [JavaFX Application Thread] DEBUG GameApplicationServi - Removing overlay from RiderMainMenuScene and adding to PlayerSelectScene
02:54:44.859 [JavaFX Application Thread] DEBUG PrimaryStageWindow   - RiderMainMenuScene -> PlayerSelectScene
02:54:46.169 [FXGL Background Thread 3 ] DEBUG Engine               - Logging environment variables
02:54:46.169 [FXGL Background Thread 3 ] DEBUG Engine               - achievements: []
02:54:46.169 [FXGL Background Thread 3 ] DEBUG Engine               - actualHeight: 720.0
02:54:46.169 [FXGL Background Thread 3 ] DEBUG Engine               - actualHeightProperty: ReadOnlyDoubleProperty [value: 720.0]
02:54:46.169 [FXGL Background Thread 3 ] DEBUG Engine               - actualWidth: 1280.0
02:54:46.169 [FXGL Background Thread 3 ] DEBUG Engine               - actualWidthProperty: ReadOnlyDoubleProperty [value: 1280.0]
02:54:46.170 [FXGL Background Thread 3 ] DEBUG Engine               - appIcon: fxgl_icon.png
02:54:46.170 [FXGL Background Thread 3 ] DEBUG Engine               - applicationMode: DEVELOPER
02:54:46.170 [FXGL Background Thread 3 ] DEBUG Engine               - cSSList: [fxgl_dark.css]
02:54:46.170 [FXGL Background Thread 3 ] DEBUG Engine               - collisionDetectionStrategy: BRUTE_FORCE
02:54:46.170 [FXGL Background Thread 3 ] DEBUG Engine               - configClass: Optional.empty
02:54:46.170 [FXGL Background Thread 3 ] DEBUG Engine               - credits: []
02:54:46.171 [FXGL Background Thread 3 ] DEBUG Engine               - defaultCursor: CursorInfo(imageName=fxgl_default_cursor.png, hotspotX=7.0, hotspotY=6.0)
02:54:46.171 [FXGL Background Thread 3 ] DEBUG Engine               - devBBoxColorProperty: ObjectProperty [value: 0xff0000ff]
02:54:46.171 [FXGL Background Thread 3 ] DEBUG Engine               - devEnableDebugCameraProperty: BooleanProperty [value: false]
02:54:46.171 [FXGL Background Thread 3 ] DEBUG Engine               - devSensorColorProperty: ObjectProperty [value: 0xffff00ff]
02:54:46.171 [FXGL Background Thread 3 ] DEBUG Engine               - devShowBBoxProperty: BooleanProperty [value: false]
02:54:46.171 [FXGL Background Thread 3 ] DEBUG Engine               - devShowPositionProperty: BooleanProperty [value: false]
02:54:46.171 [FXGL Background Thread 3 ] DEBUG Engine               - enabledMenuItems: []
02:54:46.171 [FXGL Background Thread 3 ] DEBUG Engine               - engineServices: [class com.almasb.fxgl.app.services.FXGLAssetLoaderService, class com.almasb.fxgl.app.FXGLApplication$GameApplicationService, class com.almasb.fxgl.app.services.FXGLDialogService, class com.almasb.fxgl.app.services.IOTaskExecutorService, class com.almasb.fxgl.io.FileSystemService, class com.almasb.fxgl.localization.LocalizationService, class com.almasb.fxgl.app.services.SystemBundleService, class com.almasb.fxgl.profile.SaveLoadService, class com.almasb.fxgl.ui.FXGLUIFactoryServiceProvider, class com.almasb.fxgl.ui.FXGLDialogFactoryServiceProvider, class com.almasb.fxgl.audio.AudioPlayer, class com.almasb.fxgl.notification.impl.NotificationServiceProvider, class com.almasb.fxgl.achievement.AchievementService, class com.almasb.fxgl.cutscene.CutsceneService, class com.almasb.fxgl.minigames.MiniGameService, class com.almasb.fxgl.net.NetService, class com.almasb.fxgl.app.services.UpdaterService, class com.almasb.fxgl.dev.DevService]
02:54:46.171 [FXGL Background Thread 3 ] DEBUG Engine               - fontGame: Abel-Regular.ttf
02:54:46.171 [FXGL Background Thread 3 ] DEBUG Engine               - fontMono: TerminalLandMono-Regular.otf
02:54:46.171 [FXGL Background Thread 3 ] DEBUG Engine               - fontText: Courier-Prime.ttf
02:54:46.171 [FXGL Background Thread 3 ] DEBUG Engine               - fontUI: VarelaRound-Regular.ttf
02:54:46.171 [FXGL Background Thread 3 ] DEBUG Engine               - fullScreen: BooleanProperty [value: false]
02:54:46.171 [FXGL Background Thread 3 ] DEBUG Engine               - gameDifficulty: MEDIUM
02:54:46.171 [FXGL Background Thread 3 ] DEBUG Engine               - gameDifficultyProperty: ObjectProperty [value: MEDIUM]
02:54:46.171 [FXGL Background Thread 3 ] DEBUG Engine               - globalMusicVolume: 0.5
02:54:46.171 [FXGL Background Thread 3 ] DEBUG Engine               - globalMusicVolumeProperty: DoubleProperty [value: 0.25]
02:54:46.171 [FXGL Background Thread 3 ] DEBUG Engine               - globalSoundVolume: 0.5
02:54:46.171 [FXGL Background Thread 3 ] DEBUG Engine               - globalSoundVolumeProperty: DoubleProperty [value: 0.5]
02:54:46.171 [FXGL Background Thread 3 ] DEBUG Engine               - height: 720
02:54:46.171 [FXGL Background Thread 3 ] DEBUG Engine               - is3D: false
02:54:46.171 [FXGL Background Thread 3 ] DEBUG Engine               - isAndroid: false
02:54:46.171 [FXGL Background Thread 3 ] DEBUG Engine               - isBrowser: false
02:54:46.171 [FXGL Background Thread 3 ] DEBUG Engine               - isClickFeedbackEnabled: false
02:54:46.171 [FXGL Background Thread 3 ] DEBUG Engine               - isCloseConfirmation: false
02:54:46.172 [FXGL Background Thread 3 ] DEBUG Engine               - isDesktop: true
02:54:46.172 [FXGL Background Thread 3 ] DEBUG Engine               - isDeveloperMenuEnabled: true
02:54:46.172 [FXGL Background Thread 3 ] DEBUG Engine               - isEmbedded: false
02:54:46.172 [FXGL Background Thread 3 ] DEBUG Engine               - isEntityPreloadEnabled: true
02:54:46.172 [FXGL Background Thread 3 ] DEBUG Engine               - isExperimentalTiledLargeMap: false
02:54:46.172 [FXGL Background Thread 3 ] DEBUG Engine               - isFileSystemWriteAllowed: true
02:54:46.172 [FXGL Background Thread 3 ] DEBUG Engine               - isFullScreenAllowed: false
02:54:46.172 [FXGL Background Thread 3 ] DEBUG Engine               - isFullScreenFromStart: false
02:54:46.172 [FXGL Background Thread 3 ] DEBUG Engine               - isGameMenuEnabled: true
02:54:46.172 [FXGL Background Thread 3 ] DEBUG Engine               - isIOS: false
02:54:46.172 [FXGL Background Thread 3 ] DEBUG Engine               - isIntroEnabled: false
02:54:46.172 [FXGL Background Thread 3 ] DEBUG Engine               - isLinux: false
02:54:46.172 [FXGL Background Thread 3 ] DEBUG Engine               - isMac: false
02:54:46.172 [FXGL Background Thread 3 ] DEBUG Engine               - isMainMenuEnabled: true
02:54:46.172 [FXGL Background Thread 3 ] DEBUG Engine               - isManualResizeEnabled: false
02:54:46.172 [FXGL Background Thread 3 ] DEBUG Engine               - isMobile: false
02:54:46.172 [FXGL Background Thread 3 ] DEBUG Engine               - isNative: false
02:54:46.172 [FXGL Background Thread 3 ] DEBUG Engine               - isPauseMusicWhenMinimized: true
02:54:46.172 [FXGL Background Thread 3 ] DEBUG Engine               - isPreserveResizeRatio: false
02:54:46.172 [FXGL Background Thread 3 ] DEBUG Engine               - isProfilingEnabled: false
02:54:46.172 [FXGL Background Thread 3 ] DEBUG Engine               - isScaleAffectedOnResize: true
02:54:46.172 [FXGL Background Thread 3 ] DEBUG Engine               - isSingleStep: false
02:54:46.172 [FXGL Background Thread 3 ] DEBUG Engine               - isUserProfileEnabled: false
02:54:46.172 [FXGL Background Thread 3 ] DEBUG Engine               - isWindows: true
02:54:46.172 [FXGL Background Thread 3 ] DEBUG Engine               - language: ObjectProperty [value: ENGLISH]
02:54:46.172 [FXGL Background Thread 3 ] DEBUG Engine               - menuKey: ESCAPE
02:54:46.172 [FXGL Background Thread 3 ] DEBUG Engine               - mouseSensitivity: 0.2
02:54:46.174 [FXGL Background Thread 3 ] DEBUG Engine               - notificationViewClass: class com.almasb.fxgl.notification.view.XboxNotificationView
02:54:46.174 [FXGL Background Thread 3 ] DEBUG Engine               - pixelsPerMeter: 50.0
02:54:46.174 [FXGL Background Thread 3 ] DEBUG Engine               - platform: WINDOWS
02:54:46.174 [FXGL Background Thread 3 ] DEBUG Engine               - prefHeightProperty: ReadOnlyDoubleProperty [value: 720.0]
02:54:46.174 [FXGL Background Thread 3 ] DEBUG Engine               - prefWidthProperty: ReadOnlyDoubleProperty [value: 1280.0]
02:54:46.174 [FXGL Background Thread 3 ] DEBUG Engine               - profileDir: profiles/
02:54:46.174 [FXGL Background Thread 3 ] DEBUG Engine               - profileName: StringProperty [value: DEFAULT]
02:54:46.174 [FXGL Background Thread 3 ] DEBUG Engine               - randomSeed: -1
02:54:46.174 [FXGL Background Thread 3 ] DEBUG Engine               - runtimeInfo: RuntimeInfo(platform=WINDOWS, version=17.2, build=20.08.2022 16.50)
02:54:46.174 [FXGL Background Thread 3 ] DEBUG Engine               - saveFileExt: sav
02:54:46.174 [FXGL Background Thread 3 ] DEBUG Engine               - scaledHeightProp$fxgl: DoubleProperty [bound, value: 720.0]
02:54:46.174 [FXGL Background Thread 3 ] DEBUG Engine               - scaledWidthProp$fxgl: DoubleProperty [bound, value: 1280.0]
02:54:46.174 [FXGL Background Thread 3 ] DEBUG Engine               - sceneFactory: com.sunsofgod.PlatformerApp$1@498f259f
02:54:46.174 [FXGL Background Thread 3 ] DEBUG Engine               - secondsIn24h: 60
02:54:46.174 [FXGL Background Thread 3 ] DEBUG Engine               - soundMenuBack: menu/back.wav
02:54:46.174 [FXGL Background Thread 3 ] DEBUG Engine               - soundMenuPress: menu/press.wav
02:54:46.174 [FXGL Background Thread 3 ] DEBUG Engine               - soundMenuSelect: menu/select.wav
02:54:46.174 [FXGL Background Thread 3 ] DEBUG Engine               - soundNotification: core/notification.wav
02:54:46.174 [FXGL Background Thread 3 ] DEBUG Engine               - stageStyle: DECORATED
02:54:46.174 [FXGL Background Thread 3 ] DEBUG Engine               - supportedLanguages: [ENGLISH, FRENCH, GERMAN, HUNGARIAN, RUSSIAN]
02:54:46.174 [FXGL Background Thread 3 ] DEBUG Engine               - ticksPerSecond: -1
02:54:46.174 [FXGL Background Thread 3 ] DEBUG Engine               - title: Untitled
02:54:46.174 [FXGL Background Thread 3 ] DEBUG Engine               - urlGithub: https://github.com/AlmasB/FXGL
02:54:46.174 [FXGL Background Thread 3 ] DEBUG Engine               - urlLeaderboard: http://fxgl-top.herokuapp.com/
02:54:46.174 [FXGL Background Thread 3 ] DEBUG Engine               - urlPOM: https://raw.githubusercontent.com/AlmasB/FXGL/release/README.md
02:54:46.175 [FXGL Background Thread 3 ] DEBUG Engine               - userAppClass: class com.sunsofgod.PlatformerApp
02:54:46.175 [FXGL Background Thread 3 ] DEBUG Engine               - version: 0.0
02:54:46.175 [FXGL Background Thread 3 ] DEBUG Engine               - versionCheckDays: 7
02:54:46.175 [FXGL Background Thread 3 ] DEBUG Engine               - width: 1280
02:54:46.175 [FXGL Background Thread 3 ] DEBUG Engine               - Logging services
02:54:46.175 [FXGL Background Thread 3 ] DEBUG Engine               - class com.almasb.fxgl.app.services.FXGLAssetLoaderService
02:54:46.175 [FXGL Background Thread 3 ] DEBUG Engine               - class com.almasb.fxgl.app.FXGLApplication$GameApplicationService
02:54:46.175 [FXGL Background Thread 3 ] DEBUG Engine               - class com.almasb.fxgl.app.services.FXGLDialogService
02:54:46.175 [FXGL Background Thread 3 ] DEBUG Engine               - class com.almasb.fxgl.app.services.IOTaskExecutorService
02:54:46.175 [FXGL Background Thread 3 ] DEBUG Engine               - class com.almasb.fxgl.io.FileSystemService
02:54:46.175 [FXGL Background Thread 3 ] DEBUG Engine               - class com.almasb.fxgl.localization.LocalizationService
02:54:46.175 [FXGL Background Thread 3 ] DEBUG Engine               - class com.almasb.fxgl.app.services.SystemBundleService
02:54:46.175 [FXGL Background Thread 3 ] DEBUG Engine               - class com.almasb.fxgl.profile.SaveLoadService
02:54:46.175 [FXGL Background Thread 3 ] DEBUG Engine               - class com.almasb.fxgl.ui.FXGLUIFactoryServiceProvider
02:54:46.175 [FXGL Background Thread 3 ] DEBUG Engine               - class com.almasb.fxgl.ui.FXGLDialogFactoryServiceProvider
02:54:46.175 [FXGL Background Thread 3 ] DEBUG Engine               - class com.almasb.fxgl.audio.AudioPlayer
02:54:46.175 [FXGL Background Thread 3 ] DEBUG Engine               - class com.almasb.fxgl.notification.impl.NotificationServiceProvider
02:54:46.175 [FXGL Background Thread 3 ] DEBUG Engine               - class com.almasb.fxgl.achievement.AchievementService
02:54:46.175 [FXGL Background Thread 3 ] DEBUG Engine               - class com.almasb.fxgl.cutscene.CutsceneService
02:54:46.175 [FXGL Background Thread 3 ] DEBUG Engine               - class com.almasb.fxgl.minigames.MiniGameService
02:54:46.175 [FXGL Background Thread 3 ] DEBUG Engine               - class com.almasb.fxgl.net.NetService
02:54:46.175 [FXGL Background Thread 3 ] DEBUG Engine               - class com.almasb.fxgl.app.services.UpdaterService
02:54:46.175 [FXGL Background Thread 3 ] DEBUG Engine               - class com.almasb.fxgl.dev.DevService
02:54:48.369 [JavaFX Application Thread] DEBUG PrimaryStageWindow   - Push state: LevelSelectScene
02:54:48.369 [JavaFX Application Thread] DEBUG Input                - Clearing active input actions
02:54:48.370 [JavaFX Application Thread] DEBUG GameApplicationServi - Removing overlay from PlayerSelectScene and adding to LevelSelectScene
02:54:48.371 [JavaFX Application Thread] DEBUG PrimaryStageWindow   - PlayerSelectScene -> LevelSelectScene
02:54:50.808 [JavaFX Application Thread] DEBUG Menu                 - fireNewGame()
02:54:50.808 [JavaFX Application Thread] DEBUG GameApplicationServi - Starting new game
02:54:50.809 [JavaFX Application Thread] DEBUG PrimaryStageWindow   - Pop state: LevelSelectScene
02:54:50.809 [JavaFX Application Thread] DEBUG Input                - Clearing active input actions
02:54:50.809 [JavaFX Application Thread] DEBUG GameApplicationServi - Removing overlay from LevelSelectScene and adding to PlayerSelectScene
02:54:50.810 [JavaFX Application Thread] DEBUG PrimaryStageWindow   - PlayerSelectScene <- LevelSelectScene
02:54:50.810 [JavaFX Application Thread] DEBUG PrimaryStageWindow   - Pop state: PlayerSelectScene
02:54:50.810 [JavaFX Application Thread] DEBUG Input                - Clearing active input actions
02:54:50.810 [JavaFX Application Thread] DEBUG GameApplicationServi - Removing overlay from PlayerSelectScene and adding to RiderMainMenuScene
02:54:50.810 [JavaFX Application Thread] DEBUG PrimaryStageWindow   - RiderMainMenuScene <- PlayerSelectScene
02:54:50.810 [JavaFX Application Thread] DEBUG PrimaryStageWindow   - Pop state: RiderMainMenuScene
02:54:50.810 [JavaFX Application Thread] DEBUG Input                - Clearing active input actions
02:54:50.810 [JavaFX Application Thread] DEBUG GameApplicationServi - Removing overlay from RiderMainMenuScene and adding to FXGLMainMenuDummyScene
02:54:50.811 [JavaFX Application Thread] DEBUG PrimaryStageWindow   - FXGLMainMenuDummyScene <- RiderMainMenuScene
02:54:50.811 [JavaFX Application Thread] DEBUG Input                - Clearing active input actions
02:54:50.814 [JavaFX Application Thread] DEBUG GameApplicationServi - Removing overlay from FXGLMainMenuDummyScene and adding to MainLoadingScene
02:54:50.814 [JavaFX Application Thread] DEBUG PrimaryStageWindow   - FXGLMainMenuDummyScene -> MainLoadingScene
02:54:50.814 [JavaFX Application Thread] DEBUG GameApplicationServi - Clearing previous game
02:54:50.816 [JavaFX Application Thread] DEBUG GameScene            - Clearing game scene
02:54:50.816 [JavaFX Application Thread] DEBUG GameWorld            - Clearing game world
02:54:50.816 [JavaFX Application Thread] DEBUG PhysicsWorld         - Clearing physics world
02:54:50.816 [FXGL Background Thread 2 ] DEBUG FXGLApplication      - Initializing game
02:54:50.840 [FXGL Background Thread 2 ] WARN  TMXLevelLoader       - TiledMap generated from 1.11.0. Supported version: 1.9.0. Some features may not be parsed fully.
02:54:50.848 [FXGL Background Thread 2 ] DEBUG TMXLevelLoader       - Parsed TiledMap: file:/C:/Users/jamie/OneDrive/Pictures/JavaFXGame/target/classes/assets/levels/tmx/level2.tmx
02:54:50.849 [FXGL Background Thread 2 ] DEBUG TMXLevelLoader       - Creating tile layer entities
02:54:50.851 [FXGL Background Thread 2 ] DEBUG TilesetLoader        - Loading view for layer Tile Layer 1
02:54:50.854 [FXGL Background Thread 2 ] DEBUG TilesetLoader        - Created buffer with size 3500.0x700.0
02:54:50.863 [FXGL Background Thread 2 ] DEBUG TMXLevelLoader       - Creating object layer entities
02:54:50.879 [FXGL Background Thread 2 ] DEBUG GameWorld            - Clearing removable entities
02:54:50.880 [FXGL Background Thread 2 ] DEBUG GameWorld            - Setting level: com.almasb.fxgl.entity.level.Level@11f50885
02:54:50.888 [FXGL Background Thread 2 ] DEBUG FXGLAssetLoaderServi - Loading from file system: file:/C:/Users/jamie/OneDrive/Pictures/JavaFXGame/target/classes/assets/textures/player2.png
02:54:50.893 [FXGL Background Thread 2 ] DEBUG Input                - Clearing active input actions
02:54:50.897 [FXGL Background Thread 2 ] DEBUG Input                - Registered new binding: Jump0 - W
02:54:50.898 [FXGL Background Thread 2 ] DEBUG Input                - Registered new binding: Left0 - A
02:54:50.898 [FXGL Background Thread 2 ] DEBUG Input                - Registered new binding: Right0 - D
02:54:50.898 [FXGL Background Thread 2 ] DEBUG Input                - Registered new binding: Use0 - E
02:54:50.899 [FXGL Background Thread 2 ] DEBUG FXGLAssetLoaderServi - Loading from file system: file:/C:/Users/jamie/OneDrive/Pictures/JavaFXGame/target/classes/assets/textures/background/manila.png
02:54:50.913 [FXGL Background Thread 2 ] INFO  FXGLApplication      - Game initialization took: 0.097 sec
02:54:50.915 [JavaFX Application Thread] DEBUG Input                - Clearing active input actions
02:54:50.919 [JavaFX Application Thread] DEBUG GameApplicationServi - Removing overlay from MainLoadingScene and adding to GameScene
02:54:50.920 [JavaFX Application Thread] DEBUG PrimaryStageWindow   - MainLoadingScene -> GameScene
02:54:56.867 [JavaFX Application Thread] DEBUG FXGLAssetLoaderServi - Loading from file system: file:/C:/Users/jamie/OneDrive/Pictures/JavaFXGame/target/classes/assets/sounds/jump.wav
02:55:25.656 [JavaFX Application Thread] DEBUG FXGLAssetLoaderServi - Loading from file system: file:/C:/Users/jamie/OneDrive/Pictures/JavaFXGame/target/classes/assets/sounds/dead.wav
02:55:26.667 [JavaFX Application Thread] WARN  TMXLevelLoader       - TiledMap generated from 1.11.0. Supported version: 1.9.0. Some features may not be parsed fully.
02:55:26.669 [JavaFX Application Thread] DEBUG TMXLevelLoader       - Parsed TiledMap: file:/C:/Users/jamie/OneDrive/Pictures/JavaFXGame/target/classes/assets/levels/tmx/level2.tmx
02:55:26.669 [JavaFX Application Thread] DEBUG TMXLevelLoader       - Creating tile layer entities
02:55:26.671 [JavaFX Application Thread] DEBUG TilesetLoader        - Loading view for layer Tile Layer 1
02:55:26.672 [JavaFX Application Thread] DEBUG TilesetLoader        - Created buffer with size 3500.0x700.0
02:55:26.680 [JavaFX Application Thread] DEBUG TMXLevelLoader       - Creating object layer entities
02:55:26.684 [JavaFX Application Thread] DEBUG GameWorld            - Clearing removable entities
02:55:26.686 [JavaFX Application Thread] DEBUG GameWorld            - Setting level: com.almasb.fxgl.entity.level.Level@28b67460
02:55:38.797 [JavaFX Application Thread] WARN  TMXLevelLoader       - TiledMap generated from 1.11.0. Supported version: 1.9.0. Some features may not be parsed fully.
02:55:38.801 [JavaFX Application Thread] DEBUG TMXLevelLoader       - Parsed TiledMap: file:/C:/Users/jamie/OneDrive/Pictures/JavaFXGame/target/classes/assets/levels/tmx/level2.tmx
02:55:38.801 [JavaFX Application Thread] DEBUG TMXLevelLoader       - Creating tile layer entities
02:55:38.801 [JavaFX Application Thread] DEBUG TilesetLoader        - Loading view for layer Tile Layer 1
02:55:38.803 [JavaFX Application Thread] DEBUG TilesetLoader        - Created buffer with size 3500.0x700.0
02:55:38.811 [JavaFX Application Thread] DEBUG TMXLevelLoader       - Creating object layer entities
02:55:38.816 [JavaFX Application Thread] DEBUG GameWorld            - Clearing removable entities
02:55:38.817 [JavaFX Application Thread] DEBUG GameWorld            - Setting level: com.almasb.fxgl.entity.level.Level@e8baaac
02:55:50.929 [JavaFX Application Thread] WARN  TMXLevelLoader       - TiledMap generated from 1.11.0. Supported version: 1.9.0. Some features may not be parsed fully.
02:55:50.931 [JavaFX Application Thread] DEBUG TMXLevelLoader       - Parsed TiledMap: file:/C:/Users/jamie/OneDrive/Pictures/JavaFXGame/target/classes/assets/levels/tmx/level2.tmx
02:55:50.931 [JavaFX Application Thread] DEBUG TMXLevelLoader       - Creating tile layer entities
02:55:50.931 [JavaFX Application Thread] DEBUG TilesetLoader        - Loading view for layer Tile Layer 1
02:55:50.932 [JavaFX Application Thread] DEBUG TilesetLoader        - Created buffer with size 3500.0x700.0
02:55:50.939 [JavaFX Application Thread] DEBUG TMXLevelLoader       - Creating object layer entities
02:55:50.944 [JavaFX Application Thread] DEBUG GameWorld            - Clearing removable entities
02:55:50.945 [JavaFX Application Thread] DEBUG GameWorld            - Setting level: com.almasb.fxgl.entity.level.Level@1135f74c
02:56:03.055 [JavaFX Application Thread] WARN  TMXLevelLoader       - TiledMap generated from 1.11.0. Supported version: 1.9.0. Some features may not be parsed fully.
02:56:03.056 [JavaFX Application Thread] DEBUG TMXLevelLoader       - Parsed TiledMap: file:/C:/Users/jamie/OneDrive/Pictures/JavaFXGame/target/classes/assets/levels/tmx/level2.tmx
02:56:03.056 [JavaFX Application Thread] DEBUG TMXLevelLoader       - Creating tile layer entities
02:56:03.056 [JavaFX Application Thread] DEBUG TilesetLoader        - Loading view for layer Tile Layer 1
02:56:03.057 [JavaFX Application Thread] DEBUG TilesetLoader        - Created buffer with size 3500.0x700.0
02:56:03.064 [JavaFX Application Thread] DEBUG TMXLevelLoader       - Creating object layer entities
02:56:03.067 [JavaFX Application Thread] DEBUG GameWorld            - Clearing removable entities
02:56:03.068 [JavaFX Application Thread] DEBUG GameWorld            - Setting level: com.almasb.fxgl.entity.level.Level@1cf1f7f6
02:56:15.180 [JavaFX Application Thread] WARN  TMXLevelLoader       - TiledMap generated from 1.11.0. Supported version: 1.9.0. Some features may not be parsed fully.
02:56:15.182 [JavaFX Application Thread] DEBUG TMXLevelLoader       - Parsed TiledMap: file:/C:/Users/jamie/OneDrive/Pictures/JavaFXGame/target/classes/assets/levels/tmx/level2.tmx
02:56:15.182 [JavaFX Application Thread] DEBUG TMXLevelLoader       - Creating tile layer entities
02:56:15.182 [JavaFX Application Thread] DEBUG TilesetLoader        - Loading view for layer Tile Layer 1
02:56:15.183 [JavaFX Application Thread] DEBUG TilesetLoader        - Created buffer with size 3500.0x700.0
02:56:15.191 [JavaFX Application Thread] DEBUG TMXLevelLoader       - Creating object layer entities
02:56:15.194 [JavaFX Application Thread] DEBUG GameWorld            - Clearing removable entities
02:56:15.195 [JavaFX Application Thread] DEBUG GameWorld            - Setting level: com.almasb.fxgl.entity.level.Level@69c6fec
02:56:17.615 [JavaFX Application Thread] DEBUG FXGLApplication      - Exiting FXGL
02:56:17.615 [JavaFX Application Thread] DEBUG LoopRunner           - Stopping loop
02:56:17.615 [JavaFX Application Thread] DEBUG SystemBundleService  - Saving FXGL system data
02:56:17.617 [JavaFX Application Thread] DEBUG FileSystemAccess     - Writing to: C:\Users\jamie\OneDrive\Pictures\JavaFXGame\system\fxgl.bundle
02:56:17.619 [JavaFX Application Thread] DEBUG Async                - Shutting down background threads
02:56:17.619 [JavaFX Application Thread] DEBUG PrimaryStageWindow   - Closing main window
02:56:17.628 [JavaFX Application Thread] DEBUG Logger               - Closing Logger
