04:13:38.505 [main                     ] DEBUG Logger               - Configured Logger
04:13:38.527 [main                     ] DEBUG GameApplication      - Logging settings
Title: Untitled
Version: 0.0
Width: 1280
Height: 720
Fullscreen: false
Intro: false
Profiling: false
Single step:false
App Mode: DEVELOPER
Menu Key: ESCAPE
Stage Style: DECORATED
Scene Factory: class com.sunsofgod.PlatformerApp$1

04:13:38.826 [JavaFX Application Thread] DEBUG FXGLApplication      - Initializing FXGL
04:13:38.829 [JavaFX Application Thread] INFO  Engine               - FXGL-17.2 (20.08.2022 16.50) on MAC (J:17.0.2 FX:17.0.12)
04:13:38.830 [JavaFX Application Thread] DEBUG Engine               - JRE Vendor Name: Oracle Corporation
04:13:38.830 [JavaFX Application Thread] DEBUG Engine               - Running on OS: Mac OS X version 15.1
04:13:38.830 [JavaFX Application Thread] DEBUG Engine               - Architecture: aarch64
04:13:38.830 [JavaFX Application Thread] INFO  Engine               - Source code and latest versions at: https://github.com/AlmasB/FXGL
04:13:38.830 [JavaFX Application Thread] INFO  Engine               -       Ask questions and discuss at: https://github.com/AlmasB/FXGL/discussions
04:13:38.830 [JavaFX Application Thread] INFO  Engine               -              Join the FXGL chat at: https://gitter.im/AlmasB/FXGL
04:13:38.880 [JavaFX Application Thread] DEBUG PrimaryStageWindow   - Creating a JavaFX scene
04:13:38.904 [JavaFX Application Thread] DEBUG PrimaryStageWindow   - Target settings size: 1280.0 x 720.0
04:13:38.904 [JavaFX Application Thread] DEBUG PrimaryStageWindow   - Scaled scene size:    1280.0 x 720.0
04:13:38.905 [JavaFX Application Thread] DEBUG PrimaryStageWindow   - Scaled ratio: (1.0, 1.0)
04:13:38.905 [JavaFX Application Thread] DEBUG PrimaryStageWindow   - Set initial scene to FXGLStartupScene
04:13:38.909 [JavaFX Application Thread] DEBUG PrimaryStageWindow   - Opening main window
04:13:39.075 [JavaFX Application Thread] DEBUG PrimaryStageWindow   - Window border size: (0.0, 28.0)
04:13:39.075 [JavaFX Application Thread] DEBUG PrimaryStageWindow   - Scaled size: 1280.0 x 720.0
04:13:39.075 [JavaFX Application Thread] DEBUG PrimaryStageWindow   - Scaled ratio: (1.0, 1.0)
04:13:39.075 [JavaFX Application Thread] DEBUG PrimaryStageWindow   - Scene size: 1280.0 x 720.0
04:13:39.075 [JavaFX Application Thread] DEBUG PrimaryStageWindow   - Stage size: 1280.0 x 748.0
04:13:39.079 [FXGL Background Thread 1 ] DEBUG Engine               - Initializing environment variables
04:13:39.095 [FXGL Background Thread 1 ] DEBUG FXGLAssetLoaderServi - User app class for loading assets: class com.sunsofgod.PlatformerApp
04:13:39.095 [FXGL Background Thread 1 ] DEBUG GameApplicationServi - Applying CSS: fxgl_dark.css
04:13:39.096 [FXGL Background Thread 1 ] DEBUG FXGLAssetLoaderServi - Loading from file system: jar:file:///Users/aaron/.m2/repository/com/github/almasb/fxgl/17.2/fxgl-17.2.jar!/fxglassets/ui/css/fxgl_dark.css
04:13:39.121 [FXGL Background Thread 1 ] DEBUG GameApplicationServi - Initializing application scenes
04:13:39.387 [FXGL Background Thread 1 ] WARN  FXGLAssetLoaderServi - Asset "/assets/textures/player.png" was not found!
04:13:39.388 [FXGL Background Thread 1 ] WARN  FXGLAssetLoaderServi - Failed to load IMAGE
04:13:39.407 [FXGL Background Thread 1 ] DEBUG GameWorld            - Game world initialized
04:13:39.898 [FXGL Background Thread 1 ] DEBUG PhysicsWorld         - Physics world initialized: appHeight=720, physics.ppm=50.0
04:13:39.898 [FXGL Background Thread 1 ] DEBUG PhysicsWorld         - Using strategy: BRUTE_FORCE
04:13:39.906 [FXGL Background Thread 1 ] DEBUG GameScene            - Game scene initialized: 1280x720
04:13:40.334 [FXGL Background Thread 1 ] DEBUG GameApplicationServi - Application scenes initialized
04:13:40.347 [FXGL Background Thread 1 ] DEBUG SystemBundleService  - Loading FXGL system data
04:13:40.351 [FXGL Background Thread 1 ] DEBUG FileSystemAccess     - Reading from: /Users/aaron/JavaFXGame/system/fxgl.bundle
04:13:40.356 [FXGL Background Thread 1 ] DEBUG SystemBundleService  - Bundle FXGL: {}
04:13:40.356 [FXGL Background Thread 1 ] DEBUG UpdaterService       - Checking for updates
04:13:40.373 [FXGL Background Thread 4 ] DEBUG FXGLApplication      - Loading fonts
04:13:40.373 [FXGL Background Thread 4 ] DEBUG FXGLAssetLoaderServi - Loading from file system: jar:file:///Users/aaron/.m2/repository/com/github/almasb/fxgl/17.2/fxgl-17.2.jar!/fxglassets/ui/fonts/VarelaRound-Regular.ttf
04:13:40.373 [FXGL Background Thread 1 ] DEBUG FXGLApplication      - Loading default localization
04:13:40.374 [FXGL Background Thread 1 ] DEBUG FXGLAssetLoaderServi - Loading from file system: jar:file:///Users/aaron/.m2/repository/com/github/almasb/fxgl/17.2/fxgl-17.2.jar!/fxglassets/languages/english.lang
04:13:40.393 [FXGL Background Thread 4 ] DEBUG FXGLAssetLoaderServi - Loading from file system: jar:file:///Users/aaron/.m2/repository/com/github/almasb/fxgl/17.2/fxgl-17.2.jar!/fxglassets/ui/fonts/Abel-Regular.ttf
04:13:40.393 [FXGL Background Thread 1 ] INFO  FXGLApplication      - FXGL initialization took: 1.314 sec
04:13:40.394 [JavaFX Application Thread] DEBUG FXGLAssetLoaderServi - Loading from file system: jar:file:///Users/aaron/.m2/repository/com/github/almasb/fxgl/17.2/fxgl-17.2.jar!/fxglassets/textures/fxgl_icon.png
04:13:40.397 [FXGL Background Thread 4 ] DEBUG FXGLAssetLoaderServi - Loading from file system: jar:file:///Users/aaron/.m2/repository/com/github/almasb/fxgl/17.2/fxgl-17.2.jar!/fxglassets/ui/fonts/TerminalLandMono-Regular.otf
04:13:40.403 [FXGL Background Thread 4 ] DEBUG FXGLAssetLoaderServi - Loading from file system: jar:file:///Users/aaron/.m2/repository/com/github/almasb/fxgl/17.2/fxgl-17.2.jar!/fxglassets/ui/fonts/Courier-Prime.ttf
04:13:40.429 [JavaFX Application Thread] DEBUG FXGLAssetLoaderServi - Loading from file system: jar:file:///Users/aaron/.m2/repository/com/github/almasb/fxgl/17.2/fxgl-17.2.jar!/fxglassets/textures/fxgl_default_cursor.png
04:13:40.433 [JavaFX Application Thread] DEBUG Input                - Registered new binding: Screenshot - CTRL+8
04:13:40.433 [JavaFX Application Thread] DEBUG Input                - Registered new binding: Dev Options - 1
04:13:40.434 [JavaFX Application Thread] DEBUG Input                - Registered new binding: Dev Console - 2
04:13:40.434 [JavaFX Application Thread] DEBUG Input                - Registered new binding: System info dump - CTRL+9
04:13:40.434 [JavaFX Application Thread] DEBUG Input                - Registered new binding: Restart - CTRL+R
04:13:40.434 [JavaFX Application Thread] DEBUG Input                - Registered new binding: Toggle Debug Camera - CTRL+7
04:13:40.435 [JavaFX Application Thread] DEBUG LoopRunner           - Starting loop
04:13:40.440 [JavaFX Application Thread] DEBUG LoopRunner           - Initializing JavaFX AnimationTimerLoop
04:13:40.441 [JavaFX Application Thread] DEBUG Input                - Clearing active input actions
04:13:40.444 [JavaFX Application Thread] DEBUG GameApplicationServi - Removing overlay from FXGLStartupScene and adding to FXGLMainMenuDummyScene
04:13:40.445 [JavaFX Application Thread] DEBUG PrimaryStageWindow   - FXGLStartupScene -> FXGLMainMenuDummyScene
04:13:40.445 [JavaFX Application Thread] DEBUG PrimaryStageWindow   - Push state: RiderMainMenuScene
04:13:40.445 [JavaFX Application Thread] DEBUG Input                - Clearing active input actions
04:13:40.448 [JavaFX Application Thread] DEBUG GameApplicationServi - Removing overlay from FXGLMainMenuDummyScene and adding to RiderMainMenuScene
04:13:40.448 [JavaFX Application Thread] DEBUG PrimaryStageWindow   - FXGLMainMenuDummyScene -> RiderMainMenuScene
04:13:40.527 [JavaFX Application Thread] DEBUG FXGLApplication      - Registering font factories with UI factory
04:13:40.674 [FXGL Background Thread 2 ] INFO  UpdaterService       - Your current version:  17.2
04:13:40.674 [FXGL Background Thread 2 ] INFO  UpdaterService       - Latest stable version: 21.1
04:13:43.377 [FXGL Background Thread 3 ] DEBUG Engine               - Logging environment variables
04:13:43.378 [FXGL Background Thread 3 ] DEBUG Engine               - achievements: []
04:13:43.378 [FXGL Background Thread 3 ] DEBUG Engine               - actualHeight: 720.0
04:13:43.379 [FXGL Background Thread 3 ] DEBUG Engine               - actualHeightProperty: ReadOnlyDoubleProperty [value: 720.0]
04:13:43.379 [FXGL Background Thread 3 ] DEBUG Engine               - actualWidth: 1280.0
04:13:43.379 [FXGL Background Thread 3 ] DEBUG Engine               - actualWidthProperty: ReadOnlyDoubleProperty [value: 1280.0]
04:13:43.380 [FXGL Background Thread 3 ] DEBUG Engine               - appIcon: fxgl_icon.png
04:13:43.380 [FXGL Background Thread 3 ] DEBUG Engine               - applicationMode: DEVELOPER
04:13:43.380 [FXGL Background Thread 3 ] DEBUG Engine               - cSSList: [fxgl_dark.css]
04:13:43.380 [FXGL Background Thread 3 ] DEBUG Engine               - collisionDetectionStrategy: BRUTE_FORCE
04:13:43.381 [FXGL Background Thread 3 ] DEBUG Engine               - configClass: Optional.empty
04:13:43.381 [FXGL Background Thread 3 ] DEBUG Engine               - credits: []
04:13:43.385 [FXGL Background Thread 3 ] DEBUG Engine               - defaultCursor: CursorInfo(imageName=fxgl_default_cursor.png, hotspotX=7.0, hotspotY=6.0)
04:13:43.386 [FXGL Background Thread 3 ] DEBUG Engine               - devBBoxColorProperty: ObjectProperty [value: 0xff0000ff]
04:13:43.386 [FXGL Background Thread 3 ] DEBUG Engine               - devEnableDebugCameraProperty: BooleanProperty [value: false]
04:13:43.388 [FXGL Background Thread 3 ] DEBUG Engine               - devSensorColorProperty: ObjectProperty [value: 0xffff00ff]
04:13:43.388 [FXGL Background Thread 3 ] DEBUG Engine               - devShowBBoxProperty: BooleanProperty [value: false]
04:13:43.388 [FXGL Background Thread 3 ] DEBUG Engine               - devShowPositionProperty: BooleanProperty [value: false]
04:13:43.388 [FXGL Background Thread 3 ] DEBUG Engine               - enabledMenuItems: []
04:13:43.389 [FXGL Background Thread 3 ] DEBUG Engine               - engineServices: [class com.almasb.fxgl.app.services.FXGLAssetLoaderService, class com.almasb.fxgl.app.FXGLApplication$GameApplicationService, class com.almasb.fxgl.app.services.FXGLDialogService, class com.almasb.fxgl.app.services.IOTaskExecutorService, class com.almasb.fxgl.io.FileSystemService, class com.almasb.fxgl.localization.LocalizationService, class com.almasb.fxgl.app.services.SystemBundleService, class com.almasb.fxgl.profile.SaveLoadService, class com.almasb.fxgl.ui.FXGLUIFactoryServiceProvider, class com.almasb.fxgl.ui.FXGLDialogFactoryServiceProvider, class com.almasb.fxgl.audio.AudioPlayer, class com.almasb.fxgl.notification.impl.NotificationServiceProvider, class com.almasb.fxgl.achievement.AchievementService, class com.almasb.fxgl.cutscene.CutsceneService, class com.almasb.fxgl.minigames.MiniGameService, class com.almasb.fxgl.net.NetService, class com.almasb.fxgl.app.services.UpdaterService, class com.almasb.fxgl.dev.DevService]
04:13:43.389 [FXGL Background Thread 3 ] DEBUG Engine               - fontGame: Abel-Regular.ttf
04:13:43.389 [FXGL Background Thread 3 ] DEBUG Engine               - fontMono: TerminalLandMono-Regular.otf
04:13:43.390 [FXGL Background Thread 3 ] DEBUG Engine               - fontText: Courier-Prime.ttf
04:13:43.390 [FXGL Background Thread 3 ] DEBUG Engine               - fontUI: VarelaRound-Regular.ttf
04:13:43.390 [FXGL Background Thread 3 ] DEBUG Engine               - fullScreen: BooleanProperty [value: false]
04:13:43.391 [FXGL Background Thread 3 ] DEBUG Engine               - gameDifficulty: MEDIUM
04:13:43.391 [FXGL Background Thread 3 ] DEBUG Engine               - gameDifficultyProperty: ObjectProperty [value: MEDIUM]
04:13:43.391 [FXGL Background Thread 3 ] DEBUG Engine               - globalMusicVolume: 0.5
04:13:43.391 [FXGL Background Thread 3 ] DEBUG Engine               - globalMusicVolumeProperty: DoubleProperty [value: 0.25]
04:13:43.393 [FXGL Background Thread 3 ] DEBUG Engine               - globalSoundVolume: 0.5
04:13:43.393 [FXGL Background Thread 3 ] DEBUG Engine               - globalSoundVolumeProperty: DoubleProperty [value: 0.5]
04:13:43.393 [FXGL Background Thread 3 ] DEBUG Engine               - height: 720
04:13:43.393 [FXGL Background Thread 3 ] DEBUG Engine               - is3D: false
04:13:43.393 [FXGL Background Thread 3 ] DEBUG Engine               - isAndroid: false
04:13:43.394 [FXGL Background Thread 3 ] DEBUG Engine               - isBrowser: false
04:13:43.395 [FXGL Background Thread 3 ] DEBUG Engine               - isClickFeedbackEnabled: false
04:13:43.395 [FXGL Background Thread 3 ] DEBUG Engine               - isCloseConfirmation: false
04:13:43.395 [FXGL Background Thread 3 ] DEBUG Engine               - isDesktop: true
04:13:43.395 [FXGL Background Thread 3 ] DEBUG Engine               - isDeveloperMenuEnabled: true
04:13:43.395 [FXGL Background Thread 3 ] DEBUG Engine               - isEmbedded: false
04:13:43.395 [FXGL Background Thread 3 ] DEBUG Engine               - isEntityPreloadEnabled: true
04:13:43.395 [FXGL Background Thread 3 ] DEBUG Engine               - isExperimentalTiledLargeMap: false
04:13:43.396 [FXGL Background Thread 3 ] DEBUG Engine               - isFileSystemWriteAllowed: true
04:13:43.396 [FXGL Background Thread 3 ] DEBUG Engine               - isFullScreenAllowed: false
04:13:43.396 [FXGL Background Thread 3 ] DEBUG Engine               - isFullScreenFromStart: false
04:13:43.396 [FXGL Background Thread 3 ] DEBUG Engine               - isGameMenuEnabled: true
04:13:43.396 [FXGL Background Thread 3 ] DEBUG Engine               - isIOS: false
04:13:43.396 [FXGL Background Thread 3 ] DEBUG Engine               - isIntroEnabled: false
04:13:43.396 [FXGL Background Thread 3 ] DEBUG Engine               - isLinux: false
04:13:43.396 [FXGL Background Thread 3 ] DEBUG Engine               - isMac: true
04:13:43.396 [FXGL Background Thread 3 ] DEBUG Engine               - isMainMenuEnabled: true
04:13:43.397 [FXGL Background Thread 3 ] DEBUG Engine               - isManualResizeEnabled: false
04:13:43.397 [FXGL Background Thread 3 ] DEBUG Engine               - isMobile: false
04:13:43.397 [FXGL Background Thread 3 ] DEBUG Engine               - isNative: false
04:13:43.397 [FXGL Background Thread 3 ] DEBUG Engine               - isPauseMusicWhenMinimized: true
04:13:43.398 [FXGL Background Thread 3 ] DEBUG Engine               - isPreserveResizeRatio: false
04:13:43.398 [FXGL Background Thread 3 ] DEBUG Engine               - isProfilingEnabled: false
04:13:43.398 [FXGL Background Thread 3 ] DEBUG Engine               - isScaleAffectedOnResize: true
04:13:43.399 [FXGL Background Thread 3 ] DEBUG Engine               - isSingleStep: false
04:13:43.399 [FXGL Background Thread 3 ] DEBUG Engine               - isUserProfileEnabled: false
04:13:43.399 [FXGL Background Thread 3 ] DEBUG Engine               - isWindows: false
04:13:43.399 [FXGL Background Thread 3 ] DEBUG Engine               - language: ObjectProperty [value: ENGLISH]
04:13:43.399 [FXGL Background Thread 3 ] DEBUG Engine               - menuKey: ESCAPE
04:13:43.399 [FXGL Background Thread 3 ] DEBUG Engine               - mouseSensitivity: 0.2
04:13:43.399 [FXGL Background Thread 3 ] DEBUG Engine               - notificationViewClass: class com.almasb.fxgl.notification.view.XboxNotificationView
04:13:43.399 [FXGL Background Thread 3 ] DEBUG Engine               - pixelsPerMeter: 50.0
04:13:43.399 [FXGL Background Thread 3 ] DEBUG Engine               - platform: MAC
04:13:43.399 [FXGL Background Thread 3 ] DEBUG Engine               - prefHeightProperty: ReadOnlyDoubleProperty [value: 720.0]
04:13:43.399 [FXGL Background Thread 3 ] DEBUG Engine               - prefWidthProperty: ReadOnlyDoubleProperty [value: 1280.0]
04:13:43.399 [FXGL Background Thread 3 ] DEBUG Engine               - profileDir: profiles/
04:13:43.400 [FXGL Background Thread 3 ] DEBUG Engine               - profileName: StringProperty [value: DEFAULT]
04:13:43.400 [FXGL Background Thread 3 ] DEBUG Engine               - randomSeed: -1
04:13:43.400 [FXGL Background Thread 3 ] DEBUG Engine               - runtimeInfo: RuntimeInfo(platform=MAC, version=17.2, build=20.08.2022 16.50)
04:13:43.400 [FXGL Background Thread 3 ] DEBUG Engine               - saveFileExt: sav
04:13:43.400 [FXGL Background Thread 3 ] DEBUG Engine               - scaledHeightProp$fxgl: DoubleProperty [bound, value: 720.0]
04:13:43.400 [FXGL Background Thread 3 ] DEBUG Engine               - scaledWidthProp$fxgl: DoubleProperty [bound, value: 1280.0]
04:13:43.400 [FXGL Background Thread 3 ] DEBUG Engine               - sceneFactory: com.sunsofgod.PlatformerApp$1@78854556
04:13:43.400 [FXGL Background Thread 3 ] DEBUG Engine               - secondsIn24h: 60
04:13:43.400 [FXGL Background Thread 3 ] DEBUG Engine               - soundMenuBack: menu/back.wav
04:13:43.401 [FXGL Background Thread 3 ] DEBUG Engine               - soundMenuPress: menu/press.wav
04:13:43.401 [FXGL Background Thread 3 ] DEBUG Engine               - soundMenuSelect: menu/select.wav
04:13:43.401 [FXGL Background Thread 3 ] DEBUG Engine               - soundNotification: core/notification.wav
04:13:43.401 [FXGL Background Thread 3 ] DEBUG Engine               - stageStyle: DECORATED
04:13:43.401 [FXGL Background Thread 3 ] DEBUG Engine               - supportedLanguages: [ENGLISH, FRENCH, GERMAN, HUNGARIAN, RUSSIAN]
04:13:43.401 [FXGL Background Thread 3 ] DEBUG Engine               - ticksPerSecond: -1
04:13:43.401 [FXGL Background Thread 3 ] DEBUG Engine               - title: Untitled
04:13:43.401 [FXGL Background Thread 3 ] DEBUG Engine               - urlGithub: https://github.com/AlmasB/FXGL
04:13:43.401 [FXGL Background Thread 3 ] DEBUG Engine               - urlLeaderboard: http://fxgl-top.herokuapp.com/
04:13:43.401 [FXGL Background Thread 3 ] DEBUG Engine               - urlPOM: https://raw.githubusercontent.com/AlmasB/FXGL/release/README.md
04:13:43.402 [FXGL Background Thread 3 ] DEBUG Engine               - userAppClass: class com.sunsofgod.PlatformerApp
04:13:43.402 [FXGL Background Thread 3 ] DEBUG Engine               - version: 0.0
04:13:43.402 [FXGL Background Thread 3 ] DEBUG Engine               - versionCheckDays: 7
04:13:43.402 [FXGL Background Thread 3 ] DEBUG Engine               - width: 1280
04:13:43.402 [FXGL Background Thread 3 ] DEBUG Engine               - Logging services
04:13:43.402 [FXGL Background Thread 3 ] DEBUG Engine               - class com.almasb.fxgl.app.services.FXGLAssetLoaderService
04:13:43.402 [FXGL Background Thread 3 ] DEBUG Engine               - class com.almasb.fxgl.app.FXGLApplication$GameApplicationService
04:13:43.402 [FXGL Background Thread 3 ] DEBUG Engine               - class com.almasb.fxgl.app.services.FXGLDialogService
04:13:43.402 [FXGL Background Thread 3 ] DEBUG Engine               - class com.almasb.fxgl.app.services.IOTaskExecutorService
04:13:43.402 [FXGL Background Thread 3 ] DEBUG Engine               - class com.almasb.fxgl.io.FileSystemService
04:13:43.402 [FXGL Background Thread 3 ] DEBUG Engine               - class com.almasb.fxgl.localization.LocalizationService
04:13:43.402 [FXGL Background Thread 3 ] DEBUG Engine               - class com.almasb.fxgl.app.services.SystemBundleService
04:13:43.402 [FXGL Background Thread 3 ] DEBUG Engine               - class com.almasb.fxgl.profile.SaveLoadService
04:13:43.402 [FXGL Background Thread 3 ] DEBUG Engine               - class com.almasb.fxgl.ui.FXGLUIFactoryServiceProvider
04:13:43.402 [FXGL Background Thread 3 ] DEBUG Engine               - class com.almasb.fxgl.ui.FXGLDialogFactoryServiceProvider
04:13:43.402 [FXGL Background Thread 3 ] DEBUG Engine               - class com.almasb.fxgl.audio.AudioPlayer
04:13:43.402 [FXGL Background Thread 3 ] DEBUG Engine               - class com.almasb.fxgl.notification.impl.NotificationServiceProvider
04:13:43.402 [FXGL Background Thread 3 ] DEBUG Engine               - class com.almasb.fxgl.achievement.AchievementService
04:13:43.403 [FXGL Background Thread 3 ] DEBUG Engine               - class com.almasb.fxgl.cutscene.CutsceneService
04:13:43.403 [FXGL Background Thread 3 ] DEBUG Engine               - class com.almasb.fxgl.minigames.MiniGameService
04:13:43.403 [FXGL Background Thread 3 ] DEBUG Engine               - class com.almasb.fxgl.net.NetService
04:13:43.403 [FXGL Background Thread 3 ] DEBUG Engine               - class com.almasb.fxgl.app.services.UpdaterService
04:13:43.403 [FXGL Background Thread 3 ] DEBUG Engine               - class com.almasb.fxgl.dev.DevService
04:13:57.480 [JavaFX Application Thread] DEBUG FXGLApplication      - Exiting FXGL
04:13:57.483 [JavaFX Application Thread] DEBUG LoopRunner           - Stopping loop
04:13:57.483 [JavaFX Application Thread] DEBUG SystemBundleService  - Saving FXGL system data
04:13:57.489 [JavaFX Application Thread] DEBUG FileSystemAccess     - Writing to: /Users/aaron/JavaFXGame/system/fxgl.bundle
04:13:57.493 [JavaFX Application Thread] DEBUG Async                - Shutting down background threads
04:13:57.493 [JavaFX Application Thread] DEBUG PrimaryStageWindow   - Closing main window
04:13:57.500 [JavaFX Application Thread] DEBUG Logger               - Closing Logger
