23:28:47.782 [main                     ] DEBUG Logger               - Configured Logger
23:28:47.823 [main                     ] DEBUG GameApplication      - Logging settings
Title: Untitled
Version: 0.0
Width: 1280
Height: 720
Fullscreen: false
Intro: false
Profiling: false
Single step:false
App Mode: DEVELOPER
Menu Key: ESCAPE
Stage Style: DECORATED
Scene Factory: class com.sunsofgod.PlatformerApp$1

23:28:48.248 [JavaFX Application Thread] DEBUG FXGLApplication      - Initializing FXGL
23:28:48.254 [JavaFX Application Thread] INFO  Engine               - FXGL-17.2 (20.08.2022 16.50) on WINDOWS (J:17.0.11 FX:17.0.12)
23:28:48.257 [JavaFX Application Thread] DEBUG Engine               - JRE Vendor Name: Eclipse Adoptium
23:28:48.257 [JavaFX Application Thread] DEBUG Engine               - Running on OS: Windows 11 version 10.0
23:28:48.257 [JavaFX Application Thread] DEBUG Engine               - Architecture: amd64
23:28:48.257 [JavaFX Application Thread] INFO  Engine               - Source code and latest versions at: https://github.com/AlmasB/FXGL
23:28:48.258 [JavaFX Application Thread] INFO  Engine               -       Ask questions and discuss at: https://github.com/AlmasB/FXGL/discussions
23:28:48.258 [JavaFX Application Thread] INFO  Engine               -              Join the FXGL chat at: https://gitter.im/AlmasB/FXGL
23:28:48.342 [JavaFX Application Thread] DEBUG PrimaryStageWindow   - Creating a JavaFX scene
23:28:48.399 [JavaFX Application Thread] DEBUG PrimaryStageWindow   - Target settings size: 1280.0 x 720.0
23:28:48.399 [JavaFX Application Thread] DEBUG PrimaryStageWindow   - Scaled scene size:    1280.0 x 720.0
23:28:48.399 [JavaFX Application Thread] DEBUG PrimaryStageWindow   - Scaled ratio: (1.0, 1.0)
23:28:48.400 [JavaFX Application Thread] DEBUG PrimaryStageWindow   - Set initial scene to FXGLStartupScene
23:28:48.407 [JavaFX Application Thread] DEBUG PrimaryStageWindow   - Opening main window
23:28:48.515 [JavaFX Application Thread] DEBUG PrimaryStageWindow   - Window border size: (14.4000244140625, 37.5999755859375)
23:28:48.515 [JavaFX Application Thread] DEBUG PrimaryStageWindow   - Scaled size: 1280.0 x 720.0
23:28:48.516 [JavaFX Application Thread] DEBUG PrimaryStageWindow   - Scaled ratio: (1.0, 1.0)
23:28:48.516 [JavaFX Application Thread] DEBUG PrimaryStageWindow   - Scene size: 1280.0 x 720.0
23:28:48.516 [JavaFX Application Thread] DEBUG PrimaryStageWindow   - Stage size: 1294.4000244140625 x 757.5999755859375
23:28:48.526 [FXGL Background Thread 1 ] DEBUG Engine               - Initializing environment variables
23:28:48.586 [FXGL Background Thread 1 ] DEBUG FXGLAssetLoaderServi - User app class for loading assets: class com.sunsofgod.PlatformerApp
23:28:48.587 [FXGL Background Thread 1 ] DEBUG GameApplicationServi - Applying CSS: fxgl_dark.css
23:28:48.589 [FXGL Background Thread 1 ] DEBUG FXGLAssetLoaderServi - Loading from file system: jar:file:///C:/Users/Patrick/.m2/repository/com/github/almasb/fxgl/17.2/fxgl-17.2.jar!/fxglassets/ui/css/fxgl_dark.css
23:28:48.637 [FXGL Background Thread 1 ] DEBUG GameApplicationServi - Initializing application scenes
23:28:48.700 [FXGL Background Thread 1 ] WARN  FXGLAssetLoaderServi - Asset "/assets/textures/player.png" was not found!
23:28:48.701 [FXGL Background Thread 1 ] WARN  FXGLAssetLoaderServi - Failed to load IMAGE
23:28:48.743 [FXGL Background Thread 1 ] DEBUG GameWorld            - Game world initialized
23:28:48.798 [FXGL Background Thread 1 ] DEBUG PhysicsWorld         - Physics world initialized: appHeight=720, physics.ppm=50.0
23:28:48.799 [FXGL Background Thread 1 ] DEBUG PhysicsWorld         - Using strategy: BRUTE_FORCE
23:28:48.804 [FXGL Background Thread 1 ] DEBUG GameScene            - Game scene initialized: 1280x720
23:28:49.139 [FXGL Background Thread 1 ] DEBUG GameApplicationServi - Application scenes initialized
23:28:49.159 [FXGL Background Thread 1 ] DEBUG SystemBundleService  - Loading FXGL system data
23:28:49.167 [FXGL Background Thread 1 ] DEBUG FileSystemAccess     - Reading from: C:\Users\Patrick\Desktop\Remote Repositories\JavaFXGame\system\fxgl.bundle
23:28:49.179 [FXGL Background Thread 1 ] DEBUG SystemBundleService  - Bundle FXGL: {}
23:28:49.179 [FXGL Background Thread 1 ] DEBUG UpdaterService       - Checking for updates
23:28:49.213 [FXGL Background Thread 4 ] DEBUG FXGLApplication      - Loading fonts
23:28:49.214 [FXGL Background Thread 1 ] DEBUG FXGLApplication      - Loading default localization
23:28:49.216 [FXGL Background Thread 1 ] DEBUG FXGLAssetLoaderServi - Loading from file system: jar:file:///C:/Users/Patrick/.m2/repository/com/github/almasb/fxgl/17.2/fxgl-17.2.jar!/fxglassets/languages/english.lang
23:28:49.260 [FXGL Background Thread 1 ] INFO  FXGLApplication      - FXGL initialization took: 0.734 sec
23:28:49.263 [JavaFX Application Thread] DEBUG FXGLAssetLoaderServi - Loading from file system: jar:file:///C:/Users/Patrick/.m2/repository/com/github/almasb/fxgl/17.2/fxgl-17.2.jar!/fxglassets/textures/fxgl_icon.png
23:28:49.284 [JavaFX Application Thread] DEBUG FXGLAssetLoaderServi - Loading from file system: jar:file:///C:/Users/Patrick/.m2/repository/com/github/almasb/fxgl/17.2/fxgl-17.2.jar!/fxglassets/textures/fxgl_default_cursor.png
23:28:49.304 [JavaFX Application Thread] DEBUG Input                - Registered new binding: Screenshot - CTRL+8
23:28:49.306 [JavaFX Application Thread] DEBUG Input                - Registered new binding: Dev Options - 1
23:28:49.307 [JavaFX Application Thread] DEBUG Input                - Registered new binding: Dev Console - 2
23:28:49.309 [JavaFX Application Thread] DEBUG Input                - Registered new binding: System info dump - CTRL+9
23:28:49.310 [JavaFX Application Thread] DEBUG Input                - Registered new binding: Restart - CTRL+R
23:28:49.312 [JavaFX Application Thread] DEBUG Input                - Registered new binding: Toggle Debug Camera - CTRL+7
23:28:49.324 [JavaFX Application Thread] DEBUG LoopRunner           - Starting loop
23:28:49.358 [FXGL Background Thread 4 ] DEBUG FXGLAssetLoaderServi - Loading from file system: jar:file:///C:/Users/Patrick/.m2/repository/com/github/almasb/fxgl/17.2/fxgl-17.2.jar!/fxglassets/ui/fonts/Abel-Regular.ttf
23:28:49.367 [JavaFX Application Thread] DEBUG LoopRunner           - Initializing JavaFX AnimationTimerLoop
23:28:49.370 [JavaFX Application Thread] DEBUG Input                - Clearing active input actions
23:28:49.382 [JavaFX Application Thread] DEBUG GameApplicationServi - Removing overlay from FXGLStartupScene and adding to FXGLMainMenuDummyScene
23:28:49.389 [JavaFX Application Thread] DEBUG PrimaryStageWindow   - FXGLStartupScene -> FXGLMainMenuDummyScene
23:28:49.390 [FXGL Background Thread 4 ] DEBUG FXGLAssetLoaderServi - Loading from file system: jar:file:///C:/Users/Patrick/.m2/repository/com/github/almasb/fxgl/17.2/fxgl-17.2.jar!/fxglassets/ui/fonts/TerminalLandMono-Regular.otf
23:28:49.390 [JavaFX Application Thread] DEBUG PrimaryStageWindow   - Push state: RiderMainMenuScene
23:28:49.390 [JavaFX Application Thread] DEBUG Input                - Clearing active input actions
23:28:49.402 [JavaFX Application Thread] DEBUG GameApplicationServi - Removing overlay from FXGLMainMenuDummyScene and adding to RiderMainMenuScene
23:28:49.403 [JavaFX Application Thread] DEBUG PrimaryStageWindow   - FXGLMainMenuDummyScene -> RiderMainMenuScene
23:28:49.416 [FXGL Background Thread 4 ] DEBUG FXGLAssetLoaderServi - Loading from file system: jar:file:///C:/Users/Patrick/.m2/repository/com/github/almasb/fxgl/17.2/fxgl-17.2.jar!/fxglassets/ui/fonts/Courier-Prime.ttf
23:28:49.654 [JavaFX Application Thread] DEBUG FXGLApplication      - Registering font factories with UI factory
23:28:49.678 [FXGL Background Thread 2 ] INFO  UpdaterService       - Your current version:  17.2
23:28:49.678 [FXGL Background Thread 2 ] INFO  UpdaterService       - Latest stable version: 21.1
23:28:50.904 [JavaFX Application Thread] DEBUG PrimaryStageWindow   - Push state: PlayerSelectScene
23:28:50.904 [JavaFX Application Thread] DEBUG Input                - Clearing active input actions
23:28:50.905 [JavaFX Application Thread] DEBUG GameApplicationServi - Removing overlay from RiderMainMenuScene and adding to PlayerSelectScene
23:28:50.908 [JavaFX Application Thread] DEBUG PrimaryStageWindow   - RiderMainMenuScene -> PlayerSelectScene
23:28:52.210 [FXGL Background Thread 3 ] DEBUG Engine               - Logging environment variables
23:28:52.211 [FXGL Background Thread 3 ] DEBUG Engine               - achievements: []
23:28:52.212 [FXGL Background Thread 3 ] DEBUG Engine               - actualHeight: 720.0
23:28:52.213 [FXGL Background Thread 3 ] DEBUG Engine               - actualHeightProperty: ReadOnlyDoubleProperty [value: 720.0]
23:28:52.213 [FXGL Background Thread 3 ] DEBUG Engine               - actualWidth: 1280.0
23:28:52.213 [FXGL Background Thread 3 ] DEBUG Engine               - actualWidthProperty: ReadOnlyDoubleProperty [value: 1280.0]
23:28:52.213 [FXGL Background Thread 3 ] DEBUG Engine               - appIcon: fxgl_icon.png
23:28:52.213 [FXGL Background Thread 3 ] DEBUG Engine               - applicationMode: DEVELOPER
23:28:52.213 [FXGL Background Thread 3 ] DEBUG Engine               - cSSList: [fxgl_dark.css]
23:28:52.213 [FXGL Background Thread 3 ] DEBUG Engine               - collisionDetectionStrategy: BRUTE_FORCE
23:28:52.213 [FXGL Background Thread 3 ] DEBUG Engine               - configClass: Optional.empty
23:28:52.213 [FXGL Background Thread 3 ] DEBUG Engine               - credits: []
23:28:52.219 [FXGL Background Thread 3 ] DEBUG Engine               - defaultCursor: CursorInfo(imageName=fxgl_default_cursor.png, hotspotX=7.0, hotspotY=6.0)
23:28:52.221 [FXGL Background Thread 3 ] DEBUG Engine               - devBBoxColorProperty: ObjectProperty [value: 0xff0000ff]
23:28:52.222 [FXGL Background Thread 3 ] DEBUG Engine               - devEnableDebugCameraProperty: BooleanProperty [value: false]
23:28:52.223 [FXGL Background Thread 3 ] DEBUG Engine               - devSensorColorProperty: ObjectProperty [value: 0xffff00ff]
23:28:52.223 [FXGL Background Thread 3 ] DEBUG Engine               - devShowBBoxProperty: BooleanProperty [value: false]
23:28:52.224 [FXGL Background Thread 3 ] DEBUG Engine               - devShowPositionProperty: BooleanProperty [value: false]
23:28:52.224 [FXGL Background Thread 3 ] DEBUG Engine               - enabledMenuItems: []
23:28:52.224 [FXGL Background Thread 3 ] DEBUG Engine               - engineServices: [class com.almasb.fxgl.app.services.FXGLAssetLoaderService, class com.almasb.fxgl.app.FXGLApplication$GameApplicationService, class com.almasb.fxgl.app.services.FXGLDialogService, class com.almasb.fxgl.app.services.IOTaskExecutorService, class com.almasb.fxgl.io.FileSystemService, class com.almasb.fxgl.localization.LocalizationService, class com.almasb.fxgl.app.services.SystemBundleService, class com.almasb.fxgl.profile.SaveLoadService, class com.almasb.fxgl.ui.FXGLUIFactoryServiceProvider, class com.almasb.fxgl.ui.FXGLDialogFactoryServiceProvider, class com.almasb.fxgl.audio.AudioPlayer, class com.almasb.fxgl.notification.impl.NotificationServiceProvider, class com.almasb.fxgl.achievement.AchievementService, class com.almasb.fxgl.cutscene.CutsceneService, class com.almasb.fxgl.minigames.MiniGameService, class com.almasb.fxgl.net.NetService, class com.almasb.fxgl.app.services.UpdaterService, class com.almasb.fxgl.dev.DevService]
23:28:52.224 [FXGL Background Thread 3 ] DEBUG Engine               - fontGame: Abel-Regular.ttf
23:28:52.224 [FXGL Background Thread 3 ] DEBUG Engine               - fontMono: TerminalLandMono-Regular.otf
23:28:52.224 [FXGL Background Thread 3 ] DEBUG Engine               - fontText: Courier-Prime.ttf
23:28:52.224 [FXGL Background Thread 3 ] DEBUG Engine               - fontUI: VarelaRound-Regular.ttf
23:28:52.224 [FXGL Background Thread 3 ] DEBUG Engine               - fullScreen: BooleanProperty [value: false]
23:28:52.224 [FXGL Background Thread 3 ] DEBUG Engine               - gameDifficulty: MEDIUM
23:28:52.224 [FXGL Background Thread 3 ] DEBUG Engine               - gameDifficultyProperty: ObjectProperty [value: MEDIUM]
23:28:52.224 [FXGL Background Thread 3 ] DEBUG Engine               - globalMusicVolume: 0.5
23:28:52.224 [FXGL Background Thread 3 ] DEBUG Engine               - globalMusicVolumeProperty: DoubleProperty [value: 0.25]
23:28:52.224 [FXGL Background Thread 3 ] DEBUG Engine               - globalSoundVolume: 0.5
23:28:52.224 [FXGL Background Thread 3 ] DEBUG Engine               - globalSoundVolumeProperty: DoubleProperty [value: 0.5]
23:28:52.224 [FXGL Background Thread 3 ] DEBUG Engine               - height: 720
23:28:52.224 [FXGL Background Thread 3 ] DEBUG Engine               - is3D: false
23:28:52.224 [FXGL Background Thread 3 ] DEBUG Engine               - isAndroid: false
23:28:52.224 [FXGL Background Thread 3 ] DEBUG Engine               - isBrowser: false
23:28:52.224 [FXGL Background Thread 3 ] DEBUG Engine               - isClickFeedbackEnabled: false
23:28:52.224 [FXGL Background Thread 3 ] DEBUG Engine               - isCloseConfirmation: false
23:28:52.226 [FXGL Background Thread 3 ] DEBUG Engine               - isDesktop: true
23:28:52.226 [FXGL Background Thread 3 ] DEBUG Engine               - isDeveloperMenuEnabled: true
23:28:52.226 [FXGL Background Thread 3 ] DEBUG Engine               - isEmbedded: false
23:28:52.226 [FXGL Background Thread 3 ] DEBUG Engine               - isEntityPreloadEnabled: true
23:28:52.226 [FXGL Background Thread 3 ] DEBUG Engine               - isExperimentalTiledLargeMap: false
23:28:52.226 [FXGL Background Thread 3 ] DEBUG Engine               - isFileSystemWriteAllowed: true
23:28:52.226 [FXGL Background Thread 3 ] DEBUG Engine               - isFullScreenAllowed: false
23:28:52.226 [FXGL Background Thread 3 ] DEBUG Engine               - isFullScreenFromStart: false
23:28:52.226 [FXGL Background Thread 3 ] DEBUG Engine               - isGameMenuEnabled: true
23:28:52.226 [FXGL Background Thread 3 ] DEBUG Engine               - isIOS: false
23:28:52.226 [FXGL Background Thread 3 ] DEBUG Engine               - isIntroEnabled: false
23:28:52.226 [FXGL Background Thread 3 ] DEBUG Engine               - isLinux: false
23:28:52.226 [FXGL Background Thread 3 ] DEBUG Engine               - isMac: false
23:28:52.226 [FXGL Background Thread 3 ] DEBUG Engine               - isMainMenuEnabled: true
23:28:52.226 [FXGL Background Thread 3 ] DEBUG Engine               - isManualResizeEnabled: false
23:28:52.226 [FXGL Background Thread 3 ] DEBUG Engine               - isMobile: false
23:28:52.226 [FXGL Background Thread 3 ] DEBUG Engine               - isNative: false
23:28:52.226 [FXGL Background Thread 3 ] DEBUG Engine               - isPauseMusicWhenMinimized: true
23:28:52.226 [FXGL Background Thread 3 ] DEBUG Engine               - isPreserveResizeRatio: false
23:28:52.226 [FXGL Background Thread 3 ] DEBUG Engine               - isProfilingEnabled: false
23:28:52.226 [FXGL Background Thread 3 ] DEBUG Engine               - isScaleAffectedOnResize: true
23:28:52.226 [FXGL Background Thread 3 ] DEBUG Engine               - isSingleStep: false
23:28:52.227 [FXGL Background Thread 3 ] DEBUG Engine               - isUserProfileEnabled: false
23:28:52.227 [FXGL Background Thread 3 ] DEBUG Engine               - isWindows: true
23:28:52.227 [FXGL Background Thread 3 ] DEBUG Engine               - language: ObjectProperty [value: ENGLISH]
23:28:52.227 [FXGL Background Thread 3 ] DEBUG Engine               - menuKey: ESCAPE
23:28:52.227 [FXGL Background Thread 3 ] DEBUG Engine               - mouseSensitivity: 0.2
23:28:52.227 [FXGL Background Thread 3 ] DEBUG Engine               - notificationViewClass: class com.almasb.fxgl.notification.view.XboxNotificationView
23:28:52.227 [FXGL Background Thread 3 ] DEBUG Engine               - pixelsPerMeter: 50.0
23:28:52.227 [FXGL Background Thread 3 ] DEBUG Engine               - platform: WINDOWS
23:28:52.227 [FXGL Background Thread 3 ] DEBUG Engine               - prefHeightProperty: ReadOnlyDoubleProperty [value: 720.0]
23:28:52.227 [FXGL Background Thread 3 ] DEBUG Engine               - prefWidthProperty: ReadOnlyDoubleProperty [value: 1280.0]
23:28:52.227 [FXGL Background Thread 3 ] DEBUG Engine               - profileDir: profiles/
23:28:52.227 [FXGL Background Thread 3 ] DEBUG Engine               - profileName: StringProperty [value: DEFAULT]
23:28:52.229 [FXGL Background Thread 3 ] DEBUG Engine               - randomSeed: -1
23:28:52.229 [FXGL Background Thread 3 ] DEBUG Engine               - runtimeInfo: RuntimeInfo(platform=WINDOWS, version=17.2, build=20.08.2022 16.50)
23:28:52.231 [FXGL Background Thread 3 ] DEBUG Engine               - saveFileExt: sav
23:28:52.231 [FXGL Background Thread 3 ] DEBUG Engine               - scaledHeightProp$fxgl: DoubleProperty [bound, value: 720.0]
23:28:52.231 [FXGL Background Thread 3 ] DEBUG Engine               - scaledWidthProp$fxgl: DoubleProperty [bound, value: 1280.0]
23:28:52.231 [FXGL Background Thread 3 ] DEBUG Engine               - sceneFactory: com.sunsofgod.PlatformerApp$1@8798478
23:28:52.232 [FXGL Background Thread 3 ] DEBUG Engine               - secondsIn24h: 60
23:28:52.232 [FXGL Background Thread 3 ] DEBUG Engine               - soundMenuBack: menu/back.wav
23:28:52.232 [FXGL Background Thread 3 ] DEBUG Engine               - soundMenuPress: menu/press.wav
23:28:52.232 [FXGL Background Thread 3 ] DEBUG Engine               - soundMenuSelect: menu/select.wav
23:28:52.232 [FXGL Background Thread 3 ] DEBUG Engine               - soundNotification: core/notification.wav
23:28:52.232 [FXGL Background Thread 3 ] DEBUG Engine               - stageStyle: DECORATED
23:28:52.232 [FXGL Background Thread 3 ] DEBUG Engine               - supportedLanguages: [ENGLISH, FRENCH, GERMAN, HUNGARIAN, RUSSIAN]
23:28:52.232 [FXGL Background Thread 3 ] DEBUG Engine               - ticksPerSecond: -1
23:28:52.232 [FXGL Background Thread 3 ] DEBUG Engine               - title: Untitled
23:28:52.232 [FXGL Background Thread 3 ] DEBUG Engine               - urlGithub: https://github.com/AlmasB/FXGL
23:28:52.232 [FXGL Background Thread 3 ] DEBUG Engine               - urlLeaderboard: http://fxgl-top.herokuapp.com/
23:28:52.233 [FXGL Background Thread 3 ] DEBUG Engine               - urlPOM: https://raw.githubusercontent.com/AlmasB/FXGL/release/README.md
23:28:52.233 [FXGL Background Thread 3 ] DEBUG Engine               - userAppClass: class com.sunsofgod.PlatformerApp
23:28:52.233 [FXGL Background Thread 3 ] DEBUG Engine               - version: 0.0
23:28:52.233 [FXGL Background Thread 3 ] DEBUG Engine               - versionCheckDays: 7
23:28:52.233 [FXGL Background Thread 3 ] DEBUG Engine               - width: 1280
23:28:52.233 [FXGL Background Thread 3 ] DEBUG Engine               - Logging services
23:28:52.233 [FXGL Background Thread 3 ] DEBUG Engine               - class com.almasb.fxgl.app.services.FXGLAssetLoaderService
23:28:52.233 [FXGL Background Thread 3 ] DEBUG Engine               - class com.almasb.fxgl.app.FXGLApplication$GameApplicationService
23:28:52.233 [FXGL Background Thread 3 ] DEBUG Engine               - class com.almasb.fxgl.app.services.FXGLDialogService
23:28:52.233 [FXGL Background Thread 3 ] DEBUG Engine               - class com.almasb.fxgl.app.services.IOTaskExecutorService
23:28:52.234 [FXGL Background Thread 3 ] DEBUG Engine               - class com.almasb.fxgl.io.FileSystemService
23:28:52.234 [FXGL Background Thread 3 ] DEBUG Engine               - class com.almasb.fxgl.localization.LocalizationService
23:28:52.234 [FXGL Background Thread 3 ] DEBUG Engine               - class com.almasb.fxgl.app.services.SystemBundleService
23:28:52.234 [FXGL Background Thread 3 ] DEBUG Engine               - class com.almasb.fxgl.profile.SaveLoadService
23:28:52.234 [FXGL Background Thread 3 ] DEBUG Engine               - class com.almasb.fxgl.ui.FXGLUIFactoryServiceProvider
23:28:52.234 [FXGL Background Thread 3 ] DEBUG Engine               - class com.almasb.fxgl.ui.FXGLDialogFactoryServiceProvider
23:28:52.234 [FXGL Background Thread 3 ] DEBUG Engine               - class com.almasb.fxgl.audio.AudioPlayer
23:28:52.234 [FXGL Background Thread 3 ] DEBUG Engine               - class com.almasb.fxgl.notification.impl.NotificationServiceProvider
23:28:52.234 [FXGL Background Thread 3 ] DEBUG Engine               - class com.almasb.fxgl.achievement.AchievementService
23:28:52.234 [FXGL Background Thread 3 ] DEBUG Engine               - class com.almasb.fxgl.cutscene.CutsceneService
23:28:52.236 [FXGL Background Thread 3 ] DEBUG Engine               - class com.almasb.fxgl.minigames.MiniGameService
23:28:52.236 [FXGL Background Thread 3 ] DEBUG Engine               - class com.almasb.fxgl.net.NetService
23:28:52.236 [FXGL Background Thread 3 ] DEBUG Engine               - class com.almasb.fxgl.app.services.UpdaterService
23:28:52.236 [FXGL Background Thread 3 ] DEBUG Engine               - class com.almasb.fxgl.dev.DevService
23:28:53.438 [JavaFX Application Thread] DEBUG PrimaryStageWindow   - Push state: LevelSelectScene
23:28:53.438 [JavaFX Application Thread] DEBUG Input                - Clearing active input actions
23:28:53.439 [JavaFX Application Thread] DEBUG GameApplicationServi - Removing overlay from PlayerSelectScene and adding to LevelSelectScene
23:28:53.440 [JavaFX Application Thread] DEBUG PrimaryStageWindow   - PlayerSelectScene -> LevelSelectScene
23:28:55.014 [JavaFX Application Thread] DEBUG Menu                 - fireNewGame()
23:28:55.014 [JavaFX Application Thread] DEBUG GameApplicationServi - Starting new game
23:28:55.016 [JavaFX Application Thread] DEBUG PrimaryStageWindow   - Pop state: LevelSelectScene
23:28:55.017 [JavaFX Application Thread] DEBUG Input                - Clearing active input actions
23:28:55.018 [JavaFX Application Thread] DEBUG GameApplicationServi - Removing overlay from LevelSelectScene and adding to PlayerSelectScene
23:28:55.019 [JavaFX Application Thread] DEBUG PrimaryStageWindow   - PlayerSelectScene <- LevelSelectScene
23:28:55.019 [JavaFX Application Thread] DEBUG PrimaryStageWindow   - Pop state: PlayerSelectScene
23:28:55.019 [JavaFX Application Thread] DEBUG Input                - Clearing active input actions
23:28:55.021 [JavaFX Application Thread] DEBUG GameApplicationServi - Removing overlay from PlayerSelectScene and adding to RiderMainMenuScene
23:28:55.021 [JavaFX Application Thread] DEBUG PrimaryStageWindow   - RiderMainMenuScene <- PlayerSelectScene
23:28:55.021 [JavaFX Application Thread] DEBUG PrimaryStageWindow   - Pop state: RiderMainMenuScene
23:28:55.021 [JavaFX Application Thread] DEBUG Input                - Clearing active input actions
23:28:55.021 [JavaFX Application Thread] DEBUG GameApplicationServi - Removing overlay from RiderMainMenuScene and adding to FXGLMainMenuDummyScene
23:28:55.022 [JavaFX Application Thread] DEBUG PrimaryStageWindow   - FXGLMainMenuDummyScene <- RiderMainMenuScene
23:28:55.023 [JavaFX Application Thread] DEBUG Input                - Clearing active input actions
23:28:55.034 [JavaFX Application Thread] DEBUG GameApplicationServi - Removing overlay from FXGLMainMenuDummyScene and adding to MainLoadingScene
23:28:55.036 [JavaFX Application Thread] DEBUG PrimaryStageWindow   - FXGLMainMenuDummyScene -> MainLoadingScene
23:28:55.036 [JavaFX Application Thread] DEBUG GameApplicationServi - Clearing previous game
23:28:55.036 [JavaFX Application Thread] DEBUG GameScene            - Clearing game scene
23:28:55.036 [JavaFX Application Thread] DEBUG GameWorld            - Clearing game world
23:28:55.036 [JavaFX Application Thread] DEBUG PhysicsWorld         - Clearing physics world
23:28:55.038 [FXGL Background Thread 2 ] DEBUG FXGLApplication      - Initializing game
23:28:55.097 [FXGL Background Thread 2 ] WARN  TMXLevelLoader       - TiledMap generated from 1.11.0. Supported version: 1.9.0. Some features may not be parsed fully.
23:28:55.110 [FXGL Background Thread 2 ] DEBUG TMXLevelLoader       - Parsed TiledMap: file:/C:/Users/Patrick/Desktop/Remote%20Repositories/JavaFXGame/target/classes/assets/levels/tmx/level13.tmx
23:28:55.113 [FXGL Background Thread 2 ] DEBUG TMXLevelLoader       - Creating tile layer entities
23:28:55.116 [FXGL Background Thread 2 ] DEBUG TilesetLoader        - Loading view for layer Tile Layer 1
23:28:55.123 [FXGL Background Thread 2 ] DEBUG TilesetLoader        - Created buffer with size 1050.0x700.0
23:28:55.142 [FXGL Background Thread 2 ] DEBUG TMXLevelLoader       - Creating object layer entities
23:28:55.182 [FXGL Background Thread 2 ] DEBUG FXGLAssetLoaderServi - Loading from file system: file:/C:/Users/Patrick/Desktop/Remote%20Repositories/JavaFXGame/target/classes/assets/textures/button.png
23:28:55.203 [FXGL Background Thread 2 ] DEBUG GameWorld            - Clearing removable entities
23:28:55.204 [FXGL Background Thread 2 ] DEBUG GameWorld            - Setting level: com.almasb.fxgl.entity.level.Level@21ca2f9
23:28:55.219 [FXGL Background Thread 2 ] DEBUG FXGLAssetLoaderServi - Loading from file system: file:/C:/Users/Patrick/Desktop/Remote%20Repositories/JavaFXGame/target/classes/assets/textures/player1.png
23:28:55.234 [FXGL Background Thread 2 ] DEBUG FXGLAssetLoaderServi - Loading from file system: file:/C:/Users/Patrick/Desktop/Remote%20Repositories/JavaFXGame/target/classes/assets/textures/player2.png
23:28:55.239 [FXGL Background Thread 2 ] DEBUG FXGLAssetLoaderServi - Loading from file system: file:/C:/Users/Patrick/Desktop/Remote%20Repositories/JavaFXGame/target/classes/assets/textures/player3.png
23:28:55.251 [FXGL Background Thread 2 ] DEBUG FXGLAssetLoaderServi - Loading from file system: file:/C:/Users/Patrick/Desktop/Remote%20Repositories/JavaFXGame/target/classes/assets/textures/player4.png
23:28:55.267 [FXGL Background Thread 2 ] DEBUG Input                - Registered new binding: Jump0 - W
23:28:55.269 [FXGL Background Thread 2 ] DEBUG Input                - Registered new binding: Left0 - A
23:28:55.269 [FXGL Background Thread 2 ] DEBUG Input                - Registered new binding: Right0 - D
23:28:55.269 [FXGL Background Thread 2 ] DEBUG Input                - Registered new binding: Use0 - E
23:28:55.270 [FXGL Background Thread 2 ] DEBUG Input                - Registered new binding: Jump1 - Up
23:28:55.270 [FXGL Background Thread 2 ] DEBUG Input                - Registered new binding: Left1 - Left
23:28:55.270 [FXGL Background Thread 2 ] DEBUG Input                - Registered new binding: Right1 - Right
23:28:55.270 [FXGL Background Thread 2 ] DEBUG Input                - Registered new binding: Use1 - Slash
23:28:55.270 [FXGL Background Thread 2 ] DEBUG Input                - Registered new binding: Jump2 - I
23:28:55.270 [FXGL Background Thread 2 ] DEBUG Input                - Registered new binding: Left2 - J
23:28:55.270 [FXGL Background Thread 2 ] DEBUG Input                - Registered new binding: Right2 - L
23:28:55.270 [FXGL Background Thread 2 ] DEBUG Input                - Registered new binding: Use2 - O
23:28:55.271 [FXGL Background Thread 2 ] DEBUG Input                - Registered new binding: Jump3 - G
23:28:55.271 [FXGL Background Thread 2 ] DEBUG Input                - Registered new binding: Left3 - V
23:28:55.271 [FXGL Background Thread 2 ] DEBUG Input                - Registered new binding: Right3 - N
23:28:55.271 [FXGL Background Thread 2 ] DEBUG Input                - Registered new binding: Use3 - H
23:28:55.273 [FXGL Background Thread 2 ] DEBUG FXGLAssetLoaderServi - Loading from file system: file:/C:/Users/Patrick/Desktop/Remote%20Repositories/JavaFXGame/target/classes/assets/textures/background/manila.png
23:28:55.305 [FXGL Background Thread 2 ] INFO  FXGLApplication      - Game initialization took: 0.268 sec
23:28:55.310 [JavaFX Application Thread] DEBUG Input                - Clearing active input actions
23:28:55.318 [JavaFX Application Thread] DEBUG GameApplicationServi - Removing overlay from MainLoadingScene and adding to GameScene
23:28:55.320 [JavaFX Application Thread] DEBUG PrimaryStageWindow   - MainLoadingScene -> GameScene
23:28:55.331 [JavaFX Application Thread] DEBUG FXGLAssetLoaderServi - Loading from file system: file:/C:/Users/Patrick/Desktop/Remote%20Repositories/JavaFXGame/target/classes/assets/sounds/land.wav
23:28:56.218 [JavaFX Application Thread] DEBUG FXGLAssetLoaderServi - Loading from file system: file:/C:/Users/Patrick/Desktop/Remote%20Repositories/JavaFXGame/target/classes/assets/sounds/jump.wav
23:28:57.984 [JavaFX Application Thread] DEBUG FXGLAssetLoaderServi - Loading from file system: file:/C:/Users/Patrick/Desktop/Remote%20Repositories/JavaFXGame/target/classes/assets/textures/exit_sign.png
23:29:01.488 [JavaFX Application Thread] DEBUG FXGLApplication      - Exiting FXGL
23:29:01.488 [JavaFX Application Thread] DEBUG LoopRunner           - Stopping loop
23:29:01.488 [JavaFX Application Thread] DEBUG SystemBundleService  - Saving FXGL system data
23:29:01.490 [JavaFX Application Thread] DEBUG FileSystemAccess     - Writing to: C:\Users\Patrick\Desktop\Remote Repositories\JavaFXGame\system\fxgl.bundle
23:29:01.494 [JavaFX Application Thread] DEBUG Async                - Shutting down background threads
23:29:01.495 [JavaFX Application Thread] DEBUG PrimaryStageWindow   - Closing main window
23:29:01.528 [JavaFX Application Thread] DEBUG Logger               - Closing Logger
