18:42:52.832 [main                     ] DEBUG Logger               - Configured Logger
18:42:52.851 [main                     ] DEBUG GameApplication      - Logging settings
Title: Untitled
Version: 0.0
Width: 1280
Height: 720
Fullscreen: false
Intro: false
Profiling: false
Single step:false
App Mode: DEVELOPER
Menu Key: ESCAPE
Stage Style: DECORATED
Scene Factory: class com.almasb.fxgl.app.scene.SceneFactory

18:42:58.163 [JavaFX Application Thread] DEBUG FXGLApplication      - Initializing FXGL
18:42:58.166 [JavaFX Application Thread] INFO  Engine               - FXGL-17.2 (20.08.2022 16.50) on MAC (J:17.0.2 FX:18)
18:42:58.167 [JavaFX Application Thread] DEBUG Engine               - JRE Vendor Name: Oracle Corporation
18:42:58.167 [JavaFX Application Thread] DEBUG Engine               - Running on OS: Mac OS X version 14.6.1
18:42:58.167 [JavaFX Application Thread] DEBUG Engine               - Architecture: aarch64
18:42:58.167 [JavaFX Application Thread] INFO  Engine               - Source code and latest versions at: https://github.com/AlmasB/FXGL
18:42:58.167 [JavaFX Application Thread] INFO  Engine               -       Ask questions and discuss at: https://github.com/AlmasB/FXGL/discussions
18:42:58.167 [JavaFX Application Thread] INFO  Engine               -              Join the FXGL chat at: https://gitter.im/AlmasB/FXGL
18:42:58.223 [JavaFX Application Thread] DEBUG PrimaryStageWindow   - Creating a JavaFX scene
18:42:58.242 [JavaFX Application Thread] DEBUG PrimaryStageWindow   - Target settings size: 1280.0 x 720.0
18:42:58.242 [JavaFX Application Thread] DEBUG PrimaryStageWindow   - Scaled scene size:    1280.0 x 720.0
18:42:58.242 [JavaFX Application Thread] DEBUG PrimaryStageWindow   - Scaled ratio: (1.0, 1.0)
18:42:58.243 [JavaFX Application Thread] DEBUG PrimaryStageWindow   - Set initial scene to FXGLStartupScene
18:42:58.246 [JavaFX Application Thread] DEBUG PrimaryStageWindow   - Opening main window
18:42:58.337 [JavaFX Application Thread] DEBUG PrimaryStageWindow   - Window border size: (0.0, 28.0)
18:42:58.337 [JavaFX Application Thread] DEBUG PrimaryStageWindow   - Scaled size: 1280.0 x 720.0
18:42:58.337 [JavaFX Application Thread] DEBUG PrimaryStageWindow   - Scaled ratio: (1.0, 1.0)
18:42:58.338 [JavaFX Application Thread] DEBUG PrimaryStageWindow   - Scene size: 1280.0 x 720.0
18:42:58.338 [JavaFX Application Thread] DEBUG PrimaryStageWindow   - Stage size: 1280.0 x 748.0
18:42:58.341 [FXGL Background Thread 1 ] DEBUG Engine               - Initializing environment variables
18:42:58.359 [FXGL Background Thread 1 ] DEBUG FXGLAssetLoaderServi - User app class for loading assets: class com.sunsofgod.PlatformerApp
18:42:58.360 [FXGL Background Thread 1 ] DEBUG GameApplicationServi - Applying CSS: fxgl_dark.css
18:42:58.361 [FXGL Background Thread 1 ] DEBUG FXGLAssetLoaderServi - Loading from file system: jar:file:///Users/aaron/.m2/repository/com/github/almasb/fxgl/17.2/fxgl-17.2.jar!/fxglassets/ui/css/fxgl_dark.css
18:42:58.405 [FXGL Background Thread 1 ] DEBUG GameApplicationServi - Initializing application scenes
18:42:58.506 [FXGL Background Thread 1 ] DEBUG GameWorld            - Game world initialized
18:42:58.531 [FXGL Background Thread 1 ] DEBUG PhysicsWorld         - Physics world initialized: appHeight=720, physics.ppm=50.0
18:42:58.531 [FXGL Background Thread 1 ] DEBUG PhysicsWorld         - Using strategy: BRUTE_FORCE
18:42:58.533 [FXGL Background Thread 1 ] DEBUG GameScene            - Game scene initialized: 1280x720
18:42:58.539 [FXGL Background Thread 1 ] DEBUG FXGL.DefaultMenu     - createMenuBodyGameMenu()
18:42:58.546 [FXGL Background Thread 1 ] DEBUG FXGL.DefaultMenu     - createOptionsMenu()
18:42:58.551 [FXGL Background Thread 1 ] DEBUG FXGLAssetLoaderServi - Loading from file system: jar:file:///Users/aaron/.m2/repository/com/github/almasb/fxgl/17.2/fxgl-17.2.jar!/fxglassets/textures/particles/smoke.png
18:42:58.613 [FXGL Background Thread 1 ] DEBUG FXGLAssetLoaderServi - Loading from file system: jar:file:///Users/aaron/.m2/repository/com/github/almasb/fxgl/17.2/fxgl-17.2.jar!/fxglassets/textures/particles/trace_horizontal.png
18:42:58.630 [FXGL Background Thread 1 ] DEBUG GameApplicationServi - Application scenes initialized
18:42:58.635 [FXGL Background Thread 1 ] DEBUG SystemBundleService  - Loading FXGL system data
18:42:58.638 [FXGL Background Thread 1 ] DEBUG FileSystemAccess     - Reading from: /Users/aaron/Downloads/SunsOfGodApp/system/fxgl.bundle
18:42:58.643 [FXGL Background Thread 1 ] DEBUG SystemBundleService  - Bundle FXGL: {}
18:42:58.643 [FXGL Background Thread 1 ] DEBUG UpdaterService       - Checking for updates
18:42:58.646 [FXGL Background Thread 4 ] DEBUG FXGLApplication      - Loading fonts
18:42:58.646 [FXGL Background Thread 4 ] DEBUG FXGLAssetLoaderServi - Loading from file system: jar:file:///Users/aaron/.m2/repository/com/github/almasb/fxgl/17.2/fxgl-17.2.jar!/fxglassets/ui/fonts/VarelaRound-Regular.ttf
18:42:58.646 [FXGL Background Thread 1 ] DEBUG FXGLApplication      - Loading default localization
18:42:58.646 [FXGL Background Thread 1 ] DEBUG FXGLAssetLoaderServi - Loading from file system: jar:file:///Users/aaron/.m2/repository/com/github/almasb/fxgl/17.2/fxgl-17.2.jar!/fxglassets/languages/english.lang
18:42:58.658 [FXGL Background Thread 1 ] INFO  FXGLApplication      - FXGL initialization took: 0.316 sec
18:42:58.657 [FXGL Background Thread 4 ] DEBUG FXGLAssetLoaderServi - Loading from file system: jar:file:///Users/aaron/.m2/repository/com/github/almasb/fxgl/17.2/fxgl-17.2.jar!/fxglassets/ui/fonts/Abel-Regular.ttf
18:42:58.659 [FXGL Background Thread 4 ] DEBUG FXGLAssetLoaderServi - Loading from file system: jar:file:///Users/aaron/.m2/repository/com/github/almasb/fxgl/17.2/fxgl-17.2.jar!/fxglassets/ui/fonts/TerminalLandMono-Regular.otf
18:42:58.663 [JavaFX Application Thread] DEBUG Input                - Registered new binding: Left - A
18:42:58.663 [JavaFX Application Thread] DEBUG Input                - Registered new binding: Right - D
18:42:58.663 [JavaFX Application Thread] DEBUG Input                - Registered new binding: Jump - W
18:42:58.663 [JavaFX Application Thread] DEBUG Input                - Registered new binding: Use - E
18:42:58.663 [JavaFX Application Thread] DEBUG FXGLAssetLoaderServi - Loading from file system: jar:file:///Users/aaron/.m2/repository/com/github/almasb/fxgl/17.2/fxgl-17.2.jar!/fxglassets/textures/fxgl_icon.png
18:42:58.664 [FXGL Background Thread 4 ] DEBUG FXGLAssetLoaderServi - Loading from file system: jar:file:///Users/aaron/.m2/repository/com/github/almasb/fxgl/17.2/fxgl-17.2.jar!/fxglassets/ui/fonts/Courier-Prime.ttf
18:42:58.681 [JavaFX Application Thread] DEBUG FXGLAssetLoaderServi - Loading from file system: jar:file:///Users/aaron/.m2/repository/com/github/almasb/fxgl/17.2/fxgl-17.2.jar!/fxglassets/textures/fxgl_default_cursor.png
18:42:58.682 [JavaFX Application Thread] DEBUG Input                - Registered new binding: Screenshot - CTRL+8
18:42:58.682 [JavaFX Application Thread] DEBUG Input                - Registered new binding: System info dump - CTRL+9
18:42:58.682 [JavaFX Application Thread] DEBUG Input                - Registered new binding: Restart - CTRL+R
18:42:58.682 [JavaFX Application Thread] DEBUG Input                - Registered new binding: Toggle Debug Camera - CTRL+7
18:42:58.683 [JavaFX Application Thread] DEBUG LoopRunner           - Starting loop
18:42:58.683 [JavaFX Application Thread] DEBUG LoopRunner           - Initializing JavaFX AnimationTimerLoop
18:42:58.684 [JavaFX Application Thread] DEBUG GameApplicationServi - Starting new game
18:42:58.684 [JavaFX Application Thread] DEBUG Input                - Clearing active input actions
18:42:58.690 [JavaFX Application Thread] DEBUG GameApplicationServi - Removing overlay from FXGLStartupScene and adding to FXGLLoadingScene
18:42:58.690 [JavaFX Application Thread] DEBUG PrimaryStageWindow   - FXGLStartupScene -> FXGLLoadingScene
18:42:58.690 [JavaFX Application Thread] DEBUG GameApplicationServi - Clearing previous game
18:42:58.691 [JavaFX Application Thread] DEBUG GameScene            - Clearing game scene
18:42:58.691 [JavaFX Application Thread] DEBUG GameWorld            - Clearing game world
18:42:58.691 [JavaFX Application Thread] DEBUG PhysicsWorld         - Clearing physics world
18:42:58.692 [FXGL Background Thread 4 ] DEBUG FXGLApplication      - Initializing game
18:42:58.717 [FXGL Background Thread 4 ] WARN  TMXLevelLoader       - TiledMap generated from 1.11.0. Supported version: 1.9.0. Some features may not be parsed fully.
18:42:58.722 [FXGL Background Thread 4 ] DEBUG TMXLevelLoader       - Parsed TiledMap: file:/Users/aaron/Downloads/SunsOfGodApp/target/classes/assets/levels/tmx/level1.tmx
18:42:58.723 [FXGL Background Thread 4 ] DEBUG TMXLevelLoader       - Creating tile layer entities
18:42:58.725 [FXGL Background Thread 4 ] DEBUG TilesetLoader        - Loading view for layer Tile Layer 1
18:42:58.726 [FXGL Background Thread 4 ] DEBUG TilesetLoader        - Created buffer with size 1050.0x700.0
18:42:58.733 [JavaFX Application Thread] DEBUG FXGLApplication      - Registering font factories with UI factory
18:42:58.745 [FXGL Background Thread 4 ] DEBUG TMXLevelLoader       - Creating object layer entities
18:42:58.762 [FXGL Background Thread 4 ] DEBUG GameWorld            - Clearing removable entities
18:42:58.763 [FXGL Background Thread 4 ] DEBUG GameWorld            - Setting level: com.almasb.fxgl.entity.level.Level@301fae2c
18:42:58.769 [FXGL Background Thread 4 ] DEBUG FXGLAssetLoaderServi - Loading from file system: file:/Users/aaron/Downloads/SunsOfGodApp/target/classes/assets/textures/player.png
18:42:58.784 [FXGL Background Thread 4 ] DEBUG FXGLAssetLoaderServi - Loading from file system: file:/Users/aaron/Downloads/SunsOfGodApp/target/classes/assets/textures/background/ph.png
18:42:58.818 [FXGL Background Thread 4 ] INFO  FXGLApplication      - Game initialization took: 0.126 sec
18:42:58.821 [JavaFX Application Thread] DEBUG Input                - Clearing active input actions
18:42:58.825 [JavaFX Application Thread] DEBUG GameApplicationServi - Removing overlay from FXGLLoadingScene and adding to GameScene
18:42:58.825 [JavaFX Application Thread] DEBUG PrimaryStageWindow   - FXGLLoadingScene -> GameScene
18:42:59.271 [FXGL Background Thread 2 ] INFO  UpdaterService       - Your current version:  17.2
18:42:59.272 [FXGL Background Thread 2 ] INFO  UpdaterService       - Latest stable version: 21.1
18:43:01.650 [FXGL Background Thread 3 ] DEBUG Engine               - Logging environment variables
18:43:01.656 [FXGL Background Thread 3 ] DEBUG Engine               - achievements: []
18:43:01.657 [FXGL Background Thread 3 ] DEBUG Engine               - actualHeight: 720.0
18:43:01.657 [FXGL Background Thread 3 ] DEBUG Engine               - actualHeightProperty: ReadOnlyDoubleProperty [value: 720.0]
18:43:01.657 [FXGL Background Thread 3 ] DEBUG Engine               - actualWidth: 1280.0
18:43:01.657 [FXGL Background Thread 3 ] DEBUG Engine               - actualWidthProperty: ReadOnlyDoubleProperty [value: 1280.0]
18:43:01.657 [FXGL Background Thread 3 ] DEBUG Engine               - appIcon: fxgl_icon.png
18:43:01.657 [FXGL Background Thread 3 ] DEBUG Engine               - applicationMode: DEVELOPER
18:43:01.657 [FXGL Background Thread 3 ] DEBUG Engine               - cSSList: [fxgl_dark.css]
18:43:01.657 [FXGL Background Thread 3 ] DEBUG Engine               - collisionDetectionStrategy: BRUTE_FORCE
18:43:01.657 [FXGL Background Thread 3 ] DEBUG Engine               - configClass: Optional.empty
18:43:01.657 [FXGL Background Thread 3 ] DEBUG Engine               - credits: []
18:43:01.658 [FXGL Background Thread 3 ] DEBUG Engine               - defaultCursor: CursorInfo(imageName=fxgl_default_cursor.png, hotspotX=7.0, hotspotY=6.0)
18:43:01.658 [FXGL Background Thread 3 ] DEBUG Engine               - devBBoxColorProperty: ObjectProperty [value: 0xff0000ff]
18:43:01.658 [FXGL Background Thread 3 ] DEBUG Engine               - devEnableDebugCameraProperty: BooleanProperty [value: false]
18:43:01.658 [FXGL Background Thread 3 ] DEBUG Engine               - devSensorColorProperty: ObjectProperty [value: 0xffff00ff]
18:43:01.658 [FXGL Background Thread 3 ] DEBUG Engine               - devShowBBoxProperty: BooleanProperty [value: false]
18:43:01.658 [FXGL Background Thread 3 ] DEBUG Engine               - devShowPositionProperty: BooleanProperty [value: false]
18:43:01.659 [FXGL Background Thread 3 ] DEBUG Engine               - enabledMenuItems: []
18:43:01.659 [FXGL Background Thread 3 ] DEBUG Engine               - engineServices: [class com.almasb.fxgl.app.services.FXGLAssetLoaderService, class com.almasb.fxgl.app.FXGLApplication$GameApplicationService, class com.almasb.fxgl.app.services.FXGLDialogService, class com.almasb.fxgl.app.services.IOTaskExecutorService, class com.almasb.fxgl.io.FileSystemService, class com.almasb.fxgl.localization.LocalizationService, class com.almasb.fxgl.app.services.SystemBundleService, class com.almasb.fxgl.profile.SaveLoadService, class com.almasb.fxgl.ui.FXGLUIFactoryServiceProvider, class com.almasb.fxgl.ui.FXGLDialogFactoryServiceProvider, class com.almasb.fxgl.audio.AudioPlayer, class com.almasb.fxgl.notification.impl.NotificationServiceProvider, class com.almasb.fxgl.achievement.AchievementService, class com.almasb.fxgl.cutscene.CutsceneService, class com.almasb.fxgl.minigames.MiniGameService, class com.almasb.fxgl.net.NetService, class com.almasb.fxgl.app.services.UpdaterService, class com.almasb.fxgl.dev.DevService]
18:43:01.659 [FXGL Background Thread 3 ] DEBUG Engine               - fontGame: Abel-Regular.ttf
18:43:01.659 [FXGL Background Thread 3 ] DEBUG Engine               - fontMono: TerminalLandMono-Regular.otf
18:43:01.659 [FXGL Background Thread 3 ] DEBUG Engine               - fontText: Courier-Prime.ttf
18:43:01.659 [FXGL Background Thread 3 ] DEBUG Engine               - fontUI: VarelaRound-Regular.ttf
18:43:01.659 [FXGL Background Thread 3 ] DEBUG Engine               - fullScreen: BooleanProperty [value: false]
18:43:01.659 [FXGL Background Thread 3 ] DEBUG Engine               - gameDifficulty: MEDIUM
18:43:01.659 [FXGL Background Thread 3 ] DEBUG Engine               - gameDifficultyProperty: ObjectProperty [value: MEDIUM]
18:43:01.659 [FXGL Background Thread 3 ] DEBUG Engine               - globalMusicVolume: 0.5
18:43:01.659 [FXGL Background Thread 3 ] DEBUG Engine               - globalMusicVolumeProperty: DoubleProperty [value: 0.25]
18:43:01.659 [FXGL Background Thread 3 ] DEBUG Engine               - globalSoundVolume: 0.5
18:43:01.659 [FXGL Background Thread 3 ] DEBUG Engine               - globalSoundVolumeProperty: DoubleProperty [value: 0.5]
18:43:01.659 [FXGL Background Thread 3 ] DEBUG Engine               - height: 720
18:43:01.659 [FXGL Background Thread 3 ] DEBUG Engine               - is3D: false
18:43:01.659 [FXGL Background Thread 3 ] DEBUG Engine               - isAndroid: false
18:43:01.659 [FXGL Background Thread 3 ] DEBUG Engine               - isBrowser: false
18:43:01.659 [FXGL Background Thread 3 ] DEBUG Engine               - isClickFeedbackEnabled: false
18:43:01.660 [FXGL Background Thread 3 ] DEBUG Engine               - isCloseConfirmation: false
18:43:01.660 [FXGL Background Thread 3 ] DEBUG Engine               - isDesktop: true
18:43:01.660 [FXGL Background Thread 3 ] DEBUG Engine               - isDeveloperMenuEnabled: false
18:43:01.660 [FXGL Background Thread 3 ] DEBUG Engine               - isEmbedded: false
18:43:01.660 [FXGL Background Thread 3 ] DEBUG Engine               - isEntityPreloadEnabled: true
18:43:01.660 [FXGL Background Thread 3 ] DEBUG Engine               - isExperimentalTiledLargeMap: false
18:43:01.660 [FXGL Background Thread 3 ] DEBUG Engine               - isFileSystemWriteAllowed: true
18:43:01.660 [FXGL Background Thread 3 ] DEBUG Engine               - isFullScreenAllowed: false
18:43:01.660 [FXGL Background Thread 3 ] DEBUG Engine               - isFullScreenFromStart: false
18:43:01.660 [FXGL Background Thread 3 ] DEBUG Engine               - isGameMenuEnabled: true
18:43:01.660 [FXGL Background Thread 3 ] DEBUG Engine               - isIOS: false
18:43:01.660 [FXGL Background Thread 3 ] DEBUG Engine               - isIntroEnabled: false
18:43:01.660 [FXGL Background Thread 3 ] DEBUG Engine               - isLinux: false
18:43:01.660 [FXGL Background Thread 3 ] DEBUG Engine               - isMac: true
18:43:01.660 [FXGL Background Thread 3 ] DEBUG Engine               - isMainMenuEnabled: false
18:43:01.660 [FXGL Background Thread 3 ] DEBUG Engine               - isManualResizeEnabled: false
18:43:01.660 [FXGL Background Thread 3 ] DEBUG Engine               - isMobile: false
18:43:01.660 [FXGL Background Thread 3 ] DEBUG Engine               - isNative: false
18:43:01.660 [FXGL Background Thread 3 ] DEBUG Engine               - isPauseMusicWhenMinimized: true
18:43:01.660 [FXGL Background Thread 3 ] DEBUG Engine               - isPreserveResizeRatio: false
18:43:01.660 [FXGL Background Thread 3 ] DEBUG Engine               - isProfilingEnabled: false
18:43:01.661 [FXGL Background Thread 3 ] DEBUG Engine               - isScaleAffectedOnResize: true
18:43:01.661 [FXGL Background Thread 3 ] DEBUG Engine               - isSingleStep: false
18:43:01.661 [FXGL Background Thread 3 ] DEBUG Engine               - isUserProfileEnabled: false
18:43:01.661 [FXGL Background Thread 3 ] DEBUG Engine               - isWindows: false
18:43:01.661 [FXGL Background Thread 3 ] DEBUG Engine               - language: ObjectProperty [value: ENGLISH]
18:43:01.661 [FXGL Background Thread 3 ] DEBUG Engine               - menuKey: ESCAPE
18:43:01.661 [FXGL Background Thread 3 ] DEBUG Engine               - mouseSensitivity: 0.2
18:43:01.661 [FXGL Background Thread 3 ] DEBUG Engine               - notificationViewClass: class com.almasb.fxgl.notification.view.XboxNotificationView
18:43:01.661 [FXGL Background Thread 3 ] DEBUG Engine               - pixelsPerMeter: 50.0
18:43:01.661 [FXGL Background Thread 3 ] DEBUG Engine               - platform: MAC
18:43:01.661 [FXGL Background Thread 3 ] DEBUG Engine               - prefHeightProperty: ReadOnlyDoubleProperty [value: 720.0]
18:43:01.661 [FXGL Background Thread 3 ] DEBUG Engine               - prefWidthProperty: ReadOnlyDoubleProperty [value: 1280.0]
18:43:01.661 [FXGL Background Thread 3 ] DEBUG Engine               - profileDir: profiles/
18:43:01.661 [FXGL Background Thread 3 ] DEBUG Engine               - profileName: StringProperty [value: DEFAULT]
18:43:01.661 [FXGL Background Thread 3 ] DEBUG Engine               - randomSeed: -1
18:43:01.661 [FXGL Background Thread 3 ] DEBUG Engine               - runtimeInfo: RuntimeInfo(platform=MAC, version=17.2, build=20.08.2022 16.50)
18:43:01.661 [FXGL Background Thread 3 ] DEBUG Engine               - saveFileExt: sav
18:43:01.662 [FXGL Background Thread 3 ] DEBUG Engine               - scaledHeightProp$fxgl: DoubleProperty [bound, value: 720.0]
18:43:01.662 [FXGL Background Thread 3 ] DEBUG Engine               - scaledWidthProp$fxgl: DoubleProperty [bound, value: 1280.0]
18:43:01.662 [FXGL Background Thread 3 ] DEBUG Engine               - sceneFactory: com.almasb.fxgl.app.scene.SceneFactory@6ed09678
18:43:01.662 [FXGL Background Thread 3 ] DEBUG Engine               - secondsIn24h: 60
18:43:01.662 [FXGL Background Thread 3 ] DEBUG Engine               - soundMenuBack: menu/back.wav
18:43:01.662 [FXGL Background Thread 3 ] DEBUG Engine               - soundMenuPress: menu/press.wav
18:43:01.662 [FXGL Background Thread 3 ] DEBUG Engine               - soundMenuSelect: menu/select.wav
18:43:01.662 [FXGL Background Thread 3 ] DEBUG Engine               - soundNotification: core/notification.wav
18:43:01.662 [FXGL Background Thread 3 ] DEBUG Engine               - stageStyle: DECORATED
18:43:01.662 [FXGL Background Thread 3 ] DEBUG Engine               - supportedLanguages: [ENGLISH, FRENCH, GERMAN, HUNGARIAN, RUSSIAN]
18:43:01.662 [FXGL Background Thread 3 ] DEBUG Engine               - ticksPerSecond: -1
18:43:01.662 [FXGL Background Thread 3 ] DEBUG Engine               - title: Untitled
18:43:01.662 [FXGL Background Thread 3 ] DEBUG Engine               - urlGithub: https://github.com/AlmasB/FXGL
18:43:01.662 [FXGL Background Thread 3 ] DEBUG Engine               - urlLeaderboard: http://fxgl-top.herokuapp.com/
18:43:01.662 [FXGL Background Thread 3 ] DEBUG Engine               - urlPOM: https://raw.githubusercontent.com/AlmasB/FXGL/release/README.md
18:43:01.662 [FXGL Background Thread 3 ] DEBUG Engine               - userAppClass: class com.sunsofgod.PlatformerApp
18:43:01.662 [FXGL Background Thread 3 ] DEBUG Engine               - version: 0.0
18:43:01.662 [FXGL Background Thread 3 ] DEBUG Engine               - versionCheckDays: 7
18:43:01.662 [FXGL Background Thread 3 ] DEBUG Engine               - width: 1280
18:43:01.662 [FXGL Background Thread 3 ] DEBUG Engine               - Logging services
18:43:01.663 [FXGL Background Thread 3 ] DEBUG Engine               - class com.almasb.fxgl.app.services.FXGLAssetLoaderService
18:43:01.663 [FXGL Background Thread 3 ] DEBUG Engine               - class com.almasb.fxgl.app.FXGLApplication$GameApplicationService
18:43:01.663 [FXGL Background Thread 3 ] DEBUG Engine               - class com.almasb.fxgl.app.services.FXGLDialogService
18:43:01.663 [FXGL Background Thread 3 ] DEBUG Engine               - class com.almasb.fxgl.app.services.IOTaskExecutorService
18:43:01.663 [FXGL Background Thread 3 ] DEBUG Engine               - class com.almasb.fxgl.io.FileSystemService
18:43:01.663 [FXGL Background Thread 3 ] DEBUG Engine               - class com.almasb.fxgl.localization.LocalizationService
18:43:01.663 [FXGL Background Thread 3 ] DEBUG Engine               - class com.almasb.fxgl.app.services.SystemBundleService
18:43:01.663 [FXGL Background Thread 3 ] DEBUG Engine               - class com.almasb.fxgl.profile.SaveLoadService
18:43:01.663 [FXGL Background Thread 3 ] DEBUG Engine               - class com.almasb.fxgl.ui.FXGLUIFactoryServiceProvider
18:43:01.663 [FXGL Background Thread 3 ] DEBUG Engine               - class com.almasb.fxgl.ui.FXGLDialogFactoryServiceProvider
18:43:01.663 [FXGL Background Thread 3 ] DEBUG Engine               - class com.almasb.fxgl.audio.AudioPlayer
18:43:01.663 [FXGL Background Thread 3 ] DEBUG Engine               - class com.almasb.fxgl.notification.impl.NotificationServiceProvider
18:43:01.663 [FXGL Background Thread 3 ] DEBUG Engine               - class com.almasb.fxgl.achievement.AchievementService
18:43:01.663 [FXGL Background Thread 3 ] DEBUG Engine               - class com.almasb.fxgl.cutscene.CutsceneService
18:43:01.663 [FXGL Background Thread 3 ] DEBUG Engine               - class com.almasb.fxgl.minigames.MiniGameService
18:43:01.663 [FXGL Background Thread 3 ] DEBUG Engine               - class com.almasb.fxgl.net.NetService
18:43:01.663 [FXGL Background Thread 3 ] DEBUG Engine               - class com.almasb.fxgl.app.services.UpdaterService
18:43:01.663 [FXGL Background Thread 3 ] DEBUG Engine               - class com.almasb.fxgl.dev.DevService
18:43:04.821 [JavaFX Application Thread] DEBUG FXGLAssetLoaderServi - Loading from file system: file:/Users/aaron/Downloads/SunsOfGodApp/target/classes/assets/textures/exit_sign.png
18:43:08.689 [JavaFX Application Thread] WARN  TMXLevelLoader       - TiledMap generated from 1.2.3. Supported version: 1.9.0. Some features may not be parsed fully.
18:43:08.692 [JavaFX Application Thread] DEBUG TMXLevelLoader       - Parsed TiledMap: file:/Users/aaron/Downloads/SunsOfGodApp/target/classes/assets/levels/tmx/level2.tmx
18:43:08.692 [JavaFX Application Thread] DEBUG TMXLevelLoader       - Creating tile layer entities
18:43:08.692 [JavaFX Application Thread] DEBUG TilesetLoader        - Loading view for layer Tile Layer 1
18:43:08.693 [JavaFX Application Thread] DEBUG TilesetLoader        - Created buffer with size 1050.0x700.0
18:43:08.699 [JavaFX Application Thread] DEBUG TMXLevelLoader       - Creating object layer entities
18:43:08.701 [JavaFX Application Thread] DEBUG GameWorld            - Clearing removable entities
18:43:08.702 [JavaFX Application Thread] DEBUG GameWorld            - Setting level: com.almasb.fxgl.entity.level.Level@23bfb8a9
18:43:15.921 [JavaFX Application Thread] WARN  TMXLevelLoader       - TiledMap generated from 1.2.3. Supported version: 1.9.0. Some features may not be parsed fully.
18:43:15.924 [JavaFX Application Thread] DEBUG TMXLevelLoader       - Parsed TiledMap: file:/Users/aaron/Downloads/SunsOfGodApp/target/classes/assets/levels/tmx/level3.tmx
18:43:15.924 [JavaFX Application Thread] DEBUG TMXLevelLoader       - Creating tile layer entities
18:43:15.924 [JavaFX Application Thread] DEBUG TilesetLoader        - Loading view for layer Tile Layer 1
18:43:15.925 [JavaFX Application Thread] DEBUG TilesetLoader        - Created buffer with size 1050.0x700.0
18:43:15.932 [JavaFX Application Thread] DEBUG TMXLevelLoader       - Creating object layer entities
18:43:15.935 [JavaFX Application Thread] DEBUG GameWorld            - Clearing removable entities
18:43:15.935 [JavaFX Application Thread] DEBUG GameWorld            - Setting level: com.almasb.fxgl.entity.level.Level@539e184e
18:43:17.393 [JavaFX Application Thread] DEBUG FXGLApplication      - Exiting FXGL
18:43:17.393 [JavaFX Application Thread] DEBUG LoopRunner           - Stopping loop
18:43:17.393 [JavaFX Application Thread] DEBUG SystemBundleService  - Saving FXGL system data
18:43:17.395 [JavaFX Application Thread] DEBUG FileSystemAccess     - Writing to: /Users/aaron/Downloads/SunsOfGodApp/system/fxgl.bundle
18:43:17.396 [JavaFX Application Thread] DEBUG Async                - Shutting down background threads
18:43:17.396 [JavaFX Application Thread] DEBUG PrimaryStageWindow   - Closing main window
18:43:17.404 [JavaFX Application Thread] DEBUG Logger               - Closing Logger
