12:55:07.257 [main                     ] DEBUG Logger               - Configured Logger
12:55:07.278 [main                     ] DEBUG GameApplication      - Logging settings
Title: Untitled
Version: 0.0
Width: 1280
Height: 720
Fullscreen: false
Intro: false
Profiling: false
Single step:false
App Mode: DEVELOPER
Menu Key: ESCAPE
Stage Style: DECORATED
Scene Factory: class com.sunsofgod.PlatformerApp$1

12:55:07.570 [JavaFX Application Thread] DEBUG FXGLApplication      - Initializing FXGL
12:55:07.573 [JavaFX Application Thread] INFO  Engine               - FXGL-17.2 (20.08.2022 16.50) on WINDOWS (J:21.0.4 FX:17.0.12)
12:55:07.573 [JavaFX Application Thread] DEBUG Engine               - JRE Vendor Name: Eclipse Adoptium
12:55:07.573 [JavaFX Application Thread] DEBUG Engine               - Running on OS: Windows 11 version 10.0
12:55:07.574 [JavaFX Application Thread] DEBUG Engine               - Architecture: amd64
12:55:07.574 [JavaFX Application Thread] INFO  Engine               - Source code and latest versions at: https://github.com/AlmasB/FXGL
12:55:07.574 [JavaFX Application Thread] INFO  Engine               -       Ask questions and discuss at: https://github.com/AlmasB/FXGL/discussions
12:55:07.574 [JavaFX Application Thread] INFO  Engine               -              Join the FXGL chat at: https://gitter.im/AlmasB/FXGL
12:55:07.628 [JavaFX Application Thread] DEBUG PrimaryStageWindow   - Creating a JavaFX scene
12:55:07.657 [JavaFX Application Thread] DEBUG PrimaryStageWindow   - Target settings size: 1280.0 x 720.0
12:55:07.657 [JavaFX Application Thread] DEBUG PrimaryStageWindow   - Scaled scene size:    1280.0 x 720.0
12:55:07.657 [JavaFX Application Thread] DEBUG PrimaryStageWindow   - Scaled ratio: (1.0, 1.0)
12:55:07.658 [JavaFX Application Thread] DEBUG PrimaryStageWindow   - Set initial scene to FXGLStartupScene
12:55:07.662 [JavaFX Application Thread] DEBUG PrimaryStageWindow   - Opening main window
12:55:07.718 [JavaFX Application Thread] DEBUG PrimaryStageWindow   - Window border size: (16.0, 39.0)
12:55:07.719 [JavaFX Application Thread] DEBUG PrimaryStageWindow   - Scaled size: 1280.0 x 720.0
12:55:07.719 [JavaFX Application Thread] DEBUG PrimaryStageWindow   - Scaled ratio: (1.0, 1.0)
12:55:07.719 [JavaFX Application Thread] DEBUG PrimaryStageWindow   - Scene size: 1280.0 x 720.0
12:55:07.719 [JavaFX Application Thread] DEBUG PrimaryStageWindow   - Stage size: 1296.0 x 759.0
12:55:07.723 [FXGL Background Thread 1 ] DEBUG Engine               - Initializing environment variables
12:55:07.756 [FXGL Background Thread 1 ] DEBUG FXGLAssetLoaderServi - User app class for loading assets: class com.sunsofgod.PlatformerApp
12:55:07.756 [FXGL Background Thread 1 ] DEBUG GameApplicationServi - Applying CSS: fxgl_dark.css
12:55:07.757 [FXGL Background Thread 1 ] DEBUG FXGLAssetLoaderServi - Loading from file system: jar:file:///C:/Users/Balong/.m2/repository/com/github/almasb/fxgl/17.2/fxgl-17.2.jar!/fxglassets/ui/css/fxgl_dark.css
12:55:07.790 [FXGL Background Thread 1 ] DEBUG GameApplicationServi - Initializing application scenes
12:55:07.819 [FXGL Background Thread 1 ] DEBUG FXGLAssetLoaderServi - Loading from file system: file:/C:/Users/Balong/Desktop/JavaFXGame-1/target/classes/assets/textures/player.png
12:55:07.834 [FXGL Background Thread 1 ] DEBUG GameWorld            - Game world initialized
12:55:07.870 [FXGL Background Thread 1 ] DEBUG PhysicsWorld         - Physics world initialized: appHeight=720, physics.ppm=50.0
12:55:07.870 [FXGL Background Thread 1 ] DEBUG PhysicsWorld         - Using strategy: BRUTE_FORCE
12:55:07.872 [FXGL Background Thread 1 ] DEBUG GameScene            - Game scene initialized: 1280x720
12:55:08.057 [FXGL Background Thread 1 ] DEBUG FXGL.DefaultMenu     - createMenuBodyGameMenu()
12:55:08.063 [FXGL Background Thread 1 ] DEBUG FXGL.DefaultMenu     - createOptionsMenu()
12:55:08.068 [FXGL Background Thread 1 ] DEBUG FXGLAssetLoaderServi - Loading from file system: jar:file:///C:/Users/Balong/.m2/repository/com/github/almasb/fxgl/17.2/fxgl-17.2.jar!/fxglassets/textures/particles/smoke.png
12:55:08.107 [FXGL Background Thread 1 ] DEBUG FXGLAssetLoaderServi - Loading from file system: jar:file:///C:/Users/Balong/.m2/repository/com/github/almasb/fxgl/17.2/fxgl-17.2.jar!/fxglassets/textures/particles/trace_horizontal.png
12:55:08.115 [FXGL Background Thread 1 ] DEBUG GameApplicationServi - Application scenes initialized
12:55:08.125 [FXGL Background Thread 1 ] DEBUG SystemBundleService  - Loading FXGL system data
12:55:08.128 [FXGL Background Thread 1 ] DEBUG FileSystemAccess     - Reading from: C:\Users\Balong\Desktop\JavaFXGame-1\system\fxgl.bundle
12:55:08.134 [FXGL Background Thread 1 ] DEBUG SystemBundleService  - Bundle FXGL: {}
12:55:08.134 [FXGL Background Thread 1 ] DEBUG UpdaterService       - Checking for updates
12:55:08.148 [FXGL Background Thread 4 ] DEBUG FXGLApplication      - Loading fonts
12:55:08.148 [FXGL Background Thread 4 ] DEBUG FXGLAssetLoaderServi - Loading from file system: jar:file:///C:/Users/Balong/.m2/repository/com/github/almasb/fxgl/17.2/fxgl-17.2.jar!/fxglassets/ui/fonts/VarelaRound-Regular.ttf
12:55:08.148 [FXGL Background Thread 1 ] DEBUG FXGLApplication      - Loading default localization
12:55:08.149 [FXGL Background Thread 1 ] DEBUG FXGLAssetLoaderServi - Loading from file system: jar:file:///C:/Users/Balong/.m2/repository/com/github/almasb/fxgl/17.2/fxgl-17.2.jar!/fxglassets/languages/english.lang
12:55:08.160 [FXGL Background Thread 1 ] INFO  FXGLApplication      - FXGL initialization took: 0.436 sec
12:55:08.160 [JavaFX Application Thread] DEBUG FXGLAssetLoaderServi - Loading from file system: jar:file:///C:/Users/Balong/.m2/repository/com/github/almasb/fxgl/17.2/fxgl-17.2.jar!/fxglassets/textures/fxgl_icon.png
12:55:08.167 [JavaFX Application Thread] DEBUG FXGLAssetLoaderServi - Loading from file system: jar:file:///C:/Users/Balong/.m2/repository/com/github/almasb/fxgl/17.2/fxgl-17.2.jar!/fxglassets/textures/fxgl_default_cursor.png
12:55:08.174 [JavaFX Application Thread] DEBUG Input                - Registered new binding: Screenshot - CTRL+8
12:55:08.175 [JavaFX Application Thread] DEBUG Input                - Registered new binding: Dev Options - 1
12:55:08.175 [JavaFX Application Thread] DEBUG Input                - Registered new binding: Dev Console - 2
12:55:08.175 [JavaFX Application Thread] DEBUG Input                - Registered new binding: System info dump - CTRL+9
12:55:08.175 [JavaFX Application Thread] DEBUG Input                - Registered new binding: Restart - CTRL+R
12:55:08.176 [JavaFX Application Thread] DEBUG Input                - Registered new binding: Toggle Debug Camera - CTRL+7
12:55:08.177 [FXGL Background Thread 4 ] DEBUG FXGLAssetLoaderServi - Loading from file system: jar:file:///C:/Users/Balong/.m2/repository/com/github/almasb/fxgl/17.2/fxgl-17.2.jar!/fxglassets/ui/fonts/Abel-Regular.ttf
12:55:08.177 [JavaFX Application Thread] DEBUG LoopRunner           - Starting loop
12:55:08.184 [FXGL Background Thread 4 ] DEBUG FXGLAssetLoaderServi - Loading from file system: jar:file:///C:/Users/Balong/.m2/repository/com/github/almasb/fxgl/17.2/fxgl-17.2.jar!/fxglassets/ui/fonts/TerminalLandMono-Regular.otf
12:55:08.186 [JavaFX Application Thread] DEBUG LoopRunner           - Initializing JavaFX AnimationTimerLoop
12:55:08.188 [JavaFX Application Thread] DEBUG Input                - Clearing active input actions
12:55:08.193 [FXGL Background Thread 4 ] DEBUG FXGLAssetLoaderServi - Loading from file system: jar:file:///C:/Users/Balong/.m2/repository/com/github/almasb/fxgl/17.2/fxgl-17.2.jar!/fxglassets/ui/fonts/Courier-Prime.ttf
12:55:08.196 [JavaFX Application Thread] DEBUG GameApplicationServi - Removing overlay from FXGLStartupScene and adding to FXGLMainMenuDummyScene
12:55:08.198 [JavaFX Application Thread] DEBUG PrimaryStageWindow   - FXGLStartupScene -> FXGLMainMenuDummyScene
12:55:08.199 [JavaFX Application Thread] DEBUG PrimaryStageWindow   - Push state: RiderMainMenuScene
12:55:08.199 [JavaFX Application Thread] DEBUG Input                - Clearing active input actions
12:55:08.204 [JavaFX Application Thread] DEBUG GameApplicationServi - Removing overlay from FXGLMainMenuDummyScene and adding to RiderMainMenuScene
12:55:08.204 [JavaFX Application Thread] DEBUG PrimaryStageWindow   - FXGLMainMenuDummyScene -> RiderMainMenuScene
12:55:08.328 [JavaFX Application Thread] DEBUG FXGLApplication      - Registering font factories with UI factory
12:55:08.551 [FXGL Background Thread 2 ] INFO  UpdaterService       - Your current version:  17.2
12:55:08.552 [FXGL Background Thread 2 ] INFO  UpdaterService       - Latest stable version: 21.1
12:55:10.512 [JavaFX Application Thread] DEBUG FXGLApplication      - Exiting FXGL
12:55:10.513 [JavaFX Application Thread] DEBUG LoopRunner           - Stopping loop
12:55:10.513 [JavaFX Application Thread] DEBUG SystemBundleService  - Saving FXGL system data
12:55:10.514 [JavaFX Application Thread] DEBUG FileSystemAccess     - Writing to: C:\Users\Balong\Desktop\JavaFXGame-1\system\fxgl.bundle
12:55:10.516 [JavaFX Application Thread] DEBUG Async                - Shutting down background threads
12:55:10.516 [JavaFX Application Thread] DEBUG PrimaryStageWindow   - Closing main window
12:55:10.526 [JavaFX Application Thread] DEBUG Logger               - Closing Logger
