06:44:59.204 [main                     ] DEBUG Logger               - Configured Logger
06:44:59.220 [main                     ] DEBUG GameApplication      - Logging settings
Title: Untitled
Version: 0.0
Width: 1280
Height: 720
Fullscreen: false
Intro: false
Profiling: false
Single step:false
App Mode: DEVELOPER
Menu Key: ESCAPE
Stage Style: DECORATED
Scene Factory: class com.sunsofgod.PlatformerApp$1

06:44:59.499 [JavaFX Application Thread] DEBUG FXGLApplication      - Initializing FXGL
06:44:59.502 [JavaFX Application Thread] INFO  Engine               - FXGL-17.2 (20.08.2022 16.50) on WINDOWS (J:21.0.4 FX:17.0.12)
06:44:59.503 [JavaFX Application Thread] DEBUG Engine               - JRE Vendor Name: Eclipse Adoptium
06:44:59.503 [JavaFX Application Thread] DEBUG Engine               - Running on OS: Windows 11 version 10.0
06:44:59.503 [JavaFX Application Thread] DEBUG Engine               - Architecture: amd64
06:44:59.503 [JavaFX Application Thread] INFO  Engine               - Source code and latest versions at: https://github.com/AlmasB/FXGL
06:44:59.503 [JavaFX Application Thread] INFO  Engine               -       Ask questions and discuss at: https://github.com/AlmasB/FXGL/discussions
06:44:59.504 [JavaFX Application Thread] INFO  Engine               -              Join the FXGL chat at: https://gitter.im/AlmasB/FXGL
06:44:59.565 [JavaFX Application Thread] DEBUG PrimaryStageWindow   - Creating a JavaFX scene
06:44:59.594 [JavaFX Application Thread] DEBUG PrimaryStageWindow   - Target settings size: 1280.0 x 720.0
06:44:59.595 [JavaFX Application Thread] DEBUG PrimaryStageWindow   - Scaled scene size:    1280.0 x 720.0
06:44:59.595 [JavaFX Application Thread] DEBUG PrimaryStageWindow   - Scaled ratio: (1.0, 1.0)
06:44:59.596 [JavaFX Application Thread] DEBUG PrimaryStageWindow   - Set initial scene to FXGLStartupScene
06:44:59.600 [JavaFX Application Thread] DEBUG PrimaryStageWindow   - Opening main window
06:44:59.661 [JavaFX Application Thread] DEBUG PrimaryStageWindow   - Window border size: (16.0, 39.0)
06:44:59.661 [JavaFX Application Thread] DEBUG PrimaryStageWindow   - Scaled size: 1280.0 x 720.0
06:44:59.662 [JavaFX Application Thread] DEBUG PrimaryStageWindow   - Scaled ratio: (1.0, 1.0)
06:44:59.662 [JavaFX Application Thread] DEBUG PrimaryStageWindow   - Scene size: 1280.0 x 720.0
06:44:59.662 [JavaFX Application Thread] DEBUG PrimaryStageWindow   - Stage size: 1296.0 x 759.0
06:44:59.670 [FXGL Background Thread 1 ] DEBUG Engine               - Initializing environment variables
06:44:59.704 [FXGL Background Thread 1 ] DEBUG FXGLAssetLoaderServi - User app class for loading assets: class com.sunsofgod.PlatformerApp
06:44:59.704 [FXGL Background Thread 1 ] DEBUG GameApplicationServi - Applying CSS: fxgl_dark.css
06:44:59.704 [FXGL Background Thread 1 ] DEBUG FXGLAssetLoaderServi - Loading from file system: jar:file:///C:/Users/user/.m2/repository/com/github/almasb/fxgl/17.2/fxgl-17.2.jar!/fxglassets/ui/css/fxgl_dark.css
06:44:59.735 [FXGL Background Thread 1 ] DEBUG GameApplicationServi - Initializing application scenes
06:44:59.766 [FXGL Background Thread 1 ] WARN  FXGLAssetLoaderServi - Asset "/assets/textures/player.png" was not found!
06:44:59.768 [FXGL Background Thread 1 ] WARN  FXGLAssetLoaderServi - Failed to load IMAGE
06:44:59.785 [FXGL Background Thread 1 ] DEBUG GameWorld            - Game world initialized
06:44:59.816 [FXGL Background Thread 1 ] DEBUG PhysicsWorld         - Physics world initialized: appHeight=720, physics.ppm=50.0
06:44:59.816 [FXGL Background Thread 1 ] DEBUG PhysicsWorld         - Using strategy: BRUTE_FORCE
06:44:59.819 [FXGL Background Thread 1 ] DEBUG GameScene            - Game scene initialized: 1280x720
06:45:00.034 [FXGL Background Thread 1 ] DEBUG GameApplicationServi - Application scenes initialized
06:45:00.046 [FXGL Background Thread 1 ] DEBUG SystemBundleService  - Loading FXGL system data
06:45:00.049 [FXGL Background Thread 1 ] DEBUG FileSystemAccess     - Reading from: C:\Users\user\Desktop\JavaFXGame\system\fxgl.bundle
06:45:00.056 [FXGL Background Thread 1 ] DEBUG SystemBundleService  - Bundle FXGL: {}
06:45:00.056 [FXGL Background Thread 1 ] DEBUG UpdaterService       - Checking for updates
06:45:00.072 [FXGL Background Thread 4 ] DEBUG FXGLApplication      - Loading fonts
06:45:00.073 [FXGL Background Thread 1 ] DEBUG FXGLApplication      - Loading default localization
06:45:00.073 [FXGL Background Thread 4 ] DEBUG FXGLAssetLoaderServi - Loading from file system: jar:file:///C:/Users/user/.m2/repository/com/github/almasb/fxgl/17.2/fxgl-17.2.jar!/fxglassets/ui/fonts/VarelaRound-Regular.ttf
06:45:00.073 [FXGL Background Thread 1 ] DEBUG FXGLAssetLoaderServi - Loading from file system: jar:file:///C:/Users/user/.m2/repository/com/github/almasb/fxgl/17.2/fxgl-17.2.jar!/fxglassets/languages/english.lang
06:45:00.094 [FXGL Background Thread 1 ] INFO  FXGLApplication      - FXGL initialization took: 0.425 sec
06:45:00.095 [JavaFX Application Thread] DEBUG FXGLAssetLoaderServi - Loading from file system: jar:file:///C:/Users/user/.m2/repository/com/github/almasb/fxgl/17.2/fxgl-17.2.jar!/fxglassets/textures/fxgl_icon.png
06:45:00.109 [FXGL Background Thread 4 ] DEBUG FXGLAssetLoaderServi - Loading from file system: jar:file:///C:/Users/user/.m2/repository/com/github/almasb/fxgl/17.2/fxgl-17.2.jar!/fxglassets/ui/fonts/Abel-Regular.ttf
06:45:00.110 [JavaFX Application Thread] DEBUG FXGLAssetLoaderServi - Loading from file system: jar:file:///C:/Users/user/.m2/repository/com/github/almasb/fxgl/17.2/fxgl-17.2.jar!/fxglassets/textures/fxgl_default_cursor.png
06:45:00.112 [FXGL Background Thread 4 ] DEBUG FXGLAssetLoaderServi - Loading from file system: jar:file:///C:/Users/user/.m2/repository/com/github/almasb/fxgl/17.2/fxgl-17.2.jar!/fxglassets/ui/fonts/TerminalLandMono-Regular.otf
06:45:00.116 [FXGL Background Thread 4 ] DEBUG FXGLAssetLoaderServi - Loading from file system: jar:file:///C:/Users/user/.m2/repository/com/github/almasb/fxgl/17.2/fxgl-17.2.jar!/fxglassets/ui/fonts/Courier-Prime.ttf
06:45:00.117 [JavaFX Application Thread] DEBUG Input                - Registered new binding: Screenshot - CTRL+8
06:45:00.117 [JavaFX Application Thread] DEBUG Input                - Registered new binding: Dev Options - 1
06:45:00.117 [JavaFX Application Thread] DEBUG Input                - Registered new binding: Dev Console - 2
06:45:00.117 [JavaFX Application Thread] DEBUG Input                - Registered new binding: System info dump - CTRL+9
06:45:00.117 [JavaFX Application Thread] DEBUG Input                - Registered new binding: Restart - CTRL+R
06:45:00.118 [JavaFX Application Thread] DEBUG Input                - Registered new binding: Toggle Debug Camera - CTRL+7
06:45:00.120 [JavaFX Application Thread] DEBUG LoopRunner           - Starting loop
06:45:00.131 [JavaFX Application Thread] DEBUG LoopRunner           - Initializing JavaFX AnimationTimerLoop
06:45:00.133 [JavaFX Application Thread] DEBUG Input                - Clearing active input actions
06:45:00.141 [JavaFX Application Thread] DEBUG GameApplicationServi - Removing overlay from FXGLStartupScene and adding to FXGLMainMenuDummyScene
06:45:00.145 [JavaFX Application Thread] DEBUG PrimaryStageWindow   - FXGLStartupScene -> FXGLMainMenuDummyScene
06:45:00.145 [JavaFX Application Thread] DEBUG PrimaryStageWindow   - Push state: RiderMainMenuScene
06:45:00.145 [JavaFX Application Thread] DEBUG Input                - Clearing active input actions
06:45:00.149 [JavaFX Application Thread] DEBUG GameApplicationServi - Removing overlay from FXGLMainMenuDummyScene and adding to RiderMainMenuScene
06:45:00.149 [JavaFX Application Thread] DEBUG PrimaryStageWindow   - FXGLMainMenuDummyScene -> RiderMainMenuScene
06:45:00.290 [JavaFX Application Thread] DEBUG FXGLApplication      - Registering font factories with UI factory
06:45:00.406 [FXGL Background Thread 2 ] INFO  UpdaterService       - Your current version:  17.2
06:45:00.406 [FXGL Background Thread 2 ] INFO  UpdaterService       - Latest stable version: 21.1
06:45:01.176 [JavaFX Application Thread] DEBUG PrimaryStageWindow   - Push state: PlayerSelectScene
06:45:01.176 [JavaFX Application Thread] DEBUG Input                - Clearing active input actions
06:45:01.177 [JavaFX Application Thread] DEBUG GameApplicationServi - Removing overlay from RiderMainMenuScene and adding to PlayerSelectScene
06:45:01.178 [JavaFX Application Thread] DEBUG PrimaryStageWindow   - RiderMainMenuScene -> PlayerSelectScene
06:45:02.914 [JavaFX Application Thread] DEBUG PrimaryStageWindow   - Push state: LevelSelectScene
06:45:02.915 [JavaFX Application Thread] DEBUG Input                - Clearing active input actions
06:45:02.915 [JavaFX Application Thread] DEBUG GameApplicationServi - Removing overlay from PlayerSelectScene and adding to LevelSelectScene
06:45:02.916 [JavaFX Application Thread] DEBUG PrimaryStageWindow   - PlayerSelectScene -> LevelSelectScene
06:45:03.072 [FXGL Background Thread 3 ] DEBUG Engine               - Logging environment variables
06:45:03.072 [FXGL Background Thread 3 ] DEBUG Engine               - achievements: []
06:45:03.072 [FXGL Background Thread 3 ] DEBUG Engine               - actualHeight: 720.0
06:45:03.072 [FXGL Background Thread 3 ] DEBUG Engine               - actualHeightProperty: ReadOnlyDoubleProperty [value: 720.0]
06:45:03.073 [FXGL Background Thread 3 ] DEBUG Engine               - actualWidth: 1280.0
06:45:03.073 [FXGL Background Thread 3 ] DEBUG Engine               - actualWidthProperty: ReadOnlyDoubleProperty [value: 1280.0]
06:45:03.073 [FXGL Background Thread 3 ] DEBUG Engine               - appIcon: fxgl_icon.png
06:45:03.073 [FXGL Background Thread 3 ] DEBUG Engine               - applicationMode: DEVELOPER
06:45:03.073 [FXGL Background Thread 3 ] DEBUG Engine               - cSSList: [fxgl_dark.css]
06:45:03.073 [FXGL Background Thread 3 ] DEBUG Engine               - collisionDetectionStrategy: BRUTE_FORCE
06:45:03.073 [FXGL Background Thread 3 ] DEBUG Engine               - configClass: Optional.empty
06:45:03.073 [FXGL Background Thread 3 ] DEBUG Engine               - credits: []
06:45:03.074 [FXGL Background Thread 3 ] DEBUG Engine               - defaultCursor: CursorInfo(imageName=fxgl_default_cursor.png, hotspotX=7.0, hotspotY=6.0)
06:45:03.074 [FXGL Background Thread 3 ] DEBUG Engine               - devBBoxColorProperty: ObjectProperty [value: 0xff0000ff]
06:45:03.074 [FXGL Background Thread 3 ] DEBUG Engine               - devEnableDebugCameraProperty: BooleanProperty [value: false]
06:45:03.075 [FXGL Background Thread 3 ] DEBUG Engine               - devSensorColorProperty: ObjectProperty [value: 0xffff00ff]
06:45:03.075 [FXGL Background Thread 3 ] DEBUG Engine               - devShowBBoxProperty: BooleanProperty [value: false]
06:45:03.075 [FXGL Background Thread 3 ] DEBUG Engine               - devShowPositionProperty: BooleanProperty [value: false]
06:45:03.075 [FXGL Background Thread 3 ] DEBUG Engine               - enabledMenuItems: []
06:45:03.075 [FXGL Background Thread 3 ] DEBUG Engine               - engineServices: [class com.almasb.fxgl.app.services.FXGLAssetLoaderService, class com.almasb.fxgl.app.FXGLApplication$GameApplicationService, class com.almasb.fxgl.app.services.FXGLDialogService, class com.almasb.fxgl.app.services.IOTaskExecutorService, class com.almasb.fxgl.io.FileSystemService, class com.almasb.fxgl.localization.LocalizationService, class com.almasb.fxgl.app.services.SystemBundleService, class com.almasb.fxgl.profile.SaveLoadService, class com.almasb.fxgl.ui.FXGLUIFactoryServiceProvider, class com.almasb.fxgl.ui.FXGLDialogFactoryServiceProvider, class com.almasb.fxgl.audio.AudioPlayer, class com.almasb.fxgl.notification.impl.NotificationServiceProvider, class com.almasb.fxgl.achievement.AchievementService, class com.almasb.fxgl.cutscene.CutsceneService, class com.almasb.fxgl.minigames.MiniGameService, class com.almasb.fxgl.net.NetService, class com.almasb.fxgl.app.services.UpdaterService, class com.almasb.fxgl.dev.DevService]
06:45:03.075 [FXGL Background Thread 3 ] DEBUG Engine               - fontGame: Abel-Regular.ttf
06:45:03.075 [FXGL Background Thread 3 ] DEBUG Engine               - fontMono: TerminalLandMono-Regular.otf
06:45:03.075 [FXGL Background Thread 3 ] DEBUG Engine               - fontText: Courier-Prime.ttf
06:45:03.075 [FXGL Background Thread 3 ] DEBUG Engine               - fontUI: VarelaRound-Regular.ttf
06:45:03.075 [FXGL Background Thread 3 ] DEBUG Engine               - fullScreen: BooleanProperty [value: false]
06:45:03.075 [FXGL Background Thread 3 ] DEBUG Engine               - gameDifficulty: MEDIUM
06:45:03.075 [FXGL Background Thread 3 ] DEBUG Engine               - gameDifficultyProperty: ObjectProperty [value: MEDIUM]
06:45:03.075 [FXGL Background Thread 3 ] DEBUG Engine               - globalMusicVolume: 0.5
06:45:03.075 [FXGL Background Thread 3 ] DEBUG Engine               - globalMusicVolumeProperty: DoubleProperty [value: 0.25]
06:45:03.075 [FXGL Background Thread 3 ] DEBUG Engine               - globalSoundVolume: 0.5
06:45:03.075 [FXGL Background Thread 3 ] DEBUG Engine               - globalSoundVolumeProperty: DoubleProperty [value: 0.5]
06:45:03.075 [FXGL Background Thread 3 ] DEBUG Engine               - height: 720
06:45:03.075 [FXGL Background Thread 3 ] DEBUG Engine               - is3D: false
06:45:03.075 [FXGL Background Thread 3 ] DEBUG Engine               - isAndroid: false
06:45:03.075 [FXGL Background Thread 3 ] DEBUG Engine               - isBrowser: false
06:45:03.076 [FXGL Background Thread 3 ] DEBUG Engine               - isClickFeedbackEnabled: false
06:45:03.076 [FXGL Background Thread 3 ] DEBUG Engine               - isCloseConfirmation: false
06:45:03.076 [FXGL Background Thread 3 ] DEBUG Engine               - isDesktop: true
06:45:03.076 [FXGL Background Thread 3 ] DEBUG Engine               - isDeveloperMenuEnabled: true
06:45:03.076 [FXGL Background Thread 3 ] DEBUG Engine               - isEmbedded: false
06:45:03.076 [FXGL Background Thread 3 ] DEBUG Engine               - isEntityPreloadEnabled: true
06:45:03.076 [FXGL Background Thread 3 ] DEBUG Engine               - isExperimentalTiledLargeMap: false
06:45:03.076 [FXGL Background Thread 3 ] DEBUG Engine               - isFileSystemWriteAllowed: true
06:45:03.076 [FXGL Background Thread 3 ] DEBUG Engine               - isFullScreenAllowed: false
06:45:03.076 [FXGL Background Thread 3 ] DEBUG Engine               - isFullScreenFromStart: false
06:45:03.076 [FXGL Background Thread 3 ] DEBUG Engine               - isGameMenuEnabled: true
06:45:03.076 [FXGL Background Thread 3 ] DEBUG Engine               - isIOS: false
06:45:03.076 [FXGL Background Thread 3 ] DEBUG Engine               - isIntroEnabled: false
06:45:03.076 [FXGL Background Thread 3 ] DEBUG Engine               - isLinux: false
06:45:03.076 [FXGL Background Thread 3 ] DEBUG Engine               - isMac: false
06:45:03.076 [FXGL Background Thread 3 ] DEBUG Engine               - isMainMenuEnabled: true
06:45:03.076 [FXGL Background Thread 3 ] DEBUG Engine               - isManualResizeEnabled: false
06:45:03.076 [FXGL Background Thread 3 ] DEBUG Engine               - isMobile: false
06:45:03.076 [FXGL Background Thread 3 ] DEBUG Engine               - isNative: false
06:45:03.076 [FXGL Background Thread 3 ] DEBUG Engine               - isPauseMusicWhenMinimized: true
06:45:03.076 [FXGL Background Thread 3 ] DEBUG Engine               - isPreserveResizeRatio: false
06:45:03.076 [FXGL Background Thread 3 ] DEBUG Engine               - isProfilingEnabled: false
06:45:03.076 [FXGL Background Thread 3 ] DEBUG Engine               - isScaleAffectedOnResize: true
06:45:03.076 [FXGL Background Thread 3 ] DEBUG Engine               - isSingleStep: false
06:45:03.076 [FXGL Background Thread 3 ] DEBUG Engine               - isUserProfileEnabled: false
06:45:03.077 [FXGL Background Thread 3 ] DEBUG Engine               - isWindows: true
06:45:03.077 [FXGL Background Thread 3 ] DEBUG Engine               - language: ObjectProperty [value: ENGLISH]
06:45:03.077 [FXGL Background Thread 3 ] DEBUG Engine               - menuKey: ESCAPE
06:45:03.077 [FXGL Background Thread 3 ] DEBUG Engine               - mouseSensitivity: 0.2
06:45:03.077 [FXGL Background Thread 3 ] DEBUG Engine               - notificationViewClass: class com.almasb.fxgl.notification.view.XboxNotificationView
06:45:03.077 [FXGL Background Thread 3 ] DEBUG Engine               - pixelsPerMeter: 50.0
06:45:03.077 [FXGL Background Thread 3 ] DEBUG Engine               - platform: WINDOWS
06:45:03.077 [FXGL Background Thread 3 ] DEBUG Engine               - prefHeightProperty: ReadOnlyDoubleProperty [value: 720.0]
06:45:03.077 [FXGL Background Thread 3 ] DEBUG Engine               - prefWidthProperty: ReadOnlyDoubleProperty [value: 1280.0]
06:45:03.077 [FXGL Background Thread 3 ] DEBUG Engine               - profileDir: profiles/
06:45:03.077 [FXGL Background Thread 3 ] DEBUG Engine               - profileName: StringProperty [value: DEFAULT]
06:45:03.077 [FXGL Background Thread 3 ] DEBUG Engine               - randomSeed: -1
06:45:03.077 [FXGL Background Thread 3 ] DEBUG Engine               - runtimeInfo: RuntimeInfo(platform=WINDOWS, version=17.2, build=20.08.2022 16.50)
06:45:03.077 [FXGL Background Thread 3 ] DEBUG Engine               - saveFileExt: sav
06:45:03.077 [FXGL Background Thread 3 ] DEBUG Engine               - scaledHeightProp$fxgl: DoubleProperty [bound, value: 720.0]
06:45:03.077 [FXGL Background Thread 3 ] DEBUG Engine               - scaledWidthProp$fxgl: DoubleProperty [bound, value: 1280.0]
06:45:03.077 [FXGL Background Thread 3 ] DEBUG Engine               - sceneFactory: com.sunsofgod.PlatformerApp$1@2d8d6417
06:45:03.077 [FXGL Background Thread 3 ] DEBUG Engine               - secondsIn24h: 60
06:45:03.077 [FXGL Background Thread 3 ] DEBUG Engine               - soundMenuBack: menu/back.wav
06:45:03.077 [FXGL Background Thread 3 ] DEBUG Engine               - soundMenuPress: menu/press.wav
06:45:03.077 [FXGL Background Thread 3 ] DEBUG Engine               - soundMenuSelect: menu/select.wav
06:45:03.077 [FXGL Background Thread 3 ] DEBUG Engine               - soundNotification: core/notification.wav
06:45:03.077 [FXGL Background Thread 3 ] DEBUG Engine               - stageStyle: DECORATED
06:45:03.077 [FXGL Background Thread 3 ] DEBUG Engine               - supportedLanguages: [ENGLISH, FRENCH, GERMAN, HUNGARIAN, RUSSIAN]
06:45:03.077 [FXGL Background Thread 3 ] DEBUG Engine               - ticksPerSecond: -1
06:45:03.077 [FXGL Background Thread 3 ] DEBUG Engine               - title: Untitled
06:45:03.077 [FXGL Background Thread 3 ] DEBUG Engine               - urlGithub: https://github.com/AlmasB/FXGL
06:45:03.077 [FXGL Background Thread 3 ] DEBUG Engine               - urlLeaderboard: http://fxgl-top.herokuapp.com/
06:45:03.077 [FXGL Background Thread 3 ] DEBUG Engine               - urlPOM: https://raw.githubusercontent.com/AlmasB/FXGL/release/README.md
06:45:03.077 [FXGL Background Thread 3 ] DEBUG Engine               - userAppClass: class com.sunsofgod.PlatformerApp
06:45:03.077 [FXGL Background Thread 3 ] DEBUG Engine               - version: 0.0
06:45:03.077 [FXGL Background Thread 3 ] DEBUG Engine               - versionCheckDays: 7
06:45:03.078 [FXGL Background Thread 3 ] DEBUG Engine               - width: 1280
06:45:03.078 [FXGL Background Thread 3 ] DEBUG Engine               - Logging services
06:45:03.078 [FXGL Background Thread 3 ] DEBUG Engine               - class com.almasb.fxgl.app.services.FXGLAssetLoaderService
06:45:03.078 [FXGL Background Thread 3 ] DEBUG Engine               - class com.almasb.fxgl.app.FXGLApplication$GameApplicationService
06:45:03.078 [FXGL Background Thread 3 ] DEBUG Engine               - class com.almasb.fxgl.app.services.FXGLDialogService
06:45:03.078 [FXGL Background Thread 3 ] DEBUG Engine               - class com.almasb.fxgl.app.services.IOTaskExecutorService
06:45:03.078 [FXGL Background Thread 3 ] DEBUG Engine               - class com.almasb.fxgl.io.FileSystemService
06:45:03.078 [FXGL Background Thread 3 ] DEBUG Engine               - class com.almasb.fxgl.localization.LocalizationService
06:45:03.078 [FXGL Background Thread 3 ] DEBUG Engine               - class com.almasb.fxgl.app.services.SystemBundleService
06:45:03.078 [FXGL Background Thread 3 ] DEBUG Engine               - class com.almasb.fxgl.profile.SaveLoadService
06:45:03.078 [FXGL Background Thread 3 ] DEBUG Engine               - class com.almasb.fxgl.ui.FXGLUIFactoryServiceProvider
06:45:03.078 [FXGL Background Thread 3 ] DEBUG Engine               - class com.almasb.fxgl.ui.FXGLDialogFactoryServiceProvider
06:45:03.078 [FXGL Background Thread 3 ] DEBUG Engine               - class com.almasb.fxgl.audio.AudioPlayer
06:45:03.078 [FXGL Background Thread 3 ] DEBUG Engine               - class com.almasb.fxgl.notification.impl.NotificationServiceProvider
06:45:03.078 [FXGL Background Thread 3 ] DEBUG Engine               - class com.almasb.fxgl.achievement.AchievementService
06:45:03.078 [FXGL Background Thread 3 ] DEBUG Engine               - class com.almasb.fxgl.cutscene.CutsceneService
06:45:03.078 [FXGL Background Thread 3 ] DEBUG Engine               - class com.almasb.fxgl.minigames.MiniGameService
06:45:03.078 [FXGL Background Thread 3 ] DEBUG Engine               - class com.almasb.fxgl.net.NetService
06:45:03.078 [FXGL Background Thread 3 ] DEBUG Engine               - class com.almasb.fxgl.app.services.UpdaterService
06:45:03.078 [FXGL Background Thread 3 ] DEBUG Engine               - class com.almasb.fxgl.dev.DevService
06:45:03.612 [JavaFX Application Thread] DEBUG Menu                 - fireNewGame()
06:45:03.613 [JavaFX Application Thread] DEBUG GameApplicationServi - Starting new game
06:45:03.613 [JavaFX Application Thread] DEBUG PrimaryStageWindow   - Pop state: LevelSelectScene
06:45:03.613 [JavaFX Application Thread] DEBUG Input                - Clearing active input actions
06:45:03.614 [JavaFX Application Thread] DEBUG GameApplicationServi - Removing overlay from LevelSelectScene and adding to PlayerSelectScene
06:45:03.615 [JavaFX Application Thread] DEBUG PrimaryStageWindow   - PlayerSelectScene <- LevelSelectScene
06:45:03.615 [JavaFX Application Thread] DEBUG PrimaryStageWindow   - Pop state: PlayerSelectScene
06:45:03.615 [JavaFX Application Thread] DEBUG Input                - Clearing active input actions
06:45:03.615 [JavaFX Application Thread] DEBUG GameApplicationServi - Removing overlay from PlayerSelectScene and adding to RiderMainMenuScene
06:45:03.616 [JavaFX Application Thread] DEBUG PrimaryStageWindow   - RiderMainMenuScene <- PlayerSelectScene
06:45:03.616 [JavaFX Application Thread] DEBUG PrimaryStageWindow   - Pop state: RiderMainMenuScene
06:45:03.616 [JavaFX Application Thread] DEBUG Input                - Clearing active input actions
06:45:03.616 [JavaFX Application Thread] DEBUG GameApplicationServi - Removing overlay from RiderMainMenuScene and adding to FXGLMainMenuDummyScene
06:45:03.616 [JavaFX Application Thread] DEBUG PrimaryStageWindow   - FXGLMainMenuDummyScene <- RiderMainMenuScene
06:45:03.616 [JavaFX Application Thread] DEBUG Input                - Clearing active input actions
06:45:03.621 [JavaFX Application Thread] DEBUG GameApplicationServi - Removing overlay from FXGLMainMenuDummyScene and adding to MainLoadingScene
06:45:03.621 [JavaFX Application Thread] DEBUG PrimaryStageWindow   - FXGLMainMenuDummyScene -> MainLoadingScene
06:45:03.622 [JavaFX Application Thread] DEBUG GameApplicationServi - Clearing previous game
06:45:03.622 [JavaFX Application Thread] DEBUG GameScene            - Clearing game scene
06:45:03.622 [JavaFX Application Thread] DEBUG GameWorld            - Clearing game world
06:45:03.622 [JavaFX Application Thread] DEBUG PhysicsWorld         - Clearing physics world
06:45:03.623 [FXGL Background Thread 2 ] DEBUG FXGLApplication      - Initializing game
06:45:03.652 [FXGL Background Thread 2 ] WARN  TMXLevelLoader       - TiledMap generated from 1.11.0. Supported version: 1.9.0. Some features may not be parsed fully.
06:45:03.658 [FXGL Background Thread 2 ] DEBUG TMXLevelLoader       - Parsed TiledMap: file:/C:/Users/user/Desktop/JavaFXGame/target/classes/assets/levels/tmx/level14.tmx
06:45:03.659 [FXGL Background Thread 2 ] DEBUG TMXLevelLoader       - Creating tile layer entities
06:45:03.660 [FXGL Background Thread 2 ] DEBUG TilesetLoader        - Loading view for layer Tile Layer 1
06:45:03.660 [FXGL Background Thread 2 ] DEBUG TilesetLoader        - Created buffer with size 1050.0x700.0
06:45:03.671 [FXGL Background Thread 2 ] DEBUG TMXLevelLoader       - Creating object layer entities
06:45:03.685 [FXGL Background Thread 2 ] DEBUG FXGLAssetLoaderServi - Loading from file system: file:/C:/Users/user/Desktop/JavaFXGame/target/classes/assets/textures/button.png
06:45:03.694 [FXGL Background Thread 2 ] DEBUG GameWorld            - Clearing removable entities
06:45:03.694 [FXGL Background Thread 2 ] DEBUG GameWorld            - Setting level: com.almasb.fxgl.entity.level.Level@40dc460e
06:45:03.700 [FXGL Background Thread 2 ] DEBUG FXGLAssetLoaderServi - Loading from file system: file:/C:/Users/user/Desktop/JavaFXGame/target/classes/assets/textures/player1.png
06:45:03.706 [FXGL Background Thread 2 ] DEBUG FXGLAssetLoaderServi - Loading from file system: file:/C:/Users/user/Desktop/JavaFXGame/target/classes/assets/textures/player2.png
06:45:03.709 [FXGL Background Thread 2 ] DEBUG FXGLAssetLoaderServi - Loading from file system: file:/C:/Users/user/Desktop/JavaFXGame/target/classes/assets/textures/player3.png
06:45:03.711 [FXGL Background Thread 2 ] DEBUG FXGLAssetLoaderServi - Loading from file system: file:/C:/Users/user/Desktop/JavaFXGame/target/classes/assets/textures/player4.png
06:45:03.713 [FXGL Background Thread 2 ] DEBUG Input                - Clearing active input actions
06:45:03.716 [FXGL Background Thread 2 ] DEBUG Input                - Registered new binding: Jump0 - W
06:45:03.718 [FXGL Background Thread 2 ] DEBUG Input                - Registered new binding: Left0 - A
06:45:03.718 [FXGL Background Thread 2 ] DEBUG Input                - Registered new binding: Right0 - D
06:45:03.718 [FXGL Background Thread 2 ] DEBUG Input                - Registered new binding: Use0 - E
06:45:03.719 [FXGL Background Thread 2 ] DEBUG Input                - Registered new binding: Jump1 - Up
06:45:03.719 [FXGL Background Thread 2 ] DEBUG Input                - Registered new binding: Left1 - Left
06:45:03.719 [FXGL Background Thread 2 ] DEBUG Input                - Registered new binding: Right1 - Right
06:45:03.719 [FXGL Background Thread 2 ] DEBUG Input                - Registered new binding: Use1 - Slash
06:45:03.719 [FXGL Background Thread 2 ] DEBUG Input                - Registered new binding: Jump2 - I
06:45:03.719 [FXGL Background Thread 2 ] DEBUG Input                - Registered new binding: Left2 - J
06:45:03.719 [FXGL Background Thread 2 ] DEBUG Input                - Registered new binding: Right2 - L
06:45:03.719 [FXGL Background Thread 2 ] DEBUG Input                - Registered new binding: Use2 - O
06:45:03.719 [FXGL Background Thread 2 ] DEBUG Input                - Registered new binding: Jump3 - G
06:45:03.720 [FXGL Background Thread 2 ] DEBUG Input                - Registered new binding: Left3 - V
06:45:03.720 [FXGL Background Thread 2 ] DEBUG Input                - Registered new binding: Right3 - N
06:45:03.720 [FXGL Background Thread 2 ] DEBUG Input                - Registered new binding: Use3 - H
06:45:03.750 [FXGL Background Thread 2 ] DEBUG FXGLAssetLoaderServi - Loading from file system: file:/C:/Users/user/Desktop/JavaFXGame/target/classes/assets/textures/background/manila.png
06:45:03.765 [FXGL Background Thread 2 ] INFO  FXGLApplication      - Game initialization took: 0.142 sec
06:45:03.770 [JavaFX Application Thread] DEBUG Input                - Clearing active input actions
06:45:03.774 [JavaFX Application Thread] DEBUG GameApplicationServi - Removing overlay from MainLoadingScene and adding to GameScene
06:45:03.776 [JavaFX Application Thread] DEBUG PrimaryStageWindow   - MainLoadingScene -> GameScene
06:45:06.421 [JavaFX Application Thread] DEBUG FXGLAssetLoaderServi - Loading from file system: file:/C:/Users/user/Desktop/JavaFXGame/target/classes/assets/sounds/jump.wav
06:45:18.673 [JavaFX Application Thread] DEBUG FXGLAssetLoaderServi - Loading from file system: file:/C:/Users/user/Desktop/JavaFXGame/target/classes/assets/textures/exit_sign.png
06:45:29.989 [JavaFX Application Thread] DEBUG PrimaryStageWindow   - Push state: LevelCompletionScene
06:45:29.989 [JavaFX Application Thread] DEBUG Input                - Clearing active input actions
06:45:29.989 [JavaFX Application Thread] DEBUG GameApplicationServi - Removing overlay from GameScene and adding to LevelCompletionScene
06:45:29.990 [JavaFX Application Thread] DEBUG PrimaryStageWindow   - GameScene -> LevelCompletionScene
06:45:29.991 [JavaFX Application Thread] WARN  TMXLevelLoader       - TiledMap generated from 1.11.0. Supported version: 1.9.0. Some features may not be parsed fully.
06:45:29.993 [JavaFX Application Thread] DEBUG TMXLevelLoader       - Parsed TiledMap: file:/C:/Users/user/Desktop/JavaFXGame/target/classes/assets/levels/tmx/level15.tmx
06:45:29.993 [JavaFX Application Thread] DEBUG TMXLevelLoader       - Creating tile layer entities
06:45:29.993 [JavaFX Application Thread] DEBUG TilesetLoader        - Loading view for layer Tile Layer 1
06:45:29.993 [JavaFX Application Thread] DEBUG TilesetLoader        - Created buffer with size 1050.0x700.0
06:45:30.000 [JavaFX Application Thread] DEBUG TMXLevelLoader       - Creating object layer entities
06:45:30.003 [JavaFX Application Thread] DEBUG GameWorld            - Clearing removable entities
06:45:30.004 [JavaFX Application Thread] DEBUG GameWorld            - Setting level: com.almasb.fxgl.entity.level.Level@11f99625
06:45:31.132 [JavaFX Application Thread] DEBUG PrimaryStageWindow   - Pop state: LevelCompletionScene
06:45:31.132 [JavaFX Application Thread] DEBUG Input                - Clearing active input actions
06:45:31.132 [JavaFX Application Thread] DEBUG GameApplicationServi - Removing overlay from LevelCompletionScene and adding to GameScene
06:45:31.133 [JavaFX Application Thread] DEBUG PrimaryStageWindow   - GameScene <- LevelCompletionScene
06:45:31.205 [JavaFX Application Thread] WARN  GameWorld            - Attempted to remove entity which is not active
06:45:31.397 [JavaFX Application Thread] WARN  GameWorld            - Attempted to remove entity which is not active
06:45:33.028 [JavaFX Application Thread] WARN  GameWorld            - Attempted to remove entity which is not active
06:45:42.461 [JavaFX Application Thread] DEBUG FXGLAssetLoaderServi - Loading from file system: file:/C:/Users/user/Desktop/JavaFXGame/target/classes/assets/sounds/dead.wav
06:45:43.665 [JavaFX Application Thread] WARN  TMXLevelLoader       - TiledMap generated from 1.11.0. Supported version: 1.9.0. Some features may not be parsed fully.
06:45:43.673 [JavaFX Application Thread] DEBUG TMXLevelLoader       - Parsed TiledMap: file:/C:/Users/user/Desktop/JavaFXGame/target/classes/assets/levels/tmx/level2.tmx
06:45:43.673 [JavaFX Application Thread] DEBUG TMXLevelLoader       - Creating tile layer entities
06:45:43.673 [JavaFX Application Thread] DEBUG TilesetLoader        - Loading view for layer BG
06:45:43.676 [JavaFX Application Thread] DEBUG TilesetLoader        - Created buffer with size 4200.0x700.0
06:45:43.683 [JavaFX Application Thread] DEBUG TilesetLoader        - Loading view for layer Tile Layer 1
06:45:43.684 [JavaFX Application Thread] DEBUG TilesetLoader        - Created buffer with size 4200.0x700.0
06:45:43.685 [JavaFX Application Thread] DEBUG TMXLevelLoader       - Creating object layer entities
06:45:43.691 [JavaFX Application Thread] DEBUG GameWorld            - Clearing removable entities
06:45:43.692 [JavaFX Application Thread] DEBUG GameWorld            - Setting level: com.almasb.fxgl.entity.level.Level@7ba384db
06:45:45.085 [JavaFX Application Thread] WARN  GameWorld            - Attempted to remove entity which is not active
06:45:47.084 [JavaFX Application Thread] WARN  GameWorld            - Attempted to remove entity which is not active
06:45:57.767 [JavaFX Application Thread] WARN  TMXLevelLoader       - TiledMap generated from 1.11.0. Supported version: 1.9.0. Some features may not be parsed fully.
06:45:57.772 [JavaFX Application Thread] DEBUG TMXLevelLoader       - Parsed TiledMap: file:/C:/Users/user/Desktop/JavaFXGame/target/classes/assets/levels/tmx/level2.tmx
06:45:57.772 [JavaFX Application Thread] DEBUG TMXLevelLoader       - Creating tile layer entities
06:45:57.773 [JavaFX Application Thread] DEBUG TilesetLoader        - Loading view for layer BG
06:45:57.776 [JavaFX Application Thread] DEBUG TilesetLoader        - Created buffer with size 4200.0x700.0
06:45:57.785 [JavaFX Application Thread] DEBUG TilesetLoader        - Loading view for layer Tile Layer 1
06:45:57.791 [JavaFX Application Thread] DEBUG TilesetLoader        - Created buffer with size 4200.0x700.0
06:45:57.794 [JavaFX Application Thread] DEBUG TMXLevelLoader       - Creating object layer entities
06:45:57.800 [JavaFX Application Thread] DEBUG GameWorld            - Clearing removable entities
06:45:57.802 [JavaFX Application Thread] DEBUG GameWorld            - Setting level: com.almasb.fxgl.entity.level.Level@592f2d59
06:45:58.595 [JavaFX Application Thread] DEBUG FXGLApplication      - Exiting FXGL
06:45:58.596 [JavaFX Application Thread] DEBUG LoopRunner           - Stopping loop
06:45:58.596 [JavaFX Application Thread] DEBUG SystemBundleService  - Saving FXGL system data
06:45:58.598 [JavaFX Application Thread] DEBUG FileSystemAccess     - Writing to: C:\Users\user\Desktop\JavaFXGame\system\fxgl.bundle
06:45:58.600 [JavaFX Application Thread] DEBUG Async                - Shutting down background threads
06:45:58.600 [JavaFX Application Thread] DEBUG PrimaryStageWindow   - Closing main window
06:45:58.610 [JavaFX Application Thread] DEBUG Logger               - Closing Logger
