02:13:03.199 [main                     ] DEBUG Logger               - Configured Logger
02:13:03.217 [main                     ] DEBUG GameApplication      - Logging settings
Title: Untitled
Version: 0.0
Width: 1280
Height: 720
Fullscreen: false
Intro: false
Profiling: false
Single step:false
App Mode: DEVELOPER
Menu Key: ESCAPE
Stage Style: DECORATED
Scene Factory: class com.sunsofgod.PlatformerApp$2

02:13:03.509 [JavaFX Application Thread] DEBUG FXGLApplication      - Initializing FXGL
02:13:03.512 [JavaFX Application Thread] INFO  Engine               - FXGL-17.2 (20.08.2022 16.50) on MAC (J:17.0.2 FX:17.0.12)
02:13:03.512 [JavaFX Application Thread] DEBUG Engine               - JRE Vendor Name: Oracle Corporation
02:13:03.512 [JavaFX Application Thread] DEBUG Engine               - Running on OS: Mac OS X version 15.1
02:13:03.512 [JavaFX Application Thread] DEBUG Engine               - Architecture: aarch64
02:13:03.512 [JavaFX Application Thread] INFO  Engine               - Source code and latest versions at: https://github.com/AlmasB/FXGL
02:13:03.512 [JavaFX Application Thread] INFO  Engine               -       Ask questions and discuss at: https://github.com/AlmasB/FXGL/discussions
02:13:03.512 [JavaFX Application Thread] INFO  Engine               -              Join the FXGL chat at: https://gitter.im/AlmasB/FXGL
02:13:03.563 [JavaFX Application Thread] DEBUG PrimaryStageWindow   - Creating a JavaFX scene
02:13:03.585 [JavaFX Application Thread] DEBUG PrimaryStageWindow   - Target settings size: 1280.0 x 720.0
02:13:03.585 [JavaFX Application Thread] DEBUG PrimaryStageWindow   - Scaled scene size:    1280.0 x 720.0
02:13:03.585 [JavaFX Application Thread] DEBUG PrimaryStageWindow   - Scaled ratio: (1.0, 1.0)
02:13:03.586 [JavaFX Application Thread] DEBUG PrimaryStageWindow   - Set initial scene to FXGLStartupScene
02:13:03.588 [JavaFX Application Thread] DEBUG PrimaryStageWindow   - Opening main window
02:13:03.695 [JavaFX Application Thread] DEBUG PrimaryStageWindow   - Window border size: (0.0, 28.0)
02:13:03.695 [JavaFX Application Thread] DEBUG PrimaryStageWindow   - Scaled size: 1280.0 x 720.0
02:13:03.695 [JavaFX Application Thread] DEBUG PrimaryStageWindow   - Scaled ratio: (1.0, 1.0)
02:13:03.696 [JavaFX Application Thread] DEBUG PrimaryStageWindow   - Scene size: 1280.0 x 720.0
02:13:03.696 [JavaFX Application Thread] DEBUG PrimaryStageWindow   - Stage size: 1280.0 x 748.0
02:13:03.724 [FXGL Background Thread 1 ] DEBUG Engine               - Initializing environment variables
02:13:03.778 [FXGL Background Thread 1 ] DEBUG FXGLAssetLoaderServi - User app class for loading assets: class com.sunsofgod.PlatformerApp
02:13:03.778 [FXGL Background Thread 1 ] DEBUG GameApplicationServi - Applying CSS: fxgl_dark.css
02:13:03.779 [FXGL Background Thread 1 ] DEBUG FXGLAssetLoaderServi - Loading from file system: jar:file:///Users/aaron/.m2/repository/com/github/almasb/fxgl/17.2/fxgl-17.2.jar!/fxglassets/ui/css/fxgl_dark.css
02:13:03.865 [FXGL Background Thread 1 ] DEBUG GameApplicationServi - Initializing application scenes
02:13:03.985 [FXGL Background Thread 1 ] WARN  FXGLAssetLoaderServi - Asset "/assets/textures/player.png" was not found!
02:13:03.985 [FXGL Background Thread 1 ] WARN  FXGLAssetLoaderServi - Failed to load IMAGE
02:13:04.002 [FXGL Background Thread 1 ] DEBUG GameWorld            - Game world initialized
02:13:04.030 [FXGL Background Thread 1 ] DEBUG PhysicsWorld         - Physics world initialized: appHeight=720, physics.ppm=50.0
02:13:04.030 [FXGL Background Thread 1 ] DEBUG PhysicsWorld         - Using strategy: BRUTE_FORCE
02:13:04.032 [FXGL Background Thread 1 ] DEBUG GameScene            - Game scene initialized: 1280x720
02:13:04.426 [FXGL Background Thread 1 ] DEBUG FXGL.DefaultMenu     - createMenuBodyGameMenu()
02:13:04.430 [FXGL Background Thread 1 ] DEBUG FXGL.DefaultMenu     - createOptionsMenu()
02:13:04.433 [FXGL Background Thread 1 ] DEBUG FXGLAssetLoaderServi - Loading from file system: jar:file:///Users/aaron/.m2/repository/com/github/almasb/fxgl/17.2/fxgl-17.2.jar!/fxglassets/textures/particles/smoke.png
02:13:04.466 [FXGL Background Thread 1 ] DEBUG FXGLAssetLoaderServi - Loading from file system: jar:file:///Users/aaron/.m2/repository/com/github/almasb/fxgl/17.2/fxgl-17.2.jar!/fxglassets/textures/particles/trace_horizontal.png
02:13:04.472 [FXGL Background Thread 1 ] DEBUG GameApplicationServi - Application scenes initialized
02:13:04.477 [FXGL Background Thread 1 ] DEBUG SystemBundleService  - Loading FXGL system data
02:13:04.479 [FXGL Background Thread 1 ] DEBUG FileSystemAccess     - Reading from: /Users/aaron/JavaFXGame/system/fxgl.bundle
02:13:04.483 [FXGL Background Thread 1 ] DEBUG SystemBundleService  - Bundle FXGL: {}
02:13:04.483 [FXGL Background Thread 1 ] DEBUG UpdaterService       - Checking for updates
02:13:04.493 [FXGL Background Thread 4 ] DEBUG FXGLApplication      - Loading fonts
02:13:04.493 [FXGL Background Thread 1 ] DEBUG FXGLApplication      - Loading default localization
02:13:04.493 [FXGL Background Thread 4 ] DEBUG FXGLAssetLoaderServi - Loading from file system: jar:file:///Users/aaron/.m2/repository/com/github/almasb/fxgl/17.2/fxgl-17.2.jar!/fxglassets/ui/fonts/VarelaRound-Regular.ttf
02:13:04.493 [FXGL Background Thread 1 ] DEBUG FXGLAssetLoaderServi - Loading from file system: jar:file:///Users/aaron/.m2/repository/com/github/almasb/fxgl/17.2/fxgl-17.2.jar!/fxglassets/languages/english.lang
02:13:04.503 [FXGL Background Thread 4 ] DEBUG FXGLAssetLoaderServi - Loading from file system: jar:file:///Users/aaron/.m2/repository/com/github/almasb/fxgl/17.2/fxgl-17.2.jar!/fxglassets/ui/fonts/Abel-Regular.ttf
02:13:04.504 [FXGL Background Thread 1 ] INFO  FXGLApplication      - FXGL initialization took: 0.783 sec
02:13:04.505 [JavaFX Application Thread] DEBUG FXGLAssetLoaderServi - Loading from file system: jar:file:///Users/aaron/.m2/repository/com/github/almasb/fxgl/17.2/fxgl-17.2.jar!/fxglassets/textures/fxgl_icon.png
02:13:04.507 [FXGL Background Thread 4 ] DEBUG FXGLAssetLoaderServi - Loading from file system: jar:file:///Users/aaron/.m2/repository/com/github/almasb/fxgl/17.2/fxgl-17.2.jar!/fxglassets/ui/fonts/TerminalLandMono-Regular.otf
02:13:04.509 [FXGL Background Thread 4 ] DEBUG FXGLAssetLoaderServi - Loading from file system: jar:file:///Users/aaron/.m2/repository/com/github/almasb/fxgl/17.2/fxgl-17.2.jar!/fxglassets/ui/fonts/Courier-Prime.ttf
02:13:04.521 [JavaFX Application Thread] DEBUG FXGLAssetLoaderServi - Loading from file system: jar:file:///Users/aaron/.m2/repository/com/github/almasb/fxgl/17.2/fxgl-17.2.jar!/fxglassets/textures/fxgl_default_cursor.png
02:13:04.525 [JavaFX Application Thread] DEBUG Input                - Registered new binding: Screenshot - CTRL+8
02:13:04.525 [JavaFX Application Thread] DEBUG Input                - Registered new binding: Dev Options - 1
02:13:04.525 [JavaFX Application Thread] DEBUG Input                - Registered new binding: Dev Console - 2
02:13:04.525 [JavaFX Application Thread] DEBUG Input                - Registered new binding: System info dump - CTRL+9
02:13:04.525 [JavaFX Application Thread] DEBUG Input                - Registered new binding: Restart - CTRL+R
02:13:04.525 [JavaFX Application Thread] DEBUG Input                - Registered new binding: Toggle Debug Camera - CTRL+7
02:13:04.526 [JavaFX Application Thread] DEBUG LoopRunner           - Starting loop
02:13:04.531 [JavaFX Application Thread] DEBUG LoopRunner           - Initializing JavaFX AnimationTimerLoop
02:13:04.532 [JavaFX Application Thread] DEBUG Input                - Clearing active input actions
02:13:04.535 [JavaFX Application Thread] DEBUG GameApplicationServi - Removing overlay from FXGLStartupScene and adding to FXGLMainMenuDummyScene
02:13:04.536 [JavaFX Application Thread] DEBUG PrimaryStageWindow   - FXGLStartupScene -> FXGLMainMenuDummyScene
02:13:04.536 [JavaFX Application Thread] DEBUG PrimaryStageWindow   - Push state: RiderMainMenuScene
02:13:04.537 [JavaFX Application Thread] DEBUG Input                - Clearing active input actions
02:13:04.539 [JavaFX Application Thread] DEBUG GameApplicationServi - Removing overlay from FXGLMainMenuDummyScene and adding to RiderMainMenuScene
02:13:04.539 [JavaFX Application Thread] DEBUG PrimaryStageWindow   - FXGLMainMenuDummyScene -> RiderMainMenuScene
02:13:04.544 [JavaFX Application Thread] DEBUG FXGLApplication      - Registering font factories with UI factory
02:13:04.803 [FXGL Background Thread 2 ] INFO  UpdaterService       - Your current version:  17.2
02:13:04.803 [FXGL Background Thread 2 ] INFO  UpdaterService       - Latest stable version: 21.1
02:13:05.349 [JavaFX Application Thread] DEBUG PrimaryStageWindow   - Push state: PlayerSelectScene
02:13:05.349 [JavaFX Application Thread] DEBUG Input                - Clearing active input actions
02:13:05.349 [JavaFX Application Thread] DEBUG GameApplicationServi - Removing overlay from RiderMainMenuScene and adding to PlayerSelectScene
02:13:05.350 [JavaFX Application Thread] DEBUG PrimaryStageWindow   - RiderMainMenuScene -> PlayerSelectScene
02:13:06.993 [JavaFX Application Thread] DEBUG PrimaryStageWindow   - Pop state: PlayerSelectScene
02:13:06.993 [JavaFX Application Thread] DEBUG Input                - Clearing active input actions
02:13:06.993 [JavaFX Application Thread] DEBUG GameApplicationServi - Removing overlay from PlayerSelectScene and adding to RiderMainMenuScene
02:13:06.994 [JavaFX Application Thread] DEBUG PrimaryStageWindow   - RiderMainMenuScene <- PlayerSelectScene
02:13:07.089 [JavaFX Application Thread] DEBUG PrimaryStageWindow   - Push state: WorldSelectScene
02:13:07.089 [JavaFX Application Thread] DEBUG Input                - Clearing active input actions
02:13:07.090 [JavaFX Application Thread] DEBUG GameApplicationServi - Removing overlay from RiderMainMenuScene and adding to WorldSelectScene
02:13:07.090 [JavaFX Application Thread] DEBUG PrimaryStageWindow   - RiderMainMenuScene -> WorldSelectScene
02:13:07.497 [FXGL Background Thread 3 ] DEBUG Engine               - Logging environment variables
02:13:07.497 [FXGL Background Thread 3 ] DEBUG Engine               - achievements: []
02:13:07.497 [FXGL Background Thread 3 ] DEBUG Engine               - actualHeight: 720.0
02:13:07.497 [FXGL Background Thread 3 ] DEBUG Engine               - actualHeightProperty: ReadOnlyDoubleProperty [value: 720.0]
02:13:07.498 [FXGL Background Thread 3 ] DEBUG Engine               - actualWidth: 1280.0
02:13:07.498 [FXGL Background Thread 3 ] DEBUG Engine               - actualWidthProperty: ReadOnlyDoubleProperty [value: 1280.0]
02:13:07.498 [FXGL Background Thread 3 ] DEBUG Engine               - appIcon: fxgl_icon.png
02:13:07.498 [FXGL Background Thread 3 ] DEBUG Engine               - applicationMode: DEVELOPER
02:13:07.498 [FXGL Background Thread 3 ] DEBUG Engine               - cSSList: [fxgl_dark.css]
02:13:07.498 [FXGL Background Thread 3 ] DEBUG Engine               - collisionDetectionStrategy: BRUTE_FORCE
02:13:07.498 [FXGL Background Thread 3 ] DEBUG Engine               - configClass: Optional.empty
02:13:07.498 [FXGL Background Thread 3 ] DEBUG Engine               - credits: []
02:13:07.499 [FXGL Background Thread 3 ] DEBUG Engine               - defaultCursor: CursorInfo(imageName=fxgl_default_cursor.png, hotspotX=7.0, hotspotY=6.0)
02:13:07.499 [FXGL Background Thread 3 ] DEBUG Engine               - devBBoxColorProperty: ObjectProperty [value: 0xff0000ff]
02:13:07.499 [FXGL Background Thread 3 ] DEBUG Engine               - devEnableDebugCameraProperty: BooleanProperty [value: false]
02:13:07.499 [FXGL Background Thread 3 ] DEBUG Engine               - devSensorColorProperty: ObjectProperty [value: 0xffff00ff]
02:13:07.499 [FXGL Background Thread 3 ] DEBUG Engine               - devShowBBoxProperty: BooleanProperty [value: false]
02:13:07.499 [FXGL Background Thread 3 ] DEBUG Engine               - devShowPositionProperty: BooleanProperty [value: false]
02:13:07.500 [FXGL Background Thread 3 ] DEBUG Engine               - enabledMenuItems: []
02:13:07.500 [FXGL Background Thread 3 ] DEBUG Engine               - engineServices: [class com.almasb.fxgl.app.services.FXGLAssetLoaderService, class com.almasb.fxgl.app.FXGLApplication$GameApplicationService, class com.almasb.fxgl.app.services.FXGLDialogService, class com.almasb.fxgl.app.services.IOTaskExecutorService, class com.almasb.fxgl.io.FileSystemService, class com.almasb.fxgl.localization.LocalizationService, class com.almasb.fxgl.app.services.SystemBundleService, class com.almasb.fxgl.profile.SaveLoadService, class com.almasb.fxgl.ui.FXGLUIFactoryServiceProvider, class com.almasb.fxgl.ui.FXGLDialogFactoryServiceProvider, class com.almasb.fxgl.audio.AudioPlayer, class com.almasb.fxgl.notification.impl.NotificationServiceProvider, class com.almasb.fxgl.achievement.AchievementService, class com.almasb.fxgl.cutscene.CutsceneService, class com.almasb.fxgl.minigames.MiniGameService, class com.almasb.fxgl.net.NetService, class com.almasb.fxgl.app.services.UpdaterService, class com.almasb.fxgl.dev.DevService]
02:13:07.500 [FXGL Background Thread 3 ] DEBUG Engine               - fontGame: Abel-Regular.ttf
02:13:07.500 [FXGL Background Thread 3 ] DEBUG Engine               - fontMono: TerminalLandMono-Regular.otf
02:13:07.500 [FXGL Background Thread 3 ] DEBUG Engine               - fontText: Courier-Prime.ttf
02:13:07.500 [FXGL Background Thread 3 ] DEBUG Engine               - fontUI: VarelaRound-Regular.ttf
02:13:07.500 [FXGL Background Thread 3 ] DEBUG Engine               - fullScreen: BooleanProperty [value: false]
02:13:07.500 [FXGL Background Thread 3 ] DEBUG Engine               - gameDifficulty: MEDIUM
02:13:07.500 [FXGL Background Thread 3 ] DEBUG Engine               - gameDifficultyProperty: ObjectProperty [value: MEDIUM]
02:13:07.500 [FXGL Background Thread 3 ] DEBUG Engine               - globalMusicVolume: 0.5
02:13:07.500 [FXGL Background Thread 3 ] DEBUG Engine               - globalMusicVolumeProperty: DoubleProperty [value: 0.25]
02:13:07.501 [FXGL Background Thread 3 ] DEBUG Engine               - globalSoundVolume: 0.5
02:13:07.501 [FXGL Background Thread 3 ] DEBUG Engine               - globalSoundVolumeProperty: DoubleProperty [value: 0.5]
02:13:07.501 [FXGL Background Thread 3 ] DEBUG Engine               - height: 720
02:13:07.501 [FXGL Background Thread 3 ] DEBUG Engine               - is3D: false
02:13:07.501 [FXGL Background Thread 3 ] DEBUG Engine               - isAndroid: false
02:13:07.501 [FXGL Background Thread 3 ] DEBUG Engine               - isBrowser: false
02:13:07.501 [FXGL Background Thread 3 ] DEBUG Engine               - isClickFeedbackEnabled: false
02:13:07.501 [FXGL Background Thread 3 ] DEBUG Engine               - isCloseConfirmation: false
02:13:07.501 [FXGL Background Thread 3 ] DEBUG Engine               - isDesktop: true
02:13:07.501 [FXGL Background Thread 3 ] DEBUG Engine               - isDeveloperMenuEnabled: true
02:13:07.501 [FXGL Background Thread 3 ] DEBUG Engine               - isEmbedded: false
02:13:07.501 [FXGL Background Thread 3 ] DEBUG Engine               - isEntityPreloadEnabled: true
02:13:07.501 [FXGL Background Thread 3 ] DEBUG Engine               - isExperimentalTiledLargeMap: false
02:13:07.501 [FXGL Background Thread 3 ] DEBUG Engine               - isFileSystemWriteAllowed: true
02:13:07.501 [FXGL Background Thread 3 ] DEBUG Engine               - isFullScreenAllowed: false
02:13:07.502 [FXGL Background Thread 3 ] DEBUG Engine               - isFullScreenFromStart: false
02:13:07.502 [FXGL Background Thread 3 ] DEBUG Engine               - isGameMenuEnabled: true
02:13:07.502 [FXGL Background Thread 3 ] DEBUG Engine               - isIOS: false
02:13:07.502 [FXGL Background Thread 3 ] DEBUG Engine               - isIntroEnabled: false
02:13:07.502 [FXGL Background Thread 3 ] DEBUG Engine               - isLinux: false
02:13:07.502 [FXGL Background Thread 3 ] DEBUG Engine               - isMac: true
02:13:07.502 [FXGL Background Thread 3 ] DEBUG Engine               - isMainMenuEnabled: true
02:13:07.502 [FXGL Background Thread 3 ] DEBUG Engine               - isManualResizeEnabled: false
02:13:07.502 [FXGL Background Thread 3 ] DEBUG Engine               - isMobile: false
02:13:07.502 [FXGL Background Thread 3 ] DEBUG Engine               - isNative: false
02:13:07.502 [FXGL Background Thread 3 ] DEBUG Engine               - isPauseMusicWhenMinimized: true
02:13:07.502 [FXGL Background Thread 3 ] DEBUG Engine               - isPreserveResizeRatio: false
02:13:07.502 [FXGL Background Thread 3 ] DEBUG Engine               - isProfilingEnabled: false
02:13:07.502 [FXGL Background Thread 3 ] DEBUG Engine               - isScaleAffectedOnResize: true
02:13:07.502 [FXGL Background Thread 3 ] DEBUG Engine               - isSingleStep: false
02:13:07.502 [FXGL Background Thread 3 ] DEBUG Engine               - isUserProfileEnabled: false
02:13:07.502 [FXGL Background Thread 3 ] DEBUG Engine               - isWindows: false
02:13:07.502 [FXGL Background Thread 3 ] DEBUG Engine               - language: ObjectProperty [value: ENGLISH]
02:13:07.503 [FXGL Background Thread 3 ] DEBUG Engine               - menuKey: ESCAPE
02:13:07.503 [FXGL Background Thread 3 ] DEBUG Engine               - mouseSensitivity: 0.2
02:13:07.503 [FXGL Background Thread 3 ] DEBUG Engine               - notificationViewClass: class com.almasb.fxgl.notification.view.XboxNotificationView
02:13:07.503 [FXGL Background Thread 3 ] DEBUG Engine               - pixelsPerMeter: 50.0
02:13:07.503 [FXGL Background Thread 3 ] DEBUG Engine               - platform: MAC
02:13:07.503 [FXGL Background Thread 3 ] DEBUG Engine               - prefHeightProperty: ReadOnlyDoubleProperty [value: 720.0]
02:13:07.503 [FXGL Background Thread 3 ] DEBUG Engine               - prefWidthProperty: ReadOnlyDoubleProperty [value: 1280.0]
02:13:07.503 [FXGL Background Thread 3 ] DEBUG Engine               - profileDir: profiles/
02:13:07.503 [FXGL Background Thread 3 ] DEBUG Engine               - profileName: StringProperty [value: DEFAULT]
02:13:07.503 [FXGL Background Thread 3 ] DEBUG Engine               - randomSeed: -1
02:13:07.503 [FXGL Background Thread 3 ] DEBUG Engine               - runtimeInfo: RuntimeInfo(platform=MAC, version=17.2, build=20.08.2022 16.50)
02:13:07.503 [FXGL Background Thread 3 ] DEBUG Engine               - saveFileExt: sav
02:13:07.504 [FXGL Background Thread 3 ] DEBUG Engine               - scaledHeightProp$fxgl: DoubleProperty [bound, value: 720.0]
02:13:07.504 [FXGL Background Thread 3 ] DEBUG Engine               - scaledWidthProp$fxgl: DoubleProperty [bound, value: 1280.0]
02:13:07.504 [FXGL Background Thread 3 ] DEBUG Engine               - sceneFactory: com.sunsofgod.PlatformerApp$2@27d2586a
02:13:07.504 [FXGL Background Thread 3 ] DEBUG Engine               - secondsIn24h: 60
02:13:07.504 [FXGL Background Thread 3 ] DEBUG Engine               - soundMenuBack: menu/back.wav
02:13:07.504 [FXGL Background Thread 3 ] DEBUG Engine               - soundMenuPress: menu/press.wav
02:13:07.504 [FXGL Background Thread 3 ] DEBUG Engine               - soundMenuSelect: menu/select.wav
02:13:07.504 [FXGL Background Thread 3 ] DEBUG Engine               - soundNotification: core/notification.wav
02:13:07.504 [FXGL Background Thread 3 ] DEBUG Engine               - stageStyle: DECORATED
02:13:07.504 [FXGL Background Thread 3 ] DEBUG Engine               - supportedLanguages: [ENGLISH, FRENCH, GERMAN, HUNGARIAN, RUSSIAN]
02:13:07.504 [FXGL Background Thread 3 ] DEBUG Engine               - ticksPerSecond: -1
02:13:07.504 [FXGL Background Thread 3 ] DEBUG Engine               - title: Untitled
02:13:07.504 [FXGL Background Thread 3 ] DEBUG Engine               - urlGithub: https://github.com/AlmasB/FXGL
02:13:07.504 [FXGL Background Thread 3 ] DEBUG Engine               - urlLeaderboard: http://fxgl-top.herokuapp.com/
02:13:07.504 [FXGL Background Thread 3 ] DEBUG Engine               - urlPOM: https://raw.githubusercontent.com/AlmasB/FXGL/release/README.md
02:13:07.504 [FXGL Background Thread 3 ] DEBUG Engine               - userAppClass: class com.sunsofgod.PlatformerApp
02:13:07.504 [FXGL Background Thread 3 ] DEBUG Engine               - version: 0.0
02:13:07.504 [FXGL Background Thread 3 ] DEBUG Engine               - versionCheckDays: 7
02:13:07.504 [FXGL Background Thread 3 ] DEBUG Engine               - width: 1280
02:13:07.504 [FXGL Background Thread 3 ] DEBUG Engine               - Logging services
02:13:07.504 [FXGL Background Thread 3 ] DEBUG Engine               - class com.almasb.fxgl.app.services.FXGLAssetLoaderService
02:13:07.504 [FXGL Background Thread 3 ] DEBUG Engine               - class com.almasb.fxgl.app.FXGLApplication$GameApplicationService
02:13:07.505 [FXGL Background Thread 3 ] DEBUG Engine               - class com.almasb.fxgl.app.services.FXGLDialogService
02:13:07.505 [FXGL Background Thread 3 ] DEBUG Engine               - class com.almasb.fxgl.app.services.IOTaskExecutorService
02:13:07.505 [FXGL Background Thread 3 ] DEBUG Engine               - class com.almasb.fxgl.io.FileSystemService
02:13:07.505 [FXGL Background Thread 3 ] DEBUG Engine               - class com.almasb.fxgl.localization.LocalizationService
02:13:07.505 [FXGL Background Thread 3 ] DEBUG Engine               - class com.almasb.fxgl.app.services.SystemBundleService
02:13:07.505 [FXGL Background Thread 3 ] DEBUG Engine               - class com.almasb.fxgl.profile.SaveLoadService
02:13:07.505 [FXGL Background Thread 3 ] DEBUG Engine               - class com.almasb.fxgl.ui.FXGLUIFactoryServiceProvider
02:13:07.505 [FXGL Background Thread 3 ] DEBUG Engine               - class com.almasb.fxgl.ui.FXGLDialogFactoryServiceProvider
02:13:07.505 [FXGL Background Thread 3 ] DEBUG Engine               - class com.almasb.fxgl.audio.AudioPlayer
02:13:07.505 [FXGL Background Thread 3 ] DEBUG Engine               - class com.almasb.fxgl.notification.impl.NotificationServiceProvider
02:13:07.505 [FXGL Background Thread 3 ] DEBUG Engine               - class com.almasb.fxgl.achievement.AchievementService
02:13:07.505 [FXGL Background Thread 3 ] DEBUG Engine               - class com.almasb.fxgl.cutscene.CutsceneService
02:13:07.505 [FXGL Background Thread 3 ] DEBUG Engine               - class com.almasb.fxgl.minigames.MiniGameService
02:13:07.505 [FXGL Background Thread 3 ] DEBUG Engine               - class com.almasb.fxgl.net.NetService
02:13:07.505 [FXGL Background Thread 3 ] DEBUG Engine               - class com.almasb.fxgl.app.services.UpdaterService
02:13:07.505 [FXGL Background Thread 3 ] DEBUG Engine               - class com.almasb.fxgl.dev.DevService
02:13:08.309 [JavaFX Application Thread] DEBUG PrimaryStageWindow   - Pop state: WorldSelectScene
02:13:08.309 [JavaFX Application Thread] DEBUG Input                - Clearing active input actions
02:13:08.309 [JavaFX Application Thread] DEBUG GameApplicationServi - Removing overlay from WorldSelectScene and adding to RiderMainMenuScene
02:13:08.310 [JavaFX Application Thread] DEBUG PrimaryStageWindow   - RiderMainMenuScene <- WorldSelectScene
02:13:08.532 [JavaFX Application Thread] DEBUG PrimaryStageWindow   - Push state: LevelSelectScene
02:13:08.532 [JavaFX Application Thread] DEBUG Input                - Clearing active input actions
02:13:08.532 [JavaFX Application Thread] DEBUG GameApplicationServi - Removing overlay from RiderMainMenuScene and adding to LevelSelectScene
02:13:08.533 [JavaFX Application Thread] DEBUG PrimaryStageWindow   - RiderMainMenuScene -> LevelSelectScene
02:13:09.976 [JavaFX Application Thread] DEBUG Menu                 - fireNewGame()
02:13:09.976 [JavaFX Application Thread] DEBUG GameApplicationServi - Starting new game
02:13:09.976 [JavaFX Application Thread] DEBUG PrimaryStageWindow   - Pop state: LevelSelectScene
02:13:09.976 [JavaFX Application Thread] DEBUG Input                - Clearing active input actions
02:13:09.976 [JavaFX Application Thread] DEBUG GameApplicationServi - Removing overlay from LevelSelectScene and adding to RiderMainMenuScene
02:13:09.977 [JavaFX Application Thread] DEBUG PrimaryStageWindow   - RiderMainMenuScene <- LevelSelectScene
02:13:09.977 [JavaFX Application Thread] DEBUG PrimaryStageWindow   - Pop state: RiderMainMenuScene
02:13:09.977 [JavaFX Application Thread] DEBUG Input                - Clearing active input actions
02:13:09.977 [JavaFX Application Thread] DEBUG GameApplicationServi - Removing overlay from RiderMainMenuScene and adding to FXGLMainMenuDummyScene
02:13:09.977 [JavaFX Application Thread] DEBUG PrimaryStageWindow   - FXGLMainMenuDummyScene <- RiderMainMenuScene
02:13:09.977 [JavaFX Application Thread] DEBUG Input                - Clearing active input actions
02:13:09.981 [JavaFX Application Thread] DEBUG GameApplicationServi - Removing overlay from FXGLMainMenuDummyScene and adding to MainLoadingScene
02:13:09.984 [JavaFX Application Thread] DEBUG PrimaryStageWindow   - FXGLMainMenuDummyScene -> MainLoadingScene
02:13:09.984 [JavaFX Application Thread] DEBUG GameApplicationServi - Clearing previous game
02:13:09.984 [JavaFX Application Thread] DEBUG GameScene            - Clearing game scene
02:13:09.984 [JavaFX Application Thread] DEBUG GameWorld            - Clearing game world
02:13:09.984 [JavaFX Application Thread] DEBUG PhysicsWorld         - Clearing physics world
02:13:09.986 [FXGL Background Thread 2 ] DEBUG FXGLApplication      - Initializing game
02:13:10.018 [FXGL Background Thread 2 ] WARN  TMXLevelLoader       - TiledMap generated from 1.11.0. Supported version: 1.9.0. Some features may not be parsed fully.
02:13:10.026 [FXGL Background Thread 2 ] DEBUG TMXLevelLoader       - Parsed TiledMap: file:/Users/aaron/JavaFXGame/target/classes/assets/levels/tmx/level1.tmx
02:13:10.027 [FXGL Background Thread 2 ] DEBUG TMXLevelLoader       - Creating tile layer entities
02:13:10.029 [FXGL Background Thread 2 ] DEBUG TilesetLoader        - Loading view for layer Tile Layer 1
02:13:10.030 [FXGL Background Thread 2 ] DEBUG TilesetLoader        - Created buffer with size 1050.0x700.0
02:13:10.036 [FXGL Background Thread 2 ] DEBUG TMXLevelLoader       - Creating object layer entities
02:13:10.045 [FXGL Background Thread 2 ] DEBUG GameWorld            - Clearing removable entities
02:13:10.045 [FXGL Background Thread 2 ] DEBUG GameWorld            - Setting level: com.almasb.fxgl.entity.level.Level@33c0557c
02:13:10.049 [FXGL Background Thread 2 ] DEBUG FXGLAssetLoaderServi - Loading from file system: file:/Users/aaron/JavaFXGame/target/classes/assets/textures/player1.png
02:13:10.054 [FXGL Background Thread 2 ] DEBUG FXGLAssetLoaderServi - Loading from file system: file:/Users/aaron/JavaFXGame/target/classes/assets/textures/player2.png
02:13:10.056 [FXGL Background Thread 2 ] DEBUG Input                - Registered new binding: Jump0 - W
02:13:10.057 [FXGL Background Thread 2 ] DEBUG Input                - Registered new binding: Left0 - A
02:13:10.057 [FXGL Background Thread 2 ] DEBUG Input                - Registered new binding: Right0 - D
02:13:10.057 [FXGL Background Thread 2 ] DEBUG Input                - Registered new binding: Use0 - E
02:13:10.057 [FXGL Background Thread 2 ] DEBUG Input                - Registered new binding: Jump1 - Up
02:13:10.057 [FXGL Background Thread 2 ] DEBUG Input                - Registered new binding: Left1 - Left
02:13:10.057 [FXGL Background Thread 2 ] DEBUG Input                - Registered new binding: Right1 - Right
02:13:10.058 [FXGL Background Thread 2 ] DEBUG Input                - Registered new binding: Use1 - Slash
02:13:10.059 [FXGL Background Thread 2 ] DEBUG FXGLAssetLoaderServi - Loading from file system: file:/Users/aaron/JavaFXGame/target/classes/assets/textures/background/manila.png
02:13:10.068 [FXGL Background Thread 2 ] INFO  FXGLApplication      - Game initialization took: 0.082 sec
02:13:10.069 [JavaFX Application Thread] DEBUG Input                - Clearing active input actions
02:13:10.071 [JavaFX Application Thread] DEBUG GameApplicationServi - Removing overlay from MainLoadingScene and adding to GameScene
02:13:10.072 [JavaFX Application Thread] DEBUG PrimaryStageWindow   - MainLoadingScene -> GameScene
02:13:16.915 [JavaFX Application Thread] DEBUG FXGLAssetLoaderServi - Loading from file system: file:/Users/aaron/JavaFXGame/target/classes/assets/textures/exit_sign.png
02:16:48.098 [JavaFX Application Thread] DEBUG FXGLApplication      - Exiting FXGL
02:16:48.105 [JavaFX Application Thread] DEBUG LoopRunner           - Stopping loop
02:16:48.105 [JavaFX Application Thread] DEBUG SystemBundleService  - Saving FXGL system data
02:16:48.122 [JavaFX Application Thread] DEBUG FileSystemAccess     - Writing to: /Users/aaron/JavaFXGame/system/fxgl.bundle
02:16:48.127 [JavaFX Application Thread] DEBUG Async                - Shutting down background threads
02:16:48.128 [JavaFX Application Thread] DEBUG PrimaryStageWindow   - Closing main window
02:16:48.160 [JavaFX Application Thread] DEBUG Logger               - Closing Logger
