21:46:59.874 [main                     ] DEBUG Logger               - Configured Logger
21:46:59.897 [main                     ] DEBUG GameApplication      - Logging settings
Title: Untitled
Version: 0.0
Width: 1280
Height: 720
Fullscreen: false
Intro: false
Profiling: false
Single step:false
App Mode: DEVELOPER
Menu Key: ESCAPE
Stage Style: DECORATED
Scene Factory: class com.sunsofgod.PlatformerApp$1

21:47:00.223 [JavaFX Application Thread] DEBUG FXGLApplication      - Initializing FXGL
21:47:00.229 [JavaFX Application Thread] INFO  Engine               - FXGL-17.2 (20.08.2022 16.50) on WINDOWS (J:21.0.4 FX:17.0.12)
21:47:00.230 [JavaFX Application Thread] DEBUG Engine               - JRE Vendor Name: Eclipse Adoptium
21:47:00.230 [JavaFX Application Thread] DEBUG Engine               - Running on OS: Windows 11 version 10.0
21:47:00.230 [JavaFX Application Thread] DEBUG Engine               - Architecture: amd64
21:47:00.230 [JavaFX Application Thread] INFO  Engine               - Source code and latest versions at: https://github.com/AlmasB/FXGL
21:47:00.231 [JavaFX Application Thread] INFO  Engine               -       Ask questions and discuss at: https://github.com/AlmasB/FXGL/discussions
21:47:00.231 [JavaFX Application Thread] INFO  Engine               -              Join the FXGL chat at: https://gitter.im/AlmasB/FXGL
21:47:00.309 [JavaFX Application Thread] DEBUG PrimaryStageWindow   - Creating a JavaFX scene
21:47:00.348 [JavaFX Application Thread] DEBUG PrimaryStageWindow   - Target settings size: 1280.0 x 720.0
21:47:00.348 [JavaFX Application Thread] DEBUG PrimaryStageWindow   - Scaled scene size:    1280.0 x 720.0
21:47:00.348 [JavaFX Application Thread] DEBUG PrimaryStageWindow   - Scaled ratio: (1.0, 1.0)
21:47:00.350 [JavaFX Application Thread] DEBUG PrimaryStageWindow   - Set initial scene to FXGLStartupScene
21:47:00.354 [JavaFX Application Thread] DEBUG PrimaryStageWindow   - Opening main window
21:47:00.436 [JavaFX Application Thread] DEBUG PrimaryStageWindow   - Window border size: (14.4000244140625, 37.5999755859375)
21:47:00.437 [JavaFX Application Thread] DEBUG PrimaryStageWindow   - Scaled size: 1280.0 x 720.0
21:47:00.437 [JavaFX Application Thread] DEBUG PrimaryStageWindow   - Scaled ratio: (1.0, 1.0)
21:47:00.437 [JavaFX Application Thread] DEBUG PrimaryStageWindow   - Scene size: 1280.0 x 720.0
21:47:00.438 [JavaFX Application Thread] DEBUG PrimaryStageWindow   - Stage size: 1294.4000244140625 x 757.5999755859375
21:47:00.447 [FXGL Background Thread 1 ] DEBUG Engine               - Initializing environment variables
21:47:00.532 [FXGL Background Thread 1 ] DEBUG FXGLAssetLoaderServi - User app class for loading assets: class com.sunsofgod.PlatformerApp
21:47:00.532 [FXGL Background Thread 1 ] DEBUG GameApplicationServi - Applying CSS: fxgl_dark.css
21:47:00.533 [FXGL Background Thread 1 ] DEBUG FXGLAssetLoaderServi - Loading from file system: jar:file:///C:/Users/Balong/.m2/repository/com/github/almasb/fxgl/17.2/fxgl-17.2.jar!/fxglassets/ui/css/fxgl_dark.css
21:47:00.600 [FXGL Background Thread 1 ] DEBUG GameApplicationServi - Initializing application scenes
21:47:00.658 [FXGL Background Thread 1 ] DEBUG FXGLAssetLoaderServi - Loading from file system: file:/C:/Users/Balong/Desktop/SummerJobShoppee/JavaFXGame/target/classes/assets/textures/player.png
21:47:00.692 [FXGL Background Thread 1 ] DEBUG GameWorld            - Game world initialized
21:47:00.746 [FXGL Background Thread 1 ] DEBUG PhysicsWorld         - Physics world initialized: appHeight=720, physics.ppm=50.0
21:47:00.746 [FXGL Background Thread 1 ] DEBUG PhysicsWorld         - Using strategy: BRUTE_FORCE
21:47:00.749 [FXGL Background Thread 1 ] DEBUG GameScene            - Game scene initialized: 1280x720
21:47:00.858 [FXGL Background Thread 1 ] DEBUG FXGL.DefaultMenu     - createMenuBodyGameMenu()
21:47:00.871 [FXGL Background Thread 1 ] DEBUG FXGL.DefaultMenu     - createOptionsMenu()
21:47:00.881 [FXGL Background Thread 1 ] DEBUG FXGLAssetLoaderServi - Loading from file system: jar:file:///C:/Users/Balong/.m2/repository/com/github/almasb/fxgl/17.2/fxgl-17.2.jar!/fxglassets/textures/particles/smoke.png
21:47:00.946 [FXGL Background Thread 1 ] DEBUG FXGLAssetLoaderServi - Loading from file system: jar:file:///C:/Users/Balong/.m2/repository/com/github/almasb/fxgl/17.2/fxgl-17.2.jar!/fxglassets/textures/particles/trace_horizontal.png
21:47:00.962 [FXGL Background Thread 1 ] DEBUG GameApplicationServi - Application scenes initialized
21:47:00.976 [FXGL Background Thread 1 ] DEBUG SystemBundleService  - Loading FXGL system data
21:47:00.979 [FXGL Background Thread 1 ] DEBUG FileSystemAccess     - Reading from: C:\Users\Balong\Desktop\SummerJobShoppee\JavaFXGame\system\fxgl.bundle
21:47:00.990 [FXGL Background Thread 1 ] DEBUG SystemBundleService  - Bundle FXGL: {}
21:47:00.990 [FXGL Background Thread 1 ] DEBUG UpdaterService       - Checking for updates
21:47:01.020 [FXGL Background Thread 4 ] DEBUG FXGLApplication      - Loading fonts
21:47:01.021 [FXGL Background Thread 1 ] DEBUG FXGLApplication      - Loading default localization
21:47:01.021 [FXGL Background Thread 4 ] DEBUG FXGLAssetLoaderServi - Loading from file system: jar:file:///C:/Users/Balong/.m2/repository/com/github/almasb/fxgl/17.2/fxgl-17.2.jar!/fxglassets/ui/fonts/VarelaRound-Regular.ttf
21:47:01.022 [FXGL Background Thread 1 ] DEBUG FXGLAssetLoaderServi - Loading from file system: jar:file:///C:/Users/Balong/.m2/repository/com/github/almasb/fxgl/17.2/fxgl-17.2.jar!/fxglassets/languages/english.lang
21:47:01.040 [FXGL Background Thread 1 ] INFO  FXGLApplication      - FXGL initialization took: 0.593 sec
21:47:01.041 [JavaFX Application Thread] DEBUG FXGLAssetLoaderServi - Loading from file system: jar:file:///C:/Users/Balong/.m2/repository/com/github/almasb/fxgl/17.2/fxgl-17.2.jar!/fxglassets/textures/fxgl_icon.png
21:47:01.054 [JavaFX Application Thread] DEBUG FXGLAssetLoaderServi - Loading from file system: jar:file:///C:/Users/Balong/.m2/repository/com/github/almasb/fxgl/17.2/fxgl-17.2.jar!/fxglassets/textures/fxgl_default_cursor.png
21:47:01.060 [FXGL Background Thread 4 ] DEBUG FXGLAssetLoaderServi - Loading from file system: jar:file:///C:/Users/Balong/.m2/repository/com/github/almasb/fxgl/17.2/fxgl-17.2.jar!/fxglassets/ui/fonts/Abel-Regular.ttf
21:47:01.070 [FXGL Background Thread 4 ] DEBUG FXGLAssetLoaderServi - Loading from file system: jar:file:///C:/Users/Balong/.m2/repository/com/github/almasb/fxgl/17.2/fxgl-17.2.jar!/fxglassets/ui/fonts/TerminalLandMono-Regular.otf
21:47:01.071 [JavaFX Application Thread] DEBUG Input                - Registered new binding: Screenshot - CTRL+8
21:47:01.073 [JavaFX Application Thread] DEBUG Input                - Registered new binding: Dev Options - 1
21:47:01.075 [JavaFX Application Thread] DEBUG Input                - Registered new binding: Dev Console - 2
21:47:01.077 [JavaFX Application Thread] DEBUG Input                - Registered new binding: System info dump - CTRL+9
21:47:01.078 [JavaFX Application Thread] DEBUG Input                - Registered new binding: Restart - CTRL+R
21:47:01.082 [JavaFX Application Thread] DEBUG Input                - Registered new binding: Toggle Debug Camera - CTRL+7
21:47:01.082 [FXGL Background Thread 4 ] DEBUG FXGLAssetLoaderServi - Loading from file system: jar:file:///C:/Users/Balong/.m2/repository/com/github/almasb/fxgl/17.2/fxgl-17.2.jar!/fxglassets/ui/fonts/Courier-Prime.ttf
21:47:01.087 [JavaFX Application Thread] DEBUG LoopRunner           - Starting loop
21:47:01.108 [JavaFX Application Thread] DEBUG LoopRunner           - Initializing JavaFX AnimationTimerLoop
21:47:01.114 [JavaFX Application Thread] DEBUG Input                - Clearing active input actions
21:47:01.132 [JavaFX Application Thread] DEBUG GameApplicationServi - Removing overlay from FXGLStartupScene and adding to FXGLMainMenuDummyScene
21:47:01.140 [JavaFX Application Thread] DEBUG PrimaryStageWindow   - FXGLStartupScene -> FXGLMainMenuDummyScene
21:47:01.141 [JavaFX Application Thread] DEBUG PrimaryStageWindow   - Push state: RiderMainMenuScene
21:47:01.141 [JavaFX Application Thread] DEBUG Input                - Clearing active input actions
21:47:01.157 [JavaFX Application Thread] DEBUG GameApplicationServi - Removing overlay from FXGLMainMenuDummyScene and adding to RiderMainMenuScene
21:47:01.158 [JavaFX Application Thread] DEBUG PrimaryStageWindow   - FXGLMainMenuDummyScene -> RiderMainMenuScene
21:47:01.159 [JavaFX Application Thread] DEBUG FXGLApplication      - Registering font factories with UI factory
21:47:01.954 [FXGL Background Thread 2 ] INFO  UpdaterService       - Your current version:  17.2
21:47:01.955 [FXGL Background Thread 2 ] INFO  UpdaterService       - Latest stable version: 21.1
21:47:02.629 [JavaFX Application Thread] DEBUG PrimaryStageWindow   - Push state: PlayerSelectScene
21:47:02.630 [JavaFX Application Thread] DEBUG Input                - Clearing active input actions
21:47:02.630 [JavaFX Application Thread] DEBUG GameApplicationServi - Removing overlay from RiderMainMenuScene and adding to PlayerSelectScene
21:47:02.632 [JavaFX Application Thread] DEBUG PrimaryStageWindow   - RiderMainMenuScene -> PlayerSelectScene
21:47:03.977 [JavaFX Application Thread] DEBUG PrimaryStageWindow   - Push state: LevelSelectScene
21:47:03.977 [JavaFX Application Thread] DEBUG Input                - Clearing active input actions
21:47:03.979 [JavaFX Application Thread] DEBUG GameApplicationServi - Removing overlay from PlayerSelectScene and adding to LevelSelectScene
21:47:03.981 [JavaFX Application Thread] DEBUG PrimaryStageWindow   - PlayerSelectScene -> LevelSelectScene
21:47:04.020 [FXGL Background Thread 3 ] DEBUG Engine               - Logging environment variables
21:47:04.020 [FXGL Background Thread 3 ] DEBUG Engine               - achievements: []
21:47:04.021 [FXGL Background Thread 3 ] DEBUG Engine               - actualHeight: 720.0
21:47:04.021 [FXGL Background Thread 3 ] DEBUG Engine               - actualHeightProperty: ReadOnlyDoubleProperty [value: 720.0]
21:47:04.021 [FXGL Background Thread 3 ] DEBUG Engine               - actualWidth: 1280.0
21:47:04.021 [FXGL Background Thread 3 ] DEBUG Engine               - actualWidthProperty: ReadOnlyDoubleProperty [value: 1280.0]
21:47:04.021 [FXGL Background Thread 3 ] DEBUG Engine               - appIcon: fxgl_icon.png
21:47:04.021 [FXGL Background Thread 3 ] DEBUG Engine               - applicationMode: DEVELOPER
21:47:04.021 [FXGL Background Thread 3 ] DEBUG Engine               - cSSList: [fxgl_dark.css]
21:47:04.021 [FXGL Background Thread 3 ] DEBUG Engine               - collisionDetectionStrategy: BRUTE_FORCE
21:47:04.021 [FXGL Background Thread 3 ] DEBUG Engine               - configClass: Optional.empty
21:47:04.021 [FXGL Background Thread 3 ] DEBUG Engine               - credits: []
21:47:04.022 [FXGL Background Thread 3 ] DEBUG Engine               - defaultCursor: CursorInfo(imageName=fxgl_default_cursor.png, hotspotX=7.0, hotspotY=6.0)
21:47:04.022 [FXGL Background Thread 3 ] DEBUG Engine               - devBBoxColorProperty: ObjectProperty [value: 0xff0000ff]
21:47:04.022 [FXGL Background Thread 3 ] DEBUG Engine               - devEnableDebugCameraProperty: BooleanProperty [value: false]
21:47:04.022 [FXGL Background Thread 3 ] DEBUG Engine               - devSensorColorProperty: ObjectProperty [value: 0xffff00ff]
21:47:04.022 [FXGL Background Thread 3 ] DEBUG Engine               - devShowBBoxProperty: BooleanProperty [value: false]
21:47:04.023 [FXGL Background Thread 3 ] DEBUG Engine               - devShowPositionProperty: BooleanProperty [value: false]
21:47:04.023 [FXGL Background Thread 3 ] DEBUG Engine               - enabledMenuItems: []
21:47:04.023 [FXGL Background Thread 3 ] DEBUG Engine               - engineServices: [class com.almasb.fxgl.app.services.FXGLAssetLoaderService, class com.almasb.fxgl.app.FXGLApplication$GameApplicationService, class com.almasb.fxgl.app.services.FXGLDialogService, class com.almasb.fxgl.app.services.IOTaskExecutorService, class com.almasb.fxgl.io.FileSystemService, class com.almasb.fxgl.localization.LocalizationService, class com.almasb.fxgl.app.services.SystemBundleService, class com.almasb.fxgl.profile.SaveLoadService, class com.almasb.fxgl.ui.FXGLUIFactoryServiceProvider, class com.almasb.fxgl.ui.FXGLDialogFactoryServiceProvider, class com.almasb.fxgl.audio.AudioPlayer, class com.almasb.fxgl.notification.impl.NotificationServiceProvider, class com.almasb.fxgl.achievement.AchievementService, class com.almasb.fxgl.cutscene.CutsceneService, class com.almasb.fxgl.minigames.MiniGameService, class com.almasb.fxgl.net.NetService, class com.almasb.fxgl.app.services.UpdaterService, class com.almasb.fxgl.dev.DevService]
21:47:04.023 [FXGL Background Thread 3 ] DEBUG Engine               - fontGame: Abel-Regular.ttf
21:47:04.023 [FXGL Background Thread 3 ] DEBUG Engine               - fontMono: TerminalLandMono-Regular.otf
21:47:04.023 [FXGL Background Thread 3 ] DEBUG Engine               - fontText: Courier-Prime.ttf
21:47:04.023 [FXGL Background Thread 3 ] DEBUG Engine               - fontUI: VarelaRound-Regular.ttf
21:47:04.023 [FXGL Background Thread 3 ] DEBUG Engine               - fullScreen: BooleanProperty [value: false]
21:47:04.023 [FXGL Background Thread 3 ] DEBUG Engine               - gameDifficulty: MEDIUM
21:47:04.023 [FXGL Background Thread 3 ] DEBUG Engine               - gameDifficultyProperty: ObjectProperty [value: MEDIUM]
21:47:04.023 [FXGL Background Thread 3 ] DEBUG Engine               - globalMusicVolume: 0.5
21:47:04.023 [FXGL Background Thread 3 ] DEBUG Engine               - globalMusicVolumeProperty: DoubleProperty [value: 0.25]
21:47:04.023 [FXGL Background Thread 3 ] DEBUG Engine               - globalSoundVolume: 0.5
21:47:04.023 [FXGL Background Thread 3 ] DEBUG Engine               - globalSoundVolumeProperty: DoubleProperty [value: 0.5]
21:47:04.023 [FXGL Background Thread 3 ] DEBUG Engine               - height: 720
21:47:04.023 [FXGL Background Thread 3 ] DEBUG Engine               - is3D: false
21:47:04.024 [FXGL Background Thread 3 ] DEBUG Engine               - isAndroid: false
21:47:04.024 [FXGL Background Thread 3 ] DEBUG Engine               - isBrowser: false
21:47:04.024 [FXGL Background Thread 3 ] DEBUG Engine               - isClickFeedbackEnabled: false
21:47:04.024 [FXGL Background Thread 3 ] DEBUG Engine               - isCloseConfirmation: false
21:47:04.024 [FXGL Background Thread 3 ] DEBUG Engine               - isDesktop: true
21:47:04.024 [FXGL Background Thread 3 ] DEBUG Engine               - isDeveloperMenuEnabled: true
21:47:04.024 [FXGL Background Thread 3 ] DEBUG Engine               - isEmbedded: false
21:47:04.024 [FXGL Background Thread 3 ] DEBUG Engine               - isEntityPreloadEnabled: true
21:47:04.024 [FXGL Background Thread 3 ] DEBUG Engine               - isExperimentalTiledLargeMap: false
21:47:04.024 [FXGL Background Thread 3 ] DEBUG Engine               - isFileSystemWriteAllowed: true
21:47:04.024 [FXGL Background Thread 3 ] DEBUG Engine               - isFullScreenAllowed: false
21:47:04.024 [FXGL Background Thread 3 ] DEBUG Engine               - isFullScreenFromStart: false
21:47:04.024 [FXGL Background Thread 3 ] DEBUG Engine               - isGameMenuEnabled: true
21:47:04.024 [FXGL Background Thread 3 ] DEBUG Engine               - isIOS: false
21:47:04.024 [FXGL Background Thread 3 ] DEBUG Engine               - isIntroEnabled: false
21:47:04.024 [FXGL Background Thread 3 ] DEBUG Engine               - isLinux: false
21:47:04.024 [FXGL Background Thread 3 ] DEBUG Engine               - isMac: false
21:47:04.024 [FXGL Background Thread 3 ] DEBUG Engine               - isMainMenuEnabled: true
21:47:04.024 [FXGL Background Thread 3 ] DEBUG Engine               - isManualResizeEnabled: false
21:47:04.025 [FXGL Background Thread 3 ] DEBUG Engine               - isMobile: false
21:47:04.025 [FXGL Background Thread 3 ] DEBUG Engine               - isNative: false
21:47:04.025 [FXGL Background Thread 3 ] DEBUG Engine               - isPauseMusicWhenMinimized: true
21:47:04.025 [FXGL Background Thread 3 ] DEBUG Engine               - isPreserveResizeRatio: false
21:47:04.025 [FXGL Background Thread 3 ] DEBUG Engine               - isProfilingEnabled: false
21:47:04.025 [FXGL Background Thread 3 ] DEBUG Engine               - isScaleAffectedOnResize: true
21:47:04.025 [FXGL Background Thread 3 ] DEBUG Engine               - isSingleStep: false
21:47:04.025 [FXGL Background Thread 3 ] DEBUG Engine               - isUserProfileEnabled: false
21:47:04.025 [FXGL Background Thread 3 ] DEBUG Engine               - isWindows: true
21:47:04.025 [FXGL Background Thread 3 ] DEBUG Engine               - language: ObjectProperty [value: ENGLISH]
21:47:04.025 [FXGL Background Thread 3 ] DEBUG Engine               - menuKey: ESCAPE
21:47:04.025 [FXGL Background Thread 3 ] DEBUG Engine               - mouseSensitivity: 0.2
21:47:04.026 [FXGL Background Thread 3 ] DEBUG Engine               - notificationViewClass: class com.almasb.fxgl.notification.view.XboxNotificationView
21:47:04.026 [FXGL Background Thread 3 ] DEBUG Engine               - pixelsPerMeter: 50.0
21:47:04.026 [FXGL Background Thread 3 ] DEBUG Engine               - platform: WINDOWS
21:47:04.026 [FXGL Background Thread 3 ] DEBUG Engine               - prefHeightProperty: ReadOnlyDoubleProperty [value: 720.0]
21:47:04.026 [FXGL Background Thread 3 ] DEBUG Engine               - prefWidthProperty: ReadOnlyDoubleProperty [value: 1280.0]
21:47:04.026 [FXGL Background Thread 3 ] DEBUG Engine               - profileDir: profiles/
21:47:04.026 [FXGL Background Thread 3 ] DEBUG Engine               - profileName: StringProperty [value: DEFAULT]
21:47:04.026 [FXGL Background Thread 3 ] DEBUG Engine               - randomSeed: -1
21:47:04.026 [FXGL Background Thread 3 ] DEBUG Engine               - runtimeInfo: RuntimeInfo(platform=WINDOWS, version=17.2, build=20.08.2022 16.50)
21:47:04.026 [FXGL Background Thread 3 ] DEBUG Engine               - saveFileExt: sav
21:47:04.027 [FXGL Background Thread 3 ] DEBUG Engine               - scaledHeightProp$fxgl: DoubleProperty [bound, value: 720.0]
21:47:04.027 [FXGL Background Thread 3 ] DEBUG Engine               - scaledWidthProp$fxgl: DoubleProperty [bound, value: 1280.0]
21:47:04.027 [FXGL Background Thread 3 ] DEBUG Engine               - sceneFactory: com.sunsofgod.PlatformerApp$1@ab8861b
21:47:04.027 [FXGL Background Thread 3 ] DEBUG Engine               - secondsIn24h: 60
21:47:04.027 [FXGL Background Thread 3 ] DEBUG Engine               - soundMenuBack: menu/back.wav
21:47:04.027 [FXGL Background Thread 3 ] DEBUG Engine               - soundMenuPress: menu/press.wav
21:47:04.027 [FXGL Background Thread 3 ] DEBUG Engine               - soundMenuSelect: menu/select.wav
21:47:04.027 [FXGL Background Thread 3 ] DEBUG Engine               - soundNotification: core/notification.wav
21:47:04.027 [FXGL Background Thread 3 ] DEBUG Engine               - stageStyle: DECORATED
21:47:04.027 [FXGL Background Thread 3 ] DEBUG Engine               - supportedLanguages: [ENGLISH, FRENCH, GERMAN, HUNGARIAN, RUSSIAN]
21:47:04.027 [FXGL Background Thread 3 ] DEBUG Engine               - ticksPerSecond: -1
21:47:04.027 [FXGL Background Thread 3 ] DEBUG Engine               - title: Untitled
21:47:04.027 [FXGL Background Thread 3 ] DEBUG Engine               - urlGithub: https://github.com/AlmasB/FXGL
21:47:04.027 [FXGL Background Thread 3 ] DEBUG Engine               - urlLeaderboard: http://fxgl-top.herokuapp.com/
21:47:04.028 [FXGL Background Thread 3 ] DEBUG Engine               - urlPOM: https://raw.githubusercontent.com/AlmasB/FXGL/release/README.md
21:47:04.028 [FXGL Background Thread 3 ] DEBUG Engine               - userAppClass: class com.sunsofgod.PlatformerApp
21:47:04.028 [FXGL Background Thread 3 ] DEBUG Engine               - version: 0.0
21:47:04.028 [FXGL Background Thread 3 ] DEBUG Engine               - versionCheckDays: 7
21:47:04.028 [FXGL Background Thread 3 ] DEBUG Engine               - width: 1280
21:47:04.028 [FXGL Background Thread 3 ] DEBUG Engine               - Logging services
21:47:04.028 [FXGL Background Thread 3 ] DEBUG Engine               - class com.almasb.fxgl.app.services.FXGLAssetLoaderService
21:47:04.028 [FXGL Background Thread 3 ] DEBUG Engine               - class com.almasb.fxgl.app.FXGLApplication$GameApplicationService
21:47:04.028 [FXGL Background Thread 3 ] DEBUG Engine               - class com.almasb.fxgl.app.services.FXGLDialogService
21:47:04.028 [FXGL Background Thread 3 ] DEBUG Engine               - class com.almasb.fxgl.app.services.IOTaskExecutorService
21:47:04.028 [FXGL Background Thread 3 ] DEBUG Engine               - class com.almasb.fxgl.io.FileSystemService
21:47:04.028 [FXGL Background Thread 3 ] DEBUG Engine               - class com.almasb.fxgl.localization.LocalizationService
21:47:04.028 [FXGL Background Thread 3 ] DEBUG Engine               - class com.almasb.fxgl.app.services.SystemBundleService
21:47:04.028 [FXGL Background Thread 3 ] DEBUG Engine               - class com.almasb.fxgl.profile.SaveLoadService
21:47:04.028 [FXGL Background Thread 3 ] DEBUG Engine               - class com.almasb.fxgl.ui.FXGLUIFactoryServiceProvider
21:47:04.028 [FXGL Background Thread 3 ] DEBUG Engine               - class com.almasb.fxgl.ui.FXGLDialogFactoryServiceProvider
21:47:04.028 [FXGL Background Thread 3 ] DEBUG Engine               - class com.almasb.fxgl.audio.AudioPlayer
21:47:04.028 [FXGL Background Thread 3 ] DEBUG Engine               - class com.almasb.fxgl.notification.impl.NotificationServiceProvider
21:47:04.028 [FXGL Background Thread 3 ] DEBUG Engine               - class com.almasb.fxgl.achievement.AchievementService
21:47:04.028 [FXGL Background Thread 3 ] DEBUG Engine               - class com.almasb.fxgl.cutscene.CutsceneService
21:47:04.028 [FXGL Background Thread 3 ] DEBUG Engine               - class com.almasb.fxgl.minigames.MiniGameService
21:47:04.030 [FXGL Background Thread 3 ] DEBUG Engine               - class com.almasb.fxgl.net.NetService
21:47:04.030 [FXGL Background Thread 3 ] DEBUG Engine               - class com.almasb.fxgl.app.services.UpdaterService
21:47:04.030 [FXGL Background Thread 3 ] DEBUG Engine               - class com.almasb.fxgl.dev.DevService
21:47:06.047 [JavaFX Application Thread] DEBUG Menu                 - fireNewGame()
21:47:06.048 [JavaFX Application Thread] DEBUG GameApplicationServi - Starting new game
21:47:06.048 [JavaFX Application Thread] DEBUG PrimaryStageWindow   - Pop state: LevelSelectScene
21:47:06.048 [JavaFX Application Thread] DEBUG Input                - Clearing active input actions
21:47:06.049 [JavaFX Application Thread] DEBUG GameApplicationServi - Removing overlay from LevelSelectScene and adding to PlayerSelectScene
21:47:06.050 [JavaFX Application Thread] DEBUG PrimaryStageWindow   - PlayerSelectScene <- LevelSelectScene
21:47:06.050 [JavaFX Application Thread] DEBUG PrimaryStageWindow   - Pop state: PlayerSelectScene
21:47:06.050 [JavaFX Application Thread] DEBUG Input                - Clearing active input actions
21:47:06.050 [JavaFX Application Thread] DEBUG GameApplicationServi - Removing overlay from PlayerSelectScene and adding to RiderMainMenuScene
21:47:06.050 [JavaFX Application Thread] DEBUG PrimaryStageWindow   - RiderMainMenuScene <- PlayerSelectScene
21:47:06.050 [JavaFX Application Thread] DEBUG PrimaryStageWindow   - Pop state: RiderMainMenuScene
21:47:06.050 [JavaFX Application Thread] DEBUG Input                - Clearing active input actions
21:47:06.050 [JavaFX Application Thread] DEBUG GameApplicationServi - Removing overlay from RiderMainMenuScene and adding to FXGLMainMenuDummyScene
21:47:06.052 [JavaFX Application Thread] DEBUG PrimaryStageWindow   - FXGLMainMenuDummyScene <- RiderMainMenuScene
21:47:06.052 [JavaFX Application Thread] DEBUG Input                - Clearing active input actions
21:47:06.056 [JavaFX Application Thread] DEBUG GameApplicationServi - Removing overlay from FXGLMainMenuDummyScene and adding to MainLoadingScene
21:47:06.056 [JavaFX Application Thread] DEBUG PrimaryStageWindow   - FXGLMainMenuDummyScene -> MainLoadingScene
21:47:06.057 [JavaFX Application Thread] DEBUG GameApplicationServi - Clearing previous game
21:47:06.057 [JavaFX Application Thread] DEBUG GameScene            - Clearing game scene
21:47:06.057 [JavaFX Application Thread] DEBUG GameWorld            - Clearing game world
21:47:06.057 [JavaFX Application Thread] DEBUG PhysicsWorld         - Clearing physics world
21:47:06.059 [FXGL Background Thread 2 ] DEBUG FXGLApplication      - Initializing game
21:47:06.104 [FXGL Background Thread 2 ] WARN  TMXLevelLoader       - TiledMap generated from 1.11.0. Supported version: 1.9.0. Some features may not be parsed fully.
21:47:06.110 [FXGL Background Thread 2 ] DEBUG TMXLevelLoader       - Parsed TiledMap: file:/C:/Users/Balong/Desktop/SummerJobShoppee/JavaFXGame/target/classes/assets/levels/tmx/level1.tmx
21:47:06.111 [FXGL Background Thread 2 ] DEBUG TMXLevelLoader       - Creating tile layer entities
21:47:06.113 [FXGL Background Thread 2 ] DEBUG TilesetLoader        - Loading view for layer Tile Layer 1
21:47:06.116 [FXGL Background Thread 2 ] DEBUG TilesetLoader        - Created buffer with size 1050.0x700.0
21:47:06.132 [FXGL Background Thread 2 ] DEBUG TMXLevelLoader       - Creating object layer entities
21:47:06.154 [FXGL Background Thread 2 ] DEBUG GameWorld            - Clearing removable entities
21:47:06.155 [FXGL Background Thread 2 ] DEBUG GameWorld            - Setting level: com.almasb.fxgl.entity.level.Level@7719f83c
21:47:06.178 [FXGL Background Thread 2 ] DEBUG Input                - Registered new binding: Jump0 - W
21:47:06.181 [FXGL Background Thread 2 ] DEBUG Input                - Registered new binding: Left0 - A
21:47:06.181 [FXGL Background Thread 2 ] DEBUG Input                - Registered new binding: Right0 - D
21:47:06.181 [FXGL Background Thread 2 ] DEBUG Input                - Registered new binding: Use0 - E
21:47:06.181 [FXGL Background Thread 2 ] DEBUG Input                - Registered new binding: Jump1 - Up
21:47:06.181 [FXGL Background Thread 2 ] DEBUG Input                - Registered new binding: Left1 - Left
21:47:06.181 [FXGL Background Thread 2 ] DEBUG Input                - Registered new binding: Right1 - Right
21:47:06.181 [FXGL Background Thread 2 ] DEBUG Input                - Registered new binding: Use1 - Slash
21:47:06.183 [FXGL Background Thread 2 ] DEBUG FXGLAssetLoaderServi - Loading from file system: file:/C:/Users/Balong/Desktop/SummerJobShoppee/JavaFXGame/target/classes/assets/textures/background/manila.png
21:47:06.208 [FXGL Background Thread 2 ] INFO  FXGLApplication      - Game initialization took: 0.149 sec
21:47:06.210 [JavaFX Application Thread] DEBUG Input                - Clearing active input actions
21:47:06.215 [JavaFX Application Thread] DEBUG GameApplicationServi - Removing overlay from MainLoadingScene and adding to GameScene
21:47:06.217 [JavaFX Application Thread] DEBUG PrimaryStageWindow   - MainLoadingScene -> GameScene
21:47:28.182 [JavaFX Application Thread] WARN  TMXLevelLoader       - TiledMap generated from 1.11.0. Supported version: 1.9.0. Some features may not be parsed fully.
21:47:28.185 [JavaFX Application Thread] DEBUG TMXLevelLoader       - Parsed TiledMap: file:/C:/Users/Balong/Desktop/SummerJobShoppee/JavaFXGame/target/classes/assets/levels/tmx/level1.tmx
21:47:28.185 [JavaFX Application Thread] DEBUG TMXLevelLoader       - Creating tile layer entities
21:47:28.185 [JavaFX Application Thread] DEBUG TilesetLoader        - Loading view for layer Tile Layer 1
21:47:28.191 [JavaFX Application Thread] DEBUG TilesetLoader        - Created buffer with size 1050.0x700.0
21:47:28.207 [JavaFX Application Thread] DEBUG TMXLevelLoader       - Creating object layer entities
21:47:28.210 [JavaFX Application Thread] DEBUG GameWorld            - Clearing removable entities
21:47:28.210 [JavaFX Application Thread] DEBUG GameWorld            - Setting level: com.almasb.fxgl.entity.level.Level@21b6b36d
21:47:37.747 [JavaFX Application Thread] DEBUG PrimaryStageWindow   - Push state: FXGLDefaultMenu
21:47:37.748 [JavaFX Application Thread] DEBUG Input                - Clearing active input actions
21:47:37.748 [JavaFX Application Thread] DEBUG GameApplicationServi - Removing overlay from GameScene and adding to FXGLDefaultMenu
21:47:37.750 [JavaFX Application Thread] DEBUG PrimaryStageWindow   - GameScene -> FXGLDefaultMenu
21:47:44.667 [JavaFX Application Thread] DEBUG Menu                 - fireResume()
21:47:44.672 [JavaFX Application Thread] DEBUG PrimaryStageWindow   - Pop state: FXGLDefaultMenu
21:47:44.672 [JavaFX Application Thread] DEBUG Input                - Clearing active input actions
21:47:44.673 [JavaFX Application Thread] DEBUG GameApplicationServi - Removing overlay from FXGLDefaultMenu and adding to GameScene
21:47:44.674 [JavaFX Application Thread] DEBUG PrimaryStageWindow   - GameScene <- FXGLDefaultMenu
21:47:53.925 [JavaFX Application Thread] WARN  TMXLevelLoader       - TiledMap generated from 1.11.0. Supported version: 1.9.0. Some features may not be parsed fully.
21:47:53.927 [JavaFX Application Thread] DEBUG TMXLevelLoader       - Parsed TiledMap: file:/C:/Users/Balong/Desktop/SummerJobShoppee/JavaFXGame/target/classes/assets/levels/tmx/level1.tmx
21:47:53.927 [JavaFX Application Thread] DEBUG TMXLevelLoader       - Creating tile layer entities
21:47:53.927 [JavaFX Application Thread] DEBUG TilesetLoader        - Loading view for layer Tile Layer 1
21:47:53.928 [JavaFX Application Thread] DEBUG TilesetLoader        - Created buffer with size 1050.0x700.0
21:47:53.945 [JavaFX Application Thread] DEBUG TMXLevelLoader       - Creating object layer entities
21:47:53.948 [JavaFX Application Thread] DEBUG GameWorld            - Clearing removable entities
21:47:53.949 [JavaFX Application Thread] DEBUG GameWorld            - Setting level: com.almasb.fxgl.entity.level.Level@1099effb
21:47:59.160 [JavaFX Application Thread] DEBUG FXGLApplication      - Exiting FXGL
21:47:59.160 [JavaFX Application Thread] DEBUG LoopRunner           - Stopping loop
21:47:59.160 [JavaFX Application Thread] DEBUG SystemBundleService  - Saving FXGL system data
21:47:59.162 [JavaFX Application Thread] DEBUG FileSystemAccess     - Writing to: C:\Users\Balong\Desktop\SummerJobShoppee\JavaFXGame\system\fxgl.bundle
21:47:59.164 [JavaFX Application Thread] DEBUG Async                - Shutting down background threads
21:47:59.165 [JavaFX Application Thread] DEBUG PrimaryStageWindow   - Closing main window
21:47:59.183 [JavaFX Application Thread] DEBUG Logger               - Closing Logger
