21:36:31.877 [main                     ] DEBUG Logger               - Configured Logger
21:36:31.894 [main                     ] DEBUG GameApplication      - Logging settings
Title: Untitled
Version: 0.0
Width: 1280
Height: 720
Fullscreen: false
Intro: false
Profiling: false
Single step:false
App Mode: DEVELOPER
Menu Key: ESCAPE
Stage Style: DECORATED
Scene Factory: class com.sunsofgod.PlatformerApp$2

21:36:32.172 [JavaFX Application Thread] DEBUG FXGLApplication      - Initializing FXGL
21:36:32.175 [JavaFX Application Thread] INFO  Engine               - FXGL-17.2 (20.08.2022 16.50) on WINDOWS (J:21.0.4 FX:17.0.12)
21:36:32.175 [JavaFX Application Thread] DEBUG Engine               - JRE Vendor Name: Eclipse Adoptium
21:36:32.176 [JavaFX Application Thread] DEBUG Engine               - Running on OS: Windows 11 version 10.0
21:36:32.176 [JavaFX Application Thread] DEBUG Engine               - Architecture: amd64
21:36:32.176 [JavaFX Application Thread] INFO  Engine               - Source code and latest versions at: https://github.com/AlmasB/FXGL
21:36:32.176 [JavaFX Application Thread] INFO  Engine               -       Ask questions and discuss at: https://github.com/AlmasB/FXGL/discussions
21:36:32.176 [JavaFX Application Thread] INFO  Engine               -              Join the FXGL chat at: https://gitter.im/AlmasB/FXGL
21:36:32.236 [JavaFX Application Thread] DEBUG PrimaryStageWindow   - Creating a JavaFX scene
21:36:32.269 [JavaFX Application Thread] DEBUG PrimaryStageWindow   - Target settings size: 1280.0 x 720.0
21:36:32.269 [JavaFX Application Thread] DEBUG PrimaryStageWindow   - Scaled scene size:    1280.0 x 720.0
21:36:32.269 [JavaFX Application Thread] DEBUG PrimaryStageWindow   - Scaled ratio: (1.0, 1.0)
21:36:32.270 [JavaFX Application Thread] DEBUG PrimaryStageWindow   - Set initial scene to FXGLStartupScene
21:36:32.275 [JavaFX Application Thread] DEBUG PrimaryStageWindow   - Opening main window
21:36:32.339 [JavaFX Application Thread] DEBUG PrimaryStageWindow   - Window border size: (16.0, 39.0)
21:36:32.340 [JavaFX Application Thread] DEBUG PrimaryStageWindow   - Scaled size: 1280.0 x 720.0
21:36:32.340 [JavaFX Application Thread] DEBUG PrimaryStageWindow   - Scaled ratio: (1.0, 1.0)
21:36:32.340 [JavaFX Application Thread] DEBUG PrimaryStageWindow   - Scene size: 1280.0 x 720.0
21:36:32.340 [JavaFX Application Thread] DEBUG PrimaryStageWindow   - Stage size: 1296.0 x 759.0
21:36:32.346 [FXGL Background Thread 1 ] DEBUG Engine               - Initializing environment variables
21:36:32.378 [FXGL Background Thread 1 ] DEBUG FXGLAssetLoaderServi - User app class for loading assets: class com.sunsofgod.PlatformerApp
21:36:32.378 [FXGL Background Thread 1 ] DEBUG GameApplicationServi - Applying CSS: fxgl_dark.css
21:36:32.379 [FXGL Background Thread 1 ] DEBUG FXGLAssetLoaderServi - Loading from file system: jar:file:///C:/Users/user/.m2/repository/com/github/almasb/fxgl/17.2/fxgl-17.2.jar!/fxglassets/ui/css/fxgl_dark.css
21:36:32.412 [FXGL Background Thread 1 ] DEBUG GameApplicationServi - Initializing application scenes
21:36:32.445 [FXGL Background Thread 1 ] WARN  FXGLAssetLoaderServi - Asset "/assets/textures/player.png" was not found!
21:36:32.446 [FXGL Background Thread 1 ] WARN  FXGLAssetLoaderServi - Failed to load IMAGE
21:36:32.464 [FXGL Background Thread 1 ] DEBUG GameWorld            - Game world initialized
21:36:32.503 [FXGL Background Thread 1 ] DEBUG PhysicsWorld         - Physics world initialized: appHeight=720, physics.ppm=50.0
21:36:32.503 [FXGL Background Thread 1 ] DEBUG PhysicsWorld         - Using strategy: BRUTE_FORCE
21:36:32.506 [FXGL Background Thread 1 ] DEBUG GameScene            - Game scene initialized: 1280x720
21:36:32.767 [FXGL Background Thread 1 ] DEBUG FXGL.DefaultMenu     - createMenuBodyGameMenu()
21:36:32.774 [FXGL Background Thread 1 ] DEBUG FXGL.DefaultMenu     - createOptionsMenu()
21:36:32.778 [FXGL Background Thread 1 ] DEBUG FXGLAssetLoaderServi - Loading from file system: jar:file:///C:/Users/user/.m2/repository/com/github/almasb/fxgl/17.2/fxgl-17.2.jar!/fxglassets/textures/particles/smoke.png
21:36:32.818 [FXGL Background Thread 1 ] DEBUG FXGLAssetLoaderServi - Loading from file system: jar:file:///C:/Users/user/.m2/repository/com/github/almasb/fxgl/17.2/fxgl-17.2.jar!/fxglassets/textures/particles/trace_horizontal.png
21:36:32.827 [FXGL Background Thread 1 ] DEBUG GameApplicationServi - Application scenes initialized
21:36:32.837 [FXGL Background Thread 1 ] DEBUG SystemBundleService  - Loading FXGL system data
21:36:32.840 [FXGL Background Thread 1 ] DEBUG FileSystemAccess     - Reading from: C:\Users\user\Desktop\JavaFXGame\system\fxgl.bundle
21:36:32.848 [FXGL Background Thread 1 ] DEBUG SystemBundleService  - Bundle FXGL: {}
21:36:32.848 [FXGL Background Thread 1 ] DEBUG UpdaterService       - Checking for updates
21:36:32.871 [FXGL Background Thread 4 ] DEBUG FXGLApplication      - Loading fonts
21:36:32.871 [FXGL Background Thread 1 ] DEBUG FXGLApplication      - Loading default localization
21:36:32.872 [FXGL Background Thread 4 ] DEBUG FXGLAssetLoaderServi - Loading from file system: jar:file:///C:/Users/user/.m2/repository/com/github/almasb/fxgl/17.2/fxgl-17.2.jar!/fxglassets/ui/fonts/VarelaRound-Regular.ttf
21:36:32.872 [FXGL Background Thread 1 ] DEBUG FXGLAssetLoaderServi - Loading from file system: jar:file:///C:/Users/user/.m2/repository/com/github/almasb/fxgl/17.2/fxgl-17.2.jar!/fxglassets/languages/english.lang
21:36:32.887 [FXGL Background Thread 1 ] INFO  FXGLApplication      - FXGL initialization took: 0.540 sec
21:36:32.888 [JavaFX Application Thread] DEBUG FXGLAssetLoaderServi - Loading from file system: jar:file:///C:/Users/user/.m2/repository/com/github/almasb/fxgl/17.2/fxgl-17.2.jar!/fxglassets/textures/fxgl_icon.png
21:36:32.893 [JavaFX Application Thread] DEBUG FXGLAssetLoaderServi - Loading from file system: jar:file:///C:/Users/user/.m2/repository/com/github/almasb/fxgl/17.2/fxgl-17.2.jar!/fxglassets/textures/fxgl_default_cursor.png
21:36:32.898 [FXGL Background Thread 4 ] DEBUG FXGLAssetLoaderServi - Loading from file system: jar:file:///C:/Users/user/.m2/repository/com/github/almasb/fxgl/17.2/fxgl-17.2.jar!/fxglassets/ui/fonts/Abel-Regular.ttf
21:36:32.900 [JavaFX Application Thread] DEBUG Input                - Registered new binding: Screenshot - CTRL+8
21:36:32.901 [JavaFX Application Thread] DEBUG Input                - Registered new binding: Dev Options - 1
21:36:32.901 [JavaFX Application Thread] DEBUG Input                - Registered new binding: Dev Console - 2
21:36:32.901 [FXGL Background Thread 4 ] DEBUG FXGLAssetLoaderServi - Loading from file system: jar:file:///C:/Users/user/.m2/repository/com/github/almasb/fxgl/17.2/fxgl-17.2.jar!/fxglassets/ui/fonts/TerminalLandMono-Regular.otf
21:36:32.901 [JavaFX Application Thread] DEBUG Input                - Registered new binding: System info dump - CTRL+9
21:36:32.901 [JavaFX Application Thread] DEBUG Input                - Registered new binding: Restart - CTRL+R
21:36:32.902 [JavaFX Application Thread] DEBUG Input                - Registered new binding: Toggle Debug Camera - CTRL+7
21:36:32.904 [JavaFX Application Thread] DEBUG LoopRunner           - Starting loop
21:36:32.904 [FXGL Background Thread 4 ] DEBUG FXGLAssetLoaderServi - Loading from file system: jar:file:///C:/Users/user/.m2/repository/com/github/almasb/fxgl/17.2/fxgl-17.2.jar!/fxglassets/ui/fonts/Courier-Prime.ttf
21:36:32.912 [JavaFX Application Thread] DEBUG LoopRunner           - Initializing JavaFX AnimationTimerLoop
21:36:32.914 [JavaFX Application Thread] DEBUG Input                - Clearing active input actions
21:36:32.922 [JavaFX Application Thread] DEBUG GameApplicationServi - Removing overlay from FXGLStartupScene and adding to FXGLMainMenuDummyScene
21:36:32.924 [JavaFX Application Thread] DEBUG PrimaryStageWindow   - FXGLStartupScene -> FXGLMainMenuDummyScene
21:36:32.924 [JavaFX Application Thread] DEBUG PrimaryStageWindow   - Push state: RiderMainMenuScene
21:36:32.924 [JavaFX Application Thread] DEBUG Input                - Clearing active input actions
21:36:32.929 [JavaFX Application Thread] DEBUG GameApplicationServi - Removing overlay from FXGLMainMenuDummyScene and adding to RiderMainMenuScene
21:36:32.930 [JavaFX Application Thread] DEBUG PrimaryStageWindow   - FXGLMainMenuDummyScene -> RiderMainMenuScene
21:36:33.063 [JavaFX Application Thread] DEBUG FXGLApplication      - Registering font factories with UI factory
21:36:33.186 [FXGL Background Thread 2 ] INFO  UpdaterService       - Your current version:  17.2
21:36:33.187 [FXGL Background Thread 2 ] INFO  UpdaterService       - Latest stable version: 21.1
21:36:33.861 [JavaFX Application Thread] DEBUG PrimaryStageWindow   - Push state: PlayerSelectScene
21:36:33.861 [JavaFX Application Thread] DEBUG Input                - Clearing active input actions
21:36:33.862 [JavaFX Application Thread] DEBUG GameApplicationServi - Removing overlay from RiderMainMenuScene and adding to PlayerSelectScene
21:36:33.865 [JavaFX Application Thread] DEBUG PrimaryStageWindow   - RiderMainMenuScene -> PlayerSelectScene
21:36:35.559 [JavaFX Application Thread] DEBUG PrimaryStageWindow   - Pop state: PlayerSelectScene
21:36:35.559 [JavaFX Application Thread] DEBUG Input                - Clearing active input actions
21:36:35.560 [JavaFX Application Thread] DEBUG GameApplicationServi - Removing overlay from PlayerSelectScene and adding to RiderMainMenuScene
21:36:35.562 [JavaFX Application Thread] DEBUG PrimaryStageWindow   - RiderMainMenuScene <- PlayerSelectScene
21:36:35.715 [JavaFX Application Thread] DEBUG PrimaryStageWindow   - Push state: WorldSelectScene
21:36:35.717 [JavaFX Application Thread] DEBUG Input                - Clearing active input actions
21:36:35.717 [JavaFX Application Thread] DEBUG GameApplicationServi - Removing overlay from RiderMainMenuScene and adding to WorldSelectScene
21:36:35.717 [JavaFX Application Thread] DEBUG PrimaryStageWindow   - RiderMainMenuScene -> WorldSelectScene
21:36:35.871 [FXGL Background Thread 3 ] DEBUG Engine               - Logging environment variables
21:36:35.871 [FXGL Background Thread 3 ] DEBUG Engine               - achievements: []
21:36:35.871 [FXGL Background Thread 3 ] DEBUG Engine               - actualHeight: 720.0
21:36:35.871 [FXGL Background Thread 3 ] DEBUG Engine               - actualHeightProperty: ReadOnlyDoubleProperty [value: 720.0]
21:36:35.871 [FXGL Background Thread 3 ] DEBUG Engine               - actualWidth: 1280.0
21:36:35.871 [FXGL Background Thread 3 ] DEBUG Engine               - actualWidthProperty: ReadOnlyDoubleProperty [value: 1280.0]
21:36:35.871 [FXGL Background Thread 3 ] DEBUG Engine               - appIcon: fxgl_icon.png
21:36:35.871 [FXGL Background Thread 3 ] DEBUG Engine               - applicationMode: DEVELOPER
21:36:35.871 [FXGL Background Thread 3 ] DEBUG Engine               - cSSList: [fxgl_dark.css]
21:36:35.872 [FXGL Background Thread 3 ] DEBUG Engine               - collisionDetectionStrategy: BRUTE_FORCE
21:36:35.872 [FXGL Background Thread 3 ] DEBUG Engine               - configClass: Optional.empty
21:36:35.872 [FXGL Background Thread 3 ] DEBUG Engine               - credits: []
21:36:35.872 [FXGL Background Thread 3 ] DEBUG Engine               - defaultCursor: CursorInfo(imageName=fxgl_default_cursor.png, hotspotX=7.0, hotspotY=6.0)
21:36:35.872 [FXGL Background Thread 3 ] DEBUG Engine               - devBBoxColorProperty: ObjectProperty [value: 0xff0000ff]
21:36:35.872 [FXGL Background Thread 3 ] DEBUG Engine               - devEnableDebugCameraProperty: BooleanProperty [value: false]
21:36:35.872 [FXGL Background Thread 3 ] DEBUG Engine               - devSensorColorProperty: ObjectProperty [value: 0xffff00ff]
21:36:35.872 [FXGL Background Thread 3 ] DEBUG Engine               - devShowBBoxProperty: BooleanProperty [value: false]
21:36:35.872 [FXGL Background Thread 3 ] DEBUG Engine               - devShowPositionProperty: BooleanProperty [value: false]
21:36:35.872 [FXGL Background Thread 3 ] DEBUG Engine               - enabledMenuItems: []
21:36:35.872 [FXGL Background Thread 3 ] DEBUG Engine               - engineServices: [class com.almasb.fxgl.app.services.FXGLAssetLoaderService, class com.almasb.fxgl.app.FXGLApplication$GameApplicationService, class com.almasb.fxgl.app.services.FXGLDialogService, class com.almasb.fxgl.app.services.IOTaskExecutorService, class com.almasb.fxgl.io.FileSystemService, class com.almasb.fxgl.localization.LocalizationService, class com.almasb.fxgl.app.services.SystemBundleService, class com.almasb.fxgl.profile.SaveLoadService, class com.almasb.fxgl.ui.FXGLUIFactoryServiceProvider, class com.almasb.fxgl.ui.FXGLDialogFactoryServiceProvider, class com.almasb.fxgl.audio.AudioPlayer, class com.almasb.fxgl.notification.impl.NotificationServiceProvider, class com.almasb.fxgl.achievement.AchievementService, class com.almasb.fxgl.cutscene.CutsceneService, class com.almasb.fxgl.minigames.MiniGameService, class com.almasb.fxgl.net.NetService, class com.almasb.fxgl.app.services.UpdaterService, class com.almasb.fxgl.dev.DevService]
21:36:35.872 [FXGL Background Thread 3 ] DEBUG Engine               - fontGame: Abel-Regular.ttf
21:36:35.872 [FXGL Background Thread 3 ] DEBUG Engine               - fontMono: TerminalLandMono-Regular.otf
21:36:35.873 [FXGL Background Thread 3 ] DEBUG Engine               - fontText: Courier-Prime.ttf
21:36:35.873 [FXGL Background Thread 3 ] DEBUG Engine               - fontUI: VarelaRound-Regular.ttf
21:36:35.873 [FXGL Background Thread 3 ] DEBUG Engine               - fullScreen: BooleanProperty [value: false]
21:36:35.873 [FXGL Background Thread 3 ] DEBUG Engine               - gameDifficulty: MEDIUM
21:36:35.873 [FXGL Background Thread 3 ] DEBUG Engine               - gameDifficultyProperty: ObjectProperty [value: MEDIUM]
21:36:35.873 [FXGL Background Thread 3 ] DEBUG Engine               - globalMusicVolume: 0.5
21:36:35.873 [FXGL Background Thread 3 ] DEBUG Engine               - globalMusicVolumeProperty: DoubleProperty [value: 0.25]
21:36:35.873 [FXGL Background Thread 3 ] DEBUG Engine               - globalSoundVolume: 0.5
21:36:35.873 [FXGL Background Thread 3 ] DEBUG Engine               - globalSoundVolumeProperty: DoubleProperty [value: 0.5]
21:36:35.873 [FXGL Background Thread 3 ] DEBUG Engine               - height: 720
21:36:35.873 [FXGL Background Thread 3 ] DEBUG Engine               - is3D: false
21:36:35.873 [FXGL Background Thread 3 ] DEBUG Engine               - isAndroid: false
21:36:35.873 [FXGL Background Thread 3 ] DEBUG Engine               - isBrowser: false
21:36:35.873 [FXGL Background Thread 3 ] DEBUG Engine               - isClickFeedbackEnabled: false
21:36:35.873 [FXGL Background Thread 3 ] DEBUG Engine               - isCloseConfirmation: false
21:36:35.873 [FXGL Background Thread 3 ] DEBUG Engine               - isDesktop: true
21:36:35.873 [FXGL Background Thread 3 ] DEBUG Engine               - isDeveloperMenuEnabled: true
21:36:35.873 [FXGL Background Thread 3 ] DEBUG Engine               - isEmbedded: false
21:36:35.873 [FXGL Background Thread 3 ] DEBUG Engine               - isEntityPreloadEnabled: true
21:36:35.873 [FXGL Background Thread 3 ] DEBUG Engine               - isExperimentalTiledLargeMap: false
21:36:35.873 [FXGL Background Thread 3 ] DEBUG Engine               - isFileSystemWriteAllowed: true
21:36:35.873 [FXGL Background Thread 3 ] DEBUG Engine               - isFullScreenAllowed: false
21:36:35.874 [FXGL Background Thread 3 ] DEBUG Engine               - isFullScreenFromStart: false
21:36:35.874 [FXGL Background Thread 3 ] DEBUG Engine               - isGameMenuEnabled: true
21:36:35.874 [FXGL Background Thread 3 ] DEBUG Engine               - isIOS: false
21:36:35.874 [FXGL Background Thread 3 ] DEBUG Engine               - isIntroEnabled: false
21:36:35.874 [FXGL Background Thread 3 ] DEBUG Engine               - isLinux: false
21:36:35.874 [FXGL Background Thread 3 ] DEBUG Engine               - isMac: false
21:36:35.874 [FXGL Background Thread 3 ] DEBUG Engine               - isMainMenuEnabled: true
21:36:35.874 [FXGL Background Thread 3 ] DEBUG Engine               - isManualResizeEnabled: false
21:36:35.874 [FXGL Background Thread 3 ] DEBUG Engine               - isMobile: false
21:36:35.874 [FXGL Background Thread 3 ] DEBUG Engine               - isNative: false
21:36:35.874 [FXGL Background Thread 3 ] DEBUG Engine               - isPauseMusicWhenMinimized: true
21:36:35.874 [FXGL Background Thread 3 ] DEBUG Engine               - isPreserveResizeRatio: false
21:36:35.874 [FXGL Background Thread 3 ] DEBUG Engine               - isProfilingEnabled: false
21:36:35.874 [FXGL Background Thread 3 ] DEBUG Engine               - isScaleAffectedOnResize: true
21:36:35.874 [FXGL Background Thread 3 ] DEBUG Engine               - isSingleStep: false
21:36:35.874 [FXGL Background Thread 3 ] DEBUG Engine               - isUserProfileEnabled: false
21:36:35.874 [FXGL Background Thread 3 ] DEBUG Engine               - isWindows: true
21:36:35.874 [FXGL Background Thread 3 ] DEBUG Engine               - language: ObjectProperty [value: ENGLISH]
21:36:35.874 [FXGL Background Thread 3 ] DEBUG Engine               - menuKey: ESCAPE
21:36:35.874 [FXGL Background Thread 3 ] DEBUG Engine               - mouseSensitivity: 0.2
21:36:35.874 [FXGL Background Thread 3 ] DEBUG Engine               - notificationViewClass: class com.almasb.fxgl.notification.view.XboxNotificationView
21:36:35.874 [FXGL Background Thread 3 ] DEBUG Engine               - pixelsPerMeter: 50.0
21:36:35.874 [FXGL Background Thread 3 ] DEBUG Engine               - platform: WINDOWS
21:36:35.874 [FXGL Background Thread 3 ] DEBUG Engine               - prefHeightProperty: ReadOnlyDoubleProperty [value: 720.0]
21:36:35.874 [FXGL Background Thread 3 ] DEBUG Engine               - prefWidthProperty: ReadOnlyDoubleProperty [value: 1280.0]
21:36:35.874 [FXGL Background Thread 3 ] DEBUG Engine               - profileDir: profiles/
21:36:35.875 [FXGL Background Thread 3 ] DEBUG Engine               - profileName: StringProperty [value: DEFAULT]
21:36:35.875 [FXGL Background Thread 3 ] DEBUG Engine               - randomSeed: -1
21:36:35.875 [FXGL Background Thread 3 ] DEBUG Engine               - runtimeInfo: RuntimeInfo(platform=WINDOWS, version=17.2, build=20.08.2022 16.50)
21:36:35.875 [FXGL Background Thread 3 ] DEBUG Engine               - saveFileExt: sav
21:36:35.875 [FXGL Background Thread 3 ] DEBUG Engine               - scaledHeightProp$fxgl: DoubleProperty [bound, value: 720.0]
21:36:35.875 [FXGL Background Thread 3 ] DEBUG Engine               - scaledWidthProp$fxgl: DoubleProperty [bound, value: 1280.0]
21:36:35.875 [FXGL Background Thread 3 ] DEBUG Engine               - sceneFactory: com.sunsofgod.PlatformerApp$2@20c6ca2a
21:36:35.875 [FXGL Background Thread 3 ] DEBUG Engine               - secondsIn24h: 60
21:36:35.875 [FXGL Background Thread 3 ] DEBUG Engine               - soundMenuBack: menu/back.wav
21:36:35.875 [FXGL Background Thread 3 ] DEBUG Engine               - soundMenuPress: menu/press.wav
21:36:35.875 [FXGL Background Thread 3 ] DEBUG Engine               - soundMenuSelect: menu/select.wav
21:36:35.875 [FXGL Background Thread 3 ] DEBUG Engine               - soundNotification: core/notification.wav
21:36:35.875 [FXGL Background Thread 3 ] DEBUG Engine               - stageStyle: DECORATED
21:36:35.875 [FXGL Background Thread 3 ] DEBUG Engine               - supportedLanguages: [ENGLISH, FRENCH, GERMAN, HUNGARIAN, RUSSIAN]
21:36:35.875 [FXGL Background Thread 3 ] DEBUG Engine               - ticksPerSecond: -1
21:36:35.875 [FXGL Background Thread 3 ] DEBUG Engine               - title: Untitled
21:36:35.875 [FXGL Background Thread 3 ] DEBUG Engine               - urlGithub: https://github.com/AlmasB/FXGL
21:36:35.875 [FXGL Background Thread 3 ] DEBUG Engine               - urlLeaderboard: http://fxgl-top.herokuapp.com/
21:36:35.875 [FXGL Background Thread 3 ] DEBUG Engine               - urlPOM: https://raw.githubusercontent.com/AlmasB/FXGL/release/README.md
21:36:35.875 [FXGL Background Thread 3 ] DEBUG Engine               - userAppClass: class com.sunsofgod.PlatformerApp
21:36:35.875 [FXGL Background Thread 3 ] DEBUG Engine               - version: 0.0
21:36:35.875 [FXGL Background Thread 3 ] DEBUG Engine               - versionCheckDays: 7
21:36:35.875 [FXGL Background Thread 3 ] DEBUG Engine               - width: 1280
21:36:35.875 [FXGL Background Thread 3 ] DEBUG Engine               - Logging services
21:36:35.875 [FXGL Background Thread 3 ] DEBUG Engine               - class com.almasb.fxgl.app.services.FXGLAssetLoaderService
21:36:35.875 [FXGL Background Thread 3 ] DEBUG Engine               - class com.almasb.fxgl.app.FXGLApplication$GameApplicationService
21:36:35.875 [FXGL Background Thread 3 ] DEBUG Engine               - class com.almasb.fxgl.app.services.FXGLDialogService
21:36:35.876 [FXGL Background Thread 3 ] DEBUG Engine               - class com.almasb.fxgl.app.services.IOTaskExecutorService
21:36:35.876 [FXGL Background Thread 3 ] DEBUG Engine               - class com.almasb.fxgl.io.FileSystemService
21:36:35.876 [FXGL Background Thread 3 ] DEBUG Engine               - class com.almasb.fxgl.localization.LocalizationService
21:36:35.876 [FXGL Background Thread 3 ] DEBUG Engine               - class com.almasb.fxgl.app.services.SystemBundleService
21:36:35.876 [FXGL Background Thread 3 ] DEBUG Engine               - class com.almasb.fxgl.profile.SaveLoadService
21:36:35.876 [FXGL Background Thread 3 ] DEBUG Engine               - class com.almasb.fxgl.ui.FXGLUIFactoryServiceProvider
21:36:35.876 [FXGL Background Thread 3 ] DEBUG Engine               - class com.almasb.fxgl.ui.FXGLDialogFactoryServiceProvider
21:36:35.876 [FXGL Background Thread 3 ] DEBUG Engine               - class com.almasb.fxgl.audio.AudioPlayer
21:36:35.876 [FXGL Background Thread 3 ] DEBUG Engine               - class com.almasb.fxgl.notification.impl.NotificationServiceProvider
21:36:35.876 [FXGL Background Thread 3 ] DEBUG Engine               - class com.almasb.fxgl.achievement.AchievementService
21:36:35.876 [FXGL Background Thread 3 ] DEBUG Engine               - class com.almasb.fxgl.cutscene.CutsceneService
21:36:35.876 [FXGL Background Thread 3 ] DEBUG Engine               - class com.almasb.fxgl.minigames.MiniGameService
21:36:35.876 [FXGL Background Thread 3 ] DEBUG Engine               - class com.almasb.fxgl.net.NetService
21:36:35.876 [FXGL Background Thread 3 ] DEBUG Engine               - class com.almasb.fxgl.app.services.UpdaterService
21:36:35.876 [FXGL Background Thread 3 ] DEBUG Engine               - class com.almasb.fxgl.dev.DevService
21:36:36.718 [JavaFX Application Thread] DEBUG PrimaryStageWindow   - Pop state: WorldSelectScene
21:36:36.719 [JavaFX Application Thread] DEBUG Input                - Clearing active input actions
21:36:36.719 [JavaFX Application Thread] DEBUG GameApplicationServi - Removing overlay from WorldSelectScene and adding to RiderMainMenuScene
21:36:36.720 [JavaFX Application Thread] DEBUG PrimaryStageWindow   - RiderMainMenuScene <- WorldSelectScene
21:36:37.010 [JavaFX Application Thread] DEBUG PrimaryStageWindow   - Push state: LevelSelectScene
21:36:37.010 [JavaFX Application Thread] DEBUG Input                - Clearing active input actions
21:36:37.010 [JavaFX Application Thread] DEBUG GameApplicationServi - Removing overlay from RiderMainMenuScene and adding to LevelSelectScene
21:36:37.010 [JavaFX Application Thread] DEBUG PrimaryStageWindow   - RiderMainMenuScene -> LevelSelectScene
21:36:37.886 [JavaFX Application Thread] DEBUG Menu                 - fireNewGame()
21:36:37.886 [JavaFX Application Thread] DEBUG GameApplicationServi - Starting new game
21:36:37.886 [JavaFX Application Thread] DEBUG PrimaryStageWindow   - Pop state: LevelSelectScene
21:36:37.886 [JavaFX Application Thread] DEBUG Input                - Clearing active input actions
21:36:37.887 [JavaFX Application Thread] DEBUG GameApplicationServi - Removing overlay from LevelSelectScene and adding to RiderMainMenuScene
21:36:37.887 [JavaFX Application Thread] DEBUG PrimaryStageWindow   - RiderMainMenuScene <- LevelSelectScene
21:36:37.887 [JavaFX Application Thread] DEBUG PrimaryStageWindow   - Pop state: RiderMainMenuScene
21:36:37.887 [JavaFX Application Thread] DEBUG Input                - Clearing active input actions
21:36:37.888 [JavaFX Application Thread] DEBUG GameApplicationServi - Removing overlay from RiderMainMenuScene and adding to FXGLMainMenuDummyScene
21:36:37.888 [JavaFX Application Thread] DEBUG PrimaryStageWindow   - FXGLMainMenuDummyScene <- RiderMainMenuScene
21:36:37.888 [JavaFX Application Thread] DEBUG Input                - Clearing active input actions
21:36:37.895 [JavaFX Application Thread] DEBUG GameApplicationServi - Removing overlay from FXGLMainMenuDummyScene and adding to MainLoadingScene
21:36:37.899 [JavaFX Application Thread] DEBUG PrimaryStageWindow   - FXGLMainMenuDummyScene -> MainLoadingScene
21:36:37.899 [JavaFX Application Thread] DEBUG GameApplicationServi - Clearing previous game
21:36:37.899 [JavaFX Application Thread] DEBUG GameScene            - Clearing game scene
21:36:37.899 [JavaFX Application Thread] DEBUG GameWorld            - Clearing game world
21:36:37.899 [JavaFX Application Thread] DEBUG PhysicsWorld         - Clearing physics world
21:36:37.900 [FXGL Background Thread 2 ] DEBUG FXGLApplication      - Initializing game
21:36:37.925 [FXGL Background Thread 2 ] WARN  TMXLevelLoader       - TiledMap generated from 1.11.0. Supported version: 1.9.0. Some features may not be parsed fully.
21:36:37.930 [FXGL Background Thread 2 ] DEBUG TMXLevelLoader       - Parsed TiledMap: file:/C:/Users/user/Desktop/JavaFXGame/target/classes/assets/levels/tmx/level2.tmx
21:36:37.931 [FXGL Background Thread 2 ] DEBUG TMXLevelLoader       - Creating tile layer entities
21:36:37.932 [FXGL Background Thread 2 ] DEBUG TilesetLoader        - Loading view for layer Tile Layer 1
21:36:37.933 [FXGL Background Thread 2 ] DEBUG TilesetLoader        - Created buffer with size 1050.0x700.0
21:36:37.942 [FXGL Background Thread 2 ] DEBUG TMXLevelLoader       - Creating object layer entities
21:36:37.953 [FXGL Background Thread 2 ] DEBUG GameWorld            - Clearing removable entities
21:36:37.953 [FXGL Background Thread 2 ] DEBUG GameWorld            - Setting level: com.almasb.fxgl.entity.level.Level@60e6a55c
21:36:37.958 [FXGL Background Thread 2 ] DEBUG FXGLAssetLoaderServi - Loading from file system: file:/C:/Users/user/Desktop/JavaFXGame/target/classes/assets/textures/player1.png
21:36:37.967 [FXGL Background Thread 2 ] DEBUG FXGLAssetLoaderServi - Loading from file system: file:/C:/Users/user/Desktop/JavaFXGame/target/classes/assets/textures/player4.png
21:36:37.971 [FXGL Background Thread 2 ] DEBUG Input                - Registered new binding: Jump0 - W
21:36:37.971 [FXGL Background Thread 2 ] DEBUG Input                - Registered new binding: Left0 - A
21:36:37.971 [FXGL Background Thread 2 ] DEBUG Input                - Registered new binding: Right0 - D
21:36:37.972 [FXGL Background Thread 2 ] DEBUG Input                - Registered new binding: Use0 - E
21:36:37.972 [FXGL Background Thread 2 ] DEBUG Input                - Registered new binding: Jump3 - G
21:36:37.972 [FXGL Background Thread 2 ] DEBUG Input                - Registered new binding: Left3 - V
21:36:37.972 [FXGL Background Thread 2 ] DEBUG Input                - Registered new binding: Right3 - N
21:36:37.972 [FXGL Background Thread 2 ] DEBUG Input                - Registered new binding: Use3 - H
21:36:37.973 [FXGL Background Thread 2 ] DEBUG FXGLAssetLoaderServi - Loading from file system: file:/C:/Users/user/Desktop/JavaFXGame/target/classes/assets/textures/background/manila.png
21:36:37.985 [FXGL Background Thread 2 ] INFO  FXGLApplication      - Game initialization took: 0.084 sec
21:36:37.986 [JavaFX Application Thread] DEBUG Input                - Clearing active input actions
21:36:37.991 [JavaFX Application Thread] DEBUG GameApplicationServi - Removing overlay from MainLoadingScene and adding to GameScene
21:36:37.992 [JavaFX Application Thread] DEBUG PrimaryStageWindow   - MainLoadingScene -> GameScene
21:36:39.574 [JavaFX Application Thread] DEBUG FXGLApplication      - Exiting FXGL
21:36:39.574 [JavaFX Application Thread] DEBUG LoopRunner           - Stopping loop
21:36:39.574 [JavaFX Application Thread] DEBUG SystemBundleService  - Saving FXGL system data
21:36:39.576 [JavaFX Application Thread] DEBUG FileSystemAccess     - Writing to: C:\Users\user\Desktop\JavaFXGame\system\fxgl.bundle
21:36:39.578 [JavaFX Application Thread] DEBUG Async                - Shutting down background threads
21:36:39.578 [JavaFX Application Thread] DEBUG PrimaryStageWindow   - Closing main window
21:36:39.588 [JavaFX Application Thread] DEBUG Logger               - Closing Logger
