18:38:00.469 [main                     ] DEBUG Logger               - Configured Logger
18:38:00.493 [main                     ] DEBUG GameApplication      - Logging settings
Title: Untitled
Version: 0.0
Width: 1280
Height: 720
Fullscreen: false
Intro: false
Profiling: false
Single step:false
App Mode: DEVELOPER
Menu Key: ESCAPE
Stage Style: DECORATED
Scene Factory: class com.almasb.fxgl.app.scene.SceneFactory

18:38:00.871 [JavaFX Application Thread] DEBUG FXGLApplication      - Initializing FXGL
18:38:00.876 [JavaFX Application Thread] INFO  Engine               - FXGL-17.2 (20.08.2022 16.50) on WINDOWS (J:21.0.4 FX:17.0.12)
18:38:00.876 [JavaFX Application Thread] DEBUG Engine               - JRE Vendor Name: Eclipse Adoptium
18:38:00.877 [JavaFX Application Thread] DEBUG Engine               - Running on OS: Windows 10 version 10.0
18:38:00.877 [JavaFX Application Thread] DEBUG Engine               - Architecture: amd64
18:38:00.877 [JavaFX Application Thread] INFO  Engine               - Source code and latest versions at: https://github.com/AlmasB/FXGL
18:38:00.878 [JavaFX Application Thread] INFO  Engine               -       Ask questions and discuss at: https://github.com/AlmasB/FXGL/discussions
18:38:00.879 [JavaFX Application Thread] INFO  Engine               -              Join the FXGL chat at: https://gitter.im/AlmasB/FXGL
18:38:00.979 [JavaFX Application Thread] DEBUG PrimaryStageWindow   - Creating a JavaFX scene
18:38:01.050 [JavaFX Application Thread] DEBUG PrimaryStageWindow   - Target settings size: 1280.0 x 720.0
18:38:01.052 [JavaFX Application Thread] DEBUG PrimaryStageWindow   - Scaled scene size:    1280.0 x 720.0
18:38:01.052 [JavaFX Application Thread] DEBUG PrimaryStageWindow   - Scaled ratio: (1.0, 1.0)
18:38:01.054 [JavaFX Application Thread] DEBUG PrimaryStageWindow   - Set initial scene to FXGLStartupScene
18:38:01.065 [JavaFX Application Thread] DEBUG PrimaryStageWindow   - Opening main window
18:38:01.153 [JavaFX Application Thread] DEBUG PrimaryStageWindow   - Window border size: (16.0, 39.0)
18:38:01.154 [JavaFX Application Thread] DEBUG PrimaryStageWindow   - Scaled size: 1280.0 x 720.0
18:38:01.154 [JavaFX Application Thread] DEBUG PrimaryStageWindow   - Scaled ratio: (1.0, 1.0)
18:38:01.154 [JavaFX Application Thread] DEBUG PrimaryStageWindow   - Scene size: 1280.0 x 720.0
18:38:01.154 [JavaFX Application Thread] DEBUG PrimaryStageWindow   - Stage size: 1296.0 x 759.0
18:38:01.200 [FXGL Background Thread 1 ] DEBUG Engine               - Initializing environment variables
18:38:01.249 [FXGL Background Thread 1 ] DEBUG FXGLAssetLoaderServi - User app class for loading assets: class com.sunsofgod.PlatformerApp
18:38:01.249 [FXGL Background Thread 1 ] DEBUG GameApplicationServi - Applying CSS: fxgl_dark.css
18:38:01.250 [FXGL Background Thread 1 ] DEBUG FXGLAssetLoaderServi - Loading from file system: jar:file:///C:/Users/Admin/.m2/repository/com/github/almasb/fxgl/17.2/fxgl-17.2.jar!/fxglassets/ui/css/fxgl_dark.css
18:38:01.288 [FXGL Background Thread 1 ] DEBUG GameApplicationServi - Initializing application scenes
18:38:01.324 [FXGL Background Thread 1 ] DEBUG GameWorld            - Game world initialized
18:38:01.375 [FXGL Background Thread 1 ] DEBUG PhysicsWorld         - Physics world initialized: appHeight=720, physics.ppm=50.0
18:38:01.375 [FXGL Background Thread 1 ] DEBUG PhysicsWorld         - Using strategy: BRUTE_FORCE
18:38:01.381 [FXGL Background Thread 1 ] DEBUG GameScene            - Game scene initialized: 1280x720
18:38:01.401 [FXGL Background Thread 1 ] DEBUG FXGL.DefaultMenu     - createMenuBodyMainMenu()
18:38:01.438 [FXGL Background Thread 1 ] DEBUG FXGL.DefaultMenu     - createOptionsMenu()
18:38:01.449 [FXGL Background Thread 1 ] DEBUG FXGLAssetLoaderServi - Loading from file system: jar:file:///C:/Users/Admin/.m2/repository/com/github/almasb/fxgl/17.2/fxgl-17.2.jar!/fxglassets/textures/particles/smoke.png
18:38:01.517 [FXGL Background Thread 1 ] DEBUG FXGLAssetLoaderServi - Loading from file system: jar:file:///C:/Users/Admin/.m2/repository/com/github/almasb/fxgl/17.2/fxgl-17.2.jar!/fxglassets/textures/particles/trace_horizontal.png
18:38:01.540 [FXGL Background Thread 1 ] DEBUG FXGL.DefaultMenu     - createMenuBodyGameMenu()
18:38:01.541 [FXGL Background Thread 1 ] DEBUG FXGL.DefaultMenu     - createOptionsMenu()
18:38:01.555 [FXGL Background Thread 1 ] DEBUG GameApplicationServi - Application scenes initialized
18:38:01.567 [FXGL Background Thread 1 ] DEBUG SystemBundleService  - Loading FXGL system data
18:38:01.572 [FXGL Background Thread 1 ] DEBUG FileSystemAccess     - Reading from: C:\Users\Admin\Downloads\JavaFXGame\system\fxgl.bundle
18:38:01.582 [FXGL Background Thread 1 ] DEBUG SystemBundleService  - Bundle FXGL: {}
18:38:01.582 [FXGL Background Thread 1 ] DEBUG UpdaterService       - Checking for updates
18:38:01.586 [FXGL Background Thread 1 ] DEBUG FXGLApplication      - Loading default localization
18:38:01.587 [FXGL Background Thread 1 ] DEBUG FXGLAssetLoaderServi - Loading from file system: jar:file:///C:/Users/Admin/.m2/repository/com/github/almasb/fxgl/17.2/fxgl-17.2.jar!/fxglassets/languages/english.lang
18:38:01.588 [FXGL Background Thread 4 ] DEBUG FXGLApplication      - Loading fonts
18:38:01.588 [FXGL Background Thread 4 ] DEBUG FXGLAssetLoaderServi - Loading from file system: jar:file:///C:/Users/Admin/.m2/repository/com/github/almasb/fxgl/17.2/fxgl-17.2.jar!/fxglassets/ui/fonts/VarelaRound-Regular.ttf
18:38:01.601 [FXGL Background Thread 1 ] INFO  FXGLApplication      - FXGL initialization took: 0.401 sec
18:38:01.607 [JavaFX Application Thread] DEBUG FXGLAssetLoaderServi - Loading from file system: jar:file:///C:/Users/Admin/.m2/repository/com/github/almasb/fxgl/17.2/fxgl-17.2.jar!/fxglassets/textures/fxgl_icon.png
18:38:01.610 [FXGL Background Thread 4 ] DEBUG FXGLAssetLoaderServi - Loading from file system: jar:file:///C:/Users/Admin/.m2/repository/com/github/almasb/fxgl/17.2/fxgl-17.2.jar!/fxglassets/ui/fonts/Abel-Regular.ttf
18:38:01.614 [FXGL Background Thread 4 ] DEBUG FXGLAssetLoaderServi - Loading from file system: jar:file:///C:/Users/Admin/.m2/repository/com/github/almasb/fxgl/17.2/fxgl-17.2.jar!/fxglassets/ui/fonts/TerminalLandMono-Regular.otf
18:38:01.617 [FXGL Background Thread 4 ] DEBUG FXGLAssetLoaderServi - Loading from file system: jar:file:///C:/Users/Admin/.m2/repository/com/github/almasb/fxgl/17.2/fxgl-17.2.jar!/fxglassets/ui/fonts/Courier-Prime.ttf
18:38:01.620 [JavaFX Application Thread] DEBUG FXGLAssetLoaderServi - Loading from file system: jar:file:///C:/Users/Admin/.m2/repository/com/github/almasb/fxgl/17.2/fxgl-17.2.jar!/fxglassets/textures/fxgl_default_cursor.png
18:38:01.634 [JavaFX Application Thread] DEBUG Input                - Registered new binding: Screenshot - CTRL+8
18:38:01.643 [JavaFX Application Thread] DEBUG Input                - Registered new binding: System info dump - CTRL+9
18:38:01.644 [JavaFX Application Thread] DEBUG Input                - Registered new binding: Restart - CTRL+R
18:38:01.644 [JavaFX Application Thread] DEBUG Input                - Registered new binding: Toggle Debug Camera - CTRL+7
18:38:01.646 [JavaFX Application Thread] DEBUG LoopRunner           - Starting loop
18:38:01.646 [JavaFX Application Thread] DEBUG LoopRunner           - Initializing JavaFX AnimationTimerLoop
18:38:01.648 [JavaFX Application Thread] DEBUG Input                - Clearing active input actions
18:38:01.655 [JavaFX Application Thread] DEBUG GameApplicationServi - Removing overlay from FXGLStartupScene and adding to FXGLMainMenuDummyScene
18:38:01.655 [JavaFX Application Thread] DEBUG PrimaryStageWindow   - FXGLStartupScene -> FXGLMainMenuDummyScene
18:38:01.655 [JavaFX Application Thread] DEBUG PrimaryStageWindow   - Push state: FXGLDefaultMenu
18:38:01.659 [JavaFX Application Thread] DEBUG Input                - Clearing active input actions
18:38:01.667 [JavaFX Application Thread] DEBUG GameApplicationServi - Removing overlay from FXGLMainMenuDummyScene and adding to FXGLDefaultMenu
18:38:01.668 [JavaFX Application Thread] DEBUG PrimaryStageWindow   - FXGLMainMenuDummyScene -> FXGLDefaultMenu
18:38:01.668 [JavaFX Application Thread] DEBUG FXGLApplication      - Registering font factories with UI factory
18:38:02.092 [FXGL Background Thread 2 ] INFO  UpdaterService       - Your current version:  17.2
18:38:02.094 [FXGL Background Thread 2 ] INFO  UpdaterService       - Latest stable version: 21.1
18:38:02.497 [JavaFX Application Thread] DEBUG Menu                 - fireNewGame()
18:38:02.497 [JavaFX Application Thread] DEBUG GameApplicationServi - Starting new game
18:38:02.500 [JavaFX Application Thread] DEBUG PrimaryStageWindow   - Pop state: FXGLDefaultMenu
18:38:02.500 [JavaFX Application Thread] DEBUG Input                - Clearing active input actions
18:38:02.501 [JavaFX Application Thread] DEBUG GameApplicationServi - Removing overlay from FXGLDefaultMenu and adding to FXGLMainMenuDummyScene
18:38:02.502 [JavaFX Application Thread] DEBUG PrimaryStageWindow   - FXGLMainMenuDummyScene <- FXGLDefaultMenu
18:38:02.502 [JavaFX Application Thread] DEBUG Input                - Clearing active input actions
18:38:02.513 [JavaFX Application Thread] DEBUG GameApplicationServi - Removing overlay from FXGLMainMenuDummyScene and adding to FXGLLoadingScene
18:38:02.514 [JavaFX Application Thread] DEBUG PrimaryStageWindow   - FXGLMainMenuDummyScene -> FXGLLoadingScene
18:38:02.514 [JavaFX Application Thread] DEBUG GameApplicationServi - Clearing previous game
18:38:02.514 [JavaFX Application Thread] DEBUG GameScene            - Clearing game scene
18:38:02.514 [JavaFX Application Thread] DEBUG GameWorld            - Clearing game world
18:38:02.514 [JavaFX Application Thread] DEBUG PhysicsWorld         - Clearing physics world
18:38:02.516 [FXGL Background Thread 2 ] DEBUG FXGLApplication      - Initializing game
18:38:02.559 [FXGL Background Thread 2 ] WARN  TMXLevelLoader       - TiledMap generated from 1.11.0. Supported version: 1.9.0. Some features may not be parsed fully.
18:38:02.571 [FXGL Background Thread 2 ] DEBUG TMXLevelLoader       - Parsed TiledMap: file:/C:/Users/Admin/Downloads/JavaFXGame/target/classes/assets/levels/tmx/level1.tmx
18:38:02.572 [FXGL Background Thread 2 ] DEBUG TMXLevelLoader       - Creating tile layer entities
18:38:02.574 [FXGL Background Thread 2 ] DEBUG TilesetLoader        - Loading view for layer Tile Layer 1
18:38:02.579 [FXGL Background Thread 2 ] DEBUG TilesetLoader        - Created buffer with size 2450.0x700.0
18:38:02.598 [FXGL Background Thread 2 ] DEBUG TMXLevelLoader       - Creating object layer entities
18:38:02.623 [FXGL Background Thread 2 ] DEBUG GameWorld            - Clearing removable entities
18:38:02.624 [FXGL Background Thread 2 ] DEBUG GameWorld            - Setting level: com.almasb.fxgl.entity.level.Level@a4dab55
18:38:02.631 [FXGL Background Thread 2 ] DEBUG FXGLAssetLoaderServi - Loading from file system: file:/C:/Users/Admin/Downloads/JavaFXGame/target/classes/assets/textures/player.png
18:38:02.640 [FXGL Background Thread 2 ] DEBUG Input                - Registered new binding: Jump0 - W
18:38:02.640 [FXGL Background Thread 2 ] DEBUG Input                - Registered new binding: Left0 - A
18:38:02.640 [FXGL Background Thread 2 ] DEBUG Input                - Registered new binding: Right0 - D
18:38:02.640 [FXGL Background Thread 2 ] DEBUG Input                - Registered new binding: Use0 - E
18:38:02.640 [FXGL Background Thread 2 ] DEBUG Input                - Registered new binding: Jump1 - Up
18:38:02.640 [FXGL Background Thread 2 ] DEBUG Input                - Registered new binding: Left1 - Left
18:38:02.640 [FXGL Background Thread 2 ] DEBUG Input                - Registered new binding: Right1 - Right
18:38:02.640 [FXGL Background Thread 2 ] DEBUG Input                - Registered new binding: Use1 - Slash
18:38:02.642 [FXGL Background Thread 2 ] DEBUG FXGLAssetLoaderServi - Loading from file system: file:/C:/Users/Admin/Downloads/JavaFXGame/target/classes/assets/textures/background/manila.png
18:38:02.655 [FXGL Background Thread 2 ] INFO  FXGLApplication      - Game initialization took: 0.139 sec
18:38:02.657 [JavaFX Application Thread] DEBUG Input                - Clearing active input actions
18:38:02.665 [JavaFX Application Thread] DEBUG GameApplicationServi - Removing overlay from FXGLLoadingScene and adding to GameScene
18:38:02.665 [JavaFX Application Thread] DEBUG PrimaryStageWindow   - FXGLLoadingScene -> GameScene
18:38:04.585 [FXGL Background Thread 3 ] DEBUG Engine               - Logging environment variables
18:38:04.585 [FXGL Background Thread 3 ] DEBUG Engine               - achievements: []
18:38:04.585 [FXGL Background Thread 3 ] DEBUG Engine               - actualHeight: 720.0
18:38:04.585 [FXGL Background Thread 3 ] DEBUG Engine               - actualHeightProperty: ReadOnlyDoubleProperty [value: 720.0]
18:38:04.586 [FXGL Background Thread 3 ] DEBUG Engine               - actualWidth: 1280.0
18:38:04.586 [FXGL Background Thread 3 ] DEBUG Engine               - actualWidthProperty: ReadOnlyDoubleProperty [value: 1280.0]
18:38:04.586 [FXGL Background Thread 3 ] DEBUG Engine               - appIcon: fxgl_icon.png
18:38:04.586 [FXGL Background Thread 3 ] DEBUG Engine               - applicationMode: DEVELOPER
18:38:04.586 [FXGL Background Thread 3 ] DEBUG Engine               - cSSList: [fxgl_dark.css]
18:38:04.586 [FXGL Background Thread 3 ] DEBUG Engine               - collisionDetectionStrategy: BRUTE_FORCE
18:38:04.586 [FXGL Background Thread 3 ] DEBUG Engine               - configClass: Optional.empty
18:38:04.586 [FXGL Background Thread 3 ] DEBUG Engine               - credits: []
18:38:04.586 [FXGL Background Thread 3 ] DEBUG Engine               - defaultCursor: CursorInfo(imageName=fxgl_default_cursor.png, hotspotX=7.0, hotspotY=6.0)
18:38:04.587 [FXGL Background Thread 3 ] DEBUG Engine               - devBBoxColorProperty: ObjectProperty [value: 0xff0000ff]
18:38:04.587 [FXGL Background Thread 3 ] DEBUG Engine               - devEnableDebugCameraProperty: BooleanProperty [value: false]
18:38:04.587 [FXGL Background Thread 3 ] DEBUG Engine               - devSensorColorProperty: ObjectProperty [value: 0xffff00ff]
18:38:04.587 [FXGL Background Thread 3 ] DEBUG Engine               - devShowBBoxProperty: BooleanProperty [value: false]
18:38:04.587 [FXGL Background Thread 3 ] DEBUG Engine               - devShowPositionProperty: BooleanProperty [value: false]
18:38:04.587 [FXGL Background Thread 3 ] DEBUG Engine               - enabledMenuItems: []
18:38:04.587 [FXGL Background Thread 3 ] DEBUG Engine               - engineServices: [class com.almasb.fxgl.app.services.FXGLAssetLoaderService, class com.almasb.fxgl.app.FXGLApplication$GameApplicationService, class com.almasb.fxgl.app.services.FXGLDialogService, class com.almasb.fxgl.app.services.IOTaskExecutorService, class com.almasb.fxgl.io.FileSystemService, class com.almasb.fxgl.localization.LocalizationService, class com.almasb.fxgl.app.services.SystemBundleService, class com.almasb.fxgl.profile.SaveLoadService, class com.almasb.fxgl.ui.FXGLUIFactoryServiceProvider, class com.almasb.fxgl.ui.FXGLDialogFactoryServiceProvider, class com.almasb.fxgl.audio.AudioPlayer, class com.almasb.fxgl.notification.impl.NotificationServiceProvider, class com.almasb.fxgl.achievement.AchievementService, class com.almasb.fxgl.cutscene.CutsceneService, class com.almasb.fxgl.minigames.MiniGameService, class com.almasb.fxgl.net.NetService, class com.almasb.fxgl.app.services.UpdaterService, class com.almasb.fxgl.dev.DevService]
18:38:04.587 [FXGL Background Thread 3 ] DEBUG Engine               - fontGame: Abel-Regular.ttf
18:38:04.587 [FXGL Background Thread 3 ] DEBUG Engine               - fontMono: TerminalLandMono-Regular.otf
18:38:04.587 [FXGL Background Thread 3 ] DEBUG Engine               - fontText: Courier-Prime.ttf
18:38:04.587 [FXGL Background Thread 3 ] DEBUG Engine               - fontUI: VarelaRound-Regular.ttf
18:38:04.587 [FXGL Background Thread 3 ] DEBUG Engine               - fullScreen: BooleanProperty [value: false]
18:38:04.587 [FXGL Background Thread 3 ] DEBUG Engine               - gameDifficulty: MEDIUM
18:38:04.587 [FXGL Background Thread 3 ] DEBUG Engine               - gameDifficultyProperty: ObjectProperty [value: MEDIUM]
18:38:04.587 [FXGL Background Thread 3 ] DEBUG Engine               - globalMusicVolume: 0.5
18:38:04.587 [FXGL Background Thread 3 ] DEBUG Engine               - globalMusicVolumeProperty: DoubleProperty [value: 0.25]
18:38:04.587 [FXGL Background Thread 3 ] DEBUG Engine               - globalSoundVolume: 0.5
18:38:04.587 [FXGL Background Thread 3 ] DEBUG Engine               - globalSoundVolumeProperty: DoubleProperty [value: 0.5]
18:38:04.587 [FXGL Background Thread 3 ] DEBUG Engine               - height: 720
18:38:04.587 [FXGL Background Thread 3 ] DEBUG Engine               - is3D: false
18:38:04.587 [FXGL Background Thread 3 ] DEBUG Engine               - isAndroid: false
18:38:04.587 [FXGL Background Thread 3 ] DEBUG Engine               - isBrowser: false
18:38:04.587 [FXGL Background Thread 3 ] DEBUG Engine               - isClickFeedbackEnabled: false
18:38:04.587 [FXGL Background Thread 3 ] DEBUG Engine               - isCloseConfirmation: false
18:38:04.588 [FXGL Background Thread 3 ] DEBUG Engine               - isDesktop: true
18:38:04.588 [FXGL Background Thread 3 ] DEBUG Engine               - isDeveloperMenuEnabled: false
18:38:04.588 [FXGL Background Thread 3 ] DEBUG Engine               - isEmbedded: false
18:38:04.588 [FXGL Background Thread 3 ] DEBUG Engine               - isEntityPreloadEnabled: true
18:38:04.588 [FXGL Background Thread 3 ] DEBUG Engine               - isExperimentalTiledLargeMap: false
18:38:04.588 [FXGL Background Thread 3 ] DEBUG Engine               - isFileSystemWriteAllowed: true
18:38:04.588 [FXGL Background Thread 3 ] DEBUG Engine               - isFullScreenAllowed: false
18:38:04.588 [FXGL Background Thread 3 ] DEBUG Engine               - isFullScreenFromStart: false
18:38:04.588 [FXGL Background Thread 3 ] DEBUG Engine               - isGameMenuEnabled: true
18:38:04.588 [FXGL Background Thread 3 ] DEBUG Engine               - isIOS: false
18:38:04.588 [FXGL Background Thread 3 ] DEBUG Engine               - isIntroEnabled: false
18:38:04.588 [FXGL Background Thread 3 ] DEBUG Engine               - isLinux: false
18:38:04.588 [FXGL Background Thread 3 ] DEBUG Engine               - isMac: false
18:38:04.588 [FXGL Background Thread 3 ] DEBUG Engine               - isMainMenuEnabled: true
18:38:04.588 [FXGL Background Thread 3 ] DEBUG Engine               - isManualResizeEnabled: false
18:38:04.588 [FXGL Background Thread 3 ] DEBUG Engine               - isMobile: false
18:38:04.588 [FXGL Background Thread 3 ] DEBUG Engine               - isNative: false
18:38:04.588 [FXGL Background Thread 3 ] DEBUG Engine               - isPauseMusicWhenMinimized: true
18:38:04.588 [FXGL Background Thread 3 ] DEBUG Engine               - isPreserveResizeRatio: false
18:38:04.588 [FXGL Background Thread 3 ] DEBUG Engine               - isProfilingEnabled: false
18:38:04.588 [FXGL Background Thread 3 ] DEBUG Engine               - isScaleAffectedOnResize: true
18:38:04.588 [FXGL Background Thread 3 ] DEBUG Engine               - isSingleStep: false
18:38:04.588 [FXGL Background Thread 3 ] DEBUG Engine               - isUserProfileEnabled: false
18:38:04.588 [FXGL Background Thread 3 ] DEBUG Engine               - isWindows: true
18:38:04.588 [FXGL Background Thread 3 ] DEBUG Engine               - language: ObjectProperty [value: ENGLISH]
18:38:04.588 [FXGL Background Thread 3 ] DEBUG Engine               - menuKey: ESCAPE
18:38:04.588 [FXGL Background Thread 3 ] DEBUG Engine               - mouseSensitivity: 0.2
18:38:04.588 [FXGL Background Thread 3 ] DEBUG Engine               - notificationViewClass: class com.almasb.fxgl.notification.view.XboxNotificationView
18:38:04.588 [FXGL Background Thread 3 ] DEBUG Engine               - pixelsPerMeter: 50.0
18:38:04.588 [FXGL Background Thread 3 ] DEBUG Engine               - platform: WINDOWS
18:38:04.588 [FXGL Background Thread 3 ] DEBUG Engine               - prefHeightProperty: ReadOnlyDoubleProperty [value: 720.0]
18:38:04.589 [FXGL Background Thread 3 ] DEBUG Engine               - prefWidthProperty: ReadOnlyDoubleProperty [value: 1280.0]
18:38:04.589 [FXGL Background Thread 3 ] DEBUG Engine               - profileDir: profiles/
18:38:04.589 [FXGL Background Thread 3 ] DEBUG Engine               - profileName: StringProperty [value: DEFAULT]
18:38:04.589 [FXGL Background Thread 3 ] DEBUG Engine               - randomSeed: -1
18:38:04.589 [FXGL Background Thread 3 ] DEBUG Engine               - runtimeInfo: RuntimeInfo(platform=WINDOWS, version=17.2, build=20.08.2022 16.50)
18:38:04.589 [FXGL Background Thread 3 ] DEBUG Engine               - saveFileExt: sav
18:38:04.589 [FXGL Background Thread 3 ] DEBUG Engine               - scaledHeightProp$fxgl: DoubleProperty [bound, value: 720.0]
18:38:04.589 [FXGL Background Thread 3 ] DEBUG Engine               - scaledWidthProp$fxgl: DoubleProperty [bound, value: 1280.0]
18:38:04.589 [FXGL Background Thread 3 ] DEBUG Engine               - sceneFactory: com.almasb.fxgl.app.scene.SceneFactory@25da93f
18:38:04.589 [FXGL Background Thread 3 ] DEBUG Engine               - secondsIn24h: 60
18:38:04.589 [FXGL Background Thread 3 ] DEBUG Engine               - soundMenuBack: menu/back.wav
18:38:04.589 [FXGL Background Thread 3 ] DEBUG Engine               - soundMenuPress: menu/press.wav
18:38:04.589 [FXGL Background Thread 3 ] DEBUG Engine               - soundMenuSelect: menu/select.wav
18:38:04.589 [FXGL Background Thread 3 ] DEBUG Engine               - soundNotification: core/notification.wav
18:38:04.589 [FXGL Background Thread 3 ] DEBUG Engine               - stageStyle: DECORATED
18:38:04.589 [FXGL Background Thread 3 ] DEBUG Engine               - supportedLanguages: [ENGLISH, FRENCH, GERMAN, HUNGARIAN, RUSSIAN]
18:38:04.589 [FXGL Background Thread 3 ] DEBUG Engine               - ticksPerSecond: -1
18:38:04.589 [FXGL Background Thread 3 ] DEBUG Engine               - title: Untitled
18:38:04.589 [FXGL Background Thread 3 ] DEBUG Engine               - urlGithub: https://github.com/AlmasB/FXGL
18:38:04.589 [FXGL Background Thread 3 ] DEBUG Engine               - urlLeaderboard: http://fxgl-top.herokuapp.com/
18:38:04.589 [FXGL Background Thread 3 ] DEBUG Engine               - urlPOM: https://raw.githubusercontent.com/AlmasB/FXGL/release/README.md
18:38:04.589 [FXGL Background Thread 3 ] DEBUG Engine               - userAppClass: class com.sunsofgod.PlatformerApp
18:38:04.589 [FXGL Background Thread 3 ] DEBUG Engine               - version: 0.0
18:38:04.589 [FXGL Background Thread 3 ] DEBUG Engine               - versionCheckDays: 7
18:38:04.590 [FXGL Background Thread 3 ] DEBUG Engine               - width: 1280
18:38:04.590 [FXGL Background Thread 3 ] DEBUG Engine               - Logging services
18:38:04.590 [FXGL Background Thread 3 ] DEBUG Engine               - class com.almasb.fxgl.app.services.FXGLAssetLoaderService
18:38:04.590 [FXGL Background Thread 3 ] DEBUG Engine               - class com.almasb.fxgl.app.FXGLApplication$GameApplicationService
18:38:04.590 [FXGL Background Thread 3 ] DEBUG Engine               - class com.almasb.fxgl.app.services.FXGLDialogService
18:38:04.590 [FXGL Background Thread 3 ] DEBUG Engine               - class com.almasb.fxgl.app.services.IOTaskExecutorService
18:38:04.590 [FXGL Background Thread 3 ] DEBUG Engine               - class com.almasb.fxgl.io.FileSystemService
18:38:04.590 [FXGL Background Thread 3 ] DEBUG Engine               - class com.almasb.fxgl.localization.LocalizationService
18:38:04.590 [FXGL Background Thread 3 ] DEBUG Engine               - class com.almasb.fxgl.app.services.SystemBundleService
18:38:04.590 [FXGL Background Thread 3 ] DEBUG Engine               - class com.almasb.fxgl.profile.SaveLoadService
18:38:04.590 [FXGL Background Thread 3 ] DEBUG Engine               - class com.almasb.fxgl.ui.FXGLUIFactoryServiceProvider
18:38:04.590 [FXGL Background Thread 3 ] DEBUG Engine               - class com.almasb.fxgl.ui.FXGLDialogFactoryServiceProvider
18:38:04.590 [FXGL Background Thread 3 ] DEBUG Engine               - class com.almasb.fxgl.audio.AudioPlayer
18:38:04.590 [FXGL Background Thread 3 ] DEBUG Engine               - class com.almasb.fxgl.notification.impl.NotificationServiceProvider
18:38:04.590 [FXGL Background Thread 3 ] DEBUG Engine               - class com.almasb.fxgl.achievement.AchievementService
18:38:04.590 [FXGL Background Thread 3 ] DEBUG Engine               - class com.almasb.fxgl.cutscene.CutsceneService
18:38:04.590 [FXGL Background Thread 3 ] DEBUG Engine               - class com.almasb.fxgl.minigames.MiniGameService
18:38:04.590 [FXGL Background Thread 3 ] DEBUG Engine               - class com.almasb.fxgl.net.NetService
18:38:04.590 [FXGL Background Thread 3 ] DEBUG Engine               - class com.almasb.fxgl.app.services.UpdaterService
18:38:04.590 [FXGL Background Thread 3 ] DEBUG Engine               - class com.almasb.fxgl.dev.DevService
18:38:23.180 [JavaFX Application Thread] DEBUG FXGLAssetLoaderServi - Loading from file system: file:/C:/Users/Admin/Downloads/JavaFXGame/target/classes/assets/textures/exit_sign.png
18:38:24.397 [JavaFX Application Thread] WARN  TMXLevelLoader       - TiledMap generated from 1.11.0. Supported version: 1.9.0. Some features may not be parsed fully.
18:38:24.400 [JavaFX Application Thread] DEBUG TMXLevelLoader       - Parsed TiledMap: file:/C:/Users/Admin/Downloads/JavaFXGame/target/classes/assets/levels/tmx/level2.tmx
18:38:24.400 [JavaFX Application Thread] DEBUG TMXLevelLoader       - Creating tile layer entities
18:38:24.401 [JavaFX Application Thread] DEBUG TilesetLoader        - Loading view for layer Tile Layer 1
18:38:24.402 [JavaFX Application Thread] DEBUG TilesetLoader        - Created buffer with size 2100.0x700.0
18:38:24.443 [JavaFX Application Thread] DEBUG TMXLevelLoader       - Creating object layer entities
18:38:24.447 [JavaFX Application Thread] DEBUG GameWorld            - Clearing removable entities
18:38:24.450 [JavaFX Application Thread] DEBUG GameWorld            - Setting level: com.almasb.fxgl.entity.level.Level@5a66cb2a
18:38:46.461 [JavaFX Application Thread] WARN  TMXLevelLoader       - TiledMap generated from 1.2.3. Supported version: 1.9.0. Some features may not be parsed fully.
18:38:46.463 [JavaFX Application Thread] DEBUG TMXLevelLoader       - Parsed TiledMap: file:/C:/Users/Admin/Downloads/JavaFXGame/target/classes/assets/levels/tmx/level3.tmx
18:38:46.463 [JavaFX Application Thread] DEBUG TMXLevelLoader       - Creating tile layer entities
18:38:46.464 [JavaFX Application Thread] DEBUG TilesetLoader        - Loading view for layer Tile Layer 1
18:38:46.464 [JavaFX Application Thread] DEBUG TilesetLoader        - Created buffer with size 1050.0x700.0
18:38:46.475 [JavaFX Application Thread] DEBUG TMXLevelLoader       - Creating object layer entities
18:38:46.478 [JavaFX Application Thread] DEBUG GameWorld            - Clearing removable entities
18:38:46.480 [JavaFX Application Thread] DEBUG GameWorld            - Setting level: com.almasb.fxgl.entity.level.Level@5a13be32
18:38:51.492 [JavaFX Application Thread] DEBUG FXGLApplication      - Exiting FXGL
18:38:51.492 [JavaFX Application Thread] DEBUG LoopRunner           - Stopping loop
18:38:51.492 [JavaFX Application Thread] DEBUG SystemBundleService  - Saving FXGL system data
18:38:51.494 [JavaFX Application Thread] DEBUG FileSystemAccess     - Writing to: C:\Users\Admin\Downloads\JavaFXGame\system\fxgl.bundle
18:38:51.496 [JavaFX Application Thread] DEBUG Async                - Shutting down background threads
18:38:51.496 [JavaFX Application Thread] DEBUG PrimaryStageWindow   - Closing main window
18:38:51.506 [JavaFX Application Thread] DEBUG Logger               - Closing Logger
