15:28:25.154 [main                     ] DEBUG Logger               - Configured Logger
15:28:25.191 [main                     ] DEBUG GameApplication      - Logging settings
Title: Untitled
Version: 0.0
Width: 1280
Height: 720
Fullscreen: false
Intro: false
Profiling: false
Single step:false
App Mode: DEVELOPER
Menu Key: ESCAPE
Stage Style: DECORATED
Scene Factory: class com.sunsofgod.PlatformerApp$1

15:28:25.565 [JavaFX Application Thread] DEBUG FXGLApplication      - Initializing FXGL
15:28:25.572 [JavaFX Application Thread] INFO  Engine               - FXGL-17.2 (20.08.2022 16.50) on WINDOWS (J:17.0.11 FX:17.0.12)
15:28:25.574 [JavaFX Application Thread] DEBUG Engine               - JRE Vendor Name: Eclipse Adoptium
15:28:25.574 [JavaFX Application Thread] DEBUG Engine               - Running on OS: Windows 11 version 10.0
15:28:25.574 [JavaFX Application Thread] DEBUG Engine               - Architecture: amd64
15:28:25.574 [JavaFX Application Thread] INFO  Engine               - Source code and latest versions at: https://github.com/AlmasB/FXGL
15:28:25.574 [JavaFX Application Thread] INFO  Engine               -       Ask questions and discuss at: https://github.com/AlmasB/FXGL/discussions
15:28:25.575 [JavaFX Application Thread] INFO  Engine               -              Join the FXGL chat at: https://gitter.im/AlmasB/FXGL
15:28:25.677 [JavaFX Application Thread] DEBUG PrimaryStageWindow   - Creating a JavaFX scene
15:28:25.738 [JavaFX Application Thread] DEBUG PrimaryStageWindow   - Target settings size: 1280.0 x 720.0
15:28:25.739 [JavaFX Application Thread] DEBUG PrimaryStageWindow   - Scaled scene size:    1280.0 x 720.0
15:28:25.740 [JavaFX Application Thread] DEBUG PrimaryStageWindow   - Scaled ratio: (1.0, 1.0)
15:28:25.741 [JavaFX Application Thread] DEBUG PrimaryStageWindow   - Set initial scene to FXGLStartupScene
15:28:25.749 [JavaFX Application Thread] DEBUG PrimaryStageWindow   - Opening main window
15:28:25.852 [JavaFX Application Thread] DEBUG PrimaryStageWindow   - Window border size: (14.4000244140625, 37.5999755859375)
15:28:25.852 [JavaFX Application Thread] DEBUG PrimaryStageWindow   - Scaled size: 1280.0 x 720.0
15:28:25.852 [JavaFX Application Thread] DEBUG PrimaryStageWindow   - Scaled ratio: (1.0, 1.0)
15:28:25.852 [JavaFX Application Thread] DEBUG PrimaryStageWindow   - Scene size: 1280.0 x 720.0
15:28:25.852 [JavaFX Application Thread] DEBUG PrimaryStageWindow   - Stage size: 1294.4000244140625 x 757.5999755859375
15:28:25.864 [FXGL Background Thread 1 ] DEBUG Engine               - Initializing environment variables
15:28:25.920 [FXGL Background Thread 1 ] DEBUG FXGLAssetLoaderServi - User app class for loading assets: class com.sunsofgod.PlatformerApp
15:28:25.920 [FXGL Background Thread 1 ] DEBUG GameApplicationServi - Applying CSS: fxgl_dark.css
15:28:25.925 [FXGL Background Thread 1 ] DEBUG FXGLAssetLoaderServi - Loading from file system: jar:file:///C:/Users/Patrick/.m2/repository/com/github/almasb/fxgl/17.2/fxgl-17.2.jar!/fxglassets/ui/css/fxgl_dark.css
15:28:25.972 [FXGL Background Thread 1 ] DEBUG GameApplicationServi - Initializing application scenes
15:28:26.041 [FXGL Background Thread 1 ] WARN  FXGLAssetLoaderServi - Asset "/assets/textures/player.png" was not found!
15:28:26.042 [FXGL Background Thread 1 ] WARN  FXGLAssetLoaderServi - Failed to load IMAGE
15:28:26.086 [FXGL Background Thread 1 ] DEBUG GameWorld            - Game world initialized
15:28:26.134 [FXGL Background Thread 1 ] DEBUG PhysicsWorld         - Physics world initialized: appHeight=720, physics.ppm=50.0
15:28:26.135 [FXGL Background Thread 1 ] DEBUG PhysicsWorld         - Using strategy: BRUTE_FORCE
15:28:26.142 [FXGL Background Thread 1 ] DEBUG GameScene            - Game scene initialized: 1280x720
15:28:26.398 [FXGL Background Thread 1 ] DEBUG FXGL.DefaultMenu     - createMenuBodyGameMenu()
15:28:26.411 [FXGL Background Thread 1 ] DEBUG FXGL.DefaultMenu     - createOptionsMenu()
15:28:26.421 [FXGL Background Thread 1 ] DEBUG FXGLAssetLoaderServi - Loading from file system: jar:file:///C:/Users/Patrick/.m2/repository/com/github/almasb/fxgl/17.2/fxgl-17.2.jar!/fxglassets/textures/particles/smoke.png
15:28:26.485 [FXGL Background Thread 1 ] DEBUG FXGLAssetLoaderServi - Loading from file system: jar:file:///C:/Users/Patrick/.m2/repository/com/github/almasb/fxgl/17.2/fxgl-17.2.jar!/fxglassets/textures/particles/trace_horizontal.png
15:28:26.498 [FXGL Background Thread 1 ] DEBUG GameApplicationServi - Application scenes initialized
15:28:26.521 [FXGL Background Thread 1 ] DEBUG SystemBundleService  - Loading FXGL system data
15:28:26.539 [FXGL Background Thread 1 ] DEBUG FileSystemAccess     - Reading from: C:\Users\Patrick\Desktop\Remote Repositories\JavaFXGame\system\fxgl.bundle
15:28:26.561 [FXGL Background Thread 1 ] DEBUG SystemBundleService  - Bundle FXGL: {}
15:28:26.563 [FXGL Background Thread 1 ] DEBUG UpdaterService       - Checking for updates
15:28:26.649 [FXGL Background Thread 4 ] DEBUG FXGLApplication      - Loading fonts
15:28:26.651 [FXGL Background Thread 4 ] DEBUG FXGLAssetLoaderServi - Loading from file system: jar:file:///C:/Users/Patrick/.m2/repository/com/github/almasb/fxgl/17.2/fxgl-17.2.jar!/fxglassets/ui/fonts/VarelaRound-Regular.ttf
15:28:26.652 [FXGL Background Thread 1 ] DEBUG FXGLApplication      - Loading default localization
15:28:26.654 [FXGL Background Thread 1 ] DEBUG FXGLAssetLoaderServi - Loading from file system: jar:file:///C:/Users/Patrick/.m2/repository/com/github/almasb/fxgl/17.2/fxgl-17.2.jar!/fxglassets/languages/english.lang
15:28:26.697 [FXGL Background Thread 1 ] INFO  FXGLApplication      - FXGL initialization took: 0.833 sec
15:28:26.700 [JavaFX Application Thread] DEBUG FXGLAssetLoaderServi - Loading from file system: jar:file:///C:/Users/Patrick/.m2/repository/com/github/almasb/fxgl/17.2/fxgl-17.2.jar!/fxglassets/textures/fxgl_icon.png
15:28:26.716 [JavaFX Application Thread] DEBUG FXGLAssetLoaderServi - Loading from file system: jar:file:///C:/Users/Patrick/.m2/repository/com/github/almasb/fxgl/17.2/fxgl-17.2.jar!/fxglassets/textures/fxgl_default_cursor.png
15:28:26.746 [JavaFX Application Thread] DEBUG Input                - Registered new binding: Screenshot - CTRL+8
15:28:26.749 [JavaFX Application Thread] DEBUG Input                - Registered new binding: Dev Options - 1
15:28:26.751 [JavaFX Application Thread] DEBUG Input                - Registered new binding: Dev Console - 2
15:28:26.751 [JavaFX Application Thread] DEBUG Input                - Registered new binding: System info dump - CTRL+9
15:28:26.752 [JavaFX Application Thread] DEBUG Input                - Registered new binding: Restart - CTRL+R
15:28:26.754 [JavaFX Application Thread] DEBUG Input                - Registered new binding: Toggle Debug Camera - CTRL+7
15:28:26.761 [JavaFX Application Thread] DEBUG LoopRunner           - Starting loop
15:28:26.816 [FXGL Background Thread 4 ] DEBUG FXGLAssetLoaderServi - Loading from file system: jar:file:///C:/Users/Patrick/.m2/repository/com/github/almasb/fxgl/17.2/fxgl-17.2.jar!/fxglassets/ui/fonts/Abel-Regular.ttf
15:28:26.829 [JavaFX Application Thread] DEBUG LoopRunner           - Initializing JavaFX AnimationTimerLoop
15:28:26.834 [JavaFX Application Thread] DEBUG Input                - Clearing active input actions
15:28:26.845 [JavaFX Application Thread] DEBUG GameApplicationServi - Removing overlay from FXGLStartupScene and adding to FXGLMainMenuDummyScene
15:28:26.853 [FXGL Background Thread 4 ] DEBUG FXGLAssetLoaderServi - Loading from file system: jar:file:///C:/Users/Patrick/.m2/repository/com/github/almasb/fxgl/17.2/fxgl-17.2.jar!/fxglassets/ui/fonts/TerminalLandMono-Regular.otf
15:28:26.854 [JavaFX Application Thread] DEBUG PrimaryStageWindow   - FXGLStartupScene -> FXGLMainMenuDummyScene
15:28:26.855 [JavaFX Application Thread] DEBUG PrimaryStageWindow   - Push state: RiderMainMenuScene
15:28:26.855 [JavaFX Application Thread] DEBUG Input                - Clearing active input actions
15:28:26.865 [JavaFX Application Thread] DEBUG GameApplicationServi - Removing overlay from FXGLMainMenuDummyScene and adding to RiderMainMenuScene
15:28:26.867 [JavaFX Application Thread] DEBUG PrimaryStageWindow   - FXGLMainMenuDummyScene -> RiderMainMenuScene
15:28:26.877 [FXGL Background Thread 4 ] DEBUG FXGLAssetLoaderServi - Loading from file system: jar:file:///C:/Users/Patrick/.m2/repository/com/github/almasb/fxgl/17.2/fxgl-17.2.jar!/fxglassets/ui/fonts/Courier-Prime.ttf
15:28:27.157 [JavaFX Application Thread] DEBUG FXGLApplication      - Registering font factories with UI factory
15:28:27.211 [FXGL Background Thread 2 ] INFO  UpdaterService       - Your current version:  17.2
15:28:27.212 [FXGL Background Thread 2 ] INFO  UpdaterService       - Latest stable version: 21.1
15:28:28.054 [JavaFX Application Thread] DEBUG PrimaryStageWindow   - Push state: PlayerSelectScene
15:28:28.055 [JavaFX Application Thread] DEBUG Input                - Clearing active input actions
15:28:28.056 [JavaFX Application Thread] DEBUG GameApplicationServi - Removing overlay from RiderMainMenuScene and adding to PlayerSelectScene
15:28:28.058 [JavaFX Application Thread] DEBUG PrimaryStageWindow   - RiderMainMenuScene -> PlayerSelectScene
15:28:29.619 [JavaFX Application Thread] DEBUG PrimaryStageWindow   - Push state: LevelSelectScene
15:28:29.619 [JavaFX Application Thread] DEBUG Input                - Clearing active input actions
15:28:29.620 [JavaFX Application Thread] DEBUG GameApplicationServi - Removing overlay from PlayerSelectScene and adding to LevelSelectScene
15:28:29.623 [JavaFX Application Thread] DEBUG PrimaryStageWindow   - PlayerSelectScene -> LevelSelectScene
15:28:29.630 [FXGL Background Thread 3 ] DEBUG Engine               - Logging environment variables
15:28:29.630 [FXGL Background Thread 3 ] DEBUG Engine               - achievements: []
15:28:29.631 [FXGL Background Thread 3 ] DEBUG Engine               - actualHeight: 720.0
15:28:29.631 [FXGL Background Thread 3 ] DEBUG Engine               - actualHeightProperty: ReadOnlyDoubleProperty [value: 720.0]
15:28:29.631 [FXGL Background Thread 3 ] DEBUG Engine               - actualWidth: 1280.0
15:28:29.631 [FXGL Background Thread 3 ] DEBUG Engine               - actualWidthProperty: ReadOnlyDoubleProperty [value: 1280.0]
15:28:29.631 [FXGL Background Thread 3 ] DEBUG Engine               - appIcon: fxgl_icon.png
15:28:29.631 [FXGL Background Thread 3 ] DEBUG Engine               - applicationMode: DEVELOPER
15:28:29.631 [FXGL Background Thread 3 ] DEBUG Engine               - cSSList: [fxgl_dark.css]
15:28:29.631 [FXGL Background Thread 3 ] DEBUG Engine               - collisionDetectionStrategy: BRUTE_FORCE
15:28:29.631 [FXGL Background Thread 3 ] DEBUG Engine               - configClass: Optional.empty
15:28:29.631 [FXGL Background Thread 3 ] DEBUG Engine               - credits: []
15:28:29.632 [FXGL Background Thread 3 ] DEBUG Engine               - defaultCursor: CursorInfo(imageName=fxgl_default_cursor.png, hotspotX=7.0, hotspotY=6.0)
15:28:29.632 [FXGL Background Thread 3 ] DEBUG Engine               - devBBoxColorProperty: ObjectProperty [value: 0xff0000ff]
15:28:29.632 [FXGL Background Thread 3 ] DEBUG Engine               - devEnableDebugCameraProperty: BooleanProperty [value: false]
15:28:29.632 [FXGL Background Thread 3 ] DEBUG Engine               - devSensorColorProperty: ObjectProperty [value: 0xffff00ff]
15:28:29.633 [FXGL Background Thread 3 ] DEBUG Engine               - devShowBBoxProperty: BooleanProperty [value: false]
15:28:29.633 [FXGL Background Thread 3 ] DEBUG Engine               - devShowPositionProperty: BooleanProperty [value: false]
15:28:29.633 [FXGL Background Thread 3 ] DEBUG Engine               - enabledMenuItems: []
15:28:29.633 [FXGL Background Thread 3 ] DEBUG Engine               - engineServices: [class com.almasb.fxgl.app.services.FXGLAssetLoaderService, class com.almasb.fxgl.app.FXGLApplication$GameApplicationService, class com.almasb.fxgl.app.services.FXGLDialogService, class com.almasb.fxgl.app.services.IOTaskExecutorService, class com.almasb.fxgl.io.FileSystemService, class com.almasb.fxgl.localization.LocalizationService, class com.almasb.fxgl.app.services.SystemBundleService, class com.almasb.fxgl.profile.SaveLoadService, class com.almasb.fxgl.ui.FXGLUIFactoryServiceProvider, class com.almasb.fxgl.ui.FXGLDialogFactoryServiceProvider, class com.almasb.fxgl.audio.AudioPlayer, class com.almasb.fxgl.notification.impl.NotificationServiceProvider, class com.almasb.fxgl.achievement.AchievementService, class com.almasb.fxgl.cutscene.CutsceneService, class com.almasb.fxgl.minigames.MiniGameService, class com.almasb.fxgl.net.NetService, class com.almasb.fxgl.app.services.UpdaterService, class com.almasb.fxgl.dev.DevService]
15:28:29.633 [FXGL Background Thread 3 ] DEBUG Engine               - fontGame: Abel-Regular.ttf
15:28:29.633 [FXGL Background Thread 3 ] DEBUG Engine               - fontMono: TerminalLandMono-Regular.otf
15:28:29.633 [FXGL Background Thread 3 ] DEBUG Engine               - fontText: Courier-Prime.ttf
15:28:29.633 [FXGL Background Thread 3 ] DEBUG Engine               - fontUI: VarelaRound-Regular.ttf
15:28:29.633 [FXGL Background Thread 3 ] DEBUG Engine               - fullScreen: BooleanProperty [value: false]
15:28:29.633 [FXGL Background Thread 3 ] DEBUG Engine               - gameDifficulty: MEDIUM
15:28:29.633 [FXGL Background Thread 3 ] DEBUG Engine               - gameDifficultyProperty: ObjectProperty [value: MEDIUM]
15:28:29.633 [FXGL Background Thread 3 ] DEBUG Engine               - globalMusicVolume: 0.5
15:28:29.634 [FXGL Background Thread 3 ] DEBUG Engine               - globalMusicVolumeProperty: DoubleProperty [value: 0.25]
15:28:29.634 [FXGL Background Thread 3 ] DEBUG Engine               - globalSoundVolume: 0.5
15:28:29.634 [FXGL Background Thread 3 ] DEBUG Engine               - globalSoundVolumeProperty: DoubleProperty [value: 0.5]
15:28:29.634 [FXGL Background Thread 3 ] DEBUG Engine               - height: 720
15:28:29.634 [FXGL Background Thread 3 ] DEBUG Engine               - is3D: false
15:28:29.634 [FXGL Background Thread 3 ] DEBUG Engine               - isAndroid: false
15:28:29.634 [FXGL Background Thread 3 ] DEBUG Engine               - isBrowser: false
15:28:29.634 [FXGL Background Thread 3 ] DEBUG Engine               - isClickFeedbackEnabled: false
15:28:29.635 [FXGL Background Thread 3 ] DEBUG Engine               - isCloseConfirmation: false
15:28:29.635 [FXGL Background Thread 3 ] DEBUG Engine               - isDesktop: true
15:28:29.635 [FXGL Background Thread 3 ] DEBUG Engine               - isDeveloperMenuEnabled: true
15:28:29.635 [FXGL Background Thread 3 ] DEBUG Engine               - isEmbedded: false
15:28:29.635 [FXGL Background Thread 3 ] DEBUG Engine               - isEntityPreloadEnabled: true
15:28:29.635 [FXGL Background Thread 3 ] DEBUG Engine               - isExperimentalTiledLargeMap: false
15:28:29.635 [FXGL Background Thread 3 ] DEBUG Engine               - isFileSystemWriteAllowed: true
15:28:29.635 [FXGL Background Thread 3 ] DEBUG Engine               - isFullScreenAllowed: false
15:28:29.635 [FXGL Background Thread 3 ] DEBUG Engine               - isFullScreenFromStart: false
15:28:29.635 [FXGL Background Thread 3 ] DEBUG Engine               - isGameMenuEnabled: true
15:28:29.635 [FXGL Background Thread 3 ] DEBUG Engine               - isIOS: false
15:28:29.635 [FXGL Background Thread 3 ] DEBUG Engine               - isIntroEnabled: false
15:28:29.635 [FXGL Background Thread 3 ] DEBUG Engine               - isLinux: false
15:28:29.635 [FXGL Background Thread 3 ] DEBUG Engine               - isMac: false
15:28:29.635 [FXGL Background Thread 3 ] DEBUG Engine               - isMainMenuEnabled: true
15:28:29.635 [FXGL Background Thread 3 ] DEBUG Engine               - isManualResizeEnabled: false
15:28:29.635 [FXGL Background Thread 3 ] DEBUG Engine               - isMobile: false
15:28:29.635 [FXGL Background Thread 3 ] DEBUG Engine               - isNative: false
15:28:29.635 [FXGL Background Thread 3 ] DEBUG Engine               - isPauseMusicWhenMinimized: true
15:28:29.635 [FXGL Background Thread 3 ] DEBUG Engine               - isPreserveResizeRatio: false
15:28:29.635 [FXGL Background Thread 3 ] DEBUG Engine               - isProfilingEnabled: false
15:28:29.635 [FXGL Background Thread 3 ] DEBUG Engine               - isScaleAffectedOnResize: true
15:28:29.635 [FXGL Background Thread 3 ] DEBUG Engine               - isSingleStep: false
15:28:29.635 [FXGL Background Thread 3 ] DEBUG Engine               - isUserProfileEnabled: false
15:28:29.636 [FXGL Background Thread 3 ] DEBUG Engine               - isWindows: true
15:28:29.636 [FXGL Background Thread 3 ] DEBUG Engine               - language: ObjectProperty [value: ENGLISH]
15:28:29.636 [FXGL Background Thread 3 ] DEBUG Engine               - menuKey: ESCAPE
15:28:29.636 [FXGL Background Thread 3 ] DEBUG Engine               - mouseSensitivity: 0.2
15:28:29.636 [FXGL Background Thread 3 ] DEBUG Engine               - notificationViewClass: class com.almasb.fxgl.notification.view.XboxNotificationView
15:28:29.636 [FXGL Background Thread 3 ] DEBUG Engine               - pixelsPerMeter: 50.0
15:28:29.636 [FXGL Background Thread 3 ] DEBUG Engine               - platform: WINDOWS
15:28:29.636 [FXGL Background Thread 3 ] DEBUG Engine               - prefHeightProperty: ReadOnlyDoubleProperty [value: 720.0]
15:28:29.636 [FXGL Background Thread 3 ] DEBUG Engine               - prefWidthProperty: ReadOnlyDoubleProperty [value: 1280.0]
15:28:29.636 [FXGL Background Thread 3 ] DEBUG Engine               - profileDir: profiles/
15:28:29.636 [FXGL Background Thread 3 ] DEBUG Engine               - profileName: StringProperty [value: DEFAULT]
15:28:29.637 [FXGL Background Thread 3 ] DEBUG Engine               - randomSeed: -1
15:28:29.637 [FXGL Background Thread 3 ] DEBUG Engine               - runtimeInfo: RuntimeInfo(platform=WINDOWS, version=17.2, build=20.08.2022 16.50)
15:28:29.637 [FXGL Background Thread 3 ] DEBUG Engine               - saveFileExt: sav
15:28:29.637 [FXGL Background Thread 3 ] DEBUG Engine               - scaledHeightProp$fxgl: DoubleProperty [bound, value: 720.0]
15:28:29.637 [FXGL Background Thread 3 ] DEBUG Engine               - scaledWidthProp$fxgl: DoubleProperty [bound, value: 1280.0]
15:28:29.637 [FXGL Background Thread 3 ] DEBUG Engine               - sceneFactory: com.sunsofgod.PlatformerApp$1@53c6cee6
15:28:29.638 [FXGL Background Thread 3 ] DEBUG Engine               - secondsIn24h: 60
15:28:29.638 [FXGL Background Thread 3 ] DEBUG Engine               - soundMenuBack: menu/back.wav
15:28:29.638 [FXGL Background Thread 3 ] DEBUG Engine               - soundMenuPress: menu/press.wav
15:28:29.638 [FXGL Background Thread 3 ] DEBUG Engine               - soundMenuSelect: menu/select.wav
15:28:29.638 [FXGL Background Thread 3 ] DEBUG Engine               - soundNotification: core/notification.wav
15:28:29.639 [FXGL Background Thread 3 ] DEBUG Engine               - stageStyle: DECORATED
15:28:29.639 [FXGL Background Thread 3 ] DEBUG Engine               - supportedLanguages: [ENGLISH, FRENCH, GERMAN, HUNGARIAN, RUSSIAN]
15:28:29.639 [FXGL Background Thread 3 ] DEBUG Engine               - ticksPerSecond: -1
15:28:29.639 [FXGL Background Thread 3 ] DEBUG Engine               - title: Untitled
15:28:29.639 [FXGL Background Thread 3 ] DEBUG Engine               - urlGithub: https://github.com/AlmasB/FXGL
15:28:29.639 [FXGL Background Thread 3 ] DEBUG Engine               - urlLeaderboard: http://fxgl-top.herokuapp.com/
15:28:29.639 [FXGL Background Thread 3 ] DEBUG Engine               - urlPOM: https://raw.githubusercontent.com/AlmasB/FXGL/release/README.md
15:28:29.639 [FXGL Background Thread 3 ] DEBUG Engine               - userAppClass: class com.sunsofgod.PlatformerApp
15:28:29.639 [FXGL Background Thread 3 ] DEBUG Engine               - version: 0.0
15:28:29.639 [FXGL Background Thread 3 ] DEBUG Engine               - versionCheckDays: 7
15:28:29.639 [FXGL Background Thread 3 ] DEBUG Engine               - width: 1280
15:28:29.639 [FXGL Background Thread 3 ] DEBUG Engine               - Logging services
15:28:29.639 [FXGL Background Thread 3 ] DEBUG Engine               - class com.almasb.fxgl.app.services.FXGLAssetLoaderService
15:28:29.639 [FXGL Background Thread 3 ] DEBUG Engine               - class com.almasb.fxgl.app.FXGLApplication$GameApplicationService
15:28:29.639 [FXGL Background Thread 3 ] DEBUG Engine               - class com.almasb.fxgl.app.services.FXGLDialogService
15:28:29.639 [FXGL Background Thread 3 ] DEBUG Engine               - class com.almasb.fxgl.app.services.IOTaskExecutorService
15:28:29.639 [FXGL Background Thread 3 ] DEBUG Engine               - class com.almasb.fxgl.io.FileSystemService
15:28:29.639 [FXGL Background Thread 3 ] DEBUG Engine               - class com.almasb.fxgl.localization.LocalizationService
15:28:29.639 [FXGL Background Thread 3 ] DEBUG Engine               - class com.almasb.fxgl.app.services.SystemBundleService
15:28:29.639 [FXGL Background Thread 3 ] DEBUG Engine               - class com.almasb.fxgl.profile.SaveLoadService
15:28:29.639 [FXGL Background Thread 3 ] DEBUG Engine               - class com.almasb.fxgl.ui.FXGLUIFactoryServiceProvider
15:28:29.639 [FXGL Background Thread 3 ] DEBUG Engine               - class com.almasb.fxgl.ui.FXGLDialogFactoryServiceProvider
15:28:29.639 [FXGL Background Thread 3 ] DEBUG Engine               - class com.almasb.fxgl.audio.AudioPlayer
15:28:29.640 [FXGL Background Thread 3 ] DEBUG Engine               - class com.almasb.fxgl.notification.impl.NotificationServiceProvider
15:28:29.640 [FXGL Background Thread 3 ] DEBUG Engine               - class com.almasb.fxgl.achievement.AchievementService
15:28:29.640 [FXGL Background Thread 3 ] DEBUG Engine               - class com.almasb.fxgl.cutscene.CutsceneService
15:28:29.640 [FXGL Background Thread 3 ] DEBUG Engine               - class com.almasb.fxgl.minigames.MiniGameService
15:28:29.640 [FXGL Background Thread 3 ] DEBUG Engine               - class com.almasb.fxgl.net.NetService
15:28:29.640 [FXGL Background Thread 3 ] DEBUG Engine               - class com.almasb.fxgl.app.services.UpdaterService
15:28:29.640 [FXGL Background Thread 3 ] DEBUG Engine               - class com.almasb.fxgl.dev.DevService
15:28:30.796 [JavaFX Application Thread] DEBUG Menu                 - fireNewGame()
15:28:30.796 [JavaFX Application Thread] DEBUG GameApplicationServi - Starting new game
15:28:30.798 [JavaFX Application Thread] DEBUG PrimaryStageWindow   - Pop state: LevelSelectScene
15:28:30.799 [JavaFX Application Thread] DEBUG Input                - Clearing active input actions
15:28:30.799 [JavaFX Application Thread] DEBUG GameApplicationServi - Removing overlay from LevelSelectScene and adding to PlayerSelectScene
15:28:30.801 [JavaFX Application Thread] DEBUG PrimaryStageWindow   - PlayerSelectScene <- LevelSelectScene
15:28:30.801 [JavaFX Application Thread] DEBUG PrimaryStageWindow   - Pop state: PlayerSelectScene
15:28:30.801 [JavaFX Application Thread] DEBUG Input                - Clearing active input actions
15:28:30.802 [JavaFX Application Thread] DEBUG GameApplicationServi - Removing overlay from PlayerSelectScene and adding to RiderMainMenuScene
15:28:30.804 [JavaFX Application Thread] DEBUG PrimaryStageWindow   - RiderMainMenuScene <- PlayerSelectScene
15:28:30.804 [JavaFX Application Thread] DEBUG PrimaryStageWindow   - Pop state: RiderMainMenuScene
15:28:30.804 [JavaFX Application Thread] DEBUG Input                - Clearing active input actions
15:28:30.806 [JavaFX Application Thread] DEBUG GameApplicationServi - Removing overlay from RiderMainMenuScene and adding to FXGLMainMenuDummyScene
15:28:30.809 [JavaFX Application Thread] DEBUG PrimaryStageWindow   - FXGLMainMenuDummyScene <- RiderMainMenuScene
15:28:30.810 [JavaFX Application Thread] DEBUG Input                - Clearing active input actions
15:28:30.818 [JavaFX Application Thread] DEBUG GameApplicationServi - Removing overlay from FXGLMainMenuDummyScene and adding to MainLoadingScene
15:28:30.821 [JavaFX Application Thread] DEBUG PrimaryStageWindow   - FXGLMainMenuDummyScene -> MainLoadingScene
15:28:30.821 [JavaFX Application Thread] DEBUG GameApplicationServi - Clearing previous game
15:28:30.821 [JavaFX Application Thread] DEBUG GameScene            - Clearing game scene
15:28:30.821 [JavaFX Application Thread] DEBUG GameWorld            - Clearing game world
15:28:30.821 [JavaFX Application Thread] DEBUG PhysicsWorld         - Clearing physics world
15:28:30.823 [FXGL Background Thread 2 ] DEBUG FXGLApplication      - Initializing game
15:28:30.913 [FXGL Background Thread 2 ] WARN  TMXLevelLoader       - TiledMap generated from 1.11.0. Supported version: 1.9.0. Some features may not be parsed fully.
15:28:30.929 [FXGL Background Thread 2 ] DEBUG TMXLevelLoader       - Parsed TiledMap: file:/C:/Users/Patrick/Desktop/Remote%20Repositories/JavaFXGame/target/classes/assets/levels/tmx/level1.tmx
15:28:30.930 [FXGL Background Thread 2 ] DEBUG TMXLevelLoader       - Creating tile layer entities
15:28:30.932 [FXGL Background Thread 2 ] DEBUG TilesetLoader        - Loading view for layer Tile Layer 1
15:28:30.942 [FXGL Background Thread 2 ] DEBUG TilesetLoader        - Created buffer with size 2450.0x700.0
15:28:30.966 [FXGL Background Thread 2 ] DEBUG TMXLevelLoader       - Creating object layer entities
15:28:31.009 [FXGL Background Thread 2 ] DEBUG GameWorld            - Clearing removable entities
15:28:31.011 [FXGL Background Thread 2 ] DEBUG GameWorld            - Setting level: com.almasb.fxgl.entity.level.Level@c8b149f
15:28:31.026 [FXGL Background Thread 2 ] DEBUG FXGLAssetLoaderServi - Loading from file system: file:/C:/Users/Patrick/Desktop/Remote%20Repositories/JavaFXGame/target/classes/assets/textures/player1.png
15:28:31.058 [FXGL Background Thread 2 ] DEBUG Input                - Registered new binding: Jump0 - W
15:28:31.060 [FXGL Background Thread 2 ] DEBUG Input                - Registered new binding: Left0 - A
15:28:31.060 [FXGL Background Thread 2 ] DEBUG Input                - Registered new binding: Right0 - D
15:28:31.060 [FXGL Background Thread 2 ] DEBUG Input                - Registered new binding: Use0 - E
15:28:31.062 [FXGL Background Thread 2 ] DEBUG FXGLAssetLoaderServi - Loading from file system: file:/C:/Users/Patrick/Desktop/Remote%20Repositories/JavaFXGame/target/classes/assets/textures/background/manila.png
15:28:31.087 [FXGL Background Thread 2 ] INFO  FXGLApplication      - Game initialization took: 0.263 sec
15:28:31.092 [JavaFX Application Thread] DEBUG Input                - Clearing active input actions
15:28:31.097 [JavaFX Application Thread] DEBUG GameApplicationServi - Removing overlay from MainLoadingScene and adding to GameScene
15:28:31.099 [JavaFX Application Thread] DEBUG PrimaryStageWindow   - MainLoadingScene -> GameScene
15:28:33.281 [JavaFX Application Thread] DEBUG FXGLApplication      - Exiting FXGL
15:28:33.282 [JavaFX Application Thread] DEBUG LoopRunner           - Stopping loop
15:28:33.282 [JavaFX Application Thread] DEBUG SystemBundleService  - Saving FXGL system data
15:28:33.284 [JavaFX Application Thread] DEBUG FileSystemAccess     - Writing to: C:\Users\Patrick\Desktop\Remote Repositories\JavaFXGame\system\fxgl.bundle
15:28:33.288 [JavaFX Application Thread] DEBUG Async                - Shutting down background threads
15:28:33.288 [JavaFX Application Thread] DEBUG PrimaryStageWindow   - Closing main window
15:28:33.310 [JavaFX Application Thread] DEBUG Logger               - Closing Logger
