16:41:32.647 [main                     ] DEBUG Logger               - Configured Logger
16:41:32.659 [main                     ] DEBUG GameApplication      - Logging settings
Title: Untitled
Version: 0.0
Width: 1280
Height: 720
Fullscreen: false
Intro: false
Profiling: false
Single step:false
App Mode: DEVELOPER
Menu Key: ESCAPE
Stage Style: DECORATED
Scene Factory: class com.sunsofgod.PlatformerApp$1

16:41:32.863 [JavaFX Application Thread] DEBUG FXGLApplication      - Initializing FXGL
16:41:32.867 [JavaFX Application Thread] INFO  Engine               - FXGL-17.2 (20.08.2022 16.50) on WINDOWS (J:21.0.4 FX:17.0.12)
16:41:32.867 [JavaFX Application Thread] DEBUG Engine               - JRE Vendor Name: Eclipse Adoptium
16:41:32.867 [JavaFX Application Thread] DEBUG Engine               - Running on OS: Windows 11 version 10.0
16:41:32.867 [JavaFX Application Thread] DEBUG Engine               - Architecture: amd64
16:41:32.867 [JavaFX Application Thread] INFO  Engine               - Source code and latest versions at: https://github.com/AlmasB/FXGL
16:41:32.868 [JavaFX Application Thread] INFO  Engine               -       Ask questions and discuss at: https://github.com/AlmasB/FXGL/discussions
16:41:32.868 [JavaFX Application Thread] INFO  Engine               -              Join the FXGL chat at: https://gitter.im/AlmasB/FXGL
16:41:32.927 [JavaFX Application Thread] DEBUG PrimaryStageWindow   - Creating a JavaFX scene
16:41:32.955 [JavaFX Application Thread] DEBUG PrimaryStageWindow   - Target settings size: 1280.0 x 720.0
16:41:32.955 [JavaFX Application Thread] DEBUG PrimaryStageWindow   - Scaled scene size:    1280.0 x 720.0
16:41:32.955 [JavaFX Application Thread] DEBUG PrimaryStageWindow   - Scaled ratio: (1.0, 1.0)
16:41:32.956 [JavaFX Application Thread] DEBUG PrimaryStageWindow   - Set initial scene to FXGLStartupScene
16:41:32.959 [JavaFX Application Thread] DEBUG PrimaryStageWindow   - Opening main window
16:41:33.022 [JavaFX Application Thread] DEBUG PrimaryStageWindow   - Window border size: (14.4000244140625, 37.5999755859375)
16:41:33.023 [JavaFX Application Thread] DEBUG PrimaryStageWindow   - Scaled size: 1280.0 x 720.0
16:41:33.023 [JavaFX Application Thread] DEBUG PrimaryStageWindow   - Scaled ratio: (1.0, 1.0)
16:41:33.023 [JavaFX Application Thread] DEBUG PrimaryStageWindow   - Scene size: 1280.0 x 720.0
16:41:33.023 [JavaFX Application Thread] DEBUG PrimaryStageWindow   - Stage size: 1294.4000244140625 x 757.5999755859375
16:41:33.028 [FXGL Background Thread 1 ] DEBUG Engine               - Initializing environment variables
16:41:33.058 [FXGL Background Thread 1 ] DEBUG FXGLAssetLoaderServi - User app class for loading assets: class com.sunsofgod.PlatformerApp
16:41:33.060 [FXGL Background Thread 1 ] DEBUG GameApplicationServi - Applying CSS: fxgl_dark.css
16:41:33.060 [FXGL Background Thread 1 ] DEBUG FXGLAssetLoaderServi - Loading from file system: jar:file:///C:/Users/jamie/.m2/repository/com/github/almasb/fxgl/17.2/fxgl-17.2.jar!/fxglassets/ui/css/fxgl_dark.css
16:41:33.091 [FXGL Background Thread 1 ] DEBUG GameApplicationServi - Initializing application scenes
16:41:33.123 [FXGL Background Thread 1 ] WARN  FXGLAssetLoaderServi - Asset "/assets/textures/player.png" was not found!
16:41:33.124 [FXGL Background Thread 1 ] WARN  FXGLAssetLoaderServi - Failed to load IMAGE
16:41:33.151 [FXGL Background Thread 1 ] DEBUG GameWorld            - Game world initialized
16:41:33.185 [FXGL Background Thread 1 ] DEBUG PhysicsWorld         - Physics world initialized: appHeight=720, physics.ppm=50.0
16:41:33.185 [FXGL Background Thread 1 ] DEBUG PhysicsWorld         - Using strategy: BRUTE_FORCE
16:41:33.188 [FXGL Background Thread 1 ] DEBUG GameScene            - Game scene initialized: 1280x720
16:41:33.349 [FXGL Background Thread 1 ] DEBUG GameApplicationServi - Application scenes initialized
16:41:33.358 [FXGL Background Thread 1 ] DEBUG SystemBundleService  - Loading FXGL system data
16:41:33.362 [FXGL Background Thread 1 ] DEBUG FileSystemAccess     - Reading from: C:\Users\jamie\OneDrive\Pictures\JavaFXGame\system\fxgl.bundle
16:41:33.369 [FXGL Background Thread 1 ] DEBUG SystemBundleService  - Bundle FXGL: {}
16:41:33.369 [FXGL Background Thread 1 ] DEBUG UpdaterService       - Checking for updates
16:41:33.396 [FXGL Background Thread 4 ] DEBUG FXGLApplication      - Loading fonts
16:41:33.396 [FXGL Background Thread 1 ] DEBUG FXGLApplication      - Loading default localization
16:41:33.396 [FXGL Background Thread 4 ] DEBUG FXGLAssetLoaderServi - Loading from file system: jar:file:///C:/Users/jamie/.m2/repository/com/github/almasb/fxgl/17.2/fxgl-17.2.jar!/fxglassets/ui/fonts/VarelaRound-Regular.ttf
16:41:33.397 [FXGL Background Thread 1 ] DEBUG FXGLAssetLoaderServi - Loading from file system: jar:file:///C:/Users/jamie/.m2/repository/com/github/almasb/fxgl/17.2/fxgl-17.2.jar!/fxglassets/languages/english.lang
16:41:33.411 [FXGL Background Thread 1 ] INFO  FXGLApplication      - FXGL initialization took: 0.381 sec
16:41:33.412 [JavaFX Application Thread] DEBUG FXGLAssetLoaderServi - Loading from file system: jar:file:///C:/Users/jamie/.m2/repository/com/github/almasb/fxgl/17.2/fxgl-17.2.jar!/fxglassets/textures/fxgl_icon.png
16:41:33.421 [FXGL Background Thread 4 ] DEBUG FXGLAssetLoaderServi - Loading from file system: jar:file:///C:/Users/jamie/.m2/repository/com/github/almasb/fxgl/17.2/fxgl-17.2.jar!/fxglassets/ui/fonts/Abel-Regular.ttf
16:41:33.425 [JavaFX Application Thread] DEBUG FXGLAssetLoaderServi - Loading from file system: jar:file:///C:/Users/jamie/.m2/repository/com/github/almasb/fxgl/17.2/fxgl-17.2.jar!/fxglassets/textures/fxgl_default_cursor.png
16:41:33.425 [FXGL Background Thread 4 ] DEBUG FXGLAssetLoaderServi - Loading from file system: jar:file:///C:/Users/jamie/.m2/repository/com/github/almasb/fxgl/17.2/fxgl-17.2.jar!/fxglassets/ui/fonts/TerminalLandMono-Regular.otf
16:41:33.428 [FXGL Background Thread 4 ] DEBUG FXGLAssetLoaderServi - Loading from file system: jar:file:///C:/Users/jamie/.m2/repository/com/github/almasb/fxgl/17.2/fxgl-17.2.jar!/fxglassets/ui/fonts/Courier-Prime.ttf
16:41:33.433 [JavaFX Application Thread] DEBUG Input                - Registered new binding: Screenshot - CTRL+8
16:41:33.434 [JavaFX Application Thread] DEBUG Input                - Registered new binding: Dev Options - 1
16:41:33.434 [JavaFX Application Thread] DEBUG Input                - Registered new binding: Dev Console - 2
16:41:33.434 [JavaFX Application Thread] DEBUG Input                - Registered new binding: System info dump - CTRL+9
16:41:33.435 [JavaFX Application Thread] DEBUG Input                - Registered new binding: Restart - CTRL+R
16:41:33.435 [JavaFX Application Thread] DEBUG Input                - Registered new binding: Toggle Debug Camera - CTRL+7
16:41:33.438 [JavaFX Application Thread] DEBUG LoopRunner           - Starting loop
16:41:33.448 [JavaFX Application Thread] DEBUG LoopRunner           - Initializing JavaFX AnimationTimerLoop
16:41:33.449 [JavaFX Application Thread] DEBUG Input                - Clearing active input actions
16:41:33.455 [JavaFX Application Thread] DEBUG GameApplicationServi - Removing overlay from FXGLStartupScene and adding to FXGLMainMenuDummyScene
16:41:33.459 [JavaFX Application Thread] DEBUG PrimaryStageWindow   - FXGLStartupScene -> FXGLMainMenuDummyScene
16:41:33.459 [JavaFX Application Thread] DEBUG PrimaryStageWindow   - Push state: RiderMainMenuScene
16:41:33.460 [JavaFX Application Thread] DEBUG Input                - Clearing active input actions
16:41:33.464 [JavaFX Application Thread] DEBUG GameApplicationServi - Removing overlay from FXGLMainMenuDummyScene and adding to RiderMainMenuScene
16:41:33.465 [JavaFX Application Thread] DEBUG PrimaryStageWindow   - FXGLMainMenuDummyScene -> RiderMainMenuScene
16:41:33.526 [FXGL Background Thread 2 ] WARN  UpdaterService       - Failed to find updates: java.net.UnknownHostException: raw.githubusercontent.com
16:41:33.595 [JavaFX Application Thread] DEBUG FXGLApplication      - Registering font factories with UI factory
16:41:35.117 [JavaFX Application Thread] DEBUG PrimaryStageWindow   - Push state: PlayerSelectScene
16:41:35.117 [JavaFX Application Thread] DEBUG Input                - Clearing active input actions
16:41:35.117 [JavaFX Application Thread] DEBUG GameApplicationServi - Removing overlay from RiderMainMenuScene and adding to PlayerSelectScene
16:41:35.118 [JavaFX Application Thread] DEBUG PrimaryStageWindow   - RiderMainMenuScene -> PlayerSelectScene
16:41:36.396 [FXGL Background Thread 3 ] DEBUG Engine               - Logging environment variables
16:41:36.396 [FXGL Background Thread 3 ] DEBUG Engine               - achievements: []
16:41:36.396 [FXGL Background Thread 3 ] DEBUG Engine               - actualHeight: 720.0
16:41:36.396 [FXGL Background Thread 3 ] DEBUG Engine               - actualHeightProperty: ReadOnlyDoubleProperty [value: 720.0]
16:41:36.396 [FXGL Background Thread 3 ] DEBUG Engine               - actualWidth: 1280.0
16:41:36.397 [FXGL Background Thread 3 ] DEBUG Engine               - actualWidthProperty: ReadOnlyDoubleProperty [value: 1280.0]
16:41:36.397 [FXGL Background Thread 3 ] DEBUG Engine               - appIcon: fxgl_icon.png
16:41:36.397 [FXGL Background Thread 3 ] DEBUG Engine               - applicationMode: DEVELOPER
16:41:36.397 [FXGL Background Thread 3 ] DEBUG Engine               - cSSList: [fxgl_dark.css]
16:41:36.397 [FXGL Background Thread 3 ] DEBUG Engine               - collisionDetectionStrategy: BRUTE_FORCE
16:41:36.397 [FXGL Background Thread 3 ] DEBUG Engine               - configClass: Optional.empty
16:41:36.397 [FXGL Background Thread 3 ] DEBUG Engine               - credits: []
16:41:36.398 [FXGL Background Thread 3 ] DEBUG Engine               - defaultCursor: CursorInfo(imageName=fxgl_default_cursor.png, hotspotX=7.0, hotspotY=6.0)
16:41:36.398 [FXGL Background Thread 3 ] DEBUG Engine               - devBBoxColorProperty: ObjectProperty [value: 0xff0000ff]
16:41:36.398 [FXGL Background Thread 3 ] DEBUG Engine               - devEnableDebugCameraProperty: BooleanProperty [value: false]
16:41:36.398 [FXGL Background Thread 3 ] DEBUG Engine               - devSensorColorProperty: ObjectProperty [value: 0xffff00ff]
16:41:36.398 [FXGL Background Thread 3 ] DEBUG Engine               - devShowBBoxProperty: BooleanProperty [value: false]
16:41:36.398 [FXGL Background Thread 3 ] DEBUG Engine               - devShowPositionProperty: BooleanProperty [value: false]
16:41:36.398 [FXGL Background Thread 3 ] DEBUG Engine               - enabledMenuItems: []
16:41:36.398 [FXGL Background Thread 3 ] DEBUG Engine               - engineServices: [class com.almasb.fxgl.app.services.FXGLAssetLoaderService, class com.almasb.fxgl.app.FXGLApplication$GameApplicationService, class com.almasb.fxgl.app.services.FXGLDialogService, class com.almasb.fxgl.app.services.IOTaskExecutorService, class com.almasb.fxgl.io.FileSystemService, class com.almasb.fxgl.localization.LocalizationService, class com.almasb.fxgl.app.services.SystemBundleService, class com.almasb.fxgl.profile.SaveLoadService, class com.almasb.fxgl.ui.FXGLUIFactoryServiceProvider, class com.almasb.fxgl.ui.FXGLDialogFactoryServiceProvider, class com.almasb.fxgl.audio.AudioPlayer, class com.almasb.fxgl.notification.impl.NotificationServiceProvider, class com.almasb.fxgl.achievement.AchievementService, class com.almasb.fxgl.cutscene.CutsceneService, class com.almasb.fxgl.minigames.MiniGameService, class com.almasb.fxgl.net.NetService, class com.almasb.fxgl.app.services.UpdaterService, class com.almasb.fxgl.dev.DevService]
16:41:36.398 [FXGL Background Thread 3 ] DEBUG Engine               - fontGame: Abel-Regular.ttf
16:41:36.398 [FXGL Background Thread 3 ] DEBUG Engine               - fontMono: TerminalLandMono-Regular.otf
16:41:36.398 [FXGL Background Thread 3 ] DEBUG Engine               - fontText: Courier-Prime.ttf
16:41:36.398 [FXGL Background Thread 3 ] DEBUG Engine               - fontUI: VarelaRound-Regular.ttf
16:41:36.398 [FXGL Background Thread 3 ] DEBUG Engine               - fullScreen: BooleanProperty [value: false]
16:41:36.398 [FXGL Background Thread 3 ] DEBUG Engine               - gameDifficulty: MEDIUM
16:41:36.399 [FXGL Background Thread 3 ] DEBUG Engine               - gameDifficultyProperty: ObjectProperty [value: MEDIUM]
16:41:36.399 [FXGL Background Thread 3 ] DEBUG Engine               - globalMusicVolume: 0.5
16:41:36.399 [FXGL Background Thread 3 ] DEBUG Engine               - globalMusicVolumeProperty: DoubleProperty [value: 0.25]
16:41:36.399 [FXGL Background Thread 3 ] DEBUG Engine               - globalSoundVolume: 0.5
16:41:36.399 [FXGL Background Thread 3 ] DEBUG Engine               - globalSoundVolumeProperty: DoubleProperty [value: 0.5]
16:41:36.399 [FXGL Background Thread 3 ] DEBUG Engine               - height: 720
16:41:36.399 [FXGL Background Thread 3 ] DEBUG Engine               - is3D: false
16:41:36.399 [FXGL Background Thread 3 ] DEBUG Engine               - isAndroid: false
16:41:36.399 [FXGL Background Thread 3 ] DEBUG Engine               - isBrowser: false
16:41:36.399 [FXGL Background Thread 3 ] DEBUG Engine               - isClickFeedbackEnabled: false
16:41:36.399 [FXGL Background Thread 3 ] DEBUG Engine               - isCloseConfirmation: false
16:41:36.399 [FXGL Background Thread 3 ] DEBUG Engine               - isDesktop: true
16:41:36.399 [FXGL Background Thread 3 ] DEBUG Engine               - isDeveloperMenuEnabled: true
16:41:36.399 [FXGL Background Thread 3 ] DEBUG Engine               - isEmbedded: false
16:41:36.399 [FXGL Background Thread 3 ] DEBUG Engine               - isEntityPreloadEnabled: true
16:41:36.399 [FXGL Background Thread 3 ] DEBUG Engine               - isExperimentalTiledLargeMap: false
16:41:36.399 [FXGL Background Thread 3 ] DEBUG Engine               - isFileSystemWriteAllowed: true
16:41:36.399 [FXGL Background Thread 3 ] DEBUG Engine               - isFullScreenAllowed: false
16:41:36.399 [FXGL Background Thread 3 ] DEBUG Engine               - isFullScreenFromStart: false
16:41:36.399 [FXGL Background Thread 3 ] DEBUG Engine               - isGameMenuEnabled: true
16:41:36.399 [FXGL Background Thread 3 ] DEBUG Engine               - isIOS: false
16:41:36.399 [FXGL Background Thread 3 ] DEBUG Engine               - isIntroEnabled: false
16:41:36.399 [FXGL Background Thread 3 ] DEBUG Engine               - isLinux: false
16:41:36.399 [FXGL Background Thread 3 ] DEBUG Engine               - isMac: false
16:41:36.399 [FXGL Background Thread 3 ] DEBUG Engine               - isMainMenuEnabled: true
16:41:36.399 [FXGL Background Thread 3 ] DEBUG Engine               - isManualResizeEnabled: false
16:41:36.399 [FXGL Background Thread 3 ] DEBUG Engine               - isMobile: false
16:41:36.399 [FXGL Background Thread 3 ] DEBUG Engine               - isNative: false
16:41:36.399 [FXGL Background Thread 3 ] DEBUG Engine               - isPauseMusicWhenMinimized: true
16:41:36.399 [FXGL Background Thread 3 ] DEBUG Engine               - isPreserveResizeRatio: false
16:41:36.400 [FXGL Background Thread 3 ] DEBUG Engine               - isProfilingEnabled: false
16:41:36.400 [FXGL Background Thread 3 ] DEBUG Engine               - isScaleAffectedOnResize: true
16:41:36.400 [FXGL Background Thread 3 ] DEBUG Engine               - isSingleStep: false
16:41:36.400 [FXGL Background Thread 3 ] DEBUG Engine               - isUserProfileEnabled: false
16:41:36.400 [FXGL Background Thread 3 ] DEBUG Engine               - isWindows: true
16:41:36.400 [FXGL Background Thread 3 ] DEBUG Engine               - language: ObjectProperty [value: ENGLISH]
16:41:36.400 [FXGL Background Thread 3 ] DEBUG Engine               - menuKey: ESCAPE
16:41:36.400 [FXGL Background Thread 3 ] DEBUG Engine               - mouseSensitivity: 0.2
16:41:36.400 [FXGL Background Thread 3 ] DEBUG Engine               - notificationViewClass: class com.almasb.fxgl.notification.view.XboxNotificationView
16:41:36.400 [FXGL Background Thread 3 ] DEBUG Engine               - pixelsPerMeter: 50.0
16:41:36.400 [FXGL Background Thread 3 ] DEBUG Engine               - platform: WINDOWS
16:41:36.400 [FXGL Background Thread 3 ] DEBUG Engine               - prefHeightProperty: ReadOnlyDoubleProperty [value: 720.0]
16:41:36.400 [FXGL Background Thread 3 ] DEBUG Engine               - prefWidthProperty: ReadOnlyDoubleProperty [value: 1280.0]
16:41:36.400 [FXGL Background Thread 3 ] DEBUG Engine               - profileDir: profiles/
16:41:36.400 [FXGL Background Thread 3 ] DEBUG Engine               - profileName: StringProperty [value: DEFAULT]
16:41:36.400 [FXGL Background Thread 3 ] DEBUG Engine               - randomSeed: -1
16:41:36.400 [FXGL Background Thread 3 ] DEBUG Engine               - runtimeInfo: RuntimeInfo(platform=WINDOWS, version=17.2, build=20.08.2022 16.50)
16:41:36.400 [FXGL Background Thread 3 ] DEBUG Engine               - saveFileExt: sav
16:41:36.400 [FXGL Background Thread 3 ] DEBUG Engine               - scaledHeightProp$fxgl: DoubleProperty [bound, value: 720.0]
16:41:36.400 [FXGL Background Thread 3 ] DEBUG Engine               - scaledWidthProp$fxgl: DoubleProperty [bound, value: 1280.0]
16:41:36.400 [FXGL Background Thread 3 ] DEBUG Engine               - sceneFactory: com.sunsofgod.PlatformerApp$1@40e7458
16:41:36.400 [FXGL Background Thread 3 ] DEBUG Engine               - secondsIn24h: 60
16:41:36.400 [FXGL Background Thread 3 ] DEBUG Engine               - soundMenuBack: menu/back.wav
16:41:36.400 [FXGL Background Thread 3 ] DEBUG Engine               - soundMenuPress: menu/press.wav
16:41:36.401 [FXGL Background Thread 3 ] DEBUG Engine               - soundMenuSelect: menu/select.wav
16:41:36.401 [FXGL Background Thread 3 ] DEBUG Engine               - soundNotification: core/notification.wav
16:41:36.401 [FXGL Background Thread 3 ] DEBUG Engine               - stageStyle: DECORATED
16:41:36.401 [FXGL Background Thread 3 ] DEBUG Engine               - supportedLanguages: [ENGLISH, FRENCH, GERMAN, HUNGARIAN, RUSSIAN]
16:41:36.401 [FXGL Background Thread 3 ] DEBUG Engine               - ticksPerSecond: -1
16:41:36.401 [FXGL Background Thread 3 ] DEBUG Engine               - title: Untitled
16:41:36.401 [FXGL Background Thread 3 ] DEBUG Engine               - urlGithub: https://github.com/AlmasB/FXGL
16:41:36.401 [FXGL Background Thread 3 ] DEBUG Engine               - urlLeaderboard: http://fxgl-top.herokuapp.com/
16:41:36.401 [FXGL Background Thread 3 ] DEBUG Engine               - urlPOM: https://raw.githubusercontent.com/AlmasB/FXGL/release/README.md
16:41:36.401 [FXGL Background Thread 3 ] DEBUG Engine               - userAppClass: class com.sunsofgod.PlatformerApp
16:41:36.401 [FXGL Background Thread 3 ] DEBUG Engine               - version: 0.0
16:41:36.401 [FXGL Background Thread 3 ] DEBUG Engine               - versionCheckDays: 7
16:41:36.401 [FXGL Background Thread 3 ] DEBUG Engine               - width: 1280
16:41:36.401 [FXGL Background Thread 3 ] DEBUG Engine               - Logging services
16:41:36.401 [FXGL Background Thread 3 ] DEBUG Engine               - class com.almasb.fxgl.app.services.FXGLAssetLoaderService
16:41:36.401 [FXGL Background Thread 3 ] DEBUG Engine               - class com.almasb.fxgl.app.FXGLApplication$GameApplicationService
16:41:36.401 [FXGL Background Thread 3 ] DEBUG Engine               - class com.almasb.fxgl.app.services.FXGLDialogService
16:41:36.401 [FXGL Background Thread 3 ] DEBUG Engine               - class com.almasb.fxgl.app.services.IOTaskExecutorService
16:41:36.401 [FXGL Background Thread 3 ] DEBUG Engine               - class com.almasb.fxgl.io.FileSystemService
16:41:36.401 [FXGL Background Thread 3 ] DEBUG Engine               - class com.almasb.fxgl.localization.LocalizationService
16:41:36.401 [FXGL Background Thread 3 ] DEBUG Engine               - class com.almasb.fxgl.app.services.SystemBundleService
16:41:36.401 [FXGL Background Thread 3 ] DEBUG Engine               - class com.almasb.fxgl.profile.SaveLoadService
16:41:36.401 [FXGL Background Thread 3 ] DEBUG Engine               - class com.almasb.fxgl.ui.FXGLUIFactoryServiceProvider
16:41:36.401 [FXGL Background Thread 3 ] DEBUG Engine               - class com.almasb.fxgl.ui.FXGLDialogFactoryServiceProvider
16:41:36.401 [FXGL Background Thread 3 ] DEBUG Engine               - class com.almasb.fxgl.audio.AudioPlayer
16:41:36.401 [FXGL Background Thread 3 ] DEBUG Engine               - class com.almasb.fxgl.notification.impl.NotificationServiceProvider
16:41:36.401 [FXGL Background Thread 3 ] DEBUG Engine               - class com.almasb.fxgl.achievement.AchievementService
16:41:36.401 [FXGL Background Thread 3 ] DEBUG Engine               - class com.almasb.fxgl.cutscene.CutsceneService
16:41:36.401 [FXGL Background Thread 3 ] DEBUG Engine               - class com.almasb.fxgl.minigames.MiniGameService
16:41:36.401 [FXGL Background Thread 3 ] DEBUG Engine               - class com.almasb.fxgl.net.NetService
16:41:36.401 [FXGL Background Thread 3 ] DEBUG Engine               - class com.almasb.fxgl.app.services.UpdaterService
16:41:36.401 [FXGL Background Thread 3 ] DEBUG Engine               - class com.almasb.fxgl.dev.DevService
16:41:36.494 [JavaFX Application Thread] DEBUG PrimaryStageWindow   - Push state: LevelSelectScene
16:41:36.494 [JavaFX Application Thread] DEBUG Input                - Clearing active input actions
16:41:36.494 [JavaFX Application Thread] DEBUG GameApplicationServi - Removing overlay from PlayerSelectScene and adding to LevelSelectScene
16:41:36.496 [JavaFX Application Thread] DEBUG PrimaryStageWindow   - PlayerSelectScene -> LevelSelectScene
16:41:37.613 [JavaFX Application Thread] DEBUG Menu                 - fireNewGame()
16:41:37.613 [JavaFX Application Thread] DEBUG GameApplicationServi - Starting new game
16:41:37.614 [JavaFX Application Thread] DEBUG PrimaryStageWindow   - Pop state: LevelSelectScene
16:41:37.614 [JavaFX Application Thread] DEBUG Input                - Clearing active input actions
16:41:37.614 [JavaFX Application Thread] DEBUG GameApplicationServi - Removing overlay from LevelSelectScene and adding to PlayerSelectScene
16:41:37.615 [JavaFX Application Thread] DEBUG PrimaryStageWindow   - PlayerSelectScene <- LevelSelectScene
16:41:37.615 [JavaFX Application Thread] DEBUG PrimaryStageWindow   - Pop state: PlayerSelectScene
16:41:37.615 [JavaFX Application Thread] DEBUG Input                - Clearing active input actions
16:41:37.616 [JavaFX Application Thread] DEBUG GameApplicationServi - Removing overlay from PlayerSelectScene and adding to RiderMainMenuScene
16:41:37.616 [JavaFX Application Thread] DEBUG PrimaryStageWindow   - RiderMainMenuScene <- PlayerSelectScene
16:41:37.616 [JavaFX Application Thread] DEBUG PrimaryStageWindow   - Pop state: RiderMainMenuScene
16:41:37.616 [JavaFX Application Thread] DEBUG Input                - Clearing active input actions
16:41:37.616 [JavaFX Application Thread] DEBUG GameApplicationServi - Removing overlay from RiderMainMenuScene and adding to FXGLMainMenuDummyScene
16:41:37.617 [JavaFX Application Thread] DEBUG PrimaryStageWindow   - FXGLMainMenuDummyScene <- RiderMainMenuScene
16:41:37.617 [JavaFX Application Thread] DEBUG Input                - Clearing active input actions
16:41:37.620 [JavaFX Application Thread] DEBUG GameApplicationServi - Removing overlay from FXGLMainMenuDummyScene and adding to MainLoadingScene
16:41:37.621 [JavaFX Application Thread] DEBUG PrimaryStageWindow   - FXGLMainMenuDummyScene -> MainLoadingScene
16:41:37.621 [JavaFX Application Thread] DEBUG GameApplicationServi - Clearing previous game
16:41:37.621 [JavaFX Application Thread] DEBUG GameScene            - Clearing game scene
16:41:37.621 [JavaFX Application Thread] DEBUG GameWorld            - Clearing game world
16:41:37.621 [JavaFX Application Thread] DEBUG PhysicsWorld         - Clearing physics world
16:41:37.622 [FXGL Background Thread 2 ] DEBUG FXGLApplication      - Initializing game
16:41:37.649 [FXGL Background Thread 2 ] WARN  TMXLevelLoader       - TiledMap generated from 1.11.0. Supported version: 1.9.0. Some features may not be parsed fully.
16:41:37.656 [FXGL Background Thread 2 ] DEBUG TMXLevelLoader       - Parsed TiledMap: file:/C:/Users/jamie/OneDrive/Pictures/JavaFXGame/target/classes/assets/levels/tmx/level1.tmx
16:41:37.657 [FXGL Background Thread 2 ] DEBUG TMXLevelLoader       - Creating tile layer entities
16:41:37.658 [FXGL Background Thread 2 ] DEBUG TilesetLoader        - Loading view for layer Tile Layer 1
16:41:37.660 [FXGL Background Thread 2 ] DEBUG TilesetLoader        - Created buffer with size 2450.0x700.0
16:41:37.675 [FXGL Background Thread 2 ] DEBUG TMXLevelLoader       - Creating object layer entities
16:41:37.692 [FXGL Background Thread 2 ] DEBUG FXGLAssetLoaderServi - Loading from file system: file:/C:/Users/jamie/OneDrive/Pictures/JavaFXGame/target/classes/assets/textures/button.png
16:41:37.718 [FXGL Background Thread 2 ] DEBUG GameWorld            - Clearing removable entities
16:41:37.718 [FXGL Background Thread 2 ] DEBUG GameWorld            - Setting level: com.almasb.fxgl.entity.level.Level@2af1b0f9
16:41:37.725 [FXGL Background Thread 2 ] DEBUG FXGLAssetLoaderServi - Loading from file system: file:/C:/Users/jamie/OneDrive/Pictures/JavaFXGame/target/classes/assets/textures/player1.png
16:41:37.730 [FXGL Background Thread 2 ] DEBUG Input                - Clearing active input actions
16:41:37.731 [FXGL Background Thread 2 ] DEBUG Input                - Registered new binding: Jump0 - W
16:41:37.732 [FXGL Background Thread 2 ] DEBUG Input                - Registered new binding: Left0 - A
16:41:37.732 [FXGL Background Thread 2 ] DEBUG Input                - Registered new binding: Right0 - D
16:41:37.732 [FXGL Background Thread 2 ] DEBUG Input                - Registered new binding: Use0 - E
16:41:37.732 [FXGL Background Thread 2 ] DEBUG FXGLAssetLoaderServi - Loading from file system: file:/C:/Users/jamie/OneDrive/Pictures/JavaFXGame/target/classes/assets/textures/background/manila.png
16:41:37.747 [FXGL Background Thread 2 ] INFO  FXGLApplication      - Game initialization took: 0.125 sec
16:41:37.748 [JavaFX Application Thread] DEBUG Input                - Clearing active input actions
16:41:37.752 [JavaFX Application Thread] DEBUG GameApplicationServi - Removing overlay from MainLoadingScene and adding to GameScene
16:41:37.753 [JavaFX Application Thread] DEBUG PrimaryStageWindow   - MainLoadingScene -> GameScene
16:41:40.967 [JavaFX Application Thread] DEBUG FXGLAssetLoaderServi - Loading from file system: file:/C:/Users/jamie/OneDrive/Pictures/JavaFXGame/target/classes/assets/sounds/jump.wav
16:41:44.744 [JavaFX Application Thread] DEBUG PrimaryStageWindow   - Push state: LevelCompletionScene
16:41:44.744 [JavaFX Application Thread] DEBUG Input                - Clearing active input actions
16:41:44.744 [JavaFX Application Thread] DEBUG GameApplicationServi - Removing overlay from GameScene and adding to LevelCompletionScene
16:41:44.744 [JavaFX Application Thread] DEBUG PrimaryStageWindow   - GameScene -> LevelCompletionScene
16:41:49.874 [JavaFX Application Thread] DEBUG PrimaryStageWindow   - Pop state: LevelCompletionScene
16:41:49.874 [JavaFX Application Thread] DEBUG Input                - Clearing active input actions
16:41:49.875 [JavaFX Application Thread] DEBUG GameApplicationServi - Removing overlay from LevelCompletionScene and adding to GameScene
16:41:49.875 [JavaFX Application Thread] DEBUG PrimaryStageWindow   - GameScene <- LevelCompletionScene
16:41:56.830 [JavaFX Application Thread] DEBUG PrimaryStageWindow   - Push state: LevelCompletionScene
16:41:56.830 [JavaFX Application Thread] DEBUG Input                - Clearing active input actions
16:41:56.830 [JavaFX Application Thread] DEBUG GameApplicationServi - Removing overlay from GameScene and adding to LevelCompletionScene
16:41:56.831 [JavaFX Application Thread] DEBUG PrimaryStageWindow   - GameScene -> LevelCompletionScene
16:42:03.399 [JavaFX Application Thread] DEBUG FXGLApplication      - Exiting FXGL
16:42:03.399 [JavaFX Application Thread] DEBUG LoopRunner           - Stopping loop
16:42:03.399 [JavaFX Application Thread] DEBUG SystemBundleService  - Saving FXGL system data
16:42:03.401 [JavaFX Application Thread] DEBUG FileSystemAccess     - Writing to: C:\Users\jamie\OneDrive\Pictures\JavaFXGame\system\fxgl.bundle
16:42:03.403 [JavaFX Application Thread] DEBUG Async                - Shutting down background threads
16:42:03.403 [JavaFX Application Thread] DEBUG PrimaryStageWindow   - Closing main window
16:42:03.415 [JavaFX Application Thread] DEBUG Logger               - Closing Logger
