21:36:51.875 [main                     ] DEBUG Logger               - Configured Logger
21:36:51.892 [main                     ] DEBUG GameApplication      - Logging settings
Title: Untitled
Version: 0.0
Width: 1280
Height: 720
Fullscreen: false
Intro: false
Profiling: false
Single step:false
App Mode: DEVELOPER
Menu Key: ESCAPE
Stage Style: DECORATED
Scene Factory: class com.sunsofgod.PlatformerApp$2

21:36:52.166 [JavaFX Application Thread] DEBUG FXGLApplication      - Initializing FXGL
21:36:52.170 [JavaFX Application Thread] INFO  Engine               - FXGL-17.2 (20.08.2022 16.50) on WINDOWS (J:21.0.4 FX:17.0.12)
21:36:52.170 [JavaFX Application Thread] DEBUG Engine               - JRE Vendor Name: Eclipse Adoptium
21:36:52.170 [JavaFX Application Thread] DEBUG Engine               - Running on OS: Windows 11 version 10.0
21:36:52.170 [JavaFX Application Thread] DEBUG Engine               - Architecture: amd64
21:36:52.170 [JavaFX Application Thread] INFO  Engine               - Source code and latest versions at: https://github.com/AlmasB/FXGL
21:36:52.171 [JavaFX Application Thread] INFO  Engine               -       Ask questions and discuss at: https://github.com/AlmasB/FXGL/discussions
21:36:52.171 [JavaFX Application Thread] INFO  Engine               -              Join the FXGL chat at: https://gitter.im/AlmasB/FXGL
21:36:52.230 [JavaFX Application Thread] DEBUG PrimaryStageWindow   - Creating a JavaFX scene
21:36:52.260 [JavaFX Application Thread] DEBUG PrimaryStageWindow   - Target settings size: 1280.0 x 720.0
21:36:52.260 [JavaFX Application Thread] DEBUG PrimaryStageWindow   - Scaled scene size:    1280.0 x 720.0
21:36:52.261 [JavaFX Application Thread] DEBUG PrimaryStageWindow   - Scaled ratio: (1.0, 1.0)
21:36:52.261 [JavaFX Application Thread] DEBUG PrimaryStageWindow   - Set initial scene to FXGLStartupScene
21:36:52.266 [JavaFX Application Thread] DEBUG PrimaryStageWindow   - Opening main window
21:36:52.326 [JavaFX Application Thread] DEBUG PrimaryStageWindow   - Window border size: (16.0, 39.0)
21:36:52.326 [JavaFX Application Thread] DEBUG PrimaryStageWindow   - Scaled size: 1280.0 x 720.0
21:36:52.326 [JavaFX Application Thread] DEBUG PrimaryStageWindow   - Scaled ratio: (1.0, 1.0)
21:36:52.326 [JavaFX Application Thread] DEBUG PrimaryStageWindow   - Scene size: 1280.0 x 720.0
21:36:52.326 [JavaFX Application Thread] DEBUG PrimaryStageWindow   - Stage size: 1296.0 x 759.0
21:36:52.332 [FXGL Background Thread 1 ] DEBUG Engine               - Initializing environment variables
21:36:52.362 [FXGL Background Thread 1 ] DEBUG FXGLAssetLoaderServi - User app class for loading assets: class com.sunsofgod.PlatformerApp
21:36:52.363 [FXGL Background Thread 1 ] DEBUG GameApplicationServi - Applying CSS: fxgl_dark.css
21:36:52.363 [FXGL Background Thread 1 ] DEBUG FXGLAssetLoaderServi - Loading from file system: jar:file:///C:/Users/user/.m2/repository/com/github/almasb/fxgl/17.2/fxgl-17.2.jar!/fxglassets/ui/css/fxgl_dark.css
21:36:52.396 [FXGL Background Thread 1 ] DEBUG GameApplicationServi - Initializing application scenes
21:36:52.427 [FXGL Background Thread 1 ] WARN  FXGLAssetLoaderServi - Asset "/assets/textures/player.png" was not found!
21:36:52.428 [FXGL Background Thread 1 ] WARN  FXGLAssetLoaderServi - Failed to load IMAGE
21:36:52.445 [FXGL Background Thread 1 ] DEBUG GameWorld            - Game world initialized
21:36:52.482 [FXGL Background Thread 1 ] DEBUG PhysicsWorld         - Physics world initialized: appHeight=720, physics.ppm=50.0
21:36:52.482 [FXGL Background Thread 1 ] DEBUG PhysicsWorld         - Using strategy: BRUTE_FORCE
21:36:52.485 [FXGL Background Thread 1 ] DEBUG GameScene            - Game scene initialized: 1280x720
21:36:52.737 [FXGL Background Thread 1 ] DEBUG FXGL.DefaultMenu     - createMenuBodyGameMenu()
21:36:52.746 [FXGL Background Thread 1 ] DEBUG FXGL.DefaultMenu     - createOptionsMenu()
21:36:52.751 [FXGL Background Thread 1 ] DEBUG FXGLAssetLoaderServi - Loading from file system: jar:file:///C:/Users/user/.m2/repository/com/github/almasb/fxgl/17.2/fxgl-17.2.jar!/fxglassets/textures/particles/smoke.png
21:36:52.790 [FXGL Background Thread 1 ] DEBUG FXGLAssetLoaderServi - Loading from file system: jar:file:///C:/Users/user/.m2/repository/com/github/almasb/fxgl/17.2/fxgl-17.2.jar!/fxglassets/textures/particles/trace_horizontal.png
21:36:52.799 [FXGL Background Thread 1 ] DEBUG GameApplicationServi - Application scenes initialized
21:36:52.809 [FXGL Background Thread 1 ] DEBUG SystemBundleService  - Loading FXGL system data
21:36:52.813 [FXGL Background Thread 1 ] DEBUG FileSystemAccess     - Reading from: C:\Users\user\Desktop\JavaFXGame\system\fxgl.bundle
21:36:52.821 [FXGL Background Thread 1 ] DEBUG SystemBundleService  - Bundle FXGL: {}
21:36:52.821 [FXGL Background Thread 1 ] DEBUG UpdaterService       - Checking for updates
21:36:52.844 [FXGL Background Thread 4 ] DEBUG FXGLApplication      - Loading fonts
21:36:52.844 [FXGL Background Thread 1 ] DEBUG FXGLApplication      - Loading default localization
21:36:52.844 [FXGL Background Thread 4 ] DEBUG FXGLAssetLoaderServi - Loading from file system: jar:file:///C:/Users/user/.m2/repository/com/github/almasb/fxgl/17.2/fxgl-17.2.jar!/fxglassets/ui/fonts/VarelaRound-Regular.ttf
21:36:52.845 [FXGL Background Thread 1 ] DEBUG FXGLAssetLoaderServi - Loading from file system: jar:file:///C:/Users/user/.m2/repository/com/github/almasb/fxgl/17.2/fxgl-17.2.jar!/fxglassets/languages/english.lang
21:36:52.858 [FXGL Background Thread 1 ] INFO  FXGLApplication      - FXGL initialization took: 0.526 sec
21:36:52.859 [JavaFX Application Thread] DEBUG FXGLAssetLoaderServi - Loading from file system: jar:file:///C:/Users/user/.m2/repository/com/github/almasb/fxgl/17.2/fxgl-17.2.jar!/fxglassets/textures/fxgl_icon.png
21:36:52.866 [JavaFX Application Thread] DEBUG FXGLAssetLoaderServi - Loading from file system: jar:file:///C:/Users/user/.m2/repository/com/github/almasb/fxgl/17.2/fxgl-17.2.jar!/fxglassets/textures/fxgl_default_cursor.png
21:36:52.869 [FXGL Background Thread 4 ] DEBUG FXGLAssetLoaderServi - Loading from file system: jar:file:///C:/Users/user/.m2/repository/com/github/almasb/fxgl/17.2/fxgl-17.2.jar!/fxglassets/ui/fonts/Abel-Regular.ttf
21:36:52.872 [FXGL Background Thread 4 ] DEBUG FXGLAssetLoaderServi - Loading from file system: jar:file:///C:/Users/user/.m2/repository/com/github/almasb/fxgl/17.2/fxgl-17.2.jar!/fxglassets/ui/fonts/TerminalLandMono-Regular.otf
21:36:52.873 [JavaFX Application Thread] DEBUG Input                - Registered new binding: Screenshot - CTRL+8
21:36:52.873 [JavaFX Application Thread] DEBUG Input                - Registered new binding: Dev Options - 1
21:36:52.874 [JavaFX Application Thread] DEBUG Input                - Registered new binding: Dev Console - 2
21:36:52.874 [JavaFX Application Thread] DEBUG Input                - Registered new binding: System info dump - CTRL+9
21:36:52.874 [JavaFX Application Thread] DEBUG Input                - Registered new binding: Restart - CTRL+R
21:36:52.875 [JavaFX Application Thread] DEBUG Input                - Registered new binding: Toggle Debug Camera - CTRL+7
21:36:52.875 [FXGL Background Thread 4 ] DEBUG FXGLAssetLoaderServi - Loading from file system: jar:file:///C:/Users/user/.m2/repository/com/github/almasb/fxgl/17.2/fxgl-17.2.jar!/fxglassets/ui/fonts/Courier-Prime.ttf
21:36:52.877 [JavaFX Application Thread] DEBUG LoopRunner           - Starting loop
21:36:52.887 [JavaFX Application Thread] DEBUG LoopRunner           - Initializing JavaFX AnimationTimerLoop
21:36:52.888 [JavaFX Application Thread] DEBUG Input                - Clearing active input actions
21:36:52.899 [JavaFX Application Thread] DEBUG GameApplicationServi - Removing overlay from FXGLStartupScene and adding to FXGLMainMenuDummyScene
21:36:52.901 [JavaFX Application Thread] DEBUG PrimaryStageWindow   - FXGLStartupScene -> FXGLMainMenuDummyScene
21:36:52.901 [JavaFX Application Thread] DEBUG PrimaryStageWindow   - Push state: RiderMainMenuScene
21:36:52.902 [JavaFX Application Thread] DEBUG Input                - Clearing active input actions
21:36:52.906 [JavaFX Application Thread] DEBUG GameApplicationServi - Removing overlay from FXGLMainMenuDummyScene and adding to RiderMainMenuScene
21:36:52.906 [JavaFX Application Thread] DEBUG PrimaryStageWindow   - FXGLMainMenuDummyScene -> RiderMainMenuScene
21:36:53.030 [JavaFX Application Thread] DEBUG FXGLApplication      - Registering font factories with UI factory
21:36:53.153 [FXGL Background Thread 2 ] INFO  UpdaterService       - Your current version:  17.2
21:36:53.154 [FXGL Background Thread 2 ] INFO  UpdaterService       - Latest stable version: 21.1
21:36:53.744 [JavaFX Application Thread] DEBUG PrimaryStageWindow   - Push state: PlayerSelectScene
21:36:53.744 [JavaFX Application Thread] DEBUG Input                - Clearing active input actions
21:36:53.745 [JavaFX Application Thread] DEBUG GameApplicationServi - Removing overlay from RiderMainMenuScene and adding to PlayerSelectScene
21:36:53.746 [JavaFX Application Thread] DEBUG PrimaryStageWindow   - RiderMainMenuScene -> PlayerSelectScene
21:36:55.318 [JavaFX Application Thread] DEBUG PrimaryStageWindow   - Pop state: PlayerSelectScene
21:36:55.318 [JavaFX Application Thread] DEBUG Input                - Clearing active input actions
21:36:55.320 [JavaFX Application Thread] DEBUG GameApplicationServi - Removing overlay from PlayerSelectScene and adding to RiderMainMenuScene
21:36:55.322 [JavaFX Application Thread] DEBUG PrimaryStageWindow   - RiderMainMenuScene <- PlayerSelectScene
21:36:55.474 [JavaFX Application Thread] DEBUG PrimaryStageWindow   - Push state: WorldSelectScene
21:36:55.474 [JavaFX Application Thread] DEBUG Input                - Clearing active input actions
21:36:55.475 [JavaFX Application Thread] DEBUG GameApplicationServi - Removing overlay from RiderMainMenuScene and adding to WorldSelectScene
21:36:55.475 [JavaFX Application Thread] DEBUG PrimaryStageWindow   - RiderMainMenuScene -> WorldSelectScene
21:36:55.843 [FXGL Background Thread 3 ] DEBUG Engine               - Logging environment variables
21:36:55.843 [FXGL Background Thread 3 ] DEBUG Engine               - achievements: []
21:36:55.843 [FXGL Background Thread 3 ] DEBUG Engine               - actualHeight: 720.0
21:36:55.843 [FXGL Background Thread 3 ] DEBUG Engine               - actualHeightProperty: ReadOnlyDoubleProperty [value: 720.0]
21:36:55.843 [FXGL Background Thread 3 ] DEBUG Engine               - actualWidth: 1280.0
21:36:55.843 [FXGL Background Thread 3 ] DEBUG Engine               - actualWidthProperty: ReadOnlyDoubleProperty [value: 1280.0]
21:36:55.843 [FXGL Background Thread 3 ] DEBUG Engine               - appIcon: fxgl_icon.png
21:36:55.843 [FXGL Background Thread 3 ] DEBUG Engine               - applicationMode: DEVELOPER
21:36:55.843 [FXGL Background Thread 3 ] DEBUG Engine               - cSSList: [fxgl_dark.css]
21:36:55.844 [FXGL Background Thread 3 ] DEBUG Engine               - collisionDetectionStrategy: BRUTE_FORCE
21:36:55.844 [FXGL Background Thread 3 ] DEBUG Engine               - configClass: Optional.empty
21:36:55.844 [FXGL Background Thread 3 ] DEBUG Engine               - credits: []
21:36:55.844 [FXGL Background Thread 3 ] DEBUG Engine               - defaultCursor: CursorInfo(imageName=fxgl_default_cursor.png, hotspotX=7.0, hotspotY=6.0)
21:36:55.844 [FXGL Background Thread 3 ] DEBUG Engine               - devBBoxColorProperty: ObjectProperty [value: 0xff0000ff]
21:36:55.844 [FXGL Background Thread 3 ] DEBUG Engine               - devEnableDebugCameraProperty: BooleanProperty [value: false]
21:36:55.844 [FXGL Background Thread 3 ] DEBUG Engine               - devSensorColorProperty: ObjectProperty [value: 0xffff00ff]
21:36:55.844 [FXGL Background Thread 3 ] DEBUG Engine               - devShowBBoxProperty: BooleanProperty [value: false]
21:36:55.844 [FXGL Background Thread 3 ] DEBUG Engine               - devShowPositionProperty: BooleanProperty [value: false]
21:36:55.844 [FXGL Background Thread 3 ] DEBUG Engine               - enabledMenuItems: []
21:36:55.844 [FXGL Background Thread 3 ] DEBUG Engine               - engineServices: [class com.almasb.fxgl.app.services.FXGLAssetLoaderService, class com.almasb.fxgl.app.FXGLApplication$GameApplicationService, class com.almasb.fxgl.app.services.FXGLDialogService, class com.almasb.fxgl.app.services.IOTaskExecutorService, class com.almasb.fxgl.io.FileSystemService, class com.almasb.fxgl.localization.LocalizationService, class com.almasb.fxgl.app.services.SystemBundleService, class com.almasb.fxgl.profile.SaveLoadService, class com.almasb.fxgl.ui.FXGLUIFactoryServiceProvider, class com.almasb.fxgl.ui.FXGLDialogFactoryServiceProvider, class com.almasb.fxgl.audio.AudioPlayer, class com.almasb.fxgl.notification.impl.NotificationServiceProvider, class com.almasb.fxgl.achievement.AchievementService, class com.almasb.fxgl.cutscene.CutsceneService, class com.almasb.fxgl.minigames.MiniGameService, class com.almasb.fxgl.net.NetService, class com.almasb.fxgl.app.services.UpdaterService, class com.almasb.fxgl.dev.DevService]
21:36:55.845 [FXGL Background Thread 3 ] DEBUG Engine               - fontGame: Abel-Regular.ttf
21:36:55.845 [FXGL Background Thread 3 ] DEBUG Engine               - fontMono: TerminalLandMono-Regular.otf
21:36:55.845 [FXGL Background Thread 3 ] DEBUG Engine               - fontText: Courier-Prime.ttf
21:36:55.845 [FXGL Background Thread 3 ] DEBUG Engine               - fontUI: VarelaRound-Regular.ttf
21:36:55.845 [FXGL Background Thread 3 ] DEBUG Engine               - fullScreen: BooleanProperty [value: false]
21:36:55.845 [FXGL Background Thread 3 ] DEBUG Engine               - gameDifficulty: MEDIUM
21:36:55.845 [FXGL Background Thread 3 ] DEBUG Engine               - gameDifficultyProperty: ObjectProperty [value: MEDIUM]
21:36:55.845 [FXGL Background Thread 3 ] DEBUG Engine               - globalMusicVolume: 0.5
21:36:55.845 [FXGL Background Thread 3 ] DEBUG Engine               - globalMusicVolumeProperty: DoubleProperty [value: 0.25]
21:36:55.845 [FXGL Background Thread 3 ] DEBUG Engine               - globalSoundVolume: 0.5
21:36:55.845 [FXGL Background Thread 3 ] DEBUG Engine               - globalSoundVolumeProperty: DoubleProperty [value: 0.5]
21:36:55.845 [FXGL Background Thread 3 ] DEBUG Engine               - height: 720
21:36:55.845 [FXGL Background Thread 3 ] DEBUG Engine               - is3D: false
21:36:55.845 [FXGL Background Thread 3 ] DEBUG Engine               - isAndroid: false
21:36:55.845 [FXGL Background Thread 3 ] DEBUG Engine               - isBrowser: false
21:36:55.845 [FXGL Background Thread 3 ] DEBUG Engine               - isClickFeedbackEnabled: false
21:36:55.845 [FXGL Background Thread 3 ] DEBUG Engine               - isCloseConfirmation: false
21:36:55.845 [FXGL Background Thread 3 ] DEBUG Engine               - isDesktop: true
21:36:55.845 [FXGL Background Thread 3 ] DEBUG Engine               - isDeveloperMenuEnabled: true
21:36:55.845 [FXGL Background Thread 3 ] DEBUG Engine               - isEmbedded: false
21:36:55.845 [FXGL Background Thread 3 ] DEBUG Engine               - isEntityPreloadEnabled: true
21:36:55.845 [FXGL Background Thread 3 ] DEBUG Engine               - isExperimentalTiledLargeMap: false
21:36:55.845 [FXGL Background Thread 3 ] DEBUG Engine               - isFileSystemWriteAllowed: true
21:36:55.847 [FXGL Background Thread 3 ] DEBUG Engine               - isFullScreenAllowed: false
21:36:55.847 [FXGL Background Thread 3 ] DEBUG Engine               - isFullScreenFromStart: false
21:36:55.847 [FXGL Background Thread 3 ] DEBUG Engine               - isGameMenuEnabled: true
21:36:55.847 [FXGL Background Thread 3 ] DEBUG Engine               - isIOS: false
21:36:55.847 [FXGL Background Thread 3 ] DEBUG Engine               - isIntroEnabled: false
21:36:55.847 [FXGL Background Thread 3 ] DEBUG Engine               - isLinux: false
21:36:55.847 [FXGL Background Thread 3 ] DEBUG Engine               - isMac: false
21:36:55.847 [FXGL Background Thread 3 ] DEBUG Engine               - isMainMenuEnabled: true
21:36:55.847 [FXGL Background Thread 3 ] DEBUG Engine               - isManualResizeEnabled: false
21:36:55.847 [FXGL Background Thread 3 ] DEBUG Engine               - isMobile: false
21:36:55.847 [FXGL Background Thread 3 ] DEBUG Engine               - isNative: false
21:36:55.847 [FXGL Background Thread 3 ] DEBUG Engine               - isPauseMusicWhenMinimized: true
21:36:55.847 [FXGL Background Thread 3 ] DEBUG Engine               - isPreserveResizeRatio: false
21:36:55.847 [FXGL Background Thread 3 ] DEBUG Engine               - isProfilingEnabled: false
21:36:55.847 [FXGL Background Thread 3 ] DEBUG Engine               - isScaleAffectedOnResize: true
21:36:55.847 [FXGL Background Thread 3 ] DEBUG Engine               - isSingleStep: false
21:36:55.847 [FXGL Background Thread 3 ] DEBUG Engine               - isUserProfileEnabled: false
21:36:55.847 [FXGL Background Thread 3 ] DEBUG Engine               - isWindows: true
21:36:55.847 [FXGL Background Thread 3 ] DEBUG Engine               - language: ObjectProperty [value: ENGLISH]
21:36:55.847 [FXGL Background Thread 3 ] DEBUG Engine               - menuKey: ESCAPE
21:36:55.847 [FXGL Background Thread 3 ] DEBUG Engine               - mouseSensitivity: 0.2
21:36:55.847 [FXGL Background Thread 3 ] DEBUG Engine               - notificationViewClass: class com.almasb.fxgl.notification.view.XboxNotificationView
21:36:55.847 [FXGL Background Thread 3 ] DEBUG Engine               - pixelsPerMeter: 50.0
21:36:55.847 [FXGL Background Thread 3 ] DEBUG Engine               - platform: WINDOWS
21:36:55.847 [FXGL Background Thread 3 ] DEBUG Engine               - prefHeightProperty: ReadOnlyDoubleProperty [value: 720.0]
21:36:55.847 [FXGL Background Thread 3 ] DEBUG Engine               - prefWidthProperty: ReadOnlyDoubleProperty [value: 1280.0]
21:36:55.847 [FXGL Background Thread 3 ] DEBUG Engine               - profileDir: profiles/
21:36:55.847 [FXGL Background Thread 3 ] DEBUG Engine               - profileName: StringProperty [value: DEFAULT]
21:36:55.847 [FXGL Background Thread 3 ] DEBUG Engine               - randomSeed: -1
21:36:55.848 [FXGL Background Thread 3 ] DEBUG Engine               - runtimeInfo: RuntimeInfo(platform=WINDOWS, version=17.2, build=20.08.2022 16.50)
21:36:55.848 [FXGL Background Thread 3 ] DEBUG Engine               - saveFileExt: sav
21:36:55.848 [FXGL Background Thread 3 ] DEBUG Engine               - scaledHeightProp$fxgl: DoubleProperty [bound, value: 720.0]
21:36:55.848 [FXGL Background Thread 3 ] DEBUG Engine               - scaledWidthProp$fxgl: DoubleProperty [bound, value: 1280.0]
21:36:55.848 [FXGL Background Thread 3 ] DEBUG Engine               - sceneFactory: com.sunsofgod.PlatformerApp$2@2b51e50a
21:36:55.848 [FXGL Background Thread 3 ] DEBUG Engine               - secondsIn24h: 60
21:36:55.848 [FXGL Background Thread 3 ] DEBUG Engine               - soundMenuBack: menu/back.wav
21:36:55.848 [FXGL Background Thread 3 ] DEBUG Engine               - soundMenuPress: menu/press.wav
21:36:55.848 [FXGL Background Thread 3 ] DEBUG Engine               - soundMenuSelect: menu/select.wav
21:36:55.848 [FXGL Background Thread 3 ] DEBUG Engine               - soundNotification: core/notification.wav
21:36:55.848 [FXGL Background Thread 3 ] DEBUG Engine               - stageStyle: DECORATED
21:36:55.848 [FXGL Background Thread 3 ] DEBUG Engine               - supportedLanguages: [ENGLISH, FRENCH, GERMAN, HUNGARIAN, RUSSIAN]
21:36:55.848 [FXGL Background Thread 3 ] DEBUG Engine               - ticksPerSecond: -1
21:36:55.848 [FXGL Background Thread 3 ] DEBUG Engine               - title: Untitled
21:36:55.848 [FXGL Background Thread 3 ] DEBUG Engine               - urlGithub: https://github.com/AlmasB/FXGL
21:36:55.848 [FXGL Background Thread 3 ] DEBUG Engine               - urlLeaderboard: http://fxgl-top.herokuapp.com/
21:36:55.848 [FXGL Background Thread 3 ] DEBUG Engine               - urlPOM: https://raw.githubusercontent.com/AlmasB/FXGL/release/README.md
21:36:55.848 [FXGL Background Thread 3 ] DEBUG Engine               - userAppClass: class com.sunsofgod.PlatformerApp
21:36:55.849 [FXGL Background Thread 3 ] DEBUG Engine               - version: 0.0
21:36:55.849 [FXGL Background Thread 3 ] DEBUG Engine               - versionCheckDays: 7
21:36:55.849 [FXGL Background Thread 3 ] DEBUG Engine               - width: 1280
21:36:55.849 [FXGL Background Thread 3 ] DEBUG Engine               - Logging services
21:36:55.849 [FXGL Background Thread 3 ] DEBUG Engine               - class com.almasb.fxgl.app.services.FXGLAssetLoaderService
21:36:55.849 [FXGL Background Thread 3 ] DEBUG Engine               - class com.almasb.fxgl.app.FXGLApplication$GameApplicationService
21:36:55.849 [FXGL Background Thread 3 ] DEBUG Engine               - class com.almasb.fxgl.app.services.FXGLDialogService
21:36:55.849 [FXGL Background Thread 3 ] DEBUG Engine               - class com.almasb.fxgl.app.services.IOTaskExecutorService
21:36:55.850 [FXGL Background Thread 3 ] DEBUG Engine               - class com.almasb.fxgl.io.FileSystemService
21:36:55.850 [FXGL Background Thread 3 ] DEBUG Engine               - class com.almasb.fxgl.localization.LocalizationService
21:36:55.850 [FXGL Background Thread 3 ] DEBUG Engine               - class com.almasb.fxgl.app.services.SystemBundleService
21:36:55.850 [FXGL Background Thread 3 ] DEBUG Engine               - class com.almasb.fxgl.profile.SaveLoadService
21:36:55.850 [FXGL Background Thread 3 ] DEBUG Engine               - class com.almasb.fxgl.ui.FXGLUIFactoryServiceProvider
21:36:55.850 [FXGL Background Thread 3 ] DEBUG Engine               - class com.almasb.fxgl.ui.FXGLDialogFactoryServiceProvider
21:36:55.850 [FXGL Background Thread 3 ] DEBUG Engine               - class com.almasb.fxgl.audio.AudioPlayer
21:36:55.850 [FXGL Background Thread 3 ] DEBUG Engine               - class com.almasb.fxgl.notification.impl.NotificationServiceProvider
21:36:55.850 [FXGL Background Thread 3 ] DEBUG Engine               - class com.almasb.fxgl.achievement.AchievementService
21:36:55.850 [FXGL Background Thread 3 ] DEBUG Engine               - class com.almasb.fxgl.cutscene.CutsceneService
21:36:55.850 [FXGL Background Thread 3 ] DEBUG Engine               - class com.almasb.fxgl.minigames.MiniGameService
21:36:55.850 [FXGL Background Thread 3 ] DEBUG Engine               - class com.almasb.fxgl.net.NetService
21:36:55.850 [FXGL Background Thread 3 ] DEBUG Engine               - class com.almasb.fxgl.app.services.UpdaterService
21:36:55.850 [FXGL Background Thread 3 ] DEBUG Engine               - class com.almasb.fxgl.dev.DevService
21:36:56.440 [JavaFX Application Thread] DEBUG PrimaryStageWindow   - Pop state: WorldSelectScene
21:36:56.440 [JavaFX Application Thread] DEBUG Input                - Clearing active input actions
21:36:56.441 [JavaFX Application Thread] DEBUG GameApplicationServi - Removing overlay from WorldSelectScene and adding to RiderMainMenuScene
21:36:56.441 [JavaFX Application Thread] DEBUG PrimaryStageWindow   - RiderMainMenuScene <- WorldSelectScene
21:36:56.727 [JavaFX Application Thread] DEBUG PrimaryStageWindow   - Push state: LevelSelectScene
21:36:56.728 [JavaFX Application Thread] DEBUG Input                - Clearing active input actions
21:36:56.728 [JavaFX Application Thread] DEBUG GameApplicationServi - Removing overlay from RiderMainMenuScene and adding to LevelSelectScene
21:36:56.728 [JavaFX Application Thread] DEBUG PrimaryStageWindow   - RiderMainMenuScene -> LevelSelectScene
21:36:58.150 [JavaFX Application Thread] DEBUG Menu                 - fireNewGame()
21:36:58.151 [JavaFX Application Thread] DEBUG GameApplicationServi - Starting new game
21:36:58.151 [JavaFX Application Thread] DEBUG PrimaryStageWindow   - Pop state: LevelSelectScene
21:36:58.151 [JavaFX Application Thread] DEBUG Input                - Clearing active input actions
21:36:58.151 [JavaFX Application Thread] DEBUG GameApplicationServi - Removing overlay from LevelSelectScene and adding to RiderMainMenuScene
21:36:58.152 [JavaFX Application Thread] DEBUG PrimaryStageWindow   - RiderMainMenuScene <- LevelSelectScene
21:36:58.152 [JavaFX Application Thread] DEBUG PrimaryStageWindow   - Pop state: RiderMainMenuScene
21:36:58.152 [JavaFX Application Thread] DEBUG Input                - Clearing active input actions
21:36:58.152 [JavaFX Application Thread] DEBUG GameApplicationServi - Removing overlay from RiderMainMenuScene and adding to FXGLMainMenuDummyScene
21:36:58.152 [JavaFX Application Thread] DEBUG PrimaryStageWindow   - FXGLMainMenuDummyScene <- RiderMainMenuScene
21:36:58.152 [JavaFX Application Thread] DEBUG Input                - Clearing active input actions
21:36:58.158 [JavaFX Application Thread] DEBUG GameApplicationServi - Removing overlay from FXGLMainMenuDummyScene and adding to MainLoadingScene
21:36:58.163 [JavaFX Application Thread] DEBUG PrimaryStageWindow   - FXGLMainMenuDummyScene -> MainLoadingScene
21:36:58.163 [JavaFX Application Thread] DEBUG GameApplicationServi - Clearing previous game
21:36:58.163 [JavaFX Application Thread] DEBUG GameScene            - Clearing game scene
21:36:58.163 [JavaFX Application Thread] DEBUG GameWorld            - Clearing game world
21:36:58.163 [JavaFX Application Thread] DEBUG PhysicsWorld         - Clearing physics world
21:36:58.164 [FXGL Background Thread 2 ] DEBUG FXGLApplication      - Initializing game
21:36:58.192 [FXGL Background Thread 2 ] WARN  TMXLevelLoader       - TiledMap generated from 1.11.0. Supported version: 1.9.0. Some features may not be parsed fully.
21:36:58.197 [FXGL Background Thread 2 ] DEBUG TMXLevelLoader       - Parsed TiledMap: file:/C:/Users/user/Desktop/JavaFXGame/target/classes/assets/levels/tmx/level1.tmx
21:36:58.197 [FXGL Background Thread 2 ] DEBUG TMXLevelLoader       - Creating tile layer entities
21:36:58.199 [FXGL Background Thread 2 ] DEBUG TilesetLoader        - Loading view for layer Tile Layer 1
21:36:58.199 [FXGL Background Thread 2 ] DEBUG TilesetLoader        - Created buffer with size 1050.0x700.0
21:36:58.206 [FXGL Background Thread 2 ] DEBUG TMXLevelLoader       - Creating object layer entities
21:36:58.219 [FXGL Background Thread 2 ] DEBUG GameWorld            - Clearing removable entities
21:36:58.220 [FXGL Background Thread 2 ] DEBUG GameWorld            - Setting level: com.almasb.fxgl.entity.level.Level@5dbf9a6d
21:36:58.225 [FXGL Background Thread 2 ] DEBUG FXGLAssetLoaderServi - Loading from file system: file:/C:/Users/user/Desktop/JavaFXGame/target/classes/assets/textures/player1.png
21:36:58.231 [FXGL Background Thread 2 ] DEBUG FXGLAssetLoaderServi - Loading from file system: file:/C:/Users/user/Desktop/JavaFXGame/target/classes/assets/textures/player2.png
21:36:58.234 [FXGL Background Thread 2 ] DEBUG Input                - Registered new binding: Jump0 - W
21:36:58.235 [FXGL Background Thread 2 ] DEBUG Input                - Registered new binding: Left0 - A
21:36:58.235 [FXGL Background Thread 2 ] DEBUG Input                - Registered new binding: Right0 - D
21:36:58.235 [FXGL Background Thread 2 ] DEBUG Input                - Registered new binding: Use0 - E
21:36:58.235 [FXGL Background Thread 2 ] DEBUG Input                - Registered new binding: Jump1 - Up
21:36:58.235 [FXGL Background Thread 2 ] DEBUG Input                - Registered new binding: Left1 - Left
21:36:58.235 [FXGL Background Thread 2 ] DEBUG Input                - Registered new binding: Right1 - Right
21:36:58.235 [FXGL Background Thread 2 ] DEBUG Input                - Registered new binding: Use1 - Slash
21:36:58.236 [FXGL Background Thread 2 ] DEBUG FXGLAssetLoaderServi - Loading from file system: file:/C:/Users/user/Desktop/JavaFXGame/target/classes/assets/textures/background/manila.png
21:36:58.248 [FXGL Background Thread 2 ] INFO  FXGLApplication      - Game initialization took: 0.083 sec
21:36:58.248 [JavaFX Application Thread] DEBUG Input                - Clearing active input actions
21:36:58.255 [JavaFX Application Thread] DEBUG GameApplicationServi - Removing overlay from MainLoadingScene and adding to GameScene
21:36:58.256 [JavaFX Application Thread] DEBUG PrimaryStageWindow   - MainLoadingScene -> GameScene
21:37:00.302 [JavaFX Application Thread] DEBUG FXGLApplication      - Exiting FXGL
21:37:00.302 [JavaFX Application Thread] DEBUG LoopRunner           - Stopping loop
21:37:00.302 [JavaFX Application Thread] DEBUG SystemBundleService  - Saving FXGL system data
21:37:00.304 [JavaFX Application Thread] DEBUG FileSystemAccess     - Writing to: C:\Users\user\Desktop\JavaFXGame\system\fxgl.bundle
21:37:00.306 [JavaFX Application Thread] DEBUG Async                - Shutting down background threads
21:37:00.306 [JavaFX Application Thread] DEBUG PrimaryStageWindow   - Closing main window
21:37:00.316 [JavaFX Application Thread] DEBUG Logger               - Closing Logger
