17:13:55.556 [main                     ] DEBUG Logger               - Configured Logger
17:13:55.567 [main                     ] DEBUG GameApplication      - Logging settings
Title: Untitled
Version: 0.0
Width: 1280
Height: 720
Fullscreen: false
Intro: false
Profiling: false
Single step:false
App Mode: DEVELOPER
Menu Key: ESCAPE
Stage Style: DECORATED
Scene Factory: class com.sunsofgod.PlatformerApp$1

17:13:55.793 [JavaFX Application Thread] DEBUG FXGLApplication      - Initializing FXGL
17:13:55.796 [JavaFX Application Thread] INFO  Engine               - FXGL-17.2 (20.08.2022 16.50) on WINDOWS (J:21.0.4 FX:17.0.12)
17:13:55.797 [JavaFX Application Thread] DEBUG Engine               - JRE Vendor Name: Eclipse Adoptium
17:13:55.797 [JavaFX Application Thread] DEBUG Engine               - Running on OS: Windows 11 version 10.0
17:13:55.797 [JavaFX Application Thread] DEBUG Engine               - Architecture: amd64
17:13:55.797 [JavaFX Application Thread] INFO  Engine               - Source code and latest versions at: https://github.com/AlmasB/FXGL
17:13:55.797 [JavaFX Application Thread] INFO  Engine               -       Ask questions and discuss at: https://github.com/AlmasB/FXGL/discussions
17:13:55.797 [JavaFX Application Thread] INFO  Engine               -              Join the FXGL chat at: https://gitter.im/AlmasB/FXGL
17:13:55.858 [JavaFX Application Thread] DEBUG PrimaryStageWindow   - Creating a JavaFX scene
17:13:55.888 [JavaFX Application Thread] DEBUG PrimaryStageWindow   - Target settings size: 1280.0 x 720.0
17:13:55.888 [JavaFX Application Thread] DEBUG PrimaryStageWindow   - Scaled scene size:    1280.0 x 720.0
17:13:55.888 [JavaFX Application Thread] DEBUG PrimaryStageWindow   - Scaled ratio: (1.0, 1.0)
17:13:55.889 [JavaFX Application Thread] DEBUG PrimaryStageWindow   - Set initial scene to FXGLStartupScene
17:13:55.893 [JavaFX Application Thread] DEBUG PrimaryStageWindow   - Opening main window
17:13:55.953 [JavaFX Application Thread] DEBUG PrimaryStageWindow   - Window border size: (16.0, 39.0)
17:13:55.953 [JavaFX Application Thread] DEBUG PrimaryStageWindow   - Scaled size: 1280.0 x 720.0
17:13:55.953 [JavaFX Application Thread] DEBUG PrimaryStageWindow   - Scaled ratio: (1.0, 1.0)
17:13:55.954 [JavaFX Application Thread] DEBUG PrimaryStageWindow   - Scene size: 1280.0 x 720.0
17:13:55.954 [JavaFX Application Thread] DEBUG PrimaryStageWindow   - Stage size: 1296.0 x 759.0
17:13:55.961 [FXGL Background Thread 1 ] DEBUG Engine               - Initializing environment variables
17:13:55.992 [FXGL Background Thread 1 ] DEBUG FXGLAssetLoaderServi - User app class for loading assets: class com.sunsofgod.PlatformerApp
17:13:55.992 [FXGL Background Thread 1 ] DEBUG GameApplicationServi - Applying CSS: fxgl_dark.css
17:13:55.992 [FXGL Background Thread 1 ] DEBUG FXGLAssetLoaderServi - Loading from file system: jar:file:///C:/Users/user/.m2/repository/com/github/almasb/fxgl/17.2/fxgl-17.2.jar!/fxglassets/ui/css/fxgl_dark.css
17:13:56.021 [FXGL Background Thread 1 ] DEBUG GameApplicationServi - Initializing application scenes
17:13:56.056 [FXGL Background Thread 1 ] WARN  FXGLAssetLoaderServi - Asset "/assets/textures/player.png" was not found!
17:13:56.056 [FXGL Background Thread 1 ] WARN  FXGLAssetLoaderServi - Failed to load IMAGE
17:13:56.072 [FXGL Background Thread 1 ] DEBUG GameWorld            - Game world initialized
17:13:56.103 [FXGL Background Thread 1 ] DEBUG PhysicsWorld         - Physics world initialized: appHeight=720, physics.ppm=50.0
17:13:56.103 [FXGL Background Thread 1 ] DEBUG PhysicsWorld         - Using strategy: BRUTE_FORCE
17:13:56.105 [FXGL Background Thread 1 ] DEBUG GameScene            - Game scene initialized: 1280x720
17:13:56.305 [FXGL Background Thread 1 ] DEBUG GameApplicationServi - Application scenes initialized
17:13:56.316 [FXGL Background Thread 1 ] DEBUG SystemBundleService  - Loading FXGL system data
17:13:56.320 [FXGL Background Thread 1 ] DEBUG FileSystemAccess     - Reading from: C:\Users\user\Desktop\JavaFXGame\system\fxgl.bundle
17:13:56.327 [FXGL Background Thread 1 ] DEBUG SystemBundleService  - Bundle FXGL: {}
17:13:56.327 [FXGL Background Thread 1 ] DEBUG UpdaterService       - Checking for updates
17:13:56.344 [FXGL Background Thread 4 ] DEBUG FXGLApplication      - Loading fonts
17:13:56.344 [FXGL Background Thread 1 ] DEBUG FXGLApplication      - Loading default localization
17:13:56.344 [FXGL Background Thread 4 ] DEBUG FXGLAssetLoaderServi - Loading from file system: jar:file:///C:/Users/user/.m2/repository/com/github/almasb/fxgl/17.2/fxgl-17.2.jar!/fxglassets/ui/fonts/VarelaRound-Regular.ttf
17:13:56.345 [FXGL Background Thread 1 ] DEBUG FXGLAssetLoaderServi - Loading from file system: jar:file:///C:/Users/user/.m2/repository/com/github/almasb/fxgl/17.2/fxgl-17.2.jar!/fxglassets/languages/english.lang
17:13:56.362 [FXGL Background Thread 1 ] INFO  FXGLApplication      - FXGL initialization took: 0.401 sec
17:13:56.363 [JavaFX Application Thread] DEBUG FXGLAssetLoaderServi - Loading from file system: jar:file:///C:/Users/user/.m2/repository/com/github/almasb/fxgl/17.2/fxgl-17.2.jar!/fxglassets/textures/fxgl_icon.png
17:13:56.377 [FXGL Background Thread 4 ] DEBUG FXGLAssetLoaderServi - Loading from file system: jar:file:///C:/Users/user/.m2/repository/com/github/almasb/fxgl/17.2/fxgl-17.2.jar!/fxglassets/ui/fonts/Abel-Regular.ttf
17:13:56.377 [JavaFX Application Thread] DEBUG FXGLAssetLoaderServi - Loading from file system: jar:file:///C:/Users/user/.m2/repository/com/github/almasb/fxgl/17.2/fxgl-17.2.jar!/fxglassets/textures/fxgl_default_cursor.png
17:13:56.379 [FXGL Background Thread 4 ] DEBUG FXGLAssetLoaderServi - Loading from file system: jar:file:///C:/Users/user/.m2/repository/com/github/almasb/fxgl/17.2/fxgl-17.2.jar!/fxglassets/ui/fonts/TerminalLandMono-Regular.otf
17:13:56.383 [FXGL Background Thread 4 ] DEBUG FXGLAssetLoaderServi - Loading from file system: jar:file:///C:/Users/user/.m2/repository/com/github/almasb/fxgl/17.2/fxgl-17.2.jar!/fxglassets/ui/fonts/Courier-Prime.ttf
17:13:56.387 [JavaFX Application Thread] DEBUG Input                - Registered new binding: Screenshot - CTRL+8
17:13:56.387 [JavaFX Application Thread] DEBUG Input                - Registered new binding: Dev Options - 1
17:13:56.387 [JavaFX Application Thread] DEBUG Input                - Registered new binding: Dev Console - 2
17:13:56.387 [JavaFX Application Thread] DEBUG Input                - Registered new binding: System info dump - CTRL+9
17:13:56.387 [JavaFX Application Thread] DEBUG Input                - Registered new binding: Restart - CTRL+R
17:13:56.388 [JavaFX Application Thread] DEBUG Input                - Registered new binding: Toggle Debug Camera - CTRL+7
17:13:56.390 [JavaFX Application Thread] DEBUG LoopRunner           - Starting loop
17:13:56.399 [JavaFX Application Thread] DEBUG LoopRunner           - Initializing JavaFX AnimationTimerLoop
17:13:56.401 [JavaFX Application Thread] DEBUG Input                - Clearing active input actions
17:13:56.406 [JavaFX Application Thread] DEBUG GameApplicationServi - Removing overlay from FXGLStartupScene and adding to FXGLMainMenuDummyScene
17:13:56.408 [JavaFX Application Thread] DEBUG PrimaryStageWindow   - FXGLStartupScene -> FXGLMainMenuDummyScene
17:13:56.408 [JavaFX Application Thread] DEBUG PrimaryStageWindow   - Push state: RiderMainMenuScene
17:13:56.410 [JavaFX Application Thread] DEBUG Input                - Clearing active input actions
17:13:56.414 [JavaFX Application Thread] DEBUG GameApplicationServi - Removing overlay from FXGLMainMenuDummyScene and adding to RiderMainMenuScene
17:13:56.415 [JavaFX Application Thread] DEBUG PrimaryStageWindow   - FXGLMainMenuDummyScene -> RiderMainMenuScene
17:13:56.538 [JavaFX Application Thread] DEBUG FXGLApplication      - Registering font factories with UI factory
17:13:56.674 [FXGL Background Thread 2 ] INFO  UpdaterService       - Your current version:  17.2
17:13:56.674 [FXGL Background Thread 2 ] INFO  UpdaterService       - Latest stable version: 21.1
17:13:58.081 [JavaFX Application Thread] DEBUG PrimaryStageWindow   - Push state: PlayerSelectScene
17:13:58.081 [JavaFX Application Thread] DEBUG Input                - Clearing active input actions
17:13:58.081 [JavaFX Application Thread] DEBUG GameApplicationServi - Removing overlay from RiderMainMenuScene and adding to PlayerSelectScene
17:13:58.083 [JavaFX Application Thread] DEBUG PrimaryStageWindow   - RiderMainMenuScene -> PlayerSelectScene
17:13:59.344 [FXGL Background Thread 3 ] DEBUG Engine               - Logging environment variables
17:13:59.344 [FXGL Background Thread 3 ] DEBUG Engine               - achievements: []
17:13:59.344 [FXGL Background Thread 3 ] DEBUG Engine               - actualHeight: 720.0
17:13:59.344 [FXGL Background Thread 3 ] DEBUG Engine               - actualHeightProperty: ReadOnlyDoubleProperty [value: 720.0]
17:13:59.345 [FXGL Background Thread 3 ] DEBUG Engine               - actualWidth: 1280.0
17:13:59.345 [FXGL Background Thread 3 ] DEBUG Engine               - actualWidthProperty: ReadOnlyDoubleProperty [value: 1280.0]
17:13:59.345 [FXGL Background Thread 3 ] DEBUG Engine               - appIcon: fxgl_icon.png
17:13:59.345 [FXGL Background Thread 3 ] DEBUG Engine               - applicationMode: DEVELOPER
17:13:59.345 [FXGL Background Thread 3 ] DEBUG Engine               - cSSList: [fxgl_dark.css]
17:13:59.345 [FXGL Background Thread 3 ] DEBUG Engine               - collisionDetectionStrategy: BRUTE_FORCE
17:13:59.345 [FXGL Background Thread 3 ] DEBUG Engine               - configClass: Optional.empty
17:13:59.345 [FXGL Background Thread 3 ] DEBUG Engine               - credits: []
17:13:59.346 [FXGL Background Thread 3 ] DEBUG Engine               - defaultCursor: CursorInfo(imageName=fxgl_default_cursor.png, hotspotX=7.0, hotspotY=6.0)
17:13:59.346 [FXGL Background Thread 3 ] DEBUG Engine               - devBBoxColorProperty: ObjectProperty [value: 0xff0000ff]
17:13:59.346 [FXGL Background Thread 3 ] DEBUG Engine               - devEnableDebugCameraProperty: BooleanProperty [value: false]
17:13:59.346 [FXGL Background Thread 3 ] DEBUG Engine               - devSensorColorProperty: ObjectProperty [value: 0xffff00ff]
17:13:59.346 [FXGL Background Thread 3 ] DEBUG Engine               - devShowBBoxProperty: BooleanProperty [value: false]
17:13:59.346 [FXGL Background Thread 3 ] DEBUG Engine               - devShowPositionProperty: BooleanProperty [value: false]
17:13:59.347 [FXGL Background Thread 3 ] DEBUG Engine               - enabledMenuItems: []
17:13:59.347 [FXGL Background Thread 3 ] DEBUG Engine               - engineServices: [class com.almasb.fxgl.app.services.FXGLAssetLoaderService, class com.almasb.fxgl.app.FXGLApplication$GameApplicationService, class com.almasb.fxgl.app.services.FXGLDialogService, class com.almasb.fxgl.app.services.IOTaskExecutorService, class com.almasb.fxgl.io.FileSystemService, class com.almasb.fxgl.localization.LocalizationService, class com.almasb.fxgl.app.services.SystemBundleService, class com.almasb.fxgl.profile.SaveLoadService, class com.almasb.fxgl.ui.FXGLUIFactoryServiceProvider, class com.almasb.fxgl.ui.FXGLDialogFactoryServiceProvider, class com.almasb.fxgl.audio.AudioPlayer, class com.almasb.fxgl.notification.impl.NotificationServiceProvider, class com.almasb.fxgl.achievement.AchievementService, class com.almasb.fxgl.cutscene.CutsceneService, class com.almasb.fxgl.minigames.MiniGameService, class com.almasb.fxgl.net.NetService, class com.almasb.fxgl.app.services.UpdaterService, class com.almasb.fxgl.dev.DevService]
17:13:59.347 [FXGL Background Thread 3 ] DEBUG Engine               - fontGame: Abel-Regular.ttf
17:13:59.347 [FXGL Background Thread 3 ] DEBUG Engine               - fontMono: TerminalLandMono-Regular.otf
17:13:59.347 [FXGL Background Thread 3 ] DEBUG Engine               - fontText: Courier-Prime.ttf
17:13:59.347 [FXGL Background Thread 3 ] DEBUG Engine               - fontUI: VarelaRound-Regular.ttf
17:13:59.347 [FXGL Background Thread 3 ] DEBUG Engine               - fullScreen: BooleanProperty [value: false]
17:13:59.347 [FXGL Background Thread 3 ] DEBUG Engine               - gameDifficulty: MEDIUM
17:13:59.347 [FXGL Background Thread 3 ] DEBUG Engine               - gameDifficultyProperty: ObjectProperty [value: MEDIUM]
17:13:59.347 [FXGL Background Thread 3 ] DEBUG Engine               - globalMusicVolume: 0.5
17:13:59.347 [FXGL Background Thread 3 ] DEBUG Engine               - globalMusicVolumeProperty: DoubleProperty [value: 0.25]
17:13:59.347 [FXGL Background Thread 3 ] DEBUG Engine               - globalSoundVolume: 0.5
17:13:59.347 [FXGL Background Thread 3 ] DEBUG Engine               - globalSoundVolumeProperty: DoubleProperty [value: 0.5]
17:13:59.347 [FXGL Background Thread 3 ] DEBUG Engine               - height: 720
17:13:59.347 [FXGL Background Thread 3 ] DEBUG Engine               - is3D: false
17:13:59.347 [FXGL Background Thread 3 ] DEBUG Engine               - isAndroid: false
17:13:59.347 [FXGL Background Thread 3 ] DEBUG Engine               - isBrowser: false
17:13:59.347 [FXGL Background Thread 3 ] DEBUG Engine               - isClickFeedbackEnabled: false
17:13:59.347 [FXGL Background Thread 3 ] DEBUG Engine               - isCloseConfirmation: false
17:13:59.347 [FXGL Background Thread 3 ] DEBUG Engine               - isDesktop: true
17:13:59.347 [FXGL Background Thread 3 ] DEBUG Engine               - isDeveloperMenuEnabled: true
17:13:59.347 [FXGL Background Thread 3 ] DEBUG Engine               - isEmbedded: false
17:13:59.347 [FXGL Background Thread 3 ] DEBUG Engine               - isEntityPreloadEnabled: true
17:13:59.347 [FXGL Background Thread 3 ] DEBUG Engine               - isExperimentalTiledLargeMap: false
17:13:59.347 [FXGL Background Thread 3 ] DEBUG Engine               - isFileSystemWriteAllowed: true
17:13:59.347 [FXGL Background Thread 3 ] DEBUG Engine               - isFullScreenAllowed: false
17:13:59.347 [FXGL Background Thread 3 ] DEBUG Engine               - isFullScreenFromStart: false
17:13:59.347 [FXGL Background Thread 3 ] DEBUG Engine               - isGameMenuEnabled: true
17:13:59.347 [FXGL Background Thread 3 ] DEBUG Engine               - isIOS: false
17:13:59.347 [FXGL Background Thread 3 ] DEBUG Engine               - isIntroEnabled: false
17:13:59.347 [FXGL Background Thread 3 ] DEBUG Engine               - isLinux: false
17:13:59.347 [FXGL Background Thread 3 ] DEBUG Engine               - isMac: false
17:13:59.347 [FXGL Background Thread 3 ] DEBUG Engine               - isMainMenuEnabled: true
17:13:59.347 [FXGL Background Thread 3 ] DEBUG Engine               - isManualResizeEnabled: false
17:13:59.347 [FXGL Background Thread 3 ] DEBUG Engine               - isMobile: false
17:13:59.349 [FXGL Background Thread 3 ] DEBUG Engine               - isNative: false
17:13:59.349 [FXGL Background Thread 3 ] DEBUG Engine               - isPauseMusicWhenMinimized: true
17:13:59.349 [FXGL Background Thread 3 ] DEBUG Engine               - isPreserveResizeRatio: false
17:13:59.349 [FXGL Background Thread 3 ] DEBUG Engine               - isProfilingEnabled: false
17:13:59.349 [FXGL Background Thread 3 ] DEBUG Engine               - isScaleAffectedOnResize: true
17:13:59.349 [FXGL Background Thread 3 ] DEBUG Engine               - isSingleStep: false
17:13:59.349 [FXGL Background Thread 3 ] DEBUG Engine               - isUserProfileEnabled: false
17:13:59.349 [FXGL Background Thread 3 ] DEBUG Engine               - isWindows: true
17:13:59.349 [FXGL Background Thread 3 ] DEBUG Engine               - language: ObjectProperty [value: ENGLISH]
17:13:59.349 [FXGL Background Thread 3 ] DEBUG Engine               - menuKey: ESCAPE
17:13:59.349 [FXGL Background Thread 3 ] DEBUG Engine               - mouseSensitivity: 0.2
17:13:59.349 [FXGL Background Thread 3 ] DEBUG Engine               - notificationViewClass: class com.almasb.fxgl.notification.view.XboxNotificationView
17:13:59.349 [FXGL Background Thread 3 ] DEBUG Engine               - pixelsPerMeter: 50.0
17:13:59.349 [FXGL Background Thread 3 ] DEBUG Engine               - platform: WINDOWS
17:13:59.349 [FXGL Background Thread 3 ] DEBUG Engine               - prefHeightProperty: ReadOnlyDoubleProperty [value: 720.0]
17:13:59.349 [FXGL Background Thread 3 ] DEBUG Engine               - prefWidthProperty: ReadOnlyDoubleProperty [value: 1280.0]
17:13:59.349 [FXGL Background Thread 3 ] DEBUG Engine               - profileDir: profiles/
17:13:59.349 [FXGL Background Thread 3 ] DEBUG Engine               - profileName: StringProperty [value: DEFAULT]
17:13:59.350 [FXGL Background Thread 3 ] DEBUG Engine               - randomSeed: -1
17:13:59.350 [FXGL Background Thread 3 ] DEBUG Engine               - runtimeInfo: RuntimeInfo(platform=WINDOWS, version=17.2, build=20.08.2022 16.50)
17:13:59.350 [FXGL Background Thread 3 ] DEBUG Engine               - saveFileExt: sav
17:13:59.350 [FXGL Background Thread 3 ] DEBUG Engine               - scaledHeightProp$fxgl: DoubleProperty [bound, value: 720.0]
17:13:59.350 [FXGL Background Thread 3 ] DEBUG Engine               - scaledWidthProp$fxgl: DoubleProperty [bound, value: 1280.0]
17:13:59.350 [FXGL Background Thread 3 ] DEBUG Engine               - sceneFactory: com.sunsofgod.PlatformerApp$1@4d5325c6
17:13:59.350 [FXGL Background Thread 3 ] DEBUG Engine               - secondsIn24h: 60
17:13:59.350 [FXGL Background Thread 3 ] DEBUG Engine               - soundMenuBack: menu/back.wav
17:13:59.350 [FXGL Background Thread 3 ] DEBUG Engine               - soundMenuPress: menu/press.wav
17:13:59.350 [FXGL Background Thread 3 ] DEBUG Engine               - soundMenuSelect: menu/select.wav
17:13:59.350 [FXGL Background Thread 3 ] DEBUG Engine               - soundNotification: core/notification.wav
17:13:59.350 [FXGL Background Thread 3 ] DEBUG Engine               - stageStyle: DECORATED
17:13:59.351 [FXGL Background Thread 3 ] DEBUG Engine               - supportedLanguages: [ENGLISH, FRENCH, GERMAN, HUNGARIAN, RUSSIAN]
17:13:59.351 [FXGL Background Thread 3 ] DEBUG Engine               - ticksPerSecond: -1
17:13:59.351 [FXGL Background Thread 3 ] DEBUG Engine               - title: Untitled
17:13:59.351 [FXGL Background Thread 3 ] DEBUG Engine               - urlGithub: https://github.com/AlmasB/FXGL
17:13:59.351 [FXGL Background Thread 3 ] DEBUG Engine               - urlLeaderboard: http://fxgl-top.herokuapp.com/
17:13:59.351 [FXGL Background Thread 3 ] DEBUG Engine               - urlPOM: https://raw.githubusercontent.com/AlmasB/FXGL/release/README.md
17:13:59.351 [FXGL Background Thread 3 ] DEBUG Engine               - userAppClass: class com.sunsofgod.PlatformerApp
17:13:59.351 [FXGL Background Thread 3 ] DEBUG Engine               - version: 0.0
17:13:59.351 [FXGL Background Thread 3 ] DEBUG Engine               - versionCheckDays: 7
17:13:59.351 [FXGL Background Thread 3 ] DEBUG Engine               - width: 1280
17:13:59.351 [FXGL Background Thread 3 ] DEBUG Engine               - Logging services
17:13:59.351 [FXGL Background Thread 3 ] DEBUG Engine               - class com.almasb.fxgl.app.services.FXGLAssetLoaderService
17:13:59.351 [FXGL Background Thread 3 ] DEBUG Engine               - class com.almasb.fxgl.app.FXGLApplication$GameApplicationService
17:13:59.351 [FXGL Background Thread 3 ] DEBUG Engine               - class com.almasb.fxgl.app.services.FXGLDialogService
17:13:59.351 [FXGL Background Thread 3 ] DEBUG Engine               - class com.almasb.fxgl.app.services.IOTaskExecutorService
17:13:59.351 [FXGL Background Thread 3 ] DEBUG Engine               - class com.almasb.fxgl.io.FileSystemService
17:13:59.351 [FXGL Background Thread 3 ] DEBUG Engine               - class com.almasb.fxgl.localization.LocalizationService
17:13:59.351 [FXGL Background Thread 3 ] DEBUG Engine               - class com.almasb.fxgl.app.services.SystemBundleService
17:13:59.351 [FXGL Background Thread 3 ] DEBUG Engine               - class com.almasb.fxgl.profile.SaveLoadService
17:13:59.351 [FXGL Background Thread 3 ] DEBUG Engine               - class com.almasb.fxgl.ui.FXGLUIFactoryServiceProvider
17:13:59.351 [FXGL Background Thread 3 ] DEBUG Engine               - class com.almasb.fxgl.ui.FXGLDialogFactoryServiceProvider
17:13:59.351 [FXGL Background Thread 3 ] DEBUG Engine               - class com.almasb.fxgl.audio.AudioPlayer
17:13:59.351 [FXGL Background Thread 3 ] DEBUG Engine               - class com.almasb.fxgl.notification.impl.NotificationServiceProvider
17:13:59.351 [FXGL Background Thread 3 ] DEBUG Engine               - class com.almasb.fxgl.achievement.AchievementService
17:13:59.351 [FXGL Background Thread 3 ] DEBUG Engine               - class com.almasb.fxgl.cutscene.CutsceneService
17:13:59.351 [FXGL Background Thread 3 ] DEBUG Engine               - class com.almasb.fxgl.minigames.MiniGameService
17:13:59.352 [FXGL Background Thread 3 ] DEBUG Engine               - class com.almasb.fxgl.net.NetService
17:13:59.352 [FXGL Background Thread 3 ] DEBUG Engine               - class com.almasb.fxgl.app.services.UpdaterService
17:13:59.352 [FXGL Background Thread 3 ] DEBUG Engine               - class com.almasb.fxgl.dev.DevService
17:13:59.875 [JavaFX Application Thread] DEBUG PrimaryStageWindow   - Push state: LevelSelectScene
17:13:59.875 [JavaFX Application Thread] DEBUG Input                - Clearing active input actions
17:13:59.876 [JavaFX Application Thread] DEBUG GameApplicationServi - Removing overlay from PlayerSelectScene and adding to LevelSelectScene
17:13:59.877 [JavaFX Application Thread] DEBUG PrimaryStageWindow   - PlayerSelectScene -> LevelSelectScene
17:14:00.760 [JavaFX Application Thread] DEBUG Menu                 - fireNewGame()
17:14:00.760 [JavaFX Application Thread] DEBUG GameApplicationServi - Starting new game
17:14:00.761 [JavaFX Application Thread] DEBUG PrimaryStageWindow   - Pop state: LevelSelectScene
17:14:00.761 [JavaFX Application Thread] DEBUG Input                - Clearing active input actions
17:14:00.761 [JavaFX Application Thread] DEBUG GameApplicationServi - Removing overlay from LevelSelectScene and adding to PlayerSelectScene
17:14:00.762 [JavaFX Application Thread] DEBUG PrimaryStageWindow   - PlayerSelectScene <- LevelSelectScene
17:14:00.762 [JavaFX Application Thread] DEBUG PrimaryStageWindow   - Pop state: PlayerSelectScene
17:14:00.762 [JavaFX Application Thread] DEBUG Input                - Clearing active input actions
17:14:00.763 [JavaFX Application Thread] DEBUG GameApplicationServi - Removing overlay from PlayerSelectScene and adding to RiderMainMenuScene
17:14:00.763 [JavaFX Application Thread] DEBUG PrimaryStageWindow   - RiderMainMenuScene <- PlayerSelectScene
17:14:00.763 [JavaFX Application Thread] DEBUG PrimaryStageWindow   - Pop state: RiderMainMenuScene
17:14:00.763 [JavaFX Application Thread] DEBUG Input                - Clearing active input actions
17:14:00.763 [JavaFX Application Thread] DEBUG GameApplicationServi - Removing overlay from RiderMainMenuScene and adding to FXGLMainMenuDummyScene
17:14:00.764 [JavaFX Application Thread] DEBUG PrimaryStageWindow   - FXGLMainMenuDummyScene <- RiderMainMenuScene
17:14:00.765 [JavaFX Application Thread] DEBUG Input                - Clearing active input actions
17:14:00.771 [JavaFX Application Thread] DEBUG GameApplicationServi - Removing overlay from FXGLMainMenuDummyScene and adding to MainLoadingScene
17:14:00.772 [JavaFX Application Thread] DEBUG PrimaryStageWindow   - FXGLMainMenuDummyScene -> MainLoadingScene
17:14:00.772 [JavaFX Application Thread] DEBUG GameApplicationServi - Clearing previous game
17:14:00.772 [JavaFX Application Thread] DEBUG GameScene            - Clearing game scene
17:14:00.772 [JavaFX Application Thread] DEBUG GameWorld            - Clearing game world
17:14:00.772 [JavaFX Application Thread] DEBUG PhysicsWorld         - Clearing physics world
17:14:00.773 [FXGL Background Thread 2 ] DEBUG FXGLApplication      - Initializing game
17:14:00.804 [FXGL Background Thread 2 ] WARN  TMXLevelLoader       - TiledMap generated from 1.11.0. Supported version: 1.9.0. Some features may not be parsed fully.
17:14:00.811 [FXGL Background Thread 2 ] DEBUG TMXLevelLoader       - Parsed TiledMap: file:/C:/Users/user/Desktop/JavaFXGame/target/classes/assets/levels/tmx/level5.tmx
17:14:00.812 [FXGL Background Thread 2 ] DEBUG TMXLevelLoader       - Creating tile layer entities
17:14:00.813 [FXGL Background Thread 2 ] DEBUG TilesetLoader        - Loading view for layer Tile Layer 1
17:14:00.816 [FXGL Background Thread 2 ] DEBUG TilesetLoader        - Created buffer with size 2450.0x700.0
17:14:00.827 [FXGL Background Thread 2 ] DEBUG TMXLevelLoader       - Creating object layer entities
17:14:00.845 [FXGL Background Thread 2 ] DEBUG FXGLAssetLoaderServi - Loading from file system: file:/C:/Users/user/Desktop/JavaFXGame/target/classes/assets/textures/button.png
17:14:00.854 [FXGL Background Thread 2 ] DEBUG GameWorld            - Clearing removable entities
17:14:00.854 [FXGL Background Thread 2 ] DEBUG GameWorld            - Setting level: com.almasb.fxgl.entity.level.Level@3da36dee
17:14:00.861 [FXGL Background Thread 2 ] DEBUG FXGLAssetLoaderServi - Loading from file system: file:/C:/Users/user/Desktop/JavaFXGame/target/classes/assets/textures/player1.png
17:14:00.868 [FXGL Background Thread 2 ] DEBUG FXGLAssetLoaderServi - Loading from file system: file:/C:/Users/user/Desktop/JavaFXGame/target/classes/assets/textures/player2.png
17:14:00.871 [FXGL Background Thread 2 ] DEBUG Input                - Clearing active input actions
17:14:00.871 [FXGL Background Thread 2 ] DEBUG Input                - Registered new binding: Jump0 - W
17:14:00.872 [FXGL Background Thread 2 ] DEBUG Input                - Registered new binding: Left0 - A
17:14:00.872 [FXGL Background Thread 2 ] DEBUG Input                - Registered new binding: Right0 - D
17:14:00.872 [FXGL Background Thread 2 ] DEBUG Input                - Registered new binding: Use0 - E
17:14:00.872 [FXGL Background Thread 2 ] DEBUG Input                - Registered new binding: Jump1 - Up
17:14:00.872 [FXGL Background Thread 2 ] DEBUG Input                - Registered new binding: Left1 - Left
17:14:00.872 [FXGL Background Thread 2 ] DEBUG Input                - Registered new binding: Right1 - Right
17:14:00.872 [FXGL Background Thread 2 ] DEBUG Input                - Registered new binding: Use1 - Slash
17:14:00.873 [FXGL Background Thread 2 ] DEBUG FXGLAssetLoaderServi - Loading from file system: file:/C:/Users/user/Desktop/JavaFXGame/target/classes/assets/textures/background/manila.png
17:14:00.891 [FXGL Background Thread 2 ] INFO  FXGLApplication      - Game initialization took: 0.118 sec
17:14:00.892 [JavaFX Application Thread] DEBUG Input                - Clearing active input actions
17:14:00.897 [JavaFX Application Thread] DEBUG GameApplicationServi - Removing overlay from MainLoadingScene and adding to GameScene
17:14:00.898 [JavaFX Application Thread] DEBUG PrimaryStageWindow   - MainLoadingScene -> GameScene
17:14:03.041 [JavaFX Application Thread] DEBUG FXGLAssetLoaderServi - Loading from file system: file:/C:/Users/user/Desktop/JavaFXGame/target/classes/assets/sounds/jump.wav
17:14:05.416 [JavaFX Application Thread] DEBUG FXGLApplication      - Exiting FXGL
17:14:05.416 [JavaFX Application Thread] DEBUG LoopRunner           - Stopping loop
17:14:05.416 [JavaFX Application Thread] DEBUG SystemBundleService  - Saving FXGL system data
17:14:05.418 [JavaFX Application Thread] DEBUG FileSystemAccess     - Writing to: C:\Users\user\Desktop\JavaFXGame\system\fxgl.bundle
17:14:05.420 [JavaFX Application Thread] DEBUG Async                - Shutting down background threads
17:14:05.420 [JavaFX Application Thread] DEBUG PrimaryStageWindow   - Closing main window
17:14:05.430 [JavaFX Application Thread] DEBUG Logger               - Closing Logger
