16:06:04.291 [main                     ] DEBUG Logger               - Configured Logger
16:06:04.310 [main                     ] DEBUG GameApplication      - Logging settings
Title: Untitled
Version: 0.0
Width: 1280
Height: 720
Fullscreen: false
Intro: false
Profiling: false
Single step:false
App Mode: DEVELOPER
Menu Key: ESCAPE
Stage Style: DECORATED
Scene Factory: class com.sunsofgod.PlatformerApp$1

16:06:09.639 [JavaFX Application Thread] DEBUG FXGLApplication      - Initializing FXGL
16:06:09.642 [JavaFX Application Thread] INFO  Engine               - FXGL-17.2 (20.08.2022 16.50) on MAC (J:17.0.2 FX:18)
16:06:09.642 [JavaFX Application Thread] DEBUG Engine               - JRE Vendor Name: Oracle Corporation
16:06:09.643 [JavaFX Application Thread] DEBUG Engine               - Running on OS: Mac OS X version 14.6.1
16:06:09.643 [JavaFX Application Thread] DEBUG Engine               - Architecture: aarch64
16:06:09.643 [JavaFX Application Thread] INFO  Engine               - Source code and latest versions at: https://github.com/AlmasB/FXGL
16:06:09.643 [JavaFX Application Thread] INFO  Engine               -       Ask questions and discuss at: https://github.com/AlmasB/FXGL/discussions
16:06:09.643 [JavaFX Application Thread] INFO  Engine               -              Join the FXGL chat at: https://gitter.im/AlmasB/FXGL
16:06:09.703 [JavaFX Application Thread] DEBUG PrimaryStageWindow   - Creating a JavaFX scene
16:06:09.721 [JavaFX Application Thread] DEBUG PrimaryStageWindow   - Target settings size: 1280.0 x 720.0
16:06:09.721 [JavaFX Application Thread] DEBUG PrimaryStageWindow   - Scaled scene size:    1280.0 x 720.0
16:06:09.721 [JavaFX Application Thread] DEBUG PrimaryStageWindow   - Scaled ratio: (1.0, 1.0)
16:06:09.722 [JavaFX Application Thread] DEBUG PrimaryStageWindow   - Set initial scene to FXGLStartupScene
16:06:09.724 [JavaFX Application Thread] DEBUG PrimaryStageWindow   - Opening main window
16:06:09.802 [JavaFX Application Thread] DEBUG PrimaryStageWindow   - Window border size: (0.0, 28.0)
16:06:09.802 [JavaFX Application Thread] DEBUG PrimaryStageWindow   - Scaled size: 1280.0 x 720.0
16:06:09.803 [JavaFX Application Thread] DEBUG PrimaryStageWindow   - Scaled ratio: (1.0, 1.0)
16:06:09.803 [JavaFX Application Thread] DEBUG PrimaryStageWindow   - Scene size: 1280.0 x 720.0
16:06:09.803 [JavaFX Application Thread] DEBUG PrimaryStageWindow   - Stage size: 1280.0 x 748.0
16:06:09.807 [FXGL Background Thread 1 ] DEBUG Engine               - Initializing environment variables
16:06:09.840 [FXGL Background Thread 1 ] DEBUG FXGLAssetLoaderServi - User app class for loading assets: class com.sunsofgod.PlatformerApp
16:06:09.840 [FXGL Background Thread 1 ] DEBUG GameApplicationServi - Applying CSS: fxgl_dark.css
16:06:09.842 [FXGL Background Thread 1 ] DEBUG FXGLAssetLoaderServi - Loading from file system: jar:file:///Users/aaron/.m2/repository/com/github/almasb/fxgl/17.2/fxgl-17.2.jar!/fxglassets/ui/css/fxgl_dark.css
16:06:09.892 [FXGL Background Thread 1 ] DEBUG GameApplicationServi - Initializing application scenes
16:06:10.003 [FXGL Background Thread 1 ] WARN  FXGLAssetLoaderServi - Asset "/assets/textures/player.png" was not found!
16:06:10.003 [FXGL Background Thread 1 ] WARN  FXGLAssetLoaderServi - Failed to load IMAGE
16:06:10.021 [FXGL Background Thread 1 ] DEBUG GameWorld            - Game world initialized
16:06:10.046 [FXGL Background Thread 1 ] DEBUG PhysicsWorld         - Physics world initialized: appHeight=720, physics.ppm=50.0
16:06:10.047 [FXGL Background Thread 1 ] DEBUG PhysicsWorld         - Using strategy: BRUTE_FORCE
16:06:10.049 [FXGL Background Thread 1 ] DEBUG GameScene            - Game scene initialized: 1280x720
16:06:10.054 [FXGL Background Thread 1 ] DEBUG FXGL.DefaultMenu     - createMenuBodyGameMenu()
16:06:10.066 [FXGL Background Thread 1 ] DEBUG FXGL.DefaultMenu     - createOptionsMenu()
16:06:10.071 [FXGL Background Thread 1 ] DEBUG FXGLAssetLoaderServi - Loading from file system: jar:file:///Users/aaron/.m2/repository/com/github/almasb/fxgl/17.2/fxgl-17.2.jar!/fxglassets/textures/particles/smoke.png
16:06:10.124 [FXGL Background Thread 1 ] DEBUG FXGLAssetLoaderServi - Loading from file system: jar:file:///Users/aaron/.m2/repository/com/github/almasb/fxgl/17.2/fxgl-17.2.jar!/fxglassets/textures/particles/trace_horizontal.png
16:06:10.141 [FXGL Background Thread 1 ] DEBUG GameApplicationServi - Application scenes initialized
16:06:10.147 [FXGL Background Thread 1 ] DEBUG SystemBundleService  - Loading FXGL system data
16:06:10.150 [FXGL Background Thread 1 ] DEBUG FileSystemAccess     - Reading from: /Users/aaron/Downloads/SunsOfGodApp/system/fxgl.bundle
16:06:10.155 [FXGL Background Thread 1 ] DEBUG SystemBundleService  - Bundle FXGL: {}
16:06:10.155 [FXGL Background Thread 1 ] DEBUG UpdaterService       - Checking for updates
16:06:10.157 [FXGL Background Thread 4 ] DEBUG FXGLApplication      - Loading fonts
16:06:10.157 [FXGL Background Thread 1 ] DEBUG FXGLApplication      - Loading default localization
16:06:10.158 [FXGL Background Thread 4 ] DEBUG FXGLAssetLoaderServi - Loading from file system: jar:file:///Users/aaron/.m2/repository/com/github/almasb/fxgl/17.2/fxgl-17.2.jar!/fxglassets/ui/fonts/VarelaRound-Regular.ttf
16:06:10.158 [FXGL Background Thread 1 ] DEBUG FXGLAssetLoaderServi - Loading from file system: jar:file:///Users/aaron/.m2/repository/com/github/almasb/fxgl/17.2/fxgl-17.2.jar!/fxglassets/languages/english.lang
16:06:10.168 [FXGL Background Thread 1 ] INFO  FXGLApplication      - FXGL initialization took: 0.361 sec
16:06:10.169 [FXGL Background Thread 4 ] DEBUG FXGLAssetLoaderServi - Loading from file system: jar:file:///Users/aaron/.m2/repository/com/github/almasb/fxgl/17.2/fxgl-17.2.jar!/fxglassets/ui/fonts/Abel-Regular.ttf
16:06:10.172 [FXGL Background Thread 4 ] DEBUG FXGLAssetLoaderServi - Loading from file system: jar:file:///Users/aaron/.m2/repository/com/github/almasb/fxgl/17.2/fxgl-17.2.jar!/fxglassets/ui/fonts/TerminalLandMono-Regular.otf
16:06:10.174 [JavaFX Application Thread] DEBUG Input                - Registered new binding: Left - A
16:06:10.174 [JavaFX Application Thread] DEBUG Input                - Registered new binding: Right - D
16:06:10.174 [JavaFX Application Thread] DEBUG Input                - Registered new binding: Jump - W
16:06:10.174 [JavaFX Application Thread] DEBUG Input                - Registered new binding: Use - E
16:06:10.174 [JavaFX Application Thread] WARN  FXGLAssetLoaderServi - Asset "/assets/music/BGM_dash_runner.wav" was not found!
16:06:10.174 [JavaFX Application Thread] WARN  FXGLAssetLoaderServi - Failed to load MUSIC
16:06:10.174 [JavaFX Application Thread] DEBUG AudioPlayer          - Playing music com.almasb.fxgl.audio.Music@616184d0
16:06:10.175 [JavaFX Application Thread] DEBUG FXGLAssetLoaderServi - Loading from file system: jar:file:///Users/aaron/.m2/repository/com/github/almasb/fxgl/17.2/fxgl-17.2.jar!/fxglassets/textures/fxgl_icon.png
16:06:10.181 [FXGL Background Thread 4 ] DEBUG FXGLAssetLoaderServi - Loading from file system: jar:file:///Users/aaron/.m2/repository/com/github/almasb/fxgl/17.2/fxgl-17.2.jar!/fxglassets/ui/fonts/Courier-Prime.ttf
16:06:10.194 [JavaFX Application Thread] DEBUG FXGLAssetLoaderServi - Loading from file system: jar:file:///Users/aaron/.m2/repository/com/github/almasb/fxgl/17.2/fxgl-17.2.jar!/fxglassets/textures/fxgl_default_cursor.png
16:06:10.195 [JavaFX Application Thread] DEBUG Input                - Registered new binding: Screenshot - CTRL+8
16:06:10.195 [JavaFX Application Thread] DEBUG Input                - Registered new binding: System info dump - CTRL+9
16:06:10.195 [JavaFX Application Thread] DEBUG Input                - Registered new binding: Restart - CTRL+R
16:06:10.195 [JavaFX Application Thread] DEBUG Input                - Registered new binding: Toggle Debug Camera - CTRL+7
16:06:10.196 [JavaFX Application Thread] DEBUG LoopRunner           - Starting loop
16:06:10.196 [JavaFX Application Thread] DEBUG LoopRunner           - Initializing JavaFX AnimationTimerLoop
16:06:10.197 [JavaFX Application Thread] DEBUG GameApplicationServi - Starting new game
16:06:10.197 [JavaFX Application Thread] DEBUG Input                - Clearing active input actions
16:06:10.201 [JavaFX Application Thread] DEBUG GameApplicationServi - Removing overlay from FXGLStartupScene and adding to MainLoadingScene
16:06:10.201 [JavaFX Application Thread] DEBUG PrimaryStageWindow   - FXGLStartupScene -> MainLoadingScene
16:06:10.201 [JavaFX Application Thread] DEBUG GameApplicationServi - Clearing previous game
16:06:10.201 [JavaFX Application Thread] DEBUG GameScene            - Clearing game scene
16:06:10.201 [JavaFX Application Thread] DEBUG GameWorld            - Clearing game world
16:06:10.202 [JavaFX Application Thread] DEBUG PhysicsWorld         - Clearing physics world
16:06:10.202 [FXGL Background Thread 4 ] DEBUG FXGLApplication      - Initializing game
16:06:10.208 [FXGL Background Thread 4 ] WARN  FXGLAssetLoaderServi - Asset "/assets/levels/tmx/level1.tmx" was not found!
16:06:10.243 [JavaFX Application Thread] DEBUG FXGLApplication      - Registering font factories with UI factory
16:06:10.244 [JavaFX Application Thread] DEBUG LoopRunner           - Stopping loop
16:06:10.245 [JavaFX Application Thread] FATAL FXGLApplication      - Uncaught Exception:
java.lang.RuntimeException: Initialization failed
	at com.almasb.fxgl.all@17.2/com.almasb.fxgl.app.FXGLApplication$InitAppTask.failed(FXGLApplication.kt:343)
	at javafx.graphics@18/javafx.concurrent.Task.setState(Task.java:710)
	at javafx.graphics@18/javafx.concurrent.Task$TaskCallable.lambda$call$2(Task.java:1456)
	at javafx.graphics@18/com.sun.javafx.application.PlatformImpl.lambda$runLater$10(PlatformImpl.java:457)
	at java.base/java.security.AccessController.doPrivileged(AccessController.java:399)
	at javafx.graphics@18/com.sun.javafx.application.PlatformImpl.lambda$runLater$11(PlatformImpl.java:456)
	at javafx.graphics@18/com.sun.glass.ui.InvokeLaterDispatcher$Future.run(InvokeLaterDispatcher.java:96)
Caused by: java.lang.IllegalArgumentException: Loading level failed. Asset not found: tmx/level1.tmx
	at com.almasb.fxgl.all@17.2/com.almasb.fxgl.app.services.FXGLAssetLoaderService.loadLevel(FXGLAssetLoaderService.kt:443)
	at com.almasb.fxgl.all@17.2/com.almasb.fxgl.dsl.FXGL$Companion.setLevelFromMap(FXGL.kt:634)
	at com.almasb.fxgl.all@17.2/com.almasb.fxgl.dsl.FXGL.setLevelFromMap(FXGL.kt)
	at com.sunsofgod/com.sunsofgod.PlatformerApp.setLevel(PlatformerApp.java:241)
	at com.sunsofgod/com.sunsofgod.PlatformerApp.nextLevel(PlatformerApp.java:206)
	at com.sunsofgod/com.sunsofgod.PlatformerApp.initGame(PlatformerApp.java:123)
	at com.almasb.fxgl.all@17.2/com.almasb.fxgl.app.FXGLApplication$InitAppTask.initGame(FXGLApplication.kt:339)
	at com.almasb.fxgl.all@17.2/com.almasb.fxgl.app.FXGLApplication$InitAppTask.call(FXGLApplication.kt:319)
	at com.almasb.fxgl.all@17.2/com.almasb.fxgl.app.FXGLApplication$InitAppTask.call(FXGLApplication.kt:311)
	at javafx.graphics@18/javafx.concurrent.Task$TaskCallable.call(Task.java:1426)
	at java.base/java.util.concurrent.FutureTask.run(FutureTask.java:264)
	at java.base/java.util.concurrent.Executors$RunnableAdapter.call(Executors.java:539)
	at java.base/java.util.concurrent.FutureTask.run(FutureTask.java:264)
	at java.base/java.util.concurrent.ThreadPoolExecutor.runWorker(ThreadPoolExecutor.java:1136)
	at java.base/java.util.concurrent.ThreadPoolExecutor$Worker.run(ThreadPoolExecutor.java:635)
	at java.base/java.lang.Thread.run(Thread.java:833)

16:06:10.245 [JavaFX Application Thread] FATAL FXGLApplication      - Application will now exit
16:06:10.254 [JavaFX Application Thread] DEBUG PrimaryStageWindow   - Push state: ErrorSubScene
16:06:10.254 [JavaFX Application Thread] DEBUG Input                - Clearing active input actions
16:06:10.259 [JavaFX Application Thread] DEBUG GameApplicationServi - Removing overlay from MainLoadingScene and adding to ErrorSubScene
16:06:10.259 [JavaFX Application Thread] DEBUG PrimaryStageWindow   - MainLoadingScene -> ErrorSubScene
16:06:10.655 [FXGL Background Thread 2 ] INFO  UpdaterService       - Your current version:  17.2
16:06:10.655 [FXGL Background Thread 2 ] INFO  UpdaterService       - Latest stable version: 21.1
16:06:13.158 [FXGL Background Thread 3 ] DEBUG Engine               - Logging environment variables
16:06:13.159 [FXGL Background Thread 3 ] DEBUG Engine               - achievements: []
16:06:13.159 [FXGL Background Thread 3 ] DEBUG Engine               - actualHeight: 720.0
16:06:13.159 [FXGL Background Thread 3 ] DEBUG Engine               - actualHeightProperty: ReadOnlyDoubleProperty [value: 720.0]
16:06:13.159 [FXGL Background Thread 3 ] DEBUG Engine               - actualWidth: 1280.0
16:06:13.159 [FXGL Background Thread 3 ] DEBUG Engine               - actualWidthProperty: ReadOnlyDoubleProperty [value: 1280.0]
16:06:13.159 [FXGL Background Thread 3 ] DEBUG Engine               - appIcon: fxgl_icon.png
16:06:13.159 [FXGL Background Thread 3 ] DEBUG Engine               - applicationMode: DEVELOPER
16:06:13.159 [FXGL Background Thread 3 ] DEBUG Engine               - cSSList: [fxgl_dark.css]
16:06:13.159 [FXGL Background Thread 3 ] DEBUG Engine               - collisionDetectionStrategy: BRUTE_FORCE
16:06:13.159 [FXGL Background Thread 3 ] DEBUG Engine               - configClass: Optional.empty
16:06:13.159 [FXGL Background Thread 3 ] DEBUG Engine               - credits: []
16:06:13.160 [FXGL Background Thread 3 ] DEBUG Engine               - defaultCursor: CursorInfo(imageName=fxgl_default_cursor.png, hotspotX=7.0, hotspotY=6.0)
16:06:13.160 [FXGL Background Thread 3 ] DEBUG Engine               - devBBoxColorProperty: ObjectProperty [value: 0xff0000ff]
16:06:13.160 [FXGL Background Thread 3 ] DEBUG Engine               - devEnableDebugCameraProperty: BooleanProperty [value: false]
16:06:13.160 [FXGL Background Thread 3 ] DEBUG Engine               - devSensorColorProperty: ObjectProperty [value: 0xffff00ff]
16:06:13.160 [FXGL Background Thread 3 ] DEBUG Engine               - devShowBBoxProperty: BooleanProperty [value: false]
16:06:13.160 [FXGL Background Thread 3 ] DEBUG Engine               - devShowPositionProperty: BooleanProperty [value: false]
16:06:13.160 [FXGL Background Thread 3 ] DEBUG Engine               - enabledMenuItems: []
16:06:13.160 [FXGL Background Thread 3 ] DEBUG Engine               - engineServices: [class com.almasb.fxgl.app.services.FXGLAssetLoaderService, class com.almasb.fxgl.app.FXGLApplication$GameApplicationService, class com.almasb.fxgl.app.services.FXGLDialogService, class com.almasb.fxgl.app.services.IOTaskExecutorService, class com.almasb.fxgl.io.FileSystemService, class com.almasb.fxgl.localization.LocalizationService, class com.almasb.fxgl.app.services.SystemBundleService, class com.almasb.fxgl.profile.SaveLoadService, class com.almasb.fxgl.ui.FXGLUIFactoryServiceProvider, class com.almasb.fxgl.ui.FXGLDialogFactoryServiceProvider, class com.almasb.fxgl.audio.AudioPlayer, class com.almasb.fxgl.notification.impl.NotificationServiceProvider, class com.almasb.fxgl.achievement.AchievementService, class com.almasb.fxgl.cutscene.CutsceneService, class com.almasb.fxgl.minigames.MiniGameService, class com.almasb.fxgl.net.NetService, class com.almasb.fxgl.app.services.UpdaterService, class com.almasb.fxgl.dev.DevService]
16:06:13.160 [FXGL Background Thread 3 ] DEBUG Engine               - fontGame: Abel-Regular.ttf
16:06:13.160 [FXGL Background Thread 3 ] DEBUG Engine               - fontMono: TerminalLandMono-Regular.otf
16:06:13.160 [FXGL Background Thread 3 ] DEBUG Engine               - fontText: Courier-Prime.ttf
16:06:13.160 [FXGL Background Thread 3 ] DEBUG Engine               - fontUI: VarelaRound-Regular.ttf
16:06:13.160 [FXGL Background Thread 3 ] DEBUG Engine               - fullScreen: BooleanProperty [value: false]
16:06:13.160 [FXGL Background Thread 3 ] DEBUG Engine               - gameDifficulty: MEDIUM
16:06:13.160 [FXGL Background Thread 3 ] DEBUG Engine               - gameDifficultyProperty: ObjectProperty [value: MEDIUM]
16:06:13.161 [FXGL Background Thread 3 ] DEBUG Engine               - globalMusicVolume: 0.5
16:06:13.161 [FXGL Background Thread 3 ] DEBUG Engine               - globalMusicVolumeProperty: DoubleProperty [value: 0.25]
16:06:13.161 [FXGL Background Thread 3 ] DEBUG Engine               - globalSoundVolume: 0.5
16:06:13.161 [FXGL Background Thread 3 ] DEBUG Engine               - globalSoundVolumeProperty: DoubleProperty [value: 0.5]
16:06:13.161 [FXGL Background Thread 3 ] DEBUG Engine               - height: 720
16:06:13.161 [FXGL Background Thread 3 ] DEBUG Engine               - is3D: false
16:06:13.161 [FXGL Background Thread 3 ] DEBUG Engine               - isAndroid: false
16:06:13.161 [FXGL Background Thread 3 ] DEBUG Engine               - isBrowser: false
16:06:13.161 [FXGL Background Thread 3 ] DEBUG Engine               - isClickFeedbackEnabled: false
16:06:13.161 [FXGL Background Thread 3 ] DEBUG Engine               - isCloseConfirmation: false
16:06:13.161 [FXGL Background Thread 3 ] DEBUG Engine               - isDesktop: true
16:06:13.161 [FXGL Background Thread 3 ] DEBUG Engine               - isDeveloperMenuEnabled: false
16:06:13.161 [FXGL Background Thread 3 ] DEBUG Engine               - isEmbedded: false
16:06:13.162 [FXGL Background Thread 3 ] DEBUG Engine               - isEntityPreloadEnabled: true
16:06:13.162 [FXGL Background Thread 3 ] DEBUG Engine               - isExperimentalTiledLargeMap: false
16:06:13.162 [FXGL Background Thread 3 ] DEBUG Engine               - isFileSystemWriteAllowed: true
16:06:13.162 [FXGL Background Thread 3 ] DEBUG Engine               - isFullScreenAllowed: false
16:06:13.162 [FXGL Background Thread 3 ] DEBUG Engine               - isFullScreenFromStart: false
16:06:13.162 [FXGL Background Thread 3 ] DEBUG Engine               - isGameMenuEnabled: true
16:06:13.162 [FXGL Background Thread 3 ] DEBUG Engine               - isIOS: false
16:06:13.162 [FXGL Background Thread 3 ] DEBUG Engine               - isIntroEnabled: false
16:06:13.162 [FXGL Background Thread 3 ] DEBUG Engine               - isLinux: false
16:06:13.162 [FXGL Background Thread 3 ] DEBUG Engine               - isMac: true
16:06:13.162 [FXGL Background Thread 3 ] DEBUG Engine               - isMainMenuEnabled: false
16:06:13.162 [FXGL Background Thread 3 ] DEBUG Engine               - isManualResizeEnabled: false
16:06:13.162 [FXGL Background Thread 3 ] DEBUG Engine               - isMobile: false
16:06:13.162 [FXGL Background Thread 3 ] DEBUG Engine               - isNative: false
16:06:13.162 [FXGL Background Thread 3 ] DEBUG Engine               - isPauseMusicWhenMinimized: true
16:06:13.162 [FXGL Background Thread 3 ] DEBUG Engine               - isPreserveResizeRatio: false
16:06:13.162 [FXGL Background Thread 3 ] DEBUG Engine               - isProfilingEnabled: false
16:06:13.162 [FXGL Background Thread 3 ] DEBUG Engine               - isScaleAffectedOnResize: true
16:06:13.162 [FXGL Background Thread 3 ] DEBUG Engine               - isSingleStep: false
16:06:13.162 [FXGL Background Thread 3 ] DEBUG Engine               - isUserProfileEnabled: false
16:06:13.163 [FXGL Background Thread 3 ] DEBUG Engine               - isWindows: false
16:06:13.163 [FXGL Background Thread 3 ] DEBUG Engine               - language: ObjectProperty [value: ENGLISH]
16:06:13.163 [FXGL Background Thread 3 ] DEBUG Engine               - menuKey: ESCAPE
16:06:13.163 [FXGL Background Thread 3 ] DEBUG Engine               - mouseSensitivity: 0.2
16:06:13.163 [FXGL Background Thread 3 ] DEBUG Engine               - notificationViewClass: class com.almasb.fxgl.notification.view.XboxNotificationView
16:06:13.163 [FXGL Background Thread 3 ] DEBUG Engine               - pixelsPerMeter: 50.0
16:06:13.163 [FXGL Background Thread 3 ] DEBUG Engine               - platform: MAC
16:06:13.163 [FXGL Background Thread 3 ] DEBUG Engine               - prefHeightProperty: ReadOnlyDoubleProperty [value: 720.0]
16:06:13.163 [FXGL Background Thread 3 ] DEBUG Engine               - prefWidthProperty: ReadOnlyDoubleProperty [value: 1280.0]
16:06:13.163 [FXGL Background Thread 3 ] DEBUG Engine               - profileDir: profiles/
16:06:13.163 [FXGL Background Thread 3 ] DEBUG Engine               - profileName: StringProperty [value: DEFAULT]
16:06:13.163 [FXGL Background Thread 3 ] DEBUG Engine               - randomSeed: -1
16:06:13.163 [FXGL Background Thread 3 ] DEBUG Engine               - runtimeInfo: RuntimeInfo(platform=MAC, version=17.2, build=20.08.2022 16.50)
16:06:13.163 [FXGL Background Thread 3 ] DEBUG Engine               - saveFileExt: sav
16:06:13.164 [FXGL Background Thread 3 ] DEBUG Engine               - scaledHeightProp$fxgl: DoubleProperty [bound, value: 720.0]
16:06:13.164 [FXGL Background Thread 3 ] DEBUG Engine               - scaledWidthProp$fxgl: DoubleProperty [bound, value: 1280.0]
16:06:13.164 [FXGL Background Thread 3 ] DEBUG Engine               - sceneFactory: com.sunsofgod.PlatformerApp$1@9052c35
16:06:13.164 [FXGL Background Thread 3 ] DEBUG Engine               - secondsIn24h: 60
16:06:13.164 [FXGL Background Thread 3 ] DEBUG Engine               - soundMenuBack: menu/back.wav
16:06:13.164 [FXGL Background Thread 3 ] DEBUG Engine               - soundMenuPress: menu/press.wav
16:06:13.164 [FXGL Background Thread 3 ] DEBUG Engine               - soundMenuSelect: menu/select.wav
16:06:13.164 [FXGL Background Thread 3 ] DEBUG Engine               - soundNotification: core/notification.wav
16:06:13.164 [FXGL Background Thread 3 ] DEBUG Engine               - stageStyle: DECORATED
16:06:13.164 [FXGL Background Thread 3 ] DEBUG Engine               - supportedLanguages: [ENGLISH, FRENCH, GERMAN, HUNGARIAN, RUSSIAN]
16:06:13.164 [FXGL Background Thread 3 ] DEBUG Engine               - ticksPerSecond: -1
16:06:13.164 [FXGL Background Thread 3 ] DEBUG Engine               - title: Untitled
16:06:13.164 [FXGL Background Thread 3 ] DEBUG Engine               - urlGithub: https://github.com/AlmasB/FXGL
16:06:13.164 [FXGL Background Thread 3 ] DEBUG Engine               - urlLeaderboard: http://fxgl-top.herokuapp.com/
16:06:13.164 [FXGL Background Thread 3 ] DEBUG Engine               - urlPOM: https://raw.githubusercontent.com/AlmasB/FXGL/release/README.md
16:06:13.164 [FXGL Background Thread 3 ] DEBUG Engine               - userAppClass: class com.sunsofgod.PlatformerApp
16:06:13.164 [FXGL Background Thread 3 ] DEBUG Engine               - version: 0.0
16:06:13.164 [FXGL Background Thread 3 ] DEBUG Engine               - versionCheckDays: 7
16:06:13.164 [FXGL Background Thread 3 ] DEBUG Engine               - width: 1280
16:06:13.164 [FXGL Background Thread 3 ] DEBUG Engine               - Logging services
16:06:13.164 [FXGL Background Thread 3 ] DEBUG Engine               - class com.almasb.fxgl.app.services.FXGLAssetLoaderService
16:06:13.164 [FXGL Background Thread 3 ] DEBUG Engine               - class com.almasb.fxgl.app.FXGLApplication$GameApplicationService
16:06:13.164 [FXGL Background Thread 3 ] DEBUG Engine               - class com.almasb.fxgl.app.services.FXGLDialogService
16:06:13.164 [FXGL Background Thread 3 ] DEBUG Engine               - class com.almasb.fxgl.app.services.IOTaskExecutorService
16:06:13.165 [FXGL Background Thread 3 ] DEBUG Engine               - class com.almasb.fxgl.io.FileSystemService
16:06:13.165 [FXGL Background Thread 3 ] DEBUG Engine               - class com.almasb.fxgl.localization.LocalizationService
16:06:13.165 [FXGL Background Thread 3 ] DEBUG Engine               - class com.almasb.fxgl.app.services.SystemBundleService
16:06:13.165 [FXGL Background Thread 3 ] DEBUG Engine               - class com.almasb.fxgl.profile.SaveLoadService
16:06:13.165 [FXGL Background Thread 3 ] DEBUG Engine               - class com.almasb.fxgl.ui.FXGLUIFactoryServiceProvider
16:06:13.165 [FXGL Background Thread 3 ] DEBUG Engine               - class com.almasb.fxgl.ui.FXGLDialogFactoryServiceProvider
16:06:13.165 [FXGL Background Thread 3 ] DEBUG Engine               - class com.almasb.fxgl.audio.AudioPlayer
16:06:13.165 [FXGL Background Thread 3 ] DEBUG Engine               - class com.almasb.fxgl.notification.impl.NotificationServiceProvider
16:06:13.165 [FXGL Background Thread 3 ] DEBUG Engine               - class com.almasb.fxgl.achievement.AchievementService
16:06:13.165 [FXGL Background Thread 3 ] DEBUG Engine               - class com.almasb.fxgl.cutscene.CutsceneService
16:06:13.165 [FXGL Background Thread 3 ] DEBUG Engine               - class com.almasb.fxgl.minigames.MiniGameService
16:06:13.165 [FXGL Background Thread 3 ] DEBUG Engine               - class com.almasb.fxgl.net.NetService
16:06:13.165 [FXGL Background Thread 3 ] DEBUG Engine               - class com.almasb.fxgl.app.services.UpdaterService
16:06:13.165 [FXGL Background Thread 3 ] DEBUG Engine               - class com.almasb.fxgl.dev.DevService
16:11:49.532 [JavaFX Application Thread] DEBUG FXGLApplication      - Exiting FXGL
16:11:49.536 [JavaFX Application Thread] DEBUG Async                - Shutting down background threads
16:11:49.537 [JavaFX Application Thread] DEBUG PrimaryStageWindow   - Closing main window
16:11:49.549 [JavaFX Application Thread] DEBUG Logger               - Closing Logger
