19:25:14.052 [main                     ] DEBUG Logger               - Configured Logger
19:25:14.067 [main                     ] DEBUG GameApplication      - Logging settings
Title: Untitled
Version: 0.0
Width: 1280
Height: 720
Fullscreen: false
Intro: false
Profiling: false
Single step:false
App Mode: DEVELOPER
Menu Key: ESCAPE
Stage Style: DECORATED
Scene Factory: class com.sunsofgod.PlatformerApp$1

19:25:14.334 [JavaFX Application Thread] DEBUG FXGLApplication      - Initializing FXGL
19:25:14.337 [JavaFX Application Thread] INFO  Engine               - FXGL-17.2 (20.08.2022 16.50) on WINDOWS (J:21.0.4 FX:17.0.12)
19:25:14.337 [JavaFX Application Thread] DEBUG Engine               - JRE Vendor Name: Eclipse Adoptium
19:25:14.337 [JavaFX Application Thread] DEBUG Engine               - Running on OS: Windows 11 version 10.0
19:25:14.337 [JavaFX Application Thread] DEBUG Engine               - Architecture: amd64
19:25:14.337 [JavaFX Application Thread] INFO  Engine               - Source code and latest versions at: https://github.com/AlmasB/FXGL
19:25:14.337 [JavaFX Application Thread] INFO  Engine               -       Ask questions and discuss at: https://github.com/AlmasB/FXGL/discussions
19:25:14.338 [JavaFX Application Thread] INFO  Engine               -              Join the FXGL chat at: https://gitter.im/AlmasB/FXGL
19:25:14.391 [JavaFX Application Thread] DEBUG PrimaryStageWindow   - Creating a JavaFX scene
19:25:14.419 [JavaFX Application Thread] DEBUG PrimaryStageWindow   - Target settings size: 1280.0 x 720.0
19:25:14.419 [JavaFX Application Thread] DEBUG PrimaryStageWindow   - Scaled scene size:    1280.0 x 720.0
19:25:14.419 [JavaFX Application Thread] DEBUG PrimaryStageWindow   - Scaled ratio: (1.0, 1.0)
19:25:14.420 [JavaFX Application Thread] DEBUG PrimaryStageWindow   - Set initial scene to FXGLStartupScene
19:25:14.424 [JavaFX Application Thread] DEBUG PrimaryStageWindow   - Opening main window
19:25:14.474 [JavaFX Application Thread] DEBUG PrimaryStageWindow   - Window border size: (16.0, 39.0)
19:25:14.474 [JavaFX Application Thread] DEBUG PrimaryStageWindow   - Scaled size: 1280.0 x 720.0
19:25:14.474 [JavaFX Application Thread] DEBUG PrimaryStageWindow   - Scaled ratio: (1.0, 1.0)
19:25:14.475 [JavaFX Application Thread] DEBUG PrimaryStageWindow   - Scene size: 1280.0 x 720.0
19:25:14.475 [JavaFX Application Thread] DEBUG PrimaryStageWindow   - Stage size: 1296.0 x 759.0
19:25:14.480 [FXGL Background Thread 1 ] DEBUG Engine               - Initializing environment variables
19:25:14.509 [FXGL Background Thread 1 ] DEBUG FXGLAssetLoaderServi - User app class for loading assets: class com.sunsofgod.PlatformerApp
19:25:14.509 [FXGL Background Thread 1 ] DEBUG GameApplicationServi - Applying CSS: fxgl_dark.css
19:25:14.510 [FXGL Background Thread 1 ] DEBUG FXGLAssetLoaderServi - Loading from file system: jar:file:///C:/Users/Balong/.m2/repository/com/github/almasb/fxgl/17.2/fxgl-17.2.jar!/fxglassets/ui/css/fxgl_dark.css
19:25:14.540 [FXGL Background Thread 1 ] DEBUG GameApplicationServi - Initializing application scenes
19:25:14.570 [FXGL Background Thread 1 ] WARN  FXGLAssetLoaderServi - Asset "/assets/textures/player.png" was not found!
19:25:14.570 [FXGL Background Thread 1 ] WARN  FXGLAssetLoaderServi - Failed to load IMAGE
19:25:14.586 [FXGL Background Thread 1 ] DEBUG GameWorld            - Game world initialized
19:25:14.623 [FXGL Background Thread 1 ] DEBUG PhysicsWorld         - Physics world initialized: appHeight=720, physics.ppm=50.0
19:25:14.623 [FXGL Background Thread 1 ] DEBUG PhysicsWorld         - Using strategy: BRUTE_FORCE
19:25:14.625 [FXGL Background Thread 1 ] DEBUG GameScene            - Game scene initialized: 1280x720
19:25:14.898 [FXGL Background Thread 1 ] DEBUG FXGL.DefaultMenu     - createMenuBodyGameMenu()
19:25:14.905 [FXGL Background Thread 1 ] DEBUG FXGL.DefaultMenu     - createOptionsMenu()
19:25:14.910 [FXGL Background Thread 1 ] DEBUG FXGLAssetLoaderServi - Loading from file system: jar:file:///C:/Users/Balong/.m2/repository/com/github/almasb/fxgl/17.2/fxgl-17.2.jar!/fxglassets/textures/particles/smoke.png
19:25:14.947 [FXGL Background Thread 1 ] DEBUG FXGLAssetLoaderServi - Loading from file system: jar:file:///C:/Users/Balong/.m2/repository/com/github/almasb/fxgl/17.2/fxgl-17.2.jar!/fxglassets/textures/particles/trace_horizontal.png
19:25:14.955 [FXGL Background Thread 1 ] DEBUG GameApplicationServi - Application scenes initialized
19:25:14.962 [FXGL Background Thread 1 ] DEBUG SystemBundleService  - Loading FXGL system data
19:25:14.965 [FXGL Background Thread 1 ] DEBUG FileSystemAccess     - Reading from: C:\Users\Balong\Desktop\JavaFXGame-1\system\fxgl.bundle
19:25:14.972 [FXGL Background Thread 1 ] DEBUG SystemBundleService  - Bundle FXGL: {}
19:25:14.972 [FXGL Background Thread 1 ] DEBUG UpdaterService       - Checking for updates
19:25:14.993 [FXGL Background Thread 4 ] DEBUG FXGLApplication      - Loading fonts
19:25:14.994 [FXGL Background Thread 1 ] DEBUG FXGLApplication      - Loading default localization
19:25:14.994 [FXGL Background Thread 4 ] DEBUG FXGLAssetLoaderServi - Loading from file system: jar:file:///C:/Users/Balong/.m2/repository/com/github/almasb/fxgl/17.2/fxgl-17.2.jar!/fxglassets/ui/fonts/VarelaRound-Regular.ttf
19:25:14.994 [FXGL Background Thread 1 ] DEBUG FXGLAssetLoaderServi - Loading from file system: jar:file:///C:/Users/Balong/.m2/repository/com/github/almasb/fxgl/17.2/fxgl-17.2.jar!/fxglassets/languages/english.lang
19:25:15.008 [FXGL Background Thread 1 ] INFO  FXGLApplication      - FXGL initialization took: 0.528 sec
19:25:15.009 [JavaFX Application Thread] DEBUG FXGLAssetLoaderServi - Loading from file system: jar:file:///C:/Users/Balong/.m2/repository/com/github/almasb/fxgl/17.2/fxgl-17.2.jar!/fxglassets/textures/fxgl_icon.png
19:25:15.014 [JavaFX Application Thread] DEBUG FXGLAssetLoaderServi - Loading from file system: jar:file:///C:/Users/Balong/.m2/repository/com/github/almasb/fxgl/17.2/fxgl-17.2.jar!/fxglassets/textures/fxgl_default_cursor.png
19:25:15.021 [FXGL Background Thread 4 ] DEBUG FXGLAssetLoaderServi - Loading from file system: jar:file:///C:/Users/Balong/.m2/repository/com/github/almasb/fxgl/17.2/fxgl-17.2.jar!/fxglassets/ui/fonts/Abel-Regular.ttf
19:25:15.022 [JavaFX Application Thread] DEBUG Input                - Registered new binding: Screenshot - CTRL+8
19:25:15.022 [JavaFX Application Thread] DEBUG Input                - Registered new binding: Dev Options - 1
19:25:15.022 [JavaFX Application Thread] DEBUG Input                - Registered new binding: Dev Console - 2
19:25:15.022 [JavaFX Application Thread] DEBUG Input                - Registered new binding: System info dump - CTRL+9
19:25:15.023 [JavaFX Application Thread] DEBUG Input                - Registered new binding: Restart - CTRL+R
19:25:15.023 [JavaFX Application Thread] DEBUG Input                - Registered new binding: Toggle Debug Camera - CTRL+7
19:25:15.025 [JavaFX Application Thread] DEBUG LoopRunner           - Starting loop
19:25:15.028 [FXGL Background Thread 4 ] DEBUG FXGLAssetLoaderServi - Loading from file system: jar:file:///C:/Users/Balong/.m2/repository/com/github/almasb/fxgl/17.2/fxgl-17.2.jar!/fxglassets/ui/fonts/TerminalLandMono-Regular.otf
19:25:15.033 [JavaFX Application Thread] DEBUG LoopRunner           - Initializing JavaFX AnimationTimerLoop
19:25:15.035 [JavaFX Application Thread] DEBUG Input                - Clearing active input actions
19:25:15.041 [FXGL Background Thread 4 ] DEBUG FXGLAssetLoaderServi - Loading from file system: jar:file:///C:/Users/Balong/.m2/repository/com/github/almasb/fxgl/17.2/fxgl-17.2.jar!/fxglassets/ui/fonts/Courier-Prime.ttf
19:25:15.044 [JavaFX Application Thread] DEBUG GameApplicationServi - Removing overlay from FXGLStartupScene and adding to FXGLMainMenuDummyScene
19:25:15.047 [JavaFX Application Thread] DEBUG PrimaryStageWindow   - FXGLStartupScene -> FXGLMainMenuDummyScene
19:25:15.047 [JavaFX Application Thread] DEBUG PrimaryStageWindow   - Push state: RiderMainMenuScene
19:25:15.047 [JavaFX Application Thread] DEBUG Input                - Clearing active input actions
19:25:15.051 [JavaFX Application Thread] DEBUG GameApplicationServi - Removing overlay from FXGLMainMenuDummyScene and adding to RiderMainMenuScene
19:25:15.051 [JavaFX Application Thread] DEBUG PrimaryStageWindow   - FXGLMainMenuDummyScene -> RiderMainMenuScene
19:25:15.156 [JavaFX Application Thread] DEBUG FXGLApplication      - Registering font factories with UI factory
19:25:15.576 [FXGL Background Thread 2 ] INFO  UpdaterService       - Your current version:  17.2
19:25:15.577 [FXGL Background Thread 2 ] INFO  UpdaterService       - Latest stable version: 21.1
19:25:17.994 [FXGL Background Thread 3 ] DEBUG Engine               - Logging environment variables
19:25:17.994 [FXGL Background Thread 3 ] DEBUG Engine               - achievements: []
19:25:17.994 [FXGL Background Thread 3 ] DEBUG Engine               - actualHeight: 720.0
19:25:17.994 [FXGL Background Thread 3 ] DEBUG Engine               - actualHeightProperty: ReadOnlyDoubleProperty [value: 720.0]
19:25:17.994 [FXGL Background Thread 3 ] DEBUG Engine               - actualWidth: 1280.0
19:25:17.994 [FXGL Background Thread 3 ] DEBUG Engine               - actualWidthProperty: ReadOnlyDoubleProperty [value: 1280.0]
19:25:17.994 [FXGL Background Thread 3 ] DEBUG Engine               - appIcon: fxgl_icon.png
19:25:17.994 [FXGL Background Thread 3 ] DEBUG Engine               - applicationMode: DEVELOPER
19:25:17.994 [FXGL Background Thread 3 ] DEBUG Engine               - cSSList: [fxgl_dark.css]
19:25:17.995 [FXGL Background Thread 3 ] DEBUG Engine               - collisionDetectionStrategy: BRUTE_FORCE
19:25:17.995 [FXGL Background Thread 3 ] DEBUG Engine               - configClass: Optional.empty
19:25:17.995 [FXGL Background Thread 3 ] DEBUG Engine               - credits: []
19:25:17.995 [FXGL Background Thread 3 ] DEBUG Engine               - defaultCursor: CursorInfo(imageName=fxgl_default_cursor.png, hotspotX=7.0, hotspotY=6.0)
19:25:17.995 [FXGL Background Thread 3 ] DEBUG Engine               - devBBoxColorProperty: ObjectProperty [value: 0xff0000ff]
19:25:17.995 [FXGL Background Thread 3 ] DEBUG Engine               - devEnableDebugCameraProperty: BooleanProperty [value: false]
19:25:17.995 [FXGL Background Thread 3 ] DEBUG Engine               - devSensorColorProperty: ObjectProperty [value: 0xffff00ff]
19:25:17.995 [FXGL Background Thread 3 ] DEBUG Engine               - devShowBBoxProperty: BooleanProperty [value: false]
19:25:17.995 [FXGL Background Thread 3 ] DEBUG Engine               - devShowPositionProperty: BooleanProperty [value: false]
19:25:17.995 [FXGL Background Thread 3 ] DEBUG Engine               - enabledMenuItems: []
19:25:17.995 [FXGL Background Thread 3 ] DEBUG Engine               - engineServices: [class com.almasb.fxgl.app.services.FXGLAssetLoaderService, class com.almasb.fxgl.app.FXGLApplication$GameApplicationService, class com.almasb.fxgl.app.services.FXGLDialogService, class com.almasb.fxgl.app.services.IOTaskExecutorService, class com.almasb.fxgl.io.FileSystemService, class com.almasb.fxgl.localization.LocalizationService, class com.almasb.fxgl.app.services.SystemBundleService, class com.almasb.fxgl.profile.SaveLoadService, class com.almasb.fxgl.ui.FXGLUIFactoryServiceProvider, class com.almasb.fxgl.ui.FXGLDialogFactoryServiceProvider, class com.almasb.fxgl.audio.AudioPlayer, class com.almasb.fxgl.notification.impl.NotificationServiceProvider, class com.almasb.fxgl.achievement.AchievementService, class com.almasb.fxgl.cutscene.CutsceneService, class com.almasb.fxgl.minigames.MiniGameService, class com.almasb.fxgl.net.NetService, class com.almasb.fxgl.app.services.UpdaterService, class com.almasb.fxgl.dev.DevService]
19:25:17.995 [FXGL Background Thread 3 ] DEBUG Engine               - fontGame: Abel-Regular.ttf
19:25:17.995 [FXGL Background Thread 3 ] DEBUG Engine               - fontMono: TerminalLandMono-Regular.otf
19:25:17.995 [FXGL Background Thread 3 ] DEBUG Engine               - fontText: Courier-Prime.ttf
19:25:17.995 [FXGL Background Thread 3 ] DEBUG Engine               - fontUI: VarelaRound-Regular.ttf
19:25:17.995 [FXGL Background Thread 3 ] DEBUG Engine               - fullScreen: BooleanProperty [value: false]
19:25:17.995 [FXGL Background Thread 3 ] DEBUG Engine               - gameDifficulty: MEDIUM
19:25:17.996 [FXGL Background Thread 3 ] DEBUG Engine               - gameDifficultyProperty: ObjectProperty [value: MEDIUM]
19:25:17.996 [FXGL Background Thread 3 ] DEBUG Engine               - globalMusicVolume: 0.5
19:25:17.996 [FXGL Background Thread 3 ] DEBUG Engine               - globalMusicVolumeProperty: DoubleProperty [value: 0.25]
19:25:17.996 [FXGL Background Thread 3 ] DEBUG Engine               - globalSoundVolume: 0.5
19:25:17.996 [FXGL Background Thread 3 ] DEBUG Engine               - globalSoundVolumeProperty: DoubleProperty [value: 0.5]
19:25:17.996 [FXGL Background Thread 3 ] DEBUG Engine               - height: 720
19:25:17.996 [FXGL Background Thread 3 ] DEBUG Engine               - is3D: false
19:25:17.996 [FXGL Background Thread 3 ] DEBUG Engine               - isAndroid: false
19:25:17.996 [FXGL Background Thread 3 ] DEBUG Engine               - isBrowser: false
19:25:17.996 [FXGL Background Thread 3 ] DEBUG Engine               - isClickFeedbackEnabled: false
19:25:17.996 [FXGL Background Thread 3 ] DEBUG Engine               - isCloseConfirmation: false
19:25:17.996 [FXGL Background Thread 3 ] DEBUG Engine               - isDesktop: true
19:25:17.996 [FXGL Background Thread 3 ] DEBUG Engine               - isDeveloperMenuEnabled: true
19:25:17.996 [FXGL Background Thread 3 ] DEBUG Engine               - isEmbedded: false
19:25:17.996 [FXGL Background Thread 3 ] DEBUG Engine               - isEntityPreloadEnabled: true
19:25:17.996 [FXGL Background Thread 3 ] DEBUG Engine               - isExperimentalTiledLargeMap: false
19:25:17.996 [FXGL Background Thread 3 ] DEBUG Engine               - isFileSystemWriteAllowed: true
19:25:17.996 [FXGL Background Thread 3 ] DEBUG Engine               - isFullScreenAllowed: false
19:25:17.996 [FXGL Background Thread 3 ] DEBUG Engine               - isFullScreenFromStart: false
19:25:17.996 [FXGL Background Thread 3 ] DEBUG Engine               - isGameMenuEnabled: true
19:25:17.996 [FXGL Background Thread 3 ] DEBUG Engine               - isIOS: false
19:25:17.996 [FXGL Background Thread 3 ] DEBUG Engine               - isIntroEnabled: false
19:25:17.996 [FXGL Background Thread 3 ] DEBUG Engine               - isLinux: false
19:25:17.996 [FXGL Background Thread 3 ] DEBUG Engine               - isMac: false
19:25:17.996 [FXGL Background Thread 3 ] DEBUG Engine               - isMainMenuEnabled: true
19:25:17.997 [FXGL Background Thread 3 ] DEBUG Engine               - isManualResizeEnabled: false
19:25:17.997 [FXGL Background Thread 3 ] DEBUG Engine               - isMobile: false
19:25:17.997 [FXGL Background Thread 3 ] DEBUG Engine               - isNative: false
19:25:17.997 [FXGL Background Thread 3 ] DEBUG Engine               - isPauseMusicWhenMinimized: true
19:25:17.997 [FXGL Background Thread 3 ] DEBUG Engine               - isPreserveResizeRatio: false
19:25:17.997 [FXGL Background Thread 3 ] DEBUG Engine               - isProfilingEnabled: false
19:25:17.997 [FXGL Background Thread 3 ] DEBUG Engine               - isScaleAffectedOnResize: true
19:25:17.997 [FXGL Background Thread 3 ] DEBUG Engine               - isSingleStep: false
19:25:17.997 [FXGL Background Thread 3 ] DEBUG Engine               - isUserProfileEnabled: false
19:25:17.997 [FXGL Background Thread 3 ] DEBUG Engine               - isWindows: true
19:25:17.997 [FXGL Background Thread 3 ] DEBUG Engine               - language: ObjectProperty [value: ENGLISH]
19:25:17.997 [FXGL Background Thread 3 ] DEBUG Engine               - menuKey: ESCAPE
19:25:17.997 [FXGL Background Thread 3 ] DEBUG Engine               - mouseSensitivity: 0.2
19:25:17.997 [FXGL Background Thread 3 ] DEBUG Engine               - notificationViewClass: class com.almasb.fxgl.notification.view.XboxNotificationView
19:25:17.997 [FXGL Background Thread 3 ] DEBUG Engine               - pixelsPerMeter: 50.0
19:25:17.997 [FXGL Background Thread 3 ] DEBUG Engine               - platform: WINDOWS
19:25:17.997 [FXGL Background Thread 3 ] DEBUG Engine               - prefHeightProperty: ReadOnlyDoubleProperty [value: 720.0]
19:25:17.997 [FXGL Background Thread 3 ] DEBUG Engine               - prefWidthProperty: ReadOnlyDoubleProperty [value: 1280.0]
19:25:17.997 [FXGL Background Thread 3 ] DEBUG Engine               - profileDir: profiles/
19:25:17.997 [FXGL Background Thread 3 ] DEBUG Engine               - profileName: StringProperty [value: DEFAULT]
19:25:17.997 [FXGL Background Thread 3 ] DEBUG Engine               - randomSeed: -1
19:25:17.997 [FXGL Background Thread 3 ] DEBUG Engine               - runtimeInfo: RuntimeInfo(platform=WINDOWS, version=17.2, build=20.08.2022 16.50)
19:25:17.998 [FXGL Background Thread 3 ] DEBUG Engine               - saveFileExt: sav
19:25:17.998 [FXGL Background Thread 3 ] DEBUG Engine               - scaledHeightProp$fxgl: DoubleProperty [bound, value: 720.0]
19:25:17.998 [FXGL Background Thread 3 ] DEBUG Engine               - scaledWidthProp$fxgl: DoubleProperty [bound, value: 1280.0]
19:25:17.998 [FXGL Background Thread 3 ] DEBUG Engine               - sceneFactory: com.sunsofgod.PlatformerApp$1@42f5da9c
19:25:17.998 [FXGL Background Thread 3 ] DEBUG Engine               - secondsIn24h: 60
19:25:17.998 [FXGL Background Thread 3 ] DEBUG Engine               - soundMenuBack: menu/back.wav
19:25:17.998 [FXGL Background Thread 3 ] DEBUG Engine               - soundMenuPress: menu/press.wav
19:25:17.998 [FXGL Background Thread 3 ] DEBUG Engine               - soundMenuSelect: menu/select.wav
19:25:17.998 [FXGL Background Thread 3 ] DEBUG Engine               - soundNotification: core/notification.wav
19:25:17.998 [FXGL Background Thread 3 ] DEBUG Engine               - stageStyle: DECORATED
19:25:17.998 [FXGL Background Thread 3 ] DEBUG Engine               - supportedLanguages: [ENGLISH, FRENCH, GERMAN, HUNGARIAN, RUSSIAN]
19:25:17.998 [FXGL Background Thread 3 ] DEBUG Engine               - ticksPerSecond: -1
19:25:17.998 [FXGL Background Thread 3 ] DEBUG Engine               - title: Untitled
19:25:17.998 [FXGL Background Thread 3 ] DEBUG Engine               - urlGithub: https://github.com/AlmasB/FXGL
19:25:17.998 [FXGL Background Thread 3 ] DEBUG Engine               - urlLeaderboard: http://fxgl-top.herokuapp.com/
19:25:17.998 [FXGL Background Thread 3 ] DEBUG Engine               - urlPOM: https://raw.githubusercontent.com/AlmasB/FXGL/release/README.md
19:25:17.998 [FXGL Background Thread 3 ] DEBUG Engine               - userAppClass: class com.sunsofgod.PlatformerApp
19:25:17.998 [FXGL Background Thread 3 ] DEBUG Engine               - version: 0.0
19:25:17.998 [FXGL Background Thread 3 ] DEBUG Engine               - versionCheckDays: 7
19:25:17.998 [FXGL Background Thread 3 ] DEBUG Engine               - width: 1280
19:25:17.998 [FXGL Background Thread 3 ] DEBUG Engine               - Logging services
19:25:17.998 [FXGL Background Thread 3 ] DEBUG Engine               - class com.almasb.fxgl.app.services.FXGLAssetLoaderService
19:25:17.998 [FXGL Background Thread 3 ] DEBUG Engine               - class com.almasb.fxgl.app.FXGLApplication$GameApplicationService
19:25:17.998 [FXGL Background Thread 3 ] DEBUG Engine               - class com.almasb.fxgl.app.services.FXGLDialogService
19:25:17.998 [FXGL Background Thread 3 ] DEBUG Engine               - class com.almasb.fxgl.app.services.IOTaskExecutorService
19:25:17.998 [FXGL Background Thread 3 ] DEBUG Engine               - class com.almasb.fxgl.io.FileSystemService
19:25:17.999 [FXGL Background Thread 3 ] DEBUG Engine               - class com.almasb.fxgl.localization.LocalizationService
19:25:17.999 [FXGL Background Thread 3 ] DEBUG Engine               - class com.almasb.fxgl.app.services.SystemBundleService
19:25:17.999 [FXGL Background Thread 3 ] DEBUG Engine               - class com.almasb.fxgl.profile.SaveLoadService
19:25:17.999 [FXGL Background Thread 3 ] DEBUG Engine               - class com.almasb.fxgl.ui.FXGLUIFactoryServiceProvider
19:25:17.999 [FXGL Background Thread 3 ] DEBUG Engine               - class com.almasb.fxgl.ui.FXGLDialogFactoryServiceProvider
19:25:17.999 [FXGL Background Thread 3 ] DEBUG Engine               - class com.almasb.fxgl.audio.AudioPlayer
19:25:17.999 [FXGL Background Thread 3 ] DEBUG Engine               - class com.almasb.fxgl.notification.impl.NotificationServiceProvider
19:25:17.999 [FXGL Background Thread 3 ] DEBUG Engine               - class com.almasb.fxgl.achievement.AchievementService
19:25:17.999 [FXGL Background Thread 3 ] DEBUG Engine               - class com.almasb.fxgl.cutscene.CutsceneService
19:25:17.999 [FXGL Background Thread 3 ] DEBUG Engine               - class com.almasb.fxgl.minigames.MiniGameService
19:25:17.999 [FXGL Background Thread 3 ] DEBUG Engine               - class com.almasb.fxgl.net.NetService
19:25:17.999 [FXGL Background Thread 3 ] DEBUG Engine               - class com.almasb.fxgl.app.services.UpdaterService
19:25:17.999 [FXGL Background Thread 3 ] DEBUG Engine               - class com.almasb.fxgl.dev.DevService
19:25:34.520 [JavaFX Application Thread] DEBUG PrimaryStageWindow   - Push state: PlayerSelectScene
19:25:34.520 [JavaFX Application Thread] DEBUG Input                - Clearing active input actions
19:25:34.520 [JavaFX Application Thread] DEBUG GameApplicationServi - Removing overlay from RiderMainMenuScene and adding to PlayerSelectScene
19:25:34.521 [JavaFX Application Thread] DEBUG PrimaryStageWindow   - RiderMainMenuScene -> PlayerSelectScene
19:25:39.351 [JavaFX Application Thread] DEBUG PrimaryStageWindow   - Pop state: PlayerSelectScene
19:25:39.351 [JavaFX Application Thread] DEBUG Input                - Clearing active input actions
19:25:39.352 [JavaFX Application Thread] DEBUG GameApplicationServi - Removing overlay from PlayerSelectScene and adding to RiderMainMenuScene
19:25:39.354 [JavaFX Application Thread] DEBUG PrimaryStageWindow   - RiderMainMenuScene <- PlayerSelectScene
19:25:41.738 [JavaFX Application Thread] DEBUG PrimaryStageWindow   - Push state: PlayerSelectScene
19:25:41.739 [JavaFX Application Thread] DEBUG Input                - Clearing active input actions
19:25:41.739 [JavaFX Application Thread] DEBUG GameApplicationServi - Removing overlay from RiderMainMenuScene and adding to PlayerSelectScene
19:25:41.740 [JavaFX Application Thread] DEBUG PrimaryStageWindow   - RiderMainMenuScene -> PlayerSelectScene
19:25:42.514 [JavaFX Application Thread] DEBUG PrimaryStageWindow   - Pop state: PlayerSelectScene
19:25:42.514 [JavaFX Application Thread] DEBUG Input                - Clearing active input actions
19:25:42.515 [JavaFX Application Thread] DEBUG GameApplicationServi - Removing overlay from PlayerSelectScene and adding to RiderMainMenuScene
19:25:42.515 [JavaFX Application Thread] DEBUG PrimaryStageWindow   - RiderMainMenuScene <- PlayerSelectScene
19:25:42.642 [JavaFX Application Thread] DEBUG PrimaryStageWindow   - Push state: WorldSelectScene
19:25:42.642 [JavaFX Application Thread] DEBUG Input                - Clearing active input actions
19:25:42.642 [JavaFX Application Thread] DEBUG GameApplicationServi - Removing overlay from RiderMainMenuScene and adding to WorldSelectScene
19:25:42.643 [JavaFX Application Thread] DEBUG PrimaryStageWindow   - RiderMainMenuScene -> WorldSelectScene
19:25:46.275 [JavaFX Application Thread] DEBUG PrimaryStageWindow   - Pop state: WorldSelectScene
19:25:46.275 [JavaFX Application Thread] DEBUG Input                - Clearing active input actions
19:25:46.275 [JavaFX Application Thread] DEBUG GameApplicationServi - Removing overlay from WorldSelectScene and adding to RiderMainMenuScene
19:25:46.276 [JavaFX Application Thread] DEBUG PrimaryStageWindow   - RiderMainMenuScene <- WorldSelectScene
19:25:46.419 [JavaFX Application Thread] DEBUG PrimaryStageWindow   - Push state: LevelSelectScene
19:25:46.419 [JavaFX Application Thread] DEBUG Input                - Clearing active input actions
19:25:46.420 [JavaFX Application Thread] DEBUG GameApplicationServi - Removing overlay from RiderMainMenuScene and adding to LevelSelectScene
19:25:46.420 [JavaFX Application Thread] DEBUG PrimaryStageWindow   - RiderMainMenuScene -> LevelSelectScene
19:25:47.487 [JavaFX Application Thread] DEBUG Menu                 - fireNewGame()
19:25:47.488 [JavaFX Application Thread] DEBUG GameApplicationServi - Starting new game
19:25:47.488 [JavaFX Application Thread] DEBUG PrimaryStageWindow   - Pop state: LevelSelectScene
19:25:47.488 [JavaFX Application Thread] DEBUG Input                - Clearing active input actions
19:25:47.488 [JavaFX Application Thread] DEBUG GameApplicationServi - Removing overlay from LevelSelectScene and adding to RiderMainMenuScene
19:25:47.489 [JavaFX Application Thread] DEBUG PrimaryStageWindow   - RiderMainMenuScene <- LevelSelectScene
19:25:47.489 [JavaFX Application Thread] DEBUG PrimaryStageWindow   - Pop state: RiderMainMenuScene
19:25:47.489 [JavaFX Application Thread] DEBUG Input                - Clearing active input actions
19:25:47.489 [JavaFX Application Thread] DEBUG GameApplicationServi - Removing overlay from RiderMainMenuScene and adding to FXGLMainMenuDummyScene
19:25:47.489 [JavaFX Application Thread] DEBUG PrimaryStageWindow   - FXGLMainMenuDummyScene <- RiderMainMenuScene
19:25:47.489 [JavaFX Application Thread] DEBUG Input                - Clearing active input actions
19:25:47.495 [JavaFX Application Thread] DEBUG GameApplicationServi - Removing overlay from FXGLMainMenuDummyScene and adding to MainLoadingScene
19:25:47.500 [JavaFX Application Thread] DEBUG PrimaryStageWindow   - FXGLMainMenuDummyScene -> MainLoadingScene
19:25:47.500 [JavaFX Application Thread] DEBUG GameApplicationServi - Clearing previous game
19:25:47.500 [JavaFX Application Thread] DEBUG GameScene            - Clearing game scene
19:25:47.500 [JavaFX Application Thread] DEBUG GameWorld            - Clearing game world
19:25:47.500 [JavaFX Application Thread] DEBUG PhysicsWorld         - Clearing physics world
19:25:47.501 [FXGL Background Thread 2 ] DEBUG FXGLApplication      - Initializing game
19:25:47.531 [FXGL Background Thread 2 ] WARN  TMXLevelLoader       - TiledMap generated from 1.11.0. Supported version: 1.9.0. Some features may not be parsed fully.
19:25:47.536 [FXGL Background Thread 2 ] DEBUG TMXLevelLoader       - Parsed TiledMap: file:/C:/Users/Balong/Desktop/JavaFXGame-1/target/classes/assets/levels/tmx/level1.tmx
19:25:47.536 [FXGL Background Thread 2 ] DEBUG TMXLevelLoader       - Creating tile layer entities
19:25:47.537 [FXGL Background Thread 2 ] DEBUG TilesetLoader        - Loading view for layer Tile Layer 1
19:25:47.539 [FXGL Background Thread 2 ] DEBUG TilesetLoader        - Created buffer with size 1050.0x700.0
19:25:47.550 [FXGL Background Thread 2 ] DEBUG TMXLevelLoader       - Creating object layer entities
19:25:47.561 [FXGL Background Thread 2 ] DEBUG GameWorld            - Clearing removable entities
19:25:47.561 [FXGL Background Thread 2 ] DEBUG GameWorld            - Setting level: com.almasb.fxgl.entity.level.Level@3ff76300
19:25:47.573 [FXGL Background Thread 2 ] DEBUG FXGLAssetLoaderServi - Loading from file system: file:/C:/Users/Balong/Desktop/JavaFXGame-1/target/classes/assets/textures/background/manila.png
19:25:47.589 [FXGL Background Thread 2 ] INFO  FXGLApplication      - Game initialization took: 0.088 sec
19:25:47.590 [JavaFX Application Thread] DEBUG Input                - Clearing active input actions
19:25:47.593 [JavaFX Application Thread] DEBUG GameApplicationServi - Removing overlay from MainLoadingScene and adding to GameScene
19:25:47.594 [JavaFX Application Thread] DEBUG PrimaryStageWindow   - MainLoadingScene -> GameScene
19:25:48.942 [JavaFX Application Thread] DEBUG PrimaryStageWindow   - Push state: FXGLDefaultMenu
19:25:48.943 [JavaFX Application Thread] DEBUG Input                - Clearing active input actions
19:25:48.943 [JavaFX Application Thread] DEBUG GameApplicationServi - Removing overlay from GameScene and adding to FXGLDefaultMenu
19:25:48.944 [JavaFX Application Thread] DEBUG PrimaryStageWindow   - GameScene -> FXGLDefaultMenu
19:25:52.067 [JavaFX Application Thread] DEBUG FXGL.DefaultMenu     - createContentControls()
19:25:57.732 [JavaFX Application Thread] DEBUG PrimaryStageWindow   - Pop state: FXGLDefaultMenu
19:25:57.732 [JavaFX Application Thread] DEBUG Input                - Clearing active input actions
19:25:57.732 [JavaFX Application Thread] DEBUG GameApplicationServi - Removing overlay from FXGLDefaultMenu and adding to GameScene
19:25:57.732 [JavaFX Application Thread] DEBUG PrimaryStageWindow   - GameScene <- FXGLDefaultMenu
19:25:58.323 [JavaFX Application Thread] DEBUG PrimaryStageWindow   - Push state: FXGLDefaultMenu
19:25:58.323 [JavaFX Application Thread] DEBUG Input                - Clearing active input actions
19:25:58.324 [JavaFX Application Thread] DEBUG GameApplicationServi - Removing overlay from GameScene and adding to FXGLDefaultMenu
19:25:58.325 [JavaFX Application Thread] DEBUG PrimaryStageWindow   - GameScene -> FXGLDefaultMenu
19:26:03.918 [JavaFX Application Thread] DEBUG FXGL.DefaultMenu     - createContentAudio()
19:26:05.250 [JavaFX Application Thread] DEBUG FXGL.DefaultMenu     - createContentVideo()
19:26:08.868 [JavaFX Application Thread] DEBUG Menu                 - fireResume()
19:26:08.868 [JavaFX Application Thread] DEBUG PrimaryStageWindow   - Pop state: FXGLDefaultMenu
19:26:08.868 [JavaFX Application Thread] DEBUG Input                - Clearing active input actions
19:26:08.869 [JavaFX Application Thread] DEBUG GameApplicationServi - Removing overlay from FXGLDefaultMenu and adding to GameScene
19:26:08.869 [JavaFX Application Thread] DEBUG PrimaryStageWindow   - GameScene <- FXGLDefaultMenu
19:26:10.459 [JavaFX Application Thread] DEBUG FXGLApplication      - Exiting FXGL
19:26:10.459 [JavaFX Application Thread] DEBUG LoopRunner           - Stopping loop
19:26:10.459 [JavaFX Application Thread] DEBUG SystemBundleService  - Saving FXGL system data
19:26:10.461 [JavaFX Application Thread] DEBUG FileSystemAccess     - Writing to: C:\Users\Balong\Desktop\JavaFXGame-1\system\fxgl.bundle
19:26:10.462 [JavaFX Application Thread] DEBUG Async                - Shutting down background threads
19:26:10.462 [JavaFX Application Thread] DEBUG PrimaryStageWindow   - Closing main window
19:26:10.470 [JavaFX Application Thread] DEBUG Logger               - Closing Logger
