21:39:39.489 [main                     ] DEBUG Logger               - Configured Logger
21:39:39.503 [main                     ] DEBUG GameApplication      - Logging settings
Title: Untitled
Version: 0.0
Width: 1280
Height: 720
Fullscreen: false
Intro: false
Profiling: false
Single step:false
App Mode: DEVELOPER
Menu Key: ESCAPE
Stage Style: DECORATED
Scene Factory: class com.almasb.fxgl.app.scene.SceneFactory

21:39:40.014 [JavaFX Application Thread] DEBUG FXGLApplication      - Initializing FXGL
21:39:40.016 [JavaFX Application Thread] INFO  Engine               - FXGL-17.2 (20.08.2022 16.50) on MAC (J:17.0.2 FX:17.0.12)
21:39:40.016 [JavaFX Application Thread] DEBUG Engine               - JRE Vendor Name: Oracle Corporation
21:39:40.017 [JavaFX Application Thread] DEBUG Engine               - Running on OS: Mac OS X version 15.0.1
21:39:40.017 [JavaFX Application Thread] DEBUG Engine               - Architecture: aarch64
21:39:40.017 [JavaFX Application Thread] INFO  Engine               - Source code and latest versions at: https://github.com/AlmasB/FXGL
21:39:40.017 [JavaFX Application Thread] INFO  Engine               -       Ask questions and discuss at: https://github.com/AlmasB/FXGL/discussions
21:39:40.017 [JavaFX Application Thread] INFO  Engine               -              Join the FXGL chat at: https://gitter.im/AlmasB/FXGL
21:39:40.064 [JavaFX Application Thread] DEBUG PrimaryStageWindow   - Creating a JavaFX scene
21:39:40.083 [JavaFX Application Thread] DEBUG PrimaryStageWindow   - Target settings size: 1280.0 x 720.0
21:39:40.083 [JavaFX Application Thread] DEBUG PrimaryStageWindow   - Scaled scene size:    1280.0 x 720.0
21:39:40.083 [JavaFX Application Thread] DEBUG PrimaryStageWindow   - Scaled ratio: (1.0, 1.0)
21:39:40.084 [JavaFX Application Thread] DEBUG PrimaryStageWindow   - Set initial scene to FXGLStartupScene
21:39:40.086 [JavaFX Application Thread] DEBUG PrimaryStageWindow   - Opening main window
21:39:40.201 [JavaFX Application Thread] DEBUG PrimaryStageWindow   - Window border size: (0.0, 28.0)
21:39:40.201 [JavaFX Application Thread] DEBUG PrimaryStageWindow   - Scaled size: 1280.0 x 720.0
21:39:40.201 [JavaFX Application Thread] DEBUG PrimaryStageWindow   - Scaled ratio: (1.0, 1.0)
21:39:40.201 [JavaFX Application Thread] DEBUG PrimaryStageWindow   - Scene size: 1280.0 x 720.0
21:39:40.201 [JavaFX Application Thread] DEBUG PrimaryStageWindow   - Stage size: 1280.0 x 748.0
21:39:40.204 [FXGL Background Thread 1 ] DEBUG Engine               - Initializing environment variables
21:39:40.217 [FXGL Background Thread 1 ] DEBUG FXGLAssetLoaderServi - User app class for loading assets: class com.sunsofgod.PlatformerApp
21:39:40.217 [FXGL Background Thread 1 ] DEBUG GameApplicationServi - Applying CSS: fxgl_dark.css
21:39:40.218 [FXGL Background Thread 1 ] DEBUG FXGLAssetLoaderServi - Loading from file system: jar:file:///Users/aaron/.m2/repository/com/github/almasb/fxgl/17.2/fxgl-17.2.jar!/fxglassets/ui/css/fxgl_dark.css
21:39:40.240 [FXGL Background Thread 1 ] DEBUG GameApplicationServi - Initializing application scenes
21:39:40.322 [FXGL Background Thread 1 ] DEBUG GameWorld            - Game world initialized
21:39:40.346 [FXGL Background Thread 1 ] DEBUG PhysicsWorld         - Physics world initialized: appHeight=720, physics.ppm=50.0
21:39:40.346 [FXGL Background Thread 1 ] DEBUG PhysicsWorld         - Using strategy: BRUTE_FORCE
21:39:40.349 [FXGL Background Thread 1 ] DEBUG GameScene            - Game scene initialized: 1280x720
21:39:40.354 [FXGL Background Thread 1 ] DEBUG FXGL.DefaultMenu     - createMenuBodyMainMenu()
21:39:40.362 [FXGL Background Thread 1 ] DEBUG FXGL.DefaultMenu     - createOptionsMenu()
21:39:40.366 [FXGL Background Thread 1 ] DEBUG FXGLAssetLoaderServi - Loading from file system: jar:file:///Users/aaron/.m2/repository/com/github/almasb/fxgl/17.2/fxgl-17.2.jar!/fxglassets/textures/particles/smoke.png
21:39:40.418 [FXGL Background Thread 1 ] DEBUG FXGLAssetLoaderServi - Loading from file system: jar:file:///Users/aaron/.m2/repository/com/github/almasb/fxgl/17.2/fxgl-17.2.jar!/fxglassets/textures/particles/trace_horizontal.png
21:39:40.432 [FXGL Background Thread 1 ] DEBUG FXGL.DefaultMenu     - createMenuBodyGameMenu()
21:39:40.432 [FXGL Background Thread 1 ] DEBUG FXGL.DefaultMenu     - createOptionsMenu()
21:39:40.447 [FXGL Background Thread 1 ] DEBUG GameApplicationServi - Application scenes initialized
21:39:40.452 [FXGL Background Thread 1 ] DEBUG SystemBundleService  - Loading FXGL system data
21:39:40.455 [FXGL Background Thread 1 ] DEBUG FileSystemAccess     - Reading from: /Users/aaron/Downloads/JavaFXGame/system/fxgl.bundle
21:39:40.457 [FXGL Background Thread 1 ] DEBUG SystemBundleService  - Bundle FXGL: {}
21:39:40.458 [FXGL Background Thread 1 ] DEBUG UpdaterService       - Checking for updates
21:39:40.467 [FXGL Background Thread 4 ] DEBUG FXGLApplication      - Loading fonts
21:39:40.467 [FXGL Background Thread 1 ] DEBUG FXGLApplication      - Loading default localization
21:39:40.467 [FXGL Background Thread 4 ] DEBUG FXGLAssetLoaderServi - Loading from file system: jar:file:///Users/aaron/.m2/repository/com/github/almasb/fxgl/17.2/fxgl-17.2.jar!/fxglassets/ui/fonts/VarelaRound-Regular.ttf
21:39:40.468 [FXGL Background Thread 1 ] DEBUG FXGLAssetLoaderServi - Loading from file system: jar:file:///Users/aaron/.m2/repository/com/github/almasb/fxgl/17.2/fxgl-17.2.jar!/fxglassets/languages/english.lang
21:39:40.474 [FXGL Background Thread 4 ] DEBUG FXGLAssetLoaderServi - Loading from file system: jar:file:///Users/aaron/.m2/repository/com/github/almasb/fxgl/17.2/fxgl-17.2.jar!/fxglassets/ui/fonts/Abel-Regular.ttf
21:39:40.477 [FXGL Background Thread 4 ] DEBUG FXGLAssetLoaderServi - Loading from file system: jar:file:///Users/aaron/.m2/repository/com/github/almasb/fxgl/17.2/fxgl-17.2.jar!/fxglassets/ui/fonts/TerminalLandMono-Regular.otf
21:39:40.477 [FXGL Background Thread 1 ] INFO  FXGLApplication      - FXGL initialization took: 0.272 sec
21:39:40.477 [JavaFX Application Thread] DEBUG FXGLAssetLoaderServi - Loading from file system: jar:file:///Users/aaron/.m2/repository/com/github/almasb/fxgl/17.2/fxgl-17.2.jar!/fxglassets/textures/fxgl_icon.png
21:39:40.479 [FXGL Background Thread 4 ] DEBUG FXGLAssetLoaderServi - Loading from file system: jar:file:///Users/aaron/.m2/repository/com/github/almasb/fxgl/17.2/fxgl-17.2.jar!/fxglassets/ui/fonts/Courier-Prime.ttf
21:39:40.497 [JavaFX Application Thread] DEBUG FXGLAssetLoaderServi - Loading from file system: jar:file:///Users/aaron/.m2/repository/com/github/almasb/fxgl/17.2/fxgl-17.2.jar!/fxglassets/textures/fxgl_default_cursor.png
21:39:40.501 [JavaFX Application Thread] DEBUG Input                - Registered new binding: Screenshot - CTRL+8
21:39:40.501 [JavaFX Application Thread] DEBUG Input                - Registered new binding: Dev Options - 1
21:39:40.502 [JavaFX Application Thread] DEBUG Input                - Registered new binding: Dev Console - 2
21:39:40.502 [JavaFX Application Thread] DEBUG Input                - Registered new binding: System info dump - CTRL+9
21:39:40.502 [JavaFX Application Thread] DEBUG Input                - Registered new binding: Restart - CTRL+R
21:39:40.502 [JavaFX Application Thread] DEBUG Input                - Registered new binding: Toggle Debug Camera - CTRL+7
21:39:40.503 [JavaFX Application Thread] DEBUG LoopRunner           - Starting loop
21:39:40.508 [JavaFX Application Thread] DEBUG LoopRunner           - Initializing JavaFX AnimationTimerLoop
21:39:40.509 [JavaFX Application Thread] DEBUG Input                - Clearing active input actions
21:39:40.512 [JavaFX Application Thread] DEBUG GameApplicationServi - Removing overlay from FXGLStartupScene and adding to FXGLMainMenuDummyScene
21:39:40.513 [JavaFX Application Thread] DEBUG PrimaryStageWindow   - FXGLStartupScene -> FXGLMainMenuDummyScene
21:39:40.513 [JavaFX Application Thread] DEBUG PrimaryStageWindow   - Push state: FXGLDefaultMenu
21:39:40.514 [JavaFX Application Thread] DEBUG Input                - Clearing active input actions
21:39:40.517 [JavaFX Application Thread] DEBUG GameApplicationServi - Removing overlay from FXGLMainMenuDummyScene and adding to FXGLDefaultMenu
21:39:40.518 [JavaFX Application Thread] DEBUG PrimaryStageWindow   - FXGLMainMenuDummyScene -> FXGLDefaultMenu
21:39:40.527 [JavaFX Application Thread] DEBUG FXGLApplication      - Registering font factories with UI factory
21:39:40.768 [FXGL Background Thread 2 ] INFO  UpdaterService       - Your current version:  17.2
21:39:40.768 [FXGL Background Thread 2 ] INFO  UpdaterService       - Latest stable version: 21.1
21:39:42.010 [JavaFX Application Thread] DEBUG Menu                 - fireNewGame()
21:39:42.010 [JavaFX Application Thread] DEBUG GameApplicationServi - Starting new game
21:39:42.011 [JavaFX Application Thread] DEBUG PrimaryStageWindow   - Pop state: FXGLDefaultMenu
21:39:42.011 [JavaFX Application Thread] DEBUG Input                - Clearing active input actions
21:39:42.012 [JavaFX Application Thread] DEBUG GameApplicationServi - Removing overlay from FXGLDefaultMenu and adding to FXGLMainMenuDummyScene
21:39:42.013 [JavaFX Application Thread] DEBUG PrimaryStageWindow   - FXGLMainMenuDummyScene <- FXGLDefaultMenu
21:39:42.013 [JavaFX Application Thread] DEBUG Input                - Clearing active input actions
21:39:42.018 [JavaFX Application Thread] DEBUG GameApplicationServi - Removing overlay from FXGLMainMenuDummyScene and adding to FXGLLoadingScene
21:39:42.018 [JavaFX Application Thread] DEBUG PrimaryStageWindow   - FXGLMainMenuDummyScene -> FXGLLoadingScene
21:39:42.018 [JavaFX Application Thread] DEBUG GameApplicationServi - Clearing previous game
21:39:42.019 [JavaFX Application Thread] DEBUG GameScene            - Clearing game scene
21:39:42.019 [JavaFX Application Thread] DEBUG GameWorld            - Clearing game world
21:39:42.019 [JavaFX Application Thread] DEBUG PhysicsWorld         - Clearing physics world
21:39:42.020 [FXGL Background Thread 2 ] DEBUG FXGLApplication      - Initializing game
21:39:42.046 [FXGL Background Thread 2 ] WARN  TMXLevelLoader       - TiledMap generated from 1.11.0. Supported version: 1.9.0. Some features may not be parsed fully.
21:39:42.050 [FXGL Background Thread 2 ] DEBUG TMXLevelLoader       - Parsed TiledMap: file:/Users/aaron/Downloads/JavaFXGame/target/classes/assets/levels/tmx/level1.tmx
21:39:42.050 [FXGL Background Thread 2 ] DEBUG TMXLevelLoader       - Creating tile layer entities
21:39:42.051 [FXGL Background Thread 2 ] DEBUG TilesetLoader        - Loading view for layer Tile Layer 1
21:39:42.052 [FXGL Background Thread 2 ] DEBUG TilesetLoader        - Created buffer with size 1050.0x700.0
21:39:42.065 [FXGL Background Thread 2 ] DEBUG TMXLevelLoader       - Creating object layer entities
21:39:42.072 [FXGL Background Thread 2 ] DEBUG GameWorld            - Clearing removable entities
21:39:42.072 [FXGL Background Thread 2 ] DEBUG GameWorld            - Setting level: com.almasb.fxgl.entity.level.Level@3f3de600
21:39:42.075 [FXGL Background Thread 2 ] DEBUG FXGLAssetLoaderServi - Loading from file system: file:/Users/aaron/Downloads/JavaFXGame/target/classes/assets/textures/player.png
21:39:42.080 [FXGL Background Thread 2 ] DEBUG Input                - Registered new binding: Jump0 - W
21:39:42.081 [FXGL Background Thread 2 ] DEBUG Input                - Registered new binding: Left0 - A
21:39:42.081 [FXGL Background Thread 2 ] DEBUG Input                - Registered new binding: Right0 - D
21:39:42.082 [FXGL Background Thread 2 ] DEBUG Input                - Registered new binding: Use0 - E
21:39:42.082 [FXGL Background Thread 2 ] DEBUG Input                - Registered new binding: Jump1 - Up
21:39:42.082 [FXGL Background Thread 2 ] DEBUG Input                - Registered new binding: Left1 - Left
21:39:42.083 [FXGL Background Thread 2 ] DEBUG Input                - Registered new binding: Right1 - Right
21:39:42.083 [FXGL Background Thread 2 ] DEBUG Input                - Registered new binding: Use1 - Slash
21:39:42.086 [FXGL Background Thread 2 ] DEBUG FXGLAssetLoaderServi - Loading from file system: file:/Users/aaron/Downloads/JavaFXGame/target/classes/assets/textures/background/manila.png
21:39:42.103 [FXGL Background Thread 2 ] INFO  FXGLApplication      - Game initialization took: 0.083 sec
21:39:42.103 [JavaFX Application Thread] DEBUG Input                - Clearing active input actions
21:39:42.107 [JavaFX Application Thread] DEBUG GameApplicationServi - Removing overlay from FXGLLoadingScene and adding to GameScene
21:39:42.109 [JavaFX Application Thread] DEBUG PrimaryStageWindow   - FXGLLoadingScene -> GameScene
21:39:43.471 [FXGL Background Thread 3 ] DEBUG Engine               - Logging environment variables
21:39:43.472 [FXGL Background Thread 3 ] DEBUG Engine               - achievements: []
21:39:43.472 [FXGL Background Thread 3 ] DEBUG Engine               - actualHeight: 720.0
21:39:43.472 [FXGL Background Thread 3 ] DEBUG Engine               - actualHeightProperty: ReadOnlyDoubleProperty [value: 720.0]
21:39:43.472 [FXGL Background Thread 3 ] DEBUG Engine               - actualWidth: 1280.0
21:39:43.472 [FXGL Background Thread 3 ] DEBUG Engine               - actualWidthProperty: ReadOnlyDoubleProperty [value: 1280.0]
21:39:43.473 [FXGL Background Thread 3 ] DEBUG Engine               - appIcon: fxgl_icon.png
21:39:43.473 [FXGL Background Thread 3 ] DEBUG Engine               - applicationMode: DEVELOPER
21:39:43.473 [FXGL Background Thread 3 ] DEBUG Engine               - cSSList: [fxgl_dark.css]
21:39:43.473 [FXGL Background Thread 3 ] DEBUG Engine               - collisionDetectionStrategy: BRUTE_FORCE
21:39:43.473 [FXGL Background Thread 3 ] DEBUG Engine               - configClass: Optional.empty
21:39:43.473 [FXGL Background Thread 3 ] DEBUG Engine               - credits: []
21:39:43.473 [FXGL Background Thread 3 ] DEBUG Engine               - defaultCursor: CursorInfo(imageName=fxgl_default_cursor.png, hotspotX=7.0, hotspotY=6.0)
21:39:43.473 [FXGL Background Thread 3 ] DEBUG Engine               - devBBoxColorProperty: ObjectProperty [value: 0xff0000ff]
21:39:43.473 [FXGL Background Thread 3 ] DEBUG Engine               - devEnableDebugCameraProperty: BooleanProperty [value: false]
21:39:43.474 [FXGL Background Thread 3 ] DEBUG Engine               - devSensorColorProperty: ObjectProperty [value: 0xffff00ff]
21:39:43.474 [FXGL Background Thread 3 ] DEBUG Engine               - devShowBBoxProperty: BooleanProperty [value: false]
21:39:43.474 [FXGL Background Thread 3 ] DEBUG Engine               - devShowPositionProperty: BooleanProperty [value: false]
21:39:43.474 [FXGL Background Thread 3 ] DEBUG Engine               - enabledMenuItems: []
21:39:43.474 [FXGL Background Thread 3 ] DEBUG Engine               - engineServices: [class com.almasb.fxgl.app.services.FXGLAssetLoaderService, class com.almasb.fxgl.app.FXGLApplication$GameApplicationService, class com.almasb.fxgl.app.services.FXGLDialogService, class com.almasb.fxgl.app.services.IOTaskExecutorService, class com.almasb.fxgl.io.FileSystemService, class com.almasb.fxgl.localization.LocalizationService, class com.almasb.fxgl.app.services.SystemBundleService, class com.almasb.fxgl.profile.SaveLoadService, class com.almasb.fxgl.ui.FXGLUIFactoryServiceProvider, class com.almasb.fxgl.ui.FXGLDialogFactoryServiceProvider, class com.almasb.fxgl.audio.AudioPlayer, class com.almasb.fxgl.notification.impl.NotificationServiceProvider, class com.almasb.fxgl.achievement.AchievementService, class com.almasb.fxgl.cutscene.CutsceneService, class com.almasb.fxgl.minigames.MiniGameService, class com.almasb.fxgl.net.NetService, class com.almasb.fxgl.app.services.UpdaterService, class com.almasb.fxgl.dev.DevService]
21:39:43.474 [FXGL Background Thread 3 ] DEBUG Engine               - fontGame: Abel-Regular.ttf
21:39:43.474 [FXGL Background Thread 3 ] DEBUG Engine               - fontMono: TerminalLandMono-Regular.otf
21:39:43.474 [FXGL Background Thread 3 ] DEBUG Engine               - fontText: Courier-Prime.ttf
21:39:43.474 [FXGL Background Thread 3 ] DEBUG Engine               - fontUI: VarelaRound-Regular.ttf
21:39:43.474 [FXGL Background Thread 3 ] DEBUG Engine               - fullScreen: BooleanProperty [value: false]
21:39:43.474 [FXGL Background Thread 3 ] DEBUG Engine               - gameDifficulty: MEDIUM
21:39:43.474 [FXGL Background Thread 3 ] DEBUG Engine               - gameDifficultyProperty: ObjectProperty [value: MEDIUM]
21:39:43.475 [FXGL Background Thread 3 ] DEBUG Engine               - globalMusicVolume: 0.5
21:39:43.475 [FXGL Background Thread 3 ] DEBUG Engine               - globalMusicVolumeProperty: DoubleProperty [value: 0.25]
21:39:43.475 [FXGL Background Thread 3 ] DEBUG Engine               - globalSoundVolume: 0.5
21:39:43.475 [FXGL Background Thread 3 ] DEBUG Engine               - globalSoundVolumeProperty: DoubleProperty [value: 0.5]
21:39:43.475 [FXGL Background Thread 3 ] DEBUG Engine               - height: 720
21:39:43.475 [FXGL Background Thread 3 ] DEBUG Engine               - is3D: false
21:39:43.475 [FXGL Background Thread 3 ] DEBUG Engine               - isAndroid: false
21:39:43.475 [FXGL Background Thread 3 ] DEBUG Engine               - isBrowser: false
21:39:43.475 [FXGL Background Thread 3 ] DEBUG Engine               - isClickFeedbackEnabled: false
21:39:43.475 [FXGL Background Thread 3 ] DEBUG Engine               - isCloseConfirmation: false
21:39:43.475 [FXGL Background Thread 3 ] DEBUG Engine               - isDesktop: true
21:39:43.475 [FXGL Background Thread 3 ] DEBUG Engine               - isDeveloperMenuEnabled: true
21:39:43.475 [FXGL Background Thread 3 ] DEBUG Engine               - isEmbedded: false
21:39:43.476 [FXGL Background Thread 3 ] DEBUG Engine               - isEntityPreloadEnabled: true
21:39:43.476 [FXGL Background Thread 3 ] DEBUG Engine               - isExperimentalTiledLargeMap: false
21:39:43.476 [FXGL Background Thread 3 ] DEBUG Engine               - isFileSystemWriteAllowed: true
21:39:43.476 [FXGL Background Thread 3 ] DEBUG Engine               - isFullScreenAllowed: false
21:39:43.476 [FXGL Background Thread 3 ] DEBUG Engine               - isFullScreenFromStart: false
21:39:43.476 [FXGL Background Thread 3 ] DEBUG Engine               - isGameMenuEnabled: true
21:39:43.476 [FXGL Background Thread 3 ] DEBUG Engine               - isIOS: false
21:39:43.476 [FXGL Background Thread 3 ] DEBUG Engine               - isIntroEnabled: false
21:39:43.476 [FXGL Background Thread 3 ] DEBUG Engine               - isLinux: false
21:39:43.476 [FXGL Background Thread 3 ] DEBUG Engine               - isMac: true
21:39:43.476 [FXGL Background Thread 3 ] DEBUG Engine               - isMainMenuEnabled: true
21:39:43.476 [FXGL Background Thread 3 ] DEBUG Engine               - isManualResizeEnabled: false
21:39:43.476 [FXGL Background Thread 3 ] DEBUG Engine               - isMobile: false
21:39:43.476 [FXGL Background Thread 3 ] DEBUG Engine               - isNative: false
21:39:43.477 [FXGL Background Thread 3 ] DEBUG Engine               - isPauseMusicWhenMinimized: true
21:39:43.477 [FXGL Background Thread 3 ] DEBUG Engine               - isPreserveResizeRatio: false
21:39:43.477 [FXGL Background Thread 3 ] DEBUG Engine               - isProfilingEnabled: false
21:39:43.477 [FXGL Background Thread 3 ] DEBUG Engine               - isScaleAffectedOnResize: true
21:39:43.477 [FXGL Background Thread 3 ] DEBUG Engine               - isSingleStep: false
21:39:43.477 [FXGL Background Thread 3 ] DEBUG Engine               - isUserProfileEnabled: false
21:39:43.477 [FXGL Background Thread 3 ] DEBUG Engine               - isWindows: false
21:39:43.477 [FXGL Background Thread 3 ] DEBUG Engine               - language: ObjectProperty [value: ENGLISH]
21:39:43.477 [FXGL Background Thread 3 ] DEBUG Engine               - menuKey: ESCAPE
21:39:43.477 [FXGL Background Thread 3 ] DEBUG Engine               - mouseSensitivity: 0.2
21:39:43.477 [FXGL Background Thread 3 ] DEBUG Engine               - notificationViewClass: class com.almasb.fxgl.notification.view.XboxNotificationView
21:39:43.477 [FXGL Background Thread 3 ] DEBUG Engine               - pixelsPerMeter: 50.0
21:39:43.477 [FXGL Background Thread 3 ] DEBUG Engine               - platform: MAC
21:39:43.477 [FXGL Background Thread 3 ] DEBUG Engine               - prefHeightProperty: ReadOnlyDoubleProperty [value: 720.0]
21:39:43.477 [FXGL Background Thread 3 ] DEBUG Engine               - prefWidthProperty: ReadOnlyDoubleProperty [value: 1280.0]
21:39:43.478 [FXGL Background Thread 3 ] DEBUG Engine               - profileDir: profiles/
21:39:43.478 [FXGL Background Thread 3 ] DEBUG Engine               - profileName: StringProperty [value: DEFAULT]
21:39:43.478 [FXGL Background Thread 3 ] DEBUG Engine               - randomSeed: -1
21:39:43.478 [FXGL Background Thread 3 ] DEBUG Engine               - runtimeInfo: RuntimeInfo(platform=MAC, version=17.2, build=20.08.2022 16.50)
21:39:43.478 [FXGL Background Thread 3 ] DEBUG Engine               - saveFileExt: sav
21:39:43.478 [FXGL Background Thread 3 ] DEBUG Engine               - scaledHeightProp$fxgl: DoubleProperty [bound, value: 720.0]
21:39:43.479 [FXGL Background Thread 3 ] DEBUG Engine               - scaledWidthProp$fxgl: DoubleProperty [bound, value: 1280.0]
21:39:43.479 [FXGL Background Thread 3 ] DEBUG Engine               - sceneFactory: com.almasb.fxgl.app.scene.SceneFactory@4d99fe1
21:39:43.479 [FXGL Background Thread 3 ] DEBUG Engine               - secondsIn24h: 60
21:39:43.479 [FXGL Background Thread 3 ] DEBUG Engine               - soundMenuBack: menu/back.wav
21:39:43.479 [FXGL Background Thread 3 ] DEBUG Engine               - soundMenuPress: menu/press.wav
21:39:43.479 [FXGL Background Thread 3 ] DEBUG Engine               - soundMenuSelect: menu/select.wav
21:39:43.479 [FXGL Background Thread 3 ] DEBUG Engine               - soundNotification: core/notification.wav
21:39:43.479 [FXGL Background Thread 3 ] DEBUG Engine               - stageStyle: DECORATED
21:39:43.479 [FXGL Background Thread 3 ] DEBUG Engine               - supportedLanguages: [ENGLISH, FRENCH, GERMAN, HUNGARIAN, RUSSIAN]
21:39:43.479 [FXGL Background Thread 3 ] DEBUG Engine               - ticksPerSecond: -1
21:39:43.479 [FXGL Background Thread 3 ] DEBUG Engine               - title: Untitled
21:39:43.479 [FXGL Background Thread 3 ] DEBUG Engine               - urlGithub: https://github.com/AlmasB/FXGL
21:39:43.479 [FXGL Background Thread 3 ] DEBUG Engine               - urlLeaderboard: http://fxgl-top.herokuapp.com/
21:39:43.479 [FXGL Background Thread 3 ] DEBUG Engine               - urlPOM: https://raw.githubusercontent.com/AlmasB/FXGL/release/README.md
21:39:43.479 [FXGL Background Thread 3 ] DEBUG Engine               - userAppClass: class com.sunsofgod.PlatformerApp
21:39:43.479 [FXGL Background Thread 3 ] DEBUG Engine               - version: 0.0
21:39:43.480 [FXGL Background Thread 3 ] DEBUG Engine               - versionCheckDays: 7
21:39:43.480 [FXGL Background Thread 3 ] DEBUG Engine               - width: 1280
21:39:43.480 [FXGL Background Thread 3 ] DEBUG Engine               - Logging services
21:39:43.480 [FXGL Background Thread 3 ] DEBUG Engine               - class com.almasb.fxgl.app.services.FXGLAssetLoaderService
21:39:43.480 [FXGL Background Thread 3 ] DEBUG Engine               - class com.almasb.fxgl.app.FXGLApplication$GameApplicationService
21:39:43.480 [FXGL Background Thread 3 ] DEBUG Engine               - class com.almasb.fxgl.app.services.FXGLDialogService
21:39:43.480 [FXGL Background Thread 3 ] DEBUG Engine               - class com.almasb.fxgl.app.services.IOTaskExecutorService
21:39:43.480 [FXGL Background Thread 3 ] DEBUG Engine               - class com.almasb.fxgl.io.FileSystemService
21:39:43.480 [FXGL Background Thread 3 ] DEBUG Engine               - class com.almasb.fxgl.localization.LocalizationService
21:39:43.480 [FXGL Background Thread 3 ] DEBUG Engine               - class com.almasb.fxgl.app.services.SystemBundleService
21:39:43.480 [FXGL Background Thread 3 ] DEBUG Engine               - class com.almasb.fxgl.profile.SaveLoadService
21:39:43.480 [FXGL Background Thread 3 ] DEBUG Engine               - class com.almasb.fxgl.ui.FXGLUIFactoryServiceProvider
21:39:43.480 [FXGL Background Thread 3 ] DEBUG Engine               - class com.almasb.fxgl.ui.FXGLDialogFactoryServiceProvider
21:39:43.480 [FXGL Background Thread 3 ] DEBUG Engine               - class com.almasb.fxgl.audio.AudioPlayer
21:39:43.480 [FXGL Background Thread 3 ] DEBUG Engine               - class com.almasb.fxgl.notification.impl.NotificationServiceProvider
21:39:43.480 [FXGL Background Thread 3 ] DEBUG Engine               - class com.almasb.fxgl.achievement.AchievementService
21:39:43.480 [FXGL Background Thread 3 ] DEBUG Engine               - class com.almasb.fxgl.cutscene.CutsceneService
21:39:43.481 [FXGL Background Thread 3 ] DEBUG Engine               - class com.almasb.fxgl.minigames.MiniGameService
21:39:43.481 [FXGL Background Thread 3 ] DEBUG Engine               - class com.almasb.fxgl.net.NetService
21:39:43.481 [FXGL Background Thread 3 ] DEBUG Engine               - class com.almasb.fxgl.app.services.UpdaterService
21:39:43.481 [FXGL Background Thread 3 ] DEBUG Engine               - class com.almasb.fxgl.dev.DevService
21:40:33.526 [JavaFX Application Thread] DEBUG FXGLAssetLoaderServi - Loading from file system: file:/Users/aaron/Downloads/JavaFXGame/target/classes/assets/textures/exit_sign.png
21:46:32.162 [JavaFX Application Thread] WARN  TMXLevelLoader       - TiledMap generated from 1.11.0. Supported version: 1.9.0. Some features may not be parsed fully.
21:46:32.164 [JavaFX Application Thread] DEBUG TMXLevelLoader       - Parsed TiledMap: file:/Users/aaron/Downloads/JavaFXGame/target/classes/assets/levels/tmx/level2.tmx
21:46:32.164 [JavaFX Application Thread] DEBUG TMXLevelLoader       - Creating tile layer entities
21:46:32.164 [JavaFX Application Thread] DEBUG TilesetLoader        - Loading view for layer Tile Layer 1
21:46:32.166 [JavaFX Application Thread] DEBUG TilesetLoader        - Created buffer with size 1050.0x700.0
21:46:32.177 [JavaFX Application Thread] DEBUG TMXLevelLoader       - Creating object layer entities
21:46:32.179 [JavaFX Application Thread] DEBUG GameWorld            - Clearing removable entities
21:46:32.180 [JavaFX Application Thread] DEBUG GameWorld            - Setting level: com.almasb.fxgl.entity.level.Level@7c9c19ed
21:48:35.128 [JavaFX Application Thread] DEBUG FXGLApplication      - Exiting FXGL
21:48:35.128 [JavaFX Application Thread] DEBUG LoopRunner           - Stopping loop
21:48:35.128 [JavaFX Application Thread] DEBUG SystemBundleService  - Saving FXGL system data
21:48:35.134 [JavaFX Application Thread] DEBUG FileSystemAccess     - Writing to: /Users/aaron/Downloads/JavaFXGame/system/fxgl.bundle
21:48:35.137 [JavaFX Application Thread] DEBUG Async                - Shutting down background threads
21:48:35.138 [JavaFX Application Thread] DEBUG PrimaryStageWindow   - Closing main window
21:48:35.148 [JavaFX Application Thread] DEBUG Logger               - Closing Logger
