19:51:09.012 [main                     ] DEBUG Logger               - Configured Logger
19:51:09.025 [main                     ] DEBUG GameApplication      - Logging settings
Title: Untitled
Version: 0.0
Width: 1280
Height: 720
Fullscreen: false
Intro: false
Profiling: false
Single step:false
App Mode: DEVELOPER
Menu Key: ESCAPE
Stage Style: DECORATED
Scene Factory: class com.sunsofgod.PlatformerApp$1

19:51:09.604 [JavaFX Application Thread] DEBUG FXGLApplication      - Initializing FXGL
19:51:09.606 [JavaFX Application Thread] INFO  Engine               - FXGL-17.2 (20.08.2022 16.50) on MAC (J:17.0.2 FX:17.0.12)
19:51:09.606 [JavaFX Application Thread] DEBUG Engine               - JRE Vendor Name: Oracle Corporation
19:51:09.607 [JavaFX Application Thread] DEBUG Engine               - Running on OS: Mac OS X version 15.1
19:51:09.607 [JavaFX Application Thread] DEBUG Engine               - Architecture: aarch64
19:51:09.607 [JavaFX Application Thread] INFO  Engine               - Source code and latest versions at: https://github.com/AlmasB/FXGL
19:51:09.607 [JavaFX Application Thread] INFO  Engine               -       Ask questions and discuss at: https://github.com/AlmasB/FXGL/discussions
19:51:09.607 [JavaFX Application Thread] INFO  Engine               -              Join the FXGL chat at: https://gitter.im/AlmasB/FXGL
19:51:09.651 [JavaFX Application Thread] DEBUG PrimaryStageWindow   - Creating a JavaFX scene
19:51:09.672 [JavaFX Application Thread] DEBUG PrimaryStageWindow   - Target settings size: 1280.0 x 720.0
19:51:09.672 [JavaFX Application Thread] DEBUG PrimaryStageWindow   - Scaled scene size:    1280.0 x 720.0
19:51:09.672 [JavaFX Application Thread] DEBUG PrimaryStageWindow   - Scaled ratio: (1.0, 1.0)
19:51:09.673 [JavaFX Application Thread] DEBUG PrimaryStageWindow   - Set initial scene to FXGLStartupScene
19:51:09.676 [JavaFX Application Thread] DEBUG PrimaryStageWindow   - Opening main window
19:51:09.796 [JavaFX Application Thread] DEBUG PrimaryStageWindow   - Window border size: (0.0, 28.0)
19:51:09.797 [JavaFX Application Thread] DEBUG PrimaryStageWindow   - Scaled size: 1280.0 x 720.0
19:51:09.797 [JavaFX Application Thread] DEBUG PrimaryStageWindow   - Scaled ratio: (1.0, 1.0)
19:51:09.797 [JavaFX Application Thread] DEBUG PrimaryStageWindow   - Scene size: 1280.0 x 720.0
19:51:09.797 [JavaFX Application Thread] DEBUG PrimaryStageWindow   - Stage size: 1280.0 x 748.0
19:51:09.801 [FXGL Background Thread 1 ] DEBUG Engine               - Initializing environment variables
19:51:09.816 [FXGL Background Thread 1 ] DEBUG FXGLAssetLoaderServi - User app class for loading assets: class com.sunsofgod.PlatformerApp
19:51:09.816 [FXGL Background Thread 1 ] DEBUG GameApplicationServi - Applying CSS: fxgl_dark.css
19:51:09.817 [FXGL Background Thread 1 ] DEBUG FXGLAssetLoaderServi - Loading from file system: jar:file:///Users/aaron/.m2/repository/com/github/almasb/fxgl/17.2/fxgl-17.2.jar!/fxglassets/ui/css/fxgl_dark.css
19:51:09.842 [FXGL Background Thread 1 ] DEBUG GameApplicationServi - Initializing application scenes
19:51:09.935 [FXGL Background Thread 1 ] WARN  FXGLAssetLoaderServi - Asset "/assets/textures/player.png" was not found!
19:51:09.935 [FXGL Background Thread 1 ] WARN  FXGLAssetLoaderServi - Failed to load IMAGE
19:51:09.949 [FXGL Background Thread 1 ] DEBUG GameWorld            - Game world initialized
19:51:09.975 [FXGL Background Thread 1 ] DEBUG PhysicsWorld         - Physics world initialized: appHeight=720, physics.ppm=50.0
19:51:09.975 [FXGL Background Thread 1 ] DEBUG PhysicsWorld         - Using strategy: BRUTE_FORCE
19:51:09.977 [FXGL Background Thread 1 ] DEBUG GameScene            - Game scene initialized: 1280x720
19:51:12.235 [FXGL Background Thread 1 ] DEBUG FXGL.DefaultMenu     - createMenuBodyGameMenu()
19:51:12.242 [FXGL Background Thread 1 ] DEBUG FXGL.DefaultMenu     - createOptionsMenu()
19:51:12.245 [FXGL Background Thread 1 ] DEBUG FXGLAssetLoaderServi - Loading from file system: jar:file:///Users/aaron/.m2/repository/com/github/almasb/fxgl/17.2/fxgl-17.2.jar!/fxglassets/textures/particles/smoke.png
19:51:12.279 [FXGL Background Thread 1 ] DEBUG FXGLAssetLoaderServi - Loading from file system: jar:file:///Users/aaron/.m2/repository/com/github/almasb/fxgl/17.2/fxgl-17.2.jar!/fxglassets/textures/particles/trace_horizontal.png
19:51:12.285 [FXGL Background Thread 1 ] DEBUG GameApplicationServi - Application scenes initialized
19:51:12.290 [FXGL Background Thread 1 ] DEBUG SystemBundleService  - Loading FXGL system data
19:51:12.293 [FXGL Background Thread 1 ] DEBUG FileSystemAccess     - Reading from: /Users/aaron/JavaFXGame/system/fxgl.bundle
19:51:12.296 [FXGL Background Thread 1 ] DEBUG SystemBundleService  - Bundle FXGL: {}
19:51:12.296 [FXGL Background Thread 1 ] DEBUG UpdaterService       - Checking for updates
19:51:12.310 [FXGL Background Thread 4 ] DEBUG FXGLApplication      - Loading fonts
19:51:12.311 [FXGL Background Thread 1 ] DEBUG FXGLApplication      - Loading default localization
19:51:12.311 [FXGL Background Thread 4 ] DEBUG FXGLAssetLoaderServi - Loading from file system: jar:file:///Users/aaron/.m2/repository/com/github/almasb/fxgl/17.2/fxgl-17.2.jar!/fxglassets/ui/fonts/VarelaRound-Regular.ttf
19:51:12.311 [FXGL Background Thread 1 ] DEBUG FXGLAssetLoaderServi - Loading from file system: jar:file:///Users/aaron/.m2/repository/com/github/almasb/fxgl/17.2/fxgl-17.2.jar!/fxglassets/languages/english.lang
19:51:12.320 [FXGL Background Thread 4 ] DEBUG FXGLAssetLoaderServi - Loading from file system: jar:file:///Users/aaron/.m2/repository/com/github/almasb/fxgl/17.2/fxgl-17.2.jar!/fxglassets/ui/fonts/Abel-Regular.ttf
19:51:12.321 [FXGL Background Thread 1 ] INFO  FXGLApplication      - FXGL initialization took: 2.521 sec
19:51:12.322 [FXGL Background Thread 4 ] DEBUG FXGLAssetLoaderServi - Loading from file system: jar:file:///Users/aaron/.m2/repository/com/github/almasb/fxgl/17.2/fxgl-17.2.jar!/fxglassets/ui/fonts/TerminalLandMono-Regular.otf
19:51:12.322 [JavaFX Application Thread] DEBUG FXGLAssetLoaderServi - Loading from file system: jar:file:///Users/aaron/.m2/repository/com/github/almasb/fxgl/17.2/fxgl-17.2.jar!/fxglassets/textures/fxgl_icon.png
19:51:12.326 [FXGL Background Thread 4 ] DEBUG FXGLAssetLoaderServi - Loading from file system: jar:file:///Users/aaron/.m2/repository/com/github/almasb/fxgl/17.2/fxgl-17.2.jar!/fxglassets/ui/fonts/Courier-Prime.ttf
19:51:12.333 [JavaFX Application Thread] DEBUG FXGLAssetLoaderServi - Loading from file system: jar:file:///Users/aaron/.m2/repository/com/github/almasb/fxgl/17.2/fxgl-17.2.jar!/fxglassets/textures/fxgl_default_cursor.png
19:51:12.340 [JavaFX Application Thread] DEBUG Input                - Registered new binding: Screenshot - CTRL+8
19:51:12.340 [JavaFX Application Thread] DEBUG Input                - Registered new binding: Dev Options - 1
19:51:12.340 [JavaFX Application Thread] DEBUG Input                - Registered new binding: Dev Console - 2
19:51:12.341 [JavaFX Application Thread] DEBUG Input                - Registered new binding: System info dump - CTRL+9
19:51:12.341 [JavaFX Application Thread] DEBUG Input                - Registered new binding: Restart - CTRL+R
19:51:12.341 [JavaFX Application Thread] DEBUG Input                - Registered new binding: Toggle Debug Camera - CTRL+7
19:51:12.342 [JavaFX Application Thread] DEBUG LoopRunner           - Starting loop
19:51:12.348 [JavaFX Application Thread] DEBUG LoopRunner           - Initializing JavaFX AnimationTimerLoop
19:51:12.349 [JavaFX Application Thread] DEBUG Input                - Clearing active input actions
19:51:12.352 [JavaFX Application Thread] DEBUG GameApplicationServi - Removing overlay from FXGLStartupScene and adding to FXGLMainMenuDummyScene
19:51:12.353 [JavaFX Application Thread] DEBUG PrimaryStageWindow   - FXGLStartupScene -> FXGLMainMenuDummyScene
19:51:12.353 [JavaFX Application Thread] DEBUG PrimaryStageWindow   - Push state: RiderMainMenuScene
19:51:12.353 [JavaFX Application Thread] DEBUG Input                - Clearing active input actions
19:51:12.356 [JavaFX Application Thread] DEBUG GameApplicationServi - Removing overlay from FXGLMainMenuDummyScene and adding to RiderMainMenuScene
19:51:12.356 [JavaFX Application Thread] DEBUG PrimaryStageWindow   - FXGLMainMenuDummyScene -> RiderMainMenuScene
19:51:12.375 [JavaFX Application Thread] DEBUG FXGLApplication      - Registering font factories with UI factory
19:51:12.564 [FXGL Background Thread 2 ] INFO  UpdaterService       - Your current version:  17.2
19:51:12.565 [FXGL Background Thread 2 ] INFO  UpdaterService       - Latest stable version: 21.1
19:51:13.164 [JavaFX Application Thread] DEBUG PrimaryStageWindow   - Push state: PlayerSelectScene
19:51:13.164 [JavaFX Application Thread] DEBUG Input                - Clearing active input actions
19:51:13.164 [JavaFX Application Thread] DEBUG GameApplicationServi - Removing overlay from RiderMainMenuScene and adding to PlayerSelectScene
19:51:13.165 [JavaFX Application Thread] DEBUG PrimaryStageWindow   - RiderMainMenuScene -> PlayerSelectScene
19:51:15.311 [FXGL Background Thread 3 ] DEBUG Engine               - Logging environment variables
19:51:15.311 [FXGL Background Thread 3 ] DEBUG Engine               - achievements: []
19:51:15.312 [FXGL Background Thread 3 ] DEBUG Engine               - actualHeight: 720.0
19:51:15.312 [FXGL Background Thread 3 ] DEBUG Engine               - actualHeightProperty: ReadOnlyDoubleProperty [value: 720.0]
19:51:15.312 [FXGL Background Thread 3 ] DEBUG Engine               - actualWidth: 1280.0
19:51:15.312 [FXGL Background Thread 3 ] DEBUG Engine               - actualWidthProperty: ReadOnlyDoubleProperty [value: 1280.0]
19:51:15.312 [FXGL Background Thread 3 ] DEBUG Engine               - appIcon: fxgl_icon.png
19:51:15.312 [FXGL Background Thread 3 ] DEBUG Engine               - applicationMode: DEVELOPER
19:51:15.312 [FXGL Background Thread 3 ] DEBUG Engine               - cSSList: [fxgl_dark.css]
19:51:15.312 [FXGL Background Thread 3 ] DEBUG Engine               - collisionDetectionStrategy: BRUTE_FORCE
19:51:15.312 [FXGL Background Thread 3 ] DEBUG Engine               - configClass: Optional.empty
19:51:15.312 [FXGL Background Thread 3 ] DEBUG Engine               - credits: []
19:51:15.313 [FXGL Background Thread 3 ] DEBUG Engine               - defaultCursor: CursorInfo(imageName=fxgl_default_cursor.png, hotspotX=7.0, hotspotY=6.0)
19:51:15.313 [FXGL Background Thread 3 ] DEBUG Engine               - devBBoxColorProperty: ObjectProperty [value: 0xff0000ff]
19:51:15.313 [FXGL Background Thread 3 ] DEBUG Engine               - devEnableDebugCameraProperty: BooleanProperty [value: false]
19:51:15.313 [FXGL Background Thread 3 ] DEBUG Engine               - devSensorColorProperty: ObjectProperty [value: 0xffff00ff]
19:51:15.314 [FXGL Background Thread 3 ] DEBUG Engine               - devShowBBoxProperty: BooleanProperty [value: false]
19:51:15.314 [FXGL Background Thread 3 ] DEBUG Engine               - devShowPositionProperty: BooleanProperty [value: false]
19:51:15.314 [FXGL Background Thread 3 ] DEBUG Engine               - enabledMenuItems: []
19:51:15.314 [FXGL Background Thread 3 ] DEBUG Engine               - engineServices: [class com.almasb.fxgl.app.services.FXGLAssetLoaderService, class com.almasb.fxgl.app.FXGLApplication$GameApplicationService, class com.almasb.fxgl.app.services.FXGLDialogService, class com.almasb.fxgl.app.services.IOTaskExecutorService, class com.almasb.fxgl.io.FileSystemService, class com.almasb.fxgl.localization.LocalizationService, class com.almasb.fxgl.app.services.SystemBundleService, class com.almasb.fxgl.profile.SaveLoadService, class com.almasb.fxgl.ui.FXGLUIFactoryServiceProvider, class com.almasb.fxgl.ui.FXGLDialogFactoryServiceProvider, class com.almasb.fxgl.audio.AudioPlayer, class com.almasb.fxgl.notification.impl.NotificationServiceProvider, class com.almasb.fxgl.achievement.AchievementService, class com.almasb.fxgl.cutscene.CutsceneService, class com.almasb.fxgl.minigames.MiniGameService, class com.almasb.fxgl.net.NetService, class com.almasb.fxgl.app.services.UpdaterService, class com.almasb.fxgl.dev.DevService]
19:51:15.314 [FXGL Background Thread 3 ] DEBUG Engine               - fontGame: Abel-Regular.ttf
19:51:15.314 [FXGL Background Thread 3 ] DEBUG Engine               - fontMono: TerminalLandMono-Regular.otf
19:51:15.314 [FXGL Background Thread 3 ] DEBUG Engine               - fontText: Courier-Prime.ttf
19:51:15.314 [FXGL Background Thread 3 ] DEBUG Engine               - fontUI: VarelaRound-Regular.ttf
19:51:15.314 [FXGL Background Thread 3 ] DEBUG Engine               - fullScreen: BooleanProperty [value: false]
19:51:15.314 [FXGL Background Thread 3 ] DEBUG Engine               - gameDifficulty: MEDIUM
19:51:15.314 [FXGL Background Thread 3 ] DEBUG Engine               - gameDifficultyProperty: ObjectProperty [value: MEDIUM]
19:51:15.314 [FXGL Background Thread 3 ] DEBUG Engine               - globalMusicVolume: 0.5
19:51:15.314 [FXGL Background Thread 3 ] DEBUG Engine               - globalMusicVolumeProperty: DoubleProperty [value: 0.25]
19:51:15.314 [FXGL Background Thread 3 ] DEBUG Engine               - globalSoundVolume: 0.5
19:51:15.315 [FXGL Background Thread 3 ] DEBUG Engine               - globalSoundVolumeProperty: DoubleProperty [value: 0.5]
19:51:15.315 [FXGL Background Thread 3 ] DEBUG Engine               - height: 720
19:51:15.315 [FXGL Background Thread 3 ] DEBUG Engine               - is3D: false
19:51:15.315 [FXGL Background Thread 3 ] DEBUG Engine               - isAndroid: false
19:51:15.315 [FXGL Background Thread 3 ] DEBUG Engine               - isBrowser: false
19:51:15.315 [FXGL Background Thread 3 ] DEBUG Engine               - isClickFeedbackEnabled: false
19:51:15.315 [FXGL Background Thread 3 ] DEBUG Engine               - isCloseConfirmation: false
19:51:15.315 [FXGL Background Thread 3 ] DEBUG Engine               - isDesktop: true
19:51:15.315 [FXGL Background Thread 3 ] DEBUG Engine               - isDeveloperMenuEnabled: true
19:51:15.315 [FXGL Background Thread 3 ] DEBUG Engine               - isEmbedded: false
19:51:15.315 [FXGL Background Thread 3 ] DEBUG Engine               - isEntityPreloadEnabled: true
19:51:15.315 [FXGL Background Thread 3 ] DEBUG Engine               - isExperimentalTiledLargeMap: false
19:51:15.315 [FXGL Background Thread 3 ] DEBUG Engine               - isFileSystemWriteAllowed: true
19:51:15.315 [FXGL Background Thread 3 ] DEBUG Engine               - isFullScreenAllowed: false
19:51:15.315 [FXGL Background Thread 3 ] DEBUG Engine               - isFullScreenFromStart: false
19:51:15.315 [FXGL Background Thread 3 ] DEBUG Engine               - isGameMenuEnabled: true
19:51:15.315 [FXGL Background Thread 3 ] DEBUG Engine               - isIOS: false
19:51:15.315 [FXGL Background Thread 3 ] DEBUG Engine               - isIntroEnabled: false
19:51:15.316 [FXGL Background Thread 3 ] DEBUG Engine               - isLinux: false
19:51:15.316 [FXGL Background Thread 3 ] DEBUG Engine               - isMac: true
19:51:15.316 [FXGL Background Thread 3 ] DEBUG Engine               - isMainMenuEnabled: true
19:51:15.316 [FXGL Background Thread 3 ] DEBUG Engine               - isManualResizeEnabled: false
19:51:15.316 [FXGL Background Thread 3 ] DEBUG Engine               - isMobile: false
19:51:15.316 [FXGL Background Thread 3 ] DEBUG Engine               - isNative: false
19:51:15.316 [FXGL Background Thread 3 ] DEBUG Engine               - isPauseMusicWhenMinimized: true
19:51:15.316 [FXGL Background Thread 3 ] DEBUG Engine               - isPreserveResizeRatio: false
19:51:15.316 [FXGL Background Thread 3 ] DEBUG Engine               - isProfilingEnabled: false
19:51:15.316 [FXGL Background Thread 3 ] DEBUG Engine               - isScaleAffectedOnResize: true
19:51:15.316 [FXGL Background Thread 3 ] DEBUG Engine               - isSingleStep: false
19:51:15.316 [FXGL Background Thread 3 ] DEBUG Engine               - isUserProfileEnabled: false
19:51:15.316 [FXGL Background Thread 3 ] DEBUG Engine               - isWindows: false
19:51:15.316 [FXGL Background Thread 3 ] DEBUG Engine               - language: ObjectProperty [value: ENGLISH]
19:51:15.317 [FXGL Background Thread 3 ] DEBUG Engine               - menuKey: ESCAPE
19:51:15.317 [FXGL Background Thread 3 ] DEBUG Engine               - mouseSensitivity: 0.2
19:51:15.317 [FXGL Background Thread 3 ] DEBUG Engine               - notificationViewClass: class com.almasb.fxgl.notification.view.XboxNotificationView
19:51:15.317 [FXGL Background Thread 3 ] DEBUG Engine               - pixelsPerMeter: 50.0
19:51:15.317 [FXGL Background Thread 3 ] DEBUG Engine               - platform: MAC
19:51:15.317 [FXGL Background Thread 3 ] DEBUG Engine               - prefHeightProperty: ReadOnlyDoubleProperty [value: 720.0]
19:51:15.317 [FXGL Background Thread 3 ] DEBUG Engine               - prefWidthProperty: ReadOnlyDoubleProperty [value: 1280.0]
19:51:15.317 [FXGL Background Thread 3 ] DEBUG Engine               - profileDir: profiles/
19:51:15.317 [FXGL Background Thread 3 ] DEBUG Engine               - profileName: StringProperty [value: DEFAULT]
19:51:15.317 [FXGL Background Thread 3 ] DEBUG Engine               - randomSeed: -1
19:51:15.317 [FXGL Background Thread 3 ] DEBUG Engine               - runtimeInfo: RuntimeInfo(platform=MAC, version=17.2, build=20.08.2022 16.50)
19:51:15.317 [FXGL Background Thread 3 ] DEBUG Engine               - saveFileExt: sav
19:51:15.317 [FXGL Background Thread 3 ] DEBUG Engine               - scaledHeightProp$fxgl: DoubleProperty [bound, value: 720.0]
19:51:15.317 [FXGL Background Thread 3 ] DEBUG Engine               - scaledWidthProp$fxgl: DoubleProperty [bound, value: 1280.0]
19:51:15.317 [FXGL Background Thread 3 ] DEBUG Engine               - sceneFactory: com.sunsofgod.PlatformerApp$1@28e14a3b
19:51:15.317 [FXGL Background Thread 3 ] DEBUG Engine               - secondsIn24h: 60
19:51:15.318 [FXGL Background Thread 3 ] DEBUG Engine               - soundMenuBack: menu/back.wav
19:51:15.318 [FXGL Background Thread 3 ] DEBUG Engine               - soundMenuPress: menu/press.wav
19:51:15.318 [FXGL Background Thread 3 ] DEBUG Engine               - soundMenuSelect: menu/select.wav
19:51:15.318 [FXGL Background Thread 3 ] DEBUG Engine               - soundNotification: core/notification.wav
19:51:15.318 [FXGL Background Thread 3 ] DEBUG Engine               - stageStyle: DECORATED
19:51:15.318 [FXGL Background Thread 3 ] DEBUG Engine               - supportedLanguages: [ENGLISH, FRENCH, GERMAN, HUNGARIAN, RUSSIAN]
19:51:15.318 [FXGL Background Thread 3 ] DEBUG Engine               - ticksPerSecond: -1
19:51:15.318 [FXGL Background Thread 3 ] DEBUG Engine               - title: Untitled
19:51:15.318 [FXGL Background Thread 3 ] DEBUG Engine               - urlGithub: https://github.com/AlmasB/FXGL
19:51:15.318 [FXGL Background Thread 3 ] DEBUG Engine               - urlLeaderboard: http://fxgl-top.herokuapp.com/
19:51:15.318 [FXGL Background Thread 3 ] DEBUG Engine               - urlPOM: https://raw.githubusercontent.com/AlmasB/FXGL/release/README.md
19:51:15.318 [FXGL Background Thread 3 ] DEBUG Engine               - userAppClass: class com.sunsofgod.PlatformerApp
19:51:15.318 [FXGL Background Thread 3 ] DEBUG Engine               - version: 0.0
19:51:15.318 [FXGL Background Thread 3 ] DEBUG Engine               - versionCheckDays: 7
19:51:15.319 [FXGL Background Thread 3 ] DEBUG Engine               - width: 1280
19:51:15.319 [FXGL Background Thread 3 ] DEBUG Engine               - Logging services
19:51:15.319 [FXGL Background Thread 3 ] DEBUG Engine               - class com.almasb.fxgl.app.services.FXGLAssetLoaderService
19:51:15.319 [FXGL Background Thread 3 ] DEBUG Engine               - class com.almasb.fxgl.app.FXGLApplication$GameApplicationService
19:51:15.319 [FXGL Background Thread 3 ] DEBUG Engine               - class com.almasb.fxgl.app.services.FXGLDialogService
19:51:15.319 [FXGL Background Thread 3 ] DEBUG Engine               - class com.almasb.fxgl.app.services.IOTaskExecutorService
19:51:15.319 [FXGL Background Thread 3 ] DEBUG Engine               - class com.almasb.fxgl.io.FileSystemService
19:51:15.319 [FXGL Background Thread 3 ] DEBUG Engine               - class com.almasb.fxgl.localization.LocalizationService
19:51:15.319 [FXGL Background Thread 3 ] DEBUG Engine               - class com.almasb.fxgl.app.services.SystemBundleService
19:51:15.319 [FXGL Background Thread 3 ] DEBUG Engine               - class com.almasb.fxgl.profile.SaveLoadService
19:51:15.319 [FXGL Background Thread 3 ] DEBUG Engine               - class com.almasb.fxgl.ui.FXGLUIFactoryServiceProvider
19:51:15.319 [FXGL Background Thread 3 ] DEBUG Engine               - class com.almasb.fxgl.ui.FXGLDialogFactoryServiceProvider
19:51:15.319 [FXGL Background Thread 3 ] DEBUG Engine               - class com.almasb.fxgl.audio.AudioPlayer
19:51:15.319 [FXGL Background Thread 3 ] DEBUG Engine               - class com.almasb.fxgl.notification.impl.NotificationServiceProvider
19:51:15.319 [FXGL Background Thread 3 ] DEBUG Engine               - class com.almasb.fxgl.achievement.AchievementService
19:51:15.319 [FXGL Background Thread 3 ] DEBUG Engine               - class com.almasb.fxgl.cutscene.CutsceneService
19:51:15.319 [FXGL Background Thread 3 ] DEBUG Engine               - class com.almasb.fxgl.minigames.MiniGameService
19:51:15.319 [FXGL Background Thread 3 ] DEBUG Engine               - class com.almasb.fxgl.net.NetService
19:51:15.319 [FXGL Background Thread 3 ] DEBUG Engine               - class com.almasb.fxgl.app.services.UpdaterService
19:51:15.320 [FXGL Background Thread 3 ] DEBUG Engine               - class com.almasb.fxgl.dev.DevService
19:51:27.102 [JavaFX Application Thread] DEBUG PrimaryStageWindow   - Pop state: PlayerSelectScene
19:51:27.102 [JavaFX Application Thread] DEBUG Input                - Clearing active input actions
19:51:27.103 [JavaFX Application Thread] DEBUG GameApplicationServi - Removing overlay from PlayerSelectScene and adding to RiderMainMenuScene
19:51:27.104 [JavaFX Application Thread] DEBUG PrimaryStageWindow   - RiderMainMenuScene <- PlayerSelectScene
19:51:27.317 [JavaFX Application Thread] DEBUG PrimaryStageWindow   - Push state: LevelSelectScene
19:51:27.317 [JavaFX Application Thread] DEBUG Input                - Clearing active input actions
19:51:27.318 [JavaFX Application Thread] DEBUG GameApplicationServi - Removing overlay from RiderMainMenuScene and adding to LevelSelectScene
19:51:27.318 [JavaFX Application Thread] DEBUG PrimaryStageWindow   - RiderMainMenuScene -> LevelSelectScene
19:51:28.767 [JavaFX Application Thread] DEBUG Menu                 - fireNewGame()
19:51:28.767 [JavaFX Application Thread] DEBUG GameApplicationServi - Starting new game
19:51:28.767 [JavaFX Application Thread] DEBUG PrimaryStageWindow   - Pop state: LevelSelectScene
19:51:28.767 [JavaFX Application Thread] DEBUG Input                - Clearing active input actions
19:51:28.768 [JavaFX Application Thread] DEBUG GameApplicationServi - Removing overlay from LevelSelectScene and adding to RiderMainMenuScene
19:51:28.768 [JavaFX Application Thread] DEBUG PrimaryStageWindow   - RiderMainMenuScene <- LevelSelectScene
19:51:28.768 [JavaFX Application Thread] DEBUG PrimaryStageWindow   - Pop state: RiderMainMenuScene
19:51:28.768 [JavaFX Application Thread] DEBUG Input                - Clearing active input actions
19:51:28.769 [JavaFX Application Thread] DEBUG GameApplicationServi - Removing overlay from RiderMainMenuScene and adding to FXGLMainMenuDummyScene
19:51:28.769 [JavaFX Application Thread] DEBUG PrimaryStageWindow   - FXGLMainMenuDummyScene <- RiderMainMenuScene
19:51:28.769 [JavaFX Application Thread] DEBUG Input                - Clearing active input actions
19:51:28.772 [JavaFX Application Thread] DEBUG GameApplicationServi - Removing overlay from FXGLMainMenuDummyScene and adding to MainLoadingScene
19:51:28.775 [JavaFX Application Thread] DEBUG PrimaryStageWindow   - FXGLMainMenuDummyScene -> MainLoadingScene
19:51:28.775 [JavaFX Application Thread] DEBUG GameApplicationServi - Clearing previous game
19:51:28.776 [JavaFX Application Thread] DEBUG GameScene            - Clearing game scene
19:51:28.776 [JavaFX Application Thread] DEBUG GameWorld            - Clearing game world
19:51:28.776 [JavaFX Application Thread] DEBUG PhysicsWorld         - Clearing physics world
19:51:28.777 [FXGL Background Thread 2 ] DEBUG FXGLApplication      - Initializing game
19:51:28.801 [FXGL Background Thread 2 ] WARN  TMXLevelLoader       - TiledMap generated from 1.11.0. Supported version: 1.9.0. Some features may not be parsed fully.
19:51:28.804 [FXGL Background Thread 2 ] DEBUG TMXLevelLoader       - Parsed TiledMap: file:/Users/aaron/JavaFXGame/target/classes/assets/levels/tmx/level1.tmx
19:51:28.805 [FXGL Background Thread 2 ] DEBUG TMXLevelLoader       - Creating tile layer entities
19:51:28.807 [FXGL Background Thread 2 ] DEBUG TilesetLoader        - Loading view for layer Tile Layer 1
19:51:28.809 [FXGL Background Thread 2 ] DEBUG TilesetLoader        - Created buffer with size 1050.0x700.0
19:51:28.815 [FXGL Background Thread 2 ] DEBUG TMXLevelLoader       - Creating object layer entities
19:51:28.828 [FXGL Background Thread 2 ] DEBUG FXGLAssetLoaderServi - Loading from file system: file:/Users/aaron/JavaFXGame/target/classes/assets/textures/button.png
19:51:28.836 [FXGL Background Thread 2 ] DEBUG GameWorld            - Clearing removable entities
19:51:28.836 [FXGL Background Thread 2 ] DEBUG GameWorld            - Setting level: com.almasb.fxgl.entity.level.Level@13447bed
19:51:28.844 [FXGL Background Thread 2 ] DEBUG FXGLAssetLoaderServi - Loading from file system: file:/Users/aaron/JavaFXGame/target/classes/assets/textures/player1.png
19:51:28.848 [FXGL Background Thread 2 ] DEBUG FXGLAssetLoaderServi - Loading from file system: file:/Users/aaron/JavaFXGame/target/classes/assets/textures/player3.png
19:51:28.851 [FXGL Background Thread 2 ] DEBUG Input                - Registered new binding: Jump0 - W
19:51:28.852 [FXGL Background Thread 2 ] DEBUG Input                - Registered new binding: Left0 - A
19:51:28.852 [FXGL Background Thread 2 ] DEBUG Input                - Registered new binding: Right0 - D
19:51:28.852 [FXGL Background Thread 2 ] DEBUG Input                - Registered new binding: Use0 - E
19:51:28.852 [FXGL Background Thread 2 ] DEBUG Input                - Registered new binding: Jump1 - Up
19:51:28.852 [FXGL Background Thread 2 ] DEBUG Input                - Registered new binding: Left1 - Left
19:51:28.852 [FXGL Background Thread 2 ] DEBUG Input                - Registered new binding: Right1 - Right
19:51:28.852 [FXGL Background Thread 2 ] DEBUG Input                - Registered new binding: Use1 - Slash
19:51:28.852 [FXGL Background Thread 2 ] DEBUG FXGLAssetLoaderServi - Loading from file system: file:/Users/aaron/JavaFXGame/target/classes/assets/textures/background/manila.png
19:51:28.864 [FXGL Background Thread 2 ] INFO  FXGLApplication      - Game initialization took: 0.086 sec
19:51:28.864 [JavaFX Application Thread] DEBUG Input                - Clearing active input actions
19:51:28.867 [JavaFX Application Thread] DEBUG GameApplicationServi - Removing overlay from MainLoadingScene and adding to GameScene
19:51:28.867 [JavaFX Application Thread] DEBUG PrimaryStageWindow   - MainLoadingScene -> GameScene
19:51:33.672 [JavaFX Application Thread] DEBUG FXGLAssetLoaderServi - Loading from file system: file:/Users/aaron/JavaFXGame/target/classes/assets/textures/exit_sign.png
19:51:42.245 [JavaFX Application Thread] WARN  TMXLevelLoader       - TiledMap generated from 1.11.0. Supported version: 1.9.0. Some features may not be parsed fully.
19:51:42.248 [JavaFX Application Thread] DEBUG TMXLevelLoader       - Parsed TiledMap: file:/Users/aaron/JavaFXGame/target/classes/assets/levels/tmx/level2.tmx
19:51:42.248 [JavaFX Application Thread] DEBUG TMXLevelLoader       - Creating tile layer entities
19:51:42.249 [JavaFX Application Thread] DEBUG TilesetLoader        - Loading view for layer Tile Layer 1
19:51:42.252 [JavaFX Application Thread] DEBUG TilesetLoader        - Created buffer with size 1050.0x700.0
19:51:42.266 [JavaFX Application Thread] DEBUG TMXLevelLoader       - Creating object layer entities
19:51:42.270 [JavaFX Application Thread] DEBUG GameWorld            - Clearing removable entities
19:51:42.271 [JavaFX Application Thread] DEBUG GameWorld            - Setting level: com.almasb.fxgl.entity.level.Level@6076892d
19:51:42.355 [JavaFX Application Thread] WARN  GameWorld            - Attempted to remove entity which is not active
19:51:43.271 [JavaFX Application Thread] WARN  GameWorld            - Attempted to remove entity which is not active
19:51:43.338 [JavaFX Application Thread] WARN  GameWorld            - Attempted to remove entity which is not active
19:51:44.121 [JavaFX Application Thread] WARN  GameWorld            - Attempted to remove entity which is not active
19:51:45.460 [JavaFX Application Thread] WARN  TMXLevelLoader       - TiledMap generated from 1.11.0. Supported version: 1.9.0. Some features may not be parsed fully.
19:51:45.462 [JavaFX Application Thread] DEBUG TMXLevelLoader       - Parsed TiledMap: file:/Users/aaron/JavaFXGame/target/classes/assets/levels/tmx/level2.tmx
19:51:45.462 [JavaFX Application Thread] DEBUG TMXLevelLoader       - Creating tile layer entities
19:51:45.462 [JavaFX Application Thread] DEBUG TilesetLoader        - Loading view for layer Tile Layer 1
19:51:45.479 [JavaFX Application Thread] DEBUG TilesetLoader        - Created buffer with size 1050.0x700.0
19:51:45.485 [JavaFX Application Thread] DEBUG TMXLevelLoader       - Creating object layer entities
19:51:45.486 [JavaFX Application Thread] DEBUG GameWorld            - Clearing removable entities
19:51:45.488 [JavaFX Application Thread] DEBUG GameWorld            - Setting level: com.almasb.fxgl.entity.level.Level@60c887d5
19:51:46.490 [JavaFX Application Thread] WARN  TMXLevelLoader       - TiledMap generated from 1.11.0. Supported version: 1.9.0. Some features may not be parsed fully.
19:51:46.492 [JavaFX Application Thread] DEBUG TMXLevelLoader       - Parsed TiledMap: file:/Users/aaron/JavaFXGame/target/classes/assets/levels/tmx/level2.tmx
19:51:46.492 [JavaFX Application Thread] DEBUG TMXLevelLoader       - Creating tile layer entities
19:51:46.493 [JavaFX Application Thread] DEBUG TilesetLoader        - Loading view for layer Tile Layer 1
19:51:46.496 [JavaFX Application Thread] DEBUG TilesetLoader        - Created buffer with size 1050.0x700.0
19:51:46.508 [JavaFX Application Thread] DEBUG TMXLevelLoader       - Creating object layer entities
19:51:46.510 [JavaFX Application Thread] DEBUG GameWorld            - Clearing removable entities
19:51:46.510 [JavaFX Application Thread] DEBUG GameWorld            - Setting level: com.almasb.fxgl.entity.level.Level@735e0091
19:51:48.639 [JavaFX Application Thread] WARN  TMXLevelLoader       - TiledMap generated from 1.11.0. Supported version: 1.9.0. Some features may not be parsed fully.
19:51:48.640 [JavaFX Application Thread] DEBUG TMXLevelLoader       - Parsed TiledMap: file:/Users/aaron/JavaFXGame/target/classes/assets/levels/tmx/level2.tmx
19:51:48.640 [JavaFX Application Thread] DEBUG TMXLevelLoader       - Creating tile layer entities
19:51:48.641 [JavaFX Application Thread] DEBUG TilesetLoader        - Loading view for layer Tile Layer 1
19:51:48.642 [JavaFX Application Thread] DEBUG TilesetLoader        - Created buffer with size 1050.0x700.0
19:51:48.649 [JavaFX Application Thread] DEBUG TMXLevelLoader       - Creating object layer entities
19:51:48.651 [JavaFX Application Thread] DEBUG GameWorld            - Clearing removable entities
19:51:48.653 [JavaFX Application Thread] DEBUG GameWorld            - Setting level: com.almasb.fxgl.entity.level.Level@6e5945e5
19:51:49.640 [JavaFX Application Thread] WARN  TMXLevelLoader       - TiledMap generated from 1.11.0. Supported version: 1.9.0. Some features may not be parsed fully.
19:51:49.641 [JavaFX Application Thread] DEBUG TMXLevelLoader       - Parsed TiledMap: file:/Users/aaron/JavaFXGame/target/classes/assets/levels/tmx/level2.tmx
19:51:49.642 [JavaFX Application Thread] DEBUG TMXLevelLoader       - Creating tile layer entities
19:51:49.642 [JavaFX Application Thread] DEBUG TilesetLoader        - Loading view for layer Tile Layer 1
19:51:49.645 [JavaFX Application Thread] DEBUG TilesetLoader        - Created buffer with size 1050.0x700.0
19:51:49.657 [JavaFX Application Thread] DEBUG TMXLevelLoader       - Creating object layer entities
19:51:49.661 [JavaFX Application Thread] DEBUG GameWorld            - Clearing removable entities
19:51:49.662 [JavaFX Application Thread] DEBUG GameWorld            - Setting level: com.almasb.fxgl.entity.level.Level@326f6c58
19:51:50.657 [JavaFX Application Thread] WARN  TMXLevelLoader       - TiledMap generated from 1.11.0. Supported version: 1.9.0. Some features may not be parsed fully.
19:51:50.659 [JavaFX Application Thread] DEBUG TMXLevelLoader       - Parsed TiledMap: file:/Users/aaron/JavaFXGame/target/classes/assets/levels/tmx/level2.tmx
19:51:50.659 [JavaFX Application Thread] DEBUG TMXLevelLoader       - Creating tile layer entities
19:51:50.660 [JavaFX Application Thread] DEBUG TilesetLoader        - Loading view for layer Tile Layer 1
19:51:50.662 [JavaFX Application Thread] DEBUG TilesetLoader        - Created buffer with size 1050.0x700.0
19:51:50.675 [JavaFX Application Thread] DEBUG TMXLevelLoader       - Creating object layer entities
19:51:50.680 [JavaFX Application Thread] DEBUG GameWorld            - Clearing removable entities
19:51:50.680 [JavaFX Application Thread] DEBUG GameWorld            - Setting level: com.almasb.fxgl.entity.level.Level@b9f5045
19:51:51.673 [JavaFX Application Thread] WARN  TMXLevelLoader       - TiledMap generated from 1.11.0. Supported version: 1.9.0. Some features may not be parsed fully.
19:51:51.675 [JavaFX Application Thread] DEBUG TMXLevelLoader       - Parsed TiledMap: file:/Users/aaron/JavaFXGame/target/classes/assets/levels/tmx/level2.tmx
19:51:51.675 [JavaFX Application Thread] DEBUG TMXLevelLoader       - Creating tile layer entities
19:51:51.675 [JavaFX Application Thread] DEBUG TilesetLoader        - Loading view for layer Tile Layer 1
19:51:51.679 [JavaFX Application Thread] DEBUG TilesetLoader        - Created buffer with size 1050.0x700.0
19:51:51.691 [JavaFX Application Thread] DEBUG TMXLevelLoader       - Creating object layer entities
19:51:51.696 [JavaFX Application Thread] DEBUG GameWorld            - Clearing removable entities
19:51:51.696 [JavaFX Application Thread] DEBUG GameWorld            - Setting level: com.almasb.fxgl.entity.level.Level@33afed9d
19:51:52.689 [JavaFX Application Thread] WARN  TMXLevelLoader       - TiledMap generated from 1.11.0. Supported version: 1.9.0. Some features may not be parsed fully.
19:51:52.691 [JavaFX Application Thread] DEBUG TMXLevelLoader       - Parsed TiledMap: file:/Users/aaron/JavaFXGame/target/classes/assets/levels/tmx/level2.tmx
19:51:52.691 [JavaFX Application Thread] DEBUG TMXLevelLoader       - Creating tile layer entities
19:51:52.691 [JavaFX Application Thread] DEBUG TilesetLoader        - Loading view for layer Tile Layer 1
19:51:52.694 [JavaFX Application Thread] DEBUG TilesetLoader        - Created buffer with size 1050.0x700.0
19:51:52.704 [JavaFX Application Thread] DEBUG TMXLevelLoader       - Creating object layer entities
19:51:52.706 [JavaFX Application Thread] DEBUG GameWorld            - Clearing removable entities
19:51:52.706 [JavaFX Application Thread] DEBUG GameWorld            - Setting level: com.almasb.fxgl.entity.level.Level@4d4d92c5
19:51:53.706 [JavaFX Application Thread] WARN  TMXLevelLoader       - TiledMap generated from 1.11.0. Supported version: 1.9.0. Some features may not be parsed fully.
19:51:53.707 [JavaFX Application Thread] DEBUG TMXLevelLoader       - Parsed TiledMap: file:/Users/aaron/JavaFXGame/target/classes/assets/levels/tmx/level2.tmx
19:51:53.707 [JavaFX Application Thread] DEBUG TMXLevelLoader       - Creating tile layer entities
19:51:53.708 [JavaFX Application Thread] DEBUG TilesetLoader        - Loading view for layer Tile Layer 1
19:51:53.711 [JavaFX Application Thread] DEBUG TilesetLoader        - Created buffer with size 1050.0x700.0
19:51:53.722 [JavaFX Application Thread] DEBUG TMXLevelLoader       - Creating object layer entities
19:51:53.724 [JavaFX Application Thread] DEBUG GameWorld            - Clearing removable entities
19:51:53.725 [JavaFX Application Thread] DEBUG GameWorld            - Setting level: com.almasb.fxgl.entity.level.Level@3a628934
19:51:54.722 [JavaFX Application Thread] WARN  TMXLevelLoader       - TiledMap generated from 1.11.0. Supported version: 1.9.0. Some features may not be parsed fully.
19:51:54.723 [JavaFX Application Thread] DEBUG TMXLevelLoader       - Parsed TiledMap: file:/Users/aaron/JavaFXGame/target/classes/assets/levels/tmx/level2.tmx
19:51:54.723 [JavaFX Application Thread] DEBUG TMXLevelLoader       - Creating tile layer entities
19:51:54.724 [JavaFX Application Thread] DEBUG TilesetLoader        - Loading view for layer Tile Layer 1
19:51:54.727 [JavaFX Application Thread] DEBUG TilesetLoader        - Created buffer with size 1050.0x700.0
19:51:54.739 [JavaFX Application Thread] DEBUG TMXLevelLoader       - Creating object layer entities
19:51:54.741 [JavaFX Application Thread] DEBUG GameWorld            - Clearing removable entities
19:51:54.742 [JavaFX Application Thread] DEBUG GameWorld            - Setting level: com.almasb.fxgl.entity.level.Level@11a7bef7
19:51:55.739 [JavaFX Application Thread] WARN  TMXLevelLoader       - TiledMap generated from 1.11.0. Supported version: 1.9.0. Some features may not be parsed fully.
19:51:55.739 [JavaFX Application Thread] DEBUG TMXLevelLoader       - Parsed TiledMap: file:/Users/aaron/JavaFXGame/target/classes/assets/levels/tmx/level2.tmx
19:51:55.740 [JavaFX Application Thread] DEBUG TMXLevelLoader       - Creating tile layer entities
19:51:55.740 [JavaFX Application Thread] DEBUG TilesetLoader        - Loading view for layer Tile Layer 1
19:51:55.742 [JavaFX Application Thread] DEBUG TilesetLoader        - Created buffer with size 1050.0x700.0
19:51:55.748 [JavaFX Application Thread] DEBUG TMXLevelLoader       - Creating object layer entities
19:51:55.749 [JavaFX Application Thread] DEBUG GameWorld            - Clearing removable entities
19:51:55.752 [JavaFX Application Thread] DEBUG GameWorld            - Setting level: com.almasb.fxgl.entity.level.Level@3707f6bc
19:51:56.740 [JavaFX Application Thread] WARN  TMXLevelLoader       - TiledMap generated from 1.11.0. Supported version: 1.9.0. Some features may not be parsed fully.
19:51:56.742 [JavaFX Application Thread] DEBUG TMXLevelLoader       - Parsed TiledMap: file:/Users/aaron/JavaFXGame/target/classes/assets/levels/tmx/level2.tmx
19:51:56.742 [JavaFX Application Thread] DEBUG TMXLevelLoader       - Creating tile layer entities
19:51:56.742 [JavaFX Application Thread] DEBUG TilesetLoader        - Loading view for layer Tile Layer 1
19:51:56.746 [JavaFX Application Thread] DEBUG TilesetLoader        - Created buffer with size 1050.0x700.0
19:51:56.758 [JavaFX Application Thread] DEBUG TMXLevelLoader       - Creating object layer entities
19:51:56.760 [JavaFX Application Thread] DEBUG GameWorld            - Clearing removable entities
19:51:56.761 [JavaFX Application Thread] DEBUG GameWorld            - Setting level: com.almasb.fxgl.entity.level.Level@3d4c50f8
19:52:09.093 [JavaFX Application Thread] WARN  TMXLevelLoader       - TiledMap generated from 1.11.0. Supported version: 1.9.0. Some features may not be parsed fully.
19:52:09.095 [JavaFX Application Thread] DEBUG TMXLevelLoader       - Parsed TiledMap: file:/Users/aaron/JavaFXGame/target/classes/assets/levels/tmx/level3.tmx
19:52:09.096 [JavaFX Application Thread] DEBUG TMXLevelLoader       - Creating tile layer entities
19:52:09.096 [JavaFX Application Thread] DEBUG TilesetLoader        - Loading view for layer Tile Layer 1
19:52:09.101 [JavaFX Application Thread] DEBUG TilesetLoader        - Created buffer with size 1050.0x700.0
19:52:09.114 [JavaFX Application Thread] DEBUG TMXLevelLoader       - Creating object layer entities
19:52:09.117 [JavaFX Application Thread] DEBUG GameWorld            - Clearing removable entities
19:52:09.120 [JavaFX Application Thread] DEBUG GameWorld            - Setting level: com.almasb.fxgl.entity.level.Level@2469939b
19:52:12.085 [JavaFX Application Thread] DEBUG FXGLApplication      - Exiting FXGL
19:52:12.086 [JavaFX Application Thread] DEBUG LoopRunner           - Stopping loop
19:52:12.086 [JavaFX Application Thread] DEBUG SystemBundleService  - Saving FXGL system data
19:52:12.092 [JavaFX Application Thread] DEBUG FileSystemAccess     - Writing to: /Users/aaron/JavaFXGame/system/fxgl.bundle
19:52:12.094 [JavaFX Application Thread] DEBUG Async                - Shutting down background threads
19:52:12.095 [JavaFX Application Thread] DEBUG PrimaryStageWindow   - Closing main window
19:52:12.110 [JavaFX Application Thread] DEBUG Logger               - Closing Logger
