18:59:53.183 [main                     ] DEBUG Logger               - Configured Logger
18:59:53.199 [main                     ] DEBUG GameApplication      - Logging settings
Title: Untitled
Version: 0.0
Width: 1280
Height: 720
Fullscreen: false
Intro: false
Profiling: false
Single step:false
App Mode: DEVELOPER
Menu Key: ESCAPE
Stage Style: DECORATED
Scene Factory: class com.sunsofgod.PlatformerApp$1

18:59:53.462 [JavaFX Application Thread] DEBUG FXGLApplication      - Initializing FXGL
18:59:53.465 [JavaFX Application Thread] INFO  Engine               - FXGL-17.2 (20.08.2022 16.50) on WINDOWS (J:21.0.4 FX:17.0.12)
18:59:53.466 [JavaFX Application Thread] DEBUG Engine               - JRE Vendor Name: Eclipse Adoptium
18:59:53.466 [JavaFX Application Thread] DEBUG Engine               - Running on OS: Windows 11 version 10.0
18:59:53.466 [JavaFX Application Thread] DEBUG Engine               - Architecture: amd64
18:59:53.466 [JavaFX Application Thread] INFO  Engine               - Source code and latest versions at: https://github.com/AlmasB/FXGL
18:59:53.466 [JavaFX Application Thread] INFO  Engine               -       Ask questions and discuss at: https://github.com/AlmasB/FXGL/discussions
18:59:53.467 [JavaFX Application Thread] INFO  Engine               -              Join the FXGL chat at: https://gitter.im/AlmasB/FXGL
18:59:53.533 [JavaFX Application Thread] DEBUG PrimaryStageWindow   - Creating a JavaFX scene
18:59:53.565 [JavaFX Application Thread] DEBUG PrimaryStageWindow   - Target settings size: 1280.0 x 720.0
18:59:53.565 [JavaFX Application Thread] DEBUG PrimaryStageWindow   - Scaled scene size:    1280.0 x 720.0
18:59:53.565 [JavaFX Application Thread] DEBUG PrimaryStageWindow   - Scaled ratio: (1.0, 1.0)
18:59:53.566 [JavaFX Application Thread] DEBUG PrimaryStageWindow   - Set initial scene to FXGLStartupScene
18:59:53.570 [JavaFX Application Thread] DEBUG PrimaryStageWindow   - Opening main window
18:59:53.633 [JavaFX Application Thread] DEBUG PrimaryStageWindow   - Window border size: (14.4000244140625, 37.5999755859375)
18:59:53.633 [JavaFX Application Thread] DEBUG PrimaryStageWindow   - Scaled size: 1280.0 x 720.0
18:59:53.634 [JavaFX Application Thread] DEBUG PrimaryStageWindow   - Scaled ratio: (1.0, 1.0)
18:59:53.634 [JavaFX Application Thread] DEBUG PrimaryStageWindow   - Scene size: 1280.0 x 720.0
18:59:53.634 [JavaFX Application Thread] DEBUG PrimaryStageWindow   - Stage size: 1294.4000244140625 x 757.5999755859375
18:59:53.641 [FXGL Background Thread 1 ] DEBUG Engine               - Initializing environment variables
18:59:53.680 [FXGL Background Thread 1 ] DEBUG FXGLAssetLoaderServi - User app class for loading assets: class com.sunsofgod.PlatformerApp
18:59:53.680 [FXGL Background Thread 1 ] DEBUG GameApplicationServi - Applying CSS: fxgl_dark.css
18:59:53.680 [FXGL Background Thread 1 ] DEBUG FXGLAssetLoaderServi - Loading from file system: jar:file:///C:/Users/jamie/.m2/repository/com/github/almasb/fxgl/17.2/fxgl-17.2.jar!/fxglassets/ui/css/fxgl_dark.css
18:59:53.723 [FXGL Background Thread 1 ] DEBUG GameApplicationServi - Initializing application scenes
18:59:53.763 [FXGL Background Thread 1 ] WARN  FXGLAssetLoaderServi - Asset "/assets/textures/player.png" was not found!
18:59:53.763 [FXGL Background Thread 1 ] WARN  FXGLAssetLoaderServi - Failed to load IMAGE
18:59:53.795 [FXGL Background Thread 1 ] DEBUG GameWorld            - Game world initialized
18:59:53.830 [FXGL Background Thread 1 ] DEBUG PhysicsWorld         - Physics world initialized: appHeight=720, physics.ppm=50.0
18:59:53.830 [FXGL Background Thread 1 ] DEBUG PhysicsWorld         - Using strategy: BRUTE_FORCE
18:59:53.833 [FXGL Background Thread 1 ] DEBUG GameScene            - Game scene initialized: 1280x720
18:59:54.064 [FXGL Background Thread 1 ] DEBUG GameApplicationServi - Application scenes initialized
18:59:54.076 [FXGL Background Thread 1 ] DEBUG SystemBundleService  - Loading FXGL system data
18:59:54.080 [FXGL Background Thread 1 ] DEBUG FileSystemAccess     - Reading from: C:\Users\jamie\OneDrive\Pictures\JavaFXGame\system\fxgl.bundle
18:59:54.089 [FXGL Background Thread 1 ] DEBUG SystemBundleService  - Bundle FXGL: {}
18:59:54.089 [FXGL Background Thread 1 ] DEBUG UpdaterService       - Checking for updates
18:59:54.117 [FXGL Background Thread 4 ] DEBUG FXGLApplication      - Loading fonts
18:59:54.118 [FXGL Background Thread 1 ] DEBUG FXGLApplication      - Loading default localization
18:59:54.118 [FXGL Background Thread 4 ] DEBUG FXGLAssetLoaderServi - Loading from file system: jar:file:///C:/Users/jamie/.m2/repository/com/github/almasb/fxgl/17.2/fxgl-17.2.jar!/fxglassets/ui/fonts/VarelaRound-Regular.ttf
18:59:54.119 [FXGL Background Thread 1 ] DEBUG FXGLAssetLoaderServi - Loading from file system: jar:file:///C:/Users/jamie/.m2/repository/com/github/almasb/fxgl/17.2/fxgl-17.2.jar!/fxglassets/languages/english.lang
18:59:54.142 [FXGL Background Thread 1 ] INFO  FXGLApplication      - FXGL initialization took: 0.501 sec
18:59:54.143 [JavaFX Application Thread] DEBUG FXGLAssetLoaderServi - Loading from file system: jar:file:///C:/Users/jamie/.m2/repository/com/github/almasb/fxgl/17.2/fxgl-17.2.jar!/fxglassets/textures/fxgl_icon.png
18:59:54.151 [FXGL Background Thread 4 ] DEBUG FXGLAssetLoaderServi - Loading from file system: jar:file:///C:/Users/jamie/.m2/repository/com/github/almasb/fxgl/17.2/fxgl-17.2.jar!/fxglassets/ui/fonts/Abel-Regular.ttf
18:59:54.156 [FXGL Background Thread 4 ] DEBUG FXGLAssetLoaderServi - Loading from file system: jar:file:///C:/Users/jamie/.m2/repository/com/github/almasb/fxgl/17.2/fxgl-17.2.jar!/fxglassets/ui/fonts/TerminalLandMono-Regular.otf
18:59:54.159 [FXGL Background Thread 4 ] DEBUG FXGLAssetLoaderServi - Loading from file system: jar:file:///C:/Users/jamie/.m2/repository/com/github/almasb/fxgl/17.2/fxgl-17.2.jar!/fxglassets/ui/fonts/Courier-Prime.ttf
18:59:54.163 [JavaFX Application Thread] DEBUG FXGLAssetLoaderServi - Loading from file system: jar:file:///C:/Users/jamie/.m2/repository/com/github/almasb/fxgl/17.2/fxgl-17.2.jar!/fxglassets/textures/fxgl_default_cursor.png
18:59:54.175 [JavaFX Application Thread] DEBUG Input                - Registered new binding: Screenshot - CTRL+8
18:59:54.175 [JavaFX Application Thread] DEBUG Input                - Registered new binding: Dev Options - 1
18:59:54.176 [JavaFX Application Thread] DEBUG Input                - Registered new binding: Dev Console - 2
18:59:54.176 [JavaFX Application Thread] DEBUG Input                - Registered new binding: System info dump - CTRL+9
18:59:54.177 [JavaFX Application Thread] DEBUG Input                - Registered new binding: Restart - CTRL+R
18:59:54.177 [JavaFX Application Thread] DEBUG Input                - Registered new binding: Toggle Debug Camera - CTRL+7
18:59:54.180 [JavaFX Application Thread] DEBUG LoopRunner           - Starting loop
18:59:54.196 [JavaFX Application Thread] DEBUG LoopRunner           - Initializing JavaFX AnimationTimerLoop
18:59:54.200 [JavaFX Application Thread] DEBUG Input                - Clearing active input actions
18:59:54.212 [JavaFX Application Thread] DEBUG GameApplicationServi - Removing overlay from FXGLStartupScene and adding to FXGLMainMenuDummyScene
18:59:54.218 [JavaFX Application Thread] DEBUG PrimaryStageWindow   - FXGLStartupScene -> FXGLMainMenuDummyScene
18:59:54.218 [JavaFX Application Thread] DEBUG PrimaryStageWindow   - Push state: RiderMainMenuScene
18:59:54.218 [JavaFX Application Thread] DEBUG Input                - Clearing active input actions
18:59:54.227 [JavaFX Application Thread] DEBUG GameApplicationServi - Removing overlay from FXGLMainMenuDummyScene and adding to RiderMainMenuScene
18:59:54.227 [JavaFX Application Thread] DEBUG PrimaryStageWindow   - FXGLMainMenuDummyScene -> RiderMainMenuScene
18:59:54.422 [JavaFX Application Thread] DEBUG FXGLApplication      - Registering font factories with UI factory
18:59:54.848 [FXGL Background Thread 2 ] INFO  UpdaterService       - Your current version:  17.2
18:59:54.848 [FXGL Background Thread 2 ] INFO  UpdaterService       - Latest stable version: 21.1
18:59:55.566 [JavaFX Application Thread] DEBUG PrimaryStageWindow   - Push state: PlayerSelectScene
18:59:55.566 [JavaFX Application Thread] DEBUG Input                - Clearing active input actions
18:59:55.567 [JavaFX Application Thread] DEBUG GameApplicationServi - Removing overlay from RiderMainMenuScene and adding to PlayerSelectScene
18:59:55.568 [JavaFX Application Thread] DEBUG PrimaryStageWindow   - RiderMainMenuScene -> PlayerSelectScene
18:59:57.115 [FXGL Background Thread 3 ] DEBUG Engine               - Logging environment variables
18:59:57.115 [FXGL Background Thread 3 ] DEBUG Engine               - achievements: []
18:59:57.116 [FXGL Background Thread 3 ] DEBUG Engine               - actualHeight: 720.0
18:59:57.116 [FXGL Background Thread 3 ] DEBUG Engine               - actualHeightProperty: ReadOnlyDoubleProperty [value: 720.0]
18:59:57.116 [FXGL Background Thread 3 ] DEBUG Engine               - actualWidth: 1280.0
18:59:57.116 [FXGL Background Thread 3 ] DEBUG Engine               - actualWidthProperty: ReadOnlyDoubleProperty [value: 1280.0]
18:59:57.116 [FXGL Background Thread 3 ] DEBUG Engine               - appIcon: fxgl_icon.png
18:59:57.116 [FXGL Background Thread 3 ] DEBUG Engine               - applicationMode: DEVELOPER
18:59:57.116 [FXGL Background Thread 3 ] DEBUG Engine               - cSSList: [fxgl_dark.css]
18:59:57.117 [FXGL Background Thread 3 ] DEBUG Engine               - collisionDetectionStrategy: BRUTE_FORCE
18:59:57.117 [FXGL Background Thread 3 ] DEBUG Engine               - configClass: Optional.empty
18:59:57.117 [FXGL Background Thread 3 ] DEBUG Engine               - credits: []
18:59:57.118 [FXGL Background Thread 3 ] DEBUG Engine               - defaultCursor: CursorInfo(imageName=fxgl_default_cursor.png, hotspotX=7.0, hotspotY=6.0)
18:59:57.118 [FXGL Background Thread 3 ] DEBUG Engine               - devBBoxColorProperty: ObjectProperty [value: 0xff0000ff]
18:59:57.118 [FXGL Background Thread 3 ] DEBUG Engine               - devEnableDebugCameraProperty: BooleanProperty [value: false]
18:59:57.118 [FXGL Background Thread 3 ] DEBUG Engine               - devSensorColorProperty: ObjectProperty [value: 0xffff00ff]
18:59:57.118 [FXGL Background Thread 3 ] DEBUG Engine               - devShowBBoxProperty: BooleanProperty [value: false]
18:59:57.118 [FXGL Background Thread 3 ] DEBUG Engine               - devShowPositionProperty: BooleanProperty [value: false]
18:59:57.118 [FXGL Background Thread 3 ] DEBUG Engine               - enabledMenuItems: []
18:59:57.118 [FXGL Background Thread 3 ] DEBUG Engine               - engineServices: [class com.almasb.fxgl.app.services.FXGLAssetLoaderService, class com.almasb.fxgl.app.FXGLApplication$GameApplicationService, class com.almasb.fxgl.app.services.FXGLDialogService, class com.almasb.fxgl.app.services.IOTaskExecutorService, class com.almasb.fxgl.io.FileSystemService, class com.almasb.fxgl.localization.LocalizationService, class com.almasb.fxgl.app.services.SystemBundleService, class com.almasb.fxgl.profile.SaveLoadService, class com.almasb.fxgl.ui.FXGLUIFactoryServiceProvider, class com.almasb.fxgl.ui.FXGLDialogFactoryServiceProvider, class com.almasb.fxgl.audio.AudioPlayer, class com.almasb.fxgl.notification.impl.NotificationServiceProvider, class com.almasb.fxgl.achievement.AchievementService, class com.almasb.fxgl.cutscene.CutsceneService, class com.almasb.fxgl.minigames.MiniGameService, class com.almasb.fxgl.net.NetService, class com.almasb.fxgl.app.services.UpdaterService, class com.almasb.fxgl.dev.DevService]
18:59:57.118 [FXGL Background Thread 3 ] DEBUG Engine               - fontGame: Abel-Regular.ttf
18:59:57.118 [FXGL Background Thread 3 ] DEBUG Engine               - fontMono: TerminalLandMono-Regular.otf
18:59:57.118 [FXGL Background Thread 3 ] DEBUG Engine               - fontText: Courier-Prime.ttf
18:59:57.118 [FXGL Background Thread 3 ] DEBUG Engine               - fontUI: VarelaRound-Regular.ttf
18:59:57.119 [FXGL Background Thread 3 ] DEBUG Engine               - fullScreen: BooleanProperty [value: false]
18:59:57.119 [FXGL Background Thread 3 ] DEBUG Engine               - gameDifficulty: MEDIUM
18:59:57.119 [FXGL Background Thread 3 ] DEBUG Engine               - gameDifficultyProperty: ObjectProperty [value: MEDIUM]
18:59:57.119 [FXGL Background Thread 3 ] DEBUG Engine               - globalMusicVolume: 0.5
18:59:57.119 [FXGL Background Thread 3 ] DEBUG Engine               - globalMusicVolumeProperty: DoubleProperty [value: 0.25]
18:59:57.119 [FXGL Background Thread 3 ] DEBUG Engine               - globalSoundVolume: 0.5
18:59:57.119 [FXGL Background Thread 3 ] DEBUG Engine               - globalSoundVolumeProperty: DoubleProperty [value: 0.5]
18:59:57.119 [FXGL Background Thread 3 ] DEBUG Engine               - height: 720
18:59:57.119 [FXGL Background Thread 3 ] DEBUG Engine               - is3D: false
18:59:57.119 [FXGL Background Thread 3 ] DEBUG Engine               - isAndroid: false
18:59:57.119 [FXGL Background Thread 3 ] DEBUG Engine               - isBrowser: false
18:59:57.119 [FXGL Background Thread 3 ] DEBUG Engine               - isClickFeedbackEnabled: false
18:59:57.119 [FXGL Background Thread 3 ] DEBUG Engine               - isCloseConfirmation: false
18:59:57.119 [FXGL Background Thread 3 ] DEBUG Engine               - isDesktop: true
18:59:57.119 [FXGL Background Thread 3 ] DEBUG Engine               - isDeveloperMenuEnabled: true
18:59:57.119 [FXGL Background Thread 3 ] DEBUG Engine               - isEmbedded: false
18:59:57.119 [FXGL Background Thread 3 ] DEBUG Engine               - isEntityPreloadEnabled: true
18:59:57.119 [FXGL Background Thread 3 ] DEBUG Engine               - isExperimentalTiledLargeMap: false
18:59:57.119 [FXGL Background Thread 3 ] DEBUG Engine               - isFileSystemWriteAllowed: true
18:59:57.119 [FXGL Background Thread 3 ] DEBUG Engine               - isFullScreenAllowed: false
18:59:57.119 [FXGL Background Thread 3 ] DEBUG Engine               - isFullScreenFromStart: false
18:59:57.119 [FXGL Background Thread 3 ] DEBUG Engine               - isGameMenuEnabled: true
18:59:57.119 [FXGL Background Thread 3 ] DEBUG Engine               - isIOS: false
18:59:57.119 [FXGL Background Thread 3 ] DEBUG Engine               - isIntroEnabled: false
18:59:57.119 [FXGL Background Thread 3 ] DEBUG Engine               - isLinux: false
18:59:57.119 [FXGL Background Thread 3 ] DEBUG Engine               - isMac: false
18:59:57.119 [FXGL Background Thread 3 ] DEBUG Engine               - isMainMenuEnabled: true
18:59:57.120 [FXGL Background Thread 3 ] DEBUG Engine               - isManualResizeEnabled: false
18:59:57.120 [FXGL Background Thread 3 ] DEBUG Engine               - isMobile: false
18:59:57.120 [FXGL Background Thread 3 ] DEBUG Engine               - isNative: false
18:59:57.120 [FXGL Background Thread 3 ] DEBUG Engine               - isPauseMusicWhenMinimized: true
18:59:57.120 [FXGL Background Thread 3 ] DEBUG Engine               - isPreserveResizeRatio: false
18:59:57.120 [FXGL Background Thread 3 ] DEBUG Engine               - isProfilingEnabled: false
18:59:57.120 [FXGL Background Thread 3 ] DEBUG Engine               - isScaleAffectedOnResize: true
18:59:57.120 [FXGL Background Thread 3 ] DEBUG Engine               - isSingleStep: false
18:59:57.120 [FXGL Background Thread 3 ] DEBUG Engine               - isUserProfileEnabled: false
18:59:57.120 [FXGL Background Thread 3 ] DEBUG Engine               - isWindows: true
18:59:57.120 [FXGL Background Thread 3 ] DEBUG Engine               - language: ObjectProperty [value: ENGLISH]
18:59:57.120 [FXGL Background Thread 3 ] DEBUG Engine               - menuKey: ESCAPE
18:59:57.120 [FXGL Background Thread 3 ] DEBUG Engine               - mouseSensitivity: 0.2
18:59:57.120 [FXGL Background Thread 3 ] DEBUG Engine               - notificationViewClass: class com.almasb.fxgl.notification.view.XboxNotificationView
18:59:57.120 [FXGL Background Thread 3 ] DEBUG Engine               - pixelsPerMeter: 50.0
18:59:57.120 [FXGL Background Thread 3 ] DEBUG Engine               - platform: WINDOWS
18:59:57.120 [FXGL Background Thread 3 ] DEBUG Engine               - prefHeightProperty: ReadOnlyDoubleProperty [value: 720.0]
18:59:57.120 [FXGL Background Thread 3 ] DEBUG Engine               - prefWidthProperty: ReadOnlyDoubleProperty [value: 1280.0]
18:59:57.120 [FXGL Background Thread 3 ] DEBUG Engine               - profileDir: profiles/
18:59:57.121 [FXGL Background Thread 3 ] DEBUG Engine               - profileName: StringProperty [value: DEFAULT]
18:59:57.121 [FXGL Background Thread 3 ] DEBUG Engine               - randomSeed: -1
18:59:57.121 [FXGL Background Thread 3 ] DEBUG Engine               - runtimeInfo: RuntimeInfo(platform=WINDOWS, version=17.2, build=20.08.2022 16.50)
18:59:57.121 [FXGL Background Thread 3 ] DEBUG Engine               - saveFileExt: sav
18:59:57.121 [FXGL Background Thread 3 ] DEBUG Engine               - scaledHeightProp$fxgl: DoubleProperty [bound, value: 720.0]
18:59:57.121 [FXGL Background Thread 3 ] DEBUG Engine               - scaledWidthProp$fxgl: DoubleProperty [bound, value: 1280.0]
18:59:57.121 [FXGL Background Thread 3 ] DEBUG Engine               - sceneFactory: com.sunsofgod.PlatformerApp$1@14c937f5
18:59:57.121 [FXGL Background Thread 3 ] DEBUG Engine               - secondsIn24h: 60
18:59:57.121 [FXGL Background Thread 3 ] DEBUG Engine               - soundMenuBack: menu/back.wav
18:59:57.121 [FXGL Background Thread 3 ] DEBUG Engine               - soundMenuPress: menu/press.wav
18:59:57.121 [FXGL Background Thread 3 ] DEBUG Engine               - soundMenuSelect: menu/select.wav
18:59:57.121 [FXGL Background Thread 3 ] DEBUG Engine               - soundNotification: core/notification.wav
18:59:57.121 [FXGL Background Thread 3 ] DEBUG Engine               - stageStyle: DECORATED
18:59:57.121 [FXGL Background Thread 3 ] DEBUG Engine               - supportedLanguages: [ENGLISH, FRENCH, GERMAN, HUNGARIAN, RUSSIAN]
18:59:57.121 [FXGL Background Thread 3 ] DEBUG Engine               - ticksPerSecond: -1
18:59:57.122 [FXGL Background Thread 3 ] DEBUG Engine               - title: Untitled
18:59:57.122 [FXGL Background Thread 3 ] DEBUG Engine               - urlGithub: https://github.com/AlmasB/FXGL
18:59:57.122 [FXGL Background Thread 3 ] DEBUG Engine               - urlLeaderboard: http://fxgl-top.herokuapp.com/
18:59:57.122 [FXGL Background Thread 3 ] DEBUG Engine               - urlPOM: https://raw.githubusercontent.com/AlmasB/FXGL/release/README.md
18:59:57.122 [FXGL Background Thread 3 ] DEBUG Engine               - userAppClass: class com.sunsofgod.PlatformerApp
18:59:57.122 [FXGL Background Thread 3 ] DEBUG Engine               - version: 0.0
18:59:57.122 [FXGL Background Thread 3 ] DEBUG Engine               - versionCheckDays: 7
18:59:57.122 [FXGL Background Thread 3 ] DEBUG Engine               - width: 1280
18:59:57.122 [FXGL Background Thread 3 ] DEBUG Engine               - Logging services
18:59:57.122 [FXGL Background Thread 3 ] DEBUG Engine               - class com.almasb.fxgl.app.services.FXGLAssetLoaderService
18:59:57.122 [FXGL Background Thread 3 ] DEBUG Engine               - class com.almasb.fxgl.app.FXGLApplication$GameApplicationService
18:59:57.122 [FXGL Background Thread 3 ] DEBUG Engine               - class com.almasb.fxgl.app.services.FXGLDialogService
18:59:57.122 [FXGL Background Thread 3 ] DEBUG Engine               - class com.almasb.fxgl.app.services.IOTaskExecutorService
18:59:57.122 [FXGL Background Thread 3 ] DEBUG Engine               - class com.almasb.fxgl.io.FileSystemService
18:59:57.122 [FXGL Background Thread 3 ] DEBUG Engine               - class com.almasb.fxgl.localization.LocalizationService
18:59:57.122 [FXGL Background Thread 3 ] DEBUG Engine               - class com.almasb.fxgl.app.services.SystemBundleService
18:59:57.122 [FXGL Background Thread 3 ] DEBUG Engine               - class com.almasb.fxgl.profile.SaveLoadService
18:59:57.122 [FXGL Background Thread 3 ] DEBUG Engine               - class com.almasb.fxgl.ui.FXGLUIFactoryServiceProvider
18:59:57.122 [FXGL Background Thread 3 ] DEBUG Engine               - class com.almasb.fxgl.ui.FXGLDialogFactoryServiceProvider
18:59:57.122 [FXGL Background Thread 3 ] DEBUG Engine               - class com.almasb.fxgl.audio.AudioPlayer
18:59:57.122 [FXGL Background Thread 3 ] DEBUG Engine               - class com.almasb.fxgl.notification.impl.NotificationServiceProvider
18:59:57.122 [FXGL Background Thread 3 ] DEBUG Engine               - class com.almasb.fxgl.achievement.AchievementService
18:59:57.122 [FXGL Background Thread 3 ] DEBUG Engine               - class com.almasb.fxgl.cutscene.CutsceneService
18:59:57.122 [FXGL Background Thread 3 ] DEBUG Engine               - class com.almasb.fxgl.minigames.MiniGameService
18:59:57.122 [FXGL Background Thread 3 ] DEBUG Engine               - class com.almasb.fxgl.net.NetService
18:59:57.122 [FXGL Background Thread 3 ] DEBUG Engine               - class com.almasb.fxgl.app.services.UpdaterService
18:59:57.122 [FXGL Background Thread 3 ] DEBUG Engine               - class com.almasb.fxgl.dev.DevService
18:59:57.633 [JavaFX Application Thread] DEBUG PrimaryStageWindow   - Push state: LevelSelectScene
18:59:57.633 [JavaFX Application Thread] DEBUG Input                - Clearing active input actions
18:59:57.634 [JavaFX Application Thread] DEBUG GameApplicationServi - Removing overlay from PlayerSelectScene and adding to LevelSelectScene
18:59:57.637 [JavaFX Application Thread] DEBUG PrimaryStageWindow   - PlayerSelectScene -> LevelSelectScene
19:00:28.029 [JavaFX Application Thread] DEBUG FXGLApplication      - Exiting FXGL
19:00:28.029 [JavaFX Application Thread] DEBUG LoopRunner           - Stopping loop
19:00:28.029 [JavaFX Application Thread] DEBUG SystemBundleService  - Saving FXGL system data
19:00:28.030 [JavaFX Application Thread] DEBUG FileSystemAccess     - Writing to: C:\Users\jamie\OneDrive\Pictures\JavaFXGame\system\fxgl.bundle
19:00:28.032 [JavaFX Application Thread] DEBUG Async                - Shutting down background threads
19:00:28.032 [JavaFX Application Thread] DEBUG PrimaryStageWindow   - Closing main window
19:00:28.043 [JavaFX Application Thread] DEBUG Logger               - Closing Logger
