17:58:42.588 [main                     ] DEBUG Logger               - Configured Logger
17:58:42.671 [main                     ] DEBUG GameApplication      - Logging settings
Title: Untitled
Version: 0.0
Width: 1280
Height: 720
Fullscreen: false
Intro: false
Profiling: false
Single step:false
App Mode: DEVELOPER
Menu Key: ESCAPE
Stage Style: DECORATED
Scene Factory: class com.almasb.fxgl.app.scene.SceneFactory

17:58:43.081 [JavaFX Application Thread] DEBUG FXGLApplication      - Initializing FXGL
17:58:43.085 [JavaFX Application Thread] INFO  Engine               - FXGL-17.2 (20.08.2022 16.50) on WINDOWS (J:21.0.4 FX:17.0.12)
17:58:43.085 [JavaFX Application Thread] DEBUG Engine               - JRE Vendor Name: Eclipse Adoptium
17:58:43.085 [JavaFX Application Thread] DEBUG Engine               - Running on OS: Windows 10 version 10.0
17:58:43.085 [JavaFX Application Thread] DEBUG Engine               - Architecture: amd64
17:58:43.086 [JavaFX Application Thread] INFO  Engine               - Source code and latest versions at: https://github.com/AlmasB/FXGL
17:58:43.086 [JavaFX Application Thread] INFO  Engine               -       Ask questions and discuss at: https://github.com/AlmasB/FXGL/discussions
17:58:43.086 [JavaFX Application Thread] INFO  Engine               -              Join the FXGL chat at: https://gitter.im/AlmasB/FXGL
17:58:43.183 [JavaFX Application Thread] DEBUG PrimaryStageWindow   - Creating a JavaFX scene
17:58:43.219 [JavaFX Application Thread] DEBUG PrimaryStageWindow   - Target settings size: 1280.0 x 720.0
17:58:43.219 [JavaFX Application Thread] DEBUG PrimaryStageWindow   - Scaled scene size:    1280.0 x 720.0
17:58:43.219 [JavaFX Application Thread] DEBUG PrimaryStageWindow   - Scaled ratio: (1.0, 1.0)
17:58:43.220 [JavaFX Application Thread] DEBUG PrimaryStageWindow   - Set initial scene to FXGLStartupScene
17:58:43.225 [JavaFX Application Thread] DEBUG PrimaryStageWindow   - Opening main window
17:58:43.290 [JavaFX Application Thread] DEBUG PrimaryStageWindow   - Window border size: (16.0, 39.0)
17:58:43.290 [JavaFX Application Thread] DEBUG PrimaryStageWindow   - Scaled size: 1280.0 x 720.0
17:58:43.290 [JavaFX Application Thread] DEBUG PrimaryStageWindow   - Scaled ratio: (1.0, 1.0)
17:58:43.291 [JavaFX Application Thread] DEBUG PrimaryStageWindow   - Scene size: 1280.0 x 720.0
17:58:43.291 [JavaFX Application Thread] DEBUG PrimaryStageWindow   - Stage size: 1296.0 x 759.0
17:58:43.298 [FXGL Background Thread 1 ] DEBUG Engine               - Initializing environment variables
17:58:43.339 [FXGL Background Thread 1 ] DEBUG FXGLAssetLoaderServi - User app class for loading assets: class com.sunsofgod.PlatformerApp
17:58:43.339 [FXGL Background Thread 1 ] DEBUG GameApplicationServi - Applying CSS: fxgl_dark.css
17:58:43.340 [FXGL Background Thread 1 ] DEBUG FXGLAssetLoaderServi - Loading from file system: jar:file:///C:/Users/Admin/.m2/repository/com/github/almasb/fxgl/17.2/fxgl-17.2.jar!/fxglassets/ui/css/fxgl_dark.css
17:58:43.381 [FXGL Background Thread 1 ] DEBUG GameApplicationServi - Initializing application scenes
17:58:43.469 [FXGL Background Thread 1 ] DEBUG GameWorld            - Game world initialized
17:58:43.516 [FXGL Background Thread 1 ] DEBUG PhysicsWorld         - Physics world initialized: appHeight=720, physics.ppm=50.0
17:58:43.516 [FXGL Background Thread 1 ] DEBUG PhysicsWorld         - Using strategy: BRUTE_FORCE
17:58:43.518 [FXGL Background Thread 1 ] DEBUG GameScene            - Game scene initialized: 1280x720
17:58:43.526 [FXGL Background Thread 1 ] DEBUG FXGL.DefaultMenu     - createMenuBodyMainMenu()
17:58:43.537 [FXGL Background Thread 1 ] DEBUG FXGL.DefaultMenu     - createOptionsMenu()
17:58:43.545 [FXGL Background Thread 1 ] DEBUG FXGLAssetLoaderServi - Loading from file system: jar:file:///C:/Users/Admin/.m2/repository/com/github/almasb/fxgl/17.2/fxgl-17.2.jar!/fxglassets/textures/particles/smoke.png
17:58:43.615 [FXGL Background Thread 1 ] DEBUG FXGLAssetLoaderServi - Loading from file system: jar:file:///C:/Users/Admin/.m2/repository/com/github/almasb/fxgl/17.2/fxgl-17.2.jar!/fxglassets/textures/particles/trace_horizontal.png
17:58:43.643 [FXGL Background Thread 1 ] DEBUG FXGL.DefaultMenu     - createMenuBodyGameMenu()
17:58:43.651 [FXGL Background Thread 1 ] DEBUG FXGL.DefaultMenu     - createOptionsMenu()
17:58:43.664 [FXGL Background Thread 1 ] DEBUG GameApplicationServi - Application scenes initialized
17:58:43.673 [FXGL Background Thread 1 ] DEBUG SystemBundleService  - Loading FXGL system data
17:58:43.677 [FXGL Background Thread 1 ] DEBUG FileSystemAccess     - Reading from: C:\Users\Admin\Downloads\JavaFXGame\system\fxgl.bundle
17:58:43.685 [FXGL Background Thread 1 ] DEBUG SystemBundleService  - Bundle FXGL: {}
17:58:43.685 [FXGL Background Thread 1 ] DEBUG UpdaterService       - Checking for updates
17:58:43.688 [FXGL Background Thread 4 ] DEBUG FXGLApplication      - Loading fonts
17:58:43.688 [FXGL Background Thread 1 ] DEBUG FXGLApplication      - Loading default localization
17:58:43.689 [FXGL Background Thread 4 ] DEBUG FXGLAssetLoaderServi - Loading from file system: jar:file:///C:/Users/Admin/.m2/repository/com/github/almasb/fxgl/17.2/fxgl-17.2.jar!/fxglassets/ui/fonts/VarelaRound-Regular.ttf
17:58:43.689 [FXGL Background Thread 1 ] DEBUG FXGLAssetLoaderServi - Loading from file system: jar:file:///C:/Users/Admin/.m2/repository/com/github/almasb/fxgl/17.2/fxgl-17.2.jar!/fxglassets/languages/english.lang
17:58:43.706 [FXGL Background Thread 1 ] INFO  FXGLApplication      - FXGL initialization took: 0.408 sec
17:58:43.707 [JavaFX Application Thread] DEBUG FXGLAssetLoaderServi - Loading from file system: jar:file:///C:/Users/Admin/.m2/repository/com/github/almasb/fxgl/17.2/fxgl-17.2.jar!/fxglassets/textures/fxgl_icon.png
17:58:43.713 [FXGL Background Thread 4 ] DEBUG FXGLAssetLoaderServi - Loading from file system: jar:file:///C:/Users/Admin/.m2/repository/com/github/almasb/fxgl/17.2/fxgl-17.2.jar!/fxglassets/ui/fonts/Abel-Regular.ttf
17:58:43.717 [FXGL Background Thread 4 ] DEBUG FXGLAssetLoaderServi - Loading from file system: jar:file:///C:/Users/Admin/.m2/repository/com/github/almasb/fxgl/17.2/fxgl-17.2.jar!/fxglassets/ui/fonts/TerminalLandMono-Regular.otf
17:58:43.721 [FXGL Background Thread 4 ] DEBUG FXGLAssetLoaderServi - Loading from file system: jar:file:///C:/Users/Admin/.m2/repository/com/github/almasb/fxgl/17.2/fxgl-17.2.jar!/fxglassets/ui/fonts/Courier-Prime.ttf
17:58:43.723 [JavaFX Application Thread] DEBUG FXGLAssetLoaderServi - Loading from file system: jar:file:///C:/Users/Admin/.m2/repository/com/github/almasb/fxgl/17.2/fxgl-17.2.jar!/fxglassets/textures/fxgl_default_cursor.png
17:58:43.735 [JavaFX Application Thread] DEBUG Input                - Registered new binding: Screenshot - CTRL+8
17:58:43.736 [JavaFX Application Thread] DEBUG Input                - Registered new binding: System info dump - CTRL+9
17:58:43.736 [JavaFX Application Thread] DEBUG Input                - Registered new binding: Restart - CTRL+R
17:58:43.737 [JavaFX Application Thread] DEBUG Input                - Registered new binding: Toggle Debug Camera - CTRL+7
17:58:43.738 [JavaFX Application Thread] DEBUG LoopRunner           - Starting loop
17:58:43.738 [JavaFX Application Thread] DEBUG LoopRunner           - Initializing JavaFX AnimationTimerLoop
17:58:43.740 [JavaFX Application Thread] DEBUG Input                - Clearing active input actions
17:58:43.747 [JavaFX Application Thread] DEBUG GameApplicationServi - Removing overlay from FXGLStartupScene and adding to FXGLMainMenuDummyScene
17:58:43.747 [JavaFX Application Thread] DEBUG PrimaryStageWindow   - FXGLStartupScene -> FXGLMainMenuDummyScene
17:58:43.748 [JavaFX Application Thread] DEBUG PrimaryStageWindow   - Push state: FXGLDefaultMenu
17:58:43.752 [JavaFX Application Thread] DEBUG Input                - Clearing active input actions
17:58:43.758 [JavaFX Application Thread] DEBUG GameApplicationServi - Removing overlay from FXGLMainMenuDummyScene and adding to FXGLDefaultMenu
17:58:43.758 [JavaFX Application Thread] DEBUG PrimaryStageWindow   - FXGLMainMenuDummyScene -> FXGLDefaultMenu
17:58:43.758 [JavaFX Application Thread] DEBUG FXGLApplication      - Registering font factories with UI factory
17:58:44.027 [JavaFX Application Thread] DEBUG Menu                 - fireNewGame()
17:58:44.027 [JavaFX Application Thread] DEBUG GameApplicationServi - Starting new game
17:58:44.032 [JavaFX Application Thread] DEBUG PrimaryStageWindow   - Pop state: FXGLDefaultMenu
17:58:44.032 [JavaFX Application Thread] DEBUG Input                - Clearing active input actions
17:58:44.033 [JavaFX Application Thread] DEBUG GameApplicationServi - Removing overlay from FXGLDefaultMenu and adding to FXGLMainMenuDummyScene
17:58:44.033 [JavaFX Application Thread] DEBUG PrimaryStageWindow   - FXGLMainMenuDummyScene <- FXGLDefaultMenu
17:58:44.033 [JavaFX Application Thread] DEBUG Input                - Clearing active input actions
17:58:44.042 [JavaFX Application Thread] DEBUG GameApplicationServi - Removing overlay from FXGLMainMenuDummyScene and adding to FXGLLoadingScene
17:58:44.042 [JavaFX Application Thread] DEBUG PrimaryStageWindow   - FXGLMainMenuDummyScene -> FXGLLoadingScene
17:58:44.042 [JavaFX Application Thread] DEBUG GameApplicationServi - Clearing previous game
17:58:44.042 [JavaFX Application Thread] DEBUG GameScene            - Clearing game scene
17:58:44.042 [JavaFX Application Thread] DEBUG GameWorld            - Clearing game world
17:58:44.042 [JavaFX Application Thread] DEBUG PhysicsWorld         - Clearing physics world
17:58:44.044 [FXGL Background Thread 4 ] DEBUG FXGLApplication      - Initializing game
17:58:44.085 [FXGL Background Thread 4 ] WARN  TMXLevelLoader       - TiledMap generated from 1.11.0. Supported version: 1.9.0. Some features may not be parsed fully.
17:58:44.101 [FXGL Background Thread 4 ] DEBUG TMXLevelLoader       - Parsed TiledMap: file:/C:/Users/Admin/Downloads/JavaFXGame/target/classes/assets/levels/tmx/level1.tmx
17:58:44.102 [FXGL Background Thread 4 ] DEBUG TMXLevelLoader       - Creating tile layer entities
17:58:44.104 [FXGL Background Thread 4 ] DEBUG TilesetLoader        - Loading view for layer Tile Layer 1
17:58:44.106 [FXGL Background Thread 4 ] DEBUG TilesetLoader        - Created buffer with size 1750.0x700.0
17:58:44.124 [FXGL Background Thread 4 ] DEBUG TMXLevelLoader       - Creating object layer entities
17:58:44.193 [FXGL Background Thread 4 ] DEBUG GameWorld            - Clearing removable entities
17:58:44.193 [FXGL Background Thread 4 ] DEBUG GameWorld            - Setting level: com.almasb.fxgl.entity.level.Level@3a378ca
17:58:44.203 [FXGL Background Thread 4 ] DEBUG FXGLAssetLoaderServi - Loading from file system: file:/C:/Users/Admin/Downloads/JavaFXGame/target/classes/assets/textures/player.png
17:58:44.217 [FXGL Background Thread 4 ] DEBUG Input                - Registered new binding: Jump0 - W
17:58:44.217 [FXGL Background Thread 4 ] DEBUG Input                - Registered new binding: Left0 - A
17:58:44.218 [FXGL Background Thread 4 ] DEBUG Input                - Registered new binding: Right0 - D
17:58:44.218 [FXGL Background Thread 4 ] DEBUG Input                - Registered new binding: Use0 - E
17:58:44.218 [FXGL Background Thread 4 ] DEBUG Input                - Registered new binding: Jump1 - Up
17:58:44.218 [FXGL Background Thread 4 ] DEBUG Input                - Registered new binding: Left1 - Left
17:58:44.218 [FXGL Background Thread 4 ] DEBUG Input                - Registered new binding: Right1 - Right
17:58:44.218 [FXGL Background Thread 4 ] DEBUG Input                - Registered new binding: Use1 - Slash
17:58:44.219 [FXGL Background Thread 4 ] DEBUG FXGLAssetLoaderServi - Loading from file system: file:/C:/Users/Admin/Downloads/JavaFXGame/target/classes/assets/textures/background/manila.png
17:58:44.237 [FXGL Background Thread 4 ] INFO  FXGLApplication      - Game initialization took: 0.192 sec
17:58:44.238 [JavaFX Application Thread] DEBUG Input                - Clearing active input actions
17:58:44.243 [JavaFX Application Thread] DEBUG GameApplicationServi - Removing overlay from FXGLLoadingScene and adding to GameScene
17:58:44.244 [JavaFX Application Thread] DEBUG PrimaryStageWindow   - FXGLLoadingScene -> GameScene
17:58:44.252 [FXGL Background Thread 2 ] INFO  UpdaterService       - Your current version:  17.2
17:58:44.252 [FXGL Background Thread 2 ] INFO  UpdaterService       - Latest stable version: 21.1
17:58:46.689 [FXGL Background Thread 3 ] DEBUG Engine               - Logging environment variables
17:58:46.689 [FXGL Background Thread 3 ] DEBUG Engine               - achievements: []
17:58:46.689 [FXGL Background Thread 3 ] DEBUG Engine               - actualHeight: 720.0
17:58:46.689 [FXGL Background Thread 3 ] DEBUG Engine               - actualHeightProperty: ReadOnlyDoubleProperty [value: 720.0]
17:58:46.689 [FXGL Background Thread 3 ] DEBUG Engine               - actualWidth: 1280.0
17:58:46.689 [FXGL Background Thread 3 ] DEBUG Engine               - actualWidthProperty: ReadOnlyDoubleProperty [value: 1280.0]
17:58:46.689 [FXGL Background Thread 3 ] DEBUG Engine               - appIcon: fxgl_icon.png
17:58:46.689 [FXGL Background Thread 3 ] DEBUG Engine               - applicationMode: DEVELOPER
17:58:46.690 [FXGL Background Thread 3 ] DEBUG Engine               - cSSList: [fxgl_dark.css]
17:58:46.690 [FXGL Background Thread 3 ] DEBUG Engine               - collisionDetectionStrategy: BRUTE_FORCE
17:58:46.690 [FXGL Background Thread 3 ] DEBUG Engine               - configClass: Optional.empty
17:58:46.690 [FXGL Background Thread 3 ] DEBUG Engine               - credits: []
17:58:46.690 [FXGL Background Thread 3 ] DEBUG Engine               - defaultCursor: CursorInfo(imageName=fxgl_default_cursor.png, hotspotX=7.0, hotspotY=6.0)
17:58:46.690 [FXGL Background Thread 3 ] DEBUG Engine               - devBBoxColorProperty: ObjectProperty [value: 0xff0000ff]
17:58:46.690 [FXGL Background Thread 3 ] DEBUG Engine               - devEnableDebugCameraProperty: BooleanProperty [value: false]
17:58:46.690 [FXGL Background Thread 3 ] DEBUG Engine               - devSensorColorProperty: ObjectProperty [value: 0xffff00ff]
17:58:46.690 [FXGL Background Thread 3 ] DEBUG Engine               - devShowBBoxProperty: BooleanProperty [value: false]
17:58:46.690 [FXGL Background Thread 3 ] DEBUG Engine               - devShowPositionProperty: BooleanProperty [value: false]
17:58:46.690 [FXGL Background Thread 3 ] DEBUG Engine               - enabledMenuItems: []
17:58:46.691 [FXGL Background Thread 3 ] DEBUG Engine               - engineServices: [class com.almasb.fxgl.app.services.FXGLAssetLoaderService, class com.almasb.fxgl.app.FXGLApplication$GameApplicationService, class com.almasb.fxgl.app.services.FXGLDialogService, class com.almasb.fxgl.app.services.IOTaskExecutorService, class com.almasb.fxgl.io.FileSystemService, class com.almasb.fxgl.localization.LocalizationService, class com.almasb.fxgl.app.services.SystemBundleService, class com.almasb.fxgl.profile.SaveLoadService, class com.almasb.fxgl.ui.FXGLUIFactoryServiceProvider, class com.almasb.fxgl.ui.FXGLDialogFactoryServiceProvider, class com.almasb.fxgl.audio.AudioPlayer, class com.almasb.fxgl.notification.impl.NotificationServiceProvider, class com.almasb.fxgl.achievement.AchievementService, class com.almasb.fxgl.cutscene.CutsceneService, class com.almasb.fxgl.minigames.MiniGameService, class com.almasb.fxgl.net.NetService, class com.almasb.fxgl.app.services.UpdaterService, class com.almasb.fxgl.dev.DevService]
17:58:46.691 [FXGL Background Thread 3 ] DEBUG Engine               - fontGame: Abel-Regular.ttf
17:58:46.691 [FXGL Background Thread 3 ] DEBUG Engine               - fontMono: TerminalLandMono-Regular.otf
17:58:46.691 [FXGL Background Thread 3 ] DEBUG Engine               - fontText: Courier-Prime.ttf
17:58:46.691 [FXGL Background Thread 3 ] DEBUG Engine               - fontUI: VarelaRound-Regular.ttf
17:58:46.691 [FXGL Background Thread 3 ] DEBUG Engine               - fullScreen: BooleanProperty [value: false]
17:58:46.691 [FXGL Background Thread 3 ] DEBUG Engine               - gameDifficulty: MEDIUM
17:58:46.691 [FXGL Background Thread 3 ] DEBUG Engine               - gameDifficultyProperty: ObjectProperty [value: MEDIUM]
17:58:46.691 [FXGL Background Thread 3 ] DEBUG Engine               - globalMusicVolume: 0.5
17:58:46.691 [FXGL Background Thread 3 ] DEBUG Engine               - globalMusicVolumeProperty: DoubleProperty [value: 0.25]
17:58:46.691 [FXGL Background Thread 3 ] DEBUG Engine               - globalSoundVolume: 0.5
17:58:46.691 [FXGL Background Thread 3 ] DEBUG Engine               - globalSoundVolumeProperty: DoubleProperty [value: 0.5]
17:58:46.691 [FXGL Background Thread 3 ] DEBUG Engine               - height: 720
17:58:46.691 [FXGL Background Thread 3 ] DEBUG Engine               - is3D: false
17:58:46.691 [FXGL Background Thread 3 ] DEBUG Engine               - isAndroid: false
17:58:46.691 [FXGL Background Thread 3 ] DEBUG Engine               - isBrowser: false
17:58:46.691 [FXGL Background Thread 3 ] DEBUG Engine               - isClickFeedbackEnabled: false
17:58:46.692 [FXGL Background Thread 3 ] DEBUG Engine               - isCloseConfirmation: false
17:58:46.692 [FXGL Background Thread 3 ] DEBUG Engine               - isDesktop: true
17:58:46.692 [FXGL Background Thread 3 ] DEBUG Engine               - isDeveloperMenuEnabled: false
17:58:46.692 [FXGL Background Thread 3 ] DEBUG Engine               - isEmbedded: false
17:58:46.692 [FXGL Background Thread 3 ] DEBUG Engine               - isEntityPreloadEnabled: true
17:58:46.692 [FXGL Background Thread 3 ] DEBUG Engine               - isExperimentalTiledLargeMap: false
17:58:46.692 [FXGL Background Thread 3 ] DEBUG Engine               - isFileSystemWriteAllowed: true
17:58:46.692 [FXGL Background Thread 3 ] DEBUG Engine               - isFullScreenAllowed: false
17:58:46.692 [FXGL Background Thread 3 ] DEBUG Engine               - isFullScreenFromStart: false
17:58:46.692 [FXGL Background Thread 3 ] DEBUG Engine               - isGameMenuEnabled: true
17:58:46.692 [FXGL Background Thread 3 ] DEBUG Engine               - isIOS: false
17:58:46.692 [FXGL Background Thread 3 ] DEBUG Engine               - isIntroEnabled: false
17:58:46.692 [FXGL Background Thread 3 ] DEBUG Engine               - isLinux: false
17:58:46.692 [FXGL Background Thread 3 ] DEBUG Engine               - isMac: false
17:58:46.692 [FXGL Background Thread 3 ] DEBUG Engine               - isMainMenuEnabled: true
17:58:46.692 [FXGL Background Thread 3 ] DEBUG Engine               - isManualResizeEnabled: false
17:58:46.692 [FXGL Background Thread 3 ] DEBUG Engine               - isMobile: false
17:58:46.692 [FXGL Background Thread 3 ] DEBUG Engine               - isNative: false
17:58:46.692 [FXGL Background Thread 3 ] DEBUG Engine               - isPauseMusicWhenMinimized: true
17:58:46.692 [FXGL Background Thread 3 ] DEBUG Engine               - isPreserveResizeRatio: false
17:58:46.692 [FXGL Background Thread 3 ] DEBUG Engine               - isProfilingEnabled: false
17:58:46.692 [FXGL Background Thread 3 ] DEBUG Engine               - isScaleAffectedOnResize: true
17:58:46.692 [FXGL Background Thread 3 ] DEBUG Engine               - isSingleStep: false
17:58:46.692 [FXGL Background Thread 3 ] DEBUG Engine               - isUserProfileEnabled: false
17:58:46.692 [FXGL Background Thread 3 ] DEBUG Engine               - isWindows: true
17:58:46.692 [FXGL Background Thread 3 ] DEBUG Engine               - language: ObjectProperty [value: ENGLISH]
17:58:46.693 [FXGL Background Thread 3 ] DEBUG Engine               - menuKey: ESCAPE
17:58:46.693 [FXGL Background Thread 3 ] DEBUG Engine               - mouseSensitivity: 0.2
17:58:46.693 [FXGL Background Thread 3 ] DEBUG Engine               - notificationViewClass: class com.almasb.fxgl.notification.view.XboxNotificationView
17:58:46.693 [FXGL Background Thread 3 ] DEBUG Engine               - pixelsPerMeter: 50.0
17:58:46.693 [FXGL Background Thread 3 ] DEBUG Engine               - platform: WINDOWS
17:58:46.693 [FXGL Background Thread 3 ] DEBUG Engine               - prefHeightProperty: ReadOnlyDoubleProperty [value: 720.0]
17:58:46.693 [FXGL Background Thread 3 ] DEBUG Engine               - prefWidthProperty: ReadOnlyDoubleProperty [value: 1280.0]
17:58:46.693 [FXGL Background Thread 3 ] DEBUG Engine               - profileDir: profiles/
17:58:46.693 [FXGL Background Thread 3 ] DEBUG Engine               - profileName: StringProperty [value: DEFAULT]
17:58:46.693 [FXGL Background Thread 3 ] DEBUG Engine               - randomSeed: -1
17:58:46.693 [FXGL Background Thread 3 ] DEBUG Engine               - runtimeInfo: RuntimeInfo(platform=WINDOWS, version=17.2, build=20.08.2022 16.50)
17:58:46.693 [FXGL Background Thread 3 ] DEBUG Engine               - saveFileExt: sav
17:58:46.693 [FXGL Background Thread 3 ] DEBUG Engine               - scaledHeightProp$fxgl: DoubleProperty [bound, value: 720.0]
17:58:46.693 [FXGL Background Thread 3 ] DEBUG Engine               - scaledWidthProp$fxgl: DoubleProperty [bound, value: 1280.0]
17:58:46.693 [FXGL Background Thread 3 ] DEBUG Engine               - sceneFactory: com.almasb.fxgl.app.scene.SceneFactory@2b868ca
17:58:46.693 [FXGL Background Thread 3 ] DEBUG Engine               - secondsIn24h: 60
17:58:46.693 [FXGL Background Thread 3 ] DEBUG Engine               - soundMenuBack: menu/back.wav
17:58:46.694 [FXGL Background Thread 3 ] DEBUG Engine               - soundMenuPress: menu/press.wav
17:58:46.694 [FXGL Background Thread 3 ] DEBUG Engine               - soundMenuSelect: menu/select.wav
17:58:46.694 [FXGL Background Thread 3 ] DEBUG Engine               - soundNotification: core/notification.wav
17:58:46.694 [FXGL Background Thread 3 ] DEBUG Engine               - stageStyle: DECORATED
17:58:46.694 [FXGL Background Thread 3 ] DEBUG Engine               - supportedLanguages: [ENGLISH, FRENCH, GERMAN, HUNGARIAN, RUSSIAN]
17:58:46.694 [FXGL Background Thread 3 ] DEBUG Engine               - ticksPerSecond: -1
17:58:46.694 [FXGL Background Thread 3 ] DEBUG Engine               - title: Untitled
17:58:46.694 [FXGL Background Thread 3 ] DEBUG Engine               - urlGithub: https://github.com/AlmasB/FXGL
17:58:46.694 [FXGL Background Thread 3 ] DEBUG Engine               - urlLeaderboard: http://fxgl-top.herokuapp.com/
17:58:46.694 [FXGL Background Thread 3 ] DEBUG Engine               - urlPOM: https://raw.githubusercontent.com/AlmasB/FXGL/release/README.md
17:58:46.694 [FXGL Background Thread 3 ] DEBUG Engine               - userAppClass: class com.sunsofgod.PlatformerApp
17:58:46.694 [FXGL Background Thread 3 ] DEBUG Engine               - version: 0.0
17:58:46.694 [FXGL Background Thread 3 ] DEBUG Engine               - versionCheckDays: 7
17:58:46.694 [FXGL Background Thread 3 ] DEBUG Engine               - width: 1280
17:58:46.694 [FXGL Background Thread 3 ] DEBUG Engine               - Logging services
17:58:46.694 [FXGL Background Thread 3 ] DEBUG Engine               - class com.almasb.fxgl.app.services.FXGLAssetLoaderService
17:58:46.694 [FXGL Background Thread 3 ] DEBUG Engine               - class com.almasb.fxgl.app.FXGLApplication$GameApplicationService
17:58:46.694 [FXGL Background Thread 3 ] DEBUG Engine               - class com.almasb.fxgl.app.services.FXGLDialogService
17:58:46.694 [FXGL Background Thread 3 ] DEBUG Engine               - class com.almasb.fxgl.app.services.IOTaskExecutorService
17:58:46.694 [FXGL Background Thread 3 ] DEBUG Engine               - class com.almasb.fxgl.io.FileSystemService
17:58:46.694 [FXGL Background Thread 3 ] DEBUG Engine               - class com.almasb.fxgl.localization.LocalizationService
17:58:46.694 [FXGL Background Thread 3 ] DEBUG Engine               - class com.almasb.fxgl.app.services.SystemBundleService
17:58:46.694 [FXGL Background Thread 3 ] DEBUG Engine               - class com.almasb.fxgl.profile.SaveLoadService
17:58:46.694 [FXGL Background Thread 3 ] DEBUG Engine               - class com.almasb.fxgl.ui.FXGLUIFactoryServiceProvider
17:58:46.694 [FXGL Background Thread 3 ] DEBUG Engine               - class com.almasb.fxgl.ui.FXGLDialogFactoryServiceProvider
17:58:46.694 [FXGL Background Thread 3 ] DEBUG Engine               - class com.almasb.fxgl.audio.AudioPlayer
17:58:46.694 [FXGL Background Thread 3 ] DEBUG Engine               - class com.almasb.fxgl.notification.impl.NotificationServiceProvider
17:58:46.695 [FXGL Background Thread 3 ] DEBUG Engine               - class com.almasb.fxgl.achievement.AchievementService
17:58:46.695 [FXGL Background Thread 3 ] DEBUG Engine               - class com.almasb.fxgl.cutscene.CutsceneService
17:58:46.695 [FXGL Background Thread 3 ] DEBUG Engine               - class com.almasb.fxgl.minigames.MiniGameService
17:58:46.695 [FXGL Background Thread 3 ] DEBUG Engine               - class com.almasb.fxgl.net.NetService
17:58:46.695 [FXGL Background Thread 3 ] DEBUG Engine               - class com.almasb.fxgl.app.services.UpdaterService
17:58:46.695 [FXGL Background Thread 3 ] DEBUG Engine               - class com.almasb.fxgl.dev.DevService
17:58:55.008 [JavaFX Application Thread] DEBUG FXGLAssetLoaderServi - Loading from file system: file:/C:/Users/Admin/Downloads/JavaFXGame/target/classes/assets/textures/exit_sign.png
17:58:56.818 [JavaFX Application Thread] WARN  TMXLevelLoader       - TiledMap generated from 1.11.0. Supported version: 1.9.0. Some features may not be parsed fully.
17:58:56.820 [JavaFX Application Thread] DEBUG TMXLevelLoader       - Parsed TiledMap: file:/C:/Users/Admin/Downloads/JavaFXGame/target/classes/assets/levels/tmx/level2.tmx
17:58:56.820 [JavaFX Application Thread] DEBUG TMXLevelLoader       - Creating tile layer entities
17:58:56.820 [JavaFX Application Thread] DEBUG TilesetLoader        - Loading view for layer Tile Layer 1
17:58:56.821 [JavaFX Application Thread] DEBUG TilesetLoader        - Created buffer with size 1050.0x700.0
17:58:56.830 [JavaFX Application Thread] DEBUG TMXLevelLoader       - Creating object layer entities
17:58:56.832 [JavaFX Application Thread] DEBUG GameWorld            - Clearing removable entities
17:58:56.833 [JavaFX Application Thread] DEBUG GameWorld            - Setting level: com.almasb.fxgl.entity.level.Level@11bde721
17:58:58.855 [JavaFX Application Thread] DEBUG FXGLApplication      - Exiting FXGL
17:58:58.855 [JavaFX Application Thread] DEBUG LoopRunner           - Stopping loop
17:58:58.855 [JavaFX Application Thread] DEBUG SystemBundleService  - Saving FXGL system data
17:58:58.856 [JavaFX Application Thread] DEBUG FileSystemAccess     - Writing to: C:\Users\Admin\Downloads\JavaFXGame\system\fxgl.bundle
17:58:58.858 [JavaFX Application Thread] DEBUG Async                - Shutting down background threads
17:58:58.858 [JavaFX Application Thread] DEBUG PrimaryStageWindow   - Closing main window
17:58:58.869 [JavaFX Application Thread] DEBUG Logger               - Closing Logger
