17:55:24.778 [main                     ] DEBUG Logger               - Configured Logger
17:55:24.799 [main                     ] DEBUG GameApplication      - Logging settings
Title: Untitled
Version: 0.0
Width: 1280
Height: 720
Fullscreen: false
Intro: false
Profiling: false
Single step:false
App Mode: DEVELOPER
Menu Key: ESCAPE
Stage Style: DECORATED
Scene Factory: class com.sunsofgod.PlatformerApp$1

17:55:25.161 [JavaFX Application Thread] DEBUG FXGLApplication      - Initializing FXGL
17:55:25.167 [JavaFX Application Thread] INFO  Engine               - FXGL-17.2 (20.08.2022 16.50) on WINDOWS (J:21.0.4 FX:17.0.12)
17:55:25.168 [JavaFX Application Thread] DEBUG Engine               - JRE Vendor Name: Eclipse Adoptium
17:55:25.169 [JavaFX Application Thread] DEBUG Engine               - Running on OS: Windows 11 version 10.0
17:55:25.169 [JavaFX Application Thread] DEBUG Engine               - Architecture: amd64
17:55:25.169 [JavaFX Application Thread] INFO  Engine               - Source code and latest versions at: https://github.com/AlmasB/FXGL
17:55:25.170 [JavaFX Application Thread] INFO  Engine               -       Ask questions and discuss at: https://github.com/AlmasB/FXGL/discussions
17:55:25.170 [JavaFX Application Thread] INFO  Engine               -              Join the FXGL chat at: https://gitter.im/AlmasB/FXGL
17:55:25.277 [JavaFX Application Thread] DEBUG PrimaryStageWindow   - Creating a JavaFX scene
17:55:25.367 [JavaFX Application Thread] DEBUG PrimaryStageWindow   - Target settings size: 1280.0 x 720.0
17:55:25.367 [JavaFX Application Thread] DEBUG PrimaryStageWindow   - Scaled scene size:    1280.0 x 720.0
17:55:25.368 [JavaFX Application Thread] DEBUG PrimaryStageWindow   - Scaled ratio: (1.0, 1.0)
17:55:25.369 [JavaFX Application Thread] DEBUG PrimaryStageWindow   - Set initial scene to FXGLStartupScene
17:55:25.380 [JavaFX Application Thread] DEBUG PrimaryStageWindow   - Opening main window
17:55:25.477 [JavaFX Application Thread] DEBUG PrimaryStageWindow   - Window border size: (16.0, 39.0)
17:55:25.478 [JavaFX Application Thread] DEBUG PrimaryStageWindow   - Scaled size: 1280.0 x 720.0
17:55:25.478 [JavaFX Application Thread] DEBUG PrimaryStageWindow   - Scaled ratio: (1.0, 1.0)
17:55:25.479 [JavaFX Application Thread] DEBUG PrimaryStageWindow   - Scene size: 1280.0 x 720.0
17:55:25.479 [JavaFX Application Thread] DEBUG PrimaryStageWindow   - Stage size: 1296.0 x 759.0
17:55:25.491 [FXGL Background Thread 1 ] DEBUG Engine               - Initializing environment variables
17:55:25.550 [FXGL Background Thread 1 ] DEBUG FXGLAssetLoaderServi - User app class for loading assets: class com.sunsofgod.PlatformerApp
17:55:25.550 [FXGL Background Thread 1 ] DEBUG GameApplicationServi - Applying CSS: fxgl_dark.css
17:55:25.551 [FXGL Background Thread 1 ] DEBUG FXGLAssetLoaderServi - Loading from file system: jar:file:///C:/Users/gclm4/.m2/repository/com/github/almasb/fxgl/17.2/fxgl-17.2.jar!/fxglassets/ui/css/fxgl_dark.css
17:55:25.603 [FXGL Background Thread 1 ] DEBUG GameApplicationServi - Initializing application scenes
17:55:25.658 [FXGL Background Thread 1 ] WARN  FXGLAssetLoaderServi - Asset "/assets/textures/player.png" was not found!
17:55:25.659 [FXGL Background Thread 1 ] WARN  FXGLAssetLoaderServi - Failed to load IMAGE
17:55:25.692 [FXGL Background Thread 1 ] DEBUG GameWorld            - Game world initialized
17:55:25.748 [FXGL Background Thread 1 ] DEBUG PhysicsWorld         - Physics world initialized: appHeight=720, physics.ppm=50.0
17:55:25.748 [FXGL Background Thread 1 ] DEBUG PhysicsWorld         - Using strategy: BRUTE_FORCE
17:55:25.752 [FXGL Background Thread 1 ] DEBUG GameScene            - Game scene initialized: 1280x720
17:55:27.582 [FXGL Background Thread 1 ] DEBUG GameApplicationServi - Application scenes initialized
17:55:27.602 [FXGL Background Thread 1 ] DEBUG SystemBundleService  - Loading FXGL system data
17:55:27.607 [FXGL Background Thread 1 ] DEBUG FileSystemAccess     - Reading from: C:\Users\gclm4\OneDrive\Desktop\JavaFXGame\system\fxgl.bundle
17:55:27.618 [FXGL Background Thread 1 ] DEBUG SystemBundleService  - Bundle FXGL: {}
17:55:27.618 [FXGL Background Thread 1 ] DEBUG UpdaterService       - Checking for updates
17:55:27.646 [FXGL Background Thread 4 ] DEBUG FXGLApplication      - Loading fonts
17:55:27.647 [FXGL Background Thread 1 ] DEBUG FXGLApplication      - Loading default localization
17:55:27.647 [FXGL Background Thread 4 ] DEBUG FXGLAssetLoaderServi - Loading from file system: jar:file:///C:/Users/gclm4/.m2/repository/com/github/almasb/fxgl/17.2/fxgl-17.2.jar!/fxglassets/ui/fonts/VarelaRound-Regular.ttf
17:55:27.648 [FXGL Background Thread 1 ] DEBUG FXGLAssetLoaderServi - Loading from file system: jar:file:///C:/Users/gclm4/.m2/repository/com/github/almasb/fxgl/17.2/fxgl-17.2.jar!/fxglassets/languages/english.lang
17:55:27.667 [FXGL Background Thread 1 ] INFO  FXGLApplication      - FXGL initialization took: 2.177 sec
17:55:27.668 [JavaFX Application Thread] DEBUG FXGLAssetLoaderServi - Loading from file system: jar:file:///C:/Users/gclm4/.m2/repository/com/github/almasb/fxgl/17.2/fxgl-17.2.jar!/fxglassets/textures/fxgl_icon.png
17:55:27.686 [JavaFX Application Thread] DEBUG FXGLAssetLoaderServi - Loading from file system: jar:file:///C:/Users/gclm4/.m2/repository/com/github/almasb/fxgl/17.2/fxgl-17.2.jar!/fxglassets/textures/fxgl_default_cursor.png
17:55:27.689 [FXGL Background Thread 4 ] DEBUG FXGLAssetLoaderServi - Loading from file system: jar:file:///C:/Users/gclm4/.m2/repository/com/github/almasb/fxgl/17.2/fxgl-17.2.jar!/fxglassets/ui/fonts/Abel-Regular.ttf
17:55:27.695 [FXGL Background Thread 4 ] DEBUG FXGLAssetLoaderServi - Loading from file system: jar:file:///C:/Users/gclm4/.m2/repository/com/github/almasb/fxgl/17.2/fxgl-17.2.jar!/fxglassets/ui/fonts/TerminalLandMono-Regular.otf
17:55:27.700 [JavaFX Application Thread] DEBUG Input                - Registered new binding: Screenshot - CTRL+8
17:55:27.700 [FXGL Background Thread 4 ] DEBUG FXGLAssetLoaderServi - Loading from file system: jar:file:///C:/Users/gclm4/.m2/repository/com/github/almasb/fxgl/17.2/fxgl-17.2.jar!/fxglassets/ui/fonts/Courier-Prime.ttf
17:55:27.701 [JavaFX Application Thread] DEBUG Input                - Registered new binding: Dev Options - 1
17:55:27.701 [JavaFX Application Thread] DEBUG Input                - Registered new binding: Dev Console - 2
17:55:27.701 [JavaFX Application Thread] DEBUG Input                - Registered new binding: System info dump - CTRL+9
17:55:27.702 [JavaFX Application Thread] DEBUG Input                - Registered new binding: Restart - CTRL+R
17:55:27.703 [JavaFX Application Thread] DEBUG Input                - Registered new binding: Toggle Debug Camera - CTRL+7
17:55:27.707 [JavaFX Application Thread] DEBUG LoopRunner           - Starting loop
17:55:27.725 [JavaFX Application Thread] DEBUG LoopRunner           - Initializing JavaFX AnimationTimerLoop
17:55:27.727 [JavaFX Application Thread] DEBUG Input                - Clearing active input actions
17:55:27.737 [JavaFX Application Thread] DEBUG GameApplicationServi - Removing overlay from FXGLStartupScene and adding to FXGLMainMenuDummyScene
17:55:27.743 [JavaFX Application Thread] DEBUG PrimaryStageWindow   - FXGLStartupScene -> FXGLMainMenuDummyScene
17:55:27.743 [JavaFX Application Thread] DEBUG PrimaryStageWindow   - Push state: RiderMainMenuScene
17:55:27.743 [JavaFX Application Thread] DEBUG Input                - Clearing active input actions
17:55:27.749 [JavaFX Application Thread] DEBUG GameApplicationServi - Removing overlay from FXGLMainMenuDummyScene and adding to RiderMainMenuScene
17:55:27.750 [JavaFX Application Thread] DEBUG PrimaryStageWindow   - FXGLMainMenuDummyScene -> RiderMainMenuScene
17:55:27.935 [JavaFX Application Thread] DEBUG FXGLApplication      - Registering font factories with UI factory
17:55:28.337 [FXGL Background Thread 2 ] INFO  UpdaterService       - Your current version:  17.2
17:55:28.338 [FXGL Background Thread 2 ] INFO  UpdaterService       - Latest stable version: 21.1
17:55:29.463 [JavaFX Application Thread] DEBUG PrimaryStageWindow   - Push state: PlayerSelectScene
17:55:29.464 [JavaFX Application Thread] DEBUG Input                - Clearing active input actions
17:55:29.465 [JavaFX Application Thread] DEBUG GameApplicationServi - Removing overlay from RiderMainMenuScene and adding to PlayerSelectScene
17:55:29.469 [JavaFX Application Thread] DEBUG PrimaryStageWindow   - RiderMainMenuScene -> PlayerSelectScene
17:55:30.644 [FXGL Background Thread 3 ] DEBUG Engine               - Logging environment variables
17:55:30.644 [FXGL Background Thread 3 ] DEBUG Engine               - achievements: []
17:55:30.645 [FXGL Background Thread 3 ] DEBUG Engine               - actualHeight: 720.0
17:55:30.645 [FXGL Background Thread 3 ] DEBUG Engine               - actualHeightProperty: ReadOnlyDoubleProperty [value: 720.0]
17:55:30.645 [FXGL Background Thread 3 ] DEBUG Engine               - actualWidth: 1280.0
17:55:30.645 [FXGL Background Thread 3 ] DEBUG Engine               - actualWidthProperty: ReadOnlyDoubleProperty [value: 1280.0]
17:55:30.645 [FXGL Background Thread 3 ] DEBUG Engine               - appIcon: fxgl_icon.png
17:55:30.645 [FXGL Background Thread 3 ] DEBUG Engine               - applicationMode: DEVELOPER
17:55:30.646 [FXGL Background Thread 3 ] DEBUG Engine               - cSSList: [fxgl_dark.css]
17:55:30.646 [FXGL Background Thread 3 ] DEBUG Engine               - collisionDetectionStrategy: BRUTE_FORCE
17:55:30.646 [FXGL Background Thread 3 ] DEBUG Engine               - configClass: Optional.empty
17:55:30.647 [FXGL Background Thread 3 ] DEBUG Engine               - credits: []
17:55:30.648 [FXGL Background Thread 3 ] DEBUG Engine               - defaultCursor: CursorInfo(imageName=fxgl_default_cursor.png, hotspotX=7.0, hotspotY=6.0)
17:55:30.649 [FXGL Background Thread 3 ] DEBUG Engine               - devBBoxColorProperty: ObjectProperty [value: 0xff0000ff]
17:55:30.649 [FXGL Background Thread 3 ] DEBUG Engine               - devEnableDebugCameraProperty: BooleanProperty [value: false]
17:55:30.649 [FXGL Background Thread 3 ] DEBUG Engine               - devSensorColorProperty: ObjectProperty [value: 0xffff00ff]
17:55:30.649 [FXGL Background Thread 3 ] DEBUG Engine               - devShowBBoxProperty: BooleanProperty [value: false]
17:55:30.650 [FXGL Background Thread 3 ] DEBUG Engine               - devShowPositionProperty: BooleanProperty [value: false]
17:55:30.650 [FXGL Background Thread 3 ] DEBUG Engine               - enabledMenuItems: []
17:55:30.650 [FXGL Background Thread 3 ] DEBUG Engine               - engineServices: [class com.almasb.fxgl.app.services.FXGLAssetLoaderService, class com.almasb.fxgl.app.FXGLApplication$GameApplicationService, class com.almasb.fxgl.app.services.FXGLDialogService, class com.almasb.fxgl.app.services.IOTaskExecutorService, class com.almasb.fxgl.io.FileSystemService, class com.almasb.fxgl.localization.LocalizationService, class com.almasb.fxgl.app.services.SystemBundleService, class com.almasb.fxgl.profile.SaveLoadService, class com.almasb.fxgl.ui.FXGLUIFactoryServiceProvider, class com.almasb.fxgl.ui.FXGLDialogFactoryServiceProvider, class com.almasb.fxgl.audio.AudioPlayer, class com.almasb.fxgl.notification.impl.NotificationServiceProvider, class com.almasb.fxgl.achievement.AchievementService, class com.almasb.fxgl.cutscene.CutsceneService, class com.almasb.fxgl.minigames.MiniGameService, class com.almasb.fxgl.net.NetService, class com.almasb.fxgl.app.services.UpdaterService, class com.almasb.fxgl.dev.DevService]
17:55:30.650 [FXGL Background Thread 3 ] DEBUG Engine               - fontGame: Abel-Regular.ttf
17:55:30.651 [FXGL Background Thread 3 ] DEBUG Engine               - fontMono: TerminalLandMono-Regular.otf
17:55:30.651 [FXGL Background Thread 3 ] DEBUG Engine               - fontText: Courier-Prime.ttf
17:55:30.651 [FXGL Background Thread 3 ] DEBUG Engine               - fontUI: VarelaRound-Regular.ttf
17:55:30.651 [FXGL Background Thread 3 ] DEBUG Engine               - fullScreen: BooleanProperty [value: false]
17:55:30.651 [FXGL Background Thread 3 ] DEBUG Engine               - gameDifficulty: MEDIUM
17:55:30.651 [FXGL Background Thread 3 ] DEBUG Engine               - gameDifficultyProperty: ObjectProperty [value: MEDIUM]
17:55:30.651 [FXGL Background Thread 3 ] DEBUG Engine               - globalMusicVolume: 0.5
17:55:30.651 [FXGL Background Thread 3 ] DEBUG Engine               - globalMusicVolumeProperty: DoubleProperty [value: 0.25]
17:55:30.651 [FXGL Background Thread 3 ] DEBUG Engine               - globalSoundVolume: 0.5
17:55:30.652 [FXGL Background Thread 3 ] DEBUG Engine               - globalSoundVolumeProperty: DoubleProperty [value: 0.5]
17:55:30.652 [FXGL Background Thread 3 ] DEBUG Engine               - height: 720
17:55:30.652 [FXGL Background Thread 3 ] DEBUG Engine               - is3D: false
17:55:30.652 [FXGL Background Thread 3 ] DEBUG Engine               - isAndroid: false
17:55:30.652 [FXGL Background Thread 3 ] DEBUG Engine               - isBrowser: false
17:55:30.652 [FXGL Background Thread 3 ] DEBUG Engine               - isClickFeedbackEnabled: false
17:55:30.652 [FXGL Background Thread 3 ] DEBUG Engine               - isCloseConfirmation: false
17:55:30.652 [FXGL Background Thread 3 ] DEBUG Engine               - isDesktop: true
17:55:30.653 [FXGL Background Thread 3 ] DEBUG Engine               - isDeveloperMenuEnabled: true
17:55:30.653 [FXGL Background Thread 3 ] DEBUG Engine               - isEmbedded: false
17:55:30.653 [FXGL Background Thread 3 ] DEBUG Engine               - isEntityPreloadEnabled: true
17:55:30.653 [FXGL Background Thread 3 ] DEBUG Engine               - isExperimentalTiledLargeMap: false
17:55:30.653 [FXGL Background Thread 3 ] DEBUG Engine               - isFileSystemWriteAllowed: true
17:55:30.653 [FXGL Background Thread 3 ] DEBUG Engine               - isFullScreenAllowed: false
17:55:30.653 [FXGL Background Thread 3 ] DEBUG Engine               - isFullScreenFromStart: false
17:55:30.653 [FXGL Background Thread 3 ] DEBUG Engine               - isGameMenuEnabled: true
17:55:30.654 [FXGL Background Thread 3 ] DEBUG Engine               - isIOS: false
17:55:30.654 [FXGL Background Thread 3 ] DEBUG Engine               - isIntroEnabled: false
17:55:30.654 [FXGL Background Thread 3 ] DEBUG Engine               - isLinux: false
17:55:30.654 [FXGL Background Thread 3 ] DEBUG Engine               - isMac: false
17:55:30.654 [FXGL Background Thread 3 ] DEBUG Engine               - isMainMenuEnabled: true
17:55:30.654 [FXGL Background Thread 3 ] DEBUG Engine               - isManualResizeEnabled: false
17:55:30.654 [FXGL Background Thread 3 ] DEBUG Engine               - isMobile: false
17:55:30.654 [FXGL Background Thread 3 ] DEBUG Engine               - isNative: false
17:55:30.654 [FXGL Background Thread 3 ] DEBUG Engine               - isPauseMusicWhenMinimized: true
17:55:30.655 [FXGL Background Thread 3 ] DEBUG Engine               - isPreserveResizeRatio: false
17:55:30.655 [FXGL Background Thread 3 ] DEBUG Engine               - isProfilingEnabled: false
17:55:30.655 [FXGL Background Thread 3 ] DEBUG Engine               - isScaleAffectedOnResize: true
17:55:30.655 [FXGL Background Thread 3 ] DEBUG Engine               - isSingleStep: false
17:55:30.655 [FXGL Background Thread 3 ] DEBUG Engine               - isUserProfileEnabled: false
17:55:30.655 [FXGL Background Thread 3 ] DEBUG Engine               - isWindows: true
17:55:30.655 [FXGL Background Thread 3 ] DEBUG Engine               - language: ObjectProperty [value: ENGLISH]
17:55:30.656 [FXGL Background Thread 3 ] DEBUG Engine               - menuKey: ESCAPE
17:55:30.656 [FXGL Background Thread 3 ] DEBUG Engine               - mouseSensitivity: 0.2
17:55:30.656 [FXGL Background Thread 3 ] DEBUG Engine               - notificationViewClass: class com.almasb.fxgl.notification.view.XboxNotificationView
17:55:30.656 [FXGL Background Thread 3 ] DEBUG Engine               - pixelsPerMeter: 50.0
17:55:30.656 [FXGL Background Thread 3 ] DEBUG Engine               - platform: WINDOWS
17:55:30.656 [FXGL Background Thread 3 ] DEBUG Engine               - prefHeightProperty: ReadOnlyDoubleProperty [value: 720.0]
17:55:30.656 [FXGL Background Thread 3 ] DEBUG Engine               - prefWidthProperty: ReadOnlyDoubleProperty [value: 1280.0]
17:55:30.656 [FXGL Background Thread 3 ] DEBUG Engine               - profileDir: profiles/
17:55:30.656 [FXGL Background Thread 3 ] DEBUG Engine               - profileName: StringProperty [value: DEFAULT]
17:55:30.656 [FXGL Background Thread 3 ] DEBUG Engine               - randomSeed: -1
17:55:30.658 [FXGL Background Thread 3 ] DEBUG Engine               - runtimeInfo: RuntimeInfo(platform=WINDOWS, version=17.2, build=20.08.2022 16.50)
17:55:30.658 [FXGL Background Thread 3 ] DEBUG Engine               - saveFileExt: sav
17:55:30.658 [FXGL Background Thread 3 ] DEBUG Engine               - scaledHeightProp$fxgl: DoubleProperty [bound, value: 720.0]
17:55:30.658 [FXGL Background Thread 3 ] DEBUG Engine               - scaledWidthProp$fxgl: DoubleProperty [bound, value: 1280.0]
17:55:30.658 [FXGL Background Thread 3 ] DEBUG Engine               - sceneFactory: com.sunsofgod.PlatformerApp$1@9dc601b
17:55:30.659 [FXGL Background Thread 3 ] DEBUG Engine               - secondsIn24h: 60
17:55:30.659 [FXGL Background Thread 3 ] DEBUG Engine               - soundMenuBack: menu/back.wav
17:55:30.659 [FXGL Background Thread 3 ] DEBUG Engine               - soundMenuPress: menu/press.wav
17:55:30.659 [FXGL Background Thread 3 ] DEBUG Engine               - soundMenuSelect: menu/select.wav
17:55:30.659 [FXGL Background Thread 3 ] DEBUG Engine               - soundNotification: core/notification.wav
17:55:30.659 [FXGL Background Thread 3 ] DEBUG Engine               - stageStyle: DECORATED
17:55:30.659 [FXGL Background Thread 3 ] DEBUG Engine               - supportedLanguages: [ENGLISH, FRENCH, GERMAN, HUNGARIAN, RUSSIAN]
17:55:30.659 [FXGL Background Thread 3 ] DEBUG Engine               - ticksPerSecond: -1
17:55:30.659 [FXGL Background Thread 3 ] DEBUG Engine               - title: Untitled
17:55:30.659 [FXGL Background Thread 3 ] DEBUG Engine               - urlGithub: https://github.com/AlmasB/FXGL
17:55:30.659 [FXGL Background Thread 3 ] DEBUG Engine               - urlLeaderboard: http://fxgl-top.herokuapp.com/
17:55:30.660 [FXGL Background Thread 3 ] DEBUG Engine               - urlPOM: https://raw.githubusercontent.com/AlmasB/FXGL/release/README.md
17:55:30.660 [FXGL Background Thread 3 ] DEBUG Engine               - userAppClass: class com.sunsofgod.PlatformerApp
17:55:30.660 [FXGL Background Thread 3 ] DEBUG Engine               - version: 0.0
17:55:30.660 [FXGL Background Thread 3 ] DEBUG Engine               - versionCheckDays: 7
17:55:30.660 [FXGL Background Thread 3 ] DEBUG Engine               - width: 1280
17:55:30.660 [FXGL Background Thread 3 ] DEBUG Engine               - Logging services
17:55:30.660 [FXGL Background Thread 3 ] DEBUG Engine               - class com.almasb.fxgl.app.services.FXGLAssetLoaderService
17:55:30.660 [FXGL Background Thread 3 ] DEBUG Engine               - class com.almasb.fxgl.app.FXGLApplication$GameApplicationService
17:55:30.660 [FXGL Background Thread 3 ] DEBUG Engine               - class com.almasb.fxgl.app.services.FXGLDialogService
17:55:30.660 [FXGL Background Thread 3 ] DEBUG Engine               - class com.almasb.fxgl.app.services.IOTaskExecutorService
17:55:30.660 [FXGL Background Thread 3 ] DEBUG Engine               - class com.almasb.fxgl.io.FileSystemService
17:55:30.660 [FXGL Background Thread 3 ] DEBUG Engine               - class com.almasb.fxgl.localization.LocalizationService
17:55:30.660 [FXGL Background Thread 3 ] DEBUG Engine               - class com.almasb.fxgl.app.services.SystemBundleService
17:55:30.660 [FXGL Background Thread 3 ] DEBUG Engine               - class com.almasb.fxgl.profile.SaveLoadService
17:55:30.661 [FXGL Background Thread 3 ] DEBUG Engine               - class com.almasb.fxgl.ui.FXGLUIFactoryServiceProvider
17:55:30.661 [FXGL Background Thread 3 ] DEBUG Engine               - class com.almasb.fxgl.ui.FXGLDialogFactoryServiceProvider
17:55:30.661 [FXGL Background Thread 3 ] DEBUG Engine               - class com.almasb.fxgl.audio.AudioPlayer
17:55:30.661 [FXGL Background Thread 3 ] DEBUG Engine               - class com.almasb.fxgl.notification.impl.NotificationServiceProvider
17:55:30.661 [FXGL Background Thread 3 ] DEBUG Engine               - class com.almasb.fxgl.achievement.AchievementService
17:55:30.661 [FXGL Background Thread 3 ] DEBUG Engine               - class com.almasb.fxgl.cutscene.CutsceneService
17:55:30.661 [FXGL Background Thread 3 ] DEBUG Engine               - class com.almasb.fxgl.minigames.MiniGameService
17:55:30.661 [FXGL Background Thread 3 ] DEBUG Engine               - class com.almasb.fxgl.net.NetService
17:55:30.661 [FXGL Background Thread 3 ] DEBUG Engine               - class com.almasb.fxgl.app.services.UpdaterService
17:55:30.662 [FXGL Background Thread 3 ] DEBUG Engine               - class com.almasb.fxgl.dev.DevService
17:55:31.603 [JavaFX Application Thread] DEBUG PrimaryStageWindow   - Push state: LevelSelectScene
17:55:31.603 [JavaFX Application Thread] DEBUG Input                - Clearing active input actions
17:55:31.604 [JavaFX Application Thread] DEBUG GameApplicationServi - Removing overlay from PlayerSelectScene and adding to LevelSelectScene
17:55:31.607 [JavaFX Application Thread] DEBUG PrimaryStageWindow   - PlayerSelectScene -> LevelSelectScene
17:55:32.891 [JavaFX Application Thread] DEBUG Menu                 - fireNewGame()
17:55:32.891 [JavaFX Application Thread] DEBUG GameApplicationServi - Starting new game
17:55:32.892 [JavaFX Application Thread] DEBUG PrimaryStageWindow   - Pop state: LevelSelectScene
17:55:32.892 [JavaFX Application Thread] DEBUG Input                - Clearing active input actions
17:55:32.892 [JavaFX Application Thread] DEBUG GameApplicationServi - Removing overlay from LevelSelectScene and adding to PlayerSelectScene
17:55:32.894 [JavaFX Application Thread] DEBUG PrimaryStageWindow   - PlayerSelectScene <- LevelSelectScene
17:55:32.894 [JavaFX Application Thread] DEBUG PrimaryStageWindow   - Pop state: PlayerSelectScene
17:55:32.894 [JavaFX Application Thread] DEBUG Input                - Clearing active input actions
17:55:32.894 [JavaFX Application Thread] DEBUG GameApplicationServi - Removing overlay from PlayerSelectScene and adding to RiderMainMenuScene
17:55:32.895 [JavaFX Application Thread] DEBUG PrimaryStageWindow   - RiderMainMenuScene <- PlayerSelectScene
17:55:32.895 [JavaFX Application Thread] DEBUG PrimaryStageWindow   - Pop state: RiderMainMenuScene
17:55:32.895 [JavaFX Application Thread] DEBUG Input                - Clearing active input actions
17:55:32.895 [JavaFX Application Thread] DEBUG GameApplicationServi - Removing overlay from RiderMainMenuScene and adding to FXGLMainMenuDummyScene
17:55:32.897 [JavaFX Application Thread] DEBUG PrimaryStageWindow   - FXGLMainMenuDummyScene <- RiderMainMenuScene
17:55:32.897 [JavaFX Application Thread] DEBUG Input                - Clearing active input actions
17:55:32.904 [JavaFX Application Thread] DEBUG GameApplicationServi - Removing overlay from FXGLMainMenuDummyScene and adding to MainLoadingScene
17:55:32.905 [JavaFX Application Thread] DEBUG PrimaryStageWindow   - FXGLMainMenuDummyScene -> MainLoadingScene
17:55:32.905 [JavaFX Application Thread] DEBUG GameApplicationServi - Clearing previous game
17:55:32.905 [JavaFX Application Thread] DEBUG GameScene            - Clearing game scene
17:55:32.905 [JavaFX Application Thread] DEBUG GameWorld            - Clearing game world
17:55:32.905 [JavaFX Application Thread] DEBUG PhysicsWorld         - Clearing physics world
17:55:32.906 [FXGL Background Thread 2 ] DEBUG FXGLApplication      - Initializing game
17:55:32.960 [FXGL Background Thread 2 ] WARN  TMXLevelLoader       - TiledMap generated from 1.11.0. Supported version: 1.9.0. Some features may not be parsed fully.
17:55:32.978 [FXGL Background Thread 2 ] DEBUG TMXLevelLoader       - Parsed TiledMap: file:/C:/Users/gclm4/OneDrive/Desktop/JavaFXGame/target/classes/assets/levels/tmx/level16.tmx
17:55:32.979 [FXGL Background Thread 2 ] DEBUG TMXLevelLoader       - Creating tile layer entities
17:55:32.981 [FXGL Background Thread 2 ] DEBUG TilesetLoader        - Loading view for layer BG
17:55:32.987 [FXGL Background Thread 2 ] DEBUG TilesetLoader        - Created buffer with size 4200.0x700.0
17:55:33.011 [FXGL Background Thread 2 ] DEBUG TilesetLoader        - Loading view for layer Tile Layer 1
17:55:33.017 [FXGL Background Thread 2 ] DEBUG TilesetLoader        - Created buffer with size 4200.0x700.0
17:55:33.019 [FXGL Background Thread 2 ] DEBUG TMXLevelLoader       - Creating object layer entities
17:55:33.060 [FXGL Background Thread 2 ] DEBUG FXGLAssetLoaderServi - Loading from file system: file:/C:/Users/gclm4/OneDrive/Desktop/JavaFXGame/target/classes/assets/textures/button.png
17:55:33.067 [FXGL Background Thread 2 ] DEBUG GameWorld            - Clearing removable entities
17:55:33.067 [FXGL Background Thread 2 ] DEBUG GameWorld            - Setting level: com.almasb.fxgl.entity.level.Level@7a6bce74
17:55:33.080 [FXGL Background Thread 2 ] DEBUG FXGLAssetLoaderServi - Loading from file system: file:/C:/Users/gclm4/OneDrive/Desktop/JavaFXGame/target/classes/assets/textures/player1.png
17:55:33.093 [FXGL Background Thread 2 ] DEBUG FXGLAssetLoaderServi - Loading from file system: file:/C:/Users/gclm4/OneDrive/Desktop/JavaFXGame/target/classes/assets/textures/player2.png
17:55:33.095 [FXGL Background Thread 2 ] DEBUG FXGLAssetLoaderServi - Loading from file system: file:/C:/Users/gclm4/OneDrive/Desktop/JavaFXGame/target/classes/assets/textures/player3.png
17:55:33.097 [FXGL Background Thread 2 ] DEBUG FXGLAssetLoaderServi - Loading from file system: file:/C:/Users/gclm4/OneDrive/Desktop/JavaFXGame/target/classes/assets/textures/player4.png
17:55:33.100 [FXGL Background Thread 2 ] DEBUG Input                - Clearing active input actions
17:55:33.100 [FXGL Background Thread 2 ] DEBUG Input                - Registered new binding: Jump0 - W
17:55:33.101 [FXGL Background Thread 2 ] DEBUG Input                - Registered new binding: Left0 - A
17:55:33.101 [FXGL Background Thread 2 ] DEBUG Input                - Registered new binding: Right0 - D
17:55:33.101 [FXGL Background Thread 2 ] DEBUG Input                - Registered new binding: Use0 - E
17:55:33.102 [FXGL Background Thread 2 ] DEBUG Input                - Registered new binding: Jump1 - Up
17:55:33.102 [FXGL Background Thread 2 ] DEBUG Input                - Registered new binding: Left1 - Left
17:55:33.102 [FXGL Background Thread 2 ] DEBUG Input                - Registered new binding: Right1 - Right
17:55:33.102 [FXGL Background Thread 2 ] DEBUG Input                - Registered new binding: Use1 - Slash
17:55:33.102 [FXGL Background Thread 2 ] DEBUG Input                - Registered new binding: Jump2 - I
17:55:33.102 [FXGL Background Thread 2 ] DEBUG Input                - Registered new binding: Left2 - J
17:55:33.102 [FXGL Background Thread 2 ] DEBUG Input                - Registered new binding: Right2 - L
17:55:33.102 [FXGL Background Thread 2 ] DEBUG Input                - Registered new binding: Use2 - O
17:55:33.102 [FXGL Background Thread 2 ] DEBUG Input                - Registered new binding: Jump3 - G
17:55:33.102 [FXGL Background Thread 2 ] DEBUG Input                - Registered new binding: Left3 - V
17:55:33.102 [FXGL Background Thread 2 ] DEBUG Input                - Registered new binding: Right3 - N
17:55:33.102 [FXGL Background Thread 2 ] DEBUG Input                - Registered new binding: Use3 - H
17:55:33.155 [FXGL Background Thread 2 ] DEBUG FXGLAssetLoaderServi - Loading from file system: file:/C:/Users/gclm4/OneDrive/Desktop/JavaFXGame/target/classes/assets/textures/background/building.png
17:55:33.198 [FXGL Background Thread 2 ] INFO  FXGLApplication      - Game initialization took: 0.292 sec
17:55:33.207 [JavaFX Application Thread] DEBUG Input                - Clearing active input actions
17:55:33.221 [JavaFX Application Thread] DEBUG GameApplicationServi - Removing overlay from MainLoadingScene and adding to GameScene
17:55:33.225 [JavaFX Application Thread] DEBUG PrimaryStageWindow   - MainLoadingScene -> GameScene
17:55:35.624 [JavaFX Application Thread] DEBUG FXGLAssetLoaderServi - Loading from file system: file:/C:/Users/gclm4/OneDrive/Desktop/JavaFXGame/target/classes/assets/sounds/jump.wav
17:55:44.258 [JavaFX Application Thread] DEBUG FXGLApplication      - Exiting FXGL
17:55:44.258 [JavaFX Application Thread] DEBUG LoopRunner           - Stopping loop
17:55:44.258 [JavaFX Application Thread] DEBUG SystemBundleService  - Saving FXGL system data
17:55:44.261 [JavaFX Application Thread] DEBUG FileSystemAccess     - Writing to: C:\Users\gclm4\OneDrive\Desktop\JavaFXGame\system\fxgl.bundle
17:55:44.263 [JavaFX Application Thread] DEBUG Async                - Shutting down background threads
17:55:44.263 [JavaFX Application Thread] DEBUG PrimaryStageWindow   - Closing main window
17:55:44.282 [JavaFX Application Thread] DEBUG Logger               - Closing Logger
