18:48:13.434 [main                     ] DEBUG Logger               - Configured Logger
18:48:13.454 [main                     ] DEBUG GameApplication      - Logging settings
Title: Untitled
Version: 0.0
Width: 1280
Height: 720
Fullscreen: false
Intro: false
Profiling: false
Single step:false
App Mode: DEVELOPER
Menu Key: ESCAPE
Stage Style: DECORATED
Scene Factory: class com.almasb.fxgl.app.scene.SceneFactory

18:48:18.797 [JavaFX Application Thread] DEBUG FXGLApplication      - Initializing FXGL
18:48:18.800 [JavaFX Application Thread] INFO  Engine               - FXGL-17.2 (20.08.2022 16.50) on MAC (J:17.0.2 FX:18)
18:48:18.800 [JavaFX Application Thread] DEBUG Engine               - JRE Vendor Name: Oracle Corporation
18:48:18.800 [JavaFX Application Thread] DEBUG Engine               - Running on OS: Mac OS X version 14.6.1
18:48:18.800 [JavaFX Application Thread] DEBUG Engine               - Architecture: aarch64
18:48:18.801 [JavaFX Application Thread] INFO  Engine               - Source code and latest versions at: https://github.com/AlmasB/FXGL
18:48:18.801 [JavaFX Application Thread] INFO  Engine               -       Ask questions and discuss at: https://github.com/AlmasB/FXGL/discussions
18:48:18.801 [JavaFX Application Thread] INFO  Engine               -              Join the FXGL chat at: https://gitter.im/AlmasB/FXGL
18:48:18.874 [JavaFX Application Thread] DEBUG PrimaryStageWindow   - Creating a JavaFX scene
18:48:18.892 [JavaFX Application Thread] DEBUG PrimaryStageWindow   - Target settings size: 1280.0 x 720.0
18:48:18.892 [JavaFX Application Thread] DEBUG PrimaryStageWindow   - Scaled scene size:    1280.0 x 720.0
18:48:18.892 [JavaFX Application Thread] DEBUG PrimaryStageWindow   - Scaled ratio: (1.0, 1.0)
18:48:18.893 [JavaFX Application Thread] DEBUG PrimaryStageWindow   - Set initial scene to FXGLStartupScene
18:48:18.896 [JavaFX Application Thread] DEBUG PrimaryStageWindow   - Opening main window
18:48:19.011 [JavaFX Application Thread] DEBUG PrimaryStageWindow   - Window border size: (0.0, 28.0)
18:48:19.011 [JavaFX Application Thread] DEBUG PrimaryStageWindow   - Scaled size: 1280.0 x 720.0
18:48:19.011 [JavaFX Application Thread] DEBUG PrimaryStageWindow   - Scaled ratio: (1.0, 1.0)
18:48:19.011 [JavaFX Application Thread] DEBUG PrimaryStageWindow   - Scene size: 1280.0 x 720.0
18:48:19.012 [JavaFX Application Thread] DEBUG PrimaryStageWindow   - Stage size: 1280.0 x 748.0
18:48:19.015 [FXGL Background Thread 1 ] DEBUG Engine               - Initializing environment variables
18:48:19.049 [FXGL Background Thread 1 ] DEBUG FXGLAssetLoaderServi - User app class for loading assets: class com.sunsofgod.PlatformerApp
18:48:19.049 [FXGL Background Thread 1 ] DEBUG GameApplicationServi - Applying CSS: fxgl_dark.css
18:48:19.050 [FXGL Background Thread 1 ] DEBUG FXGLAssetLoaderServi - Loading from file system: jar:file:///Users/aaron/.m2/repository/com/github/almasb/fxgl/17.2/fxgl-17.2.jar!/fxglassets/ui/css/fxgl_dark.css
18:48:19.101 [FXGL Background Thread 1 ] DEBUG GameApplicationServi - Initializing application scenes
18:48:19.197 [FXGL Background Thread 1 ] DEBUG GameWorld            - Game world initialized
18:48:19.223 [FXGL Background Thread 1 ] DEBUG PhysicsWorld         - Physics world initialized: appHeight=720, physics.ppm=50.0
18:48:19.223 [FXGL Background Thread 1 ] DEBUG PhysicsWorld         - Using strategy: BRUTE_FORCE
18:48:19.226 [FXGL Background Thread 1 ] DEBUG GameScene            - Game scene initialized: 1280x720
18:48:19.232 [FXGL Background Thread 1 ] DEBUG FXGL.DefaultMenu     - createMenuBodyMainMenu()
18:48:19.242 [FXGL Background Thread 1 ] DEBUG FXGL.DefaultMenu     - createOptionsMenu()
18:48:19.247 [FXGL Background Thread 1 ] DEBUG FXGLAssetLoaderServi - Loading from file system: jar:file:///Users/aaron/.m2/repository/com/github/almasb/fxgl/17.2/fxgl-17.2.jar!/fxglassets/textures/particles/smoke.png
18:48:19.322 [FXGL Background Thread 1 ] DEBUG FXGLAssetLoaderServi - Loading from file system: jar:file:///Users/aaron/.m2/repository/com/github/almasb/fxgl/17.2/fxgl-17.2.jar!/fxglassets/textures/particles/trace_horizontal.png
18:48:19.339 [FXGL Background Thread 1 ] DEBUG FXGL.DefaultMenu     - createMenuBodyGameMenu()
18:48:19.340 [FXGL Background Thread 1 ] DEBUG FXGL.DefaultMenu     - createOptionsMenu()
18:48:19.358 [FXGL Background Thread 1 ] DEBUG GameApplicationServi - Application scenes initialized
18:48:19.366 [FXGL Background Thread 1 ] DEBUG SystemBundleService  - Loading FXGL system data
18:48:19.370 [FXGL Background Thread 1 ] DEBUG FileSystemAccess     - Reading from: /Users/aaron/Downloads/SunsOfGodApp/system/fxgl.bundle
18:48:19.375 [FXGL Background Thread 1 ] DEBUG SystemBundleService  - Bundle FXGL: {}
18:48:19.375 [FXGL Background Thread 1 ] DEBUG UpdaterService       - Checking for updates
18:48:19.378 [FXGL Background Thread 4 ] DEBUG FXGLApplication      - Loading fonts
18:48:19.378 [FXGL Background Thread 1 ] DEBUG FXGLApplication      - Loading default localization
18:48:19.378 [FXGL Background Thread 4 ] DEBUG FXGLAssetLoaderServi - Loading from file system: jar:file:///Users/aaron/.m2/repository/com/github/almasb/fxgl/17.2/fxgl-17.2.jar!/fxglassets/ui/fonts/VarelaRound-Regular.ttf
18:48:19.378 [FXGL Background Thread 1 ] DEBUG FXGLAssetLoaderServi - Loading from file system: jar:file:///Users/aaron/.m2/repository/com/github/almasb/fxgl/17.2/fxgl-17.2.jar!/fxglassets/languages/english.lang
18:48:19.391 [FXGL Background Thread 4 ] DEBUG FXGLAssetLoaderServi - Loading from file system: jar:file:///Users/aaron/.m2/repository/com/github/almasb/fxgl/17.2/fxgl-17.2.jar!/fxglassets/ui/fonts/Abel-Regular.ttf
18:48:19.392 [FXGL Background Thread 1 ] INFO  FXGLApplication      - FXGL initialization took: 0.376 sec
18:48:19.394 [FXGL Background Thread 4 ] DEBUG FXGLAssetLoaderServi - Loading from file system: jar:file:///Users/aaron/.m2/repository/com/github/almasb/fxgl/17.2/fxgl-17.2.jar!/fxglassets/ui/fonts/TerminalLandMono-Regular.otf
18:48:19.398 [JavaFX Application Thread] DEBUG Input                - Registered new binding: Left - A
18:48:19.398 [JavaFX Application Thread] DEBUG Input                - Registered new binding: Right - D
18:48:19.399 [JavaFX Application Thread] DEBUG Input                - Registered new binding: Jump - W
18:48:19.399 [JavaFX Application Thread] DEBUG Input                - Registered new binding: Use - E
18:48:19.399 [JavaFX Application Thread] DEBUG FXGLAssetLoaderServi - Loading from file system: jar:file:///Users/aaron/.m2/repository/com/github/almasb/fxgl/17.2/fxgl-17.2.jar!/fxglassets/textures/fxgl_icon.png
18:48:19.399 [FXGL Background Thread 4 ] DEBUG FXGLAssetLoaderServi - Loading from file system: jar:file:///Users/aaron/.m2/repository/com/github/almasb/fxgl/17.2/fxgl-17.2.jar!/fxglassets/ui/fonts/Courier-Prime.ttf
18:48:19.421 [JavaFX Application Thread] DEBUG FXGLAssetLoaderServi - Loading from file system: jar:file:///Users/aaron/.m2/repository/com/github/almasb/fxgl/17.2/fxgl-17.2.jar!/fxglassets/textures/fxgl_default_cursor.png
18:48:19.422 [JavaFX Application Thread] DEBUG Input                - Registered new binding: Screenshot - CTRL+8
18:48:19.422 [JavaFX Application Thread] DEBUG Input                - Registered new binding: System info dump - CTRL+9
18:48:19.422 [JavaFX Application Thread] DEBUG Input                - Registered new binding: Restart - CTRL+R
18:48:19.423 [JavaFX Application Thread] DEBUG Input                - Registered new binding: Toggle Debug Camera - CTRL+7
18:48:19.423 [JavaFX Application Thread] DEBUG LoopRunner           - Starting loop
18:48:19.424 [JavaFX Application Thread] DEBUG LoopRunner           - Initializing JavaFX AnimationTimerLoop
18:48:19.425 [JavaFX Application Thread] DEBUG Input                - Clearing active input actions
18:48:19.428 [JavaFX Application Thread] DEBUG GameApplicationServi - Removing overlay from FXGLStartupScene and adding to FXGLMainMenuDummyScene
18:48:19.428 [JavaFX Application Thread] DEBUG PrimaryStageWindow   - FXGLStartupScene -> FXGLMainMenuDummyScene
18:48:19.428 [JavaFX Application Thread] DEBUG PrimaryStageWindow   - Push state: FXGLDefaultMenu
18:48:19.430 [JavaFX Application Thread] DEBUG Input                - Clearing active input actions
18:48:19.433 [JavaFX Application Thread] DEBUG GameApplicationServi - Removing overlay from FXGLMainMenuDummyScene and adding to FXGLDefaultMenu
18:48:19.434 [JavaFX Application Thread] DEBUG PrimaryStageWindow   - FXGLMainMenuDummyScene -> FXGLDefaultMenu
18:48:19.488 [JavaFX Application Thread] DEBUG FXGLApplication      - Registering font factories with UI factory
18:48:20.062 [FXGL Background Thread 2 ] INFO  UpdaterService       - Your current version:  17.2
18:48:20.062 [FXGL Background Thread 2 ] INFO  UpdaterService       - Latest stable version: 21.1
18:48:22.380 [FXGL Background Thread 3 ] DEBUG Engine               - Logging environment variables
18:48:22.380 [FXGL Background Thread 3 ] DEBUG Engine               - achievements: []
18:48:22.381 [FXGL Background Thread 3 ] DEBUG Engine               - actualHeight: 720.0
18:48:22.381 [FXGL Background Thread 3 ] DEBUG Engine               - actualHeightProperty: ReadOnlyDoubleProperty [value: 720.0]
18:48:22.381 [FXGL Background Thread 3 ] DEBUG Engine               - actualWidth: 1280.0
18:48:22.381 [FXGL Background Thread 3 ] DEBUG Engine               - actualWidthProperty: ReadOnlyDoubleProperty [value: 1280.0]
18:48:22.381 [FXGL Background Thread 3 ] DEBUG Engine               - appIcon: fxgl_icon.png
18:48:22.381 [FXGL Background Thread 3 ] DEBUG Engine               - applicationMode: DEVELOPER
18:48:22.381 [FXGL Background Thread 3 ] DEBUG Engine               - cSSList: [fxgl_dark.css]
18:48:22.381 [FXGL Background Thread 3 ] DEBUG Engine               - collisionDetectionStrategy: BRUTE_FORCE
18:48:22.381 [FXGL Background Thread 3 ] DEBUG Engine               - configClass: Optional.empty
18:48:22.381 [FXGL Background Thread 3 ] DEBUG Engine               - credits: []
18:48:22.382 [FXGL Background Thread 3 ] DEBUG Engine               - defaultCursor: CursorInfo(imageName=fxgl_default_cursor.png, hotspotX=7.0, hotspotY=6.0)
18:48:22.382 [FXGL Background Thread 3 ] DEBUG Engine               - devBBoxColorProperty: ObjectProperty [value: 0xff0000ff]
18:48:22.382 [FXGL Background Thread 3 ] DEBUG Engine               - devEnableDebugCameraProperty: BooleanProperty [value: false]
18:48:22.382 [FXGL Background Thread 3 ] DEBUG Engine               - devSensorColorProperty: ObjectProperty [value: 0xffff00ff]
18:48:22.382 [FXGL Background Thread 3 ] DEBUG Engine               - devShowBBoxProperty: BooleanProperty [value: false]
18:48:22.382 [FXGL Background Thread 3 ] DEBUG Engine               - devShowPositionProperty: BooleanProperty [value: false]
18:48:22.382 [FXGL Background Thread 3 ] DEBUG Engine               - enabledMenuItems: []
18:48:22.382 [FXGL Background Thread 3 ] DEBUG Engine               - engineServices: [class com.almasb.fxgl.app.services.FXGLAssetLoaderService, class com.almasb.fxgl.app.FXGLApplication$GameApplicationService, class com.almasb.fxgl.app.services.FXGLDialogService, class com.almasb.fxgl.app.services.IOTaskExecutorService, class com.almasb.fxgl.io.FileSystemService, class com.almasb.fxgl.localization.LocalizationService, class com.almasb.fxgl.app.services.SystemBundleService, class com.almasb.fxgl.profile.SaveLoadService, class com.almasb.fxgl.ui.FXGLUIFactoryServiceProvider, class com.almasb.fxgl.ui.FXGLDialogFactoryServiceProvider, class com.almasb.fxgl.audio.AudioPlayer, class com.almasb.fxgl.notification.impl.NotificationServiceProvider, class com.almasb.fxgl.achievement.AchievementService, class com.almasb.fxgl.cutscene.CutsceneService, class com.almasb.fxgl.minigames.MiniGameService, class com.almasb.fxgl.net.NetService, class com.almasb.fxgl.app.services.UpdaterService, class com.almasb.fxgl.dev.DevService]
18:48:22.382 [FXGL Background Thread 3 ] DEBUG Engine               - fontGame: Abel-Regular.ttf
18:48:22.382 [FXGL Background Thread 3 ] DEBUG Engine               - fontMono: TerminalLandMono-Regular.otf
18:48:22.382 [FXGL Background Thread 3 ] DEBUG Engine               - fontText: Courier-Prime.ttf
18:48:22.382 [FXGL Background Thread 3 ] DEBUG Engine               - fontUI: VarelaRound-Regular.ttf
18:48:22.383 [FXGL Background Thread 3 ] DEBUG Engine               - fullScreen: BooleanProperty [value: false]
18:48:22.383 [FXGL Background Thread 3 ] DEBUG Engine               - gameDifficulty: MEDIUM
18:48:22.383 [FXGL Background Thread 3 ] DEBUG Engine               - gameDifficultyProperty: ObjectProperty [value: MEDIUM]
18:48:22.383 [FXGL Background Thread 3 ] DEBUG Engine               - globalMusicVolume: 0.5
18:48:22.383 [FXGL Background Thread 3 ] DEBUG Engine               - globalMusicVolumeProperty: DoubleProperty [value: 0.25]
18:48:22.383 [FXGL Background Thread 3 ] DEBUG Engine               - globalSoundVolume: 0.5
18:48:22.383 [FXGL Background Thread 3 ] DEBUG Engine               - globalSoundVolumeProperty: DoubleProperty [value: 0.5]
18:48:22.383 [FXGL Background Thread 3 ] DEBUG Engine               - height: 720
18:48:22.383 [FXGL Background Thread 3 ] DEBUG Engine               - is3D: false
18:48:22.383 [FXGL Background Thread 3 ] DEBUG Engine               - isAndroid: false
18:48:22.383 [FXGL Background Thread 3 ] DEBUG Engine               - isBrowser: false
18:48:22.383 [FXGL Background Thread 3 ] DEBUG Engine               - isClickFeedbackEnabled: false
18:48:22.383 [FXGL Background Thread 3 ] DEBUG Engine               - isCloseConfirmation: false
18:48:22.383 [FXGL Background Thread 3 ] DEBUG Engine               - isDesktop: true
18:48:22.383 [FXGL Background Thread 3 ] DEBUG Engine               - isDeveloperMenuEnabled: false
18:48:22.384 [FXGL Background Thread 3 ] DEBUG Engine               - isEmbedded: false
18:48:22.384 [FXGL Background Thread 3 ] DEBUG Engine               - isEntityPreloadEnabled: true
18:48:22.384 [FXGL Background Thread 3 ] DEBUG Engine               - isExperimentalTiledLargeMap: false
18:48:22.384 [FXGL Background Thread 3 ] DEBUG Engine               - isFileSystemWriteAllowed: true
18:48:22.384 [FXGL Background Thread 3 ] DEBUG Engine               - isFullScreenAllowed: false
18:48:22.384 [FXGL Background Thread 3 ] DEBUG Engine               - isFullScreenFromStart: false
18:48:22.384 [FXGL Background Thread 3 ] DEBUG Engine               - isGameMenuEnabled: true
18:48:22.384 [FXGL Background Thread 3 ] DEBUG Engine               - isIOS: false
18:48:22.384 [FXGL Background Thread 3 ] DEBUG Engine               - isIntroEnabled: false
18:48:22.384 [FXGL Background Thread 3 ] DEBUG Engine               - isLinux: false
18:48:22.384 [FXGL Background Thread 3 ] DEBUG Engine               - isMac: true
18:48:22.384 [FXGL Background Thread 3 ] DEBUG Engine               - isMainMenuEnabled: true
18:48:22.384 [FXGL Background Thread 3 ] DEBUG Engine               - isManualResizeEnabled: false
18:48:22.385 [FXGL Background Thread 3 ] DEBUG Engine               - isMobile: false
18:48:22.385 [FXGL Background Thread 3 ] DEBUG Engine               - isNative: false
18:48:22.385 [FXGL Background Thread 3 ] DEBUG Engine               - isPauseMusicWhenMinimized: true
18:48:22.385 [FXGL Background Thread 3 ] DEBUG Engine               - isPreserveResizeRatio: false
18:48:22.385 [FXGL Background Thread 3 ] DEBUG Engine               - isProfilingEnabled: false
18:48:22.385 [FXGL Background Thread 3 ] DEBUG Engine               - isScaleAffectedOnResize: true
18:48:22.385 [FXGL Background Thread 3 ] DEBUG Engine               - isSingleStep: false
18:48:22.385 [FXGL Background Thread 3 ] DEBUG Engine               - isUserProfileEnabled: false
18:48:22.385 [FXGL Background Thread 3 ] DEBUG Engine               - isWindows: false
18:48:22.386 [FXGL Background Thread 3 ] DEBUG Engine               - language: ObjectProperty [value: ENGLISH]
18:48:22.386 [FXGL Background Thread 3 ] DEBUG Engine               - menuKey: ESCAPE
18:48:22.386 [FXGL Background Thread 3 ] DEBUG Engine               - mouseSensitivity: 0.2
18:48:22.386 [FXGL Background Thread 3 ] DEBUG Engine               - notificationViewClass: class com.almasb.fxgl.notification.view.XboxNotificationView
18:48:22.386 [FXGL Background Thread 3 ] DEBUG Engine               - pixelsPerMeter: 50.0
18:48:22.386 [FXGL Background Thread 3 ] DEBUG Engine               - platform: MAC
18:48:22.386 [FXGL Background Thread 3 ] DEBUG Engine               - prefHeightProperty: ReadOnlyDoubleProperty [value: 720.0]
18:48:22.386 [FXGL Background Thread 3 ] DEBUG Engine               - prefWidthProperty: ReadOnlyDoubleProperty [value: 1280.0]
18:48:22.386 [FXGL Background Thread 3 ] DEBUG Engine               - profileDir: profiles/
18:48:22.387 [FXGL Background Thread 3 ] DEBUG Engine               - profileName: StringProperty [value: DEFAULT]
18:48:22.387 [FXGL Background Thread 3 ] DEBUG Engine               - randomSeed: -1
18:48:22.387 [FXGL Background Thread 3 ] DEBUG Engine               - runtimeInfo: RuntimeInfo(platform=MAC, version=17.2, build=20.08.2022 16.50)
18:48:22.387 [FXGL Background Thread 3 ] DEBUG Engine               - saveFileExt: sav
18:48:22.387 [FXGL Background Thread 3 ] DEBUG Engine               - scaledHeightProp$fxgl: DoubleProperty [bound, value: 720.0]
18:48:22.387 [FXGL Background Thread 3 ] DEBUG Engine               - scaledWidthProp$fxgl: DoubleProperty [bound, value: 1280.0]
18:48:22.387 [FXGL Background Thread 3 ] DEBUG Engine               - sceneFactory: com.almasb.fxgl.app.scene.SceneFactory@50e7e7b6
18:48:22.387 [FXGL Background Thread 3 ] DEBUG Engine               - secondsIn24h: 60
18:48:22.387 [FXGL Background Thread 3 ] DEBUG Engine               - soundMenuBack: menu/back.wav
18:48:22.387 [FXGL Background Thread 3 ] DEBUG Engine               - soundMenuPress: menu/press.wav
18:48:22.387 [FXGL Background Thread 3 ] DEBUG Engine               - soundMenuSelect: menu/select.wav
18:48:22.387 [FXGL Background Thread 3 ] DEBUG Engine               - soundNotification: core/notification.wav
18:48:22.387 [FXGL Background Thread 3 ] DEBUG Engine               - stageStyle: DECORATED
18:48:22.388 [FXGL Background Thread 3 ] DEBUG Engine               - supportedLanguages: [ENGLISH, FRENCH, GERMAN, HUNGARIAN, RUSSIAN]
18:48:22.388 [FXGL Background Thread 3 ] DEBUG Engine               - ticksPerSecond: -1
18:48:22.388 [FXGL Background Thread 3 ] DEBUG Engine               - title: Untitled
18:48:22.388 [FXGL Background Thread 3 ] DEBUG Engine               - urlGithub: https://github.com/AlmasB/FXGL
18:48:22.388 [FXGL Background Thread 3 ] DEBUG Engine               - urlLeaderboard: http://fxgl-top.herokuapp.com/
18:48:22.388 [FXGL Background Thread 3 ] DEBUG Engine               - urlPOM: https://raw.githubusercontent.com/AlmasB/FXGL/release/README.md
18:48:22.388 [FXGL Background Thread 3 ] DEBUG Engine               - userAppClass: class com.sunsofgod.PlatformerApp
18:48:22.388 [FXGL Background Thread 3 ] DEBUG Engine               - version: 0.0
18:48:22.388 [FXGL Background Thread 3 ] DEBUG Engine               - versionCheckDays: 7
18:48:22.388 [FXGL Background Thread 3 ] DEBUG Engine               - width: 1280
18:48:22.388 [FXGL Background Thread 3 ] DEBUG Engine               - Logging services
18:48:22.388 [FXGL Background Thread 3 ] DEBUG Engine               - class com.almasb.fxgl.app.services.FXGLAssetLoaderService
18:48:22.388 [FXGL Background Thread 3 ] DEBUG Engine               - class com.almasb.fxgl.app.FXGLApplication$GameApplicationService
18:48:22.388 [FXGL Background Thread 3 ] DEBUG Engine               - class com.almasb.fxgl.app.services.FXGLDialogService
18:48:22.388 [FXGL Background Thread 3 ] DEBUG Engine               - class com.almasb.fxgl.app.services.IOTaskExecutorService
18:48:22.389 [FXGL Background Thread 3 ] DEBUG Engine               - class com.almasb.fxgl.io.FileSystemService
18:48:22.389 [FXGL Background Thread 3 ] DEBUG Engine               - class com.almasb.fxgl.localization.LocalizationService
18:48:22.389 [FXGL Background Thread 3 ] DEBUG Engine               - class com.almasb.fxgl.app.services.SystemBundleService
18:48:22.389 [FXGL Background Thread 3 ] DEBUG Engine               - class com.almasb.fxgl.profile.SaveLoadService
18:48:22.389 [FXGL Background Thread 3 ] DEBUG Engine               - class com.almasb.fxgl.ui.FXGLUIFactoryServiceProvider
18:48:22.389 [FXGL Background Thread 3 ] DEBUG Engine               - class com.almasb.fxgl.ui.FXGLDialogFactoryServiceProvider
18:48:22.389 [FXGL Background Thread 3 ] DEBUG Engine               - class com.almasb.fxgl.audio.AudioPlayer
18:48:22.389 [FXGL Background Thread 3 ] DEBUG Engine               - class com.almasb.fxgl.notification.impl.NotificationServiceProvider
18:48:22.389 [FXGL Background Thread 3 ] DEBUG Engine               - class com.almasb.fxgl.achievement.AchievementService
18:48:22.389 [FXGL Background Thread 3 ] DEBUG Engine               - class com.almasb.fxgl.cutscene.CutsceneService
18:48:22.389 [FXGL Background Thread 3 ] DEBUG Engine               - class com.almasb.fxgl.minigames.MiniGameService
18:48:22.389 [FXGL Background Thread 3 ] DEBUG Engine               - class com.almasb.fxgl.net.NetService
18:48:22.389 [FXGL Background Thread 3 ] DEBUG Engine               - class com.almasb.fxgl.app.services.UpdaterService
18:48:22.389 [FXGL Background Thread 3 ] DEBUG Engine               - class com.almasb.fxgl.dev.DevService
18:48:22.675 [JavaFX Application Thread] DEBUG Menu                 - fireNewGame()
18:48:22.675 [JavaFX Application Thread] DEBUG GameApplicationServi - Starting new game
18:48:22.746 [JavaFX Application Thread] DEBUG PrimaryStageWindow   - Pop state: FXGLDefaultMenu
18:48:22.747 [JavaFX Application Thread] DEBUG Input                - Clearing active input actions
18:48:22.749 [JavaFX Application Thread] DEBUG GameApplicationServi - Removing overlay from FXGLDefaultMenu and adding to FXGLMainMenuDummyScene
18:48:22.750 [JavaFX Application Thread] DEBUG PrimaryStageWindow   - FXGLMainMenuDummyScene <- FXGLDefaultMenu
18:48:22.750 [JavaFX Application Thread] DEBUG Input                - Clearing active input actions
18:48:22.760 [JavaFX Application Thread] DEBUG GameApplicationServi - Removing overlay from FXGLMainMenuDummyScene and adding to FXGLLoadingScene
18:48:22.760 [JavaFX Application Thread] DEBUG PrimaryStageWindow   - FXGLMainMenuDummyScene -> FXGLLoadingScene
18:48:22.760 [JavaFX Application Thread] DEBUG GameApplicationServi - Clearing previous game
18:48:22.761 [JavaFX Application Thread] DEBUG GameScene            - Clearing game scene
18:48:22.761 [JavaFX Application Thread] DEBUG GameWorld            - Clearing game world
18:48:22.774 [JavaFX Application Thread] DEBUG PhysicsWorld         - Clearing physics world
18:48:22.779 [FXGL Background Thread 2 ] DEBUG FXGLApplication      - Initializing game
18:48:22.872 [FXGL Background Thread 2 ] WARN  TMXLevelLoader       - TiledMap generated from 1.2.3. Supported version: 1.9.0. Some features may not be parsed fully.
18:48:22.880 [FXGL Background Thread 2 ] DEBUG TMXLevelLoader       - Parsed TiledMap: file:/Users/aaron/Downloads/SunsOfGodApp/target/classes/assets/levels/tmx/level4.tmx
18:48:22.885 [FXGL Background Thread 2 ] DEBUG TMXLevelLoader       - Creating tile layer entities
18:48:22.889 [FXGL Background Thread 2 ] DEBUG TilesetLoader        - Loading view for layer Tile Layer 1
18:48:22.890 [FXGL Background Thread 2 ] DEBUG TilesetLoader        - Created buffer with size 1050.0x700.0
18:48:22.972 [FXGL Background Thread 2 ] DEBUG TMXLevelLoader       - Creating object layer entities
18:48:23.019 [FXGL Background Thread 2 ] DEBUG FXGLAssetLoaderServi - Loading from file system: file:/Users/aaron/Downloads/SunsOfGodApp/target/classes/assets/textures/button.png
18:48:23.025 [FXGL Background Thread 2 ] DEBUG GameWorld            - Clearing removable entities
18:48:23.025 [FXGL Background Thread 2 ] DEBUG GameWorld            - Setting level: com.almasb.fxgl.entity.level.Level@46e486cf
18:48:23.032 [FXGL Background Thread 2 ] DEBUG FXGLAssetLoaderServi - Loading from file system: file:/Users/aaron/Downloads/SunsOfGodApp/target/classes/assets/textures/player.png
18:48:23.039 [FXGL Background Thread 2 ] DEBUG FXGLAssetLoaderServi - Loading from file system: file:/Users/aaron/Downloads/SunsOfGodApp/target/classes/assets/textures/background/ph.png
18:48:23.072 [FXGL Background Thread 2 ] INFO  FXGLApplication      - Game initialization took: 0.293 sec
18:48:23.073 [JavaFX Application Thread] DEBUG Input                - Clearing active input actions
18:48:23.076 [JavaFX Application Thread] DEBUG GameApplicationServi - Removing overlay from FXGLLoadingScene and adding to GameScene
18:48:23.077 [JavaFX Application Thread] DEBUG PrimaryStageWindow   - FXGLLoadingScene -> GameScene
18:48:35.796 [JavaFX Application Thread] DEBUG FXGLAssetLoaderServi - Loading from file system: file:/Users/aaron/Downloads/SunsOfGodApp/target/classes/assets/textures/exit_sign.png
18:48:37.197 [JavaFX Application Thread] WARN  TMXLevelLoader       - TiledMap generated from 1.2.3. Supported version: 1.9.0. Some features may not be parsed fully.
18:48:37.199 [JavaFX Application Thread] DEBUG TMXLevelLoader       - Parsed TiledMap: file:/Users/aaron/Downloads/SunsOfGodApp/target/classes/assets/levels/tmx/level5.tmx
18:48:37.199 [JavaFX Application Thread] DEBUG TMXLevelLoader       - Creating tile layer entities
18:48:37.200 [JavaFX Application Thread] DEBUG TilesetLoader        - Loading view for layer Tile Layer 1
18:48:37.203 [JavaFX Application Thread] DEBUG TilesetLoader        - Created buffer with size 2100.0x700.0
18:48:37.213 [JavaFX Application Thread] DEBUG TMXLevelLoader       - Creating object layer entities
18:48:37.214 [JavaFX Application Thread] DEBUG GameWorld            - Clearing removable entities
18:48:37.217 [JavaFX Application Thread] DEBUG GameWorld            - Setting level: com.almasb.fxgl.entity.level.Level@622dd0d9
18:48:42.560 [JavaFX Application Thread] DEBUG FXGLApplication      - Exiting FXGL
18:48:42.560 [JavaFX Application Thread] DEBUG LoopRunner           - Stopping loop
18:48:42.560 [JavaFX Application Thread] DEBUG SystemBundleService  - Saving FXGL system data
18:48:42.566 [JavaFX Application Thread] DEBUG FileSystemAccess     - Writing to: /Users/aaron/Downloads/SunsOfGodApp/system/fxgl.bundle
18:48:42.568 [JavaFX Application Thread] DEBUG Async                - Shutting down background threads
18:48:42.568 [JavaFX Application Thread] DEBUG PrimaryStageWindow   - Closing main window
18:48:42.576 [JavaFX Application Thread] DEBUG Logger               - Closing Logger
