16:11:28.427 [main                     ] DEBUG Logger               - Configured Logger
16:11:28.439 [main                     ] DEBUG GameApplication      - Logging settings
Title: Untitled
Version: 0.0
Width: 1280
Height: 720
Fullscreen: false
Intro: false
Profiling: false
Single step:false
App Mode: DEVELOPER
Menu Key: ESCAPE
Stage Style: DECORATED
Scene Factory: class com.sunsofgod.PlatformerApp$1

16:11:28.644 [JavaFX Application Thread] DEBUG FXGLApplication      - Initializing FXGL
16:11:28.650 [JavaFX Application Thread] INFO  Engine               - FXGL-17.2 (20.08.2022 16.50) on WINDOWS (J:21.0.4 FX:17.0.12)
16:11:28.651 [JavaFX Application Thread] DEBUG Engine               - JRE Vendor Name: Eclipse Adoptium
16:11:28.651 [JavaFX Application Thread] DEBUG Engine               - Running on OS: Windows 11 version 10.0
16:11:28.651 [JavaFX Application Thread] DEBUG Engine               - Architecture: amd64
16:11:28.651 [JavaFX Application Thread] INFO  Engine               - Source code and latest versions at: https://github.com/AlmasB/FXGL
16:11:28.651 [JavaFX Application Thread] INFO  Engine               -       Ask questions and discuss at: https://github.com/AlmasB/FXGL/discussions
16:11:28.652 [JavaFX Application Thread] INFO  Engine               -              Join the FXGL chat at: https://gitter.im/AlmasB/FXGL
16:11:28.709 [JavaFX Application Thread] DEBUG PrimaryStageWindow   - Creating a JavaFX scene
16:11:28.738 [JavaFX Application Thread] DEBUG PrimaryStageWindow   - Target settings size: 1280.0 x 720.0
16:11:28.738 [JavaFX Application Thread] DEBUG PrimaryStageWindow   - Scaled scene size:    1280.0 x 720.0
16:11:28.739 [JavaFX Application Thread] DEBUG PrimaryStageWindow   - Scaled ratio: (1.0, 1.0)
16:11:28.739 [JavaFX Application Thread] DEBUG PrimaryStageWindow   - Set initial scene to FXGLStartupScene
16:11:28.743 [JavaFX Application Thread] DEBUG PrimaryStageWindow   - Opening main window
16:11:28.803 [JavaFX Application Thread] DEBUG PrimaryStageWindow   - Window border size: (14.4000244140625, 37.5999755859375)
16:11:28.803 [JavaFX Application Thread] DEBUG PrimaryStageWindow   - Scaled size: 1280.0 x 720.0
16:11:28.803 [JavaFX Application Thread] DEBUG PrimaryStageWindow   - Scaled ratio: (1.0, 1.0)
16:11:28.803 [JavaFX Application Thread] DEBUG PrimaryStageWindow   - Scene size: 1280.0 x 720.0
16:11:28.803 [JavaFX Application Thread] DEBUG PrimaryStageWindow   - Stage size: 1294.4000244140625 x 757.5999755859375
16:11:28.810 [FXGL Background Thread 1 ] DEBUG Engine               - Initializing environment variables
16:11:28.842 [FXGL Background Thread 1 ] DEBUG FXGLAssetLoaderServi - User app class for loading assets: class com.sunsofgod.PlatformerApp
16:11:28.843 [FXGL Background Thread 1 ] DEBUG GameApplicationServi - Applying CSS: fxgl_dark.css
16:11:28.843 [FXGL Background Thread 1 ] DEBUG FXGLAssetLoaderServi - Loading from file system: jar:file:///C:/Users/jamie/.m2/repository/com/github/almasb/fxgl/17.2/fxgl-17.2.jar!/fxglassets/ui/css/fxgl_dark.css
16:11:28.876 [FXGL Background Thread 1 ] DEBUG GameApplicationServi - Initializing application scenes
16:11:28.910 [FXGL Background Thread 1 ] WARN  FXGLAssetLoaderServi - Asset "/assets/textures/player.png" was not found!
16:11:28.910 [FXGL Background Thread 1 ] WARN  FXGLAssetLoaderServi - Failed to load IMAGE
16:11:28.937 [FXGL Background Thread 1 ] DEBUG GameWorld            - Game world initialized
16:11:28.968 [FXGL Background Thread 1 ] DEBUG PhysicsWorld         - Physics world initialized: appHeight=720, physics.ppm=50.0
16:11:28.969 [FXGL Background Thread 1 ] DEBUG PhysicsWorld         - Using strategy: BRUTE_FORCE
16:11:28.971 [FXGL Background Thread 1 ] DEBUG GameScene            - Game scene initialized: 1280x720
16:11:29.136 [FXGL Background Thread 1 ] DEBUG GameApplicationServi - Application scenes initialized
16:11:29.146 [FXGL Background Thread 1 ] DEBUG SystemBundleService  - Loading FXGL system data
16:11:29.149 [FXGL Background Thread 1 ] DEBUG FileSystemAccess     - Reading from: C:\Users\jamie\OneDrive\Pictures\JavaFXGame\system\fxgl.bundle
16:11:29.157 [FXGL Background Thread 1 ] DEBUG SystemBundleService  - Bundle FXGL: {}
16:11:29.157 [FXGL Background Thread 1 ] DEBUG UpdaterService       - Checking for updates
16:11:29.179 [FXGL Background Thread 4 ] DEBUG FXGLApplication      - Loading fonts
16:11:29.179 [FXGL Background Thread 1 ] DEBUG FXGLApplication      - Loading default localization
16:11:29.179 [FXGL Background Thread 4 ] DEBUG FXGLAssetLoaderServi - Loading from file system: jar:file:///C:/Users/jamie/.m2/repository/com/github/almasb/fxgl/17.2/fxgl-17.2.jar!/fxglassets/ui/fonts/VarelaRound-Regular.ttf
16:11:29.180 [FXGL Background Thread 1 ] DEBUG FXGLAssetLoaderServi - Loading from file system: jar:file:///C:/Users/jamie/.m2/repository/com/github/almasb/fxgl/17.2/fxgl-17.2.jar!/fxglassets/languages/english.lang
16:11:29.192 [FXGL Background Thread 1 ] INFO  FXGLApplication      - FXGL initialization took: 0.381 sec
16:11:29.192 [JavaFX Application Thread] DEBUG FXGLAssetLoaderServi - Loading from file system: jar:file:///C:/Users/jamie/.m2/repository/com/github/almasb/fxgl/17.2/fxgl-17.2.jar!/fxglassets/textures/fxgl_icon.png
16:11:29.205 [JavaFX Application Thread] DEBUG FXGLAssetLoaderServi - Loading from file system: jar:file:///C:/Users/jamie/.m2/repository/com/github/almasb/fxgl/17.2/fxgl-17.2.jar!/fxglassets/textures/fxgl_default_cursor.png
16:11:29.205 [FXGL Background Thread 4 ] DEBUG FXGLAssetLoaderServi - Loading from file system: jar:file:///C:/Users/jamie/.m2/repository/com/github/almasb/fxgl/17.2/fxgl-17.2.jar!/fxglassets/ui/fonts/Abel-Regular.ttf
16:11:29.208 [FXGL Background Thread 4 ] DEBUG FXGLAssetLoaderServi - Loading from file system: jar:file:///C:/Users/jamie/.m2/repository/com/github/almasb/fxgl/17.2/fxgl-17.2.jar!/fxglassets/ui/fonts/TerminalLandMono-Regular.otf
16:11:29.211 [FXGL Background Thread 4 ] DEBUG FXGLAssetLoaderServi - Loading from file system: jar:file:///C:/Users/jamie/.m2/repository/com/github/almasb/fxgl/17.2/fxgl-17.2.jar!/fxglassets/ui/fonts/Courier-Prime.ttf
16:11:29.213 [JavaFX Application Thread] DEBUG Input                - Registered new binding: Screenshot - CTRL+8
16:11:29.213 [JavaFX Application Thread] DEBUG Input                - Registered new binding: Dev Options - 1
16:11:29.215 [JavaFX Application Thread] DEBUG Input                - Registered new binding: Dev Console - 2
16:11:29.215 [JavaFX Application Thread] DEBUG Input                - Registered new binding: System info dump - CTRL+9
16:11:29.215 [JavaFX Application Thread] DEBUG Input                - Registered new binding: Restart - CTRL+R
16:11:29.215 [JavaFX Application Thread] DEBUG Input                - Registered new binding: Toggle Debug Camera - CTRL+7
16:11:29.218 [JavaFX Application Thread] DEBUG LoopRunner           - Starting loop
16:11:29.229 [JavaFX Application Thread] DEBUG LoopRunner           - Initializing JavaFX AnimationTimerLoop
16:11:29.232 [JavaFX Application Thread] DEBUG Input                - Clearing active input actions
16:11:29.237 [JavaFX Application Thread] DEBUG GameApplicationServi - Removing overlay from FXGLStartupScene and adding to FXGLMainMenuDummyScene
16:11:29.240 [JavaFX Application Thread] DEBUG PrimaryStageWindow   - FXGLStartupScene -> FXGLMainMenuDummyScene
16:11:29.240 [JavaFX Application Thread] DEBUG PrimaryStageWindow   - Push state: RiderMainMenuScene
16:11:29.240 [JavaFX Application Thread] DEBUG Input                - Clearing active input actions
16:11:29.245 [JavaFX Application Thread] DEBUG GameApplicationServi - Removing overlay from FXGLMainMenuDummyScene and adding to RiderMainMenuScene
16:11:29.245 [JavaFX Application Thread] DEBUG PrimaryStageWindow   - FXGLMainMenuDummyScene -> RiderMainMenuScene
16:11:29.372 [JavaFX Application Thread] DEBUG FXGLApplication      - Registering font factories with UI factory
16:11:29.519 [FXGL Background Thread 2 ] INFO  UpdaterService       - Your current version:  17.2
16:11:29.519 [FXGL Background Thread 2 ] INFO  UpdaterService       - Latest stable version: 21.1
16:11:30.739 [JavaFX Application Thread] DEBUG PrimaryStageWindow   - Push state: PlayerSelectScene
16:11:30.740 [JavaFX Application Thread] DEBUG Input                - Clearing active input actions
16:11:30.740 [JavaFX Application Thread] DEBUG GameApplicationServi - Removing overlay from RiderMainMenuScene and adding to PlayerSelectScene
16:11:30.741 [JavaFX Application Thread] DEBUG PrimaryStageWindow   - RiderMainMenuScene -> PlayerSelectScene
16:11:32.084 [JavaFX Application Thread] DEBUG PrimaryStageWindow   - Push state: LevelSelectScene
16:11:32.084 [JavaFX Application Thread] DEBUG Input                - Clearing active input actions
16:11:32.085 [JavaFX Application Thread] DEBUG GameApplicationServi - Removing overlay from PlayerSelectScene and adding to LevelSelectScene
16:11:32.086 [JavaFX Application Thread] DEBUG PrimaryStageWindow   - PlayerSelectScene -> LevelSelectScene
16:11:32.179 [FXGL Background Thread 3 ] DEBUG Engine               - Logging environment variables
16:11:32.179 [FXGL Background Thread 3 ] DEBUG Engine               - achievements: []
16:11:32.179 [FXGL Background Thread 3 ] DEBUG Engine               - actualHeight: 720.0
16:11:32.179 [FXGL Background Thread 3 ] DEBUG Engine               - actualHeightProperty: ReadOnlyDoubleProperty [value: 720.0]
16:11:32.179 [FXGL Background Thread 3 ] DEBUG Engine               - actualWidth: 1280.0
16:11:32.179 [FXGL Background Thread 3 ] DEBUG Engine               - actualWidthProperty: ReadOnlyDoubleProperty [value: 1280.0]
16:11:32.179 [FXGL Background Thread 3 ] DEBUG Engine               - appIcon: fxgl_icon.png
16:11:32.179 [FXGL Background Thread 3 ] DEBUG Engine               - applicationMode: DEVELOPER
16:11:32.179 [FXGL Background Thread 3 ] DEBUG Engine               - cSSList: [fxgl_dark.css]
16:11:32.179 [FXGL Background Thread 3 ] DEBUG Engine               - collisionDetectionStrategy: BRUTE_FORCE
16:11:32.180 [FXGL Background Thread 3 ] DEBUG Engine               - configClass: Optional.empty
16:11:32.180 [FXGL Background Thread 3 ] DEBUG Engine               - credits: []
16:11:32.181 [FXGL Background Thread 3 ] DEBUG Engine               - defaultCursor: CursorInfo(imageName=fxgl_default_cursor.png, hotspotX=7.0, hotspotY=6.0)
16:11:32.181 [FXGL Background Thread 3 ] DEBUG Engine               - devBBoxColorProperty: ObjectProperty [value: 0xff0000ff]
16:11:32.181 [FXGL Background Thread 3 ] DEBUG Engine               - devEnableDebugCameraProperty: BooleanProperty [value: false]
16:11:32.181 [FXGL Background Thread 3 ] DEBUG Engine               - devSensorColorProperty: ObjectProperty [value: 0xffff00ff]
16:11:32.181 [FXGL Background Thread 3 ] DEBUG Engine               - devShowBBoxProperty: BooleanProperty [value: false]
16:11:32.181 [FXGL Background Thread 3 ] DEBUG Engine               - devShowPositionProperty: BooleanProperty [value: false]
16:11:32.181 [FXGL Background Thread 3 ] DEBUG Engine               - enabledMenuItems: []
16:11:32.181 [FXGL Background Thread 3 ] DEBUG Engine               - engineServices: [class com.almasb.fxgl.app.services.FXGLAssetLoaderService, class com.almasb.fxgl.app.FXGLApplication$GameApplicationService, class com.almasb.fxgl.app.services.FXGLDialogService, class com.almasb.fxgl.app.services.IOTaskExecutorService, class com.almasb.fxgl.io.FileSystemService, class com.almasb.fxgl.localization.LocalizationService, class com.almasb.fxgl.app.services.SystemBundleService, class com.almasb.fxgl.profile.SaveLoadService, class com.almasb.fxgl.ui.FXGLUIFactoryServiceProvider, class com.almasb.fxgl.ui.FXGLDialogFactoryServiceProvider, class com.almasb.fxgl.audio.AudioPlayer, class com.almasb.fxgl.notification.impl.NotificationServiceProvider, class com.almasb.fxgl.achievement.AchievementService, class com.almasb.fxgl.cutscene.CutsceneService, class com.almasb.fxgl.minigames.MiniGameService, class com.almasb.fxgl.net.NetService, class com.almasb.fxgl.app.services.UpdaterService, class com.almasb.fxgl.dev.DevService]
16:11:32.181 [FXGL Background Thread 3 ] DEBUG Engine               - fontGame: Abel-Regular.ttf
16:11:32.181 [FXGL Background Thread 3 ] DEBUG Engine               - fontMono: TerminalLandMono-Regular.otf
16:11:32.181 [FXGL Background Thread 3 ] DEBUG Engine               - fontText: Courier-Prime.ttf
16:11:32.181 [FXGL Background Thread 3 ] DEBUG Engine               - fontUI: VarelaRound-Regular.ttf
16:11:32.182 [FXGL Background Thread 3 ] DEBUG Engine               - fullScreen: BooleanProperty [value: false]
16:11:32.182 [FXGL Background Thread 3 ] DEBUG Engine               - gameDifficulty: MEDIUM
16:11:32.182 [FXGL Background Thread 3 ] DEBUG Engine               - gameDifficultyProperty: ObjectProperty [value: MEDIUM]
16:11:32.182 [FXGL Background Thread 3 ] DEBUG Engine               - globalMusicVolume: 0.5
16:11:32.182 [FXGL Background Thread 3 ] DEBUG Engine               - globalMusicVolumeProperty: DoubleProperty [value: 0.25]
16:11:32.182 [FXGL Background Thread 3 ] DEBUG Engine               - globalSoundVolume: 0.5
16:11:32.182 [FXGL Background Thread 3 ] DEBUG Engine               - globalSoundVolumeProperty: DoubleProperty [value: 0.5]
16:11:32.182 [FXGL Background Thread 3 ] DEBUG Engine               - height: 720
16:11:32.182 [FXGL Background Thread 3 ] DEBUG Engine               - is3D: false
16:11:32.182 [FXGL Background Thread 3 ] DEBUG Engine               - isAndroid: false
16:11:32.182 [FXGL Background Thread 3 ] DEBUG Engine               - isBrowser: false
16:11:32.182 [FXGL Background Thread 3 ] DEBUG Engine               - isClickFeedbackEnabled: false
16:11:32.182 [FXGL Background Thread 3 ] DEBUG Engine               - isCloseConfirmation: false
16:11:32.182 [FXGL Background Thread 3 ] DEBUG Engine               - isDesktop: true
16:11:32.183 [FXGL Background Thread 3 ] DEBUG Engine               - isDeveloperMenuEnabled: true
16:11:32.183 [FXGL Background Thread 3 ] DEBUG Engine               - isEmbedded: false
16:11:32.183 [FXGL Background Thread 3 ] DEBUG Engine               - isEntityPreloadEnabled: true
16:11:32.183 [FXGL Background Thread 3 ] DEBUG Engine               - isExperimentalTiledLargeMap: false
16:11:32.183 [FXGL Background Thread 3 ] DEBUG Engine               - isFileSystemWriteAllowed: true
16:11:32.183 [FXGL Background Thread 3 ] DEBUG Engine               - isFullScreenAllowed: false
16:11:32.183 [FXGL Background Thread 3 ] DEBUG Engine               - isFullScreenFromStart: false
16:11:32.183 [FXGL Background Thread 3 ] DEBUG Engine               - isGameMenuEnabled: true
16:11:32.183 [FXGL Background Thread 3 ] DEBUG Engine               - isIOS: false
16:11:32.183 [FXGL Background Thread 3 ] DEBUG Engine               - isIntroEnabled: false
16:11:32.183 [FXGL Background Thread 3 ] DEBUG Engine               - isLinux: false
16:11:32.183 [FXGL Background Thread 3 ] DEBUG Engine               - isMac: false
16:11:32.183 [FXGL Background Thread 3 ] DEBUG Engine               - isMainMenuEnabled: true
16:11:32.183 [FXGL Background Thread 3 ] DEBUG Engine               - isManualResizeEnabled: false
16:11:32.183 [FXGL Background Thread 3 ] DEBUG Engine               - isMobile: false
16:11:32.183 [FXGL Background Thread 3 ] DEBUG Engine               - isNative: false
16:11:32.183 [FXGL Background Thread 3 ] DEBUG Engine               - isPauseMusicWhenMinimized: true
16:11:32.183 [FXGL Background Thread 3 ] DEBUG Engine               - isPreserveResizeRatio: false
16:11:32.183 [FXGL Background Thread 3 ] DEBUG Engine               - isProfilingEnabled: false
16:11:32.183 [FXGL Background Thread 3 ] DEBUG Engine               - isScaleAffectedOnResize: true
16:11:32.183 [FXGL Background Thread 3 ] DEBUG Engine               - isSingleStep: false
16:11:32.183 [FXGL Background Thread 3 ] DEBUG Engine               - isUserProfileEnabled: false
16:11:32.183 [FXGL Background Thread 3 ] DEBUG Engine               - isWindows: true
16:11:32.183 [FXGL Background Thread 3 ] DEBUG Engine               - language: ObjectProperty [value: ENGLISH]
16:11:32.183 [FXGL Background Thread 3 ] DEBUG Engine               - menuKey: ESCAPE
16:11:32.183 [FXGL Background Thread 3 ] DEBUG Engine               - mouseSensitivity: 0.2
16:11:32.183 [FXGL Background Thread 3 ] DEBUG Engine               - notificationViewClass: class com.almasb.fxgl.notification.view.XboxNotificationView
16:11:32.184 [FXGL Background Thread 3 ] DEBUG Engine               - pixelsPerMeter: 50.0
16:11:32.184 [FXGL Background Thread 3 ] DEBUG Engine               - platform: WINDOWS
16:11:32.184 [FXGL Background Thread 3 ] DEBUG Engine               - prefHeightProperty: ReadOnlyDoubleProperty [value: 720.0]
16:11:32.184 [FXGL Background Thread 3 ] DEBUG Engine               - prefWidthProperty: ReadOnlyDoubleProperty [value: 1280.0]
16:11:32.184 [FXGL Background Thread 3 ] DEBUG Engine               - profileDir: profiles/
16:11:32.184 [FXGL Background Thread 3 ] DEBUG Engine               - profileName: StringProperty [value: DEFAULT]
16:11:32.184 [FXGL Background Thread 3 ] DEBUG Engine               - randomSeed: -1
16:11:32.184 [FXGL Background Thread 3 ] DEBUG Engine               - runtimeInfo: RuntimeInfo(platform=WINDOWS, version=17.2, build=20.08.2022 16.50)
16:11:32.184 [FXGL Background Thread 3 ] DEBUG Engine               - saveFileExt: sav
16:11:32.184 [FXGL Background Thread 3 ] DEBUG Engine               - scaledHeightProp$fxgl: DoubleProperty [bound, value: 720.0]
16:11:32.184 [FXGL Background Thread 3 ] DEBUG Engine               - scaledWidthProp$fxgl: DoubleProperty [bound, value: 1280.0]
16:11:32.184 [FXGL Background Thread 3 ] DEBUG Engine               - sceneFactory: com.sunsofgod.PlatformerApp$1@161ef0d3
16:11:32.184 [FXGL Background Thread 3 ] DEBUG Engine               - secondsIn24h: 60
16:11:32.184 [FXGL Background Thread 3 ] DEBUG Engine               - soundMenuBack: menu/back.wav
16:11:32.184 [FXGL Background Thread 3 ] DEBUG Engine               - soundMenuPress: menu/press.wav
16:11:32.184 [FXGL Background Thread 3 ] DEBUG Engine               - soundMenuSelect: menu/select.wav
16:11:32.184 [FXGL Background Thread 3 ] DEBUG Engine               - soundNotification: core/notification.wav
16:11:32.184 [FXGL Background Thread 3 ] DEBUG Engine               - stageStyle: DECORATED
16:11:32.184 [FXGL Background Thread 3 ] DEBUG Engine               - supportedLanguages: [ENGLISH, FRENCH, GERMAN, HUNGARIAN, RUSSIAN]
16:11:32.184 [FXGL Background Thread 3 ] DEBUG Engine               - ticksPerSecond: -1
16:11:32.184 [FXGL Background Thread 3 ] DEBUG Engine               - title: Untitled
16:11:32.185 [FXGL Background Thread 3 ] DEBUG Engine               - urlGithub: https://github.com/AlmasB/FXGL
16:11:32.185 [FXGL Background Thread 3 ] DEBUG Engine               - urlLeaderboard: http://fxgl-top.herokuapp.com/
16:11:32.185 [FXGL Background Thread 3 ] DEBUG Engine               - urlPOM: https://raw.githubusercontent.com/AlmasB/FXGL/release/README.md
16:11:32.185 [FXGL Background Thread 3 ] DEBUG Engine               - userAppClass: class com.sunsofgod.PlatformerApp
16:11:32.185 [FXGL Background Thread 3 ] DEBUG Engine               - version: 0.0
16:11:32.185 [FXGL Background Thread 3 ] DEBUG Engine               - versionCheckDays: 7
16:11:32.185 [FXGL Background Thread 3 ] DEBUG Engine               - width: 1280
16:11:32.185 [FXGL Background Thread 3 ] DEBUG Engine               - Logging services
16:11:32.185 [FXGL Background Thread 3 ] DEBUG Engine               - class com.almasb.fxgl.app.services.FXGLAssetLoaderService
16:11:32.185 [FXGL Background Thread 3 ] DEBUG Engine               - class com.almasb.fxgl.app.FXGLApplication$GameApplicationService
16:11:32.185 [FXGL Background Thread 3 ] DEBUG Engine               - class com.almasb.fxgl.app.services.FXGLDialogService
16:11:32.185 [FXGL Background Thread 3 ] DEBUG Engine               - class com.almasb.fxgl.app.services.IOTaskExecutorService
16:11:32.185 [FXGL Background Thread 3 ] DEBUG Engine               - class com.almasb.fxgl.io.FileSystemService
16:11:32.185 [FXGL Background Thread 3 ] DEBUG Engine               - class com.almasb.fxgl.localization.LocalizationService
16:11:32.185 [FXGL Background Thread 3 ] DEBUG Engine               - class com.almasb.fxgl.app.services.SystemBundleService
16:11:32.185 [FXGL Background Thread 3 ] DEBUG Engine               - class com.almasb.fxgl.profile.SaveLoadService
16:11:32.185 [FXGL Background Thread 3 ] DEBUG Engine               - class com.almasb.fxgl.ui.FXGLUIFactoryServiceProvider
16:11:32.185 [FXGL Background Thread 3 ] DEBUG Engine               - class com.almasb.fxgl.ui.FXGLDialogFactoryServiceProvider
16:11:32.185 [FXGL Background Thread 3 ] DEBUG Engine               - class com.almasb.fxgl.audio.AudioPlayer
16:11:32.185 [FXGL Background Thread 3 ] DEBUG Engine               - class com.almasb.fxgl.notification.impl.NotificationServiceProvider
16:11:32.185 [FXGL Background Thread 3 ] DEBUG Engine               - class com.almasb.fxgl.achievement.AchievementService
16:11:32.185 [FXGL Background Thread 3 ] DEBUG Engine               - class com.almasb.fxgl.cutscene.CutsceneService
16:11:32.185 [FXGL Background Thread 3 ] DEBUG Engine               - class com.almasb.fxgl.minigames.MiniGameService
16:11:32.185 [FXGL Background Thread 3 ] DEBUG Engine               - class com.almasb.fxgl.net.NetService
16:11:32.185 [FXGL Background Thread 3 ] DEBUG Engine               - class com.almasb.fxgl.app.services.UpdaterService
16:11:32.185 [FXGL Background Thread 3 ] DEBUG Engine               - class com.almasb.fxgl.dev.DevService
16:11:33.096 [JavaFX Application Thread] DEBUG Menu                 - fireNewGame()
16:11:33.096 [JavaFX Application Thread] DEBUG GameApplicationServi - Starting new game
16:11:33.097 [JavaFX Application Thread] DEBUG PrimaryStageWindow   - Pop state: LevelSelectScene
16:11:33.097 [JavaFX Application Thread] DEBUG Input                - Clearing active input actions
16:11:33.097 [JavaFX Application Thread] DEBUG GameApplicationServi - Removing overlay from LevelSelectScene and adding to PlayerSelectScene
16:11:33.098 [JavaFX Application Thread] DEBUG PrimaryStageWindow   - PlayerSelectScene <- LevelSelectScene
16:11:33.098 [JavaFX Application Thread] DEBUG PrimaryStageWindow   - Pop state: PlayerSelectScene
16:11:33.098 [JavaFX Application Thread] DEBUG Input                - Clearing active input actions
16:11:33.099 [JavaFX Application Thread] DEBUG GameApplicationServi - Removing overlay from PlayerSelectScene and adding to RiderMainMenuScene
16:11:33.099 [JavaFX Application Thread] DEBUG PrimaryStageWindow   - RiderMainMenuScene <- PlayerSelectScene
16:11:33.099 [JavaFX Application Thread] DEBUG PrimaryStageWindow   - Pop state: RiderMainMenuScene
16:11:33.099 [JavaFX Application Thread] DEBUG Input                - Clearing active input actions
16:11:33.099 [JavaFX Application Thread] DEBUG GameApplicationServi - Removing overlay from RiderMainMenuScene and adding to FXGLMainMenuDummyScene
16:11:33.100 [JavaFX Application Thread] DEBUG PrimaryStageWindow   - FXGLMainMenuDummyScene <- RiderMainMenuScene
16:11:33.100 [JavaFX Application Thread] DEBUG Input                - Clearing active input actions
16:11:33.104 [JavaFX Application Thread] DEBUG GameApplicationServi - Removing overlay from FXGLMainMenuDummyScene and adding to MainLoadingScene
16:11:33.104 [JavaFX Application Thread] DEBUG PrimaryStageWindow   - FXGLMainMenuDummyScene -> MainLoadingScene
16:11:33.104 [JavaFX Application Thread] DEBUG GameApplicationServi - Clearing previous game
16:11:33.104 [JavaFX Application Thread] DEBUG GameScene            - Clearing game scene
16:11:33.104 [JavaFX Application Thread] DEBUG GameWorld            - Clearing game world
16:11:33.104 [JavaFX Application Thread] DEBUG PhysicsWorld         - Clearing physics world
16:11:33.104 [FXGL Background Thread 2 ] DEBUG FXGLApplication      - Initializing game
16:11:33.130 [FXGL Background Thread 2 ] WARN  TMXLevelLoader       - TiledMap generated from 1.11.0. Supported version: 1.9.0. Some features may not be parsed fully.
16:11:33.139 [FXGL Background Thread 2 ] DEBUG TMXLevelLoader       - Parsed TiledMap: file:/C:/Users/jamie/OneDrive/Pictures/JavaFXGame/target/classes/assets/levels/tmx/level1.tmx
16:11:33.140 [FXGL Background Thread 2 ] DEBUG TMXLevelLoader       - Creating tile layer entities
16:11:33.141 [FXGL Background Thread 2 ] DEBUG TilesetLoader        - Loading view for layer Tile Layer 1
16:11:33.143 [FXGL Background Thread 2 ] DEBUG TilesetLoader        - Created buffer with size 2450.0x700.0
16:11:33.158 [FXGL Background Thread 2 ] DEBUG TMXLevelLoader       - Creating object layer entities
16:11:33.174 [FXGL Background Thread 2 ] DEBUG FXGLAssetLoaderServi - Loading from file system: file:/C:/Users/jamie/OneDrive/Pictures/JavaFXGame/target/classes/assets/textures/button.png
16:11:33.183 [FXGL Background Thread 2 ] DEBUG GameWorld            - Clearing removable entities
16:11:33.183 [FXGL Background Thread 2 ] DEBUG GameWorld            - Setting level: com.almasb.fxgl.entity.level.Level@5f37219b
16:11:33.190 [FXGL Background Thread 2 ] DEBUG FXGLAssetLoaderServi - Loading from file system: file:/C:/Users/jamie/OneDrive/Pictures/JavaFXGame/target/classes/assets/textures/player2.png
16:11:33.196 [FXGL Background Thread 2 ] DEBUG Input                - Clearing active input actions
16:11:33.196 [FXGL Background Thread 2 ] DEBUG Input                - Registered new binding: Jump0 - W
16:11:33.197 [FXGL Background Thread 2 ] DEBUG Input                - Registered new binding: Left0 - A
16:11:33.197 [FXGL Background Thread 2 ] DEBUG Input                - Registered new binding: Right0 - D
16:11:33.197 [FXGL Background Thread 2 ] DEBUG Input                - Registered new binding: Use0 - E
16:11:33.199 [FXGL Background Thread 2 ] DEBUG FXGLAssetLoaderServi - Loading from file system: file:/C:/Users/jamie/OneDrive/Pictures/JavaFXGame/target/classes/assets/textures/background/manila.png
16:11:33.216 [FXGL Background Thread 2 ] INFO  FXGLApplication      - Game initialization took: 0.111 sec
16:11:33.217 [JavaFX Application Thread] DEBUG Input                - Clearing active input actions
16:11:33.221 [JavaFX Application Thread] DEBUG GameApplicationServi - Removing overlay from MainLoadingScene and adding to GameScene
16:11:33.222 [JavaFX Application Thread] DEBUG PrimaryStageWindow   - MainLoadingScene -> GameScene
16:11:35.745 [JavaFX Application Thread] DEBUG FXGLAssetLoaderServi - Loading from file system: file:/C:/Users/jamie/OneDrive/Pictures/JavaFXGame/target/classes/assets/sounds/jump.wav
16:11:40.205 [JavaFX Application Thread] DEBUG PrimaryStageWindow   - Push state: LevelCompletionScene
16:11:40.205 [JavaFX Application Thread] DEBUG Input                - Clearing active input actions
16:11:40.205 [JavaFX Application Thread] DEBUG GameApplicationServi - Removing overlay from GameScene and adding to LevelCompletionScene
16:11:40.206 [JavaFX Application Thread] DEBUG PrimaryStageWindow   - GameScene -> LevelCompletionScene
16:11:42.072 [JavaFX Application Thread] DEBUG PrimaryStageWindow   - Pop state: LevelCompletionScene
16:11:42.072 [JavaFX Application Thread] DEBUG Input                - Clearing active input actions
16:11:42.073 [JavaFX Application Thread] DEBUG GameApplicationServi - Removing overlay from LevelCompletionScene and adding to GameScene
16:11:42.073 [JavaFX Application Thread] DEBUG PrimaryStageWindow   - GameScene <- LevelCompletionScene
16:11:49.030 [JavaFX Application Thread] DEBUG PrimaryStageWindow   - Push state: LevelCompletionScene
16:11:49.030 [JavaFX Application Thread] DEBUG Input                - Clearing active input actions
16:11:49.030 [JavaFX Application Thread] DEBUG GameApplicationServi - Removing overlay from GameScene and adding to LevelCompletionScene
16:11:49.030 [JavaFX Application Thread] DEBUG PrimaryStageWindow   - GameScene -> LevelCompletionScene
16:11:49.994 [JavaFX Application Thread] DEBUG PrimaryStageWindow   - Pop state: LevelCompletionScene
16:11:49.994 [JavaFX Application Thread] DEBUG Input                - Clearing active input actions
16:11:49.994 [JavaFX Application Thread] DEBUG GameApplicationServi - Removing overlay from LevelCompletionScene and adding to GameScene
16:11:49.995 [JavaFX Application Thread] DEBUG PrimaryStageWindow   - GameScene <- LevelCompletionScene
16:11:56.972 [JavaFX Application Thread] DEBUG PrimaryStageWindow   - Push state: LevelCompletionScene
16:11:56.972 [JavaFX Application Thread] DEBUG Input                - Clearing active input actions
16:11:56.974 [JavaFX Application Thread] DEBUG GameApplicationServi - Removing overlay from GameScene and adding to LevelCompletionScene
16:11:56.974 [JavaFX Application Thread] DEBUG PrimaryStageWindow   - GameScene -> LevelCompletionScene
16:11:57.399 [JavaFX Application Thread] DEBUG FXGLApplication      - Exiting FXGL
16:11:57.399 [JavaFX Application Thread] DEBUG LoopRunner           - Stopping loop
16:11:57.399 [JavaFX Application Thread] DEBUG SystemBundleService  - Saving FXGL system data
16:11:57.401 [JavaFX Application Thread] DEBUG FileSystemAccess     - Writing to: C:\Users\jamie\OneDrive\Pictures\JavaFXGame\system\fxgl.bundle
16:11:57.402 [JavaFX Application Thread] DEBUG Async                - Shutting down background threads
16:11:57.403 [JavaFX Application Thread] DEBUG PrimaryStageWindow   - Closing main window
16:11:57.414 [JavaFX Application Thread] DEBUG Logger               - Closing Logger
