13:55:21.968 [main                     ] DEBUG Logger               - Configured Logger
13:55:21.983 [main                     ] DEBUG GameApplication      - Logging settings
Title: Untitled
Version: 0.0
Width: 1280
Height: 720
Fullscreen: false
Intro: false
Profiling: false
Single step:false
App Mode: DEVELOPER
Menu Key: ESCAPE
Stage Style: DECORATED
Scene Factory: class com.sunsofgod.PlatformerApp$1

13:55:22.243 [JavaFX Application Thread] DEBUG FXGLApplication      - Initializing FXGL
13:55:22.246 [JavaFX Application Thread] INFO  Engine               - FXGL-17.2 (20.08.2022 16.50) on WINDOWS (J:21.0.4 FX:17.0.12)
13:55:22.247 [JavaFX Application Thread] DEBUG Engine               - JRE Vendor Name: Eclipse Adoptium
13:55:22.247 [JavaFX Application Thread] DEBUG Engine               - Running on OS: Windows 11 version 10.0
13:55:22.247 [JavaFX Application Thread] DEBUG Engine               - Architecture: amd64
13:55:22.247 [JavaFX Application Thread] INFO  Engine               - Source code and latest versions at: https://github.com/AlmasB/FXGL
13:55:22.247 [JavaFX Application Thread] INFO  Engine               -       Ask questions and discuss at: https://github.com/AlmasB/FXGL/discussions
13:55:22.247 [JavaFX Application Thread] INFO  Engine               -              Join the FXGL chat at: https://gitter.im/AlmasB/FXGL
13:55:22.305 [JavaFX Application Thread] DEBUG PrimaryStageWindow   - Creating a JavaFX scene
13:55:22.333 [JavaFX Application Thread] DEBUG PrimaryStageWindow   - Target settings size: 1280.0 x 720.0
13:55:22.333 [JavaFX Application Thread] DEBUG PrimaryStageWindow   - Scaled scene size:    1280.0 x 720.0
13:55:22.333 [JavaFX Application Thread] DEBUG PrimaryStageWindow   - Scaled ratio: (1.0, 1.0)
13:55:22.334 [JavaFX Application Thread] DEBUG PrimaryStageWindow   - Set initial scene to FXGLStartupScene
13:55:22.338 [JavaFX Application Thread] DEBUG PrimaryStageWindow   - Opening main window
13:55:22.395 [JavaFX Application Thread] DEBUG PrimaryStageWindow   - Window border size: (16.0, 39.0)
13:55:22.395 [JavaFX Application Thread] DEBUG PrimaryStageWindow   - Scaled size: 1280.0 x 720.0
13:55:22.395 [JavaFX Application Thread] DEBUG PrimaryStageWindow   - Scaled ratio: (1.0, 1.0)
13:55:22.395 [JavaFX Application Thread] DEBUG PrimaryStageWindow   - Scene size: 1280.0 x 720.0
13:55:22.395 [JavaFX Application Thread] DEBUG PrimaryStageWindow   - Stage size: 1296.0 x 759.0
13:55:22.400 [FXGL Background Thread 1 ] DEBUG Engine               - Initializing environment variables
13:55:22.431 [FXGL Background Thread 1 ] DEBUG FXGLAssetLoaderServi - User app class for loading assets: class com.sunsofgod.PlatformerApp
13:55:22.432 [FXGL Background Thread 1 ] DEBUG GameApplicationServi - Applying CSS: fxgl_dark.css
13:55:22.432 [FXGL Background Thread 1 ] DEBUG FXGLAssetLoaderServi - Loading from file system: jar:file:///C:/Users/Balong/.m2/repository/com/github/almasb/fxgl/17.2/fxgl-17.2.jar!/fxglassets/ui/css/fxgl_dark.css
13:55:22.462 [FXGL Background Thread 1 ] DEBUG GameApplicationServi - Initializing application scenes
13:55:22.492 [FXGL Background Thread 1 ] WARN  FXGLAssetLoaderServi - Asset "/assets/textures/player.png" was not found!
13:55:22.493 [FXGL Background Thread 1 ] WARN  FXGLAssetLoaderServi - Failed to load IMAGE
13:55:22.510 [FXGL Background Thread 1 ] DEBUG GameWorld            - Game world initialized
13:55:22.541 [FXGL Background Thread 1 ] DEBUG PhysicsWorld         - Physics world initialized: appHeight=720, physics.ppm=50.0
13:55:22.542 [FXGL Background Thread 1 ] DEBUG PhysicsWorld         - Using strategy: BRUTE_FORCE
13:55:22.544 [FXGL Background Thread 1 ] DEBUG GameScene            - Game scene initialized: 1280x720
13:55:22.705 [JavaFX Application Thread] DEBUG LoopRunner           - Stopping loop
13:55:22.705 [JavaFX Application Thread] DEBUG LoopRunner           - Initializing JavaFX AnimationTimerLoop
13:55:22.707 [JavaFX Application Thread] FATAL FXGLApplication      - Uncaught Exception:
java.lang.NullPointerException: Cannot invoke "java.net.URL.toExternalForm()" because the return value of "java.lang.Class.getResource(String)" is null
	at com.sunsofgod/com.sunsofgod.Scenes.Animation.setCustomCursor(Animation.java:67)
	at com.sunsofgod/com.sunsofgod.Scenes.RiderMainMenuScene.<init>(RiderMainMenuScene.java:203)
	at com.sunsofgod/com.sunsofgod.PlatformerApp$1.newMainMenu(PlatformerApp.java:132)
	at com.almasb.fxgl.all@17.2/com.almasb.fxgl.app.FXGLApplication$GameApplicationService.initAppScenes(FXGLApplication.kt:457)
	at com.almasb.fxgl.all@17.2/com.almasb.fxgl.app.FXGLApplication$GameApplicationService.onInit(FXGLApplication.kt:417)
	at com.almasb.fxgl.all@17.2/com.almasb.fxgl.app.Engine.initServices(Engine.kt:85)
	at com.almasb.fxgl.all@17.2/com.almasb.fxgl.app.FXGLApplication.startImpl$lambda-2(FXGLApplication.kt:138)
	at com.almasb.fxgl.core@17.2/com.almasb.fxgl.core.concurrent.IOTask.lambda$ofVoid$5(IOTask.java:184)
	at com.almasb.fxgl.core@17.2/com.almasb.fxgl.core.concurrent.IOTask$2.onExecute(IOTask.java:197)
	at com.almasb.fxgl.core@17.2/com.almasb.fxgl.core.concurrent.IOTask$1.call(IOTask.java:148)
	at javafx.graphics/javafx.concurrent.Task$TaskCallable.call(Task.java:1426)
	at java.base/java.util.concurrent.FutureTask.run(FutureTask.java:317)
	at java.base/java.util.concurrent.Executors$RunnableAdapter.call(Executors.java:572)
	at java.base/java.util.concurrent.FutureTask.run(FutureTask.java:317)
	at java.base/java.util.concurrent.ThreadPoolExecutor.runWorker(ThreadPoolExecutor.java:1144)
	at java.base/java.util.concurrent.ThreadPoolExecutor$Worker.run(ThreadPoolExecutor.java:642)
	at java.base/java.lang.Thread.run(Thread.java:1583)

13:55:22.708 [JavaFX Application Thread] FATAL FXGLApplication      - Application will now exit
13:55:22.726 [JavaFX Application Thread] DEBUG PrimaryStageWindow   - Push state: ErrorSubScene
13:55:22.726 [JavaFX Application Thread] DEBUG Input                - Clearing active input actions
13:55:22.730 [JavaFX Application Thread] DEBUG GameApplicationServi - Removing overlay from FXGLStartupScene and adding to ErrorSubScene
13:55:22.730 [JavaFX Application Thread] DEBUG PrimaryStageWindow   - FXGLStartupScene -> ErrorSubScene
13:55:25.271 [JavaFX Application Thread] DEBUG FXGLApplication      - Exiting FXGL
13:55:25.271 [JavaFX Application Thread] DEBUG Async                - Shutting down background threads
13:55:25.271 [JavaFX Application Thread] DEBUG PrimaryStageWindow   - Closing main window
13:55:25.280 [JavaFX Application Thread] DEBUG Logger               - Closing Logger
