00:15:32.230 [main                     ] DEBUG Logger               - Configured Logger
00:15:32.251 [main                     ] DEBUG GameApplication      - Logging settings
Title: Untitled
Version: 0.0
Width: 1280
Height: 720
Fullscreen: false
Intro: false
Profiling: false
Single step:false
App Mode: DEVELOPER
Menu Key: ESCAPE
Stage Style: DECORATED
Scene Factory: class com.sunsofgod.PlatformerApp$1

00:15:32.572 [JavaFX Application Thread] DEBUG FXGLApplication      - Initializing FXGL
00:15:32.574 [JavaFX Application Thread] INFO  Engine               - FXGL-17.2 (20.08.2022 16.50) on WINDOWS (J:21.0.4 FX:17.0.12)
00:15:32.575 [JavaFX Application Thread] DEBUG Engine               - JRE Vendor Name: Eclipse Adoptium
00:15:32.575 [JavaFX Application Thread] DEBUG Engine               - Running on OS: Windows 11 version 10.0
00:15:32.575 [JavaFX Application Thread] DEBUG Engine               - Architecture: amd64
00:15:32.575 [JavaFX Application Thread] INFO  Engine               - Source code and latest versions at: https://github.com/AlmasB/FXGL
00:15:32.575 [JavaFX Application Thread] INFO  Engine               -       Ask questions and discuss at: https://github.com/AlmasB/FXGL/discussions
00:15:32.576 [JavaFX Application Thread] INFO  Engine               -              Join the FXGL chat at: https://gitter.im/AlmasB/FXGL
00:15:32.642 [JavaFX Application Thread] DEBUG PrimaryStageWindow   - Creating a JavaFX scene
00:15:32.681 [JavaFX Application Thread] DEBUG PrimaryStageWindow   - Target settings size: 1280.0 x 720.0
00:15:32.681 [JavaFX Application Thread] DEBUG PrimaryStageWindow   - Scaled scene size:    1280.0 x 720.0
00:15:32.681 [JavaFX Application Thread] DEBUG PrimaryStageWindow   - Scaled ratio: (1.0, 1.0)
00:15:32.682 [JavaFX Application Thread] DEBUG PrimaryStageWindow   - Set initial scene to FXGLStartupScene
00:15:32.688 [JavaFX Application Thread] DEBUG PrimaryStageWindow   - Opening main window
00:15:32.752 [JavaFX Application Thread] DEBUG PrimaryStageWindow   - Window border size: (16.0, 39.0)
00:15:32.752 [JavaFX Application Thread] DEBUG PrimaryStageWindow   - Scaled size: 1280.0 x 720.0
00:15:32.753 [JavaFX Application Thread] DEBUG PrimaryStageWindow   - Scaled ratio: (1.0, 1.0)
00:15:32.753 [JavaFX Application Thread] DEBUG PrimaryStageWindow   - Scene size: 1280.0 x 720.0
00:15:32.753 [JavaFX Application Thread] DEBUG PrimaryStageWindow   - Stage size: 1296.0 x 759.0
00:15:32.758 [FXGL Background Thread 1 ] DEBUG Engine               - Initializing environment variables
00:15:32.798 [FXGL Background Thread 1 ] DEBUG FXGLAssetLoaderServi - User app class for loading assets: class com.sunsofgod.PlatformerApp
00:15:32.799 [FXGL Background Thread 1 ] DEBUG GameApplicationServi - Applying CSS: fxgl_dark.css
00:15:32.799 [FXGL Background Thread 1 ] DEBUG FXGLAssetLoaderServi - Loading from file system: jar:file:///C:/Users/user/.m2/repository/com/github/almasb/fxgl/17.2/fxgl-17.2.jar!/fxglassets/ui/css/fxgl_dark.css
00:15:32.833 [FXGL Background Thread 1 ] DEBUG GameApplicationServi - Initializing application scenes
00:15:32.869 [FXGL Background Thread 1 ] WARN  FXGLAssetLoaderServi - Asset "/assets/textures/player.png" was not found!
00:15:32.870 [FXGL Background Thread 1 ] WARN  FXGLAssetLoaderServi - Failed to load IMAGE
00:15:32.888 [FXGL Background Thread 1 ] DEBUG GameWorld            - Game world initialized
00:15:32.928 [FXGL Background Thread 1 ] DEBUG PhysicsWorld         - Physics world initialized: appHeight=720, physics.ppm=50.0
00:15:32.929 [FXGL Background Thread 1 ] DEBUG PhysicsWorld         - Using strategy: BRUTE_FORCE
00:15:32.931 [FXGL Background Thread 1 ] DEBUG GameScene            - Game scene initialized: 1280x720
00:15:33.208 [FXGL Background Thread 1 ] DEBUG FXGL.DefaultMenu     - createMenuBodyGameMenu()
00:15:33.216 [FXGL Background Thread 1 ] DEBUG FXGL.DefaultMenu     - createOptionsMenu()
00:15:33.222 [FXGL Background Thread 1 ] DEBUG FXGLAssetLoaderServi - Loading from file system: jar:file:///C:/Users/user/.m2/repository/com/github/almasb/fxgl/17.2/fxgl-17.2.jar!/fxglassets/textures/particles/smoke.png
00:15:33.267 [FXGL Background Thread 1 ] DEBUG FXGLAssetLoaderServi - Loading from file system: jar:file:///C:/Users/user/.m2/repository/com/github/almasb/fxgl/17.2/fxgl-17.2.jar!/fxglassets/textures/particles/trace_horizontal.png
00:15:33.284 [FXGL Background Thread 1 ] DEBUG GameApplicationServi - Application scenes initialized
00:15:33.294 [FXGL Background Thread 1 ] DEBUG SystemBundleService  - Loading FXGL system data
00:15:33.299 [FXGL Background Thread 1 ] DEBUG FileSystemAccess     - Reading from: C:\Users\user\Desktop\JavaFXGame\system\fxgl.bundle
00:15:33.307 [FXGL Background Thread 1 ] DEBUG SystemBundleService  - Bundle FXGL: {}
00:15:33.307 [FXGL Background Thread 1 ] DEBUG UpdaterService       - Checking for updates
00:15:33.334 [FXGL Background Thread 4 ] DEBUG FXGLApplication      - Loading fonts
00:15:33.334 [FXGL Background Thread 1 ] DEBUG FXGLApplication      - Loading default localization
00:15:33.334 [FXGL Background Thread 4 ] DEBUG FXGLAssetLoaderServi - Loading from file system: jar:file:///C:/Users/user/.m2/repository/com/github/almasb/fxgl/17.2/fxgl-17.2.jar!/fxglassets/ui/fonts/VarelaRound-Regular.ttf
00:15:33.334 [FXGL Background Thread 1 ] DEBUG FXGLAssetLoaderServi - Loading from file system: jar:file:///C:/Users/user/.m2/repository/com/github/almasb/fxgl/17.2/fxgl-17.2.jar!/fxglassets/languages/english.lang
00:15:33.348 [FXGL Background Thread 1 ] INFO  FXGLApplication      - FXGL initialization took: 0.589 sec
00:15:33.348 [JavaFX Application Thread] DEBUG FXGLAssetLoaderServi - Loading from file system: jar:file:///C:/Users/user/.m2/repository/com/github/almasb/fxgl/17.2/fxgl-17.2.jar!/fxglassets/textures/fxgl_icon.png
00:15:33.363 [JavaFX Application Thread] DEBUG FXGLAssetLoaderServi - Loading from file system: jar:file:///C:/Users/user/.m2/repository/com/github/almasb/fxgl/17.2/fxgl-17.2.jar!/fxglassets/textures/fxgl_default_cursor.png
00:15:33.365 [FXGL Background Thread 4 ] DEBUG FXGLAssetLoaderServi - Loading from file system: jar:file:///C:/Users/user/.m2/repository/com/github/almasb/fxgl/17.2/fxgl-17.2.jar!/fxglassets/ui/fonts/Abel-Regular.ttf
00:15:33.369 [FXGL Background Thread 4 ] DEBUG FXGLAssetLoaderServi - Loading from file system: jar:file:///C:/Users/user/.m2/repository/com/github/almasb/fxgl/17.2/fxgl-17.2.jar!/fxglassets/ui/fonts/TerminalLandMono-Regular.otf
00:15:33.372 [JavaFX Application Thread] DEBUG Input                - Registered new binding: Screenshot - CTRL+8
00:15:33.372 [JavaFX Application Thread] DEBUG Input                - Registered new binding: Dev Options - 1
00:15:33.373 [JavaFX Application Thread] DEBUG Input                - Registered new binding: Dev Console - 2
00:15:33.373 [FXGL Background Thread 4 ] DEBUG FXGLAssetLoaderServi - Loading from file system: jar:file:///C:/Users/user/.m2/repository/com/github/almasb/fxgl/17.2/fxgl-17.2.jar!/fxglassets/ui/fonts/Courier-Prime.ttf
00:15:33.373 [JavaFX Application Thread] DEBUG Input                - Registered new binding: System info dump - CTRL+9
00:15:33.374 [JavaFX Application Thread] DEBUG Input                - Registered new binding: Restart - CTRL+R
00:15:33.374 [JavaFX Application Thread] DEBUG Input                - Registered new binding: Toggle Debug Camera - CTRL+7
00:15:33.376 [JavaFX Application Thread] DEBUG LoopRunner           - Starting loop
00:15:33.387 [JavaFX Application Thread] DEBUG LoopRunner           - Initializing JavaFX AnimationTimerLoop
00:15:33.388 [JavaFX Application Thread] DEBUG Input                - Clearing active input actions
00:15:33.396 [JavaFX Application Thread] DEBUG GameApplicationServi - Removing overlay from FXGLStartupScene and adding to FXGLMainMenuDummyScene
00:15:33.400 [JavaFX Application Thread] DEBUG PrimaryStageWindow   - FXGLStartupScene -> FXGLMainMenuDummyScene
00:15:33.401 [JavaFX Application Thread] DEBUG PrimaryStageWindow   - Push state: RiderMainMenuScene
00:15:33.401 [JavaFX Application Thread] DEBUG Input                - Clearing active input actions
00:15:33.405 [JavaFX Application Thread] DEBUG GameApplicationServi - Removing overlay from FXGLMainMenuDummyScene and adding to RiderMainMenuScene
00:15:33.406 [JavaFX Application Thread] DEBUG PrimaryStageWindow   - FXGLMainMenuDummyScene -> RiderMainMenuScene
00:15:33.541 [JavaFX Application Thread] DEBUG FXGLApplication      - Registering font factories with UI factory
00:15:33.672 [FXGL Background Thread 2 ] INFO  UpdaterService       - Your current version:  17.2
00:15:33.672 [FXGL Background Thread 2 ] INFO  UpdaterService       - Latest stable version: 21.1
00:15:34.100 [JavaFX Application Thread] DEBUG PrimaryStageWindow   - Push state: PlayerSelectScene
00:15:34.100 [JavaFX Application Thread] DEBUG Input                - Clearing active input actions
00:15:34.100 [JavaFX Application Thread] DEBUG GameApplicationServi - Removing overlay from RiderMainMenuScene and adding to PlayerSelectScene
00:15:34.102 [JavaFX Application Thread] DEBUG PrimaryStageWindow   - RiderMainMenuScene -> PlayerSelectScene
00:15:34.862 [JavaFX Application Thread] DEBUG PrimaryStageWindow   - Pop state: PlayerSelectScene
00:15:34.862 [JavaFX Application Thread] DEBUG Input                - Clearing active input actions
00:15:34.863 [JavaFX Application Thread] DEBUG GameApplicationServi - Removing overlay from PlayerSelectScene and adding to RiderMainMenuScene
00:15:34.865 [JavaFX Application Thread] DEBUG PrimaryStageWindow   - RiderMainMenuScene <- PlayerSelectScene
00:15:35.155 [JavaFX Application Thread] DEBUG PrimaryStageWindow   - Push state: LevelSelectScene
00:15:35.156 [JavaFX Application Thread] DEBUG Input                - Clearing active input actions
00:15:35.156 [JavaFX Application Thread] DEBUG GameApplicationServi - Removing overlay from RiderMainMenuScene and adding to LevelSelectScene
00:15:35.157 [JavaFX Application Thread] DEBUG PrimaryStageWindow   - RiderMainMenuScene -> LevelSelectScene
00:15:35.768 [JavaFX Application Thread] DEBUG Menu                 - fireNewGame()
00:15:35.768 [JavaFX Application Thread] DEBUG GameApplicationServi - Starting new game
00:15:35.768 [JavaFX Application Thread] DEBUG PrimaryStageWindow   - Pop state: LevelSelectScene
00:15:35.768 [JavaFX Application Thread] DEBUG Input                - Clearing active input actions
00:15:35.769 [JavaFX Application Thread] DEBUG GameApplicationServi - Removing overlay from LevelSelectScene and adding to RiderMainMenuScene
00:15:35.769 [JavaFX Application Thread] DEBUG PrimaryStageWindow   - RiderMainMenuScene <- LevelSelectScene
00:15:35.769 [JavaFX Application Thread] DEBUG PrimaryStageWindow   - Pop state: RiderMainMenuScene
00:15:35.769 [JavaFX Application Thread] DEBUG Input                - Clearing active input actions
00:15:35.769 [JavaFX Application Thread] DEBUG GameApplicationServi - Removing overlay from RiderMainMenuScene and adding to FXGLMainMenuDummyScene
00:15:35.769 [JavaFX Application Thread] DEBUG PrimaryStageWindow   - FXGLMainMenuDummyScene <- RiderMainMenuScene
00:15:35.769 [JavaFX Application Thread] DEBUG Input                - Clearing active input actions
00:15:35.774 [JavaFX Application Thread] DEBUG GameApplicationServi - Removing overlay from FXGLMainMenuDummyScene and adding to MainLoadingScene
00:15:35.777 [JavaFX Application Thread] DEBUG PrimaryStageWindow   - FXGLMainMenuDummyScene -> MainLoadingScene
00:15:35.777 [JavaFX Application Thread] DEBUG GameApplicationServi - Clearing previous game
00:15:35.777 [JavaFX Application Thread] DEBUG GameScene            - Clearing game scene
00:15:35.777 [JavaFX Application Thread] DEBUG GameWorld            - Clearing game world
00:15:35.777 [JavaFX Application Thread] DEBUG PhysicsWorld         - Clearing physics world
00:15:35.778 [FXGL Background Thread 2 ] DEBUG FXGLApplication      - Initializing game
00:15:35.803 [FXGL Background Thread 2 ] WARN  TMXLevelLoader       - TiledMap generated from 1.11.0. Supported version: 1.9.0. Some features may not be parsed fully.
00:15:35.807 [FXGL Background Thread 2 ] DEBUG TMXLevelLoader       - Parsed TiledMap: file:/C:/Users/user/Desktop/JavaFXGame/target/classes/assets/levels/tmx/level1.tmx
00:15:35.809 [FXGL Background Thread 2 ] DEBUG TMXLevelLoader       - Creating tile layer entities
00:15:35.810 [FXGL Background Thread 2 ] DEBUG TilesetLoader        - Loading view for layer Tile Layer 1
00:15:35.812 [FXGL Background Thread 2 ] DEBUG TilesetLoader        - Created buffer with size 1050.0x700.0
00:15:35.822 [FXGL Background Thread 2 ] DEBUG TMXLevelLoader       - Creating object layer entities
00:15:35.839 [FXGL Background Thread 2 ] DEBUG FXGLAssetLoaderServi - Loading from file system: file:/C:/Users/user/Desktop/JavaFXGame/target/classes/assets/textures/button.png
00:15:35.843 [FXGL Background Thread 2 ] DEBUG GameWorld            - Clearing removable entities
00:15:35.843 [FXGL Background Thread 2 ] DEBUG GameWorld            - Setting level: com.almasb.fxgl.entity.level.Level@1b85b9e3
00:15:35.849 [FXGL Background Thread 2 ] DEBUG FXGLAssetLoaderServi - Loading from file system: file:/C:/Users/user/Desktop/JavaFXGame/target/classes/assets/textures/player1.png
00:15:35.858 [FXGL Background Thread 2 ] DEBUG Input                - Registered new binding: Jump0 - W
00:15:35.859 [FXGL Background Thread 2 ] DEBUG Input                - Registered new binding: Left0 - A
00:15:35.859 [FXGL Background Thread 2 ] DEBUG Input                - Registered new binding: Right0 - D
00:15:35.860 [FXGL Background Thread 2 ] DEBUG Input                - Registered new binding: Use0 - E
00:15:35.860 [FXGL Background Thread 2 ] DEBUG FXGLAssetLoaderServi - Loading from file system: file:/C:/Users/user/Desktop/JavaFXGame/target/classes/assets/textures/background/manila.png
00:15:35.871 [FXGL Background Thread 2 ] INFO  FXGLApplication      - Game initialization took: 0.093 sec
00:15:35.872 [JavaFX Application Thread] DEBUG Input                - Clearing active input actions
00:15:35.875 [JavaFX Application Thread] DEBUG GameApplicationServi - Removing overlay from MainLoadingScene and adding to GameScene
00:15:35.876 [JavaFX Application Thread] DEBUG PrimaryStageWindow   - MainLoadingScene -> GameScene
00:15:36.334 [FXGL Background Thread 3 ] DEBUG Engine               - Logging environment variables
00:15:36.334 [FXGL Background Thread 3 ] DEBUG Engine               - achievements: []
00:15:36.334 [FXGL Background Thread 3 ] DEBUG Engine               - actualHeight: 720.0
00:15:36.334 [FXGL Background Thread 3 ] DEBUG Engine               - actualHeightProperty: ReadOnlyDoubleProperty [value: 720.0]
00:15:36.334 [FXGL Background Thread 3 ] DEBUG Engine               - actualWidth: 1280.0
00:15:36.334 [FXGL Background Thread 3 ] DEBUG Engine               - actualWidthProperty: ReadOnlyDoubleProperty [value: 1280.0]
00:15:36.334 [FXGL Background Thread 3 ] DEBUG Engine               - appIcon: fxgl_icon.png
00:15:36.334 [FXGL Background Thread 3 ] DEBUG Engine               - applicationMode: DEVELOPER
00:15:36.334 [FXGL Background Thread 3 ] DEBUG Engine               - cSSList: [fxgl_dark.css]
00:15:36.335 [FXGL Background Thread 3 ] DEBUG Engine               - collisionDetectionStrategy: BRUTE_FORCE
00:15:36.335 [FXGL Background Thread 3 ] DEBUG Engine               - configClass: Optional.empty
00:15:36.335 [FXGL Background Thread 3 ] DEBUG Engine               - credits: []
00:15:36.335 [FXGL Background Thread 3 ] DEBUG Engine               - defaultCursor: CursorInfo(imageName=fxgl_default_cursor.png, hotspotX=7.0, hotspotY=6.0)
00:15:36.335 [FXGL Background Thread 3 ] DEBUG Engine               - devBBoxColorProperty: ObjectProperty [value: 0xff0000ff]
00:15:36.335 [FXGL Background Thread 3 ] DEBUG Engine               - devEnableDebugCameraProperty: BooleanProperty [value: false]
00:15:36.335 [FXGL Background Thread 3 ] DEBUG Engine               - devSensorColorProperty: ObjectProperty [value: 0xffff00ff]
00:15:36.335 [FXGL Background Thread 3 ] DEBUG Engine               - devShowBBoxProperty: BooleanProperty [value: false]
00:15:36.335 [FXGL Background Thread 3 ] DEBUG Engine               - devShowPositionProperty: BooleanProperty [value: false]
00:15:36.335 [FXGL Background Thread 3 ] DEBUG Engine               - enabledMenuItems: []
00:15:36.335 [FXGL Background Thread 3 ] DEBUG Engine               - engineServices: [class com.almasb.fxgl.app.services.FXGLAssetLoaderService, class com.almasb.fxgl.app.FXGLApplication$GameApplicationService, class com.almasb.fxgl.app.services.FXGLDialogService, class com.almasb.fxgl.app.services.IOTaskExecutorService, class com.almasb.fxgl.io.FileSystemService, class com.almasb.fxgl.localization.LocalizationService, class com.almasb.fxgl.app.services.SystemBundleService, class com.almasb.fxgl.profile.SaveLoadService, class com.almasb.fxgl.ui.FXGLUIFactoryServiceProvider, class com.almasb.fxgl.ui.FXGLDialogFactoryServiceProvider, class com.almasb.fxgl.audio.AudioPlayer, class com.almasb.fxgl.notification.impl.NotificationServiceProvider, class com.almasb.fxgl.achievement.AchievementService, class com.almasb.fxgl.cutscene.CutsceneService, class com.almasb.fxgl.minigames.MiniGameService, class com.almasb.fxgl.net.NetService, class com.almasb.fxgl.app.services.UpdaterService, class com.almasb.fxgl.dev.DevService]
00:15:36.335 [FXGL Background Thread 3 ] DEBUG Engine               - fontGame: Abel-Regular.ttf
00:15:36.335 [FXGL Background Thread 3 ] DEBUG Engine               - fontMono: TerminalLandMono-Regular.otf
00:15:36.335 [FXGL Background Thread 3 ] DEBUG Engine               - fontText: Courier-Prime.ttf
00:15:36.335 [FXGL Background Thread 3 ] DEBUG Engine               - fontUI: VarelaRound-Regular.ttf
00:15:36.335 [FXGL Background Thread 3 ] DEBUG Engine               - fullScreen: BooleanProperty [value: false]
00:15:36.336 [FXGL Background Thread 3 ] DEBUG Engine               - gameDifficulty: MEDIUM
00:15:36.336 [FXGL Background Thread 3 ] DEBUG Engine               - gameDifficultyProperty: ObjectProperty [value: MEDIUM]
00:15:36.336 [FXGL Background Thread 3 ] DEBUG Engine               - globalMusicVolume: 0.5
00:15:36.336 [FXGL Background Thread 3 ] DEBUG Engine               - globalMusicVolumeProperty: DoubleProperty [value: 0.25]
00:15:36.336 [FXGL Background Thread 3 ] DEBUG Engine               - globalSoundVolume: 0.5
00:15:36.336 [FXGL Background Thread 3 ] DEBUG Engine               - globalSoundVolumeProperty: DoubleProperty [value: 0.5]
00:15:36.336 [FXGL Background Thread 3 ] DEBUG Engine               - height: 720
00:15:36.336 [FXGL Background Thread 3 ] DEBUG Engine               - is3D: false
00:15:36.336 [FXGL Background Thread 3 ] DEBUG Engine               - isAndroid: false
00:15:36.336 [FXGL Background Thread 3 ] DEBUG Engine               - isBrowser: false
00:15:36.336 [FXGL Background Thread 3 ] DEBUG Engine               - isClickFeedbackEnabled: false
00:15:36.336 [FXGL Background Thread 3 ] DEBUG Engine               - isCloseConfirmation: false
00:15:36.336 [FXGL Background Thread 3 ] DEBUG Engine               - isDesktop: true
00:15:36.336 [FXGL Background Thread 3 ] DEBUG Engine               - isDeveloperMenuEnabled: true
00:15:36.336 [FXGL Background Thread 3 ] DEBUG Engine               - isEmbedded: false
00:15:36.336 [FXGL Background Thread 3 ] DEBUG Engine               - isEntityPreloadEnabled: true
00:15:36.336 [FXGL Background Thread 3 ] DEBUG Engine               - isExperimentalTiledLargeMap: false
00:15:36.336 [FXGL Background Thread 3 ] DEBUG Engine               - isFileSystemWriteAllowed: true
00:15:36.336 [FXGL Background Thread 3 ] DEBUG Engine               - isFullScreenAllowed: false
00:15:36.336 [FXGL Background Thread 3 ] DEBUG Engine               - isFullScreenFromStart: false
00:15:36.336 [FXGL Background Thread 3 ] DEBUG Engine               - isGameMenuEnabled: true
00:15:36.336 [FXGL Background Thread 3 ] DEBUG Engine               - isIOS: false
00:15:36.336 [FXGL Background Thread 3 ] DEBUG Engine               - isIntroEnabled: false
00:15:36.336 [FXGL Background Thread 3 ] DEBUG Engine               - isLinux: false
00:15:36.336 [FXGL Background Thread 3 ] DEBUG Engine               - isMac: false
00:15:36.336 [FXGL Background Thread 3 ] DEBUG Engine               - isMainMenuEnabled: true
00:15:36.336 [FXGL Background Thread 3 ] DEBUG Engine               - isManualResizeEnabled: false
00:15:36.336 [FXGL Background Thread 3 ] DEBUG Engine               - isMobile: false
00:15:36.336 [FXGL Background Thread 3 ] DEBUG Engine               - isNative: false
00:15:36.336 [FXGL Background Thread 3 ] DEBUG Engine               - isPauseMusicWhenMinimized: true
00:15:36.337 [FXGL Background Thread 3 ] DEBUG Engine               - isPreserveResizeRatio: false
00:15:36.337 [FXGL Background Thread 3 ] DEBUG Engine               - isProfilingEnabled: false
00:15:36.337 [FXGL Background Thread 3 ] DEBUG Engine               - isScaleAffectedOnResize: true
00:15:36.337 [FXGL Background Thread 3 ] DEBUG Engine               - isSingleStep: false
00:15:36.337 [FXGL Background Thread 3 ] DEBUG Engine               - isUserProfileEnabled: false
00:15:36.337 [FXGL Background Thread 3 ] DEBUG Engine               - isWindows: true
00:15:36.337 [FXGL Background Thread 3 ] DEBUG Engine               - language: ObjectProperty [value: ENGLISH]
00:15:36.337 [FXGL Background Thread 3 ] DEBUG Engine               - menuKey: ESCAPE
00:15:36.337 [FXGL Background Thread 3 ] DEBUG Engine               - mouseSensitivity: 0.2
00:15:36.337 [FXGL Background Thread 3 ] DEBUG Engine               - notificationViewClass: class com.almasb.fxgl.notification.view.XboxNotificationView
00:15:36.337 [FXGL Background Thread 3 ] DEBUG Engine               - pixelsPerMeter: 50.0
00:15:36.337 [FXGL Background Thread 3 ] DEBUG Engine               - platform: WINDOWS
00:15:36.337 [FXGL Background Thread 3 ] DEBUG Engine               - prefHeightProperty: ReadOnlyDoubleProperty [value: 720.0]
00:15:36.337 [FXGL Background Thread 3 ] DEBUG Engine               - prefWidthProperty: ReadOnlyDoubleProperty [value: 1280.0]
00:15:36.337 [FXGL Background Thread 3 ] DEBUG Engine               - profileDir: profiles/
00:15:36.337 [FXGL Background Thread 3 ] DEBUG Engine               - profileName: StringProperty [value: DEFAULT]
00:15:36.337 [FXGL Background Thread 3 ] DEBUG Engine               - randomSeed: -1
00:15:36.337 [FXGL Background Thread 3 ] DEBUG Engine               - runtimeInfo: RuntimeInfo(platform=WINDOWS, version=17.2, build=20.08.2022 16.50)
00:15:36.337 [FXGL Background Thread 3 ] DEBUG Engine               - saveFileExt: sav
00:15:36.337 [FXGL Background Thread 3 ] DEBUG Engine               - scaledHeightProp$fxgl: DoubleProperty [bound, value: 720.0]
00:15:36.337 [FXGL Background Thread 3 ] DEBUG Engine               - scaledWidthProp$fxgl: DoubleProperty [bound, value: 1280.0]
00:15:36.337 [FXGL Background Thread 3 ] DEBUG Engine               - sceneFactory: com.sunsofgod.PlatformerApp$1@36c71f3d
00:15:36.337 [FXGL Background Thread 3 ] DEBUG Engine               - secondsIn24h: 60
00:15:36.337 [FXGL Background Thread 3 ] DEBUG Engine               - soundMenuBack: menu/back.wav
00:15:36.337 [FXGL Background Thread 3 ] DEBUG Engine               - soundMenuPress: menu/press.wav
00:15:36.338 [FXGL Background Thread 3 ] DEBUG Engine               - soundMenuSelect: menu/select.wav
00:15:36.338 [FXGL Background Thread 3 ] DEBUG Engine               - soundNotification: core/notification.wav
00:15:36.338 [FXGL Background Thread 3 ] DEBUG Engine               - stageStyle: DECORATED
00:15:36.338 [FXGL Background Thread 3 ] DEBUG Engine               - supportedLanguages: [ENGLISH, FRENCH, GERMAN, HUNGARIAN, RUSSIAN]
00:15:36.338 [FXGL Background Thread 3 ] DEBUG Engine               - ticksPerSecond: -1
00:15:36.338 [FXGL Background Thread 3 ] DEBUG Engine               - title: Untitled
00:15:36.338 [FXGL Background Thread 3 ] DEBUG Engine               - urlGithub: https://github.com/AlmasB/FXGL
00:15:36.338 [FXGL Background Thread 3 ] DEBUG Engine               - urlLeaderboard: http://fxgl-top.herokuapp.com/
00:15:36.338 [FXGL Background Thread 3 ] DEBUG Engine               - urlPOM: https://raw.githubusercontent.com/AlmasB/FXGL/release/README.md
00:15:36.338 [FXGL Background Thread 3 ] DEBUG Engine               - userAppClass: class com.sunsofgod.PlatformerApp
00:15:36.338 [FXGL Background Thread 3 ] DEBUG Engine               - version: 0.0
00:15:36.338 [FXGL Background Thread 3 ] DEBUG Engine               - versionCheckDays: 7
00:15:36.338 [FXGL Background Thread 3 ] DEBUG Engine               - width: 1280
00:15:36.338 [FXGL Background Thread 3 ] DEBUG Engine               - Logging services
00:15:36.338 [FXGL Background Thread 3 ] DEBUG Engine               - class com.almasb.fxgl.app.services.FXGLAssetLoaderService
00:15:36.338 [FXGL Background Thread 3 ] DEBUG Engine               - class com.almasb.fxgl.app.FXGLApplication$GameApplicationService
00:15:36.339 [FXGL Background Thread 3 ] DEBUG Engine               - class com.almasb.fxgl.app.services.FXGLDialogService
00:15:36.339 [FXGL Background Thread 3 ] DEBUG Engine               - class com.almasb.fxgl.app.services.IOTaskExecutorService
00:15:36.339 [FXGL Background Thread 3 ] DEBUG Engine               - class com.almasb.fxgl.io.FileSystemService
00:15:36.339 [FXGL Background Thread 3 ] DEBUG Engine               - class com.almasb.fxgl.localization.LocalizationService
00:15:36.339 [FXGL Background Thread 3 ] DEBUG Engine               - class com.almasb.fxgl.app.services.SystemBundleService
00:15:36.339 [FXGL Background Thread 3 ] DEBUG Engine               - class com.almasb.fxgl.profile.SaveLoadService
00:15:36.339 [FXGL Background Thread 3 ] DEBUG Engine               - class com.almasb.fxgl.ui.FXGLUIFactoryServiceProvider
00:15:36.339 [FXGL Background Thread 3 ] DEBUG Engine               - class com.almasb.fxgl.ui.FXGLDialogFactoryServiceProvider
00:15:36.339 [FXGL Background Thread 3 ] DEBUG Engine               - class com.almasb.fxgl.audio.AudioPlayer
00:15:36.339 [FXGL Background Thread 3 ] DEBUG Engine               - class com.almasb.fxgl.notification.impl.NotificationServiceProvider
00:15:36.339 [FXGL Background Thread 3 ] DEBUG Engine               - class com.almasb.fxgl.achievement.AchievementService
00:15:36.339 [FXGL Background Thread 3 ] DEBUG Engine               - class com.almasb.fxgl.cutscene.CutsceneService
00:15:36.339 [FXGL Background Thread 3 ] DEBUG Engine               - class com.almasb.fxgl.minigames.MiniGameService
00:15:36.339 [FXGL Background Thread 3 ] DEBUG Engine               - class com.almasb.fxgl.net.NetService
00:15:36.339 [FXGL Background Thread 3 ] DEBUG Engine               - class com.almasb.fxgl.app.services.UpdaterService
00:15:36.339 [FXGL Background Thread 3 ] DEBUG Engine               - class com.almasb.fxgl.dev.DevService
00:15:39.818 [JavaFX Application Thread] WARN  TMXLevelLoader       - TiledMap generated from 1.11.0. Supported version: 1.9.0. Some features may not be parsed fully.
00:15:39.819 [JavaFX Application Thread] DEBUG TMXLevelLoader       - Parsed TiledMap: file:/C:/Users/user/Desktop/JavaFXGame/target/classes/assets/levels/tmx/level2.tmx
00:15:39.819 [JavaFX Application Thread] DEBUG TMXLevelLoader       - Creating tile layer entities
00:15:39.819 [JavaFX Application Thread] DEBUG TilesetLoader        - Loading view for layer Tile Layer 1
00:15:39.819 [JavaFX Application Thread] DEBUG TilesetLoader        - Created buffer with size 1050.0x700.0
00:15:39.827 [JavaFX Application Thread] DEBUG TMXLevelLoader       - Creating object layer entities
00:15:39.830 [JavaFX Application Thread] DEBUG GameWorld            - Clearing removable entities
00:15:39.832 [JavaFX Application Thread] DEBUG GameWorld            - Setting level: com.almasb.fxgl.entity.level.Level@23686c00
00:15:39.892 [JavaFX Application Thread] WARN  GameWorld            - Attempted to remove entity which is not active
00:15:43.261 [JavaFX Application Thread] DEBUG FXGLAssetLoaderServi - Loading from file system: file:/C:/Users/user/Desktop/JavaFXGame/target/classes/assets/textures/exit_sign.png
00:15:45.221 [JavaFX Application Thread] WARN  TMXLevelLoader       - TiledMap generated from 1.11.0. Supported version: 1.9.0. Some features may not be parsed fully.
00:15:45.222 [JavaFX Application Thread] DEBUG TMXLevelLoader       - Parsed TiledMap: file:/C:/Users/user/Desktop/JavaFXGame/target/classes/assets/levels/tmx/level2.tmx
00:15:45.222 [JavaFX Application Thread] DEBUG TMXLevelLoader       - Creating tile layer entities
00:15:45.223 [JavaFX Application Thread] DEBUG TilesetLoader        - Loading view for layer Tile Layer 1
00:15:45.224 [JavaFX Application Thread] DEBUG TilesetLoader        - Created buffer with size 1050.0x700.0
00:15:45.231 [JavaFX Application Thread] DEBUG TMXLevelLoader       - Creating object layer entities
00:15:45.233 [JavaFX Application Thread] DEBUG GameWorld            - Clearing removable entities
00:15:45.234 [JavaFX Application Thread] DEBUG GameWorld            - Setting level: com.almasb.fxgl.entity.level.Level@3b77a46f
00:15:46.207 [JavaFX Application Thread] WARN  TMXLevelLoader       - TiledMap generated from 1.11.0. Supported version: 1.9.0. Some features may not be parsed fully.
00:15:46.208 [JavaFX Application Thread] DEBUG TMXLevelLoader       - Parsed TiledMap: file:/C:/Users/user/Desktop/JavaFXGame/target/classes/assets/levels/tmx/level2.tmx
00:15:46.208 [JavaFX Application Thread] DEBUG TMXLevelLoader       - Creating tile layer entities
00:15:46.208 [JavaFX Application Thread] DEBUG TilesetLoader        - Loading view for layer Tile Layer 1
00:15:46.209 [JavaFX Application Thread] DEBUG TilesetLoader        - Created buffer with size 1050.0x700.0
00:15:46.217 [JavaFX Application Thread] DEBUG TMXLevelLoader       - Creating object layer entities
00:15:46.219 [JavaFX Application Thread] DEBUG GameWorld            - Clearing removable entities
00:15:46.220 [JavaFX Application Thread] DEBUG GameWorld            - Setting level: com.almasb.fxgl.entity.level.Level@29889e5d
00:15:50.983 [JavaFX Application Thread] WARN  TMXLevelLoader       - TiledMap generated from 1.11.0. Supported version: 1.9.0. Some features may not be parsed fully.
00:15:50.984 [JavaFX Application Thread] DEBUG TMXLevelLoader       - Parsed TiledMap: file:/C:/Users/user/Desktop/JavaFXGame/target/classes/assets/levels/tmx/level3.tmx
00:15:50.984 [JavaFX Application Thread] DEBUG TMXLevelLoader       - Creating tile layer entities
00:15:50.984 [JavaFX Application Thread] DEBUG TilesetLoader        - Loading view for layer Tile Layer 1
00:15:50.985 [JavaFX Application Thread] DEBUG TilesetLoader        - Created buffer with size 1050.0x700.0
00:15:50.992 [JavaFX Application Thread] DEBUG TMXLevelLoader       - Creating object layer entities
00:15:50.995 [JavaFX Application Thread] DEBUG GameWorld            - Clearing removable entities
00:15:50.995 [JavaFX Application Thread] DEBUG GameWorld            - Setting level: com.almasb.fxgl.entity.level.Level@8173314
00:15:53.445 [JavaFX Application Thread] DEBUG FXGLApplication      - Exiting FXGL
00:15:53.445 [JavaFX Application Thread] DEBUG LoopRunner           - Stopping loop
00:15:53.445 [JavaFX Application Thread] DEBUG SystemBundleService  - Saving FXGL system data
00:15:53.446 [JavaFX Application Thread] DEBUG FileSystemAccess     - Writing to: C:\Users\user\Desktop\JavaFXGame\system\fxgl.bundle
00:15:53.447 [JavaFX Application Thread] DEBUG Async                - Shutting down background threads
00:15:53.449 [JavaFX Application Thread] DEBUG PrimaryStageWindow   - Closing main window
00:15:53.457 [JavaFX Application Thread] DEBUG Logger               - Closing Logger
