13:27:33.940 [main                     ] DEBUG Logger               - Configured Logger
13:27:33.957 [main                     ] DEBUG GameApplication      - Logging settings
Title: Untitled
Version: 0.0
Width: 1280
Height: 720
Fullscreen: false
Intro: false
Profiling: false
Single step:false
App Mode: DEVELOPER
Menu Key: ESCAPE
Stage Style: DECORATED
Scene Factory: class com.sunsofgod.PlatformerApp$1

13:27:34.246 [JavaFX Application Thread] DEBUG FXGLApplication      - Initializing FXGL
13:27:34.250 [JavaFX Application Thread] INFO  Engine               - FXGL-17.2 (20.08.2022 16.50) on WINDOWS (J:21.0.4 FX:17.0.12)
13:27:34.250 [JavaFX Application Thread] DEBUG Engine               - JRE Vendor Name: Eclipse Adoptium
13:27:34.250 [JavaFX Application Thread] DEBUG Engine               - Running on OS: Windows 11 version 10.0
13:27:34.250 [JavaFX Application Thread] DEBUG Engine               - Architecture: amd64
13:27:34.250 [JavaFX Application Thread] INFO  Engine               - Source code and latest versions at: https://github.com/AlmasB/FXGL
13:27:34.251 [JavaFX Application Thread] INFO  Engine               -       Ask questions and discuss at: https://github.com/AlmasB/FXGL/discussions
13:27:34.251 [JavaFX Application Thread] INFO  Engine               -              Join the FXGL chat at: https://gitter.im/AlmasB/FXGL
13:27:34.323 [JavaFX Application Thread] DEBUG PrimaryStageWindow   - Creating a JavaFX scene
13:27:34.355 [JavaFX Application Thread] DEBUG PrimaryStageWindow   - Target settings size: 1280.0 x 720.0
13:27:34.356 [JavaFX Application Thread] DEBUG PrimaryStageWindow   - Scaled scene size:    1280.0 x 720.0
13:27:34.356 [JavaFX Application Thread] DEBUG PrimaryStageWindow   - Scaled ratio: (1.0, 1.0)
13:27:34.356 [JavaFX Application Thread] DEBUG PrimaryStageWindow   - Set initial scene to FXGLStartupScene
13:27:34.362 [JavaFX Application Thread] DEBUG PrimaryStageWindow   - Opening main window
13:27:34.424 [JavaFX Application Thread] DEBUG PrimaryStageWindow   - Window border size: (16.0, 39.0)
13:27:34.425 [JavaFX Application Thread] DEBUG PrimaryStageWindow   - Scaled size: 1280.0 x 720.0
13:27:34.425 [JavaFX Application Thread] DEBUG PrimaryStageWindow   - Scaled ratio: (1.0, 1.0)
13:27:34.425 [JavaFX Application Thread] DEBUG PrimaryStageWindow   - Scene size: 1280.0 x 720.0
13:27:34.425 [JavaFX Application Thread] DEBUG PrimaryStageWindow   - Stage size: 1296.0 x 759.0
13:27:34.432 [FXGL Background Thread 1 ] DEBUG Engine               - Initializing environment variables
13:27:34.472 [FXGL Background Thread 1 ] DEBUG FXGLAssetLoaderServi - User app class for loading assets: class com.sunsofgod.PlatformerApp
13:27:34.472 [FXGL Background Thread 1 ] DEBUG GameApplicationServi - Applying CSS: fxgl_dark.css
13:27:34.473 [FXGL Background Thread 1 ] DEBUG FXGLAssetLoaderServi - Loading from file system: jar:file:///C:/Users/user/.m2/repository/com/github/almasb/fxgl/17.2/fxgl-17.2.jar!/fxglassets/ui/css/fxgl_dark.css
13:27:34.506 [FXGL Background Thread 1 ] DEBUG GameApplicationServi - Initializing application scenes
13:27:34.543 [FXGL Background Thread 1 ] WARN  FXGLAssetLoaderServi - Asset "/assets/textures/player.png" was not found!
13:27:34.543 [FXGL Background Thread 1 ] WARN  FXGLAssetLoaderServi - Failed to load IMAGE
13:27:34.564 [FXGL Background Thread 1 ] DEBUG GameWorld            - Game world initialized
13:27:34.597 [FXGL Background Thread 1 ] DEBUG PhysicsWorld         - Physics world initialized: appHeight=720, physics.ppm=50.0
13:27:34.597 [FXGL Background Thread 1 ] DEBUG PhysicsWorld         - Using strategy: BRUTE_FORCE
13:27:34.599 [FXGL Background Thread 1 ] DEBUG GameScene            - Game scene initialized: 1280x720
13:27:34.831 [FXGL Background Thread 1 ] DEBUG GameApplicationServi - Application scenes initialized
13:27:34.845 [FXGL Background Thread 1 ] DEBUG SystemBundleService  - Loading FXGL system data
13:27:34.848 [FXGL Background Thread 1 ] DEBUG FileSystemAccess     - Reading from: C:\Users\user\Desktop\JavaFXGame\system\fxgl.bundle
13:27:34.856 [FXGL Background Thread 1 ] DEBUG SystemBundleService  - Bundle FXGL: {}
13:27:34.857 [FXGL Background Thread 1 ] DEBUG UpdaterService       - Checking for updates
13:27:34.876 [FXGL Background Thread 4 ] DEBUG FXGLApplication      - Loading fonts
13:27:34.876 [FXGL Background Thread 1 ] DEBUG FXGLApplication      - Loading default localization
13:27:34.878 [FXGL Background Thread 4 ] DEBUG FXGLAssetLoaderServi - Loading from file system: jar:file:///C:/Users/user/.m2/repository/com/github/almasb/fxgl/17.2/fxgl-17.2.jar!/fxglassets/ui/fonts/VarelaRound-Regular.ttf
13:27:34.878 [FXGL Background Thread 1 ] DEBUG FXGLAssetLoaderServi - Loading from file system: jar:file:///C:/Users/user/.m2/repository/com/github/almasb/fxgl/17.2/fxgl-17.2.jar!/fxglassets/languages/english.lang
13:27:34.901 [FXGL Background Thread 1 ] INFO  FXGLApplication      - FXGL initialization took: 0.469 sec
13:27:34.902 [JavaFX Application Thread] DEBUG FXGLAssetLoaderServi - Loading from file system: jar:file:///C:/Users/user/.m2/repository/com/github/almasb/fxgl/17.2/fxgl-17.2.jar!/fxglassets/textures/fxgl_icon.png
13:27:34.921 [JavaFX Application Thread] DEBUG FXGLAssetLoaderServi - Loading from file system: jar:file:///C:/Users/user/.m2/repository/com/github/almasb/fxgl/17.2/fxgl-17.2.jar!/fxglassets/textures/fxgl_default_cursor.png
13:27:34.925 [FXGL Background Thread 4 ] DEBUG FXGLAssetLoaderServi - Loading from file system: jar:file:///C:/Users/user/.m2/repository/com/github/almasb/fxgl/17.2/fxgl-17.2.jar!/fxglassets/ui/fonts/Abel-Regular.ttf
13:27:34.929 [FXGL Background Thread 4 ] DEBUG FXGLAssetLoaderServi - Loading from file system: jar:file:///C:/Users/user/.m2/repository/com/github/almasb/fxgl/17.2/fxgl-17.2.jar!/fxglassets/ui/fonts/TerminalLandMono-Regular.otf
13:27:34.930 [JavaFX Application Thread] DEBUG Input                - Registered new binding: Screenshot - CTRL+8
13:27:34.931 [JavaFX Application Thread] DEBUG Input                - Registered new binding: Dev Options - 1
13:27:34.931 [JavaFX Application Thread] DEBUG Input                - Registered new binding: Dev Console - 2
13:27:34.931 [JavaFX Application Thread] DEBUG Input                - Registered new binding: System info dump - CTRL+9
13:27:34.932 [JavaFX Application Thread] DEBUG Input                - Registered new binding: Restart - CTRL+R
13:27:34.932 [JavaFX Application Thread] DEBUG Input                - Registered new binding: Toggle Debug Camera - CTRL+7
13:27:34.932 [FXGL Background Thread 4 ] DEBUG FXGLAssetLoaderServi - Loading from file system: jar:file:///C:/Users/user/.m2/repository/com/github/almasb/fxgl/17.2/fxgl-17.2.jar!/fxglassets/ui/fonts/Courier-Prime.ttf
13:27:34.935 [JavaFX Application Thread] DEBUG LoopRunner           - Starting loop
13:27:34.948 [JavaFX Application Thread] DEBUG LoopRunner           - Initializing JavaFX AnimationTimerLoop
13:27:34.950 [JavaFX Application Thread] DEBUG Input                - Clearing active input actions
13:27:34.958 [JavaFX Application Thread] DEBUG GameApplicationServi - Removing overlay from FXGLStartupScene and adding to FXGLMainMenuDummyScene
13:27:34.961 [JavaFX Application Thread] DEBUG PrimaryStageWindow   - FXGLStartupScene -> FXGLMainMenuDummyScene
13:27:34.961 [JavaFX Application Thread] DEBUG PrimaryStageWindow   - Push state: RiderMainMenuScene
13:27:34.961 [JavaFX Application Thread] DEBUG Input                - Clearing active input actions
13:27:34.968 [JavaFX Application Thread] DEBUG GameApplicationServi - Removing overlay from FXGLMainMenuDummyScene and adding to RiderMainMenuScene
13:27:34.968 [JavaFX Application Thread] DEBUG PrimaryStageWindow   - FXGLMainMenuDummyScene -> RiderMainMenuScene
13:27:35.122 [JavaFX Application Thread] DEBUG FXGLApplication      - Registering font factories with UI factory
13:27:35.261 [FXGL Background Thread 2 ] INFO  UpdaterService       - Your current version:  17.2
13:27:35.261 [FXGL Background Thread 2 ] INFO  UpdaterService       - Latest stable version: 21.1
13:27:37.876 [FXGL Background Thread 3 ] DEBUG Engine               - Logging environment variables
13:27:37.876 [FXGL Background Thread 3 ] DEBUG Engine               - achievements: []
13:27:37.876 [FXGL Background Thread 3 ] DEBUG Engine               - actualHeight: 720.0
13:27:37.876 [FXGL Background Thread 3 ] DEBUG Engine               - actualHeightProperty: ReadOnlyDoubleProperty [value: 720.0]
13:27:37.876 [FXGL Background Thread 3 ] DEBUG Engine               - actualWidth: 1280.0
13:27:37.876 [FXGL Background Thread 3 ] DEBUG Engine               - actualWidthProperty: ReadOnlyDoubleProperty [value: 1280.0]
13:27:37.876 [FXGL Background Thread 3 ] DEBUG Engine               - appIcon: fxgl_icon.png
13:27:37.876 [FXGL Background Thread 3 ] DEBUG Engine               - applicationMode: DEVELOPER
13:27:37.876 [FXGL Background Thread 3 ] DEBUG Engine               - cSSList: [fxgl_dark.css]
13:27:37.877 [FXGL Background Thread 3 ] DEBUG Engine               - collisionDetectionStrategy: BRUTE_FORCE
13:27:37.877 [FXGL Background Thread 3 ] DEBUG Engine               - configClass: Optional.empty
13:27:37.877 [FXGL Background Thread 3 ] DEBUG Engine               - credits: []
13:27:37.877 [FXGL Background Thread 3 ] DEBUG Engine               - defaultCursor: CursorInfo(imageName=fxgl_default_cursor.png, hotspotX=7.0, hotspotY=6.0)
13:27:37.878 [FXGL Background Thread 3 ] DEBUG Engine               - devBBoxColorProperty: ObjectProperty [value: 0xff0000ff]
13:27:37.878 [FXGL Background Thread 3 ] DEBUG Engine               - devEnableDebugCameraProperty: BooleanProperty [value: false]
13:27:37.878 [FXGL Background Thread 3 ] DEBUG Engine               - devSensorColorProperty: ObjectProperty [value: 0xffff00ff]
13:27:37.878 [FXGL Background Thread 3 ] DEBUG Engine               - devShowBBoxProperty: BooleanProperty [value: false]
13:27:37.878 [FXGL Background Thread 3 ] DEBUG Engine               - devShowPositionProperty: BooleanProperty [value: false]
13:27:37.878 [FXGL Background Thread 3 ] DEBUG Engine               - enabledMenuItems: []
13:27:37.878 [FXGL Background Thread 3 ] DEBUG Engine               - engineServices: [class com.almasb.fxgl.app.services.FXGLAssetLoaderService, class com.almasb.fxgl.app.FXGLApplication$GameApplicationService, class com.almasb.fxgl.app.services.FXGLDialogService, class com.almasb.fxgl.app.services.IOTaskExecutorService, class com.almasb.fxgl.io.FileSystemService, class com.almasb.fxgl.localization.LocalizationService, class com.almasb.fxgl.app.services.SystemBundleService, class com.almasb.fxgl.profile.SaveLoadService, class com.almasb.fxgl.ui.FXGLUIFactoryServiceProvider, class com.almasb.fxgl.ui.FXGLDialogFactoryServiceProvider, class com.almasb.fxgl.audio.AudioPlayer, class com.almasb.fxgl.notification.impl.NotificationServiceProvider, class com.almasb.fxgl.achievement.AchievementService, class com.almasb.fxgl.cutscene.CutsceneService, class com.almasb.fxgl.minigames.MiniGameService, class com.almasb.fxgl.net.NetService, class com.almasb.fxgl.app.services.UpdaterService, class com.almasb.fxgl.dev.DevService]
13:27:37.878 [FXGL Background Thread 3 ] DEBUG Engine               - fontGame: Abel-Regular.ttf
13:27:37.878 [FXGL Background Thread 3 ] DEBUG Engine               - fontMono: TerminalLandMono-Regular.otf
13:27:37.878 [FXGL Background Thread 3 ] DEBUG Engine               - fontText: Courier-Prime.ttf
13:27:37.878 [FXGL Background Thread 3 ] DEBUG Engine               - fontUI: VarelaRound-Regular.ttf
13:27:37.878 [FXGL Background Thread 3 ] DEBUG Engine               - fullScreen: BooleanProperty [value: false]
13:27:37.878 [FXGL Background Thread 3 ] DEBUG Engine               - gameDifficulty: MEDIUM
13:27:37.878 [FXGL Background Thread 3 ] DEBUG Engine               - gameDifficultyProperty: ObjectProperty [value: MEDIUM]
13:27:37.878 [FXGL Background Thread 3 ] DEBUG Engine               - globalMusicVolume: 0.5
13:27:37.878 [FXGL Background Thread 3 ] DEBUG Engine               - globalMusicVolumeProperty: DoubleProperty [value: 0.25]
13:27:37.878 [FXGL Background Thread 3 ] DEBUG Engine               - globalSoundVolume: 0.5
13:27:37.878 [FXGL Background Thread 3 ] DEBUG Engine               - globalSoundVolumeProperty: DoubleProperty [value: 0.5]
13:27:37.878 [FXGL Background Thread 3 ] DEBUG Engine               - height: 720
13:27:37.878 [FXGL Background Thread 3 ] DEBUG Engine               - is3D: false
13:27:37.879 [FXGL Background Thread 3 ] DEBUG Engine               - isAndroid: false
13:27:37.879 [FXGL Background Thread 3 ] DEBUG Engine               - isBrowser: false
13:27:37.879 [FXGL Background Thread 3 ] DEBUG Engine               - isClickFeedbackEnabled: false
13:27:37.879 [FXGL Background Thread 3 ] DEBUG Engine               - isCloseConfirmation: false
13:27:37.879 [FXGL Background Thread 3 ] DEBUG Engine               - isDesktop: true
13:27:37.879 [FXGL Background Thread 3 ] DEBUG Engine               - isDeveloperMenuEnabled: true
13:27:37.879 [FXGL Background Thread 3 ] DEBUG Engine               - isEmbedded: false
13:27:37.879 [FXGL Background Thread 3 ] DEBUG Engine               - isEntityPreloadEnabled: true
13:27:37.879 [FXGL Background Thread 3 ] DEBUG Engine               - isExperimentalTiledLargeMap: false
13:27:37.879 [FXGL Background Thread 3 ] DEBUG Engine               - isFileSystemWriteAllowed: true
13:27:37.879 [FXGL Background Thread 3 ] DEBUG Engine               - isFullScreenAllowed: false
13:27:37.879 [FXGL Background Thread 3 ] DEBUG Engine               - isFullScreenFromStart: false
13:27:37.879 [FXGL Background Thread 3 ] DEBUG Engine               - isGameMenuEnabled: true
13:27:37.879 [FXGL Background Thread 3 ] DEBUG Engine               - isIOS: false
13:27:37.879 [FXGL Background Thread 3 ] DEBUG Engine               - isIntroEnabled: false
13:27:37.879 [FXGL Background Thread 3 ] DEBUG Engine               - isLinux: false
13:27:37.880 [FXGL Background Thread 3 ] DEBUG Engine               - isMac: false
13:27:37.880 [FXGL Background Thread 3 ] DEBUG Engine               - isMainMenuEnabled: true
13:27:37.880 [FXGL Background Thread 3 ] DEBUG Engine               - isManualResizeEnabled: false
13:27:37.880 [FXGL Background Thread 3 ] DEBUG Engine               - isMobile: false
13:27:37.880 [FXGL Background Thread 3 ] DEBUG Engine               - isNative: false
13:27:37.880 [FXGL Background Thread 3 ] DEBUG Engine               - isPauseMusicWhenMinimized: true
13:27:37.880 [FXGL Background Thread 3 ] DEBUG Engine               - isPreserveResizeRatio: false
13:27:37.880 [FXGL Background Thread 3 ] DEBUG Engine               - isProfilingEnabled: false
13:27:37.880 [FXGL Background Thread 3 ] DEBUG Engine               - isScaleAffectedOnResize: true
13:27:37.880 [FXGL Background Thread 3 ] DEBUG Engine               - isSingleStep: false
13:27:37.880 [FXGL Background Thread 3 ] DEBUG Engine               - isUserProfileEnabled: false
13:27:37.880 [FXGL Background Thread 3 ] DEBUG Engine               - isWindows: true
13:27:37.880 [FXGL Background Thread 3 ] DEBUG Engine               - language: ObjectProperty [value: ENGLISH]
13:27:37.880 [FXGL Background Thread 3 ] DEBUG Engine               - menuKey: ESCAPE
13:27:37.880 [FXGL Background Thread 3 ] DEBUG Engine               - mouseSensitivity: 0.2
13:27:37.880 [FXGL Background Thread 3 ] DEBUG Engine               - notificationViewClass: class com.almasb.fxgl.notification.view.XboxNotificationView
13:27:37.880 [FXGL Background Thread 3 ] DEBUG Engine               - pixelsPerMeter: 50.0
13:27:37.880 [FXGL Background Thread 3 ] DEBUG Engine               - platform: WINDOWS
13:27:37.880 [FXGL Background Thread 3 ] DEBUG Engine               - prefHeightProperty: ReadOnlyDoubleProperty [value: 720.0]
13:27:37.881 [FXGL Background Thread 3 ] DEBUG Engine               - prefWidthProperty: ReadOnlyDoubleProperty [value: 1280.0]
13:27:37.881 [FXGL Background Thread 3 ] DEBUG Engine               - profileDir: profiles/
13:27:37.881 [FXGL Background Thread 3 ] DEBUG Engine               - profileName: StringProperty [value: DEFAULT]
13:27:37.881 [FXGL Background Thread 3 ] DEBUG Engine               - randomSeed: -1
13:27:37.881 [FXGL Background Thread 3 ] DEBUG Engine               - runtimeInfo: RuntimeInfo(platform=WINDOWS, version=17.2, build=20.08.2022 16.50)
13:27:37.881 [FXGL Background Thread 3 ] DEBUG Engine               - saveFileExt: sav
13:27:37.881 [FXGL Background Thread 3 ] DEBUG Engine               - scaledHeightProp$fxgl: DoubleProperty [bound, value: 720.0]
13:27:37.881 [FXGL Background Thread 3 ] DEBUG Engine               - scaledWidthProp$fxgl: DoubleProperty [bound, value: 1280.0]
13:27:37.881 [FXGL Background Thread 3 ] DEBUG Engine               - sceneFactory: com.sunsofgod.PlatformerApp$1@36b3afcf
13:27:37.881 [FXGL Background Thread 3 ] DEBUG Engine               - secondsIn24h: 60
13:27:37.881 [FXGL Background Thread 3 ] DEBUG Engine               - soundMenuBack: menu/back.wav
13:27:37.881 [FXGL Background Thread 3 ] DEBUG Engine               - soundMenuPress: menu/press.wav
13:27:37.881 [FXGL Background Thread 3 ] DEBUG Engine               - soundMenuSelect: menu/select.wav
13:27:37.881 [FXGL Background Thread 3 ] DEBUG Engine               - soundNotification: core/notification.wav
13:27:37.881 [FXGL Background Thread 3 ] DEBUG Engine               - stageStyle: DECORATED
13:27:37.882 [FXGL Background Thread 3 ] DEBUG Engine               - supportedLanguages: [ENGLISH, FRENCH, GERMAN, HUNGARIAN, RUSSIAN]
13:27:37.882 [FXGL Background Thread 3 ] DEBUG Engine               - ticksPerSecond: -1
13:27:37.882 [FXGL Background Thread 3 ] DEBUG Engine               - title: Untitled
13:27:37.882 [FXGL Background Thread 3 ] DEBUG Engine               - urlGithub: https://github.com/AlmasB/FXGL
13:27:37.882 [FXGL Background Thread 3 ] DEBUG Engine               - urlLeaderboard: http://fxgl-top.herokuapp.com/
13:27:37.882 [FXGL Background Thread 3 ] DEBUG Engine               - urlPOM: https://raw.githubusercontent.com/AlmasB/FXGL/release/README.md
13:27:37.882 [FXGL Background Thread 3 ] DEBUG Engine               - userAppClass: class com.sunsofgod.PlatformerApp
13:27:37.882 [FXGL Background Thread 3 ] DEBUG Engine               - version: 0.0
13:27:37.882 [FXGL Background Thread 3 ] DEBUG Engine               - versionCheckDays: 7
13:27:37.882 [FXGL Background Thread 3 ] DEBUG Engine               - width: 1280
13:27:37.882 [FXGL Background Thread 3 ] DEBUG Engine               - Logging services
13:27:37.882 [FXGL Background Thread 3 ] DEBUG Engine               - class com.almasb.fxgl.app.services.FXGLAssetLoaderService
13:27:37.882 [FXGL Background Thread 3 ] DEBUG Engine               - class com.almasb.fxgl.app.FXGLApplication$GameApplicationService
13:27:37.882 [FXGL Background Thread 3 ] DEBUG Engine               - class com.almasb.fxgl.app.services.FXGLDialogService
13:27:37.882 [FXGL Background Thread 3 ] DEBUG Engine               - class com.almasb.fxgl.app.services.IOTaskExecutorService
13:27:37.882 [FXGL Background Thread 3 ] DEBUG Engine               - class com.almasb.fxgl.io.FileSystemService
13:27:37.882 [FXGL Background Thread 3 ] DEBUG Engine               - class com.almasb.fxgl.localization.LocalizationService
13:27:37.882 [FXGL Background Thread 3 ] DEBUG Engine               - class com.almasb.fxgl.app.services.SystemBundleService
13:27:37.882 [FXGL Background Thread 3 ] DEBUG Engine               - class com.almasb.fxgl.profile.SaveLoadService
13:27:37.882 [FXGL Background Thread 3 ] DEBUG Engine               - class com.almasb.fxgl.ui.FXGLUIFactoryServiceProvider
13:27:37.882 [FXGL Background Thread 3 ] DEBUG Engine               - class com.almasb.fxgl.ui.FXGLDialogFactoryServiceProvider
13:27:37.882 [FXGL Background Thread 3 ] DEBUG Engine               - class com.almasb.fxgl.audio.AudioPlayer
13:27:37.883 [FXGL Background Thread 3 ] DEBUG Engine               - class com.almasb.fxgl.notification.impl.NotificationServiceProvider
13:27:37.883 [FXGL Background Thread 3 ] DEBUG Engine               - class com.almasb.fxgl.achievement.AchievementService
13:27:37.883 [FXGL Background Thread 3 ] DEBUG Engine               - class com.almasb.fxgl.cutscene.CutsceneService
13:27:37.883 [FXGL Background Thread 3 ] DEBUG Engine               - class com.almasb.fxgl.minigames.MiniGameService
13:27:37.883 [FXGL Background Thread 3 ] DEBUG Engine               - class com.almasb.fxgl.net.NetService
13:27:37.883 [FXGL Background Thread 3 ] DEBUG Engine               - class com.almasb.fxgl.app.services.UpdaterService
13:27:37.883 [FXGL Background Thread 3 ] DEBUG Engine               - class com.almasb.fxgl.dev.DevService
13:27:39.515 [JavaFX Application Thread] DEBUG PrimaryStageWindow   - Push state: PlayerSelectScene
13:27:39.515 [JavaFX Application Thread] DEBUG Input                - Clearing active input actions
13:27:39.516 [JavaFX Application Thread] DEBUG GameApplicationServi - Removing overlay from RiderMainMenuScene and adding to PlayerSelectScene
13:27:39.516 [JavaFX Application Thread] DEBUG PrimaryStageWindow   - RiderMainMenuScene -> PlayerSelectScene
13:27:41.231 [JavaFX Application Thread] DEBUG PrimaryStageWindow   - Push state: LevelSelectScene
13:27:41.231 [JavaFX Application Thread] DEBUG Input                - Clearing active input actions
13:27:41.232 [JavaFX Application Thread] DEBUG GameApplicationServi - Removing overlay from PlayerSelectScene and adding to LevelSelectScene
13:27:41.233 [JavaFX Application Thread] DEBUG PrimaryStageWindow   - PlayerSelectScene -> LevelSelectScene
13:27:42.259 [JavaFX Application Thread] DEBUG Menu                 - fireNewGame()
13:27:42.259 [JavaFX Application Thread] DEBUG GameApplicationServi - Starting new game
13:27:42.259 [JavaFX Application Thread] DEBUG PrimaryStageWindow   - Pop state: LevelSelectScene
13:27:42.259 [JavaFX Application Thread] DEBUG Input                - Clearing active input actions
13:27:42.260 [JavaFX Application Thread] DEBUG GameApplicationServi - Removing overlay from LevelSelectScene and adding to PlayerSelectScene
13:27:42.260 [JavaFX Application Thread] DEBUG PrimaryStageWindow   - PlayerSelectScene <- LevelSelectScene
13:27:42.260 [JavaFX Application Thread] DEBUG PrimaryStageWindow   - Pop state: PlayerSelectScene
13:27:42.261 [JavaFX Application Thread] DEBUG Input                - Clearing active input actions
13:27:42.261 [JavaFX Application Thread] DEBUG GameApplicationServi - Removing overlay from PlayerSelectScene and adding to RiderMainMenuScene
13:27:42.261 [JavaFX Application Thread] DEBUG PrimaryStageWindow   - RiderMainMenuScene <- PlayerSelectScene
13:27:42.261 [JavaFX Application Thread] DEBUG PrimaryStageWindow   - Pop state: RiderMainMenuScene
13:27:42.261 [JavaFX Application Thread] DEBUG Input                - Clearing active input actions
13:27:42.261 [JavaFX Application Thread] DEBUG GameApplicationServi - Removing overlay from RiderMainMenuScene and adding to FXGLMainMenuDummyScene
13:27:42.262 [JavaFX Application Thread] DEBUG PrimaryStageWindow   - FXGLMainMenuDummyScene <- RiderMainMenuScene
13:27:42.262 [JavaFX Application Thread] DEBUG Input                - Clearing active input actions
13:27:42.266 [JavaFX Application Thread] DEBUG GameApplicationServi - Removing overlay from FXGLMainMenuDummyScene and adding to MainLoadingScene
13:27:42.267 [JavaFX Application Thread] DEBUG PrimaryStageWindow   - FXGLMainMenuDummyScene -> MainLoadingScene
13:27:42.267 [JavaFX Application Thread] DEBUG GameApplicationServi - Clearing previous game
13:27:42.267 [JavaFX Application Thread] DEBUG GameScene            - Clearing game scene
13:27:42.267 [JavaFX Application Thread] DEBUG GameWorld            - Clearing game world
13:27:42.267 [JavaFX Application Thread] DEBUG PhysicsWorld         - Clearing physics world
13:27:42.268 [FXGL Background Thread 2 ] DEBUG FXGLApplication      - Initializing game
13:27:42.298 [FXGL Background Thread 2 ] WARN  TMXLevelLoader       - TiledMap generated from 1.11.0. Supported version: 1.9.0. Some features may not be parsed fully.
13:27:42.306 [FXGL Background Thread 2 ] DEBUG TMXLevelLoader       - Parsed TiledMap: file:/C:/Users/user/Desktop/JavaFXGame/target/classes/assets/levels/tmx/level5.tmx
13:27:42.306 [FXGL Background Thread 2 ] DEBUG TMXLevelLoader       - Creating tile layer entities
13:27:42.307 [FXGL Background Thread 2 ] DEBUG TilesetLoader        - Loading view for layer Tile Layer 1
13:27:42.311 [FXGL Background Thread 2 ] DEBUG TilesetLoader        - Created buffer with size 2450.0x700.0
13:27:42.319 [FXGL Background Thread 2 ] DEBUG TMXLevelLoader       - Creating object layer entities
13:27:42.335 [FXGL Background Thread 2 ] DEBUG FXGLAssetLoaderServi - Loading from file system: file:/C:/Users/user/Desktop/JavaFXGame/target/classes/assets/textures/button.png
13:27:42.346 [FXGL Background Thread 2 ] DEBUG GameWorld            - Clearing removable entities
13:27:42.347 [FXGL Background Thread 2 ] DEBUG GameWorld            - Setting level: com.almasb.fxgl.entity.level.Level@6337cad5
13:27:42.354 [FXGL Background Thread 2 ] DEBUG FXGLAssetLoaderServi - Loading from file system: file:/C:/Users/user/Desktop/JavaFXGame/target/classes/assets/textures/player1.png
13:27:42.361 [FXGL Background Thread 2 ] DEBUG FXGLAssetLoaderServi - Loading from file system: file:/C:/Users/user/Desktop/JavaFXGame/target/classes/assets/textures/player2.png
13:27:42.364 [FXGL Background Thread 2 ] DEBUG Input                - Clearing active input actions
13:27:42.367 [FXGL Background Thread 2 ] DEBUG Input                - Registered new binding: Jump0 - W
13:27:42.368 [FXGL Background Thread 2 ] DEBUG Input                - Registered new binding: Left0 - A
13:27:42.369 [FXGL Background Thread 2 ] DEBUG Input                - Registered new binding: Right0 - D
13:27:42.369 [FXGL Background Thread 2 ] DEBUG Input                - Registered new binding: Use0 - E
13:27:42.369 [FXGL Background Thread 2 ] DEBUG Input                - Registered new binding: Jump1 - Up
13:27:42.369 [FXGL Background Thread 2 ] DEBUG Input                - Registered new binding: Left1 - Left
13:27:42.369 [FXGL Background Thread 2 ] DEBUG Input                - Registered new binding: Right1 - Right
13:27:42.369 [FXGL Background Thread 2 ] DEBUG Input                - Registered new binding: Use1 - Slash
13:27:42.370 [FXGL Background Thread 2 ] DEBUG FXGLAssetLoaderServi - Loading from file system: file:/C:/Users/user/Desktop/JavaFXGame/target/classes/assets/textures/background/manila.png
13:27:42.384 [FXGL Background Thread 2 ] INFO  FXGLApplication      - Game initialization took: 0.117 sec
13:27:42.385 [JavaFX Application Thread] DEBUG Input                - Clearing active input actions
13:27:42.390 [JavaFX Application Thread] DEBUG GameApplicationServi - Removing overlay from MainLoadingScene and adding to GameScene
13:27:42.391 [JavaFX Application Thread] DEBUG PrimaryStageWindow   - MainLoadingScene -> GameScene
13:27:42.402 [JavaFX Application Thread] DEBUG FXGLAssetLoaderServi - Loading from file system: file:/C:/Users/user/Desktop/JavaFXGame/target/classes/assets/sounds/dead.wav
13:27:43.266 [JavaFX Application Thread] WARN  TMXLevelLoader       - TiledMap generated from 1.11.0. Supported version: 1.9.0. Some features may not be parsed fully.
13:27:43.270 [JavaFX Application Thread] DEBUG TMXLevelLoader       - Parsed TiledMap: file:/C:/Users/user/Desktop/JavaFXGame/target/classes/assets/levels/tmx/level1.tmx
13:27:43.270 [JavaFX Application Thread] DEBUG TMXLevelLoader       - Creating tile layer entities
13:27:43.270 [JavaFX Application Thread] DEBUG TilesetLoader        - Loading view for layer Tile Layer 1
13:27:43.274 [JavaFX Application Thread] DEBUG TilesetLoader        - Created buffer with size 2450.0x700.0
13:27:43.287 [JavaFX Application Thread] DEBUG TMXLevelLoader       - Creating object layer entities
13:27:43.292 [JavaFX Application Thread] DEBUG GameWorld            - Clearing removable entities
13:27:43.295 [JavaFX Application Thread] DEBUG GameWorld            - Setting level: com.almasb.fxgl.entity.level.Level@1160160b
13:27:43.858 [JavaFX Application Thread] DEBUG PrimaryStageWindow   - Push state: PauseMenuScene
13:27:43.858 [JavaFX Application Thread] DEBUG Input                - Clearing active input actions
13:27:43.858 [JavaFX Application Thread] DEBUG GameApplicationServi - Removing overlay from GameScene and adding to PauseMenuScene
13:27:43.859 [JavaFX Application Thread] DEBUG PrimaryStageWindow   - GameScene -> PauseMenuScene
13:27:48.688 [JavaFX Application Thread] DEBUG Input                - Clearing active input actions
13:27:48.689 [JavaFX Application Thread] DEBUG PrimaryStageWindow   - Pop state: PauseMenuScene
13:27:48.689 [JavaFX Application Thread] DEBUG Input                - Clearing active input actions
13:27:48.689 [JavaFX Application Thread] DEBUG GameApplicationServi - Removing overlay from PauseMenuScene and adding to GameScene
13:27:48.689 [JavaFX Application Thread] DEBUG PrimaryStageWindow   - GameScene <- PauseMenuScene
13:27:48.727 [JavaFX Application Thread] DEBUG PrimaryStageWindow   - Push state: RiderMainMenuScene
13:27:48.727 [JavaFX Application Thread] DEBUG Input                - Clearing active input actions
13:27:48.727 [JavaFX Application Thread] DEBUG GameApplicationServi - Removing overlay from GameScene and adding to RiderMainMenuScene
13:27:48.727 [JavaFX Application Thread] DEBUG PrimaryStageWindow   - GameScene -> RiderMainMenuScene
13:27:52.413 [JavaFX Application Thread] DEBUG PrimaryStageWindow   - Push state: PlayerSelectScene
13:27:52.413 [JavaFX Application Thread] DEBUG Input                - Clearing active input actions
13:27:52.414 [JavaFX Application Thread] DEBUG GameApplicationServi - Removing overlay from RiderMainMenuScene and adding to PlayerSelectScene
13:27:52.414 [JavaFX Application Thread] DEBUG PrimaryStageWindow   - RiderMainMenuScene -> PlayerSelectScene
13:27:56.240 [JavaFX Application Thread] DEBUG PrimaryStageWindow   - Push state: LevelSelectScene
13:27:56.240 [JavaFX Application Thread] DEBUG Input                - Clearing active input actions
13:27:56.240 [JavaFX Application Thread] DEBUG GameApplicationServi - Removing overlay from PlayerSelectScene and adding to LevelSelectScene
13:27:56.241 [JavaFX Application Thread] DEBUG PrimaryStageWindow   - PlayerSelectScene -> LevelSelectScene
13:27:57.401 [JavaFX Application Thread] DEBUG Menu                 - fireNewGame()
13:27:57.401 [JavaFX Application Thread] DEBUG GameApplicationServi - Starting new game
13:27:57.401 [JavaFX Application Thread] DEBUG PrimaryStageWindow   - Pop state: LevelSelectScene
13:27:57.401 [JavaFX Application Thread] DEBUG Input                - Clearing active input actions
13:27:57.402 [JavaFX Application Thread] DEBUG GameApplicationServi - Removing overlay from LevelSelectScene and adding to PlayerSelectScene
13:27:57.402 [JavaFX Application Thread] DEBUG PrimaryStageWindow   - PlayerSelectScene <- LevelSelectScene
13:27:57.402 [JavaFX Application Thread] DEBUG PrimaryStageWindow   - Pop state: PlayerSelectScene
13:27:57.402 [JavaFX Application Thread] DEBUG Input                - Clearing active input actions
13:27:57.402 [JavaFX Application Thread] DEBUG GameApplicationServi - Removing overlay from PlayerSelectScene and adding to RiderMainMenuScene
13:27:57.402 [JavaFX Application Thread] DEBUG PrimaryStageWindow   - RiderMainMenuScene <- PlayerSelectScene
13:27:57.402 [JavaFX Application Thread] DEBUG PrimaryStageWindow   - Pop state: RiderMainMenuScene
13:27:57.402 [JavaFX Application Thread] DEBUG Input                - Clearing active input actions
13:27:57.403 [JavaFX Application Thread] DEBUG GameApplicationServi - Removing overlay from RiderMainMenuScene and adding to GameScene
13:27:57.403 [JavaFX Application Thread] DEBUG PrimaryStageWindow   - GameScene <- RiderMainMenuScene
13:27:57.403 [JavaFX Application Thread] DEBUG Input                - Clearing active input actions
13:27:57.406 [JavaFX Application Thread] DEBUG GameApplicationServi - Removing overlay from GameScene and adding to MainLoadingScene
13:27:57.406 [JavaFX Application Thread] DEBUG PrimaryStageWindow   - GameScene -> MainLoadingScene
13:27:57.406 [JavaFX Application Thread] DEBUG GameApplicationServi - Clearing previous game
13:27:57.406 [JavaFX Application Thread] DEBUG GameScene            - Clearing game scene
13:27:57.406 [JavaFX Application Thread] DEBUG GameWorld            - Clearing game world
13:27:57.407 [JavaFX Application Thread] DEBUG PhysicsWorld         - Clearing physics world
13:27:57.407 [FXGL Background Thread 2 ] DEBUG FXGLApplication      - Initializing game
13:27:57.410 [FXGL Background Thread 2 ] WARN  TMXLevelLoader       - TiledMap generated from 1.11.0. Supported version: 1.9.0. Some features may not be parsed fully.
13:27:57.412 [FXGL Background Thread 2 ] DEBUG TMXLevelLoader       - Parsed TiledMap: file:/C:/Users/user/Desktop/JavaFXGame/target/classes/assets/levels/tmx/level10.tmx
13:27:57.412 [FXGL Background Thread 2 ] DEBUG TMXLevelLoader       - Creating tile layer entities
13:27:57.412 [FXGL Background Thread 2 ] DEBUG TilesetLoader        - Loading view for layer Tile Layer 1
13:27:57.414 [FXGL Background Thread 2 ] DEBUG TilesetLoader        - Created buffer with size 1050.0x700.0
13:27:57.424 [FXGL Background Thread 2 ] DEBUG TMXLevelLoader       - Creating object layer entities
13:27:57.427 [FXGL Background Thread 2 ] DEBUG GameWorld            - Clearing removable entities
13:27:57.428 [FXGL Background Thread 2 ] DEBUG GameWorld            - Setting level: com.almasb.fxgl.entity.level.Level@15628cfb
13:27:57.431 [FXGL Background Thread 2 ] DEBUG FXGLAssetLoaderServi - Loading from file system: file:/C:/Users/user/Desktop/JavaFXGame/target/classes/assets/textures/player3.png
13:27:57.434 [FXGL Background Thread 2 ] DEBUG Input                - Clearing active input actions
13:27:57.435 [JavaFX Application Thread] DEBUG LoopRunner           - Stopping loop
13:27:57.438 [JavaFX Application Thread] FATAL FXGLApplication      - Uncaught Exception:
java.lang.RuntimeException: Initialization failed
	at com.almasb.fxgl.all@17.2/com.almasb.fxgl.app.FXGLApplication$InitAppTask.failed(FXGLApplication.kt:343)
	at javafx.graphics/javafx.concurrent.Task.setState(Task.java:710)
	at javafx.graphics/javafx.concurrent.Task$TaskCallable.lambda$call$2(Task.java:1456)
	at javafx.graphics/com.sun.javafx.application.PlatformImpl.lambda$runLater$10(PlatformImpl.java:457)
	at java.base/java.security.AccessController.doPrivileged(AccessController.java:400)
	at javafx.graphics/com.sun.javafx.application.PlatformImpl.lambda$runLater$11(PlatformImpl.java:456)
	at javafx.graphics/com.sun.glass.ui.InvokeLaterDispatcher$Future.run(InvokeLaterDispatcher.java:96)
	at javafx.graphics/com.sun.glass.ui.win.WinApplication._runLoop(Native Method)
	at javafx.graphics/com.sun.glass.ui.win.WinApplication.lambda$runLoop$3(WinApplication.java:184)
	at java.base/java.lang.Thread.run(Thread.java:1583)
Caused by: java.lang.IllegalArgumentException: Action already exists: Jump0
	at com.almasb.fxgl.core@17.2/com.almasb.fxgl.input.Input.addBinding(Input.kt:511)
	at com.almasb.fxgl.core@17.2/com.almasb.fxgl.input.Input.addAction(Input.kt:507)
	at com.almasb.fxgl.core@17.2/com.almasb.fxgl.input.Input.addAction$default(Input.kt:504)
	at com.almasb.fxgl.core@17.2/com.almasb.fxgl.input.Input.addAction(Input.kt)
	at com.sunsofgod/com.sunsofgod.PlatformerApp.bindKeys(PlatformerApp.java:161)
	at com.sunsofgod/com.sunsofgod.PlatformerApp.initGame(PlatformerApp.java:438)
	at com.almasb.fxgl.all@17.2/com.almasb.fxgl.app.FXGLApplication$InitAppTask.initGame(FXGLApplication.kt:339)
	at com.almasb.fxgl.all@17.2/com.almasb.fxgl.app.FXGLApplication$InitAppTask.call(FXGLApplication.kt:319)
	at com.almasb.fxgl.all@17.2/com.almasb.fxgl.app.FXGLApplication$InitAppTask.call(FXGLApplication.kt:311)
	at javafx.graphics/javafx.concurrent.Task$TaskCallable.call(Task.java:1426)
	at java.base/java.util.concurrent.FutureTask.run(FutureTask.java:317)
	at java.base/java.util.concurrent.Executors$RunnableAdapter.call(Executors.java:572)
	at java.base/java.util.concurrent.FutureTask.run(FutureTask.java:317)
	at java.base/java.util.concurrent.ThreadPoolExecutor.runWorker(ThreadPoolExecutor.java:1144)
	at java.base/java.util.concurrent.ThreadPoolExecutor$Worker.run(ThreadPoolExecutor.java:642)
	... 1 more

13:27:57.440 [JavaFX Application Thread] FATAL FXGLApplication      - Application will now exit
13:27:57.443 [JavaFX Application Thread] DEBUG PrimaryStageWindow   - Push state: ErrorSubScene
13:27:57.443 [JavaFX Application Thread] DEBUG Input                - Clearing active input actions
13:27:57.444 [JavaFX Application Thread] DEBUG GameApplicationServi - Removing overlay from MainLoadingScene and adding to ErrorSubScene
13:27:57.444 [JavaFX Application Thread] DEBUG PrimaryStageWindow   - MainLoadingScene -> ErrorSubScene
13:27:59.720 [JavaFX Application Thread] DEBUG FXGLApplication      - Exiting FXGL
13:27:59.720 [JavaFX Application Thread] DEBUG Async                - Shutting down background threads
13:27:59.720 [JavaFX Application Thread] DEBUG PrimaryStageWindow   - Closing main window
13:27:59.729 [JavaFX Application Thread] DEBUG Logger               - Closing Logger
